################################################################################
# PkgEval set-up: 2021-01-11T16:15:23.882
#

Julia Version 1.5.3
Commit 599f52c4c6 (2020-12-18 13:33 UTC)
Platform Info:
  OS: Linux (x86_64-linux-gnu)
  CPU: AMD EPYC 7502 32-Core Processor
  WORD_SIZE: 64
  LIBM: libopenlibm
  LLVM: libLLVM-9.0.1 (ORCJIT, znver2)
Environment:
  JULIA_PKG_PRECOMPILE_AUTO = 0
  JULIA_PKGEVAL = true

Base.julia_cmd() = `/opt/julia/bin/julia -Cnative -J/opt/julia/lib/julia/sys.so -g1`


################################################################################
# Installation: 2021-01-11T16:15:25.69
#

 Installing known registries into `~/.julia`
#=#=#                                                                         ######################################################################## 100.0%
      Added registry `General` to `~/.julia/registries/General`
  Resolving package versions...
  Installed AAindex ────── v0.2.0
  Installed StaticArrays ─ v1.0.1
Updating `~/.julia/environments/v1.5/Project.toml`
  [1cd36ffe] + AAindex v0.2.0
Updating `~/.julia/environments/v1.5/Manifest.toml`
  [1cd36ffe] + AAindex v0.2.0
  [90137ffa] + StaticArrays v1.0.1
  [8f399da3] + Libdl
  [37e2e46d] + LinearAlgebra
  [9a3f8284] + Random
  [9e88b42a] + Serialization
  [2f01184e] + SparseArrays
  [10745b16] + Statistics


################################################################################
# Testing: 2021-01-11T16:15:29.371
#

    Testing AAindex
Status `/tmp/jl_9Cwp7R/Project.toml`
  [1cd36ffe] AAindex v0.2.0
  [8dfed614] Test
Status `/tmp/jl_9Cwp7R/Manifest.toml`
  [1cd36ffe] AAindex v0.2.0
  [90137ffa] StaticArrays v1.0.1
  [2a0f44e3] Base64
  [8ba89e20] Distributed
  [b77e0a4c] InteractiveUtils
  [8f399da3] Libdl
  [37e2e46d] LinearAlgebra
  [56ddb016] Logging
  [d6f4376e] Markdown
  [9a3f8284] Random
  [9e88b42a] Serialization
  [6462fe0b] Sockets
  [2f01184e] SparseArrays
  [10745b16] Statistics
  [8dfed614] Test
[ Info: Testing index
[ Info: Testing parse
Test Summary: | Pass  Total
AAindex       |    4      4
    Testing AAindex tests passed 

PkgEval succeeded


################################################################################
# PkgEval teardown: 2021-01-11T16:15:45.208
CPU usage: 21.37s (18.68s user, 2.76s kernel)

Network usage:
- eth0: 3.080 MiB received, 35.493 KiB sent

Raw statistics: {"blkio_stats":{"io_queue_recursive":[],"io_serviced_recursive":[{"major":259,"value":0,"op":"Read","minor":0},{"major":259,"value":24,"op":"Write","minor":0},{"major":259,"value":19,"op":"Sync","minor":0},{"major":259,"value":5,"op":"Async","minor":0},{"major":259,"value":0,"op":"Discard","minor":0},{"major":259,"value":24,"op":"Total","minor":0},{"major":253,"value":0,"op":"Read","minor":2},{"major":253,"value":24,"op":"Write","minor":2},{"major":253,"value":19,"op":"Sync","minor":2},{"major":253,"value":5,"op":"Async","minor":2},{"major":253,"value":0,"op":"Discard","minor":2},{"major":253,"value":24,"op":"Total","minor":2}],"io_time_recursive":[],"sectors_recursive":[],"io_service_bytes_recursive":[{"major":259,"value":0,"op":"Read","minor":0},{"major":259,"value":126976,"op":"Write","minor":0},{"major":259,"value":106496,"op":"Sync","minor":0},{"major":259,"value":20480,"op":"Async","minor":0},{"major":259,"value":0,"op":"Discard","minor":0},{"major":259,"value":126976,"op":"Total","minor":0},{"major":253,"value":0,"op":"Read","minor":2},{"major":253,"value":126976,"op":"Write","minor":2},{"major":253,"value":106496,"op":"Sync","minor":2},{"major":253,"value":20480,"op":"Async","minor":2},{"major":253,"value":0,"op":"Discard","minor":2},{"major":253,"value":126976,"op":"Total","minor":2}],"io_wait_time_recursive":[],"io_merged_recursive":[],"io_service_time_recursive":[]},"memory_stats":{"usage":327155712,"max_usage":869916672,"stats":{"hierarchical_memory_limit":9223372036854771712,"pgmajfault":0,"total_rss":213569536,"inactive_file":135168,"inactive_anon":80965632,"total_pgfault":559350,"total_cache":83656704,"total_rss_huge":0,"total_active_anon":216268800,"total_pgmajfault":0,"pgpgin":400191,"rss_huge":0,"mapped_file":0,"total_inactive_file":135168,"dirty":135168,"total_unevictable":0,"total_dirty":135168,"writeback":0,"pgpgout":327646,"hierarchical_memsw_limit":0,"cache":83656704,"active_file":135168,"pgfault":559350,"total_mapped_file":0,"total_pgpgout":327646,"total_writeback":0,"rss":213569536,"unevictable":0,"total_inactive_anon":80965632,"total_pgpgin":400191,"active_anon":216268800,"total_active_file":135168},"limit":540965302272},"name":"/AAindex-Fy9g4EU8","networks":{"eth0":{"rx_bytes":3229976,"rx_packets":379,"tx_packets":372,"tx_bytes":36345,"tx_dropped":0,"rx_dropped":1,"tx_errors":0,"rx_errors":0}},"id":"43379be4c8b240a54205e125bb44a65fde26756b51dae9c91ec3a3f4d64195a5","preread":"0001-01-01T00:00:00Z","storage_stats":{},"precpu_stats":{"throttling_data":{"throttled_periods":0,"throttled_time":0,"periods":0},"cpu_usage":{"usage_in_usermode":0,"usage_in_kernelmode":0,"total_usage":0}},"pids_stats":{"current":40},"num_procs":0,"cpu_stats":{"throttling_data":{"throttled_periods":0,"throttled_time":0,"periods":0},"system_cpu_usage":3559768034522419,"online_cpus":128,"cpu_usage":{"usage_in_usermode":18680000000,"usage_in_kernelmode":2760000000,"total_usage":21366523031,"percpu_usage":[0,0,0,0,0,0,0,0,0,0,0,0,0,0,0,0,0,0,0,0,0,0,0,0,0,0,0,0,0,0,0,0,0,0,0,0,0,21366523031,0,0,0,0,0,0,0,0,0,0,0,0,0,0,0,0,0,0,0,0,0,0,0,0,0,0,0,0,0,0,0,0,0,0,0,0,0,0,0,0,0,0,0,0,0,0,0,0,0,0,0,0,0,0,0,0,0,0,0,0,0,0,0,0,0,0,0,0,0,0,0,0,0,0,0,0,0,0,0,0,0,0,0,0,0,0,0,0,0,0]}},"read":"2021-01-11T16:15:45.210910231Z"}