################################################################################
# PackageCompiler set-up: 2021-01-11T15:32:23.82
#

Julia Version 1.5.3
Commit 599f52c4c6 (2020-12-18 13:33 UTC)
Platform Info:
  OS: Linux (x86_64-linux-gnu)
  CPU: AMD EPYC 7502 32-Core Processor
  WORD_SIZE: 64
  LIBM: libopenlibm
  LLVM: libLLVM-9.0.1 (ORCJIT, znver2)
Environment:
  JULIA_PKGEVAL = true
  JULIA_PKG_PRECOMPILE_AUTO = 0



################################################################################
# Installation: 2021-01-11T15:32:25.522
#

 Installing known registries into `~/.julia`
#=#=#                                                                         ##O#- #                                                                       ######################################################################## 100.0%
      Added registry `General` to `~/.julia/registries/General`
  Resolving package versions...
  Installed AdaptiveSparseGrids ─ v0.1.0
  Installed UnPack ────────────── v1.0.2
  Installed Parameters ────────── v0.12.1
  Installed OrderedCollections ── v1.3.2
  Installed StaticArrays ──────── v0.12.5
  Installed PackageCompiler ───── v1.2.5
Updating `~/.julia/environments/v1.5/Project.toml`
  [676d8d29] + AdaptiveSparseGrids v0.1.0
  [9b87118b] + PackageCompiler v1.2.5
Updating `~/.julia/environments/v1.5/Manifest.toml`
  [676d8d29] + AdaptiveSparseGrids v0.1.0
  [bac558e1] + OrderedCollections v1.3.2
  [9b87118b] + PackageCompiler v1.2.5
  [d96e819e] + Parameters v0.12.1
  [90137ffa] + StaticArrays v0.12.5
  [3a884ed6] + UnPack v1.0.2
  [2a0f44e3] + Base64
  [ade2ca70] + Dates
  [b77e0a4c] + InteractiveUtils
  [76f85450] + LibGit2
  [8f399da3] + Libdl
  [37e2e46d] + LinearAlgebra
  [56ddb016] + Logging
  [d6f4376e] + Markdown
  [44cfe95a] + Pkg
  [de0858da] + Printf
  [3fa0cd96] + REPL
  [9a3f8284] + Random
  [ea8e919c] + SHA
  [9e88b42a] + Serialization
  [6462fe0b] + Sockets
  [2f01184e] + SparseArrays
  [10745b16] + Statistics
  [cf7118a7] + UUIDs
  [4ec0a83e] + Unicode


################################################################################
# Compiling: 2021-01-11T15:32:31.222
#

[ Info: PackageCompiler: creating system image object file, this might take a while...
Generated system image is 153.764 MiB, compilation took 183 seconds


################################################################################
# PkgEval set-up: 2021-01-11T15:35:41.528
#

Julia Version 1.5.3
Commit 599f52c4c6 (2020-12-18 13:33 UTC)
Platform Info:
  OS: Linux (x86_64-linux-gnu)
  CPU: AMD EPYC 7502 32-Core Processor
  WORD_SIZE: 64
  LIBM: libopenlibm
  LLVM: libLLVM-9.0.1 (ORCJIT, znver2)
Environment:
  JULIA_PKGEVAL = true
  JULIA_PKG_PRECOMPILE_AUTO = 0

Base.julia_cmd() = `/usr/local/julia/bin/julia -Cnative -J/cache/AdaptiveSparseGrids-6FoioILf.so -g1`


################################################################################
# Installation: 2021-01-11T15:35:43.112
#

 Installing known registries into `~/.julia`
#################################################################         90.7%######################################################################## 100.0%
      Added registry `General` to `~/.julia/registries/General`
  Resolving package versions...
  Installed Parameters ────────── v0.12.1
  Installed AdaptiveSparseGrids ─ v0.1.0
  Installed UnPack ────────────── v1.0.2
  Installed OrderedCollections ── v1.3.2
  Installed StaticArrays ──────── v0.12.5
Updating `~/.julia/environments/v1.5/Project.toml`
  [676d8d29] + AdaptiveSparseGrids v0.1.0
Updating `~/.julia/environments/v1.5/Manifest.toml`
  [676d8d29] + AdaptiveSparseGrids v0.1.0
  [bac558e1] + OrderedCollections v1.3.2
  [d96e819e] + Parameters v0.12.1
  [90137ffa] + StaticArrays v0.12.5
  [3a884ed6] + UnPack v1.0.2
  [8f399da3] + Libdl
  [37e2e46d] + LinearAlgebra
  [9a3f8284] + Random
  [9e88b42a] + Serialization
  [2f01184e] + SparseArrays
  [10745b16] + Statistics


################################################################################
# Testing: 2021-01-11T15:35:47.164
#

    Testing AdaptiveSparseGrids
Status `/tmp/jl_QIw73c/Project.toml`
  [676d8d29] AdaptiveSparseGrids v0.1.0
  [f6369f11] ForwardDiff v0.10.14
  [1fd47b50] QuadGK v2.4.1
  [90137ffa] StaticArrays v0.12.5
  [8dfed614] Test
Status `/tmp/jl_QIw73c/Manifest.toml`
  [676d8d29] AdaptiveSparseGrids v0.1.0
  [56f22d72] Artifacts v1.3.0
  [d360d2e6] ChainRulesCore v0.9.24
  [bbf7d656] CommonSubexpressions v0.3.0
  [34da2185] Compat v3.25.0
  [e66e0078] CompilerSupportLibraries_jll v0.3.4+0
  [864edb3b] DataStructures v0.18.8
  [163ba53b] DiffResults v1.0.3
  [b552c78f] DiffRules v1.0.2
  [f6369f11] ForwardDiff v0.10.14
  [692b3bcd] JLLWrappers v1.2.0
  [1914dd2f] MacroTools v0.5.6
  [46d2c3a1] MuladdMacro v0.2.2
  [77ba4419] NaNMath v0.3.5
  [efe28fd5] OpenSpecFun_jll v0.5.3+4
  [bac558e1] OrderedCollections v1.3.2
  [d96e819e] Parameters v0.12.1
  [1fd47b50] QuadGK v2.4.1
  [276daf66] SpecialFunctions v1.2.1
  [90137ffa] StaticArrays v0.12.5
  [3a884ed6] UnPack v1.0.2
  [2a0f44e3] Base64
  [ade2ca70] Dates
  [8bb1440f] DelimitedFiles
  [8ba89e20] Distributed
  [b77e0a4c] InteractiveUtils
  [76f85450] LibGit2
  [8f399da3] Libdl
  [37e2e46d] LinearAlgebra
  [56ddb016] Logging
  [d6f4376e] Markdown
  [a63ad114] Mmap
  [44cfe95a] Pkg
  [de0858da] Printf
  [3fa0cd96] REPL
  [9a3f8284] Random
  [ea8e919c] SHA
  [9e88b42a] Serialization
  [1a1011a3] SharedArrays
  [6462fe0b] Sockets
  [2f01184e] SparseArrays
  [10745b16] Statistics
  [8dfed614] Test
  [cf7118a7] UUIDs
  [4ec0a83e] Unicode
Test Summary:              |  Pass  Total
Adaptive Sparse Grid Tests | 57637  57637
    Testing AdaptiveSparseGrids tests passed 

PkgEval succeeded


################################################################################
# PkgEval teardown: 2021-01-11T15:36:40.732
CPU usage: 59.22s (54.95s user, 4.37s kernel)

Network usage:
- eth0: 3.466 MiB received, 122.342 KiB sent

Raw statistics: {"blkio_stats":{"io_queue_recursive":[],"io_serviced_recursive":[{"major":259,"value":0,"op":"Read","minor":0},{"major":259,"value":19,"op":"Write","minor":0},{"major":259,"value":14,"op":"Sync","minor":0},{"major":259,"value":5,"op":"Async","minor":0},{"major":259,"value":0,"op":"Discard","minor":0},{"major":259,"value":19,"op":"Total","minor":0},{"major":253,"value":0,"op":"Read","minor":2},{"major":253,"value":19,"op":"Write","minor":2},{"major":253,"value":14,"op":"Sync","minor":2},{"major":253,"value":5,"op":"Async","minor":2},{"major":253,"value":0,"op":"Discard","minor":2},{"major":253,"value":19,"op":"Total","minor":2}],"io_time_recursive":[],"sectors_recursive":[],"io_service_bytes_recursive":[{"major":259,"value":0,"op":"Read","minor":0},{"major":259,"value":81920,"op":"Write","minor":0},{"major":259,"value":57344,"op":"Sync","minor":0},{"major":259,"value":24576,"op":"Async","minor":0},{"major":259,"value":0,"op":"Discard","minor":0},{"major":259,"value":81920,"op":"Total","minor":0},{"major":253,"value":0,"op":"Read","minor":2},{"major":253,"value":81920,"op":"Write","minor":2},{"major":253,"value":57344,"op":"Sync","minor":2},{"major":253,"value":24576,"op":"Async","minor":2},{"major":253,"value":0,"op":"Discard","minor":2},{"major":253,"value":81920,"op":"Total","minor":2}],"io_wait_time_recursive":[],"io_merged_recursive":[],"io_service_time_recursive":[]},"memory_stats":{"usage":308109312,"max_usage":1052123136,"stats":{"hierarchical_memory_limit":9223372036854771712,"pgmajfault":0,"total_rss":188592128,"inactive_file":135168,"inactive_anon":82182144,"total_pgfault":1516845,"total_cache":88764416,"total_rss_huge":0,"total_active_anon":195317760,"total_pgmajfault":0,"pgpgin":939510,"rss_huge":0,"mapped_file":0,"total_inactive_file":135168,"dirty":135168,"total_unevictable":0,"total_dirty":135168,"writeback":0,"pgpgout":871800,"hierarchical_memsw_limit":0,"cache":88764416,"active_file":135168,"pgfault":1516845,"total_mapped_file":0,"total_pgpgout":871800,"total_writeback":0,"rss":188592128,"unevictable":0,"total_inactive_anon":82182144,"total_pgpgin":939510,"active_anon":195317760,"total_active_file":135168},"limit":540965302272},"name":"/AdaptiveSparseGrids-Tnldrpsy","networks":{"eth0":{"rx_bytes":3634270,"rx_packets":907,"tx_packets":1023,"tx_bytes":125278,"tx_dropped":0,"rx_dropped":3,"tx_errors":0,"rx_errors":0}},"id":"578a411a0091b109a53aa0cea4dbd015b46cd20e808a1ae6b59f14d0f42f7569","preread":"0001-01-01T00:00:00Z","storage_stats":{},"precpu_stats":{"throttling_data":{"throttled_periods":0,"throttled_time":0,"periods":0},"cpu_usage":{"usage_in_usermode":0,"usage_in_kernelmode":0,"total_usage":0}},"pids_stats":{"current":44},"num_procs":0,"cpu_stats":{"throttling_data":{"throttled_periods":0,"throttled_time":0,"periods":0},"system_cpu_usage":3260067464522419,"online_cpus":128,"cpu_usage":{"usage_in_usermode":54950000000,"usage_in_kernelmode":4370000000,"total_usage":59218419364,"percpu_usage":[0,0,0,0,0,0,0,0,0,0,0,0,0,0,0,0,0,0,0,0,0,0,0,0,0,0,0,0,0,0,0,0,0,0,0,0,0,0,0,0,0,0,0,0,0,0,0,59218419364,0,0,0,0,0,0,0,0,0,0,0,0,0,0,0,0,0,0,0,0,0,0,0,0,0,0,0,0,0,0,0,0,0,0,0,0,0,0,0,0,0,0,0,0,0,0,0,0,0,0,0,0,0,0,0,0,0,0,0,0,0,0,0,0,0,0,0,0,0,0,0,0,0,0,0,0,0,0,0,0]}},"read":"2021-01-11T15:36:40.734662321Z"}