################################################################################
# PkgEval set-up: 2021-01-11T19:37:20.166
#

Julia Version 1.5.3
Commit 599f52c4c6 (2020-12-18 13:33 UTC)
Platform Info:
  OS: Linux (x86_64-linux-gnu)
  CPU: AMD EPYC 7502 32-Core Processor
  WORD_SIZE: 64
  LIBM: libopenlibm
  LLVM: libLLVM-9.0.1 (ORCJIT, znver2)
Environment:
  JULIA_PKG_PRECOMPILE_AUTO = 0
  JULIA_PKGEVAL = true

Base.julia_cmd() = `/opt/julia/bin/julia -Cnative -J/opt/julia/lib/julia/sys.so -g1`


################################################################################
# Installation: 2021-01-11T19:37:21.921
#

 Installing known registries into `~/.julia`
######################################################################## 100.0%
      Added registry `General` to `~/.julia/registries/General`
  Resolving package versions...
  Installed AdaptiveMCMC ─ v0.1.1
  Installed StaticArrays ─ v0.12.5
Updating `~/.julia/environments/v1.5/Project.toml`
  [717c3277] + AdaptiveMCMC v0.1.1
Updating `~/.julia/environments/v1.5/Manifest.toml`
  [717c3277] + AdaptiveMCMC v0.1.1
  [90137ffa] + StaticArrays v0.12.5
  [2a0f44e3] + Base64
  [ade2ca70] + Dates
  [8ba89e20] + Distributed
  [b77e0a4c] + InteractiveUtils
  [76f85450] + LibGit2
  [8f399da3] + Libdl
  [37e2e46d] + LinearAlgebra
  [56ddb016] + Logging
  [d6f4376e] + Markdown
  [44cfe95a] + Pkg
  [de0858da] + Printf
  [3fa0cd96] + REPL
  [9a3f8284] + Random
  [ea8e919c] + SHA
  [9e88b42a] + Serialization
  [6462fe0b] + Sockets
  [2f01184e] + SparseArrays
  [10745b16] + Statistics
  [8dfed614] + Test
  [cf7118a7] + UUIDs
  [4ec0a83e] + Unicode


################################################################################
# Testing: 2021-01-11T19:37:25.568
#

    Testing AdaptiveMCMC
Status `/tmp/jl_0XfZca/Project.toml`
  [717c3277] AdaptiveMCMC v0.1.1
  [90137ffa] StaticArrays v0.12.5
  [37e2e46d] LinearAlgebra
  [44cfe95a] Pkg
  [9a3f8284] Random
  [10745b16] Statistics
  [8dfed614] Test
Status `/tmp/jl_0XfZca/Manifest.toml`
  [717c3277] AdaptiveMCMC v0.1.1
  [90137ffa] StaticArrays v0.12.5
  [2a0f44e3] Base64
  [ade2ca70] Dates
  [8ba89e20] Distributed
  [b77e0a4c] InteractiveUtils
  [76f85450] LibGit2
  [8f399da3] Libdl
  [37e2e46d] LinearAlgebra
  [56ddb016] Logging
  [d6f4376e] Markdown
  [44cfe95a] Pkg
  [de0858da] Printf
  [3fa0cd96] REPL
  [9a3f8284] Random
  [ea8e919c] SHA
  [9e88b42a] Serialization
  [6462fe0b] Sockets
  [2f01184e] SparseArrays
  [10745b16] Statistics
  [8dfed614] Test
  [cf7118a7] UUIDs
  [4ec0a83e] Unicode
    Testing AdaptiveMCMC tests passed 

PkgEval succeeded


################################################################################
# PkgEval teardown: 2021-01-11T19:37:46.551
CPU usage: 26.46s (23.51s user, 3.00s kernel)

Network usage:
- eth0: 2.721 MiB received, 32.680 KiB sent

Raw statistics: {"blkio_stats":{"io_queue_recursive":[],"io_serviced_recursive":[{"major":259,"value":4,"op":"Read","minor":0},{"major":259,"value":24,"op":"Write","minor":0},{"major":259,"value":23,"op":"Sync","minor":0},{"major":259,"value":5,"op":"Async","minor":0},{"major":259,"value":0,"op":"Discard","minor":0},{"major":259,"value":28,"op":"Total","minor":0},{"major":253,"value":4,"op":"Read","minor":2},{"major":253,"value":24,"op":"Write","minor":2},{"major":253,"value":23,"op":"Sync","minor":2},{"major":253,"value":5,"op":"Async","minor":2},{"major":253,"value":0,"op":"Discard","minor":2},{"major":253,"value":28,"op":"Total","minor":2}],"io_time_recursive":[],"sectors_recursive":[],"io_service_bytes_recursive":[{"major":259,"value":16384,"op":"Read","minor":0},{"major":259,"value":126976,"op":"Write","minor":0},{"major":259,"value":122880,"op":"Sync","minor":0},{"major":259,"value":20480,"op":"Async","minor":0},{"major":259,"value":0,"op":"Discard","minor":0},{"major":259,"value":143360,"op":"Total","minor":0},{"major":253,"value":16384,"op":"Read","minor":2},{"major":253,"value":126976,"op":"Write","minor":2},{"major":253,"value":122880,"op":"Sync","minor":2},{"major":253,"value":20480,"op":"Async","minor":2},{"major":253,"value":0,"op":"Discard","minor":2},{"major":253,"value":143360,"op":"Total","minor":2}],"io_wait_time_recursive":[],"io_merged_recursive":[],"io_service_time_recursive":[]},"memory_stats":{"usage":342761472,"max_usage":797515776,"stats":{"hierarchical_memory_limit":9223372036854771712,"pgmajfault":0,"total_rss":218640384,"inactive_file":135168,"inactive_anon":79613952,"total_pgfault":608586,"total_cache":93319168,"total_rss_huge":0,"total_active_anon":220864512,"total_pgmajfault":0,"pgpgin":393228,"rss_huge":0,"mapped_file":0,"total_inactive_file":135168,"dirty":405504,"total_unevictable":0,"total_dirty":405504,"writeback":135168,"pgpgout":317077,"hierarchical_memsw_limit":0,"cache":93319168,"active_file":11624448,"pgfault":608586,"total_mapped_file":0,"total_pgpgout":317077,"total_writeback":135168,"rss":218640384,"unevictable":0,"total_inactive_anon":79613952,"total_pgpgin":393228,"active_anon":220864512,"total_active_file":11624448},"limit":540965302272},"name":"/AdaptiveMCMC-kIoFFHar","networks":{"eth0":{"rx_bytes":2853675,"rx_packets":329,"tx_packets":328,"tx_bytes":33464,"tx_dropped":0,"rx_dropped":1,"tx_errors":0,"rx_errors":0}},"id":"bf08353bf917d2f2289a77be694d3aa10dbea65a0d257f5dcb35627a1903cc76","preread":"0001-01-01T00:00:00Z","storage_stats":{},"precpu_stats":{"throttling_data":{"throttled_periods":0,"throttled_time":0,"periods":0},"cpu_usage":{"usage_in_usermode":0,"usage_in_kernelmode":0,"total_usage":0}},"pids_stats":{"current":40},"num_procs":0,"cpu_stats":{"throttling_data":{"throttled_periods":0,"throttled_time":0,"periods":0},"system_cpu_usage":5108789244522419,"online_cpus":128,"cpu_usage":{"usage_in_usermode":23510000000,"usage_in_kernelmode":3000000000,"total_usage":26462581145,"percpu_usage":[0,0,0,0,0,0,0,0,0,0,0,0,0,0,0,0,0,0,0,0,0,0,0,0,0,0,0,0,0,0,0,0,0,0,0,0,0,0,0,0,0,0,0,0,0,0,0,0,0,0,0,0,0,0,0,0,0,0,0,0,0,0,26462577855,0,0,0,0,0,0,0,0,0,0,0,0,0,0,0,0,0,0,0,0,0,0,0,0,0,0,0,0,0,0,0,0,0,0,0,0,0,0,0,0,0,0,0,0,0,0,0,0,0,0,0,0,0,0,0,0,0,0,0,0,0,3290,0,0,0]}},"read":"2021-01-11T19:37:46.55424453Z"}