################################################################################
# PackageCompiler set-up: 2021-01-11T20:23:31.63
#

Julia Version 1.5.3
Commit 599f52c4c6 (2020-12-18 13:33 UTC)
Platform Info:
  OS: Linux (x86_64-linux-gnu)
  CPU: AMD EPYC 7502 32-Core Processor
  WORD_SIZE: 64
  LIBM: libopenlibm
  LLVM: libLLVM-9.0.1 (ORCJIT, znver2)
Environment:
  JULIA_PKGEVAL = true
  JULIA_PKG_PRECOMPILE_AUTO = 0



################################################################################
# Installation: 2021-01-11T20:23:33.333
#

 Installing known registries into `~/.julia`
#########################################################                 80.0%######################################################################## 100.0%
      Added registry `General` to `~/.julia/registries/General`
  Resolving package versions...
  Installed CompilerSupportLibraries_jll ─ v0.3.4+0
  Installed Lz4_jll ────────────────────── v1.9.2+2
  Installed Blosc_jll ──────────────────── v1.14.3+1
  Installed Zlib_jll ───────────────────── v1.2.11+18
  Installed Reexport ───────────────────── v1.0.0
  Installed VersionParsing ─────────────── v1.2.0
  Installed FFTW ───────────────────────── v1.3.1
  Installed ADCME ──────────────────────── v0.6.7
  Installed MKL_jll ────────────────────── v2020.2.254+0
  Installed Zstd_jll ───────────────────── v1.4.5+2
  Installed FFTW_jll ───────────────────── v3.3.9+7
  Installed Blosc ──────────────────────── v0.7.0
  Installed TranscodingStreams ─────────── v0.9.5
  Installed BufferedStreams ────────────── v1.0.0
  Installed HDF5 ───────────────────────── v0.13.7
  Installed PackageCompiler ────────────── v1.2.5
  Installed HDF5_jll ───────────────────── v1.10.5+7
  Installed CodecZlib ──────────────────── v0.7.0
  Installed IntelOpenMP_jll ────────────── v2018.0.3+0
  Installed URIParser ──────────────────── v0.4.1
  Installed MacroTools ─────────────────── v0.5.6
  Installed AbstractFFTs ───────────────── v1.0.0
  Installed JLLWrappers ────────────────── v1.2.0
  Installed JSON ───────────────────────── v0.21.1
  Installed Conda ──────────────────────── v1.5.0
  Installed MAT ────────────────────────── v0.8.1
  Installed BinDeps ────────────────────── v1.0.2
  Installed SpecialFunctions ───────────── v0.10.3
  Installed CMake ──────────────────────── v1.2.0
  Installed OpenSpecFun_jll ────────────── v0.5.3+4
  Installed Compat ─────────────────────── v3.25.0
  Installed PyCall ─────────────────────── v1.92.2
  Installed Parsers ────────────────────── v1.0.15
  Installed Artifacts ──────────────────── v1.3.0
Updating `~/.julia/environments/v1.5/Project.toml`
  [07b341a0] + ADCME v0.6.7
  [9b87118b] + PackageCompiler v1.2.5
Updating `~/.julia/environments/v1.5/Manifest.toml`
  [07b341a0] + ADCME v0.6.7
  [621f4979] + AbstractFFTs v1.0.0
  [56f22d72] + Artifacts v1.3.0
  [9e28174c] + BinDeps v1.0.2
  [a74b3585] + Blosc v0.7.0
  [0b7ba130] + Blosc_jll v1.14.3+1
  [e1450e63] + BufferedStreams v1.0.0
  [631607c0] + CMake v1.2.0
  [944b1d66] + CodecZlib v0.7.0
  [34da2185] + Compat v3.25.0
  [e66e0078] + CompilerSupportLibraries_jll v0.3.4+0
  [8f4d0f93] + Conda v1.5.0
  [7a1cc6ca] + FFTW v1.3.1
  [f5851436] + FFTW_jll v3.3.9+7
  [f67ccb44] + HDF5 v0.13.7
  [0234f1f7] + HDF5_jll v1.10.5+7
  [1d5cc7b8] + IntelOpenMP_jll v2018.0.3+0
  [692b3bcd] + JLLWrappers v1.2.0
  [682c06a0] + JSON v0.21.1
  [5ced341a] + Lz4_jll v1.9.2+2
  [23992714] + MAT v0.8.1
  [856f044c] + MKL_jll v2020.2.254+0
  [1914dd2f] + MacroTools v0.5.6
  [efe28fd5] + OpenSpecFun_jll v0.5.3+4
  [9b87118b] + PackageCompiler v1.2.5
  [69de0a69] + Parsers v1.0.15
  [438e738f] + PyCall v1.92.2
  [189a3867] + Reexport v1.0.0
  [276daf66] + SpecialFunctions v0.10.3
  [3bb67fe8] + TranscodingStreams v0.9.5
  [30578b45] + URIParser v0.4.1
  [81def892] + VersionParsing v1.2.0
  [83775a58] + Zlib_jll v1.2.11+18
  [3161d3a3] + Zstd_jll v1.4.5+2
  [2a0f44e3] + Base64
  [ade2ca70] + Dates
  [8bb1440f] + DelimitedFiles
  [8ba89e20] + Distributed
  [b77e0a4c] + InteractiveUtils
  [76f85450] + LibGit2
  [8f399da3] + Libdl
  [37e2e46d] + LinearAlgebra
  [56ddb016] + Logging
  [d6f4376e] + Markdown
  [a63ad114] + Mmap
  [44cfe95a] + Pkg
  [de0858da] + Printf
  [3fa0cd96] + REPL
  [9a3f8284] + Random
  [ea8e919c] + SHA
  [9e88b42a] + Serialization
  [1a1011a3] + SharedArrays
  [6462fe0b] + Sockets
  [2f01184e] + SparseArrays
  [10745b16] + Statistics
  [8dfed614] + Test
  [cf7118a7] + UUIDs
  [4ec0a83e] + Unicode
   Building Conda ─→ `~/.julia/packages/Conda/x5ml4/deps/build.log`
   Building PyCall → `~/.julia/packages/PyCall/tqyST/deps/build.log`
   Building CMake ─→ `~/.julia/packages/CMake/ULbyn/deps/build.log`
   Building HDF5 ──→ `~/.julia/packages/HDF5/YX0jU/deps/build.log`
   Building FFTW ──→ `~/.julia/packages/FFTW/eADNB/deps/build.log`
   Building ADCME ─→ `~/.julia/packages/ADCME/hCmEo/deps/build.log`


################################################################################
# Compiling: 2021-01-11T20:26:33.122
#

WARNING: Method definition size(PyCall.PyObject) in module PyCall at /home/pkgeval/.julia/packages/PyCall/tqyST/src/PyCall.jl:809 overwritten in module ADCME at /home/pkgeval/.julia/packages/ADCME/hCmEo/src/variable.jl:214.
  ** incremental compilation may be fatally broken for this module **

WARNING: Method definition length(PyCall.PyObject) in module PyCall at /home/pkgeval/.julia/packages/PyCall/tqyST/src/PyCall.jl:808 overwritten in module ADCME at /home/pkgeval/.julia/packages/ADCME/hCmEo/src/variable.jl:238.
  ** incremental compilation may be fatally broken for this module **

WARNING: Method definition lastindex(PyCall.PyObject) in module PyCall at deprecated.jl:70 overwritten in module ADCME at /home/pkgeval/.julia/packages/ADCME/hCmEo/src/variable.jl:454.
  ** incremental compilation may be fatally broken for this module **

WARNING: Method definition *(PyCall.PyObject, PyCall.PyObject) in module PyCall at /home/pkgeval/.julia/packages/PyCall/tqyST/src/pyoperators.jl:11 overwritten in module ADCME at /home/pkgeval/.julia/packages/ADCME/hCmEo/src/ops.jl:102.
  ** incremental compilation may be fatally broken for this module **

OMP: Info #212: KMP_AFFINITY: decoding x2APIC ids.
OMP: Info #210: KMP_AFFINITY: Affinity capable, using global cpuid leaf 11 info
OMP: Info #154: KMP_AFFINITY: Initial OS proc set respected: 45
OMP: Info #156: KMP_AFFINITY: 1 available OS procs
OMP: Info #157: KMP_AFFINITY: Uniform topology
OMP: Info #159: KMP_AFFINITY: 1 packages x 1 cores/pkg x 1 threads/core (1 total cores)
OMP: Info #214: KMP_AFFINITY: OS proc to physical thread map:
OMP: Info #171: KMP_AFFINITY: OS proc 45 maps to package 1 
OMP: Info #250: KMP_AFFINITY: pid 4195 tid 4195 thread 0 bound to OS proc set 45
┌ Warning: Cannot load /home/pkgeval/.julia/packages/ADCME/hCmEo/deps/CustomOps/build/libadcme.so. Please recompile the shared library by `ADCME.precompile()` for using custom operators.
└ @ ADCME ~/.julia/packages/ADCME/hCmEo/src/ADCME.jl:76
[ Info: PackageCompiler: creating system image object file, this might take a while...
Generated system image is 170.088 MiB, compilation took 215 seconds


fatal: error thrown and no exception handler available.
InitError(mod=:PyCall, error=ErrorException("could not load library "/home/pkgeval/.julia/adcme/lib/libpython3.7m.so.1.0"
/home/pkgeval/.julia/adcme/lib/libpython3.7m.so.1.0: cannot open shared object file: No such file or directory"))
jl_errorf at /workspace/srcdir/src/rtutils.c:77
jl_load_dynamic_library at /workspace/srcdir/src/dlload.c:235
#dlopen#3 at /workspace/srcdir/usr/share/julia/stdlib/v1.5/Libdl/src/Libdl.jl:109
dlopen at /workspace/srcdir/usr/share/julia/stdlib/v1.5/Libdl/src/Libdl.jl:109 [inlined]
__init__ at /home/pkgeval/.julia/packages/PyCall/tqyST/src/pyinit.jl:149
jfptr___init___70261 at /cache/ADCME-KfyODBVr.so (unknown line)
_jl_invoke at /workspace/srcdir/src/gf.c:2214 [inlined]
jl_apply_generic at /workspace/srcdir/src/gf.c:2398
jl_apply at /workspace/srcdir/src/julia.h:1690 [inlined]
jl_module_run_initializer at /workspace/srcdir/src/toplevel.c:74
_julia_init at /workspace/srcdir/src/init.c:780
main at /workspace/srcdir/ui/repl.c:221
__libc_start_main at /usr/lib/libc.so.6 (unknown line)
unknown function (ip: 0x4015e4)

No statistics gathered.