################################################################################
# PackageCompiler set-up: 2021-01-11T18:27:49.339
#

Julia Version 1.5.3
Commit 599f52c4c6 (2020-12-18 13:33 UTC)
Platform Info:
  OS: Linux (x86_64-linux-gnu)
  CPU: AMD EPYC 7502 32-Core Processor
  WORD_SIZE: 64
  LIBM: libopenlibm
  LLVM: libLLVM-9.0.1 (ORCJIT, znver2)
Environment:
  JULIA_PKGEVAL = true
  JULIA_PKG_PRECOMPILE_AUTO = 0



################################################################################
# Installation: 2021-01-11T18:27:51.045
#

 Installing known registries into `~/.julia`
######################################################################## 100.0%
      Added registry `General` to `~/.julia/registries/General`
  Resolving package versions...
  Installed CompilerSupportLibraries_jll ─ v0.3.4+0
  Installed PoissonRandom ──────────────── v0.4.0
  Installed CanonicalTraits ────────────── v0.2.3
  Installed AlgebraicRelations ─────────── v0.2.2
  Installed AlgebraicPetri ─────────────── v0.6.2
  Installed ZygoteRules ────────────────── v0.2.1
  Installed PackageCompiler ────────────── v1.2.5
  Installed TimeZones ──────────────────── v1.5.3
  Installed Infinity ───────────────────── v0.2.3
  Installed Catlab ─────────────────────── v0.10.1
  Installed Zlib_jll ───────────────────── v1.2.11+18
  Installed CpuId ──────────────────────── v0.2.2
  Installed LayerDicts ─────────────────── v1.0.0
  Installed Reexport ───────────────────── v0.2.0
  Installed CommonSubexpressions ───────── v0.3.0
  Installed SplitApplyCombine ──────────── v1.1.3
  Installed Inflate ────────────────────── v0.1.2
  Installed Rmath_jll ──────────────────── v0.2.2+1
  Installed Rmath ──────────────────────── v0.6.1
  Installed TableTraits ────────────────── v1.0.0
  Installed MuladdMacro ────────────────── v0.2.2
  Installed NonlinearSolve ─────────────── v0.3.4
  Installed CEnum ──────────────────────── v0.4.1
  Installed VertexSafeGraphs ───────────── v0.1.2
  Installed Indexing ───────────────────── v1.1.0
  Installed Memento ────────────────────── v1.1.2
  Installed CategoricalArrays ──────────── v0.9.0
  Installed Mocking ────────────────────── v0.7.1
  Installed DataFrames ─────────────────── v0.22.2
  Installed AutoHashEquals ─────────────── v0.2.0
  Installed StatsBase ──────────────────── v0.33.2
  Installed OpenSSL_jll ────────────────── v1.1.1+6
  Installed Tables ─────────────────────── v1.2.2
  Installed DataStructures ─────────────── v0.18.8
  Installed SparseDiffTools ────────────── v1.12.0
  Installed DiffEqJump ─────────────────── v6.12.2
  Installed FillArrays ─────────────────── v0.10.2
  Installed LoopVectorization ──────────── v0.8.26
  Installed NameResolution ─────────────── v0.1.5
  Installed Requires ───────────────────── v1.1.2
  Installed Libiconv_jll ───────────────── v1.16.0+7
  Installed QuadGK ─────────────────────── v2.4.1
  Installed FunctionWrappers ───────────── v1.1.1
  Installed DataAPI ────────────────────── v1.4.0
  Installed ResettableStacks ───────────── v1.1.0
  Installed EzXML ──────────────────────── v1.1.0
  Installed DiffRules ──────────────────── v1.0.2
  Installed DiffResults ────────────────── v1.0.3
  Installed Parameters ─────────────────── v0.12.1
  Installed Setfield ───────────────────── v0.7.0
  Installed Random123 ──────────────────── v1.2.0
  Installed Decimals ───────────────────── v0.4.1
  Installed Measures ───────────────────── v0.3.1
  Installed TypedTables ────────────────── v1.2.0
  Installed DiffEqCallbacks ────────────── v2.16.0
  Installed IterTools ──────────────────── v1.3.0
  Installed Colors ─────────────────────── v0.12.6
  Installed TreeViews ──────────────────── v0.3.0
  Installed SIMDPirates ────────────────── v0.8.26
  Installed ConstructionBase ───────────── v1.0.0
  Installed SimpleTraits ───────────────── v0.9.3
  Installed RecursiveArrayTools ────────── v2.10.0
  Installed OrderedCollections ─────────── v1.3.2
  Installed Intervals ──────────────────── v1.5.0
  Installed StaticArrays ───────────────── v0.12.5
  Installed XML2_jll ───────────────────── v2.9.10+3
  Installed InvertedIndices ────────────── v1.0.0
  Installed OrdinaryDiffEq ─────────────── v5.49.1
  Installed LibPQ ──────────────────────── v1.6.2
  Installed ColorTypes ─────────────────── v0.10.9
  Installed DiffEqBase ─────────────────── v6.53.4
  Installed DataValueInterfaces ────────── v1.0.0
  Installed RecipesBase ────────────────── v1.1.1
  Installed GeneralizedGenerated ───────── v0.2.8
  Installed Missings ───────────────────── v0.4.4
  Installed VectorizationBase ──────────── v0.12.33
  Installed MacroTools ─────────────────── v0.5.6
  Installed LightXML ───────────────────── v0.9.0
  Installed JLLWrappers ────────────────── v1.2.0
  Installed NLsolve ────────────────────── v4.5.1
  Installed PooledArrays ───────────────── v0.5.3
  Installed MLStyle ────────────────────── v0.4.6
  Installed JSON ───────────────────────── v0.21.1
  Installed NaNMath ────────────────────── v0.3.5
  Installed LightGraphs ────────────────── v1.3.4
  Installed Distances ──────────────────── v0.10.0
  Installed FiniteDiff ─────────────────── v2.7.2
  Installed Syslogs ────────────────────── v0.3.0
  Installed FastClosures ───────────────── v0.3.2
  Installed LineSearches ───────────────── v7.1.1
  Installed ArnoldiMethod ──────────────── v0.0.4
  Installed PrettyTables ───────────────── v0.10.1
  Installed Distributions ──────────────── v0.24.10
  Installed LibPQ_jll ──────────────────── v12.3.0+0
  Installed ArrayInterface ─────────────── v2.14.13
  Installed StructTypes ────────────────── v1.2.1
  Installed PDMats ─────────────────────── v0.10.1
  Installed Crayons ────────────────────── v4.0.4
  Installed StatsFuns ──────────────────── v0.9.6
  Installed ForwardDiff ────────────────── v0.10.14
  Installed Compose ────────────────────── v0.9.1
  Installed StochasticDiffEq ───────────── v6.30.1
  Installed Adapt ──────────────────────── v3.0.0
  Installed IterativeSolvers ───────────── v0.9.0
  Installed SteadyStateDiffEq ──────────── v1.6.0
  Installed OffsetArrays ───────────────── v1.3.1
  Installed FixedPointNumbers ──────────── v0.8.4
  Installed ExprTools ──────────────────── v0.1.3
  Installed Formatting ─────────────────── v0.4.2
  Installed LabelledArrays ─────────────── v1.4.0
  Installed SpecialFunctions ───────────── v1.2.1
  Installed IteratorInterfaceExtensions ── v1.0.0
  Installed Petri ──────────────────────── v1.2.4
  Installed PrettyPrint ────────────────── v0.2.0
  Installed SortingAlgorithms ──────────── v0.3.1
  Installed UnPack ─────────────────────── v1.0.2
  Installed DiffEqNoiseProcess ─────────── v5.5.0
  Installed Compat ─────────────────────── v3.25.0
  Installed Dictionaries ───────────────── v0.3.6
  Installed DocStringExtensions ────────── v0.8.3
  Installed NLSolversBase ──────────────── v7.7.1
  Installed ChainRulesCore ─────────────── v0.9.24
  Installed RecursiveFactorization ─────── v0.1.6
  Installed SLEEFPirates ───────────────── v0.5.5
  Installed RandomNumbers ──────────────── v1.4.0
  Installed OpenSpecFun_jll ────────────── v0.5.3+4
  Installed GenericSVD ─────────────────── v0.3.0
  Installed ExponentialUtilities ───────── v1.8.0
  Installed Parsers ────────────────────── v1.0.15
  Installed BinaryProvider ─────────────── v0.5.10
  Installed JuliaVariables ─────────────── v0.2.3
  Installed Artifacts ──────────────────── v1.3.0
Updating `~/.julia/environments/v1.5/Project.toml`
  [1c3ea84b] + AlgebraicRelations v0.2.2
  [9b87118b] + PackageCompiler v1.2.5
Updating `~/.julia/environments/v1.5/Manifest.toml`
  [79e6a3ab] + Adapt v3.0.0
  [4f99eebe] + AlgebraicPetri v0.6.2
  [1c3ea84b] + AlgebraicRelations v0.2.2
  [ec485272] + ArnoldiMethod v0.0.4
  [4fba245c] + ArrayInterface v2.14.13
  [56f22d72] + Artifacts v1.3.0
  [15f4f7f2] + AutoHashEquals v0.2.0
  [b99e7846] + BinaryProvider v0.5.10
  [fa961155] + CEnum v0.4.1
  [a603d957] + CanonicalTraits v0.2.3
  [324d7699] + CategoricalArrays v0.9.0
  [134e5e36] + Catlab v0.10.1
  [d360d2e6] + ChainRulesCore v0.9.24
  [3da002f7] + ColorTypes v0.10.9
  [5ae59095] + Colors v0.12.6
  [bbf7d656] + CommonSubexpressions v0.3.0
  [34da2185] + Compat v3.25.0
  [e66e0078] + CompilerSupportLibraries_jll v0.3.4+0
  [a81c6b42] + Compose v0.9.1
  [187b0558] + ConstructionBase v1.0.0
  [adafc99b] + CpuId v0.2.2
  [a8cc5b0e] + Crayons v4.0.4
  [9a962f9c] + DataAPI v1.4.0
  [a93c6f00] + DataFrames v0.22.2
  [864edb3b] + DataStructures v0.18.8
  [e2d170a0] + DataValueInterfaces v1.0.0
  [abce61dc] + Decimals v0.4.1
  [85a47980] + Dictionaries v0.3.6
  [2b5f629d] + DiffEqBase v6.53.4
  [459566f4] + DiffEqCallbacks v2.16.0
  [c894b116] + DiffEqJump v6.12.2
  [77a26b50] + DiffEqNoiseProcess v5.5.0
  [163ba53b] + DiffResults v1.0.3
  [b552c78f] + DiffRules v1.0.2
  [b4f34e82] + Distances v0.10.0
  [31c24e10] + Distributions v0.24.10
  [ffbed154] + DocStringExtensions v0.8.3
  [d4d017d3] + ExponentialUtilities v1.8.0
  [e2ba6199] + ExprTools v0.1.3
  [8f5d6c58] + EzXML v1.1.0
  [9aa1b823] + FastClosures v0.3.2
  [1a297f60] + FillArrays v0.10.2
  [6a86dc24] + FiniteDiff v2.7.2
  [53c48c17] + FixedPointNumbers v0.8.4
  [59287772] + Formatting v0.4.2
  [f6369f11] + ForwardDiff v0.10.14
  [069b7b12] + FunctionWrappers v1.1.1
  [6b9d7cbe] + GeneralizedGenerated v0.2.8
  [01680d73] + GenericSVD v0.3.0
  [313cdc1a] + Indexing v1.1.0
  [a303e19e] + Infinity v0.2.3
  [d25df0c9] + Inflate v0.1.2
  [d8418881] + Intervals v1.5.0
  [41ab1584] + InvertedIndices v1.0.0
  [c8e1da08] + IterTools v1.3.0
  [42fd0dbc] + IterativeSolvers v0.9.0
  [82899510] + IteratorInterfaceExtensions v1.0.0
  [692b3bcd] + JLLWrappers v1.2.0
  [682c06a0] + JSON v0.21.1
  [b14d175d] + JuliaVariables v0.2.3
  [2ee39098] + LabelledArrays v1.4.0
  [6f188dcb] + LayerDicts v1.0.0
  [194296ae] + LibPQ v1.6.2
  [08be9ffa] + LibPQ_jll v12.3.0+0
  [94ce4f54] + Libiconv_jll v1.16.0+7
  [093fc24a] + LightGraphs v1.3.4
  [9c8b4983] + LightXML v0.9.0
  [d3d80556] + LineSearches v7.1.1
  [bdcacae8] + LoopVectorization v0.8.26
  [d8e11817] + MLStyle v0.4.6
  [1914dd2f] + MacroTools v0.5.6
  [442fdcdd] + Measures v0.3.1
  [f28f55f0] + Memento v1.1.2
  [e1d29d7a] + Missings v0.4.4
  [78c3b35d] + Mocking v0.7.1
  [46d2c3a1] + MuladdMacro v0.2.2
  [d41bc354] + NLSolversBase v7.7.1
  [2774e3e8] + NLsolve v4.5.1
  [77ba4419] + NaNMath v0.3.5
  [71a1bf82] + NameResolution v0.1.5
  [8913a72c] + NonlinearSolve v0.3.4
  [6fe1bfb0] + OffsetArrays v1.3.1
  [458c3c95] + OpenSSL_jll v1.1.1+6
  [efe28fd5] + OpenSpecFun_jll v0.5.3+4
  [bac558e1] + OrderedCollections v1.3.2
  [1dea7af3] + OrdinaryDiffEq v5.49.1
  [90014a1f] + PDMats v0.10.1
  [9b87118b] + PackageCompiler v1.2.5
  [d96e819e] + Parameters v0.12.1
  [69de0a69] + Parsers v1.0.15
  [4259d249] + Petri v1.2.4
  [e409e4f3] + PoissonRandom v0.4.0
  [2dfb63ee] + PooledArrays v0.5.3
  [8162dcfd] + PrettyPrint v0.2.0
  [08abe8d2] + PrettyTables v0.10.1
  [1fd47b50] + QuadGK v2.4.1
  [74087812] + Random123 v1.2.0
  [e6cf234a] + RandomNumbers v1.4.0
  [3cdcf5f2] + RecipesBase v1.1.1
  [731186ca] + RecursiveArrayTools v2.10.0
  [f2c3362d] + RecursiveFactorization v0.1.6
  [189a3867] + Reexport v0.2.0
  [ae029012] + Requires v1.1.2
  [ae5879a3] + ResettableStacks v1.1.0
  [79098fc4] + Rmath v0.6.1
  [f50d1b31] + Rmath_jll v0.2.2+1
  [21efa798] + SIMDPirates v0.8.26
  [476501e8] + SLEEFPirates v0.5.5
  [efcf1570] + Setfield v0.7.0
  [699a6c99] + SimpleTraits v0.9.3
  [a2af1166] + SortingAlgorithms v0.3.1
  [47a9eef4] + SparseDiffTools v1.12.0
  [276daf66] + SpecialFunctions v1.2.1
  [03a91e81] + SplitApplyCombine v1.1.3
  [90137ffa] + StaticArrays v0.12.5
  [2913bbd2] + StatsBase v0.33.2
  [4c63d2b9] + StatsFuns v0.9.6
  [9672c7b4] + SteadyStateDiffEq v1.6.0
  [789caeaf] + StochasticDiffEq v6.30.1
  [856f2bd8] + StructTypes v1.2.1
  [cea106d9] + Syslogs v0.3.0
  [3783bdb8] + TableTraits v1.0.0
  [bd369af6] + Tables v1.2.2
  [f269a46b] + TimeZones v1.5.3
  [a2a6695c] + TreeViews v0.3.0
  [9d95f2ec] + TypedTables v1.2.0
  [3a884ed6] + UnPack v1.0.2
  [3d5dd08c] + VectorizationBase v0.12.33
  [19fa3120] + VertexSafeGraphs v0.1.2
  [02c8fc9c] + XML2_jll v2.9.10+3
  [83775a58] + Zlib_jll v1.2.11+18
  [700de1a5] + ZygoteRules v0.2.1
  [2a0f44e3] + Base64
  [ade2ca70] + Dates
  [8bb1440f] + DelimitedFiles
  [8ba89e20] + Distributed
  [7b1f6079] + FileWatching
  [9fa8497b] + Future
  [b77e0a4c] + InteractiveUtils
  [76f85450] + LibGit2
  [8f399da3] + Libdl
  [37e2e46d] + LinearAlgebra
  [56ddb016] + Logging
  [d6f4376e] + Markdown
  [a63ad114] + Mmap
  [44cfe95a] + Pkg
  [de0858da] + Printf
  [3fa0cd96] + REPL
  [9a3f8284] + Random
  [ea8e919c] + SHA
  [9e88b42a] + Serialization
  [1a1011a3] + SharedArrays
  [6462fe0b] + Sockets
  [2f01184e] + SparseArrays
  [10745b16] + Statistics
  [4607b0f0] + SuiteSparse
  [8dfed614] + Test
  [cf7118a7] + UUIDs
  [4ec0a83e] + Unicode
   Building TimeZones ───→ `~/.julia/packages/TimeZones/K98G0/deps/build.log`
   Building Random123 ───→ `~/.julia/packages/Random123/Y2Du3/deps/build.log`
   Building LibPQ ───────→ `~/.julia/packages/LibPQ/LSA5x/deps/build.log`
   Building SLEEFPirates → `~/.julia/packages/SLEEFPirates/jGsib/deps/build.log`


################################################################################
# Compiling: 2021-01-11T18:28:22.435
#

[ Info: PackageCompiler: creating system image object file, this might take a while...
Generated system image is 309.830 MiB, compilation took 906 seconds


################################################################################
# PkgEval set-up: 2021-01-11T18:43:38.157
#

Julia Version 1.5.3
Commit 599f52c4c6 (2020-12-18 13:33 UTC)
Platform Info:
  OS: Linux (x86_64-linux-gnu)
  CPU: AMD EPYC 7502 32-Core Processor
  WORD_SIZE: 64
  LIBM: libopenlibm
  LLVM: libLLVM-9.0.1 (ORCJIT, znver2)
Environment:
  JULIA_PKGEVAL = true
  JULIA_PKG_PRECOMPILE_AUTO = 0

Base.julia_cmd() = `/usr/local/julia/bin/julia -Cnative -J/cache/AlgebraicRelations-kAiifMaZ.so -g1`


################################################################################
# Installation: 2021-01-11T18:43:39.994
#

 Installing known registries into `~/.julia`
######################################################################## 100.0%
      Added registry `General` to `~/.julia/registries/General`
  Resolving package versions...
  Installed CompilerSupportLibraries_jll ─ v0.3.4+0
  Installed PoissonRandom ──────────────── v0.4.0
  Installed ZygoteRules ────────────────── v0.2.1
  Installed CanonicalTraits ────────────── v0.2.3
  Installed AlgebraicRelations ─────────── v0.2.2
  Installed AlgebraicPetri ─────────────── v0.6.2
  Installed TimeZones ──────────────────── v1.5.3
  Installed Catlab ─────────────────────── v0.10.1
  Installed LayerDicts ─────────────────── v1.0.0
  Installed Zlib_jll ───────────────────── v1.2.11+18
  Installed Reexport ───────────────────── v0.2.0
  Installed Rmath_jll ──────────────────── v0.2.2+1
  Installed Inflate ────────────────────── v0.1.2
  Installed CommonSubexpressions ───────── v0.3.0
  Installed Infinity ───────────────────── v0.2.3
  Installed SplitApplyCombine ──────────── v1.1.3
  Installed Rmath ──────────────────────── v0.6.1
  Installed TableTraits ────────────────── v1.0.0
  Installed MuladdMacro ────────────────── v0.2.2
  Installed NonlinearSolve ─────────────── v0.3.4
  Installed CEnum ──────────────────────── v0.4.1
  Installed VertexSafeGraphs ───────────── v0.1.2
  Installed Memento ────────────────────── v1.1.2
  Installed Indexing ───────────────────── v1.1.0
  Installed CategoricalArrays ──────────── v0.9.0
  Installed DataFrames ─────────────────── v0.22.2
  Installed Mocking ────────────────────── v0.7.1
  Installed AutoHashEquals ─────────────── v0.2.0
  Installed OpenSSL_jll ────────────────── v1.1.1+6
  Installed DiffEqJump ─────────────────── v6.12.2
  Installed Tables ─────────────────────── v1.2.2
  Installed DataStructures ─────────────── v0.18.8
  Installed StatsBase ──────────────────── v0.33.2
  Installed Libiconv_jll ───────────────── v1.16.0+7
  Installed FillArrays ─────────────────── v0.10.2
  Installed NameResolution ─────────────── v0.1.5
  Installed Requires ───────────────────── v1.1.2
  Installed FunctionWrappers ───────────── v1.1.1
  Installed SparseDiffTools ────────────── v1.12.0
  Installed QuadGK ─────────────────────── v2.4.1
  Installed DataAPI ────────────────────── v1.4.0
  Installed EzXML ──────────────────────── v1.1.0
  Installed DiffRules ──────────────────── v1.0.2
  Installed Parameters ─────────────────── v0.12.1
  Installed LoopVectorization ──────────── v0.9.7
  Installed DiffResults ────────────────── v1.0.3
  Installed Setfield ───────────────────── v0.7.0
  Installed ResettableStacks ───────────── v1.1.0
  Installed Random123 ──────────────────── v1.2.0
  Installed Measures ───────────────────── v0.3.1
  Installed DiffEqCallbacks ────────────── v2.16.0
  Installed TypedTables ────────────────── v1.2.0
  Installed Decimals ───────────────────── v0.4.1
  Installed TreeViews ──────────────────── v0.3.0
  Installed ConstructionBase ───────────── v1.0.0
  Installed IterTools ──────────────────── v1.3.0
  Installed SimpleTraits ───────────────── v0.9.3
  Installed Colors ─────────────────────── v0.12.6
  Installed RecursiveArrayTools ────────── v2.10.0
  Installed OrdinaryDiffEq ─────────────── v5.49.1
  Installed OrderedCollections ─────────── v1.3.2
  Installed Intervals ──────────────────── v1.5.0
  Installed StaticArrays ───────────────── v0.12.5
  Installed XML2_jll ───────────────────── v2.9.10+3
  Installed InvertedIndices ────────────── v1.0.0
  Installed ColorTypes ─────────────────── v0.10.9
  Installed LibPQ ──────────────────────── v1.6.2
  Installed DataValueInterfaces ────────── v1.0.0
  Installed DiffEqBase ─────────────────── v6.53.4
  Installed GeneralizedGenerated ───────── v0.2.8
  Installed RecipesBase ────────────────── v1.1.1
  Installed Missings ───────────────────── v0.4.4
  Installed LightXML ───────────────────── v0.9.0
  Installed MacroTools ─────────────────── v0.5.6
  Installed VectorizationBase ──────────── v0.13.12
  Installed JLLWrappers ────────────────── v1.2.0
  Installed NLsolve ────────────────────── v4.5.1
  Installed MLStyle ────────────────────── v0.4.6
  Installed LightGraphs ────────────────── v1.3.4
  Installed PooledArrays ───────────────── v0.5.3
  Installed Hwloc ──────────────────────── v1.1.0
  Installed NaNMath ────────────────────── v0.3.5
  Installed Distances ──────────────────── v0.10.0
  Installed FiniteDiff ─────────────────── v2.7.2
  Installed JSON ───────────────────────── v0.21.1
  Installed Syslogs ────────────────────── v0.3.0
  Installed Distributions ──────────────── v0.24.10
  Installed FastClosures ───────────────── v0.3.2
  Installed ArrayInterface ─────────────── v2.14.13
  Installed ArnoldiMethod ──────────────── v0.0.4
  Installed LibPQ_jll ──────────────────── v12.3.0+0
  Installed StructTypes ────────────────── v1.2.1
  Installed LineSearches ───────────────── v7.1.1
  Installed PDMats ─────────────────────── v0.10.1
  Installed PrettyTables ───────────────── v0.10.1
  Installed ForwardDiff ────────────────── v0.10.14
  Installed Crayons ────────────────────── v4.0.4
  Installed IfElse ─────────────────────── v0.1.0
  Installed Adapt ──────────────────────── v3.0.0
  Installed StatsFuns ──────────────────── v0.9.6
  Installed SteadyStateDiffEq ──────────── v1.6.0
  Installed Compose ────────────────────── v0.9.1
  Installed StochasticDiffEq ───────────── v6.30.1
  Installed IterativeSolvers ───────────── v0.9.0
  Installed LabelledArrays ─────────────── v1.4.0
  Installed Formatting ─────────────────── v0.4.2
  Installed FixedPointNumbers ──────────── v0.8.4
  Installed ExprTools ──────────────────── v0.1.3
  Installed SpecialFunctions ───────────── v1.2.1
  Installed OffsetArrays ───────────────── v1.3.1
  Installed IteratorInterfaceExtensions ── v1.0.0
  Installed Petri ──────────────────────── v1.2.4
  Installed UnPack ─────────────────────── v1.0.2
  Installed SortingAlgorithms ──────────── v0.3.1
  Installed PrettyPrint ────────────────── v0.2.0
  Installed DiffEqNoiseProcess ─────────── v5.5.0
  Installed Dictionaries ───────────────── v0.3.6
  Installed Compat ─────────────────────── v3.25.0
  Installed DocStringExtensions ────────── v0.8.3
  Installed ChainRulesCore ─────────────── v0.9.24
  Installed NLSolversBase ──────────────── v7.7.1
  Installed RecursiveFactorization ─────── v0.1.6
  Installed OpenSpecFun_jll ────────────── v0.5.3+4
  Installed ExponentialUtilities ───────── v1.8.0
  Installed GenericSVD ─────────────────── v0.3.0
  Installed SLEEFPirates ───────────────── v0.6.3
  Installed BinaryProvider ─────────────── v0.5.10
  Installed RandomNumbers ──────────────── v1.4.0
  Installed JuliaVariables ─────────────── v0.2.3
  Installed Parsers ────────────────────── v1.0.15
  Installed Artifacts ──────────────────── v1.3.0
  Installed Hwloc_jll ──────────────────── v2.2.0+0
Updating `~/.julia/environments/v1.5/Project.toml`
  [1c3ea84b] + AlgebraicRelations v0.2.2
Updating `~/.julia/environments/v1.5/Manifest.toml`
  [79e6a3ab] + Adapt v3.0.0
  [4f99eebe] + AlgebraicPetri v0.6.2
  [1c3ea84b] + AlgebraicRelations v0.2.2
  [ec485272] + ArnoldiMethod v0.0.4
  [4fba245c] + ArrayInterface v2.14.13
  [56f22d72] + Artifacts v1.3.0
  [15f4f7f2] + AutoHashEquals v0.2.0
  [b99e7846] + BinaryProvider v0.5.10
  [fa961155] + CEnum v0.4.1
  [a603d957] + CanonicalTraits v0.2.3
  [324d7699] + CategoricalArrays v0.9.0
  [134e5e36] + Catlab v0.10.1
  [d360d2e6] + ChainRulesCore v0.9.24
  [3da002f7] + ColorTypes v0.10.9
  [5ae59095] + Colors v0.12.6
  [bbf7d656] + CommonSubexpressions v0.3.0
  [34da2185] + Compat v3.25.0
  [e66e0078] + CompilerSupportLibraries_jll v0.3.4+0
  [a81c6b42] + Compose v0.9.1
  [187b0558] + ConstructionBase v1.0.0
  [a8cc5b0e] + Crayons v4.0.4
  [9a962f9c] + DataAPI v1.4.0
  [a93c6f00] + DataFrames v0.22.2
  [864edb3b] + DataStructures v0.18.8
  [e2d170a0] + DataValueInterfaces v1.0.0
  [abce61dc] + Decimals v0.4.1
  [85a47980] + Dictionaries v0.3.6
  [2b5f629d] + DiffEqBase v6.53.4
  [459566f4] + DiffEqCallbacks v2.16.0
  [c894b116] + DiffEqJump v6.12.2
  [77a26b50] + DiffEqNoiseProcess v5.5.0
  [163ba53b] + DiffResults v1.0.3
  [b552c78f] + DiffRules v1.0.2
  [b4f34e82] + Distances v0.10.0
  [31c24e10] + Distributions v0.24.10
  [ffbed154] + DocStringExtensions v0.8.3
  [d4d017d3] + ExponentialUtilities v1.8.0
  [e2ba6199] + ExprTools v0.1.3
  [8f5d6c58] + EzXML v1.1.0
  [9aa1b823] + FastClosures v0.3.2
  [1a297f60] + FillArrays v0.10.2
  [6a86dc24] + FiniteDiff v2.7.2
  [53c48c17] + FixedPointNumbers v0.8.4
  [59287772] + Formatting v0.4.2
  [f6369f11] + ForwardDiff v0.10.14
  [069b7b12] + FunctionWrappers v1.1.1
  [6b9d7cbe] + GeneralizedGenerated v0.2.8
  [01680d73] + GenericSVD v0.3.0
  [0e44f5e4] + Hwloc v1.1.0
  [e33a78d0] + Hwloc_jll v2.2.0+0
  [615f187c] + IfElse v0.1.0
  [313cdc1a] + Indexing v1.1.0
  [a303e19e] + Infinity v0.2.3
  [d25df0c9] + Inflate v0.1.2
  [d8418881] + Intervals v1.5.0
  [41ab1584] + InvertedIndices v1.0.0
  [c8e1da08] + IterTools v1.3.0
  [42fd0dbc] + IterativeSolvers v0.9.0
  [82899510] + IteratorInterfaceExtensions v1.0.0
  [692b3bcd] + JLLWrappers v1.2.0
  [682c06a0] + JSON v0.21.1
  [b14d175d] + JuliaVariables v0.2.3
  [2ee39098] + LabelledArrays v1.4.0
  [6f188dcb] + LayerDicts v1.0.0
  [194296ae] + LibPQ v1.6.2
  [08be9ffa] + LibPQ_jll v12.3.0+0
  [94ce4f54] + Libiconv_jll v1.16.0+7
  [093fc24a] + LightGraphs v1.3.4
  [9c8b4983] + LightXML v0.9.0
  [d3d80556] + LineSearches v7.1.1
  [bdcacae8] + LoopVectorization v0.9.7
  [d8e11817] + MLStyle v0.4.6
  [1914dd2f] + MacroTools v0.5.6
  [442fdcdd] + Measures v0.3.1
  [f28f55f0] + Memento v1.1.2
  [e1d29d7a] + Missings v0.4.4
  [78c3b35d] + Mocking v0.7.1
  [46d2c3a1] + MuladdMacro v0.2.2
  [d41bc354] + NLSolversBase v7.7.1
  [2774e3e8] + NLsolve v4.5.1
  [77ba4419] + NaNMath v0.3.5
  [71a1bf82] + NameResolution v0.1.5
  [8913a72c] + NonlinearSolve v0.3.4
  [6fe1bfb0] + OffsetArrays v1.3.1
  [458c3c95] + OpenSSL_jll v1.1.1+6
  [efe28fd5] + OpenSpecFun_jll v0.5.3+4
  [bac558e1] + OrderedCollections v1.3.2
  [1dea7af3] + OrdinaryDiffEq v5.49.1
  [90014a1f] + PDMats v0.10.1
  [d96e819e] + Parameters v0.12.1
  [69de0a69] + Parsers v1.0.15
  [4259d249] + Petri v1.2.4
  [e409e4f3] + PoissonRandom v0.4.0
  [2dfb63ee] + PooledArrays v0.5.3
  [8162dcfd] + PrettyPrint v0.2.0
  [08abe8d2] + PrettyTables v0.10.1
  [1fd47b50] + QuadGK v2.4.1
  [74087812] + Random123 v1.2.0
  [e6cf234a] + RandomNumbers v1.4.0
  [3cdcf5f2] + RecipesBase v1.1.1
  [731186ca] + RecursiveArrayTools v2.10.0
  [f2c3362d] + RecursiveFactorization v0.1.6
  [189a3867] + Reexport v0.2.0
  [ae029012] + Requires v1.1.2
  [ae5879a3] + ResettableStacks v1.1.0
  [79098fc4] + Rmath v0.6.1
  [f50d1b31] + Rmath_jll v0.2.2+1
  [476501e8] + SLEEFPirates v0.6.3
  [efcf1570] + Setfield v0.7.0
  [699a6c99] + SimpleTraits v0.9.3
  [a2af1166] + SortingAlgorithms v0.3.1
  [47a9eef4] + SparseDiffTools v1.12.0
  [276daf66] + SpecialFunctions v1.2.1
  [03a91e81] + SplitApplyCombine v1.1.3
  [90137ffa] + StaticArrays v0.12.5
  [2913bbd2] + StatsBase v0.33.2
  [4c63d2b9] + StatsFuns v0.9.6
  [9672c7b4] + SteadyStateDiffEq v1.6.0
  [789caeaf] + StochasticDiffEq v6.30.1
  [856f2bd8] + StructTypes v1.2.1
  [cea106d9] + Syslogs v0.3.0
  [3783bdb8] + TableTraits v1.0.0
  [bd369af6] + Tables v1.2.2
  [f269a46b] + TimeZones v1.5.3
  [a2a6695c] + TreeViews v0.3.0
  [9d95f2ec] + TypedTables v1.2.0
  [3a884ed6] + UnPack v1.0.2
  [3d5dd08c] + VectorizationBase v0.13.12
  [19fa3120] + VertexSafeGraphs v0.1.2
  [02c8fc9c] + XML2_jll v2.9.10+3
  [83775a58] + Zlib_jll v1.2.11+18
  [700de1a5] + ZygoteRules v0.2.1
  [2a0f44e3] + Base64
  [ade2ca70] + Dates
  [8bb1440f] + DelimitedFiles
  [8ba89e20] + Distributed
  [7b1f6079] + FileWatching
  [9fa8497b] + Future
  [b77e0a4c] + InteractiveUtils
  [76f85450] + LibGit2
  [8f399da3] + Libdl
  [37e2e46d] + LinearAlgebra
  [56ddb016] + Logging
  [d6f4376e] + Markdown
  [a63ad114] + Mmap
  [44cfe95a] + Pkg
  [de0858da] + Printf
  [3fa0cd96] + REPL
  [9a3f8284] + Random
  [ea8e919c] + SHA
  [9e88b42a] + Serialization
  [1a1011a3] + SharedArrays
  [6462fe0b] + Sockets
  [2f01184e] + SparseArrays
  [10745b16] + Statistics
  [4607b0f0] + SuiteSparse
  [8dfed614] + Test
  [cf7118a7] + UUIDs
  [4ec0a83e] + Unicode
   Building TimeZones → `~/.julia/packages/TimeZones/K98G0/deps/build.log`
┌ Error: Error building `TimeZones`: 
│ ERROR: LoadError: IOError: mkdir: permission denied (EACCES)
│ Stacktrace:
│  [1] uv_error at ./libuv.jl:97 [inlined]
│  [2] mkdir(::String; mode::UInt16) at ./file.jl:177
│  [3] mkpath(::String; mode::UInt16) at ./file.jl:227
│  [4] mkpath(::String; mode::UInt16) at ./file.jl:225 (repeats 6 times)
│  [5] mkpath at ./file.jl:222 [inlined]
│  [6] build(::String) at /home/pkgeval/.julia/packages/TimeZones/K98G0/src/tzdata/build.jl:105
│  [7] build(::String; force::Bool) at /home/pkgeval/.julia/packages/TimeZones/K98G0/src/build.jl:11
│  [8] build at /home/pkgeval/.julia/packages/TimeZones/K98G0/src/build.jl:11 [inlined] (repeats 2 times)
│  [9] top-level scope at /home/user/.julia/packages/TimeZones/K98G0/deps/build.jl:3
│  [10] include(::String) at ./client.jl:457
│  [11] top-level scope at none:5
│ in expression starting at /home/user/.julia/packages/TimeZones/K98G0/deps/build.jl:3
└ @ Pkg.Operations /workspace/srcdir/usr/share/julia/stdlib/v1.5/Pkg/src/Operations.jl:949
   Building Random123 → `~/.julia/packages/Random123/Y2Du3/deps/build.log`
   Building LibPQ ────→ `~/.julia/packages/LibPQ/LSA5x/deps/build.log`


################################################################################
# Testing: 2021-01-11T18:44:34.989
#

    Testing AlgebraicRelations
Status `/tmp/jl_UDYWm9/Project.toml`
  [4f99eebe] AlgebraicPetri v0.6.2
  [1c3ea84b] AlgebraicRelations v0.2.2
  [15f4f7f2] AutoHashEquals v0.2.0
  [134e5e36] Catlab v0.10.1
  [a93c6f00] DataFrames v0.22.2
  [194296ae] LibPQ v1.6.2
  [0aa819cd] SQLite v1.0.5
  [8dfed614] Test
Status `/tmp/jl_UDYWm9/Manifest.toml`
  [79e6a3ab] Adapt v3.0.0
  [4f99eebe] AlgebraicPetri v0.6.2
  [1c3ea84b] AlgebraicRelations v0.2.2
  [ec485272] ArnoldiMethod v0.0.4
  [4fba245c] ArrayInterface v2.14.13
  [56f22d72] Artifacts v1.3.0
  [15f4f7f2] AutoHashEquals v0.2.0
  [b99e7846] BinaryProvider v0.5.10
  [fa961155] CEnum v0.4.1
  [a603d957] CanonicalTraits v0.2.3
  [324d7699] CategoricalArrays v0.9.0
  [134e5e36] Catlab v0.10.1
  [d360d2e6] ChainRulesCore v0.9.24
  [3da002f7] ColorTypes v0.10.9
  [5ae59095] Colors v0.12.6
  [bbf7d656] CommonSubexpressions v0.3.0
  [34da2185] Compat v3.25.0
  [e66e0078] CompilerSupportLibraries_jll v0.3.4+0
  [a81c6b42] Compose v0.9.1
  [187b0558] ConstructionBase v1.0.0
  [a8cc5b0e] Crayons v4.0.4
  [a10d1c49] DBInterface v2.2.0
  [9a962f9c] DataAPI v1.4.0
  [a93c6f00] DataFrames v0.22.2
  [864edb3b] DataStructures v0.18.8
  [e2d170a0] DataValueInterfaces v1.0.0
  [abce61dc] Decimals v0.4.1
  [85a47980] Dictionaries v0.3.6
  [2b5f629d] DiffEqBase v6.53.4
  [459566f4] DiffEqCallbacks v2.16.0
  [c894b116] DiffEqJump v6.12.2
  [77a26b50] DiffEqNoiseProcess v5.5.0
  [163ba53b] DiffResults v1.0.3
  [b552c78f] DiffRules v1.0.2
  [b4f34e82] Distances v0.10.0
  [31c24e10] Distributions v0.24.10
  [ffbed154] DocStringExtensions v0.8.3
  [d4d017d3] ExponentialUtilities v1.8.0
  [e2ba6199] ExprTools v0.1.3
  [8f5d6c58] EzXML v1.1.0
  [9aa1b823] FastClosures v0.3.2
  [1a297f60] FillArrays v0.10.2
  [6a86dc24] FiniteDiff v2.7.2
  [53c48c17] FixedPointNumbers v0.8.4
  [59287772] Formatting v0.4.2
  [f6369f11] ForwardDiff v0.10.14
  [069b7b12] FunctionWrappers v1.1.1
  [6b9d7cbe] GeneralizedGenerated v0.2.8
  [01680d73] GenericSVD v0.3.0
  [0e44f5e4] Hwloc v1.1.0
  [e33a78d0] Hwloc_jll v2.2.0+0
  [615f187c] IfElse v0.1.0
  [313cdc1a] Indexing v1.1.0
  [a303e19e] Infinity v0.2.3
  [d25df0c9] Inflate v0.1.2
  [d8418881] Intervals v1.5.0
  [41ab1584] InvertedIndices v1.0.0
  [c8e1da08] IterTools v1.3.0
  [42fd0dbc] IterativeSolvers v0.9.0
  [82899510] IteratorInterfaceExtensions v1.0.0
  [692b3bcd] JLLWrappers v1.2.0
  [682c06a0] JSON v0.21.1
  [b14d175d] JuliaVariables v0.2.3
  [2ee39098] LabelledArrays v1.4.0
  [6f188dcb] LayerDicts v1.0.0
  [194296ae] LibPQ v1.6.2
  [08be9ffa] LibPQ_jll v12.3.0+0
  [94ce4f54] Libiconv_jll v1.16.0+7
  [093fc24a] LightGraphs v1.3.4
  [9c8b4983] LightXML v0.9.0
  [d3d80556] LineSearches v7.1.1
  [bdcacae8] LoopVectorization v0.9.7
  [d8e11817] MLStyle v0.4.6
  [1914dd2f] MacroTools v0.5.6
  [442fdcdd] Measures v0.3.1
  [f28f55f0] Memento v1.1.2
  [e1d29d7a] Missings v0.4.4
  [78c3b35d] Mocking v0.7.1
  [46d2c3a1] MuladdMacro v0.2.2
  [d41bc354] NLSolversBase v7.7.1
  [2774e3e8] NLsolve v4.5.1
  [77ba4419] NaNMath v0.3.5
  [71a1bf82] NameResolution v0.1.5
  [8913a72c] NonlinearSolve v0.3.4
  [6fe1bfb0] OffsetArrays v1.3.1
  [458c3c95] OpenSSL_jll v1.1.1+6
  [efe28fd5] OpenSpecFun_jll v0.5.3+4
  [bac558e1] OrderedCollections v1.3.2
  [1dea7af3] OrdinaryDiffEq v5.49.1
  [90014a1f] PDMats v0.10.1
  [d96e819e] Parameters v0.12.1
  [69de0a69] Parsers v1.0.15
  [4259d249] Petri v1.2.4
  [e409e4f3] PoissonRandom v0.4.0
  [2dfb63ee] PooledArrays v0.5.3
  [8162dcfd] PrettyPrint v0.2.0
  [08abe8d2] PrettyTables v0.10.1
  [1fd47b50] QuadGK v2.4.1
  [74087812] Random123 v1.2.0
  [e6cf234a] RandomNumbers v1.4.0
  [3cdcf5f2] RecipesBase v1.1.1
  [731186ca] RecursiveArrayTools v2.10.0
  [f2c3362d] RecursiveFactorization v0.1.6
  [189a3867] Reexport v0.2.0
  [ae029012] Requires v1.1.2
  [ae5879a3] ResettableStacks v1.1.0
  [79098fc4] Rmath v0.6.1
  [f50d1b31] Rmath_jll v0.2.2+1
  [476501e8] SLEEFPirates v0.6.3
  [0aa819cd] SQLite v1.0.5
  [76ed43ae] SQLite_jll v3.34.0+0
  [efcf1570] Setfield v0.7.0
  [699a6c99] SimpleTraits v0.9.3
  [a2af1166] SortingAlgorithms v0.3.1
  [47a9eef4] SparseDiffTools v1.12.0
  [276daf66] SpecialFunctions v1.2.1
  [03a91e81] SplitApplyCombine v1.1.3
  [90137ffa] StaticArrays v0.12.5
  [2913bbd2] StatsBase v0.33.2
  [4c63d2b9] StatsFuns v0.9.6
  [9672c7b4] SteadyStateDiffEq v1.6.0
  [789caeaf] StochasticDiffEq v6.30.1
  [856f2bd8] StructTypes v1.2.1
  [cea106d9] Syslogs v0.3.0
  [3783bdb8] TableTraits v1.0.0
  [bd369af6] Tables v1.2.2
  [f269a46b] TimeZones v1.5.3
  [a2a6695c] TreeViews v0.3.0
  [9d95f2ec] TypedTables v1.2.0
  [3a884ed6] UnPack v1.0.2
  [3d5dd08c] VectorizationBase v0.13.12
  [19fa3120] VertexSafeGraphs v0.1.2
  [ea10d353] WeakRefStrings v0.6.2
  [02c8fc9c] XML2_jll v2.9.10+3
  [83775a58] Zlib_jll v1.2.11+18
  [700de1a5] ZygoteRules v0.2.1
  [2a0f44e3] Base64
  [ade2ca70] Dates
  [8bb1440f] DelimitedFiles
  [8ba89e20] Distributed
  [7b1f6079] FileWatching
  [9fa8497b] Future
  [b77e0a4c] InteractiveUtils
  [76f85450] LibGit2
  [8f399da3] Libdl
  [37e2e46d] LinearAlgebra
  [56ddb016] Logging
  [d6f4376e] Markdown
  [a63ad114] Mmap
  [44cfe95a] Pkg
  [de0858da] Printf
  [3fa0cd96] REPL
  [9a3f8284] Random
  [ea8e919c] SHA
  [9e88b42a] Serialization
  [1a1011a3] SharedArrays
  [6462fe0b] Sockets
  [2f01184e] SparseArrays
  [10745b16] Statistics
  [4607b0f0] SuiteSparse
  [8dfed614] Test
  [cf7118a7] UUIDs
  [4ec0a83e] Unicode
Test Summary: | Pass  Total
DB            |    6      6
Test Summary: | Pass  Total
Queries       |    8      8
Test Summary: | Pass  Total
Presentations |    3      3
    Testing AlgebraicRelations tests passed 

PkgEval succeeded


################################################################################
# PkgEval teardown: 2021-01-11T18:45:36.691
CPU usage: 103.91s (79.01s user, 24.85s kernel)

Network usage:
- eth0: 27.377 MiB received, 728.258 KiB sent

Raw statistics: {"blkio_stats":{"io_queue_recursive":[],"io_serviced_recursive":[{"major":8,"value":0,"op":"Read","minor":0},{"major":8,"value":0,"op":"Write","minor":0},{"major":8,"value":0,"op":"Sync","minor":0},{"major":8,"value":0,"op":"Async","minor":0},{"major":8,"value":0,"op":"Discard","minor":0},{"major":8,"value":0,"op":"Total","minor":0},{"major":253,"value":0,"op":"Read","minor":0},{"major":253,"value":0,"op":"Write","minor":0},{"major":253,"value":0,"op":"Sync","minor":0},{"major":253,"value":0,"op":"Async","minor":0},{"major":253,"value":0,"op":"Discard","minor":0},{"major":253,"value":0,"op":"Total","minor":0},{"major":259,"value":35655,"op":"Read","minor":0},{"major":259,"value":39,"op":"Write","minor":0},{"major":259,"value":35669,"op":"Sync","minor":0},{"major":259,"value":25,"op":"Async","minor":0},{"major":259,"value":0,"op":"Discard","minor":0},{"major":259,"value":35694,"op":"Total","minor":0},{"major":253,"value":35655,"op":"Read","minor":2},{"major":253,"value":39,"op":"Write","minor":2},{"major":253,"value":35669,"op":"Sync","minor":2},{"major":253,"value":25,"op":"Async","minor":2},{"major":253,"value":0,"op":"Discard","minor":2},{"major":253,"value":35694,"op":"Total","minor":2}],"io_time_recursive":[],"sectors_recursive":[],"io_service_bytes_recursive":[{"major":8,"value":0,"op":"Read","minor":0},{"major":8,"value":0,"op":"Write","minor":0},{"major":8,"value":0,"op":"Sync","minor":0},{"major":8,"value":0,"op":"Async","minor":0},{"major":8,"value":0,"op":"Discard","minor":0},{"major":8,"value":0,"op":"Total","minor":0},{"major":253,"value":0,"op":"Read","minor":0},{"major":253,"value":0,"op":"Write","minor":0},{"major":253,"value":0,"op":"Sync","minor":0},{"major":253,"value":0,"op":"Async","minor":0},{"major":253,"value":0,"op":"Discard","minor":0},{"major":253,"value":0,"op":"Total","minor":0},{"major":259,"value":982253568,"op":"Read","minor":0},{"major":259,"value":233472,"op":"Write","minor":0},{"major":259,"value":982310912,"op":"Sync","minor":0},{"major":259,"value":176128,"op":"Async","minor":0},{"major":259,"value":0,"op":"Discard","minor":0},{"major":259,"value":982487040,"op":"Total","minor":0},{"major":253,"value":982253568,"op":"Read","minor":2},{"major":253,"value":233472,"op":"Write","minor":2},{"major":253,"value":982310912,"op":"Sync","minor":2},{"major":253,"value":176128,"op":"Async","minor":2},{"major":253,"value":0,"op":"Discard","minor":2},{"major":253,"value":982487040,"op":"Total","minor":2}],"io_wait_time_recursive":[],"io_merged_recursive":[],"io_service_time_recursive":[]},"memory_stats":{"usage":913965056,"max_usage":1719037952,"stats":{"hierarchical_memory_limit":9223372036854771712,"pgmajfault":4125,"total_rss":382742528,"inactive_file":201879552,"inactive_anon":232882176,"total_pgfault":1829916,"total_cache":490704896,"total_rss_huge":0,"total_active_anon":284954624,"total_pgmajfault":4125,"pgpgin":1299111,"rss_huge":0,"mapped_file":82587648,"total_inactive_file":201879552,"dirty":540672,"total_unevictable":0,"total_dirty":540672,"writeback":0,"pgpgout":1085938,"hierarchical_memsw_limit":0,"cache":490704896,"active_file":143269888,"pgfault":1829916,"total_mapped_file":82587648,"total_pgpgout":1085938,"total_writeback":0,"rss":382742528,"unevictable":0,"total_inactive_anon":232882176,"total_pgpgin":1299111,"active_anon":284954624,"total_active_file":143269888},"limit":540965302272},"name":"/AlgebraicRelations-5vy3KfP3","networks":{"eth0":{"rx_bytes":28706601,"rx_packets":5581,"tx_packets":6184,"tx_bytes":745736,"tx_dropped":0,"rx_dropped":4,"tx_errors":0,"rx_errors":0}},"id":"6955e638061c538344438c10665371a4e88480221af5c312587a6098c9d018f8","preread":"0001-01-01T00:00:00Z","storage_stats":{},"precpu_stats":{"throttling_data":{"throttled_periods":0,"throttled_time":0,"periods":0},"cpu_usage":{"usage_in_usermode":0,"usage_in_kernelmode":0,"total_usage":0}},"pids_stats":{"current":44},"num_procs":0,"cpu_stats":{"throttling_data":{"throttled_periods":0,"throttled_time":0,"periods":0},"system_cpu_usage":4708639184522419,"online_cpus":128,"cpu_usage":{"usage_in_usermode":79010000000,"usage_in_kernelmode":24850000000,"total_usage":103909788838,"percpu_usage":[0,0,0,0,0,103908511758,0,0,0,0,0,0,0,0,0,0,0,0,0,0,0,0,0,0,0,0,0,0,0,0,0,0,0,0,0,0,0,0,0,0,0,0,0,0,0,0,0,0,0,0,0,0,0,0,0,0,0,0,0,0,0,0,0,0,0,0,0,0,0,0,1277080,0,0,0,0,0,0,0,0,0,0,0,0,0,0,0,0,0,0,0,0,0,0,0,0,0,0,0,0,0,0,0,0,0,0,0,0,0,0,0,0,0,0,0,0,0,0,0,0,0,0,0,0,0,0,0,0,0]}},"read":"2021-01-11T18:45:36.698296769Z"}