################################################################################
# PkgEval set-up: 2021-01-11T20:42:55.207
#

Julia Version 1.5.3
Commit 599f52c4c6 (2020-12-18 13:33 UTC)
Platform Info:
  OS: Linux (x86_64-linux-gnu)
  CPU: AMD EPYC 7502 32-Core Processor
  WORD_SIZE: 64
  LIBM: libopenlibm
  LLVM: libLLVM-9.0.1 (ORCJIT, znver2)
Environment:
  JULIA_PKG_PRECOMPILE_AUTO = 0
  JULIA_PKGEVAL = true

Base.julia_cmd() = `/opt/julia/bin/julia -Cnative -J/opt/julia/lib/julia/sys.so -g1`


################################################################################
# Installation: 2021-01-11T20:42:57.367
#

 Installing known registries into `~/.julia`
#=#=#                                                                         ######################################################################## 100.0%
      Added registry `General` to `~/.julia/registries/General`
  Resolving package versions...
  Installed AlgorithmsCollection ─ v0.1.1
Updating `~/.julia/environments/v1.5/Project.toml`
  [9ff941b3] + AlgorithmsCollection v0.1.1
Updating `~/.julia/environments/v1.5/Manifest.toml`
  [9ff941b3] + AlgorithmsCollection v0.1.1


################################################################################
# Testing: 2021-01-11T20:43:01.329
#

    Testing AlgorithmsCollection
Status `/tmp/jl_fEV2bU/Project.toml`
  [9ff941b3] AlgorithmsCollection v0.1.1
  [8dfed614] Test
Status `/tmp/jl_fEV2bU/Manifest.toml`
  [9ff941b3] AlgorithmsCollection v0.1.1
  [2a0f44e3] Base64
  [8ba89e20] Distributed
  [b77e0a4c] InteractiveUtils
  [56ddb016] Logging
  [d6f4376e] Markdown
  [9a3f8284] Random
  [9e88b42a] Serialization
  [6462fe0b] Sockets
  [8dfed614] Test
Test Summary:    | Pass  Total
BIT Manipulation |    7      7
Test Summary:       | Pass  Total
Dynamic Programming |    8      8
Test Summary: | Pass  Total
Graph Theory  |    9      9
Test Summary: | Pass  Total
Number Theory |    6      6
Test Summary:       | Pass  Total
Sorting & Searching |    9      9
Test Summary:  | Pass  Total
String & Array |   12     12
    Testing AlgorithmsCollection tests passed 

PkgEval succeeded


################################################################################
# PkgEval teardown: 2021-01-11T20:43:38.274
CPU usage: 43.05s (40.34s user, 2.75s kernel)

Network usage:
- eth0: 2.633 MiB received, 27.869 KiB sent

Raw statistics: {"blkio_stats":{"io_queue_recursive":[],"io_serviced_recursive":[{"major":259,"value":0,"op":"Read","minor":0},{"major":259,"value":24,"op":"Write","minor":0},{"major":259,"value":19,"op":"Sync","minor":0},{"major":259,"value":5,"op":"Async","minor":0},{"major":259,"value":0,"op":"Discard","minor":0},{"major":259,"value":24,"op":"Total","minor":0},{"major":253,"value":0,"op":"Read","minor":2},{"major":253,"value":24,"op":"Write","minor":2},{"major":253,"value":19,"op":"Sync","minor":2},{"major":253,"value":5,"op":"Async","minor":2},{"major":253,"value":0,"op":"Discard","minor":2},{"major":253,"value":24,"op":"Total","minor":2}],"io_time_recursive":[],"sectors_recursive":[],"io_service_bytes_recursive":[{"major":259,"value":0,"op":"Read","minor":0},{"major":259,"value":126976,"op":"Write","minor":0},{"major":259,"value":106496,"op":"Sync","minor":0},{"major":259,"value":20480,"op":"Async","minor":0},{"major":259,"value":0,"op":"Discard","minor":0},{"major":259,"value":126976,"op":"Total","minor":0},{"major":253,"value":0,"op":"Read","minor":2},{"major":253,"value":126976,"op":"Write","minor":2},{"major":253,"value":106496,"op":"Sync","minor":2},{"major":253,"value":20480,"op":"Async","minor":2},{"major":253,"value":0,"op":"Discard","minor":2},{"major":253,"value":126976,"op":"Total","minor":2}],"io_wait_time_recursive":[],"io_merged_recursive":[],"io_service_time_recursive":[]},"memory_stats":{"usage":325726208,"max_usage":579141632,"stats":{"hierarchical_memory_limit":9223372036854771712,"pgmajfault":0,"total_rss":216850432,"inactive_file":135168,"inactive_anon":78938112,"total_pgfault":390720,"total_cache":79921152,"total_rss_huge":0,"total_active_anon":217890816,"total_pgmajfault":0,"pgpgin":202356,"rss_huge":0,"mapped_file":0,"total_inactive_file":135168,"dirty":135168,"total_unevictable":0,"total_dirty":135168,"writeback":0,"pgpgout":129898,"hierarchical_memsw_limit":0,"cache":79921152,"active_file":135168,"pgfault":390720,"total_mapped_file":0,"total_pgpgout":129898,"total_writeback":0,"rss":216850432,"unevictable":0,"total_inactive_anon":78938112,"total_pgpgin":202356,"active_anon":217890816,"total_active_file":135168},"limit":540965302272},"name":"/AlgorithmsCollection-eK6qcufF","networks":{"eth0":{"rx_bytes":2760599,"rx_packets":301,"tx_packets":290,"tx_bytes":28538,"tx_dropped":0,"rx_dropped":2,"tx_errors":0,"rx_errors":0}},"id":"0527b04add0f8233b83a9150fd3e9e5cf3308e694201b2d7c7555b4ec37c9b99","preread":"0001-01-01T00:00:00Z","storage_stats":{},"precpu_stats":{"throttling_data":{"throttled_periods":0,"throttled_time":0,"periods":0},"cpu_usage":{"usage_in_usermode":0,"usage_in_kernelmode":0,"total_usage":0}},"pids_stats":{"current":40},"num_procs":0,"cpu_stats":{"throttling_data":{"throttled_periods":0,"throttled_time":0,"periods":0},"system_cpu_usage":5613952164522419,"online_cpus":128,"cpu_usage":{"usage_in_usermode":40340000000,"usage_in_kernelmode":2750000000,"total_usage":43054262791,"percpu_usage":[0,0,0,0,0,0,0,0,0,0,43054254031,0,0,0,0,0,0,0,0,0,0,0,0,0,0,0,0,0,0,0,0,0,0,0,0,0,0,0,0,0,0,0,0,0,0,0,0,0,0,0,0,0,0,0,0,0,0,0,0,0,0,0,0,0,0,0,0,0,0,0,0,0,0,8760,0,0,0,0,0,0,0,0,0,0,0,0,0,0,0,0,0,0,0,0,0,0,0,0,0,0,0,0,0,0,0,0,0,0,0,0,0,0,0,0,0,0,0,0,0,0,0,0,0,0,0,0,0,0]}},"read":"2021-01-11T20:43:39.03910193Z"}