################################################################################
# PackageCompiler set-up: 2021-01-11T18:38:47.62
#

Julia Version 1.5.3
Commit 599f52c4c6 (2020-12-18 13:33 UTC)
Platform Info:
  OS: Linux (x86_64-linux-gnu)
  CPU: AMD EPYC 7502 32-Core Processor
  WORD_SIZE: 64
  LIBM: libopenlibm
  LLVM: libLLVM-9.0.1 (ORCJIT, znver2)
Environment:
  JULIA_PKGEVAL = true
  JULIA_PKG_PRECOMPILE_AUTO = 0



################################################################################
# Installation: 2021-01-11T18:38:49.349
#

 Installing known registries into `~/.julia`
#####################################                                     51.7%######################################################################## 100.0%
      Added registry `General` to `~/.julia/registries/General`
  Resolving package versions...
  Installed AnyAscii ──────── v0.1.7
  Installed PackageCompiler ─ v1.2.5
Updating `~/.julia/environments/v1.5/Project.toml`
  [a6021bc5] + AnyAscii v0.1.7
  [9b87118b] + PackageCompiler v1.2.5
Updating `~/.julia/environments/v1.5/Manifest.toml`
  [a6021bc5] + AnyAscii v0.1.7
  [9b87118b] + PackageCompiler v1.2.5
  [2a0f44e3] + Base64
  [ade2ca70] + Dates
  [b77e0a4c] + InteractiveUtils
  [76f85450] + LibGit2
  [8f399da3] + Libdl
  [56ddb016] + Logging
  [d6f4376e] + Markdown
  [44cfe95a] + Pkg
  [de0858da] + Printf
  [3fa0cd96] + REPL
  [9a3f8284] + Random
  [ea8e919c] + SHA
  [9e88b42a] + Serialization
  [6462fe0b] + Sockets
  [cf7118a7] + UUIDs
  [4ec0a83e] + Unicode


################################################################################
# Compiling: 2021-01-11T18:38:54.912
#

[ Info: PackageCompiler: creating system image object file, this might take a while...
Generated system image is 147.272 MiB, compilation took 163 seconds


################################################################################
# PkgEval set-up: 2021-01-11T18:41:45.737
#

Julia Version 1.5.3
Commit 599f52c4c6 (2020-12-18 13:33 UTC)
Platform Info:
  OS: Linux (x86_64-linux-gnu)
  CPU: AMD EPYC 7502 32-Core Processor
  WORD_SIZE: 64
  LIBM: libopenlibm
  LLVM: libLLVM-9.0.1 (ORCJIT, znver2)
Environment:
  JULIA_PKGEVAL = true
  JULIA_PKG_PRECOMPILE_AUTO = 0

Base.julia_cmd() = `/usr/local/julia/bin/julia -Cnative -J/cache/AnyAscii-Ml6URkWd.so -g1`


################################################################################
# Installation: 2021-01-11T18:41:47.576
#

 Installing known registries into `~/.julia`
######################################################################## 100.0%
      Added registry `General` to `~/.julia/registries/General`
  Resolving package versions...
  Installed AnyAscii ─ v0.1.7
Updating `~/.julia/environments/v1.5/Project.toml`
  [a6021bc5] + AnyAscii v0.1.7
Updating `~/.julia/environments/v1.5/Manifest.toml`
  [a6021bc5] + AnyAscii v0.1.7


################################################################################
# Testing: 2021-01-11T18:41:51.422
#

    Testing AnyAscii
Status `/tmp/jl_IvGUql/Project.toml`
  [a6021bc5] AnyAscii v0.1.7
  [8dfed614] Test
Status `/tmp/jl_IvGUql/Manifest.toml`
  [a6021bc5] AnyAscii v0.1.7
  [2a0f44e3] Base64
  [8ba89e20] Distributed
  [b77e0a4c] InteractiveUtils
  [56ddb016] Logging
  [d6f4376e] Markdown
  [9a3f8284] Random
  [9e88b42a] Serialization
  [6462fe0b] Sockets
  [8dfed614] Test
AnyAscii.jl: Test Failed at /home/user/.julia/packages/AnyAscii/edqcc/test/runtests.jl:5
  Expression: anyascii(s) == expected
   Evaluated: "" == "y"
Stacktrace:
 [1] (::var"#check#1")(::String, ::String) at /home/user/.julia/packages/AnyAscii/edqcc/test/runtests.jl:5
 [2] top-level scope at /home/user/.julia/packages/AnyAscii/edqcc/test/runtests.jl:13
 [3] top-level scope at /workspace/srcdir/usr/share/julia/stdlib/v1.5/Test/src/Test.jl:1115
 [4] top-level scope at /home/user/.julia/packages/AnyAscii/edqcc/test/runtests.jl:5
AnyAscii.jl: Test Failed at /home/user/.julia/packages/AnyAscii/edqcc/test/runtests.jl:5
  Expression: anyascii(s) == expected
   Evaluated: "Ren Franois Lacte" == "Rene Francois Lacote"
Stacktrace:
 [1] (::var"#check#1")(::String, ::String) at /home/user/.julia/packages/AnyAscii/edqcc/test/runtests.jl:5
 [2] top-level scope at /home/user/.julia/packages/AnyAscii/edqcc/test/runtests.jl:15
 [3] top-level scope at /workspace/srcdir/usr/share/julia/stdlib/v1.5/Test/src/Test.jl:1115
 [4] top-level scope at /home/user/.julia/packages/AnyAscii/edqcc/test/runtests.jl:5
AnyAscii.jl: Test Failed at /home/user/.julia/packages/AnyAscii/edqcc/test/runtests.jl:5
  Expression: anyascii(s) == expected
   Evaluated: "Ble" == "Blosse"
Stacktrace:
 [1] (::var"#check#1")(::String, ::String) at /home/user/.julia/packages/AnyAscii/edqcc/test/runtests.jl:5
 [2] top-level scope at /home/user/.julia/packages/AnyAscii/edqcc/test/runtests.jl:16
 [3] top-level scope at /workspace/srcdir/usr/share/julia/stdlib/v1.5/Test/src/Test.jl:1115
 [4] top-level scope at /home/user/.julia/packages/AnyAscii/edqcc/test/runtests.jl:5
AnyAscii.jl: Test Failed at /home/user/.julia/packages/AnyAscii/edqcc/test/runtests.jl:5
  Expression: anyascii(s) == expected
   Evaluated: "Trn Hng o" == "Tran Hung Dao"
Stacktrace:
 [1] (::var"#check#1")(::String, ::String) at /home/user/.julia/packages/AnyAscii/edqcc/test/runtests.jl:5
 [2] top-level scope at /home/user/.julia/packages/AnyAscii/edqcc/test/runtests.jl:17
 [3] top-level scope at /workspace/srcdir/usr/share/julia/stdlib/v1.5/Test/src/Test.jl:1115
 [4] top-level scope at /home/user/.julia/packages/AnyAscii/edqcc/test/runtests.jl:5
AnyAscii.jl: Test Failed at /home/user/.julia/packages/AnyAscii/edqcc/test/runtests.jl:5
  Expression: anyascii(s) == expected
   Evaluated: "Nry" == "Naeroy"
Stacktrace:
 [1] (::var"#check#1")(::String, ::String) at /home/user/.julia/packages/AnyAscii/edqcc/test/runtests.jl:5
 [2] top-level scope at /home/user/.julia/packages/AnyAscii/edqcc/test/runtests.jl:18
 [3] top-level scope at /workspace/srcdir/usr/share/julia/stdlib/v1.5/Test/src/Test.jl:1115
 [4] top-level scope at /home/user/.julia/packages/AnyAscii/edqcc/test/runtests.jl:5
AnyAscii.jl: Test Failed at /home/user/.julia/packages/AnyAscii/edqcc/test/runtests.jl:5
  Expression: anyascii(s) == expected
   Evaluated: "" == "Feidippidis"
Stacktrace:
 [1] (::var"#check#1")(::String, ::String) at /home/user/.julia/packages/AnyAscii/edqcc/test/runtests.jl:5
 [2] top-level scope at /home/user/.julia/packages/AnyAscii/edqcc/test/runtests.jl:19
 [3] top-level scope at /workspace/srcdir/usr/share/julia/stdlib/v1.5/Test/src/Test.jl:1115
 [4] top-level scope at /home/user/.julia/packages/AnyAscii/edqcc/test/runtests.jl:5
AnyAscii.jl: Test Failed at /home/user/.julia/packages/AnyAscii/edqcc/test/runtests.jl:5
  Expression: anyascii(s) == expected
   Evaluated: " " == "Dimitris Fotopoylos"
Stacktrace:
 [1] (::var"#check#1")(::String, ::String) at /home/user/.julia/packages/AnyAscii/edqcc/test/runtests.jl:5
 [2] top-level scope at /home/user/.julia/packages/AnyAscii/edqcc/test/runtests.jl:20
 [3] top-level scope at /workspace/srcdir/usr/share/julia/stdlib/v1.5/Test/src/Test.jl:1115
 [4] top-level scope at /home/user/.julia/packages/AnyAscii/edqcc/test/runtests.jl:5
AnyAscii.jl: Test Failed at /home/user/.julia/packages/AnyAscii/edqcc/test/runtests.jl:5
  Expression: anyascii(s) == expected
   Evaluated: "  " == "Boris Nikolaevich El'tsin"
Stacktrace:
 [1] (::var"#check#1")(::String, ::String) at /home/user/.julia/packages/AnyAscii/edqcc/test/runtests.jl:5
 [2] top-level scope at /home/user/.julia/packages/AnyAscii/edqcc/test/runtests.jl:21
 [3] top-level scope at /workspace/srcdir/usr/share/julia/stdlib/v1.5/Test/src/Test.jl:1115
 [4] top-level scope at /home/user/.julia/packages/AnyAscii/edqcc/test/runtests.jl:5
AnyAscii.jl: Test Failed at /home/user/.julia/packages/AnyAscii/edqcc/test/runtests.jl:5
  Expression: anyascii(s) == expected
   Evaluated: " " == "Volodimir Gorbulin"
Stacktrace:
 [1] (::var"#check#1")(::String, ::String) at /home/user/.julia/packages/AnyAscii/edqcc/test/runtests.jl:5
 [2] top-level scope at /home/user/.julia/packages/AnyAscii/edqcc/test/runtests.jl:22
 [3] top-level scope at /workspace/srcdir/usr/share/julia/stdlib/v1.5/Test/src/Test.jl:1115
 [4] top-level scope at /home/user/.julia/packages/AnyAscii/edqcc/test/runtests.jl:5
AnyAscii.jl: Test Failed at /home/user/.julia/packages/AnyAscii/edqcc/test/runtests.jl:5
  Expression: anyascii(s) == expected
   Evaluated: "" == "T'rgovishche"
Stacktrace:
 [1] (::var"#check#1")(::String, ::String) at /home/user/.julia/packages/AnyAscii/edqcc/test/runtests.jl:5
 [2] top-level scope at /home/user/.julia/packages/AnyAscii/edqcc/test/runtests.jl:23
 [3] top-level scope at /workspace/srcdir/usr/share/julia/stdlib/v1.5/Test/src/Test.jl:1115
 [4] top-level scope at /home/user/.julia/packages/AnyAscii/edqcc/test/runtests.jl:5
AnyAscii.jl: Test Failed at /home/user/.julia/packages/AnyAscii/edqcc/test/runtests.jl:5
  Expression: anyascii(s) == expected
   Evaluated: "" == "ShenZhen"
Stacktrace:
 [1] (::var"#check#1")(::String, ::String) at /home/user/.julia/packages/AnyAscii/edqcc/test/runtests.jl:5
 [2] top-level scope at /home/user/.julia/packages/AnyAscii/edqcc/test/runtests.jl:24
 [3] top-level scope at /workspace/srcdir/usr/share/julia/stdlib/v1.5/Test/src/Test.jl:1115
 [4] top-level scope at /home/user/.julia/packages/AnyAscii/edqcc/test/runtests.jl:5
AnyAscii.jl: Test Failed at /home/user/.julia/packages/AnyAscii/edqcc/test/runtests.jl:5
  Expression: anyascii(s) == expected
   Evaluated: "" == "ShenShuiBu"
Stacktrace:
 [1] (::var"#check#1")(::String, ::String) at /home/user/.julia/packages/AnyAscii/edqcc/test/runtests.jl:5
 [2] top-level scope at /home/user/.julia/packages/AnyAscii/edqcc/test/runtests.jl:25
 [3] top-level scope at /workspace/srcdir/usr/share/julia/stdlib/v1.5/Test/src/Test.jl:1115
 [4] top-level scope at /home/user/.julia/packages/AnyAscii/edqcc/test/runtests.jl:5
AnyAscii.jl: Test Failed at /home/user/.julia/packages/AnyAscii/edqcc/test/runtests.jl:5
  Expression: anyascii(s) == expected
   Evaluated: "" == "HwaSeongSi"
Stacktrace:
 [1] (::var"#check#1")(::String, ::String) at /home/user/.julia/packages/AnyAscii/edqcc/test/runtests.jl:5
 [2] top-level scope at /home/user/.julia/packages/AnyAscii/edqcc/test/runtests.jl:26
 [3] top-level scope at /workspace/srcdir/usr/share/julia/stdlib/v1.5/Test/src/Test.jl:1115
 [4] top-level scope at /home/user/.julia/packages/AnyAscii/edqcc/test/runtests.jl:5
AnyAscii.jl: Test Failed at /home/user/.julia/packages/AnyAscii/edqcc/test/runtests.jl:5
  Expression: anyascii(s) == expected
   Evaluated: "" == "HuaChengShi"
Stacktrace:
 [1] (::var"#check#1")(::String, ::String) at /home/user/.julia/packages/AnyAscii/edqcc/test/runtests.jl:5
 [2] top-level scope at /home/user/.julia/packages/AnyAscii/edqcc/test/runtests.jl:27
 [3] top-level scope at /workspace/srcdir/usr/share/julia/stdlib/v1.5/Test/src/Test.jl:1115
 [4] top-level scope at /home/user/.julia/packages/AnyAscii/edqcc/test/runtests.jl:5
AnyAscii.jl: Test Failed at /home/user/.julia/packages/AnyAscii/edqcc/test/runtests.jl:5
  Expression: anyascii(s) == expected
   Evaluated: "" == "saitama"
Stacktrace:
 [1] (::var"#check#1")(::String, ::String) at /home/user/.julia/packages/AnyAscii/edqcc/test/runtests.jl:5
 [2] top-level scope at /home/user/.julia/packages/AnyAscii/edqcc/test/runtests.jl:28
 [3] top-level scope at /workspace/srcdir/usr/share/julia/stdlib/v1.5/Test/src/Test.jl:1115
 [4] top-level scope at /home/user/.julia/packages/AnyAscii/edqcc/test/runtests.jl:5
AnyAscii.jl: Test Failed at /home/user/.julia/packages/AnyAscii/edqcc/test/runtests.jl:5
  Expression: anyascii(s) == expected
   Evaluated: "" == "QiYuXian"
Stacktrace:
 [1] (::var"#check#1")(::String, ::String) at /home/user/.julia/packages/AnyAscii/edqcc/test/runtests.jl:5
 [2] top-level scope at /home/user/.julia/packages/AnyAscii/edqcc/test/runtests.jl:29
 [3] top-level scope at /workspace/srcdir/usr/share/julia/stdlib/v1.5/Test/src/Test.jl:1115
 [4] top-level scope at /home/user/.julia/packages/AnyAscii/edqcc/test/runtests.jl:5
AnyAscii.jl: Test Failed at /home/user/.julia/packages/AnyAscii/edqcc/test/runtests.jl:5
  Expression: anyascii(s) == expected
   Evaluated: " " == "debre zeyt"
Stacktrace:
 [1] (::var"#check#1")(::String, ::String) at /home/user/.julia/packages/AnyAscii/edqcc/test/runtests.jl:5
 [2] top-level scope at /home/user/.julia/packages/AnyAscii/edqcc/test/runtests.jl:30
 [3] top-level scope at /workspace/srcdir/usr/share/julia/stdlib/v1.5/Test/src/Test.jl:1115
 [4] top-level scope at /home/user/.julia/packages/AnyAscii/edqcc/test/runtests.jl:5
AnyAscii.jl: Test Failed at /home/user/.julia/packages/AnyAscii/edqcc/test/runtests.jl:5
  Expression: anyascii(s) == expected
   Evaluated: "" == "dek'emhare"
Stacktrace:
 [1] (::var"#check#1")(::String, ::String) at /home/user/.julia/packages/AnyAscii/edqcc/test/runtests.jl:5
 [2] top-level scope at /home/user/.julia/packages/AnyAscii/edqcc/test/runtests.jl:31
 [3] top-level scope at /workspace/srcdir/usr/share/julia/stdlib/v1.5/Test/src/Test.jl:1115
 [4] top-level scope at /home/user/.julia/packages/AnyAscii/edqcc/test/runtests.jl:5
AnyAscii.jl: Test Failed at /home/user/.julia/packages/AnyAscii/edqcc/test/runtests.jl:5
  Expression: anyascii(s) == expected
   Evaluated: "" == "dmnhwr"
Stacktrace:
 [1] (::var"#check#1")(::String, ::String) at /home/user/.julia/packages/AnyAscii/edqcc/test/runtests.jl:5
 [2] top-level scope at /home/user/.julia/packages/AnyAscii/edqcc/test/runtests.jl:32
 [3] top-level scope at /workspace/srcdir/usr/share/julia/stdlib/v1.5/Test/src/Test.jl:1115
 [4] top-level scope at /home/user/.julia/packages/AnyAscii/edqcc/test/runtests.jl:5
AnyAscii.jl: Test Failed at /home/user/.julia/packages/AnyAscii/edqcc/test/runtests.jl:5
  Expression: anyascii(s) == expected
   Evaluated: "" == "Abovyan"
Stacktrace:
 [1] (::var"#check#1")(::String, ::String) at /home/user/.julia/packages/AnyAscii/edqcc/test/runtests.jl:5
 [2] top-level scope at /home/user/.julia/packages/AnyAscii/edqcc/test/runtests.jl:33
 [3] top-level scope at /workspace/srcdir/usr/share/julia/stdlib/v1.5/Test/src/Test.jl:1115
 [4] top-level scope at /home/user/.julia/packages/AnyAscii/edqcc/test/runtests.jl:5
AnyAscii.jl: Test Failed at /home/user/.julia/packages/AnyAscii/edqcc/test/runtests.jl:5
  Expression: anyascii(s) == expected
   Evaluated: "" == "samt'redia"
Stacktrace:
 [1] (::var"#check#1")(::String, ::String) at /home/user/.julia/packages/AnyAscii/edqcc/test/runtests.jl:5
 [2] top-level scope at /home/user/.julia/packages/AnyAscii/edqcc/test/runtests.jl:34
 [3] top-level scope at /workspace/srcdir/usr/share/julia/stdlib/v1.5/Test/src/Test.jl:1115
 [4] top-level scope at /home/user/.julia/packages/AnyAscii/edqcc/test/runtests.jl:5
AnyAscii.jl: Test Failed at /home/user/.julia/packages/AnyAscii/edqcc/test/runtests.jl:5
  Expression: anyascii(s) == expected
   Evaluated: "  " == "'vrhm hlvy frnkl"
Stacktrace:
 [1] (::var"#check#1")(::String, ::String) at /home/user/.julia/packages/AnyAscii/edqcc/test/runtests.jl:5
 [2] top-level scope at /home/user/.julia/packages/AnyAscii/edqcc/test/runtests.jl:35
 [3] top-level scope at /workspace/srcdir/usr/share/julia/stdlib/v1.5/Test/src/Test.jl:1115
 [4] top-level scope at /home/user/.julia/packages/AnyAscii/edqcc/test/runtests.jl:5
AnyAscii.jl: Test Failed at /home/user/.julia/packages/AnyAscii/edqcc/test/runtests.jl:5
  Expression: anyascii(s) == expected
   Evaluated: "" == "+say x ag"
Stacktrace:
 [1] (::var"#check#1")(::String, ::String) at /home/user/.julia/packages/AnyAscii/edqcc/test/runtests.jl:5
 [2] top-level scope at /home/user/.julia/packages/AnyAscii/edqcc/test/runtests.jl:36
 [3] top-level scope at /workspace/srcdir/usr/share/julia/stdlib/v1.5/Test/src/Test.jl:1115
 [4] top-level scope at /home/user/.julia/packages/AnyAscii/edqcc/test/runtests.jl:5
AnyAscii.jl: Test Failed at /home/user/.julia/packages/AnyAscii/edqcc/test/runtests.jl:5
  Expression: anyascii(s) == expected
   Evaluated: "" == "mymnsimh"
Stacktrace:
 [1] (::var"#check#1")(::String, ::String) at /home/user/.julia/packages/AnyAscii/edqcc/test/runtests.jl:5
 [2] top-level scope at /home/user/.julia/packages/AnyAscii/edqcc/test/runtests.jl:37
 [3] top-level scope at /workspace/srcdir/usr/share/julia/stdlib/v1.5/Test/src/Test.jl:1115
 [4] top-level scope at /home/user/.julia/packages/AnyAscii/edqcc/test/runtests.jl:5
AnyAscii.jl: Test Failed at /home/user/.julia/packages/AnyAscii/edqcc/test/runtests.jl:5
  Expression: anyascii(s) == expected
   Evaluated: "" == "thntln"
Stacktrace:
 [1] (::var"#check#1")(::String, ::String) at /home/user/.julia/packages/AnyAscii/edqcc/test/runtests.jl:5
 [2] top-level scope at /home/user/.julia/packages/AnyAscii/edqcc/test/runtests.jl:38
 [3] top-level scope at /workspace/srcdir/usr/share/julia/stdlib/v1.5/Test/src/Test.jl:1115
 [4] top-level scope at /home/user/.julia/packages/AnyAscii/edqcc/test/runtests.jl:5
AnyAscii.jl: Test Failed at /home/user/.julia/packages/AnyAscii/edqcc/test/runtests.jl:5
  Expression: anyascii(s) == expected
   Evaluated: "" == "porbmdr"
Stacktrace:
 [1] (::var"#check#1")(::String, ::String) at /home/user/.julia/packages/AnyAscii/edqcc/test/runtests.jl:5
 [2] top-level scope at /home/user/.julia/packages/AnyAscii/edqcc/test/runtests.jl:39
 [3] top-level scope at /workspace/srcdir/usr/share/julia/stdlib/v1.5/Test/src/Test.jl:1115
 [4] top-level scope at /home/user/.julia/packages/AnyAscii/edqcc/test/runtests.jl:5
AnyAscii.jl: Test Failed at /home/user/.julia/packages/AnyAscii/edqcc/test/runtests.jl:5
  Expression: anyascii(s) == expected
   Evaluated: "" == "mhasmumd"
Stacktrace:
 [1] (::var"#check#1")(::String, ::String) at /home/user/.julia/packages/AnyAscii/edqcc/test/runtests.jl:5
 [2] top-level scope at /home/user/.julia/packages/AnyAscii/edqcc/test/runtests.jl:40
 [3] top-level scope at /workspace/srcdir/usr/share/julia/stdlib/v1.5/Test/src/Test.jl:1115
 [4] top-level scope at /home/user/.julia/packages/AnyAscii/edqcc/test/runtests.jl:5
AnyAscii.jl: Test Failed at /home/user/.julia/packages/AnyAscii/edqcc/test/runtests.jl:5
  Expression: anyascii(s) == expected
   Evaluated: "" == "bemgluru"
Stacktrace:
 [1] (::var"#check#1")(::String, ::String) at /home/user/.julia/packages/AnyAscii/edqcc/test/runtests.jl:5
 [2] top-level scope at /home/user/.julia/packages/AnyAscii/edqcc/test/runtests.jl:41
 [3] top-level scope at /workspace/srcdir/usr/share/julia/stdlib/v1.5/Test/src/Test.jl:1115
 [4] top-level scope at /home/user/.julia/packages/AnyAscii/edqcc/test/runtests.jl:5
AnyAscii.jl: Test Failed at /home/user/.julia/packages/AnyAscii/edqcc/test/runtests.jl:5
  Expression: anyascii(s) == expected
   Evaluated: "" == "siemrab"
Stacktrace:
 [1] (::var"#check#1")(::String, ::String) at /home/user/.julia/packages/AnyAscii/edqcc/test/runtests.jl:5
 [2] top-level scope at /home/user/.julia/packages/AnyAscii/edqcc/test/runtests.jl:42
 [3] top-level scope at /workspace/srcdir/usr/share/julia/stdlib/v1.5/Test/src/Test.jl:1115
 [4] top-level scope at /home/user/.julia/packages/AnyAscii/edqcc/test/runtests.jl:5
AnyAscii.jl: Test Failed at /home/user/.julia/packages/AnyAscii/edqcc/test/runtests.jl:5
  Expression: anyascii(s) == expected
   Evaluated: "" == "sahvannaekhd"
Stacktrace:
 [1] (::var"#check#1")(::String, ::String) at /home/user/.julia/packages/AnyAscii/edqcc/test/runtests.jl:5
 [2] top-level scope at /home/user/.julia/packages/AnyAscii/edqcc/test/runtests.jl:43
 [3] top-level scope at /workspace/srcdir/usr/share/julia/stdlib/v1.5/Test/src/Test.jl:1115
 [4] top-level scope at /home/user/.julia/packages/AnyAscii/edqcc/test/runtests.jl:5
AnyAscii.jl: Test Failed at /home/user/.julia/packages/AnyAscii/edqcc/test/runtests.jl:5
  Expression: anyascii(s) == expected
   Evaluated: "" == "klmsseri"
Stacktrace:
 [1] (::var"#check#1")(::String, ::String) at /home/user/.julia/packages/AnyAscii/edqcc/test/runtests.jl:5
 [2] top-level scope at /home/user/.julia/packages/AnyAscii/edqcc/test/runtests.jl:44
 [3] top-level scope at /workspace/srcdir/usr/share/julia/stdlib/v1.5/Test/src/Test.jl:1115
 [4] top-level scope at /home/user/.julia/packages/AnyAscii/edqcc/test/runtests.jl:5
AnyAscii.jl: Test Failed at /home/user/.julia/packages/AnyAscii/edqcc/test/runtests.jl:5
  Expression: anyascii(s) == expected
   Evaluated: "" == "gjpti"
Stacktrace:
 [1] (::var"#check#1")(::String, ::String) at /home/user/.julia/packages/AnyAscii/edqcc/test/runtests.jl:5
 [2] top-level scope at /home/user/.julia/packages/AnyAscii/edqcc/test/runtests.jl:45
 [3] top-level scope at /workspace/srcdir/usr/share/julia/stdlib/v1.5/Test/src/Test.jl:1115
 [4] top-level scope at /home/user/.julia/packages/AnyAscii/edqcc/test/runtests.jl:5
AnyAscii.jl: Test Failed at /home/user/.julia/packages/AnyAscii/edqcc/test/runtests.jl:5
  Expression: anyascii(s) == expected
   Evaluated: "" == "jlmdhr"
Stacktrace:
 [1] (::var"#check#1")(::String, ::String) at /home/user/.julia/packages/AnyAscii/edqcc/test/runtests.jl:5
 [2] top-level scope at /home/user/.julia/packages/AnyAscii/edqcc/test/runtests.jl:46
 [3] top-level scope at /workspace/srcdir/usr/share/julia/stdlib/v1.5/Test/src/Test.jl:1115
 [4] top-level scope at /home/user/.julia/packages/AnyAscii/edqcc/test/runtests.jl:5
AnyAscii.jl: Test Failed at /home/user/.julia/packages/AnyAscii/edqcc/test/runtests.jl:5
  Expression: anyascii(s) == expected
   Evaluated: "" == "rtnpur"
Stacktrace:
 [1] (::var"#check#1")(::String, ::String) at /home/user/.julia/packages/AnyAscii/edqcc/test/runtests.jl:5
 [2] top-level scope at /home/user/.julia/packages/AnyAscii/edqcc/test/runtests.jl:47
 [3] top-level scope at /workspace/srcdir/usr/share/julia/stdlib/v1.5/Test/src/Test.jl:1115
 [4] top-level scope at /home/user/.julia/packages/AnyAscii/edqcc/test/runtests.jl:5
AnyAscii.jl: Test Failed at /home/user/.julia/packages/AnyAscii/edqcc/test/runtests.jl:5
  Expression: anyascii(s) == expected
   Evaluated: "" == "knniyakumri"
Stacktrace:
 [1] (::var"#check#1")(::String, ::String) at /home/user/.julia/packages/AnyAscii/edqcc/test/runtests.jl:5
 [2] top-level scope at /home/user/.julia/packages/AnyAscii/edqcc/test/runtests.jl:48
 [3] top-level scope at /workspace/srcdir/usr/share/julia/stdlib/v1.5/Test/src/Test.jl:1115
 [4] top-level scope at /home/user/.julia/packages/AnyAscii/edqcc/test/runtests.jl:5
AnyAscii.jl: Test Failed at /home/user/.julia/packages/AnyAscii/edqcc/test/runtests.jl:5
  Expression: anyascii(s) == expected
   Evaluated: "" == "srikakulm"
Stacktrace:
 [1] (::var"#check#1")(::String, ::String) at /home/user/.julia/packages/AnyAscii/edqcc/test/runtests.jl:5
 [2] top-level scope at /home/user/.julia/packages/AnyAscii/edqcc/test/runtests.jl:49
 [3] top-level scope at /workspace/srcdir/usr/share/julia/stdlib/v1.5/Test/src/Test.jl:1115
 [4] top-level scope at /home/user/.julia/packages/AnyAscii/edqcc/test/runtests.jl:5
AnyAscii.jl: Test Failed at /home/user/.julia/packages/AnyAscii/edqcc/test/runtests.jl:5
  Expression: anyascii(s) == expected
   Evaluated: "" == "sngkhla"
Stacktrace:
 [1] (::var"#check#1")(::String, ::String) at /home/user/.julia/packages/AnyAscii/edqcc/test/runtests.jl:5
 [2] top-level scope at /home/user/.julia/packages/AnyAscii/edqcc/test/runtests.jl:50
 [3] top-level scope at /workspace/srcdir/usr/share/julia/stdlib/v1.5/Test/src/Test.jl:1115
 [4] top-level scope at /home/user/.julia/packages/AnyAscii/edqcc/test/runtests.jl:5
AnyAscii.jl: Test Failed at /home/user/.julia/packages/AnyAscii/edqcc/test/runtests.jl:5
  Expression: anyascii(s) == expected
   Evaluated: "  " == ":sunglasses: :crown: :apple:"
Stacktrace:
 [1] (::var"#check#1")(::String, ::String) at /home/user/.julia/packages/AnyAscii/edqcc/test/runtests.jl:5
 [2] top-level scope at /home/user/.julia/packages/AnyAscii/edqcc/test/runtests.jl:51
 [3] top-level scope at /workspace/srcdir/usr/share/julia/stdlib/v1.5/Test/src/Test.jl:1115
 [4] top-level scope at /home/user/.julia/packages/AnyAscii/edqcc/test/runtests.jl:5
AnyAscii.jl: Test Failed at /home/user/.julia/packages/AnyAscii/edqcc/test/runtests.jl:5
  Expression: anyascii(s) == expected
   Evaluated: "    " == "* # + 5 X"
Stacktrace:
 [1] (::var"#check#1")(::String, ::String) at /home/user/.julia/packages/AnyAscii/edqcc/test/runtests.jl:5
 [2] top-level scope at /home/user/.julia/packages/AnyAscii/edqcc/test/runtests.jl:52
 [3] top-level scope at /workspace/srcdir/usr/share/julia/stdlib/v1.5/Test/src/Test.jl:1115
 [4] top-level scope at /home/user/.julia/packages/AnyAscii/edqcc/test/runtests.jl:5
AnyAscii.jl: Test Failed at /home/user/.julia/packages/AnyAscii/edqcc/test/runtests.jl:5
  Expression: anyascii(s) == expected
   Evaluated: "   " == "No M & A/S"
Stacktrace:
 [1] (::var"#check#1")(::String, ::String) at /home/user/.julia/packages/AnyAscii/edqcc/test/runtests.jl:5
 [2] top-level scope at /home/user/.julia/packages/AnyAscii/edqcc/test/runtests.jl:53
 [3] top-level scope at /workspace/srcdir/usr/share/julia/stdlib/v1.5/Test/src/Test.jl:1115
 [4] top-level scope at /home/user/.julia/packages/AnyAscii/edqcc/test/runtests.jl:5
AnyAscii.jl: Test Failed at /home/user/.julia/packages/AnyAscii/edqcc/test/runtests.jl:5
  Expression: anyascii(s) == expected
   Evaluated: "" == "toyota"
Stacktrace:
 [1] (::var"#check#1")(::String, ::String) at /home/user/.julia/packages/AnyAscii/edqcc/test/runtests.jl:5
 [2] top-level scope at /home/user/.julia/packages/AnyAscii/edqcc/test/runtests.jl:55
 [3] top-level scope at /workspace/srcdir/usr/share/julia/stdlib/v1.5/Test/src/Test.jl:1115
 [4] top-level scope at /home/user/.julia/packages/AnyAscii/edqcc/test/runtests.jl:5
AnyAscii.jl: Test Failed at /home/user/.julia/packages/AnyAscii/edqcc/test/runtests.jl:5
  Expression: anyascii(s) == expected
   Evaluated: "" == "konakri"
Stacktrace:
 [1] (::var"#check#1")(::String, ::String) at /home/user/.julia/packages/AnyAscii/edqcc/test/runtests.jl:5
 [2] top-level scope at /home/user/.julia/packages/AnyAscii/edqcc/test/runtests.jl:56
 [3] top-level scope at /workspace/srcdir/usr/share/julia/stdlib/v1.5/Test/src/Test.jl:1115
 [4] top-level scope at /home/user/.julia/packages/AnyAscii/edqcc/test/runtests.jl:5
Test Summary: | Pass  Fail  Total
AnyAscii.jl   |    6    42     48
ERROR: LoadError: Some tests did not pass: 6 passed, 42 failed, 0 errored, 0 broken.
in expression starting at /home/user/.julia/packages/AnyAscii/edqcc/test/runtests.jl:4

PkgEval failed: Package AnyAscii errored during testing
Stacktrace:
 [1] pkgerror(::String) at /workspace/srcdir/usr/share/julia/stdlib/v1.5/Pkg/src/Types.jl:52
 [2] test(::Pkg.Types.Context, ::Array{Pkg.Types.PackageSpec,1}; coverage::Bool, julia_args::Cmd, test_args::Cmd, test_fn::Nothing) at /workspace/srcdir/usr/share/julia/stdlib/v1.5/Pkg/src/Operations.jl:1578
 [3] test(::Pkg.Types.Context, ::Array{Pkg.Types.PackageSpec,1}; coverage::Bool, test_fn::Nothing, julia_args::Cmd, test_args::Cmd, kwargs::Base.Iterators.Pairs{Union{},Union{},Tuple{},NamedTuple{(),Tuple{}}}) at /workspace/srcdir/usr/share/julia/stdlib/v1.5/Pkg/src/API.jl:327
 [4] test(::Pkg.Types.Context, ::Array{Pkg.Types.PackageSpec,1}) at /workspace/srcdir/usr/share/julia/stdlib/v1.5/Pkg/src/API.jl:314
 [5] #test#61 at /workspace/srcdir/usr/share/julia/stdlib/v1.5/Pkg/src/API.jl:67 [inlined]
 [6] test at /workspace/srcdir/usr/share/julia/stdlib/v1.5/Pkg/src/API.jl:67 [inlined]
 [7] #test#60 at /workspace/srcdir/usr/share/julia/stdlib/v1.5/Pkg/src/API.jl:66 [inlined]
 [8] test at /workspace/srcdir/usr/share/julia/stdlib/v1.5/Pkg/src/API.jl:66 [inlined]
 [9] test(::String; kwargs::Base.Iterators.Pairs{Union{},Union{},Tuple{},NamedTuple{(),Tuple{}}}) at /workspace/srcdir/usr/share/julia/stdlib/v1.5/Pkg/src/API.jl:65
 [10] test(::String) at /workspace/srcdir/usr/share/julia/stdlib/v1.5/Pkg/src/API.jl:65
 [11] top-level scope at none:22
 [12] eval at ./boot.jl:331 [inlined]
 [13] eval(::Expr) at ./client.jl:467
 [14] top-level scope at none:1
 [15] eval(::Module, ::Any) at ./boot.jl:331
 [16] exec_options(::Base.JLOptions) at ./client.jl:272
 [17] _start() at ./client.jl:506


################################################################################
# PkgEval teardown: 2021-01-11T18:41:58.854
CPU usage: 13.10s (10.46s user, 2.67s kernel)

Network usage:
- eth0: 2.696 MiB received, 29.686 KiB sent

Raw statistics: {"blkio_stats":{"io_queue_recursive":[],"io_serviced_recursive":[{"major":259,"value":8,"op":"Read","minor":0},{"major":259,"value":19,"op":"Write","minor":0},{"major":259,"value":22,"op":"Sync","minor":0},{"major":259,"value":5,"op":"Async","minor":0},{"major":259,"value":0,"op":"Discard","minor":0},{"major":259,"value":27,"op":"Total","minor":0},{"major":253,"value":8,"op":"Read","minor":2},{"major":253,"value":19,"op":"Write","minor":2},{"major":253,"value":22,"op":"Sync","minor":2},{"major":253,"value":5,"op":"Async","minor":2},{"major":253,"value":0,"op":"Discard","minor":2},{"major":253,"value":27,"op":"Total","minor":2}],"io_time_recursive":[],"sectors_recursive":[],"io_service_bytes_recursive":[{"major":259,"value":32768,"op":"Read","minor":0},{"major":259,"value":77824,"op":"Write","minor":0},{"major":259,"value":90112,"op":"Sync","minor":0},{"major":259,"value":20480,"op":"Async","minor":0},{"major":259,"value":0,"op":"Discard","minor":0},{"major":259,"value":110592,"op":"Total","minor":0},{"major":253,"value":32768,"op":"Read","minor":2},{"major":253,"value":77824,"op":"Write","minor":2},{"major":253,"value":90112,"op":"Sync","minor":2},{"major":253,"value":20480,"op":"Async","minor":2},{"major":253,"value":0,"op":"Discard","minor":2},{"major":253,"value":110592,"op":"Total","minor":2}],"io_wait_time_recursive":[],"io_merged_recursive":[],"io_service_time_recursive":[]},"memory_stats":{"usage":343207936,"max_usage":501645312,"stats":{"hierarchical_memory_limit":9223372036854771712,"pgmajfault":0,"total_rss":230658048,"inactive_file":135168,"inactive_anon":80830464,"total_pgfault":265782,"total_cache":82173952,"total_rss_huge":0,"total_active_anon":231137280,"total_pgmajfault":0,"pgpgin":182127,"rss_huge":0,"mapped_file":0,"total_inactive_file":135168,"dirty":270336,"total_unevictable":0,"total_dirty":270336,"writeback":135168,"pgpgout":105762,"hierarchical_memsw_limit":0,"cache":82173952,"active_file":675840,"pgfault":265782,"total_mapped_file":0,"total_pgpgout":105762,"total_writeback":135168,"rss":230658048,"unevictable":0,"total_inactive_anon":80830464,"total_pgpgin":182127,"active_anon":231137280,"total_active_file":675840},"limit":540965302272},"name":"/AnyAscii-nCeUNodA","networks":{"eth0":{"rx_bytes":2826741,"rx_packets":338,"tx_packets":318,"tx_bytes":30398,"tx_dropped":0,"rx_dropped":1,"tx_errors":0,"rx_errors":0}},"id":"bb3135f44e03a735190b21c17b4054fe21d0e6ad20cc010a919ccb3ab7a54a69","preread":"0001-01-01T00:00:00Z","storage_stats":{},"precpu_stats":{"throttling_data":{"throttled_periods":0,"throttled_time":0,"periods":0},"cpu_usage":{"usage_in_usermode":0,"usage_in_kernelmode":0,"total_usage":0}},"pids_stats":{"current":44},"num_procs":0,"cpu_stats":{"throttling_data":{"throttled_periods":0,"throttled_time":0,"periods":0},"system_cpu_usage":4680826274522419,"online_cpus":128,"cpu_usage":{"usage_in_usermode":10460000000,"usage_in_kernelmode":2670000000,"total_usage":13096717818,"percpu_usage":[0,0,0,0,0,0,0,0,0,0,0,0,0,0,0,0,0,0,0,0,0,0,0,0,0,0,0,0,0,0,0,0,0,0,0,0,0,0,0,0,0,0,0,0,0,0,0,0,0,0,0,0,0,0,13096714398,0,0,0,0,0,0,0,0,0,0,0,0,0,0,0,0,0,0,0,0,0,0,0,0,0,0,0,0,0,0,0,0,0,0,0,0,0,0,0,0,0,0,0,0,0,0,0,0,0,0,0,0,0,0,0,0,0,0,0,0,0,0,3420,0,0,0,0,0,0,0,0,0,0]}},"read":"2021-01-11T18:41:58.85674498Z"}