################################################################################
# PackageCompiler set-up: 2021-01-11T22:25:37.806
#

Julia Version 1.5.3
Commit 599f52c4c6 (2020-12-18 13:33 UTC)
Platform Info:
  OS: Linux (x86_64-linux-gnu)
  CPU: AMD EPYC 7502 32-Core Processor
  WORD_SIZE: 64
  LIBM: libopenlibm
  LLVM: libLLVM-9.0.1 (ORCJIT, znver2)
Environment:
  JULIA_PKGEVAL = true
  JULIA_PKG_PRECOMPILE_AUTO = 0



################################################################################
# Installation: 2021-01-11T22:25:39.512
#

 Installing known registries into `~/.julia`
##                                                                         3.8%######################################################################## 100.0%
      Added registry `General` to `~/.julia/registries/General`
  Resolving package versions...
  Installed Artifacts ──────────────────── v1.3.0
  Installed CompilerSupportLibraries_jll ─ v0.3.4+0
  Installed Arpack_jll ─────────────────── v3.5.0+3
  Installed OpenBLAS_jll ───────────────── v0.3.9+5
  Installed Arpack ─────────────────────── v0.5.1
  Installed JLLWrappers ────────────────── v1.2.0
  Installed PackageCompiler ────────────── v1.2.5
Updating `~/.julia/environments/v1.5/Project.toml`
  [7d9fca2a] + Arpack v0.5.1
  [9b87118b] + PackageCompiler v1.2.5
Updating `~/.julia/environments/v1.5/Manifest.toml`
  [7d9fca2a] + Arpack v0.5.1
  [68821587] + Arpack_jll v3.5.0+3
  [56f22d72] + Artifacts v1.3.0
  [e66e0078] + CompilerSupportLibraries_jll v0.3.4+0
  [692b3bcd] + JLLWrappers v1.2.0
  [4536629a] + OpenBLAS_jll v0.3.9+5
  [9b87118b] + PackageCompiler v1.2.5
  [2a0f44e3] + Base64
  [ade2ca70] + Dates
  [b77e0a4c] + InteractiveUtils
  [76f85450] + LibGit2
  [8f399da3] + Libdl
  [37e2e46d] + LinearAlgebra
  [56ddb016] + Logging
  [d6f4376e] + Markdown
  [44cfe95a] + Pkg
  [de0858da] + Printf
  [3fa0cd96] + REPL
  [9a3f8284] + Random
  [ea8e919c] + SHA
  [9e88b42a] + Serialization
  [6462fe0b] + Sockets
  [cf7118a7] + UUIDs
  [4ec0a83e] + Unicode


################################################################################
# Compiling: 2021-01-11T22:25:45.293
#

[ Info: PackageCompiler: creating system image object file, this might take a while...
Generated system image is 148.338 MiB, compilation took 167 seconds


################################################################################
# PkgEval set-up: 2021-01-11T22:28:39.67
#

Julia Version 1.5.3
Commit 599f52c4c6 (2020-12-18 13:33 UTC)
Platform Info:
  OS: Linux (x86_64-linux-gnu)
  CPU: AMD EPYC 7502 32-Core Processor
  WORD_SIZE: 64
  LIBM: libopenlibm
  LLVM: libLLVM-9.0.1 (ORCJIT, znver2)
Environment:
  JULIA_PKGEVAL = true
  JULIA_PKG_PRECOMPILE_AUTO = 0

Base.julia_cmd() = `/usr/local/julia/bin/julia -Cnative -J/cache/Arpack-zFeclufn.so -g1`


################################################################################
# Installation: 2021-01-11T22:28:41.449
#

 Installing known registries into `~/.julia`
######################################################################## 100.0%
      Added registry `General` to `~/.julia/registries/General`
  Resolving package versions...
  Installed CompilerSupportLibraries_jll ─ v0.3.4+0
  Installed Arpack_jll ─────────────────── v3.5.0+3
  Installed Arpack ─────────────────────── v0.5.1
  Installed JLLWrappers ────────────────── v1.2.0
  Installed Artifacts ──────────────────── v1.3.0
  Installed OpenBLAS_jll ───────────────── v0.3.9+5
Updating `~/.julia/environments/v1.5/Project.toml`
  [7d9fca2a] + Arpack v0.5.1
Updating `~/.julia/environments/v1.5/Manifest.toml`
  [7d9fca2a] + Arpack v0.5.1
  [68821587] + Arpack_jll v3.5.0+3
  [56f22d72] + Artifacts v1.3.0
  [e66e0078] + CompilerSupportLibraries_jll v0.3.4+0
  [692b3bcd] + JLLWrappers v1.2.0
  [4536629a] + OpenBLAS_jll v0.3.9+5
  [2a0f44e3] + Base64
  [ade2ca70] + Dates
  [b77e0a4c] + InteractiveUtils
  [76f85450] + LibGit2
  [8f399da3] + Libdl
  [37e2e46d] + LinearAlgebra
  [56ddb016] + Logging
  [d6f4376e] + Markdown
  [44cfe95a] + Pkg
  [de0858da] + Printf
  [3fa0cd96] + REPL
  [9a3f8284] + Random
  [ea8e919c] + SHA
  [9e88b42a] + Serialization
  [6462fe0b] + Sockets
  [cf7118a7] + UUIDs
  [4ec0a83e] + Unicode


################################################################################
# Testing: 2021-01-11T22:28:46.249
#

    Testing Arpack
Status `/tmp/jl_u6rdH8/Project.toml`
  [7d9fca2a] Arpack v0.5.1
  [68821587] Arpack_jll v3.5.0+3
  [8f399da3] Libdl
  [37e2e46d] LinearAlgebra
  [56ddb016] Logging
  [9a3f8284] Random
  [2f01184e] SparseArrays
  [8dfed614] Test
Status `/tmp/jl_u6rdH8/Manifest.toml`
  [7d9fca2a] Arpack v0.5.1
  [68821587] Arpack_jll v3.5.0+3
  [56f22d72] Artifacts v1.3.0
  [e66e0078] CompilerSupportLibraries_jll v0.3.4+0
  [692b3bcd] JLLWrappers v1.2.0
  [4536629a] OpenBLAS_jll v0.3.9+5
  [2a0f44e3] Base64
  [ade2ca70] Dates
  [8ba89e20] Distributed
  [b77e0a4c] InteractiveUtils
  [76f85450] LibGit2
  [8f399da3] Libdl
  [37e2e46d] LinearAlgebra
  [56ddb016] Logging
  [d6f4376e] Markdown
  [44cfe95a] Pkg
  [de0858da] Printf
  [3fa0cd96] REPL
  [9a3f8284] Random
  [ea8e919c] SHA
  [9e88b42a] Serialization
  [6462fe0b] Sockets
  [2f01184e] SparseArrays
  [8dfed614] Test
  [cf7118a7] UUIDs
  [4ec0a83e] Unicode
Test Summary: | Pass  Total
eigs          |   56     56
Test Summary: | Pass  Total
real svds     |  189    189
Test Summary: | Pass  Total
complex svds  |    7      7
Test Summary: | Pass  Total
promotion     |    3      3
Test Summary:               | Pass  Total
svds for non-AbstractMatrix |    1      1
Test Summary: | Pass  Broken  Total
low rank      |   15       3     18
Test Summary: | Pass  Total
issue 118     |  100    100
    Testing Arpack tests passed 

PkgEval succeeded


################################################################################
# PkgEval teardown: 2021-01-11T22:29:32.538
CPU usage: 53.13s (50.34s user, 2.84s kernel)

Network usage:
- eth0: 2.630 MiB received, 49.714 KiB sent

Raw statistics: {"blkio_stats":{"io_queue_recursive":[],"io_serviced_recursive":[{"major":259,"value":0,"op":"Read","minor":0},{"major":259,"value":19,"op":"Write","minor":0},{"major":259,"value":14,"op":"Sync","minor":0},{"major":259,"value":5,"op":"Async","minor":0},{"major":259,"value":0,"op":"Discard","minor":0},{"major":259,"value":19,"op":"Total","minor":0},{"major":253,"value":0,"op":"Read","minor":2},{"major":253,"value":19,"op":"Write","minor":2},{"major":253,"value":14,"op":"Sync","minor":2},{"major":253,"value":5,"op":"Async","minor":2},{"major":253,"value":0,"op":"Discard","minor":2},{"major":253,"value":19,"op":"Total","minor":2}],"io_time_recursive":[],"sectors_recursive":[],"io_service_bytes_recursive":[{"major":259,"value":0,"op":"Read","minor":0},{"major":259,"value":77824,"op":"Write","minor":0},{"major":259,"value":57344,"op":"Sync","minor":0},{"major":259,"value":20480,"op":"Async","minor":0},{"major":259,"value":0,"op":"Discard","minor":0},{"major":259,"value":77824,"op":"Total","minor":0},{"major":253,"value":0,"op":"Read","minor":2},{"major":253,"value":77824,"op":"Write","minor":2},{"major":253,"value":57344,"op":"Sync","minor":2},{"major":253,"value":20480,"op":"Async","minor":2},{"major":253,"value":0,"op":"Discard","minor":2},{"major":253,"value":77824,"op":"Total","minor":2}],"io_wait_time_recursive":[],"io_merged_recursive":[],"io_service_time_recursive":[]},"memory_stats":{"usage":330829824,"max_usage":622952448,"stats":{"hierarchical_memory_limit":9223372036854771712,"pgmajfault":0,"total_rss":220561408,"inactive_file":135168,"inactive_anon":79613952,"total_pgfault":719499,"total_cache":80297984,"total_rss_huge":0,"total_active_anon":221270016,"total_pgmajfault":0,"pgpgin":254067,"rss_huge":0,"mapped_file":0,"total_inactive_file":135168,"dirty":135168,"total_unevictable":0,"total_dirty":135168,"writeback":135168,"pgpgout":180621,"hierarchical_memsw_limit":0,"cache":80297984,"active_file":135168,"pgfault":719499,"total_mapped_file":0,"total_pgpgout":180621,"total_writeback":135168,"rss":220561408,"unevictable":0,"total_inactive_anon":79613952,"total_pgpgin":254067,"active_anon":221270016,"total_active_file":135168},"limit":540965302272},"name":"/Arpack-TcLjT792","networks":{"eth0":{"rx_bytes":2757284,"rx_packets":419,"tx_packets":446,"tx_bytes":50907,"tx_dropped":0,"rx_dropped":2,"tx_errors":0,"rx_errors":0}},"id":"baaa98037a1925d798edf4bf60485fc660b30b62b2ffaa6470a113788248d960","preread":"0001-01-01T00:00:00Z","storage_stats":{},"precpu_stats":{"throttling_data":{"throttled_periods":0,"throttled_time":0,"periods":0},"cpu_usage":{"usage_in_usermode":0,"usage_in_kernelmode":0,"total_usage":0}},"pids_stats":{"current":44},"num_procs":0,"cpu_stats":{"throttling_data":{"throttled_periods":0,"throttled_time":0,"periods":0},"system_cpu_usage":6425661474522419,"online_cpus":128,"cpu_usage":{"usage_in_usermode":50340000000,"usage_in_kernelmode":2840000000,"total_usage":53129403362,"percpu_usage":[0,0,0,0,0,0,0,0,0,0,0,0,0,0,0,0,0,53129399202,0,4160,0,0,0,0,0,0,0,0,0,0,0,0,0,0,0,0,0,0,0,0,0,0,0,0,0,0,0,0,0,0,0,0,0,0,0,0,0,0,0,0,0,0,0,0,0,0,0,0,0,0,0,0,0,0,0,0,0,0,0,0,0,0,0,0,0,0,0,0,0,0,0,0,0,0,0,0,0,0,0,0,0,0,0,0,0,0,0,0,0,0,0,0,0,0,0,0,0,0,0,0,0,0,0,0,0,0,0,0]}},"read":"2021-01-11T22:29:32.541779566Z"}