################################################################################
# PackageCompiler set-up: 2021-01-11T20:30:29.199
#

Julia Version 1.5.3
Commit 599f52c4c6 (2020-12-18 13:33 UTC)
Platform Info:
  OS: Linux (x86_64-linux-gnu)
  CPU: AMD EPYC 7502 32-Core Processor
  WORD_SIZE: 64
  LIBM: libopenlibm
  LLVM: libLLVM-9.0.1 (ORCJIT, znver2)
Environment:
  JULIA_PKGEVAL = true
  JULIA_PKG_PRECOMPILE_AUTO = 0



################################################################################
# Installation: 2021-01-11T20:30:30.906
#

 Installing known registries into `~/.julia`
###########################                                               37.8%######################################################################## 100.0%
      Added registry `General` to `~/.julia/registries/General`
  Resolving package versions...
  Installed AsmMacro ──────── v0.1.0
  Installed PackageCompiler ─ v1.2.5
Updating `~/.julia/environments/v1.5/Project.toml`
  [f617cd02] + AsmMacro v0.1.0
  [9b87118b] + PackageCompiler v1.2.5
Updating `~/.julia/environments/v1.5/Manifest.toml`
  [f617cd02] + AsmMacro v0.1.0
  [9b87118b] + PackageCompiler v1.2.5
  [2a0f44e3] + Base64
  [ade2ca70] + Dates
  [b77e0a4c] + InteractiveUtils
  [76f85450] + LibGit2
  [8f399da3] + Libdl
  [56ddb016] + Logging
  [d6f4376e] + Markdown
  [44cfe95a] + Pkg
  [de0858da] + Printf
  [3fa0cd96] + REPL
  [9a3f8284] + Random
  [ea8e919c] + SHA
  [9e88b42a] + Serialization
  [6462fe0b] + Sockets
  [cf7118a7] + UUIDs
  [4ec0a83e] + Unicode


################################################################################
# Compiling: 2021-01-11T20:30:36.457
#

[ Info: PackageCompiler: creating system image object file, this might take a while...
Generated system image is 147.284 MiB, compilation took 158 seconds


################################################################################
# PkgEval set-up: 2021-01-11T20:33:22.184
#

Julia Version 1.5.3
Commit 599f52c4c6 (2020-12-18 13:33 UTC)
Platform Info:
  OS: Linux (x86_64-linux-gnu)
  CPU: AMD EPYC 7502 32-Core Processor
  WORD_SIZE: 64
  LIBM: libopenlibm
  LLVM: libLLVM-9.0.1 (ORCJIT, znver2)
Environment:
  JULIA_PKGEVAL = true
  JULIA_PKG_PRECOMPILE_AUTO = 0

Base.julia_cmd() = `/usr/local/julia/bin/julia -Cnative -J/cache/AsmMacro-ubIWuR3w.so -g1`


################################################################################
# Installation: 2021-01-11T20:33:23.954
#

 Installing known registries into `~/.julia`
#=#=#                                                                         ######################################################################## 100.0%
      Added registry `General` to `~/.julia/registries/General`
  Resolving package versions...
  Installed AsmMacro ─ v0.1.0
Updating `~/.julia/environments/v1.5/Project.toml`
  [f617cd02] + AsmMacro v0.1.0
Updating `~/.julia/environments/v1.5/Manifest.toml`
  [f617cd02] + AsmMacro v0.1.0


################################################################################
# Testing: 2021-01-11T20:33:27.499
#

    Testing AsmMacro
Status `/tmp/jl_PG3KP8/Project.toml`
  [f617cd02] AsmMacro v0.1.0
  [8dfed614] Test
Status `/tmp/jl_PG3KP8/Manifest.toml`
  [f617cd02] AsmMacro v0.1.0
  [2a0f44e3] Base64
  [8ba89e20] Distributed
  [b77e0a4c] InteractiveUtils
  [56ddb016] Logging
  [d6f4376e] Markdown
  [9a3f8284] Random
  [9e88b42a] Serialization
  [6462fe0b] Sockets
  [8dfed614] Test
Test Summary: | Pass  Total
@asm          |    6      6
    Testing AsmMacro tests passed 

PkgEval succeeded


################################################################################
# PkgEval teardown: 2021-01-11T20:33:30.906
CPU usage: 8.71s (6.46s user, 2.29s kernel)

Network usage:
- eth0: 2.534 MiB received, 27.031 KiB sent

Raw statistics: {"blkio_stats":{"io_queue_recursive":[],"io_serviced_recursive":[{"major":259,"value":1,"op":"Read","minor":0},{"major":259,"value":19,"op":"Write","minor":0},{"major":259,"value":15,"op":"Sync","minor":0},{"major":259,"value":5,"op":"Async","minor":0},{"major":259,"value":0,"op":"Discard","minor":0},{"major":259,"value":20,"op":"Total","minor":0},{"major":253,"value":1,"op":"Read","minor":2},{"major":253,"value":19,"op":"Write","minor":2},{"major":253,"value":15,"op":"Sync","minor":2},{"major":253,"value":5,"op":"Async","minor":2},{"major":253,"value":0,"op":"Discard","minor":2},{"major":253,"value":20,"op":"Total","minor":2}],"io_time_recursive":[],"sectors_recursive":[],"io_service_bytes_recursive":[{"major":259,"value":131072,"op":"Read","minor":0},{"major":259,"value":77824,"op":"Write","minor":0},{"major":259,"value":188416,"op":"Sync","minor":0},{"major":259,"value":20480,"op":"Async","minor":0},{"major":259,"value":0,"op":"Discard","minor":0},{"major":259,"value":208896,"op":"Total","minor":0},{"major":253,"value":131072,"op":"Read","minor":2},{"major":253,"value":77824,"op":"Write","minor":2},{"major":253,"value":188416,"op":"Sync","minor":2},{"major":253,"value":20480,"op":"Async","minor":2},{"major":253,"value":0,"op":"Discard","minor":2},{"major":253,"value":208896,"op":"Total","minor":2}],"io_wait_time_recursive":[],"io_merged_recursive":[],"io_service_time_recursive":[]},"memory_stats":{"usage":286101504,"max_usage":440320000,"stats":{"hierarchical_memory_limit":9223372036854771712,"pgmajfault":0,"total_rss":177061888,"inactive_file":135168,"inactive_anon":78802944,"total_pgfault":177804,"total_cache":79392768,"total_rss_huge":0,"total_active_anon":177610752,"total_pgmajfault":0,"pgpgin":147312,"rss_huge":0,"mapped_file":0,"total_inactive_file":135168,"dirty":135168,"total_unevictable":0,"total_dirty":135168,"writeback":0,"pgpgout":84725,"hierarchical_memsw_limit":0,"cache":79392768,"active_file":135168,"pgfault":177804,"total_mapped_file":0,"total_pgpgout":84725,"total_writeback":0,"rss":177061888,"unevictable":0,"total_inactive_anon":78802944,"total_pgpgin":147312,"active_anon":177610752,"total_active_file":135168},"limit":540965302272},"name":"/AsmMacro-ZCYs4VBg","networks":{"eth0":{"rx_bytes":2656913,"rx_packets":277,"tx_packets":277,"tx_bytes":27680,"tx_dropped":0,"rx_dropped":1,"tx_errors":0,"rx_errors":0}},"id":"74568d74dffb888aa136fcc1b3477d1234a1c64473689ec454582edfc6a22b8c","preread":"0001-01-01T00:00:00Z","storage_stats":{},"precpu_stats":{"throttling_data":{"throttled_periods":0,"throttled_time":0,"periods":0},"cpu_usage":{"usage_in_usermode":0,"usage_in_kernelmode":0,"total_usage":0}},"pids_stats":{"current":44},"num_procs":0,"cpu_stats":{"throttling_data":{"throttled_periods":0,"throttled_time":0,"periods":0},"system_cpu_usage":5536248454522419,"online_cpus":128,"cpu_usage":{"usage_in_usermode":6460000000,"usage_in_kernelmode":2290000000,"total_usage":8705697055,"percpu_usage":[0,0,0,0,0,0,0,8705694905,0,0,0,0,0,0,0,0,0,0,0,0,0,0,0,0,0,0,0,0,0,0,0,0,0,0,0,0,0,0,0,0,0,0,0,0,0,0,0,0,0,0,0,0,0,0,0,0,0,0,0,0,0,0,0,0,0,0,0,0,0,2150,0,0,0,0,0,0,0,0,0,0,0,0,0,0,0,0,0,0,0,0,0,0,0,0,0,0,0,0,0,0,0,0,0,0,0,0,0,0,0,0,0,0,0,0,0,0,0,0,0,0,0,0,0,0,0,0,0,0]}},"read":"2021-01-11T20:33:30.909294993Z"}