################################################################################
# PackageCompiler set-up: 2021-01-11T15:40:25.66
#

Julia Version 1.5.3
Commit 599f52c4c6 (2020-12-18 13:33 UTC)
Platform Info:
  OS: Linux (x86_64-linux-gnu)
  CPU: AMD EPYC 7502 32-Core Processor
  WORD_SIZE: 64
  LIBM: libopenlibm
  LLVM: libLLVM-9.0.1 (ORCJIT, znver2)
Environment:
  JULIA_PKGEVAL = true
  JULIA_PKG_PRECOMPILE_AUTO = 0



################################################################################
# Installation: 2021-01-11T15:40:27.355
#

 Installing known registries into `~/.julia`
####################                                                      28.4%######################################################################## 100.0%
      Added registry `General` to `~/.julia/registries/General`
  Resolving package versions...
  Installed CompilerSupportLibraries_jll ─ v0.3.4+0
  Installed Reexport ───────────────────── v0.2.0
  Installed Rmath_jll ──────────────────── v0.2.2+1
  Installed Rmath ──────────────────────── v0.6.1
  Installed MLDataUtils ────────────────── v0.5.2
  Installed GPUArrays ──────────────────── v5.2.1
  Installed Avalon ─────────────────────── v0.1.0
  Installed MuladdMacro ────────────────── v0.2.2
  Installed TableTraits ────────────────── v1.0.0
  Installed LearnBase ──────────────────── v0.3.0
  Installed CEnum ──────────────────────── v0.4.1
  Installed PackageCompiler ────────────── v1.2.5
  Installed CategoricalArrays ──────────── v0.8.3
  Installed Tables ─────────────────────── v1.2.2
  Installed StatsBase ──────────────────── v0.33.2
  Installed DataStructures ─────────────── v0.18.8
  Installed DataFrames ─────────────────── v0.21.8
  Installed LLVM ───────────────────────── v2.0.0
  Installed DataAPI ────────────────────── v1.4.0
  Installed FillArrays ─────────────────── v0.9.7
  Installed QuadGK ─────────────────────── v2.4.1
  Installed Requires ───────────────────── v1.1.2
  Installed TimerOutputs ───────────────── v0.5.7
  Installed Espresso ───────────────────── v0.6.1
  Installed Yota ───────────────────────── v0.4.3
  Installed CUDA ───────────────────────── v1.3.3
  Installed MLLabelUtils ───────────────── v0.5.5
  Installed OrderedCollections ─────────── v1.3.2
  Installed InvertedIndices ────────────── v1.0.0
  Installed DataValueInterfaces ────────── v1.0.0
  Installed Missings ───────────────────── v0.4.4
  Installed IRTools ────────────────────── v0.4.2
  Installed StaticArrays ───────────────── v0.12.5
  Installed MacroTools ─────────────────── v0.5.6
  Installed JuliaInterpreter ───────────── v0.7.26
  Installed JLLWrappers ────────────────── v1.2.0
  Installed CodeTracking ───────────────── v1.0.5
  Installed MappedArrays ───────────────── v0.3.0
  Installed PooledArrays ───────────────── v0.5.3
  Installed AbstractFFTs ───────────────── v0.5.0
  Installed PDMats ─────────────────────── v0.10.1
  Installed Adapt ──────────────────────── v2.4.0
  Installed StatsFuns ──────────────────── v0.9.6
  Installed StructTypes ────────────────── v1.2.1
  Installed ExprTools ──────────────────── v0.1.3
  Installed MLDataPattern ──────────────── v0.5.4
  Installed JSON ───────────────────────── v0.21.1
  Installed Distributions ──────────────── v0.23.12
  Installed FixedPointNumbers ──────────── v0.8.4
  Installed SpecialFunctions ───────────── v0.10.3
  Installed IteratorInterfaceExtensions ── v1.0.0
  Installed Compat ─────────────────────── v3.25.0
  Installed ChainRulesCore ─────────────── v0.9.24
  Installed OpenSpecFun_jll ────────────── v0.5.3+4
  Installed Cassette ───────────────────── v0.3.4
  Installed BinaryProvider ─────────────── v0.5.10
  Installed GPUCompiler ────────────────── v0.6.1
  Installed NNlib ──────────────────────── v0.6.6
  Installed Parsers ────────────────────── v1.0.15
  Installed Artifacts ──────────────────── v1.3.0
  Installed SortingAlgorithms ──────────── v0.3.1
Updating `~/.julia/environments/v1.5/Project.toml`
  [d462d321] + Avalon v0.1.0
  [9b87118b] + PackageCompiler v1.2.5
Updating `~/.julia/environments/v1.5/Manifest.toml`
  [621f4979] + AbstractFFTs v0.5.0
  [79e6a3ab] + Adapt v2.4.0
  [56f22d72] + Artifacts v1.3.0
  [d462d321] + Avalon v0.1.0
  [b99e7846] + BinaryProvider v0.5.10
  [fa961155] + CEnum v0.4.1
  [052768ef] + CUDA v1.3.3
  [7057c7e9] + Cassette v0.3.4
  [324d7699] + CategoricalArrays v0.8.3
  [d360d2e6] + ChainRulesCore v0.9.24
  [da1fd8a2] + CodeTracking v1.0.5
  [34da2185] + Compat v3.25.0
  [e66e0078] + CompilerSupportLibraries_jll v0.3.4+0
  [9a962f9c] + DataAPI v1.4.0
  [a93c6f00] + DataFrames v0.21.8
  [864edb3b] + DataStructures v0.18.8
  [e2d170a0] + DataValueInterfaces v1.0.0
  [31c24e10] + Distributions v0.23.12
  [6912e4f1] + Espresso v0.6.1
  [e2ba6199] + ExprTools v0.1.3
  [1a297f60] + FillArrays v0.9.7
  [53c48c17] + FixedPointNumbers v0.8.4
  [0c68f7d7] + GPUArrays v5.2.1
  [61eb1bfa] + GPUCompiler v0.6.1
  [7869d1d1] + IRTools v0.4.2
  [41ab1584] + InvertedIndices v1.0.0
  [82899510] + IteratorInterfaceExtensions v1.0.0
  [692b3bcd] + JLLWrappers v1.2.0
  [682c06a0] + JSON v0.21.1
  [aa1ae85d] + JuliaInterpreter v0.7.26
  [929cbde3] + LLVM v2.0.0
  [7f8f8fb0] + LearnBase v0.3.0
  [9920b226] + MLDataPattern v0.5.4
  [cc2ba9b6] + MLDataUtils v0.5.2
  [66a33bbf] + MLLabelUtils v0.5.5
  [1914dd2f] + MacroTools v0.5.6
  [dbb5928d] + MappedArrays v0.3.0
  [e1d29d7a] + Missings v0.4.4
  [46d2c3a1] + MuladdMacro v0.2.2
  [872c559c] + NNlib v0.6.6
  [efe28fd5] + OpenSpecFun_jll v0.5.3+4
  [bac558e1] + OrderedCollections v1.3.2
  [90014a1f] + PDMats v0.10.1
  [9b87118b] + PackageCompiler v1.2.5
  [69de0a69] + Parsers v1.0.15
  [2dfb63ee] + PooledArrays v0.5.3
  [1fd47b50] + QuadGK v2.4.1
  [189a3867] + Reexport v0.2.0
  [ae029012] + Requires v1.1.2
  [79098fc4] + Rmath v0.6.1
  [f50d1b31] + Rmath_jll v0.2.2+1
  [a2af1166] + SortingAlgorithms v0.3.1
  [276daf66] + SpecialFunctions v0.10.3
  [90137ffa] + StaticArrays v0.12.5
  [2913bbd2] + StatsBase v0.33.2
  [4c63d2b9] + StatsFuns v0.9.6
  [856f2bd8] + StructTypes v1.2.1
  [3783bdb8] + TableTraits v1.0.0
  [bd369af6] + Tables v1.2.2
  [a759f4b9] + TimerOutputs v0.5.7
  [cd998857] + Yota v0.4.3
  [2a0f44e3] + Base64
  [ade2ca70] + Dates
  [8bb1440f] + DelimitedFiles
  [8ba89e20] + Distributed
  [9fa8497b] + Future
  [b77e0a4c] + InteractiveUtils
  [76f85450] + LibGit2
  [8f399da3] + Libdl
  [37e2e46d] + LinearAlgebra
  [56ddb016] + Logging
  [d6f4376e] + Markdown
  [a63ad114] + Mmap
  [44cfe95a] + Pkg
  [de0858da] + Printf
  [3fa0cd96] + REPL
  [9a3f8284] + Random
  [ea8e919c] + SHA
  [9e88b42a] + Serialization
  [1a1011a3] + SharedArrays
  [6462fe0b] + Sockets
  [2f01184e] + SparseArrays
  [10745b16] + Statistics
  [4607b0f0] + SuiteSparse
  [8dfed614] + Test
  [cf7118a7] + UUIDs
  [4ec0a83e] + Unicode
   Building NNlib → `~/.julia/packages/NNlib/FAI3o/deps/build.log`


################################################################################
# Compiling: 2021-01-11T15:40:43.136
#

[ Info: PackageCompiler: creating system image object file, this might take a while...
Generated system image is 234.722 MiB, compilation took 414 seconds


################################################################################
# PkgEval set-up: 2021-01-11T15:47:45.66
#

Julia Version 1.5.3
Commit 599f52c4c6 (2020-12-18 13:33 UTC)
Platform Info:
  OS: Linux (x86_64-linux-gnu)
  CPU: AMD EPYC 7502 32-Core Processor
  WORD_SIZE: 64
  LIBM: libopenlibm
  LLVM: libLLVM-9.0.1 (ORCJIT, znver2)
Environment:
  JULIA_PKGEVAL = true
  JULIA_PKG_PRECOMPILE_AUTO = 0

Base.julia_cmd() = `/usr/local/julia/bin/julia -Cnative -J/cache/Avalon-yIUXX172.so -g1`


################################################################################
# Installation: 2021-01-11T15:47:49.775
#

 Installing known registries into `~/.julia`
#####################################                                     52.3%######################################################################## 100.0%
      Added registry `General` to `~/.julia/registries/General`
  Resolving package versions...
  Installed CompilerSupportLibraries_jll ─ v0.3.4+0
  Installed Reexport ───────────────────── v0.2.0
  Installed Rmath_jll ──────────────────── v0.2.2+1
  Installed Rmath ──────────────────────── v0.6.1
  Installed TableTraits ────────────────── v1.0.0
  Installed MLDataUtils ────────────────── v0.5.2
  Installed Avalon ─────────────────────── v0.1.0
  Installed GPUArrays ──────────────────── v5.2.1
  Installed LearnBase ──────────────────── v0.3.0
  Installed MuladdMacro ────────────────── v0.2.2
  Installed CEnum ──────────────────────── v0.4.1
  Installed Tables ─────────────────────── v1.2.2
  Installed CategoricalArrays ──────────── v0.8.3
  Installed DataStructures ─────────────── v0.18.8
  Installed StatsBase ──────────────────── v0.33.2
  Installed DataFrames ─────────────────── v0.21.8
  Installed LLVM ───────────────────────── v2.0.0
  Installed FillArrays ─────────────────── v0.9.7
  Installed Requires ───────────────────── v1.1.2
  Installed DataAPI ────────────────────── v1.4.0
  Installed QuadGK ─────────────────────── v2.4.1
  Installed CUDA ───────────────────────── v1.3.3
  Installed Espresso ───────────────────── v0.6.1
  Installed TimerOutputs ───────────────── v0.5.7
  Installed InvertedIndices ────────────── v1.0.0
  Installed DataValueInterfaces ────────── v1.0.0
  Installed OrderedCollections ─────────── v1.3.2
  Installed Yota ───────────────────────── v0.4.3
  Installed MLLabelUtils ───────────────── v0.5.5
  Installed IRTools ────────────────────── v0.4.2
  Installed StaticArrays ───────────────── v0.12.5
  Installed Missings ───────────────────── v0.4.4
  Installed CodeTracking ───────────────── v1.0.5
  Installed MacroTools ─────────────────── v0.5.6
  Installed JuliaInterpreter ───────────── v0.7.26
  Installed PooledArrays ───────────────── v0.5.3
  Installed MappedArrays ───────────────── v0.3.0
  Installed AbstractFFTs ───────────────── v0.5.0
  Installed JSON ───────────────────────── v0.21.1
  Installed JLLWrappers ────────────────── v1.2.0
  Installed Adapt ──────────────────────── v2.4.0
  Installed PDMats ─────────────────────── v0.10.1
  Installed StatsFuns ──────────────────── v0.9.6
  Installed FixedPointNumbers ──────────── v0.8.4
  Installed ExprTools ──────────────────── v0.1.3
  Installed MLDataPattern ──────────────── v0.5.4
  Installed StructTypes ────────────────── v1.2.1
  Installed Distributions ──────────────── v0.23.12
  Installed SortingAlgorithms ──────────── v0.3.1
  Installed IteratorInterfaceExtensions ── v1.0.0
  Installed Compat ─────────────────────── v3.25.0
  Installed SpecialFunctions ───────────── v0.10.3
  Installed OpenSpecFun_jll ────────────── v0.5.3+4
  Installed Cassette ───────────────────── v0.3.4
  Installed ChainRulesCore ─────────────── v0.9.24
  Installed NNlib ──────────────────────── v0.6.6
  Installed BinaryProvider ─────────────── v0.5.10
  Installed GPUCompiler ────────────────── v0.6.1
  Installed Parsers ────────────────────── v1.0.15
  Installed Artifacts ──────────────────── v1.3.0
Updating `~/.julia/environments/v1.5/Project.toml`
  [d462d321] + Avalon v0.1.0
Updating `~/.julia/environments/v1.5/Manifest.toml`
  [621f4979] + AbstractFFTs v0.5.0
  [79e6a3ab] + Adapt v2.4.0
  [56f22d72] + Artifacts v1.3.0
  [d462d321] + Avalon v0.1.0
  [b99e7846] + BinaryProvider v0.5.10
  [fa961155] + CEnum v0.4.1
  [052768ef] + CUDA v1.3.3
  [7057c7e9] + Cassette v0.3.4
  [324d7699] + CategoricalArrays v0.8.3
  [d360d2e6] + ChainRulesCore v0.9.24
  [da1fd8a2] + CodeTracking v1.0.5
  [34da2185] + Compat v3.25.0
  [e66e0078] + CompilerSupportLibraries_jll v0.3.4+0
  [9a962f9c] + DataAPI v1.4.0
  [a93c6f00] + DataFrames v0.21.8
  [864edb3b] + DataStructures v0.18.8
  [e2d170a0] + DataValueInterfaces v1.0.0
  [31c24e10] + Distributions v0.23.12
  [6912e4f1] + Espresso v0.6.1
  [e2ba6199] + ExprTools v0.1.3
  [1a297f60] + FillArrays v0.9.7
  [53c48c17] + FixedPointNumbers v0.8.4
  [0c68f7d7] + GPUArrays v5.2.1
  [61eb1bfa] + GPUCompiler v0.6.1
  [7869d1d1] + IRTools v0.4.2
  [41ab1584] + InvertedIndices v1.0.0
  [82899510] + IteratorInterfaceExtensions v1.0.0
  [692b3bcd] + JLLWrappers v1.2.0
  [682c06a0] + JSON v0.21.1
  [aa1ae85d] + JuliaInterpreter v0.7.26
  [929cbde3] + LLVM v2.0.0
  [7f8f8fb0] + LearnBase v0.3.0
  [9920b226] + MLDataPattern v0.5.4
  [cc2ba9b6] + MLDataUtils v0.5.2
  [66a33bbf] + MLLabelUtils v0.5.5
  [1914dd2f] + MacroTools v0.5.6
  [dbb5928d] + MappedArrays v0.3.0
  [e1d29d7a] + Missings v0.4.4
  [46d2c3a1] + MuladdMacro v0.2.2
  [872c559c] + NNlib v0.6.6
  [efe28fd5] + OpenSpecFun_jll v0.5.3+4
  [bac558e1] + OrderedCollections v1.3.2
  [90014a1f] + PDMats v0.10.1
  [69de0a69] + Parsers v1.0.15
  [2dfb63ee] + PooledArrays v0.5.3
  [1fd47b50] + QuadGK v2.4.1
  [189a3867] + Reexport v0.2.0
  [ae029012] + Requires v1.1.2
  [79098fc4] + Rmath v0.6.1
  [f50d1b31] + Rmath_jll v0.2.2+1
  [a2af1166] + SortingAlgorithms v0.3.1
  [276daf66] + SpecialFunctions v0.10.3
  [90137ffa] + StaticArrays v0.12.5
  [2913bbd2] + StatsBase v0.33.2
  [4c63d2b9] + StatsFuns v0.9.6
  [856f2bd8] + StructTypes v1.2.1
  [3783bdb8] + TableTraits v1.0.0
  [bd369af6] + Tables v1.2.2
  [a759f4b9] + TimerOutputs v0.5.7
  [cd998857] + Yota v0.4.3
  [2a0f44e3] + Base64
  [ade2ca70] + Dates
  [8bb1440f] + DelimitedFiles
  [8ba89e20] + Distributed
  [9fa8497b] + Future
  [b77e0a4c] + InteractiveUtils
  [76f85450] + LibGit2
  [8f399da3] + Libdl
  [37e2e46d] + LinearAlgebra
  [56ddb016] + Logging
  [d6f4376e] + Markdown
  [a63ad114] + Mmap
  [44cfe95a] + Pkg
  [de0858da] + Printf
  [3fa0cd96] + REPL
  [9a3f8284] + Random
  [ea8e919c] + SHA
  [9e88b42a] + Serialization
  [1a1011a3] + SharedArrays
  [6462fe0b] + Sockets
  [2f01184e] + SparseArrays
  [10745b16] + Statistics
  [4607b0f0] + SuiteSparse
  [8dfed614] + Test
  [cf7118a7] + UUIDs
  [4ec0a83e] + Unicode
   Building NNlib → `~/.julia/packages/NNlib/FAI3o/deps/build.log`
┌ Error: Error building `NNlib`: 
│ fatal: error thrown and no exception handler available.
│ InitError(mod=:Avalon, error=ErrorException("Evaluation into the closed module `Avalon` breaks incremental compilation because the side effects will not be permanent. This is likely due to some other module mutating `Avalon` with `eval` during precompilation - don't do this."))
│ jl_errorf at /workspace/srcdir/src/rtutils.c:77
│ jl_check_open_for at /workspace/srcdir/src/toplevel.c:862 [inlined]
│ jl_toplevel_eval_in at /workspace/srcdir/src/toplevel.c:876
│ eval at ./boot.jl:331 [inlined]
│ resolve_functions_and_types! at /home/pkgeval/.julia/packages/Yota/NK1hS/src/diffrules/diffrules.jl:37
│ _jl_invoke at /workspace/srcdir/src/gf.c:2214 [inlined]
│ jl_apply_generic at /workspace/srcdir/src/gf.c:2398
│ macro expansion at /home/pkgeval/.julia/packages/Yota/NK1hS/src/diffrules/diffrules.jl:103 [inlined]
│ register_conv_derivs at /home/pkgeval/.julia/packages/Avalon/g8bj2/src/conv.jl:42
│ __init__ at /home/pkgeval/.julia/packages/Avalon/g8bj2/src/core.jl:34
│ jfptr___init___71768 at /cache/Avalon-yIUXX172.so (unknown line)
│ _jl_invoke at /workspace/srcdir/src/gf.c:2214 [inlined]
│ jl_apply_generic at /workspace/srcdir/src/gf.c:2398
│ jl_apply at /workspace/srcdir/src/julia.h:1690 [inlined]
│ jl_module_run_initializer at /workspace/srcdir/src/toplevel.c:74
│ _julia_init at /workspace/srcdir/src/init.c:780
│ main at /workspace/srcdir/ui/repl.c:221
│ __libc_start_main at /usr/lib/libc.so.6 (unknown line)
│ unknown function (ip: 0x4015e4)
│ ERROR: LoadError: Failed to precompile BinaryProvider [b99e7846-7c00-51b0-8f62-c81ae34c0232] to /home/user/.julia/compiled/v1.5/BinaryProvider/ek6VZ_qlWoX.ji.
│ Stacktrace:
│  [1] error(::String) at ./error.jl:33
│  [2] compilecache(::Base.PkgId, ::String) at ./loading.jl:1305
│  [3] _require(::Base.PkgId) at ./loading.jl:1030
│  [4] require(::Base.PkgId) at ./loading.jl:928
│  [5] require(::Module, ::Symbol) at ./loading.jl:923
│  [6] include(::String) at ./client.jl:457
│  [7] top-level scope at none:5
│ in expression starting at /home/user/.julia/packages/NNlib/FAI3o/deps/build.jl:1
└ @ Pkg.Operations /workspace/srcdir/usr/share/julia/stdlib/v1.5/Pkg/src/Operations.jl:949


################################################################################
# Testing: 2021-01-11T15:48:01.177
#

    Testing Avalon
Status `/tmp/jl_cEtT1c/Project.toml`
  [d462d321] Avalon v0.1.0
  [052768ef] CUDA v1.3.3
  [31c24e10] Distributions v0.23.12
  [cc2ba9b6] MLDataUtils v0.5.2
  [872c559c] NNlib v0.6.6
  [cd998857] Yota v0.4.3
  [37e2e46d] LinearAlgebra
  [9a3f8284] Random
  [10745b16] Statistics
  [8dfed614] Test
Status `/tmp/jl_cEtT1c/Manifest.toml`
  [621f4979] AbstractFFTs v0.5.0
  [79e6a3ab] Adapt v2.4.0
  [56f22d72] Artifacts v1.3.0
  [d462d321] Avalon v0.1.0
  [b99e7846] BinaryProvider v0.5.10
  [fa961155] CEnum v0.4.1
  [052768ef] CUDA v1.3.3
  [7057c7e9] Cassette v0.3.4
  [324d7699] CategoricalArrays v0.8.3
  [d360d2e6] ChainRulesCore v0.9.24
  [da1fd8a2] CodeTracking v1.0.5
  [34da2185] Compat v3.25.0
  [e66e0078] CompilerSupportLibraries_jll v0.3.4+0
  [9a962f9c] DataAPI v1.4.0
  [a93c6f00] DataFrames v0.21.8
  [864edb3b] DataStructures v0.18.8
  [e2d170a0] DataValueInterfaces v1.0.0
  [31c24e10] Distributions v0.23.12
  [6912e4f1] Espresso v0.6.1
  [e2ba6199] ExprTools v0.1.3
  [1a297f60] FillArrays v0.9.7
  [53c48c17] FixedPointNumbers v0.8.4
  [0c68f7d7] GPUArrays v5.2.1
  [61eb1bfa] GPUCompiler v0.6.1
  [7869d1d1] IRTools v0.4.2
  [41ab1584] InvertedIndices v1.0.0
  [82899510] IteratorInterfaceExtensions v1.0.0
  [692b3bcd] JLLWrappers v1.2.0
  [682c06a0] JSON v0.21.1
  [aa1ae85d] JuliaInterpreter v0.7.26
  [929cbde3] LLVM v2.0.0
  [7f8f8fb0] LearnBase v0.3.0
  [9920b226] MLDataPattern v0.5.4
  [cc2ba9b6] MLDataUtils v0.5.2
  [66a33bbf] MLLabelUtils v0.5.5
  [1914dd2f] MacroTools v0.5.6
  [dbb5928d] MappedArrays v0.3.0
  [e1d29d7a] Missings v0.4.4
  [46d2c3a1] MuladdMacro v0.2.2
  [872c559c] NNlib v0.6.6
  [efe28fd5] OpenSpecFun_jll v0.5.3+4
  [bac558e1] OrderedCollections v1.3.2
  [90014a1f] PDMats v0.10.1
  [69de0a69] Parsers v1.0.15
  [2dfb63ee] PooledArrays v0.5.3
  [1fd47b50] QuadGK v2.4.1
  [189a3867] Reexport v0.2.0
  [ae029012] Requires v1.1.2
  [79098fc4] Rmath v0.6.1
  [f50d1b31] Rmath_jll v0.2.2+1
  [a2af1166] SortingAlgorithms v0.3.1
  [276daf66] SpecialFunctions v0.10.3
  [90137ffa] StaticArrays v0.12.5
  [2913bbd2] StatsBase v0.33.2
  [4c63d2b9] StatsFuns v0.9.6
  [856f2bd8] StructTypes v1.2.1
  [3783bdb8] TableTraits v1.0.0
  [bd369af6] Tables v1.2.2
  [a759f4b9] TimerOutputs v0.5.7
  [cd998857] Yota v0.4.3
  [2a0f44e3] Base64
  [ade2ca70] Dates
  [8bb1440f] DelimitedFiles
  [8ba89e20] Distributed
  [9fa8497b] Future
  [b77e0a4c] InteractiveUtils
  [76f85450] LibGit2
  [8f399da3] Libdl
  [37e2e46d] LinearAlgebra
  [56ddb016] Logging
  [d6f4376e] Markdown
  [a63ad114] Mmap
  [44cfe95a] Pkg
  [de0858da] Printf
  [3fa0cd96] REPL
  [9a3f8284] Random
  [ea8e919c] SHA
  [9e88b42a] Serialization
  [1a1011a3] SharedArrays
  [6462fe0b] Sockets
  [2f01184e] SparseArrays
  [10745b16] Statistics
  [4607b0f0] SuiteSparse
  [8dfed614] Test
  [cf7118a7] UUIDs
  [4ec0a83e] Unicode
I'm working...
I'm working...
I'm working...
Test Summary: | Pass  Total
conv          |    6      6
Test Summary: | Pass  Total
pooling       |    2      2
Test Summary: | Pass  Total
RNN: vanilla  |    1      1
Test Summary: | Pass  Total
RNN: LSTM     |    1      1
Test Summary: | Pass  Total
RNN: GRU      |    1      1
Test Summary: | Pass  Total
activations   |    9      9
Test Summary: | Pass  Total
layers        |   10     10
Test Summary: | Pass  Total
optim         |    6      6
Test Summary: | Pass  Total
metrics       |    4      4
    Testing Avalon tests passed 

PkgEval succeeded


################################################################################
# PkgEval teardown: 2021-01-11T15:50:28.578
CPU usage: 164.44s (160.43s user, 4.22s kernel)

Network usage:
- eth0: 7.232 MiB received, 317.342 KiB sent

Raw statistics: {"blkio_stats":{"io_queue_recursive":[],"io_serviced_recursive":[{"major":259,"value":0,"op":"Read","minor":0},{"major":259,"value":23,"op":"Write","minor":0},{"major":259,"value":14,"op":"Sync","minor":0},{"major":259,"value":9,"op":"Async","minor":0},{"major":259,"value":0,"op":"Discard","minor":0},{"major":259,"value":23,"op":"Total","minor":0},{"major":253,"value":0,"op":"Read","minor":2},{"major":253,"value":23,"op":"Write","minor":2},{"major":253,"value":14,"op":"Sync","minor":2},{"major":253,"value":9,"op":"Async","minor":2},{"major":253,"value":0,"op":"Discard","minor":2},{"major":253,"value":23,"op":"Total","minor":2}],"io_time_recursive":[],"sectors_recursive":[],"io_service_bytes_recursive":[{"major":259,"value":0,"op":"Read","minor":0},{"major":259,"value":118784,"op":"Write","minor":0},{"major":259,"value":57344,"op":"Sync","minor":0},{"major":259,"value":61440,"op":"Async","minor":0},{"major":259,"value":0,"op":"Discard","minor":0},{"major":259,"value":118784,"op":"Total","minor":0},{"major":253,"value":0,"op":"Read","minor":2},{"major":253,"value":118784,"op":"Write","minor":2},{"major":253,"value":57344,"op":"Sync","minor":2},{"major":253,"value":61440,"op":"Async","minor":2},{"major":253,"value":0,"op":"Discard","minor":2},{"major":253,"value":118784,"op":"Total","minor":2}],"io_wait_time_recursive":[],"io_merged_recursive":[],"io_service_time_recursive":[]},"memory_stats":{"usage":433479680,"max_usage":871415808,"stats":{"hierarchical_memory_limit":9223372036854771712,"pgmajfault":0,"total_rss":299311104,"inactive_file":135168,"inactive_anon":98942976,"total_pgfault":1335345,"total_cache":101289984,"total_rss_huge":0,"total_active_anon":301694976,"total_pgmajfault":0,"pgpgin":463419,"rss_huge":0,"mapped_file":0,"total_inactive_file":135168,"dirty":135168,"total_unevictable":0,"total_dirty":135168,"writeback":0,"pgpgout":365635,"hierarchical_memsw_limit":0,"cache":101289984,"active_file":135168,"pgfault":1335345,"total_mapped_file":0,"total_pgpgout":365635,"total_writeback":0,"rss":299311104,"unevictable":0,"total_inactive_anon":98942976,"total_pgpgin":463419,"active_anon":301694976,"total_active_file":135168},"limit":540965302272},"name":"/Avalon-SmoV4okH","networks":{"eth0":{"rx_bytes":7583139,"rx_packets":2289,"tx_packets":2619,"tx_bytes":324958,"tx_dropped":0,"rx_dropped":6,"tx_errors":0,"rx_errors":0}},"id":"4ad370e96f87918f95a30b162aa03a589540054c8c582758a90ae7e483f65436","preread":"0001-01-01T00:00:00Z","storage_stats":{},"precpu_stats":{"throttling_data":{"throttled_periods":0,"throttled_time":0,"periods":0},"cpu_usage":{"usage_in_usermode":0,"usage_in_kernelmode":0,"total_usage":0}},"pids_stats":{"current":44},"num_procs":0,"cpu_stats":{"throttling_data":{"throttled_periods":0,"throttled_time":0,"periods":0},"system_cpu_usage":3365913394522419,"online_cpus":128,"cpu_usage":{"usage_in_usermode":160430000000,"usage_in_kernelmode":4220000000,"total_usage":164439028459,"percpu_usage":[0,0,0,0,0,0,0,0,0,0,0,0,0,0,0,0,0,0,0,0,0,0,0,0,0,0,0,0,0,164439028459,0,0,0,0,0,0,0,0,0,0,0,0,0,0,0,0,0,0,0,0,0,0,0,0,0,0,0,0,0,0,0,0,0,0,0,0,0,0,0,0,0,0,0,0,0,0,0,0,0,0,0,0,0,0,0,0,0,0,0,0,0,0,0,0,0,0,0,0,0,0,0,0,0,0,0,0,0,0,0,0,0,0,0,0,0,0,0,0,0,0,0,0,0,0,0,0,0,0]}},"read":"2021-01-11T15:50:29.308985731Z"}