################################################################################
# PkgEval set-up: 2021-01-11T15:21:20.69
#

Julia Version 1.5.3
Commit 599f52c4c6 (2020-12-18 13:33 UTC)
Platform Info:
  OS: Linux (x86_64-linux-gnu)
  CPU: AMD EPYC 7502 32-Core Processor
  WORD_SIZE: 64
  LIBM: libopenlibm
  LLVM: libLLVM-9.0.1 (ORCJIT, znver2)
Environment:
  JULIA_PKG_PRECOMPILE_AUTO = 0
  JULIA_PKGEVAL = true

Base.julia_cmd() = `/opt/julia/bin/julia -Cnative -J/opt/julia/lib/julia/sys.so -g1`


################################################################################
# Installation: 2021-01-11T15:21:22.486
#

 Installing known registries into `~/.julia`
#########                                                                 12.6%######################################################################## 100.0%
      Added registry `General` to `~/.julia/registries/General`
  Resolving package versions...
  Installed EllipsisNotation ── v0.4.0
  Installed FixedPointNumbers ─ v0.8.4
  Installed Requires ────────── v1.1.2
  Installed AxisIndices ─────── v0.7.1
  Installed StaticRanges ────── v0.8.3
  Installed MappedArrays ────── v0.3.0
  Installed AbstractFFTs ────── v0.5.0
  Installed Reexport ────────── v0.2.0
  Installed NamedDims ───────── v0.2.29
  Installed ArrayInterface ──── v2.14.13
  Installed IntervalSets ────── v0.5.2
  Installed Metadata ────────── v0.2.3
  Installed ChainedFixes ────── v0.2.1
Updating `~/.julia/environments/v1.5/Project.toml`
  [f52c9ee2] + AxisIndices v0.7.1
Updating `~/.julia/environments/v1.5/Manifest.toml`
  [621f4979] + AbstractFFTs v0.5.0
  [4fba245c] + ArrayInterface v2.14.13
  [f52c9ee2] + AxisIndices v0.7.1
  [9706b775] + ChainedFixes v0.2.1
  [da5c29d0] + EllipsisNotation v0.4.0
  [53c48c17] + FixedPointNumbers v0.8.4
  [8197267c] + IntervalSets v0.5.2
  [dbb5928d] + MappedArrays v0.3.0
  [4fb893c1] + Metadata v0.2.3
  [356022a1] + NamedDims v0.2.29
  [189a3867] + Reexport v0.2.0
  [ae029012] + Requires v1.1.2
  [d8176aec] + StaticRanges v0.8.3
  [2a0f44e3] + Base64
  [ade2ca70] + Dates
  [8ba89e20] + Distributed
  [b77e0a4c] + InteractiveUtils
  [76f85450] + LibGit2
  [8f399da3] + Libdl
  [37e2e46d] + LinearAlgebra
  [56ddb016] + Logging
  [d6f4376e] + Markdown
  [44cfe95a] + Pkg
  [de0858da] + Printf
  [3fa0cd96] + REPL
  [9a3f8284] + Random
  [ea8e919c] + SHA
  [9e88b42a] + Serialization
  [6462fe0b] + Sockets
  [2f01184e] + SparseArrays
  [10745b16] + Statistics
  [4607b0f0] + SuiteSparse
  [8dfed614] + Test
  [cf7118a7] + UUIDs
  [4ec0a83e] + Unicode


################################################################################
# Testing: 2021-01-11T15:21:28.506
#

    Testing AxisIndices
Status `/tmp/jl_rs8LzQ/Project.toml`
  [621f4979] AbstractFFTs v0.5.0
  [4fba245c] ArrayInterface v2.14.13
  [f52c9ee2] AxisIndices v0.7.1
  [9706b775] ChainedFixes v0.2.1
  [3da002f7] ColorTypes v0.10.9
  [e30172f5] Documenter v0.26.1
  [7a1cc6ca] FFTW v1.3.0
  [53c48c17] FixedPointNumbers v0.8.4
  [8197267c] IntervalSets v0.5.2
  [dbb5928d] MappedArrays v0.3.0
  [4fb893c1] Metadata v0.2.3
  [356022a1] NamedDims v0.2.29
  [6fe1bfb0] OffsetArrays v1.5.0
  [90137ffa] StaticArrays v1.0.1
  [d8176aec] StaticRanges v0.8.3
  [3783bdb8] TableTraits v1.0.0
  [382cd787] TableTraitsUtils v1.0.1
  [bd369af6] Tables v1.2.2
  [1986cc42] Unitful v1.5.0
  [ade2ca70] Dates
  [8bb1440f] DelimitedFiles
  [37e2e46d] LinearAlgebra
  [10745b16] Statistics
  [8dfed614] Test
Status `/tmp/jl_rs8LzQ/Manifest.toml`
  [621f4979] AbstractFFTs v0.5.0
  [79e6a3ab] Adapt v2.4.0
  [4fba245c] ArrayInterface v2.14.13
  [56f22d72] Artifacts v1.3.0
  [f52c9ee2] AxisIndices v0.7.1
  [9706b775] ChainedFixes v0.2.1
  [3da002f7] ColorTypes v0.10.9
  [187b0558] ConstructionBase v1.0.0
  [9a962f9c] DataAPI v1.4.0
  [e2d170a0] DataValueInterfaces v1.0.0
  [e7dc6d0d] DataValues v0.4.13
  [ffbed154] DocStringExtensions v0.8.3
  [e30172f5] Documenter v0.26.1
  [da5c29d0] EllipsisNotation v0.4.0
  [7a1cc6ca] FFTW v1.3.0
  [f5851436] FFTW_jll v3.3.9+7
  [53c48c17] FixedPointNumbers v0.8.4
  [b5f81e59] IOCapture v0.1.1
  [1d5cc7b8] IntelOpenMP_jll v2018.0.3+0
  [8197267c] IntervalSets v0.5.2
  [82899510] IteratorInterfaceExtensions v1.0.0
  [692b3bcd] JLLWrappers v1.2.0
  [682c06a0] JSON v0.21.1
  [856f044c] MKL_jll v2020.2.254+0
  [dbb5928d] MappedArrays v0.3.0
  [4fb893c1] Metadata v0.2.3
  [e1d29d7a] Missings v0.4.4
  [356022a1] NamedDims v0.2.29
  [6fe1bfb0] OffsetArrays v1.5.0
  [69de0a69] Parsers v1.0.15
  [189a3867] Reexport v0.2.0
  [ae029012] Requires v1.1.2
  [90137ffa] StaticArrays v1.0.1
  [d8176aec] StaticRanges v0.8.3
  [3783bdb8] TableTraits v1.0.0
  [382cd787] TableTraitsUtils v1.0.1
  [bd369af6] Tables v1.2.2
  [1986cc42] Unitful v1.5.0
  [2a0f44e3] Base64
  [ade2ca70] Dates
  [8bb1440f] DelimitedFiles
  [8ba89e20] Distributed
  [b77e0a4c] InteractiveUtils
  [76f85450] LibGit2
  [8f399da3] Libdl
  [37e2e46d] LinearAlgebra
  [56ddb016] Logging
  [d6f4376e] Markdown
  [a63ad114] Mmap
  [44cfe95a] Pkg
  [de0858da] Printf
  [3fa0cd96] REPL
  [9a3f8284] Random
  [ea8e919c] SHA
  [9e88b42a] Serialization
  [6462fe0b] Sockets
  [2f01184e] SparseArrays
  [10745b16] Statistics
  [4607b0f0] SuiteSparse
  [8dfed614] Test
  [cf7118a7] UUIDs
  [4ec0a83e] Unicode
Test Summary: | Pass  Total
SimpleAxis    |    6      6
Test Summary: | Pass  Total
Axis          |   13     13
Test Summary:           | Pass  Broken  Total
AbstractAxis promotions |   20       2     22
Test Summary: | Pass  Total
AbstractAxis  |  103    103
Test Summary: | Pass  Total
pop           |    6      6
Test Summary: | Pass  Total
last          |   10     10
Test Summary:  | Pass  Total
length - tests |   12     12
Test Summary: | Pass  Total
CenteredAxis  |    8      8
Test Summary: | Pass  Total
IdentityAxis  |   56     56
Test Summary: | Pass  Total
OffsetAxis    |   28     28
Test Summary:                   | Pass  Total
Single-entry arrays in dims 0:5 |   93     93
Test Summary:             | Pass  Total
OffsetVector constructors |    3      3
Test Summary:                            | Pass  Total
undef, missing, and nothing constructors |   10     10
Test Summary:             | Pass  Total
Offset range construction |    2      2
Test Summary:                           | Pass  Total
OffsetArray of OffsetArray construction |    4      4
Test Summary: | Pass  Total
Traits        |    7      7
Test Summary:   | Pass  Total
Scalar indexing |   16     16
Test Summary:   | Pass  Total
Vector indexing |   13     13
Test Summary:     | Pass  Total
CartesianIndexing |   12     12
Test Summary:    | Pass  Total
logical indexing |    1      1
Test Summary: | Pass  Total
view          |   48     48
Test Summary: | Pass  Total
iteration     |    4      4
Test Summary:    | Pass  Total
readdlm/writedlm |    1      1
Test Summary: | Pass  Total
map           |    3      3
Test Summary: | Pass  Total
@inbounds     |    8      8
Test Summary: | Pass  Total
broadcasting  |    4      4
Test Summary: | Pass  Total
rot/reverse   |    4      4
Test Summary: | Pass  Total
no nesting    |    3      3
Test Summary:      | Pass  Total
searchsorted (#85) |   15     15
Test Summary:          | Pass  Total
Resizing OffsetVectors |    5      5
Test Summary: | Pass  Total
reductions    |   20     20
Test Summary: | Pass  Total
copyto!       |   34     34
Test Summary: | Pass  Total
Collections   |    9      9
Test Summary: | Pass  Total
fill          |    2      2
Test Summary: | Pass  Total
reshape       |    2      2
Test Summary: | Pass  Total
StructAxis    |   11     11
PaddedAxis: Error During Test at /home/pkgeval/.julia/packages/AxisIndices/kU4hN/test/padded_axis.jl:13
  Test threw exception
  Expression: ax == #= /home/pkgeval/.julia/packages/AxisIndices/kU4hN/test/padded_axis.jl:13 =# @inferred(replicate_pad(x; sym_pad = 2))
  MethodError: no method matching Axis(::Base.ReshapedArray{Int64,2,UnitRange{Int64},Tuple{}}; checks=AxisIndices.AxisArrayChecks{Union{}}())
  Closest candidates are:
    Axis() at /home/pkgeval/.julia/packages/AxisIndices/kU4hN/src/axis.jl:154 got unsupported keyword argument "checks"
    Axis(!Matched::AbstractAxis) at /home/pkgeval/.julia/packages/AxisIndices/kU4hN/src/axis.jl:144 got unsupported keyword argument "checks"
    Axis(!Matched::AbstractArray{T,1} where T; checks, kwargs...) at /home/pkgeval/.julia/packages/AxisIndices/kU4hN/src/axis.jl:166
    ...
  Stacktrace:
   [1] compose_axis(::Base.ReshapedArray{Int64,2,UnitRange{Int64},Tuple{}}, ::AxisIndices.AxisArrayChecks{Union{}}) at /home/pkgeval/.julia/packages/AxisIndices/kU4hN/src/axis_array.jl:38 (repeats 2 times)
   [2] AxisIndices.PaddedAxis(::Function, ::Int64, ::Int64, ::Base.ReshapedArray{Int64,2,UnitRange{Int64},Tuple{}}) at /home/pkgeval/.julia/packages/AxisIndices/kU4hN/src/padded_axis.jl:34
   [3] (::AxisIndices.ReplicatePad)(::Base.ReshapedArray{Int64,2,UnitRange{Int64},Tuple{}}; first_pad::StaticInt{0}, last_pad::StaticInt{0}, sym_pad::Int64) at /home/pkgeval/.julia/packages/AxisIndices/kU4hN/src/padded_axis.jl:275
   [4] _args_and_call(::Base.ReshapedArray{Int64,2,UnitRange{Int64},Tuple{}}, ::Vararg{Any,N} where N; kwargs::Base.Iterators.Pairs{Symbol,Int64,Tuple{Symbol},NamedTuple{(:sym_pad,),Tuple{Int64}}}) at /workspace/srcdir/usr/share/julia/stdlib/v1.5/Test/src/Test.jl:1299
   [5] top-level scope at /home/pkgeval/.julia/packages/AxisIndices/kU4hN/test/padded_axis.jl:13
   [6] top-level scope at /workspace/srcdir/usr/share/julia/stdlib/v1.5/Test/src/Test.jl:1115
   [7] top-level scope at /home/pkgeval/.julia/packages/AxisIndices/kU4hN/test/padded_axis.jl:3
  
Test Summary: | Pass  Error  Total
PaddedAxis    |   19      1     20
ERROR: LoadError: LoadError: Some tests did not pass: 19 passed, 0 failed, 1 errored, 0 broken.
in expression starting at /home/pkgeval/.julia/packages/AxisIndices/kU4hN/test/padded_axis.jl:2
in expression starting at /home/pkgeval/.julia/packages/AxisIndices/kU4hN/test/runtests.jl:66

PkgEval failed: Package AxisIndices errored during testing
Stacktrace:
 [1] pkgerror(::String) at /workspace/srcdir/usr/share/julia/stdlib/v1.5/Pkg/src/Types.jl:52
 [2] test(::Pkg.Types.Context, ::Array{Pkg.Types.PackageSpec,1}; coverage::Bool, julia_args::Cmd, test_args::Cmd, test_fn::Nothing) at /workspace/srcdir/usr/share/julia/stdlib/v1.5/Pkg/src/Operations.jl:1578
 [3] test(::Pkg.Types.Context, ::Array{Pkg.Types.PackageSpec,1}; coverage::Bool, test_fn::Nothing, julia_args::Cmd, test_args::Cmd, kwargs::Base.Iterators.Pairs{Union{},Union{},Tuple{},NamedTuple{(),Tuple{}}}) at /workspace/srcdir/usr/share/julia/stdlib/v1.5/Pkg/src/API.jl:327
 [4] test(::Pkg.Types.Context, ::Array{Pkg.Types.PackageSpec,1}) at /workspace/srcdir/usr/share/julia/stdlib/v1.5/Pkg/src/API.jl:314
 [5] #test#61 at /workspace/srcdir/usr/share/julia/stdlib/v1.5/Pkg/src/API.jl:67 [inlined]
 [6] test at /workspace/srcdir/usr/share/julia/stdlib/v1.5/Pkg/src/API.jl:67 [inlined]
 [7] #test#60 at /workspace/srcdir/usr/share/julia/stdlib/v1.5/Pkg/src/API.jl:66 [inlined]
 [8] test at /workspace/srcdir/usr/share/julia/stdlib/v1.5/Pkg/src/API.jl:66 [inlined]
 [9] test(::String; kwargs::Base.Iterators.Pairs{Union{},Union{},Tuple{},NamedTuple{(),Tuple{}}}) at /workspace/srcdir/usr/share/julia/stdlib/v1.5/Pkg/src/API.jl:65
 [10] test(::String) at /workspace/srcdir/usr/share/julia/stdlib/v1.5/Pkg/src/API.jl:65
 [11] top-level scope at none:22
 [12] eval at ./boot.jl:331 [inlined]
 [13] eval(::Expr) at ./client.jl:467
 [14] top-level scope at none:1
 [15] eval(::Module, ::Any) at ./boot.jl:331
 [16] exec_options(::Base.JLOptions) at ./client.jl:272
 [17] _start() at ./client.jl:506


################################################################################
# PkgEval teardown: 2021-01-11T15:23:03.734
CPU usage: 102.93s (97.00s user, 6.08s kernel)

Network usage:
- eth0: 4.353 MiB received, 209.159 KiB sent

Raw statistics: {"blkio_stats":{"io_queue_recursive":[],"io_serviced_recursive":[{"major":259,"value":0,"op":"Read","minor":0},{"major":259,"value":28,"op":"Write","minor":0},{"major":259,"value":19,"op":"Sync","minor":0},{"major":259,"value":9,"op":"Async","minor":0},{"major":259,"value":0,"op":"Discard","minor":0},{"major":259,"value":28,"op":"Total","minor":0},{"major":253,"value":0,"op":"Read","minor":2},{"major":253,"value":28,"op":"Write","minor":2},{"major":253,"value":19,"op":"Sync","minor":2},{"major":253,"value":9,"op":"Async","minor":2},{"major":253,"value":0,"op":"Discard","minor":2},{"major":253,"value":28,"op":"Total","minor":2}],"io_time_recursive":[],"sectors_recursive":[],"io_service_bytes_recursive":[{"major":259,"value":0,"op":"Read","minor":0},{"major":259,"value":155648,"op":"Write","minor":0},{"major":259,"value":106496,"op":"Sync","minor":0},{"major":259,"value":49152,"op":"Async","minor":0},{"major":259,"value":0,"op":"Discard","minor":0},{"major":259,"value":155648,"op":"Total","minor":0},{"major":253,"value":0,"op":"Read","minor":2},{"major":253,"value":155648,"op":"Write","minor":2},{"major":253,"value":106496,"op":"Sync","minor":2},{"major":253,"value":49152,"op":"Async","minor":2},{"major":253,"value":0,"op":"Discard","minor":2},{"major":253,"value":155648,"op":"Total","minor":2}],"io_wait_time_recursive":[],"io_merged_recursive":[],"io_service_time_recursive":[]},"memory_stats":{"usage":380350464,"max_usage":1088036864,"stats":{"hierarchical_memory_limit":9223372036854771712,"pgmajfault":0,"total_rss":249085952,"inactive_file":135168,"inactive_anon":85020672,"total_pgfault":2121372,"total_cache":99827712,"total_rss_huge":0,"total_active_anon":263847936,"total_pgmajfault":0,"pgpgin":1312311,"rss_huge":0,"mapped_file":0,"total_inactive_file":135168,"dirty":135168,"total_unevictable":0,"total_dirty":135168,"writeback":0,"pgpgout":1227105,"hierarchical_memsw_limit":0,"cache":99827712,"active_file":135168,"pgfault":2121372,"total_mapped_file":0,"total_pgpgout":1227105,"total_writeback":0,"rss":249085952,"unevictable":0,"total_inactive_anon":85020672,"total_pgpgin":1312311,"active_anon":263847936,"total_active_file":135168},"limit":540965302272},"name":"/AxisIndices-aSsIdoiL","networks":{"eth0":{"rx_bytes":4564613,"rx_packets":1536,"tx_packets":1746,"tx_bytes":214179,"tx_dropped":0,"rx_dropped":4,"tx_errors":0,"rx_errors":0}},"id":"a3acd2fe39e8f68f0b49a26bc7a0edd216d46c0b0177a48e15b05ea809135a9a","preread":"0001-01-01T00:00:00Z","storage_stats":{},"precpu_stats":{"throttling_data":{"throttled_periods":0,"throttled_time":0,"periods":0},"cpu_usage":{"usage_in_usermode":0,"usage_in_kernelmode":0,"total_usage":0}},"pids_stats":{"current":40},"num_procs":0,"cpu_stats":{"throttling_data":{"throttled_periods":0,"throttled_time":0,"periods":0},"system_cpu_usage":3155742464522419,"online_cpus":128,"cpu_usage":{"usage_in_usermode":97000000000,"usage_in_kernelmode":6080000000,"total_usage":102925306351,"percpu_usage":[0,0,0,0,0,0,0,0,0,0,0,0,0,0,0,0,0,0,0,0,0,0,0,0,0,0,0,0,0,0,0,0,0,0,0,0,0,0,0,0,0,0,0,0,0,0,0,0,0,102925301961,0,0,0,0,0,0,0,0,0,0,0,0,0,0,0,0,0,0,0,0,0,0,0,0,0,0,0,0,0,0,0,0,0,0,0,0,0,0,0,0,0,0,0,0,0,0,0,0,0,0,0,0,0,0,0,0,0,0,0,0,0,0,0,4390,0,0,0,0,0,0,0,0,0,0,0,0,0,0]}},"read":"2021-01-11T15:23:03.804231106Z"}