################################################################################
# PkgEval set-up: 2021-01-11T23:29:56.074
#

Julia Version 1.5.3
Commit 599f52c4c6 (2020-12-18 13:33 UTC)
Platform Info:
  OS: Linux (x86_64-linux-gnu)
  CPU: AMD EPYC 7502 32-Core Processor
  WORD_SIZE: 64
  LIBM: libopenlibm
  LLVM: libLLVM-9.0.1 (ORCJIT, znver2)
Environment:
  JULIA_PKG_PRECOMPILE_AUTO = 0
  JULIA_PKGEVAL = true

Base.julia_cmd() = `/opt/julia/bin/julia -Cnative -J/opt/julia/lib/julia/sys.so -g1`


################################################################################
# Installation: 2021-01-11T23:29:57.821
#

 Installing known registries into `~/.julia`
#############                                                             18.3%######################################################################## 100.0%
      Added registry `General` to `~/.julia/registries/General`
  Resolving package versions...
  Installed CompilerSupportLibraries_jll ─ v0.3.4+0
  Installed Rmath_jll ──────────────────── v0.2.2+1
  Installed Rmath ──────────────────────── v0.6.1
  Installed FillArrays ─────────────────── v0.9.7
  Installed DataStructures ─────────────── v0.18.8
  Installed StatsBase ──────────────────── v0.33.2
  Installed Combinatorics ──────────────── v1.0.2
  Installed QuadGK ─────────────────────── v2.4.1
  Installed DataAPI ────────────────────── v1.4.0
  Installed OrderedCollections ─────────── v1.3.2
  Installed HCubature ──────────────────── v1.5.0
  Installed StaticArrays ───────────────── v1.0.1
  Installed Missings ───────────────────── v0.4.4
  Installed JLLWrappers ────────────────── v1.2.0
  Installed PDMats ─────────────────────── v0.10.1
  Installed SortingAlgorithms ──────────── v0.3.1
  Installed Compat ─────────────────────── v3.25.0
  Installed StatsFuns ──────────────────── v0.9.6
  Installed Sobol ──────────────────────── v1.4.0
  Installed OpenSpecFun_jll ────────────── v0.5.3+4
  Installed SpecialFunctions ───────────── v0.10.3
  Installed Distributions ──────────────── v0.23.11
  Installed BayesianIntegral ───────────── v0.1.0
  Installed Artifacts ──────────────────── v1.3.0
Updating `~/.julia/environments/v1.5/Project.toml`
  [170c7662] + BayesianIntegral v0.1.0
Updating `~/.julia/environments/v1.5/Manifest.toml`
  [56f22d72] + Artifacts v1.3.0
  [170c7662] + BayesianIntegral v0.1.0
  [861a8166] + Combinatorics v1.0.2
  [34da2185] + Compat v3.25.0
  [e66e0078] + CompilerSupportLibraries_jll v0.3.4+0
  [9a962f9c] + DataAPI v1.4.0
  [864edb3b] + DataStructures v0.18.8
  [31c24e10] + Distributions v0.23.11
  [1a297f60] + FillArrays v0.9.7
  [19dc6840] + HCubature v1.5.0
  [692b3bcd] + JLLWrappers v1.2.0
  [e1d29d7a] + Missings v0.4.4
  [efe28fd5] + OpenSpecFun_jll v0.5.3+4
  [bac558e1] + OrderedCollections v1.3.2
  [90014a1f] + PDMats v0.10.1
  [1fd47b50] + QuadGK v2.4.1
  [79098fc4] + Rmath v0.6.1
  [f50d1b31] + Rmath_jll v0.2.2+1
  [ed01d8cd] + Sobol v1.4.0
  [a2af1166] + SortingAlgorithms v0.3.1
  [276daf66] + SpecialFunctions v0.10.3
  [90137ffa] + StaticArrays v1.0.1
  [2913bbd2] + StatsBase v0.33.2
  [4c63d2b9] + StatsFuns v0.9.6
  [2a0f44e3] + Base64
  [ade2ca70] + Dates
  [8bb1440f] + DelimitedFiles
  [8ba89e20] + Distributed
  [b77e0a4c] + InteractiveUtils
  [76f85450] + LibGit2
  [8f399da3] + Libdl
  [37e2e46d] + LinearAlgebra
  [56ddb016] + Logging
  [d6f4376e] + Markdown
  [a63ad114] + Mmap
  [44cfe95a] + Pkg
  [de0858da] + Printf
  [3fa0cd96] + REPL
  [9a3f8284] + Random
  [ea8e919c] + SHA
  [9e88b42a] + Serialization
  [1a1011a3] + SharedArrays
  [6462fe0b] + Sockets
  [2f01184e] + SparseArrays
  [10745b16] + Statistics
  [4607b0f0] + SuiteSparse
  [8dfed614] + Test
  [cf7118a7] + UUIDs
  [4ec0a83e] + Unicode


################################################################################
# Testing: 2021-01-11T23:30:03.958
#

    Testing BayesianIntegral
Status `/tmp/jl_pcNLnS/Project.toml`
  [170c7662] BayesianIntegral v0.1.0
  [31c24e10] Distributions v0.23.11
  [19dc6840] HCubature v1.5.0
  [ed01d8cd] Sobol v1.4.0
  [37e2e46d] LinearAlgebra
  [9a3f8284] Random
  [10745b16] Statistics
  [8dfed614] Test
Status `/tmp/jl_pcNLnS/Manifest.toml`
  [56f22d72] Artifacts v1.3.0
  [170c7662] BayesianIntegral v0.1.0
  [861a8166] Combinatorics v1.0.2
  [34da2185] Compat v3.25.0
  [e66e0078] CompilerSupportLibraries_jll v0.3.4+0
  [9a962f9c] DataAPI v1.4.0
  [864edb3b] DataStructures v0.18.8
  [31c24e10] Distributions v0.23.11
  [1a297f60] FillArrays v0.9.7
  [19dc6840] HCubature v1.5.0
  [692b3bcd] JLLWrappers v1.2.0
  [e1d29d7a] Missings v0.4.4
  [efe28fd5] OpenSpecFun_jll v0.5.3+4
  [bac558e1] OrderedCollections v1.3.2
  [90014a1f] PDMats v0.10.1
  [1fd47b50] QuadGK v2.4.1
  [79098fc4] Rmath v0.6.1
  [f50d1b31] Rmath_jll v0.2.2+1
  [ed01d8cd] Sobol v1.4.0
  [a2af1166] SortingAlgorithms v0.3.1
  [276daf66] SpecialFunctions v0.10.3
  [90137ffa] StaticArrays v1.0.1
  [2913bbd2] StatsBase v0.33.2
  [4c63d2b9] StatsFuns v0.9.6
  [2a0f44e3] Base64
  [ade2ca70] Dates
  [8bb1440f] DelimitedFiles
  [8ba89e20] Distributed
  [b77e0a4c] InteractiveUtils
  [76f85450] LibGit2
  [8f399da3] Libdl
  [37e2e46d] LinearAlgebra
  [56ddb016] Logging
  [d6f4376e] Markdown
  [a63ad114] Mmap
  [44cfe95a] Pkg
  [de0858da] Printf
  [3fa0cd96] REPL
  [9a3f8284] Random
  [ea8e919c] SHA
  [9e88b42a] Serialization
  [1a1011a3] SharedArrays
  [6462fe0b] Sockets
  [2f01184e] SparseArrays
  [10745b16] Statistics
  [4607b0f0] SuiteSparse
  [8dfed614] Test
  [cf7118a7] UUIDs
  [4ec0a83e] Unicode
Test Bayes
For 1 dimensions 
    Bayesian    Integral is               10.988054384278671 with error 0.0008239906797546936 and 100 evaluations 
    Calibrated Bayesian Integral is       10.999672260183033 with error 0.000151649333732351 and 100 evaluations 
    Rprop Calibrated Bayesian Integral is 10.988054384278671 with error 0.0008239906797546936 and 100 evaluations 
    Traditional Integral is               10.996893333775768 with error 7.358647025057508e-11 and 105 evaluations 
    MC          Integral is               10.991489175078817 with error 0.23859887175321892 and 105 evaluations 
        Likelihood was -24.366059565646452 and calibrated is 72.29261864891251 and Rprop calibrated is 72.29261864891251
        weights became 1.0408104272000067 and  [1.3402843046279982] with SGD 
        weights became 1.0 and  [1.0] with RProp 
For 2 dimensions 
    Bayesian    Integral is               9.993685687610247 with error 0.0004771514289054757 and 300 evaluations 
    Calibrated Bayesian Integral is       9.995127438701235 with error 0.0007130581221836962 and 300 evaluations 
    Rprop Calibrated Bayesian Integral is 9.993685687610247 with error 0.0004771514289054757 and 300 evaluations 
    Traditional Integral is               9.999115578260309 with error 1.2435186386484316e-5 and 5015 evaluations 
    MC          Integral is               10.101356113952226 with error 0.04833792547032048 and 5015 evaluations 
        Likelihood was -190.13772499435862 and calibrated is -129.89580802839657 and Rprop calibrated is -129.89580802839657
        weights became 0.9739120379566746 and  [1.6473217696703302, 1.598422530826611] with SGD 
        weights became 1.0 and  [1.0, 1.0] with RProp 
114.762395 seconds (456.37 M allocations: 75.611 GiB, 6.62% gc time)
    Testing BayesianIntegral tests passed 

PkgEval succeeded


################################################################################
# PkgEval teardown: 2021-01-11T23:32:01.187
CPU usage: 125.08s (116.32s user, 8.88s kernel)

Network usage:
- eth0: 6.705 MiB received, 148.223 KiB sent

Raw statistics: {"blkio_stats":{"io_queue_recursive":[],"io_serviced_recursive":[{"major":259,"value":0,"op":"Read","minor":0},{"major":259,"value":24,"op":"Write","minor":0},{"major":259,"value":19,"op":"Sync","minor":0},{"major":259,"value":5,"op":"Async","minor":0},{"major":259,"value":0,"op":"Discard","minor":0},{"major":259,"value":24,"op":"Total","minor":0},{"major":253,"value":0,"op":"Read","minor":2},{"major":253,"value":24,"op":"Write","minor":2},{"major":253,"value":19,"op":"Sync","minor":2},{"major":253,"value":5,"op":"Async","minor":2},{"major":253,"value":0,"op":"Discard","minor":2},{"major":253,"value":24,"op":"Total","minor":2}],"io_time_recursive":[],"sectors_recursive":[],"io_service_bytes_recursive":[{"major":259,"value":0,"op":"Read","minor":0},{"major":259,"value":135168,"op":"Write","minor":0},{"major":259,"value":106496,"op":"Sync","minor":0},{"major":259,"value":28672,"op":"Async","minor":0},{"major":259,"value":0,"op":"Discard","minor":0},{"major":259,"value":135168,"op":"Total","minor":0},{"major":253,"value":0,"op":"Read","minor":2},{"major":253,"value":135168,"op":"Write","minor":2},{"major":253,"value":106496,"op":"Sync","minor":2},{"major":253,"value":28672,"op":"Async","minor":2},{"major":253,"value":0,"op":"Discard","minor":2},{"major":253,"value":135168,"op":"Total","minor":2}],"io_wait_time_recursive":[],"io_merged_recursive":[],"io_service_time_recursive":[]},"memory_stats":{"usage":331767808,"max_usage":1189179392,"stats":{"hierarchical_memory_limit":9223372036854771712,"pgmajfault":0,"total_rss":183193600,"inactive_file":135168,"inactive_anon":101781504,"total_pgfault":3837966,"total_cache":117768192,"total_rss_huge":0,"total_active_anon":199102464,"total_pgmajfault":0,"pgpgin":3171300,"rss_huge":0,"mapped_file":0,"total_inactive_file":135168,"dirty":405504,"total_unevictable":0,"total_dirty":405504,"writeback":135168,"pgpgout":3097824,"hierarchical_memsw_limit":0,"cache":117768192,"active_file":270336,"pgfault":3837966,"total_mapped_file":0,"total_pgpgout":3097824,"total_writeback":135168,"rss":183193600,"unevictable":0,"total_inactive_anon":101781504,"total_pgpgin":3171300,"active_anon":199102464,"total_active_file":270336},"limit":540965302272},"name":"/BayesianIntegral-e6fEparu","networks":{"eth0":{"rx_bytes":7030514,"rx_packets":1247,"tx_packets":1310,"tx_bytes":151780,"tx_dropped":0,"rx_dropped":5,"tx_errors":0,"rx_errors":0}},"id":"d524b7e2fbe6115ca4a1f71d9c8e9b44cb655b51c34005b41f96f25700a80f7f","preread":"0001-01-01T00:00:00Z","storage_stats":{},"precpu_stats":{"throttling_data":{"throttled_periods":0,"throttled_time":0,"periods":0},"cpu_usage":{"usage_in_usermode":0,"usage_in_kernelmode":0,"total_usage":0}},"pids_stats":{"current":40},"num_procs":0,"cpu_stats":{"throttling_data":{"throttled_periods":0,"throttled_time":0,"periods":0},"system_cpu_usage":6904772254522419,"online_cpus":128,"cpu_usage":{"usage_in_usermode":116320000000,"usage_in_kernelmode":8880000000,"total_usage":125075949289,"percpu_usage":[0,0,0,0,0,0,0,0,0,0,0,0,0,0,0,0,0,0,0,0,0,0,0,0,0,0,0,0,0,0,0,0,0,0,0,0,0,0,0,0,0,0,125070998818,0,0,0,0,0,0,0,0,0,0,0,0,0,0,0,0,0,0,0,0,0,0,0,0,0,0,0,0,0,0,0,0,0,0,0,0,0,0,0,0,0,0,0,0,0,0,0,0,0,0,0,0,0,0,0,0,0,0,0,0,0,3440,0,0,4947031,0,0,0,0,0,0,0,0,0,0,0,0,0,0,0,0,0,0,0,0]}},"read":"2021-01-11T23:32:01.937436081Z"}