################################################################################
# PackageCompiler set-up: 2021-01-11T19:24:38.176
#

Julia Version 1.5.3
Commit 599f52c4c6 (2020-12-18 13:33 UTC)
Platform Info:
  OS: Linux (x86_64-linux-gnu)
  CPU: AMD EPYC 7502 32-Core Processor
  WORD_SIZE: 64
  LIBM: libopenlibm
  LLVM: libLLVM-9.0.1 (ORCJIT, znver2)
Environment:
  JULIA_PKGEVAL = true
  JULIA_PKG_PRECOMPILE_AUTO = 0



################################################################################
# Installation: 2021-01-11T19:24:39.866
#

 Installing known registries into `~/.julia`
######################################################################## 100.0%
      Added registry `General` to `~/.julia/registries/General`
  Resolving package versions...
  Installed CompilerSupportLibraries_jll ─ v0.3.4+0
  Installed MbedTLS_jll ────────────────── v2.16.8+1
  Installed Zlib_jll ───────────────────── v1.2.11+18
  Installed JSONSchema ─────────────────── v0.3.3
  Installed CommonSubexpressions ───────── v0.3.0
  Installed BilevelJuMP ────────────────── v0.4.0
  Installed JuMP ───────────────────────── v0.21.5
  Installed MuladdMacro ────────────────── v0.2.2
  Installed SetRounding ────────────────── v0.2.0
  Installed TranscodingStreams ─────────── v0.9.5
  Installed PackageCompiler ────────────── v1.2.5
  Installed Calculus ───────────────────── v0.5.1
  Installed ErrorfreeArithmetic ────────── v0.5.2
  Installed DataStructures ─────────────── v0.18.8
  Installed MbedTLS ────────────────────── v1.0.3
  Installed DiffRules ──────────────────── v1.0.2
  Installed DiffResults ────────────────── v1.0.3
  Installed Bzip2_jll ──────────────────── v1.0.6+5
  Installed BenchmarkTools ─────────────── v0.5.0
  Installed OrderedCollections ─────────── v1.3.2
  Installed HTTP ───────────────────────── v0.9.2
  Installed StaticArrays ───────────────── v1.0.1
  Installed CodecZlib ──────────────────── v0.7.0
  Installed RecipesBase ────────────────── v1.1.1
  Installed MacroTools ─────────────────── v0.5.6
  Installed Dualization ────────────────── v0.3.3
  Installed MathOptInterface ───────────── v0.9.19
  Installed JLLWrappers ────────────────── v1.2.0
  Installed CRlibm ─────────────────────── v0.8.0
  Installed NaNMath ────────────────────── v0.3.5
  Installed ZipFile ────────────────────── v0.9.3
  Installed JSON ───────────────────────── v0.21.1
  Installed MutableArithmetics ─────────── v0.2.13
  Installed URIs ───────────────────────── v1.1.0
  Installed SpecialFunctions ───────────── v1.2.1
  Installed ForwardDiff ────────────────── v0.10.14
  Installed CodecBzip2 ─────────────────── v0.7.2
  Installed Compat ─────────────────────── v3.25.0
  Installed FastRounding ───────────────── v0.2.0
  Installed ChainRulesCore ─────────────── v0.9.24
  Installed OpenSpecFun_jll ────────────── v0.5.3+4
  Installed Artifacts ──────────────────── v1.3.0
  Installed IniFile ────────────────────── v0.5.0
  Installed Parsers ────────────────────── v1.0.15
  Installed RoundingEmulator ───────────── v0.2.1
  Installed IntervalArithmetic ─────────── v0.17.7
Updating `~/.julia/environments/v1.5/Project.toml`
  [485130c0] + BilevelJuMP v0.4.0
  [9b87118b] + PackageCompiler v1.2.5
Updating `~/.julia/environments/v1.5/Manifest.toml`
  [56f22d72] + Artifacts v1.3.0
  [6e4b80f9] + BenchmarkTools v0.5.0
  [485130c0] + BilevelJuMP v0.4.0
  [6e34b625] + Bzip2_jll v1.0.6+5
  [96374032] + CRlibm v0.8.0
  [49dc2e85] + Calculus v0.5.1
  [d360d2e6] + ChainRulesCore v0.9.24
  [523fee87] + CodecBzip2 v0.7.2
  [944b1d66] + CodecZlib v0.7.0
  [bbf7d656] + CommonSubexpressions v0.3.0
  [34da2185] + Compat v3.25.0
  [e66e0078] + CompilerSupportLibraries_jll v0.3.4+0
  [864edb3b] + DataStructures v0.18.8
  [163ba53b] + DiffResults v1.0.3
  [b552c78f] + DiffRules v1.0.2
  [191a621a] + Dualization v0.3.3
  [90fa49ef] + ErrorfreeArithmetic v0.5.2
  [fa42c844] + FastRounding v0.2.0
  [f6369f11] + ForwardDiff v0.10.14
  [cd3eb016] + HTTP v0.9.2
  [83e8ac13] + IniFile v0.5.0
  [d1acc4aa] + IntervalArithmetic v0.17.7
  [692b3bcd] + JLLWrappers v1.2.0
  [682c06a0] + JSON v0.21.1
  [7d188eb4] + JSONSchema v0.3.3
  [4076af6c] + JuMP v0.21.5
  [1914dd2f] + MacroTools v0.5.6
  [b8f27783] + MathOptInterface v0.9.19
  [739be429] + MbedTLS v1.0.3
  [c8ffd9c3] + MbedTLS_jll v2.16.8+1
  [46d2c3a1] + MuladdMacro v0.2.2
  [d8a4904e] + MutableArithmetics v0.2.13
  [77ba4419] + NaNMath v0.3.5
  [efe28fd5] + OpenSpecFun_jll v0.5.3+4
  [bac558e1] + OrderedCollections v1.3.2
  [9b87118b] + PackageCompiler v1.2.5
  [69de0a69] + Parsers v1.0.15
  [3cdcf5f2] + RecipesBase v1.1.1
  [5eaf0fd0] + RoundingEmulator v0.2.1
  [3cc68bcd] + SetRounding v0.2.0
  [276daf66] + SpecialFunctions v1.2.1
  [90137ffa] + StaticArrays v1.0.1
  [3bb67fe8] + TranscodingStreams v0.9.5
  [5c2747f8] + URIs v1.1.0
  [a5390f91] + ZipFile v0.9.3
  [83775a58] + Zlib_jll v1.2.11+18
  [2a0f44e3] + Base64
  [ade2ca70] + Dates
  [8bb1440f] + DelimitedFiles
  [8ba89e20] + Distributed
  [b77e0a4c] + InteractiveUtils
  [76f85450] + LibGit2
  [8f399da3] + Libdl
  [37e2e46d] + LinearAlgebra
  [56ddb016] + Logging
  [d6f4376e] + Markdown
  [a63ad114] + Mmap
  [44cfe95a] + Pkg
  [de0858da] + Printf
  [3fa0cd96] + REPL
  [9a3f8284] + Random
  [ea8e919c] + SHA
  [9e88b42a] + Serialization
  [1a1011a3] + SharedArrays
  [6462fe0b] + Sockets
  [2f01184e] + SparseArrays
  [10745b16] + Statistics
  [8dfed614] + Test
  [cf7118a7] + UUIDs
  [4ec0a83e] + Unicode
   Building CRlibm → `~/.julia/packages/CRlibm/NFCH5/deps/build.log`


################################################################################
# Compiling: 2021-01-11T19:24:57.363
#

[ Info: PackageCompiler: creating system image object file, this might take a while...
Generated system image is 196.829 MiB, compilation took 330 seconds


################################################################################
# PkgEval set-up: 2021-01-11T19:30:34.995
#

Julia Version 1.5.3
Commit 599f52c4c6 (2020-12-18 13:33 UTC)
Platform Info:
  OS: Linux (x86_64-linux-gnu)
  CPU: AMD EPYC 7502 32-Core Processor
  WORD_SIZE: 64
  LIBM: libopenlibm
  LLVM: libLLVM-9.0.1 (ORCJIT, znver2)
Environment:
  JULIA_PKGEVAL = true
  JULIA_PKG_PRECOMPILE_AUTO = 0

Base.julia_cmd() = `/usr/local/julia/bin/julia -Cnative -J/cache/BilevelJuMP-RjYLn1Jl.so -g1`


################################################################################
# Installation: 2021-01-11T19:30:36.591
#

 Installing known registries into `~/.julia`
######################################################################## 100.0%
      Added registry `General` to `~/.julia/registries/General`
  Resolving package versions...
  Installed CompilerSupportLibraries_jll ─ v0.3.4+0
  Installed MbedTLS_jll ────────────────── v2.16.8+1
  Installed JSONSchema ─────────────────── v0.3.3
  Installed MuladdMacro ────────────────── v0.2.2
  Installed Zlib_jll ───────────────────── v1.2.11+18
  Installed BilevelJuMP ────────────────── v0.4.0
  Installed CommonSubexpressions ───────── v0.3.0
  Installed JuMP ───────────────────────── v0.21.5
  Installed SetRounding ────────────────── v0.2.0
  Installed Calculus ───────────────────── v0.5.1
  Installed Bzip2_jll ──────────────────── v1.0.6+5
  Installed TranscodingStreams ─────────── v0.9.5
  Installed MbedTLS ────────────────────── v1.0.3
  Installed ErrorfreeArithmetic ────────── v0.5.2
  Installed DiffRules ──────────────────── v1.0.2
  Installed DiffResults ────────────────── v1.0.3
  Installed DataStructures ─────────────── v0.18.8
  Installed CodecZlib ──────────────────── v0.7.0
  Installed OrderedCollections ─────────── v1.3.2
  Installed BenchmarkTools ─────────────── v0.5.0
  Installed RecipesBase ────────────────── v1.1.1
  Installed HTTP ───────────────────────── v0.9.2
  Installed StaticArrays ───────────────── v1.0.1
  Installed Dualization ────────────────── v0.3.3
  Installed MathOptInterface ───────────── v0.9.19
  Installed MacroTools ─────────────────── v0.5.6
  Installed NaNMath ────────────────────── v0.3.5
  Installed ZipFile ────────────────────── v0.9.3
  Installed CRlibm ─────────────────────── v0.8.0
  Installed MutableArithmetics ─────────── v0.2.13
  Installed JSON ───────────────────────── v0.21.1
  Installed JLLWrappers ────────────────── v1.2.0
  Installed ForwardDiff ────────────────── v0.10.14
  Installed URIs ───────────────────────── v1.1.0
  Installed CodecBzip2 ─────────────────── v0.7.2
  Installed FastRounding ───────────────── v0.2.0
  Installed OpenSpecFun_jll ────────────── v0.5.3+4
  Installed Compat ─────────────────────── v3.25.0
  Installed SpecialFunctions ───────────── v1.2.1
  Installed RoundingEmulator ───────────── v0.2.1
  Installed ChainRulesCore ─────────────── v0.9.24
  Installed IntervalArithmetic ─────────── v0.17.7
  Installed Parsers ────────────────────── v1.0.15
  Installed Artifacts ──────────────────── v1.3.0
  Installed IniFile ────────────────────── v0.5.0
Updating `~/.julia/environments/v1.5/Project.toml`
  [485130c0] + BilevelJuMP v0.4.0
Updating `~/.julia/environments/v1.5/Manifest.toml`
  [56f22d72] + Artifacts v1.3.0
  [6e4b80f9] + BenchmarkTools v0.5.0
  [485130c0] + BilevelJuMP v0.4.0
  [6e34b625] + Bzip2_jll v1.0.6+5
  [96374032] + CRlibm v0.8.0
  [49dc2e85] + Calculus v0.5.1
  [d360d2e6] + ChainRulesCore v0.9.24
  [523fee87] + CodecBzip2 v0.7.2
  [944b1d66] + CodecZlib v0.7.0
  [bbf7d656] + CommonSubexpressions v0.3.0
  [34da2185] + Compat v3.25.0
  [e66e0078] + CompilerSupportLibraries_jll v0.3.4+0
  [864edb3b] + DataStructures v0.18.8
  [163ba53b] + DiffResults v1.0.3
  [b552c78f] + DiffRules v1.0.2
  [191a621a] + Dualization v0.3.3
  [90fa49ef] + ErrorfreeArithmetic v0.5.2
  [fa42c844] + FastRounding v0.2.0
  [f6369f11] + ForwardDiff v0.10.14
  [cd3eb016] + HTTP v0.9.2
  [83e8ac13] + IniFile v0.5.0
  [d1acc4aa] + IntervalArithmetic v0.17.7
  [692b3bcd] + JLLWrappers v1.2.0
  [682c06a0] + JSON v0.21.1
  [7d188eb4] + JSONSchema v0.3.3
  [4076af6c] + JuMP v0.21.5
  [1914dd2f] + MacroTools v0.5.6
  [b8f27783] + MathOptInterface v0.9.19
  [739be429] + MbedTLS v1.0.3
  [c8ffd9c3] + MbedTLS_jll v2.16.8+1
  [46d2c3a1] + MuladdMacro v0.2.2
  [d8a4904e] + MutableArithmetics v0.2.13
  [77ba4419] + NaNMath v0.3.5
  [efe28fd5] + OpenSpecFun_jll v0.5.3+4
  [bac558e1] + OrderedCollections v1.3.2
  [69de0a69] + Parsers v1.0.15
  [3cdcf5f2] + RecipesBase v1.1.1
  [5eaf0fd0] + RoundingEmulator v0.2.1
  [3cc68bcd] + SetRounding v0.2.0
  [276daf66] + SpecialFunctions v1.2.1
  [90137ffa] + StaticArrays v1.0.1
  [3bb67fe8] + TranscodingStreams v0.9.5
  [5c2747f8] + URIs v1.1.0
  [a5390f91] + ZipFile v0.9.3
  [83775a58] + Zlib_jll v1.2.11+18
  [2a0f44e3] + Base64
  [ade2ca70] + Dates
  [8bb1440f] + DelimitedFiles
  [8ba89e20] + Distributed
  [b77e0a4c] + InteractiveUtils
  [76f85450] + LibGit2
  [8f399da3] + Libdl
  [37e2e46d] + LinearAlgebra
  [56ddb016] + Logging
  [d6f4376e] + Markdown
  [a63ad114] + Mmap
  [44cfe95a] + Pkg
  [de0858da] + Printf
  [3fa0cd96] + REPL
  [9a3f8284] + Random
  [ea8e919c] + SHA
  [9e88b42a] + Serialization
  [1a1011a3] + SharedArrays
  [6462fe0b] + Sockets
  [2f01184e] + SparseArrays
  [10745b16] + Statistics
  [8dfed614] + Test
  [cf7118a7] + UUIDs
  [4ec0a83e] + Unicode
   Building CRlibm → `~/.julia/packages/CRlibm/NFCH5/deps/build.log`


################################################################################
# Testing: 2021-01-11T19:30:54.683
#

    Testing BilevelJuMP
Status `/tmp/jl_z21TR8/Project.toml`
  [485130c0] BilevelJuMP v0.4.0
  [9961bab8] Cbc v0.7.1
  [191a621a] Dualization v0.3.3
  [d1acc4aa] IntervalArithmetic v0.17.7
  [b6b21f68] Ipopt v0.6.5
  [4076af6c] JuMP v0.21.5
  [b8f27783] MathOptInterface v0.9.19
  [014a38d5] QuadraticToBinary v0.2.3
  [37e2e46d] LinearAlgebra
  [8dfed614] Test
Status `/tmp/jl_z21TR8/Manifest.toml`
  [ae81ac8f] ASL_jll v0.1.1+4
  [56f22d72] Artifacts v1.3.0
  [6e4b80f9] BenchmarkTools v0.5.0
  [485130c0] BilevelJuMP v0.4.0
  [b99e7846] BinaryProvider v0.5.10
  [6e34b625] Bzip2_jll v1.0.6+5
  [fa961155] CEnum v0.4.1
  [96374032] CRlibm v0.8.0
  [49dc2e85] Calculus v0.5.1
  [9961bab8] Cbc v0.7.1
  [38041ee0] Cbc_jll v2.10.3+5
  [3830e938] Cgl_jll v0.60.2+6
  [d360d2e6] ChainRulesCore v0.9.24
  [06985876] Clp_jll v1.17.6+7
  [523fee87] CodecBzip2 v0.7.2
  [944b1d66] CodecZlib v0.7.0
  [be027038] CoinUtils_jll v2.11.3+4
  [bbf7d656] CommonSubexpressions v0.3.0
  [34da2185] Compat v3.25.0
  [e66e0078] CompilerSupportLibraries_jll v0.3.4+0
  [864edb3b] DataStructures v0.18.8
  [163ba53b] DiffResults v1.0.3
  [b552c78f] DiffRules v1.0.2
  [191a621a] Dualization v0.3.3
  [90fa49ef] ErrorfreeArithmetic v0.5.2
  [fa42c844] FastRounding v0.2.0
  [f6369f11] ForwardDiff v0.10.14
  [cd3eb016] HTTP v0.9.2
  [83e8ac13] IniFile v0.5.0
  [d1acc4aa] IntervalArithmetic v0.17.7
  [b6b21f68] Ipopt v0.6.5
  [9cc047cb] Ipopt_jll v3.13.2+1
  [692b3bcd] JLLWrappers v1.2.0
  [682c06a0] JSON v0.21.1
  [7d188eb4] JSONSchema v0.3.3
  [4076af6c] JuMP v0.21.5
  [d00139f3] METIS_jll v5.1.0+5
  [d7ed1dd3] MUMPS_seq_jll v5.2.1+4
  [1914dd2f] MacroTools v0.5.6
  [b8f27783] MathOptInterface v0.9.19
  [fdba3010] MathProgBase v0.7.8
  [739be429] MbedTLS v1.0.3
  [c8ffd9c3] MbedTLS_jll v2.16.8+1
  [46d2c3a1] MuladdMacro v0.2.2
  [d8a4904e] MutableArithmetics v0.2.13
  [77ba4419] NaNMath v0.3.5
  [656ef2d0] OpenBLAS32_jll v0.3.9+4
  [efe28fd5] OpenSpecFun_jll v0.5.3+4
  [bac558e1] OrderedCollections v1.3.2
  [7da25872] Osi_jll v0.108.5+4
  [69de0a69] Parsers v1.0.15
  [014a38d5] QuadraticToBinary v0.2.3
  [3cdcf5f2] RecipesBase v1.1.1
  [5eaf0fd0] RoundingEmulator v0.2.1
  [3cc68bcd] SetRounding v0.2.0
  [276daf66] SpecialFunctions v1.2.1
  [90137ffa] StaticArrays v1.0.1
  [3bb67fe8] TranscodingStreams v0.9.5
  [5c2747f8] URIs v1.1.0
  [a5390f91] ZipFile v0.9.3
  [83775a58] Zlib_jll v1.2.11+18
  [2a0f44e3] Base64
  [ade2ca70] Dates
  [8bb1440f] DelimitedFiles
  [8ba89e20] Distributed
  [b77e0a4c] InteractiveUtils
  [76f85450] LibGit2
  [8f399da3] Libdl
  [37e2e46d] LinearAlgebra
  [56ddb016] Logging
  [d6f4376e] Markdown
  [a63ad114] Mmap
  [44cfe95a] Pkg
  [de0858da] Printf
  [3fa0cd96] REPL
  [9a3f8284] Random
  [ea8e919c] SHA
  [9e88b42a] Serialization
  [1a1011a3] SharedArrays
  [6462fe0b] Sockets
  [2f01184e] SparseArrays
  [10745b16] Statistics
  [8dfed614] Test
  [cf7118a7] UUIDs
  [4ec0a83e] Unicode
┌ Warning: Passing optimizer attributes as keyword arguments to
│ `Ipopt.Optimizer` is deprecated. Use
│     MOI.set(model, MOI.RawParameter("key"), value)
│ or
│     JuMP.set_optimizer_attribute(model, "key", value)
│ instead.
└ @ Ipopt ~/.julia/packages/Ipopt/P1XLY/src/MOI_wrapper.jl:88
x
c2 : x + 2 y ≤ 4.0
A JuMP Model
Minimization problem with:
Variables: 2
Upper objective function type: 
GenericAffExpr{Float64,BilevelJuMP.BilevelVariableRef}
Lower objective function type: 
BilevelJuMP.BilevelVariableRef
Upper Constraints: 0
Lower Constraints: 4
Bilevel Model
Solution method: BilevelJuMP.NoMode{Float64}
No solver attached
Names registered in the model: c1, c2, c3, c4, x, y
A JuMP Model
Minimization problem with:
Variables: 2
Upper objective function type: 
GenericAffExpr{Float64,BilevelJuMP.BilevelVariableRef}
Upper Constraints: 0
Bilevel Model
Solution method: BilevelJuMP.NoMode{Float64}
No solver attached
Names registered in the model: c1, c2, c3, c4, x, y
A JuMP Model
Minimization problem with:
Variables: 2
Lower objective function type: 
BilevelJuMP.BilevelVariableRef
Lower Constraints: 4Bilevel Model
Solution method: BilevelJuMP.NoMode{Float64}
No solver attached
Names registered in the model: c1, c2, c3, c4, x, y
A JuMP Model
Minimization problem with:
Variables: 2
Upper objective function type: 
GenericAffExpr{Float64,BilevelJuMP.BilevelVariableRef}
Lower objective function type: 
BilevelJuMP.BilevelVariableRef
Upper Constraints: 0
Lower Constraint: 1
Bilevel Model
Solution method: BilevelJuMP.SOS1Mode{Float64}()
Solver name: COIN Branch-and-Cut (Cbc)
Names registered in the model: c1, x, y
A JuMP Model
Minimization problem with:
Variables: 2
Upper objective function type: 
GenericAffExpr{Float64,BilevelJuMP.BilevelVariableRef}
Upper Constraints: 0
Bilevel Model
Solution method: BilevelJuMP.SOS1Mode{Float64}()
Solver name: COIN Branch-and-Cut (Cbc)
Names registered in the model: c1, x, y
A JuMP Model
Minimization problem with:
Variables: 2
Lower objective function type: 
BilevelJuMP.BilevelVariableRef
Lower Constraint: 1Bilevel Model
Solution method: BilevelJuMP.SOS1Mode{Float64}()
Solver name: COIN Branch-and-Cut (Cbc)
Names registered in the model: c1, x, y
Cbc3007W No integer variables - nothing to do
Cbc3007W No integer variables - nothing to do

******************************************************************************
This program contains Ipopt, a library for large-scale nonlinear optimization.
 Ipopt is released as open source code under the Eclipse Public License (EPL).
         For more information visit http://projects.coin-or.org/Ipopt
******************************************************************************

Cbc3007W No integer variables - nothing to do
Cbc3007W No integer variables - nothing to do
Cbc3007W No integer variables - nothing to do
Cbc3007W No integer variables - nothing to do
Cbc3007W No integer variables - nothing to do
Cbc3007W No integer variables - nothing to do
Cbc3007W No integer variables - nothing to do
Cbc3007W No integer variables - nothing to do
Cbc3007W No integer variables - nothing to do
Cbc3007W No integer variables - nothing to do
Cbc3007W No integer variables - nothing to do
Cbc3007W No integer variables - nothing to do
Cbc3007W No integer variables - nothing to do
Cbc3007W No integer variables - nothing to do
Cbc3007W No integer variables - nothing to do
Cbc3007W No integer variables - nothing to do
Cbc3007W No integer variables - nothing to do
Cbc3007W No integer variables - nothing to do
Cbc3007W No integer variables - nothing to do
Cbc3007W No integer variables - nothing to do
Cbc3007W No integer variables - nothing to do
┌ Warning: MathOptInterface.VariablePrimalStart() is not supported by MathOptInterface.Bridges.LazyBridgeOptimizer{QuadraticToBinary.Optimizer{Float64,MathOptInterface.Utilities.CachingOptimizer{Cbc.Optimizer,MathOptInterface.Utilities.UniversalFallback{MathOptInterface.Utilities.Model{Float64}}}}}. This information will be discarded.
└ @ MathOptInterface.Utilities /home/pkgeval/.julia/packages/MathOptInterface/ZJFKw/src/Utilities/copy.jl:185
┌ Warning: MathOptInterface.VariablePrimalStart() is not supported by MathOptInterface.Bridges.LazyBridgeOptimizer{QuadraticToBinary.Optimizer{Float64,MathOptInterface.Utilities.CachingOptimizer{Cbc.Optimizer,MathOptInterface.Utilities.UniversalFallback{MathOptInterface.Utilities.Model{Float64}}}}}. This information will be discarded.
└ @ MathOptInterface.Utilities /home/pkgeval/.julia/packages/MathOptInterface/ZJFKw/src/Utilities/copy.jl:185
Cbc3007W No integer variables - nothing to do
Cbc3007W No integer variables - nothing to do
Skipping HTP linear 05
Cbc3007W No integer variables - nothing to do
Cbc3007W No integer variables - nothing to do
Cbc3007W No integer variables - nothing to do
Cbc3007W No integer variables - nothing to do
Cbc3007W No integer variables - nothing to do
Cbc3007W No integer variables - nothing to do
Cbc3007W No integer variables - nothing to do
Cbc3007W No integer variables - nothing to do
Cbc3007W No integer variables - nothing to do
Cbc3007W No integer variables - nothing to do
Cbc3007W No integer variables - nothing to do
Cbc3007W No integer variables - nothing to do
Cbc3007W No integer variables - nothing to do
Cbc3007W No integer variables - nothing to do
Cbc3007W No integer variables - nothing to do
Cbc3007W No integer variables - nothing to do
Cbc3007W No integer variables - nothing to do
Cbc3007W No integer variables - nothing to do
┌ Warning: MathOptInterface.VariablePrimalStart() is not supported by MathOptInterface.Bridges.LazyBridgeOptimizer{MathOptInterface.Bridges.LazyBridgeOptimizer{QuadraticToBinary.Optimizer{Float64,MathOptInterface.Utilities.CachingOptimizer{Cbc.Optimizer,MathOptInterface.Utilities.UniversalFallback{MathOptInterface.Utilities.Model{Float64}}}}}}. This information will be discarded.
└ @ MathOptInterface.Utilities /home/pkgeval/.julia/packages/MathOptInterface/ZJFKw/src/Utilities/copy.jl:185
┌ Warning: MathOptInterface.VariablePrimalStart() is not supported by MathOptInterface.Bridges.LazyBridgeOptimizer{MathOptInterface.Bridges.LazyBridgeOptimizer{QuadraticToBinary.Optimizer{Float64,MathOptInterface.Utilities.CachingOptimizer{Cbc.Optimizer,MathOptInterface.Utilities.UniversalFallback{MathOptInterface.Utilities.Model{Float64}}}}}}. This information will be discarded.
└ @ MathOptInterface.Utilities /home/pkgeval/.julia/packages/MathOptInterface/ZJFKw/src/Utilities/copy.jl:185
┌ Warning: MathOptInterface.VariablePrimalStart() is not supported by MathOptInterface.FileFormats.LP.Model{Float64}. This information will be discarded.
└ @ MathOptInterface.Utilities /home/pkgeval/.julia/packages/MathOptInterface/ZJFKw/src/Utilities/copy.jl:185
┌ Warning: MathOptInterface.VariablePrimalStart() is not supported by MathOptInterface.FileFormats.LP.Model{Float64}. This information will be discarded.
└ @ MathOptInterface.Utilities /home/pkgeval/.julia/packages/MathOptInterface/ZJFKw/src/Utilities/copy.jl:185
┌ Warning: MathOptInterface.VariablePrimalStart() is not supported by MathOptInterface.FileFormats.LP.Model{Float64}. This information will be discarded.
└ @ MathOptInterface.Utilities /home/pkgeval/.julia/packages/MathOptInterface/ZJFKw/src/Utilities/copy.jl:185
┌ Warning: MathOptInterface.VariablePrimalStart() is not supported by MathOptInterface.FileFormats.LP.Model{Float64}. This information will be discarded.
└ @ MathOptInterface.Utilities /home/pkgeval/.julia/packages/MathOptInterface/ZJFKw/src/Utilities/copy.jl:185
┌ Warning: MathOptInterface.VariablePrimalStart() is not supported by MathOptInterface.Bridges.LazyBridgeOptimizer{MathOptInterface.Bridges.Constraint.SingleBridgeOptimizer{MathOptInterface.Bridges.Constraint.SOCtoNonConvexQuadBridge{Float64},QuadraticToBinary.Optimizer{Float64,MathOptInterface.Utilities.CachingOptimizer{Cbc.Optimizer,MathOptInterface.Utilities.UniversalFallback{MathOptInterface.Utilities.Model{Float64}}}}}}. This information will be discarded.
└ @ MathOptInterface.Utilities /home/pkgeval/.julia/packages/MathOptInterface/ZJFKw/src/Utilities/copy.jl:185
  7.784499 seconds (11.75 M allocations: 596.860 MiB, 3.89% gc time)
┌ Warning: MathOptInterface.VariablePrimalStart() is not supported by MathOptInterface.Bridges.LazyBridgeOptimizer{MathOptInterface.Bridges.Constraint.SingleBridgeOptimizer{MathOptInterface.Bridges.Constraint.SOCtoNonConvexQuadBridge{Float64},QuadraticToBinary.Optimizer{Float64,MathOptInterface.Utilities.CachingOptimizer{Cbc.Optimizer,MathOptInterface.Utilities.UniversalFallback{MathOptInterface.Utilities.Model{Float64}}}}}}. This information will be discarded.
└ @ MathOptInterface.Utilities /home/pkgeval/.julia/packages/MathOptInterface/ZJFKw/src/Utilities/copy.jl:185
  1.725854 seconds (539.36 k allocations: 29.482 MiB, 1.20% gc time)
┌ Warning: MathOptInterface.VariablePrimalStart() is not supported by MathOptInterface.Bridges.LazyBridgeOptimizer{MathOptInterface.Bridges.Constraint.SingleBridgeOptimizer{MathOptInterface.Bridges.Constraint.SOCtoNonConvexQuadBridge{Float64},QuadraticToBinary.Optimizer{Float64,MathOptInterface.Utilities.CachingOptimizer{Cbc.Optimizer,MathOptInterface.Utilities.UniversalFallback{MathOptInterface.Utilities.Model{Float64}}}}}}. This information will be discarded.
└ @ MathOptInterface.Utilities /home/pkgeval/.julia/packages/MathOptInterface/ZJFKw/src/Utilities/copy.jl:185
  0.494986 seconds (443.32 k allocations: 24.989 MiB)
Test Summary:     | Pass  Total
BilevelJuMP tests |  977    977
    Testing BilevelJuMP tests passed 

PkgEval succeeded


################################################################################
# PkgEval teardown: 2021-01-11T19:34:51.857
CPU usage: 256.12s (247.84s user, 8.61s kernel)

Network usage:
- eth0: 9.102 MiB received, 329.996 KiB sent

Raw statistics: {"blkio_stats":{"io_queue_recursive":[],"io_serviced_recursive":[{"major":259,"value":0,"op":"Read","minor":0},{"major":259,"value":142,"op":"Write","minor":0},{"major":259,"value":14,"op":"Sync","minor":0},{"major":259,"value":128,"op":"Async","minor":0},{"major":259,"value":0,"op":"Discard","minor":0},{"major":259,"value":142,"op":"Total","minor":0},{"major":253,"value":0,"op":"Read","minor":2},{"major":253,"value":104,"op":"Write","minor":2},{"major":253,"value":14,"op":"Sync","minor":2},{"major":253,"value":90,"op":"Async","minor":2},{"major":253,"value":0,"op":"Discard","minor":2},{"major":253,"value":104,"op":"Total","minor":2}],"io_time_recursive":[],"sectors_recursive":[],"io_service_bytes_recursive":[{"major":259,"value":0,"op":"Read","minor":0},{"major":259,"value":6496256,"op":"Write","minor":0},{"major":259,"value":57344,"op":"Sync","minor":0},{"major":259,"value":6438912,"op":"Async","minor":0},{"major":259,"value":0,"op":"Discard","minor":0},{"major":259,"value":6496256,"op":"Total","minor":0},{"major":253,"value":0,"op":"Read","minor":2},{"major":253,"value":6496256,"op":"Write","minor":2},{"major":253,"value":57344,"op":"Sync","minor":2},{"major":253,"value":6438912,"op":"Async","minor":2},{"major":253,"value":0,"op":"Discard","minor":2},{"major":253,"value":6496256,"op":"Total","minor":2}],"io_wait_time_recursive":[],"io_merged_recursive":[],"io_service_time_recursive":[]},"memory_stats":{"usage":385445888,"max_usage":1469628416,"stats":{"hierarchical_memory_limit":9223372036854771712,"pgmajfault":0,"total_rss":226263040,"inactive_file":135168,"inactive_anon":103268352,"total_pgfault":3046626,"total_cache":124805120,"total_rss_huge":0,"total_active_anon":247898112,"total_pgmajfault":0,"pgpgin":1518198,"rss_huge":0,"mapped_file":0,"total_inactive_file":135168,"dirty":135168,"total_unevictable":0,"total_dirty":135168,"writeback":0,"pgpgout":1432468,"hierarchical_memsw_limit":0,"cache":124805120,"active_file":135168,"pgfault":3046626,"total_mapped_file":0,"total_pgpgout":1432468,"total_writeback":0,"rss":226263040,"unevictable":0,"total_inactive_anon":103268352,"total_pgpgin":1518198,"active_anon":247898112,"total_active_file":135168},"limit":540965302272},"name":"/BilevelJuMP-C7KGkTSc","networks":{"eth0":{"rx_bytes":9544599,"rx_packets":2440,"tx_packets":2778,"tx_bytes":337916,"tx_dropped":0,"rx_dropped":9,"tx_errors":0,"rx_errors":0}},"id":"aca5df6a9de236d8c394af1861117a7ed78d28e60793781b2f0f8e84c41d2ffa","preread":"0001-01-01T00:00:00Z","storage_stats":{},"precpu_stats":{"throttling_data":{"throttled_periods":0,"throttled_time":0,"periods":0},"cpu_usage":{"usage_in_usermode":0,"usage_in_kernelmode":0,"total_usage":0}},"pids_stats":{"current":44},"num_procs":0,"cpu_stats":{"throttling_data":{"throttled_periods":0,"throttled_time":0,"periods":0},"system_cpu_usage":5086554114522419,"online_cpus":128,"cpu_usage":{"usage_in_usermode":247840000000,"usage_in_kernelmode":8610000000,"total_usage":256116477837,"percpu_usage":[0,0,0,0,0,256116206517,0,0,0,0,0,0,0,0,0,0,0,0,0,0,0,0,0,0,0,0,0,0,0,0,0,0,0,0,0,0,0,0,0,0,0,0,0,0,0,0,0,0,0,0,0,0,0,0,0,0,0,0,0,0,0,0,0,0,0,0,0,0,3810,0,267510,0,0,0,0,0,0,0,0,0,0,0,0,0,0,0,0,0,0,0,0,0,0,0,0,0,0,0,0,0,0,0,0,0,0,0,0,0,0,0,0,0,0,0,0,0,0,0,0,0,0,0,0,0,0,0,0,0]}},"read":"2021-01-11T19:34:52.658846099Z"}