################################################################################
# PkgEval set-up: 2021-01-11T21:34:00.419
#

Julia Version 1.5.3
Commit 599f52c4c6 (2020-12-18 13:33 UTC)
Platform Info:
  OS: Linux (x86_64-linux-gnu)
  CPU: AMD EPYC 7502 32-Core Processor
  WORD_SIZE: 64
  LIBM: libopenlibm
  LLVM: libLLVM-9.0.1 (ORCJIT, znver2)
Environment:
  JULIA_PKG_PRECOMPILE_AUTO = 0
  JULIA_PKGEVAL = true

Base.julia_cmd() = `/opt/julia/bin/julia -Cnative -J/opt/julia/lib/julia/sys.so -g1`


################################################################################
# Installation: 2021-01-11T21:34:02.237
#

 Installing known registries into `~/.julia`
######################################################################## 100.0%
      Added registry `General` to `~/.julia/registries/General`
  Resolving package versions...
  Installed Bio ───────────────── v1.0.1
  Installed MbedTLS_jll ───────── v2.16.8+1
  Installed BioStructures ─────── v0.4.0
  Installed BioServices ───────── v0.3.2
  Installed BioSymbols ────────── v3.1.0
  Installed Automa ────────────── v0.7.0
  Installed Twiddle ───────────── v1.1.2
  Installed BioAlignments ─────── v1.0.1
  Installed BioSequences ──────── v1.1.0
  Installed XMLDict ───────────── v0.4.1
  Installed Gumbo_jll ─────────── v0.10.1+1
  Installed TranscodingStreams ── v0.9.5
  Installed Combinatorics ─────── v0.7.0
  Installed BufferedStreams ───── v1.0.0
  Installed Format ────────────── v0.8.0
  Installed Polynomials ───────── v0.6.1
  Installed DataStructures ────── v0.17.20
  Installed BioTools ──────────── v1.0.0
  Installed GeneticVariation ──── v0.4.0
  Installed MbedTLS ───────────── v1.0.3
  Installed EzXML ─────────────── v0.9.5
  Installed IterTools ─────────── v1.3.0
  Installed OrderedCollections ── v1.3.2
  Installed IntervalTrees ─────── v1.0.0
  Installed HTTP ──────────────── v0.8.19
  Installed RecipesBase ───────── v0.7.0
  Installed Libz ──────────────── v1.0.1
  Installed ColorTypes ────────── v0.9.1
  Installed CodecZlib ─────────── v0.6.0
  Installed Gumbo ─────────────── v0.8.0
  Installed BGZFStreams ───────── v0.3.0
  Installed URIParser ─────────── v0.4.1
  Installed BioCore ───────────── v2.0.5
  Installed FixedPointNumbers ─── v0.7.1
  Installed YAML ──────────────── v0.4.5
  Installed JSON ──────────────── v0.21.1
  Installed JLLWrappers ───────── v1.2.0
  Installed GenomicFeatures ───── v1.0.4
  Installed Compat ────────────── v2.2.1
  Installed IndexableBitVectors ─ v1.0.0
  Installed Parsers ───────────── v1.0.15
  Installed AbstractTrees ─────── v0.3.3
  Installed BinaryProvider ────── v0.5.10
  Installed Artifacts ─────────── v1.3.0
  Installed IniFile ───────────── v0.5.0
Updating `~/.julia/environments/v1.5/Project.toml`
  [3637df68] + Bio v1.0.1
Updating `~/.julia/environments/v1.5/Manifest.toml`
  [1520ce14] + AbstractTrees v0.3.3
  [56f22d72] + Artifacts v1.3.0
  [67c07d97] + Automa v0.7.0
  [28d598bf] + BGZFStreams v0.3.0
  [b99e7846] + BinaryProvider v0.5.10
  [3637df68] + Bio v1.0.1
  [00701ae9] + BioAlignments v1.0.1
  [37cfa864] + BioCore v2.0.5
  [7e6ae17a] + BioSequences v1.1.0
  [a0d4ced5] + BioServices v0.3.2
  [de9282ab] + BioStructures v0.4.0
  [3c28c6f8] + BioSymbols v3.1.0
  [fa51a905] + BioTools v1.0.0
  [e1450e63] + BufferedStreams v1.0.0
  [944b1d66] + CodecZlib v0.6.0
  [3da002f7] + ColorTypes v0.9.1
  [861a8166] + Combinatorics v0.7.0
  [34da2185] + Compat v2.2.1
  [864edb3b] + DataStructures v0.17.20
  [8f5d6c58] + EzXML v0.9.5
  [53c48c17] + FixedPointNumbers v0.7.1
  [1fa38f19] + Format v0.8.0
  [9bc6ac9d] + GeneticVariation v0.4.0
  [899a7d2d] + GenomicFeatures v1.0.4
  [708ec375] + Gumbo v0.8.0
  [528830af] + Gumbo_jll v0.10.1+1
  [cd3eb016] + HTTP v0.8.19
  [1cb3b9ac] + IndexableBitVectors v1.0.0
  [83e8ac13] + IniFile v0.5.0
  [524e6230] + IntervalTrees v1.0.0
  [c8e1da08] + IterTools v1.3.0
  [692b3bcd] + JLLWrappers v1.2.0
  [682c06a0] + JSON v0.21.1
  [2ec943e9] + Libz v1.0.1
  [739be429] + MbedTLS v1.0.3
  [c8ffd9c3] + MbedTLS_jll v2.16.8+1
  [bac558e1] + OrderedCollections v1.3.2
  [69de0a69] + Parsers v1.0.15
  [f27b6e38] + Polynomials v0.6.1
  [3cdcf5f2] + RecipesBase v0.7.0
  [3bb67fe8] + TranscodingStreams v0.9.5
  [7200193e] + Twiddle v1.1.2
  [30578b45] + URIParser v0.4.1
  [228000da] + XMLDict v0.4.1
  [ddb6d928] + YAML v0.4.5
  [2a0f44e3] + Base64
  [ade2ca70] + Dates
  [8bb1440f] + DelimitedFiles
  [8ba89e20] + Distributed
  [b77e0a4c] + InteractiveUtils
  [76f85450] + LibGit2
  [8f399da3] + Libdl
  [37e2e46d] + LinearAlgebra
  [56ddb016] + Logging
  [d6f4376e] + Markdown
  [a63ad114] + Mmap
  [44cfe95a] + Pkg
  [de0858da] + Printf
  [9abbd945] + Profile
  [3fa0cd96] + REPL
  [9a3f8284] + Random
  [ea8e919c] + SHA
  [9e88b42a] + Serialization
  [1a1011a3] + SharedArrays
  [6462fe0b] + Sockets
  [2f01184e] + SparseArrays
  [10745b16] + Statistics
  [8dfed614] + Test
  [cf7118a7] + UUIDs
  [4ec0a83e] + Unicode
   Building EzXML ────→ `~/.julia/packages/EzXML/QtGgF/deps/build.log`
   Building CodecZlib → `~/.julia/packages/CodecZlib/5t9zO/deps/build.log`


################################################################################
# Testing: 2021-01-11T21:34:21.99
#

    Testing Bio
Status `/tmp/jl_VwXezT/Project.toml`
  [3637df68] Bio v1.0.1
  [00701ae9] BioAlignments v1.0.1
  [37cfa864] BioCore v2.0.5
  [7e6ae17a] BioSequences v1.1.0
  [a0d4ced5] BioServices v0.3.2
  [de9282ab] BioStructures v0.4.0
  [fa51a905] BioTools v1.0.0
  [9bc6ac9d] GeneticVariation v0.4.0
  [899a7d2d] GenomicFeatures v1.0.4
  [44cfe95a] Pkg
  [8dfed614] Test
Status `/tmp/jl_VwXezT/Manifest.toml`
  [1520ce14] AbstractTrees v0.3.3
  [56f22d72] Artifacts v1.3.0
  [67c07d97] Automa v0.7.0
  [28d598bf] BGZFStreams v0.3.0
  [b99e7846] BinaryProvider v0.5.10
  [3637df68] Bio v1.0.1
  [00701ae9] BioAlignments v1.0.1
  [37cfa864] BioCore v2.0.5
  [7e6ae17a] BioSequences v1.1.0
  [a0d4ced5] BioServices v0.3.2
  [de9282ab] BioStructures v0.4.0
  [3c28c6f8] BioSymbols v3.1.0
  [fa51a905] BioTools v1.0.0
  [e1450e63] BufferedStreams v1.0.0
  [944b1d66] CodecZlib v0.6.0
  [3da002f7] ColorTypes v0.9.1
  [861a8166] Combinatorics v0.7.0
  [34da2185] Compat v2.2.1
  [864edb3b] DataStructures v0.17.20
  [8f5d6c58] EzXML v0.9.5
  [53c48c17] FixedPointNumbers v0.7.1
  [1fa38f19] Format v0.8.0
  [9bc6ac9d] GeneticVariation v0.4.0
  [899a7d2d] GenomicFeatures v1.0.4
  [708ec375] Gumbo v0.8.0
  [528830af] Gumbo_jll v0.10.1+1
  [cd3eb016] HTTP v0.8.19
  [1cb3b9ac] IndexableBitVectors v1.0.0
  [83e8ac13] IniFile v0.5.0
  [524e6230] IntervalTrees v1.0.0
  [c8e1da08] IterTools v1.3.0
  [692b3bcd] JLLWrappers v1.2.0
  [682c06a0] JSON v0.21.1
  [2ec943e9] Libz v1.0.1
  [739be429] MbedTLS v1.0.3
  [c8ffd9c3] MbedTLS_jll v2.16.8+1
  [bac558e1] OrderedCollections v1.3.2
  [69de0a69] Parsers v1.0.15
  [f27b6e38] Polynomials v0.6.1
  [3cdcf5f2] RecipesBase v0.7.0
  [3bb67fe8] TranscodingStreams v0.9.5
  [7200193e] Twiddle v1.1.2
  [30578b45] URIParser v0.4.1
  [228000da] XMLDict v0.4.1
  [ddb6d928] YAML v0.4.5
  [2a0f44e3] Base64
  [ade2ca70] Dates
  [8bb1440f] DelimitedFiles
  [8ba89e20] Distributed
  [b77e0a4c] InteractiveUtils
  [76f85450] LibGit2
  [8f399da3] Libdl
  [37e2e46d] LinearAlgebra
  [56ddb016] Logging
  [d6f4376e] Markdown
  [a63ad114] Mmap
  [44cfe95a] Pkg
  [de0858da] Printf
  [9abbd945] Profile
  [3fa0cd96] REPL
  [9a3f8284] Random
  [ea8e919c] SHA
  [9e88b42a] Serialization
  [1a1011a3] SharedArrays
  [6462fe0b] Sockets
  [2f01184e] SparseArrays
  [10745b16] Statistics
  [8dfed614] Test
  [cf7118a7] UUIDs
  [4ec0a83e] Unicode
ERROR: LoadError: syntax: missing separator in array expression
Stacktrace:
 [1] top-level scope at /home/pkgeval/.julia/packages/Bio/sLeRG/test/runtests.jl:9
 [2] include(::String) at ./client.jl:457
 [3] top-level scope at none:6
in expression starting at /home/pkgeval/.julia/packages/Bio/sLeRG/test/runtests.jl:9

PkgEval failed: Package Bio errored during testing
Stacktrace:
 [1] pkgerror(::String) at /workspace/srcdir/usr/share/julia/stdlib/v1.5/Pkg/src/Types.jl:52
 [2] test(::Pkg.Types.Context, ::Array{Pkg.Types.PackageSpec,1}; coverage::Bool, julia_args::Cmd, test_args::Cmd, test_fn::Nothing) at /workspace/srcdir/usr/share/julia/stdlib/v1.5/Pkg/src/Operations.jl:1578
 [3] test(::Pkg.Types.Context, ::Array{Pkg.Types.PackageSpec,1}; coverage::Bool, test_fn::Nothing, julia_args::Cmd, test_args::Cmd, kwargs::Base.Iterators.Pairs{Union{},Union{},Tuple{},NamedTuple{(),Tuple{}}}) at /workspace/srcdir/usr/share/julia/stdlib/v1.5/Pkg/src/API.jl:327
 [4] test(::Pkg.Types.Context, ::Array{Pkg.Types.PackageSpec,1}) at /workspace/srcdir/usr/share/julia/stdlib/v1.5/Pkg/src/API.jl:314
 [5] #test#61 at /workspace/srcdir/usr/share/julia/stdlib/v1.5/Pkg/src/API.jl:67 [inlined]
 [6] test at /workspace/srcdir/usr/share/julia/stdlib/v1.5/Pkg/src/API.jl:67 [inlined]
 [7] #test#60 at /workspace/srcdir/usr/share/julia/stdlib/v1.5/Pkg/src/API.jl:66 [inlined]
 [8] test at /workspace/srcdir/usr/share/julia/stdlib/v1.5/Pkg/src/API.jl:66 [inlined]
 [9] test(::String; kwargs::Base.Iterators.Pairs{Union{},Union{},Tuple{},NamedTuple{(),Tuple{}}}) at /workspace/srcdir/usr/share/julia/stdlib/v1.5/Pkg/src/API.jl:65
 [10] test(::String) at /workspace/srcdir/usr/share/julia/stdlib/v1.5/Pkg/src/API.jl:65
 [11] top-level scope at none:22
 [12] eval at ./boot.jl:331 [inlined]
 [13] eval(::Expr) at ./client.jl:467
 [14] top-level scope at none:1
 [15] eval(::Module, ::Any) at ./boot.jl:331
 [16] exec_options(::Base.JLOptions) at ./client.jl:272
 [17] _start() at ./client.jl:506


################################################################################
# PkgEval teardown: 2021-01-11T21:34:26.354
CPU usage: 25.26s (21.43s user, 3.87s kernel)

Network usage:
- eth0: 8.423 MiB received, 313.993 KiB sent

Raw statistics: {"blkio_stats":{"io_queue_recursive":[],"io_serviced_recursive":[{"major":259,"value":0,"op":"Read","minor":0},{"major":259,"value":32,"op":"Write","minor":0},{"major":259,"value":19,"op":"Sync","minor":0},{"major":259,"value":13,"op":"Async","minor":0},{"major":259,"value":0,"op":"Discard","minor":0},{"major":259,"value":32,"op":"Total","minor":0},{"major":253,"value":0,"op":"Read","minor":2},{"major":253,"value":32,"op":"Write","minor":2},{"major":253,"value":19,"op":"Sync","minor":2},{"major":253,"value":13,"op":"Async","minor":2},{"major":253,"value":0,"op":"Discard","minor":2},{"major":253,"value":32,"op":"Total","minor":2}],"io_time_recursive":[],"sectors_recursive":[],"io_service_bytes_recursive":[{"major":259,"value":0,"op":"Read","minor":0},{"major":259,"value":176128,"op":"Write","minor":0},{"major":259,"value":106496,"op":"Sync","minor":0},{"major":259,"value":69632,"op":"Async","minor":0},{"major":259,"value":0,"op":"Discard","minor":0},{"major":259,"value":176128,"op":"Total","minor":0},{"major":253,"value":0,"op":"Read","minor":2},{"major":253,"value":176128,"op":"Write","minor":2},{"major":253,"value":106496,"op":"Sync","minor":2},{"major":253,"value":69632,"op":"Async","minor":2},{"major":253,"value":0,"op":"Discard","minor":2},{"major":253,"value":176128,"op":"Total","minor":2}],"io_wait_time_recursive":[],"io_merged_recursive":[],"io_service_time_recursive":[]},"memory_stats":{"usage":368685056,"max_usage":656420864,"stats":{"hierarchical_memory_limit":9223372036854771712,"pgmajfault":0,"total_rss":228175872,"inactive_file":135168,"inactive_anon":97726464,"total_pgfault":722040,"total_cache":108314624,"total_rss_huge":0,"total_active_anon":238706688,"total_pgmajfault":0,"pgpgin":500511,"rss_huge":0,"mapped_file":0,"total_inactive_file":135168,"dirty":135168,"total_unevictable":0,"total_dirty":135168,"writeback":0,"pgpgout":418327,"hierarchical_memsw_limit":0,"cache":108314624,"active_file":135168,"pgfault":722040,"total_mapped_file":0,"total_pgpgout":418327,"total_writeback":0,"rss":228175872,"unevictable":0,"total_inactive_anon":97726464,"total_pgpgin":500511,"active_anon":238706688,"total_active_file":135168},"limit":540965302272},"name":"/Bio-M0thp6N0","networks":{"eth0":{"rx_bytes":8832221,"rx_packets":3540,"tx_packets":3217,"tx_bytes":321529,"tx_dropped":0,"rx_dropped":1,"tx_errors":0,"rx_errors":0}},"id":"40377f0babbbe51070b55f796520170d46630e35f20af48a1d0fd78a00a96aca","preread":"0001-01-01T00:00:00Z","storage_stats":{},"precpu_stats":{"throttling_data":{"throttled_periods":0,"throttled_time":0,"periods":0},"cpu_usage":{"usage_in_usermode":0,"usage_in_kernelmode":0,"total_usage":0}},"pids_stats":{"current":40},"num_procs":0,"cpu_stats":{"throttling_data":{"throttled_periods":0,"throttled_time":0,"periods":0},"system_cpu_usage":6003228904522419,"online_cpus":128,"cpu_usage":{"usage_in_usermode":21430000000,"usage_in_kernelmode":3870000000,"total_usage":25262911005,"percpu_usage":[0,0,0,0,0,0,0,0,0,0,0,0,0,0,0,0,0,0,0,0,0,0,0,0,0,0,0,0,25261578104,1145571,0,0,0,0,0,0,0,0,0,0,0,0,0,0,0,0,0,0,0,0,0,0,0,0,0,0,0,0,0,0,0,0,0,0,0,0,0,0,0,0,0,0,0,0,0,0,0,0,0,0,0,0,0,0,0,0,0,0,0,0,0,0,0,3180,184150,0,0,0,0,0,0,0,0,0,0,0,0,0,0,0,0,0,0,0,0,0,0,0,0,0,0,0,0,0,0,0,0,0]}},"read":"2021-01-11T21:34:26.544377338Z"}