################################################################################
# PkgEval set-up: 2021-01-11T23:05:47.654
#

Julia Version 1.5.3
Commit 599f52c4c6 (2020-12-18 13:33 UTC)
Platform Info:
  OS: Linux (x86_64-linux-gnu)
  CPU: AMD EPYC 7502 32-Core Processor
  WORD_SIZE: 64
  LIBM: libopenlibm
  LLVM: libLLVM-9.0.1 (ORCJIT, znver2)
Environment:
  JULIA_PKG_PRECOMPILE_AUTO = 0
  JULIA_PKGEVAL = true

Base.julia_cmd() = `/opt/julia/bin/julia -Cnative -J/opt/julia/lib/julia/sys.so -g1`


################################################################################
# Installation: 2021-01-11T23:05:49.452
#

 Installing known registries into `~/.julia`
###                                                                        5.0%######################################################################## 100.0%
      Added registry `General` to `~/.julia/registries/General`
  Resolving package versions...
  Installed YAML ─────────────── v0.4.5
  Installed Compat ───────────── v3.25.0
  Installed BioCore ──────────── v2.0.5
  Installed OrderedCollections ─ v1.3.2
  Installed Automa ───────────── v0.8.0
  Installed TranscodingStreams ─ v0.9.5
  Installed BufferedStreams ──── v1.0.0
  Installed DataStructures ───── v0.18.8
Updating `~/.julia/environments/v1.5/Project.toml`
  [37cfa864] + BioCore v2.0.5
Updating `~/.julia/environments/v1.5/Manifest.toml`
  [67c07d97] + Automa v0.8.0
  [37cfa864] + BioCore v2.0.5
  [e1450e63] + BufferedStreams v1.0.0
  [34da2185] + Compat v3.25.0
  [864edb3b] + DataStructures v0.18.8
  [bac558e1] + OrderedCollections v1.3.2
  [3bb67fe8] + TranscodingStreams v0.9.5
  [ddb6d928] + YAML v0.4.5
  [2a0f44e3] + Base64
  [ade2ca70] + Dates
  [8bb1440f] + DelimitedFiles
  [8ba89e20] + Distributed
  [b77e0a4c] + InteractiveUtils
  [76f85450] + LibGit2
  [8f399da3] + Libdl
  [37e2e46d] + LinearAlgebra
  [56ddb016] + Logging
  [d6f4376e] + Markdown
  [a63ad114] + Mmap
  [44cfe95a] + Pkg
  [de0858da] + Printf
  [3fa0cd96] + REPL
  [9a3f8284] + Random
  [ea8e919c] + SHA
  [9e88b42a] + Serialization
  [1a1011a3] + SharedArrays
  [6462fe0b] + Sockets
  [2f01184e] + SparseArrays
  [10745b16] + Statistics
  [8dfed614] + Test
  [cf7118a7] + UUIDs
  [4ec0a83e] + Unicode


################################################################################
# Testing: 2021-01-11T23:05:54.053
#

    Testing BioCore
Status `/tmp/jl_xqbgpW/Project.toml`
  [67c07d97] Automa v0.8.0
  [37cfa864] BioCore v2.0.5
  [e1450e63] BufferedStreams v1.0.0
  [ddb6d928] YAML v0.4.5
Status `/tmp/jl_xqbgpW/Manifest.toml`
  [67c07d97] Automa v0.8.0
  [37cfa864] BioCore v2.0.5
  [e1450e63] BufferedStreams v1.0.0
  [34da2185] Compat v3.25.0
  [864edb3b] DataStructures v0.18.8
  [bac558e1] OrderedCollections v1.3.2
  [3bb67fe8] TranscodingStreams v0.9.5
  [ddb6d928] YAML v0.4.5
  [2a0f44e3] Base64
  [ade2ca70] Dates
  [8bb1440f] DelimitedFiles
  [8ba89e20] Distributed
  [b77e0a4c] InteractiveUtils
  [76f85450] LibGit2
  [8f399da3] Libdl
  [37e2e46d] LinearAlgebra
  [56ddb016] Logging
  [d6f4376e] Markdown
  [a63ad114] Mmap
  [44cfe95a] Pkg
  [de0858da] Printf
  [3fa0cd96] REPL
  [9a3f8284] Random
  [ea8e919c] SHA
  [9e88b42a] Serialization
  [1a1011a3] SharedArrays
  [6462fe0b] Sockets
  [2f01184e] SparseArrays
  [10745b16] Statistics
  [8dfed614] Test
  [cf7118a7] UUIDs
  [4ec0a83e] Unicode
    Testing BioCore tests passed 

PkgEval succeeded


################################################################################
# PkgEval teardown: 2021-01-11T23:06:07.37
CPU usage: 19.76s (16.25s user, 3.58s kernel)

Network usage:
- eth0: 3.120 MiB received, 61.230 KiB sent

Raw statistics: {"blkio_stats":{"io_queue_recursive":[],"io_serviced_recursive":[{"major":259,"value":0,"op":"Read","minor":0},{"major":259,"value":24,"op":"Write","minor":0},{"major":259,"value":19,"op":"Sync","minor":0},{"major":259,"value":5,"op":"Async","minor":0},{"major":259,"value":0,"op":"Discard","minor":0},{"major":259,"value":24,"op":"Total","minor":0},{"major":253,"value":0,"op":"Read","minor":2},{"major":253,"value":24,"op":"Write","minor":2},{"major":253,"value":19,"op":"Sync","minor":2},{"major":253,"value":5,"op":"Async","minor":2},{"major":253,"value":0,"op":"Discard","minor":2},{"major":253,"value":24,"op":"Total","minor":2}],"io_time_recursive":[],"sectors_recursive":[],"io_service_bytes_recursive":[{"major":259,"value":0,"op":"Read","minor":0},{"major":259,"value":126976,"op":"Write","minor":0},{"major":259,"value":106496,"op":"Sync","minor":0},{"major":259,"value":20480,"op":"Async","minor":0},{"major":259,"value":0,"op":"Discard","minor":0},{"major":259,"value":126976,"op":"Total","minor":0},{"major":253,"value":0,"op":"Read","minor":2},{"major":253,"value":126976,"op":"Write","minor":2},{"major":253,"value":106496,"op":"Sync","minor":2},{"major":253,"value":20480,"op":"Async","minor":2},{"major":253,"value":0,"op":"Discard","minor":2},{"major":253,"value":126976,"op":"Total","minor":2}],"io_wait_time_recursive":[],"io_merged_recursive":[],"io_service_time_recursive":[]},"memory_stats":{"usage":329326592,"max_usage":1014161408,"stats":{"hierarchical_memory_limit":9223372036854771712,"pgmajfault":0,"total_rss":214679552,"inactive_file":135168,"inactive_anon":80560128,"total_pgfault":674883,"total_cache":84836352,"total_rss_huge":0,"total_active_anon":218972160,"total_pgmajfault":0,"pgpgin":474771,"rss_huge":0,"mapped_file":0,"total_inactive_file":135168,"dirty":135168,"total_unevictable":0,"total_dirty":135168,"writeback":0,"pgpgout":401676,"hierarchical_memsw_limit":0,"cache":84836352,"active_file":135168,"pgfault":674883,"total_mapped_file":0,"total_pgpgout":401676,"total_writeback":0,"rss":214679552,"unevictable":0,"total_inactive_anon":80560128,"total_pgpgin":474771,"active_anon":218972160,"total_active_file":135168},"limit":540965302272},"name":"/BioCore-AnGSI57o","networks":{"eth0":{"rx_bytes":3271872,"rx_packets":501,"tx_packets":551,"tx_bytes":62700,"tx_dropped":0,"rx_dropped":1,"tx_errors":0,"rx_errors":0}},"id":"a07f1292984d6f6dc014eb155defe1dda65dbd39539cc54b10eab71bfce5a223","preread":"0001-01-01T00:00:00Z","storage_stats":{},"precpu_stats":{"throttling_data":{"throttled_periods":0,"throttled_time":0,"periods":0},"cpu_usage":{"usage_in_usermode":0,"usage_in_kernelmode":0,"total_usage":0}},"pids_stats":{"current":40},"num_procs":0,"cpu_stats":{"throttling_data":{"throttled_periods":0,"throttled_time":0,"periods":0},"system_cpu_usage":6706089724522419,"online_cpus":128,"cpu_usage":{"usage_in_usermode":16250000000,"usage_in_kernelmode":3580000000,"total_usage":19760952230,"percpu_usage":[0,0,0,0,0,0,0,0,0,0,0,0,0,0,0,0,0,0,0,0,0,0,0,0,0,0,0,0,0,0,0,0,0,0,0,0,0,0,0,0,0,0,0,0,0,0,0,0,0,0,0,0,0,0,0,0,0,0,0,0,0,0,19760952230,0,0,0,0,0,0,0,0,0,0,0,0,0,0,0,0,0,0,0,0,0,0,0,0,0,0,0,0,0,0,0,0,0,0,0,0,0,0,0,0,0,0,0,0,0,0,0,0,0,0,0,0,0,0,0,0,0,0,0,0,0,0,0,0,0]}},"read":"2021-01-11T23:06:07.372611604Z"}