################################################################################
# PackageCompiler set-up: 2021-01-11T19:46:11.633
#

Julia Version 1.5.3
Commit 599f52c4c6 (2020-12-18 13:33 UTC)
Platform Info:
  OS: Linux (x86_64-linux-gnu)
  CPU: AMD EPYC 7502 32-Core Processor
  WORD_SIZE: 64
  LIBM: libopenlibm
  LLVM: libLLVM-9.0.1 (ORCJIT, znver2)
Environment:
  JULIA_PKGEVAL = true
  JULIA_PKG_PRECOMPILE_AUTO = 0



################################################################################
# Installation: 2021-01-11T19:46:13.332
#

 Installing known registries into `~/.julia`
#########################                                                 35.3%######################################################################## 100.0%
      Added registry `General` to `~/.julia/registries/General`
  Resolving package versions...
  Installed BliContractor ──────────────── v1.1.0
  Installed CompilerSupportLibraries_jll ─ v0.3.4+0
  Installed ZygoteRules ────────────────── v0.2.1
  Installed Reexport ───────────────────── v0.2.0
  Installed CpuId ──────────────────────── v0.2.2
  Installed Strided ────────────────────── v1.1.1
  Installed GPUArrays ──────────────────── v6.2.0
  Installed Zygote ─────────────────────── v0.5.17
  Installed CommonSubexpressions ───────── v0.3.0
  Installed Scratch ────────────────────── v1.0.3
  Installed PackageCompiler ────────────── v1.2.5
  Installed MuladdMacro ────────────────── v0.2.2
  Installed CEnum ──────────────────────── v0.4.1
  Installed LLVM ───────────────────────── v3.5.2
  Installed FillArrays ─────────────────── v0.10.2
  Installed DataStructures ─────────────── v0.18.8
  Installed Requires ───────────────────── v1.1.2
  Installed DiffRules ──────────────────── v1.0.2
  Installed TimerOutputs ───────────────── v0.5.7
  Installed DiffResults ────────────────── v1.0.3
  Installed LRUCache ───────────────────── v1.2.0
  Installed SIMDPirates ────────────────── v0.8.26
  Installed LoopVectorization ──────────── v0.8.26
  Installed CUDA ───────────────────────── v2.4.0
  Installed tblis_jll ──────────────────── v1.2.0+1
  Installed TupleTools ─────────────────── v1.2.0
  Installed ArrayLayouts ───────────────── v0.4.12
  Installed OrderedCollections ─────────── v1.3.2
  Installed VectorizationBase ──────────── v0.12.33
  Installed IRTools ────────────────────── v0.4.2
  Installed StaticArrays ───────────────── v1.0.1
  Installed MacroTools ─────────────────── v0.5.6
  Installed JLLWrappers ────────────────── v1.2.0
  Installed AbstractFFTs ───────────────── v0.5.0
  Installed NaNMath ────────────────────── v0.3.5
  Installed Adapt ──────────────────────── v3.0.0
  Installed TensorOperations ───────────── v3.1.0
  Installed ForwardDiff ────────────────── v0.10.14
  Installed OffsetArrays ───────────────── v1.3.1
  Installed ExprTools ──────────────────── v0.1.3
  Installed ChainRules ─────────────────── v0.7.45
  Installed BFloat16s ──────────────────── v0.1.0
  Installed SpecialFunctions ───────────── v1.2.1
  Installed UnPack ─────────────────────── v1.0.2
  Installed Compat ─────────────────────── v3.25.0
  Installed ChainRulesCore ─────────────── v0.9.24
  Installed DocStringExtensions ────────── v0.8.3
  Installed OpenSpecFun_jll ────────────── v0.5.3+4
  Installed SLEEFPirates ───────────────── v0.5.5
  Installed GPUCompiler ────────────────── v0.8.3
  Installed NNlib ──────────────────────── v0.7.11
  Installed Hwloc_jll ──────────────────── v2.2.0+0
  Installed Artifacts ──────────────────── v1.3.0
Updating `~/.julia/environments/v1.5/Project.toml`
  [81fc84e3] + BliContractor v1.1.0
  [9b87118b] + PackageCompiler v1.2.5
Updating `~/.julia/environments/v1.5/Manifest.toml`
  [621f4979] + AbstractFFTs v0.5.0
  [79e6a3ab] + Adapt v3.0.0
  [4c555306] + ArrayLayouts v0.4.12
  [56f22d72] + Artifacts v1.3.0
  [ab4f0b2a] + BFloat16s v0.1.0
  [81fc84e3] + BliContractor v1.1.0
  [fa961155] + CEnum v0.4.1
  [052768ef] + CUDA v2.4.0
  [082447d4] + ChainRules v0.7.45
  [d360d2e6] + ChainRulesCore v0.9.24
  [bbf7d656] + CommonSubexpressions v0.3.0
  [34da2185] + Compat v3.25.0
  [e66e0078] + CompilerSupportLibraries_jll v0.3.4+0
  [adafc99b] + CpuId v0.2.2
  [864edb3b] + DataStructures v0.18.8
  [163ba53b] + DiffResults v1.0.3
  [b552c78f] + DiffRules v1.0.2
  [ffbed154] + DocStringExtensions v0.8.3
  [e2ba6199] + ExprTools v0.1.3
  [1a297f60] + FillArrays v0.10.2
  [f6369f11] + ForwardDiff v0.10.14
  [0c68f7d7] + GPUArrays v6.2.0
  [61eb1bfa] + GPUCompiler v0.8.3
  [e33a78d0] + Hwloc_jll v2.2.0+0
  [7869d1d1] + IRTools v0.4.2
  [692b3bcd] + JLLWrappers v1.2.0
  [929cbde3] + LLVM v3.5.2
  [8ac3fa9e] + LRUCache v1.2.0
  [bdcacae8] + LoopVectorization v0.8.26
  [1914dd2f] + MacroTools v0.5.6
  [46d2c3a1] + MuladdMacro v0.2.2
  [872c559c] + NNlib v0.7.11
  [77ba4419] + NaNMath v0.3.5
  [6fe1bfb0] + OffsetArrays v1.3.1
  [efe28fd5] + OpenSpecFun_jll v0.5.3+4
  [bac558e1] + OrderedCollections v1.3.2
  [9b87118b] + PackageCompiler v1.2.5
  [189a3867] + Reexport v0.2.0
  [ae029012] + Requires v1.1.2
  [21efa798] + SIMDPirates v0.8.26
  [476501e8] + SLEEFPirates v0.5.5
  [6c6a2e73] + Scratch v1.0.3
  [276daf66] + SpecialFunctions v1.2.1
  [90137ffa] + StaticArrays v1.0.1
  [5e0ebb24] + Strided v1.1.1
  [6aa20fa7] + TensorOperations v3.1.0
  [a759f4b9] + TimerOutputs v0.5.7
  [9d95972d] + TupleTools v1.2.0
  [3a884ed6] + UnPack v1.0.2
  [3d5dd08c] + VectorizationBase v0.12.33
  [e88e6eb3] + Zygote v0.5.17
  [700de1a5] + ZygoteRules v0.2.1
  [9c7f617c] + tblis_jll v1.2.0+1
  [2a0f44e3] + Base64
  [ade2ca70] + Dates
  [8bb1440f] + DelimitedFiles
  [8ba89e20] + Distributed
  [b77e0a4c] + InteractiveUtils
  [76f85450] + LibGit2
  [8f399da3] + Libdl
  [37e2e46d] + LinearAlgebra
  [56ddb016] + Logging
  [d6f4376e] + Markdown
  [a63ad114] + Mmap
  [44cfe95a] + Pkg
  [de0858da] + Printf
  [3fa0cd96] + REPL
  [9a3f8284] + Random
  [ea8e919c] + SHA
  [9e88b42a] + Serialization
  [1a1011a3] + SharedArrays
  [6462fe0b] + Sockets
  [2f01184e] + SparseArrays
  [10745b16] + Statistics
  [8dfed614] + Test
  [cf7118a7] + UUIDs
  [4ec0a83e] + Unicode
   Building SLEEFPirates ─→ `~/.julia/packages/SLEEFPirates/jGsib/deps/build.log`
   Building BliContractor → `~/.julia/packages/BliContractor/ICUvW/deps/build.log`


################################################################################
# Compiling: 2021-01-11T19:46:36.141
#

[ Info: PackageCompiler: creating system image object file, this might take a while...
Generated system image is 197.076 MiB, compilation took 307 seconds


################################################################################
# PkgEval set-up: 2021-01-11T19:51:52.583
#

Julia Version 1.5.3
Commit 599f52c4c6 (2020-12-18 13:33 UTC)
Platform Info:
  OS: Linux (x86_64-linux-gnu)
  CPU: AMD EPYC 7502 32-Core Processor
  WORD_SIZE: 64
  LIBM: libopenlibm
  LLVM: libLLVM-9.0.1 (ORCJIT, znver2)
Environment:
  JULIA_PKGEVAL = true
  JULIA_PKG_PRECOMPILE_AUTO = 0

Base.julia_cmd() = `/usr/local/julia/bin/julia -Cnative -J/cache/BliContractor-9PcFZvSs.so -g1`


################################################################################
# Installation: 2021-01-11T19:51:54.163
#

 Installing known registries into `~/.julia`
######################################################################## 100.0%
      Added registry `General` to `~/.julia/registries/General`
  Resolving package versions...
  Installed CompilerSupportLibraries_jll ─ v0.3.4+0
  Installed ZygoteRules ────────────────── v0.2.1
  Installed BliContractor ──────────────── v1.1.0
  Installed Reexport ───────────────────── v0.2.0
  Installed Strided ────────────────────── v1.1.1
  Installed CpuId ──────────────────────── v0.2.2
  Installed GPUArrays ──────────────────── v6.2.0
  Installed Zygote ─────────────────────── v0.5.17
  Installed Scratch ────────────────────── v1.0.3
  Installed MuladdMacro ────────────────── v0.2.2
  Installed CommonSubexpressions ───────── v0.3.0
  Installed CEnum ──────────────────────── v0.4.1
  Installed FillArrays ─────────────────── v0.10.2
  Installed DataStructures ─────────────── v0.18.8
  Installed Requires ───────────────────── v1.1.2
  Installed DiffRules ──────────────────── v1.0.2
  Installed LLVM ───────────────────────── v3.5.2
  Installed TimerOutputs ───────────────── v0.5.7
  Installed LRUCache ───────────────────── v1.2.0
  Installed DiffResults ────────────────── v1.0.3
  Installed SIMDPirates ────────────────── v0.8.26
  Installed LoopVectorization ──────────── v0.8.26
  Installed CUDA ───────────────────────── v2.4.0
  Installed tblis_jll ──────────────────── v1.2.0+1
  Installed ArrayLayouts ───────────────── v0.4.12
  Installed OrderedCollections ─────────── v1.3.2
  Installed VectorizationBase ──────────── v0.12.33
  Installed TupleTools ─────────────────── v1.2.0
  Installed IRTools ────────────────────── v0.4.2
  Installed StaticArrays ───────────────── v1.0.1
  Installed MacroTools ─────────────────── v0.5.6
  Installed JLLWrappers ────────────────── v1.2.0
  Installed AbstractFFTs ───────────────── v0.5.0
  Installed NaNMath ────────────────────── v0.3.5
  Installed TensorOperations ───────────── v3.1.0
  Installed ForwardDiff ────────────────── v0.10.14
  Installed ChainRules ─────────────────── v0.7.45
  Installed Adapt ──────────────────────── v3.0.0
  Installed ExprTools ──────────────────── v0.1.3
  Installed OffsetArrays ───────────────── v1.3.1
  Installed BFloat16s ──────────────────── v0.1.0
  Installed UnPack ─────────────────────── v1.0.2
  Installed ChainRulesCore ─────────────── v0.9.24
  Installed Compat ─────────────────────── v3.25.0
  Installed DocStringExtensions ────────── v0.8.3
  Installed SLEEFPirates ───────────────── v0.5.5
  Installed OpenSpecFun_jll ────────────── v0.5.3+4
  Installed NNlib ──────────────────────── v0.7.11
  Installed GPUCompiler ────────────────── v0.8.3
  Installed Hwloc_jll ──────────────────── v2.2.0+0
  Installed Artifacts ──────────────────── v1.3.0
  Installed SpecialFunctions ───────────── v1.2.1
Updating `~/.julia/environments/v1.5/Project.toml`
  [81fc84e3] + BliContractor v1.1.0
Updating `~/.julia/environments/v1.5/Manifest.toml`
  [621f4979] + AbstractFFTs v0.5.0
  [79e6a3ab] + Adapt v3.0.0
  [4c555306] + ArrayLayouts v0.4.12
  [56f22d72] + Artifacts v1.3.0
  [ab4f0b2a] + BFloat16s v0.1.0
  [81fc84e3] + BliContractor v1.1.0
  [fa961155] + CEnum v0.4.1
  [052768ef] + CUDA v2.4.0
  [082447d4] + ChainRules v0.7.45
  [d360d2e6] + ChainRulesCore v0.9.24
  [bbf7d656] + CommonSubexpressions v0.3.0
  [34da2185] + Compat v3.25.0
  [e66e0078] + CompilerSupportLibraries_jll v0.3.4+0
  [adafc99b] + CpuId v0.2.2
  [864edb3b] + DataStructures v0.18.8
  [163ba53b] + DiffResults v1.0.3
  [b552c78f] + DiffRules v1.0.2
  [ffbed154] + DocStringExtensions v0.8.3
  [e2ba6199] + ExprTools v0.1.3
  [1a297f60] + FillArrays v0.10.2
  [f6369f11] + ForwardDiff v0.10.14
  [0c68f7d7] + GPUArrays v6.2.0
  [61eb1bfa] + GPUCompiler v0.8.3
  [e33a78d0] + Hwloc_jll v2.2.0+0
  [7869d1d1] + IRTools v0.4.2
  [692b3bcd] + JLLWrappers v1.2.0
  [929cbde3] + LLVM v3.5.2
  [8ac3fa9e] + LRUCache v1.2.0
  [bdcacae8] + LoopVectorization v0.8.26
  [1914dd2f] + MacroTools v0.5.6
  [46d2c3a1] + MuladdMacro v0.2.2
  [872c559c] + NNlib v0.7.11
  [77ba4419] + NaNMath v0.3.5
  [6fe1bfb0] + OffsetArrays v1.3.1
  [efe28fd5] + OpenSpecFun_jll v0.5.3+4
  [bac558e1] + OrderedCollections v1.3.2
  [189a3867] + Reexport v0.2.0
  [ae029012] + Requires v1.1.2
  [21efa798] + SIMDPirates v0.8.26
  [476501e8] + SLEEFPirates v0.5.5
  [6c6a2e73] + Scratch v1.0.3
  [276daf66] + SpecialFunctions v1.2.1
  [90137ffa] + StaticArrays v1.0.1
  [5e0ebb24] + Strided v1.1.1
  [6aa20fa7] + TensorOperations v3.1.0
  [a759f4b9] + TimerOutputs v0.5.7
  [9d95972d] + TupleTools v1.2.0
  [3a884ed6] + UnPack v1.0.2
  [3d5dd08c] + VectorizationBase v0.12.33
  [e88e6eb3] + Zygote v0.5.17
  [700de1a5] + ZygoteRules v0.2.1
  [9c7f617c] + tblis_jll v1.2.0+1
  [2a0f44e3] + Base64
  [ade2ca70] + Dates
  [8bb1440f] + DelimitedFiles
  [8ba89e20] + Distributed
  [b77e0a4c] + InteractiveUtils
  [76f85450] + LibGit2
  [8f399da3] + Libdl
  [37e2e46d] + LinearAlgebra
  [56ddb016] + Logging
  [d6f4376e] + Markdown
  [a63ad114] + Mmap
  [44cfe95a] + Pkg
  [de0858da] + Printf
  [3fa0cd96] + REPL
  [9a3f8284] + Random
  [ea8e919c] + SHA
  [9e88b42a] + Serialization
  [1a1011a3] + SharedArrays
  [6462fe0b] + Sockets
  [2f01184e] + SparseArrays
  [10745b16] + Statistics
  [8dfed614] + Test
  [cf7118a7] + UUIDs
  [4ec0a83e] + Unicode
   Building SLEEFPirates ─→ `~/.julia/packages/SLEEFPirates/jGsib/deps/build.log`
   Building BliContractor → `~/.julia/packages/BliContractor/ICUvW/deps/build.log`


################################################################################
# Testing: 2021-01-11T19:52:05.885
#

    Testing BliContractor
Status `/tmp/jl_dbf96b/Project.toml`
  [81fc84e3] BliContractor v1.1.0
  [f6369f11] ForwardDiff v0.10.14
  [6aa20fa7] TensorOperations v3.1.0
  [e88e6eb3] Zygote v0.5.17
  [9c7f617c] tblis_jll v1.2.0+1
  [8f399da3] Libdl
  [37e2e46d] LinearAlgebra
  [8dfed614] Test
Status `/tmp/jl_dbf96b/Manifest.toml`
  [621f4979] AbstractFFTs v0.5.0
  [79e6a3ab] Adapt v3.0.0
  [4c555306] ArrayLayouts v0.4.12
  [56f22d72] Artifacts v1.3.0
  [ab4f0b2a] BFloat16s v0.1.0
  [81fc84e3] BliContractor v1.1.0
  [fa961155] CEnum v0.4.1
  [052768ef] CUDA v2.4.0
  [082447d4] ChainRules v0.7.45
  [d360d2e6] ChainRulesCore v0.9.24
  [bbf7d656] CommonSubexpressions v0.3.0
  [34da2185] Compat v3.25.0
  [e66e0078] CompilerSupportLibraries_jll v0.3.4+0
  [adafc99b] CpuId v0.2.2
  [864edb3b] DataStructures v0.18.8
  [163ba53b] DiffResults v1.0.3
  [b552c78f] DiffRules v1.0.2
  [ffbed154] DocStringExtensions v0.8.3
  [e2ba6199] ExprTools v0.1.3
  [1a297f60] FillArrays v0.10.2
  [f6369f11] ForwardDiff v0.10.14
  [0c68f7d7] GPUArrays v6.2.0
  [61eb1bfa] GPUCompiler v0.8.3
  [e33a78d0] Hwloc_jll v2.2.0+0
  [7869d1d1] IRTools v0.4.2
  [692b3bcd] JLLWrappers v1.2.0
  [929cbde3] LLVM v3.5.2
  [8ac3fa9e] LRUCache v1.2.0
  [bdcacae8] LoopVectorization v0.8.26
  [1914dd2f] MacroTools v0.5.6
  [46d2c3a1] MuladdMacro v0.2.2
  [872c559c] NNlib v0.7.11
  [77ba4419] NaNMath v0.3.5
  [6fe1bfb0] OffsetArrays v1.3.1
  [efe28fd5] OpenSpecFun_jll v0.5.3+4
  [bac558e1] OrderedCollections v1.3.2
  [189a3867] Reexport v0.2.0
  [ae029012] Requires v1.1.2
  [21efa798] SIMDPirates v0.8.26
  [476501e8] SLEEFPirates v0.5.5
  [6c6a2e73] Scratch v1.0.3
  [276daf66] SpecialFunctions v1.2.1
  [90137ffa] StaticArrays v1.0.1
  [5e0ebb24] Strided v1.1.1
  [6aa20fa7] TensorOperations v3.1.0
  [a759f4b9] TimerOutputs v0.5.7
  [9d95972d] TupleTools v1.2.0
  [3a884ed6] UnPack v1.0.2
  [3d5dd08c] VectorizationBase v0.12.33
  [e88e6eb3] Zygote v0.5.17
  [700de1a5] ZygoteRules v0.2.1
  [9c7f617c] tblis_jll v1.2.0+1
  [2a0f44e3] Base64
  [ade2ca70] Dates
  [8bb1440f] DelimitedFiles
  [8ba89e20] Distributed
  [b77e0a4c] InteractiveUtils
  [76f85450] LibGit2
  [8f399da3] Libdl
  [37e2e46d] LinearAlgebra
  [56ddb016] Logging
  [d6f4376e] Markdown
  [a63ad114] Mmap
  [44cfe95a] Pkg
  [de0858da] Printf
  [3fa0cd96] REPL
  [9a3f8284] Random
  [ea8e919c] SHA
  [9e88b42a] Serialization
  [1a1011a3] SharedArrays
  [6462fe0b] Sockets
  [2f01184e] SparseArrays
  [10745b16] Statistics
  [8dfed614] Test
  [cf7118a7] UUIDs
  [4ec0a83e] Unicode
ERROR: LoadError: ArgumentError: NULL library handle
Stacktrace:
 [1] dlsym(::Ptr{Nothing}, ::String; throw_error::Bool) at /workspace/srcdir/usr/share/julia/stdlib/v1.5/Libdl/src/Libdl.jl:54
 [2] dlsym(::Ptr{Nothing}, ::String) at /workspace/srcdir/usr/share/julia/stdlib/v1.5/Libdl/src/Libdl.jl:54
 [3] contract!(::Type{Float64}, ::Int64, ::Array{Float64,4}, ::Int64, ::String, ::Array{Float64,3}, ::Int64, ::String, ::Array{Float64,3}, ::Int64, ::String, ::Int64, ::Int64) at /home/pkgeval/.julia/packages/BliContractor/ICUvW/src/contract_fwd.jl:92
 [4] contract!(::Array{Float64,4}, ::String, ::Array{Float64,3}, ::String, ::Array{Float64,3}, ::String, ::Int64, ::Int64) at /home/pkgeval/.julia/packages/BliContractor/ICUvW/src/contract_fwd.jl:48
 [5] top-level scope at /home/user/.julia/packages/BliContractor/ICUvW/test/runtests.jl:16
 [6] include(::String) at ./client.jl:457
 [7] top-level scope at none:6
in expression starting at /home/user/.julia/packages/BliContractor/ICUvW/test/runtests.jl:10

PkgEval failed: Package BliContractor errored during testing
Stacktrace:
 [1] pkgerror(::String) at /workspace/srcdir/usr/share/julia/stdlib/v1.5/Pkg/src/Types.jl:52
 [2] test(::Pkg.Types.Context, ::Array{Pkg.Types.PackageSpec,1}; coverage::Bool, julia_args::Cmd, test_args::Cmd, test_fn::Nothing) at /workspace/srcdir/usr/share/julia/stdlib/v1.5/Pkg/src/Operations.jl:1578
 [3] test(::Pkg.Types.Context, ::Array{Pkg.Types.PackageSpec,1}; coverage::Bool, test_fn::Nothing, julia_args::Cmd, test_args::Cmd, kwargs::Base.Iterators.Pairs{Union{},Union{},Tuple{},NamedTuple{(),Tuple{}}}) at /workspace/srcdir/usr/share/julia/stdlib/v1.5/Pkg/src/API.jl:327
 [4] test(::Pkg.Types.Context, ::Array{Pkg.Types.PackageSpec,1}) at /workspace/srcdir/usr/share/julia/stdlib/v1.5/Pkg/src/API.jl:314
 [5] #test#61 at /workspace/srcdir/usr/share/julia/stdlib/v1.5/Pkg/src/API.jl:67 [inlined]
 [6] test at /workspace/srcdir/usr/share/julia/stdlib/v1.5/Pkg/src/API.jl:67 [inlined]
 [7] #test#60 at /workspace/srcdir/usr/share/julia/stdlib/v1.5/Pkg/src/API.jl:66 [inlined]
 [8] test at /workspace/srcdir/usr/share/julia/stdlib/v1.5/Pkg/src/API.jl:66 [inlined]
 [9] test(::String; kwargs::Base.Iterators.Pairs{Union{},Union{},Tuple{},NamedTuple{(),Tuple{}}}) at /workspace/srcdir/usr/share/julia/stdlib/v1.5/Pkg/src/API.jl:65
 [10] test(::String) at /workspace/srcdir/usr/share/julia/stdlib/v1.5/Pkg/src/API.jl:65
 [11] top-level scope at none:22
 [12] eval at ./boot.jl:331 [inlined]
 [13] eval(::Expr) at ./client.jl:467
 [14] top-level scope at none:1
 [15] eval(::Module, ::Any) at ./boot.jl:331
 [16] exec_options(::Base.JLOptions) at ./client.jl:272
 [17] _start() at ./client.jl:506


################################################################################
# PkgEval teardown: 2021-01-11T19:52:13.509
CPU usage: 22.20s (18.75s user, 3.50s kernel)

Network usage:
- eth0: 12.481 MiB received, 293.014 KiB sent

Raw statistics: {"blkio_stats":{"io_queue_recursive":[],"io_serviced_recursive":[{"major":259,"value":4,"op":"Read","minor":0},{"major":259,"value":29,"op":"Write","minor":0},{"major":259,"value":18,"op":"Sync","minor":0},{"major":259,"value":15,"op":"Async","minor":0},{"major":259,"value":0,"op":"Discard","minor":0},{"major":259,"value":33,"op":"Total","minor":0},{"major":253,"value":4,"op":"Read","minor":2},{"major":253,"value":29,"op":"Write","minor":2},{"major":253,"value":18,"op":"Sync","minor":2},{"major":253,"value":15,"op":"Async","minor":2},{"major":253,"value":0,"op":"Discard","minor":2},{"major":253,"value":33,"op":"Total","minor":2}],"io_time_recursive":[],"sectors_recursive":[],"io_service_bytes_recursive":[{"major":259,"value":24576,"op":"Read","minor":0},{"major":259,"value":167936,"op":"Write","minor":0},{"major":259,"value":81920,"op":"Sync","minor":0},{"major":259,"value":110592,"op":"Async","minor":0},{"major":259,"value":0,"op":"Discard","minor":0},{"major":259,"value":192512,"op":"Total","minor":0},{"major":253,"value":24576,"op":"Read","minor":2},{"major":253,"value":167936,"op":"Write","minor":2},{"major":253,"value":81920,"op":"Sync","minor":2},{"major":253,"value":110592,"op":"Async","minor":2},{"major":253,"value":0,"op":"Discard","minor":2},{"major":253,"value":192512,"op":"Total","minor":2}],"io_wait_time_recursive":[],"io_merged_recursive":[],"io_service_time_recursive":[]},"memory_stats":{"usage":409591808,"max_usage":634015744,"stats":{"hierarchical_memory_limit":9223372036854771712,"pgmajfault":0,"total_rss":275025920,"inactive_file":135168,"inactive_anon":100294656,"total_pgfault":517902,"total_cache":102313984,"total_rss_huge":0,"total_active_anon":276824064,"total_pgmajfault":0,"pgpgin":354816,"rss_huge":0,"mapped_file":0,"total_inactive_file":135168,"dirty":135168,"total_unevictable":0,"total_dirty":135168,"writeback":0,"pgpgout":262640,"hierarchical_memsw_limit":0,"cache":102313984,"active_file":135168,"pgfault":517902,"total_mapped_file":0,"total_pgpgout":262640,"total_writeback":0,"rss":275025920,"unevictable":0,"total_inactive_anon":100294656,"total_pgpgin":354816,"active_anon":276824064,"total_active_file":135168},"limit":540965302272},"name":"/BliContractor-QKcqxdje","networks":{"eth0":{"rx_bytes":13087730,"rx_packets":2303,"tx_packets":2530,"tx_bytes":300046,"tx_dropped":0,"rx_dropped":1,"tx_errors":0,"rx_errors":0}},"id":"0908b21d473df6193e4bcd7c7977327808809978ffa8846935e0cd20aadf114e","preread":"0001-01-01T00:00:00Z","storage_stats":{},"precpu_stats":{"throttling_data":{"throttled_periods":0,"throttled_time":0,"periods":0},"cpu_usage":{"usage_in_usermode":0,"usage_in_kernelmode":0,"total_usage":0}},"pids_stats":{"current":44},"num_procs":0,"cpu_stats":{"throttling_data":{"throttled_periods":0,"throttled_time":0,"periods":0},"system_cpu_usage":5219602944522419,"online_cpus":128,"cpu_usage":{"usage_in_usermode":18750000000,"usage_in_kernelmode":3500000000,"total_usage":22196271047,"percpu_usage":[0,0,0,0,0,0,0,0,0,0,0,0,0,0,0,0,0,0,0,0,0,0,0,0,0,0,0,0,0,0,0,0,0,0,0,0,0,0,0,0,0,0,0,0,0,0,0,0,22196271047,0,0,0,0,0,0,0,0,0,0,0,0,0,0,0,0,0,0,0,0,0,0,0,0,0,0,0,0,0,0,0,0,0,0,0,0,0,0,0,0,0,0,0,0,0,0,0,0,0,0,0,0,0,0,0,0,0,0,0,0,0,0,0,0,0,0,0,0,0,0,0,0,0,0,0,0,0,0,0]}},"read":"2021-01-11T19:52:13.512113566Z"}