################################################################################
# PkgEval set-up: 2021-01-11T15:23:54.748
#

Julia Version 1.5.3
Commit 599f52c4c6 (2020-12-18 13:33 UTC)
Platform Info:
  OS: Linux (x86_64-linux-gnu)
  CPU: AMD EPYC 7502 32-Core Processor
  WORD_SIZE: 64
  LIBM: libopenlibm
  LLVM: libLLVM-9.0.1 (ORCJIT, znver2)
Environment:
  JULIA_PKG_PRECOMPILE_AUTO = 0
  JULIA_PKGEVAL = true

Base.julia_cmd() = `/opt/julia/bin/julia -Cnative -J/opt/julia/lib/julia/sys.so -g1`


################################################################################
# Installation: 2021-01-11T15:23:56.527
#

 Installing known registries into `~/.julia`
######################################################################## 100.0%
      Added registry `General` to `~/.julia/registries/General`
  Resolving package versions...
  Installed BLPData ─ v0.4.2
Updating `~/.julia/environments/v1.5/Project.toml`
  [eb622722] + BLPData v0.4.2
Updating `~/.julia/environments/v1.5/Manifest.toml`
  [eb622722] + BLPData v0.4.2
  [2a0f44e3] + Base64
  [ade2ca70] + Dates
  [b77e0a4c] + InteractiveUtils
  [76f85450] + LibGit2
  [8f399da3] + Libdl
  [56ddb016] + Logging
  [d6f4376e] + Markdown
  [44cfe95a] + Pkg
  [de0858da] + Printf
  [3fa0cd96] + REPL
  [9a3f8284] + Random
  [ea8e919c] + SHA
  [9e88b42a] + Serialization
  [6462fe0b] + Sockets
  [cf7118a7] + UUIDs
  [4ec0a83e] + Unicode


################################################################################
# Testing: 2021-01-11T15:24:00.045
#

    Testing BLPData
Status `/tmp/jl_9yo2jR/Project.toml`
  [eb622722] BLPData v0.4.2
  [a93c6f00] DataFrames v0.21.8
  [ade2ca70] Dates
  [8f399da3] Libdl
  [44cfe95a] Pkg
  [de0858da] Printf
  [8dfed614] Test
Status `/tmp/jl_9yo2jR/Manifest.toml`
  [eb622722] BLPData v0.4.2
  [324d7699] CategoricalArrays v0.8.3
  [34da2185] Compat v3.25.0
  [9a962f9c] DataAPI v1.4.0
  [a93c6f00] DataFrames v0.21.8
  [864edb3b] DataStructures v0.18.8
  [e2d170a0] DataValueInterfaces v1.0.0
  [41ab1584] InvertedIndices v1.0.0
  [82899510] IteratorInterfaceExtensions v1.0.0
  [682c06a0] JSON v0.21.1
  [e1d29d7a] Missings v0.4.4
  [bac558e1] OrderedCollections v1.3.2
  [69de0a69] Parsers v1.0.15
  [2dfb63ee] PooledArrays v0.5.3
  [189a3867] Reexport v0.2.0
  [a2af1166] SortingAlgorithms v0.3.1
  [856f2bd8] StructTypes v1.2.1
  [3783bdb8] TableTraits v1.0.0
  [bd369af6] Tables v1.2.2
  [2a0f44e3] Base64
  [ade2ca70] Dates
  [8bb1440f] DelimitedFiles
  [8ba89e20] Distributed
  [9fa8497b] Future
  [b77e0a4c] InteractiveUtils
  [76f85450] LibGit2
  [8f399da3] Libdl
  [37e2e46d] LinearAlgebra
  [56ddb016] Logging
  [d6f4376e] Markdown
  [a63ad114] Mmap
  [44cfe95a] Pkg
  [de0858da] Printf
  [3fa0cd96] REPL
  [9a3f8284] Random
  [ea8e919c] SHA
  [9e88b42a] Serialization
  [1a1011a3] SharedArrays
  [6462fe0b] Sockets
  [2f01184e] SparseArrays
  [10745b16] Statistics
  [8dfed614] Test
  [cf7118a7] UUIDs
  [4ec0a83e] Unicode
┌ Warning: ### WARNING ### 
│ Couldn't find libblpapi3_64.so shared lib.
│ Copy the file /home/pkgeval/.julia/artifacts/466a3549ef4b08856ac630f2b792b472170ff4b0/libblpapi3_64.so to your `LD_LIBRARY_PATH` and restart Julia.
└ @ BLPData ~/.julia/packages/BLPData/karhx/src/deps.jl:40
Error Codes: Error During Test at /home/pkgeval/.julia/packages/BLPData/karhx/test/runtests.jl:10
  Got exception outside of a @test
  could not load library "libblpapi3_64.so"
  libblpapi3_64.so: cannot open shared object file: No such file or directory
  Stacktrace:
   [1] blpapi_getLastErrorDescription(::Int32) at /home/pkgeval/.julia/packages/BLPData/karhx/src/c.jl:15
   [2] top-level scope at /home/pkgeval/.julia/packages/BLPData/karhx/test/runtests.jl:11
   [3] top-level scope at /workspace/srcdir/usr/share/julia/stdlib/v1.5/Test/src/Test.jl:1115
   [4] top-level scope at /home/pkgeval/.julia/packages/BLPData/karhx/test/runtests.jl:11
   [5] include(::String) at ./client.jl:457
   [6] top-level scope at none:6
   [7] eval(::Module, ::Any) at ./boot.jl:331
   [8] exec_options(::Base.JLOptions) at ./client.jl:272
   [9] _start() at ./client.jl:506
  
Test Summary: | Error  Total
Error Codes   |     1      1
ERROR: LoadError: Some tests did not pass: 0 passed, 0 failed, 1 errored, 0 broken.
in expression starting at /home/pkgeval/.julia/packages/BLPData/karhx/test/runtests.jl:10

PkgEval failed: Package BLPData errored during testing
Stacktrace:
 [1] pkgerror(::String) at /workspace/srcdir/usr/share/julia/stdlib/v1.5/Pkg/src/Types.jl:52
 [2] test(::Pkg.Types.Context, ::Array{Pkg.Types.PackageSpec,1}; coverage::Bool, julia_args::Cmd, test_args::Cmd, test_fn::Nothing) at /workspace/srcdir/usr/share/julia/stdlib/v1.5/Pkg/src/Operations.jl:1578
 [3] test(::Pkg.Types.Context, ::Array{Pkg.Types.PackageSpec,1}; coverage::Bool, test_fn::Nothing, julia_args::Cmd, test_args::Cmd, kwargs::Base.Iterators.Pairs{Union{},Union{},Tuple{},NamedTuple{(),Tuple{}}}) at /workspace/srcdir/usr/share/julia/stdlib/v1.5/Pkg/src/API.jl:327
 [4] test(::Pkg.Types.Context, ::Array{Pkg.Types.PackageSpec,1}) at /workspace/srcdir/usr/share/julia/stdlib/v1.5/Pkg/src/API.jl:314
 [5] #test#61 at /workspace/srcdir/usr/share/julia/stdlib/v1.5/Pkg/src/API.jl:67 [inlined]
 [6] test at /workspace/srcdir/usr/share/julia/stdlib/v1.5/Pkg/src/API.jl:67 [inlined]
 [7] #test#60 at /workspace/srcdir/usr/share/julia/stdlib/v1.5/Pkg/src/API.jl:66 [inlined]
 [8] test at /workspace/srcdir/usr/share/julia/stdlib/v1.5/Pkg/src/API.jl:66 [inlined]
 [9] test(::String; kwargs::Base.Iterators.Pairs{Union{},Union{},Tuple{},NamedTuple{(),Tuple{}}}) at /workspace/srcdir/usr/share/julia/stdlib/v1.5/Pkg/src/API.jl:65
 [10] test(::String) at /workspace/srcdir/usr/share/julia/stdlib/v1.5/Pkg/src/API.jl:65
 [11] top-level scope at none:22
 [12] eval at ./boot.jl:331 [inlined]
 [13] eval(::Expr) at ./client.jl:467
 [14] top-level scope at none:1
 [15] eval(::Module, ::Any) at ./boot.jl:331
 [16] exec_options(::Base.JLOptions) at ./client.jl:272
 [17] _start() at ./client.jl:506


################################################################################
# PkgEval teardown: 2021-01-11T15:24:42.026
CPU usage: 47.28s (43.11s user, 4.25s kernel)

Network usage:
- eth0: 3.457 MiB received, 115.744 KiB sent

Raw statistics: {"blkio_stats":{"io_queue_recursive":[],"io_serviced_recursive":[{"major":259,"value":0,"op":"Read","minor":0},{"major":259,"value":24,"op":"Write","minor":0},{"major":259,"value":19,"op":"Sync","minor":0},{"major":259,"value":5,"op":"Async","minor":0},{"major":259,"value":0,"op":"Discard","minor":0},{"major":259,"value":24,"op":"Total","minor":0},{"major":253,"value":0,"op":"Read","minor":2},{"major":253,"value":24,"op":"Write","minor":2},{"major":253,"value":19,"op":"Sync","minor":2},{"major":253,"value":5,"op":"Async","minor":2},{"major":253,"value":0,"op":"Discard","minor":2},{"major":253,"value":24,"op":"Total","minor":2}],"io_time_recursive":[],"sectors_recursive":[],"io_service_bytes_recursive":[{"major":259,"value":0,"op":"Read","minor":0},{"major":259,"value":131072,"op":"Write","minor":0},{"major":259,"value":106496,"op":"Sync","minor":0},{"major":259,"value":24576,"op":"Async","minor":0},{"major":259,"value":0,"op":"Discard","minor":0},{"major":259,"value":131072,"op":"Total","minor":0},{"major":253,"value":0,"op":"Read","minor":2},{"major":253,"value":131072,"op":"Write","minor":2},{"major":253,"value":106496,"op":"Sync","minor":2},{"major":253,"value":24576,"op":"Async","minor":2},{"major":253,"value":0,"op":"Discard","minor":2},{"major":253,"value":131072,"op":"Total","minor":2}],"io_wait_time_recursive":[],"io_merged_recursive":[],"io_service_time_recursive":[]},"memory_stats":{"usage":344506368,"max_usage":1113157632,"stats":{"hierarchical_memory_limit":9223372036854771712,"pgmajfault":0,"total_rss":206639104,"inactive_file":135168,"inactive_anon":81506304,"total_pgfault":1403226,"total_cache":105623552,"total_rss_huge":0,"total_active_anon":218836992,"total_pgmajfault":0,"pgpgin":979968,"rss_huge":0,"mapped_file":0,"total_inactive_file":135168,"dirty":270336,"total_unevictable":0,"total_dirty":270336,"writeback":0,"pgpgout":903742,"hierarchical_memsw_limit":0,"cache":105623552,"active_file":12029952,"pgfault":1403226,"total_mapped_file":0,"total_pgpgout":903742,"total_writeback":0,"rss":206639104,"unevictable":0,"total_inactive_anon":81506304,"total_pgpgin":979968,"active_anon":218836992,"total_active_file":12029952},"limit":540965302272},"name":"/BLPData-KvSLOGMt","networks":{"eth0":{"rx_bytes":3624861,"rx_packets":881,"tx_packets":994,"tx_bytes":118522,"tx_dropped":0,"rx_dropped":2,"tx_errors":0,"rx_errors":0}},"id":"130a9827c484459db5b13bbe9feb11fc392e84f316cd431df288218f35bf14ca","preread":"0001-01-01T00:00:00Z","storage_stats":{},"precpu_stats":{"throttling_data":{"throttled_periods":0,"throttled_time":0,"periods":0},"cpu_usage":{"usage_in_usermode":0,"usage_in_kernelmode":0,"total_usage":0}},"pids_stats":{"current":40},"num_procs":0,"cpu_stats":{"throttling_data":{"throttled_periods":0,"throttled_time":0,"periods":0},"system_cpu_usage":3168363834522419,"online_cpus":128,"cpu_usage":{"usage_in_usermode":43110000000,"usage_in_kernelmode":4250000000,"total_usage":47279411562,"percpu_usage":[0,0,0,0,0,0,0,0,0,0,0,0,0,0,0,0,0,0,0,0,0,0,0,0,0,0,0,0,0,0,0,0,0,0,0,0,0,0,0,0,0,0,0,0,0,0,0,0,0,0,0,0,0,0,0,0,2205411,47277202151,0,0,0,0,0,0,0,0,0,0,0,0,0,0,0,0,0,0,0,0,0,0,0,0,0,0,0,0,0,0,0,0,0,0,0,0,0,0,0,0,0,0,0,0,0,0,0,0,0,0,0,0,0,0,0,0,0,0,0,0,0,0,4000,0,0,0,0,0,0,0]}},"read":"2021-01-11T15:24:42.655274237Z"}