################################################################################
# PackageCompiler set-up: 2021-01-11T17:04:19.018
#

Julia Version 1.5.3
Commit 599f52c4c6 (2020-12-18 13:33 UTC)
Platform Info:
  OS: Linux (x86_64-linux-gnu)
  CPU: AMD EPYC 7502 32-Core Processor
  WORD_SIZE: 64
  LIBM: libopenlibm
  LLVM: libLLVM-9.0.1 (ORCJIT, znver2)
Environment:
  JULIA_PKGEVAL = true
  JULIA_PKG_PRECOMPILE_AUTO = 0



################################################################################
# Installation: 2021-01-11T17:04:20.775
#

 Installing known registries into `~/.julia`
##################################                                        47.3%######################################################################## 100.0%
      Added registry `General` to `~/.julia/registries/General`
  Resolving package versions...
  Installed BoltzmannMachines ─ v1.2.0
  Installed PackageCompiler ─── v1.2.5
Updating `~/.julia/environments/v1.5/Project.toml`
  [4f8fbe5d] + BoltzmannMachines v1.2.0
  [9b87118b] + PackageCompiler v1.2.5
Updating `~/.julia/environments/v1.5/Manifest.toml`
  [4f8fbe5d] + BoltzmannMachines v1.2.0
  [9b87118b] + PackageCompiler v1.2.5
  [2a0f44e3] + Base64
  [ade2ca70] + Dates
  [8ba89e20] + Distributed
  [b77e0a4c] + InteractiveUtils
  [76f85450] + LibGit2
  [8f399da3] + Libdl
  [37e2e46d] + LinearAlgebra
  [56ddb016] + Logging
  [d6f4376e] + Markdown
  [44cfe95a] + Pkg
  [de0858da] + Printf
  [3fa0cd96] + REPL
  [9a3f8284] + Random
  [ea8e919c] + SHA
  [9e88b42a] + Serialization
  [6462fe0b] + Sockets
  [2f01184e] + SparseArrays
  [10745b16] + Statistics
  [cf7118a7] + UUIDs
  [4ec0a83e] + Unicode


################################################################################
# Compiling: 2021-01-11T17:04:26.693
#

[ Info: PackageCompiler: creating system image object file, this might take a while...
Generated system image is 148.534 MiB, compilation took 164 seconds


################################################################################
# PkgEval set-up: 2021-01-11T17:07:18.407
#

Julia Version 1.5.3
Commit 599f52c4c6 (2020-12-18 13:33 UTC)
Platform Info:
  OS: Linux (x86_64-linux-gnu)
  CPU: AMD EPYC 7502 32-Core Processor
  WORD_SIZE: 64
  LIBM: libopenlibm
  LLVM: libLLVM-9.0.1 (ORCJIT, znver2)
Environment:
  JULIA_PKGEVAL = true
  JULIA_PKG_PRECOMPILE_AUTO = 0

Base.julia_cmd() = `/usr/local/julia/bin/julia -Cnative -J/cache/BoltzmannMachines-6nwH988Q.so -g1`


################################################################################
# Installation: 2021-01-11T17:07:20.262
#

 Installing known registries into `~/.julia`
######################################################################## 100.0%
      Added registry `General` to `~/.julia/registries/General`
  Resolving package versions...
  Installed BoltzmannMachines ─ v1.2.0
Updating `~/.julia/environments/v1.5/Project.toml`
  [4f8fbe5d] + BoltzmannMachines v1.2.0
Updating `~/.julia/environments/v1.5/Manifest.toml`
  [4f8fbe5d] + BoltzmannMachines v1.2.0
  [8ba89e20] + Distributed
  [8f399da3] + Libdl
  [37e2e46d] + LinearAlgebra
  [9a3f8284] + Random
  [9e88b42a] + Serialization
  [6462fe0b] + Sockets
  [2f01184e] + SparseArrays
  [10745b16] + Statistics


################################################################################
# Testing: 2021-01-11T17:07:25.562
#

    Testing BoltzmannMachines
Status `/tmp/jl_3S7Q1o/Project.toml`
  [4f8fbe5d] BoltzmannMachines v1.2.0
  [8bb1440f] DelimitedFiles
  [8ba89e20] Distributed
  [37e2e46d] LinearAlgebra
  [9a3f8284] Random
  [10745b16] Statistics
  [8dfed614] Test
Status `/tmp/jl_3S7Q1o/Manifest.toml`
  [4f8fbe5d] BoltzmannMachines v1.2.0
  [2a0f44e3] Base64
  [8bb1440f] DelimitedFiles
  [8ba89e20] Distributed
  [b77e0a4c] InteractiveUtils
  [8f399da3] Libdl
  [37e2e46d] LinearAlgebra
  [56ddb016] Logging
  [d6f4376e] Markdown
  [a63ad114] Mmap
  [9a3f8284] Random
  [9e88b42a] Serialization
  [6462fe0b] Sockets
  [2f01184e] SparseArrays
  [10745b16] Statistics
  [8dfed614] Test
Finished deterministic tests
Non-deterministic test #1 passed after 1 trie(s).
┌ Warning: Check failed:
│ 	abs((exactloglik - estloglik) / exactloglik) < percentalloweddiff / 100
└ @ BMTest ~/.julia/packages/BoltzmannMachines/KkTqD/test/BMTest.jl:17
┌ Warning: Check failed:
│ 	checklikelihoodempirically(b2brbm, x; percentalloweddiff = 1.0)
└ @ BMTest ~/.julia/packages/BoltzmannMachines/KkTqD/test/BMTest.jl:17
Non-deterministic test #2 passed after 2 trie(s).
Non-deterministic test #3 passed after 1 trie(s).
Non-deterministic test #4 passed after 1 trie(s).
Non-deterministic test #5 passed after 1 trie(s).
Non-deterministic test #6 passed after 1 trie(s).
Non-deterministic test #7 passed after 1 trie(s).
Non-deterministic test #8 passed after 1 trie(s).
Non-deterministic test #9 passed after 1 trie(s).
Non-deterministic test #10 passed after 1 trie(s).
Non-deterministic test #11 passed after 1 trie(s).
Non-deterministic test #12 passed after 1 trie(s).
┌ Warning: Check failed:
│ 	all(1.12 .> (sampled ./ nsampled) ./ probs .> 0.88)
└ @ BMTest ~/.julia/packages/BoltzmannMachines/KkTqD/test/BMTest.jl:17
Non-deterministic test #13 passed after 2 trie(s).
Non-deterministic test #14 passed after 1 trie(s).
    Testing BoltzmannMachines tests passed 

PkgEval succeeded


################################################################################
# PkgEval teardown: 2021-01-11T17:17:52.498
CPU usage: 633.55s (620.01s user, 14.23s kernel)

Network usage:
- eth0: 2.597 MiB received, 26.236 KiB sent

Raw statistics: {"blkio_stats":{"io_queue_recursive":[],"io_serviced_recursive":[{"major":259,"value":0,"op":"Read","minor":0},{"major":259,"value":19,"op":"Write","minor":0},{"major":259,"value":14,"op":"Sync","minor":0},{"major":259,"value":5,"op":"Async","minor":0},{"major":259,"value":0,"op":"Discard","minor":0},{"major":259,"value":19,"op":"Total","minor":0},{"major":253,"value":0,"op":"Read","minor":2},{"major":253,"value":19,"op":"Write","minor":2},{"major":253,"value":14,"op":"Sync","minor":2},{"major":253,"value":5,"op":"Async","minor":2},{"major":253,"value":0,"op":"Discard","minor":2},{"major":253,"value":19,"op":"Total","minor":2}],"io_time_recursive":[],"sectors_recursive":[],"io_service_bytes_recursive":[{"major":259,"value":0,"op":"Read","minor":0},{"major":259,"value":77824,"op":"Write","minor":0},{"major":259,"value":57344,"op":"Sync","minor":0},{"major":259,"value":20480,"op":"Async","minor":0},{"major":259,"value":0,"op":"Discard","minor":0},{"major":259,"value":77824,"op":"Total","minor":0},{"major":253,"value":0,"op":"Read","minor":2},{"major":253,"value":77824,"op":"Write","minor":2},{"major":253,"value":57344,"op":"Sync","minor":2},{"major":253,"value":20480,"op":"Async","minor":2},{"major":253,"value":0,"op":"Discard","minor":2},{"major":253,"value":77824,"op":"Total","minor":2}],"io_wait_time_recursive":[],"io_merged_recursive":[],"io_service_time_recursive":[]},"memory_stats":{"usage":339120128,"max_usage":2229215232,"stats":{"hierarchical_memory_limit":9223372036854771712,"pgmajfault":0,"total_rss":230412288,"inactive_file":135168,"inactive_anon":78397440,"total_pgfault":8064474,"total_cache":79638528,"total_rss_huge":0,"total_active_anon":231677952,"total_pgmajfault":0,"pgpgin":5920959,"rss_huge":0,"mapped_file":0,"total_inactive_file":135168,"dirty":135168,"total_unevictable":0,"total_dirty":135168,"writeback":0,"pgpgout":5845244,"hierarchical_memsw_limit":0,"cache":79638528,"active_file":135168,"pgfault":8064474,"total_mapped_file":0,"total_pgpgout":5845244,"total_writeback":0,"rss":230412288,"unevictable":0,"total_inactive_anon":78397440,"total_pgpgin":5920959,"active_anon":231677952,"total_active_file":135168},"limit":540965302272},"name":"/BoltzmannMachines-B3WAu1bx","networks":{"eth0":{"rx_bytes":2723205,"rx_packets":488,"tx_packets":265,"tx_bytes":26866,"tx_dropped":0,"rx_dropped":22,"tx_errors":0,"rx_errors":0}},"id":"876438e19acf64c8970b5f182b6db8b212396b72854b37eddbc8c26ca133bb3d","preread":"0001-01-01T00:00:00Z","storage_stats":{},"precpu_stats":{"throttling_data":{"throttled_periods":0,"throttled_time":0,"periods":0},"cpu_usage":{"usage_in_usermode":0,"usage_in_kernelmode":0,"total_usage":0}},"pids_stats":{"current":44},"num_procs":0,"cpu_stats":{"throttling_data":{"throttled_periods":0,"throttled_time":0,"periods":0},"system_cpu_usage":4036252234522419,"online_cpus":128,"cpu_usage":{"usage_in_usermode":620010000000,"usage_in_kernelmode":14230000000,"total_usage":633552281582,"percpu_usage":[0,0,0,633552276822,0,0,0,0,0,0,0,0,0,0,0,0,0,0,0,0,0,0,0,0,0,0,0,0,0,0,0,0,0,0,0,0,0,0,0,0,0,0,0,0,0,0,0,0,0,0,0,0,0,0,0,0,0,0,0,0,0,0,0,0,4760,0,0,0,0,0,0,0,0,0,0,0,0,0,0,0,0,0,0,0,0,0,0,0,0,0,0,0,0,0,0,0,0,0,0,0,0,0,0,0,0,0,0,0,0,0,0,0,0,0,0,0,0,0,0,0,0,0,0,0,0,0,0,0]}},"read":"2021-01-11T17:17:53.349134406Z"}