################################################################################
# PkgEval set-up: 2021-01-11T15:42:11.737
#

Julia Version 1.5.3
Commit 599f52c4c6 (2020-12-18 13:33 UTC)
Platform Info:
  OS: Linux (x86_64-linux-gnu)
  CPU: AMD EPYC 7502 32-Core Processor
  WORD_SIZE: 64
  LIBM: libopenlibm
  LLVM: libLLVM-9.0.1 (ORCJIT, znver2)
Environment:
  JULIA_PKG_PRECOMPILE_AUTO = 0
  JULIA_PKGEVAL = true

Base.julia_cmd() = `/opt/julia/bin/julia -Cnative -J/opt/julia/lib/julia/sys.so -g1`


################################################################################
# Installation: 2021-01-11T15:42:13.546
#

 Installing known registries into `~/.julia`
#############                                                             18.9%######################################################################## 100.0%
      Added registry `General` to `~/.julia/registries/General`
  Resolving package versions...
  Installed BoteSalvatICX ─ v2.0.0
  Installed Requires ────── v1.1.2
Updating `~/.julia/environments/v1.5/Project.toml`
  [fe54227b] + BoteSalvatICX v2.0.0
Updating `~/.julia/environments/v1.5/Manifest.toml`
  [fe54227b] + BoteSalvatICX v2.0.0
  [ae029012] + Requires v1.1.2
  [9a3f8284] + Random
  [ea8e919c] + SHA
  [9e88b42a] + Serialization
  [cf7118a7] + UUIDs


################################################################################
# Testing: 2021-01-11T15:42:17.404
#

    Testing BoteSalvatICX
Status `/tmp/jl_0CmWdU/Project.toml`
  [fe54227b] BoteSalvatICX v2.0.0
  [ae029012] Requires v1.1.2
  [8dfed614] Test
Status `/tmp/jl_0CmWdU/Manifest.toml`
  [fe54227b] BoteSalvatICX v2.0.0
  [ae029012] Requires v1.1.2
  [2a0f44e3] Base64
  [8ba89e20] Distributed
  [b77e0a4c] InteractiveUtils
  [56ddb016] Logging
  [d6f4376e] Markdown
  [9a3f8284] Random
  [ea8e919c] SHA
  [9e88b42a] Serialization
  [6462fe0b] Sockets
  [8dfed614] Test
  [cf7118a7] UUIDs
Test Summary: | Pass  Total
BoteSalvatICX |   25     25
    Testing BoteSalvatICX tests passed 

PkgEval succeeded


################################################################################
# PkgEval teardown: 2021-01-11T15:42:22.781
CPU usage: 11.12s (8.50s user, 2.66s kernel)

Network usage:
- eth0: 2.579 MiB received, 35.299 KiB sent

Raw statistics: {"blkio_stats":{"io_queue_recursive":[],"io_serviced_recursive":[{"major":259,"value":0,"op":"Read","minor":0},{"major":259,"value":24,"op":"Write","minor":0},{"major":259,"value":19,"op":"Sync","minor":0},{"major":259,"value":5,"op":"Async","minor":0},{"major":259,"value":0,"op":"Discard","minor":0},{"major":259,"value":24,"op":"Total","minor":0},{"major":253,"value":0,"op":"Read","minor":2},{"major":253,"value":24,"op":"Write","minor":2},{"major":253,"value":19,"op":"Sync","minor":2},{"major":253,"value":5,"op":"Async","minor":2},{"major":253,"value":0,"op":"Discard","minor":2},{"major":253,"value":24,"op":"Total","minor":2}],"io_time_recursive":[],"sectors_recursive":[],"io_service_bytes_recursive":[{"major":259,"value":0,"op":"Read","minor":0},{"major":259,"value":126976,"op":"Write","minor":0},{"major":259,"value":106496,"op":"Sync","minor":0},{"major":259,"value":20480,"op":"Async","minor":0},{"major":259,"value":0,"op":"Discard","minor":0},{"major":259,"value":126976,"op":"Total","minor":0},{"major":253,"value":0,"op":"Read","minor":2},{"major":253,"value":126976,"op":"Write","minor":2},{"major":253,"value":106496,"op":"Sync","minor":2},{"major":253,"value":20480,"op":"Async","minor":2},{"major":253,"value":0,"op":"Discard","minor":2},{"major":253,"value":126976,"op":"Total","minor":2}],"io_wait_time_recursive":[],"io_merged_recursive":[],"io_service_time_recursive":[]},"memory_stats":{"usage":353079296,"max_usage":762712064,"stats":{"hierarchical_memory_limit":9223372036854771712,"pgmajfault":0,"total_rss":215547904,"inactive_file":135168,"inactive_anon":78802944,"total_pgfault":346632,"total_cache":105209856,"total_rss_huge":0,"total_active_anon":216674304,"total_pgmajfault":0,"pgpgin":235389,"rss_huge":0,"mapped_file":0,"total_inactive_file":135168,"dirty":405504,"total_unevictable":0,"total_dirty":405504,"writeback":0,"pgpgout":157063,"hierarchical_memsw_limit":0,"cache":105209856,"active_file":25411584,"pgfault":346632,"total_mapped_file":0,"total_pgpgout":157063,"total_writeback":0,"rss":215547904,"unevictable":0,"total_inactive_anon":78802944,"total_pgpgin":235389,"active_anon":216674304,"total_active_file":25411584},"limit":540965302272},"name":"/BoteSalvatICX-TQzJlC7R","networks":{"eth0":{"rx_bytes":2704621,"rx_packets":352,"tx_packets":369,"tx_bytes":36146,"tx_dropped":0,"rx_dropped":1,"tx_errors":0,"rx_errors":0}},"id":"c21af864ed05d716c34fab7d0c3da614403fe604386aaedb94ed9f09cbc86235","preread":"0001-01-01T00:00:00Z","storage_stats":{},"precpu_stats":{"throttling_data":{"throttled_periods":0,"throttled_time":0,"periods":0},"cpu_usage":{"usage_in_usermode":0,"usage_in_kernelmode":0,"total_usage":0}},"pids_stats":{"current":40},"num_procs":0,"cpu_stats":{"throttling_data":{"throttled_periods":0,"throttled_time":0,"periods":0},"system_cpu_usage":3303781164522419,"online_cpus":128,"cpu_usage":{"usage_in_usermode":8500000000,"usage_in_kernelmode":2660000000,"total_usage":11116113622,"percpu_usage":[0,0,0,0,0,0,0,0,0,0,0,0,0,0,0,0,0,0,0,0,0,0,0,0,0,0,0,0,0,0,0,0,0,0,0,0,0,0,0,0,0,0,0,0,0,0,0,11116109802,0,0,0,0,0,0,0,0,0,0,0,0,0,0,0,0,0,0,0,0,0,0,0,0,0,0,0,0,0,0,0,0,0,0,0,0,0,0,0,0,0,0,0,0,0,0,0,0,0,0,0,0,0,0,0,0,0,0,0,0,3820,0,0,0,0,0,0,0,0,0,0,0,0,0,0,0,0,0,0,0]}},"read":"2021-01-11T15:42:22.784044023Z"}