################################################################################
# PkgEval set-up: 2021-01-11T20:00:59.264
#

Julia Version 1.5.3
Commit 599f52c4c6 (2020-12-18 13:33 UTC)
Platform Info:
  OS: Linux (x86_64-linux-gnu)
  CPU: AMD EPYC 7502 32-Core Processor
  WORD_SIZE: 64
  LIBM: libopenlibm
  LLVM: libLLVM-9.0.1 (ORCJIT, znver2)
Environment:
  JULIA_PKG_PRECOMPILE_AUTO = 0
  JULIA_PKGEVAL = true

Base.julia_cmd() = `/opt/julia/bin/julia -Cnative -J/opt/julia/lib/julia/sys.so -g1`


################################################################################
# Installation: 2021-01-11T20:01:01.008
#

 Installing known registries into `~/.julia`
#=#=#                                                                         ######################################################################## 100.0%
      Added registry `General` to `~/.julia/registries/General`
  Resolving package versions...
  Installed CompilerSupportLibraries_jll ─ v0.3.4+0
  Installed BridgeDiffEq ───────────────── v0.1.1
  Installed ZygoteRules ────────────────── v0.2.1
  Installed Zlib_jll ───────────────────── v1.2.11+18
  Installed Reexport ───────────────────── v1.0.0
  Installed Rmath_jll ──────────────────── v0.2.2+1
  Installed CommonSubexpressions ───────── v0.3.0
  Installed TimeZones ──────────────────── v1.5.3
  Installed Rmath ──────────────────────── v0.6.1
  Installed TableTraits ────────────────── v1.0.0
  Installed Mocking ────────────────────── v0.7.1
  Installed NonlinearSolve ─────────────── v0.3.4
  Installed MuladdMacro ────────────────── v0.2.2
  Installed FillArrays ─────────────────── v0.10.2
  Installed Tables ─────────────────────── v1.2.2
  Installed DataStructures ─────────────── v0.18.8
  Installed Libiconv_jll ───────────────── v1.16.0+7
  Installed StatsBase ──────────────────── v0.33.2
  Installed Polynomials ────────────────── v1.2.0
  Installed Requires ───────────────────── v1.1.2
  Installed FunctionWrappers ───────────── v1.1.1
  Installed DataAPI ────────────────────── v1.4.0
  Installed EzXML ──────────────────────── v1.1.0
  Installed QuadGK ─────────────────────── v2.4.1
  Installed DiffRules ──────────────────── v1.0.2
  Installed Parameters ─────────────────── v0.12.1
  Installed Setfield ───────────────────── v0.7.0
  Installed DiffResults ────────────────── v1.0.3
  Installed Colors ─────────────────────── v0.12.6
  Installed TreeViews ──────────────────── v0.3.0
  Installed ConstructionBase ───────────── v1.0.0
  Installed RecursiveArrayTools ────────── v2.10.0
  Installed XML2_jll ───────────────────── v2.9.10+3
  Installed OrderedCollections ─────────── v1.3.2
  Installed Intervals ──────────────────── v1.5.0
  Installed ColorTypes ─────────────────── v0.10.9
  Installed StaticArrays ───────────────── v0.12.5
  Installed DiffEqBase ─────────────────── v6.53.4
  Installed DataValueInterfaces ────────── v1.0.0
  Installed Trajectories ───────────────── v0.2.2
  Installed Missings ───────────────────── v0.4.4
  Installed RecipesBase ────────────────── v1.1.1
  Installed MacroTools ─────────────────── v0.5.6
  Installed NaNMath ────────────────────── v0.3.5
  Installed FiniteDiff ─────────────────── v2.7.2
  Installed JLLWrappers ────────────────── v1.2.0
  Installed Distributions ──────────────── v0.24.10
  Installed PDMats ─────────────────────── v0.10.1
  Installed Adapt ──────────────────────── v2.4.0
  Installed ArrayInterface ─────────────── v2.14.13
  Installed StatsFuns ──────────────────── v0.9.6
  Installed OffsetArrays ───────────────── v1.5.0
  Installed ForwardDiff ────────────────── v0.10.14
  Installed IterativeSolvers ───────────── v0.9.0
  Installed LabelledArrays ─────────────── v1.4.0
  Installed FixedPointNumbers ──────────── v0.8.4
  Installed ExprTools ──────────────────── v0.1.3
  Installed IteratorInterfaceExtensions ── v1.0.0
  Installed UnPack ─────────────────────── v1.0.2
  Installed SpecialFunctions ───────────── v1.2.1
  Installed Bridge ─────────────────────── v0.11.4
  Installed SortingAlgorithms ──────────── v0.3.1
  Installed RecursiveFactorization ─────── v0.1.0
  Installed Compat ─────────────────────── v3.25.0
  Installed DocStringExtensions ────────── v0.8.3
  Installed ChainRulesCore ─────────────── v0.9.24
  Installed OpenSpecFun_jll ────────────── v0.5.3+4
  Installed Artifacts ──────────────────── v1.3.0
Updating `~/.julia/environments/v1.5/Project.toml`
  [1aa9af3a] + BridgeDiffEq v0.1.1
Updating `~/.julia/environments/v1.5/Manifest.toml`
  [79e6a3ab] + Adapt v2.4.0
  [4fba245c] + ArrayInterface v2.14.13
  [56f22d72] + Artifacts v1.3.0
  [2d3116d5] + Bridge v0.11.4
  [1aa9af3a] + BridgeDiffEq v0.1.1
  [d360d2e6] + ChainRulesCore v0.9.24
  [3da002f7] + ColorTypes v0.10.9
  [5ae59095] + Colors v0.12.6
  [bbf7d656] + CommonSubexpressions v0.3.0
  [34da2185] + Compat v3.25.0
  [e66e0078] + CompilerSupportLibraries_jll v0.3.4+0
  [187b0558] + ConstructionBase v1.0.0
  [9a962f9c] + DataAPI v1.4.0
  [864edb3b] + DataStructures v0.18.8
  [e2d170a0] + DataValueInterfaces v1.0.0
  [2b5f629d] + DiffEqBase v6.53.4
  [163ba53b] + DiffResults v1.0.3
  [b552c78f] + DiffRules v1.0.2
  [31c24e10] + Distributions v0.24.10
  [ffbed154] + DocStringExtensions v0.8.3
  [e2ba6199] + ExprTools v0.1.3
  [8f5d6c58] + EzXML v1.1.0
  [1a297f60] + FillArrays v0.10.2
  [6a86dc24] + FiniteDiff v2.7.2
  [53c48c17] + FixedPointNumbers v0.8.4
  [f6369f11] + ForwardDiff v0.10.14
  [069b7b12] + FunctionWrappers v1.1.1
  [d8418881] + Intervals v1.5.0
  [42fd0dbc] + IterativeSolvers v0.9.0
  [82899510] + IteratorInterfaceExtensions v1.0.0
  [692b3bcd] + JLLWrappers v1.2.0
  [2ee39098] + LabelledArrays v1.4.0
  [94ce4f54] + Libiconv_jll v1.16.0+7
  [1914dd2f] + MacroTools v0.5.6
  [e1d29d7a] + Missings v0.4.4
  [78c3b35d] + Mocking v0.7.1
  [46d2c3a1] + MuladdMacro v0.2.2
  [77ba4419] + NaNMath v0.3.5
  [8913a72c] + NonlinearSolve v0.3.4
  [6fe1bfb0] + OffsetArrays v1.5.0
  [efe28fd5] + OpenSpecFun_jll v0.5.3+4
  [bac558e1] + OrderedCollections v1.3.2
  [90014a1f] + PDMats v0.10.1
  [d96e819e] + Parameters v0.12.1
  [f27b6e38] + Polynomials v1.2.0
  [1fd47b50] + QuadGK v2.4.1
  [3cdcf5f2] + RecipesBase v1.1.1
  [731186ca] + RecursiveArrayTools v2.10.0
  [f2c3362d] + RecursiveFactorization v0.1.0
  [189a3867] + Reexport v1.0.0
  [ae029012] + Requires v1.1.2
  [79098fc4] + Rmath v0.6.1
  [f50d1b31] + Rmath_jll v0.2.2+1
  [efcf1570] + Setfield v0.7.0
  [a2af1166] + SortingAlgorithms v0.3.1
  [276daf66] + SpecialFunctions v1.2.1
  [90137ffa] + StaticArrays v0.12.5
  [2913bbd2] + StatsBase v0.33.2
  [4c63d2b9] + StatsFuns v0.9.6
  [3783bdb8] + TableTraits v1.0.0
  [bd369af6] + Tables v1.2.2
  [f269a46b] + TimeZones v1.5.3
  [2c80a279] + Trajectories v0.2.2
  [a2a6695c] + TreeViews v0.3.0
  [3a884ed6] + UnPack v1.0.2
  [02c8fc9c] + XML2_jll v2.9.10+3
  [83775a58] + Zlib_jll v1.2.11+18
  [700de1a5] + ZygoteRules v0.2.1
  [2a0f44e3] + Base64
  [ade2ca70] + Dates
  [8bb1440f] + DelimitedFiles
  [8ba89e20] + Distributed
  [9fa8497b] + Future
  [b77e0a4c] + InteractiveUtils
  [76f85450] + LibGit2
  [8f399da3] + Libdl
  [37e2e46d] + LinearAlgebra
  [56ddb016] + Logging
  [d6f4376e] + Markdown
  [a63ad114] + Mmap
  [44cfe95a] + Pkg
  [de0858da] + Printf
  [3fa0cd96] + REPL
  [9a3f8284] + Random
  [ea8e919c] + SHA
  [9e88b42a] + Serialization
  [1a1011a3] + SharedArrays
  [6462fe0b] + Sockets
  [2f01184e] + SparseArrays
  [10745b16] + Statistics
  [4607b0f0] + SuiteSparse
  [8dfed614] + Test
  [cf7118a7] + UUIDs
  [4ec0a83e] + Unicode
   Building TimeZones → `~/.julia/packages/TimeZones/K98G0/deps/build.log`


################################################################################
# Testing: 2021-01-11T20:01:18.998
#

    Testing BridgeDiffEq
Status `/tmp/jl_cXifu9/Project.toml`
  [2d3116d5] Bridge v0.11.4
  [1aa9af3a] BridgeDiffEq v0.1.1
  [2b5f629d] DiffEqBase v6.53.4
  [189a3867] Reexport v1.0.0
  [90137ffa] StaticArrays v0.12.5
  [37e2e46d] LinearAlgebra
  [8dfed614] Test
Status `/tmp/jl_cXifu9/Manifest.toml`
  [79e6a3ab] Adapt v2.4.0
  [4fba245c] ArrayInterface v2.14.13
  [56f22d72] Artifacts v1.3.0
  [2d3116d5] Bridge v0.11.4
  [1aa9af3a] BridgeDiffEq v0.1.1
  [d360d2e6] ChainRulesCore v0.9.24
  [3da002f7] ColorTypes v0.10.9
  [5ae59095] Colors v0.12.6
  [bbf7d656] CommonSubexpressions v0.3.0
  [34da2185] Compat v3.25.0
  [e66e0078] CompilerSupportLibraries_jll v0.3.4+0
  [187b0558] ConstructionBase v1.0.0
  [9a962f9c] DataAPI v1.4.0
  [864edb3b] DataStructures v0.18.8
  [e2d170a0] DataValueInterfaces v1.0.0
  [2b5f629d] DiffEqBase v6.53.4
  [163ba53b] DiffResults v1.0.3
  [b552c78f] DiffRules v1.0.2
  [31c24e10] Distributions v0.24.10
  [ffbed154] DocStringExtensions v0.8.3
  [e2ba6199] ExprTools v0.1.3
  [8f5d6c58] EzXML v1.1.0
  [1a297f60] FillArrays v0.10.2
  [6a86dc24] FiniteDiff v2.7.2
  [53c48c17] FixedPointNumbers v0.8.4
  [f6369f11] ForwardDiff v0.10.14
  [069b7b12] FunctionWrappers v1.1.1
  [d8418881] Intervals v1.5.0
  [42fd0dbc] IterativeSolvers v0.9.0
  [82899510] IteratorInterfaceExtensions v1.0.0
  [692b3bcd] JLLWrappers v1.2.0
  [2ee39098] LabelledArrays v1.4.0
  [94ce4f54] Libiconv_jll v1.16.0+7
  [1914dd2f] MacroTools v0.5.6
  [e1d29d7a] Missings v0.4.4
  [78c3b35d] Mocking v0.7.1
  [46d2c3a1] MuladdMacro v0.2.2
  [77ba4419] NaNMath v0.3.5
  [8913a72c] NonlinearSolve v0.3.4
  [6fe1bfb0] OffsetArrays v1.5.0
  [efe28fd5] OpenSpecFun_jll v0.5.3+4
  [bac558e1] OrderedCollections v1.3.2
  [90014a1f] PDMats v0.10.1
  [d96e819e] Parameters v0.12.1
  [f27b6e38] Polynomials v1.2.0
  [1fd47b50] QuadGK v2.4.1
  [3cdcf5f2] RecipesBase v1.1.1
  [731186ca] RecursiveArrayTools v2.10.0
  [f2c3362d] RecursiveFactorization v0.1.0
  [189a3867] Reexport v1.0.0
  [ae029012] Requires v1.1.2
  [79098fc4] Rmath v0.6.1
  [f50d1b31] Rmath_jll v0.2.2+1
  [efcf1570] Setfield v0.7.0
  [a2af1166] SortingAlgorithms v0.3.1
  [276daf66] SpecialFunctions v1.2.1
  [90137ffa] StaticArrays v0.12.5
  [2913bbd2] StatsBase v0.33.2
  [4c63d2b9] StatsFuns v0.9.6
  [3783bdb8] TableTraits v1.0.0
  [bd369af6] Tables v1.2.2
  [f269a46b] TimeZones v1.5.3
  [2c80a279] Trajectories v0.2.2
  [a2a6695c] TreeViews v0.3.0
  [3a884ed6] UnPack v1.0.2
  [02c8fc9c] XML2_jll v2.9.10+3
  [83775a58] Zlib_jll v1.2.11+18
  [700de1a5] ZygoteRules v0.2.1
  [2a0f44e3] Base64
  [ade2ca70] Dates
  [8bb1440f] DelimitedFiles
  [8ba89e20] Distributed
  [9fa8497b] Future
  [b77e0a4c] InteractiveUtils
  [76f85450] LibGit2
  [8f399da3] Libdl
  [37e2e46d] LinearAlgebra
  [56ddb016] Logging
  [d6f4376e] Markdown
  [a63ad114] Mmap
  [44cfe95a] Pkg
  [de0858da] Printf
  [3fa0cd96] REPL
  [9a3f8284] Random
  [ea8e919c] SHA
  [9e88b42a] Serialization
  [1a1011a3] SharedArrays
  [6462fe0b] Sockets
  [2f01184e] SparseArrays
  [10745b16] Statistics
  [4607b0f0] SuiteSparse
  [8dfed614] Test
  [cf7118a7] UUIDs
  [4ec0a83e] Unicode
  0.161629 seconds (216.44 k allocations: 11.614 MiB)
    Testing BridgeDiffEq tests passed 

PkgEval succeeded


################################################################################
# PkgEval teardown: 2021-01-11T20:04:06.892
CPU usage: 187.26s (174.69s user, 12.81s kernel)

Network usage:
- eth0: 7.236 MiB received, 357.173 KiB sent

Raw statistics: {"blkio_stats":{"io_queue_recursive":[],"io_serviced_recursive":[{"major":259,"value":0,"op":"Read","minor":0},{"major":259,"value":28,"op":"Write","minor":0},{"major":259,"value":19,"op":"Sync","minor":0},{"major":259,"value":9,"op":"Async","minor":0},{"major":259,"value":0,"op":"Discard","minor":0},{"major":259,"value":28,"op":"Total","minor":0},{"major":253,"value":0,"op":"Read","minor":2},{"major":253,"value":28,"op":"Write","minor":2},{"major":253,"value":19,"op":"Sync","minor":2},{"major":253,"value":9,"op":"Async","minor":2},{"major":253,"value":0,"op":"Discard","minor":2},{"major":253,"value":28,"op":"Total","minor":2}],"io_time_recursive":[],"sectors_recursive":[],"io_service_bytes_recursive":[{"major":259,"value":0,"op":"Read","minor":0},{"major":259,"value":167936,"op":"Write","minor":0},{"major":259,"value":106496,"op":"Sync","minor":0},{"major":259,"value":61440,"op":"Async","minor":0},{"major":259,"value":0,"op":"Discard","minor":0},{"major":259,"value":167936,"op":"Total","minor":0},{"major":253,"value":0,"op":"Read","minor":2},{"major":253,"value":167936,"op":"Write","minor":2},{"major":253,"value":106496,"op":"Sync","minor":2},{"major":253,"value":61440,"op":"Async","minor":2},{"major":253,"value":0,"op":"Discard","minor":2},{"major":253,"value":167936,"op":"Total","minor":2}],"io_wait_time_recursive":[],"io_merged_recursive":[],"io_service_time_recursive":[]},"memory_stats":{"usage":411082752,"max_usage":1859190784,"stats":{"hierarchical_memory_limit":9223372036854771712,"pgmajfault":0,"total_rss":250761216,"inactive_file":135168,"inactive_anon":94076928,"total_pgfault":5300196,"total_cache":127107072,"total_rss_huge":0,"total_active_anon":283717632,"total_pgmajfault":0,"pgpgin":3482094,"rss_huge":0,"mapped_file":0,"total_inactive_file":135168,"dirty":270336,"total_unevictable":0,"total_dirty":270336,"writeback":0,"pgpgout":3389870,"hierarchical_memsw_limit":0,"cache":127107072,"active_file":135168,"pgfault":5300196,"total_mapped_file":0,"total_pgpgout":3389870,"total_writeback":0,"rss":250761216,"unevictable":0,"total_inactive_anon":94076928,"total_pgpgin":3482094,"active_anon":283717632,"total_active_file":135168},"limit":540965302272},"name":"/BridgeDiffEq-vtchwJ5f","networks":{"eth0":{"rx_bytes":7587202,"rx_packets":2553,"tx_packets":2942,"tx_bytes":365745,"tx_dropped":0,"rx_dropped":7,"tx_errors":0,"rx_errors":0}},"id":"e06672c676d555bba052d51899a33f1e2ff1b0449d9e68519b0d9b7226d0cf53","preread":"0001-01-01T00:00:00Z","storage_stats":{},"precpu_stats":{"throttling_data":{"throttled_periods":0,"throttled_time":0,"periods":0},"cpu_usage":{"usage_in_usermode":0,"usage_in_kernelmode":0,"total_usage":0}},"pids_stats":{"current":40},"num_procs":0,"cpu_stats":{"throttling_data":{"throttled_periods":0,"throttled_time":0,"periods":0},"system_cpu_usage":5310845654522419,"online_cpus":128,"cpu_usage":{"usage_in_usermode":174690000000,"usage_in_kernelmode":12810000000,"total_usage":187263307112,"percpu_usage":[0,0,0,0,0,0,0,0,0,0,0,0,187261888361,481670,0,0,0,0,0,0,0,0,0,0,0,0,0,0,0,0,0,0,0,0,0,0,0,0,0,0,0,0,0,0,0,0,0,0,0,0,0,0,0,0,0,0,0,0,0,0,0,0,0,0,0,0,0,0,0,0,0,0,0,0,0,0,520781,0,0,416300,0,0,0,0,0,0,0,0,0,0,0,0,0,0,0,0,0,0,0,0,0,0,0,0,0,0,0,0,0,0,0,0,0,0,0,0,0,0,0,0,0,0,0,0,0,0,0,0]}},"read":"2021-01-11T20:04:07.307120207Z"}