################################################################################
# PackageCompiler set-up: 2021-01-11T18:43:22.797
#

Julia Version 1.5.3
Commit 599f52c4c6 (2020-12-18 13:33 UTC)
Platform Info:
  OS: Linux (x86_64-linux-gnu)
  CPU: AMD EPYC 7502 32-Core Processor
  WORD_SIZE: 64
  LIBM: libopenlibm
  LLVM: libLLVM-9.0.1 (ORCJIT, znver2)
Environment:
  JULIA_PKGEVAL = true
  JULIA_PKG_PRECOMPILE_AUTO = 0



################################################################################
# Installation: 2021-01-11T18:43:24.589
#

 Installing known registries into `~/.julia`
###################################################################       93.9%######################################################################## 100.0%
      Added registry `General` to `~/.julia/registries/General`
  Resolving package versions...
  Installed BSplines ──────── v0.3.1
  Installed RecipesBase ───── v1.1.1
  Installed Adapt ─────────── v2.4.0
  Installed OffsetArrays ──── v1.5.0
  Installed PackageCompiler ─ v1.2.5
Updating `~/.julia/environments/v1.5/Project.toml`
  [488c2830] + BSplines v0.3.1
  [9b87118b] + PackageCompiler v1.2.5
Updating `~/.julia/environments/v1.5/Manifest.toml`
  [79e6a3ab] + Adapt v2.4.0
  [488c2830] + BSplines v0.3.1
  [6fe1bfb0] + OffsetArrays v1.5.0
  [9b87118b] + PackageCompiler v1.2.5
  [3cdcf5f2] + RecipesBase v1.1.1
  [2a0f44e3] + Base64
  [ade2ca70] + Dates
  [b77e0a4c] + InteractiveUtils
  [76f85450] + LibGit2
  [8f399da3] + Libdl
  [37e2e46d] + LinearAlgebra
  [56ddb016] + Logging
  [d6f4376e] + Markdown
  [44cfe95a] + Pkg
  [de0858da] + Printf
  [3fa0cd96] + REPL
  [9a3f8284] + Random
  [ea8e919c] + SHA
  [9e88b42a] + Serialization
  [6462fe0b] + Sockets
  [cf7118a7] + UUIDs
  [4ec0a83e] + Unicode


################################################################################
# Compiling: 2021-01-11T18:43:31.277
#

[ Info: PackageCompiler: creating system image object file, this might take a while...
Generated system image is 151.062 MiB, compilation took 200 seconds


################################################################################
# PkgEval set-up: 2021-01-11T18:46:59.125
#

Julia Version 1.5.3
Commit 599f52c4c6 (2020-12-18 13:33 UTC)
Platform Info:
  OS: Linux (x86_64-linux-gnu)
  CPU: AMD EPYC 7502 32-Core Processor
  WORD_SIZE: 64
  LIBM: libopenlibm
  LLVM: libLLVM-9.0.1 (ORCJIT, znver2)
Environment:
  JULIA_PKGEVAL = true
  JULIA_PKG_PRECOMPILE_AUTO = 0

Base.julia_cmd() = `/usr/local/julia/bin/julia -Cnative -J/cache/BSplines-5gvgsxmQ.so -g1`


################################################################################
# Installation: 2021-01-11T18:47:00.705
#

 Installing known registries into `~/.julia`
#############################                                             41.6%######################################################################## 100.0%
      Added registry `General` to `~/.julia/registries/General`
  Resolving package versions...
  Installed BSplines ───── v0.3.1
  Installed RecipesBase ── v1.1.1
  Installed Adapt ──────── v2.4.0
  Installed OffsetArrays ─ v1.5.0
Updating `~/.julia/environments/v1.5/Project.toml`
  [488c2830] + BSplines v0.3.1
Updating `~/.julia/environments/v1.5/Manifest.toml`
  [79e6a3ab] + Adapt v2.4.0
  [488c2830] + BSplines v0.3.1
  [6fe1bfb0] + OffsetArrays v1.5.0
  [3cdcf5f2] + RecipesBase v1.1.1
  [8f399da3] + Libdl
  [37e2e46d] + LinearAlgebra


################################################################################
# Testing: 2021-01-11T18:47:05.028
#

    Testing BSplines
Status `/tmp/jl_bNhp9c/Project.toml`
  [488c2830] BSplines v0.3.1
  [6fe1bfb0] OffsetArrays v1.5.0
  [3cdcf5f2] RecipesBase v1.1.1
  [37e2e46d] LinearAlgebra
  [8dfed614] Test
Status `/tmp/jl_bNhp9c/Manifest.toml`
  [79e6a3ab] Adapt v2.4.0
  [488c2830] BSplines v0.3.1
  [6fe1bfb0] OffsetArrays v1.5.0
  [3cdcf5f2] RecipesBase v1.1.1
  [2a0f44e3] Base64
  [8ba89e20] Distributed
  [b77e0a4c] InteractiveUtils
  [8f399da3] Libdl
  [37e2e46d] LinearAlgebra
  [56ddb016] Logging
  [d6f4376e] Markdown
  [9a3f8284] Random
  [9e88b42a] Serialization
  [6462fe0b] Sockets
  [8dfed614] Test
Test Summary: | Pass  Total
KnotVector    |  104    104
Test Summary:       | Pass  Total
StandardBasisVector |  260    260
Test Summary: | Pass  Total
intervalindex | 4869   4869
Test Summary:   | Pass  Total
intervalindices | 4250   4250
Test Summary: | Pass  Total
support       |   22     22
Test Summary:        | Pass  Total
Equality and hashing |   72     72
Test Summary: | Pass  Total
BSplineBasis  |  104    104
Test Summary: | Pass  Total
Spline        |  150    150
Test Summary: | Pass  Total
Derivatives   |   25     25
Test Summary: | Pass  Total
bsplines      |  533    533
113.248638 seconds (211.64 M allocations: 10.241 GiB, 2.34% gc time)
Test Summary: | Pass  Total
bsplines!     |  828    828
 87.377055 seconds (119.69 M allocations: 5.391 GiB, 1.65% gc time)
Test Summary: | Pass  Total
splinevalue   | 9881   9881
 75.846841 seconds (110.29 M allocations: 5.135 GiB, 1.89% gc time)
Test Summary:         | Pass  Total
SplineFunctionWrapper |   72     72
Test Summary: | Pass  Total
basismatrix   |    3      3
Test Summary: | Pass  Total
basismatrix!  |    7      7
Test Summary: | Pass  Total
approximate   |   11     11
Test Summary: | Pass  Total
interpolate   |   18     18
Test Summary: | Pass  Total
averagebasis  |   11     11
Test Summary: | Pass  Total
knotaverages  |   17     17
Test Summary: | Pass  Total
knotaverages! |   17     17
    Testing BSplines tests passed 

PkgEval succeeded


################################################################################
# PkgEval teardown: 2021-01-11T18:52:22.707
CPU usage: 323.35s (320.12s user, 3.63s kernel)

Network usage:
- eth0: 2.649 MiB received, 42.069 KiB sent

Raw statistics: {"blkio_stats":{"io_queue_recursive":[],"io_serviced_recursive":[{"major":259,"value":0,"op":"Read","minor":0},{"major":259,"value":19,"op":"Write","minor":0},{"major":259,"value":14,"op":"Sync","minor":0},{"major":259,"value":5,"op":"Async","minor":0},{"major":259,"value":0,"op":"Discard","minor":0},{"major":259,"value":19,"op":"Total","minor":0},{"major":253,"value":0,"op":"Read","minor":2},{"major":253,"value":19,"op":"Write","minor":2},{"major":253,"value":14,"op":"Sync","minor":2},{"major":253,"value":5,"op":"Async","minor":2},{"major":253,"value":0,"op":"Discard","minor":2},{"major":253,"value":19,"op":"Total","minor":2}],"io_time_recursive":[],"sectors_recursive":[],"io_service_bytes_recursive":[{"major":259,"value":0,"op":"Read","minor":0},{"major":259,"value":77824,"op":"Write","minor":0},{"major":259,"value":57344,"op":"Sync","minor":0},{"major":259,"value":20480,"op":"Async","minor":0},{"major":259,"value":0,"op":"Discard","minor":0},{"major":259,"value":77824,"op":"Total","minor":0},{"major":253,"value":0,"op":"Read","minor":2},{"major":253,"value":77824,"op":"Write","minor":2},{"major":253,"value":57344,"op":"Sync","minor":2},{"major":253,"value":20480,"op":"Async","minor":2},{"major":253,"value":0,"op":"Discard","minor":2},{"major":253,"value":77824,"op":"Total","minor":2}],"io_wait_time_recursive":[],"io_merged_recursive":[],"io_service_time_recursive":[]},"memory_stats":{"usage":300273664,"max_usage":962072576,"stats":{"hierarchical_memory_limit":9223372036854771712,"pgmajfault":0,"total_rss":183885824,"inactive_file":135168,"inactive_anon":79208448,"total_pgfault":1375803,"total_cache":86089728,"total_rss_huge":0,"total_active_anon":184639488,"total_pgmajfault":0,"pgpgin":358578,"rss_huge":0,"mapped_file":0,"total_inactive_file":135168,"dirty":270336,"total_unevictable":0,"total_dirty":270336,"writeback":0,"pgpgout":292690,"hierarchical_memsw_limit":0,"cache":86089728,"active_file":6352896,"pgfault":1375803,"total_mapped_file":0,"total_pgpgout":292690,"total_writeback":0,"rss":183885824,"unevictable":0,"total_inactive_anon":79208448,"total_pgpgin":358578,"active_anon":184639488,"total_active_file":6352896},"limit":540965302272},"name":"/BSplines-UXYIsnAd","networks":{"eth0":{"rx_bytes":2777900,"rx_packets":515,"tx_packets":400,"tx_bytes":43079,"tx_dropped":0,"rx_dropped":11,"tx_errors":0,"rx_errors":0}},"id":"f8dc0d7444ba3ff1916a29f74379d36fe6c957c37dae3026d8b17674255a5d95","preread":"0001-01-01T00:00:00Z","storage_stats":{},"precpu_stats":{"throttling_data":{"throttled_periods":0,"throttled_time":0,"periods":0},"cpu_usage":{"usage_in_usermode":0,"usage_in_kernelmode":0,"total_usage":0}},"pids_stats":{"current":44},"num_procs":0,"cpu_stats":{"throttling_data":{"throttled_periods":0,"throttled_time":0,"periods":0},"system_cpu_usage":4760541874522419,"online_cpus":128,"cpu_usage":{"usage_in_usermode":320120000000,"usage_in_kernelmode":3630000000,"total_usage":323348729216,"percpu_usage":[0,0,0,0,0,0,0,0,0,0,0,0,0,0,0,0,0,0,0,0,0,0,0,0,0,323348729216,0,0,0,0,0,0,0,0,0,0,0,0,0,0,0,0,0,0,0,0,0,0,0,0,0,0,0,0,0,0,0,0,0,0,0,0,0,0,0,0,0,0,0,0,0,0,0,0,0,0,0,0,0,0,0,0,0,0,0,0,0,0,0,0,0,0,0,0,0,0,0,0,0,0,0,0,0,0,0,0,0,0,0,0,0,0,0,0,0,0,0,0,0,0,0,0,0,0,0,0,0,0]}},"read":"2021-01-11T18:52:22.710110914Z"}