################################################################################
# PackageCompiler set-up: 2021-01-11T15:49:51.286
#

Julia Version 1.5.3
Commit 599f52c4c6 (2020-12-18 13:33 UTC)
Platform Info:
  OS: Linux (x86_64-linux-gnu)
  CPU: AMD EPYC 7502 32-Core Processor
  WORD_SIZE: 64
  LIBM: libopenlibm
  LLVM: libLLVM-9.0.1 (ORCJIT, znver2)
Environment:
  JULIA_PKGEVAL = true
  JULIA_PKG_PRECOMPILE_AUTO = 0



################################################################################
# Installation: 2021-01-11T15:49:53.018
#

 Installing known registries into `~/.julia`
############################                                              39.7%######################################################################## 100.0%
      Added registry `General` to `~/.julia/registries/General`
  Resolving package versions...
  Installed PlotThemes ───────── v0.4.0
  Installed Reexport ─────────── v0.2.0
  Installed CalculatedABC ────── v0.1.1
  Installed WoodburyMatrices ─── v0.5.3
  Installed Contour ──────────── v0.5.7
  Installed DataStructures ───── v0.17.20
  Installed StatsBase ────────── v0.32.2
  Installed PackageCompiler ──── v1.2.5
  Installed Requires ─────────── v0.5.2
  Installed Plots ────────────── v0.27.1
  Installed DataAPI ──────────── v1.4.0
  Installed FFMPEG ───────────── v0.2.4
  Installed Measures ─────────── v0.3.1
  Installed Ratios ───────────── v0.4.0
  Installed Colors ───────────── v0.11.2
  Installed ColorTypes ───────── v0.9.1
  Installed OrderedCollections ─ v1.3.2
  Installed StaticArrays ─────── v0.12.5
  Installed RecipesBase ──────── v0.7.0
  Installed Missings ─────────── v0.4.4
  Installed JSON ─────────────── v0.21.1
  Installed Grisu ────────────── v1.0.0
  Installed NaNMath ──────────── v0.3.5
  Installed AxisAlgorithms ───── v1.0.0
  Installed GeometryTypes ────── v0.7.10
  Installed PlotUtils ────────── v0.6.5
  Installed SortingAlgorithms ── v0.3.1
  Installed FixedPointNumbers ── v0.6.1
  Installed Adapt ────────────── v2.4.0
  Installed Showoff ──────────── v0.3.2
  Installed GR ───────────────── v0.44.0
  Installed OffsetArrays ─────── v1.5.0
  Installed BinaryProvider ───── v0.5.10
  Installed Interpolations ───── v0.12.10
  Installed Parsers ──────────── v1.0.15
Updating `~/.julia/environments/v1.5/Project.toml`
  [6c2f61f8] + CalculatedABC v0.1.1
  [9b87118b] + PackageCompiler v1.2.5
Updating `~/.julia/environments/v1.5/Manifest.toml`
  [79e6a3ab] + Adapt v2.4.0
  [13072b0f] + AxisAlgorithms v1.0.0
  [b99e7846] + BinaryProvider v0.5.10
  [6c2f61f8] + CalculatedABC v0.1.1
  [3da002f7] + ColorTypes v0.9.1
  [5ae59095] + Colors v0.11.2
  [d38c429a] + Contour v0.5.7
  [9a962f9c] + DataAPI v1.4.0
  [864edb3b] + DataStructures v0.17.20
  [c87230d0] + FFMPEG v0.2.4
  [53c48c17] + FixedPointNumbers v0.6.1
  [28b8d3ca] + GR v0.44.0
  [4d00f742] + GeometryTypes v0.7.10
  [42e2da0e] + Grisu v1.0.0
  [a98d9a8b] + Interpolations v0.12.10
  [682c06a0] + JSON v0.21.1
  [442fdcdd] + Measures v0.3.1
  [e1d29d7a] + Missings v0.4.4
  [77ba4419] + NaNMath v0.3.5
  [6fe1bfb0] + OffsetArrays v1.5.0
  [bac558e1] + OrderedCollections v1.3.2
  [9b87118b] + PackageCompiler v1.2.5
  [69de0a69] + Parsers v1.0.15
  [ccf2f8ad] + PlotThemes v0.4.0
  [995b91a9] + PlotUtils v0.6.5
  [91a5bcdd] + Plots v0.27.1
  [c84ed2f1] + Ratios v0.4.0
  [3cdcf5f2] + RecipesBase v0.7.0
  [189a3867] + Reexport v0.2.0
  [ae029012] + Requires v0.5.2
  [992d4aef] + Showoff v0.3.2
  [a2af1166] + SortingAlgorithms v0.3.1
  [90137ffa] + StaticArrays v0.12.5
  [2913bbd2] + StatsBase v0.32.2
  [efce3f68] + WoodburyMatrices v0.5.3
  [2a0f44e3] + Base64
  [ade2ca70] + Dates
  [8bb1440f] + DelimitedFiles
  [8ba89e20] + Distributed
  [b77e0a4c] + InteractiveUtils
  [76f85450] + LibGit2
  [8f399da3] + Libdl
  [37e2e46d] + LinearAlgebra
  [56ddb016] + Logging
  [d6f4376e] + Markdown
  [a63ad114] + Mmap
  [44cfe95a] + Pkg
  [de0858da] + Printf
  [3fa0cd96] + REPL
  [9a3f8284] + Random
  [ea8e919c] + SHA
  [9e88b42a] + Serialization
  [1a1011a3] + SharedArrays
  [6462fe0b] + Sockets
  [2f01184e] + SparseArrays
  [10745b16] + Statistics
  [8dfed614] + Test
  [cf7118a7] + UUIDs
  [4ec0a83e] + Unicode
   Building GR ────→ `~/.julia/packages/GR/oiZD3/deps/build.log`
   Building FFMPEG → `~/.julia/packages/FFMPEG/guN1x/deps/build.log`
   Building Plots ─→ `~/.julia/packages/Plots/WwFyB/deps/build.log`


################################################################################
# Compiling: 2021-01-11T15:50:29.862
#

┌ Warning: `@get!(dict, key, default)` at /home/pkgeval/.julia/packages/Requires/9Jse8/src/require.jl:11 is deprecated, use `get!(()->default, dict, key)` instead.
└ @ Base deprecated.jl:204
[ Info: PackageCompiler: creating system image object file, this might take a while...
Generated system image is 203.131 MiB, compilation took 314 seconds


################################################################################
# PkgEval set-up: 2021-01-11T15:55:52.135
#

Julia Version 1.5.3
Commit 599f52c4c6 (2020-12-18 13:33 UTC)
Platform Info:
  OS: Linux (x86_64-linux-gnu)
  CPU: AMD EPYC 7502 32-Core Processor
  WORD_SIZE: 64
  LIBM: libopenlibm
  LLVM: libLLVM-9.0.1 (ORCJIT, znver2)
Environment:
  JULIA_PKGEVAL = true
  JULIA_PKG_PRECOMPILE_AUTO = 0

Base.julia_cmd() = `/usr/local/julia/bin/julia -Cnative -J/cache/CalculatedABC-K3NZPj6f.so -g1`


################################################################################
# Installation: 2021-01-11T15:55:53.722
#

 Installing known registries into `~/.julia`
########                                                                  12.0%######################################################################## 100.0%
      Added registry `General` to `~/.julia/registries/General`
  Resolving package versions...
  Installed PlotThemes ───────── v0.4.0
  Installed CalculatedABC ────── v0.1.1
  Installed Reexport ─────────── v0.2.0
  Installed WoodburyMatrices ─── v0.5.3
  Installed Contour ──────────── v0.5.7
  Installed Plots ────────────── v0.27.1
  Installed Requires ─────────── v0.5.2
  Installed StatsBase ────────── v0.32.2
  Installed DataStructures ───── v0.17.20
  Installed FFMPEG ───────────── v0.2.4
  Installed DataAPI ──────────── v1.4.0
  Installed RecipesBase ──────── v0.7.0
  Installed Measures ─────────── v0.3.1
  Installed Ratios ───────────── v0.4.0
  Installed ColorTypes ───────── v0.9.1
  Installed OrderedCollections ─ v1.3.2
  Installed StaticArrays ─────── v0.12.5
  Installed Colors ───────────── v0.11.2
  Installed Grisu ────────────── v1.0.0
  Installed Missings ─────────── v0.4.4
  Installed NaNMath ──────────── v0.3.5
  Installed AxisAlgorithms ───── v1.0.0
  Installed JSON ─────────────── v0.21.1
  Installed GeometryTypes ────── v0.7.10
  Installed FixedPointNumbers ── v0.6.1
  Installed SortingAlgorithms ── v0.3.1
  Installed Adapt ────────────── v2.4.0
  Installed PlotUtils ────────── v0.6.5
  Installed GR ───────────────── v0.44.0
  Installed Showoff ──────────── v0.3.2
  Installed OffsetArrays ─────── v1.5.0
  Installed Interpolations ───── v0.12.10
  Installed Parsers ──────────── v1.0.15
  Installed BinaryProvider ───── v0.5.10
Updating `~/.julia/environments/v1.5/Project.toml`
  [6c2f61f8] + CalculatedABC v0.1.1
Updating `~/.julia/environments/v1.5/Manifest.toml`
  [79e6a3ab] + Adapt v2.4.0
  [13072b0f] + AxisAlgorithms v1.0.0
  [b99e7846] + BinaryProvider v0.5.10
  [6c2f61f8] + CalculatedABC v0.1.1
  [3da002f7] + ColorTypes v0.9.1
  [5ae59095] + Colors v0.11.2
  [d38c429a] + Contour v0.5.7
  [9a962f9c] + DataAPI v1.4.0
  [864edb3b] + DataStructures v0.17.20
  [c87230d0] + FFMPEG v0.2.4
  [53c48c17] + FixedPointNumbers v0.6.1
  [28b8d3ca] + GR v0.44.0
  [4d00f742] + GeometryTypes v0.7.10
  [42e2da0e] + Grisu v1.0.0
  [a98d9a8b] + Interpolations v0.12.10
  [682c06a0] + JSON v0.21.1
  [442fdcdd] + Measures v0.3.1
  [e1d29d7a] + Missings v0.4.4
  [77ba4419] + NaNMath v0.3.5
  [6fe1bfb0] + OffsetArrays v1.5.0
  [bac558e1] + OrderedCollections v1.3.2
  [69de0a69] + Parsers v1.0.15
  [ccf2f8ad] + PlotThemes v0.4.0
  [995b91a9] + PlotUtils v0.6.5
  [91a5bcdd] + Plots v0.27.1
  [c84ed2f1] + Ratios v0.4.0
  [3cdcf5f2] + RecipesBase v0.7.0
  [189a3867] + Reexport v0.2.0
  [ae029012] + Requires v0.5.2
  [992d4aef] + Showoff v0.3.2
  [a2af1166] + SortingAlgorithms v0.3.1
  [90137ffa] + StaticArrays v0.12.5
  [2913bbd2] + StatsBase v0.32.2
  [efce3f68] + WoodburyMatrices v0.5.3
  [2a0f44e3] + Base64
  [ade2ca70] + Dates
  [8bb1440f] + DelimitedFiles
  [8ba89e20] + Distributed
  [b77e0a4c] + InteractiveUtils
  [76f85450] + LibGit2
  [8f399da3] + Libdl
  [37e2e46d] + LinearAlgebra
  [56ddb016] + Logging
  [d6f4376e] + Markdown
  [a63ad114] + Mmap
  [44cfe95a] + Pkg
  [de0858da] + Printf
  [3fa0cd96] + REPL
  [9a3f8284] + Random
  [ea8e919c] + SHA
  [9e88b42a] + Serialization
  [1a1011a3] + SharedArrays
  [6462fe0b] + Sockets
  [2f01184e] + SparseArrays
  [10745b16] + Statistics
  [8dfed614] + Test
  [cf7118a7] + UUIDs
  [4ec0a83e] + Unicode
   Building GR ────→ `~/.julia/packages/GR/oiZD3/deps/build.log`
   Building FFMPEG → `~/.julia/packages/FFMPEG/guN1x/deps/build.log`
   Building Plots ─→ `~/.julia/packages/Plots/WwFyB/deps/build.log`


################################################################################
# Testing: 2021-01-11T15:56:43.215
#

    Testing CalculatedABC
Status `/tmp/jl_59DkNu/Project.toml`
  [6c2f61f8] CalculatedABC v0.1.1
  [31c24e10] Distributions v0.24.10
  [8bb1440f] DelimitedFiles
  [9a3f8284] Random
  [8dfed614] Test
Status `/tmp/jl_59DkNu/Manifest.toml`
  [79e6a3ab] Adapt v2.4.0
  [56f22d72] Artifacts v1.3.0
  [13072b0f] AxisAlgorithms v1.0.0
  [b99e7846] BinaryProvider v0.5.10
  [6c2f61f8] CalculatedABC v0.1.1
  [d360d2e6] ChainRulesCore v0.9.24
  [3da002f7] ColorTypes v0.9.1
  [5ae59095] Colors v0.11.2
  [e66e0078] CompilerSupportLibraries_jll v0.3.4+0
  [d38c429a] Contour v0.5.7
  [9a962f9c] DataAPI v1.4.0
  [864edb3b] DataStructures v0.17.20
  [31c24e10] Distributions v0.24.10
  [c87230d0] FFMPEG v0.2.4
  [1a297f60] FillArrays v0.10.2
  [53c48c17] FixedPointNumbers v0.6.1
  [28b8d3ca] GR v0.44.0
  [4d00f742] GeometryTypes v0.7.10
  [42e2da0e] Grisu v1.0.0
  [a98d9a8b] Interpolations v0.12.10
  [692b3bcd] JLLWrappers v1.2.0
  [682c06a0] JSON v0.21.1
  [442fdcdd] Measures v0.3.1
  [e1d29d7a] Missings v0.4.4
  [46d2c3a1] MuladdMacro v0.2.2
  [77ba4419] NaNMath v0.3.5
  [6fe1bfb0] OffsetArrays v1.5.0
  [efe28fd5] OpenSpecFun_jll v0.5.3+4
  [bac558e1] OrderedCollections v1.3.2
  [90014a1f] PDMats v0.10.1
  [69de0a69] Parsers v1.0.15
  [ccf2f8ad] PlotThemes v0.4.0
  [995b91a9] PlotUtils v0.6.5
  [91a5bcdd] Plots v0.27.1
  [1fd47b50] QuadGK v2.4.1
  [c84ed2f1] Ratios v0.4.0
  [3cdcf5f2] RecipesBase v0.7.0
  [189a3867] Reexport v0.2.0
  [ae029012] Requires v0.5.2
  [79098fc4] Rmath v0.6.1
  [f50d1b31] Rmath_jll v0.2.2+1
  [992d4aef] Showoff v0.3.2
  [a2af1166] SortingAlgorithms v0.3.1
  [276daf66] SpecialFunctions v1.2.1
  [90137ffa] StaticArrays v0.12.5
  [2913bbd2] StatsBase v0.32.2
  [4c63d2b9] StatsFuns v0.9.6
  [efce3f68] WoodburyMatrices v0.5.3
  [2a0f44e3] Base64
  [ade2ca70] Dates
  [8bb1440f] DelimitedFiles
  [8ba89e20] Distributed
  [b77e0a4c] InteractiveUtils
  [76f85450] LibGit2
  [8f399da3] Libdl
  [37e2e46d] LinearAlgebra
  [56ddb016] Logging
  [d6f4376e] Markdown
  [a63ad114] Mmap
  [44cfe95a] Pkg
  [de0858da] Printf
  [3fa0cd96] REPL
  [9a3f8284] Random
  [ea8e919c] SHA
  [9e88b42a] Serialization
  [1a1011a3] SharedArrays
  [6462fe0b] Sockets
  [2f01184e] SparseArrays
  [10745b16] Statistics
  [4607b0f0] SuiteSparse
  [8dfed614] Test
  [cf7118a7] UUIDs
  [4ec0a83e] Unicode
Test Summary: | Pass  Total
Curve struct  |    6      6
Test Summary:   | Pass  Total
Analysis struct |   35     35
Test Summary:    | Pass  Total
Gini coefficient |    4      4
    Testing CalculatedABC tests passed 

PkgEval succeeded


################################################################################
# PkgEval teardown: 2021-01-11T15:57:29.665
CPU usage: 91.84s (79.31s user, 12.62s kernel)

Network usage:
- eth0: 65.248 MiB received, 826.179 KiB sent

Raw statistics: {"blkio_stats":{"io_queue_recursive":[],"io_serviced_recursive":[{"major":259,"value":2,"op":"Read","minor":0},{"major":259,"value":31,"op":"Write","minor":0},{"major":259,"value":16,"op":"Sync","minor":0},{"major":259,"value":17,"op":"Async","minor":0},{"major":259,"value":0,"op":"Discard","minor":0},{"major":259,"value":33,"op":"Total","minor":0},{"major":253,"value":2,"op":"Read","minor":2},{"major":253,"value":31,"op":"Write","minor":2},{"major":253,"value":16,"op":"Sync","minor":2},{"major":253,"value":17,"op":"Async","minor":2},{"major":253,"value":0,"op":"Discard","minor":2},{"major":253,"value":33,"op":"Total","minor":2}],"io_time_recursive":[],"sectors_recursive":[],"io_service_bytes_recursive":[{"major":259,"value":8192,"op":"Read","minor":0},{"major":259,"value":151552,"op":"Write","minor":0},{"major":259,"value":65536,"op":"Sync","minor":0},{"major":259,"value":94208,"op":"Async","minor":0},{"major":259,"value":0,"op":"Discard","minor":0},{"major":259,"value":159744,"op":"Total","minor":0},{"major":253,"value":8192,"op":"Read","minor":2},{"major":253,"value":151552,"op":"Write","minor":2},{"major":253,"value":65536,"op":"Sync","minor":2},{"major":253,"value":94208,"op":"Async","minor":2},{"major":253,"value":0,"op":"Discard","minor":2},{"major":253,"value":159744,"op":"Total","minor":2}],"io_wait_time_recursive":[],"io_merged_recursive":[],"io_service_time_recursive":[]},"memory_stats":{"usage":610861056,"max_usage":1665208320,"stats":{"hierarchical_memory_limit":9223372036854771712,"pgmajfault":0,"total_rss":247230464,"inactive_file":135168,"inactive_anon":221945856,"total_pgfault":4316334,"total_cache":321998848,"total_rss_huge":0,"total_active_anon":346435584,"total_pgmajfault":0,"pgpgin":3348972,"rss_huge":0,"mapped_file":0,"total_inactive_file":135168,"dirty":675840,"total_unevictable":0,"total_dirty":675840,"writeback":0,"pgpgout":3210020,"hierarchical_memsw_limit":0,"cache":321998848,"active_file":946176,"pgfault":4316334,"total_mapped_file":0,"total_pgpgout":3210020,"total_writeback":0,"rss":247230464,"unevictable":0,"total_inactive_anon":221945856,"total_pgpgin":3348972,"active_anon":346435584,"total_active_file":946176},"limit":540965302272},"name":"/CalculatedABC-cZ6bC4So","networks":{"eth0":{"rx_bytes":68417501,"rx_packets":15407,"tx_packets":12002,"tx_bytes":846007,"tx_dropped":0,"rx_dropped":3,"tx_errors":0,"rx_errors":0}},"id":"e3b9de68aabe8da9fcd3be29dcda58790ffacd9af6a2216c1a7167c316ceed18","preread":"0001-01-01T00:00:00Z","storage_stats":{},"precpu_stats":{"throttling_data":{"throttled_periods":0,"throttled_time":0,"periods":0},"cpu_usage":{"usage_in_usermode":0,"usage_in_kernelmode":0,"total_usage":0}},"pids_stats":{"current":44},"num_procs":0,"cpu_stats":{"throttling_data":{"throttled_periods":0,"throttled_time":0,"periods":0},"system_cpu_usage":3419703354522419,"online_cpus":128,"cpu_usage":{"usage_in_usermode":79310000000,"usage_in_kernelmode":12620000000,"total_usage":91837853296,"percpu_usage":[0,0,0,0,0,0,0,0,0,0,0,0,0,0,0,0,0,0,0,0,0,0,91837093586,0,0,0,0,0,0,0,0,0,0,0,0,0,0,0,0,0,0,0,0,0,0,0,0,0,0,0,0,0,0,0,0,0,0,0,0,0,0,0,0,0,0,0,0,0,0,0,0,0,0,0,0,0,0,0,0,0,0,0,0,0,162100,525180,72430,0,0,0,0,0,0,0,0,0,0,0,0,0,0,0,0,0,0,0,0,0,0,0,0,0,0,0,0,0,0,0,0,0,0,0,0,0,0,0,0,0]}},"read":"2021-01-11T15:57:30.089011016Z"}