################################################################################
# PkgEval set-up: 2021-01-11T17:38:55.616
#

Julia Version 1.5.3
Commit 599f52c4c6 (2020-12-18 13:33 UTC)
Platform Info:
  OS: Linux (x86_64-linux-gnu)
  CPU: AMD EPYC 7502 32-Core Processor
  WORD_SIZE: 64
  LIBM: libopenlibm
  LLVM: libLLVM-9.0.1 (ORCJIT, znver2)
Environment:
  JULIA_PKG_PRECOMPILE_AUTO = 0
  JULIA_PKGEVAL = true

Base.julia_cmd() = `/opt/julia/bin/julia -Cnative -J/opt/julia/lib/julia/sys.so -g1`


################################################################################
# Installation: 2021-01-11T17:38:57.411
#

 Installing known registries into `~/.julia`
#############################################                             63.6%######################################################################## 100.0%
      Added registry `General` to `~/.julia/registries/General`
  Resolving package versions...
  Installed CamiXon ─ v0.1.2
Updating `~/.julia/environments/v1.5/Project.toml`
  [e90a53f3] + CamiXon v0.1.2
Updating `~/.julia/environments/v1.5/Manifest.toml`
  [e90a53f3] + CamiXon v0.1.2


################################################################################
# Testing: 2021-01-11T17:39:02.695
#

    Testing CamiXon
Status `/tmp/jl_lKtx2P/Project.toml`
  [e90a53f3] CamiXon v0.1.2
  [8dfed614] Test
Status `/tmp/jl_lKtx2P/Manifest.toml`
  [e90a53f3] CamiXon v0.1.2
  [2a0f44e3] Base64
  [8ba89e20] Distributed
  [b77e0a4c] InteractiveUtils
  [56ddb016] Logging
  [d6f4376e] Markdown
  [9a3f8284] Random
  [9e88b42a] Serialization
  [6462fe0b] Sockets
  [8dfed614] Test
Test Summary: | Pass  Total
CamiXon.jl    |    4      4
    Testing CamiXon tests passed 

PkgEval succeeded


################################################################################
# PkgEval teardown: 2021-01-11T17:39:06.696
CPU usage: 9.63s (7.16s user, 2.50s kernel)

Network usage:
- eth0: 2.545 MiB received, 30.615 KiB sent

Raw statistics: {"blkio_stats":{"io_queue_recursive":[],"io_serviced_recursive":[{"major":259,"value":0,"op":"Read","minor":0},{"major":259,"value":24,"op":"Write","minor":0},{"major":259,"value":19,"op":"Sync","minor":0},{"major":259,"value":5,"op":"Async","minor":0},{"major":259,"value":0,"op":"Discard","minor":0},{"major":259,"value":24,"op":"Total","minor":0},{"major":253,"value":0,"op":"Read","minor":2},{"major":253,"value":24,"op":"Write","minor":2},{"major":253,"value":19,"op":"Sync","minor":2},{"major":253,"value":5,"op":"Async","minor":2},{"major":253,"value":0,"op":"Discard","minor":2},{"major":253,"value":24,"op":"Total","minor":2}],"io_time_recursive":[],"sectors_recursive":[],"io_service_bytes_recursive":[{"major":259,"value":0,"op":"Read","minor":0},{"major":259,"value":126976,"op":"Write","minor":0},{"major":259,"value":106496,"op":"Sync","minor":0},{"major":259,"value":20480,"op":"Async","minor":0},{"major":259,"value":0,"op":"Discard","minor":0},{"major":259,"value":126976,"op":"Total","minor":0},{"major":253,"value":0,"op":"Read","minor":2},{"major":253,"value":126976,"op":"Write","minor":2},{"major":253,"value":106496,"op":"Sync","minor":2},{"major":253,"value":20480,"op":"Async","minor":2},{"major":253,"value":0,"op":"Discard","minor":2},{"major":253,"value":126976,"op":"Total","minor":2}],"io_wait_time_recursive":[],"io_merged_recursive":[],"io_service_time_recursive":[]},"memory_stats":{"usage":323690496,"max_usage":567738368,"stats":{"hierarchical_memory_limit":9223372036854771712,"pgmajfault":0,"total_rss":214921216,"inactive_file":135168,"inactive_anon":78802944,"total_pgfault":286869,"total_cache":79327232,"total_rss_huge":0,"total_active_anon":215457792,"total_pgmajfault":0,"pgpgin":183942,"rss_huge":0,"mapped_file":0,"total_inactive_file":135168,"dirty":270336,"total_unevictable":0,"total_dirty":270336,"writeback":135168,"pgpgout":112129,"hierarchical_memsw_limit":0,"cache":79327232,"active_file":135168,"pgfault":286869,"total_mapped_file":0,"total_pgpgout":112129,"total_writeback":135168,"rss":214921216,"unevictable":0,"total_inactive_anon":78802944,"total_pgpgin":183942,"active_anon":215457792,"total_active_file":135168},"limit":540965302272},"name":"/CamiXon-C028i3gr","networks":{"eth0":{"rx_bytes":2668849,"rx_packets":305,"tx_packets":309,"tx_bytes":31350,"tx_dropped":0,"rx_dropped":1,"tx_errors":0,"rx_errors":0}},"id":"2685de33c6506666742f7170da261501d500a19f748b16c2aae080c2ec699773","preread":"0001-01-01T00:00:00Z","storage_stats":{},"precpu_stats":{"throttling_data":{"throttled_periods":0,"throttled_time":0,"periods":0},"cpu_usage":{"usage_in_usermode":0,"usage_in_kernelmode":0,"total_usage":0}},"pids_stats":{"current":40},"num_procs":0,"cpu_stats":{"throttling_data":{"throttled_periods":0,"throttled_time":0,"periods":0},"system_cpu_usage":4198872634522419,"online_cpus":128,"cpu_usage":{"usage_in_usermode":7160000000,"usage_in_kernelmode":2500000000,"total_usage":9626387143,"percpu_usage":[0,0,0,0,0,0,0,0,0,0,0,0,0,0,0,0,0,0,0,0,0,0,0,0,0,0,0,0,0,0,0,0,0,0,0,0,0,0,0,0,0,0,0,0,0,0,0,0,0,0,0,0,0,0,0,0,9626383433,0,0,0,0,0,0,0,0,0,0,0,0,0,0,0,0,0,0,0,0,0,0,0,0,0,0,0,0,0,0,0,0,0,0,0,0,0,0,0,0,0,0,0,0,0,0,0,0,0,0,0,0,0,0,0,0,0,0,0,0,0,0,0,0,0,3710,0,0,0,0,0]}},"read":"2021-01-11T17:39:06.698852031Z"}