################################################################################
# PkgEval set-up: 2021-01-11T22:38:30.069
#

Julia Version 1.5.3
Commit 599f52c4c6 (2020-12-18 13:33 UTC)
Platform Info:
  OS: Linux (x86_64-linux-gnu)
  CPU: AMD EPYC 7502 32-Core Processor
  WORD_SIZE: 64
  LIBM: libopenlibm
  LLVM: libLLVM-9.0.1 (ORCJIT, znver2)
Environment:
  JULIA_PKG_PRECOMPILE_AUTO = 0
  JULIA_PKGEVAL = true

Base.julia_cmd() = `/opt/julia/bin/julia -Cnative -J/opt/julia/lib/julia/sys.so -g1`


################################################################################
# Installation: 2021-01-11T22:38:31.871
#

 Installing known registries into `~/.julia`
######################                                                    31.5%######################################################################## 100.0%
      Added registry `General` to `~/.julia/registries/General`
  Resolving package versions...
  Installed CausalityToolsBase ─────────── v1.0.0
  Installed CompilerSupportLibraries_jll ─ v0.3.4+0
  Installed ZygoteRules ────────────────── v0.2.1
  Installed CpuId ──────────────────────── v0.2.2
  Installed Zlib_jll ───────────────────── v1.2.11+18
  Installed Measurements ───────────────── v2.3.0
  Installed Reexport ───────────────────── v0.2.0
  Installed ChaosTools ─────────────────── v1.14.0
  Installed TimeZones ──────────────────── v1.5.3
  Installed WoodburyMatrices ───────────── v0.5.3
  Installed Rmath ──────────────────────── v0.6.1
  Installed CommonSubexpressions ───────── v0.3.0
  Installed Rmath_jll ──────────────────── v0.2.2+1
  Installed TableTraits ────────────────── v1.0.0
  Installed MuladdMacro ────────────────── v0.2.2
  Installed FFTW ───────────────────────── v1.3.1
  Installed Mocking ────────────────────── v0.7.1
  Installed MKL_jll ────────────────────── v2020.2.254+0
  Installed FillArrays ─────────────────── v0.8.14
  Installed Combinatorics ──────────────── v1.0.2
  Installed StatsBase ──────────────────── v0.32.2
  Installed DataStructures ─────────────── v0.17.20
  Installed Polynomials ────────────────── v1.2.0
  Installed Calculus ───────────────────── v0.5.1
  Installed Libiconv_jll ───────────────── v1.16.0+7
  Installed Requires ───────────────────── v1.1.2
  Installed FunctionWrappers ───────────── v1.1.1
  Installed QuadGK ─────────────────────── v2.4.1
  Installed LombScargle ────────────────── v0.5.1
  Installed EzXML ──────────────────────── v1.1.0
  Installed LoopVectorization ──────────── v0.8.26
  Installed DataAPI ────────────────────── v1.4.0
  Installed DiffRules ──────────────────── v1.0.2
  Installed DiffResults ────────────────── v1.0.3
  Installed Parameters ─────────────────── v0.12.1
  Installed TreeViews ──────────────────── v0.3.0
  Installed FFTW_jll ───────────────────── v3.3.9+7
  Installed Ratios ─────────────────────── v0.4.0
  Installed IterTools ──────────────────── v1.3.0
  Installed SIMDPirates ────────────────── v0.8.26
  Installed Roots ──────────────────────── v1.0.7
  Installed XML2_jll ───────────────────── v2.9.10+3
  Installed RecursiveArrayTools ────────── v2.10.0
  Installed OrderedCollections ─────────── v1.3.2
  Installed DSP ────────────────────────── v0.6.10
  Installed Intervals ──────────────────── v1.5.0
  Installed StaticArrays ───────────────── v0.12.5
  Installed DiffEqBase ─────────────────── v6.44.3
  Installed OpenBLAS_jll ───────────────── v0.3.9+5
  Installed Missings ───────────────────── v0.4.4
  Installed LoggingExtras ──────────────── v0.4.2
  Installed RecipesBase ────────────────── v1.1.1
  Installed VectorizationBase ──────────── v0.12.33
  Installed Neighborhood ───────────────── v0.2.2
  Installed MacroTools ─────────────────── v0.5.6
  Installed IntelOpenMP_jll ────────────── v2018.0.3+0
  Installed JLLWrappers ────────────────── v1.2.0
  Installed AxisAlgorithms ─────────────── v1.0.0
  Installed Distances ──────────────────── v0.8.2
  Installed NaNMath ────────────────────── v0.3.5
  Installed DelayEmbeddings ────────────── v1.9.0
  Installed AbstractFFTs ───────────────── v1.0.0
  Installed SimpleDiffEq ───────────────── v1.5.0
  Installed Distributions ──────────────── v0.22.6
  Installed Interpolations ─────────────── v0.12.10
  Installed ArrayInterface ─────────────── v2.14.13
  Installed PDMats ─────────────────────── v0.9.12
  Installed LeftChildRightSiblingTrees ─── v0.1.2
  Installed Arpack_jll ─────────────────── v3.5.0+3
  Installed NearestNeighbors ───────────── v0.4.4
  Installed StatsFuns ──────────────────── v0.9.6
  Installed ForwardDiff ────────────────── v0.10.14
  Installed OffsetArrays ───────────────── v1.3.1
  Installed IterativeSolvers ───────────── v0.8.5
  Installed ExprTools ──────────────────── v0.1.3
  Installed LabelledArrays ─────────────── v1.4.0
  Installed IteratorInterfaceExtensions ── v1.0.0
  Installed AbstractTrees ──────────────── v0.3.3
  Installed UnPack ─────────────────────── v1.0.2
  Installed SortingAlgorithms ──────────── v0.3.1
  Installed SpecialFunctions ───────────── v0.10.3
  Installed DynamicalSystemsBase ───────── v1.5.7
  Installed TerminalLoggers ────────────── v0.1.2
  Installed ChainRulesCore ─────────────── v0.9.24
  Installed Arpack ─────────────────────── v0.4.0
  Installed ProgressMeter ──────────────── v1.4.1
  Installed RecursiveFactorization ─────── v0.1.6
  Installed ProgressLogging ────────────── v0.1.3
  Installed DocStringExtensions ────────── v0.8.3
  Installed SLEEFPirates ───────────────── v0.5.5
  Installed OpenSpecFun_jll ────────────── v0.5.3+4
  Installed ConsoleProgressMonitor ─────── v0.1.2
  Installed Artifacts ──────────────────── v1.3.0
Updating `~/.julia/environments/v1.5/Project.toml`
  [b1f25513] + CausalityToolsBase v1.0.0
Updating `~/.julia/environments/v1.5/Manifest.toml`
  [621f4979] + AbstractFFTs v1.0.0
  [1520ce14] + AbstractTrees v0.3.3
  [7d9fca2a] + Arpack v0.4.0
  [68821587] + Arpack_jll v3.5.0+3
  [4fba245c] + ArrayInterface v2.14.13
  [56f22d72] + Artifacts v1.3.0
  [13072b0f] + AxisAlgorithms v1.0.0
  [49dc2e85] + Calculus v0.5.1
  [b1f25513] + CausalityToolsBase v1.0.0
  [d360d2e6] + ChainRulesCore v0.9.24
  [608a59af] + ChaosTools v1.14.0
  [861a8166] + Combinatorics v1.0.2
  [bbf7d656] + CommonSubexpressions v0.3.0
  [e66e0078] + CompilerSupportLibraries_jll v0.3.4+0
  [88cd18e8] + ConsoleProgressMonitor v0.1.2
  [adafc99b] + CpuId v0.2.2
  [717857b8] + DSP v0.6.10
  [9a962f9c] + DataAPI v1.4.0
  [864edb3b] + DataStructures v0.17.20
  [5732040d] + DelayEmbeddings v1.9.0
  [2b5f629d] + DiffEqBase v6.44.3
  [163ba53b] + DiffResults v1.0.3
  [b552c78f] + DiffRules v1.0.2
  [b4f34e82] + Distances v0.8.2
  [31c24e10] + Distributions v0.22.6
  [ffbed154] + DocStringExtensions v0.8.3
  [6e36e845] + DynamicalSystemsBase v1.5.7
  [e2ba6199] + ExprTools v0.1.3
  [8f5d6c58] + EzXML v1.1.0
  [7a1cc6ca] + FFTW v1.3.1
  [f5851436] + FFTW_jll v3.3.9+7
  [1a297f60] + FillArrays v0.8.14
  [f6369f11] + ForwardDiff v0.10.14
  [069b7b12] + FunctionWrappers v1.1.1
  [1d5cc7b8] + IntelOpenMP_jll v2018.0.3+0
  [a98d9a8b] + Interpolations v0.12.10
  [d8418881] + Intervals v1.5.0
  [c8e1da08] + IterTools v1.3.0
  [42fd0dbc] + IterativeSolvers v0.8.5
  [82899510] + IteratorInterfaceExtensions v1.0.0
  [692b3bcd] + JLLWrappers v1.2.0
  [2ee39098] + LabelledArrays v1.4.0
  [1d6d02ad] + LeftChildRightSiblingTrees v0.1.2
  [94ce4f54] + Libiconv_jll v1.16.0+7
  [e6f89c97] + LoggingExtras v0.4.2
  [fc60dff9] + LombScargle v0.5.1
  [bdcacae8] + LoopVectorization v0.8.26
  [856f044c] + MKL_jll v2020.2.254+0
  [1914dd2f] + MacroTools v0.5.6
  [eff96d63] + Measurements v2.3.0
  [e1d29d7a] + Missings v0.4.4
  [78c3b35d] + Mocking v0.7.1
  [46d2c3a1] + MuladdMacro v0.2.2
  [77ba4419] + NaNMath v0.3.5
  [b8a86587] + NearestNeighbors v0.4.4
  [645ca80c] + Neighborhood v0.2.2
  [6fe1bfb0] + OffsetArrays v1.3.1
  [4536629a] + OpenBLAS_jll v0.3.9+5
  [efe28fd5] + OpenSpecFun_jll v0.5.3+4
  [bac558e1] + OrderedCollections v1.3.2
  [90014a1f] + PDMats v0.9.12
  [d96e819e] + Parameters v0.12.1
  [f27b6e38] + Polynomials v1.2.0
  [33c8b6b6] + ProgressLogging v0.1.3
  [92933f4c] + ProgressMeter v1.4.1
  [1fd47b50] + QuadGK v2.4.1
  [c84ed2f1] + Ratios v0.4.0
  [3cdcf5f2] + RecipesBase v1.1.1
  [731186ca] + RecursiveArrayTools v2.10.0
  [f2c3362d] + RecursiveFactorization v0.1.6
  [189a3867] + Reexport v0.2.0
  [ae029012] + Requires v1.1.2
  [79098fc4] + Rmath v0.6.1
  [f50d1b31] + Rmath_jll v0.2.2+1
  [f2b01f46] + Roots v1.0.7
  [21efa798] + SIMDPirates v0.8.26
  [476501e8] + SLEEFPirates v0.5.5
  [05bca326] + SimpleDiffEq v1.5.0
  [a2af1166] + SortingAlgorithms v0.3.1
  [276daf66] + SpecialFunctions v0.10.3
  [90137ffa] + StaticArrays v0.12.5
  [2913bbd2] + StatsBase v0.32.2
  [4c63d2b9] + StatsFuns v0.9.6
  [3783bdb8] + TableTraits v1.0.0
  [5d786b92] + TerminalLoggers v0.1.2
  [f269a46b] + TimeZones v1.5.3
  [a2a6695c] + TreeViews v0.3.0
  [3a884ed6] + UnPack v1.0.2
  [3d5dd08c] + VectorizationBase v0.12.33
  [efce3f68] + WoodburyMatrices v0.5.3
  [02c8fc9c] + XML2_jll v2.9.10+3
  [83775a58] + Zlib_jll v1.2.11+18
  [700de1a5] + ZygoteRules v0.2.1
  [2a0f44e3] + Base64
  [ade2ca70] + Dates
  [8ba89e20] + Distributed
  [b77e0a4c] + InteractiveUtils
  [76f85450] + LibGit2
  [8f399da3] + Libdl
  [37e2e46d] + LinearAlgebra
  [56ddb016] + Logging
  [d6f4376e] + Markdown
  [a63ad114] + Mmap
  [44cfe95a] + Pkg
  [de0858da] + Printf
  [3fa0cd96] + REPL
  [9a3f8284] + Random
  [ea8e919c] + SHA
  [9e88b42a] + Serialization
  [1a1011a3] + SharedArrays
  [6462fe0b] + Sockets
  [2f01184e] + SparseArrays
  [10745b16] + Statistics
  [4607b0f0] + SuiteSparse
  [8dfed614] + Test
  [cf7118a7] + UUIDs
  [4ec0a83e] + Unicode
   Building TimeZones ───→ `~/.julia/packages/TimeZones/K98G0/deps/build.log`
   Building FFTW ────────→ `~/.julia/packages/FFTW/eADNB/deps/build.log`
   Building SLEEFPirates → `~/.julia/packages/SLEEFPirates/jGsib/deps/build.log`


################################################################################
# Testing: 2021-01-11T22:39:02.008
#

    Testing CausalityToolsBase
Status `/tmp/jl_ZcKtzR/Project.toml`
  [b1f25513] CausalityToolsBase v1.0.0
  [608a59af] ChaosTools v1.14.0
  [5732040d] DelayEmbeddings v1.9.0
  [b4f34e82] Distances v0.8.2
  [31c24e10] Distributions v0.22.6
  [a98d9a8b] Interpolations v0.12.10
  [b8a86587] NearestNeighbors v0.4.4
  [90137ffa] StaticArrays v0.12.5
  [10745b16] Statistics
  [8dfed614] Test
Status `/tmp/jl_ZcKtzR/Manifest.toml`
  [621f4979] AbstractFFTs v1.0.0
  [1520ce14] AbstractTrees v0.3.3
  [7d9fca2a] Arpack v0.4.0
  [68821587] Arpack_jll v3.5.0+3
  [4fba245c] ArrayInterface v2.14.13
  [56f22d72] Artifacts v1.3.0
  [13072b0f] AxisAlgorithms v1.0.0
  [49dc2e85] Calculus v0.5.1
  [b1f25513] CausalityToolsBase v1.0.0
  [d360d2e6] ChainRulesCore v0.9.24
  [608a59af] ChaosTools v1.14.0
  [861a8166] Combinatorics v1.0.2
  [bbf7d656] CommonSubexpressions v0.3.0
  [e66e0078] CompilerSupportLibraries_jll v0.3.4+0
  [88cd18e8] ConsoleProgressMonitor v0.1.2
  [adafc99b] CpuId v0.2.2
  [717857b8] DSP v0.6.10
  [9a962f9c] DataAPI v1.4.0
  [864edb3b] DataStructures v0.17.20
  [5732040d] DelayEmbeddings v1.9.0
  [2b5f629d] DiffEqBase v6.44.3
  [163ba53b] DiffResults v1.0.3
  [b552c78f] DiffRules v1.0.2
  [b4f34e82] Distances v0.8.2
  [31c24e10] Distributions v0.22.6
  [ffbed154] DocStringExtensions v0.8.3
  [6e36e845] DynamicalSystemsBase v1.5.7
  [e2ba6199] ExprTools v0.1.3
  [8f5d6c58] EzXML v1.1.0
  [7a1cc6ca] FFTW v1.3.1
  [f5851436] FFTW_jll v3.3.9+7
  [1a297f60] FillArrays v0.8.14
  [f6369f11] ForwardDiff v0.10.14
  [069b7b12] FunctionWrappers v1.1.1
  [1d5cc7b8] IntelOpenMP_jll v2018.0.3+0
  [a98d9a8b] Interpolations v0.12.10
  [d8418881] Intervals v1.5.0
  [c8e1da08] IterTools v1.3.0
  [42fd0dbc] IterativeSolvers v0.8.5
  [82899510] IteratorInterfaceExtensions v1.0.0
  [692b3bcd] JLLWrappers v1.2.0
  [2ee39098] LabelledArrays v1.4.0
  [1d6d02ad] LeftChildRightSiblingTrees v0.1.2
  [94ce4f54] Libiconv_jll v1.16.0+7
  [e6f89c97] LoggingExtras v0.4.2
  [fc60dff9] LombScargle v0.5.1
  [bdcacae8] LoopVectorization v0.8.26
  [856f044c] MKL_jll v2020.2.254+0
  [1914dd2f] MacroTools v0.5.6
  [eff96d63] Measurements v2.3.0
  [e1d29d7a] Missings v0.4.4
  [78c3b35d] Mocking v0.7.1
  [46d2c3a1] MuladdMacro v0.2.2
  [77ba4419] NaNMath v0.3.5
  [b8a86587] NearestNeighbors v0.4.4
  [645ca80c] Neighborhood v0.2.2
  [6fe1bfb0] OffsetArrays v1.3.1
  [4536629a] OpenBLAS_jll v0.3.9+5
  [efe28fd5] OpenSpecFun_jll v0.5.3+4
  [bac558e1] OrderedCollections v1.3.2
  [90014a1f] PDMats v0.9.12
  [d96e819e] Parameters v0.12.1
  [f27b6e38] Polynomials v1.2.0
  [33c8b6b6] ProgressLogging v0.1.3
  [92933f4c] ProgressMeter v1.4.1
  [1fd47b50] QuadGK v2.4.1
  [c84ed2f1] Ratios v0.4.0
  [3cdcf5f2] RecipesBase v1.1.1
  [731186ca] RecursiveArrayTools v2.10.0
  [f2c3362d] RecursiveFactorization v0.1.6
  [189a3867] Reexport v0.2.0
  [ae029012] Requires v1.1.2
  [79098fc4] Rmath v0.6.1
  [f50d1b31] Rmath_jll v0.2.2+1
  [f2b01f46] Roots v1.0.7
  [21efa798] SIMDPirates v0.8.26
  [476501e8] SLEEFPirates v0.5.5
  [05bca326] SimpleDiffEq v1.5.0
  [a2af1166] SortingAlgorithms v0.3.1
  [276daf66] SpecialFunctions v0.10.3
  [90137ffa] StaticArrays v0.12.5
  [2913bbd2] StatsBase v0.32.2
  [4c63d2b9] StatsFuns v0.9.6
  [3783bdb8] TableTraits v1.0.0
  [5d786b92] TerminalLoggers v0.1.2
  [f269a46b] TimeZones v1.5.3
  [a2a6695c] TreeViews v0.3.0
  [3a884ed6] UnPack v1.0.2
  [3d5dd08c] VectorizationBase v0.12.33
  [efce3f68] WoodburyMatrices v0.5.3
  [02c8fc9c] XML2_jll v2.9.10+3
  [83775a58] Zlib_jll v1.2.11+18
  [700de1a5] ZygoteRules v0.2.1
  [2a0f44e3] Base64
  [ade2ca70] Dates
  [8ba89e20] Distributed
  [b77e0a4c] InteractiveUtils
  [76f85450] LibGit2
  [8f399da3] Libdl
  [37e2e46d] LinearAlgebra
  [56ddb016] Logging
  [d6f4376e] Markdown
  [a63ad114] Mmap
  [44cfe95a] Pkg
  [de0858da] Printf
  [3fa0cd96] REPL
  [9a3f8284] Random
  [ea8e919c] SHA
  [9e88b42a] Serialization
  [1a1011a3] SharedArrays
  [6462fe0b] Sockets
  [2f01184e] SparseArrays
  [10745b16] Statistics
  [4607b0f0] SuiteSparse
  [8dfed614] Test
  [cf7118a7] UUIDs
  [4ec0a83e] Unicode
Test Summary:                                                                   | Pass  Total
Data-informed ranges are expanded properly when splitting axes into N intervals |    4      4
    Testing CausalityToolsBase tests passed 

PkgEval succeeded


################################################################################
# PkgEval teardown: 2021-01-11T22:42:59.923
CPU usage: 269.57s (251.72s user, 18.26s kernel)

Network usage:
- eth0: 18.597 MiB received, 493.926 KiB sent

Raw statistics: {"blkio_stats":{"io_queue_recursive":[],"io_serviced_recursive":[{"major":259,"value":0,"op":"Read","minor":0},{"major":259,"value":36,"op":"Write","minor":0},{"major":259,"value":19,"op":"Sync","minor":0},{"major":259,"value":17,"op":"Async","minor":0},{"major":259,"value":0,"op":"Discard","minor":0},{"major":259,"value":36,"op":"Total","minor":0},{"major":253,"value":0,"op":"Read","minor":2},{"major":253,"value":36,"op":"Write","minor":2},{"major":253,"value":19,"op":"Sync","minor":2},{"major":253,"value":17,"op":"Async","minor":2},{"major":253,"value":0,"op":"Discard","minor":2},{"major":253,"value":36,"op":"Total","minor":2}],"io_time_recursive":[],"sectors_recursive":[],"io_service_bytes_recursive":[{"major":259,"value":0,"op":"Read","minor":0},{"major":259,"value":208896,"op":"Write","minor":0},{"major":259,"value":106496,"op":"Sync","minor":0},{"major":259,"value":102400,"op":"Async","minor":0},{"major":259,"value":0,"op":"Discard","minor":0},{"major":259,"value":208896,"op":"Total","minor":0},{"major":253,"value":0,"op":"Read","minor":2},{"major":253,"value":208896,"op":"Write","minor":2},{"major":253,"value":106496,"op":"Sync","minor":2},{"major":253,"value":102400,"op":"Async","minor":2},{"major":253,"value":0,"op":"Discard","minor":2},{"major":253,"value":208896,"op":"Total","minor":2}],"io_wait_time_recursive":[],"io_merged_recursive":[],"io_service_time_recursive":[]},"memory_stats":{"usage":469504000,"max_usage":2026409984,"stats":{"hierarchical_memory_limit":9223372036854771712,"pgmajfault":0,"total_rss":277688320,"inactive_file":135168,"inactive_anon":115433472,"total_pgfault":7413549,"total_cache":157618176,"total_rss_huge":0,"total_active_anon":318726144,"total_pgmajfault":0,"pgpgin":4945677,"rss_huge":0,"mapped_file":0,"total_inactive_file":135168,"dirty":135168,"total_unevictable":0,"total_dirty":135168,"writeback":135168,"pgpgout":4839403,"hierarchical_memsw_limit":0,"cache":157618176,"active_file":1216512,"pgfault":7413549,"total_mapped_file":0,"total_pgpgout":4839403,"total_writeback":135168,"rss":277688320,"unevictable":0,"total_inactive_anon":115433472,"total_pgpgin":4945677,"active_anon":318726144,"total_active_file":1216512},"limit":540965302272},"name":"/CausalityToolsBase-euoZEal6","networks":{"eth0":{"rx_bytes":19500425,"rx_packets":3725,"tx_packets":4147,"tx_bytes":505780,"tx_dropped":0,"rx_dropped":9,"tx_errors":0,"rx_errors":0}},"id":"6883590d9184ddcdb86ff45ff5816e9d7139c22ac21cca65cf56b48f47a90fa8","preread":"0001-01-01T00:00:00Z","storage_stats":{},"precpu_stats":{"throttling_data":{"throttled_periods":0,"throttled_time":0,"periods":0},"cpu_usage":{"usage_in_usermode":0,"usage_in_kernelmode":0,"total_usage":0}},"pids_stats":{"current":40},"num_procs":0,"cpu_stats":{"throttling_data":{"throttled_periods":0,"throttled_time":0,"periods":0},"system_cpu_usage":6528790174522419,"online_cpus":128,"cpu_usage":{"usage_in_usermode":251720000000,"usage_in_kernelmode":18260000000,"total_usage":269574772376,"percpu_usage":[0,269572769944,0,901031,0,0,0,0,0,0,0,0,0,0,0,0,0,0,0,0,0,0,0,0,0,0,0,0,0,0,0,0,0,0,0,0,0,0,0,0,0,0,0,0,0,0,0,0,0,0,0,0,0,0,0,0,0,0,0,0,0,0,0,0,0,0,1101401,0,0,0,0,0,0,0,0,0,0,0,0,0,0,0,0,0,0,0,0,0,0,0,0,0,0,0,0,0,0,0,0,0,0,0,0,0,0,0,0,0,0,0,0,0,0,0,0,0,0,0,0,0,0,0,0,0,0,0,0,0]}},"read":"2021-01-11T22:42:59.934359096Z"}