################################################################################
# PkgEval set-up: 2021-01-11T22:49:56.293
#

Julia Version 1.5.3
Commit 599f52c4c6 (2020-12-18 13:33 UTC)
Platform Info:
  OS: Linux (x86_64-linux-gnu)
  CPU: AMD EPYC 7502 32-Core Processor
  WORD_SIZE: 64
  LIBM: libopenlibm
  LLVM: libLLVM-9.0.1 (ORCJIT, znver2)
Environment:
  JULIA_PKG_PRECOMPILE_AUTO = 0
  JULIA_PKGEVAL = true

Base.julia_cmd() = `/opt/julia/bin/julia -Cnative -J/opt/julia/lib/julia/sys.so -g1`


################################################################################
# Installation: 2021-01-11T22:49:58.101
#

 Installing known registries into `~/.julia`
#################################                                         46.6%######################################################################## 100.0%
      Added registry `General` to `~/.julia/registries/General`
  Resolving package versions...
  Installed IniFile ────────────────────── v0.5.0
  Installed ChooseOptimizer ────────────── v0.1.0
  Installed CompilerSupportLibraries_jll ─ v0.3.4+0
  Installed MbedTLS_jll ────────────────── v2.16.8+1
  Installed Zlib_jll ───────────────────── v1.2.11+18
  Installed JSONSchema ─────────────────── v0.3.3
  Installed Cgl_jll ────────────────────── v0.60.2+6
  Installed JuMP ───────────────────────── v0.21.5
  Installed MuladdMacro ────────────────── v0.2.2
  Installed CEnum ──────────────────────── v0.4.1
  Installed TranscodingStreams ─────────── v0.9.5
  Installed CommonSubexpressions ───────── v0.3.0
  Installed OpenBLAS32_jll ─────────────── v0.3.9+4
  Installed DataStructures ─────────────── v0.18.8
  Installed Clp_jll ────────────────────── v1.17.6+7
  Installed Calculus ───────────────────── v0.5.1
  Installed Bzip2_jll ──────────────────── v1.0.6+5
  Installed DiffRules ──────────────────── v1.0.2
  Installed MbedTLS ────────────────────── v1.0.3
  Installed DiffResults ────────────────── v1.0.3
  Installed Cbc_jll ────────────────────── v2.10.3+5
  Installed HTTP ───────────────────────── v0.9.2
  Installed Osi_jll ────────────────────── v0.108.5+4
  Installed BenchmarkTools ─────────────── v0.5.0
  Installed CoinUtils_jll ──────────────── v2.11.3+4
  Installed CodecZlib ──────────────────── v0.7.0
  Installed OrderedCollections ─────────── v1.3.2
  Installed MacroTools ─────────────────── v0.5.6
  Installed StaticArrays ───────────────── v1.0.1
  Installed JSON ───────────────────────── v0.21.1
  Installed JLLWrappers ────────────────── v1.2.0
  Installed MathOptInterface ───────────── v0.9.19
  Installed NaNMath ────────────────────── v0.3.5
  Installed ZipFile ────────────────────── v0.9.3
  Installed MutableArithmetics ─────────── v0.2.13
  Installed URIs ───────────────────────── v1.1.0
  Installed CodecBzip2 ─────────────────── v0.7.2
  Installed ForwardDiff ────────────────── v0.10.14
  Installed SpecialFunctions ───────────── v1.2.1
  Installed Compat ─────────────────────── v3.25.0
  Installed OpenSpecFun_jll ────────────── v0.5.3+4
  Installed BinaryProvider ─────────────── v0.5.10
  Installed Cbc ────────────────────────── v0.7.1
  Installed Parsers ────────────────────── v1.0.15
  Installed Artifacts ──────────────────── v1.3.0
  Installed ChainRulesCore ─────────────── v0.9.24
Updating `~/.julia/environments/v1.5/Project.toml`
  [858a232f] + ChooseOptimizer v0.1.0
Updating `~/.julia/environments/v1.5/Manifest.toml`
  [56f22d72] + Artifacts v1.3.0
  [6e4b80f9] + BenchmarkTools v0.5.0
  [b99e7846] + BinaryProvider v0.5.10
  [6e34b625] + Bzip2_jll v1.0.6+5
  [fa961155] + CEnum v0.4.1
  [49dc2e85] + Calculus v0.5.1
  [9961bab8] + Cbc v0.7.1
  [38041ee0] + Cbc_jll v2.10.3+5
  [3830e938] + Cgl_jll v0.60.2+6
  [d360d2e6] + ChainRulesCore v0.9.24
  [858a232f] + ChooseOptimizer v0.1.0
  [06985876] + Clp_jll v1.17.6+7
  [523fee87] + CodecBzip2 v0.7.2
  [944b1d66] + CodecZlib v0.7.0
  [be027038] + CoinUtils_jll v2.11.3+4
  [bbf7d656] + CommonSubexpressions v0.3.0
  [34da2185] + Compat v3.25.0
  [e66e0078] + CompilerSupportLibraries_jll v0.3.4+0
  [864edb3b] + DataStructures v0.18.8
  [163ba53b] + DiffResults v1.0.3
  [b552c78f] + DiffRules v1.0.2
  [f6369f11] + ForwardDiff v0.10.14
  [cd3eb016] + HTTP v0.9.2
  [83e8ac13] + IniFile v0.5.0
  [692b3bcd] + JLLWrappers v1.2.0
  [682c06a0] + JSON v0.21.1
  [7d188eb4] + JSONSchema v0.3.3
  [4076af6c] + JuMP v0.21.5
  [1914dd2f] + MacroTools v0.5.6
  [b8f27783] + MathOptInterface v0.9.19
  [739be429] + MbedTLS v1.0.3
  [c8ffd9c3] + MbedTLS_jll v2.16.8+1
  [46d2c3a1] + MuladdMacro v0.2.2
  [d8a4904e] + MutableArithmetics v0.2.13
  [77ba4419] + NaNMath v0.3.5
  [656ef2d0] + OpenBLAS32_jll v0.3.9+4
  [efe28fd5] + OpenSpecFun_jll v0.5.3+4
  [bac558e1] + OrderedCollections v1.3.2
  [7da25872] + Osi_jll v0.108.5+4
  [69de0a69] + Parsers v1.0.15
  [276daf66] + SpecialFunctions v1.2.1
  [90137ffa] + StaticArrays v1.0.1
  [3bb67fe8] + TranscodingStreams v0.9.5
  [5c2747f8] + URIs v1.1.0
  [a5390f91] + ZipFile v0.9.3
  [83775a58] + Zlib_jll v1.2.11+18
  [2a0f44e3] + Base64
  [ade2ca70] + Dates
  [8bb1440f] + DelimitedFiles
  [8ba89e20] + Distributed
  [b77e0a4c] + InteractiveUtils
  [76f85450] + LibGit2
  [8f399da3] + Libdl
  [37e2e46d] + LinearAlgebra
  [56ddb016] + Logging
  [d6f4376e] + Markdown
  [a63ad114] + Mmap
  [44cfe95a] + Pkg
  [de0858da] + Printf
  [3fa0cd96] + REPL
  [9a3f8284] + Random
  [ea8e919c] + SHA
  [9e88b42a] + Serialization
  [1a1011a3] + SharedArrays
  [6462fe0b] + Sockets
  [2f01184e] + SparseArrays
  [10745b16] + Statistics
  [8dfed614] + Test
  [cf7118a7] + UUIDs
  [4ec0a83e] + Unicode
   Building Cbc → `~/.julia/packages/Cbc/8ANWi/deps/build.log`


################################################################################
# Testing: 2021-01-11T22:50:07.437
#

    Testing ChooseOptimizer
Status `/tmp/jl_nVx88Q/Project.toml`
  [9961bab8] Cbc v0.7.1
  [858a232f] ChooseOptimizer v0.1.0
  [4076af6c] JuMP v0.21.5
  [8dfed614] Test
Status `/tmp/jl_nVx88Q/Manifest.toml`
  [56f22d72] Artifacts v1.3.0
  [6e4b80f9] BenchmarkTools v0.5.0
  [b99e7846] BinaryProvider v0.5.10
  [6e34b625] Bzip2_jll v1.0.6+5
  [fa961155] CEnum v0.4.1
  [49dc2e85] Calculus v0.5.1
  [9961bab8] Cbc v0.7.1
  [38041ee0] Cbc_jll v2.10.3+5
  [3830e938] Cgl_jll v0.60.2+6
  [d360d2e6] ChainRulesCore v0.9.24
  [858a232f] ChooseOptimizer v0.1.0
  [06985876] Clp_jll v1.17.6+7
  [523fee87] CodecBzip2 v0.7.2
  [944b1d66] CodecZlib v0.7.0
  [be027038] CoinUtils_jll v2.11.3+4
  [bbf7d656] CommonSubexpressions v0.3.0
  [34da2185] Compat v3.25.0
  [e66e0078] CompilerSupportLibraries_jll v0.3.4+0
  [864edb3b] DataStructures v0.18.8
  [163ba53b] DiffResults v1.0.3
  [b552c78f] DiffRules v1.0.2
  [f6369f11] ForwardDiff v0.10.14
  [cd3eb016] HTTP v0.9.2
  [83e8ac13] IniFile v0.5.0
  [692b3bcd] JLLWrappers v1.2.0
  [682c06a0] JSON v0.21.1
  [7d188eb4] JSONSchema v0.3.3
  [4076af6c] JuMP v0.21.5
  [1914dd2f] MacroTools v0.5.6
  [b8f27783] MathOptInterface v0.9.19
  [739be429] MbedTLS v1.0.3
  [c8ffd9c3] MbedTLS_jll v2.16.8+1
  [46d2c3a1] MuladdMacro v0.2.2
  [d8a4904e] MutableArithmetics v0.2.13
  [77ba4419] NaNMath v0.3.5
  [656ef2d0] OpenBLAS32_jll v0.3.9+4
  [efe28fd5] OpenSpecFun_jll v0.5.3+4
  [bac558e1] OrderedCollections v1.3.2
  [7da25872] Osi_jll v0.108.5+4
  [69de0a69] Parsers v1.0.15
  [276daf66] SpecialFunctions v1.2.1
  [90137ffa] StaticArrays v1.0.1
  [3bb67fe8] TranscodingStreams v0.9.5
  [5c2747f8] URIs v1.1.0
  [a5390f91] ZipFile v0.9.3
  [83775a58] Zlib_jll v1.2.11+18
  [2a0f44e3] Base64
  [ade2ca70] Dates
  [8bb1440f] DelimitedFiles
  [8ba89e20] Distributed
  [b77e0a4c] InteractiveUtils
  [76f85450] LibGit2
  [8f399da3] Libdl
  [37e2e46d] LinearAlgebra
  [56ddb016] Logging
  [d6f4376e] Markdown
  [a63ad114] Mmap
  [44cfe95a] Pkg
  [de0858da] Printf
  [3fa0cd96] REPL
  [9a3f8284] Random
  [ea8e919c] SHA
  [9e88b42a] Serialization
  [1a1011a3] SharedArrays
  [6462fe0b] Sockets
  [2f01184e] SparseArrays
  [10745b16] Statistics
  [8dfed614] Test
  [cf7118a7] UUIDs
  [4ec0a83e] Unicode
    Testing ChooseOptimizer tests passed 

PkgEval succeeded


################################################################################
# PkgEval teardown: 2021-01-11T22:52:24.027
CPU usage: 147.01s (136.99s user, 10.28s kernel)

Network usage:
- eth0: 6.215 MiB received, 250.398 KiB sent

Raw statistics: {"blkio_stats":{"io_queue_recursive":[],"io_serviced_recursive":[{"major":259,"value":0,"op":"Read","minor":0},{"major":259,"value":28,"op":"Write","minor":0},{"major":259,"value":19,"op":"Sync","minor":0},{"major":259,"value":9,"op":"Async","minor":0},{"major":259,"value":0,"op":"Discard","minor":0},{"major":259,"value":28,"op":"Total","minor":0},{"major":253,"value":0,"op":"Read","minor":2},{"major":253,"value":28,"op":"Write","minor":2},{"major":253,"value":19,"op":"Sync","minor":2},{"major":253,"value":9,"op":"Async","minor":2},{"major":253,"value":0,"op":"Discard","minor":2},{"major":253,"value":28,"op":"Total","minor":2}],"io_time_recursive":[],"sectors_recursive":[],"io_service_bytes_recursive":[{"major":259,"value":0,"op":"Read","minor":0},{"major":259,"value":167936,"op":"Write","minor":0},{"major":259,"value":106496,"op":"Sync","minor":0},{"major":259,"value":61440,"op":"Async","minor":0},{"major":259,"value":0,"op":"Discard","minor":0},{"major":259,"value":167936,"op":"Total","minor":0},{"major":253,"value":0,"op":"Read","minor":2},{"major":253,"value":167936,"op":"Write","minor":2},{"major":253,"value":106496,"op":"Sync","minor":2},{"major":253,"value":61440,"op":"Async","minor":2},{"major":253,"value":0,"op":"Discard","minor":2},{"major":253,"value":167936,"op":"Total","minor":2}],"io_wait_time_recursive":[],"io_merged_recursive":[],"io_service_time_recursive":[]},"memory_stats":{"usage":349978624,"max_usage":1641398272,"stats":{"hierarchical_memory_limit":9223372036854771712,"pgmajfault":0,"total_rss":197611520,"inactive_file":135168,"inactive_anon":90697728,"total_pgfault":3928452,"total_cache":120385536,"total_rss_huge":0,"total_active_anon":227352576,"total_pgmajfault":0,"pgpgin":2600367,"rss_huge":0,"mapped_file":0,"total_inactive_file":135168,"dirty":135168,"total_unevictable":0,"total_dirty":135168,"writeback":0,"pgpgout":2522719,"hierarchical_memsw_limit":0,"cache":120385536,"active_file":135168,"pgfault":3928452,"total_mapped_file":0,"total_pgpgout":2522719,"total_writeback":0,"rss":197611520,"unevictable":0,"total_inactive_anon":90697728,"total_pgpgin":2600367,"active_anon":227352576,"total_active_file":135168},"limit":540965302272},"name":"/ChooseOptimizer-rTI3IXDF","networks":{"eth0":{"rx_bytes":6517107,"rx_packets":1989,"tx_packets":2082,"tx_bytes":256408,"tx_dropped":0,"rx_dropped":5,"tx_errors":0,"rx_errors":0}},"id":"1feceb6b4d0b0a0cab37fd2761ae9aa00ada1c0643088746f1a6956838faa5cd","preread":"0001-01-01T00:00:00Z","storage_stats":{},"precpu_stats":{"throttling_data":{"throttled_periods":0,"throttled_time":0,"periods":0},"cpu_usage":{"usage_in_usermode":0,"usage_in_kernelmode":0,"total_usage":0}},"pids_stats":{"current":40},"num_procs":0,"cpu_stats":{"throttling_data":{"throttled_periods":0,"throttled_time":0,"periods":0},"system_cpu_usage":6600948264522419,"online_cpus":128,"cpu_usage":{"usage_in_usermode":136990000000,"usage_in_kernelmode":10280000000,"total_usage":147006415500,"percpu_usage":[0,0,0,0,0,0,0,0,0,0,0,0,0,0,0,0,0,0,0,0,0,0,0,0,0,0,0,0,0,0,0,0,0,0,0,0,0,147005258770,0,0,0,0,0,0,0,0,0,0,0,0,0,0,0,0,0,0,0,0,0,0,0,0,0,0,0,0,0,0,0,0,0,0,0,0,0,0,0,0,0,0,0,0,0,0,0,0,0,0,0,0,0,0,0,0,0,0,0,0,0,0,0,0,1156730,0,0,0,0,0,0,0,0,0,0,0,0,0,0,0,0,0,0,0,0,0,0,0,0,0]}},"read":"2021-01-11T22:52:24.984899324Z"}