################################################################################
# PackageCompiler set-up: 2021-01-11T15:46:25.132
#

Julia Version 1.5.3
Commit 599f52c4c6 (2020-12-18 13:33 UTC)
Platform Info:
  OS: Linux (x86_64-linux-gnu)
  CPU: AMD EPYC 7502 32-Core Processor
  WORD_SIZE: 64
  LIBM: libopenlibm
  LLVM: libLLVM-9.0.1 (ORCJIT, znver2)
Environment:
  JULIA_PKGEVAL = true
  JULIA_PKG_PRECOMPILE_AUTO = 0



################################################################################
# Installation: 2021-01-11T15:46:26.877
#

 Installing known registries into `~/.julia`
########################                                                  34.7%######################################################################## 100.0%
      Added registry `General` to `~/.julia/registries/General`
  Resolving package versions...
  Installed ChordalGraph ─────── v0.1.0
  Installed Compat ───────────── v3.25.0
  Installed SimpleTraits ─────── v0.9.3
  Installed Inflate ──────────── v0.1.2
  Installed MacroTools ───────── v0.5.6
  Installed ArnoldiMethod ────── v0.0.4
  Installed StaticArrays ─────── v0.12.5
  Installed LightGraphs ──────── v1.3.4
  Installed PackageCompiler ──── v1.2.5
  Installed OrderedCollections ─ v1.3.2
  Installed DataStructures ───── v0.18.8
Updating `~/.julia/environments/v1.5/Project.toml`
  [60fd0770] + ChordalGraph v0.1.0
  [9b87118b] + PackageCompiler v1.2.5
Updating `~/.julia/environments/v1.5/Manifest.toml`
  [ec485272] + ArnoldiMethod v0.0.4
  [60fd0770] + ChordalGraph v0.1.0
  [34da2185] + Compat v3.25.0
  [864edb3b] + DataStructures v0.18.8
  [d25df0c9] + Inflate v0.1.2
  [093fc24a] + LightGraphs v1.3.4
  [1914dd2f] + MacroTools v0.5.6
  [bac558e1] + OrderedCollections v1.3.2
  [9b87118b] + PackageCompiler v1.2.5
  [699a6c99] + SimpleTraits v0.9.3
  [90137ffa] + StaticArrays v0.12.5
  [2a0f44e3] + Base64
  [ade2ca70] + Dates
  [8bb1440f] + DelimitedFiles
  [8ba89e20] + Distributed
  [b77e0a4c] + InteractiveUtils
  [76f85450] + LibGit2
  [8f399da3] + Libdl
  [37e2e46d] + LinearAlgebra
  [56ddb016] + Logging
  [d6f4376e] + Markdown
  [a63ad114] + Mmap
  [44cfe95a] + Pkg
  [de0858da] + Printf
  [3fa0cd96] + REPL
  [9a3f8284] + Random
  [ea8e919c] + SHA
  [9e88b42a] + Serialization
  [1a1011a3] + SharedArrays
  [6462fe0b] + Sockets
  [2f01184e] + SparseArrays
  [10745b16] + Statistics
  [8dfed614] + Test
  [cf7118a7] + UUIDs
  [4ec0a83e] + Unicode


################################################################################
# Compiling: 2021-01-11T15:46:32.438
#

[ Info: PackageCompiler: creating system image object file, this might take a while...
Generated system image is 161.021 MiB, compilation took 200 seconds


################################################################################
# PkgEval set-up: 2021-01-11T15:49:59.946
#

Julia Version 1.5.3
Commit 599f52c4c6 (2020-12-18 13:33 UTC)
Platform Info:
  OS: Linux (x86_64-linux-gnu)
  CPU: AMD EPYC 7502 32-Core Processor
  WORD_SIZE: 64
  LIBM: libopenlibm
  LLVM: libLLVM-9.0.1 (ORCJIT, znver2)
Environment:
  JULIA_PKGEVAL = true
  JULIA_PKG_PRECOMPILE_AUTO = 0

Base.julia_cmd() = `/usr/local/julia/bin/julia -Cnative -J/cache/ChordalGraph-PbYffpK9.so -g1`


################################################################################
# Installation: 2021-01-11T15:50:01.545
#

 Installing known registries into `~/.julia`
######################################################################## 100.0%
      Added registry `General` to `~/.julia/registries/General`
  Resolving package versions...
  Installed ChordalGraph ─────── v0.1.0
  Installed Compat ───────────── v3.25.0
  Installed SimpleTraits ─────── v0.9.3
  Installed Inflate ──────────── v0.1.2
  Installed MacroTools ───────── v0.5.6
  Installed ArnoldiMethod ────── v0.0.4
  Installed LightGraphs ──────── v1.3.4
  Installed OrderedCollections ─ v1.3.2
  Installed StaticArrays ─────── v0.12.5
  Installed DataStructures ───── v0.18.8
Updating `~/.julia/environments/v1.5/Project.toml`
  [60fd0770] + ChordalGraph v0.1.0
Updating `~/.julia/environments/v1.5/Manifest.toml`
  [ec485272] + ArnoldiMethod v0.0.4
  [60fd0770] + ChordalGraph v0.1.0
  [34da2185] + Compat v3.25.0
  [864edb3b] + DataStructures v0.18.8
  [d25df0c9] + Inflate v0.1.2
  [093fc24a] + LightGraphs v1.3.4
  [1914dd2f] + MacroTools v0.5.6
  [bac558e1] + OrderedCollections v1.3.2
  [699a6c99] + SimpleTraits v0.9.3
  [90137ffa] + StaticArrays v0.12.5
  [2a0f44e3] + Base64
  [ade2ca70] + Dates
  [8bb1440f] + DelimitedFiles
  [8ba89e20] + Distributed
  [b77e0a4c] + InteractiveUtils
  [76f85450] + LibGit2
  [8f399da3] + Libdl
  [37e2e46d] + LinearAlgebra
  [56ddb016] + Logging
  [d6f4376e] + Markdown
  [a63ad114] + Mmap
  [44cfe95a] + Pkg
  [de0858da] + Printf
  [3fa0cd96] + REPL
  [9a3f8284] + Random
  [ea8e919c] + SHA
  [9e88b42a] + Serialization
  [1a1011a3] + SharedArrays
  [6462fe0b] + Sockets
  [2f01184e] + SparseArrays
  [10745b16] + Statistics
  [8dfed614] + Test
  [cf7118a7] + UUIDs
  [4ec0a83e] + Unicode


################################################################################
# Testing: 2021-01-11T15:50:06.639
#


PkgEval failed: Package ChordalGraph did not provide a `test/runtests.jl` file
Stacktrace:
 [1] pkgerror(::String, ::Vararg{String,N} where N) at /workspace/srcdir/usr/share/julia/stdlib/v1.5/Pkg/src/Types.jl:52
 [2] test(::Pkg.Types.Context, ::Array{Pkg.Types.PackageSpec,1}; coverage::Bool, julia_args::Cmd, test_args::Cmd, test_fn::Nothing) at /workspace/srcdir/usr/share/julia/stdlib/v1.5/Pkg/src/Operations.jl:1536
 [3] test(::Pkg.Types.Context, ::Array{Pkg.Types.PackageSpec,1}; coverage::Bool, test_fn::Nothing, julia_args::Cmd, test_args::Cmd, kwargs::Base.Iterators.Pairs{Union{},Union{},Tuple{},NamedTuple{(),Tuple{}}}) at /workspace/srcdir/usr/share/julia/stdlib/v1.5/Pkg/src/API.jl:327
 [4] test(::Pkg.Types.Context, ::Array{Pkg.Types.PackageSpec,1}) at /workspace/srcdir/usr/share/julia/stdlib/v1.5/Pkg/src/API.jl:314
 [5] #test#61 at /workspace/srcdir/usr/share/julia/stdlib/v1.5/Pkg/src/API.jl:67 [inlined]
 [6] test at /workspace/srcdir/usr/share/julia/stdlib/v1.5/Pkg/src/API.jl:67 [inlined]
 [7] #test#60 at /workspace/srcdir/usr/share/julia/stdlib/v1.5/Pkg/src/API.jl:66 [inlined]
 [8] test at /workspace/srcdir/usr/share/julia/stdlib/v1.5/Pkg/src/API.jl:66 [inlined]
 [9] test(::String; kwargs::Base.Iterators.Pairs{Union{},Union{},Tuple{},NamedTuple{(),Tuple{}}}) at /workspace/srcdir/usr/share/julia/stdlib/v1.5/Pkg/src/API.jl:65
 [10] test(::String) at /workspace/srcdir/usr/share/julia/stdlib/v1.5/Pkg/src/API.jl:65
 [11] top-level scope at none:22
 [12] eval at ./boot.jl:331 [inlined]
 [13] eval(::Expr) at ./client.jl:467
 [14] top-level scope at none:1
 [15] eval(::Module, ::Any) at ./boot.jl:331
 [16] exec_options(::Base.JLOptions) at ./client.jl:272
 [17] _start() at ./client.jl:506


################################################################################
# PkgEval teardown: 2021-01-11T15:50:08.803
CPU usage: 9.05s (6.52s user, 2.57s kernel)

Network usage:
- eth0: 3.238 MiB received, 73.063 KiB sent

Raw statistics: {"blkio_stats":{"io_queue_recursive":[],"io_serviced_recursive":[{"major":259,"value":0,"op":"Read","minor":0},{"major":259,"value":15,"op":"Write","minor":0},{"major":259,"value":14,"op":"Sync","minor":0},{"major":259,"value":1,"op":"Async","minor":0},{"major":259,"value":0,"op":"Discard","minor":0},{"major":259,"value":15,"op":"Total","minor":0},{"major":253,"value":0,"op":"Read","minor":2},{"major":253,"value":15,"op":"Write","minor":2},{"major":253,"value":14,"op":"Sync","minor":2},{"major":253,"value":1,"op":"Async","minor":2},{"major":253,"value":0,"op":"Discard","minor":2},{"major":253,"value":15,"op":"Total","minor":2}],"io_time_recursive":[],"sectors_recursive":[],"io_service_bytes_recursive":[{"major":259,"value":0,"op":"Read","minor":0},{"major":259,"value":61440,"op":"Write","minor":0},{"major":259,"value":57344,"op":"Sync","minor":0},{"major":259,"value":4096,"op":"Async","minor":0},{"major":259,"value":0,"op":"Discard","minor":0},{"major":259,"value":61440,"op":"Total","minor":0},{"major":253,"value":0,"op":"Read","minor":2},{"major":253,"value":61440,"op":"Write","minor":2},{"major":253,"value":57344,"op":"Sync","minor":2},{"major":253,"value":4096,"op":"Async","minor":2},{"major":253,"value":0,"op":"Discard","minor":2},{"major":253,"value":61440,"op":"Total","minor":2}],"io_wait_time_recursive":[],"io_merged_recursive":[],"io_service_time_recursive":[]},"memory_stats":{"usage":373415936,"max_usage":442765312,"stats":{"hierarchical_memory_limit":9223372036854771712,"pgmajfault":0,"total_rss":256077824,"inactive_file":135168,"inactive_anon":82857984,"total_pgfault":181632,"total_cache":86519808,"total_rss_huge":0,"total_active_anon":256954368,"total_pgmajfault":0,"pgpgin":141504,"rss_huge":0,"mapped_file":0,"total_inactive_file":135168,"dirty":135168,"total_unevictable":0,"total_dirty":135168,"writeback":0,"pgpgout":57886,"hierarchical_memsw_limit":0,"cache":86519808,"active_file":2838528,"pgfault":181632,"total_mapped_file":0,"total_pgpgout":57886,"total_writeback":0,"rss":256077824,"unevictable":0,"total_inactive_anon":82857984,"total_pgpgin":141504,"active_anon":256954368,"total_active_file":2838528},"limit":540965302272},"name":"/ChordalGraph-Y0lGFtSy","networks":{"eth0":{"rx_bytes":3395739,"rx_packets":607,"tx_packets":661,"tx_bytes":74817,"tx_dropped":0,"rx_dropped":1,"tx_errors":0,"rx_errors":0}},"id":"c11cd71f0265b91ebd3222e3902091ab50275842ef09288671d50657a3ed3b74","preread":"0001-01-01T00:00:00Z","storage_stats":{},"precpu_stats":{"throttling_data":{"throttled_periods":0,"throttled_time":0,"periods":0},"cpu_usage":{"usage_in_usermode":0,"usage_in_kernelmode":0,"total_usage":0}},"pids_stats":{"current":44},"num_procs":0,"cpu_stats":{"throttling_data":{"throttled_periods":0,"throttled_time":0,"periods":0},"system_cpu_usage":3363353314522419,"online_cpus":128,"cpu_usage":{"usage_in_usermode":6520000000,"usage_in_kernelmode":2570000000,"total_usage":9049392120,"percpu_usage":[0,0,0,0,0,0,0,0,0,0,0,0,0,0,0,0,0,0,0,0,0,0,0,0,0,9049392120,0,0,0,0,0,0,0,0,0,0,0,0,0,0,0,0,0,0,0,0,0,0,0,0,0,0,0,0,0,0,0,0,0,0,0,0,0,0,0,0,0,0,0,0,0,0,0,0,0,0,0,0,0,0,0,0,0,0,0,0,0,0,0,0,0,0,0,0,0,0,0,0,0,0,0,0,0,0,0,0,0,0,0,0,0,0,0,0,0,0,0,0,0,0,0,0,0,0,0,0,0,0]}},"read":"2021-01-11T15:50:09.246804658Z"}