################################################################################
# PkgEval set-up: 2021-01-11T17:20:41.818
#

Julia Version 1.5.3
Commit 599f52c4c6 (2020-12-18 13:33 UTC)
Platform Info:
  OS: Linux (x86_64-linux-gnu)
  CPU: AMD EPYC 7502 32-Core Processor
  WORD_SIZE: 64
  LIBM: libopenlibm
  LLVM: libLLVM-9.0.1 (ORCJIT, znver2)
Environment:
  JULIA_PKG_PRECOMPILE_AUTO = 0
  JULIA_PKGEVAL = true

Base.julia_cmd() = `/opt/julia/bin/julia -Cnative -J/opt/julia/lib/julia/sys.so -g1`


################################################################################
# Installation: 2021-01-11T17:20:43.631
#

 Installing known registries into `~/.julia`
#######################################################                   77.5%######################################################################## 100.0%
      Added registry `General` to `~/.julia/registries/General`
  Resolving package versions...
  Installed ClusterRunner ─────────────── v0.1.0
  Installed Reexport ──────────────────── v0.2.0
  Installed TableTraits ───────────────── v1.0.0
  Installed DataAPI ───────────────────── v1.4.0
  Installed Tables ────────────────────── v1.2.2
  Installed CategoricalArrays ─────────── v0.8.3
  Installed DataStructures ────────────── v0.18.8
  Installed DataFrames ────────────────── v0.21.8
  Installed OrderedCollections ────────── v1.3.2
  Installed InvertedIndices ───────────── v1.0.0
  Installed DataValueInterfaces ───────── v1.0.0
  Installed Missings ──────────────────── v0.4.4
  Installed PooledArrays ──────────────── v0.5.3
  Installed IteratorInterfaceExtensions ─ v1.0.0
  Installed StructTypes ───────────────── v1.2.1
  Installed JSON ──────────────────────── v0.21.1
  Installed Compat ────────────────────── v3.25.0
  Installed SortingAlgorithms ─────────── v0.3.1
  Installed SentinelArrays ────────────── v1.2.16
  Installed Parsers ───────────────────── v1.0.15
  Installed CSV ───────────────────────── v0.7.10
Updating `~/.julia/environments/v1.5/Project.toml`
  [3325b298] + ClusterRunner v0.1.0
Updating `~/.julia/environments/v1.5/Manifest.toml`
  [336ed68f] + CSV v0.7.10
  [324d7699] + CategoricalArrays v0.8.3
  [3325b298] + ClusterRunner v0.1.0
  [34da2185] + Compat v3.25.0
  [9a962f9c] + DataAPI v1.4.0
  [a93c6f00] + DataFrames v0.21.8
  [864edb3b] + DataStructures v0.18.8
  [e2d170a0] + DataValueInterfaces v1.0.0
  [41ab1584] + InvertedIndices v1.0.0
  [82899510] + IteratorInterfaceExtensions v1.0.0
  [682c06a0] + JSON v0.21.1
  [e1d29d7a] + Missings v0.4.4
  [bac558e1] + OrderedCollections v1.3.2
  [69de0a69] + Parsers v1.0.15
  [2dfb63ee] + PooledArrays v0.5.3
  [189a3867] + Reexport v0.2.0
  [91c51154] + SentinelArrays v1.2.16
  [a2af1166] + SortingAlgorithms v0.3.1
  [856f2bd8] + StructTypes v1.2.1
  [3783bdb8] + TableTraits v1.0.0
  [bd369af6] + Tables v1.2.2
  [2a0f44e3] + Base64
  [ade2ca70] + Dates
  [8bb1440f] + DelimitedFiles
  [8ba89e20] + Distributed
  [9fa8497b] + Future
  [b77e0a4c] + InteractiveUtils
  [76f85450] + LibGit2
  [8f399da3] + Libdl
  [37e2e46d] + LinearAlgebra
  [56ddb016] + Logging
  [d6f4376e] + Markdown
  [a63ad114] + Mmap
  [44cfe95a] + Pkg
  [de0858da] + Printf
  [3fa0cd96] + REPL
  [9a3f8284] + Random
  [ea8e919c] + SHA
  [9e88b42a] + Serialization
  [1a1011a3] + SharedArrays
  [6462fe0b] + Sockets
  [2f01184e] + SparseArrays
  [10745b16] + Statistics
  [8dfed614] + Test
  [cf7118a7] + UUIDs
  [4ec0a83e] + Unicode


################################################################################
# Testing: 2021-01-11T17:20:49.595
#

    Testing ClusterRunner
Status `/tmp/jl_CZC0hR/Project.toml`
  [336ed68f] CSV v0.7.10
  [3325b298] ClusterRunner v0.1.0
  [a93c6f00] DataFrames v0.21.8
  [864edb3b] DataStructures v0.18.8
  [8dfed614] Test
Status `/tmp/jl_CZC0hR/Manifest.toml`
  [336ed68f] CSV v0.7.10
  [324d7699] CategoricalArrays v0.8.3
  [3325b298] ClusterRunner v0.1.0
  [34da2185] Compat v3.25.0
  [9a962f9c] DataAPI v1.4.0
  [a93c6f00] DataFrames v0.21.8
  [864edb3b] DataStructures v0.18.8
  [e2d170a0] DataValueInterfaces v1.0.0
  [41ab1584] InvertedIndices v1.0.0
  [82899510] IteratorInterfaceExtensions v1.0.0
  [682c06a0] JSON v0.21.1
  [e1d29d7a] Missings v0.4.4
  [bac558e1] OrderedCollections v1.3.2
  [69de0a69] Parsers v1.0.15
  [2dfb63ee] PooledArrays v0.5.3
  [189a3867] Reexport v0.2.0
  [91c51154] SentinelArrays v1.2.16
  [a2af1166] SortingAlgorithms v0.3.1
  [856f2bd8] StructTypes v1.2.1
  [3783bdb8] TableTraits v1.0.0
  [bd369af6] Tables v1.2.2
  [2a0f44e3] Base64
  [ade2ca70] Dates
  [8bb1440f] DelimitedFiles
  [8ba89e20] Distributed
  [9fa8497b] Future
  [b77e0a4c] InteractiveUtils
  [76f85450] LibGit2
  [8f399da3] Libdl
  [37e2e46d] LinearAlgebra
  [56ddb016] Logging
  [d6f4376e] Markdown
  [a63ad114] Mmap
  [44cfe95a] Pkg
  [de0858da] Printf
  [3fa0cd96] REPL
  [9a3f8284] Random
  [ea8e919c] SHA
  [9e88b42a] Serialization
  [1a1011a3] SharedArrays
  [6462fe0b] Sockets
  [2f01184e] SparseArrays
  [10745b16] Statistics
  [8dfed614] Test
  [cf7118a7] UUIDs
  [4ec0a83e] Unicode
┌ Warning: `CSV.read(input; kw...)` is deprecated in favor of `using DataFrames; CSV.read(input, DataFrame; kw...)
│   caller = ip:0x0
└ @ Core :-1
TableReader: Test Failed at /home/pkgeval/.julia/packages/ClusterRunner/qaNk7/test/fileReaders/test_tableReader.jl:17
  Expression: names(output) == [:Cnt, :Float, :Int, :String, :Mixed]
   Evaluated: ["Cnt", "Float", "Int", "String", "Mixed"] == [:Cnt, :Float, :Int, :String, :Mixed]
Stacktrace:
 [1] top-level scope at /home/pkgeval/.julia/packages/ClusterRunner/qaNk7/test/fileReaders/test_tableReader.jl:17
 [2] include(::Function, ::Module, ::String) at ./Base.jl:380
 [3] include at ./Base.jl:368 [inlined]
 [4] include(::String) at /home/pkgeval/.julia/packages/ClusterRunner/qaNk7/test/fileReaders/test_FileReaders.jl:1
 [5] top-level scope at /home/pkgeval/.julia/packages/ClusterRunner/qaNk7/test/fileReaders/test_FileReaders.jl:24
 [6] top-level scope at /workspace/srcdir/usr/share/julia/stdlib/v1.5/Test/src/Test.jl:1115
 [7] top-level scope at /home/pkgeval/.julia/packages/ClusterRunner/qaNk7/test/fileReaders/test_FileReaders.jl:24
┌ Warning: `CSV.read(input; kw...)` is deprecated in favor of `using DataFrames; CSV.read(input, DataFrame; kw...)
│   caller = top-level scope at test_FileReaders.jl:43
└ @ Core ~/.julia/packages/ClusterRunner/qaNk7/test/fileReaders/test_FileReaders.jl:43
Test Summary:     | Pass  Fail  Total
FileReaders       |   14     1     15
  AttributeReader |    6            6
  TableReader     |    4     1      5
ERROR: LoadError: Some tests did not pass: 14 passed, 1 failed, 0 errored, 0 broken.
in expression starting at /home/pkgeval/.julia/packages/ClusterRunner/qaNk7/test/runtests.jl:3

PkgEval failed: Package ClusterRunner errored during testing
Stacktrace:
 [1] pkgerror(::String) at /workspace/srcdir/usr/share/julia/stdlib/v1.5/Pkg/src/Types.jl:52
 [2] test(::Pkg.Types.Context, ::Array{Pkg.Types.PackageSpec,1}; coverage::Bool, julia_args::Cmd, test_args::Cmd, test_fn::Nothing) at /workspace/srcdir/usr/share/julia/stdlib/v1.5/Pkg/src/Operations.jl:1578
 [3] test(::Pkg.Types.Context, ::Array{Pkg.Types.PackageSpec,1}; coverage::Bool, test_fn::Nothing, julia_args::Cmd, test_args::Cmd, kwargs::Base.Iterators.Pairs{Union{},Union{},Tuple{},NamedTuple{(),Tuple{}}}) at /workspace/srcdir/usr/share/julia/stdlib/v1.5/Pkg/src/API.jl:327
 [4] test(::Pkg.Types.Context, ::Array{Pkg.Types.PackageSpec,1}) at /workspace/srcdir/usr/share/julia/stdlib/v1.5/Pkg/src/API.jl:314
 [5] #test#61 at /workspace/srcdir/usr/share/julia/stdlib/v1.5/Pkg/src/API.jl:67 [inlined]
 [6] test at /workspace/srcdir/usr/share/julia/stdlib/v1.5/Pkg/src/API.jl:67 [inlined]
 [7] #test#60 at /workspace/srcdir/usr/share/julia/stdlib/v1.5/Pkg/src/API.jl:66 [inlined]
 [8] test at /workspace/srcdir/usr/share/julia/stdlib/v1.5/Pkg/src/API.jl:66 [inlined]
 [9] test(::String; kwargs::Base.Iterators.Pairs{Union{},Union{},Tuple{},NamedTuple{(),Tuple{}}}) at /workspace/srcdir/usr/share/julia/stdlib/v1.5/Pkg/src/API.jl:65
 [10] test(::String) at /workspace/srcdir/usr/share/julia/stdlib/v1.5/Pkg/src/API.jl:65
 [11] top-level scope at none:22
 [12] eval at ./boot.jl:331 [inlined]
 [13] eval(::Expr) at ./client.jl:467
 [14] top-level scope at none:1
 [15] eval(::Module, ::Any) at ./boot.jl:331
 [16] exec_options(::Base.JLOptions) at ./client.jl:272
 [17] _start() at ./client.jl:506


################################################################################
# PkgEval teardown: 2021-01-11T17:21:59.567
CPU usage: 77.74s (72.27s user, 5.62s kernel)

Network usage:
- eth0: 9.748 MiB received, 143.749 KiB sent

Raw statistics: {"blkio_stats":{"io_queue_recursive":[],"io_serviced_recursive":[{"major":259,"value":0,"op":"Read","minor":0},{"major":259,"value":24,"op":"Write","minor":0},{"major":259,"value":19,"op":"Sync","minor":0},{"major":259,"value":5,"op":"Async","minor":0},{"major":259,"value":0,"op":"Discard","minor":0},{"major":259,"value":24,"op":"Total","minor":0},{"major":253,"value":0,"op":"Read","minor":2},{"major":253,"value":24,"op":"Write","minor":2},{"major":253,"value":19,"op":"Sync","minor":2},{"major":253,"value":5,"op":"Async","minor":2},{"major":253,"value":0,"op":"Discard","minor":2},{"major":253,"value":24,"op":"Total","minor":2}],"io_time_recursive":[],"sectors_recursive":[],"io_service_bytes_recursive":[{"major":259,"value":0,"op":"Read","minor":0},{"major":259,"value":135168,"op":"Write","minor":0},{"major":259,"value":106496,"op":"Sync","minor":0},{"major":259,"value":28672,"op":"Async","minor":0},{"major":259,"value":0,"op":"Discard","minor":0},{"major":259,"value":135168,"op":"Total","minor":0},{"major":253,"value":0,"op":"Read","minor":2},{"major":253,"value":135168,"op":"Write","minor":2},{"major":253,"value":106496,"op":"Sync","minor":2},{"major":253,"value":28672,"op":"Async","minor":2},{"major":253,"value":0,"op":"Discard","minor":2},{"major":253,"value":135168,"op":"Total","minor":2}],"io_wait_time_recursive":[],"io_merged_recursive":[],"io_service_time_recursive":[]},"memory_stats":{"usage":362807296,"max_usage":1139654656,"stats":{"hierarchical_memory_limit":9223372036854771712,"pgmajfault":0,"total_rss":206798848,"inactive_file":135168,"inactive_anon":110837760,"total_pgfault":1983267,"total_cache":125124608,"total_rss_huge":0,"total_active_anon":221134848,"total_pgmajfault":0,"pgpgin":1271160,"rss_huge":0,"mapped_file":0,"total_inactive_file":135168,"dirty":0,"total_unevictable":0,"total_dirty":0,"writeback":0,"pgpgout":1190103,"hierarchical_memsw_limit":0,"cache":125124608,"active_file":135168,"pgfault":1983267,"total_mapped_file":0,"total_pgpgout":1190103,"total_writeback":0,"rss":206798848,"unevictable":0,"total_inactive_anon":110837760,"total_pgpgin":1271160,"active_anon":221134848,"total_active_file":135168},"limit":540965302272},"name":"/ClusterRunner-be8CyVXX","networks":{"eth0":{"rx_bytes":10221638,"rx_packets":1327,"tx_packets":1355,"tx_bytes":147199,"tx_dropped":0,"rx_dropped":3,"tx_errors":0,"rx_errors":0}},"id":"e3480eaaa9a618a9c4729d806ffe5d433338dd7088aec6396a20286a695b9592","preread":"0001-01-01T00:00:00Z","storage_stats":{},"precpu_stats":{"throttling_data":{"throttled_periods":0,"throttled_time":0,"periods":0},"cpu_usage":{"usage_in_usermode":0,"usage_in_kernelmode":0,"total_usage":0}},"pids_stats":{"current":40},"num_procs":0,"cpu_stats":{"throttling_data":{"throttled_periods":0,"throttled_time":0,"periods":0},"system_cpu_usage":4067719554522419,"online_cpus":128,"cpu_usage":{"usage_in_usermode":72270000000,"usage_in_kernelmode":5620000000,"total_usage":77742621316,"percpu_usage":[0,0,0,0,0,0,0,0,0,0,0,0,0,0,0,0,0,0,0,0,0,0,0,0,0,0,0,0,0,0,0,0,0,0,0,0,0,3702482,0,77738915654,0,0,0,0,0,0,0,0,0,0,0,0,0,0,0,0,0,0,0,0,0,0,0,0,0,0,0,0,0,0,0,0,0,0,0,0,0,0,0,0,0,0,0,0,0,0,0,0,0,0,0,0,0,0,0,0,0,0,0,0,0,3180,0,0,0,0,0,0,0,0,0,0,0,0,0,0,0,0,0,0,0,0,0,0,0,0,0,0]}},"read":"2021-01-11T17:21:59.569618987Z"}