:HACK_SHOWTOUNFREEZE
################################################################################
# PkgEval set-up: 2020-12-03T13:56:34.608
#

Julia Version 1.5.3
Commit 788b2c77c1 (2020-11-09 13:37 UTC)
Platform Info:
  OS: Linux (x86_64-pc-linux-gnu)
  CPU: AMD EPYC 7502 32-Core Processor
  WORD_SIZE: 64
  LIBM: libopenlibm
  LLVM: libLLVM-9.0.1 (ORCJIT, znver2)
Environment:
  JULIA_PKGEVAL = true
  JULIA_PKG_PRECOMPILE_AUTO = 0
  JULIA_DEPOT_PATH = /home/pkgeval/.another_julia:/usr/local/share/julia



################################################################################
# Installation: 2020-12-03T13:56:36.558
#

  Resolving package versions...
  Installed NumericIO ───────── v0.3.1
  Installed Reexport ────────── v0.2.0
  Installed MDDatasets ──────── v0.3.3
  Installed FixedPointNumbers ─ v0.8.4
  Installed ColorTypes ──────── v0.10.9
  Installed Colors ──────────── v0.12.4
  Installed CMDimData ───────── v0.2.0
Updating `~/.another_julia/environments/v1.5/Project.toml`
  [70385e83] + CMDimData v0.2.0
Updating `~/.another_julia/environments/v1.5/Manifest.toml`
  [70385e83] + CMDimData v0.2.0
  [3da002f7] + ColorTypes v0.10.9
  [5ae59095] + Colors v0.12.4
  [53c48c17] + FixedPointNumbers v0.8.4
  [176e4ad4] + MDDatasets v0.3.3
  [6c575b1c] + NumericIO v0.3.1
  [189a3867] + Reexport v0.2.0
  [2a0f44e3] + Base64
  [ade2ca70] + Dates
  [8ba89e20] + Distributed
  [b77e0a4c] + InteractiveUtils
  [76f85450] + LibGit2
  [8f399da3] + Libdl
  [37e2e46d] + LinearAlgebra
  [56ddb016] + Logging
  [d6f4376e] + Markdown
  [44cfe95a] + Pkg
  [de0858da] + Printf
  [3fa0cd96] + REPL
  [9a3f8284] + Random
  [ea8e919c] + SHA
  [9e88b42a] + Serialization
  [6462fe0b] + Sockets
  [2f01184e] + SparseArrays
  [10745b16] + Statistics
  [8dfed614] + Test
  [cf7118a7] + UUIDs
  [4ec0a83e] + Unicode


################################################################################
# Testing: 2020-12-03T13:56:38.398
#


    Testing CMDimData
Status `/tmp/jl_W4Sg3F/Project.toml`
  [70385e83] CMDimData v0.2.0
  [5ae59095] Colors v0.12.4
  [f67ccb44] HDF5 v0.12.5
  [176e4ad4] MDDatasets v0.3.3
  [6c575b1c] NumericIO v0.3.1
  [44cfe95a] Pkg
  [de0858da] Printf
  [8dfed614] Test
Status `/tmp/jl_W4Sg3F/Manifest.toml`
  [9e28174c] BinDeps v1.0.2
  [b99e7846] BinaryProvider v0.5.10
  [a74b3585] Blosc v0.5.1
  [70385e83] CMDimData v0.2.0
  [631607c0] CMake v1.2.0
  [d5fb7624] CMakeWrapper v0.2.4
  [3da002f7] ColorTypes v0.10.9
  [5ae59095] Colors v0.12.4
  [34da2185] Compat v2.2.1
  [53c48c17] FixedPointNumbers v0.8.4
  [f67ccb44] HDF5 v0.12.5
  [176e4ad4] MDDatasets v0.3.3
  [6c575b1c] NumericIO v0.3.1
  [bac558e1] OrderedCollections v1.3.2
  [d96e819e] Parameters v0.12.1
  [189a3867] Reexport v0.2.0
  [30578b45] URIParser v0.4.1
  [3a884ed6] UnPack v1.0.2
  [2a0f44e3] Base64
  [ade2ca70] Dates
  [8bb1440f] DelimitedFiles
  [8ba89e20] Distributed
  [b77e0a4c] InteractiveUtils
  [76f85450] LibGit2
  [8f399da3] Libdl
  [37e2e46d] LinearAlgebra
  [56ddb016] Logging
  [d6f4376e] Markdown
  [a63ad114] Mmap
  [44cfe95a] Pkg
  [de0858da] Printf
  [3fa0cd96] REPL
  [9a3f8284] Random
  [ea8e919c] SHA
  [9e88b42a] Serialization
  [1a1011a3] SharedArrays
  [6462fe0b] Sockets
  [2f01184e] SparseArrays
  [10745b16] Statistics
  [8dfed614] Test
  [cf7118a7] UUIDs
  [4ec0a83e] Unicode
:HACK_SHOWTOUNFREEZE
[ Info: Creating basic Plot object
[ Info: Creating demo Plot object

Evaluating plots in /home/pkgeval/.julia/packages/CMDimData/9fZKq/sample/plots/demo1.jl...
--------------------------------------------------------------------------------
Creating demo Plot object: Error During Test at /home/pkgeval/.another_julia/packages/CMDimData/9fZKq/test/EasyPlot.jl:93
  Got exception outside of a @test
  could not open file /home/pkgeval/.julia/packages/CMDimData/9fZKq/sample/plots/demo1.jl
  Stacktrace:
   [1] include(::Function, ::Module, ::String) at ./Base.jl:380
   [2] include at ./Base.jl:368 [inlined]
   [3] include(::String) at ./loading.jl:1140
   [4] top-level scope at none:1
   [5] eval at ./boot.jl:331 [inlined]
   [6] evalfile(::String, ::Array{String,1}) at ./loading.jl:1136 (repeats 2 times)
   [7] top-level scope at show.jl:641
   [8] top-level scope at /home/pkgeval/.another_julia/packages/CMDimData/9fZKq/test/EasyPlot.jl:100
   [9] top-level scope at /buildworker/worker/package_linux64/build/usr/share/julia/stdlib/v1.5/Test/src/Test.jl:1115
   [10] top-level scope at /home/pkgeval/.another_julia/packages/CMDimData/9fZKq/test/EasyPlot.jl:94
   [11] top-level scope at /buildworker/worker/package_linux64/build/usr/share/julia/stdlib/v1.5/Test/src/Test.jl:1115
   [12] top-level scope at /home/pkgeval/.another_julia/packages/CMDimData/9fZKq/test/EasyPlot.jl:5
   [13] include(::String) at ./client.jl:457
   [14] macro expansion at /home/pkgeval/.another_julia/packages/CMDimData/9fZKq/test/runtests.jl:16 [inlined]
   [15] macro expansion at /buildworker/worker/package_linux64/build/usr/share/julia/stdlib/v1.5/Test/src/Test.jl:1115 [inlined]
   [16] top-level scope at /home/pkgeval/.another_julia/packages/CMDimData/9fZKq/test/runtests.jl:13
   [17] include(::String) at ./client.jl:457
   [18] top-level scope at none:6
   [19] eval(::Module, ::Any) at ./boot.jl:331
   [20] exec_options(::Base.JLOptions) at ./client.jl:272
   [21] _start() at ./client.jl:506
  
CMDimData tests: Error During Test at /home/pkgeval/.another_julia/packages/CMDimData/9fZKq/test/runtests.jl:12
  Got exception outside of a @test
  LoadError: LoadError: IOError: realpath: no such file or directory (ENOENT)
  Stacktrace:
   [1] uv_error at ./libuv.jl:97 [inlined]
   [2] realpath(::String) at ./path.jl:429
   [3] @includepkg(::LineNumberNode, ::Module, ::Symbol) at /home/pkgeval/.julia/packages/CMDimData/9fZKq/src/CMDimData.jl:42
   [4] include(::String) at ./client.jl:457
   [5] macro expansion at /home/pkgeval/.another_julia/packages/CMDimData/9fZKq/test/runtests.jl:16 [inlined]
   [6] macro expansion at /buildworker/worker/package_linux64/build/usr/share/julia/stdlib/v1.5/Test/src/Test.jl:1115 [inlined]
   [7] top-level scope at /home/pkgeval/.another_julia/packages/CMDimData/9fZKq/test/runtests.jl:13
   [8] include(::String) at ./client.jl:457
   [9] top-level scope at none:6
   [10] eval(::Module, ::Any) at ./boot.jl:331
   [11] exec_options(::Base.JLOptions) at ./client.jl:272
   [12] _start() at ./client.jl:506
  in expression starting at /home/pkgeval/.another_julia/packages/CMDimData/9fZKq/test/EasyData.jl:3
  in expression starting at /home/pkgeval/.another_julia/packages/CMDimData/9fZKq/test/EasyData.jl:3
  
Test Summary:                  | Pass  Error  Total
CMDimData tests                |   36      2     38
  EasyPlot tests               |   36      1     37
    Creating basic Plot object |   36            36
    Creating demo Plot object  |           1      1
ERROR: LoadError: Some tests did not pass: 36 passed, 0 failed, 2 errored, 0 broken.
in expression starting at /home/pkgeval/.another_julia/packages/CMDimData/9fZKq/test/runtests.jl:12

PkgEval failed: Package CMDimData errored during testing
Stacktrace:
 [1] pkgerror(::String) at /buildworker/worker/package_linux64/build/usr/share/julia/stdlib/v1.5/Pkg/src/Types.jl:52
 [2] test(::Pkg.Types.Context, ::Array{Pkg.Types.PackageSpec,1}; coverage::Bool, julia_args::Cmd, test_args::Cmd, test_fn::Nothing) at /buildworker/worker/package_linux64/build/usr/share/julia/stdlib/v1.5/Pkg/src/Operations.jl:1578
 [3] test(::Pkg.Types.Context, ::Array{Pkg.Types.PackageSpec,1}; coverage::Bool, test_fn::Nothing, julia_args::Cmd, test_args::Cmd, kwargs::Base.Iterators.Pairs{Union{},Union{},Tuple{},NamedTuple{(),Tuple{}}}) at /buildworker/worker/package_linux64/build/usr/share/julia/stdlib/v1.5/Pkg/src/API.jl:327
 [4] test(::Pkg.Types.Context, ::Array{Pkg.Types.PackageSpec,1}) at /buildworker/worker/package_linux64/build/usr/share/julia/stdlib/v1.5/Pkg/src/API.jl:314
 [5] #test#61 at /buildworker/worker/package_linux64/build/usr/share/julia/stdlib/v1.5/Pkg/src/API.jl:67 [inlined]
 [6] test at /buildworker/worker/package_linux64/build/usr/share/julia/stdlib/v1.5/Pkg/src/API.jl:67 [inlined]
 [7] #test#60 at /buildworker/worker/package_linux64/build/usr/share/julia/stdlib/v1.5/Pkg/src/API.jl:66 [inlined]
 [8] test at /buildworker/worker/package_linux64/build/usr/share/julia/stdlib/v1.5/Pkg/src/API.jl:66 [inlined]
 [9] test(::String; kwargs::Base.Iterators.Pairs{Union{},Union{},Tuple{},NamedTuple{(),Tuple{}}}) at /buildworker/worker/package_linux64/build/usr/share/julia/stdlib/v1.5/Pkg/src/API.jl:65
 [10] test(::String) at /buildworker/worker/package_linux64/build/usr/share/julia/stdlib/v1.5/Pkg/src/API.jl:65
 [11] top-level scope at none:20
 [12] eval at ./boot.jl:331 [inlined]
 [13] eval(::Expr) at ./client.jl:467
 [14] top-level scope at none:1
 [15] eval(::Module, ::Any) at ./boot.jl:331
 [16] exec_options(::Base.JLOptions) at ./client.jl:272
 [17] _start() at ./client.jl:506


################################################################################
# PkgEval teardown: 2020-12-03T13:57:45.098
CPU usage: 69.73s (65.55s user, 4.22s kernel)

Network usage:
- eth0: 42.102 MiB received, 832.641 KiB sent

Raw statistics: {"blkio_stats":{"io_queue_recursive":[],"io_serviced_recursive":[{"major":259,"value":75,"op":"Read","minor":0},{"major":259,"value":17,"op":"Write","minor":0},{"major":259,"value":75,"op":"Sync","minor":0},{"major":259,"value":17,"op":"Async","minor":0},{"major":259,"value":0,"op":"Discard","minor":0},{"major":259,"value":92,"op":"Total","minor":0},{"major":253,"value":75,"op":"Read","minor":2},{"major":253,"value":17,"op":"Write","minor":2},{"major":253,"value":75,"op":"Sync","minor":2},{"major":253,"value":17,"op":"Async","minor":2},{"major":253,"value":0,"op":"Discard","minor":2},{"major":253,"value":92,"op":"Total","minor":2}],"io_time_recursive":[],"sectors_recursive":[],"io_service_bytes_recursive":[{"major":259,"value":3645440,"op":"Read","minor":0},{"major":259,"value":81920,"op":"Write","minor":0},{"major":259,"value":3645440,"op":"Sync","minor":0},{"major":259,"value":81920,"op":"Async","minor":0},{"major":259,"value":0,"op":"Discard","minor":0},{"major":259,"value":3727360,"op":"Total","minor":0},{"major":253,"value":3645440,"op":"Read","minor":2},{"major":253,"value":81920,"op":"Write","minor":2},{"major":253,"value":3645440,"op":"Sync","minor":2},{"major":253,"value":81920,"op":"Async","minor":2},{"major":253,"value":0,"op":"Discard","minor":2},{"major":253,"value":3727360,"op":"Total","minor":2}],"io_wait_time_recursive":[],"io_merged_recursive":[],"io_service_time_recursive":[]},"memory_stats":{"usage":395915264,"max_usage":1104658432,"stats":{"hierarchical_memory_limit":9223372036854771712,"pgmajfault":0,"total_rss":241086464,"inactive_file":2027520,"inactive_anon":87048192,"total_pgfault":1596243,"total_cache":140869632,"total_rss_huge":0,"total_active_anon":291287040,"total_pgmajfault":0,"pgpgin":1129293,"rss_huge":0,"mapped_file":0,"total_inactive_file":2027520,"dirty":270336,"total_unevictable":0,"total_dirty":270336,"writeback":0,"pgpgout":1036030,"hierarchical_memsw_limit":0,"cache":140869632,"active_file":1757184,"pgfault":1596243,"total_mapped_file":0,"total_pgpgout":1036030,"total_writeback":0,"rss":241086464,"unevictable":0,"total_inactive_anon":87048192,"total_pgpgin":1129293,"active_anon":291287040,"total_active_file":1757184},"limit":540965302272},"name":"/CMDimData-MmBGyCA4","networks":{"eth0":{"rx_bytes":44146711,"rx_packets":29743,"tx_packets":14647,"tx_bytes":852624,"tx_dropped":0,"rx_dropped":3,"tx_errors":0,"rx_errors":0}},"id":"ef97bba9ab2aba70e9dc529ef8d4f6947c2093b5e0732db7ccff89bec64ab2e8","preread":"0001-01-01T00:00:00Z","storage_stats":{},"precpu_stats":{"throttling_data":{"throttled_periods":0,"throttled_time":0,"periods":0},"cpu_usage":{"usage_in_usermode":0,"usage_in_kernelmode":0,"total_usage":0}},"pids_stats":{"current":42},"num_procs":0,"cpu_stats":{"throttling_data":{"throttled_periods":0,"throttled_time":0,"periods":0},"system_cpu_usage":124649029715808967,"online_cpus":128,"cpu_usage":{"usage_in_usermode":65550000000,"usage_in_kernelmode":4220000000,"total_usage":69727381394,"percpu_usage":[0,0,0,0,0,0,0,0,0,0,0,0,0,0,0,0,0,0,0,0,0,0,0,0,0,0,0,0,0,0,0,0,0,0,0,69716588850,0,0,0,0,0,0,0,0,0,0,0,0,0,0,0,0,0,0,0,0,0,0,0,0,0,0,0,0,0,0,0,0,0,0,0,0,0,0,0,0,0,0,0,0,0,0,0,0,0,0,0,0,0,0,0,0,0,0,0,0,0,0,0,10792544,0,0,0,0,0,0,0,0,0,0,0,0,0,0,0,0,0,0,0,0,0,0,0,0,0,0,0,0]}},"read":"2020-12-03T13:57:45.972527336Z"}