################################################################################
# PkgEval set-up: 2021-01-11T20:09:40.628
#

Julia Version 1.5.3
Commit 599f52c4c6 (2020-12-18 13:33 UTC)
Platform Info:
  OS: Linux (x86_64-linux-gnu)
  CPU: AMD EPYC 7502 32-Core Processor
  WORD_SIZE: 64
  LIBM: libopenlibm
  LLVM: libLLVM-9.0.1 (ORCJIT, znver2)
Environment:
  JULIA_PKG_PRECOMPILE_AUTO = 0
  JULIA_PKGEVAL = true

Base.julia_cmd() = `/opt/julia/bin/julia -Cnative -J/opt/julia/lib/julia/sys.so -g1`


################################################################################
# Installation: 2021-01-11T20:09:42.424
#

 Installing known registries into `~/.julia`
############################                                              39.1%######################################################################## 100.0%
      Added registry `General` to `~/.julia/registries/General`
  Resolving package versions...
  Installed FixedPointNumbers ─ v0.8.4
  Installed NumericIO ───────── v0.3.1
  Installed Reexport ────────── v1.0.0
  Installed CMDimData ───────── v0.3.0
  Installed Colors ──────────── v0.12.6
  Installed MDDatasets ──────── v0.3.3
  Installed ColorTypes ──────── v0.10.9
Updating `~/.julia/environments/v1.5/Project.toml`
  [70385e83] + CMDimData v0.3.0
Updating `~/.julia/environments/v1.5/Manifest.toml`
  [70385e83] + CMDimData v0.3.0
  [3da002f7] + ColorTypes v0.10.9
  [5ae59095] + Colors v0.12.6
  [53c48c17] + FixedPointNumbers v0.8.4
  [176e4ad4] + MDDatasets v0.3.3
  [6c575b1c] + NumericIO v0.3.1
  [189a3867] + Reexport v1.0.0
  [2a0f44e3] + Base64
  [ade2ca70] + Dates
  [8ba89e20] + Distributed
  [b77e0a4c] + InteractiveUtils
  [76f85450] + LibGit2
  [8f399da3] + Libdl
  [37e2e46d] + LinearAlgebra
  [56ddb016] + Logging
  [d6f4376e] + Markdown
  [44cfe95a] + Pkg
  [de0858da] + Printf
  [3fa0cd96] + REPL
  [9a3f8284] + Random
  [ea8e919c] + SHA
  [9e88b42a] + Serialization
  [6462fe0b] + Sockets
  [2f01184e] + SparseArrays
  [10745b16] + Statistics
  [8dfed614] + Test
  [cf7118a7] + UUIDs
  [4ec0a83e] + Unicode


################################################################################
# Testing: 2021-01-11T20:09:46.665
#

    Testing CMDimData
Status `/tmp/jl_vNQSYQ/Project.toml`
  [70385e83] CMDimData v0.3.0
  [5ae59095] Colors v0.12.6
  [f67ccb44] HDF5 v0.12.5
  [176e4ad4] MDDatasets v0.3.3
  [6c575b1c] NumericIO v0.3.1
  [44cfe95a] Pkg
  [de0858da] Printf
  [8dfed614] Test
Status `/tmp/jl_vNQSYQ/Manifest.toml`
  [9e28174c] BinDeps v1.0.2
  [b99e7846] BinaryProvider v0.5.10
  [a74b3585] Blosc v0.5.1
  [70385e83] CMDimData v0.3.0
  [631607c0] CMake v1.2.0
  [d5fb7624] CMakeWrapper v0.2.4
  [3da002f7] ColorTypes v0.10.9
  [5ae59095] Colors v0.12.6
  [34da2185] Compat v2.2.1
  [53c48c17] FixedPointNumbers v0.8.4
  [f67ccb44] HDF5 v0.12.5
  [176e4ad4] MDDatasets v0.3.3
  [6c575b1c] NumericIO v0.3.1
  [bac558e1] OrderedCollections v1.3.2
  [d96e819e] Parameters v0.12.1
  [189a3867] Reexport v1.0.0
  [30578b45] URIParser v0.4.1
  [3a884ed6] UnPack v1.0.2
  [2a0f44e3] Base64
  [ade2ca70] Dates
  [8bb1440f] DelimitedFiles
  [8ba89e20] Distributed
  [b77e0a4c] InteractiveUtils
  [76f85450] LibGit2
  [8f399da3] Libdl
  [37e2e46d] LinearAlgebra
  [56ddb016] Logging
  [d6f4376e] Markdown
  [a63ad114] Mmap
  [44cfe95a] Pkg
  [de0858da] Printf
  [3fa0cd96] REPL
  [9a3f8284] Random
  [ea8e919c] SHA
  [9e88b42a] Serialization
  [1a1011a3] SharedArrays
  [6462fe0b] Sockets
  [2f01184e] SparseArrays
  [10745b16] Statistics
  [8dfed614] Test
  [cf7118a7] UUIDs
  [4ec0a83e] Unicode
:HACK_SHOWTOUNFREEZE
:HACK_SHOWTOUNFREEZE
[ Info: Creating basic Plot object
[ Info: Creating demo Plot object

Evaluating plots in /home/pkgeval/.julia/packages/CMDimData/DyjBW/sample/plots/demo1.jl...
--------------------------------------------------------------------------------
pcoll = evalfile(f) = PlotCollection("Sample Plot")[
   Plot("Polynomial Equations", Axis{lin}, [lin])[
      Waveform("Constant", DataF1: 401pts)
      Waveform("Linear", DataF1: 401pts)
      Waveform("Quadratic", DataF1: 401pts)
      Waveform("Cubic", DataF1: 401pts)
   ]
]

Evaluating plots in /home/pkgeval/.julia/packages/CMDimData/DyjBW/sample/plots/demo2.jl...
--------------------------------------------------------------------------------
pcoll = evalfile(f) = PlotCollection("Sample Plot")[
   Plot("Symbol Test", Axis{lin}, [lin])[
      Waveform("sz=1, w=1", DataF1: 11pts)
      Waveform("sz=1, w=2", DataF1: 11pts)
      Waveform("sz=1, w=3", DataF1: 11pts)
      Waveform("sz=3, w=1", DataF1: 11pts)
      Waveform("sz=3, w=2", DataF1: 11pts)
      Waveform("sz=3, w=3", DataF1: 11pts)
      Waveform("sz=5, w=1", DataF1: 11pts)
      Waveform("sz=5, w=2", DataF1: 11pts)
      Waveform("sz=5, w=3", DataF1: 11pts)
      Waveform("sz=1, w=1", DataF1: 11pts)
      Waveform("sz=1, w=5", DataF1: 11pts)
      Waveform("sz=1, w=10", DataF1: 11pts)
      Waveform("sz=2, w=1", DataF1: 11pts)
      Waveform("sz=2, w=5", DataF1: 11pts)
      Waveform("sz=2, w=10", DataF1: 11pts)
   ]
]

Evaluating plots in /home/pkgeval/.julia/packages/CMDimData/DyjBW/sample/plots/demo3.jl...
--------------------------------------------------------------------------------
pcoll = evalfile(f) = PlotCollection("Multi-Dataset Tests")[
   Plot("Lines", Axis{lin}, [lin])[
      Waveform("", DataHR:["period", "slope", "offset"])
   ]
   Plot("maximum(Lines)", Axis{lin}, [lin])[
      Waveform("", DataHR:["period", "slope", "offset"])
   ]
   Plot("Tones", Axis{lin}, [lin])[
      Waveform("", DataHR:["period", "slope", "offset"])
   ]
   Plot("Sum", Axis{lin}, [lin])[
      Waveform("", DataHR:["period", "slope", "offset"])
   ]
]

Evaluating plots in /home/pkgeval/.julia/packages/CMDimData/DyjBW/sample/plots/demo4.jl...
--------------------------------------------------------------------------------
pcoll = evalfile(f) = PlotCollection("Mulit-Dataset Tests: Subarrays")[
   Plot("", Axis{lin}, [lin, lin, lin, lin])[
      Waveform("", DataHR:["period", "slope", "offset"])
      Waveform("", DataHR:["slope", "offset"])
      Waveform("", DataHR:["slope", "offset"])
      Waveform("", DataHR:["period", "offset"])
   ]
]

Evaluating plots in /home/pkgeval/.julia/packages/CMDimData/DyjBW/sample/plots/demo5.jl...
--------------------------------------------------------------------------------
┌ Warning: `DataRS(d::DataHR)` is deprecated, use `convert(DataRS, d)` instead.
│   caller = ip:0x0
└ @ Core :-1
pcoll = evalfile(f) = PlotCollection("DataHR & DataMD")[
   Plot("", Axis{lin}, [lin, lin])[
      Waveform("tones", DataHR:["period", "amp"])
      Waveform("tones", DataRS:["period", "amp"])
   ]
]
[ Info: EasyData tests
[ Info: Write/Read DataF1 comparison
[ Info: Write/Read demo plot comparison
┌ Warning: TODO: Check correspondance of all plot elements!!!
└ @ Main ~/.julia/packages/CMDimData/DyjBW/test/EasyData.jl:37
[ Info: Evaluating plots in /home/pkgeval/.julia/packages/CMDimData/DyjBW/sample/plots/demo1.jl...
[ Info: Evaluating plots in /home/pkgeval/.julia/packages/CMDimData/DyjBW/sample/plots/demo2.jl...
[ Info: Evaluating plots in /home/pkgeval/.julia/packages/CMDimData/DyjBW/sample/plots/demo3.jl...
[ Info: Evaluating plots in /home/pkgeval/.julia/packages/CMDimData/DyjBW/sample/plots/demo4.jl...
[ Info: Evaluating plots in /home/pkgeval/.julia/packages/CMDimData/DyjBW/sample/plots/demo5.jl...
Test Summary:   | Pass  Total
CMDimData tests |   43     43
    Testing CMDimData tests passed 

PkgEval succeeded


################################################################################
# PkgEval teardown: 2021-01-11T20:11:04.711
CPU usage: 80.47s (73.89s user, 6.66s kernel)

Network usage:
- eth0: 44.623 MiB received, 922.514 KiB sent

Raw statistics: {"blkio_stats":{"io_queue_recursive":[],"io_serviced_recursive":[{"major":259,"value":0,"op":"Read","minor":0},{"major":259,"value":36,"op":"Write","minor":0},{"major":259,"value":19,"op":"Sync","minor":0},{"major":259,"value":17,"op":"Async","minor":0},{"major":259,"value":0,"op":"Discard","minor":0},{"major":259,"value":36,"op":"Total","minor":0},{"major":253,"value":0,"op":"Read","minor":2},{"major":253,"value":36,"op":"Write","minor":2},{"major":253,"value":19,"op":"Sync","minor":2},{"major":253,"value":17,"op":"Async","minor":2},{"major":253,"value":0,"op":"Discard","minor":2},{"major":253,"value":36,"op":"Total","minor":2}],"io_time_recursive":[],"sectors_recursive":[],"io_service_bytes_recursive":[{"major":259,"value":0,"op":"Read","minor":0},{"major":259,"value":188416,"op":"Write","minor":0},{"major":259,"value":106496,"op":"Sync","minor":0},{"major":259,"value":81920,"op":"Async","minor":0},{"major":259,"value":0,"op":"Discard","minor":0},{"major":259,"value":188416,"op":"Total","minor":0},{"major":253,"value":0,"op":"Read","minor":2},{"major":253,"value":188416,"op":"Write","minor":2},{"major":253,"value":106496,"op":"Sync","minor":2},{"major":253,"value":81920,"op":"Async","minor":2},{"major":253,"value":0,"op":"Discard","minor":2},{"major":253,"value":188416,"op":"Total","minor":2}],"io_wait_time_recursive":[],"io_merged_recursive":[],"io_service_time_recursive":[]},"memory_stats":{"usage":453029888,"max_usage":1057107968,"stats":{"hierarchical_memory_limit":9223372036854771712,"pgmajfault":0,"total_rss":190128128,"inactive_file":135168,"inactive_anon":162471936,"total_pgfault":2126124,"total_cache":225595392,"total_rss_huge":0,"total_active_anon":253034496,"total_pgmajfault":0,"pgpgin":1349898,"rss_huge":0,"mapped_file":0,"total_inactive_file":135168,"dirty":270336,"total_unevictable":0,"total_dirty":270336,"writeback":0,"pgpgout":1248384,"hierarchical_memsw_limit":0,"cache":225595392,"active_file":405504,"pgfault":2126124,"total_mapped_file":0,"total_pgpgout":1248384,"total_writeback":0,"rss":190128128,"unevictable":0,"total_inactive_anon":162471936,"total_pgpgin":1349898,"active_anon":253034496,"total_active_file":405504},"limit":540965302272},"name":"/CMDimData-u9lczSYd","networks":{"eth0":{"rx_bytes":46790521,"rx_packets":29926,"tx_packets":16152,"tx_bytes":944654,"tx_dropped":0,"rx_dropped":3,"tx_errors":0,"rx_errors":0}},"id":"d2736fd0ec9b090c0ea96a15b9a76a573ecaae568ec275fd02923a27984963d3","preread":"0001-01-01T00:00:00Z","storage_stats":{},"precpu_stats":{"throttling_data":{"throttled_periods":0,"throttled_time":0,"periods":0},"cpu_usage":{"usage_in_usermode":0,"usage_in_kernelmode":0,"total_usage":0}},"pids_stats":{"current":40},"num_procs":0,"cpu_stats":{"throttling_data":{"throttled_periods":0,"throttled_time":0,"periods":0},"system_cpu_usage":5364202194522419,"online_cpus":128,"cpu_usage":{"usage_in_usermode":73890000000,"usage_in_kernelmode":6660000000,"total_usage":80472816783,"percpu_usage":[0,0,0,0,0,0,0,0,0,0,0,0,0,0,0,0,0,0,0,0,0,0,0,0,0,0,0,0,0,0,0,0,0,0,0,0,0,0,0,0,0,0,0,0,0,80461680727,0,4790,0,0,0,0,0,0,0,0,0,0,0,0,0,0,0,0,0,0,0,0,0,0,0,0,0,0,0,0,0,0,0,0,0,0,0,0,0,0,0,0,0,0,0,0,0,0,0,0,0,0,0,0,0,0,0,0,0,0,0,0,0,11131266,0,0,0,0,0,0,0,0,0,0,0,0,0,0,0,0,0,0]}},"read":"2021-01-11T20:11:04.714538796Z"}