################################################################################
# PackageCompiler set-up: 2021-01-11T20:45:38.714
#

Julia Version 1.5.3
Commit 599f52c4c6 (2020-12-18 13:33 UTC)
Platform Info:
  OS: Linux (x86_64-linux-gnu)
  CPU: AMD EPYC 7502 32-Core Processor
  WORD_SIZE: 64
  LIBM: libopenlibm
  LLVM: libLLVM-9.0.1 (ORCJIT, znver2)
Environment:
  JULIA_PKGEVAL = true
  JULIA_PKG_PRECOMPILE_AUTO = 0



################################################################################
# Installation: 2021-01-11T20:45:40.45
#

 Installing known registries into `~/.julia`
######################################################################## 100.0%
      Added registry `General` to `~/.julia/registries/General`
  Resolving package versions...
  Installed CodecZstd ────────── v0.7.0
  Installed Zstd_jll ─────────── v1.4.5+2
  Installed JLLWrappers ──────── v1.2.0
  Installed TranscodingStreams ─ v0.9.5
  Installed Artifacts ────────── v1.3.0
  Installed PackageCompiler ──── v1.2.5
Updating `~/.julia/environments/v1.5/Project.toml`
  [6b39b394] + CodecZstd v0.7.0
  [9b87118b] + PackageCompiler v1.2.5
Updating `~/.julia/environments/v1.5/Manifest.toml`
  [56f22d72] + Artifacts v1.3.0
  [6b39b394] + CodecZstd v0.7.0
  [692b3bcd] + JLLWrappers v1.2.0
  [9b87118b] + PackageCompiler v1.2.5
  [3bb67fe8] + TranscodingStreams v0.9.5
  [3161d3a3] + Zstd_jll v1.4.5+2
  [2a0f44e3] + Base64
  [ade2ca70] + Dates
  [8ba89e20] + Distributed
  [b77e0a4c] + InteractiveUtils
  [76f85450] + LibGit2
  [8f399da3] + Libdl
  [56ddb016] + Logging
  [d6f4376e] + Markdown
  [44cfe95a] + Pkg
  [de0858da] + Printf
  [3fa0cd96] + REPL
  [9a3f8284] + Random
  [ea8e919c] + SHA
  [9e88b42a] + Serialization
  [6462fe0b] + Sockets
  [8dfed614] + Test
  [cf7118a7] + UUIDs
  [4ec0a83e] + Unicode


################################################################################
# Compiling: 2021-01-11T20:45:46.135
#

[ Info: PackageCompiler: creating system image object file, this might take a while...
Generated system image is 147.931 MiB, compilation took 167 seconds


################################################################################
# PkgEval set-up: 2021-01-11T20:48:41.371
#

Julia Version 1.5.3
Commit 599f52c4c6 (2020-12-18 13:33 UTC)
Platform Info:
  OS: Linux (x86_64-linux-gnu)
  CPU: AMD EPYC 7502 32-Core Processor
  WORD_SIZE: 64
  LIBM: libopenlibm
  LLVM: libLLVM-9.0.1 (ORCJIT, znver2)
Environment:
  JULIA_PKGEVAL = true
  JULIA_PKG_PRECOMPILE_AUTO = 0

Base.julia_cmd() = `/usr/local/julia/bin/julia -Cnative -J/cache/CodecZstd-Kt2WPEYC.so -g1`


################################################################################
# Installation: 2021-01-11T20:48:43.184
#

 Installing known registries into `~/.julia`
############################################                              61.7%######################################################################## 100.0%
      Added registry `General` to `~/.julia/registries/General`
  Resolving package versions...
  Installed Artifacts ────────── v1.3.0
  Installed CodecZstd ────────── v0.7.0
  Installed Zstd_jll ─────────── v1.4.5+2
  Installed JLLWrappers ──────── v1.2.0
  Installed TranscodingStreams ─ v0.9.5
Updating `~/.julia/environments/v1.5/Project.toml`
  [6b39b394] + CodecZstd v0.7.0
Updating `~/.julia/environments/v1.5/Manifest.toml`
  [56f22d72] + Artifacts v1.3.0
  [6b39b394] + CodecZstd v0.7.0
  [692b3bcd] + JLLWrappers v1.2.0
  [3bb67fe8] + TranscodingStreams v0.9.5
  [3161d3a3] + Zstd_jll v1.4.5+2
  [2a0f44e3] + Base64
  [ade2ca70] + Dates
  [8ba89e20] + Distributed
  [b77e0a4c] + InteractiveUtils
  [76f85450] + LibGit2
  [8f399da3] + Libdl
  [56ddb016] + Logging
  [d6f4376e] + Markdown
  [44cfe95a] + Pkg
  [de0858da] + Printf
  [3fa0cd96] + REPL
  [9a3f8284] + Random
  [ea8e919c] + SHA
  [9e88b42a] + Serialization
  [6462fe0b] + Sockets
  [8dfed614] + Test
  [cf7118a7] + UUIDs
  [4ec0a83e] + Unicode


################################################################################
# Testing: 2021-01-11T20:48:48.024
#

    Testing CodecZstd
Status `/tmp/jl_mP4Duc/Project.toml`
  [6b39b394] CodecZstd v0.7.0
  [3bb67fe8] TranscodingStreams v0.9.5
  [3161d3a3] Zstd_jll v1.4.5+2
  [8dfed614] Test
Status `/tmp/jl_mP4Duc/Manifest.toml`
  [56f22d72] Artifacts v1.3.0
  [6b39b394] CodecZstd v0.7.0
  [692b3bcd] JLLWrappers v1.2.0
  [3bb67fe8] TranscodingStreams v0.9.5
  [3161d3a3] Zstd_jll v1.4.5+2
  [2a0f44e3] Base64
  [ade2ca70] Dates
  [8ba89e20] Distributed
  [b77e0a4c] InteractiveUtils
  [76f85450] LibGit2
  [8f399da3] Libdl
  [56ddb016] Logging
  [d6f4376e] Markdown
  [44cfe95a] Pkg
  [de0858da] Printf
  [3fa0cd96] REPL
  [9a3f8284] Random
  [ea8e919c] SHA
  [9e88b42a] Serialization
  [6462fe0b] Sockets
  [8dfed614] Test
  [cf7118a7] UUIDs
  [4ec0a83e] Unicode
Test Summary: | Pass  Total
Zstd Codec    |  501    501
    Testing CodecZstd tests passed 

PkgEval succeeded


################################################################################
# PkgEval teardown: 2021-01-11T20:48:54.677
CPU usage: 13.54s (10.83s user, 2.74s kernel)

Network usage:
- eth0: 2.691 MiB received, 43.497 KiB sent

Raw statistics: {"blkio_stats":{"io_queue_recursive":[],"io_serviced_recursive":[{"major":259,"value":0,"op":"Read","minor":0},{"major":259,"value":19,"op":"Write","minor":0},{"major":259,"value":14,"op":"Sync","minor":0},{"major":259,"value":5,"op":"Async","minor":0},{"major":259,"value":0,"op":"Discard","minor":0},{"major":259,"value":19,"op":"Total","minor":0},{"major":253,"value":0,"op":"Read","minor":2},{"major":253,"value":19,"op":"Write","minor":2},{"major":253,"value":14,"op":"Sync","minor":2},{"major":253,"value":5,"op":"Async","minor":2},{"major":253,"value":0,"op":"Discard","minor":2},{"major":253,"value":19,"op":"Total","minor":2}],"io_time_recursive":[],"sectors_recursive":[],"io_service_bytes_recursive":[{"major":259,"value":0,"op":"Read","minor":0},{"major":259,"value":77824,"op":"Write","minor":0},{"major":259,"value":57344,"op":"Sync","minor":0},{"major":259,"value":20480,"op":"Async","minor":0},{"major":259,"value":0,"op":"Discard","minor":0},{"major":259,"value":77824,"op":"Total","minor":0},{"major":253,"value":0,"op":"Read","minor":2},{"major":253,"value":77824,"op":"Write","minor":2},{"major":253,"value":57344,"op":"Sync","minor":2},{"major":253,"value":20480,"op":"Async","minor":2},{"major":253,"value":0,"op":"Discard","minor":2},{"major":253,"value":77824,"op":"Total","minor":2}],"io_wait_time_recursive":[],"io_merged_recursive":[],"io_service_time_recursive":[]},"memory_stats":{"usage":325545984,"max_usage":788750336,"stats":{"hierarchical_memory_limit":9223372036854771712,"pgmajfault":0,"total_rss":215670784,"inactive_file":135168,"inactive_anon":79208448,"total_pgfault":366729,"total_cache":79982592,"total_rss_huge":0,"total_active_anon":216268800,"total_pgmajfault":0,"pgpgin":259776,"rss_huge":0,"mapped_file":0,"total_inactive_file":135168,"dirty":405504,"total_unevictable":0,"total_dirty":405504,"writeback":135168,"pgpgout":187598,"hierarchical_memsw_limit":0,"cache":79982592,"active_file":135168,"pgfault":366729,"total_mapped_file":0,"total_pgpgout":187598,"total_writeback":135168,"rss":215670784,"unevictable":0,"total_inactive_anon":79208448,"total_pgpgin":259776,"active_anon":216268800,"total_active_file":135168},"limit":540965302272},"name":"/CodecZstd-l3g82GMJ","networks":{"eth0":{"rx_bytes":2821265,"rx_packets":373,"tx_packets":386,"tx_bytes":44541,"tx_dropped":0,"rx_dropped":1,"tx_errors":0,"rx_errors":0}},"id":"9cd9c2cf7b900398e74d7613cb602167fe52659f62b36e84d3b3916f52778ef3","preread":"0001-01-01T00:00:00Z","storage_stats":{},"precpu_stats":{"throttling_data":{"throttled_periods":0,"throttled_time":0,"periods":0},"cpu_usage":{"usage_in_usermode":0,"usage_in_kernelmode":0,"total_usage":0}},"pids_stats":{"current":44},"num_procs":0,"cpu_stats":{"throttling_data":{"throttled_periods":0,"throttled_time":0,"periods":0},"system_cpu_usage":5654348404522419,"online_cpus":128,"cpu_usage":{"usage_in_usermode":10830000000,"usage_in_kernelmode":2740000000,"total_usage":13543209670,"percpu_usage":[0,0,0,0,0,0,0,0,0,0,0,0,0,0,0,0,0,0,0,0,13543205590,0,0,0,0,0,0,0,0,0,0,0,0,0,0,0,0,0,0,0,0,0,0,0,0,0,0,0,0,0,0,0,0,0,0,0,0,0,0,0,0,0,0,0,0,0,0,0,0,0,0,0,0,0,0,0,0,0,0,0,0,0,0,0,0,4080,0,0,0,0,0,0,0,0,0,0,0,0,0,0,0,0,0,0,0,0,0,0,0,0,0,0,0,0,0,0,0,0,0,0,0,0,0,0,0,0,0,0]}},"read":"2021-01-11T20:48:55.403367054Z"}