################################################################################
# PkgEval set-up: 2021-01-11T19:08:02.787
#

Julia Version 1.5.3
Commit 599f52c4c6 (2020-12-18 13:33 UTC)
Platform Info:
  OS: Linux (x86_64-linux-gnu)
  CPU: AMD EPYC 7502 32-Core Processor
  WORD_SIZE: 64
  LIBM: libopenlibm
  LLVM: libLLVM-9.0.1 (ORCJIT, znver2)
Environment:
  JULIA_PKG_PRECOMPILE_AUTO = 0
  JULIA_PKGEVAL = true

Base.julia_cmd() = `/opt/julia/bin/julia -Cnative -J/opt/julia/lib/julia/sys.so -g1`


################################################################################
# Installation: 2021-01-11T19:08:04.571
#

 Installing known registries into `~/.julia`
####################################################                      73.1%######################################################################## 100.0%
      Added registry `General` to `~/.julia/registries/General`
  Resolving package versions...
  Installed FixedPointNumbers ─ v0.8.4
  Installed ColorBlendModes ─── v0.2.2
  Installed ColorTypes ──────── v0.10.9
Updating `~/.julia/environments/v1.5/Project.toml`
  [60508b50] + ColorBlendModes v0.2.2
Updating `~/.julia/environments/v1.5/Manifest.toml`
  [60508b50] + ColorBlendModes v0.2.2
  [3da002f7] + ColorTypes v0.10.9
  [53c48c17] + FixedPointNumbers v0.8.4
  [8f399da3] + Libdl
  [37e2e46d] + LinearAlgebra
  [9a3f8284] + Random
  [9e88b42a] + Serialization
  [2f01184e] + SparseArrays
  [10745b16] + Statistics


################################################################################
# Testing: 2021-01-11T19:08:08.863
#

    Testing ColorBlendModes
Status `/tmp/jl_ket8bU/Project.toml`
  [60508b50] ColorBlendModes v0.2.2
  [3da002f7] ColorTypes v0.10.9
  [53c48c17] FixedPointNumbers v0.8.4
  [8dfed614] Test
Status `/tmp/jl_ket8bU/Manifest.toml`
  [60508b50] ColorBlendModes v0.2.2
  [3da002f7] ColorTypes v0.10.9
  [53c48c17] FixedPointNumbers v0.8.4
  [2a0f44e3] Base64
  [8ba89e20] Distributed
  [b77e0a4c] InteractiveUtils
  [8f399da3] Libdl
  [37e2e46d] LinearAlgebra
  [56ddb016] Logging
  [d6f4376e] Markdown
  [9a3f8284] Random
  [9e88b42a] Serialization
  [6462fe0b] Sockets
  [2f01184e] SparseArrays
  [10745b16] Statistics
  [8dfed614] Test
Skipping Base.active_repl
Skipping Base.active_repl_backend
Test Summary:          | Pass  Total
low level optimization |    3      3
Test Summary: | Pass  Total
hue operation |   20     20
Test Summary: | Pass  Total
blend: RGB    |  304    304
Test Summary:         | Pass  Total
blend: Gray (and RGB) |  592    592
Test Summary:  | Pass  Total
blend: Lab/Luv |   96     96
Test Summary:      | Pass  Total
blend: HSV/HSL/HSI |   54     54
Test Summary: | Pass  Total
composite     |  166    166
Test Summary: | Pass  Total
combination   |  117    117
Test Summary: | Pass  Total
keyword       |    3      3
Test Summary: | Pass  Total
parse         |    6      6
    Testing ColorBlendModes tests passed 

PkgEval succeeded


################################################################################
# PkgEval teardown: 2021-01-11T19:09:34.564
CPU usage: 91.67s (88.39s user, 3.37s kernel)

Network usage:
- eth0: 2.784 MiB received, 42.017 KiB sent

Raw statistics: {"blkio_stats":{"io_queue_recursive":[],"io_serviced_recursive":[{"major":259,"value":0,"op":"Read","minor":0},{"major":259,"value":24,"op":"Write","minor":0},{"major":259,"value":19,"op":"Sync","minor":0},{"major":259,"value":5,"op":"Async","minor":0},{"major":259,"value":0,"op":"Discard","minor":0},{"major":259,"value":24,"op":"Total","minor":0},{"major":253,"value":0,"op":"Read","minor":2},{"major":253,"value":24,"op":"Write","minor":2},{"major":253,"value":19,"op":"Sync","minor":2},{"major":253,"value":5,"op":"Async","minor":2},{"major":253,"value":0,"op":"Discard","minor":2},{"major":253,"value":24,"op":"Total","minor":2}],"io_time_recursive":[],"sectors_recursive":[],"io_service_bytes_recursive":[{"major":259,"value":0,"op":"Read","minor":0},{"major":259,"value":126976,"op":"Write","minor":0},{"major":259,"value":106496,"op":"Sync","minor":0},{"major":259,"value":20480,"op":"Async","minor":0},{"major":259,"value":0,"op":"Discard","minor":0},{"major":259,"value":126976,"op":"Total","minor":0},{"major":253,"value":0,"op":"Read","minor":2},{"major":253,"value":126976,"op":"Write","minor":2},{"major":253,"value":106496,"op":"Sync","minor":2},{"major":253,"value":20480,"op":"Async","minor":2},{"major":253,"value":0,"op":"Discard","minor":2},{"major":253,"value":126976,"op":"Total","minor":2}],"io_wait_time_recursive":[],"io_merged_recursive":[],"io_service_time_recursive":[]},"memory_stats":{"usage":338042880,"max_usage":787337216,"stats":{"hierarchical_memory_limit":9223372036854771712,"pgmajfault":0,"total_rss":219643904,"inactive_file":135168,"inactive_anon":79343616,"total_pgfault":898392,"total_cache":87916544,"total_rss_huge":0,"total_active_anon":224784384,"total_pgmajfault":0,"pgpgin":414447,"rss_huge":0,"mapped_file":0,"total_inactive_file":135168,"dirty":135168,"total_unevictable":0,"total_dirty":135168,"writeback":0,"pgpgout":339332,"hierarchical_memsw_limit":0,"cache":87916544,"active_file":3649536,"pgfault":898392,"total_mapped_file":0,"total_pgpgout":339332,"total_writeback":0,"rss":219643904,"unevictable":0,"total_inactive_anon":79343616,"total_pgpgin":414447,"active_anon":224784384,"total_active_file":3649536},"limit":540965302272},"name":"/ColorBlendModes-YOslPPZc","networks":{"eth0":{"rx_bytes":2918771,"rx_packets":450,"tx_packets":436,"tx_bytes":43025,"tx_dropped":0,"rx_dropped":3,"tx_errors":0,"rx_errors":0}},"id":"0697c306f9df91afaad7e694262f67e86bcbcaa686780cbc17453bc126aa7685","preread":"0001-01-01T00:00:00Z","storage_stats":{},"precpu_stats":{"throttling_data":{"throttled_periods":0,"throttled_time":0,"periods":0},"cpu_usage":{"usage_in_usermode":0,"usage_in_kernelmode":0,"total_usage":0}},"pids_stats":{"current":40},"num_procs":0,"cpu_stats":{"throttling_data":{"throttled_periods":0,"throttled_time":0,"periods":0},"system_cpu_usage":4892479194522419,"online_cpus":128,"cpu_usage":{"usage_in_usermode":88390000000,"usage_in_kernelmode":3370000000,"total_usage":91671599145,"percpu_usage":[0,0,0,0,0,0,0,0,0,0,0,91671593965,0,0,0,0,0,0,0,0,0,0,0,0,0,0,0,0,0,0,0,0,0,0,0,0,0,0,0,0,0,0,0,0,0,0,0,0,0,0,0,0,0,0,0,0,0,0,0,0,0,0,0,0,0,0,0,0,0,0,0,0,0,0,0,5180,0,0,0,0,0,0,0,0,0,0,0,0,0,0,0,0,0,0,0,0,0,0,0,0,0,0,0,0,0,0,0,0,0,0,0,0,0,0,0,0,0,0,0,0,0,0,0,0,0,0,0,0]}},"read":"2021-01-11T19:09:34.566767744Z"}