################################################################################
# PkgEval set-up: 2021-01-11T16:35:42.193
#

Julia Version 1.5.3
Commit 599f52c4c6 (2020-12-18 13:33 UTC)
Platform Info:
  OS: Linux (x86_64-linux-gnu)
  CPU: AMD EPYC 7502 32-Core Processor
  WORD_SIZE: 64
  LIBM: libopenlibm
  LLVM: libLLVM-9.0.1 (ORCJIT, znver2)
Environment:
  JULIA_PKG_PRECOMPILE_AUTO = 0
  JULIA_PKGEVAL = true

Base.julia_cmd() = `/opt/julia/bin/julia -Cnative -J/opt/julia/lib/julia/sys.so -g1`


################################################################################
# Installation: 2021-01-11T16:35:43.998
#

 Installing known registries into `~/.julia`
#=#=#                                                                         ######################################################################## 100.0%
      Added registry `General` to `~/.julia/registries/General`
  Resolving package versions...
  Installed MacroTools ──────── v0.5.6
  Installed CommonRLInterface ─ v0.3.0
Updating `~/.julia/environments/v1.5/Project.toml`
  [d842c3ba] + CommonRLInterface v0.3.0
Updating `~/.julia/environments/v1.5/Manifest.toml`
  [d842c3ba] + CommonRLInterface v0.3.0
  [1914dd2f] + MacroTools v0.5.6
  [2a0f44e3] + Base64
  [d6f4376e] + Markdown
  [9a3f8284] + Random
  [9e88b42a] + Serialization


################################################################################
# Testing: 2021-01-11T16:35:48.796
#

    Testing CommonRLInterface
Status `/tmp/jl_eg2lHT/Project.toml`
  [35d6a980] ColorSchemes v3.10.2
  [d842c3ba] CommonRLInterface v0.3.0
  [a81c6b42] Compose v0.9.1
  [1914dd2f] MacroTools v0.5.6
  [90137ffa] StaticArrays v1.0.1
  [8dfed614] Test
Status `/tmp/jl_eg2lHT/Manifest.toml`
  [35d6a980] ColorSchemes v3.10.2
  [3da002f7] ColorTypes v0.10.9
  [5ae59095] Colors v0.12.6
  [d842c3ba] CommonRLInterface v0.3.0
  [34da2185] Compat v3.25.0
  [a81c6b42] Compose v0.9.1
  [864edb3b] DataStructures v0.18.8
  [53c48c17] FixedPointNumbers v0.8.4
  [c8e1da08] IterTools v1.3.0
  [682c06a0] JSON v0.21.1
  [1914dd2f] MacroTools v0.5.6
  [442fdcdd] Measures v0.3.1
  [bac558e1] OrderedCollections v1.3.2
  [69de0a69] Parsers v1.0.15
  [189a3867] Reexport v1.0.0
  [ae029012] Requires v1.1.2
  [90137ffa] StaticArrays v1.0.1
  [2a0f44e3] Base64
  [ade2ca70] Dates
  [8bb1440f] DelimitedFiles
  [8ba89e20] Distributed
  [b77e0a4c] InteractiveUtils
  [76f85450] LibGit2
  [8f399da3] Libdl
  [37e2e46d] LinearAlgebra
  [56ddb016] Logging
  [d6f4376e] Markdown
  [a63ad114] Mmap
  [44cfe95a] Pkg
  [de0858da] Printf
  [3fa0cd96] REPL
  [9a3f8284] Random
  [ea8e919c] SHA
  [9e88b42a] Serialization
  [1a1011a3] SharedArrays
  [6462fe0b] Sockets
  [2f01184e] SparseArrays
  [10745b16] Statistics
  [8dfed614] Test
  [cf7118a7] UUIDs
  [4ec0a83e] Unicode
rsum = -25.217385501229828
Test Summary: |
from README   | No tests
Test Summary: | Pass  Total
providing     |   22     22
Test Summary: | Pass  Total
environment   |    7      7
Test Summary: | Pass  Total
spaces        |    7      7
Test Summary: | Pass  Total
gridworld     |    5      5
Test Summary: | Pass  Total
wrappers      |   23     23
    Testing CommonRLInterface tests passed 

PkgEval succeeded


################################################################################
# PkgEval teardown: 2021-01-11T16:36:50.029
CPU usage: 67.73s (62.97s user, 4.86s kernel)

Network usage:
- eth0: 12.569 MiB received, 144.819 KiB sent

Raw statistics: {"blkio_stats":{"io_queue_recursive":[],"io_serviced_recursive":[{"major":259,"value":0,"op":"Read","minor":0},{"major":259,"value":24,"op":"Write","minor":0},{"major":259,"value":19,"op":"Sync","minor":0},{"major":259,"value":5,"op":"Async","minor":0},{"major":259,"value":0,"op":"Discard","minor":0},{"major":259,"value":24,"op":"Total","minor":0},{"major":253,"value":0,"op":"Read","minor":2},{"major":253,"value":24,"op":"Write","minor":2},{"major":253,"value":19,"op":"Sync","minor":2},{"major":253,"value":5,"op":"Async","minor":2},{"major":253,"value":0,"op":"Discard","minor":2},{"major":253,"value":24,"op":"Total","minor":2}],"io_time_recursive":[],"sectors_recursive":[],"io_service_bytes_recursive":[{"major":259,"value":0,"op":"Read","minor":0},{"major":259,"value":131072,"op":"Write","minor":0},{"major":259,"value":106496,"op":"Sync","minor":0},{"major":259,"value":24576,"op":"Async","minor":0},{"major":259,"value":0,"op":"Discard","minor":0},{"major":259,"value":131072,"op":"Total","minor":0},{"major":253,"value":0,"op":"Read","minor":2},{"major":253,"value":131072,"op":"Write","minor":2},{"major":253,"value":106496,"op":"Sync","minor":2},{"major":253,"value":24576,"op":"Async","minor":2},{"major":253,"value":0,"op":"Discard","minor":2},{"major":253,"value":131072,"op":"Total","minor":2}],"io_wait_time_recursive":[],"io_merged_recursive":[],"io_service_time_recursive":[]},"memory_stats":{"usage":346886144,"max_usage":1118851072,"stats":{"hierarchical_memory_limit":9223372036854771712,"pgmajfault":0,"total_rss":194236416,"inactive_file":135168,"inactive_anon":100024320,"total_pgfault":1705143,"total_cache":121905152,"total_rss_huge":0,"total_active_anon":216133632,"total_pgmajfault":0,"pgpgin":1098108,"rss_huge":0,"mapped_file":0,"total_inactive_file":135168,"dirty":135168,"total_unevictable":0,"total_dirty":135168,"writeback":0,"pgpgout":1020940,"hierarchical_memsw_limit":0,"cache":121905152,"active_file":135168,"pgfault":1705143,"total_mapped_file":0,"total_pgpgout":1020940,"total_writeback":0,"rss":194236416,"unevictable":0,"total_inactive_anon":100024320,"total_pgpgin":1098108,"active_anon":216133632,"total_active_file":135168},"limit":540965302272},"name":"/CommonRLInterface-AH6LSQu6","networks":{"eth0":{"rx_bytes":13179079,"rx_packets":1570,"tx_packets":1513,"tx_bytes":148295,"tx_dropped":0,"rx_dropped":3,"tx_errors":0,"rx_errors":0}},"id":"972374fb0d0a2b3c3506e6126aa17d6dc3f3c741063fabb3cb1a54f530ce3c3e","preread":"0001-01-01T00:00:00Z","storage_stats":{},"precpu_stats":{"throttling_data":{"throttled_periods":0,"throttled_time":0,"periods":0},"cpu_usage":{"usage_in_usermode":0,"usage_in_kernelmode":0,"total_usage":0}},"pids_stats":{"current":40},"num_procs":0,"cpu_stats":{"throttling_data":{"throttled_periods":0,"throttled_time":0,"periods":0},"system_cpu_usage":3721599344522419,"online_cpus":128,"cpu_usage":{"usage_in_usermode":62970000000,"usage_in_kernelmode":4860000000,"total_usage":67730923564,"percpu_usage":[0,0,0,0,0,0,0,0,0,0,0,0,0,0,0,0,0,0,0,0,0,0,0,0,0,67730918794,0,4770,0,0,0,0,0,0,0,0,0,0,0,0,0,0,0,0,0,0,0,0,0,0,0,0,0,0,0,0,0,0,0,0,0,0,0,0,0,0,0,0,0,0,0,0,0,0,0,0,0,0,0,0,0,0,0,0,0,0,0,0,0,0,0,0,0,0,0,0,0,0,0,0,0,0,0,0,0,0,0,0,0,0,0,0,0,0,0,0,0,0,0,0,0,0,0,0,0,0,0,0]}},"read":"2021-01-11T16:36:50.585046137Z"}