################################################################################
# PackageCompiler set-up: 2021-01-11T15:23:03.506
#

Julia Version 1.5.3
Commit 599f52c4c6 (2020-12-18 13:33 UTC)
Platform Info:
  OS: Linux (x86_64-linux-gnu)
  CPU: AMD EPYC 7502 32-Core Processor
  WORD_SIZE: 64
  LIBM: libopenlibm
  LLVM: libLLVM-9.0.1 (ORCJIT, znver2)
Environment:
  JULIA_PKGEVAL = true
  JULIA_PKG_PRECOMPILE_AUTO = 0



################################################################################
# Installation: 2021-01-11T15:23:05.221
#

 Installing known registries into `~/.julia`
######################################################################## 100.0%
      Added registry `General` to `~/.julia/registries/General`
  Resolving package versions...
  Installed ComputabilityTheory ─ v0.1.1
  Installed PackageCompiler ───── v1.2.5
Updating `~/.julia/environments/v1.5/Project.toml`
  [1aac4ff9] + ComputabilityTheory v0.1.1
  [9b87118b] + PackageCompiler v1.2.5
Updating `~/.julia/environments/v1.5/Manifest.toml`
  [1aac4ff9] + ComputabilityTheory v0.1.1
  [9b87118b] + PackageCompiler v1.2.5
  [2a0f44e3] + Base64
  [ade2ca70] + Dates
  [b77e0a4c] + InteractiveUtils
  [76f85450] + LibGit2
  [8f399da3] + Libdl
  [56ddb016] + Logging
  [d6f4376e] + Markdown
  [44cfe95a] + Pkg
  [de0858da] + Printf
  [3fa0cd96] + REPL
  [9a3f8284] + Random
  [ea8e919c] + SHA
  [9e88b42a] + Serialization
  [6462fe0b] + Sockets
  [cf7118a7] + UUIDs
  [4ec0a83e] + Unicode


################################################################################
# Compiling: 2021-01-11T15:23:10.88
#

WARNING: Method definition ∸(Number, Number) in module ComputabilityTheory at /home/pkgeval/.julia/packages/ComputabilityTheory/U9kIr/src/coding.jl:15 overwritten at /home/pkgeval/.julia/packages/ComputabilityTheory/U9kIr/src/coding.jl:15.
  ** incremental compilation may be fatally broken for this module **

WARNING: Method definition pair_tuple(Integer, Integer) in module ComputabilityTheory at /home/pkgeval/.julia/packages/ComputabilityTheory/U9kIr/src/coding.jl:24 overwritten at /home/pkgeval/.julia/packages/ComputabilityTheory/U9kIr/src/coding.jl:24.
  ** incremental compilation may be fatally broken for this module **

WARNING: Method definition pair_tuple(Integer, Integer, Integer...) in module ComputabilityTheory at /home/pkgeval/.julia/packages/ComputabilityTheory/U9kIr/src/coding.jl:25 overwritten at /home/pkgeval/.julia/packages/ComputabilityTheory/U9kIr/src/coding.jl:25.
  ** incremental compilation may be fatally broken for this module **

WARNING: Method definition pair_tuple(Tuple) in module ComputabilityTheory at /home/pkgeval/.julia/packages/ComputabilityTheory/U9kIr/src/coding.jl:26 overwritten at /home/pkgeval/.julia/packages/ComputabilityTheory/U9kIr/src/coding.jl:26.
  ** incremental compilation may be fatally broken for this module **

WARNING: Method definition (::Type{ComputabilityTheory.Algebra})() in module ComputabilityTheory at /home/pkgeval/.julia/packages/ComputabilityTheory/U9kIr/src/coding.jl:32 overwritten at /home/pkgeval/.julia/packages/ComputabilityTheory/U9kIr/src/coding.jl:32.
  ** incremental compilation may be fatally broken for this module **

WARNING: Method definition (::Base.Irrational{:π})(Base.Val{n}, Integer) where {n} in module ComputabilityTheory at /home/pkgeval/.julia/packages/ComputabilityTheory/U9kIr/src/coding.jl:40 overwritten at /home/pkgeval/.julia/packages/ComputabilityTheory/U9kIr/src/coding.jl:40.
  ** incremental compilation may be fatally broken for this module **

WARNING: Method definition (::Base.Irrational{:π})(Integer, Integer) in module ComputabilityTheory at /home/pkgeval/.julia/packages/ComputabilityTheory/U9kIr/src/coding.jl:59 overwritten at /home/pkgeval/.julia/packages/ComputabilityTheory/U9kIr/src/coding.jl:59.
  ** incremental compilation may be fatally broken for this module **

WARNING: Method definition (::Base.Irrational{:π})(Integer) in module ComputabilityTheory at /home/pkgeval/.julia/packages/ComputabilityTheory/U9kIr/src/coding.jl:61 overwritten at /home/pkgeval/.julia/packages/ComputabilityTheory/U9kIr/src/coding.jl:61.
  ** incremental compilation may be fatally broken for this module **

WARNING: Method definition (::Base.Irrational{:π})(Integer, Integer, Integer) in module ComputabilityTheory at /home/pkgeval/.julia/packages/ComputabilityTheory/U9kIr/src/coding.jl:67 overwritten at /home/pkgeval/.julia/packages/ComputabilityTheory/U9kIr/src/coding.jl:67.
  ** incremental compilation may be fatally broken for this module **

WARNING: Method definition (::Base.Irrational{:π})(Integer, ComputabilityTheory.Algebra) in module ComputabilityTheory at /home/pkgeval/.julia/packages/ComputabilityTheory/U9kIr/src/coding.jl:71 overwritten at /home/pkgeval/.julia/packages/ComputabilityTheory/U9kIr/src/coding.jl:71.
  ** incremental compilation may be fatally broken for this module **

WARNING: Method definition (::Base.Irrational{:π})(Integer, Integer, ComputabilityTheory.Algebra) in module ComputabilityTheory at /home/pkgeval/.julia/packages/ComputabilityTheory/U9kIr/src/coding.jl:86 overwritten at /home/pkgeval/.julia/packages/ComputabilityTheory/U9kIr/src/coding.jl:86.
  ** incremental compilation may be fatally broken for this module **

WARNING: Method definition (::Base.Irrational{:π})(Integer, Integer, Integer, ComputabilityTheory.Algebra) in module ComputabilityTheory at /home/pkgeval/.julia/packages/ComputabilityTheory/U9kIr/src/coding.jl:101 overwritten at /home/pkgeval/.julia/packages/ComputabilityTheory/U9kIr/src/coding.jl:101.
  ** incremental compilation may be fatally broken for this module **

WARNING: Method definition cℤ(Integer) in module ComputabilityTheory at /home/pkgeval/.julia/packages/ComputabilityTheory/U9kIr/src/coding.jl:108 overwritten at /home/pkgeval/.julia/packages/ComputabilityTheory/U9kIr/src/coding.jl:108.
  ** incremental compilation may be fatally broken for this module **

WARNING: Method definition cℤ(Integer, Integer...) in module ComputabilityTheory at /home/pkgeval/.julia/packages/ComputabilityTheory/U9kIr/src/coding.jl:111 overwritten at /home/pkgeval/.julia/packages/ComputabilityTheory/U9kIr/src/coding.jl:111.
  ** incremental compilation may be fatally broken for this module **

WARNING: Method definition cℤ(AbstractArray{var"#s19", N} where N where var"#s19"<:Integer) in module ComputabilityTheory at /home/pkgeval/.julia/packages/ComputabilityTheory/U9kIr/src/coding.jl:112 overwritten at /home/pkgeval/.julia/packages/ComputabilityTheory/U9kIr/src/coding.jl:112.
  ** incremental compilation may be fatally broken for this module **

WARNING: Method definition cℤ(Tuple{Integer, Integer}) in module ComputabilityTheory at /home/pkgeval/.julia/packages/ComputabilityTheory/U9kIr/src/coding.jl:115 overwritten at /home/pkgeval/.julia/packages/ComputabilityTheory/U9kIr/src/coding.jl:115.
  ** incremental compilation may be fatally broken for this module **

WARNING: Method definition cℤ⁻¹(Integer) in module ComputabilityTheory at /home/pkgeval/.julia/packages/ComputabilityTheory/U9kIr/src/coding.jl:122 overwritten at /home/pkgeval/.julia/packages/ComputabilityTheory/U9kIr/src/coding.jl:122.
  ** incremental compilation may be fatally broken for this module **

WARNING: Method definition cℤ⁻¹(AbstractArray{var"#s19", N} where N where var"#s19"<:Integer) in module ComputabilityTheory at /home/pkgeval/.julia/packages/ComputabilityTheory/U9kIr/src/coding.jl:123 overwritten at /home/pkgeval/.julia/packages/ComputabilityTheory/U9kIr/src/coding.jl:123.
  ** incremental compilation may be fatally broken for this module **

WARNING: Method definition ∸(Number, Number) in module ComputabilityTheory at /home/pkgeval/.julia/packages/ComputabilityTheory/U9kIr/src/coding.jl:15 overwritten at /home/pkgeval/.julia/packages/ComputabilityTheory/U9kIr/src/coding.jl:15.
  ** incremental compilation may be fatally broken for this module **

WARNING: Method definition pair_tuple(Integer, Integer) in module ComputabilityTheory at /home/pkgeval/.julia/packages/ComputabilityTheory/U9kIr/src/coding.jl:24 overwritten at /home/pkgeval/.julia/packages/ComputabilityTheory/U9kIr/src/coding.jl:24.
  ** incremental compilation may be fatally broken for this module **

WARNING: Method definition pair_tuple(Integer, Integer, Integer...) in module ComputabilityTheory at /home/pkgeval/.julia/packages/ComputabilityTheory/U9kIr/src/coding.jl:25 overwritten at /home/pkgeval/.julia/packages/ComputabilityTheory/U9kIr/src/coding.jl:25.
  ** incremental compilation may be fatally broken for this module **

WARNING: Method definition pair_tuple(Tuple) in module ComputabilityTheory at /home/pkgeval/.julia/packages/ComputabilityTheory/U9kIr/src/coding.jl:26 overwritten at /home/pkgeval/.julia/packages/ComputabilityTheory/U9kIr/src/coding.jl:26.
  ** incremental compilation may be fatally broken for this module **

WARNING: Method definition (::Type{ComputabilityTheory.Algebra})() in module ComputabilityTheory at /home/pkgeval/.julia/packages/ComputabilityTheory/U9kIr/src/coding.jl:32 overwritten at /home/pkgeval/.julia/packages/ComputabilityTheory/U9kIr/src/coding.jl:32.
  ** incremental compilation may be fatally broken for this module **

WARNING: Method definition (::Base.Irrational{:π})(Base.Val{n}, Integer) where {n} in module ComputabilityTheory at /home/pkgeval/.julia/packages/ComputabilityTheory/U9kIr/src/coding.jl:40 overwritten at /home/pkgeval/.julia/packages/ComputabilityTheory/U9kIr/src/coding.jl:40.
  ** incremental compilation may be fatally broken for this module **

WARNING: Method definition (::Base.Irrational{:π})(Integer, Integer) in module ComputabilityTheory at /home/pkgeval/.julia/packages/ComputabilityTheory/U9kIr/src/coding.jl:59 overwritten at /home/pkgeval/.julia/packages/ComputabilityTheory/U9kIr/src/coding.jl:59.
  ** incremental compilation may be fatally broken for this module **

WARNING: Method definition (::Base.Irrational{:π})(Integer) in module ComputabilityTheory at /home/pkgeval/.julia/packages/ComputabilityTheory/U9kIr/src/coding.jl:61 overwritten at /home/pkgeval/.julia/packages/ComputabilityTheory/U9kIr/src/coding.jl:61.
  ** incremental compilation may be fatally broken for this module **

WARNING: Method definition (::Base.Irrational{:π})(Integer, Integer, Integer) in module ComputabilityTheory at /home/pkgeval/.julia/packages/ComputabilityTheory/U9kIr/src/coding.jl:67 overwritten at /home/pkgeval/.julia/packages/ComputabilityTheory/U9kIr/src/coding.jl:67.
  ** incremental compilation may be fatally broken for this module **

WARNING: Method definition (::Base.Irrational{:π})(Integer, ComputabilityTheory.Algebra) in module ComputabilityTheory at /home/pkgeval/.julia/packages/ComputabilityTheory/U9kIr/src/coding.jl:71 overwritten at /home/pkgeval/.julia/packages/ComputabilityTheory/U9kIr/src/coding.jl:71.
  ** incremental compilation may be fatally broken for this module **

WARNING: Method definition (::Base.Irrational{:π})(Integer, Integer, ComputabilityTheory.Algebra) in module ComputabilityTheory at /home/pkgeval/.julia/packages/ComputabilityTheory/U9kIr/src/coding.jl:86 overwritten at /home/pkgeval/.julia/packages/ComputabilityTheory/U9kIr/src/coding.jl:86.
  ** incremental compilation may be fatally broken for this module **

WARNING: Method definition (::Base.Irrational{:π})(Integer, Integer, Integer, ComputabilityTheory.Algebra) in module ComputabilityTheory at /home/pkgeval/.julia/packages/ComputabilityTheory/U9kIr/src/coding.jl:101 overwritten at /home/pkgeval/.julia/packages/ComputabilityTheory/U9kIr/src/coding.jl:101.
  ** incremental compilation may be fatally broken for this module **

WARNING: Method definition cℤ(Integer) in module ComputabilityTheory at /home/pkgeval/.julia/packages/ComputabilityTheory/U9kIr/src/coding.jl:108 overwritten at /home/pkgeval/.julia/packages/ComputabilityTheory/U9kIr/src/coding.jl:108.
  ** incremental compilation may be fatally broken for this module **

WARNING: Method definition cℤ(Integer, Integer...) in module ComputabilityTheory at /home/pkgeval/.julia/packages/ComputabilityTheory/U9kIr/src/coding.jl:111 overwritten at /home/pkgeval/.julia/packages/ComputabilityTheory/U9kIr/src/coding.jl:111.
  ** incremental compilation may be fatally broken for this module **

WARNING: Method definition cℤ(AbstractArray{var"#s19", N} where N where var"#s19"<:Integer) in module ComputabilityTheory at /home/pkgeval/.julia/packages/ComputabilityTheory/U9kIr/src/coding.jl:112 overwritten at /home/pkgeval/.julia/packages/ComputabilityTheory/U9kIr/src/coding.jl:112.
  ** incremental compilation may be fatally broken for this module **

WARNING: Method definition cℤ(Tuple{Integer, Integer}) in module ComputabilityTheory at /home/pkgeval/.julia/packages/ComputabilityTheory/U9kIr/src/coding.jl:115 overwritten at /home/pkgeval/.julia/packages/ComputabilityTheory/U9kIr/src/coding.jl:115.
  ** incremental compilation may be fatally broken for this module **

WARNING: Method definition cℤ⁻¹(Integer) in module ComputabilityTheory at /home/pkgeval/.julia/packages/ComputabilityTheory/U9kIr/src/coding.jl:122 overwritten at /home/pkgeval/.julia/packages/ComputabilityTheory/U9kIr/src/coding.jl:122.
  ** incremental compilation may be fatally broken for this module **

WARNING: Method definition cℤ⁻¹(AbstractArray{var"#s19", N} where N where var"#s19"<:Integer) in module ComputabilityTheory at /home/pkgeval/.julia/packages/ComputabilityTheory/U9kIr/src/coding.jl:123 overwritten at /home/pkgeval/.julia/packages/ComputabilityTheory/U9kIr/src/coding.jl:123.
  ** incremental compilation may be fatally broken for this module **

WARNING: Method definition ∸(Number, Number) in module ComputabilityTheory at /home/pkgeval/.julia/packages/ComputabilityTheory/U9kIr/src/coding.jl:15 overwritten at /home/pkgeval/.julia/packages/ComputabilityTheory/U9kIr/src/coding.jl:15.
  ** incremental compilation may be fatally broken for this module **

WARNING: Method definition pair_tuple(Integer, Integer) in module ComputabilityTheory at /home/pkgeval/.julia/packages/ComputabilityTheory/U9kIr/src/coding.jl:24 overwritten at /home/pkgeval/.julia/packages/ComputabilityTheory/U9kIr/src/coding.jl:24.
  ** incremental compilation may be fatally broken for this module **

WARNING: Method definition pair_tuple(Integer, Integer, Integer...) in module ComputabilityTheory at /home/pkgeval/.julia/packages/ComputabilityTheory/U9kIr/src/coding.jl:25 overwritten at /home/pkgeval/.julia/packages/ComputabilityTheory/U9kIr/src/coding.jl:25.
  ** incremental compilation may be fatally broken for this module **

WARNING: Method definition pair_tuple(Tuple) in module ComputabilityTheory at /home/pkgeval/.julia/packages/ComputabilityTheory/U9kIr/src/coding.jl:26 overwritten at /home/pkgeval/.julia/packages/ComputabilityTheory/U9kIr/src/coding.jl:26.
  ** incremental compilation may be fatally broken for this module **

WARNING: Method definition (::Type{ComputabilityTheory.Algebra})() in module ComputabilityTheory at /home/pkgeval/.julia/packages/ComputabilityTheory/U9kIr/src/coding.jl:32 overwritten at /home/pkgeval/.julia/packages/ComputabilityTheory/U9kIr/src/coding.jl:32.
  ** incremental compilation may be fatally broken for this module **

WARNING: Method definition (::Base.Irrational{:π})(Base.Val{n}, Integer) where {n} in module ComputabilityTheory at /home/pkgeval/.julia/packages/ComputabilityTheory/U9kIr/src/coding.jl:40 overwritten at /home/pkgeval/.julia/packages/ComputabilityTheory/U9kIr/src/coding.jl:40.
  ** incremental compilation may be fatally broken for this module **

WARNING: Method definition (::Base.Irrational{:π})(Integer, Integer) in module ComputabilityTheory at /home/pkgeval/.julia/packages/ComputabilityTheory/U9kIr/src/coding.jl:59 overwritten at /home/pkgeval/.julia/packages/ComputabilityTheory/U9kIr/src/coding.jl:59.
  ** incremental compilation may be fatally broken for this module **

WARNING: Method definition (::Base.Irrational{:π})(Integer) in module ComputabilityTheory at /home/pkgeval/.julia/packages/ComputabilityTheory/U9kIr/src/coding.jl:61 overwritten at /home/pkgeval/.julia/packages/ComputabilityTheory/U9kIr/src/coding.jl:61.
  ** incremental compilation may be fatally broken for this module **

WARNING: Method definition (::Base.Irrational{:π})(Integer, Integer, Integer) in module ComputabilityTheory at /home/pkgeval/.julia/packages/ComputabilityTheory/U9kIr/src/coding.jl:67 overwritten at /home/pkgeval/.julia/packages/ComputabilityTheory/U9kIr/src/coding.jl:67.
  ** incremental compilation may be fatally broken for this module **

WARNING: Method definition (::Base.Irrational{:π})(Integer, ComputabilityTheory.Algebra) in module ComputabilityTheory at /home/pkgeval/.julia/packages/ComputabilityTheory/U9kIr/src/coding.jl:71 overwritten at /home/pkgeval/.julia/packages/ComputabilityTheory/U9kIr/src/coding.jl:71.
  ** incremental compilation may be fatally broken for this module **

WARNING: Method definition (::Base.Irrational{:π})(Integer, Integer, ComputabilityTheory.Algebra) in module ComputabilityTheory at /home/pkgeval/.julia/packages/ComputabilityTheory/U9kIr/src/coding.jl:86 overwritten at /home/pkgeval/.julia/packages/ComputabilityTheory/U9kIr/src/coding.jl:86.
  ** incremental compilation may be fatally broken for this module **

WARNING: Method definition (::Base.Irrational{:π})(Integer, Integer, Integer, ComputabilityTheory.Algebra) in module ComputabilityTheory at /home/pkgeval/.julia/packages/ComputabilityTheory/U9kIr/src/coding.jl:101 overwritten at /home/pkgeval/.julia/packages/ComputabilityTheory/U9kIr/src/coding.jl:101.
  ** incremental compilation may be fatally broken for this module **

WARNING: Method definition cℤ(Integer) in module ComputabilityTheory at /home/pkgeval/.julia/packages/ComputabilityTheory/U9kIr/src/coding.jl:108 overwritten at /home/pkgeval/.julia/packages/ComputabilityTheory/U9kIr/src/coding.jl:108.
  ** incremental compilation may be fatally broken for this module **

WARNING: Method definition cℤ(Integer, Integer...) in module ComputabilityTheory at /home/pkgeval/.julia/packages/ComputabilityTheory/U9kIr/src/coding.jl:111 overwritten at /home/pkgeval/.julia/packages/ComputabilityTheory/U9kIr/src/coding.jl:111.
  ** incremental compilation may be fatally broken for this module **

WARNING: Method definition cℤ(AbstractArray{var"#s50", N} where N where var"#s50"<:Integer) in module ComputabilityTheory at /home/pkgeval/.julia/packages/ComputabilityTheory/U9kIr/src/coding.jl:112 overwritten at /home/pkgeval/.julia/packages/ComputabilityTheory/U9kIr/src/coding.jl:112.
  ** incremental compilation may be fatally broken for this module **

WARNING: Method definition cℤ(Tuple{Integer, Integer}) in module ComputabilityTheory at /home/pkgeval/.julia/packages/ComputabilityTheory/U9kIr/src/coding.jl:115 overwritten at /home/pkgeval/.julia/packages/ComputabilityTheory/U9kIr/src/coding.jl:115.
  ** incremental compilation may be fatally broken for this module **

WARNING: Method definition cℤ⁻¹(Integer) in module ComputabilityTheory at /home/pkgeval/.julia/packages/ComputabilityTheory/U9kIr/src/coding.jl:122 overwritten at /home/pkgeval/.julia/packages/ComputabilityTheory/U9kIr/src/coding.jl:122.
  ** incremental compilation may be fatally broken for this module **

WARNING: Method definition cℤ⁻¹(AbstractArray{var"#s50", N} where N where var"#s50"<:Integer) in module ComputabilityTheory at /home/pkgeval/.julia/packages/ComputabilityTheory/U9kIr/src/coding.jl:123 overwritten at /home/pkgeval/.julia/packages/ComputabilityTheory/U9kIr/src/coding.jl:123.
  ** incremental compilation may be fatally broken for this module **

WARNING: Method definition (::Type{ComputabilityTheory.Instruction})(Integer) in module ComputabilityTheory at /home/pkgeval/.julia/packages/ComputabilityTheory/U9kIr/src/goto.jl:44 overwritten at /home/pkgeval/.julia/packages/ComputabilityTheory/U9kIr/src/goto.jl:44.
  ** incremental compilation may be fatally broken for this module **

WARNING: Method definition (::Type{ComputabilityTheory.Instruction})(Tuple) in module ComputabilityTheory at /home/pkgeval/.julia/packages/ComputabilityTheory/U9kIr/src/goto.jl:59 overwritten at /home/pkgeval/.julia/packages/ComputabilityTheory/U9kIr/src/goto.jl:59.
  ** incremental compilation may be fatally broken for this module **

WARNING: Method definition (::Type{ComputabilityTheory.Instruction})(Integer, Integer...) in module ComputabilityTheory at /home/pkgeval/.julia/packages/ComputabilityTheory/U9kIr/src/goto.jl:83 overwritten at /home/pkgeval/.julia/packages/ComputabilityTheory/U9kIr/src/goto.jl:83.
  ** incremental compilation may be fatally broken for this module **

WARNING: Method definition (::Type{ComputabilityTheory.Sequence})(Integer) in module ComputabilityTheory at /home/pkgeval/.julia/packages/ComputabilityTheory/U9kIr/src/goto.jl:91 overwritten at /home/pkgeval/.julia/packages/ComputabilityTheory/U9kIr/src/goto.jl:91.
  ** incremental compilation may be fatally broken for this module **

WARNING: Method definition (::Type{ComputabilityTheory.Sequence})(Tuple) in module ComputabilityTheory at /home/pkgeval/.julia/packages/ComputabilityTheory/U9kIr/src/goto.jl:98 overwritten at /home/pkgeval/.julia/packages/ComputabilityTheory/U9kIr/src/goto.jl:98.
  ** incremental compilation may be fatally broken for this module **

WARNING: Method definition (::Type{ComputabilityTheory.Sequence})(Integer, Tuple) in module ComputabilityTheory at /home/pkgeval/.julia/packages/ComputabilityTheory/U9kIr/src/goto.jl:117 overwritten at /home/pkgeval/.julia/packages/ComputabilityTheory/U9kIr/src/goto.jl:117.
  ** incremental compilation may be fatally broken for this module **

WARNING: Method definition (::Type{ComputabilityTheory.Sequence})(Integer, Integer...) in module ComputabilityTheory at /home/pkgeval/.julia/packages/ComputabilityTheory/U9kIr/src/goto.jl:118 overwritten at /home/pkgeval/.julia/packages/ComputabilityTheory/U9kIr/src/goto.jl:118.
  ** incremental compilation may be fatally broken for this module **

WARNING: Method definition increment(Integer) in module ComputabilityTheory at /home/pkgeval/.julia/packages/ComputabilityTheory/U9kIr/src/goto.jl:121 overwritten at /home/pkgeval/.julia/packages/ComputabilityTheory/U9kIr/src/goto.jl:121.
  ** incremental compilation may be fatally broken for this module **

WARNING: Method definition decrement(Integer) in module ComputabilityTheory at /home/pkgeval/.julia/packages/ComputabilityTheory/U9kIr/src/goto.jl:122 overwritten at /home/pkgeval/.julia/packages/ComputabilityTheory/U9kIr/src/goto.jl:122.
  ** incremental compilation may be fatally broken for this module **

WARNING: Method definition goto(Integer) in module ComputabilityTheory at /home/pkgeval/.julia/packages/ComputabilityTheory/U9kIr/src/goto.jl:123 overwritten at /home/pkgeval/.julia/packages/ComputabilityTheory/U9kIr/src/goto.jl:123.
  ** incremental compilation may be fatally broken for this module **

WARNING: Method definition ifzero_goto(Tuple) in module ComputabilityTheory at /home/pkgeval/.julia/packages/ComputabilityTheory/U9kIr/src/goto.jl:124 overwritten at /home/pkgeval/.julia/packages/ComputabilityTheory/U9kIr/src/goto.jl:124.
  ** incremental compilation may be fatally broken for this module **

WARNING: Method definition ifzero_goto(Integer, Integer) in module ComputabilityTheory at /home/pkgeval/.julia/packages/ComputabilityTheory/U9kIr/src/goto.jl:125 overwritten at /home/pkgeval/.julia/packages/ComputabilityTheory/U9kIr/src/goto.jl:125.
  ** incremental compilation may be fatally broken for this module **

WARNING: Method definition halt() in module ComputabilityTheory at /home/pkgeval/.julia/packages/ComputabilityTheory/U9kIr/src/goto.jl:126 overwritten at /home/pkgeval/.julia/packages/ComputabilityTheory/U9kIr/src/goto.jl:126.
  ** incremental compilation may be fatally broken for this module **

WARNING: Method definition (::Type{ComputabilityTheory.GoToProgramme})(Integer) in module ComputabilityTheory at /home/pkgeval/.julia/packages/ComputabilityTheory/U9kIr/src/goto.jl:135 overwritten at /home/pkgeval/.julia/packages/ComputabilityTheory/U9kIr/src/goto.jl:135.
  ** incremental compilation may be fatally broken for this module **

WARNING: Method definition show_programme(IO, ComputabilityTheory.GoToProgramme) in module ComputabilityTheory at /home/pkgeval/.julia/packages/ComputabilityTheory/U9kIr/src/goto.jl:180 overwritten at /home/pkgeval/.julia/packages/ComputabilityTheory/U9kIr/src/goto.jl:180.
  ** incremental compilation may be fatally broken for this module **

WARNING: Method definition show_programme(IO, Integer) in module ComputabilityTheory at /home/pkgeval/.julia/packages/ComputabilityTheory/U9kIr/src/goto.jl:214 overwritten at /home/pkgeval/.julia/packages/ComputabilityTheory/U9kIr/src/goto.jl:214.
  ** incremental compilation may be fatally broken for this module **

WARNING: Method definition show_programme(ComputabilityTheory.GoToProgramme) in module ComputabilityTheory at /home/pkgeval/.julia/packages/ComputabilityTheory/U9kIr/src/goto.jl:217 overwritten at /home/pkgeval/.julia/packages/ComputabilityTheory/U9kIr/src/goto.jl:217.
  ** incremental compilation may be fatally broken for this module **

WARNING: Method definition show_programme(Integer) in module ComputabilityTheory at /home/pkgeval/.julia/packages/ComputabilityTheory/U9kIr/src/goto.jl:218 overwritten at /home/pkgeval/.julia/packages/ComputabilityTheory/U9kIr/src/goto.jl:218.
  ** incremental compilation may be fatally broken for this module **

WARNING: Method definition rand(Type{T<:ComputabilityTheory.GoToProgramme}, Integer) where {T<:ComputabilityTheory.GoToProgramme} in module ComputabilityTheory at /home/pkgeval/.julia/packages/ComputabilityTheory/U9kIr/src/goto.jl:220 overwritten at /home/pkgeval/.julia/packages/ComputabilityTheory/U9kIr/src/goto.jl:220.
  ** incremental compilation may be fatally broken for this module **

WARNING: Method definition rand##kw(Any, typeof(Base.rand), Type{T<:ComputabilityTheory.GoToProgramme}, Integer) where {T<:ComputabilityTheory.GoToProgramme} in module ComputabilityTheory at /home/pkgeval/.julia/packages/ComputabilityTheory/U9kIr/src/goto.jl:220 overwritten at /home/pkgeval/.julia/packages/ComputabilityTheory/U9kIr/src/goto.jl:220.
  ** incremental compilation may be fatally broken for this module **

WARNING: Method definition rand(Type{T<:ComputabilityTheory.GoToProgramme}) where {T<:ComputabilityTheory.GoToProgramme} in module ComputabilityTheory at /home/pkgeval/.julia/packages/ComputabilityTheory/U9kIr/src/goto.jl:225 overwritten at /home/pkgeval/.julia/packages/ComputabilityTheory/U9kIr/src/goto.jl:225.
  ** incremental compilation may be fatally broken for this module **

[ Info: PackageCompiler: creating system image object file, this might take a while...
Generated system image is 147.479 MiB, compilation took 161 seconds


################################################################################
# PkgEval set-up: 2021-01-11T15:25:59.723
#

Julia Version 1.5.3
Commit 599f52c4c6 (2020-12-18 13:33 UTC)
Platform Info:
  OS: Linux (x86_64-linux-gnu)
  CPU: AMD EPYC 7502 32-Core Processor
  WORD_SIZE: 64
  LIBM: libopenlibm
  LLVM: libLLVM-9.0.1 (ORCJIT, znver2)
Environment:
  JULIA_PKGEVAL = true
  JULIA_PKG_PRECOMPILE_AUTO = 0

Base.julia_cmd() = `/usr/local/julia/bin/julia -Cnative -J/cache/ComputabilityTheory-MGIHfwIT.so -g1`


################################################################################
# Installation: 2021-01-11T15:26:01.538
#

 Installing known registries into `~/.julia`
#######################################################################   98.9%######################################################################## 100.0%
      Added registry `General` to `~/.julia/registries/General`
  Resolving package versions...
  Installed ComputabilityTheory ─ v0.1.1
Updating `~/.julia/environments/v1.5/Project.toml`
  [1aac4ff9] + ComputabilityTheory v0.1.1
Updating `~/.julia/environments/v1.5/Manifest.toml`
  [1aac4ff9] + ComputabilityTheory v0.1.1
  [de0858da] + Printf
  [4ec0a83e] + Unicode


################################################################################
# Testing: 2021-01-11T15:26:05.338
#

    Testing ComputabilityTheory
Status `/tmp/jl_bsYjP9/Project.toml`
  [1aac4ff9] ComputabilityTheory v0.1.1
  [de0858da] Printf
  [8dfed614] Test
Status `/tmp/jl_bsYjP9/Manifest.toml`
  [1aac4ff9] ComputabilityTheory v0.1.1
  [2a0f44e3] Base64
  [8ba89e20] Distributed
  [b77e0a4c] InteractiveUtils
  [56ddb016] Logging
  [d6f4376e] Markdown
  [de0858da] Printf
  [9a3f8284] Random
  [9e88b42a] Serialization
  [6462fe0b] Sockets
  [8dfed614] Test
  [4ec0a83e] Unicode
WARNING: replacing module ComputabilityTheory.
Test Summary:          | Pass  Total
ComputabilityTheory.jl |   44     44
  3.068750 seconds (23.31 M allocations: 487.687 MiB, 18.85% gc time)
    Testing ComputabilityTheory tests passed 

PkgEval succeeded


################################################################################
# PkgEval teardown: 2021-01-11T15:26:13.852
CPU usage: 14.20s (11.50s user, 2.76s kernel)

Network usage:
- eth0: 2.564 MiB received, 33.992 KiB sent

Raw statistics: {"blkio_stats":{"io_queue_recursive":[],"io_serviced_recursive":[{"major":259,"value":0,"op":"Read","minor":0},{"major":259,"value":19,"op":"Write","minor":0},{"major":259,"value":14,"op":"Sync","minor":0},{"major":259,"value":5,"op":"Async","minor":0},{"major":259,"value":0,"op":"Discard","minor":0},{"major":259,"value":19,"op":"Total","minor":0},{"major":253,"value":0,"op":"Read","minor":2},{"major":253,"value":19,"op":"Write","minor":2},{"major":253,"value":14,"op":"Sync","minor":2},{"major":253,"value":5,"op":"Async","minor":2},{"major":253,"value":0,"op":"Discard","minor":2},{"major":253,"value":19,"op":"Total","minor":2}],"io_time_recursive":[],"sectors_recursive":[],"io_service_bytes_recursive":[{"major":259,"value":0,"op":"Read","minor":0},{"major":259,"value":77824,"op":"Write","minor":0},{"major":259,"value":57344,"op":"Sync","minor":0},{"major":259,"value":20480,"op":"Async","minor":0},{"major":259,"value":0,"op":"Discard","minor":0},{"major":259,"value":77824,"op":"Total","minor":0},{"major":253,"value":0,"op":"Read","minor":2},{"major":253,"value":77824,"op":"Write","minor":2},{"major":253,"value":57344,"op":"Sync","minor":2},{"major":253,"value":20480,"op":"Async","minor":2},{"major":253,"value":0,"op":"Discard","minor":2},{"major":253,"value":77824,"op":"Total","minor":2}],"io_wait_time_recursive":[],"io_merged_recursive":[],"io_service_time_recursive":[]},"memory_stats":{"usage":285216768,"max_usage":551366656,"stats":{"hierarchical_memory_limit":9223372036854771712,"pgmajfault":0,"total_rss":176033792,"inactive_file":135168,"inactive_anon":78802944,"total_pgfault":327525,"total_cache":79671296,"total_rss_huge":0,"total_active_anon":176664576,"total_pgmajfault":0,"pgpgin":202719,"rss_huge":0,"mapped_file":0,"total_inactive_file":135168,"dirty":135168,"total_unevictable":0,"total_dirty":135168,"writeback":0,"pgpgout":140339,"hierarchical_memsw_limit":0,"cache":79671296,"active_file":405504,"pgfault":327525,"total_mapped_file":0,"total_pgpgout":140339,"total_writeback":0,"rss":176033792,"unevictable":0,"total_inactive_anon":78802944,"total_pgpgin":202719,"active_anon":176664576,"total_active_file":405504},"limit":540965302272},"name":"/ComputabilityTheory-rSs9y8HJ","networks":{"eth0":{"rx_bytes":2688304,"rx_packets":398,"tx_packets":385,"tx_bytes":34808,"tx_dropped":0,"rx_dropped":1,"tx_errors":0,"rx_errors":0}},"id":"e2f94c17b9139b7a07160bb7495d8cf1b6e844ff5a47162b42ec93361f1e23ab","preread":"0001-01-01T00:00:00Z","storage_stats":{},"precpu_stats":{"throttling_data":{"throttled_periods":0,"throttled_time":0,"periods":0},"cpu_usage":{"usage_in_usermode":0,"usage_in_kernelmode":0,"total_usage":0}},"pids_stats":{"current":44},"num_procs":0,"cpu_stats":{"throttling_data":{"throttled_periods":0,"throttled_time":0,"periods":0},"system_cpu_usage":3180109174522419,"online_cpus":128,"cpu_usage":{"usage_in_usermode":11500000000,"usage_in_kernelmode":2760000000,"total_usage":14197899257,"percpu_usage":[0,0,0,0,0,0,0,0,0,0,0,0,0,0,0,0,0,0,0,0,0,0,0,0,0,0,0,0,0,0,0,0,0,0,0,0,0,0,0,0,0,0,0,0,14197895427,0,0,0,0,0,0,0,0,0,0,0,0,0,0,0,0,0,0,0,0,0,0,0,0,0,0,0,0,0,0,0,0,0,0,0,0,0,0,0,0,0,0,0,0,0,0,0,0,0,0,0,0,0,0,0,0,0,0,0,0,0,0,0,3830,0,0,0,0,0,0,0,0,0,0,0,0,0,0,0,0,0,0,0]}},"read":"2021-01-11T15:26:14.617073877Z"}