################################################################################
# PkgEval set-up: 2021-01-11T18:05:34.483
#

Julia Version 1.5.3
Commit 599f52c4c6 (2020-12-18 13:33 UTC)
Platform Info:
  OS: Linux (x86_64-linux-gnu)
  CPU: AMD EPYC 7502 32-Core Processor
  WORD_SIZE: 64
  LIBM: libopenlibm
  LLVM: libLLVM-9.0.1 (ORCJIT, znver2)
Environment:
  JULIA_PKG_PRECOMPILE_AUTO = 0
  JULIA_PKGEVAL = true

Base.julia_cmd() = `/opt/julia/bin/julia -Cnative -J/opt/julia/lib/julia/sys.so -g1`


################################################################################
# Installation: 2021-01-11T18:05:36.26
#

 Installing known registries into `~/.julia`
########################                                                  33.4%######################################################################## 100.0%
      Added registry `General` to `~/.julia/registries/General`
  Resolving package versions...
  Installed HTTPClient ──────────── v0.2.1
  Installed MbedTLS_jll ─────────── v2.16.8+1
  Installed Zlib_jll ────────────── v1.2.11+18
  Installed ConceptnetNumberbatch ─ v0.1.6
  Installed CMakeWrapper ────────── v0.2.4
  Installed TranscodingStreams ──── v0.8.1
  Installed BufferedStreams ─────── v1.0.0
  Installed LibSSH2_jll ─────────── v1.9.0+3
  Installed Parameters ──────────── v0.12.1
  Installed LibExpat ────────────── v0.6.1
  Installed nghttp2_jll ─────────── v1.40.0+2
  Installed OrderedCollections ──── v1.3.2
  Installed Homebrew ────────────── v0.7.1
  Installed HDF5 ────────────────── v0.10.4
  Installed Libz ────────────────── v1.0.1
  Installed Blosc ───────────────── v0.5.1
  Installed CodecZlib ───────────── v0.5.2
  Installed URIParser ───────────── v0.4.1
  Installed Expat_jll ───────────── v2.2.7+6
  Installed WinRPM ──────────────── v0.4.2
  Installed LibCURL ─────────────── v0.6.2
  Installed JSON ────────────────── v0.21.1
  Installed JLLWrappers ─────────── v1.2.0
  Installed BinDeps ─────────────── v0.8.10
  Installed MozillaCACerts_jll ──── v2020.10.14+0
  Installed UnPack ──────────────── v1.0.2
  Installed LibCURL_jll ─────────── v7.70.0+2
  Installed Artifacts ───────────── v1.3.0
  Installed Compat ──────────────── v2.2.1
  Installed CMake ───────────────── v1.2.0
  Installed Parsers ─────────────── v1.0.15
  Installed BinaryProvider ──────── v0.5.10
  Installed Languages ───────────── v0.4.3
Updating `~/.julia/environments/v1.5/Project.toml`
  [6bdbf80b] + ConceptnetNumberbatch v0.1.6
Updating `~/.julia/environments/v1.5/Manifest.toml`
  [56f22d72] + Artifacts v1.3.0
  [9e28174c] + BinDeps v0.8.10
  [b99e7846] + BinaryProvider v0.5.10
  [a74b3585] + Blosc v0.5.1
  [e1450e63] + BufferedStreams v1.0.0
  [631607c0] + CMake v1.2.0
  [d5fb7624] + CMakeWrapper v0.2.4
  [944b1d66] + CodecZlib v0.5.2
  [34da2185] + Compat v2.2.1
  [6bdbf80b] + ConceptnetNumberbatch v0.1.6
  [2e619515] + Expat_jll v2.2.7+6
  [f67ccb44] + HDF5 v0.10.4
  [0862f596] + HTTPClient v0.2.1
  [d9be37ee] + Homebrew v0.7.1
  [692b3bcd] + JLLWrappers v1.2.0
  [682c06a0] + JSON v0.21.1
  [8ef0a80b] + Languages v0.4.3
  [b27032c2] + LibCURL v0.6.2
  [deac9b47] + LibCURL_jll v7.70.0+2
  [522f3ed2] + LibExpat v0.6.1
  [29816b5a] + LibSSH2_jll v1.9.0+3
  [2ec943e9] + Libz v1.0.1
  [c8ffd9c3] + MbedTLS_jll v2.16.8+1
  [14a3606d] + MozillaCACerts_jll v2020.10.14+0
  [bac558e1] + OrderedCollections v1.3.2
  [d96e819e] + Parameters v0.12.1
  [69de0a69] + Parsers v1.0.15
  [3bb67fe8] + TranscodingStreams v0.8.1
  [30578b45] + URIParser v0.4.1
  [3a884ed6] + UnPack v1.0.2
  [c17dfb99] + WinRPM v0.4.2
  [83775a58] + Zlib_jll v1.2.11+18
  [8e850ede] + nghttp2_jll v1.40.0+2
  [2a0f44e3] + Base64
  [8bf52ea8] + CRC32c
  [ade2ca70] + Dates
  [8bb1440f] + DelimitedFiles
  [8ba89e20] + Distributed
  [b77e0a4c] + InteractiveUtils
  [76f85450] + LibGit2
  [8f399da3] + Libdl
  [37e2e46d] + LinearAlgebra
  [56ddb016] + Logging
  [d6f4376e] + Markdown
  [a63ad114] + Mmap
  [44cfe95a] + Pkg
  [de0858da] + Printf
  [3fa0cd96] + REPL
  [9a3f8284] + Random
  [ea8e919c] + SHA
  [9e88b42a] + Serialization
  [1a1011a3] + SharedArrays
  [6462fe0b] + Sockets
  [2f01184e] + SparseArrays
  [10745b16] + Statistics
  [8dfed614] + Test
  [cf7118a7] + UUIDs
  [4ec0a83e] + Unicode
   Building WinRPM ───→ `~/.julia/packages/WinRPM/Y9QdZ/deps/build.log`
   Building Homebrew ─→ `~/.julia/packages/Homebrew/s09IX/deps/build.log`
   Building CMake ────→ `~/.julia/packages/CMake/ULbyn/deps/build.log`
   Building Blosc ────→ `~/.julia/packages/Blosc/lzFr0/deps/build.log`
   Building HDF5 ─────→ `~/.julia/packages/HDF5/R6yOo/deps/build.log`
   Building CodecZlib → `~/.julia/packages/CodecZlib/9jDi1/deps/build.log`


################################################################################
# Testing: 2021-01-11T18:11:00.074
#

    Testing ConceptnetNumberbatch
Status `/tmp/jl_d85nCT/Project.toml`
  [944b1d66] CodecZlib v0.5.2
  [6bdbf80b] ConceptnetNumberbatch v0.1.6
  [f67ccb44] HDF5 v0.10.4
  [8ef0a80b] Languages v0.4.3
  [3bb67fe8] TranscodingStreams v0.8.1
  [8dfed614] Test
Status `/tmp/jl_d85nCT/Manifest.toml`
  [56f22d72] Artifacts v1.3.0
  [9e28174c] BinDeps v0.8.10
  [b99e7846] BinaryProvider v0.5.10
  [a74b3585] Blosc v0.5.1
  [e1450e63] BufferedStreams v1.0.0
  [631607c0] CMake v1.2.0
  [d5fb7624] CMakeWrapper v0.2.4
  [944b1d66] CodecZlib v0.5.2
  [34da2185] Compat v2.2.1
  [6bdbf80b] ConceptnetNumberbatch v0.1.6
  [2e619515] Expat_jll v2.2.7+6
  [f67ccb44] HDF5 v0.10.4
  [0862f596] HTTPClient v0.2.1
  [d9be37ee] Homebrew v0.7.1
  [692b3bcd] JLLWrappers v1.2.0
  [682c06a0] JSON v0.21.1
  [8ef0a80b] Languages v0.4.3
  [b27032c2] LibCURL v0.6.2
  [deac9b47] LibCURL_jll v7.70.0+2
  [522f3ed2] LibExpat v0.6.1
  [29816b5a] LibSSH2_jll v1.9.0+3
  [2ec943e9] Libz v1.0.1
  [c8ffd9c3] MbedTLS_jll v2.16.8+1
  [14a3606d] MozillaCACerts_jll v2020.10.14+0
  [bac558e1] OrderedCollections v1.3.2
  [d96e819e] Parameters v0.12.1
  [69de0a69] Parsers v1.0.15
  [3bb67fe8] TranscodingStreams v0.8.1
  [30578b45] URIParser v0.4.1
  [3a884ed6] UnPack v1.0.2
  [c17dfb99] WinRPM v0.4.2
  [83775a58] Zlib_jll v1.2.11+18
  [8e850ede] nghttp2_jll v1.40.0+2
  [2a0f44e3] Base64
  [8bf52ea8] CRC32c
  [ade2ca70] Dates
  [8bb1440f] DelimitedFiles
  [8ba89e20] Distributed
  [b77e0a4c] InteractiveUtils
  [76f85450] LibGit2
  [8f399da3] Libdl
  [37e2e46d] LinearAlgebra
  [56ddb016] Logging
  [d6f4376e] Markdown
  [a63ad114] Mmap
  [44cfe95a] Pkg
  [de0858da] Printf
  [3fa0cd96] REPL
  [9a3f8284] Random
  [ea8e919c] SHA
  [9e88b42a] Serialization
  [1a1011a3] SharedArrays
  [6462fe0b] Sockets
  [2f01184e] SparseArrays
  [10745b16] Statistics
  [8dfed614] Test
  [cf7118a7] UUIDs
  [4ec0a83e] Unicode
Test Summary:          | Pass  Total
Parser: (no arguments) |    4      4
Test Summary:            | Pass  Total
Parser: max_vocab_size=5 |    4      4
Test Summary:                          | Pass  Total
Parser: max_vocab_size=5, 3 keep words |   16     16
Test Summary: | Pass  Total
Indexing      |   17     17
Test Summary:  | Pass  Total
Fuzzy Indexing |    4      4
missed = Int64[]
Test Summary:      | Pass  Total
Document Embedding |   13     13
Test Summary: | Pass  Total
Show methods  |    4      4
    Testing ConceptnetNumberbatch tests passed 

PkgEval succeeded


################################################################################
# PkgEval teardown: 2021-01-11T18:11:28.621
CPU usage: 342.85s (301.32s user, 42.42s kernel)

Network usage:
- eth0: 57.236 MiB received, 1.184 MiB sent

Raw statistics: {"blkio_stats":{"io_queue_recursive":[],"io_serviced_recursive":[{"major":259,"value":8,"op":"Read","minor":0},{"major":259,"value":1242,"op":"Write","minor":0},{"major":259,"value":27,"op":"Sync","minor":0},{"major":259,"value":1223,"op":"Async","minor":0},{"major":259,"value":0,"op":"Discard","minor":0},{"major":259,"value":1250,"op":"Total","minor":0},{"major":253,"value":8,"op":"Read","minor":2},{"major":253,"value":1167,"op":"Write","minor":2},{"major":253,"value":27,"op":"Sync","minor":2},{"major":253,"value":1148,"op":"Async","minor":2},{"major":253,"value":0,"op":"Discard","minor":2},{"major":253,"value":1175,"op":"Total","minor":2}],"io_time_recursive":[],"sectors_recursive":[],"io_service_bytes_recursive":[{"major":259,"value":180224,"op":"Read","minor":0},{"major":259,"value":37990400,"op":"Write","minor":0},{"major":259,"value":286720,"op":"Sync","minor":0},{"major":259,"value":37883904,"op":"Async","minor":0},{"major":259,"value":0,"op":"Discard","minor":0},{"major":259,"value":38170624,"op":"Total","minor":0},{"major":253,"value":180224,"op":"Read","minor":2},{"major":253,"value":37990400,"op":"Write","minor":2},{"major":253,"value":286720,"op":"Sync","minor":2},{"major":253,"value":37883904,"op":"Async","minor":2},{"major":253,"value":0,"op":"Discard","minor":2},{"major":253,"value":38170624,"op":"Total","minor":2}],"io_wait_time_recursive":[],"io_merged_recursive":[],"io_service_time_recursive":[]},"memory_stats":{"usage":702558208,"max_usage":1355026432,"stats":{"hierarchical_memory_limit":9223372036854771712,"pgmajfault":0,"total_rss":201379840,"inactive_file":270336,"inactive_anon":234786816,"total_pgfault":13005168,"total_cache":454049792,"total_rss_huge":0,"total_active_anon":420372480,"total_pgmajfault":0,"pgpgin":9488226,"rss_huge":0,"mapped_file":0,"total_inactive_file":270336,"dirty":2568192,"total_unevictable":0,"total_dirty":2568192,"writeback":0,"pgpgout":9328233,"hierarchical_memsw_limit":0,"cache":454049792,"active_file":135168,"pgfault":13005168,"total_mapped_file":0,"total_pgpgout":9328233,"total_writeback":0,"rss":201379840,"unevictable":0,"total_inactive_anon":234786816,"total_pgpgin":9488226,"active_anon":420372480,"total_active_file":135168},"limit":540965302272},"name":"/ConceptnetNumberbatch-Xuyf6S5G","networks":{"eth0":{"rx_bytes":60016059,"rx_packets":38966,"tx_packets":20902,"tx_bytes":1241242,"tx_dropped":0,"rx_dropped":12,"tx_errors":0,"rx_errors":0}},"id":"dbc6c8cbcbbcf95bc3a863b5f67ef1ce034cf1b8d09beb85e90d6a4936973af4","preread":"0001-01-01T00:00:00Z","storage_stats":{},"precpu_stats":{"throttling_data":{"throttled_periods":0,"throttled_time":0,"periods":0},"cpu_usage":{"usage_in_usermode":0,"usage_in_kernelmode":0,"total_usage":0}},"pids_stats":{"current":40},"num_procs":0,"cpu_stats":{"throttling_data":{"throttled_periods":0,"throttled_time":0,"periods":0},"system_cpu_usage":4446924014522419,"online_cpus":128,"cpu_usage":{"usage_in_usermode":301320000000,"usage_in_kernelmode":42420000000,"total_usage":342850922797,"percpu_usage":[0,0,0,0,0,0,0,0,342848630035,0,0,0,0,0,0,0,0,0,0,0,0,0,0,0,0,0,0,0,0,0,0,0,0,0,0,0,0,0,0,0,0,0,0,0,0,0,0,0,0,0,0,0,0,0,0,0,0,0,0,0,0,0,0,0,0,0,0,0,0,0,0,0,0,0,0,2292762,0,0,0,0,0,0,0,0,0,0,0,0,0,0,0,0,0,0,0,0,0,0,0,0,0,0,0,0,0,0,0,0,0,0,0,0,0,0,0,0,0,0,0,0,0,0,0,0,0,0,0,0]}},"read":"2021-01-11T18:11:28.623410643Z"}