################################################################################
# PackageCompiler set-up: 2021-01-11T18:42:00.707
#

Julia Version 1.5.3
Commit 599f52c4c6 (2020-12-18 13:33 UTC)
Platform Info:
  OS: Linux (x86_64-linux-gnu)
  CPU: AMD EPYC 7502 32-Core Processor
  WORD_SIZE: 64
  LIBM: libopenlibm
  LLVM: libLLVM-9.0.1 (ORCJIT, znver2)
Environment:
  JULIA_PKGEVAL = true
  JULIA_PKG_PRECOMPILE_AUTO = 0



################################################################################
# Installation: 2021-01-11T18:42:02.406
#

 Installing known registries into `~/.julia`
####################################                                      50.4%######################################################################## 100.0%
      Added registry `General` to `~/.julia/registries/General`
  Resolving package versions...
  Installed Zstd_jll ──────── v1.4.5+2
  Installed HDF5_jll ──────── v1.10.5+7
  Installed Lz4_jll ───────── v1.9.2+2
  Installed Config ────────── v0.2.1
  Installed Blosc ─────────── v0.7.0
  Installed Blosc_jll ─────── v1.14.3+1
  Installed Zlib_jll ──────── v1.2.11+18
  Installed Parsers ───────── v1.0.15
  Installed HDF5 ──────────── v0.13.7
  Installed JSON ──────────── v0.21.1
  Installed JLLWrappers ───── v1.2.0
  Installed BSON ──────────── v0.2.6
  Installed PackageCompiler ─ v1.2.5
  Installed Artifacts ─────── v1.3.0
Updating `~/.julia/environments/v1.5/Project.toml`
  [9d05fc2c] + Config v0.2.1
  [9b87118b] + PackageCompiler v1.2.5
Updating `~/.julia/environments/v1.5/Manifest.toml`
  [56f22d72] + Artifacts v1.3.0
  [fbb218c0] + BSON v0.2.6
  [a74b3585] + Blosc v0.7.0
  [0b7ba130] + Blosc_jll v1.14.3+1
  [9d05fc2c] + Config v0.2.1
  [f67ccb44] + HDF5 v0.13.7
  [0234f1f7] + HDF5_jll v1.10.5+7
  [692b3bcd] + JLLWrappers v1.2.0
  [682c06a0] + JSON v0.21.1
  [5ced341a] + Lz4_jll v1.9.2+2
  [9b87118b] + PackageCompiler v1.2.5
  [69de0a69] + Parsers v1.0.15
  [83775a58] + Zlib_jll v1.2.11+18
  [3161d3a3] + Zstd_jll v1.4.5+2
  [2a0f44e3] + Base64
  [ade2ca70] + Dates
  [b77e0a4c] + InteractiveUtils
  [76f85450] + LibGit2
  [8f399da3] + Libdl
  [37e2e46d] + LinearAlgebra
  [56ddb016] + Logging
  [d6f4376e] + Markdown
  [a63ad114] + Mmap
  [44cfe95a] + Pkg
  [de0858da] + Printf
  [3fa0cd96] + REPL
  [9a3f8284] + Random
  [ea8e919c] + SHA
  [9e88b42a] + Serialization
  [6462fe0b] + Sockets
  [2f01184e] + SparseArrays
  [10745b16] + Statistics
  [cf7118a7] + UUIDs
  [4ec0a83e] + Unicode
   Building HDF5 → `~/.julia/packages/HDF5/YX0jU/deps/build.log`


################################################################################
# Compiling: 2021-01-11T18:42:09.719
#

[ Info: PackageCompiler: creating system image object file, this might take a while...
Generated system image is 155.977 MiB, compilation took 207 seconds


################################################################################
# PkgEval set-up: 2021-01-11T18:45:44.67
#

Julia Version 1.5.3
Commit 599f52c4c6 (2020-12-18 13:33 UTC)
Platform Info:
  OS: Linux (x86_64-linux-gnu)
  CPU: AMD EPYC 7502 32-Core Processor
  WORD_SIZE: 64
  LIBM: libopenlibm
  LLVM: libLLVM-9.0.1 (ORCJIT, znver2)
Environment:
  JULIA_PKGEVAL = true
  JULIA_PKG_PRECOMPILE_AUTO = 0

Base.julia_cmd() = `/usr/local/julia/bin/julia -Cnative -J/cache/Config-a7v7Pvv2.so -g1`


################################################################################
# Installation: 2021-01-11T18:45:46.482
#

 Installing known registries into `~/.julia`
#######################################################################   98.9%######################################################################## 100.0%
      Added registry `General` to `~/.julia/registries/General`
  Resolving package versions...
  Installed Config ────── v0.2.1
  Installed Zstd_jll ──── v1.4.5+2
  Installed Blosc ─────── v0.7.0
  Installed HDF5_jll ──── v1.10.5+7
  Installed Lz4_jll ───── v1.9.2+2
  Installed Blosc_jll ─── v1.14.3+1
  Installed Zlib_jll ──── v1.2.11+18
  Installed JLLWrappers ─ v1.2.0
  Installed JSON ──────── v0.21.1
  Installed HDF5 ──────── v0.13.7
  Installed Parsers ───── v1.0.15
  Installed Artifacts ─── v1.3.0
  Installed BSON ──────── v0.2.6
Updating `~/.julia/environments/v1.5/Project.toml`
  [9d05fc2c] + Config v0.2.1
Updating `~/.julia/environments/v1.5/Manifest.toml`
  [56f22d72] + Artifacts v1.3.0
  [fbb218c0] + BSON v0.2.6
  [a74b3585] + Blosc v0.7.0
  [0b7ba130] + Blosc_jll v1.14.3+1
  [9d05fc2c] + Config v0.2.1
  [f67ccb44] + HDF5 v0.13.7
  [0234f1f7] + HDF5_jll v1.10.5+7
  [692b3bcd] + JLLWrappers v1.2.0
  [682c06a0] + JSON v0.21.1
  [5ced341a] + Lz4_jll v1.9.2+2
  [69de0a69] + Parsers v1.0.15
  [83775a58] + Zlib_jll v1.2.11+18
  [3161d3a3] + Zstd_jll v1.4.5+2
  [2a0f44e3] + Base64
  [ade2ca70] + Dates
  [b77e0a4c] + InteractiveUtils
  [76f85450] + LibGit2
  [8f399da3] + Libdl
  [37e2e46d] + LinearAlgebra
  [56ddb016] + Logging
  [d6f4376e] + Markdown
  [a63ad114] + Mmap
  [44cfe95a] + Pkg
  [de0858da] + Printf
  [3fa0cd96] + REPL
  [9a3f8284] + Random
  [ea8e919c] + SHA
  [9e88b42a] + Serialization
  [6462fe0b] + Sockets
  [2f01184e] + SparseArrays
  [10745b16] + Statistics
  [cf7118a7] + UUIDs
  [4ec0a83e] + Unicode
   Building HDF5 → `~/.julia/packages/HDF5/YX0jU/deps/build.log`


################################################################################
# Testing: 2021-01-11T18:45:52.735
#

    Testing Config
Status `/tmp/jl_TpMXZ8/Project.toml`
  [fbb218c0] BSON v0.2.6
  [9d05fc2c] Config v0.2.1
  [f67ccb44] HDF5 v0.13.7
  [682c06a0] JSON v0.21.1
  [ade2ca70] Dates
  [56ddb016] Logging
  [a63ad114] Mmap
  [44cfe95a] Pkg
  [10745b16] Statistics
  [8dfed614] Test
Status `/tmp/jl_TpMXZ8/Manifest.toml`
  [56f22d72] Artifacts v1.3.0
  [fbb218c0] BSON v0.2.6
  [a74b3585] Blosc v0.7.0
  [0b7ba130] Blosc_jll v1.14.3+1
  [9d05fc2c] Config v0.2.1
  [f67ccb44] HDF5 v0.13.7
  [0234f1f7] HDF5_jll v1.10.5+7
  [692b3bcd] JLLWrappers v1.2.0
  [682c06a0] JSON v0.21.1
  [5ced341a] Lz4_jll v1.9.2+2
  [69de0a69] Parsers v1.0.15
  [83775a58] Zlib_jll v1.2.11+18
  [3161d3a3] Zstd_jll v1.4.5+2
  [2a0f44e3] Base64
  [ade2ca70] Dates
  [8ba89e20] Distributed
  [b77e0a4c] InteractiveUtils
  [76f85450] LibGit2
  [8f399da3] Libdl
  [37e2e46d] LinearAlgebra
  [56ddb016] Logging
  [d6f4376e] Markdown
  [a63ad114] Mmap
  [44cfe95a] Pkg
  [de0858da] Printf
  [3fa0cd96] REPL
  [9a3f8284] Random
  [ea8e919c] SHA
  [9e88b42a] Serialization
  [6462fe0b] Sockets
  [2f01184e] SparseArrays
  [10745b16] Statistics
  [8dfed614] Test
  [cf7118a7] UUIDs
  [4ec0a83e] Unicode
Test Summary:    | Pass  Total
Config.jl Tests: |   64     64
    Testing Config tests passed 

PkgEval succeeded


################################################################################
# PkgEval teardown: 2021-01-11T18:45:57.763
CPU usage: 13.63s (11.16s user, 2.52s kernel)

Network usage:
- eth0: 5.538 MiB received, 94.152 KiB sent

Raw statistics: {"blkio_stats":{"io_queue_recursive":[],"io_serviced_recursive":[{"major":259,"value":3,"op":"Read","minor":0},{"major":259,"value":23,"op":"Write","minor":0},{"major":259,"value":17,"op":"Sync","minor":0},{"major":259,"value":9,"op":"Async","minor":0},{"major":259,"value":0,"op":"Discard","minor":0},{"major":259,"value":26,"op":"Total","minor":0},{"major":253,"value":3,"op":"Read","minor":2},{"major":253,"value":23,"op":"Write","minor":2},{"major":253,"value":17,"op":"Sync","minor":2},{"major":253,"value":9,"op":"Async","minor":2},{"major":253,"value":0,"op":"Discard","minor":2},{"major":253,"value":26,"op":"Total","minor":2}],"io_time_recursive":[],"sectors_recursive":[],"io_service_bytes_recursive":[{"major":259,"value":188416,"op":"Read","minor":0},{"major":259,"value":98304,"op":"Write","minor":0},{"major":259,"value":245760,"op":"Sync","minor":0},{"major":259,"value":40960,"op":"Async","minor":0},{"major":259,"value":0,"op":"Discard","minor":0},{"major":259,"value":286720,"op":"Total","minor":0},{"major":253,"value":188416,"op":"Read","minor":2},{"major":253,"value":98304,"op":"Write","minor":2},{"major":253,"value":245760,"op":"Sync","minor":2},{"major":253,"value":40960,"op":"Async","minor":2},{"major":253,"value":0,"op":"Discard","minor":2},{"major":253,"value":286720,"op":"Total","minor":2}],"io_wait_time_recursive":[],"io_merged_recursive":[],"io_service_time_recursive":[]},"memory_stats":{"usage":303341568,"max_usage":558862336,"stats":{"hierarchical_memory_limit":9223372036854771712,"pgmajfault":0,"total_rss":185335808,"inactive_file":270336,"inactive_anon":85966848,"total_pgfault":327492,"total_cache":88113152,"total_rss_huge":0,"total_active_anon":186531840,"total_pgmajfault":0,"pgpgin":225357,"rss_huge":0,"mapped_file":0,"total_inactive_file":270336,"dirty":405504,"total_unevictable":0,"total_dirty":405504,"writeback":0,"pgpgout":158604,"hierarchical_memsw_limit":0,"cache":88113152,"active_file":811008,"pgfault":327492,"total_mapped_file":0,"total_pgpgout":158604,"total_writeback":0,"rss":185335808,"unevictable":0,"total_inactive_anon":85966848,"total_pgpgin":225357,"active_anon":186531840,"total_active_file":811008},"limit":540965302272},"name":"/Config-kriXaor3","networks":{"eth0":{"rx_bytes":5806667,"rx_packets":814,"tx_packets":878,"tx_bytes":96412,"tx_dropped":0,"rx_dropped":1,"tx_errors":0,"rx_errors":0}},"id":"e91c819d05132aa1841a5af1a4a21c7f83706170b47a715d54e2cfc6181179ac","preread":"0001-01-01T00:00:00Z","storage_stats":{},"precpu_stats":{"throttling_data":{"throttled_periods":0,"throttled_time":0,"periods":0},"cpu_usage":{"usage_in_usermode":0,"usage_in_kernelmode":0,"total_usage":0}},"pids_stats":{"current":44},"num_procs":0,"cpu_stats":{"throttling_data":{"throttled_periods":0,"throttled_time":0,"periods":0},"system_cpu_usage":4711331214522419,"online_cpus":128,"cpu_usage":{"usage_in_usermode":11160000000,"usage_in_kernelmode":2520000000,"total_usage":13632214805,"percpu_usage":[0,0,0,0,0,0,0,0,0,0,0,0,0,0,0,0,0,0,0,0,0,0,0,0,0,0,0,0,0,0,0,0,0,0,0,0,0,0,0,0,0,0,0,0,0,0,0,0,0,0,0,0,0,0,13632214805,0,0,0,0,0,0,0,0,0,0,0,0,0,0,0,0,0,0,0,0,0,0,0,0,0,0,0,0,0,0,0,0,0,0,0,0,0,0,0,0,0,0,0,0,0,0,0,0,0,0,0,0,0,0,0,0,0,0,0,0,0,0,0,0,0,0,0,0,0,0,0,0,0]}},"read":"2021-01-11T18:45:57.76694998Z"}