################################################################################
# PkgEval set-up: 2021-01-11T19:57:38.509
#

Julia Version 1.5.3
Commit 599f52c4c6 (2020-12-18 13:33 UTC)
Platform Info:
  OS: Linux (x86_64-linux-gnu)
  CPU: AMD EPYC 7502 32-Core Processor
  WORD_SIZE: 64
  LIBM: libopenlibm
  LLVM: libLLVM-9.0.1 (ORCJIT, znver2)
Environment:
  JULIA_PKG_PRECOMPILE_AUTO = 0
  JULIA_PKGEVAL = true

Base.julia_cmd() = `/opt/julia/bin/julia -Cnative -J/opt/julia/lib/julia/sys.so -g1`


################################################################################
# Installation: 2021-01-11T19:57:40.328
#

 Installing known registries into `~/.julia`
######################################################################## 100.0%
      Added registry `General` to `~/.julia/registries/General`
  Resolving package versions...
  Installed ConicNonlinearBridge ───────── v0.2.1
  Installed CompilerSupportLibraries_jll ─ v0.3.4+0
  Installed MuladdMacro ────────────────── v0.2.2
  Installed CommonSubexpressions ───────── v0.3.0
  Installed Calculus ───────────────────── v0.5.1
  Installed ReverseDiffSparse ──────────── v0.8.6
  Installed MathProgBase ───────────────── v0.7.8
  Installed DiffRules ──────────────────── v1.0.2
  Installed DataStructures ─────────────── v0.17.20
  Installed JuMP ───────────────────────── v0.18.6
  Installed DiffResults ────────────────── v1.0.3
  Installed NaNMath ────────────────────── v0.3.5
  Installed OrderedCollections ─────────── v1.3.2
  Installed MacroTools ─────────────────── v0.5.6
  Installed StaticArrays ───────────────── v1.0.1
  Installed SpecialFunctions ───────────── v1.2.1
  Installed ForwardDiff ────────────────── v0.10.14
  Installed JLLWrappers ────────────────── v1.2.0
  Installed ChainRulesCore ─────────────── v0.9.24
  Installed Artifacts ──────────────────── v1.3.0
  Installed Compat ─────────────────────── v2.2.1
  Installed OpenSpecFun_jll ────────────── v0.5.3+4
Updating `~/.julia/environments/v1.5/Project.toml`
  [952205b0] + ConicNonlinearBridge v0.2.1
Updating `~/.julia/environments/v1.5/Manifest.toml`
  [56f22d72] + Artifacts v1.3.0
  [49dc2e85] + Calculus v0.5.1
  [d360d2e6] + ChainRulesCore v0.9.24
  [bbf7d656] + CommonSubexpressions v0.3.0
  [34da2185] + Compat v2.2.1
  [e66e0078] + CompilerSupportLibraries_jll v0.3.4+0
  [952205b0] + ConicNonlinearBridge v0.2.1
  [864edb3b] + DataStructures v0.17.20
  [163ba53b] + DiffResults v1.0.3
  [b552c78f] + DiffRules v1.0.2
  [f6369f11] + ForwardDiff v0.10.14
  [692b3bcd] + JLLWrappers v1.2.0
  [4076af6c] + JuMP v0.18.6
  [1914dd2f] + MacroTools v0.5.6
  [fdba3010] + MathProgBase v0.7.8
  [46d2c3a1] + MuladdMacro v0.2.2
  [77ba4419] + NaNMath v0.3.5
  [efe28fd5] + OpenSpecFun_jll v0.5.3+4
  [bac558e1] + OrderedCollections v1.3.2
  [89212889] + ReverseDiffSparse v0.8.6
  [276daf66] + SpecialFunctions v1.2.1
  [90137ffa] + StaticArrays v1.0.1
  [2a0f44e3] + Base64
  [ade2ca70] + Dates
  [8bb1440f] + DelimitedFiles
  [8ba89e20] + Distributed
  [b77e0a4c] + InteractiveUtils
  [76f85450] + LibGit2
  [8f399da3] + Libdl
  [37e2e46d] + LinearAlgebra
  [56ddb016] + Logging
  [d6f4376e] + Markdown
  [a63ad114] + Mmap
  [44cfe95a] + Pkg
  [de0858da] + Printf
  [3fa0cd96] + REPL
  [9a3f8284] + Random
  [ea8e919c] + SHA
  [9e88b42a] + Serialization
  [1a1011a3] + SharedArrays
  [6462fe0b] + Sockets
  [2f01184e] + SparseArrays
  [10745b16] + Statistics
  [8dfed614] + Test
  [cf7118a7] + UUIDs
  [4ec0a83e] + Unicode


################################################################################
# Testing: 2021-01-11T19:57:45.985
#

┌ Warning: using test/REQUIRE files is deprecated and current support is lacking in some areas
└ @ Pkg.Operations /workspace/srcdir/usr/share/julia/stdlib/v1.5/Pkg/src/Operations.jl:1475
    Testing ConicNonlinearBridge
Status `/tmp/jl_zLboHR/Project.toml`
  [34da2185] Compat v2.2.1
  [952205b0] ConicNonlinearBridge v0.2.1
  [b6b21f68] Ipopt v0.6.5
  [4076af6c] JuMP v0.18.6
  [fdba3010] MathProgBase v0.7.8
Status `/tmp/jl_zLboHR/Manifest.toml`
  [ae81ac8f] ASL_jll v0.1.1+4
  [56f22d72] Artifacts v1.3.0
  [6e4b80f9] BenchmarkTools v0.5.0
  [b99e7846] BinaryProvider v0.5.10
  [6e34b625] Bzip2_jll v1.0.6+5
  [49dc2e85] Calculus v0.5.1
  [d360d2e6] ChainRulesCore v0.9.24
  [523fee87] CodecBzip2 v0.7.2
  [944b1d66] CodecZlib v0.7.0
  [bbf7d656] CommonSubexpressions v0.3.0
  [34da2185] Compat v2.2.1
  [e66e0078] CompilerSupportLibraries_jll v0.3.4+0
  [952205b0] ConicNonlinearBridge v0.2.1
  [864edb3b] DataStructures v0.17.20
  [163ba53b] DiffResults v1.0.3
  [b552c78f] DiffRules v1.0.2
  [f6369f11] ForwardDiff v0.10.14
  [cd3eb016] HTTP v0.9.2
  [83e8ac13] IniFile v0.5.0
  [b6b21f68] Ipopt v0.6.5
  [9cc047cb] Ipopt_jll v3.13.2+1
  [692b3bcd] JLLWrappers v1.2.0
  [682c06a0] JSON v0.21.1
  [7d188eb4] JSONSchema v0.3.3
  [4076af6c] JuMP v0.18.6
  [d00139f3] METIS_jll v5.1.0+5
  [d7ed1dd3] MUMPS_seq_jll v5.2.1+4
  [1914dd2f] MacroTools v0.5.6
  [b8f27783] MathOptInterface v0.9.19
  [fdba3010] MathProgBase v0.7.8
  [739be429] MbedTLS v1.0.3
  [c8ffd9c3] MbedTLS_jll v2.16.8+1
  [46d2c3a1] MuladdMacro v0.2.2
  [d8a4904e] MutableArithmetics v0.2.13
  [77ba4419] NaNMath v0.3.5
  [656ef2d0] OpenBLAS32_jll v0.3.9+4
  [efe28fd5] OpenSpecFun_jll v0.5.3+4
  [bac558e1] OrderedCollections v1.3.2
  [69de0a69] Parsers v1.0.15
  [89212889] ReverseDiffSparse v0.8.6
  [276daf66] SpecialFunctions v1.2.1
  [90137ffa] StaticArrays v1.0.1
  [3bb67fe8] TranscodingStreams v0.9.5
  [5c2747f8] URIs v1.1.0
  [a5390f91] ZipFile v0.9.3
  [83775a58] Zlib_jll v1.2.11+18
  [2a0f44e3] Base64
  [ade2ca70] Dates
  [8bb1440f] DelimitedFiles
  [8ba89e20] Distributed
  [b77e0a4c] InteractiveUtils
  [76f85450] LibGit2
  [8f399da3] Libdl
  [37e2e46d] LinearAlgebra
  [56ddb016] Logging
  [d6f4376e] Markdown
  [a63ad114] Mmap
  [44cfe95a] Pkg
  [de0858da] Printf
  [3fa0cd96] REPL
  [9a3f8284] Random
  [ea8e919c] SHA
  [9e88b42a] Serialization
  [1a1011a3] SharedArrays
  [6462fe0b] Sockets
  [2f01184e] SparseArrays
  [10745b16] Statistics
  [8dfed614] Test
  [cf7118a7] UUIDs
  [4ec0a83e] Unicode
ERROR: LoadError: LoadError: ArgumentError: Package Test not found in current path:
- Run `import Pkg; Pkg.add("Test")` to install the Test package.

Stacktrace:
 [1] require(::Module, ::Symbol) at ./loading.jl:893
 [2] include(::String) at ./client.jl:457
 [3] top-level scope at /home/pkgeval/.julia/packages/ConicNonlinearBridge/eX3Mj/test/runtests.jl:19
 [4] include(::String) at ./client.jl:457
 [5] top-level scope at none:6
in expression starting at /home/pkgeval/.julia/packages/MathProgBase/rr4Xh/test/conicinterface.jl:8
in expression starting at /home/pkgeval/.julia/packages/ConicNonlinearBridge/eX3Mj/test/runtests.jl:19

PkgEval failed: Package ConicNonlinearBridge errored during testing
Stacktrace:
 [1] pkgerror(::String) at /workspace/srcdir/usr/share/julia/stdlib/v1.5/Pkg/src/Types.jl:52
 [2] test(::Pkg.Types.Context, ::Array{Pkg.Types.PackageSpec,1}; coverage::Bool, julia_args::Cmd, test_args::Cmd, test_fn::Nothing) at /workspace/srcdir/usr/share/julia/stdlib/v1.5/Pkg/src/Operations.jl:1578
 [3] test(::Pkg.Types.Context, ::Array{Pkg.Types.PackageSpec,1}; coverage::Bool, test_fn::Nothing, julia_args::Cmd, test_args::Cmd, kwargs::Base.Iterators.Pairs{Union{},Union{},Tuple{},NamedTuple{(),Tuple{}}}) at /workspace/srcdir/usr/share/julia/stdlib/v1.5/Pkg/src/API.jl:327
 [4] test(::Pkg.Types.Context, ::Array{Pkg.Types.PackageSpec,1}) at /workspace/srcdir/usr/share/julia/stdlib/v1.5/Pkg/src/API.jl:314
 [5] #test#61 at /workspace/srcdir/usr/share/julia/stdlib/v1.5/Pkg/src/API.jl:67 [inlined]
 [6] test at /workspace/srcdir/usr/share/julia/stdlib/v1.5/Pkg/src/API.jl:67 [inlined]
 [7] #test#60 at /workspace/srcdir/usr/share/julia/stdlib/v1.5/Pkg/src/API.jl:66 [inlined]
 [8] test at /workspace/srcdir/usr/share/julia/stdlib/v1.5/Pkg/src/API.jl:66 [inlined]
 [9] test(::String; kwargs::Base.Iterators.Pairs{Union{},Union{},Tuple{},NamedTuple{(),Tuple{}}}) at /workspace/srcdir/usr/share/julia/stdlib/v1.5/Pkg/src/API.jl:65
 [10] test(::String) at /workspace/srcdir/usr/share/julia/stdlib/v1.5/Pkg/src/API.jl:65
 [11] top-level scope at none:22
 [12] eval at ./boot.jl:331 [inlined]
 [13] eval(::Expr) at ./client.jl:467
 [14] top-level scope at none:1
 [15] eval(::Module, ::Any) at ./boot.jl:331
 [16] exec_options(::Base.JLOptions) at ./client.jl:272
 [17] _start() at ./client.jl:506


################################################################################
# PkgEval teardown: 2021-01-11T20:00:03.541
CPU usage: 144.91s (135.79s user, 9.35s kernel)

Network usage:
- eth0: 6.725 MiB received, 257.350 KiB sent

Raw statistics: {"blkio_stats":{"io_queue_recursive":[],"io_serviced_recursive":[{"major":259,"value":0,"op":"Read","minor":0},{"major":259,"value":28,"op":"Write","minor":0},{"major":259,"value":19,"op":"Sync","minor":0},{"major":259,"value":9,"op":"Async","minor":0},{"major":259,"value":0,"op":"Discard","minor":0},{"major":259,"value":28,"op":"Total","minor":0},{"major":253,"value":0,"op":"Read","minor":2},{"major":253,"value":28,"op":"Write","minor":2},{"major":253,"value":19,"op":"Sync","minor":2},{"major":253,"value":9,"op":"Async","minor":2},{"major":253,"value":0,"op":"Discard","minor":2},{"major":253,"value":28,"op":"Total","minor":2}],"io_time_recursive":[],"sectors_recursive":[],"io_service_bytes_recursive":[{"major":259,"value":0,"op":"Read","minor":0},{"major":259,"value":163840,"op":"Write","minor":0},{"major":259,"value":106496,"op":"Sync","minor":0},{"major":259,"value":57344,"op":"Async","minor":0},{"major":259,"value":0,"op":"Discard","minor":0},{"major":259,"value":163840,"op":"Total","minor":0},{"major":253,"value":0,"op":"Read","minor":2},{"major":253,"value":163840,"op":"Write","minor":2},{"major":253,"value":106496,"op":"Sync","minor":2},{"major":253,"value":57344,"op":"Async","minor":2},{"major":253,"value":0,"op":"Discard","minor":2},{"major":253,"value":163840,"op":"Total","minor":2}],"io_wait_time_recursive":[],"io_merged_recursive":[],"io_service_time_recursive":[]},"memory_stats":{"usage":392900608,"max_usage":1764249600,"stats":{"hierarchical_memory_limit":9223372036854771712,"pgmajfault":0,"total_rss":238891008,"inactive_file":135168,"inactive_anon":91373568,"total_pgfault":3976698,"total_cache":121552896,"total_rss_huge":0,"total_active_anon":268984320,"total_pgmajfault":0,"pgpgin":2650824,"rss_huge":0,"mapped_file":0,"total_inactive_file":135168,"dirty":135168,"total_unevictable":0,"total_dirty":135168,"writeback":0,"pgpgout":2562813,"hierarchical_memsw_limit":0,"cache":121552896,"active_file":135168,"pgfault":3976698,"total_mapped_file":0,"total_pgpgout":2562813,"total_writeback":0,"rss":238891008,"unevictable":0,"total_inactive_anon":91373568,"total_pgpgin":2650824,"active_anon":268984320,"total_active_file":135168},"limit":540965302272},"name":"/ConicNonlinearBridge-9IJRzniP","networks":{"eth0":{"rx_bytes":7051225,"rx_packets":1989,"tx_packets":2201,"tx_bytes":263526,"tx_dropped":0,"rx_dropped":5,"tx_errors":0,"rx_errors":0}},"id":"f3d28a9184071a37121add49de4a132b868e1bf5f1a553ae0d7cc0f94116a933","preread":"0001-01-01T00:00:00Z","storage_stats":{},"precpu_stats":{"throttling_data":{"throttled_periods":0,"throttled_time":0,"periods":0},"cpu_usage":{"usage_in_usermode":0,"usage_in_kernelmode":0,"total_usage":0}},"pids_stats":{"current":40},"num_procs":0,"cpu_stats":{"throttling_data":{"throttled_periods":0,"throttled_time":0,"periods":0},"system_cpu_usage":5279681824522419,"online_cpus":128,"cpu_usage":{"usage_in_usermode":135790000000,"usage_in_kernelmode":9350000000,"total_usage":144911814481,"percpu_usage":[0,0,0,0,0,0,0,0,0,0,0,0,0,0,0,0,0,0,0,0,0,0,0,0,0,0,0,0,0,0,0,0,0,0,0,0,0,0,0,0,0,0,0,0,0,0,0,0,0,0,0,0,0,0,0,0,0,0,0,0,144911420321,0,0,0,0,0,0,0,0,0,0,0,0,0,0,0,0,0,0,0,0,0,0,0,0,0,0,0,0,0,0,0,0,0,0,0,0,0,0,0,0,0,0,0,0,0,0,0,0,0,0,0,0,0,0,0,0,0,0,0,0,0,0,0,3870,0,0,390290]}},"read":"2021-01-11T20:00:03.578878564Z"}