################################################################################
# PkgEval set-up: 2021-01-11T21:25:51.95
#

Julia Version 1.5.3
Commit 599f52c4c6 (2020-12-18 13:33 UTC)
Platform Info:
  OS: Linux (x86_64-linux-gnu)
  CPU: AMD EPYC 7502 32-Core Processor
  WORD_SIZE: 64
  LIBM: libopenlibm
  LLVM: libLLVM-9.0.1 (ORCJIT, znver2)
Environment:
  JULIA_PKG_PRECOMPILE_AUTO = 0
  JULIA_PKGEVAL = true

Base.julia_cmd() = `/opt/julia/bin/julia -Cnative -J/opt/julia/lib/julia/sys.so -g1`


################################################################################
# Installation: 2021-01-11T21:25:53.725
#

 Installing known registries into `~/.julia`
#####################################                                     51.6%######################################################################## 100.0%
      Added registry `General` to `~/.julia/registries/General`
  Resolving package versions...
  Installed ConstituencyTrees ── v0.1.0
  Installed AbstractTrees ────── v0.3.3
  Installed Reexport ─────────── v0.2.0
  Installed Automa ───────────── v0.8.0
  Installed Compat ───────────── v3.25.0
  Installed OrderedCollections ─ v1.3.2
  Installed TranscodingStreams ─ v0.9.5
  Installed DataStructures ───── v0.18.8
Updating `~/.julia/environments/v1.5/Project.toml`
  [bb729d96] + ConstituencyTrees v0.1.0
Updating `~/.julia/environments/v1.5/Manifest.toml`
  [1520ce14] + AbstractTrees v0.3.3
  [67c07d97] + Automa v0.8.0
  [34da2185] + Compat v3.25.0
  [bb729d96] + ConstituencyTrees v0.1.0
  [864edb3b] + DataStructures v0.18.8
  [bac558e1] + OrderedCollections v1.3.2
  [189a3867] + Reexport v0.2.0
  [3bb67fe8] + TranscodingStreams v0.9.5
  [2a0f44e3] + Base64
  [ade2ca70] + Dates
  [8bb1440f] + DelimitedFiles
  [8ba89e20] + Distributed
  [b77e0a4c] + InteractiveUtils
  [76f85450] + LibGit2
  [8f399da3] + Libdl
  [37e2e46d] + LinearAlgebra
  [56ddb016] + Logging
  [d6f4376e] + Markdown
  [a63ad114] + Mmap
  [44cfe95a] + Pkg
  [de0858da] + Printf
  [3fa0cd96] + REPL
  [9a3f8284] + Random
  [ea8e919c] + SHA
  [9e88b42a] + Serialization
  [1a1011a3] + SharedArrays
  [6462fe0b] + Sockets
  [2f01184e] + SparseArrays
  [10745b16] + Statistics
  [8dfed614] + Test
  [cf7118a7] + UUIDs
  [4ec0a83e] + Unicode


################################################################################
# Testing: 2021-01-11T21:25:58.109
#

    Testing ConstituencyTrees
Status `/tmp/jl_V5ehwS/Project.toml`
  [1520ce14] AbstractTrees v0.3.3
  [67c07d97] Automa v0.8.0
  [bb729d96] ConstituencyTrees v0.1.0
  [189a3867] Reexport v0.2.0
  [8dfed614] Test
Status `/tmp/jl_V5ehwS/Manifest.toml`
  [1520ce14] AbstractTrees v0.3.3
  [67c07d97] Automa v0.8.0
  [34da2185] Compat v3.25.0
  [bb729d96] ConstituencyTrees v0.1.0
  [864edb3b] DataStructures v0.18.8
  [bac558e1] OrderedCollections v1.3.2
  [189a3867] Reexport v0.2.0
  [3bb67fe8] TranscodingStreams v0.9.5
  [2a0f44e3] Base64
  [ade2ca70] Dates
  [8bb1440f] DelimitedFiles
  [8ba89e20] Distributed
  [b77e0a4c] InteractiveUtils
  [76f85450] LibGit2
  [8f399da3] Libdl
  [37e2e46d] LinearAlgebra
  [56ddb016] Logging
  [d6f4376e] Markdown
  [a63ad114] Mmap
  [44cfe95a] Pkg
  [de0858da] Printf
  [3fa0cd96] REPL
  [9a3f8284] Random
  [ea8e919c] SHA
  [9e88b42a] Serialization
  [1a1011a3] SharedArrays
  [6462fe0b] Sockets
  [2f01184e] SparseArrays
  [10745b16] Statistics
  [8dfed614] Test
  [cf7118a7] UUIDs
  [4ec0a83e] Unicode
Test Summary:        | Pass  Total
ConstituencyTrees.jl |   28     28
    Testing ConstituencyTrees tests passed 

PkgEval succeeded


################################################################################
# PkgEval teardown: 2021-01-11T21:26:21.865
CPU usage: 30.02s (26.69s user, 3.41s kernel)

Network usage:
- eth0: 3.101 MiB received, 62.671 KiB sent

Raw statistics: {"blkio_stats":{"io_queue_recursive":[],"io_serviced_recursive":[{"major":259,"value":0,"op":"Read","minor":0},{"major":259,"value":24,"op":"Write","minor":0},{"major":259,"value":19,"op":"Sync","minor":0},{"major":259,"value":5,"op":"Async","minor":0},{"major":259,"value":0,"op":"Discard","minor":0},{"major":259,"value":24,"op":"Total","minor":0},{"major":253,"value":0,"op":"Read","minor":2},{"major":253,"value":24,"op":"Write","minor":2},{"major":253,"value":19,"op":"Sync","minor":2},{"major":253,"value":5,"op":"Async","minor":2},{"major":253,"value":0,"op":"Discard","minor":2},{"major":253,"value":24,"op":"Total","minor":2}],"io_time_recursive":[],"sectors_recursive":[],"io_service_bytes_recursive":[{"major":259,"value":0,"op":"Read","minor":0},{"major":259,"value":126976,"op":"Write","minor":0},{"major":259,"value":106496,"op":"Sync","minor":0},{"major":259,"value":20480,"op":"Async","minor":0},{"major":259,"value":0,"op":"Discard","minor":0},{"major":259,"value":126976,"op":"Total","minor":0},{"major":253,"value":0,"op":"Read","minor":2},{"major":253,"value":126976,"op":"Write","minor":2},{"major":253,"value":106496,"op":"Sync","minor":2},{"major":253,"value":20480,"op":"Async","minor":2},{"major":253,"value":0,"op":"Discard","minor":2},{"major":253,"value":126976,"op":"Total","minor":2}],"io_wait_time_recursive":[],"io_merged_recursive":[],"io_service_time_recursive":[]},"memory_stats":{"usage":330391552,"max_usage":1017454592,"stats":{"hierarchical_memory_limit":9223372036854771712,"pgmajfault":0,"total_rss":216424448,"inactive_file":135168,"inactive_anon":80019456,"total_pgfault":835890,"total_cache":84369408,"total_rss_huge":0,"total_active_anon":220459008,"total_pgmajfault":0,"pgpgin":511599,"rss_huge":0,"mapped_file":0,"total_inactive_file":135168,"dirty":270336,"total_unevictable":0,"total_dirty":270336,"writeback":135168,"pgpgout":438164,"hierarchical_memsw_limit":0,"cache":84369408,"active_file":405504,"pgfault":835890,"total_mapped_file":0,"total_pgpgout":438164,"total_writeback":135168,"rss":216424448,"unevictable":0,"total_inactive_anon":80019456,"total_pgpgin":511599,"active_anon":220459008,"total_active_file":405504},"limit":540965302272},"name":"/ConstituencyTrees-FNpMQVOe","networks":{"eth0":{"rx_bytes":3251349,"rx_packets":551,"tx_packets":571,"tx_bytes":64175,"tx_dropped":0,"rx_dropped":1,"tx_errors":0,"rx_errors":0}},"id":"5a2b742dc8c612119a185acdea11360f919175ef70976aa675896ef2b1783127","preread":"0001-01-01T00:00:00Z","storage_stats":{},"precpu_stats":{"throttling_data":{"throttled_periods":0,"throttled_time":0,"periods":0},"cpu_usage":{"usage_in_usermode":0,"usage_in_kernelmode":0,"total_usage":0}},"pids_stats":{"current":40},"num_procs":0,"cpu_stats":{"throttling_data":{"throttled_periods":0,"throttled_time":0,"periods":0},"system_cpu_usage":5941315194522419,"online_cpus":128,"cpu_usage":{"usage_in_usermode":26690000000,"usage_in_kernelmode":3410000000,"total_usage":30022200346,"percpu_usage":[0,0,0,0,0,0,0,0,0,30022196506,0,0,0,0,0,0,0,0,0,0,0,0,0,0,0,0,0,0,0,0,0,0,0,0,0,0,0,0,0,0,0,0,0,0,0,0,0,0,0,0,0,0,0,0,0,0,0,0,0,0,0,0,0,0,0,0,0,0,0,0,0,0,0,0,3840,0,0,0,0,0,0,0,0,0,0,0,0,0,0,0,0,0,0,0,0,0,0,0,0,0,0,0,0,0,0,0,0,0,0,0,0,0,0,0,0,0,0,0,0,0,0,0,0,0,0,0,0,0]}},"read":"2021-01-11T21:26:21.868739828Z"}