################################################################################
# PkgEval set-up: 2021-01-11T23:35:06.953
#

Julia Version 1.5.3
Commit 599f52c4c6 (2020-12-18 13:33 UTC)
Platform Info:
  OS: Linux (x86_64-linux-gnu)
  CPU: AMD EPYC 7502 32-Core Processor
  WORD_SIZE: 64
  LIBM: libopenlibm
  LLVM: libLLVM-9.0.1 (ORCJIT, znver2)
Environment:
  JULIA_PKG_PRECOMPILE_AUTO = 0
  JULIA_PKGEVAL = true

Base.julia_cmd() = `/opt/julia/bin/julia -Cnative -J/opt/julia/lib/julia/sys.so -g1`


################################################################################
# Installation: 2021-01-11T23:35:08.728
#

 Installing known registries into `~/.julia`
######################################################################## 100.0%
      Added registry `General` to `~/.julia/registries/General`
  Resolving package versions...
  Installed ContinuousTransformations ──── v1.0.0
  Installed CompilerSupportLibraries_jll ─ v0.3.4+0
  Installed Rmath_jll ──────────────────── v0.2.2+1
  Installed AutoHashEquals ─────────────── v0.2.0
  Installed Rmath ──────────────────────── v0.6.1
  Installed FillArrays ─────────────────── v0.9.7
  Installed DataStructures ─────────────── v0.18.8
  Installed StatsBase ──────────────────── v0.33.2
  Installed QuadGK ─────────────────────── v2.4.1
  Installed DataAPI ────────────────────── v1.4.0
  Installed Parameters ─────────────────── v0.12.1
  Installed ArgCheck ───────────────────── v1.1.0
  Installed Missings ───────────────────── v0.4.4
  Installed Lazy ───────────────────────── v0.15.1
  Installed OrderedCollections ─────────── v1.3.2
  Installed MacroTools ─────────────────── v0.5.6
  Installed StaticArrays ───────────────── v0.12.5
  Installed JLLWrappers ────────────────── v1.2.0
  Installed PDMats ─────────────────────── v0.10.1
  Installed Distributions ──────────────── v0.23.12
  Installed StatsFuns ──────────────────── v0.9.6
  Installed UnPack ─────────────────────── v1.0.2
  Installed SpecialFunctions ───────────── v0.10.3
  Installed SortingAlgorithms ──────────── v0.3.1
  Installed DocStringExtensions ────────── v0.8.3
  Installed Compat ─────────────────────── v3.25.0
  Installed OpenSpecFun_jll ────────────── v0.5.3+4
  Installed Artifacts ──────────────────── v1.3.0
Updating `~/.julia/environments/v1.5/Project.toml`
  [98729d58] + ContinuousTransformations v1.0.0
Updating `~/.julia/environments/v1.5/Manifest.toml`
  [dce04be8] + ArgCheck v1.1.0
  [56f22d72] + Artifacts v1.3.0
  [15f4f7f2] + AutoHashEquals v0.2.0
  [34da2185] + Compat v3.25.0
  [e66e0078] + CompilerSupportLibraries_jll v0.3.4+0
  [98729d58] + ContinuousTransformations v1.0.0
  [9a962f9c] + DataAPI v1.4.0
  [864edb3b] + DataStructures v0.18.8
  [31c24e10] + Distributions v0.23.12
  [ffbed154] + DocStringExtensions v0.8.3
  [1a297f60] + FillArrays v0.9.7
  [692b3bcd] + JLLWrappers v1.2.0
  [50d2b5c4] + Lazy v0.15.1
  [1914dd2f] + MacroTools v0.5.6
  [e1d29d7a] + Missings v0.4.4
  [efe28fd5] + OpenSpecFun_jll v0.5.3+4
  [bac558e1] + OrderedCollections v1.3.2
  [90014a1f] + PDMats v0.10.1
  [d96e819e] + Parameters v0.12.1
  [1fd47b50] + QuadGK v2.4.1
  [79098fc4] + Rmath v0.6.1
  [f50d1b31] + Rmath_jll v0.2.2+1
  [a2af1166] + SortingAlgorithms v0.3.1
  [276daf66] + SpecialFunctions v0.10.3
  [90137ffa] + StaticArrays v0.12.5
  [2913bbd2] + StatsBase v0.33.2
  [4c63d2b9] + StatsFuns v0.9.6
  [3a884ed6] + UnPack v1.0.2
  [2a0f44e3] + Base64
  [ade2ca70] + Dates
  [8bb1440f] + DelimitedFiles
  [8ba89e20] + Distributed
  [b77e0a4c] + InteractiveUtils
  [76f85450] + LibGit2
  [8f399da3] + Libdl
  [37e2e46d] + LinearAlgebra
  [56ddb016] + Logging
  [d6f4376e] + Markdown
  [a63ad114] + Mmap
  [44cfe95a] + Pkg
  [de0858da] + Printf
  [3fa0cd96] + REPL
  [9a3f8284] + Random
  [ea8e919c] + SHA
  [9e88b42a] + Serialization
  [1a1011a3] + SharedArrays
  [6462fe0b] + Sockets
  [2f01184e] + SparseArrays
  [10745b16] + Statistics
  [4607b0f0] + SuiteSparse
  [8dfed614] + Test
  [cf7118a7] + UUIDs
  [4ec0a83e] + Unicode


################################################################################
# Testing: 2021-01-11T23:35:14.86
#

┌ Warning: using test/REQUIRE files is deprecated and current support is lacking in some areas
└ @ Pkg.Operations /workspace/srcdir/usr/share/julia/stdlib/v1.5/Pkg/src/Operations.jl:1475
    Testing ContinuousTransformations
Status `/tmp/jl_fgfojU/Project.toml`
  [dce04be8] ArgCheck v1.1.0
  [15f4f7f2] AutoHashEquals v0.2.0
  [98729d58] ContinuousTransformations v1.0.0
  [31c24e10] Distributions v0.23.12
  [ffbed154] DocStringExtensions v0.8.3
  [f6369f11] ForwardDiff v0.10.14
  [50d2b5c4] Lazy v0.15.1
  [1914dd2f] MacroTools v0.5.6
  [d96e819e] Parameters v0.12.1
  [4c63d2b9] StatsFuns v0.9.6
  [37e2e46d] LinearAlgebra
  [d6f4376e] Markdown
  [10745b16] Statistics
  [8dfed614] Test
Status `/tmp/jl_fgfojU/Manifest.toml`
  [dce04be8] ArgCheck v1.1.0
  [56f22d72] Artifacts v1.3.0
  [15f4f7f2] AutoHashEquals v0.2.0
  [bbf7d656] CommonSubexpressions v0.3.0
  [34da2185] Compat v3.25.0
  [e66e0078] CompilerSupportLibraries_jll v0.3.4+0
  [98729d58] ContinuousTransformations v1.0.0
  [9a962f9c] DataAPI v1.4.0
  [864edb3b] DataStructures v0.18.8
  [163ba53b] DiffResults v1.0.3
  [b552c78f] DiffRules v1.0.2
  [31c24e10] Distributions v0.23.12
  [ffbed154] DocStringExtensions v0.8.3
  [1a297f60] FillArrays v0.9.7
  [f6369f11] ForwardDiff v0.10.14
  [692b3bcd] JLLWrappers v1.2.0
  [50d2b5c4] Lazy v0.15.1
  [1914dd2f] MacroTools v0.5.6
  [e1d29d7a] Missings v0.4.4
  [77ba4419] NaNMath v0.3.5
  [efe28fd5] OpenSpecFun_jll v0.5.3+4
  [bac558e1] OrderedCollections v1.3.2
  [90014a1f] PDMats v0.10.1
  [d96e819e] Parameters v0.12.1
  [1fd47b50] QuadGK v2.4.1
  [79098fc4] Rmath v0.6.1
  [f50d1b31] Rmath_jll v0.2.2+1
  [a2af1166] SortingAlgorithms v0.3.1
  [276daf66] SpecialFunctions v0.10.3
  [90137ffa] StaticArrays v0.12.5
  [2913bbd2] StatsBase v0.33.2
  [4c63d2b9] StatsFuns v0.9.6
  [3a884ed6] UnPack v1.0.2
  [2a0f44e3] Base64
  [ade2ca70] Dates
  [8bb1440f] DelimitedFiles
  [8ba89e20] Distributed
  [b77e0a4c] InteractiveUtils
  [76f85450] LibGit2
  [8f399da3] Libdl
  [37e2e46d] LinearAlgebra
  [56ddb016] Logging
  [d6f4376e] Markdown
  [a63ad114] Mmap
  [44cfe95a] Pkg
  [de0858da] Printf
  [3fa0cd96] REPL
  [9a3f8284] Random
  [ea8e919c] SHA
  [9e88b42a] Serialization
  [1a1011a3] SharedArrays
  [6462fe0b] Sockets
  [2f01184e] SparseArrays
  [10745b16] Statistics
  [4607b0f0] SuiteSparse
  [8dfed614] Test
  [cf7118a7] UUIDs
  [4ec0a83e] Unicode
Test Summary:    | Pass  Total
define singleton |    3      3
Test Summary:       | Pass  Total
vec lower utilities |    5      5
Test Summary:         | Pass  Total
interval constructors |    8      8
Test Summary:     | Pass  Total
interval equality |    5      5
Test Summary:            | Pass  Total
named interval constants |    3      3
Test Summary:     | Pass  Total
interval isapprox |    7      7
Test Summary:                           | Pass  Total
intervals ∈, width, extrema, finiteness |   29     29
Test Summary:           | Pass  Total
intervals intersections |   18     18
Test Summary:     | Pass  Total
interval printing |    1      1
Test Summary:  | Pass  Total
type hierarchy |    6      6
Test Summary:                    | Pass  Total
univariate transformation basics |   34     34
Test Summary:                    |  Pass  Total
basic univariate transformations | 20000  20000
Test Summary:      | Pass  Total
affine composition | 2502   2502
Test Summary:             | Pass  Total
non-RR stable composition |    3      3
Test Summary: | Pass  Total
affine bridge | 1503   1503
Test Summary:     | Pass  Total
interval negation |    4      4
Test Summary: |  Pass  Total
bridge tests  | 17514  17514
Test Summary: | Pass  Total
show          |   10     10
Test Summary:    | Pass  Total
show MIME method |    1      1
Test Summary:           | Pass  Total
UnitVector calculations | 4000   4000
Test Summary:   | Pass  Total
UnitVector misc |    5      5
Test Summary:                                       | Pass  Total
CorrelationCholeskyFactor calculations, full logjac | 8000   8000
Test Summary:                  | Pass  Total
CorrelationCholeskyFactor misc |    5      5
Test Summary:         | Pass  Total
array transformations | 6032   6032
Test Summary:                   | Pass  Total
transformation tuple univariate |   12     12
Test Summary:              | Pass  Total
transformation tuple mixed |    8      8
Test Summary:                  |
transformation tuple inference | No tests
log likelihood transformation: Test Failed at /home/pkgeval/.julia/packages/ContinuousTransformations/7kA7j/test/runtests.jl:572
  Expression: repr(tℓ) == "TransformLogLikelihood of length 2, with TransformationTuple\n    x[1] ↦ logistic(x[1])\n    x[2] ↦ exp(x[2])"
   Evaluated: "TransformLogLikelihood of length 2, with TransformationTuple{Tuple{ContinuousTransformations.ComposedTransformation{Affine{Float64},Logistic},ContinuousTransformations.ComposedTransformation{Affine{Float64},Exp}}}((x ↦ logistic(x), x ↦ exp(x)))" == "TransformLogLikelihood of length 2, with TransformationTuple\n    x[1] ↦ logistic(x[1])\n    x[2] ↦ exp(x[2])"
Stacktrace:
 [1] top-level scope at /home/pkgeval/.julia/packages/ContinuousTransformations/7kA7j/test/runtests.jl:572
 [2] top-level scope at /workspace/srcdir/usr/share/julia/stdlib/v1.5/Test/src/Test.jl:1115
 [3] top-level scope at /home/pkgeval/.julia/packages/ContinuousTransformations/7kA7j/test/runtests.jl:550
Test Summary:                 | Pass  Fail  Total
log likelihood transformation |  104     1    105
ERROR: LoadError: Some tests did not pass: 104 passed, 1 failed, 0 errored, 0 broken.
in expression starting at /home/pkgeval/.julia/packages/ContinuousTransformations/7kA7j/test/runtests.jl:549

PkgEval failed: Package ContinuousTransformations errored during testing
Stacktrace:
 [1] pkgerror(::String) at /workspace/srcdir/usr/share/julia/stdlib/v1.5/Pkg/src/Types.jl:52
 [2] test(::Pkg.Types.Context, ::Array{Pkg.Types.PackageSpec,1}; coverage::Bool, julia_args::Cmd, test_args::Cmd, test_fn::Nothing) at /workspace/srcdir/usr/share/julia/stdlib/v1.5/Pkg/src/Operations.jl:1578
 [3] test(::Pkg.Types.Context, ::Array{Pkg.Types.PackageSpec,1}; coverage::Bool, test_fn::Nothing, julia_args::Cmd, test_args::Cmd, kwargs::Base.Iterators.Pairs{Union{},Union{},Tuple{},NamedTuple{(),Tuple{}}}) at /workspace/srcdir/usr/share/julia/stdlib/v1.5/Pkg/src/API.jl:327
 [4] test(::Pkg.Types.Context, ::Array{Pkg.Types.PackageSpec,1}) at /workspace/srcdir/usr/share/julia/stdlib/v1.5/Pkg/src/API.jl:314
 [5] #test#61 at /workspace/srcdir/usr/share/julia/stdlib/v1.5/Pkg/src/API.jl:67 [inlined]
 [6] test at /workspace/srcdir/usr/share/julia/stdlib/v1.5/Pkg/src/API.jl:67 [inlined]
 [7] #test#60 at /workspace/srcdir/usr/share/julia/stdlib/v1.5/Pkg/src/API.jl:66 [inlined]
 [8] test at /workspace/srcdir/usr/share/julia/stdlib/v1.5/Pkg/src/API.jl:66 [inlined]
 [9] test(::String; kwargs::Base.Iterators.Pairs{Union{},Union{},Tuple{},NamedTuple{(),Tuple{}}}) at /workspace/srcdir/usr/share/julia/stdlib/v1.5/Pkg/src/API.jl:65
 [10] test(::String) at /workspace/srcdir/usr/share/julia/stdlib/v1.5/Pkg/src/API.jl:65
 [11] top-level scope at none:22
 [12] eval at ./boot.jl:331 [inlined]
 [13] eval(::Expr) at ./client.jl:467
 [14] top-level scope at none:1
 [15] eval(::Module, ::Any) at ./boot.jl:331
 [16] exec_options(::Base.JLOptions) at ./client.jl:272
 [17] _start() at ./client.jl:506


################################################################################
# PkgEval teardown: 2021-01-11T23:37:25.862
CPU usage: 138.80s (131.56s user, 7.40s kernel)

Network usage:
- eth0: 3.977 MiB received, 177.142 KiB sent

Raw statistics: {"blkio_stats":{"io_queue_recursive":[],"io_serviced_recursive":[{"major":259,"value":0,"op":"Read","minor":0},{"major":259,"value":24,"op":"Write","minor":0},{"major":259,"value":19,"op":"Sync","minor":0},{"major":259,"value":5,"op":"Async","minor":0},{"major":259,"value":0,"op":"Discard","minor":0},{"major":259,"value":24,"op":"Total","minor":0},{"major":253,"value":0,"op":"Read","minor":2},{"major":253,"value":24,"op":"Write","minor":2},{"major":253,"value":19,"op":"Sync","minor":2},{"major":253,"value":5,"op":"Async","minor":2},{"major":253,"value":0,"op":"Discard","minor":2},{"major":253,"value":24,"op":"Total","minor":2}],"io_time_recursive":[],"sectors_recursive":[],"io_service_bytes_recursive":[{"major":259,"value":0,"op":"Read","minor":0},{"major":259,"value":139264,"op":"Write","minor":0},{"major":259,"value":106496,"op":"Sync","minor":0},{"major":259,"value":32768,"op":"Async","minor":0},{"major":259,"value":0,"op":"Discard","minor":0},{"major":259,"value":139264,"op":"Total","minor":0},{"major":253,"value":0,"op":"Read","minor":2},{"major":253,"value":139264,"op":"Write","minor":2},{"major":253,"value":106496,"op":"Sync","minor":2},{"major":253,"value":32768,"op":"Async","minor":2},{"major":253,"value":0,"op":"Discard","minor":2},{"major":253,"value":139264,"op":"Total","minor":2}],"io_wait_time_recursive":[],"io_merged_recursive":[],"io_service_time_recursive":[]},"memory_stats":{"usage":340008960,"max_usage":1333346304,"stats":{"hierarchical_memory_limit":9223372036854771712,"pgmajfault":0,"total_rss":210976768,"inactive_file":135168,"inactive_anon":83128320,"total_pgfault":2604690,"total_cache":97927168,"total_rss_huge":0,"total_active_anon":225865728,"total_pgmajfault":0,"pgpgin":1668711,"rss_huge":0,"mapped_file":0,"total_inactive_file":135168,"dirty":405504,"total_unevictable":0,"total_dirty":405504,"writeback":0,"pgpgout":1593252,"hierarchical_memsw_limit":0,"cache":97927168,"active_file":135168,"pgfault":2604690,"total_mapped_file":0,"total_pgpgout":1593252,"total_writeback":0,"rss":210976768,"unevictable":0,"total_inactive_anon":83128320,"total_pgpgin":1668711,"active_anon":225865728,"total_active_file":135168},"limit":540965302272},"name":"/ContinuousTransformations-W9b0IpZ5","networks":{"eth0":{"rx_bytes":4169936,"rx_packets":1288,"tx_packets":1433,"tx_bytes":181393,"tx_dropped":0,"rx_dropped":5,"tx_errors":0,"rx_errors":0}},"id":"7381ea96148a21e67e8eb5e680bcab736c3f22adb186fc1b11c2a59ac97d1e8b","preread":"0001-01-01T00:00:00Z","storage_stats":{},"precpu_stats":{"throttling_data":{"throttled_periods":0,"throttled_time":0,"periods":0},"cpu_usage":{"usage_in_usermode":0,"usage_in_kernelmode":0,"total_usage":0}},"pids_stats":{"current":40},"num_procs":0,"cpu_stats":{"throttling_data":{"throttled_periods":0,"throttled_time":0,"periods":0},"system_cpu_usage":6946215684522419,"online_cpus":128,"cpu_usage":{"usage_in_usermode":131560000000,"usage_in_kernelmode":7400000000,"total_usage":138795472551,"percpu_usage":[0,0,0,0,0,0,0,0,0,138795472551,0,0,0,0,0,0,0,0,0,0,0,0,0,0,0,0,0,0,0,0,0,0,0,0,0,0,0,0,0,0,0,0,0,0,0,0,0,0,0,0,0,0,0,0,0,0,0,0,0,0,0,0,0,0,0,0,0,0,0,0,0,0,0,0,0,0,0,0,0,0,0,0,0,0,0,0,0,0,0,0,0,0,0,0,0,0,0,0,0,0,0,0,0,0,0,0,0,0,0,0,0,0,0,0,0,0,0,0,0,0,0,0,0,0,0,0,0,0]}},"read":"2021-01-11T23:37:26.195645442Z"}