################################################################################
# PkgEval set-up: 2021-01-11T16:05:56.294
#

Julia Version 1.5.3
Commit 599f52c4c6 (2020-12-18 13:33 UTC)
Platform Info:
  OS: Linux (x86_64-linux-gnu)
  CPU: AMD EPYC 7502 32-Core Processor
  WORD_SIZE: 64
  LIBM: libopenlibm
  LLVM: libLLVM-9.0.1 (ORCJIT, znver2)
Environment:
  JULIA_PKG_PRECOMPILE_AUTO = 0
  JULIA_PKGEVAL = true

Base.julia_cmd() = `/opt/julia/bin/julia -Cnative -J/opt/julia/lib/julia/sys.so -g1`


################################################################################
# Installation: 2021-01-11T16:05:58.03
#

 Installing known registries into `~/.julia`
#####################################                                     52.3%######################################################################## 100.0%
      Added registry `General` to `~/.julia/registries/General`
  Resolving package versions...
  Installed CorrNoise ─ v1.0.1
Updating `~/.julia/environments/v1.5/Project.toml`
  [0374c0b2] + CorrNoise v1.0.1
Updating `~/.julia/environments/v1.5/Manifest.toml`
  [0374c0b2] + CorrNoise v1.0.1
  [2a0f44e3] + Base64
  [8ba89e20] + Distributed
  [b77e0a4c] + InteractiveUtils
  [56ddb016] + Logging
  [d6f4376e] + Markdown
  [9a3f8284] + Random
  [9e88b42a] + Serialization
  [6462fe0b] + Sockets
  [8dfed614] + Test


################################################################################
# Testing: 2021-01-11T16:06:01.711
#

    Testing CorrNoise
Status `/tmp/jl_uXBseS/Project.toml`
  [0374c0b2] CorrNoise v1.0.1
  [9a3f8284] Random
  [8dfed614] Test
Status `/tmp/jl_uXBseS/Manifest.toml`
  [0374c0b2] CorrNoise v1.0.1
  [2a0f44e3] Base64
  [8ba89e20] Distributed
  [b77e0a4c] InteractiveUtils
  [56ddb016] Logging
  [d6f4376e] Markdown
  [9a3f8284] Random
  [9e88b42a] Serialization
  [6462fe0b] Sockets
  [8dfed614] Test
    Testing CorrNoise tests passed 

PkgEval succeeded


################################################################################
# PkgEval teardown: 2021-01-11T16:06:04.361
CPU usage: 8.07s (5.71s user, 2.38s kernel)

Network usage:
- eth0: 2.578 MiB received, 31.222 KiB sent

Raw statistics: {"blkio_stats":{"io_queue_recursive":[],"io_serviced_recursive":[{"major":259,"value":0,"op":"Read","minor":0},{"major":259,"value":24,"op":"Write","minor":0},{"major":259,"value":19,"op":"Sync","minor":0},{"major":259,"value":5,"op":"Async","minor":0},{"major":259,"value":0,"op":"Discard","minor":0},{"major":259,"value":24,"op":"Total","minor":0},{"major":253,"value":0,"op":"Read","minor":2},{"major":253,"value":24,"op":"Write","minor":2},{"major":253,"value":19,"op":"Sync","minor":2},{"major":253,"value":5,"op":"Async","minor":2},{"major":253,"value":0,"op":"Discard","minor":2},{"major":253,"value":24,"op":"Total","minor":2}],"io_time_recursive":[],"sectors_recursive":[],"io_service_bytes_recursive":[{"major":259,"value":0,"op":"Read","minor":0},{"major":259,"value":126976,"op":"Write","minor":0},{"major":259,"value":106496,"op":"Sync","minor":0},{"major":259,"value":20480,"op":"Async","minor":0},{"major":259,"value":0,"op":"Discard","minor":0},{"major":259,"value":126976,"op":"Total","minor":0},{"major":253,"value":0,"op":"Read","minor":2},{"major":253,"value":126976,"op":"Write","minor":2},{"major":253,"value":106496,"op":"Sync","minor":2},{"major":253,"value":20480,"op":"Async","minor":2},{"major":253,"value":0,"op":"Discard","minor":2},{"major":253,"value":126976,"op":"Total","minor":2}],"io_wait_time_recursive":[],"io_merged_recursive":[],"io_service_time_recursive":[]},"memory_stats":{"usage":319795200,"max_usage":567300096,"stats":{"hierarchical_memory_limit":9223372036854771712,"pgmajfault":0,"total_rss":211185664,"inactive_file":135168,"inactive_anon":78802944,"total_pgfault":247797,"total_cache":79454208,"total_rss_huge":0,"total_active_anon":211808256,"total_pgmajfault":0,"pgpgin":181137,"rss_huge":0,"mapped_file":0,"total_inactive_file":135168,"dirty":135168,"total_unevictable":0,"total_dirty":135168,"writeback":0,"pgpgout":110224,"hierarchical_memsw_limit":0,"cache":79454208,"active_file":135168,"pgfault":247797,"total_mapped_file":0,"total_pgpgout":110224,"total_writeback":0,"rss":211185664,"unevictable":0,"total_inactive_anon":78802944,"total_pgpgin":181137,"active_anon":211808256,"total_active_file":135168},"limit":540965302272},"name":"/CorrNoise-cyl0lK5P","networks":{"eth0":{"rx_bytes":2703431,"rx_packets":347,"tx_packets":342,"tx_bytes":31971,"tx_dropped":0,"rx_dropped":1,"tx_errors":0,"rx_errors":0}},"id":"2fe65db3d2e27f223bb2f4aef36b83c0c73e3746216a95c4d87f5fa72209b0a5","preread":"0001-01-01T00:00:00Z","storage_stats":{},"precpu_stats":{"throttling_data":{"throttled_periods":0,"throttled_time":0,"periods":0},"cpu_usage":{"usage_in_usermode":0,"usage_in_kernelmode":0,"total_usage":0}},"pids_stats":{"current":40},"num_procs":0,"cpu_stats":{"throttling_data":{"throttled_periods":0,"throttled_time":0,"periods":0},"system_cpu_usage":3485543204522419,"online_cpus":128,"cpu_usage":{"usage_in_usermode":5710000000,"usage_in_kernelmode":2380000000,"total_usage":8067728610,"percpu_usage":[0,0,0,8067728610,0,0,0,0,0,0,0,0,0,0,0,0,0,0,0,0,0,0,0,0,0,0,0,0,0,0,0,0,0,0,0,0,0,0,0,0,0,0,0,0,0,0,0,0,0,0,0,0,0,0,0,0,0,0,0,0,0,0,0,0,0,0,0,0,0,0,0,0,0,0,0,0,0,0,0,0,0,0,0,0,0,0,0,0,0,0,0,0,0,0,0,0,0,0,0,0,0,0,0,0,0,0,0,0,0,0,0,0,0,0,0,0,0,0,0,0,0,0,0,0,0,0,0,0]}},"read":"2021-01-11T16:06:05.028363789Z"}