################################################################################
# PkgEval set-up: 2020-12-03T10:17:43.004
#

Julia Version 1.5.3
Commit 788b2c77c1 (2020-11-09 13:37 UTC)
Platform Info:
  OS: Linux (x86_64-pc-linux-gnu)
  CPU: AMD EPYC 7502 32-Core Processor
  WORD_SIZE: 64
  LIBM: libopenlibm
  LLVM: libLLVM-9.0.1 (ORCJIT, znver2)
Environment:
  JULIA_PKGEVAL = true
  JULIA_PKG_PRECOMPILE_AUTO = 0
  JULIA_DEPOT_PATH = /home/pkgeval/.another_julia:/usr/local/share/julia



################################################################################
# Installation: 2020-12-03T10:17:45.828
#

  Resolving package versions...
  Installed OpenBLAS_jll ───────────────── v0.3.9+5
  Installed MPICH_jll ──────────────────── v3.3.2+10
  Installed COSMA_jll ──────────────────── v2.2.0+0
  Installed CompilerSupportLibraries_jll ─ v0.3.4+0
  Installed COSMA ──────────────────────── v0.1.2
  Installed DistributedArrays ──────────── v0.6.5
  Installed MPIClusterManagers ─────────── v0.2.0
  Installed Requires ───────────────────── v1.1.1
  Installed MPI ────────────────────────── v0.14.3
  Installed OpenMPI_jll ────────────────── v4.0.2+2
  Installed Primes ─────────────────────── v0.4.0
  Installed DocStringExtensions ────────── v0.8.3
  Installed JLLWrappers ────────────────── v1.1.3
  Installed Artifacts ──────────────────── v1.3.0
  Installed MicrosoftMPI_jll ───────────── v10.1.2+3
Updating `~/.another_julia/environments/v1.5/Project.toml`
  [ff1143b4] + COSMA v0.1.2
Updating `~/.another_julia/environments/v1.5/Manifest.toml`
  [56f22d72] + Artifacts v1.3.0
  [ff1143b4] + COSMA v0.1.2
  [0efae8bf] + COSMA_jll v2.2.0+0
  [e66e0078] + CompilerSupportLibraries_jll v0.3.4+0
  [aaf54ef3] + DistributedArrays v0.6.5
  [ffbed154] + DocStringExtensions v0.8.3
  [692b3bcd] + JLLWrappers v1.1.3
  [da04e1cc] + MPI v0.14.3
  [7cb0a576] + MPICH_jll v3.3.2+10
  [e7922434] + MPIClusterManagers v0.2.0
  [9237b28f] + MicrosoftMPI_jll v10.1.2+3
  [4536629a] + OpenBLAS_jll v0.3.9+5
  [fe0851c0] + OpenMPI_jll v4.0.2+2
  [27ebfcd6] + Primes v0.4.0
  [ae029012] + Requires v1.1.1
  [2a0f44e3] + Base64
  [ade2ca70] + Dates
  [8ba89e20] + Distributed
  [b77e0a4c] + InteractiveUtils
  [76f85450] + LibGit2
  [8f399da3] + Libdl
  [37e2e46d] + LinearAlgebra
  [56ddb016] + Logging
  [d6f4376e] + Markdown
  [44cfe95a] + Pkg
  [de0858da] + Printf
  [3fa0cd96] + REPL
  [9a3f8284] + Random
  [ea8e919c] + SHA
  [9e88b42a] + Serialization
  [6462fe0b] + Sockets
  [2f01184e] + SparseArrays
  [10745b16] + Statistics
  [8dfed614] + Test
  [cf7118a7] + UUIDs
  [4ec0a83e] + Unicode
   Building MPI → `~/.another_julia/packages/MPI/7RZhH/deps/build.log`


################################################################################
# Testing: 2020-12-03T10:17:51.833
#


    Testing COSMA
Status `/tmp/jl_p8gMRC/Project.toml`
  [ff1143b4] COSMA v0.1.2
  [0efae8bf] COSMA_jll v2.2.0+0
  [aaf54ef3] DistributedArrays v0.6.5
  [da04e1cc] MPI v0.14.3
  [e7922434] MPIClusterManagers v0.2.0
  [8ba89e20] Distributed
  [37e2e46d] LinearAlgebra
  [8dfed614] Test
Status `/tmp/jl_p8gMRC/Manifest.toml`
  [56f22d72] Artifacts v1.3.0
  [ff1143b4] COSMA v0.1.2
  [0efae8bf] COSMA_jll v2.2.0+0
  [e66e0078] CompilerSupportLibraries_jll v0.3.4+0
  [aaf54ef3] DistributedArrays v0.6.5
  [ffbed154] DocStringExtensions v0.8.3
  [692b3bcd] JLLWrappers v1.1.3
  [da04e1cc] MPI v0.14.3
  [7cb0a576] MPICH_jll v3.3.2+10
  [e7922434] MPIClusterManagers v0.2.0
  [9237b28f] MicrosoftMPI_jll v10.1.2+3
  [4536629a] OpenBLAS_jll v0.3.9+5
  [fe0851c0] OpenMPI_jll v4.0.2+2
  [27ebfcd6] Primes v0.4.0
  [ae029012] Requires v1.1.1
  [2a0f44e3] Base64
  [ade2ca70] Dates
  [8ba89e20] Distributed
  [b77e0a4c] InteractiveUtils
  [76f85450] LibGit2
  [8f399da3] Libdl
  [37e2e46d] LinearAlgebra
  [56ddb016] Logging
  [d6f4376e] Markdown
  [44cfe95a] Pkg
  [de0858da] Printf
  [3fa0cd96] REPL
  [9a3f8284] Random
  [ea8e919c] SHA
  [9e88b42a] Serialization
  [6462fe0b] Sockets
  [2f01184e] SparseArrays
  [10745b16] Statistics
  [8dfed614] Test
  [cf7118a7] UUIDs
  [4ec0a83e] Unicode
┌ Warning: The call to compilecache failed to create a usable precompiled cache file for CompilerSupportLibraries_jll [e66e0078-7015-5450-92f7-15fbd957f2ae]
│   exception = Required dependency JLLWrappers [692b3bcd-3c85-4b1f-b108-f13ce0eb3210] failed to load from a cache file.
└ @ Base loading.jl:1042
┌ Warning: The call to compilecache failed to create a usable precompiled cache file for CompilerSupportLibraries_jll [e66e0078-7015-5450-92f7-15fbd957f2ae]
│   exception = Required dependency JLLWrappers [692b3bcd-3c85-4b1f-b108-f13ce0eb3210] failed to load from a cache file.
└ @ Base loading.jl:1042
┌ Warning: The call to compilecache failed to create a usable precompiled cache file for CompilerSupportLibraries_jll [e66e0078-7015-5450-92f7-15fbd957f2ae]
│   exception = Invalid input in module list: expected JLLWrappers.
└ @ Base loading.jl:1042
┌ Warning: The call to compilecache failed to create a usable precompiled cache file for CompilerSupportLibraries_jll [e66e0078-7015-5450-92f7-15fbd957f2ae]
│   exception = Required dependency JLLWrappers [692b3bcd-3c85-4b1f-b108-f13ce0eb3210] failed to load from a cache file.
└ @ Base loading.jl:1042
┌ Warning: The call to compilecache failed to create a usable precompiled cache file for CompilerSupportLibraries_jll [e66e0078-7015-5450-92f7-15fbd957f2ae]
│   exception = Required dependency JLLWrappers [692b3bcd-3c85-4b1f-b108-f13ce0eb3210] failed to load from a cache file.
└ @ Base loading.jl:1042
┌ Warning: The call to compilecache failed to create a usable precompiled cache file for CompilerSupportLibraries_jll [e66e0078-7015-5450-92f7-15fbd957f2ae]
│   exception = Required dependency JLLWrappers [692b3bcd-3c85-4b1f-b108-f13ce0eb3210] failed to load from a cache file.
└ @ Base loading.jl:1042
Error in MPI launch ErrorException("Timeout -- the workers did not connect to the manager")
ERROR: LoadError: ┌ Warning: The call to compilecache failed to create a usable precompiled cache file for MPI [da04e1cc-30fd-572f-bb4f-1f8673147195]
│   exception = Required dependency MPICH_jll [7cb0a576-ebde-5e09-9194-50597f1243b4] failed to load from a cache file.
└ @ Base loading.jl:1042
┌ Warning: The call to compilecache failed to create a usable precompiled cache file for MPI [da04e1cc-30fd-572f-bb4f-1f8673147195]
│   exception = Required dependency Requires [ae029012-a4dd-5104-9daa-d747884805df] failed to load from a cache file.
└ @ Base loading.jl:1042
┌ Warning: The call to compilecache failed to create a usable precompiled cache file for MPI [da04e1cc-30fd-572f-bb4f-1f8673147195]
│   exception = Required dependency Requires [ae029012-a4dd-5104-9daa-d747884805df] failed to load from a cache file.
└ @ Base loading.jl:1042
┌ Warning: The call to compilecache failed to create a usable precompiled cache file for MPI [da04e1cc-30fd-572f-bb4f-1f8673147195]
│   exception = Required dependency Requires [ae029012-a4dd-5104-9daa-d747884805df] failed to load from a cache file.
└ @ Base loading.jl:1042
┌ Warning: The call to compilecache failed to create a usable precompiled cache file for MPI [da04e1cc-30fd-572f-bb4f-1f8673147195]
│   exception = Required dependency Requires [ae029012-a4dd-5104-9daa-d747884805df] failed to load from a cache file.
└ @ Base loading.jl:1042
┌ Warning: The call to compilecache failed to create a usable precompiled cache file for MPI [da04e1cc-30fd-572f-bb4f-1f8673147195]
│   exception = Invalid input in module list: expected Requires.
└ @ Base loading.jl:1042
TaskFailedException:
Timeout -- the workers did not connect to the manager
Stacktrace:
 [1] error(::String) at ./error.jl:33
 [2] launch(::MPIManager, ::Dict{Symbol,Any}, ::Array{WorkerConfig,1}, ::Base.GenericCondition{Base.AlwaysLockedST}) at /home/pkgeval/.julia/packages/MPIClusterManagers/0ZYYQ/src/mpimanager.jl:156
 [3] (::Distributed.var"#39#42"{MPIManager,Dict{Symbol,Any},Array{WorkerConfig,1},Base.GenericCondition{Base.AlwaysLockedST}})() at ./task.jl:356
Stacktrace:
 [1] wait at ./task.jl:267 [inlined]
 [2] addprocs_locked(::MPIManager; kwargs::Base.Iterators.Pairs{Union{},Union{},Tuple{},NamedTuple{(),Tuple{}}}) at /buildworker/worker/package_linux64/build/usr/share/julia/stdlib/v1.5/Distributed/src/cluster.jl:497
 [3] addprocs_locked at /buildworker/worker/package_linux64/build/usr/share/julia/stdlib/v1.5/Distributed/src/cluster.jl:451 [inlined]
 [4] addprocs(::MPIManager; kwargs::Base.Iterators.Pairs{Union{},Union{},Tuple{},NamedTuple{(),Tuple{}}}) at /buildworker/worker/package_linux64/build/usr/share/julia/stdlib/v1.5/Distributed/src/cluster.jl:444
 [5] addprocs(::MPIManager) at /buildworker/worker/package_linux64/build/usr/share/julia/stdlib/v1.5/Distributed/src/cluster.jl:438
 [6] top-level scope at /home/pkgeval/.another_julia/packages/COSMA/q1gv8/test/runtests.jl:10
 [7] include(::String) at ./client.jl:457
 [8] top-level scope at none:6
in expression starting at /home/pkgeval/.another_julia/packages/COSMA/q1gv8/test/runtests.jl:8

PkgEval failed: Package COSMA errored during testing┌ Warning: The call to compilecache failed to create a usable precompiled cache file for MPIClusterManagers [e7922434-ae4b-11e9-05c5-9780451d2c66]
│   exception = Required dependency MPICH_jll [7cb0a576-ebde-5e09-9194-50597f1243b4] failed to load from a cache file.
└ @ Base loading.jl:1042
┌ Warning: The call to compilecache failed to create a usable precompiled cache file for MPIClusterManagers [e7922434-ae4b-11e9-05c5-9780451d2c66]
│   exception = Required dependency MPICH_jll [7cb0a576-ebde-5e09-9194-50597f1243b4] failed to load from a cache file.
└ @ Base loading.jl:1042
┌ Warning: The call to compilecache failed to create a usable precompiled cache file for MPIClusterManagers [e7922434-ae4b-11e9-05c5-9780451d2c66]
│   exception = Required dependency MPICH_jll [7cb0a576-ebde-5e09-9194-50597f1243b4] failed to load from a cache file.
└ @ Base loading.jl:1042
┌ Warning: The call to compilecache failed to create a usable precompiled cache file for MPIClusterManagers [e7922434-ae4b-11e9-05c5-9780451d2c66]
│   exception = Required dependency MPICH_jll [7cb0a576-ebde-5e09-9194-50597f1243b4] failed to load from a cache file.
└ @ Base loading.jl:1042
┌ Warning: The call to compilecache failed to create a usable precompiled cache file for MPIClusterManagers [e7922434-ae4b-11e9-05c5-9780451d2c66]
│   exception = Required dependency MPICH_jll [7cb0a576-ebde-5e09-9194-50597f1243b4] failed to load from a cache file.
└ @ Base loading.jl:1042
┌ Warning: The call to compilecache failed to create a usable precompiled cache file for MPIClusterManagers [e7922434-ae4b-11e9-05c5-9780451d2c66]
│   exception = Required dependency MPICH_jll [7cb0a576-ebde-5e09-9194-50597f1243b4] failed to load from a cache file.
└ @ Base loading.jl:1042

Stacktrace:ERROR: ERROR: ERROR: ERROR: ERROR: ERROR: LoadError: LoadError: LoadError: LoadError: LoadError: 
 [1] LoadError: pkgerror(::String) at /buildworker/worker/package_linux64/build/usr/share/julia/stdlib/v1.5/Pkg/src/Types.jl:52
 [2] test(::Pkg.Types.Context, ::Array{Pkg.Types.PackageSpec,1}; coverage::Bool, julia_args::Cmd, test_args::Cmd, test_fn::Nothing) at /buildworker/worker/package_linux64/build/usr/share/julia/stdlib/v1.5/Pkg/src/Operations.jl:1578
 [3] test(::Pkg.Types.Context, ::Array{Pkg.Types.PackageSpec,1}; coverage::Bool, test_fn::Nothing, julia_args::Cmd, test_args::Cmd, kwargs::Base.Iterators.Pairs{Union{},Union{},Tuple{},NamedTuple{(),Tuple{}}}) at /buildworker/worker/package_linux64/build/usr/share/julia/stdlib/v1.5/Pkg/src/API.jl:327
 [4] test(::Pkg.Types.Context, ::Array{Pkg.Types.PackageSpec,1}) at /buildworker/worker/package_linux64/build/usr/share/julia/stdlib/v1.5/Pkg/src/API.jl:314
 [5] #test#61 at /buildworker/worker/package_linux64/build/usr/share/julia/stdlib/v1.5/Pkg/src/API.jl:67 [inlined]
 [6] test at /buildworker/worker/package_linux64/build/usr/share/julia/stdlib/v1.5/Pkg/src/API.jl:67 [inlined]
 [7] #test#60 at /buildworker/worker/package_linux64/build/usr/share/julia/stdlib/v1.5/Pkg/src/API.jl:66 [inlined]
 [8] test at /buildworker/worker/package_linux64/build/usr/share/julia/stdlib/v1.5/Pkg/src/API.jl:66 [inlined]
 [9] test(::String; kwargs::Base.Iterators.Pairs{Union{},Union{},Tuple{},NamedTuple{(),Tuple{}}}) at /buildworker/worker/package_linux64/build/usr/share/julia/stdlib/v1.5/Pkg/src/API.jl:65
 [10] test(::String) at /buildworker/worker/package_linux64/build/usr/share/julia/stdlib/v1.5/Pkg/src/API.jl:65
 [11] top-level scope at none:20
 [12] eval at ./boot.jl:331 [inlined]
 [13] eval(::Expr) at ./client.jl:467
 [14] top-level scope at none:1
 [15] eval(::Module, ::Any) at ./boot.jl:331
 [16] exec_options(::Base.JLOptions) at ./client.jl:272
 [17] _start() at ./client.jl:506


################################################################################
# PkgEval teardown: 2020-12-03T10:19:37.295
CPU usage: 114.95s (107.42s user, 7.76s kernel)

Network usage:
- eth0: 353.036 KiB received, 69.102 KiB sent

Raw statistics: {"blkio_stats":{"io_queue_recursive":[],"io_serviced_recursive":[{"major":259,"value":0,"op":"Read","minor":0},{"major":259,"value":9,"op":"Write","minor":0},{"major":259,"value":0,"op":"Sync","minor":0},{"major":259,"value":9,"op":"Async","minor":0},{"major":259,"value":0,"op":"Discard","minor":0},{"major":259,"value":9,"op":"Total","minor":0},{"major":253,"value":0,"op":"Read","minor":2},{"major":253,"value":9,"op":"Write","minor":2},{"major":253,"value":0,"op":"Sync","minor":2},{"major":253,"value":9,"op":"Async","minor":2},{"major":253,"value":0,"op":"Discard","minor":2},{"major":253,"value":9,"op":"Total","minor":2}],"io_time_recursive":[],"sectors_recursive":[],"io_service_bytes_recursive":[{"major":259,"value":0,"op":"Read","minor":0},{"major":259,"value":45056,"op":"Write","minor":0},{"major":259,"value":0,"op":"Sync","minor":0},{"major":259,"value":45056,"op":"Async","minor":0},{"major":259,"value":0,"op":"Discard","minor":0},{"major":259,"value":45056,"op":"Total","minor":0},{"major":253,"value":0,"op":"Read","minor":2},{"major":253,"value":45056,"op":"Write","minor":2},{"major":253,"value":0,"op":"Sync","minor":2},{"major":253,"value":45056,"op":"Async","minor":2},{"major":253,"value":0,"op":"Discard","minor":2},{"major":253,"value":45056,"op":"Total","minor":2}],"io_wait_time_recursive":[],"io_merged_recursive":[],"io_service_time_recursive":[]},"memory_stats":{"usage":1223266304,"max_usage":5191557120,"stats":{"hierarchical_memory_limit":9223372036854771712,"pgmajfault":0,"total_rss":1204416512,"inactive_file":135168,"inactive_anon":2027520,"total_pgfault":3316137,"total_cache":5001216,"total_rss_huge":0,"total_active_anon":1207320576,"total_pgmajfault":0,"pgpgin":1962048,"rss_huge":0,"mapped_file":0,"total_inactive_file":135168,"dirty":135168,"total_unevictable":0,"total_dirty":135168,"writeback":0,"pgpgout":1666779,"hierarchical_memsw_limit":0,"cache":5001216,"active_file":0,"pgfault":3316137,"total_mapped_file":0,"total_pgpgout":1666779,"total_writeback":0,"rss":1204416512,"unevictable":0,"total_inactive_anon":2027520,"total_pgpgin":1962048,"active_anon":1207320576,"total_active_file":0},"limit":540965302272},"name":"/COSMA-EbA5asYw","networks":{"eth0":{"rx_bytes":361509,"rx_packets":486,"tx_packets":523,"tx_bytes":70760,"tx_dropped":0,"rx_dropped":4,"tx_errors":0,"rx_errors":0}},"id":"3f04375de2259c7afea47a53c9253536c53485cc09200644652fb39bb6f128fd","preread":"0001-01-01T00:00:00Z","storage_stats":{},"precpu_stats":{"throttling_data":{"throttled_periods":0,"throttled_time":0,"periods":0},"cpu_usage":{"usage_in_usermode":0,"usage_in_kernelmode":0,"total_usage":0}},"pids_stats":{"current":56},"num_procs":0,"cpu_stats":{"throttling_data":{"throttled_periods":0,"throttled_time":0,"periods":0},"system_cpu_usage":122976242145808967,"online_cpus":128,"cpu_usage":{"usage_in_usermode":107420000000,"usage_in_kernelmode":7760000000,"total_usage":114951092015,"percpu_usage":[0,0,0,0,0,0,0,0,114951092015,0,0,0,0,0,0,0,0,0,0,0,0,0,0,0,0,0,0,0,0,0,0,0,0,0,0,0,0,0,0,0,0,0,0,0,0,0,0,0,0,0,0,0,0,0,0,0,0,0,0,0,0,0,0,0,0,0,0,0,0,0,0,0,0,0,0,0,0,0,0,0,0,0,0,0,0,0,0,0,0,0,0,0,0,0,0,0,0,0,0,0,0,0,0,0,0,0,0,0,0,0,0,0,0,0,0,0,0,0,0,0,0,0,0,0,0,0,0,0]}},"read":"2020-12-03T10:19:37.297074076Z"}