################################################################################
# PkgEval set-up: 2021-01-11T21:51:21.486
#

Julia Version 1.5.3
Commit 599f52c4c6 (2020-12-18 13:33 UTC)
Platform Info:
  OS: Linux (x86_64-linux-gnu)
  CPU: AMD EPYC 7502 32-Core Processor
  WORD_SIZE: 64
  LIBM: libopenlibm
  LLVM: libLLVM-9.0.1 (ORCJIT, znver2)
Environment:
  JULIA_PKG_PRECOMPILE_AUTO = 0
  JULIA_PKGEVAL = true

Base.julia_cmd() = `/opt/julia/bin/julia -Cnative -J/opt/julia/lib/julia/sys.so -g1`


################################################################################
# Installation: 2021-01-11T21:51:23.299
#

 Installing known registries into `~/.julia`
######################################################################    98.2%######################################################################## 100.0%
      Added registry `General` to `~/.julia/registries/General`
  Resolving package versions...
  Installed Reexport ──────────────────── v0.2.0
  Installed TableTraits ───────────────── v1.0.0
  Installed Tables ────────────────────── v1.2.2
  Installed DataAPI ───────────────────── v1.4.0
  Installed CategoricalArrays ─────────── v0.8.3
  Installed DataStructures ────────────── v0.18.8
  Installed CrystalInfoFramework ──────── v0.2.1
  Installed DataFrames ────────────────── v0.21.8
  Installed OrderedCollections ────────── v1.3.2
  Installed InvertedIndices ───────────── v1.0.0
  Installed DataValueInterfaces ───────── v1.0.0
  Installed Missings ──────────────────── v0.4.4
  Installed PooledArrays ──────────────── v0.5.3
  Installed SortingAlgorithms ─────────── v0.3.1
  Installed URIParser ─────────────────── v0.4.1
  Installed IteratorInterfaceExtensions ─ v1.0.0
  Installed Compat ────────────────────── v3.25.0
  Installed StructTypes ───────────────── v1.2.1
  Installed JSON ──────────────────────── v0.21.1
  Installed Parsers ───────────────────── v1.0.15
Updating `~/.julia/environments/v1.5/Project.toml`
  [6007d9b0] + CrystalInfoFramework v0.2.1
Updating `~/.julia/environments/v1.5/Manifest.toml`
  [324d7699] + CategoricalArrays v0.8.3
  [34da2185] + Compat v3.25.0
  [6007d9b0] + CrystalInfoFramework v0.2.1
  [9a962f9c] + DataAPI v1.4.0
  [a93c6f00] + DataFrames v0.21.8
  [864edb3b] + DataStructures v0.18.8
  [e2d170a0] + DataValueInterfaces v1.0.0
  [41ab1584] + InvertedIndices v1.0.0
  [82899510] + IteratorInterfaceExtensions v1.0.0
  [682c06a0] + JSON v0.21.1
  [e1d29d7a] + Missings v0.4.4
  [bac558e1] + OrderedCollections v1.3.2
  [69de0a69] + Parsers v1.0.15
  [2dfb63ee] + PooledArrays v0.5.3
  [189a3867] + Reexport v0.2.0
  [a2af1166] + SortingAlgorithms v0.3.1
  [856f2bd8] + StructTypes v1.2.1
  [3783bdb8] + TableTraits v1.0.0
  [bd369af6] + Tables v1.2.2
  [30578b45] + URIParser v0.4.1
  [2a0f44e3] + Base64
  [ade2ca70] + Dates
  [8bb1440f] + DelimitedFiles
  [8ba89e20] + Distributed
  [9fa8497b] + Future
  [b77e0a4c] + InteractiveUtils
  [76f85450] + LibGit2
  [8f399da3] + Libdl
  [37e2e46d] + LinearAlgebra
  [56ddb016] + Logging
  [d6f4376e] + Markdown
  [a63ad114] + Mmap
  [44cfe95a] + Pkg
  [de0858da] + Printf
  [3fa0cd96] + REPL
  [9a3f8284] + Random
  [ea8e919c] + SHA
  [9e88b42a] + Serialization
  [1a1011a3] + SharedArrays
  [6462fe0b] + Sockets
  [2f01184e] + SparseArrays
  [10745b16] + Statistics
  [8dfed614] + Test
  [cf7118a7] + UUIDs
  [4ec0a83e] + Unicode


################################################################################
# Testing: 2021-01-11T21:51:28.558
#

    Testing CrystalInfoFramework
Status `/tmp/jl_dMq8SR/Project.toml`
  [6007d9b0] CrystalInfoFramework v0.2.1
  [a93c6f00] DataFrames v0.21.8
  [8dfed614] Test
Status `/tmp/jl_dMq8SR/Manifest.toml`
  [324d7699] CategoricalArrays v0.8.3
  [34da2185] Compat v3.25.0
  [6007d9b0] CrystalInfoFramework v0.2.1
  [9a962f9c] DataAPI v1.4.0
  [a93c6f00] DataFrames v0.21.8
  [864edb3b] DataStructures v0.18.8
  [e2d170a0] DataValueInterfaces v1.0.0
  [41ab1584] InvertedIndices v1.0.0
  [82899510] IteratorInterfaceExtensions v1.0.0
  [682c06a0] JSON v0.21.1
  [e1d29d7a] Missings v0.4.4
  [bac558e1] OrderedCollections v1.3.2
  [69de0a69] Parsers v1.0.15
  [2dfb63ee] PooledArrays v0.5.3
  [189a3867] Reexport v0.2.0
  [a2af1166] SortingAlgorithms v0.3.1
  [856f2bd8] StructTypes v1.2.1
  [3783bdb8] TableTraits v1.0.0
  [bd369af6] Tables v1.2.2
  [30578b45] URIParser v0.4.1
  [2a0f44e3] Base64
  [ade2ca70] Dates
  [8bb1440f] DelimitedFiles
  [8ba89e20] Distributed
  [9fa8497b] Future
  [b77e0a4c] InteractiveUtils
  [76f85450] LibGit2
  [8f399da3] Libdl
  [37e2e46d] LinearAlgebra
  [56ddb016] Logging
  [d6f4376e] Markdown
  [a63ad114] Mmap
  [44cfe95a] Pkg
  [de0858da] Printf
  [3fa0cd96] REPL
  [9a3f8284] Random
  [ea8e919c] SHA
  [9e88b42a] Serialization
  [1a1011a3] SharedArrays
  [6462fe0b] Sockets
  [2f01184e] SparseArrays
  [10745b16] Statistics
  [8dfed614] Test
  [cf7118a7] UUIDs
  [4ec0a83e] Unicode
Test simple CIF creation and destruction: Error During Test at /home/pkgeval/.julia/packages/CrystalInfoFramework/U0itW/test/creation.jl:8
  Test threw exception
  Expression: begin
    p = Cif(joinpath(testdir, "simple_data.cif"))
    b = p["simple_data"]
    t = b["_numb_su"]
    true
end
  could not load library "libcif"
  libcif.so: cannot open shared object file: No such file or directory
  Stacktrace:
   [1] CrystalInfoFramework.cif_tp_ptr(::CrystalInfoFramework.cif_parse_options) at /home/pkgeval/.julia/packages/CrystalInfoFramework/U0itW/src/cif_base.jl:645
   [2] Cif(::String; verbose::Bool) at /home/pkgeval/.julia/packages/CrystalInfoFramework/U0itW/src/cif_base.jl:628
   [3] Cif(::String) at /home/pkgeval/.julia/packages/CrystalInfoFramework/U0itW/src/cif_base.jl:626
   [4] top-level scope at /home/pkgeval/.julia/packages/CrystalInfoFramework/U0itW/test/creation.jl:8
   [5] top-level scope at /workspace/srcdir/usr/share/julia/stdlib/v1.5/Test/src/Test.jl:1115
   [6] top-level scope at /home/pkgeval/.julia/packages/CrystalInfoFramework/U0itW/test/creation.jl:8
  
Test simple CIF creation and destruction: Error During Test at /home/pkgeval/.julia/packages/CrystalInfoFramework/U0itW/test/creation.jl:20
  Test threw exception
  Expression: begin
    p = Cif(joinpath(testdir, "simple_data.cif"))
    true
end
  could not load library "libcif"
  libcif.so: cannot open shared object file: No such file or directory
  Stacktrace:
   [1] CrystalInfoFramework.cif_tp_ptr(::CrystalInfoFramework.cif_parse_options) at /home/pkgeval/.julia/packages/CrystalInfoFramework/U0itW/src/cif_base.jl:645
   [2] Cif(::String; verbose::Bool) at /home/pkgeval/.julia/packages/CrystalInfoFramework/U0itW/src/cif_base.jl:628
   [3] Cif(::String) at /home/pkgeval/.julia/packages/CrystalInfoFramework/U0itW/src/cif_base.jl:626
   [4] top-level scope at /home/pkgeval/.julia/packages/CrystalInfoFramework/U0itW/test/creation.jl:20
   [5] top-level scope at /workspace/srcdir/usr/share/julia/stdlib/v1.5/Test/src/Test.jl:1115
   [6] top-level scope at /home/pkgeval/.julia/packages/CrystalInfoFramework/U0itW/test/creation.jl:8
  
Test Summary:                            | Pass  Error  Total
Test simple CIF creation and destruction |    2      2      4
ERROR: LoadError: LoadError: Some tests did not pass: 2 passed, 0 failed, 2 errored, 0 broken.
in expression starting at /home/pkgeval/.julia/packages/CrystalInfoFramework/U0itW/test/creation.jl:6
in expression starting at /home/pkgeval/.julia/packages/CrystalInfoFramework/U0itW/test/runtests.jl:12

PkgEval failed: Package CrystalInfoFramework errored during testing
Stacktrace:
 [1] pkgerror(::String) at /workspace/srcdir/usr/share/julia/stdlib/v1.5/Pkg/src/Types.jl:52
 [2] test(::Pkg.Types.Context, ::Array{Pkg.Types.PackageSpec,1}; coverage::Bool, julia_args::Cmd, test_args::Cmd, test_fn::Nothing) at /workspace/srcdir/usr/share/julia/stdlib/v1.5/Pkg/src/Operations.jl:1578
 [3] test(::Pkg.Types.Context, ::Array{Pkg.Types.PackageSpec,1}; coverage::Bool, test_fn::Nothing, julia_args::Cmd, test_args::Cmd, kwargs::Base.Iterators.Pairs{Union{},Union{},Tuple{},NamedTuple{(),Tuple{}}}) at /workspace/srcdir/usr/share/julia/stdlib/v1.5/Pkg/src/API.jl:327
 [4] test(::Pkg.Types.Context, ::Array{Pkg.Types.PackageSpec,1}) at /workspace/srcdir/usr/share/julia/stdlib/v1.5/Pkg/src/API.jl:314
 [5] #test#61 at /workspace/srcdir/usr/share/julia/stdlib/v1.5/Pkg/src/API.jl:67 [inlined]
 [6] test at /workspace/srcdir/usr/share/julia/stdlib/v1.5/Pkg/src/API.jl:67 [inlined]
 [7] #test#60 at /workspace/srcdir/usr/share/julia/stdlib/v1.5/Pkg/src/API.jl:66 [inlined]
 [8] test at /workspace/srcdir/usr/share/julia/stdlib/v1.5/Pkg/src/API.jl:66 [inlined]
 [9] test(::String; kwargs::Base.Iterators.Pairs{Union{},Union{},Tuple{},NamedTuple{(),Tuple{}}}) at /workspace/srcdir/usr/share/julia/stdlib/v1.5/Pkg/src/API.jl:65
 [10] test(::String) at /workspace/srcdir/usr/share/julia/stdlib/v1.5/Pkg/src/API.jl:65
 [11] top-level scope at none:22
 [12] eval at ./boot.jl:331 [inlined]
 [13] eval(::Expr) at ./client.jl:467
 [14] top-level scope at none:1
 [15] eval(::Module, ::Any) at ./boot.jl:331
 [16] exec_options(::Base.JLOptions) at ./client.jl:272
 [17] _start() at ./client.jl:506


################################################################################
# PkgEval teardown: 2021-01-11T21:52:13.643
CPU usage: 52.17s (47.06s user, 5.21s kernel)

Network usage:
- eth0: 3.750 MiB received, 120.065 KiB sent

Raw statistics: {"blkio_stats":{"io_queue_recursive":[],"io_serviced_recursive":[{"major":259,"value":0,"op":"Read","minor":0},{"major":259,"value":24,"op":"Write","minor":0},{"major":259,"value":19,"op":"Sync","minor":0},{"major":259,"value":5,"op":"Async","minor":0},{"major":259,"value":0,"op":"Discard","minor":0},{"major":259,"value":24,"op":"Total","minor":0},{"major":253,"value":0,"op":"Read","minor":2},{"major":253,"value":24,"op":"Write","minor":2},{"major":253,"value":19,"op":"Sync","minor":2},{"major":253,"value":5,"op":"Async","minor":2},{"major":253,"value":0,"op":"Discard","minor":2},{"major":253,"value":24,"op":"Total","minor":2}],"io_time_recursive":[],"sectors_recursive":[],"io_service_bytes_recursive":[{"major":259,"value":0,"op":"Read","minor":0},{"major":259,"value":135168,"op":"Write","minor":0},{"major":259,"value":106496,"op":"Sync","minor":0},{"major":259,"value":28672,"op":"Async","minor":0},{"major":259,"value":0,"op":"Discard","minor":0},{"major":259,"value":135168,"op":"Total","minor":0},{"major":253,"value":0,"op":"Read","minor":2},{"major":253,"value":135168,"op":"Write","minor":2},{"major":253,"value":106496,"op":"Sync","minor":2},{"major":253,"value":28672,"op":"Async","minor":2},{"major":253,"value":0,"op":"Discard","minor":2},{"major":253,"value":135168,"op":"Total","minor":2}],"io_wait_time_recursive":[],"io_merged_recursive":[],"io_service_time_recursive":[]},"memory_stats":{"usage":325750784,"max_usage":1250549760,"stats":{"hierarchical_memory_limit":9223372036854771712,"pgmajfault":0,"total_rss":199577600,"inactive_file":135168,"inactive_anon":83533824,"total_pgfault":1549449,"total_cache":95834112,"total_rss_huge":0,"total_active_anon":211808256,"total_pgmajfault":0,"pgpgin":1032504,"rss_huge":0,"mapped_file":0,"total_inactive_file":135168,"dirty":270336,"total_unevictable":0,"total_dirty":270336,"writeback":135168,"pgpgout":960400,"hierarchical_memsw_limit":0,"cache":95834112,"active_file":135168,"pgfault":1549449,"total_mapped_file":0,"total_pgpgout":960400,"total_writeback":135168,"rss":199577600,"unevictable":0,"total_inactive_anon":83533824,"total_pgpgin":1032504,"active_anon":211808256,"total_active_file":135168},"limit":540965302272},"name":"/CrystalInfoFramework-flvcrqub","networks":{"eth0":{"rx_bytes":3932071,"rx_packets":935,"tx_packets":1024,"tx_bytes":122947,"tx_dropped":0,"rx_dropped":2,"tx_errors":0,"rx_errors":0}},"id":"a82535b1853c4d4ec34423903c1003decaf0b464f891f7913536c105c4b57877","preread":"0001-01-01T00:00:00Z","storage_stats":{},"precpu_stats":{"throttling_data":{"throttled_periods":0,"throttled_time":0,"periods":0},"cpu_usage":{"usage_in_usermode":0,"usage_in_kernelmode":0,"total_usage":0}},"pids_stats":{"current":40},"num_procs":0,"cpu_stats":{"throttling_data":{"throttled_periods":0,"throttled_time":0,"periods":0},"system_cpu_usage":6139603134522419,"online_cpus":128,"cpu_usage":{"usage_in_usermode":47060000000,"usage_in_kernelmode":5210000000,"total_usage":52172052906,"percpu_usage":[0,0,0,0,0,0,0,0,0,0,0,0,0,0,0,0,0,0,0,0,0,0,0,0,0,0,0,0,0,0,0,0,0,0,0,0,0,0,0,0,0,0,161860,52167227123,0,0,0,0,0,0,0,0,0,0,0,0,0,0,0,0,0,0,0,0,0,0,0,0,0,0,0,0,0,0,0,0,0,0,0,0,0,0,0,0,0,0,0,0,0,0,0,0,0,0,0,0,0,0,0,0,0,0,0,0,3260,0,0,4660663,0,0,0,0,0,0,0,0,0,0,0,0,0,0,0,0,0,0,0,0]}},"read":"2021-01-11T21:52:14.074966347Z"}