################################################################################
# PkgEval set-up: 2021-01-11T23:19:46.78
#

Julia Version 1.5.3
Commit 599f52c4c6 (2020-12-18 13:33 UTC)
Platform Info:
  OS: Linux (x86_64-linux-gnu)
  CPU: AMD EPYC 7502 32-Core Processor
  WORD_SIZE: 64
  LIBM: libopenlibm
  LLVM: libLLVM-9.0.1 (ORCJIT, znver2)
Environment:
  JULIA_PKG_PRECOMPILE_AUTO = 0
  JULIA_PKGEVAL = true

Base.julia_cmd() = `/opt/julia/bin/julia -Cnative -J/opt/julia/lib/julia/sys.so -g1`


################################################################################
# Installation: 2021-01-11T23:19:48.554
#

 Installing known registries into `~/.julia`
##############################                                            42.8%######################################################################## 100.0%
      Added registry `General` to `~/.julia/registries/General`
  Resolving package versions...
  Installed CyclicArrays ─ v0.4.5
Updating `~/.julia/environments/v1.5/Project.toml`
  [6023044f] + CyclicArrays v0.4.5
Updating `~/.julia/environments/v1.5/Manifest.toml`
  [6023044f] + CyclicArrays v0.4.5


################################################################################
# Testing: 2021-01-11T23:19:52.314
#

    Testing CyclicArrays
Status `/tmp/jl_hy0teQ/Project.toml`
  [6023044f] CyclicArrays v0.4.5
  [8dfed614] Test
Status `/tmp/jl_hy0teQ/Manifest.toml`
  [6023044f] CyclicArrays v0.4.5
  [2a0f44e3] Base64
  [8ba89e20] Distributed
  [b77e0a4c] InteractiveUtils
  [56ddb016] Logging
  [d6f4376e] Markdown
  [9a3f8284] Random
  [9e88b42a] Serialization
  [6462fe0b] Sockets
  [8dfed614] Test
    Testing CyclicArrays tests passed 

PkgEval succeeded


################################################################################
# PkgEval teardown: 2021-01-11T23:20:08.705
CPU usage: 21.86s (19.41s user, 2.53s kernel)

Network usage:
- eth0: 14.757 MiB received, 60.342 KiB sent

Raw statistics: {"blkio_stats":{"io_queue_recursive":[],"io_serviced_recursive":[{"major":259,"value":0,"op":"Read","minor":0},{"major":259,"value":24,"op":"Write","minor":0},{"major":259,"value":19,"op":"Sync","minor":0},{"major":259,"value":5,"op":"Async","minor":0},{"major":259,"value":0,"op":"Discard","minor":0},{"major":259,"value":24,"op":"Total","minor":0},{"major":253,"value":0,"op":"Read","minor":2},{"major":253,"value":24,"op":"Write","minor":2},{"major":253,"value":19,"op":"Sync","minor":2},{"major":253,"value":5,"op":"Async","minor":2},{"major":253,"value":0,"op":"Discard","minor":2},{"major":253,"value":24,"op":"Total","minor":2}],"io_time_recursive":[],"sectors_recursive":[],"io_service_bytes_recursive":[{"major":259,"value":0,"op":"Read","minor":0},{"major":259,"value":126976,"op":"Write","minor":0},{"major":259,"value":106496,"op":"Sync","minor":0},{"major":259,"value":20480,"op":"Async","minor":0},{"major":259,"value":0,"op":"Discard","minor":0},{"major":259,"value":126976,"op":"Total","minor":0},{"major":253,"value":0,"op":"Read","minor":2},{"major":253,"value":126976,"op":"Write","minor":2},{"major":253,"value":106496,"op":"Sync","minor":2},{"major":253,"value":20480,"op":"Async","minor":2},{"major":253,"value":0,"op":"Discard","minor":2},{"major":253,"value":126976,"op":"Total","minor":2}],"io_wait_time_recursive":[],"io_merged_recursive":[],"io_service_time_recursive":[]},"memory_stats":{"usage":340144128,"max_usage":593387520,"stats":{"hierarchical_memory_limit":9223372036854771712,"pgmajfault":0,"total_rss":217022464,"inactive_file":135168,"inactive_anon":93130752,"total_pgfault":403491,"total_cache":93741056,"total_rss_huge":0,"total_active_anon":217755648,"total_pgmajfault":0,"pgpgin":242220,"rss_huge":0,"mapped_file":0,"total_inactive_file":135168,"dirty":135168,"total_unevictable":0,"total_dirty":135168,"writeback":0,"pgpgout":166329,"hierarchical_memsw_limit":0,"cache":93741056,"active_file":135168,"pgfault":403491,"total_mapped_file":0,"total_pgpgout":166329,"total_writeback":0,"rss":217022464,"unevictable":0,"total_inactive_anon":93130752,"total_pgpgin":242220,"active_anon":217755648,"total_active_file":135168},"limit":540965302272},"name":"/CyclicArrays-74CcGK9C","networks":{"eth0":{"rx_bytes":15473989,"rx_packets":952,"tx_packets":792,"tx_bytes":61790,"tx_dropped":0,"rx_dropped":1,"tx_errors":0,"rx_errors":0}},"id":"236bab4b1b5eea77ec5264dd532deddd5504d37742613d9104e4c29fba6ca642","preread":"0001-01-01T00:00:00Z","storage_stats":{},"precpu_stats":{"throttling_data":{"throttled_periods":0,"throttled_time":0,"periods":0},"cpu_usage":{"usage_in_usermode":0,"usage_in_kernelmode":0,"total_usage":0}},"pids_stats":{"current":40},"num_procs":0,"cpu_stats":{"throttling_data":{"throttled_periods":0,"throttled_time":0,"periods":0},"system_cpu_usage":6813607914522419,"online_cpus":128,"cpu_usage":{"usage_in_usermode":19410000000,"usage_in_kernelmode":2530000000,"total_usage":21863095391,"percpu_usage":[0,0,0,0,0,0,0,0,0,0,0,0,0,0,0,0,0,0,0,0,21863095391,0,0,0,0,0,0,0,0,0,0,0,0,0,0,0,0,0,0,0,0,0,0,0,0,0,0,0,0,0,0,0,0,0,0,0,0,0,0,0,0,0,0,0,0,0,0,0,0,0,0,0,0,0,0,0,0,0,0,0,0,0,0,0,0,0,0,0,0,0,0,0,0,0,0,0,0,0,0,0,0,0,0,0,0,0,0,0,0,0,0,0,0,0,0,0,0,0,0,0,0,0,0,0,0,0,0,0]}},"read":"2021-01-11T23:20:08.707904871Z"}