################################################################################
# PackageCompiler set-up: 2021-01-11T19:11:51.068
#

Julia Version 1.5.3
Commit 599f52c4c6 (2020-12-18 13:33 UTC)
Platform Info:
  OS: Linux (x86_64-linux-gnu)
  CPU: AMD EPYC 7502 32-Core Processor
  WORD_SIZE: 64
  LIBM: libopenlibm
  LLVM: libLLVM-9.0.1 (ORCJIT, znver2)
Environment:
  JULIA_PKGEVAL = true
  JULIA_PKG_PRECOMPILE_AUTO = 0



################################################################################
# Installation: 2021-01-11T19:11:52.963
#

 Installing known registries into `~/.julia`
############################################                              61.7%######################################################################## 100.0%
      Added registry `General` to `~/.julia/registries/General`
  Resolving package versions...
  Installed Reexport ──────────────────── v0.2.0
  Installed TableTraits ───────────────── v1.0.0
  Installed DataConvenience ───────────── v0.2.0
  Installed CategoricalArrays ─────────── v0.9.0
  Installed DataStructures ────────────── v0.18.8
  Installed StatsBase ─────────────────── v0.33.2
  Installed DataFrames ────────────────── v0.22.2
  Installed PackageCompiler ───────────── v1.2.5
  Installed InvertedIndices ───────────── v1.0.0
  Installed DataValueInterfaces ───────── v1.0.0
  Installed DataAPI ───────────────────── v1.4.0
  Installed PooledArrays ──────────────── v0.5.3
  Installed Tables ────────────────────── v1.2.2
  Installed OrderedCollections ────────── v1.3.2
  Installed Missings ──────────────────── v0.4.4
  Installed Crayons ───────────────────── v4.0.4
  Installed StructTypes ───────────────── v1.2.1
  Installed Formatting ────────────────── v0.4.2
  Installed JSON ──────────────────────── v0.21.1
  Installed IteratorInterfaceExtensions ─ v1.0.0
  Installed SortingAlgorithms ─────────── v0.3.1
  Installed WeakRefStrings ────────────── v0.6.2
  Installed Compat ────────────────────── v3.25.0
  Installed SortingLab ────────────────── v0.2.6
  Installed PrettyTables ──────────────── v0.10.1
  Installed SentinelArrays ────────────── v1.2.16
  Installed CSV ───────────────────────── v0.8.2
  Installed Parsers ───────────────────── v1.0.15
Updating `~/.julia/environments/v1.5/Project.toml`
  [3b531cbf] + DataConvenience v0.2.0
  [9b87118b] + PackageCompiler v1.2.5
Updating `~/.julia/environments/v1.5/Manifest.toml`
  [336ed68f] + CSV v0.8.2
  [324d7699] + CategoricalArrays v0.9.0
  [34da2185] + Compat v3.25.0
  [a8cc5b0e] + Crayons v4.0.4
  [9a962f9c] + DataAPI v1.4.0
  [3b531cbf] + DataConvenience v0.2.0
  [a93c6f00] + DataFrames v0.22.2
  [864edb3b] + DataStructures v0.18.8
  [e2d170a0] + DataValueInterfaces v1.0.0
  [59287772] + Formatting v0.4.2
  [41ab1584] + InvertedIndices v1.0.0
  [82899510] + IteratorInterfaceExtensions v1.0.0
  [682c06a0] + JSON v0.21.1
  [e1d29d7a] + Missings v0.4.4
  [bac558e1] + OrderedCollections v1.3.2
  [9b87118b] + PackageCompiler v1.2.5
  [69de0a69] + Parsers v1.0.15
  [2dfb63ee] + PooledArrays v0.5.3
  [08abe8d2] + PrettyTables v0.10.1
  [189a3867] + Reexport v0.2.0
  [91c51154] + SentinelArrays v1.2.16
  [a2af1166] + SortingAlgorithms v0.3.1
  [562c1548] + SortingLab v0.2.6
  [2913bbd2] + StatsBase v0.33.2
  [856f2bd8] + StructTypes v1.2.1
  [3783bdb8] + TableTraits v1.0.0
  [bd369af6] + Tables v1.2.2
  [ea10d353] + WeakRefStrings v0.6.2
  [2a0f44e3] + Base64
  [ade2ca70] + Dates
  [8bb1440f] + DelimitedFiles
  [8ba89e20] + Distributed
  [9fa8497b] + Future
  [b77e0a4c] + InteractiveUtils
  [76f85450] + LibGit2
  [8f399da3] + Libdl
  [37e2e46d] + LinearAlgebra
  [56ddb016] + Logging
  [d6f4376e] + Markdown
  [a63ad114] + Mmap
  [44cfe95a] + Pkg
  [de0858da] + Printf
  [3fa0cd96] + REPL
  [9a3f8284] + Random
  [ea8e919c] + SHA
  [9e88b42a] + Serialization
  [1a1011a3] + SharedArrays
  [6462fe0b] + Sockets
  [2f01184e] + SparseArrays
  [10745b16] + Statistics
  [8dfed614] + Test
  [cf7118a7] + UUIDs
  [4ec0a83e] + Unicode


################################################################################
# Compiling: 2021-01-11T19:12:00.922
#

[ Info: PackageCompiler: creating system image object file, this might take a while...
Generated system image is 186.188 MiB, compilation took 258 seconds


################################################################################
# PkgEval set-up: 2021-01-11T19:16:25.824
#

Julia Version 1.5.3
Commit 599f52c4c6 (2020-12-18 13:33 UTC)
Platform Info:
  OS: Linux (x86_64-linux-gnu)
  CPU: AMD EPYC 7502 32-Core Processor
  WORD_SIZE: 64
  LIBM: libopenlibm
  LLVM: libLLVM-9.0.1 (ORCJIT, znver2)
Environment:
  JULIA_PKGEVAL = true
  JULIA_PKG_PRECOMPILE_AUTO = 0

Base.julia_cmd() = `/usr/local/julia/bin/julia -Cnative -J/cache/DataConvenience-daSuYaMw.so -g1`


################################################################################
# Installation: 2021-01-11T19:16:27.564
#

 Installing known registries into `~/.julia`
###                                                                        4.4%######################################################################## 100.0%
      Added registry `General` to `~/.julia/registries/General`
  Resolving package versions...
  Installed DataConvenience ───────────── v0.2.0
  Installed Reexport ──────────────────── v0.2.0
  Installed TableTraits ───────────────── v1.0.0
  Installed Tables ────────────────────── v1.2.2
  Installed DataStructures ────────────── v0.18.8
  Installed CategoricalArrays ─────────── v0.9.0
  Installed StatsBase ─────────────────── v0.33.2
  Installed DataAPI ───────────────────── v1.4.0
  Installed DataFrames ────────────────── v0.22.2
  Installed OrderedCollections ────────── v1.3.2
  Installed InvertedIndices ───────────── v1.0.0
  Installed DataValueInterfaces ───────── v1.0.0
  Installed Missings ──────────────────── v0.4.4
  Installed PooledArrays ──────────────── v0.5.3
  Installed JSON ──────────────────────── v0.21.1
  Installed StructTypes ───────────────── v1.2.1
  Installed Crayons ───────────────────── v4.0.4
  Installed Formatting ────────────────── v0.4.2
  Installed SortingAlgorithms ─────────── v0.3.1
  Installed WeakRefStrings ────────────── v0.6.2
  Installed IteratorInterfaceExtensions ─ v1.0.0
  Installed Compat ────────────────────── v3.25.0
  Installed PrettyTables ──────────────── v0.10.1
  Installed SortingLab ────────────────── v0.2.6
  Installed SentinelArrays ────────────── v1.2.16
  Installed CSV ───────────────────────── v0.8.2
  Installed Parsers ───────────────────── v1.0.15
Updating `~/.julia/environments/v1.5/Project.toml`
  [3b531cbf] + DataConvenience v0.2.0
Updating `~/.julia/environments/v1.5/Manifest.toml`
  [336ed68f] + CSV v0.8.2
  [324d7699] + CategoricalArrays v0.9.0
  [34da2185] + Compat v3.25.0
  [a8cc5b0e] + Crayons v4.0.4
  [9a962f9c] + DataAPI v1.4.0
  [3b531cbf] + DataConvenience v0.2.0
  [a93c6f00] + DataFrames v0.22.2
  [864edb3b] + DataStructures v0.18.8
  [e2d170a0] + DataValueInterfaces v1.0.0
  [59287772] + Formatting v0.4.2
  [41ab1584] + InvertedIndices v1.0.0
  [82899510] + IteratorInterfaceExtensions v1.0.0
  [682c06a0] + JSON v0.21.1
  [e1d29d7a] + Missings v0.4.4
  [bac558e1] + OrderedCollections v1.3.2
  [69de0a69] + Parsers v1.0.15
  [2dfb63ee] + PooledArrays v0.5.3
  [08abe8d2] + PrettyTables v0.10.1
  [189a3867] + Reexport v0.2.0
  [91c51154] + SentinelArrays v1.2.16
  [a2af1166] + SortingAlgorithms v0.3.1
  [562c1548] + SortingLab v0.2.6
  [2913bbd2] + StatsBase v0.33.2
  [856f2bd8] + StructTypes v1.2.1
  [3783bdb8] + TableTraits v1.0.0
  [bd369af6] + Tables v1.2.2
  [ea10d353] + WeakRefStrings v0.6.2
  [2a0f44e3] + Base64
  [ade2ca70] + Dates
  [8bb1440f] + DelimitedFiles
  [8ba89e20] + Distributed
  [9fa8497b] + Future
  [b77e0a4c] + InteractiveUtils
  [76f85450] + LibGit2
  [8f399da3] + Libdl
  [37e2e46d] + LinearAlgebra
  [56ddb016] + Logging
  [d6f4376e] + Markdown
  [a63ad114] + Mmap
  [44cfe95a] + Pkg
  [de0858da] + Printf
  [3fa0cd96] + REPL
  [9a3f8284] + Random
  [ea8e919c] + SHA
  [9e88b42a] + Serialization
  [1a1011a3] + SharedArrays
  [6462fe0b] + Sockets
  [2f01184e] + SparseArrays
  [10745b16] + Statistics
  [8dfed614] + Test
  [cf7118a7] + UUIDs
  [4ec0a83e] + Unicode


################################################################################
# Testing: 2021-01-11T19:16:34.651
#

    Testing DataConvenience
Status `/tmp/jl_vJidw9/Project.toml`
  [336ed68f] CSV v0.8.2
  [324d7699] CategoricalArrays v0.9.0
  [3b531cbf] DataConvenience v0.2.0
  [a93c6f00] DataFrames v0.22.2
  [e1d29d7a] Missings v0.4.4
  [562c1548] SortingLab v0.2.6
  [2913bbd2] StatsBase v0.33.2
  [bd369af6] Tables v1.2.2
  [ea10d353] WeakRefStrings v0.6.2
  [ade2ca70] Dates
  [37e2e46d] LinearAlgebra
  [9a3f8284] Random
  [10745b16] Statistics
  [8dfed614] Test
Status `/tmp/jl_vJidw9/Manifest.toml`
  [336ed68f] CSV v0.8.2
  [324d7699] CategoricalArrays v0.9.0
  [34da2185] Compat v3.25.0
  [a8cc5b0e] Crayons v4.0.4
  [9a962f9c] DataAPI v1.4.0
  [3b531cbf] DataConvenience v0.2.0
  [a93c6f00] DataFrames v0.22.2
  [864edb3b] DataStructures v0.18.8
  [e2d170a0] DataValueInterfaces v1.0.0
  [59287772] Formatting v0.4.2
  [41ab1584] InvertedIndices v1.0.0
  [82899510] IteratorInterfaceExtensions v1.0.0
  [682c06a0] JSON v0.21.1
  [e1d29d7a] Missings v0.4.4
  [bac558e1] OrderedCollections v1.3.2
  [69de0a69] Parsers v1.0.15
  [2dfb63ee] PooledArrays v0.5.3
  [08abe8d2] PrettyTables v0.10.1
  [189a3867] Reexport v0.2.0
  [91c51154] SentinelArrays v1.2.16
  [a2af1166] SortingAlgorithms v0.3.1
  [562c1548] SortingLab v0.2.6
  [2913bbd2] StatsBase v0.33.2
  [856f2bd8] StructTypes v1.2.1
  [3783bdb8] TableTraits v1.0.0
  [bd369af6] Tables v1.2.2
  [ea10d353] WeakRefStrings v0.6.2
  [2a0f44e3] Base64
  [ade2ca70] Dates
  [8bb1440f] DelimitedFiles
  [8ba89e20] Distributed
  [9fa8497b] Future
  [b77e0a4c] InteractiveUtils
  [76f85450] LibGit2
  [8f399da3] Libdl
  [37e2e46d] LinearAlgebra
  [56ddb016] Logging
  [d6f4376e] Markdown
  [a63ad114] Mmap
  [44cfe95a] Pkg
  [de0858da] Printf
  [3fa0cd96] REPL
  [9a3f8284] Random
  [ea8e919c] SHA
  [9e88b42a] Serialization
  [1a1011a3] SharedArrays
  [6462fe0b] Sockets
  [2f01184e] SparseArrays
  [10745b16] Statistics
  [8dfed614] Test
  [cf7118a7] UUIDs
  [4ec0a83e] Unicode
Test Summary: | Pass  Total
clean names   |    2      2
Test Summary:      | Pass  Total
read csv in chunks |    6      6
  0.874063 seconds (1.67 M allocations: 91.510 MiB)
  0.757758 seconds (1.86 M allocations: 103.538 MiB)
  0.607799 seconds (508.49 k allocations: 33.288 MiB)
  0.531665 seconds (317.52 k allocations: 22.942 MiB)
  1.033141 seconds (2.20 M allocations: 110.894 MiB)
  0.174470 seconds (142.22 k allocations: 21.827 MiB)
Test Summary: | Pass  Total
sort it       |    6      6
Test Summary: | Pass  Total
count_missing |    1      1
Test Summary:      |
DataConvenience.jl | No tests
    Testing DataConvenience tests passed 

PkgEval succeeded


################################################################################
# PkgEval teardown: 2021-01-11T19:17:19.417
CPU usage: 53.76s (49.25s user, 4.61s kernel)

Network usage:
- eth0: 12.961 MiB received, 180.425 KiB sent

Raw statistics: {"blkio_stats":{"io_queue_recursive":[],"io_serviced_recursive":[{"major":259,"value":0,"op":"Read","minor":0},{"major":259,"value":19,"op":"Write","minor":0},{"major":259,"value":14,"op":"Sync","minor":0},{"major":259,"value":5,"op":"Async","minor":0},{"major":259,"value":0,"op":"Discard","minor":0},{"major":259,"value":19,"op":"Total","minor":0},{"major":253,"value":0,"op":"Read","minor":2},{"major":253,"value":19,"op":"Write","minor":2},{"major":253,"value":14,"op":"Sync","minor":2},{"major":253,"value":5,"op":"Async","minor":2},{"major":253,"value":0,"op":"Discard","minor":2},{"major":253,"value":19,"op":"Total","minor":2}],"io_time_recursive":[],"sectors_recursive":[],"io_service_bytes_recursive":[{"major":259,"value":0,"op":"Read","minor":0},{"major":259,"value":86016,"op":"Write","minor":0},{"major":259,"value":57344,"op":"Sync","minor":0},{"major":259,"value":28672,"op":"Async","minor":0},{"major":259,"value":0,"op":"Discard","minor":0},{"major":259,"value":86016,"op":"Total","minor":0},{"major":253,"value":0,"op":"Read","minor":2},{"major":253,"value":86016,"op":"Write","minor":2},{"major":253,"value":57344,"op":"Sync","minor":2},{"major":253,"value":28672,"op":"Async","minor":2},{"major":253,"value":0,"op":"Discard","minor":2},{"major":253,"value":86016,"op":"Total","minor":2}],"io_wait_time_recursive":[],"io_merged_recursive":[],"io_service_time_recursive":[]},"memory_stats":{"usage":415891456,"max_usage":1095557120,"stats":{"hierarchical_memory_limit":9223372036854771712,"pgmajfault":0,"total_rss":261099520,"inactive_file":135168,"inactive_anon":117596160,"total_pgfault":805530,"total_cache":123830272,"total_rss_huge":0,"total_active_anon":267091968,"total_pgmajfault":0,"pgpgin":445863,"rss_huge":0,"mapped_file":0,"total_inactive_file":135168,"dirty":135168,"total_unevictable":0,"total_dirty":135168,"writeback":0,"pgpgout":351870,"hierarchical_memsw_limit":0,"cache":123830272,"active_file":405504,"pgfault":805530,"total_mapped_file":0,"total_pgpgout":351870,"total_writeback":0,"rss":261099520,"unevictable":0,"total_inactive_anon":117596160,"total_pgpgin":445863,"active_anon":267091968,"total_active_file":405504},"limit":540965302272},"name":"/DataConvenience-JEle10L1","networks":{"eth0":{"rx_bytes":13590821,"rx_packets":1654,"tx_packets":1703,"tx_bytes":184755,"tx_dropped":0,"rx_dropped":2,"tx_errors":0,"rx_errors":0}},"id":"7583bd7d4f98fd3e47077691514f8b2f6686e9a27feeea012a2cbfc6e8aca4fc","preread":"0001-01-01T00:00:00Z","storage_stats":{},"precpu_stats":{"throttling_data":{"throttled_periods":0,"throttled_time":0,"periods":0},"cpu_usage":{"usage_in_usermode":0,"usage_in_kernelmode":0,"total_usage":0}},"pids_stats":{"current":44},"num_procs":0,"cpu_stats":{"throttling_data":{"throttled_periods":0,"throttled_time":0,"periods":0},"system_cpu_usage":4951901914522419,"online_cpus":128,"cpu_usage":{"usage_in_usermode":49250000000,"usage_in_kernelmode":4610000000,"total_usage":53760407464,"percpu_usage":[0,0,0,0,0,0,0,0,0,0,0,0,0,0,0,0,0,0,0,0,0,0,0,0,0,0,0,0,0,0,0,0,0,0,0,0,0,0,0,0,0,0,0,0,0,0,0,0,0,0,0,0,0,0,53760407464,0,0,0,0,0,0,0,0,0,0,0,0,0,0,0,0,0,0,0,0,0,0,0,0,0,0,0,0,0,0,0,0,0,0,0,0,0,0,0,0,0,0,0,0,0,0,0,0,0,0,0,0,0,0,0,0,0,0,0,0,0,0,0,0,0,0,0,0,0,0,0,0,0]}},"read":"2021-01-11T19:17:19.419551718Z"}