################################################################################
# PkgEval set-up: 2021-01-11T19:19:07.783
#

Julia Version 1.5.3
Commit 599f52c4c6 (2020-12-18 13:33 UTC)
Platform Info:
  OS: Linux (x86_64-linux-gnu)
  CPU: AMD EPYC 7502 32-Core Processor
  WORD_SIZE: 64
  LIBM: libopenlibm
  LLVM: libLLVM-9.0.1 (ORCJIT, znver2)
Environment:
  JULIA_PKG_PRECOMPILE_AUTO = 0
  JULIA_PKGEVAL = true

Base.julia_cmd() = `/opt/julia/bin/julia -Cnative -J/opt/julia/lib/julia/sys.so -g1`


################################################################################
# Installation: 2021-01-11T19:19:09.61
#

 Installing known registries into `~/.julia`
####                                                                       5.7%######################################################################## 100.0%
      Added registry `General` to `~/.julia/registries/General`
  Resolving package versions...
  Installed MbedTLS_jll ───────────────── v2.16.8+1
  Installed JSONSchema ────────────────── v0.2.0
  Installed Reexport ──────────────────── v0.2.0
  Installed TableTraits ───────────────── v1.0.0
  Installed TableTraitsUtils ──────────── v1.0.1
  Installed IterableTables ────────────── v1.0.0
  Installed MbedTLS ───────────────────── v1.0.3
  Installed Requires ──────────────────── v1.1.2
  Installed DataStructures ────────────── v0.17.20
  Installed DataAPI ───────────────────── v1.4.0
  Installed DataVoyager ───────────────── v1.0.0
  Installed VegaLite ──────────────────── v2.3.0
  Installed Setfield ──────────────────── v0.6.0
  Installed HTTP ──────────────────────── v0.8.19
  Installed MacroTools ────────────────── v0.5.6
  Installed DataValueInterfaces ───────── v1.0.0
  Installed ConstructionBase ──────────── v1.0.0
  Installed Missings ──────────────────── v0.4.4
  Installed OrderedCollections ────────── v1.3.2
  Installed FileIO ────────────────────── v1.4.5
  Installed URIParser ─────────────────── v0.4.1
  Installed JLLWrappers ───────────────── v1.2.0
  Installed Vega ──────────────────────── v2.0.0
  Installed FilePaths ─────────────────── v0.8.1
  Installed Electron ──────────────────── v2.0.1
  Installed IteratorInterfaceExtensions ─ v1.0.0
  Installed NodeJS ────────────────────── v1.1.1
  Installed FilePathsBase ─────────────── v0.9.6
  Installed Glob ──────────────────────── v1.3.0
  Installed JSON ──────────────────────── v0.21.1
  Installed BinaryProvider ────────────── v0.5.10
  Installed IniFile ───────────────────── v0.5.0
  Installed Parsers ───────────────────── v1.0.15
  Installed DataValues ────────────────── v0.4.13
  Installed Artifacts ─────────────────── v1.3.0
Updating `~/.julia/environments/v1.5/Project.toml`
  [5721bf48] + DataVoyager v1.0.0
Updating `~/.julia/environments/v1.5/Manifest.toml`
  [56f22d72] + Artifacts v1.3.0
  [b99e7846] + BinaryProvider v0.5.10
  [187b0558] + ConstructionBase v1.0.0
  [9a962f9c] + DataAPI v1.4.0
  [864edb3b] + DataStructures v0.17.20
  [e2d170a0] + DataValueInterfaces v1.0.0
  [e7dc6d0d] + DataValues v0.4.13
  [5721bf48] + DataVoyager v1.0.0
  [a1bb12fb] + Electron v2.0.1
  [5789e2e9] + FileIO v1.4.5
  [8fc22ac5] + FilePaths v0.8.1
  [48062228] + FilePathsBase v0.9.6
  [c27321d9] + Glob v1.3.0
  [cd3eb016] + HTTP v0.8.19
  [83e8ac13] + IniFile v0.5.0
  [1c8ee90f] + IterableTables v1.0.0
  [82899510] + IteratorInterfaceExtensions v1.0.0
  [692b3bcd] + JLLWrappers v1.2.0
  [682c06a0] + JSON v0.21.1
  [7d188eb4] + JSONSchema v0.2.0
  [1914dd2f] + MacroTools v0.5.6
  [739be429] + MbedTLS v1.0.3
  [c8ffd9c3] + MbedTLS_jll v2.16.8+1
  [e1d29d7a] + Missings v0.4.4
  [2bd173c7] + NodeJS v1.1.1
  [bac558e1] + OrderedCollections v1.3.2
  [69de0a69] + Parsers v1.0.15
  [189a3867] + Reexport v0.2.0
  [ae029012] + Requires v1.1.2
  [efcf1570] + Setfield v0.6.0
  [3783bdb8] + TableTraits v1.0.0
  [382cd787] + TableTraitsUtils v1.0.1
  [30578b45] + URIParser v0.4.1
  [239c3e63] + Vega v2.0.0
  [112f6efa] + VegaLite v2.3.0
  [2a0f44e3] + Base64
  [ade2ca70] + Dates
  [8ba89e20] + Distributed
  [9fa8497b] + Future
  [b77e0a4c] + InteractiveUtils
  [76f85450] + LibGit2
  [8f399da3] + Libdl
  [56ddb016] + Logging
  [d6f4376e] + Markdown
  [a63ad114] + Mmap
  [44cfe95a] + Pkg
  [de0858da] + Printf
  [3fa0cd96] + REPL
  [9a3f8284] + Random
  [ea8e919c] + SHA
  [9e88b42a] + Serialization
  [6462fe0b] + Sockets
  [8dfed614] + Test
  [cf7118a7] + UUIDs
  [4ec0a83e] + Unicode


################################################################################
# Testing: 2021-01-11T19:19:17.053
#

    Testing DataVoyager
Status `/tmp/jl_0CJUzQ/Project.toml`
  [e7dc6d0d] DataValues v0.4.13
  [5721bf48] DataVoyager v1.0.0
  [a1bb12fb] Electron v2.0.1
  [1c8ee90f] IterableTables v1.0.0
  [82899510] IteratorInterfaceExtensions v1.0.0
  [682c06a0] JSON v0.21.1
  [3783bdb8] TableTraits v1.0.0
  [30578b45] URIParser v0.4.1
  [112f6efa] VegaLite v2.3.0
  [8dfed614] Test
Status `/tmp/jl_0CJUzQ/Manifest.toml`
  [56f22d72] Artifacts v1.3.0
  [b99e7846] BinaryProvider v0.5.10
  [187b0558] ConstructionBase v1.0.0
  [9a962f9c] DataAPI v1.4.0
  [864edb3b] DataStructures v0.17.20
  [e2d170a0] DataValueInterfaces v1.0.0
  [e7dc6d0d] DataValues v0.4.13
  [5721bf48] DataVoyager v1.0.0
  [a1bb12fb] Electron v2.0.1
  [5789e2e9] FileIO v1.4.5
  [8fc22ac5] FilePaths v0.8.1
  [48062228] FilePathsBase v0.9.6
  [c27321d9] Glob v1.3.0
  [cd3eb016] HTTP v0.8.19
  [83e8ac13] IniFile v0.5.0
  [1c8ee90f] IterableTables v1.0.0
  [82899510] IteratorInterfaceExtensions v1.0.0
  [692b3bcd] JLLWrappers v1.2.0
  [682c06a0] JSON v0.21.1
  [7d188eb4] JSONSchema v0.2.0
  [1914dd2f] MacroTools v0.5.6
  [739be429] MbedTLS v1.0.3
  [c8ffd9c3] MbedTLS_jll v2.16.8+1
  [e1d29d7a] Missings v0.4.4
  [2bd173c7] NodeJS v1.1.1
  [bac558e1] OrderedCollections v1.3.2
  [69de0a69] Parsers v1.0.15
  [189a3867] Reexport v0.2.0
  [ae029012] Requires v1.1.2
  [efcf1570] Setfield v0.6.0
  [3783bdb8] TableTraits v1.0.0
  [382cd787] TableTraitsUtils v1.0.1
  [30578b45] URIParser v0.4.1
  [239c3e63] Vega v2.0.0
  [112f6efa] VegaLite v2.3.0
  [2a0f44e3] Base64
  [ade2ca70] Dates
  [8ba89e20] Distributed
  [9fa8497b] Future
  [b77e0a4c] InteractiveUtils
  [76f85450] LibGit2
  [8f399da3] Libdl
  [56ddb016] Logging
  [d6f4376e] Markdown
  [a63ad114] Mmap
  [44cfe95a] Pkg
  [de0858da] Printf
  [3fa0cd96] REPL
  [9a3f8284] Random
  [ea8e919c] SHA
  [9e88b42a] Serialization
  [6462fe0b] Sockets
  [8dfed614] Test
  [cf7118a7] UUIDs
  [4ec0a83e] Unicode
/home/pkgeval/.julia/artifacts/41afcbdbe95343621162214b9fc07813c12b5d36/electron: error while loading shared libraries: libXcomposite.so.1: cannot open shared object file: No such file or directory

No statistics gathered.