################################################################################
# PkgEval set-up: 2021-01-11T17:42:57.085
#

Julia Version 1.5.3
Commit 599f52c4c6 (2020-12-18 13:33 UTC)
Platform Info:
  OS: Linux (x86_64-linux-gnu)
  CPU: AMD EPYC 7502 32-Core Processor
  WORD_SIZE: 64
  LIBM: libopenlibm
  LLVM: libLLVM-9.0.1 (ORCJIT, znver2)
Environment:
  JULIA_PKG_PRECOMPILE_AUTO = 0
  JULIA_PKGEVAL = true

Base.julia_cmd() = `/opt/julia/bin/julia -Cnative -J/opt/julia/lib/julia/sys.so -g1`


################################################################################
# Installation: 2021-01-11T17:42:58.871
#

 Installing known registries into `~/.julia`
#=#=#                                                                         ##O#- #                                                                       ######################################################################## 100.0%
      Added registry `General` to `~/.julia/registries/General`
  Resolving package versions...
  Installed DataTools ─────────────────── v0.1.3
  Installed ZygoteRules ───────────────── v0.2.1
  Installed StaticNumbers ─────────────── v0.3.3
  Installed TableTraits ───────────────── v1.0.0
  Installed InitialValues ─────────────── v0.2.10
  Installed Tables ────────────────────── v1.2.2
  Installed Requires ──────────────────── v1.1.2
  Installed DataAPI ───────────────────── v1.4.0
  Installed Setfield ──────────────────── v0.7.0
  Installed DataValueInterfaces ───────── v1.0.0
  Installed ConstructionBase ──────────── v1.0.0
  Installed ArgCheck ──────────────────── v2.1.0
  Installed DefineSingletons ──────────── v0.1.0
  Installed IteratorInterfaceExtensions ─ v1.0.0
  Installed MicroCollections ──────────── v0.1.0
  Installed MacroTools ────────────────── v0.5.6
  Installed Compat ────────────────────── v3.25.0
  Installed BangBang ──────────────────── v0.3.29
  Installed SplittablesBase ───────────── v0.1.10
  Installed Transducers ───────────────── v0.4.54
  Installed CompositionsBase ──────────── v0.1.0
Updating `~/.julia/environments/v1.5/Project.toml`
  [96c8136d] + DataTools v0.1.3
Updating `~/.julia/environments/v1.5/Manifest.toml`
  [dce04be8] + ArgCheck v2.1.0
  [198e06fe] + BangBang v0.3.29
  [34da2185] + Compat v3.25.0
  [a33af91c] + CompositionsBase v0.1.0
  [187b0558] + ConstructionBase v1.0.0
  [9a962f9c] + DataAPI v1.4.0
  [96c8136d] + DataTools v0.1.3
  [e2d170a0] + DataValueInterfaces v1.0.0
  [244e2a9f] + DefineSingletons v0.1.0
  [22cec73e] + InitialValues v0.2.10
  [82899510] + IteratorInterfaceExtensions v1.0.0
  [1914dd2f] + MacroTools v0.5.6
  [128add7d] + MicroCollections v0.1.0
  [ae029012] + Requires v1.1.2
  [efcf1570] + Setfield v0.7.0
  [171d559e] + SplittablesBase v0.1.10
  [c5e4b96a] + StaticNumbers v0.3.3
  [3783bdb8] + TableTraits v1.0.0
  [bd369af6] + Tables v1.2.2
  [28d57a85] + Transducers v0.4.54
  [700de1a5] + ZygoteRules v0.2.1
  [2a0f44e3] + Base64
  [ade2ca70] + Dates
  [8bb1440f] + DelimitedFiles
  [8ba89e20] + Distributed
  [9fa8497b] + Future
  [b77e0a4c] + InteractiveUtils
  [76f85450] + LibGit2
  [8f399da3] + Libdl
  [37e2e46d] + LinearAlgebra
  [56ddb016] + Logging
  [d6f4376e] + Markdown
  [a63ad114] + Mmap
  [44cfe95a] + Pkg
  [de0858da] + Printf
  [3fa0cd96] + REPL
  [9a3f8284] + Random
  [ea8e919c] + SHA
  [9e88b42a] + Serialization
  [1a1011a3] + SharedArrays
  [6462fe0b] + Sockets
  [2f01184e] + SparseArrays
  [10745b16] + Statistics
  [8dfed614] + Test
  [cf7118a7] + UUIDs
  [4ec0a83e] + Unicode


################################################################################
# Testing: 2021-01-11T17:43:04.396
#

    Testing DataTools
Status `/tmp/jl_WCG93T/Project.toml`
  [96c8136d] DataTools v0.1.3
  [e30172f5] Documenter v0.26.1
  [22cec73e] InitialValues v0.2.10
  [efcf1570] Setfield v0.7.0
  [c5e4b96a] StaticNumbers v0.3.3
  [bd369af6] Tables v1.2.2
  [28d57a85] Transducers v0.4.54
  [10745b16] Statistics
  [8dfed614] Test
Status `/tmp/jl_WCG93T/Manifest.toml`
  [dce04be8] ArgCheck v2.1.0
  [198e06fe] BangBang v0.3.29
  [34da2185] Compat v3.25.0
  [a33af91c] CompositionsBase v0.1.0
  [187b0558] ConstructionBase v1.0.0
  [9a962f9c] DataAPI v1.4.0
  [96c8136d] DataTools v0.1.3
  [e2d170a0] DataValueInterfaces v1.0.0
  [244e2a9f] DefineSingletons v0.1.0
  [ffbed154] DocStringExtensions v0.8.3
  [e30172f5] Documenter v0.26.1
  [b5f81e59] IOCapture v0.1.1
  [22cec73e] InitialValues v0.2.10
  [82899510] IteratorInterfaceExtensions v1.0.0
  [682c06a0] JSON v0.21.1
  [1914dd2f] MacroTools v0.5.6
  [128add7d] MicroCollections v0.1.0
  [69de0a69] Parsers v1.0.15
  [ae029012] Requires v1.1.2
  [efcf1570] Setfield v0.7.0
  [171d559e] SplittablesBase v0.1.10
  [c5e4b96a] StaticNumbers v0.3.3
  [3783bdb8] TableTraits v1.0.0
  [bd369af6] Tables v1.2.2
  [28d57a85] Transducers v0.4.54
  [700de1a5] ZygoteRules v0.2.1
  [2a0f44e3] Base64
  [ade2ca70] Dates
  [8bb1440f] DelimitedFiles
  [8ba89e20] Distributed
  [9fa8497b] Future
  [b77e0a4c] InteractiveUtils
  [76f85450] LibGit2
  [8f399da3] Libdl
  [37e2e46d] LinearAlgebra
  [56ddb016] Logging
  [d6f4376e] Markdown
  [a63ad114] Mmap
  [44cfe95a] Pkg
  [de0858da] Printf
  [3fa0cd96] REPL
  [9a3f8284] Random
  [ea8e919c] SHA
  [9e88b42a] Serialization
  [1a1011a3] SharedArrays
  [6462fe0b] Sockets
  [2f01184e] SparseArrays
  [10745b16] Statistics
  [8dfed614] Test
  [cf7118a7] UUIDs
  [4ec0a83e] Unicode
┌ Warning: `reduce(rf, xf::Transducer, itr; kw...)` is deprecated, use `foldxt(rf, xf, itr; kw...)` instead.
│   caller = ip:0x0
└ @ Core :-1
┌ Warning: `reduce(rf, xf::Transducer, itr; kw...)` is deprecated, use `foldxt(rf, xf, itr; kw...)` instead.
│   caller = macro expansion at test_averaging.jl:10 [inlined]
└ @ Core ~/.julia/packages/DataTools/7lqxg/test/test_averaging.jl:10
┌ Warning: `reduce(rf, xf::Transducer, itr; kw...)` is deprecated, use `foldxt(rf, xf, itr; kw...)` instead.
│   caller = macro expansion at test_averaging.jl:11 [inlined]
└ @ Core ~/.julia/packages/DataTools/7lqxg/test/test_averaging.jl:11
Test Summary:     | Pass  Total
test_averaging.jl |    6      6
[ Info: Skipping doctests on PkgEval.
Test Summary:   |
test_doctest.jl | No tests
Test Summary:      | Pass  Total
test_firstitems.jl |    4      4
Test Summary:     | Pass  Total
test_lastitems.jl |    4      4
┌ Warning: `reduce(rf, xf::Transducer, itr; kw...)` is deprecated, use `foldxt(rf, xf, itr; kw...)` instead.
│   caller = top-level scope at test_meanvar.jl:17
└ @ Core ~/.julia/packages/DataTools/7lqxg/test/test_meanvar.jl:17
┌ Warning: `reduce(rf, xf::Transducer, itr; kw...)` is deprecated, use `foldxt(rf, xf, itr; kw...)` instead.
│   caller = top-level scope at test_meanvar.jl:22
└ @ Core ~/.julia/packages/DataTools/7lqxg/test/test_meanvar.jl:22
┌ Warning: `reduce(rf, xf::Transducer, itr; kw...)` is deprecated, use `foldxt(rf, xf, itr; kw...)` instead.
│   caller = top-level scope at test_meanvar.jl:27
└ @ Core ~/.julia/packages/DataTools/7lqxg/test/test_meanvar.jl:27
┌ Warning: `reduce(rf, xf::Transducer, itr; kw...)` is deprecated, use `foldxt(rf, xf, itr; kw...)` instead.
│   caller = top-level scope at test_meanvar.jl:34
└ @ Core ~/.julia/packages/DataTools/7lqxg/test/test_meanvar.jl:34
┌ Warning: `reduce(rf, xf::Transducer, itr; kw...)` is deprecated, use `foldxt(rf, xf, itr; kw...)` instead.
│   caller = top-level scope at test_meanvar.jl:48
└ @ Core ~/.julia/packages/DataTools/7lqxg/test/test_meanvar.jl:48
Test Summary:   | Pass  Total
test_meanvar.jl |   65     65
┌ Warning: `reduce(rf, xf::Transducer, itr; kw...)` is deprecated, use `foldxt(rf, xf, itr; kw...)` instead.
│   caller = macro expansion at test_modifying.jl:11 [inlined]
└ @ Core ~/.julia/packages/DataTools/7lqxg/test/test_modifying.jl:11
Test Summary:     | Pass  Total
test_modifying.jl |    5      5
Test Summary:  | Pass  Total
test_nitems.jl |    9      9
┌ Warning: `reduce(rf, xf::Transducer, itr; kw...)` is deprecated, use `foldxt(rf, xf, itr; kw...)` instead.
│   caller = top-level scope at test_oncol.jl:18
└ @ Core ~/.julia/packages/DataTools/7lqxg/test/test_oncol.jl:18
Test Summary: | Pass  Total
test_oncol.jl |    6      6
┌ Warning: `reduce(rf, xf::Transducer, itr; kw...)` is deprecated, use `foldxt(rf, xf, itr; kw...)` instead.
│   caller = top-level scope at test_rightif.jl:12
└ @ Core ~/.julia/packages/DataTools/7lqxg/test/test_rightif.jl:12
┌ Warning: `reduce(rf, xf::Transducer, itr; kw...)` is deprecated, use `foldxt(rf, xf, itr; kw...)` instead.
│   caller = top-level scope at test_rightif.jl:13
└ @ Core ~/.julia/packages/DataTools/7lqxg/test/test_rightif.jl:13
┌ Warning: `reduce(rf, itr::Foldable; kw...)` is deprecated, use `foldxt(rf, itr; kw...)` instead.
│   caller = top-level scope at test_rightif.jl:14
└ @ Core ~/.julia/packages/DataTools/7lqxg/test/test_rightif.jl:14
Test Summary:   | Pass  Total
test_rightif.jl |    9      9
    Testing DataTools tests passed 

PkgEval succeeded


################################################################################
# PkgEval teardown: 2021-01-11T17:43:51.643
CPU usage: 54.42s (49.58s user, 4.94s kernel)

Network usage:
- eth0: 3.721 MiB received, 144.314 KiB sent

Raw statistics: {"blkio_stats":{"io_queue_recursive":[],"io_serviced_recursive":[{"major":259,"value":0,"op":"Read","minor":0},{"major":259,"value":24,"op":"Write","minor":0},{"major":259,"value":19,"op":"Sync","minor":0},{"major":259,"value":5,"op":"Async","minor":0},{"major":259,"value":0,"op":"Discard","minor":0},{"major":259,"value":24,"op":"Total","minor":0},{"major":253,"value":0,"op":"Read","minor":2},{"major":253,"value":24,"op":"Write","minor":2},{"major":253,"value":19,"op":"Sync","minor":2},{"major":253,"value":5,"op":"Async","minor":2},{"major":253,"value":0,"op":"Discard","minor":2},{"major":253,"value":24,"op":"Total","minor":2}],"io_time_recursive":[],"sectors_recursive":[],"io_service_bytes_recursive":[{"major":259,"value":0,"op":"Read","minor":0},{"major":259,"value":135168,"op":"Write","minor":0},{"major":259,"value":106496,"op":"Sync","minor":0},{"major":259,"value":28672,"op":"Async","minor":0},{"major":259,"value":0,"op":"Discard","minor":0},{"major":259,"value":135168,"op":"Total","minor":0},{"major":253,"value":0,"op":"Read","minor":2},{"major":253,"value":135168,"op":"Write","minor":2},{"major":253,"value":106496,"op":"Sync","minor":2},{"major":253,"value":28672,"op":"Async","minor":2},{"major":253,"value":0,"op":"Discard","minor":2},{"major":253,"value":135168,"op":"Total","minor":2}],"io_wait_time_recursive":[],"io_merged_recursive":[],"io_service_time_recursive":[]},"memory_stats":{"usage":295673856,"max_usage":1009307648,"stats":{"hierarchical_memory_limit":9223372036854771712,"pgmajfault":0,"total_rss":174546944,"inactive_file":135168,"inactive_anon":84074496,"total_pgfault":1573473,"total_cache":89911296,"total_rss_huge":0,"total_active_anon":180449280,"total_pgmajfault":0,"pgpgin":1015542,"rss_huge":0,"mapped_file":0,"total_inactive_file":135168,"dirty":135168,"total_unevictable":0,"total_dirty":135168,"writeback":0,"pgpgout":950977,"hierarchical_memsw_limit":0,"cache":89911296,"active_file":135168,"pgfault":1573473,"total_mapped_file":0,"total_pgpgout":950977,"total_writeback":0,"rss":174546944,"unevictable":0,"total_inactive_anon":84074496,"total_pgpgin":1015542,"active_anon":180449280,"total_active_file":135168},"limit":540965302272},"name":"/DataTools-VnWxVDKW","networks":{"eth0":{"rx_bytes":3901609,"rx_packets":1048,"tx_packets":1180,"tx_bytes":147778,"tx_dropped":0,"rx_dropped":2,"tx_errors":0,"rx_errors":0}},"id":"0b9177ab1d8438968f0033ebbd3cd21780bfd74e9c6945fad5391e6d7ecceb44","preread":"0001-01-01T00:00:00Z","storage_stats":{},"precpu_stats":{"throttling_data":{"throttled_periods":0,"throttled_time":0,"periods":0},"cpu_usage":{"usage_in_usermode":0,"usage_in_kernelmode":0,"total_usage":0}},"pids_stats":{"current":40},"num_procs":0,"cpu_stats":{"throttling_data":{"throttled_periods":0,"throttled_time":0,"periods":0},"system_cpu_usage":4235261504522419,"online_cpus":128,"cpu_usage":{"usage_in_usermode":49580000000,"usage_in_kernelmode":4940000000,"total_usage":54421712119,"percpu_usage":[0,0,0,0,0,0,0,0,0,0,0,0,54421712119,0,0,0,0,0,0,0,0,0,0,0,0,0,0,0,0,0,0,0,0,0,0,0,0,0,0,0,0,0,0,0,0,0,0,0,0,0,0,0,0,0,0,0,0,0,0,0,0,0,0,0,0,0,0,0,0,0,0,0,0,0,0,0,0,0,0,0,0,0,0,0,0,0,0,0,0,0,0,0,0,0,0,0,0,0,0,0,0,0,0,0,0,0,0,0,0,0,0,0,0,0,0,0,0,0,0,0,0,0,0,0,0,0,0,0]}},"read":"2021-01-11T17:43:51.646376495Z"}