################################################################################
# PkgEval set-up: 2021-01-11T22:12:41.504
#

Julia Version 1.5.3
Commit 599f52c4c6 (2020-12-18 13:33 UTC)
Platform Info:
  OS: Linux (x86_64-linux-gnu)
  CPU: AMD EPYC 7502 32-Core Processor
  WORD_SIZE: 64
  LIBM: libopenlibm
  LLVM: libLLVM-9.0.1 (ORCJIT, znver2)
Environment:
  JULIA_PKG_PRECOMPILE_AUTO = 0
  JULIA_PKGEVAL = true

Base.julia_cmd() = `/opt/julia/bin/julia -Cnative -J/opt/julia/lib/julia/sys.so -g1`


################################################################################
# Installation: 2021-01-11T22:12:43.234
#

 Installing known registries into `~/.julia`
#######                                                                   10.7%######################################################################## 100.0%
      Added registry `General` to `~/.julia/registries/General`
  Resolving package versions...
  Installed DataDeps ─────── v0.7.6
  Installed URIs ─────────── v1.1.0
  Installed p7zip_jll ────── v16.2.0+3
  Installed MbedTLS_jll ──── v2.16.8+1
  Installed Reexport ─────── v0.2.0
  Installed IniFile ──────── v0.5.0
  Installed MbedTLS ──────── v1.0.3
  Installed BinaryProvider ─ v0.5.10
  Installed HTTP ─────────── v0.9.2
  Installed JLLWrappers ──── v1.2.0
  Installed Artifacts ────── v1.3.0
Updating `~/.julia/environments/v1.5/Project.toml`
  [124859b0] + DataDeps v0.7.6
Updating `~/.julia/environments/v1.5/Manifest.toml`
  [56f22d72] + Artifacts v1.3.0
  [b99e7846] + BinaryProvider v0.5.10
  [124859b0] + DataDeps v0.7.6
  [cd3eb016] + HTTP v0.9.2
  [83e8ac13] + IniFile v0.5.0
  [692b3bcd] + JLLWrappers v1.2.0
  [739be429] + MbedTLS v1.0.3
  [c8ffd9c3] + MbedTLS_jll v2.16.8+1
  [189a3867] + Reexport v0.2.0
  [5c2747f8] + URIs v1.1.0
  [3f19e933] + p7zip_jll v16.2.0+3
  [2a0f44e3] + Base64
  [ade2ca70] + Dates
  [8ba89e20] + Distributed
  [b77e0a4c] + InteractiveUtils
  [76f85450] + LibGit2
  [8f399da3] + Libdl
  [56ddb016] + Logging
  [d6f4376e] + Markdown
  [44cfe95a] + Pkg
  [de0858da] + Printf
  [3fa0cd96] + REPL
  [9a3f8284] + Random
  [ea8e919c] + SHA
  [9e88b42a] + Serialization
  [6462fe0b] + Sockets
  [8dfed614] + Test
  [cf7118a7] + UUIDs
  [4ec0a83e] + Unicode
   Building DataDeps → `~/.julia/packages/DataDeps/jrlAW/deps/build.log`


################################################################################
# Testing: 2021-01-11T22:12:48.837
#

    Testing DataDeps
Status `/tmp/jl_bQ0XuS/Project.toml`
  [b99e7846] BinaryProvider v0.5.10
  [124859b0] DataDeps v0.7.6
  [cd0106a6] ExpectationStubs v0.2.0
  [cd3eb016] HTTP v0.9.2
  [189a3867] Reexport v0.2.0
  [3f19e933] p7zip_jll v16.2.0+3
  [8bb1440f] DelimitedFiles
  [8f399da3] Libdl
  [ea8e919c] SHA
  [8dfed614] Test
Status `/tmp/jl_bQ0XuS/Manifest.toml`
  [56f22d72] Artifacts v1.3.0
  [b99e7846] BinaryProvider v0.5.10
  [124859b0] DataDeps v0.7.6
  [cd0106a6] ExpectationStubs v0.2.0
  [cd3eb016] HTTP v0.9.2
  [83e8ac13] IniFile v0.5.0
  [692b3bcd] JLLWrappers v1.2.0
  [1914dd2f] MacroTools v0.5.6
  [739be429] MbedTLS v1.0.3
  [c8ffd9c3] MbedTLS_jll v2.16.8+1
  [189a3867] Reexport v0.2.0
  [5c2747f8] URIs v1.1.0
  [3f19e933] p7zip_jll v16.2.0+3
  [2a0f44e3] Base64
  [ade2ca70] Dates
  [8bb1440f] DelimitedFiles
  [8ba89e20] Distributed
  [b77e0a4c] InteractiveUtils
  [76f85450] LibGit2
  [8f399da3] Libdl
  [56ddb016] Logging
  [d6f4376e] Markdown
  [a63ad114] Mmap
  [44cfe95a] Pkg
  [de0858da] Printf
  [3fa0cd96] REPL
  [9a3f8284] Random
  [ea8e919c] SHA
  [9e88b42a] Serialization
  [6462fe0b] Sockets
  [8dfed614] Test
  [cf7118a7] UUIDs
  [4ec0a83e] Unicode
[ Info: Notice: These tests check paths some of which are supposed to throw warnings. Others of which are not. Some attention should be paid when reading the output.
┌ Error: No writable path exists to save the data. Make sure there exists as writable path in your DataDeps Load Path.
│ See https://www.oxinabox.net/DataDeps.jl/stable/z10-for-end-users/#The-Load-Path-1
│ The current load path contains:
│   cands =
│    1-element Array{String,1}:
│     ""
└ @ DataDeps ~/.julia/packages/DataDeps/jrlAW/src/locations.jl:116
┌ Warning: Checksum did not match
│   expected_hash = "0000"
│   actual_hash = "1234"
│   path = "/home/pkgeval/.julia/packages/DataDeps/jrlAW/test/preupload.jl"
└ @ DataDeps ~/.julia/packages/DataDeps/jrlAW/src/verification.jl:24
┌ Warning: Post-fetch method threw an exception
│   local_path = "/home/pkgeval/.julia/packages/DataDeps/jrlAW/test/preupload.jl"
│   exception = /tmp/jl_6UedRh/preupload.jl
└ @ DataDeps ~/.julia/packages/DataDeps/jrlAW/src/preupload.jl:54
[ Info: sending all datadeps to /tmp/jl_tX8h6j
┌ Warning: Checksum not provided, add to the Datadep Registration the following hash line
│   hash = "1f08958df70c30bbf3f7205ad5f9b2b9430e3378b4e4e6300063bd9fbd83d6e3"
└ @ DataDeps ~/.julia/packages/DataDeps/jrlAW/src/verification.jl:44
nonmentions_realDonaldTrump_poll_tweets.csv┌ Warning: Checksum not provided, add to the Datadep Registration the following hash line
│   hash = "715d99f57999dfd174baa6c32e67e5eaf438a315273c0889ac8cdbfc83421355"
└ @ DataDeps ~/.julia/packages/DataDeps/jrlAW/src/verification.jl:44

7-Zip (a) [64] 16.02 : Copyright (c) 1999-2016 Igor Pavlov : 2016-05-21
p7zip Version 16.02 (locale=C,Utf16=off,HugeFiles=on,64 bits,128 CPUs AMD EPYC 7502 32-Core Processor                 (830F10),ASM,AES-NI)

Scanning the drive for archives:
1 file, 579043 bytes (566 KiB)

Extracting archive: /tmp/jl_tX8h6j/UCI Banking/bank.zip

7-Zip (a) [64] 16.02 : Copyright (c) 1999-2016 Igor Pavlov : 2016-05-21
p7zip Version 16.02 (locale=C,Utf16=off,HugeFiles=on,64 bits,128 CPUs AMD EPYC 7502 32-Core Processor                 (830F10),ASM,AES-NI)

Scanning the drive for archives:
1 file, 444572 bytes (435 KiB)

Extracting archive: /tmp/jl_tX8h6j/UCI Banking/bank-additional.zip
--
Path = /tmp/jl_tX8h6j/UCI Banking/bank.zip
Type = zip
Physical Size = 579043

Everything is Ok

Files: 3
Size:       5075686
Compressed: 579043
--
Path = /tmp/jl_tX8h6j/UCI Banking/bank-additional.zip
Type = zip
Physical Size = 444572

Everything is Ok

Folders: 3
Files: 7
Size:       6434658
Compressed: 444572

7-Zip (a) [64] 16.02 : Copyright (c) 1999-2016 Igor Pavlov : 2016-05-21
p7zip Version 16.02 (locale=C,Utf16=off,HugeFiles=on,64 bits,128 CPUs AMD EPYC 7502 32-Core Processor                 (830F10),ASM,AES-NI)


Extracting archive: 
--
Path = 
Type = tar
Code Page = UTF-8

Everything is Ok

Folders: 6
Files: 31
Size:       79441
Compressed: 24576
┌ Warning: Over-writing registration of the datadep
│   name = "Pi"
└ @ DataDeps ~/.julia/packages/DataDeps/jrlAW/src/registration.jl:15
┌ Warning: Over-writing registration of the datadep
│   name = "TrumpTweets"
└ @ DataDeps ~/.julia/packages/DataDeps/jrlAW/src/registration.jl:15
┌ Warning: Over-writing registration of the datadep
│   name = "MNIST train"
└ @ DataDeps ~/.julia/packages/DataDeps/jrlAW/src/registration.jl:15
┌ Warning: Over-writing registration of the datadep
│   name = "MNIST"
└ @ DataDeps ~/.julia/packages/DataDeps/jrlAW/src/registration.jl:15
┌ Warning: Over-writing registration of the datadep
│   name = "UCI Banking"
└ @ DataDeps ~/.julia/packages/DataDeps/jrlAW/src/registration.jl:15
┌ Warning: Over-writing registration of the datadep
│   name = "UCI Adult"
└ @ DataDeps ~/.julia/packages/DataDeps/jrlAW/src/registration.jl:15
┌ Warning: Over-writing registration of the datadep
│   name = "DataDeps Source v0.5.0"
└ @ DataDeps ~/.julia/packages/DataDeps/jrlAW/src/registration.jl:15
[ Info: removing /tmp/jl_tX8h6j
[ Info: sending all datadeps to /tmp/jl_S1vJok
┌ Warning: Over-writing registration of the datadep
│   name = "Example"
└ @ DataDeps ~/.julia/packages/DataDeps/jrlAW/src/registration.jl:15
[ Info: removing /tmp/jl_S1vJok
Test Summary: | Pass  Total
DataDeps.jl   |   63     63
    Testing DataDeps tests passed 

PkgEval succeeded


################################################################################
# PkgEval teardown: 2021-01-11T22:13:36.795
CPU usage: 51.84s (47.89s user, 4.06s kernel)

Network usage:
- eth0: 30.728 MiB received, 231.095 KiB sent

Raw statistics: {"blkio_stats":{"io_queue_recursive":[],"io_serviced_recursive":[{"major":259,"value":15,"op":"Read","minor":0},{"major":259,"value":28,"op":"Write","minor":0},{"major":259,"value":34,"op":"Sync","minor":0},{"major":259,"value":9,"op":"Async","minor":0},{"major":259,"value":0,"op":"Discard","minor":0},{"major":259,"value":43,"op":"Total","minor":0},{"major":253,"value":15,"op":"Read","minor":2},{"major":253,"value":28,"op":"Write","minor":2},{"major":253,"value":34,"op":"Sync","minor":2},{"major":253,"value":9,"op":"Async","minor":2},{"major":253,"value":0,"op":"Discard","minor":2},{"major":253,"value":43,"op":"Total","minor":2}],"io_time_recursive":[],"sectors_recursive":[],"io_service_bytes_recursive":[{"major":259,"value":1155072,"op":"Read","minor":0},{"major":259,"value":143360,"op":"Write","minor":0},{"major":259,"value":1261568,"op":"Sync","minor":0},{"major":259,"value":36864,"op":"Async","minor":0},{"major":259,"value":0,"op":"Discard","minor":0},{"major":259,"value":1298432,"op":"Total","minor":0},{"major":253,"value":1155072,"op":"Read","minor":2},{"major":253,"value":143360,"op":"Write","minor":2},{"major":253,"value":1261568,"op":"Sync","minor":2},{"major":253,"value":36864,"op":"Async","minor":2},{"major":253,"value":0,"op":"Discard","minor":2},{"major":253,"value":1298432,"op":"Total","minor":2}],"io_wait_time_recursive":[],"io_merged_recursive":[],"io_service_time_recursive":[]},"memory_stats":{"usage":335970304,"max_usage":1048784896,"stats":{"hierarchical_memory_limit":9223372036854771712,"pgmajfault":0,"total_rss":220119040,"inactive_file":270336,"inactive_anon":80019456,"total_pgfault":1172127,"total_cache":86011904,"total_rss_huge":0,"total_active_anon":224919552,"total_pgmajfault":0,"pgpgin":674520,"rss_huge":0,"mapped_file":0,"total_inactive_file":270336,"dirty":405504,"total_unevictable":0,"total_dirty":405504,"writeback":0,"pgpgout":599813,"hierarchical_memsw_limit":0,"cache":86011904,"active_file":1081344,"pgfault":1172127,"total_mapped_file":0,"total_pgpgout":599813,"total_writeback":0,"rss":220119040,"unevictable":0,"total_inactive_anon":80019456,"total_pgpgin":674520,"active_anon":224919552,"total_active_file":1081344},"limit":540965302272},"name":"/DataDeps-MNIX0uFH","networks":{"eth0":{"rx_bytes":32220596,"rx_packets":4358,"tx_packets":3084,"tx_bytes":236641,"tx_dropped":0,"rx_dropped":2,"tx_errors":0,"rx_errors":0}},"id":"459e8d28fe08794e63547321dd038c01c0ec6cd350b9686e9e3b4aa2f3010f6c","preread":"0001-01-01T00:00:00Z","storage_stats":{},"precpu_stats":{"throttling_data":{"throttled_periods":0,"throttled_time":0,"periods":0},"cpu_usage":{"usage_in_usermode":0,"usage_in_kernelmode":0,"total_usage":0}},"pids_stats":{"current":40},"num_procs":0,"cpu_stats":{"throttling_data":{"throttled_periods":0,"throttled_time":0,"periods":0},"system_cpu_usage":6303592664522419,"online_cpus":128,"cpu_usage":{"usage_in_usermode":47890000000,"usage_in_kernelmode":4060000000,"total_usage":51836090232,"percpu_usage":[0,0,0,0,0,0,0,0,0,0,0,0,0,0,0,0,0,0,0,0,0,0,0,0,0,0,0,0,0,0,0,0,0,0,0,0,0,0,0,0,0,0,0,0,0,0,0,0,0,0,0,0,0,51836085802,0,0,0,0,0,0,0,0,0,0,0,0,0,0,0,0,0,0,0,0,0,0,0,0,0,0,0,0,0,0,0,0,0,0,0,0,0,0,0,0,0,0,0,0,0,0,0,0,0,0,0,0,0,0,0,0,0,0,0,0,0,0,0,0,4430,0,0,0,0,0,0,0,0,0]}},"read":"2021-01-11T22:13:37.355293016Z"}