################################################################################
# PkgEval set-up: 2021-01-11T22:28:30.417
#

Julia Version 1.5.3
Commit 599f52c4c6 (2020-12-18 13:33 UTC)
Platform Info:
  OS: Linux (x86_64-linux-gnu)
  CPU: AMD EPYC 7502 32-Core Processor
  WORD_SIZE: 64
  LIBM: libopenlibm
  LLVM: libLLVM-9.0.1 (ORCJIT, znver2)
Environment:
  JULIA_PKG_PRECOMPILE_AUTO = 0
  JULIA_PKGEVAL = true

Base.julia_cmd() = `/opt/julia/bin/julia -Cnative -J/opt/julia/lib/julia/sys.so -g1`


################################################################################
# Installation: 2021-01-11T22:28:32.212
#

 Installing known registries into `~/.julia`
######################################################################## 100.0%
      Added registry `General` to `~/.julia/registries/General`
  Resolving package versions...
  Installed DatagenCopulaBased ─────────── v1.3.1
  Installed CompilerSupportLibraries_jll ─ v0.3.4+0
  Installed Rmath_jll ──────────────────── v0.2.2+1
  Installed Rmath ──────────────────────── v0.6.1
  Installed FillArrays ─────────────────── v0.10.2
  Installed Combinatorics ──────────────── v1.0.2
  Installed DataStructures ─────────────── v0.18.8
  Installed StatsBase ──────────────────── v0.33.2
  Installed QuadGK ─────────────────────── v2.4.1
  Installed DataAPI ────────────────────── v1.4.0
  Installed Missings ───────────────────── v0.4.4
  Installed HCubature ──────────────────── v1.5.0
  Installed Roots ──────────────────────── v1.0.7
  Installed OrderedCollections ─────────── v1.3.2
  Installed HypothesisTests ────────────── v0.10.2
  Installed StaticArrays ───────────────── v1.0.1
  Installed JLLWrappers ────────────────── v1.2.0
  Installed Distributions ──────────────── v0.24.10
  Installed PDMats ─────────────────────── v0.10.1
  Installed StatsFuns ──────────────────── v0.9.6
  Installed OpenSpecFun_jll ────────────── v0.5.3+4
  Installed SortingAlgorithms ──────────── v0.3.1
  Installed SpecialFunctions ───────────── v0.10.3
  Installed Compat ─────────────────────── v3.25.0
  Installed Artifacts ──────────────────── v1.3.0
Updating `~/.julia/environments/v1.5/Project.toml`
  [b9879e35] + DatagenCopulaBased v1.3.1
Updating `~/.julia/environments/v1.5/Manifest.toml`
  [56f22d72] + Artifacts v1.3.0
  [861a8166] + Combinatorics v1.0.2
  [34da2185] + Compat v3.25.0
  [e66e0078] + CompilerSupportLibraries_jll v0.3.4+0
  [9a962f9c] + DataAPI v1.4.0
  [864edb3b] + DataStructures v0.18.8
  [b9879e35] + DatagenCopulaBased v1.3.1
  [31c24e10] + Distributions v0.24.10
  [1a297f60] + FillArrays v0.10.2
  [19dc6840] + HCubature v1.5.0
  [09f84164] + HypothesisTests v0.10.2
  [692b3bcd] + JLLWrappers v1.2.0
  [e1d29d7a] + Missings v0.4.4
  [efe28fd5] + OpenSpecFun_jll v0.5.3+4
  [bac558e1] + OrderedCollections v1.3.2
  [90014a1f] + PDMats v0.10.1
  [1fd47b50] + QuadGK v2.4.1
  [79098fc4] + Rmath v0.6.1
  [f50d1b31] + Rmath_jll v0.2.2+1
  [f2b01f46] + Roots v1.0.7
  [a2af1166] + SortingAlgorithms v0.3.1
  [276daf66] + SpecialFunctions v0.10.3
  [90137ffa] + StaticArrays v1.0.1
  [2913bbd2] + StatsBase v0.33.2
  [4c63d2b9] + StatsFuns v0.9.6
  [2a0f44e3] + Base64
  [ade2ca70] + Dates
  [8bb1440f] + DelimitedFiles
  [8ba89e20] + Distributed
  [b77e0a4c] + InteractiveUtils
  [76f85450] + LibGit2
  [8f399da3] + Libdl
  [37e2e46d] + LinearAlgebra
  [56ddb016] + Logging
  [d6f4376e] + Markdown
  [a63ad114] + Mmap
  [44cfe95a] + Pkg
  [de0858da] + Printf
  [3fa0cd96] + REPL
  [9a3f8284] + Random
  [ea8e919c] + SHA
  [9e88b42a] + Serialization
  [1a1011a3] + SharedArrays
  [6462fe0b] + Sockets
  [2f01184e] + SparseArrays
  [10745b16] + Statistics
  [4607b0f0] + SuiteSparse
  [8dfed614] + Test
  [cf7118a7] + UUIDs
  [4ec0a83e] + Unicode


################################################################################
# Testing: 2021-01-11T22:28:38.282
#

    Testing DatagenCopulaBased
Status `/tmp/jl_EJsGhU/Project.toml`
  [861a8166] Combinatorics v1.0.2
  [667455a9] Cubature v1.5.1
  [b9879e35] DatagenCopulaBased v1.3.1
  [31c24e10] Distributions v0.24.10
  [19dc6840] HCubature v1.5.0
  [09f84164] HypothesisTests v0.10.2
  [438e738f] PyCall v1.92.2
  [1fd47b50] QuadGK v2.4.1
  [f2b01f46] Roots v1.0.7
  [276daf66] SpecialFunctions v0.10.3
  [860ef19b] StableRNGs v1.0.0
  [2913bbd2] StatsBase v0.33.2
  [8ba89e20] Distributed
  [37e2e46d] LinearAlgebra
  [9a3f8284] Random
  [1a1011a3] SharedArrays
  [8dfed614] Test
Status `/tmp/jl_EJsGhU/Manifest.toml`
  [56f22d72] Artifacts v1.3.0
  [861a8166] Combinatorics v1.0.2
  [34da2185] Compat v3.25.0
  [e66e0078] CompilerSupportLibraries_jll v0.3.4+0
  [8f4d0f93] Conda v1.5.0
  [667455a9] Cubature v1.5.1
  [7bc98958] Cubature_jll v1.0.4+0
  [9a962f9c] DataAPI v1.4.0
  [864edb3b] DataStructures v0.18.8
  [b9879e35] DatagenCopulaBased v1.3.1
  [31c24e10] Distributions v0.24.10
  [1a297f60] FillArrays v0.10.2
  [19dc6840] HCubature v1.5.0
  [09f84164] HypothesisTests v0.10.2
  [692b3bcd] JLLWrappers v1.2.0
  [682c06a0] JSON v0.21.1
  [1914dd2f] MacroTools v0.5.6
  [e1d29d7a] Missings v0.4.4
  [efe28fd5] OpenSpecFun_jll v0.5.3+4
  [bac558e1] OrderedCollections v1.3.2
  [90014a1f] PDMats v0.10.1
  [69de0a69] Parsers v1.0.15
  [438e738f] PyCall v1.92.2
  [1fd47b50] QuadGK v2.4.1
  [79098fc4] Rmath v0.6.1
  [f50d1b31] Rmath_jll v0.2.2+1
  [f2b01f46] Roots v1.0.7
  [a2af1166] SortingAlgorithms v0.3.1
  [276daf66] SpecialFunctions v0.10.3
  [860ef19b] StableRNGs v1.0.0
  [90137ffa] StaticArrays v1.0.1
  [2913bbd2] StatsBase v0.33.2
  [4c63d2b9] StatsFuns v0.9.6
  [81def892] VersionParsing v1.2.0
  [2a0f44e3] Base64
  [ade2ca70] Dates
  [8bb1440f] DelimitedFiles
  [8ba89e20] Distributed
  [b77e0a4c] InteractiveUtils
  [76f85450] LibGit2
  [8f399da3] Libdl
  [37e2e46d] LinearAlgebra
  [56ddb016] Logging
  [d6f4376e] Markdown
  [a63ad114] Mmap
  [44cfe95a] Pkg
  [de0858da] Printf
  [3fa0cd96] REPL
  [9a3f8284] Random
  [ea8e919c] SHA
  [9e88b42a] Serialization
  [1a1011a3] SharedArrays
  [6462fe0b] Sockets
  [2f01184e] SparseArrays
  [10745b16] Statistics
  [4607b0f0] SuiteSparse
  [8dfed614] Test
  [cf7118a7] UUIDs
  [4ec0a83e] Unicode
Test Summary:          | Pass  Total
tail dependencies test |    2      2
Test Summary:  | Pass  Total
logseries dist |    6      6
Test Summary:    | Pass  Total
stable levy dist |    3      3
Test Summary:                  | Pass  Total
nested copulas data generators |    7      7
Test Summary:       | Pass  Total
transform marginals |    4      4
Test Summary:              | Pass  Total
generate corelation matrix |   17     17
Test Summary:   | Pass  Total
gaussian copula |    9      9
Test Summary:    | Pass  Total
t-student copula |   11     11
Test Summary:  | Pass  Total
Frechet copula |   31     31
Test Summary:         | Pass  Total
Marshall-Olkin copula |   17     17
Test Summary: | Pass  Total
correlations  |   37     37
Test Summary:                          | Pass  Total
Archimedean copulas axiliary functions |    5      5
Test Summary:                | Pass  Total
Axiliary function exceptions |    3      3
Test Summary: | Pass  Total
Gumbel copula |   39     39
Test Summary:  | Pass  Total
Clayton copula |   39     39
Test Summary:          | Pass  Total
Ali-Mikhail-Haq copula |   41     41
Test Summary: | Pass  Total
Frank copula  |   21     21
Test Summary:                                            | Pass  Total
nested archimedean copulas helpers 4 higher correlations |    2      2
Test Summary:         | Pass  Total
nested Clayton copula |   24     24
Test Summary:                 | Pass  Total
nested Ali-Mikhail-Haq copula |   23     23
Test Summary:       | Pass  Total
nested Frank copula |   24     24
Test Summary:        | Pass  Total
single nested Gumbel |   23     23
Test Summary:               | Pass  Total
double nested Gumbel copula |   28     28
Test Summary:              | Pass  Total
Hierarchical Gumbel copula |   21     21
Test Summary: | Pass  Total
helpers       |    3      3
Test Summary: | Pass  Total
exceptions    |   13     13
Test Summary:                | Pass  Total
chain of Archimedean copulas |   23     23
Test Summary: | Pass  Total
correlations  |    4      4
Test Summary:            | Pass  Total
chain of Frechet copulas |   22     22
Test Summary: | Pass  Total
helpers       |   22     22
Test Summary:                     | Pass  Total
convert sub-copula to archimedean |   50     50
Test Summary:                   | Pass  Total
convert sub-copula to t-Student |   10     10
Test Summary:                 | Pass  Total
convert sub-copula to Frechet |   11     11
Test Summary:                        | Pass  Total
convert sub-copula to Marshall-Olkin |   13     13
    Testing DatagenCopulaBased tests passed 

PkgEval succeeded


################################################################################
# PkgEval teardown: 2021-01-11T22:36:13.405
CPU usage: 461.55s (437.90s user, 24.16s kernel)

Network usage:
- eth0: 247.662 MiB received, 741.909 KiB sent

Raw statistics: {"blkio_stats":{"io_queue_recursive":[],"io_serviced_recursive":[{"major":259,"value":0,"op":"Read","minor":0},{"major":259,"value":34,"op":"Write","minor":0},{"major":259,"value":19,"op":"Sync","minor":0},{"major":259,"value":15,"op":"Async","minor":0},{"major":259,"value":0,"op":"Discard","minor":0},{"major":259,"value":34,"op":"Total","minor":0},{"major":253,"value":0,"op":"Read","minor":2},{"major":253,"value":34,"op":"Write","minor":2},{"major":253,"value":19,"op":"Sync","minor":2},{"major":253,"value":15,"op":"Async","minor":2},{"major":253,"value":0,"op":"Discard","minor":2},{"major":253,"value":34,"op":"Total","minor":2}],"io_time_recursive":[],"sectors_recursive":[],"io_service_bytes_recursive":[{"major":259,"value":0,"op":"Read","minor":0},{"major":259,"value":180224,"op":"Write","minor":0},{"major":259,"value":106496,"op":"Sync","minor":0},{"major":259,"value":73728,"op":"Async","minor":0},{"major":259,"value":0,"op":"Discard","minor":0},{"major":259,"value":180224,"op":"Total","minor":0},{"major":253,"value":0,"op":"Read","minor":2},{"major":253,"value":180224,"op":"Write","minor":2},{"major":253,"value":106496,"op":"Sync","minor":2},{"major":253,"value":73728,"op":"Async","minor":2},{"major":253,"value":0,"op":"Discard","minor":2},{"major":253,"value":180224,"op":"Total","minor":2}],"io_wait_time_recursive":[],"io_merged_recursive":[],"io_service_time_recursive":[]},"memory_stats":{"usage":1879863296,"max_usage":4988620800,"stats":{"hierarchical_memory_limit":9223372036854771712,"pgmajfault":0,"total_rss":199970816,"inactive_file":135168,"inactive_anon":1177042944,"total_pgfault":11747142,"total_cache":1623384064,"total_rss_huge":0,"total_active_anon":646373376,"total_pgmajfault":0,"pgpgin":10294845,"rss_huge":0,"mapped_file":0,"total_inactive_file":135168,"dirty":135168,"total_unevictable":0,"total_dirty":135168,"writeback":0,"pgpgout":9849684,"hierarchical_memsw_limit":0,"cache":1623384064,"active_file":135168,"pgfault":11747142,"total_mapped_file":0,"total_pgpgout":9849684,"total_writeback":0,"rss":199970816,"unevictable":0,"total_inactive_anon":1177042944,"total_pgpgin":10294845,"active_anon":646373376,"total_active_file":135168},"limit":540965302272},"name":"/DatagenCopulaBased-Zm46UhkT","networks":{"eth0":{"rx_bytes":259692525,"rx_packets":20461,"tx_packets":11768,"tx_bytes":759715,"tx_dropped":0,"rx_dropped":16,"tx_errors":0,"rx_errors":0}},"id":"45e5ed29a55e9abcaebab6201d0e74cc966dc87eea6017e9e3131e5806ab9216","preread":"0001-01-01T00:00:00Z","storage_stats":{},"precpu_stats":{"throttling_data":{"throttled_periods":0,"throttled_time":0,"periods":0},"cpu_usage":{"usage_in_usermode":0,"usage_in_kernelmode":0,"total_usage":0}},"pids_stats":{"current":40},"num_procs":0,"cpu_stats":{"throttling_data":{"throttled_periods":0,"throttled_time":0,"periods":0},"system_cpu_usage":6476942594522419,"online_cpus":128,"cpu_usage":{"usage_in_usermode":437900000000,"usage_in_kernelmode":24160000000,"total_usage":461545590760,"percpu_usage":[0,0,0,0,0,0,0,0,0,0,0,0,0,0,0,461544539839,0,0,0,0,0,0,0,0,0,0,0,0,0,0,0,0,0,0,0,0,0,0,0,0,0,0,0,0,0,0,0,0,0,0,0,0,0,0,0,0,0,0,0,0,0,0,0,0,0,0,0,0,0,0,0,0,0,0,0,0,0,870171,180750,0,0,0,0,0,0,0,0,0,0,0,0,0,0,0,0,0,0,0,0,0,0,0,0,0,0,0,0,0,0,0,0,0,0,0,0,0,0,0,0,0,0,0,0,0,0,0,0,0]}},"read":"2021-01-11T22:36:13.959642846Z"}