################################################################################
# PkgEval set-up: 2021-01-11T21:07:33.797
#

Julia Version 1.5.3
Commit 599f52c4c6 (2020-12-18 13:33 UTC)
Platform Info:
  OS: Linux (x86_64-linux-gnu)
  CPU: AMD EPYC 7502 32-Core Processor
  WORD_SIZE: 64
  LIBM: libopenlibm
  LLVM: libLLVM-9.0.1 (ORCJIT, znver2)
Environment:
  JULIA_PKG_PRECOMPILE_AUTO = 0
  JULIA_PKGEVAL = true

Base.julia_cmd() = `/opt/julia/bin/julia -Cnative -J/opt/julia/lib/julia/sys.so -g1`


################################################################################
# Installation: 2021-01-11T21:07:35.682
#

 Installing known registries into `~/.julia`
######################################################################## 100.0%
      Added registry `General` to `~/.julia/registries/General`
  Resolving package versions...
  Installed DBFTables ─────────────────── v0.2.2
  Installed DataAPI ───────────────────── v1.4.0
  Installed IteratorInterfaceExtensions ─ v1.0.0
  Installed TableTraits ───────────────── v1.0.0
  Installed WeakRefStrings ────────────── v0.6.2
  Installed DataValueInterfaces ───────── v1.0.0
  Installed Tables ────────────────────── v1.2.2
Updating `~/.julia/environments/v1.5/Project.toml`
  [75c7ada1] + DBFTables v0.2.2
Updating `~/.julia/environments/v1.5/Manifest.toml`
  [75c7ada1] + DBFTables v0.2.2
  [9a962f9c] + DataAPI v1.4.0
  [e2d170a0] + DataValueInterfaces v1.0.0
  [82899510] + IteratorInterfaceExtensions v1.0.0
  [3783bdb8] + TableTraits v1.0.0
  [bd369af6] + Tables v1.2.2
  [ea10d353] + WeakRefStrings v0.6.2
  [2a0f44e3] + Base64
  [8ba89e20] + Distributed
  [b77e0a4c] + InteractiveUtils
  [8f399da3] + Libdl
  [37e2e46d] + LinearAlgebra
  [56ddb016] + Logging
  [d6f4376e] + Markdown
  [de0858da] + Printf
  [9a3f8284] + Random
  [9e88b42a] + Serialization
  [6462fe0b] + Sockets
  [8dfed614] + Test
  [4ec0a83e] + Unicode


################################################################################
# Testing: 2021-01-11T21:07:41.262
#

    Testing DBFTables
Status `/tmp/jl_MS5fhT/Project.toml`
  [75c7ada1] DBFTables v0.2.2
  [a93c6f00] DataFrames v0.22.2
  [bd369af6] Tables v1.2.2
  [ea10d353] WeakRefStrings v0.6.2
  [de0858da] Printf
  [8dfed614] Test
Status `/tmp/jl_MS5fhT/Manifest.toml`
  [324d7699] CategoricalArrays v0.9.0
  [34da2185] Compat v3.25.0
  [a8cc5b0e] Crayons v4.0.4
  [75c7ada1] DBFTables v0.2.2
  [9a962f9c] DataAPI v1.4.0
  [a93c6f00] DataFrames v0.22.2
  [864edb3b] DataStructures v0.18.8
  [e2d170a0] DataValueInterfaces v1.0.0
  [59287772] Formatting v0.4.2
  [41ab1584] InvertedIndices v1.0.0
  [82899510] IteratorInterfaceExtensions v1.0.0
  [682c06a0] JSON v0.21.1
  [e1d29d7a] Missings v0.4.4
  [bac558e1] OrderedCollections v1.3.2
  [69de0a69] Parsers v1.0.15
  [2dfb63ee] PooledArrays v0.5.3
  [08abe8d2] PrettyTables v0.10.1
  [189a3867] Reexport v0.2.0
  [a2af1166] SortingAlgorithms v0.3.1
  [856f2bd8] StructTypes v1.2.1
  [3783bdb8] TableTraits v1.0.0
  [bd369af6] Tables v1.2.2
  [ea10d353] WeakRefStrings v0.6.2
  [2a0f44e3] Base64
  [ade2ca70] Dates
  [8bb1440f] DelimitedFiles
  [8ba89e20] Distributed
  [9fa8497b] Future
  [b77e0a4c] InteractiveUtils
  [76f85450] LibGit2
  [8f399da3] Libdl
  [37e2e46d] LinearAlgebra
  [56ddb016] Logging
  [d6f4376e] Markdown
  [a63ad114] Mmap
  [44cfe95a] Pkg
  [de0858da] Printf
  [3fa0cd96] REPL
  [9a3f8284] Random
  [ea8e919c] SHA
  [9e88b42a] Serialization
  [1a1011a3] SharedArrays
  [6462fe0b] Sockets
  [2f01184e] SparseArrays
  [10745b16] Statistics
  [8dfed614] Test
  [cf7118a7] UUIDs
  [4ec0a83e] Unicode
Test Summary: | Pass  Total
DBFTables     |   41     41
    Testing DBFTables tests passed 

PkgEval succeeded


################################################################################
# PkgEval teardown: 2021-01-11T21:08:42.949
CPU usage: 69.18s (63.56s user, 5.74s kernel)

Network usage:
- eth0: 6.341 MiB received, 138.232 KiB sent

Raw statistics: {"blkio_stats":{"io_queue_recursive":[],"io_serviced_recursive":[{"major":259,"value":0,"op":"Read","minor":0},{"major":259,"value":24,"op":"Write","minor":0},{"major":259,"value":19,"op":"Sync","minor":0},{"major":259,"value":5,"op":"Async","minor":0},{"major":259,"value":0,"op":"Discard","minor":0},{"major":259,"value":24,"op":"Total","minor":0},{"major":253,"value":0,"op":"Read","minor":2},{"major":253,"value":24,"op":"Write","minor":2},{"major":253,"value":19,"op":"Sync","minor":2},{"major":253,"value":5,"op":"Async","minor":2},{"major":253,"value":0,"op":"Discard","minor":2},{"major":253,"value":24,"op":"Total","minor":2}],"io_time_recursive":[],"sectors_recursive":[],"io_service_bytes_recursive":[{"major":259,"value":0,"op":"Read","minor":0},{"major":259,"value":131072,"op":"Write","minor":0},{"major":259,"value":106496,"op":"Sync","minor":0},{"major":259,"value":24576,"op":"Async","minor":0},{"major":259,"value":0,"op":"Discard","minor":0},{"major":259,"value":131072,"op":"Total","minor":0},{"major":253,"value":0,"op":"Read","minor":2},{"major":253,"value":131072,"op":"Write","minor":2},{"major":253,"value":106496,"op":"Sync","minor":2},{"major":253,"value":24576,"op":"Async","minor":2},{"major":253,"value":0,"op":"Discard","minor":2},{"major":253,"value":131072,"op":"Total","minor":2}],"io_wait_time_recursive":[],"io_merged_recursive":[],"io_service_time_recursive":[]},"memory_stats":{"usage":357908480,"max_usage":1623887872,"stats":{"hierarchical_memory_limit":9223372036854771712,"pgmajfault":0,"total_rss":224817152,"inactive_file":135168,"inactive_anon":85291008,"total_pgfault":2039301,"total_cache":102686720,"total_rss_huge":0,"total_active_anon":242221056,"total_pgmajfault":0,"pgpgin":1390851,"rss_huge":0,"mapped_file":0,"total_inactive_file":135168,"dirty":135168,"total_unevictable":0,"total_dirty":135168,"writeback":0,"pgpgout":1310899,"hierarchical_memsw_limit":0,"cache":102686720,"active_file":135168,"pgfault":2039301,"total_mapped_file":0,"total_pgpgout":1310899,"total_writeback":0,"rss":224817152,"unevictable":0,"total_inactive_anon":85291008,"total_pgpgin":1390851,"active_anon":242221056,"total_active_file":135168},"limit":540965302272},"name":"/DBFTables-Zr2Vk3eb","networks":{"eth0":{"rx_bytes":6649084,"rx_packets":1120,"tx_packets":1195,"tx_bytes":141550,"tx_dropped":0,"rx_dropped":3,"tx_errors":0,"rx_errors":0}},"id":"8ce5e4ab9667ec2ba0f51e0232b7e85498ce00cb62631fc3f4b41ec323ffbe59","preread":"0001-01-01T00:00:00Z","storage_stats":{},"precpu_stats":{"throttling_data":{"throttled_periods":0,"throttled_time":0,"periods":0},"cpu_usage":{"usage_in_usermode":0,"usage_in_kernelmode":0,"total_usage":0}},"pids_stats":{"current":40},"num_procs":0,"cpu_stats":{"throttling_data":{"throttled_periods":0,"throttled_time":0,"periods":0},"system_cpu_usage":5806114864522419,"online_cpus":128,"cpu_usage":{"usage_in_usermode":63560000000,"usage_in_kernelmode":5740000000,"total_usage":69184253425,"percpu_usage":[0,0,0,0,0,0,0,0,0,0,0,69181917715,0,0,0,0,0,0,0,0,0,0,0,0,0,0,0,0,0,0,0,0,0,0,0,0,0,0,0,0,0,0,0,0,0,0,0,0,0,0,0,0,0,0,0,0,0,0,0,0,0,0,0,0,0,0,0,0,0,0,0,0,3227541,0,0,0,0,0,0,0,0,0,0,0,0,0,0,0,0,0,0,0,0,0,0,0,0,0,0,0,0,0,0,0,0,0,0,0,0,0,0,0,0,0,0,0,0,0,0,0,0,0,0,0,0,0,0,0]}},"read":"2021-01-11T21:08:42.955933293Z"}