################################################################################
# PkgEval set-up: 2021-01-11T19:12:40.944
#

Julia Version 1.5.3
Commit 599f52c4c6 (2020-12-18 13:33 UTC)
Platform Info:
  OS: Linux (x86_64-linux-gnu)
  CPU: AMD EPYC 7502 32-Core Processor
  WORD_SIZE: 64
  LIBM: libopenlibm
  LLVM: libLLVM-9.0.1 (ORCJIT, znver2)
Environment:
  JULIA_PKG_PRECOMPILE_AUTO = 0
  JULIA_PKGEVAL = true

Base.julia_cmd() = `/opt/julia/bin/julia -Cnative -J/opt/julia/lib/julia/sys.so -g1`


################################################################################
# Installation: 2021-01-11T19:12:42.739
#

 Installing known registries into `~/.julia`
######################################################################## 100.0%
      Added registry `General` to `~/.julia/registries/General`
  Resolving package versions...
  Installed Reexport ──────────────────── v0.2.0
  Installed Zlib_jll ──────────────────── v1.2.11+18
  Installed TableTraits ───────────────── v1.0.0
  Installed DeIdentification ──────────── v0.8.1
  Installed CategoricalArrays ─────────── v0.7.7
  Installed Memento ───────────────────── v0.12.1
  Installed DataFrames ────────────────── v0.20.2
  Installed Mocking ───────────────────── v0.7.1
  Installed TimeZones ─────────────────── v1.5.3
  Installed Libiconv_jll ──────────────── v1.16.0+7
  Installed Tables ────────────────────── v1.2.2
  Installed DataStructures ────────────── v0.17.20
  Installed EzXML ─────────────────────── v1.1.0
  Installed DataAPI ───────────────────── v1.4.0
  Installed OrderedCollections ────────── v1.3.2
  Installed InvertedIndices ───────────── v1.0.0
  Installed DataValueInterfaces ───────── v1.0.0
  Installed RecipesBase ───────────────── v1.1.1
  Installed Missings ──────────────────── v0.4.4
  Installed FilePathsBase ─────────────── v0.7.0
  Installed PooledArrays ──────────────── v0.5.3
  Installed JLLWrappers ───────────────── v1.2.0
  Installed JSON ──────────────────────── v0.21.1
  Installed Syslogs ───────────────────── v0.3.0
  Installed YAML ──────────────────────── v0.4.5
  Installed ExprTools ─────────────────── v0.1.3
  Installed IteratorInterfaceExtensions ─ v1.0.0
  Installed SortingAlgorithms ─────────── v0.3.1
  Installed WeakRefStrings ────────────── v0.6.2
  Installed Compat ────────────────────── v3.25.0
  Installed Glob ──────────────────────── v1.3.0
  Installed Parsers ───────────────────── v0.3.12
  Installed Artifacts ─────────────────── v1.3.0
  Installed XML2_jll ──────────────────── v2.9.10+3
  Installed CSV ───────────────────────── v0.5.26
Updating `~/.julia/environments/v1.5/Project.toml`
  [b905b068] + DeIdentification v0.8.1
Updating `~/.julia/environments/v1.5/Manifest.toml`
  [56f22d72] + Artifacts v1.3.0
  [336ed68f] + CSV v0.5.26
  [324d7699] + CategoricalArrays v0.7.7
  [34da2185] + Compat v3.25.0
  [9a962f9c] + DataAPI v1.4.0
  [a93c6f00] + DataFrames v0.20.2
  [864edb3b] + DataStructures v0.17.20
  [e2d170a0] + DataValueInterfaces v1.0.0
  [b905b068] + DeIdentification v0.8.1
  [e2ba6199] + ExprTools v0.1.3
  [8f5d6c58] + EzXML v1.1.0
  [48062228] + FilePathsBase v0.7.0
  [c27321d9] + Glob v1.3.0
  [41ab1584] + InvertedIndices v1.0.0
  [82899510] + IteratorInterfaceExtensions v1.0.0
  [692b3bcd] + JLLWrappers v1.2.0
  [682c06a0] + JSON v0.21.1
  [94ce4f54] + Libiconv_jll v1.16.0+7
  [f28f55f0] + Memento v0.12.1
  [e1d29d7a] + Missings v0.4.4
  [78c3b35d] + Mocking v0.7.1
  [bac558e1] + OrderedCollections v1.3.2
  [69de0a69] + Parsers v0.3.12
  [2dfb63ee] + PooledArrays v0.5.3
  [3cdcf5f2] + RecipesBase v1.1.1
  [189a3867] + Reexport v0.2.0
  [a2af1166] + SortingAlgorithms v0.3.1
  [cea106d9] + Syslogs v0.3.0
  [3783bdb8] + TableTraits v1.0.0
  [bd369af6] + Tables v1.2.2
  [f269a46b] + TimeZones v1.5.3
  [ea10d353] + WeakRefStrings v0.6.2
  [02c8fc9c] + XML2_jll v2.9.10+3
  [ddb6d928] + YAML v0.4.5
  [83775a58] + Zlib_jll v1.2.11+18
  [2a0f44e3] + Base64
  [ade2ca70] + Dates
  [8bb1440f] + DelimitedFiles
  [8ba89e20] + Distributed
  [9fa8497b] + Future
  [b77e0a4c] + InteractiveUtils
  [76f85450] + LibGit2
  [8f399da3] + Libdl
  [37e2e46d] + LinearAlgebra
  [56ddb016] + Logging
  [d6f4376e] + Markdown
  [a63ad114] + Mmap
  [44cfe95a] + Pkg
  [de0858da] + Printf
  [3fa0cd96] + REPL
  [9a3f8284] + Random
  [ea8e919c] + SHA
  [9e88b42a] + Serialization
  [1a1011a3] + SharedArrays
  [6462fe0b] + Sockets
  [2f01184e] + SparseArrays
  [10745b16] + Statistics
  [8dfed614] + Test
  [cf7118a7] + UUIDs
  [4ec0a83e] + Unicode
   Building TimeZones → `~/.julia/packages/TimeZones/K98G0/deps/build.log`


################################################################################
# Testing: 2021-01-11T19:12:59.283
#

    Testing DeIdentification
┌ Error: Pkg.Resolve.ResolverError("empty intersection between Tables@1.2.2 and project compatibility 0.2.11-0.2", nothing)
└ @ Pkg.Operations /workspace/srcdir/usr/share/julia/stdlib/v1.5/Pkg/src/Operations.jl:1427
Status `/tmp/jl_AK81RT/Project.toml`
  [336ed68f] CSV v0.5.23
  [a93c6f00] DataFrames v0.20.0
  [864edb3b] DataStructures v0.17.20
  [b905b068] DeIdentification v0.8.1
  [c27321d9] Glob v1.3.0
  [682c06a0] JSON v0.21.1
  [f28f55f0] Memento v0.12.1
  [69de0a69] Parsers v0.3.12
  [bd369af6] Tables v0.2.11
  [ddb6d928] YAML v0.3.2
  [ade2ca70] Dates
  [8bb1440f] DelimitedFiles
  [3fa0cd96] REPL
  [9a3f8284] Random
  [ea8e919c] SHA
  [8dfed614] Test
Status `/tmp/jl_AK81RT/Manifest.toml`
  [56f22d72] Artifacts v1.3.0
  [336ed68f] CSV v0.5.23
  [324d7699] CategoricalArrays v0.7.7
  [19ecbf4d] Codecs v0.5.0
  [34da2185] Compat v3.25.0
  [9a962f9c] DataAPI v1.4.0
  [a93c6f00] DataFrames v0.20.0
  [864edb3b] DataStructures v0.17.20
  [e2d170a0] DataValueInterfaces v1.0.0
  [b905b068] DeIdentification v0.8.1
  [e2ba6199] ExprTools v0.1.3
  [8f5d6c58] EzXML v1.1.0
  [48062228] FilePathsBase v0.7.0
  [c27321d9] Glob v1.3.0
  [41ab1584] InvertedIndices v1.0.0
  [82899510] IteratorInterfaceExtensions v1.0.0
  [692b3bcd] JLLWrappers v1.2.0
  [682c06a0] JSON v0.21.1
  [94ce4f54] Libiconv_jll v1.16.0+7
  [f28f55f0] Memento v0.12.1
  [e1d29d7a] Missings v0.4.4
  [78c3b35d] Mocking v0.7.1
  [bac558e1] OrderedCollections v1.3.2
  [69de0a69] Parsers v0.3.12
  [2dfb63ee] PooledArrays v0.5.3
  [3cdcf5f2] RecipesBase v1.1.1
  [189a3867] Reexport v0.2.0
  [a2af1166] SortingAlgorithms v0.3.1
  [cea106d9] Syslogs v0.3.0
  [3783bdb8] TableTraits v1.0.0
  [bd369af6] Tables v0.2.11
  [f269a46b] TimeZones v1.5.3
  [ea10d353] WeakRefStrings v0.6.2
  [02c8fc9c] XML2_jll v2.9.10+3
  [ddb6d928] YAML v0.3.2
  [83775a58] Zlib_jll v1.2.11+18
  [2a0f44e3] Base64
  [ade2ca70] Dates
  [8bb1440f] DelimitedFiles
  [8ba89e20] Distributed
  [9fa8497b] Future
  [b77e0a4c] InteractiveUtils
  [76f85450] LibGit2
  [8f399da3] Libdl
  [37e2e46d] LinearAlgebra
  [56ddb016] Logging
  [d6f4376e] Markdown
  [a63ad114] Mmap
  [44cfe95a] Pkg
  [de0858da] Printf
  [3fa0cd96] REPL
  [9a3f8284] Random
  [ea8e919c] SHA
  [9e88b42a] Serialization
  [1a1011a3] SharedArrays
  [6462fe0b] Sockets
  [2f01184e] SparseArrays
  [10745b16] Statistics
  [8dfed614] Test
  [cf7118a7] UUIDs
  [4ec0a83e] Unicode
WARNING: Compat.Dates is deprecated, use Dates instead.
  likely near /home/pkgeval/.julia/packages/YAML/nKMpg/src/YAML.jl:15
WARNING: Compat.Printf is deprecated, use Printf instead.
  likely near /home/pkgeval/.julia/packages/YAML/nKMpg/src/YAML.jl:16
ERROR: LoadError: InitError: Failed to find local time zone
Stacktrace:
 [1] error(::String) at ./error.jl:33
 [2] localzone() at /home/pkgeval/.julia/packages/TimeZones/K98G0/src/local.jl:154
 [3] DefaultFormatter at /home/pkgeval/.julia/packages/Memento/UgJr2/src/formatters.jl:35 [inlined]
 [4] config!(::Memento.Logger, ::String; fmt::String, levels::Dict{AbstractString,Int64}, colorized::Bool, recursive::Bool, substitute::Bool, propagate::Bool) at /home/pkgeval/.julia/packages/Memento/UgJr2/src/config.jl:39
 [5] config! at /home/pkgeval/.julia/packages/Memento/UgJr2/src/config.jl:36 [inlined]
 [6] #config!#70 at /home/pkgeval/.julia/packages/Memento/UgJr2/src/config.jl:28 [inlined]
 [7] config! at /home/pkgeval/.julia/packages/Memento/UgJr2/src/config.jl:28 [inlined]
 [8] #config!#69 at /home/pkgeval/.julia/packages/Memento/UgJr2/src/config.jl:25 [inlined]
 [9] config! at /home/pkgeval/.julia/packages/Memento/UgJr2/src/config.jl:25 [inlined]
 [10] __init__() at /home/pkgeval/.julia/packages/Memento/UgJr2/src/Memento.jl:62
 [11] _include_from_serialized(::String, ::Array{Any,1}) at ./loading.jl:697
 [12] _require_from_serialized(::String) at ./loading.jl:749
 [13] _require(::Base.PkgId) at ./loading.jl:1040
 [14] require(::Base.PkgId) at ./loading.jl:928
 [15] require(::Module, ::Symbol) at ./loading.jl:923
 [16] include(::Function, ::Module, ::String) at ./Base.jl:380
 [17] include(::Module, ::String) at ./Base.jl:368
 [18] top-level scope at none:2
 [19] eval at ./boot.jl:331 [inlined]
 [20] eval(::Expr) at ./client.jl:467
 [21] top-level scope at ./none:3
during initialization of module Memento
in expression starting at /home/pkgeval/.julia/packages/DeIdentification/j8RTi/src/DeIdentification.jl:13
ERROR: LoadError: Failed to precompile DeIdentification [b905b068-7150-5b22-bc23-80596c88c6a6] to /home/pkgeval/.julia/compiled/v1.5/DeIdentification/dXsei_lgoY0.ji.
Stacktrace:
 [1] error(::String) at ./error.jl:33
 [2] compilecache(::Base.PkgId, ::String) at ./loading.jl:1305
 [3] _require(::Base.PkgId) at ./loading.jl:1030
 [4] require(::Base.PkgId) at ./loading.jl:928
 [5] require(::Module, ::Symbol) at ./loading.jl:923
 [6] include(::String) at ./client.jl:457
 [7] top-level scope at none:6
in expression starting at /home/pkgeval/.julia/packages/DeIdentification/j8RTi/test/runtests.jl:1

PkgEval failed: Package DeIdentification errored during testing
Stacktrace:
 [1] pkgerror(::String) at /workspace/srcdir/usr/share/julia/stdlib/v1.5/Pkg/src/Types.jl:52
 [2] test(::Pkg.Types.Context, ::Array{Pkg.Types.PackageSpec,1}; coverage::Bool, julia_args::Cmd, test_args::Cmd, test_fn::Nothing) at /workspace/srcdir/usr/share/julia/stdlib/v1.5/Pkg/src/Operations.jl:1578
 [3] test(::Pkg.Types.Context, ::Array{Pkg.Types.PackageSpec,1}; coverage::Bool, test_fn::Nothing, julia_args::Cmd, test_args::Cmd, kwargs::Base.Iterators.Pairs{Union{},Union{},Tuple{},NamedTuple{(),Tuple{}}}) at /workspace/srcdir/usr/share/julia/stdlib/v1.5/Pkg/src/API.jl:327
 [4] test(::Pkg.Types.Context, ::Array{Pkg.Types.PackageSpec,1}) at /workspace/srcdir/usr/share/julia/stdlib/v1.5/Pkg/src/API.jl:314
 [5] #test#61 at /workspace/srcdir/usr/share/julia/stdlib/v1.5/Pkg/src/API.jl:67 [inlined]
 [6] test at /workspace/srcdir/usr/share/julia/stdlib/v1.5/Pkg/src/API.jl:67 [inlined]
 [7] #test#60 at /workspace/srcdir/usr/share/julia/stdlib/v1.5/Pkg/src/API.jl:66 [inlined]
 [8] test at /workspace/srcdir/usr/share/julia/stdlib/v1.5/Pkg/src/API.jl:66 [inlined]
 [9] test(::String; kwargs::Base.Iterators.Pairs{Union{},Union{},Tuple{},NamedTuple{(),Tuple{}}}) at /workspace/srcdir/usr/share/julia/stdlib/v1.5/Pkg/src/API.jl:65
 [10] test(::String) at /workspace/srcdir/usr/share/julia/stdlib/v1.5/Pkg/src/API.jl:65
 [11] top-level scope at none:22
 [12] eval at ./boot.jl:331 [inlined]
 [13] eval(::Expr) at ./client.jl:467
 [14] top-level scope at none:1
 [15] eval(::Module, ::Any) at ./boot.jl:331
 [16] exec_options(::Base.JLOptions) at ./client.jl:272
 [17] _start() at ./client.jl:506


################################################################################
# PkgEval teardown: 2021-01-11T19:13:40.372
CPU usage: 58.97s (52.65s user, 6.42s kernel)

Network usage:
- eth0: 16.526 MiB received, 255.335 KiB sent

Raw statistics: {"blkio_stats":{"io_queue_recursive":[],"io_serviced_recursive":[{"major":259,"value":1,"op":"Read","minor":0},{"major":259,"value":28,"op":"Write","minor":0},{"major":259,"value":20,"op":"Sync","minor":0},{"major":259,"value":9,"op":"Async","minor":0},{"major":259,"value":0,"op":"Discard","minor":0},{"major":259,"value":29,"op":"Total","minor":0},{"major":253,"value":1,"op":"Read","minor":2},{"major":253,"value":28,"op":"Write","minor":2},{"major":253,"value":20,"op":"Sync","minor":2},{"major":253,"value":9,"op":"Async","minor":2},{"major":253,"value":0,"op":"Discard","minor":2},{"major":253,"value":29,"op":"Total","minor":2}],"io_time_recursive":[],"sectors_recursive":[],"io_service_bytes_recursive":[{"major":259,"value":4096,"op":"Read","minor":0},{"major":259,"value":159744,"op":"Write","minor":0},{"major":259,"value":110592,"op":"Sync","minor":0},{"major":259,"value":53248,"op":"Async","minor":0},{"major":259,"value":0,"op":"Discard","minor":0},{"major":259,"value":163840,"op":"Total","minor":0},{"major":253,"value":4096,"op":"Read","minor":2},{"major":253,"value":159744,"op":"Write","minor":2},{"major":253,"value":110592,"op":"Sync","minor":2},{"major":253,"value":53248,"op":"Async","minor":2},{"major":253,"value":0,"op":"Discard","minor":2},{"major":253,"value":163840,"op":"Total","minor":2}],"io_wait_time_recursive":[],"io_merged_recursive":[],"io_service_time_recursive":[]},"memory_stats":{"usage":467046400,"max_usage":1425940480,"stats":{"hierarchical_memory_limit":9223372036854771712,"pgmajfault":0,"total_rss":245870592,"inactive_file":135168,"inactive_anon":150847488,"total_pgfault":2089428,"total_cache":185896960,"total_rss_huge":0,"total_active_anon":257765376,"total_pgmajfault":0,"pgpgin":1483812,"rss_huge":0,"mapped_file":0,"total_inactive_file":135168,"dirty":4325376,"total_unevictable":0,"total_dirty":4325376,"writeback":0,"pgpgout":1378387,"hierarchical_memsw_limit":0,"cache":185896960,"active_file":23113728,"pgfault":2089428,"total_mapped_file":0,"total_pgpgout":1378387,"total_writeback":0,"rss":245870592,"unevictable":0,"total_inactive_anon":150847488,"total_pgpgin":1483812,"active_anon":257765376,"total_active_file":23113728},"limit":540965302272},"name":"/DeIdentification-j5WMOHTY","networks":{"eth0":{"rx_bytes":17329207,"rx_packets":2236,"tx_packets":2389,"tx_bytes":261463,"tx_dropped":0,"rx_dropped":2,"tx_errors":0,"rx_errors":0}},"id":"dd8fd0f488fef3a27466728c015cd3a0de47d4ccb222d24918b1fc28d622ea67","preread":"0001-01-01T00:00:00Z","storage_stats":{},"precpu_stats":{"throttling_data":{"throttled_periods":0,"throttled_time":0,"periods":0},"cpu_usage":{"usage_in_usermode":0,"usage_in_kernelmode":0,"total_usage":0}},"pids_stats":{"current":40},"num_procs":0,"cpu_stats":{"throttling_data":{"throttled_periods":0,"throttled_time":0,"periods":0},"system_cpu_usage":4923989624522419,"online_cpus":128,"cpu_usage":{"usage_in_usermode":52650000000,"usage_in_kernelmode":6420000000,"total_usage":58971307462,"percpu_usage":[0,0,0,0,0,0,0,0,0,0,0,0,0,0,0,0,0,0,0,0,0,0,0,0,0,0,0,0,0,0,0,0,0,0,0,0,58971303422,0,0,4040,0,0,0,0,0,0,0,0,0,0,0,0,0,0,0,0,0,0,0,0,0,0,0,0,0,0,0,0,0,0,0,0,0,0,0,0,0,0,0,0,0,0,0,0,0,0,0,0,0,0,0,0,0,0,0,0,0,0,0,0,0,0,0,0,0,0,0,0,0,0,0,0,0,0,0,0,0,0,0,0,0,0,0,0,0,0,0,0]}},"read":"2021-01-11T19:13:41.075028918Z"}