################################################################################
# PkgEval set-up: 2021-01-11T16:33:29.326
#

Julia Version 1.5.3
Commit 599f52c4c6 (2020-12-18 13:33 UTC)
Platform Info:
  OS: Linux (x86_64-linux-gnu)
  CPU: AMD EPYC 7502 32-Core Processor
  WORD_SIZE: 64
  LIBM: libopenlibm
  LLVM: libLLVM-9.0.1 (ORCJIT, znver2)
Environment:
  JULIA_PKG_PRECOMPILE_AUTO = 0
  JULIA_PKGEVAL = true

Base.julia_cmd() = `/opt/julia/bin/julia -Cnative -J/opt/julia/lib/julia/sys.so -g1`


################################################################################
# Installation: 2021-01-11T16:33:31.18
#

 Installing known registries into `~/.julia`
################################################                          66.8%######################################################################## 100.0%
      Added registry `General` to `~/.julia/registries/General`
  Resolving package versions...
  Installed DependencyWalker ─ v0.1.2
  Installed StructIO ───────── v0.3.0
  Installed Reexport ───────── v0.2.0
  Installed Crayons ────────── v4.0.4
  Installed ObjectFile ─────── v0.3.6
Updating `~/.julia/environments/v1.5/Project.toml`
  [7db386b5] + DependencyWalker v0.1.2
Updating `~/.julia/environments/v1.5/Manifest.toml`
  [a8cc5b0e] + Crayons v4.0.4
  [7db386b5] + DependencyWalker v0.1.2
  [d8793406] + ObjectFile v0.3.6
  [189a3867] + Reexport v0.2.0
  [53d494c1] + StructIO v0.3.0
  [2a0f44e3] + Base64
  [ade2ca70] + Dates
  [8ba89e20] + Distributed
  [b77e0a4c] + InteractiveUtils
  [76f85450] + LibGit2
  [8f399da3] + Libdl
  [56ddb016] + Logging
  [d6f4376e] + Markdown
  [44cfe95a] + Pkg
  [de0858da] + Printf
  [3fa0cd96] + REPL
  [9a3f8284] + Random
  [ea8e919c] + SHA
  [9e88b42a] + Serialization
  [6462fe0b] + Sockets
  [8dfed614] + Test
  [cf7118a7] + UUIDs
  [4ec0a83e] + Unicode


################################################################################
# Testing: 2021-01-11T16:33:34.898
#

    Testing DependencyWalker
Status `/tmp/jl_2kX7bU/Project.toml`
  [a8cc5b0e] Crayons v4.0.4
  [7db386b5] DependencyWalker v0.1.2
  [d8793406] ObjectFile v0.3.6
  [36c8627f] Pango_jll v1.42.4+10
  [8f399da3] Libdl
  [8dfed614] Test
Status `/tmp/jl_2kX7bU/Manifest.toml`
  [56f22d72] Artifacts v1.3.0
  [6e34b625] Bzip2_jll v1.0.6+5
  [83423d85] Cairo_jll v1.16.0+6
  [a8cc5b0e] Crayons v4.0.4
  [7db386b5] DependencyWalker v0.1.2
  [2e619515] Expat_jll v2.2.7+6
  [a3f928ae] Fontconfig_jll v2.13.1+14
  [d7e528f0] FreeType2_jll v2.10.1+5
  [559328eb] FriBidi_jll v1.0.5+6
  [78b55507] Gettext_jll v0.20.1+7
  [7746bdde] Glib_jll v2.59.0+4
  [3b182d85] Graphite2_jll v1.3.13+4
  [2e76f6c2] HarfBuzz_jll v2.6.1+10
  [a51ab1cf] ICU_jll v67.1.0+3
  [692b3bcd] JLLWrappers v1.2.0
  [dd4b983a] LZO_jll v2.10.0+3
  [e9f186c6] Libffi_jll v3.2.1+4
  [d4300ac3] Libgcrypt_jll v1.8.5+4
  [7add5ba3] Libgpg_error_jll v1.36.0+3
  [94ce4f54] Libiconv_jll v1.16.0+7
  [4b2f31a3] Libmount_jll v2.34.0+3
  [38a345b3] Libuuid_jll v2.34.0+7
  [d8793406] ObjectFile v0.3.6
  [2f80f16e] PCRE_jll v8.42.0+4
  [36c8627f] Pango_jll v1.42.4+10
  [30392449] Pixman_jll v0.40.0+0
  [189a3867] Reexport v0.2.0
  [53d494c1] StructIO v0.3.0
  [02c8fc9c] XML2_jll v2.9.10+3
  [aed1982a] XSLT_jll v1.1.33+4
  [4f6342f7] Xorg_libX11_jll v1.6.9+4
  [0c0b7dd1] Xorg_libXau_jll v1.0.9+4
  [a3789734] Xorg_libXdmcp_jll v1.1.3+4
  [1082639a] Xorg_libXext_jll v1.3.4+4
  [ea2f1a96] Xorg_libXrender_jll v0.9.10+4
  [14d82f49] Xorg_libpthread_stubs_jll v0.1.0+3
  [c7cfdc94] Xorg_libxcb_jll v1.13.0+3
  [c5fb5394] Xorg_xtrans_jll v1.4.0+3
  [83775a58] Zlib_jll v1.2.11+18
  [b53b4c65] libpng_jll v1.6.37+6
  [2a0f44e3] Base64
  [ade2ca70] Dates
  [8ba89e20] Distributed
  [b77e0a4c] InteractiveUtils
  [76f85450] LibGit2
  [8f399da3] Libdl
  [56ddb016] Logging
  [d6f4376e] Markdown
  [44cfe95a] Pkg
  [de0858da] Printf
  [3fa0cd96] REPL
  [9a3f8284] Random
  [ea8e919c] SHA
  [9e88b42a] Serialization
  [6462fe0b] Sockets
  [8dfed614] Test
  [cf7118a7] UUIDs
  [4ec0a83e] Unicode
pango = ◼ /home/pkgeval/.julia/artifacts/079e2f87254bb2465a44de255cd5dde50d4d0b62/lib/libpango-1.0.so
  ◼ /home/pkgeval/.julia/artifacts/323b2adff3bbf2980e9f1f62990860b61470af16/lib/libglib-2.0.so.0
    ◼ /home/pkgeval/.julia/artifacts/dc818c949c65acf73e28dc5f9802df8b74e51062/lib/libpcre.so
      ◼ /lib/x86_64-linux-gnu/libc.so.6
        ◼ /lib64/ld-linux-x86-64.so.2
    ◼ /lib/x86_64-linux-gnu/libpthread.so.0
      ◼ /lib64/ld-linux-x86-64.so.2
      ◼ /lib/x86_64-linux-gnu/libc.so.6
        ◼ /lib64/ld-linux-x86-64.so.2
    ◼ /lib/x86_64-linux-gnu/librt.so.1
      ◼ /lib/x86_64-linux-gnu/libpthread.so.0
        ◼ /lib64/ld-linux-x86-64.so.2
        ◼ /lib/x86_64-linux-gnu/libc.so.6
          ◼ /lib64/ld-linux-x86-64.so.2
      ◼ /lib/x86_64-linux-gnu/libc.so.6
        ◼ /lib64/ld-linux-x86-64.so.2
    ◼ /lib/x86_64-linux-gnu/libc.so.6
      ◼ /lib64/ld-linux-x86-64.so.2
    ◼ /home/pkgeval/.julia/artifacts/473dc2ed3d46252c87733b7fdca3da64c6f9f917/lib/libiconv.so
      ◼ /lib/x86_64-linux-gnu/libc.so.6
        ◼ /lib64/ld-linux-x86-64.so.2
  ◼ /home/pkgeval/.julia/artifacts/323b2adff3bbf2980e9f1f62990860b61470af16/lib/libgthread-2.0.so
    ◼ /home/pkgeval/.julia/artifacts/323b2adff3bbf2980e9f1f62990860b61470af16/lib/libglib-2.0.so.0
      ◼ /home/pkgeval/.julia/artifacts/dc818c949c65acf73e28dc5f9802df8b74e51062/lib/libpcre.so
        ◼ /lib/x86_64-linux-gnu/libc.so.6
          ◼ /lib64/ld-linux-x86-64.so.2
      ◼ /lib/x86_64-linux-gnu/libpthread.so.0
        ◼ /lib64/ld-linux-x86-64.so.2
        ◼ /lib/x86_64-linux-gnu/libc.so.6
          ◼ /lib64/ld-linux-x86-64.so.2
      ◼ /lib/x86_64-linux-gnu/librt.so.1
        ◼ /lib/x86_64-linux-gnu/libpthread.so.0
          ◼ /lib64/ld-linux-x86-64.so.2
          ◼ /lib/x86_64-linux-gnu/libc.so.6
            ◼ /lib64/ld-linux-x86-64.so.2
        ◼ /lib/x86_64-linux-gnu/libc.so.6
          ◼ /lib64/ld-linux-x86-64.so.2
      ◼ /lib/x86_64-linux-gnu/libc.so.6
        ◼ /lib64/ld-linux-x86-64.so.2
      ◼ /home/pkgeval/.julia/artifacts/473dc2ed3d46252c87733b7fdca3da64c6f9f917/lib/libiconv.so
        ◼ /lib/x86_64-linux-gnu/libc.so.6
          ◼ /lib64/ld-linux-x86-64.so.2
    ◼ /home/pkgeval/.julia/artifacts/dc818c949c65acf73e28dc5f9802df8b74e51062/lib/libpcre.so
      ◼ /lib/x86_64-linux-gnu/libc.so.6
        ◼ /lib64/ld-linux-x86-64.so.2
    ◼ /lib/x86_64-linux-gnu/libpthread.so.0
      ◼ /lib64/ld-linux-x86-64.so.2
      ◼ /lib/x86_64-linux-gnu/libc.so.6
        ◼ /lib64/ld-linux-x86-64.so.2
    ◼ /lib/x86_64-linux-gnu/librt.so.1
      ◼ /lib/x86_64-linux-gnu/libpthread.so.0
        ◼ /lib64/ld-linux-x86-64.so.2
        ◼ /lib/x86_64-linux-gnu/libc.so.6
          ◼ /lib64/ld-linux-x86-64.so.2
      ◼ /lib/x86_64-linux-gnu/libc.so.6
        ◼ /lib64/ld-linux-x86-64.so.2
    ◼ /lib/x86_64-linux-gnu/libc.so.6
      ◼ /lib64/ld-linux-x86-64.so.2
    ◼ /home/pkgeval/.julia/artifacts/473dc2ed3d46252c87733b7fdca3da64c6f9f917/lib/libiconv.so
      ◼ /lib/x86_64-linux-gnu/libc.so.6
        ◼ /lib64/ld-linux-x86-64.so.2
  ◼ /lib/x86_64-linux-gnu/libm.so.6
    ◼ /lib64/ld-linux-x86-64.so.2
    ◼ /lib/x86_64-linux-gnu/libc.so.6
      ◼ /lib64/ld-linux-x86-64.so.2
  ◼ /home/pkgeval/.julia/artifacts/323b2adff3bbf2980e9f1f62990860b61470af16/lib/libgobject-2.0.so.0
    ◼ /home/pkgeval/.julia/artifacts/323b2adff3bbf2980e9f1f62990860b61470af16/lib/libglib-2.0.so.0
      ◼ /home/pkgeval/.julia/artifacts/dc818c949c65acf73e28dc5f9802df8b74e51062/lib/libpcre.so
        ◼ /lib/x86_64-linux-gnu/libc.so.6
          ◼ /lib64/ld-linux-x86-64.so.2
      ◼ /lib/x86_64-linux-gnu/libpthread.so.0
        ◼ /lib64/ld-linux-x86-64.so.2
        ◼ /lib/x86_64-linux-gnu/libc.so.6
          ◼ /lib64/ld-linux-x86-64.so.2
      ◼ /lib/x86_64-linux-gnu/librt.so.1
        ◼ /lib/x86_64-linux-gnu/libpthread.so.0
          ◼ /lib64/ld-linux-x86-64.so.2
          ◼ /lib/x86_64-linux-gnu/libc.so.6
            ◼ /lib64/ld-linux-x86-64.so.2
        ◼ /lib/x86_64-linux-gnu/libc.so.6
          ◼ /lib64/ld-linux-x86-64.so.2
      ◼ /lib/x86_64-linux-gnu/libc.so.6
        ◼ /lib64/ld-linux-x86-64.so.2
      ◼ /home/pkgeval/.julia/artifacts/473dc2ed3d46252c87733b7fdca3da64c6f9f917/lib/libiconv.so
        ◼ /lib/x86_64-linux-gnu/libc.so.6
          ◼ /lib64/ld-linux-x86-64.so.2
    ◼ /home/pkgeval/.julia/artifacts/dc818c949c65acf73e28dc5f9802df8b74e51062/lib/libpcre.so
      ◼ /lib/x86_64-linux-gnu/libc.so.6
        ◼ /lib64/ld-linux-x86-64.so.2
    ◼ /home/pkgeval/.julia/artifacts/462d9f887c3863eaa8db9e840aa6db37dd5e2625/lib64/libffi.so
      ◼ /lib/x86_64-linux-gnu/libc.so.6
        ◼ /lib64/ld-linux-x86-64.so.2
    ◼ /lib/x86_64-linux-gnu/libpthread.so.0
      ◼ /lib64/ld-linux-x86-64.so.2
      ◼ /lib/x86_64-linux-gnu/libc.so.6
        ◼ /lib64/ld-linux-x86-64.so.2
    ◼ /lib/x86_64-linux-gnu/librt.so.1
      ◼ /lib/x86_64-linux-gnu/libpthread.so.0
        ◼ /lib64/ld-linux-x86-64.so.2
        ◼ /lib/x86_64-linux-gnu/libc.so.6
          ◼ /lib64/ld-linux-x86-64.so.2
      ◼ /lib/x86_64-linux-gnu/libc.so.6
        ◼ /lib64/ld-linux-x86-64.so.2
    ◼ /lib/x86_64-linux-gnu/libc.so.6
      ◼ /lib64/ld-linux-x86-64.so.2
    ◼ /home/pkgeval/.julia/artifacts/473dc2ed3d46252c87733b7fdca3da64c6f9f917/lib/libiconv.so
      ◼ /lib/x86_64-linux-gnu/libc.so.6
        ◼ /lib64/ld-linux-x86-64.so.2
  ◼ /lib/x86_64-linux-gnu/libpthread.so.0
    ◼ /lib64/ld-linux-x86-64.so.2
    ◼ /lib/x86_64-linux-gnu/libc.so.6
      ◼ /lib64/ld-linux-x86-64.so.2
  ◼ /lib/x86_64-linux-gnu/librt.so.1
    ◼ /lib/x86_64-linux-gnu/libpthread.so.0
      ◼ /lib64/ld-linux-x86-64.so.2
      ◼ /lib/x86_64-linux-gnu/libc.so.6
        ◼ /lib64/ld-linux-x86-64.so.2
    ◼ /lib/x86_64-linux-gnu/libc.so.6
      ◼ /lib64/ld-linux-x86-64.so.2
  ◼ /lib/x86_64-linux-gnu/libc.so.6
    ◼ /lib64/ld-linux-x86-64.so.2
  ◼ /home/pkgeval/.julia/artifacts/8b5aa917c93435f8e8dfa8de20c145b04a3056e3/lib/libfribidi.so
    ◼ /lib/x86_64-linux-gnu/libc.so.6
      ◼ /lib64/ld-linux-x86-64.so.2
Test Summary:       | Pass  Total
DependencyWalker.jl |    2      2
    Testing DependencyWalker tests passed 

PkgEval succeeded


################################################################################
# PkgEval teardown: 2021-01-11T16:34:45.555
CPU usage: 76.13s (69.67s user, 6.60s kernel)

Network usage:
- eth0: 4.022 MiB received, 210.295 KiB sent

Raw statistics: {"blkio_stats":{"io_queue_recursive":[],"io_serviced_recursive":[{"major":259,"value":0,"op":"Read","minor":0},{"major":259,"value":24,"op":"Write","minor":0},{"major":259,"value":19,"op":"Sync","minor":0},{"major":259,"value":5,"op":"Async","minor":0},{"major":259,"value":0,"op":"Discard","minor":0},{"major":259,"value":24,"op":"Total","minor":0},{"major":253,"value":0,"op":"Read","minor":2},{"major":253,"value":24,"op":"Write","minor":2},{"major":253,"value":19,"op":"Sync","minor":2},{"major":253,"value":5,"op":"Async","minor":2},{"major":253,"value":0,"op":"Discard","minor":2},{"major":253,"value":24,"op":"Total","minor":2}],"io_time_recursive":[],"sectors_recursive":[],"io_service_bytes_recursive":[{"major":259,"value":0,"op":"Read","minor":0},{"major":259,"value":135168,"op":"Write","minor":0},{"major":259,"value":106496,"op":"Sync","minor":0},{"major":259,"value":28672,"op":"Async","minor":0},{"major":259,"value":0,"op":"Discard","minor":0},{"major":259,"value":135168,"op":"Total","minor":0},{"major":253,"value":0,"op":"Read","minor":2},{"major":253,"value":135168,"op":"Write","minor":2},{"major":253,"value":106496,"op":"Sync","minor":2},{"major":253,"value":28672,"op":"Async","minor":2},{"major":253,"value":0,"op":"Discard","minor":2},{"major":253,"value":135168,"op":"Total","minor":2}],"io_wait_time_recursive":[],"io_merged_recursive":[],"io_service_time_recursive":[]},"memory_stats":{"usage":318009344,"max_usage":1979645952,"stats":{"hierarchical_memory_limit":9223372036854771712,"pgmajfault":0,"total_rss":192790528,"inactive_file":135168,"inactive_anon":83939328,"total_pgfault":2832126,"total_cache":94203904,"total_rss_huge":0,"total_active_anon":203157504,"total_pgmajfault":0,"pgpgin":1821897,"rss_huge":0,"mapped_file":0,"total_inactive_file":135168,"dirty":135168,"total_unevictable":0,"total_dirty":135168,"writeback":0,"pgpgout":1751838,"hierarchical_memsw_limit":0,"cache":94203904,"active_file":135168,"pgfault":2832126,"total_mapped_file":0,"total_pgpgout":1751838,"total_writeback":0,"rss":192790528,"unevictable":0,"total_inactive_anon":83939328,"total_pgpgin":1821897,"active_anon":203157504,"total_active_file":135168},"limit":540965302272},"name":"/DependencyWalker-T84bwpNZ","networks":{"eth0":{"rx_bytes":4217345,"rx_packets":1394,"tx_packets":1691,"tx_bytes":215342,"tx_dropped":0,"rx_dropped":3,"tx_errors":0,"rx_errors":0}},"id":"7b6a6f1298715acf233e79cae22ca1316d456888bc98e1f66325d9acf4e670e3","preread":"0001-01-01T00:00:00Z","storage_stats":{},"precpu_stats":{"throttling_data":{"throttled_periods":0,"throttled_time":0,"periods":0},"cpu_usage":{"usage_in_usermode":0,"usage_in_kernelmode":0,"total_usage":0}},"pids_stats":{"current":40},"num_procs":0,"cpu_stats":{"throttling_data":{"throttled_periods":0,"throttled_time":0,"periods":0},"system_cpu_usage":3705613534522419,"online_cpus":128,"cpu_usage":{"usage_in_usermode":69670000000,"usage_in_kernelmode":6600000000,"total_usage":76127683160,"percpu_usage":[0,0,0,0,0,0,0,0,0,0,0,0,76127677330,0,5830,0,0,0,0,0,0,0,0,0,0,0,0,0,0,0,0,0,0,0,0,0,0,0,0,0,0,0,0,0,0,0,0,0,0,0,0,0,0,0,0,0,0,0,0,0,0,0,0,0,0,0,0,0,0,0,0,0,0,0,0,0,0,0,0,0,0,0,0,0,0,0,0,0,0,0,0,0,0,0,0,0,0,0,0,0,0,0,0,0,0,0,0,0,0,0,0,0,0,0,0,0,0,0,0,0,0,0,0,0,0,0,0,0]}},"read":"2021-01-11T16:34:45.557932744Z"}