################################################################################
# PackageCompiler set-up: 2021-01-11T15:38:22.129
#

Julia Version 1.5.3
Commit 599f52c4c6 (2020-12-18 13:33 UTC)
Platform Info:
  OS: Linux (x86_64-linux-gnu)
  CPU: AMD EPYC 7502 32-Core Processor
  WORD_SIZE: 64
  LIBM: libopenlibm
  LLVM: libLLVM-9.0.1 (ORCJIT, znver2)
Environment:
  JULIA_PKGEVAL = true
  JULIA_PKG_PRECOMPILE_AUTO = 0



################################################################################
# Installation: 2021-01-11T15:38:23.852
#

 Installing known registries into `~/.julia`
##################################################################        92.0%######################################################################## 100.0%
      Added registry `General` to `~/.julia/registries/General`
  Resolving package versions...
  Installed StructIO ───────── v0.3.0
  Installed Reexport ───────── v0.2.0
  Installed DependencyWalker ─ v0.1.2
  Installed Crayons ────────── v4.0.4
  Installed ObjectFile ─────── v0.3.6
  Installed PackageCompiler ── v1.2.5
Updating `~/.julia/environments/v1.5/Project.toml`
  [7db386b5] + DependencyWalker v0.1.2
  [9b87118b] + PackageCompiler v1.2.5
Updating `~/.julia/environments/v1.5/Manifest.toml`
  [a8cc5b0e] + Crayons v4.0.4
  [7db386b5] + DependencyWalker v0.1.2
  [d8793406] + ObjectFile v0.3.6
  [9b87118b] + PackageCompiler v1.2.5
  [189a3867] + Reexport v0.2.0
  [53d494c1] + StructIO v0.3.0
  [2a0f44e3] + Base64
  [ade2ca70] + Dates
  [8ba89e20] + Distributed
  [b77e0a4c] + InteractiveUtils
  [76f85450] + LibGit2
  [8f399da3] + Libdl
  [56ddb016] + Logging
  [d6f4376e] + Markdown
  [44cfe95a] + Pkg
  [de0858da] + Printf
  [3fa0cd96] + REPL
  [9a3f8284] + Random
  [ea8e919c] + SHA
  [9e88b42a] + Serialization
  [6462fe0b] + Sockets
  [8dfed614] + Test
  [cf7118a7] + UUIDs
  [4ec0a83e] + Unicode


################################################################################
# Compiling: 2021-01-11T15:38:29.138
#

[ Info: PackageCompiler: creating system image object file, this might take a while...
Generated system image is 149.622 MiB, compilation took 165 seconds


################################################################################
# PkgEval set-up: 2021-01-11T15:41:21.664
#

Julia Version 1.5.3
Commit 599f52c4c6 (2020-12-18 13:33 UTC)
Platform Info:
  OS: Linux (x86_64-linux-gnu)
  CPU: AMD EPYC 7502 32-Core Processor
  WORD_SIZE: 64
  LIBM: libopenlibm
  LLVM: libLLVM-9.0.1 (ORCJIT, znver2)
Environment:
  JULIA_PKGEVAL = true
  JULIA_PKG_PRECOMPILE_AUTO = 0

Base.julia_cmd() = `/usr/local/julia/bin/julia -Cnative -J/cache/DependencyWalker-cY7B3JN8.so -g1`


################################################################################
# Installation: 2021-01-11T15:41:23.466
#

 Installing known registries into `~/.julia`
######################################################################## 100.0%
      Added registry `General` to `~/.julia/registries/General`
  Resolving package versions...
  Installed DependencyWalker ─ v0.1.2
  Installed StructIO ───────── v0.3.0
  Installed Reexport ───────── v0.2.0
  Installed ObjectFile ─────── v0.3.6
  Installed Crayons ────────── v4.0.4
Updating `~/.julia/environments/v1.5/Project.toml`
  [7db386b5] + DependencyWalker v0.1.2
Updating `~/.julia/environments/v1.5/Manifest.toml`
  [a8cc5b0e] + Crayons v4.0.4
  [7db386b5] + DependencyWalker v0.1.2
  [d8793406] + ObjectFile v0.3.6
  [189a3867] + Reexport v0.2.0
  [53d494c1] + StructIO v0.3.0
  [2a0f44e3] + Base64
  [ade2ca70] + Dates
  [8ba89e20] + Distributed
  [b77e0a4c] + InteractiveUtils
  [76f85450] + LibGit2
  [8f399da3] + Libdl
  [56ddb016] + Logging
  [d6f4376e] + Markdown
  [44cfe95a] + Pkg
  [de0858da] + Printf
  [3fa0cd96] + REPL
  [9a3f8284] + Random
  [ea8e919c] + SHA
  [9e88b42a] + Serialization
  [6462fe0b] + Sockets
  [8dfed614] + Test
  [cf7118a7] + UUIDs
  [4ec0a83e] + Unicode


################################################################################
# Testing: 2021-01-11T15:41:28.188
#

    Testing DependencyWalker
Status `/tmp/jl_UHL2Tb/Project.toml`
  [a8cc5b0e] Crayons v4.0.4
  [7db386b5] DependencyWalker v0.1.2
  [d8793406] ObjectFile v0.3.6
  [36c8627f] Pango_jll v1.42.4+10
  [8f399da3] Libdl
  [8dfed614] Test
Status `/tmp/jl_UHL2Tb/Manifest.toml`
  [56f22d72] Artifacts v1.3.0
  [6e34b625] Bzip2_jll v1.0.6+5
  [83423d85] Cairo_jll v1.16.0+6
  [a8cc5b0e] Crayons v4.0.4
  [7db386b5] DependencyWalker v0.1.2
  [2e619515] Expat_jll v2.2.7+6
  [a3f928ae] Fontconfig_jll v2.13.1+14
  [d7e528f0] FreeType2_jll v2.10.1+5
  [559328eb] FriBidi_jll v1.0.5+6
  [78b55507] Gettext_jll v0.20.1+7
  [7746bdde] Glib_jll v2.59.0+4
  [3b182d85] Graphite2_jll v1.3.13+4
  [2e76f6c2] HarfBuzz_jll v2.6.1+10
  [a51ab1cf] ICU_jll v67.1.0+3
  [692b3bcd] JLLWrappers v1.2.0
  [dd4b983a] LZO_jll v2.10.0+3
  [e9f186c6] Libffi_jll v3.2.1+4
  [d4300ac3] Libgcrypt_jll v1.8.5+4
  [7add5ba3] Libgpg_error_jll v1.36.0+3
  [94ce4f54] Libiconv_jll v1.16.0+7
  [4b2f31a3] Libmount_jll v2.34.0+3
  [38a345b3] Libuuid_jll v2.34.0+7
  [d8793406] ObjectFile v0.3.6
  [2f80f16e] PCRE_jll v8.42.0+4
  [36c8627f] Pango_jll v1.42.4+10
  [30392449] Pixman_jll v0.40.0+0
  [189a3867] Reexport v0.2.0
  [53d494c1] StructIO v0.3.0
  [02c8fc9c] XML2_jll v2.9.10+3
  [aed1982a] XSLT_jll v1.1.33+4
  [4f6342f7] Xorg_libX11_jll v1.6.9+4
  [0c0b7dd1] Xorg_libXau_jll v1.0.9+4
  [a3789734] Xorg_libXdmcp_jll v1.1.3+4
  [1082639a] Xorg_libXext_jll v1.3.4+4
  [ea2f1a96] Xorg_libXrender_jll v0.9.10+4
  [14d82f49] Xorg_libpthread_stubs_jll v0.1.0+3
  [c7cfdc94] Xorg_libxcb_jll v1.13.0+3
  [c5fb5394] Xorg_xtrans_jll v1.4.0+3
  [83775a58] Zlib_jll v1.2.11+18
  [b53b4c65] libpng_jll v1.6.37+6
  [2a0f44e3] Base64
  [ade2ca70] Dates
  [8ba89e20] Distributed
  [b77e0a4c] InteractiveUtils
  [76f85450] LibGit2
  [8f399da3] Libdl
  [56ddb016] Logging
  [d6f4376e] Markdown
  [44cfe95a] Pkg
  [de0858da] Printf
  [3fa0cd96] REPL
  [9a3f8284] Random
  [ea8e919c] SHA
  [9e88b42a] Serialization
  [6462fe0b] Sockets
  [8dfed614] Test
  [cf7118a7] UUIDs
  [4ec0a83e] Unicode
pango = ◼ /home/user/.julia/artifacts/079e2f87254bb2465a44de255cd5dde50d4d0b62/lib/libpango-1.0.so
  ◼ /home/user/.julia/artifacts/323b2adff3bbf2980e9f1f62990860b61470af16/lib/libglib-2.0.so.0
    ◼ /home/user/.julia/artifacts/dc818c949c65acf73e28dc5f9802df8b74e51062/lib/libpcre.so
      ◼ /usr/lib/libc.so.6
        ◼ /lib64/ld-linux-x86-64.so.2
    ◼ /usr/lib/libpthread.so.0
      ◼ /lib64/ld-linux-x86-64.so.2
      ◼ /usr/lib/libc.so.6
        ◼ /lib64/ld-linux-x86-64.so.2
    ◼ /usr/lib/librt.so.1
      ◼ /usr/lib/libpthread.so.0
        ◼ /lib64/ld-linux-x86-64.so.2
        ◼ /usr/lib/libc.so.6
          ◼ /lib64/ld-linux-x86-64.so.2
      ◼ /usr/lib/libc.so.6
        ◼ /lib64/ld-linux-x86-64.so.2
    ◼ /usr/lib/libc.so.6
      ◼ /lib64/ld-linux-x86-64.so.2
    ◼ /home/user/.julia/artifacts/473dc2ed3d46252c87733b7fdca3da64c6f9f917/lib/libiconv.so
      ◼ /usr/lib/libc.so.6
        ◼ /lib64/ld-linux-x86-64.so.2
  ◼ /home/user/.julia/artifacts/323b2adff3bbf2980e9f1f62990860b61470af16/lib/libgthread-2.0.so
    ◼ /home/user/.julia/artifacts/323b2adff3bbf2980e9f1f62990860b61470af16/lib/libglib-2.0.so.0
      ◼ /home/user/.julia/artifacts/dc818c949c65acf73e28dc5f9802df8b74e51062/lib/libpcre.so
        ◼ /usr/lib/libc.so.6
          ◼ /lib64/ld-linux-x86-64.so.2
      ◼ /usr/lib/libpthread.so.0
        ◼ /lib64/ld-linux-x86-64.so.2
        ◼ /usr/lib/libc.so.6
          ◼ /lib64/ld-linux-x86-64.so.2
      ◼ /usr/lib/librt.so.1
        ◼ /usr/lib/libpthread.so.0
          ◼ /lib64/ld-linux-x86-64.so.2
          ◼ /usr/lib/libc.so.6
            ◼ /lib64/ld-linux-x86-64.so.2
        ◼ /usr/lib/libc.so.6
          ◼ /lib64/ld-linux-x86-64.so.2
      ◼ /usr/lib/libc.so.6
        ◼ /lib64/ld-linux-x86-64.so.2
      ◼ /home/user/.julia/artifacts/473dc2ed3d46252c87733b7fdca3da64c6f9f917/lib/libiconv.so
        ◼ /usr/lib/libc.so.6
          ◼ /lib64/ld-linux-x86-64.so.2
    ◼ /home/user/.julia/artifacts/dc818c949c65acf73e28dc5f9802df8b74e51062/lib/libpcre.so
      ◼ /usr/lib/libc.so.6
        ◼ /lib64/ld-linux-x86-64.so.2
    ◼ /usr/lib/libpthread.so.0
      ◼ /lib64/ld-linux-x86-64.so.2
      ◼ /usr/lib/libc.so.6
        ◼ /lib64/ld-linux-x86-64.so.2
    ◼ /usr/lib/librt.so.1
      ◼ /usr/lib/libpthread.so.0
        ◼ /lib64/ld-linux-x86-64.so.2
        ◼ /usr/lib/libc.so.6
          ◼ /lib64/ld-linux-x86-64.so.2
      ◼ /usr/lib/libc.so.6
        ◼ /lib64/ld-linux-x86-64.so.2
    ◼ /usr/lib/libc.so.6
      ◼ /lib64/ld-linux-x86-64.so.2
    ◼ /home/user/.julia/artifacts/473dc2ed3d46252c87733b7fdca3da64c6f9f917/lib/libiconv.so
      ◼ /usr/lib/libc.so.6
        ◼ /lib64/ld-linux-x86-64.so.2
  ◼ /usr/lib/libm.so.6
    ◼ /lib64/ld-linux-x86-64.so.2
    ◼ /usr/lib/libc.so.6
      ◼ /lib64/ld-linux-x86-64.so.2
  ◼ /home/user/.julia/artifacts/323b2adff3bbf2980e9f1f62990860b61470af16/lib/libgobject-2.0.so.0
    ◼ /home/user/.julia/artifacts/323b2adff3bbf2980e9f1f62990860b61470af16/lib/libglib-2.0.so.0
      ◼ /home/user/.julia/artifacts/dc818c949c65acf73e28dc5f9802df8b74e51062/lib/libpcre.so
        ◼ /usr/lib/libc.so.6
          ◼ /lib64/ld-linux-x86-64.so.2
      ◼ /usr/lib/libpthread.so.0
        ◼ /lib64/ld-linux-x86-64.so.2
        ◼ /usr/lib/libc.so.6
          ◼ /lib64/ld-linux-x86-64.so.2
      ◼ /usr/lib/librt.so.1
        ◼ /usr/lib/libpthread.so.0
          ◼ /lib64/ld-linux-x86-64.so.2
          ◼ /usr/lib/libc.so.6
            ◼ /lib64/ld-linux-x86-64.so.2
        ◼ /usr/lib/libc.so.6
          ◼ /lib64/ld-linux-x86-64.so.2
      ◼ /usr/lib/libc.so.6
        ◼ /lib64/ld-linux-x86-64.so.2
      ◼ /home/user/.julia/artifacts/473dc2ed3d46252c87733b7fdca3da64c6f9f917/lib/libiconv.so
        ◼ /usr/lib/libc.so.6
          ◼ /lib64/ld-linux-x86-64.so.2
    ◼ /home/user/.julia/artifacts/dc818c949c65acf73e28dc5f9802df8b74e51062/lib/libpcre.so
      ◼ /usr/lib/libc.so.6
        ◼ /lib64/ld-linux-x86-64.so.2
    ◼ /home/user/.julia/artifacts/462d9f887c3863eaa8db9e840aa6db37dd5e2625/lib64/libffi.so
      ◼ /usr/lib/libc.so.6
        ◼ /lib64/ld-linux-x86-64.so.2
    ◼ /usr/lib/libpthread.so.0
      ◼ /lib64/ld-linux-x86-64.so.2
      ◼ /usr/lib/libc.so.6
        ◼ /lib64/ld-linux-x86-64.so.2
    ◼ /usr/lib/librt.so.1
      ◼ /usr/lib/libpthread.so.0
        ◼ /lib64/ld-linux-x86-64.so.2
        ◼ /usr/lib/libc.so.6
          ◼ /lib64/ld-linux-x86-64.so.2
      ◼ /usr/lib/libc.so.6
        ◼ /lib64/ld-linux-x86-64.so.2
    ◼ /usr/lib/libc.so.6
      ◼ /lib64/ld-linux-x86-64.so.2
    ◼ /home/user/.julia/artifacts/473dc2ed3d46252c87733b7fdca3da64c6f9f917/lib/libiconv.so
      ◼ /usr/lib/libc.so.6
        ◼ /lib64/ld-linux-x86-64.so.2
  ◼ /usr/lib/libpthread.so.0
    ◼ /lib64/ld-linux-x86-64.so.2
    ◼ /usr/lib/libc.so.6
      ◼ /lib64/ld-linux-x86-64.so.2
  ◼ /usr/lib/librt.so.1
    ◼ /usr/lib/libpthread.so.0
      ◼ /lib64/ld-linux-x86-64.so.2
      ◼ /usr/lib/libc.so.6
        ◼ /lib64/ld-linux-x86-64.so.2
    ◼ /usr/lib/libc.so.6
      ◼ /lib64/ld-linux-x86-64.so.2
  ◼ /usr/lib/libc.so.6
    ◼ /lib64/ld-linux-x86-64.so.2
  ◼ /home/user/.julia/artifacts/8b5aa917c93435f8e8dfa8de20c145b04a3056e3/lib/libfribidi.so
    ◼ /usr/lib/libc.so.6
      ◼ /lib64/ld-linux-x86-64.so.2
Test Summary:       | Pass  Total
DependencyWalker.jl |    2      2
    Testing DependencyWalker tests passed 

PkgEval succeeded


################################################################################
# PkgEval teardown: 2021-01-11T15:42:34.101
CPU usage: 71.11s (64.32s user, 6.93s kernel)

Network usage:
- eth0: 4.020 MiB received, 205.143 KiB sent

Raw statistics: {"blkio_stats":{"io_queue_recursive":[],"io_serviced_recursive":[{"major":259,"value":11,"op":"Read","minor":0},{"major":259,"value":19,"op":"Write","minor":0},{"major":259,"value":25,"op":"Sync","minor":0},{"major":259,"value":5,"op":"Async","minor":0},{"major":259,"value":0,"op":"Discard","minor":0},{"major":259,"value":30,"op":"Total","minor":0},{"major":253,"value":11,"op":"Read","minor":2},{"major":253,"value":19,"op":"Write","minor":2},{"major":253,"value":25,"op":"Sync","minor":2},{"major":253,"value":5,"op":"Async","minor":2},{"major":253,"value":0,"op":"Discard","minor":2},{"major":253,"value":30,"op":"Total","minor":2}],"io_time_recursive":[],"sectors_recursive":[],"io_service_bytes_recursive":[{"major":259,"value":479232,"op":"Read","minor":0},{"major":259,"value":86016,"op":"Write","minor":0},{"major":259,"value":536576,"op":"Sync","minor":0},{"major":259,"value":28672,"op":"Async","minor":0},{"major":259,"value":0,"op":"Discard","minor":0},{"major":259,"value":565248,"op":"Total","minor":0},{"major":253,"value":479232,"op":"Read","minor":2},{"major":253,"value":86016,"op":"Write","minor":2},{"major":253,"value":536576,"op":"Sync","minor":2},{"major":253,"value":28672,"op":"Async","minor":2},{"major":253,"value":0,"op":"Discard","minor":2},{"major":253,"value":565248,"op":"Total","minor":2}],"io_wait_time_recursive":[],"io_merged_recursive":[],"io_service_time_recursive":[]},"memory_stats":{"usage":330493952,"max_usage":1902112768,"stats":{"hierarchical_memory_limit":9223372036854771712,"pgmajfault":0,"total_rss":206184448,"inactive_file":270336,"inactive_anon":84344832,"total_pgfault":2058639,"total_cache":93650944,"total_rss_huge":0,"total_active_anon":215187456,"total_pgmajfault":0,"pgpgin":1628979,"rss_huge":0,"mapped_file":0,"total_inactive_file":270336,"dirty":135168,"total_unevictable":0,"total_dirty":135168,"writeback":0,"pgpgout":1555774,"hierarchical_memsw_limit":0,"cache":93650944,"active_file":135168,"pgfault":2058639,"total_mapped_file":0,"total_pgpgout":1555774,"total_writeback":0,"rss":206184448,"unevictable":0,"total_inactive_anon":84344832,"total_pgpgin":1628979,"active_anon":215187456,"total_active_file":135168},"limit":540965302272},"name":"/DependencyWalker-uaIVkIl8","networks":{"eth0":{"rx_bytes":4215582,"rx_packets":1370,"tx_packets":1611,"tx_bytes":210066,"tx_dropped":0,"rx_dropped":3,"tx_errors":0,"rx_errors":0}},"id":"12778fd36ad14dd92671f4003cda4bdf88738cadf5819c7925d181f2aebd5e49","preread":"0001-01-01T00:00:00Z","storage_stats":{},"precpu_stats":{"throttling_data":{"throttled_periods":0,"throttled_time":0,"periods":0},"cpu_usage":{"usage_in_usermode":0,"usage_in_kernelmode":0,"total_usage":0}},"pids_stats":{"current":44},"num_procs":0,"cpu_stats":{"throttling_data":{"throttled_periods":0,"throttled_time":0,"periods":0},"system_cpu_usage":3305227124522419,"online_cpus":128,"cpu_usage":{"usage_in_usermode":64320000000,"usage_in_kernelmode":6930000000,"total_usage":71114201667,"percpu_usage":[0,0,0,0,0,0,0,0,0,0,0,0,0,0,0,0,0,0,0,0,0,0,0,0,0,0,0,0,0,0,0,0,0,0,0,0,71114201667,0,0,0,0,0,0,0,0,0,0,0,0,0,0,0,0,0,0,0,0,0,0,0,0,0,0,0,0,0,0,0,0,0,0,0,0,0,0,0,0,0,0,0,0,0,0,0,0,0,0,0,0,0,0,0,0,0,0,0,0,0,0,0,0,0,0,0,0,0,0,0,0,0,0,0,0,0,0,0,0,0,0,0,0,0,0,0,0,0,0,0]}},"read":"2021-01-11T15:42:34.104027604Z"}