################################################################################
# PkgEval set-up: 2021-01-11T18:43:35.518
#

Julia Version 1.5.3
Commit 599f52c4c6 (2020-12-18 13:33 UTC)
Platform Info:
  OS: Linux (x86_64-linux-gnu)
  CPU: AMD EPYC 7502 32-Core Processor
  WORD_SIZE: 64
  LIBM: libopenlibm
  LLVM: libLLVM-9.0.1 (ORCJIT, znver2)
Environment:
  JULIA_PKG_PRECOMPILE_AUTO = 0
  JULIA_PKGEVAL = true

Base.julia_cmd() = `/opt/julia/bin/julia -Cnative -J/opt/julia/lib/julia/sys.so -g1`


################################################################################
# Installation: 2021-01-11T18:43:37.469
#

 Installing known registries into `~/.julia`
######################################################################## 100.0%
      Added registry `General` to `~/.julia/registries/General`
  Resolving package versions...
  Installed DevIL ─ v0.5.0
Updating `~/.julia/environments/v1.5/Project.toml`
  [01638602] + DevIL v0.5.0
Updating `~/.julia/environments/v1.5/Manifest.toml`
  [01638602] + DevIL v0.5.0
  [8f399da3] + Libdl
   Building DevIL → `~/.julia/packages/DevIL/J5xvy/deps/build.log`
┌ Error: Error building `DevIL`: 
│ Reading package lists...
│ Building dependency tree...
│ Reading state information...
│ E: Unable to locate package libdevil1c2
│ ERROR: LoadError: failed process: Process(`sudo apt-get install libdevil1c2`, ProcessExited(100)) [100]
│ 
│ Stacktrace:
│  [1] pipeline_error at ./process.jl:525 [inlined]
│  [2] run(::Cmd; wait::Bool) at ./process.jl:440
│  [3] run(::Cmd) at ./process.jl:438
│  [4] top-level scope at /home/pkgeval/.julia/packages/DevIL/J5xvy/deps/build.jl:25
│  [5] include(::String) at ./client.jl:457
│  [6] top-level scope at none:5
│ in expression starting at /home/pkgeval/.julia/packages/DevIL/J5xvy/deps/build.jl:24
└ @ Pkg.Operations /workspace/srcdir/usr/share/julia/stdlib/v1.5/Pkg/src/Operations.jl:949


################################################################################
# Testing: 2021-01-11T18:43:51.487
#

    Testing DevIL
Status `/tmp/jl_xFsLrT/Project.toml`
  [01638602] DevIL v0.5.0
  [8f399da3] Libdl
Status `/tmp/jl_xFsLrT/Manifest.toml`
  [01638602] DevIL v0.5.0
  [8f399da3] Libdl
    Testing DevIL tests passed 

PkgEval succeeded


################################################################################
# PkgEval teardown: 2021-01-11T18:44:19.112
CPU usage: 29.24s (6.66s user, 22.15s kernel)

Network usage:
- eth0: 2.539 MiB received, 27.265 KiB sent

Raw statistics: {"blkio_stats":{"io_queue_recursive":[],"io_serviced_recursive":[{"major":8,"value":0,"op":"Read","minor":0},{"major":8,"value":0,"op":"Write","minor":0},{"major":8,"value":0,"op":"Sync","minor":0},{"major":8,"value":0,"op":"Async","minor":0},{"major":8,"value":0,"op":"Discard","minor":0},{"major":8,"value":0,"op":"Total","minor":0},{"major":253,"value":0,"op":"Read","minor":0},{"major":253,"value":0,"op":"Write","minor":0},{"major":253,"value":0,"op":"Sync","minor":0},{"major":253,"value":0,"op":"Async","minor":0},{"major":253,"value":0,"op":"Discard","minor":0},{"major":253,"value":0,"op":"Total","minor":0},{"major":259,"value":30000,"op":"Read","minor":0},{"major":259,"value":28,"op":"Write","minor":0},{"major":259,"value":30019,"op":"Sync","minor":0},{"major":259,"value":9,"op":"Async","minor":0},{"major":259,"value":0,"op":"Discard","minor":0},{"major":259,"value":30028,"op":"Total","minor":0},{"major":253,"value":30000,"op":"Read","minor":2},{"major":253,"value":28,"op":"Write","minor":2},{"major":253,"value":30019,"op":"Sync","minor":2},{"major":253,"value":9,"op":"Async","minor":2},{"major":253,"value":0,"op":"Discard","minor":2},{"major":253,"value":30028,"op":"Total","minor":2}],"io_time_recursive":[],"sectors_recursive":[],"io_service_bytes_recursive":[{"major":8,"value":0,"op":"Read","minor":0},{"major":8,"value":0,"op":"Write","minor":0},{"major":8,"value":0,"op":"Sync","minor":0},{"major":8,"value":0,"op":"Async","minor":0},{"major":8,"value":0,"op":"Discard","minor":0},{"major":8,"value":0,"op":"Total","minor":0},{"major":253,"value":0,"op":"Read","minor":0},{"major":253,"value":0,"op":"Write","minor":0},{"major":253,"value":0,"op":"Sync","minor":0},{"major":253,"value":0,"op":"Async","minor":0},{"major":253,"value":0,"op":"Discard","minor":0},{"major":253,"value":0,"op":"Total","minor":0},{"major":259,"value":217935872,"op":"Read","minor":0},{"major":259,"value":143360,"op":"Write","minor":0},{"major":259,"value":218042368,"op":"Sync","minor":0},{"major":259,"value":36864,"op":"Async","minor":0},{"major":259,"value":0,"op":"Discard","minor":0},{"major":259,"value":218079232,"op":"Total","minor":0},{"major":253,"value":217935872,"op":"Read","minor":2},{"major":253,"value":143360,"op":"Write","minor":2},{"major":253,"value":218042368,"op":"Sync","minor":2},{"major":253,"value":36864,"op":"Async","minor":2},{"major":253,"value":0,"op":"Discard","minor":2},{"major":253,"value":218079232,"op":"Total","minor":2}],"io_wait_time_recursive":[],"io_merged_recursive":[],"io_service_time_recursive":[]},"memory_stats":{"usage":348639232,"max_usage":529002496,"stats":{"hierarchical_memory_limit":9223372036854771712,"pgmajfault":1023,"total_rss":215470080,"inactive_file":3493888,"inactive_anon":194588672,"total_pgfault":300135,"total_cache":101122048,"total_rss_huge":0,"total_active_anon":99414016,"total_pgmajfault":1023,"pgpgin":284064,"rss_huge":0,"mapped_file":17571840,"total_inactive_file":3493888,"dirty":540672,"total_unevictable":0,"total_dirty":540672,"writeback":135168,"pgpgout":206745,"hierarchical_memsw_limit":0,"cache":101122048,"active_file":7733248,"pgfault":300135,"total_mapped_file":17571840,"total_pgpgout":206745,"total_writeback":135168,"rss":215470080,"unevictable":0,"total_inactive_anon":194588672,"total_pgpgin":284064,"active_anon":99414016,"total_active_file":7733248},"limit":540965302272},"name":"/DevIL-pqW22qR9","networks":{"eth0":{"rx_bytes":2662088,"rx_packets":286,"tx_packets":281,"tx_bytes":27919,"tx_dropped":0,"rx_dropped":2,"tx_errors":0,"rx_errors":0}},"id":"f72880013c1382205334017f6b1fc9b7473986aa1638ac9befac58e71a40dce6","preread":"0001-01-01T00:00:00Z","storage_stats":{},"precpu_stats":{"throttling_data":{"throttled_periods":0,"throttled_time":0,"periods":0},"cpu_usage":{"usage_in_usermode":0,"usage_in_kernelmode":0,"total_usage":0}},"pids_stats":{"current":40},"num_procs":0,"cpu_stats":{"throttling_data":{"throttled_periods":0,"throttled_time":0,"periods":0},"system_cpu_usage":4698761694522419,"online_cpus":128,"cpu_usage":{"usage_in_usermode":6660000000,"usage_in_kernelmode":22150000000,"total_usage":29243804331,"percpu_usage":[0,0,0,0,0,0,0,0,0,0,0,0,0,0,29243798961,0,0,0,0,0,0,0,0,0,0,0,0,0,0,0,0,0,0,0,0,0,0,0,0,0,0,0,0,0,0,0,0,0,0,0,0,0,0,0,0,0,0,0,0,0,0,0,0,0,0,0,0,0,0,0,0,0,0,0,0,0,5370,0,0,0,0,0,0,0,0,0,0,0,0,0,0,0,0,0,0,0,0,0,0,0,0,0,0,0,0,0,0,0,0,0,0,0,0,0,0,0,0,0,0,0,0,0,0,0,0,0,0,0]}},"read":"2021-01-11T18:44:19.428662077Z"}