################################################################################
# PackageCompiler set-up: 2021-01-11T15:38:52.511
#

Julia Version 1.5.3
Commit 599f52c4c6 (2020-12-18 13:33 UTC)
Platform Info:
  OS: Linux (x86_64-linux-gnu)
  CPU: AMD EPYC 7502 32-Core Processor
  WORD_SIZE: 64
  LIBM: libopenlibm
  LLVM: libLLVM-9.0.1 (ORCJIT, znver2)
Environment:
  JULIA_PKGEVAL = true
  JULIA_PKG_PRECOMPILE_AUTO = 0



################################################################################
# Installation: 2021-01-11T15:38:54.23
#

 Installing known registries into `~/.julia`
############################################                              62.4%######################################################################## 100.0%
      Added registry `General` to `~/.julia/registries/General`
  Resolving package versions...
  Installed Media ────────────── v0.5.0
  Installed VersionParsing ───── v1.2.0
  Installed ColorTypes ───────── v0.10.9
  Installed OrderedCollections ─ v1.3.2
  Installed Parameters ───────── v0.12.1
  Installed StaticArrays ─────── v1.0.1
  Installed DFControl ────────── v0.2.0
  Installed RecipesBase ──────── v0.8.0
  Installed MacroTools ───────── v0.5.6
  Installed Nullables ────────── v1.0.0
  Installed URIParser ────────── v0.4.1
  Installed PackageCompiler ──── v1.2.5
  Installed FixedPointNumbers ── v0.8.4
  Installed GeometryTypes ────── v0.8.4
  Installed JSON ─────────────── v0.21.1
  Installed Conda ────────────── v1.5.0
  Installed BinDeps ──────────── v0.8.10
  Installed UnPack ───────────── v1.0.2
  Installed Compat ───────────── v2.2.1
  Installed Parsers ──────────── v1.0.15
Updating `~/.julia/environments/v1.5/Project.toml`
  [1e31e15d] + DFControl v0.2.0
  [9b87118b] + PackageCompiler v1.2.5
Updating `~/.julia/environments/v1.5/Manifest.toml`
  [9e28174c] + BinDeps v0.8.10
  [3da002f7] + ColorTypes v0.10.9
  [34da2185] + Compat v2.2.1
  [8f4d0f93] + Conda v1.5.0
  [1e31e15d] + DFControl v0.2.0
  [53c48c17] + FixedPointNumbers v0.8.4
  [4d00f742] + GeometryTypes v0.8.4
  [682c06a0] + JSON v0.21.1
  [1914dd2f] + MacroTools v0.5.6
  [e89f7d12] + Media v0.5.0
  [4d1e1d77] + Nullables v1.0.0
  [bac558e1] + OrderedCollections v1.3.2
  [9b87118b] + PackageCompiler v1.2.5
  [d96e819e] + Parameters v0.12.1
  [69de0a69] + Parsers v1.0.15
  [3cdcf5f2] + RecipesBase v0.8.0
  [90137ffa] + StaticArrays v1.0.1
  [30578b45] + URIParser v0.4.1
  [3a884ed6] + UnPack v1.0.2
  [81def892] + VersionParsing v1.2.0
  [2a0f44e3] + Base64
  [ade2ca70] + Dates
  [8bb1440f] + DelimitedFiles
  [8ba89e20] + Distributed
  [b77e0a4c] + InteractiveUtils
  [76f85450] + LibGit2
  [8f399da3] + Libdl
  [37e2e46d] + LinearAlgebra
  [56ddb016] + Logging
  [d6f4376e] + Markdown
  [a63ad114] + Mmap
  [44cfe95a] + Pkg
  [de0858da] + Printf
  [3fa0cd96] + REPL
  [9a3f8284] + Random
  [ea8e919c] + SHA
  [9e88b42a] + Serialization
  [1a1011a3] + SharedArrays
  [6462fe0b] + Sockets
  [2f01184e] + SparseArrays
  [10745b16] + Statistics
  [8dfed614] + Test
  [cf7118a7] + UUIDs
  [4ec0a83e] + Unicode
   Building Conda ────→ `~/.julia/packages/Conda/x5ml4/deps/build.log`
   Building DFControl → `~/.julia/packages/DFControl/FrOEW/deps/build.log`


################################################################################
# Compiling: 2021-01-11T15:39:16.584
#

[ Info: PackageCompiler: creating system image object file, this might take a while...
Generated system image is 170.781 MiB, compilation took 217 seconds


fatal: error thrown and no exception handler available.
InitError(mod=:DFControl, error=Base.SystemError(prefix="opening file "/home/pkgeval/.julia/packages/DFControl/FrOEW/src/../user_defaults/user_defaults.jl"", errnum=2, extrainfo=nothing))
#systemerror#49 at ./error.jl:168
systemerror##kw at ./error.jl:168
systemerror##kw at ./error.jl:168
#systemerror#48 at ./error.jl:167 [inlined]
systemerror at ./error.jl:167 [inlined]
#open#542 at ./iostream.jl:284
open##kw at ./iostream.jl:273 [inlined]
#open#543 at ./iostream.jl:346
open at ./iostream.jl:346
_jl_invoke at /workspace/srcdir/src/gf.c:2214 [inlined]
jl_apply_generic at /workspace/srcdir/src/gf.c:2398
#open#287 at ./io.jl:323
open at ./io.jl:323 [inlined]
init_defaults at /home/pkgeval/.julia/packages/DFControl/FrOEW/src/defaults.jl:7
__init__ at /home/pkgeval/.julia/packages/DFControl/FrOEW/src/DFControl.jl:90
jfptr___init___66522 at /cache/DFControl-NYIwuEDb.so (unknown line)
_jl_invoke at /workspace/srcdir/src/gf.c:2214 [inlined]
jl_apply_generic at /workspace/srcdir/src/gf.c:2398
jl_apply at /workspace/srcdir/src/julia.h:1690 [inlined]
jl_module_run_initializer at /workspace/srcdir/src/toplevel.c:74
_julia_init at /workspace/srcdir/src/init.c:780
main at /workspace/srcdir/ui/repl.c:221
__libc_start_main at /usr/lib/libc.so.6 (unknown line)
unknown function (ip: 0x4015e4)

No statistics gathered.