################################################################################
# PackageCompiler set-up: 2021-01-11T22:55:52.002
#

Julia Version 1.5.3
Commit 599f52c4c6 (2020-12-18 13:33 UTC)
Platform Info:
  OS: Linux (x86_64-linux-gnu)
  CPU: AMD EPYC 7502 32-Core Processor
  WORD_SIZE: 64
  LIBM: libopenlibm
  LLVM: libLLVM-9.0.1 (ORCJIT, znver2)
Environment:
  JULIA_PKGEVAL = true
  JULIA_PKG_PRECOMPILE_AUTO = 0



################################################################################
# Installation: 2021-01-11T22:55:53.759
#

 Installing known registries into `~/.julia`
######################################################################## 100.0%
      Added registry `General` to `~/.julia/registries/General`
  Resolving package versions...
  Installed SortingAlgorithms ──── v0.3.1
  Installed Missings ───────────── v0.4.4
  Installed DataAPI ────────────── v1.4.0
  Installed Compat ─────────────── v3.25.0
  Installed Diagonalizations ───── v0.2.0
  Installed OrderedCollections ─── v1.3.2
  Installed PosDefManifold ─────── v0.4.9
  Installed PackageCompiler ────── v1.2.5
  Installed CovarianceEstimation ─ v0.2.5
  Installed StatsBase ──────────── v0.33.2
  Installed DataStructures ─────── v0.18.8
Updating `~/.julia/environments/v1.5/Project.toml`
  [9cd687f3] + Diagonalizations v0.2.0
  [9b87118b] + PackageCompiler v1.2.5
Updating `~/.julia/environments/v1.5/Manifest.toml`
  [34da2185] + Compat v3.25.0
  [587fd27a] + CovarianceEstimation v0.2.5
  [9a962f9c] + DataAPI v1.4.0
  [864edb3b] + DataStructures v0.18.8
  [9cd687f3] + Diagonalizations v0.2.0
  [e1d29d7a] + Missings v0.4.4
  [bac558e1] + OrderedCollections v1.3.2
  [9b87118b] + PackageCompiler v1.2.5
  [f45a3650] + PosDefManifold v0.4.9
  [a2af1166] + SortingAlgorithms v0.3.1
  [2913bbd2] + StatsBase v0.33.2
  [2a0f44e3] + Base64
  [ade2ca70] + Dates
  [8bb1440f] + DelimitedFiles
  [8ba89e20] + Distributed
  [b77e0a4c] + InteractiveUtils
  [76f85450] + LibGit2
  [8f399da3] + Libdl
  [37e2e46d] + LinearAlgebra
  [56ddb016] + Logging
  [d6f4376e] + Markdown
  [a63ad114] + Mmap
  [44cfe95a] + Pkg
  [de0858da] + Printf
  [3fa0cd96] + REPL
  [9a3f8284] + Random
  [ea8e919c] + SHA
  [9e88b42a] + Serialization
  [1a1011a3] + SharedArrays
  [6462fe0b] + Sockets
  [2f01184e] + SparseArrays
  [10745b16] + Statistics
  [8dfed614] + Test
  [cf7118a7] + UUIDs
  [4ec0a83e] + Unicode


################################################################################
# Compiling: 2021-01-11T22:55:59.292
#

[ Info:  
[ Info:  
[ Info: PackageCompiler: creating system image object file, this might take a while...
Generated system image is 155.390 MiB, compilation took 178 seconds


################################################################################
# PkgEval set-up: 2021-01-11T22:59:05.039
#

Julia Version 1.5.3
Commit 599f52c4c6 (2020-12-18 13:33 UTC)
Platform Info:
  OS: Linux (x86_64-linux-gnu)
  CPU: AMD EPYC 7502 32-Core Processor
  WORD_SIZE: 64
  LIBM: libopenlibm
  LLVM: libLLVM-9.0.1 (ORCJIT, znver2)
Environment:
  JULIA_PKGEVAL = true
  JULIA_PKG_PRECOMPILE_AUTO = 0

Base.julia_cmd() = `/usr/local/julia/bin/julia -Cnative -J/cache/Diagonalizations-6gDeWPbf.so -g1`


################################################################################
# Installation: 2021-01-11T22:59:06.823
#

 Installing known registries into `~/.julia`
######################################################################## 100.0%
      Added registry `General` to `~/.julia/registries/General`
  Resolving package versions...
  Installed DataAPI ────────────── v1.4.0
  Installed Compat ─────────────── v3.25.0
  Installed Missings ───────────── v0.4.4
  Installed SortingAlgorithms ──── v0.3.1
  Installed OrderedCollections ─── v1.3.2
  Installed Diagonalizations ───── v0.2.0
  Installed CovarianceEstimation ─ v0.2.5
  Installed PosDefManifold ─────── v0.4.9
  Installed StatsBase ──────────── v0.33.2
  Installed DataStructures ─────── v0.18.8
Updating `~/.julia/environments/v1.5/Project.toml`
  [9cd687f3] + Diagonalizations v0.2.0
Updating `~/.julia/environments/v1.5/Manifest.toml`
  [34da2185] + Compat v3.25.0
  [587fd27a] + CovarianceEstimation v0.2.5
  [9a962f9c] + DataAPI v1.4.0
  [864edb3b] + DataStructures v0.18.8
  [9cd687f3] + Diagonalizations v0.2.0
  [e1d29d7a] + Missings v0.4.4
  [bac558e1] + OrderedCollections v1.3.2
  [f45a3650] + PosDefManifold v0.4.9
  [a2af1166] + SortingAlgorithms v0.3.1
  [2913bbd2] + StatsBase v0.33.2
  [2a0f44e3] + Base64
  [ade2ca70] + Dates
  [8bb1440f] + DelimitedFiles
  [8ba89e20] + Distributed
  [b77e0a4c] + InteractiveUtils
  [76f85450] + LibGit2
  [8f399da3] + Libdl
  [37e2e46d] + LinearAlgebra
  [56ddb016] + Logging
  [d6f4376e] + Markdown
  [a63ad114] + Mmap
  [44cfe95a] + Pkg
  [de0858da] + Printf
  [3fa0cd96] + REPL
  [9a3f8284] + Random
  [ea8e919c] + SHA
  [9e88b42a] + Serialization
  [1a1011a3] + SharedArrays
  [6462fe0b] + Sockets
  [2f01184e] + SparseArrays
  [10745b16] + Statistics
  [8dfed614] + Test
  [cf7118a7] + UUIDs
  [4ec0a83e] + Unicode


################################################################################
# Testing: 2021-01-11T22:59:11.855
#

    Testing Diagonalizations
Status `/tmp/jl_djtMmb/Project.toml`
  [587fd27a] CovarianceEstimation v0.2.5
  [9cd687f3] Diagonalizations v0.2.0
  [f45a3650] PosDefManifold v0.4.9
  [2913bbd2] StatsBase v0.33.2
  [37e2e46d] LinearAlgebra
  [10745b16] Statistics
  [8dfed614] Test
Status `/tmp/jl_djtMmb/Manifest.toml`
  [34da2185] Compat v3.25.0
  [587fd27a] CovarianceEstimation v0.2.5
  [9a962f9c] DataAPI v1.4.0
  [864edb3b] DataStructures v0.18.8
  [9cd687f3] Diagonalizations v0.2.0
  [e1d29d7a] Missings v0.4.4
  [bac558e1] OrderedCollections v1.3.2
  [f45a3650] PosDefManifold v0.4.9
  [a2af1166] SortingAlgorithms v0.3.1
  [2913bbd2] StatsBase v0.33.2
  [2a0f44e3] Base64
  [ade2ca70] Dates
  [8bb1440f] DelimitedFiles
  [8ba89e20] Distributed
  [b77e0a4c] InteractiveUtils
  [76f85450] LibGit2
  [8f399da3] Libdl
  [37e2e46d] LinearAlgebra
  [56ddb016] Logging
  [d6f4376e] Markdown
  [a63ad114] Mmap
  [44cfe95a] Pkg
  [de0858da] Printf
  [3fa0cd96] REPL
  [9a3f8284] Random
  [ea8e919c] SHA
  [9e88b42a] Serialization
  [1a1011a3] SharedArrays
  [6462fe0b] Sockets
  [2f01184e] SparseArrays
  [10745b16] Statistics
  [8dfed614] Test
  [cf7118a7] UUIDs
  [4ec0a83e] Unicode
Test Summary: | Pass  Total
PCA           |   10     10
Test Summary: | Pass  Total
Whitening     |    9      9
Test Summary: | Pass  Total
MCA           |    4      4
Test Summary: | Pass  Total
CCA           |    4      4
Test Summary: | Pass  Total
CSP           |    7      7
Test Summary: | Pass  Total
CSTP          |    3      3
AJD: Test Failed at /home/user/.julia/packages/Diagonalizations/QfxaD/test/runtests.jl:266
  Expression: mean((nonD((a.F)' * Cset3[i] * a.F) for i = 1:k)) < err
   Evaluated: 1.7182211090924144e-6 < 1.0e-6
Stacktrace:
 [1] top-level scope at /home/user/.julia/packages/Diagonalizations/QfxaD/test/runtests.jl:266
 [2] top-level scope at /workspace/srcdir/usr/share/julia/stdlib/v1.5/Test/src/Test.jl:1115
 [3] top-level scope at /home/user/.julia/packages/Diagonalizations/QfxaD/test/runtests.jl:220
Test Summary: | Pass  Fail  Total
AJD           |   13     1     14
ERROR: LoadError: Some tests did not pass: 13 passed, 1 failed, 0 errored, 0 broken.
in expression starting at /home/user/.julia/packages/Diagonalizations/QfxaD/test/runtests.jl:219

PkgEval failed: Package Diagonalizations errored during testing
Stacktrace:
 [1] pkgerror(::String) at /workspace/srcdir/usr/share/julia/stdlib/v1.5/Pkg/src/Types.jl:52
 [2] test(::Pkg.Types.Context, ::Array{Pkg.Types.PackageSpec,1}; coverage::Bool, julia_args::Cmd, test_args::Cmd, test_fn::Nothing) at /workspace/srcdir/usr/share/julia/stdlib/v1.5/Pkg/src/Operations.jl:1578
 [3] test(::Pkg.Types.Context, ::Array{Pkg.Types.PackageSpec,1}; coverage::Bool, test_fn::Nothing, julia_args::Cmd, test_args::Cmd, kwargs::Base.Iterators.Pairs{Union{},Union{},Tuple{},NamedTuple{(),Tuple{}}}) at /workspace/srcdir/usr/share/julia/stdlib/v1.5/Pkg/src/API.jl:327
 [4] test(::Pkg.Types.Context, ::Array{Pkg.Types.PackageSpec,1}) at /workspace/srcdir/usr/share/julia/stdlib/v1.5/Pkg/src/API.jl:314
 [5] #test#61 at /workspace/srcdir/usr/share/julia/stdlib/v1.5/Pkg/src/API.jl:67 [inlined]
 [6] test at /workspace/srcdir/usr/share/julia/stdlib/v1.5/Pkg/src/API.jl:67 [inlined]
 [7] #test#60 at /workspace/srcdir/usr/share/julia/stdlib/v1.5/Pkg/src/API.jl:66 [inlined]
 [8] test at /workspace/srcdir/usr/share/julia/stdlib/v1.5/Pkg/src/API.jl:66 [inlined]
 [9] test(::String; kwargs::Base.Iterators.Pairs{Union{},Union{},Tuple{},NamedTuple{(),Tuple{}}}) at /workspace/srcdir/usr/share/julia/stdlib/v1.5/Pkg/src/API.jl:65
 [10] test(::String) at /workspace/srcdir/usr/share/julia/stdlib/v1.5/Pkg/src/API.jl:65
 [11] top-level scope at none:22
 [12] eval at ./boot.jl:331 [inlined]
 [13] eval(::Expr) at ./client.jl:467
 [14] top-level scope at none:1
 [15] eval(::Module, ::Any) at ./boot.jl:331
 [16] exec_options(::Base.JLOptions) at ./client.jl:272
 [17] _start() at ./client.jl:506


################################################################################
# PkgEval teardown: 2021-01-11T23:00:00.929
CPU usage: 55.94s (53.06s user, 2.96s kernel)

Network usage:
- eth0: 4.737 MiB received, 81.268 KiB sent

Raw statistics: {"blkio_stats":{"io_queue_recursive":[],"io_serviced_recursive":[{"major":259,"value":0,"op":"Read","minor":0},{"major":259,"value":19,"op":"Write","minor":0},{"major":259,"value":14,"op":"Sync","minor":0},{"major":259,"value":5,"op":"Async","minor":0},{"major":259,"value":0,"op":"Discard","minor":0},{"major":259,"value":19,"op":"Total","minor":0},{"major":253,"value":0,"op":"Read","minor":2},{"major":253,"value":19,"op":"Write","minor":2},{"major":253,"value":14,"op":"Sync","minor":2},{"major":253,"value":5,"op":"Async","minor":2},{"major":253,"value":0,"op":"Discard","minor":2},{"major":253,"value":19,"op":"Total","minor":2}],"io_time_recursive":[],"sectors_recursive":[],"io_service_bytes_recursive":[{"major":259,"value":0,"op":"Read","minor":0},{"major":259,"value":86016,"op":"Write","minor":0},{"major":259,"value":57344,"op":"Sync","minor":0},{"major":259,"value":28672,"op":"Async","minor":0},{"major":259,"value":0,"op":"Discard","minor":0},{"major":259,"value":86016,"op":"Total","minor":0},{"major":253,"value":0,"op":"Read","minor":2},{"major":253,"value":86016,"op":"Write","minor":2},{"major":253,"value":57344,"op":"Sync","minor":2},{"major":253,"value":28672,"op":"Async","minor":2},{"major":253,"value":0,"op":"Discard","minor":2},{"major":253,"value":86016,"op":"Total","minor":2}],"io_wait_time_recursive":[],"io_merged_recursive":[],"io_service_time_recursive":[]},"memory_stats":{"usage":365203456,"max_usage":680521728,"stats":{"hierarchical_memory_limit":9223372036854771712,"pgmajfault":0,"total_rss":249909248,"inactive_file":135168,"inactive_anon":82182144,"total_pgfault":701316,"total_cache":85053440,"total_rss_huge":0,"total_active_anon":252764160,"total_pgmajfault":0,"pgpgin":291159,"rss_huge":0,"mapped_file":0,"total_inactive_file":135168,"dirty":270336,"total_unevictable":0,"total_dirty":270336,"writeback":0,"pgpgout":209394,"hierarchical_memsw_limit":0,"cache":85053440,"active_file":135168,"pgfault":701316,"total_mapped_file":0,"total_pgpgout":209394,"total_writeback":0,"rss":249909248,"unevictable":0,"total_inactive_anon":82182144,"total_pgpgin":291159,"active_anon":252764160,"total_active_file":135168},"limit":540965302272},"name":"/Diagonalizations-ZBJpeQta","networks":{"eth0":{"rx_bytes":4967285,"rx_packets":770,"tx_packets":789,"tx_bytes":83218,"tx_dropped":0,"rx_dropped":2,"tx_errors":0,"rx_errors":0}},"id":"4d9bc142c3e68997cd5225891766824669463ad5ed44cc39a064eb552807ad78","preread":"0001-01-01T00:00:00Z","storage_stats":{},"precpu_stats":{"throttling_data":{"throttled_periods":0,"throttled_time":0,"periods":0},"cpu_usage":{"usage_in_usermode":0,"usage_in_kernelmode":0,"total_usage":0}},"pids_stats":{"current":44},"num_procs":0,"cpu_stats":{"throttling_data":{"throttled_periods":0,"throttled_time":0,"periods":0},"system_cpu_usage":6659316364522419,"online_cpus":128,"cpu_usage":{"usage_in_usermode":53060000000,"usage_in_kernelmode":2960000000,"total_usage":55935918467,"percpu_usage":[0,0,0,0,0,0,0,0,0,0,0,0,0,0,0,0,0,0,0,0,0,0,0,0,0,0,0,0,0,0,55935915197,3270,0,0,0,0,0,0,0,0,0,0,0,0,0,0,0,0,0,0,0,0,0,0,0,0,0,0,0,0,0,0,0,0,0,0,0,0,0,0,0,0,0,0,0,0,0,0,0,0,0,0,0,0,0,0,0,0,0,0,0,0,0,0,0,0,0,0,0,0,0,0,0,0,0,0,0,0,0,0,0,0,0,0,0,0,0,0,0,0,0,0,0,0,0,0,0,0]}},"read":"2021-01-11T23:00:01.527694319Z"}