################################################################################
# PkgEval set-up: 2021-01-11T23:25:14.077
#

Julia Version 1.5.3
Commit 599f52c4c6 (2020-12-18 13:33 UTC)
Platform Info:
  OS: Linux (x86_64-linux-gnu)
  CPU: AMD EPYC 7502 32-Core Processor
  WORD_SIZE: 64
  LIBM: libopenlibm
  LLVM: libLLVM-9.0.1 (ORCJIT, znver2)
Environment:
  JULIA_PKG_PRECOMPILE_AUTO = 0
  JULIA_PKGEVAL = true

Base.julia_cmd() = `/opt/julia/bin/julia -Cnative -J/opt/julia/lib/julia/sys.so -g1`


################################################################################
# Installation: 2021-01-11T23:25:15.86
#

 Installing known registries into `~/.julia`
#=#=#                                                                         ######################################################################## 100.0%
      Added registry `General` to `~/.julia/registries/General`
  Resolving package versions...
  Installed LaTeXStrings ───────────────── v1.2.0
  Installed CompilerSupportLibraries_jll ─ v0.3.4+0
  Installed PoissonRandom ──────────────── v0.4.0
  Installed DiffEqProblemLibrary ───────── v4.11.0
  Installed ZygoteRules ────────────────── v0.2.1
  Installed CanonicalTraits ────────────── v0.2.3
  Installed CpuId ──────────────────────── v0.2.2
  Installed Zlib_jll ───────────────────── v1.2.11+18
  Installed Reexport ───────────────────── v0.2.0
  Installed Catlab ─────────────────────── v0.9.2
  Installed SymbolicUtils ──────────────── v0.6.3
  Installed CommonSubexpressions ───────── v0.3.0
  Installed Rmath_jll ──────────────────── v0.2.2+1
  Installed Rmath ──────────────────────── v0.6.1
  Installed LazyBandedMatrices ─────────── v0.3.6
  Installed TableTraits ────────────────── v1.0.0
  Installed Inflate ────────────────────── v0.1.2
  Installed MuladdMacro ────────────────── v0.2.2
  Installed NonlinearSolve ─────────────── v0.3.4
  Installed AutoHashEquals ─────────────── v0.2.0
  Installed RuntimeGeneratedFunctions ──── v0.5.0
  Installed StatsBase ──────────────────── v0.33.2
  Installed DiffEqJump ─────────────────── v6.12.2
  Installed Tables ─────────────────────── v1.2.2
  Installed DataStructures ─────────────── v0.18.8
  Installed FillArrays ─────────────────── v0.10.2
  Installed Libiconv_jll ───────────────── v1.16.0+7
  Installed Combinatorics ──────────────── v1.0.2
  Installed NameResolution ─────────────── v0.1.5
  Installed Requires ───────────────────── v1.1.2
  Installed Catalyst ───────────────────── v6.3.1
  Installed FunctionWrappers ───────────── v1.1.1
  Installed QuadGK ─────────────────────── v2.4.1
  Installed LoopVectorization ──────────── v0.8.26
  Installed DataAPI ────────────────────── v1.4.0
  Installed DiffRules ──────────────────── v1.0.2
  Installed TimerOutputs ───────────────── v0.5.7
  Installed DiffResults ────────────────── v1.0.3
  Installed Parameters ─────────────────── v0.12.1
  Installed Measures ───────────────────── v0.3.1
  Installed Setfield ───────────────────── v0.7.0
  Installed IterTools ──────────────────── v1.3.0
  Installed Latexify ───────────────────── v0.14.7
  Installed TreeViews ──────────────────── v0.3.0
  Installed SIMDPirates ────────────────── v0.8.26
  Installed ConstructionBase ───────────── v1.0.0
  Installed Colors ─────────────────────── v0.12.6
  Installed ArrayLayouts ───────────────── v0.4.12
  Installed SimpleTraits ───────────────── v0.9.3
  Installed RecursiveArrayTools ────────── v2.10.0
  Installed XML2_jll ───────────────────── v2.9.10+3
  Installed MatrixFactorizations ───────── v0.6.1
  Installed ColorTypes ─────────────────── v0.10.9
  Installed OrderedCollections ─────────── v1.3.2
  Installed DataValueInterfaces ────────── v1.0.0
  Installed StaticArrays ───────────────── v0.12.5
  Installed GeneralizedGenerated ───────── v0.2.8
  Installed DiffEqBase ─────────────────── v6.53.4
  Installed RecipesBase ────────────────── v1.1.1
  Installed Missings ───────────────────── v0.4.4
  Installed VectorizationBase ──────────── v0.12.33
  Installed MacroTools ─────────────────── v0.5.6
  Installed LightXML ───────────────────── v0.9.0
  Installed JSON ───────────────────────── v0.21.1
  Installed JLLWrappers ────────────────── v1.2.0
  Installed MLStyle ────────────────────── v0.4.6
  Installed LightGraphs ────────────────── v1.3.4
  Installed NaNMath ────────────────────── v0.3.5
  Installed StructArrays ───────────────── v0.4.4
  Installed RandomExtensions ───────────── v0.4.3
  Installed FiniteDiff ─────────────────── v2.7.2
  Installed ArnoldiMethod ──────────────── v0.0.4
  Installed AbstractAlgebra ────────────── v0.12.0
  Installed PrettyTables ───────────────── v0.9.1
  Installed Distributions ──────────────── v0.24.10
  Installed ArrayInterface ─────────────── v2.14.13
  Installed PDMats ─────────────────────── v0.10.1
  Installed IfElse ─────────────────────── v0.1.0
  Installed LazyArrays ─────────────────── v0.19.4
  Installed BandedMatrices ─────────────── v0.15.25
  Installed ForwardDiff ────────────────── v0.10.14
  Installed Compose ────────────────────── v0.9.1
  Installed IterativeSolvers ───────────── v0.9.0
  Installed Crayons ────────────────────── v4.0.4
  Installed Adapt ──────────────────────── v2.4.0
  Installed StatsFuns ──────────────────── v0.9.6
  Installed OffsetArrays ───────────────── v1.5.0
  Installed Unitful ────────────────────── v1.5.0
  Installed ExprTools ──────────────────── v0.1.3
  Installed DiffEqOperators ────────────── v4.19.0
  Installed FixedPointNumbers ──────────── v0.8.4
  Installed Formatting ─────────────────── v0.4.2
  Installed PrettyPrint ────────────────── v0.2.0
  Installed UnPack ─────────────────────── v1.0.2
  Installed IteratorInterfaceExtensions ── v1.0.0
  Installed LabelledArrays ─────────────── v1.4.0
  Installed SpecialFunctions ───────────── v1.2.1
  Installed SortingAlgorithms ──────────── v0.3.1
  Installed BlockBandedMatrices ────────── v0.9.5
  Installed Compat ─────────────────────── v3.25.0
  Installed RecursiveFactorization ─────── v0.1.6
  Installed DocStringExtensions ────────── v0.8.3
  Installed ChainRulesCore ─────────────── v0.9.24
  Installed SafeTestsets ───────────────── v0.0.1
  Installed SLEEFPirates ───────────────── v0.5.5
  Installed RandomNumbers ──────────────── v1.4.0
  Installed BlockArrays ────────────────── v0.12.14
  Installed NNlib ──────────────────────── v0.7.11
  Installed OpenSpecFun_jll ────────────── v0.5.3+4
  Installed Parsers ────────────────────── v1.0.15
  Installed ModelingToolkit ────────────── v4.5.0
  Installed Artifacts ──────────────────── v1.3.0
  Installed JuliaVariables ─────────────── v0.2.3
Updating `~/.julia/environments/v1.5/Project.toml`
  [a077e3f3] + DiffEqProblemLibrary v4.11.0
Updating `~/.julia/environments/v1.5/Manifest.toml`
  [c3fe647b] + AbstractAlgebra v0.12.0
  [79e6a3ab] + Adapt v2.4.0
  [ec485272] + ArnoldiMethod v0.0.4
  [4fba245c] + ArrayInterface v2.14.13
  [4c555306] + ArrayLayouts v0.4.12
  [56f22d72] + Artifacts v1.3.0
  [15f4f7f2] + AutoHashEquals v0.2.0
  [aae01518] + BandedMatrices v0.15.25
  [8e7c35d0] + BlockArrays v0.12.14
  [ffab5731] + BlockBandedMatrices v0.9.5
  [a603d957] + CanonicalTraits v0.2.3
  [479239e8] + Catalyst v6.3.1
  [134e5e36] + Catlab v0.9.2
  [d360d2e6] + ChainRulesCore v0.9.24
  [3da002f7] + ColorTypes v0.10.9
  [5ae59095] + Colors v0.12.6
  [861a8166] + Combinatorics v1.0.2
  [bbf7d656] + CommonSubexpressions v0.3.0
  [34da2185] + Compat v3.25.0
  [e66e0078] + CompilerSupportLibraries_jll v0.3.4+0
  [a81c6b42] + Compose v0.9.1
  [187b0558] + ConstructionBase v1.0.0
  [adafc99b] + CpuId v0.2.2
  [a8cc5b0e] + Crayons v4.0.4
  [9a962f9c] + DataAPI v1.4.0
  [864edb3b] + DataStructures v0.18.8
  [e2d170a0] + DataValueInterfaces v1.0.0
  [2b5f629d] + DiffEqBase v6.53.4
  [c894b116] + DiffEqJump v6.12.2
  [9fdde737] + DiffEqOperators v4.19.0
  [a077e3f3] + DiffEqProblemLibrary v4.11.0
  [163ba53b] + DiffResults v1.0.3
  [b552c78f] + DiffRules v1.0.2
  [31c24e10] + Distributions v0.24.10
  [ffbed154] + DocStringExtensions v0.8.3
  [e2ba6199] + ExprTools v0.1.3
  [1a297f60] + FillArrays v0.10.2
  [6a86dc24] + FiniteDiff v2.7.2
  [53c48c17] + FixedPointNumbers v0.8.4
  [59287772] + Formatting v0.4.2
  [f6369f11] + ForwardDiff v0.10.14
  [069b7b12] + FunctionWrappers v1.1.1
  [6b9d7cbe] + GeneralizedGenerated v0.2.8
  [615f187c] + IfElse v0.1.0
  [d25df0c9] + Inflate v0.1.2
  [c8e1da08] + IterTools v1.3.0
  [42fd0dbc] + IterativeSolvers v0.9.0
  [82899510] + IteratorInterfaceExtensions v1.0.0
  [692b3bcd] + JLLWrappers v1.2.0
  [682c06a0] + JSON v0.21.1
  [b14d175d] + JuliaVariables v0.2.3
  [b964fa9f] + LaTeXStrings v1.2.0
  [2ee39098] + LabelledArrays v1.4.0
  [23fbe1c1] + Latexify v0.14.7
  [5078a376] + LazyArrays v0.19.4
  [d7e5e226] + LazyBandedMatrices v0.3.6
  [94ce4f54] + Libiconv_jll v1.16.0+7
  [093fc24a] + LightGraphs v1.3.4
  [9c8b4983] + LightXML v0.9.0
  [bdcacae8] + LoopVectorization v0.8.26
  [d8e11817] + MLStyle v0.4.6
  [1914dd2f] + MacroTools v0.5.6
  [a3b82374] + MatrixFactorizations v0.6.1
  [442fdcdd] + Measures v0.3.1
  [e1d29d7a] + Missings v0.4.4
  [961ee093] + ModelingToolkit v4.5.0
  [46d2c3a1] + MuladdMacro v0.2.2
  [872c559c] + NNlib v0.7.11
  [77ba4419] + NaNMath v0.3.5
  [71a1bf82] + NameResolution v0.1.5
  [8913a72c] + NonlinearSolve v0.3.4
  [6fe1bfb0] + OffsetArrays v1.5.0
  [efe28fd5] + OpenSpecFun_jll v0.5.3+4
  [bac558e1] + OrderedCollections v1.3.2
  [90014a1f] + PDMats v0.10.1
  [d96e819e] + Parameters v0.12.1
  [69de0a69] + Parsers v1.0.15
  [e409e4f3] + PoissonRandom v0.4.0
  [8162dcfd] + PrettyPrint v0.2.0
  [08abe8d2] + PrettyTables v0.9.1
  [1fd47b50] + QuadGK v2.4.1
  [fb686558] + RandomExtensions v0.4.3
  [e6cf234a] + RandomNumbers v1.4.0
  [3cdcf5f2] + RecipesBase v1.1.1
  [731186ca] + RecursiveArrayTools v2.10.0
  [f2c3362d] + RecursiveFactorization v0.1.6
  [189a3867] + Reexport v0.2.0
  [ae029012] + Requires v1.1.2
  [79098fc4] + Rmath v0.6.1
  [f50d1b31] + Rmath_jll v0.2.2+1
  [7e49a35a] + RuntimeGeneratedFunctions v0.5.0
  [21efa798] + SIMDPirates v0.8.26
  [476501e8] + SLEEFPirates v0.5.5
  [1bc83da4] + SafeTestsets v0.0.1
  [efcf1570] + Setfield v0.7.0
  [699a6c99] + SimpleTraits v0.9.3
  [a2af1166] + SortingAlgorithms v0.3.1
  [276daf66] + SpecialFunctions v1.2.1
  [90137ffa] + StaticArrays v0.12.5
  [2913bbd2] + StatsBase v0.33.2
  [4c63d2b9] + StatsFuns v0.9.6
  [09ab397b] + StructArrays v0.4.4
  [d1185830] + SymbolicUtils v0.6.3
  [3783bdb8] + TableTraits v1.0.0
  [bd369af6] + Tables v1.2.2
  [a759f4b9] + TimerOutputs v0.5.7
  [a2a6695c] + TreeViews v0.3.0
  [3a884ed6] + UnPack v1.0.2
  [1986cc42] + Unitful v1.5.0
  [3d5dd08c] + VectorizationBase v0.12.33
  [02c8fc9c] + XML2_jll v2.9.10+3
  [83775a58] + Zlib_jll v1.2.11+18
  [700de1a5] + ZygoteRules v0.2.1
  [2a0f44e3] + Base64
  [ade2ca70] + Dates
  [8bb1440f] + DelimitedFiles
  [8ba89e20] + Distributed
  [9fa8497b] + Future
  [b77e0a4c] + InteractiveUtils
  [76f85450] + LibGit2
  [8f399da3] + Libdl
  [37e2e46d] + LinearAlgebra
  [56ddb016] + Logging
  [d6f4376e] + Markdown
  [a63ad114] + Mmap
  [44cfe95a] + Pkg
  [de0858da] + Printf
  [3fa0cd96] + REPL
  [9a3f8284] + Random
  [ea8e919c] + SHA
  [9e88b42a] + Serialization
  [1a1011a3] + SharedArrays
  [6462fe0b] + Sockets
  [2f01184e] + SparseArrays
  [10745b16] + Statistics
  [4607b0f0] + SuiteSparse
  [8dfed614] + Test
  [cf7118a7] + UUIDs
  [4ec0a83e] + Unicode
   Building SLEEFPirates → `~/.julia/packages/SLEEFPirates/jGsib/deps/build.log`


################################################################################
# Testing: 2021-01-11T23:25:36.567
#

    Testing DiffEqProblemLibrary
Status `/tmp/jl_HBFarQ/Project.toml`
  [479239e8] Catalyst v6.3.1
  [2b5f629d] DiffEqBase v6.53.4
  [9fdde737] DiffEqOperators v4.19.0
  [a077e3f3] DiffEqProblemLibrary v4.11.0
  [961ee093] ModelingToolkit v4.5.0
  [37e2e46d] LinearAlgebra
  [d6f4376e] Markdown
  [9a3f8284] Random
  [8dfed614] Test
Status `/tmp/jl_HBFarQ/Manifest.toml`
  [c3fe647b] AbstractAlgebra v0.12.0
  [79e6a3ab] Adapt v2.4.0
  [ec485272] ArnoldiMethod v0.0.4
  [4fba245c] ArrayInterface v2.14.13
  [4c555306] ArrayLayouts v0.4.12
  [56f22d72] Artifacts v1.3.0
  [15f4f7f2] AutoHashEquals v0.2.0
  [aae01518] BandedMatrices v0.15.25
  [8e7c35d0] BlockArrays v0.12.14
  [ffab5731] BlockBandedMatrices v0.9.5
  [a603d957] CanonicalTraits v0.2.3
  [479239e8] Catalyst v6.3.1
  [134e5e36] Catlab v0.9.2
  [d360d2e6] ChainRulesCore v0.9.24
  [3da002f7] ColorTypes v0.10.9
  [5ae59095] Colors v0.12.6
  [861a8166] Combinatorics v1.0.2
  [bbf7d656] CommonSubexpressions v0.3.0
  [34da2185] Compat v3.25.0
  [e66e0078] CompilerSupportLibraries_jll v0.3.4+0
  [a81c6b42] Compose v0.9.1
  [187b0558] ConstructionBase v1.0.0
  [adafc99b] CpuId v0.2.2
  [a8cc5b0e] Crayons v4.0.4
  [9a962f9c] DataAPI v1.4.0
  [864edb3b] DataStructures v0.18.8
  [e2d170a0] DataValueInterfaces v1.0.0
  [2b5f629d] DiffEqBase v6.53.4
  [c894b116] DiffEqJump v6.12.2
  [9fdde737] DiffEqOperators v4.19.0
  [a077e3f3] DiffEqProblemLibrary v4.11.0
  [163ba53b] DiffResults v1.0.3
  [b552c78f] DiffRules v1.0.2
  [31c24e10] Distributions v0.24.10
  [ffbed154] DocStringExtensions v0.8.3
  [e2ba6199] ExprTools v0.1.3
  [1a297f60] FillArrays v0.10.2
  [6a86dc24] FiniteDiff v2.7.2
  [53c48c17] FixedPointNumbers v0.8.4
  [59287772] Formatting v0.4.2
  [f6369f11] ForwardDiff v0.10.14
  [069b7b12] FunctionWrappers v1.1.1
  [6b9d7cbe] GeneralizedGenerated v0.2.8
  [615f187c] IfElse v0.1.0
  [d25df0c9] Inflate v0.1.2
  [c8e1da08] IterTools v1.3.0
  [42fd0dbc] IterativeSolvers v0.9.0
  [82899510] IteratorInterfaceExtensions v1.0.0
  [692b3bcd] JLLWrappers v1.2.0
  [682c06a0] JSON v0.21.1
  [b14d175d] JuliaVariables v0.2.3
  [b964fa9f] LaTeXStrings v1.2.0
  [2ee39098] LabelledArrays v1.4.0
  [23fbe1c1] Latexify v0.14.7
  [5078a376] LazyArrays v0.19.4
  [d7e5e226] LazyBandedMatrices v0.3.6
  [94ce4f54] Libiconv_jll v1.16.0+7
  [093fc24a] LightGraphs v1.3.4
  [9c8b4983] LightXML v0.9.0
  [bdcacae8] LoopVectorization v0.8.26
  [d8e11817] MLStyle v0.4.6
  [1914dd2f] MacroTools v0.5.6
  [a3b82374] MatrixFactorizations v0.6.1
  [442fdcdd] Measures v0.3.1
  [e1d29d7a] Missings v0.4.4
  [961ee093] ModelingToolkit v4.5.0
  [46d2c3a1] MuladdMacro v0.2.2
  [872c559c] NNlib v0.7.11
  [77ba4419] NaNMath v0.3.5
  [71a1bf82] NameResolution v0.1.5
  [8913a72c] NonlinearSolve v0.3.4
  [6fe1bfb0] OffsetArrays v1.5.0
  [efe28fd5] OpenSpecFun_jll v0.5.3+4
  [bac558e1] OrderedCollections v1.3.2
  [90014a1f] PDMats v0.10.1
  [d96e819e] Parameters v0.12.1
  [69de0a69] Parsers v1.0.15
  [e409e4f3] PoissonRandom v0.4.0
  [8162dcfd] PrettyPrint v0.2.0
  [08abe8d2] PrettyTables v0.9.1
  [1fd47b50] QuadGK v2.4.1
  [fb686558] RandomExtensions v0.4.3
  [e6cf234a] RandomNumbers v1.4.0
  [3cdcf5f2] RecipesBase v1.1.1
  [731186ca] RecursiveArrayTools v2.10.0
  [f2c3362d] RecursiveFactorization v0.1.6
  [189a3867] Reexport v0.2.0
  [ae029012] Requires v1.1.2
  [79098fc4] Rmath v0.6.1
  [f50d1b31] Rmath_jll v0.2.2+1
  [7e49a35a] RuntimeGeneratedFunctions v0.5.0
  [21efa798] SIMDPirates v0.8.26
  [476501e8] SLEEFPirates v0.5.5
  [1bc83da4] SafeTestsets v0.0.1
  [efcf1570] Setfield v0.7.0
  [699a6c99] SimpleTraits v0.9.3
  [a2af1166] SortingAlgorithms v0.3.1
  [276daf66] SpecialFunctions v1.2.1
  [90137ffa] StaticArrays v0.12.5
  [2913bbd2] StatsBase v0.33.2
  [4c63d2b9] StatsFuns v0.9.6
  [09ab397b] StructArrays v0.4.4
  [d1185830] SymbolicUtils v0.6.3
  [3783bdb8] TableTraits v1.0.0
  [bd369af6] Tables v1.2.2
  [a759f4b9] TimerOutputs v0.5.7
  [a2a6695c] TreeViews v0.3.0
  [3a884ed6] UnPack v1.0.2
  [1986cc42] Unitful v1.5.0
  [3d5dd08c] VectorizationBase v0.12.33
  [02c8fc9c] XML2_jll v2.9.10+3
  [83775a58] Zlib_jll v1.2.11+18
  [700de1a5] ZygoteRules v0.2.1
  [2a0f44e3] Base64
  [ade2ca70] Dates
  [8bb1440f] DelimitedFiles
  [8ba89e20] Distributed
  [9fa8497b] Future
  [b77e0a4c] InteractiveUtils
  [76f85450] LibGit2
  [8f399da3] Libdl
  [37e2e46d] LinearAlgebra
  [56ddb016] Logging
  [d6f4376e] Markdown
  [a63ad114] Mmap
  [44cfe95a] Pkg
  [de0858da] Printf
  [3fa0cd96] REPL
  [9a3f8284] Random
  [ea8e919c] SHA
  [9e88b42a] Serialization
  [1a1011a3] SharedArrays
  [6462fe0b] Sockets
  [2f01184e] SparseArrays
  [10745b16] Statistics
  [4607b0f0] SuiteSparse
  [8dfed614] Test
  [cf7118a7] UUIDs
  [4ec0a83e] Unicode
┌ Warning: Replacing docs for `DiffEqOperators.PeriodicBC :: Union{}` in module `DiffEqOperators`
└ @ Base.Docs docs/Docs.jl:227
┌ Warning: Replacing docs for `DiffEqOperators.RobinBC :: Union{}` in module `DiffEqOperators`
└ @ Base.Docs docs/Docs.jl:227
    Testing DiffEqProblemLibrary tests passed 

PkgEval succeeded


################################################################################
# PkgEval teardown: 2021-01-11T23:34:20.121
CPU usage: 545.32s (521.10s user, 24.98s kernel)

Network usage:
- eth0: 18.953 MiB received, 600.368 KiB sent

Raw statistics: {"blkio_stats":{"io_queue_recursive":[],"io_serviced_recursive":[{"major":259,"value":11,"op":"Read","minor":0},{"major":259,"value":28,"op":"Write","minor":0},{"major":259,"value":30,"op":"Sync","minor":0},{"major":259,"value":9,"op":"Async","minor":0},{"major":259,"value":0,"op":"Discard","minor":0},{"major":259,"value":39,"op":"Total","minor":0},{"major":253,"value":11,"op":"Read","minor":2},{"major":253,"value":28,"op":"Write","minor":2},{"major":253,"value":30,"op":"Sync","minor":2},{"major":253,"value":9,"op":"Async","minor":2},{"major":253,"value":0,"op":"Discard","minor":2},{"major":253,"value":39,"op":"Total","minor":2}],"io_time_recursive":[],"sectors_recursive":[],"io_service_bytes_recursive":[{"major":259,"value":118784,"op":"Read","minor":0},{"major":259,"value":192512,"op":"Write","minor":0},{"major":259,"value":225280,"op":"Sync","minor":0},{"major":259,"value":86016,"op":"Async","minor":0},{"major":259,"value":0,"op":"Discard","minor":0},{"major":259,"value":311296,"op":"Total","minor":0},{"major":253,"value":118784,"op":"Read","minor":2},{"major":253,"value":192512,"op":"Write","minor":2},{"major":253,"value":225280,"op":"Sync","minor":2},{"major":253,"value":86016,"op":"Async","minor":2},{"major":253,"value":0,"op":"Discard","minor":2},{"major":253,"value":311296,"op":"Total","minor":2}],"io_wait_time_recursive":[],"io_merged_recursive":[],"io_service_time_recursive":[]},"memory_stats":{"usage":503746560,"max_usage":3161399296,"stats":{"hierarchical_memory_limit":9223372036854771712,"pgmajfault":0,"total_rss":282071040,"inactive_file":135168,"inactive_anon":134356992,"total_pgfault":12216501,"total_cache":186355712,"total_rss_huge":0,"total_active_anon":333438976,"total_pgmajfault":0,"pgpgin":7972206,"rss_huge":0,"mapped_file":0,"total_inactive_file":135168,"dirty":270336,"total_unevictable":0,"total_dirty":270336,"writeback":0,"pgpgout":7857860,"hierarchical_memsw_limit":0,"cache":186355712,"active_file":135168,"pgfault":12216501,"total_mapped_file":0,"total_pgpgout":7857860,"total_writeback":0,"rss":282071040,"unevictable":0,"total_inactive_anon":134356992,"total_pgpgin":7972206,"active_anon":333438976,"total_active_file":135168},"limit":540965302272},"name":"/DiffEqProblemLibrary-JXwp9dYP","networks":{"eth0":{"rx_bytes":19873721,"rx_packets":4707,"tx_packets":5066,"tx_bytes":614777,"tx_dropped":0,"rx_dropped":19,"tx_errors":0,"rx_errors":0}},"id":"ad7f0288f1a012ab107879ca26e108412b1506e43742a968e7221c67d3577e70","preread":"0001-01-01T00:00:00Z","storage_stats":{},"precpu_stats":{"throttling_data":{"throttled_periods":0,"throttled_time":0,"periods":0},"cpu_usage":{"usage_in_usermode":0,"usage_in_kernelmode":0,"total_usage":0}},"pids_stats":{"current":40},"num_procs":0,"cpu_stats":{"throttling_data":{"throttled_periods":0,"throttled_time":0,"periods":0},"system_cpu_usage":6922500834522419,"online_cpus":128,"cpu_usage":{"usage_in_usermode":521100000000,"usage_in_kernelmode":24980000000,"total_usage":545324946162,"percpu_usage":[0,0,0,0,0,0,0,0,0,0,0,0,0,0,0,0,0,0,0,0,0,0,0,0,0,0,0,0,0,0,0,0,0,0,0,0,0,0,0,0,0,0,0,0,0,0,0,0,545324385742,560420,0,0,0,0,0,0,0,0,0,0,0,0,0,0,0,0,0,0,0,0,0,0,0,0,0,0,0,0,0,0,0,0,0,0,0,0,0,0,0,0,0,0,0,0,0,0,0,0,0,0,0,0,0,0,0,0,0,0,0,0,0,0,0,0,0,0,0,0,0,0,0,0,0,0,0,0,0,0]}},"read":"2021-01-11T23:34:20.566982893Z"}