################################################################################
# PackageCompiler set-up: 2021-01-11T18:33:07.073
#

Julia Version 1.5.3
Commit 599f52c4c6 (2020-12-18 13:33 UTC)
Platform Info:
  OS: Linux (x86_64-linux-gnu)
  CPU: AMD EPYC 7502 32-Core Processor
  WORD_SIZE: 64
  LIBM: libopenlibm
  LLVM: libLLVM-9.0.1 (ORCJIT, znver2)
Environment:
  JULIA_PKGEVAL = true
  JULIA_PKG_PRECOMPILE_AUTO = 0



################################################################################
# Installation: 2021-01-11T18:33:08.771
#

 Installing known registries into `~/.julia`
###                                                                        5.0%######################################################################## 100.0%
      Added registry `General` to `~/.julia/registries/General`
  Resolving package versions...
  Installed CompilerSupportLibraries_jll ─ v0.3.4+0
  Installed ZygoteRules ────────────────── v0.2.1
  Installed Reexport ───────────────────── v0.2.0
  Installed TableTraits ────────────────── v1.0.0
  Installed CommonSubexpressions ───────── v0.3.0
  Installed MuladdMacro ────────────────── v0.2.2
  Installed Tables ─────────────────────── v1.2.2
  Installed DataAPI ────────────────────── v1.4.0
  Installed Requires ───────────────────── v1.1.2
  Installed PackageCompiler ────────────── v1.2.5
  Installed DiffusionDefinition ────────── v0.1.0
  Installed DiffRules ──────────────────── v1.0.2
  Installed DataValueInterfaces ────────── v1.0.0
  Installed RecursiveArrayTools ────────── v2.3.5
  Installed Trajectories ───────────────── v0.2.2
  Installed DiffResults ────────────────── v1.0.3
  Installed RecipesBase ────────────────── v1.0.2
  Installed MacroTools ─────────────────── v0.5.6
  Installed StaticArrays ───────────────── v0.12.5
  Installed JLLWrappers ────────────────── v1.2.0
  Installed NaNMath ────────────────────── v0.3.5
  Installed ArrayInterface ─────────────── v2.14.13
  Installed ForwardDiff ────────────────── v0.10.14
  Installed IteratorInterfaceExtensions ── v1.0.0
  Installed OpenSpecFun_jll ────────────── v0.5.3+4
  Installed SpecialFunctions ───────────── v1.2.1
  Installed ChainRulesCore ─────────────── v0.9.24
  Installed Artifacts ──────────────────── v1.3.0
Updating `~/.julia/environments/v1.5/Project.toml`
  [c126fcb9] + DiffusionDefinition v0.1.0
  [9b87118b] + PackageCompiler v1.2.5
Updating `~/.julia/environments/v1.5/Manifest.toml`
  [4fba245c] + ArrayInterface v2.14.13
  [56f22d72] + Artifacts v1.3.0
  [d360d2e6] + ChainRulesCore v0.9.24
  [bbf7d656] + CommonSubexpressions v0.3.0
  [e66e0078] + CompilerSupportLibraries_jll v0.3.4+0
  [9a962f9c] + DataAPI v1.4.0
  [e2d170a0] + DataValueInterfaces v1.0.0
  [163ba53b] + DiffResults v1.0.3
  [b552c78f] + DiffRules v1.0.2
  [c126fcb9] + DiffusionDefinition v0.1.0
  [f6369f11] + ForwardDiff v0.10.14
  [82899510] + IteratorInterfaceExtensions v1.0.0
  [692b3bcd] + JLLWrappers v1.2.0
  [1914dd2f] + MacroTools v0.5.6
  [46d2c3a1] + MuladdMacro v0.2.2
  [77ba4419] + NaNMath v0.3.5
  [efe28fd5] + OpenSpecFun_jll v0.5.3+4
  [9b87118b] + PackageCompiler v1.2.5
  [3cdcf5f2] + RecipesBase v1.0.2
  [731186ca] + RecursiveArrayTools v2.3.5
  [189a3867] + Reexport v0.2.0
  [ae029012] + Requires v1.1.2
  [276daf66] + SpecialFunctions v1.2.1
  [90137ffa] + StaticArrays v0.12.5
  [3783bdb8] + TableTraits v1.0.0
  [bd369af6] + Tables v1.2.2
  [2c80a279] + Trajectories v0.2.2
  [700de1a5] + ZygoteRules v0.2.1
  [2a0f44e3] + Base64
  [ade2ca70] + Dates
  [8ba89e20] + Distributed
  [b77e0a4c] + InteractiveUtils
  [76f85450] + LibGit2
  [8f399da3] + Libdl
  [37e2e46d] + LinearAlgebra
  [56ddb016] + Logging
  [d6f4376e] + Markdown
  [44cfe95a] + Pkg
  [de0858da] + Printf
  [3fa0cd96] + REPL
  [9a3f8284] + Random
  [ea8e919c] + SHA
  [9e88b42a] + Serialization
  [6462fe0b] + Sockets
  [2f01184e] + SparseArrays
  [10745b16] + Statistics
  [8dfed614] + Test
  [cf7118a7] + UUIDs
  [4ec0a83e] + Unicode


################################################################################
# Compiling: 2021-01-11T18:33:15.153
#

[ Info: PackageCompiler: creating system image object file, this might take a while...
Generated system image is 165.389 MiB, compilation took 236 seconds


################################################################################
# PkgEval set-up: 2021-01-11T18:37:18.292
#

Julia Version 1.5.3
Commit 599f52c4c6 (2020-12-18 13:33 UTC)
Platform Info:
  OS: Linux (x86_64-linux-gnu)
  CPU: AMD EPYC 7502 32-Core Processor
  WORD_SIZE: 64
  LIBM: libopenlibm
  LLVM: libLLVM-9.0.1 (ORCJIT, znver2)
Environment:
  JULIA_PKGEVAL = true
  JULIA_PKG_PRECOMPILE_AUTO = 0

Base.julia_cmd() = `/usr/local/julia/bin/julia -Cnative -J/cache/DiffusionDefinition-IvpQgK7l.so -g1`


################################################################################
# Installation: 2021-01-11T18:37:19.89
#

 Installing known registries into `~/.julia`
##########################################                                59.2%######################################################################## 100.0%
      Added registry `General` to `~/.julia/registries/General`
  Resolving package versions...
  Installed ZygoteRules ────────────────── v0.2.1
  Installed CompilerSupportLibraries_jll ─ v0.3.4+0
  Installed Reexport ───────────────────── v0.2.0
  Installed TableTraits ────────────────── v1.0.0
  Installed MuladdMacro ────────────────── v0.2.2
  Installed CommonSubexpressions ───────── v0.3.0
  Installed Tables ─────────────────────── v1.2.2
  Installed DiffusionDefinition ────────── v0.1.0
  Installed DataAPI ────────────────────── v1.4.0
  Installed DiffRules ──────────────────── v1.0.2
  Installed Requires ───────────────────── v1.1.2
  Installed DataValueInterfaces ────────── v1.0.0
  Installed RecursiveArrayTools ────────── v2.3.5
  Installed DiffResults ────────────────── v1.0.3
  Installed Trajectories ───────────────── v0.2.2
  Installed StaticArrays ───────────────── v0.12.5
  Installed RecipesBase ────────────────── v1.0.2
  Installed MacroTools ─────────────────── v0.5.6
  Installed NaNMath ────────────────────── v0.3.5
  Installed JLLWrappers ────────────────── v1.2.0
  Installed ArrayInterface ─────────────── v2.14.13
  Installed ForwardDiff ────────────────── v0.10.14
  Installed OpenSpecFun_jll ────────────── v0.5.3+4
  Installed IteratorInterfaceExtensions ── v1.0.0
  Installed ChainRulesCore ─────────────── v0.9.24
  Installed Artifacts ──────────────────── v1.3.0
  Installed SpecialFunctions ───────────── v1.2.1
Updating `~/.julia/environments/v1.5/Project.toml`
  [c126fcb9] + DiffusionDefinition v0.1.0
Updating `~/.julia/environments/v1.5/Manifest.toml`
  [4fba245c] + ArrayInterface v2.14.13
  [56f22d72] + Artifacts v1.3.0
  [d360d2e6] + ChainRulesCore v0.9.24
  [bbf7d656] + CommonSubexpressions v0.3.0
  [e66e0078] + CompilerSupportLibraries_jll v0.3.4+0
  [9a962f9c] + DataAPI v1.4.0
  [e2d170a0] + DataValueInterfaces v1.0.0
  [163ba53b] + DiffResults v1.0.3
  [b552c78f] + DiffRules v1.0.2
  [c126fcb9] + DiffusionDefinition v0.1.0
  [f6369f11] + ForwardDiff v0.10.14
  [82899510] + IteratorInterfaceExtensions v1.0.0
  [692b3bcd] + JLLWrappers v1.2.0
  [1914dd2f] + MacroTools v0.5.6
  [46d2c3a1] + MuladdMacro v0.2.2
  [77ba4419] + NaNMath v0.3.5
  [efe28fd5] + OpenSpecFun_jll v0.5.3+4
  [3cdcf5f2] + RecipesBase v1.0.2
  [731186ca] + RecursiveArrayTools v2.3.5
  [189a3867] + Reexport v0.2.0
  [ae029012] + Requires v1.1.2
  [276daf66] + SpecialFunctions v1.2.1
  [90137ffa] + StaticArrays v0.12.5
  [3783bdb8] + TableTraits v1.0.0
  [bd369af6] + Tables v1.2.2
  [2c80a279] + Trajectories v0.2.2
  [700de1a5] + ZygoteRules v0.2.1
  [2a0f44e3] + Base64
  [ade2ca70] + Dates
  [8ba89e20] + Distributed
  [b77e0a4c] + InteractiveUtils
  [76f85450] + LibGit2
  [8f399da3] + Libdl
  [37e2e46d] + LinearAlgebra
  [56ddb016] + Logging
  [d6f4376e] + Markdown
  [44cfe95a] + Pkg
  [de0858da] + Printf
  [3fa0cd96] + REPL
  [9a3f8284] + Random
  [ea8e919c] + SHA
  [9e88b42a] + Serialization
  [6462fe0b] + Sockets
  [2f01184e] + SparseArrays
  [10745b16] + Statistics
  [8dfed614] + Test
  [cf7118a7] + UUIDs
  [4ec0a83e] + Unicode


################################################################################
# Testing: 2021-01-11T18:37:25.719
#

    Testing DiffusionDefinition
Status `/tmp/jl_HCRwEc/Project.toml`
  [c126fcb9] DiffusionDefinition v0.1.0
  [f6369f11] ForwardDiff v0.10.14
  [1914dd2f] MacroTools v0.5.6
  [3cdcf5f2] RecipesBase v1.0.2
  [731186ca] RecursiveArrayTools v2.3.5
  [189a3867] Reexport v0.2.0
  [90137ffa] StaticArrays v0.12.5
  [2c80a279] Trajectories v0.2.2
  [37e2e46d] LinearAlgebra
  [9a3f8284] Random
  [2f01184e] SparseArrays
  [8dfed614] Test
Status `/tmp/jl_HCRwEc/Manifest.toml`
  [4fba245c] ArrayInterface v2.14.13
  [56f22d72] Artifacts v1.3.0
  [d360d2e6] ChainRulesCore v0.9.24
  [bbf7d656] CommonSubexpressions v0.3.0
  [e66e0078] CompilerSupportLibraries_jll v0.3.4+0
  [9a962f9c] DataAPI v1.4.0
  [e2d170a0] DataValueInterfaces v1.0.0
  [163ba53b] DiffResults v1.0.3
  [b552c78f] DiffRules v1.0.2
  [c126fcb9] DiffusionDefinition v0.1.0
  [f6369f11] ForwardDiff v0.10.14
  [82899510] IteratorInterfaceExtensions v1.0.0
  [692b3bcd] JLLWrappers v1.2.0
  [1914dd2f] MacroTools v0.5.6
  [46d2c3a1] MuladdMacro v0.2.2
  [77ba4419] NaNMath v0.3.5
  [efe28fd5] OpenSpecFun_jll v0.5.3+4
  [3cdcf5f2] RecipesBase v1.0.2
  [731186ca] RecursiveArrayTools v2.3.5
  [189a3867] Reexport v0.2.0
  [ae029012] Requires v1.1.2
  [276daf66] SpecialFunctions v1.2.1
  [90137ffa] StaticArrays v0.12.5
  [3783bdb8] TableTraits v1.0.0
  [bd369af6] Tables v1.2.2
  [2c80a279] Trajectories v0.2.2
  [700de1a5] ZygoteRules v0.2.1
  [2a0f44e3] Base64
  [ade2ca70] Dates
  [8ba89e20] Distributed
  [b77e0a4c] InteractiveUtils
  [76f85450] LibGit2
  [8f399da3] Libdl
  [37e2e46d] LinearAlgebra
  [56ddb016] Logging
  [d6f4376e] Markdown
  [44cfe95a] Pkg
  [de0858da] Printf
  [3fa0cd96] REPL
  [9a3f8284] Random
  [ea8e919c] SHA
  [9e88b42a] Serialization
  [6462fe0b] Sockets
  [2f01184e] SparseArrays
  [10745b16] Statistics
  [8dfed614] Test
  [cf7118a7] UUIDs
  [4ec0a83e] Unicode
A new struct `TestDiffusion` has been defined.
A new struct `TestDiffusion2` has been defined.
Test Summary:          | Pass  Total
DiffusionDefinition.jl |   33     33
Test Summary:            | Pass  Total
State space restrictions |    8      8
Test Summary:     | Pass  Total
utility functions |    2      2
Test Summary: | Pass  Total
Buffers       |    7      7
Error, diffusion LotkaVolterra is supposed to be defined but it seems the file does not exist
Error, diffusion LotkaVolterraAux is supposed to be defined but it seems the file does not exist
WARNING: could not import DiffusionDefinition.LotkaVolterra into Main
WARNING: could not import DiffusionDefinition.LotkaVolterraAux into Main
setting parameters and cloning: Error During Test at /home/user/.julia/packages/DiffusionDefinition/8FAuw/test/runtests.jl:184
  Got exception outside of a @test
  UndefVarError: LotkaVolterra not defined
  Stacktrace:
   [1] top-level scope at /home/user/.julia/packages/DiffusionDefinition/8FAuw/test/runtests.jl:190
   [2] top-level scope at /workspace/srcdir/usr/share/julia/stdlib/v1.5/Test/src/Test.jl:1115
   [3] top-level scope at /home/user/.julia/packages/DiffusionDefinition/8FAuw/test/runtests.jl:185
   [4] include(::String) at ./client.jl:457
   [5] top-level scope at none:6
   [6] eval(::Module, ::Any) at ./boot.jl:331
   [7] exec_options(::Base.JLOptions) at ./client.jl:272
   [8] _start() at ./client.jl:506
  
Test Summary:                  | Error  Total
setting parameters and cloning |     1      1
ERROR: LoadError: Some tests did not pass: 0 passed, 0 failed, 1 errored, 0 broken.
in expression starting at /home/user/.julia/packages/DiffusionDefinition/8FAuw/test/runtests.jl:184

PkgEval failed: Package DiffusionDefinition errored during testing
Stacktrace:
 [1] pkgerror(::String) at /workspace/srcdir/usr/share/julia/stdlib/v1.5/Pkg/src/Types.jl:52
 [2] test(::Pkg.Types.Context, ::Array{Pkg.Types.PackageSpec,1}; coverage::Bool, julia_args::Cmd, test_args::Cmd, test_fn::Nothing) at /workspace/srcdir/usr/share/julia/stdlib/v1.5/Pkg/src/Operations.jl:1578
 [3] test(::Pkg.Types.Context, ::Array{Pkg.Types.PackageSpec,1}; coverage::Bool, test_fn::Nothing, julia_args::Cmd, test_args::Cmd, kwargs::Base.Iterators.Pairs{Union{},Union{},Tuple{},NamedTuple{(),Tuple{}}}) at /workspace/srcdir/usr/share/julia/stdlib/v1.5/Pkg/src/API.jl:327
 [4] test(::Pkg.Types.Context, ::Array{Pkg.Types.PackageSpec,1}) at /workspace/srcdir/usr/share/julia/stdlib/v1.5/Pkg/src/API.jl:314
 [5] #test#61 at /workspace/srcdir/usr/share/julia/stdlib/v1.5/Pkg/src/API.jl:67 [inlined]
 [6] test at /workspace/srcdir/usr/share/julia/stdlib/v1.5/Pkg/src/API.jl:67 [inlined]
 [7] #test#60 at /workspace/srcdir/usr/share/julia/stdlib/v1.5/Pkg/src/API.jl:66 [inlined]
 [8] test at /workspace/srcdir/usr/share/julia/stdlib/v1.5/Pkg/src/API.jl:66 [inlined]
 [9] test(::String; kwargs::Base.Iterators.Pairs{Union{},Union{},Tuple{},NamedTuple{(),Tuple{}}}) at /workspace/srcdir/usr/share/julia/stdlib/v1.5/Pkg/src/API.jl:65
 [10] test(::String) at /workspace/srcdir/usr/share/julia/stdlib/v1.5/Pkg/src/API.jl:65
 [11] top-level scope at none:22
 [12] eval at ./boot.jl:331 [inlined]
 [13] eval(::Expr) at ./client.jl:467
 [14] top-level scope at none:1
 [15] eval(::Module, ::Any) at ./boot.jl:331
 [16] exec_options(::Base.JLOptions) at ./client.jl:272
 [17] _start() at ./client.jl:506


################################################################################
# PkgEval teardown: 2021-01-11T18:37:35.31
CPU usage: 17.37s (14.44s user, 2.98s kernel)

Network usage:
- eth0: 6.798 MiB received, 166.840 KiB sent

Raw statistics: {"blkio_stats":{"io_queue_recursive":[],"io_serviced_recursive":[{"major":259,"value":924,"op":"Read","minor":0},{"major":259,"value":19,"op":"Write","minor":0},{"major":259,"value":938,"op":"Sync","minor":0},{"major":259,"value":5,"op":"Async","minor":0},{"major":259,"value":0,"op":"Discard","minor":0},{"major":259,"value":943,"op":"Total","minor":0},{"major":253,"value":924,"op":"Read","minor":2},{"major":253,"value":19,"op":"Write","minor":2},{"major":253,"value":938,"op":"Sync","minor":2},{"major":253,"value":5,"op":"Async","minor":2},{"major":253,"value":0,"op":"Discard","minor":2},{"major":253,"value":943,"op":"Total","minor":2}],"io_time_recursive":[],"sectors_recursive":[],"io_service_bytes_recursive":[{"major":259,"value":9633792,"op":"Read","minor":0},{"major":259,"value":86016,"op":"Write","minor":0},{"major":259,"value":9691136,"op":"Sync","minor":0},{"major":259,"value":28672,"op":"Async","minor":0},{"major":259,"value":0,"op":"Discard","minor":0},{"major":259,"value":9719808,"op":"Total","minor":0},{"major":253,"value":9633792,"op":"Read","minor":2},{"major":253,"value":86016,"op":"Write","minor":2},{"major":253,"value":9691136,"op":"Sync","minor":2},{"major":253,"value":28672,"op":"Async","minor":2},{"major":253,"value":0,"op":"Discard","minor":2},{"major":253,"value":9719808,"op":"Total","minor":2}],"io_wait_time_recursive":[],"io_merged_recursive":[],"io_service_time_recursive":[]},"memory_stats":{"usage":361230336,"max_usage":511762432,"stats":{"hierarchical_memory_limit":9223372036854771712,"pgmajfault":66,"total_rss":211116032,"inactive_file":5812224,"inactive_anon":86507520,"total_pgfault":313995,"total_cache":116940800,"total_rss_huge":0,"total_active_anon":212213760,"total_pgmajfault":66,"pgpgin":202851,"rss_huge":0,"mapped_file":270336,"total_inactive_file":5812224,"dirty":1216512,"total_unevictable":0,"total_dirty":1216512,"writeback":135168,"pgpgout":122722,"hierarchical_memsw_limit":0,"cache":116940800,"active_file":23789568,"pgfault":313995,"total_mapped_file":270336,"total_pgpgout":122722,"total_writeback":135168,"rss":211116032,"unevictable":0,"total_inactive_anon":86507520,"total_pgpgin":202851,"active_anon":212213760,"total_active_file":23789568},"limit":540965302272},"name":"/DiffusionDefinition-80zVNb0F","networks":{"eth0":{"rx_bytes":7128590,"rx_packets":1389,"tx_packets":1492,"tx_bytes":170844,"tx_dropped":0,"rx_dropped":1,"tx_errors":0,"rx_errors":0}},"id":"db545411e21926276e1178214ffd30be7981d3f9d0d7404fa517c730df406fc8","preread":"0001-01-01T00:00:00Z","storage_stats":{},"precpu_stats":{"throttling_data":{"throttled_periods":0,"throttled_time":0,"periods":0},"cpu_usage":{"usage_in_usermode":0,"usage_in_kernelmode":0,"total_usage":0}},"pids_stats":{"current":44},"num_procs":0,"cpu_stats":{"throttling_data":{"throttled_periods":0,"throttled_time":0,"periods":0},"system_cpu_usage":4647178654522419,"online_cpus":128,"cpu_usage":{"usage_in_usermode":14440000000,"usage_in_kernelmode":2980000000,"total_usage":17374340433,"percpu_usage":[0,0,0,0,0,0,0,0,0,0,0,0,0,0,0,0,0,0,0,0,0,0,0,0,0,0,0,0,0,0,0,0,0,0,0,0,0,0,0,0,0,17369904563,0,0,0,0,0,0,0,0,0,0,0,0,0,0,0,0,0,0,0,0,0,0,0,0,0,0,0,0,0,0,0,0,0,0,0,0,0,0,0,0,0,0,0,0,0,0,0,0,0,0,0,0,0,0,0,0,0,0,0,0,0,0,0,0,0,4435870,0,0,0,0,0,0,0,0,0,0,0,0,0,0,0,0,0,0,0,0]}},"read":"2021-01-11T18:37:35.54174907Z"}