################################################################################
# PackageCompiler set-up: 2021-01-11T15:36:09.421
#

Julia Version 1.5.3
Commit 599f52c4c6 (2020-12-18 13:33 UTC)
Platform Info:
  OS: Linux (x86_64-linux-gnu)
  CPU: AMD EPYC 7502 32-Core Processor
  WORD_SIZE: 64
  LIBM: libopenlibm
  LLVM: libLLVM-9.0.1 (ORCJIT, znver2)
Environment:
  JULIA_PKGEVAL = true
  JULIA_PKG_PRECOMPILE_AUTO = 0



################################################################################
# Installation: 2021-01-11T15:36:11.222
#

 Installing known registries into `~/.julia`
######################################################################## 100.0%
      Added registry `General` to `~/.julia/registries/General`
  Resolving package versions...
  Installed SortingAlgorithms ── v0.3.1
  Installed Discreet ─────────── v0.3.1
  Installed Missings ─────────── v0.4.4
  Installed DataAPI ──────────── v1.4.0
  Installed Compat ───────────── v3.25.0
  Installed OrderedCollections ─ v1.3.2
  Installed StatsBase ────────── v0.32.2
  Installed PackageCompiler ──── v1.2.5
  Installed DataStructures ───── v0.17.20
Updating `~/.julia/environments/v1.5/Project.toml`
  [c2843242] + Discreet v0.3.1
  [9b87118b] + PackageCompiler v1.2.5
Updating `~/.julia/environments/v1.5/Manifest.toml`
  [34da2185] + Compat v3.25.0
  [9a962f9c] + DataAPI v1.4.0
  [864edb3b] + DataStructures v0.17.20
  [c2843242] + Discreet v0.3.1
  [e1d29d7a] + Missings v0.4.4
  [bac558e1] + OrderedCollections v1.3.2
  [9b87118b] + PackageCompiler v1.2.5
  [a2af1166] + SortingAlgorithms v0.3.1
  [2913bbd2] + StatsBase v0.32.2
  [2a0f44e3] + Base64
  [ade2ca70] + Dates
  [8bb1440f] + DelimitedFiles
  [8ba89e20] + Distributed
  [b77e0a4c] + InteractiveUtils
  [76f85450] + LibGit2
  [8f399da3] + Libdl
  [37e2e46d] + LinearAlgebra
  [56ddb016] + Logging
  [d6f4376e] + Markdown
  [a63ad114] + Mmap
  [44cfe95a] + Pkg
  [de0858da] + Printf
  [3fa0cd96] + REPL
  [9a3f8284] + Random
  [ea8e919c] + SHA
  [9e88b42a] + Serialization
  [1a1011a3] + SharedArrays
  [6462fe0b] + Sockets
  [2f01184e] + SparseArrays
  [10745b16] + Statistics
  [8dfed614] + Test
  [cf7118a7] + UUIDs
  [4ec0a83e] + Unicode


################################################################################
# Compiling: 2021-01-11T15:36:16.484
#

[ Info: PackageCompiler: creating system image object file, this might take a while...
Generated system image is 151.707 MiB, compilation took 173 seconds


################################################################################
# PkgEval set-up: 2021-01-11T15:39:16.789
#

Julia Version 1.5.3
Commit 599f52c4c6 (2020-12-18 13:33 UTC)
Platform Info:
  OS: Linux (x86_64-linux-gnu)
  CPU: AMD EPYC 7502 32-Core Processor
  WORD_SIZE: 64
  LIBM: libopenlibm
  LLVM: libLLVM-9.0.1 (ORCJIT, znver2)
Environment:
  JULIA_PKGEVAL = true
  JULIA_PKG_PRECOMPILE_AUTO = 0

Base.julia_cmd() = `/usr/local/julia/bin/julia -Cnative -J/cache/Discreet-645nOO0V.so -g1`


################################################################################
# Installation: 2021-01-11T15:39:18.612
#

 Installing known registries into `~/.julia`
######################################################################## 100.0%
      Added registry `General` to `~/.julia/registries/General`
  Resolving package versions...
  Installed Discreet ─────────── v0.3.1
  Installed Missings ─────────── v0.4.4
  Installed SortingAlgorithms ── v0.3.1
  Installed DataAPI ──────────── v1.4.0
  Installed OrderedCollections ─ v1.3.2
  Installed Compat ───────────── v3.25.0
  Installed StatsBase ────────── v0.32.2
  Installed DataStructures ───── v0.17.20
Updating `~/.julia/environments/v1.5/Project.toml`
  [c2843242] + Discreet v0.3.1
Updating `~/.julia/environments/v1.5/Manifest.toml`
  [34da2185] + Compat v3.25.0
  [9a962f9c] + DataAPI v1.4.0
  [864edb3b] + DataStructures v0.17.20
  [c2843242] + Discreet v0.3.1
  [e1d29d7a] + Missings v0.4.4
  [bac558e1] + OrderedCollections v1.3.2
  [a2af1166] + SortingAlgorithms v0.3.1
  [2913bbd2] + StatsBase v0.32.2
  [2a0f44e3] + Base64
  [ade2ca70] + Dates
  [8bb1440f] + DelimitedFiles
  [8ba89e20] + Distributed
  [b77e0a4c] + InteractiveUtils
  [76f85450] + LibGit2
  [8f399da3] + Libdl
  [37e2e46d] + LinearAlgebra
  [56ddb016] + Logging
  [d6f4376e] + Markdown
  [a63ad114] + Mmap
  [44cfe95a] + Pkg
  [de0858da] + Printf
  [3fa0cd96] + REPL
  [9a3f8284] + Random
  [ea8e919c] + SHA
  [9e88b42a] + Serialization
  [1a1011a3] + SharedArrays
  [6462fe0b] + Sockets
  [2f01184e] + SparseArrays
  [10745b16] + Statistics
  [8dfed614] + Test
  [cf7118a7] + UUIDs
  [4ec0a83e] + Unicode


################################################################################
# Testing: 2021-01-11T15:39:22.887
#

    Testing Discreet
Status `/tmp/jl_wGvkeb/Project.toml`
  [34da2185] Compat v3.25.0
  [c2843242] Discreet v0.3.1
  [2913bbd2] StatsBase v0.32.2
  [9a3f8284] Random
Status `/tmp/jl_wGvkeb/Manifest.toml`
  [34da2185] Compat v3.25.0
  [9a962f9c] DataAPI v1.4.0
  [864edb3b] DataStructures v0.17.20
  [c2843242] Discreet v0.3.1
  [e1d29d7a] Missings v0.4.4
  [bac558e1] OrderedCollections v1.3.2
  [a2af1166] SortingAlgorithms v0.3.1
  [2913bbd2] StatsBase v0.32.2
  [2a0f44e3] Base64
  [ade2ca70] Dates
  [8bb1440f] DelimitedFiles
  [8ba89e20] Distributed
  [b77e0a4c] InteractiveUtils
  [76f85450] LibGit2
  [8f399da3] Libdl
  [37e2e46d] LinearAlgebra
  [56ddb016] Logging
  [d6f4376e] Markdown
  [a63ad114] Mmap
  [44cfe95a] Pkg
  [de0858da] Printf
  [3fa0cd96] REPL
  [9a3f8284] Random
  [ea8e919c] SHA
  [9e88b42a] Serialization
  [1a1011a3] SharedArrays
  [6462fe0b] Sockets
  [2f01184e] SparseArrays
  [10745b16] Statistics
  [8dfed614] Test
  [cf7118a7] UUIDs
  [4ec0a83e] Unicode
WARNING: Compat.Test is deprecated, use Test instead.
  likely near /home/user/.julia/packages/Discreet/xXBSI/test/runtests.jl:3
Test Summary:    | Pass  Total
Entropy routines |   11     11
Test Summary:               | Pass  Total
Mutual information routines |    3      3
Test Summary:      | Pass  Total
Contingency tables |    3      3
    Testing Discreet tests passed 

PkgEval succeeded


################################################################################
# PkgEval teardown: 2021-01-11T15:39:30.78
CPU usage: 14.09s (11.63s user, 2.50s kernel)

Network usage:
- eth0: 2.904 MiB received, 62.559 KiB sent

Raw statistics: {"blkio_stats":{"io_queue_recursive":[],"io_serviced_recursive":[{"major":259,"value":0,"op":"Read","minor":0},{"major":259,"value":19,"op":"Write","minor":0},{"major":259,"value":14,"op":"Sync","minor":0},{"major":259,"value":5,"op":"Async","minor":0},{"major":259,"value":0,"op":"Discard","minor":0},{"major":259,"value":19,"op":"Total","minor":0},{"major":253,"value":0,"op":"Read","minor":2},{"major":253,"value":19,"op":"Write","minor":2},{"major":253,"value":14,"op":"Sync","minor":2},{"major":253,"value":5,"op":"Async","minor":2},{"major":253,"value":0,"op":"Discard","minor":2},{"major":253,"value":19,"op":"Total","minor":2}],"io_time_recursive":[],"sectors_recursive":[],"io_service_bytes_recursive":[{"major":259,"value":0,"op":"Read","minor":0},{"major":259,"value":77824,"op":"Write","minor":0},{"major":259,"value":57344,"op":"Sync","minor":0},{"major":259,"value":20480,"op":"Async","minor":0},{"major":259,"value":0,"op":"Discard","minor":0},{"major":259,"value":77824,"op":"Total","minor":0},{"major":253,"value":0,"op":"Read","minor":2},{"major":253,"value":77824,"op":"Write","minor":2},{"major":253,"value":57344,"op":"Sync","minor":2},{"major":253,"value":20480,"op":"Async","minor":2},{"major":253,"value":0,"op":"Discard","minor":2},{"major":253,"value":77824,"op":"Total","minor":2}],"io_wait_time_recursive":[],"io_merged_recursive":[],"io_service_time_recursive":[]},"memory_stats":{"usage":295555072,"max_usage":561164288,"stats":{"hierarchical_memory_limit":9223372036854771712,"pgmajfault":0,"total_rss":183128064,"inactive_file":135168,"inactive_anon":80424960,"total_pgfault":297033,"total_cache":82886656,"total_rss_huge":0,"total_active_anon":183963648,"total_pgmajfault":0,"pgpgin":208560,"rss_huge":0,"mapped_file":0,"total_inactive_file":135168,"dirty":135168,"total_unevictable":0,"total_dirty":135168,"writeback":135168,"pgpgout":143605,"hierarchical_memsw_limit":0,"cache":82886656,"active_file":1757184,"pgfault":297033,"total_mapped_file":0,"total_pgpgout":143605,"total_writeback":135168,"rss":183128064,"unevictable":0,"total_inactive_anon":80424960,"total_pgpgin":208560,"active_anon":183963648,"total_active_file":1757184},"limit":540965302272},"name":"/Discreet-Ksm7ME7Z","networks":{"eth0":{"rx_bytes":3045515,"rx_packets":524,"tx_packets":572,"tx_bytes":64060,"tx_dropped":0,"rx_dropped":1,"tx_errors":0,"rx_errors":0}},"id":"25b0d52ea11197c52661f797f9a4aa12e549be200060d6209ffd2a74cef3cb52","preread":"0001-01-01T00:00:00Z","storage_stats":{},"precpu_stats":{"throttling_data":{"throttled_periods":0,"throttled_time":0,"periods":0},"cpu_usage":{"usage_in_usermode":0,"usage_in_kernelmode":0,"total_usage":0}},"pids_stats":{"current":44},"num_procs":0,"cpu_stats":{"throttling_data":{"throttled_periods":0,"throttled_time":0,"periods":0},"system_cpu_usage":3281802024522419,"online_cpus":128,"cpu_usage":{"usage_in_usermode":11630000000,"usage_in_kernelmode":2500000000,"total_usage":14094560374,"percpu_usage":[0,0,0,0,0,0,0,0,0,0,0,0,0,0,0,0,0,0,0,0,0,0,0,0,0,0,0,0,0,0,0,0,0,0,0,0,0,0,0,0,0,0,0,0,0,0,0,0,0,0,14094556774,0,0,0,0,0,0,0,0,0,0,0,0,0,0,0,0,0,0,0,0,0,0,0,0,0,0,0,0,0,0,0,0,0,0,0,0,0,0,0,0,0,0,0,0,0,0,0,0,0,0,0,0,0,0,0,0,0,0,0,0,0,3600,0,0,0,0,0,0,0,0,0,0,0,0,0,0,0]}},"read":"2021-01-11T15:39:30.782848234Z"}