################################################################################
# PackageCompiler set-up: 2021-01-11T21:40:13.647
#

Julia Version 1.5.3
Commit 599f52c4c6 (2020-12-18 13:33 UTC)
Platform Info:
  OS: Linux (x86_64-linux-gnu)
  CPU: AMD EPYC 7502 32-Core Processor
  WORD_SIZE: 64
  LIBM: libopenlibm
  LLVM: libLLVM-9.0.1 (ORCJIT, znver2)
Environment:
  JULIA_PKGEVAL = true
  JULIA_PKG_PRECOMPILE_AUTO = 0



################################################################################
# Installation: 2021-01-11T21:40:15.343
#

 Installing known registries into `~/.julia`
########                                                                  12.0%######################################################################## 100.0%
      Added registry `General` to `~/.julia/registries/General`
  Resolving package versions...
  Installed CompilerSupportLibraries_jll ─ v0.3.4+0
  Installed SortingAlgorithms ──────────── v0.3.1
  Installed Discretizers ───────────────── v3.2.0
  Installed Missings ───────────────────── v0.4.4
  Installed DataAPI ────────────────────── v1.4.0
  Installed SpecialFunctions ───────────── v1.2.1
  Installed JLLWrappers ────────────────── v1.2.0
  Installed OpenSpecFun_jll ────────────── v0.5.3+4
  Installed MuladdMacro ────────────────── v0.2.2
  Installed OrderedCollections ─────────── v1.3.2
  Installed PackageCompiler ────────────── v1.2.5
  Installed ChainRulesCore ─────────────── v0.9.24
  Installed Artifacts ──────────────────── v1.3.0
  Installed StatsBase ──────────────────── v0.33.2
  Installed DataStructures ─────────────── v0.17.20
Updating `~/.julia/environments/v1.5/Project.toml`
  [6e83dbb3] + Discretizers v3.2.0
  [9b87118b] + PackageCompiler v1.2.5
Updating `~/.julia/environments/v1.5/Manifest.toml`
  [56f22d72] + Artifacts v1.3.0
  [d360d2e6] + ChainRulesCore v0.9.24
  [e66e0078] + CompilerSupportLibraries_jll v0.3.4+0
  [9a962f9c] + DataAPI v1.4.0
  [864edb3b] + DataStructures v0.17.20
  [6e83dbb3] + Discretizers v3.2.0
  [692b3bcd] + JLLWrappers v1.2.0
  [e1d29d7a] + Missings v0.4.4
  [46d2c3a1] + MuladdMacro v0.2.2
  [efe28fd5] + OpenSpecFun_jll v0.5.3+4
  [bac558e1] + OrderedCollections v1.3.2
  [9b87118b] + PackageCompiler v1.2.5
  [a2af1166] + SortingAlgorithms v0.3.1
  [276daf66] + SpecialFunctions v1.2.1
  [2913bbd2] + StatsBase v0.33.2
  [2a0f44e3] + Base64
  [ade2ca70] + Dates
  [8ba89e20] + Distributed
  [b77e0a4c] + InteractiveUtils
  [76f85450] + LibGit2
  [8f399da3] + Libdl
  [37e2e46d] + LinearAlgebra
  [56ddb016] + Logging
  [d6f4376e] + Markdown
  [44cfe95a] + Pkg
  [de0858da] + Printf
  [3fa0cd96] + REPL
  [9a3f8284] + Random
  [ea8e919c] + SHA
  [9e88b42a] + Serialization
  [6462fe0b] + Sockets
  [2f01184e] + SparseArrays
  [10745b16] + Statistics
  [8dfed614] + Test
  [cf7118a7] + UUIDs
  [4ec0a83e] + Unicode


################################################################################
# Compiling: 2021-01-11T21:40:21.787
#

[ Info: PackageCompiler: creating system image object file, this might take a while...
Generated system image is 156.367 MiB, compilation took 190 seconds


################################################################################
# PkgEval set-up: 2021-01-11T21:43:39.667
#

Julia Version 1.5.3
Commit 599f52c4c6 (2020-12-18 13:33 UTC)
Platform Info:
  OS: Linux (x86_64-linux-gnu)
  CPU: AMD EPYC 7502 32-Core Processor
  WORD_SIZE: 64
  LIBM: libopenlibm
  LLVM: libLLVM-9.0.1 (ORCJIT, znver2)
Environment:
  JULIA_PKGEVAL = true
  JULIA_PKG_PRECOMPILE_AUTO = 0

Base.julia_cmd() = `/usr/local/julia/bin/julia -Cnative -J/cache/Discretizers-5OlY1afx.so -g1`


################################################################################
# Installation: 2021-01-11T21:43:41.56
#

 Installing known registries into `~/.julia`
######################################################                    76.2%######################################################################## 100.0%
      Added registry `General` to `~/.julia/registries/General`
  Resolving package versions...
  Installed Discretizers ───────────────── v3.2.0
  Installed CompilerSupportLibraries_jll ─ v0.3.4+0
  Installed SortingAlgorithms ──────────── v0.3.1
  Installed Missings ───────────────────── v0.4.4
  Installed DataAPI ────────────────────── v1.4.0
  Installed SpecialFunctions ───────────── v1.2.1
  Installed MuladdMacro ────────────────── v0.2.2
  Installed JLLWrappers ────────────────── v1.2.0
  Installed ChainRulesCore ─────────────── v0.9.24
  Installed OrderedCollections ─────────── v1.3.2
  Installed OpenSpecFun_jll ────────────── v0.5.3+4
  Installed DataStructures ─────────────── v0.17.20
  Installed StatsBase ──────────────────── v0.33.2
  Installed Artifacts ──────────────────── v1.3.0
Updating `~/.julia/environments/v1.5/Project.toml`
  [6e83dbb3] + Discretizers v3.2.0
Updating `~/.julia/environments/v1.5/Manifest.toml`
  [56f22d72] + Artifacts v1.3.0
  [d360d2e6] + ChainRulesCore v0.9.24
  [e66e0078] + CompilerSupportLibraries_jll v0.3.4+0
  [9a962f9c] + DataAPI v1.4.0
  [864edb3b] + DataStructures v0.17.20
  [6e83dbb3] + Discretizers v3.2.0
  [692b3bcd] + JLLWrappers v1.2.0
  [e1d29d7a] + Missings v0.4.4
  [46d2c3a1] + MuladdMacro v0.2.2
  [efe28fd5] + OpenSpecFun_jll v0.5.3+4
  [bac558e1] + OrderedCollections v1.3.2
  [a2af1166] + SortingAlgorithms v0.3.1
  [276daf66] + SpecialFunctions v1.2.1
  [2913bbd2] + StatsBase v0.33.2
  [2a0f44e3] + Base64
  [ade2ca70] + Dates
  [8ba89e20] + Distributed
  [b77e0a4c] + InteractiveUtils
  [76f85450] + LibGit2
  [8f399da3] + Libdl
  [37e2e46d] + LinearAlgebra
  [56ddb016] + Logging
  [d6f4376e] + Markdown
  [44cfe95a] + Pkg
  [de0858da] + Printf
  [3fa0cd96] + REPL
  [9a3f8284] + Random
  [ea8e919c] + SHA
  [9e88b42a] + Serialization
  [6462fe0b] + Sockets
  [2f01184e] + SparseArrays
  [10745b16] + Statistics
  [8dfed614] + Test
  [cf7118a7] + UUIDs
  [4ec0a83e] + Unicode


################################################################################
# Testing: 2021-01-11T21:43:46.981
#

    Testing Discretizers
Status `/tmp/jl_QsXCQa/Project.toml`
  [864edb3b] DataStructures v0.17.20
  [6e83dbb3] Discretizers v3.2.0
  [276daf66] SpecialFunctions v1.2.1
  [2913bbd2] StatsBase v0.33.2
  [10745b16] Statistics
  [8dfed614] Test
Status `/tmp/jl_QsXCQa/Manifest.toml`
  [56f22d72] Artifacts v1.3.0
  [d360d2e6] ChainRulesCore v0.9.24
  [e66e0078] CompilerSupportLibraries_jll v0.3.4+0
  [9a962f9c] DataAPI v1.4.0
  [864edb3b] DataStructures v0.17.20
  [6e83dbb3] Discretizers v3.2.0
  [692b3bcd] JLLWrappers v1.2.0
  [e1d29d7a] Missings v0.4.4
  [46d2c3a1] MuladdMacro v0.2.2
  [efe28fd5] OpenSpecFun_jll v0.5.3+4
  [bac558e1] OrderedCollections v1.3.2
  [a2af1166] SortingAlgorithms v0.3.1
  [276daf66] SpecialFunctions v1.2.1
  [2913bbd2] StatsBase v0.33.2
  [2a0f44e3] Base64
  [ade2ca70] Dates
  [8ba89e20] Distributed
  [b77e0a4c] InteractiveUtils
  [76f85450] LibGit2
  [8f399da3] Libdl
  [37e2e46d] LinearAlgebra
  [56ddb016] Logging
  [d6f4376e] Markdown
  [44cfe95a] Pkg
  [de0858da] Printf
  [3fa0cd96] REPL
  [9a3f8284] Random
  [ea8e919c] SHA
  [9e88b42a] Serialization
  [6462fe0b] Sockets
  [2f01184e] SparseArrays
  [10745b16] Statistics
  [8dfed614] Test
  [cf7118a7] UUIDs
  [4ec0a83e] Unicode
    Testing Discretizers tests passed 

PkgEval succeeded


################################################################################
# PkgEval teardown: 2021-01-11T21:43:58.088
CPU usage: 18.56s (15.99s user, 2.63s kernel)

Network usage:
- eth0: 3.292 MiB received, 91.303 KiB sent

Raw statistics: {"blkio_stats":{"io_queue_recursive":[],"io_serviced_recursive":[{"major":259,"value":0,"op":"Read","minor":0},{"major":259,"value":19,"op":"Write","minor":0},{"major":259,"value":14,"op":"Sync","minor":0},{"major":259,"value":5,"op":"Async","minor":0},{"major":259,"value":0,"op":"Discard","minor":0},{"major":259,"value":19,"op":"Total","minor":0},{"major":253,"value":0,"op":"Read","minor":2},{"major":253,"value":19,"op":"Write","minor":2},{"major":253,"value":14,"op":"Sync","minor":2},{"major":253,"value":5,"op":"Async","minor":2},{"major":253,"value":0,"op":"Discard","minor":2},{"major":253,"value":19,"op":"Total","minor":2}],"io_time_recursive":[],"sectors_recursive":[],"io_service_bytes_recursive":[{"major":259,"value":0,"op":"Read","minor":0},{"major":259,"value":86016,"op":"Write","minor":0},{"major":259,"value":57344,"op":"Sync","minor":0},{"major":259,"value":28672,"op":"Async","minor":0},{"major":259,"value":0,"op":"Discard","minor":0},{"major":259,"value":86016,"op":"Total","minor":0},{"major":253,"value":0,"op":"Read","minor":2},{"major":253,"value":86016,"op":"Write","minor":2},{"major":253,"value":57344,"op":"Sync","minor":2},{"major":253,"value":28672,"op":"Async","minor":2},{"major":253,"value":0,"op":"Discard","minor":2},{"major":253,"value":86016,"op":"Total","minor":2}],"io_wait_time_recursive":[],"io_merged_recursive":[],"io_service_time_recursive":[]},"memory_stats":{"usage":308764672,"max_usage":542998528,"stats":{"hierarchical_memory_limit":9223372036854771712,"pgmajfault":0,"total_rss":195592192,"inactive_file":135168,"inactive_anon":82046976,"total_pgfault":326172,"total_cache":83247104,"total_rss_huge":0,"total_active_anon":196534272,"total_pgmajfault":0,"pgpgin":199221,"rss_huge":0,"mapped_file":0,"total_inactive_file":135168,"dirty":135168,"total_unevictable":0,"total_dirty":135168,"writeback":0,"pgpgout":131152,"hierarchical_memsw_limit":0,"cache":83247104,"active_file":405504,"pgfault":326172,"total_mapped_file":0,"total_pgpgout":131152,"total_writeback":0,"rss":195592192,"unevictable":0,"total_inactive_anon":82046976,"total_pgpgin":199221,"active_anon":196534272,"total_active_file":405504},"limit":540965302272},"name":"/Discretizers-hDdA5VMR","networks":{"eth0":{"rx_bytes":3451388,"rx_packets":717,"tx_packets":792,"tx_bytes":93494,"tx_dropped":0,"rx_dropped":1,"tx_errors":0,"rx_errors":0}},"id":"43527ed75f5f8c7a4ee3c9fe2c7b669ed9c1cdf046eedc768a18e6538c91894f","preread":"0001-01-01T00:00:00Z","storage_stats":{},"precpu_stats":{"throttling_data":{"throttled_periods":0,"throttled_time":0,"periods":0},"cpu_usage":{"usage_in_usermode":0,"usage_in_kernelmode":0,"total_usage":0}},"pids_stats":{"current":44},"num_procs":0,"cpu_stats":{"throttling_data":{"throttled_periods":0,"throttled_time":0,"periods":0},"system_cpu_usage":6076226224522419,"online_cpus":128,"cpu_usage":{"usage_in_usermode":15990000000,"usage_in_kernelmode":2630000000,"total_usage":18560414583,"percpu_usage":[0,0,0,0,0,0,0,0,0,0,0,0,0,0,0,0,0,0,0,0,0,0,0,0,0,0,0,0,0,0,0,0,0,0,0,0,0,0,0,0,0,0,0,0,0,0,0,18564412544,0,0,0,0,0,0,0,0,0,0,0,0,0,0,0,0,0,0,0,0,0,0,0,0,0,0,0,0,0,0,0,0,0,0,0,0,0,0,0,0,0,0,0,0,0,0,0,0,0,0,0,0,0,0,0,0,0,0,0,0,0,0,0,0,0,0,0,0,0,0,0,0,0,0,0,0,0,0,0,0]}},"read":"2021-01-11T21:43:58.091128325Z"}