################################################################################
# PkgEval set-up: 2021-01-11T23:51:42.858
#

Julia Version 1.5.3
Commit 599f52c4c6 (2020-12-18 13:33 UTC)
Platform Info:
  OS: Linux (x86_64-linux-gnu)
  CPU: AMD EPYC 7502 32-Core Processor
  WORD_SIZE: 64
  LIBM: libopenlibm
  LLVM: libLLVM-9.0.1 (ORCJIT, znver2)
Environment:
  JULIA_PKG_PRECOMPILE_AUTO = 0
  JULIA_PKGEVAL = true

Base.julia_cmd() = `/opt/julia/bin/julia -Cnative -J/opt/julia/lib/julia/sys.so -g1`


################################################################################
# Installation: 2021-01-11T23:51:44.637
#

 Installing known registries into `~/.julia`
######################################################################## 100.0%
      Added registry `General` to `~/.julia/registries/General`
  Resolving package versions...
  Installed Discreet ─────────── v0.3.1
  Installed Missings ─────────── v0.4.4
  Installed DataAPI ──────────── v1.4.0
  Installed SortingAlgorithms ── v0.3.1
  Installed Compat ───────────── v3.25.0
  Installed OrderedCollections ─ v1.3.2
  Installed StatsBase ────────── v0.32.2
  Installed DataStructures ───── v0.17.20
Updating `~/.julia/environments/v1.5/Project.toml`
  [c2843242] + Discreet v0.3.1
Updating `~/.julia/environments/v1.5/Manifest.toml`
  [34da2185] + Compat v3.25.0
  [9a962f9c] + DataAPI v1.4.0
  [864edb3b] + DataStructures v0.17.20
  [c2843242] + Discreet v0.3.1
  [e1d29d7a] + Missings v0.4.4
  [bac558e1] + OrderedCollections v1.3.2
  [a2af1166] + SortingAlgorithms v0.3.1
  [2913bbd2] + StatsBase v0.32.2
  [2a0f44e3] + Base64
  [ade2ca70] + Dates
  [8bb1440f] + DelimitedFiles
  [8ba89e20] + Distributed
  [b77e0a4c] + InteractiveUtils
  [76f85450] + LibGit2
  [8f399da3] + Libdl
  [37e2e46d] + LinearAlgebra
  [56ddb016] + Logging
  [d6f4376e] + Markdown
  [a63ad114] + Mmap
  [44cfe95a] + Pkg
  [de0858da] + Printf
  [3fa0cd96] + REPL
  [9a3f8284] + Random
  [ea8e919c] + SHA
  [9e88b42a] + Serialization
  [1a1011a3] + SharedArrays
  [6462fe0b] + Sockets
  [2f01184e] + SparseArrays
  [10745b16] + Statistics
  [8dfed614] + Test
  [cf7118a7] + UUIDs
  [4ec0a83e] + Unicode


################################################################################
# Testing: 2021-01-11T23:51:49.049
#

    Testing Discreet
Status `/tmp/jl_vkjj4T/Project.toml`
  [34da2185] Compat v3.25.0
  [c2843242] Discreet v0.3.1
  [2913bbd2] StatsBase v0.32.2
  [9a3f8284] Random
Status `/tmp/jl_vkjj4T/Manifest.toml`
  [34da2185] Compat v3.25.0
  [9a962f9c] DataAPI v1.4.0
  [864edb3b] DataStructures v0.17.20
  [c2843242] Discreet v0.3.1
  [e1d29d7a] Missings v0.4.4
  [bac558e1] OrderedCollections v1.3.2
  [a2af1166] SortingAlgorithms v0.3.1
  [2913bbd2] StatsBase v0.32.2
  [2a0f44e3] Base64
  [ade2ca70] Dates
  [8bb1440f] DelimitedFiles
  [8ba89e20] Distributed
  [b77e0a4c] InteractiveUtils
  [76f85450] LibGit2
  [8f399da3] Libdl
  [37e2e46d] LinearAlgebra
  [56ddb016] Logging
  [d6f4376e] Markdown
  [a63ad114] Mmap
  [44cfe95a] Pkg
  [de0858da] Printf
  [3fa0cd96] REPL
  [9a3f8284] Random
  [ea8e919c] SHA
  [9e88b42a] Serialization
  [1a1011a3] SharedArrays
  [6462fe0b] Sockets
  [2f01184e] SparseArrays
  [10745b16] Statistics
  [8dfed614] Test
  [cf7118a7] UUIDs
  [4ec0a83e] Unicode
WARNING: Compat.Test is deprecated, use Test instead.
  likely near /home/pkgeval/.julia/packages/Discreet/xXBSI/test/runtests.jl:3
Test Summary:    | Pass  Total
Entropy routines |   11     11
Test Summary:               | Pass  Total
Mutual information routines |    3      3
Test Summary:      | Pass  Total
Contingency tables |    3      3
    Testing Discreet tests passed 

PkgEval succeeded


################################################################################
# PkgEval teardown: 2021-01-11T23:52:05.136
CPU usage: 22.38s (18.98s user, 3.46s kernel)

Network usage:
- eth0: 2.903 MiB received, 59.207 KiB sent

Raw statistics: {"blkio_stats":{"io_queue_recursive":[],"io_serviced_recursive":[{"major":259,"value":24,"op":"Read","minor":0},{"major":259,"value":24,"op":"Write","minor":0},{"major":259,"value":43,"op":"Sync","minor":0},{"major":259,"value":5,"op":"Async","minor":0},{"major":259,"value":0,"op":"Discard","minor":0},{"major":259,"value":48,"op":"Total","minor":0},{"major":253,"value":24,"op":"Read","minor":2},{"major":253,"value":24,"op":"Write","minor":2},{"major":253,"value":43,"op":"Sync","minor":2},{"major":253,"value":5,"op":"Async","minor":2},{"major":253,"value":0,"op":"Discard","minor":2},{"major":253,"value":48,"op":"Total","minor":2}],"io_time_recursive":[],"sectors_recursive":[],"io_service_bytes_recursive":[{"major":259,"value":385024,"op":"Read","minor":0},{"major":259,"value":126976,"op":"Write","minor":0},{"major":259,"value":491520,"op":"Sync","minor":0},{"major":259,"value":20480,"op":"Async","minor":0},{"major":259,"value":0,"op":"Discard","minor":0},{"major":259,"value":512000,"op":"Total","minor":0},{"major":253,"value":385024,"op":"Read","minor":2},{"major":253,"value":126976,"op":"Write","minor":2},{"major":253,"value":491520,"op":"Sync","minor":2},{"major":253,"value":20480,"op":"Async","minor":2},{"major":253,"value":0,"op":"Discard","minor":2},{"major":253,"value":512000,"op":"Total","minor":2}],"io_wait_time_recursive":[],"io_merged_recursive":[],"io_service_time_recursive":[]},"memory_stats":{"usage":335548416,"max_usage":1010397184,"stats":{"hierarchical_memory_limit":9223372036854771712,"pgmajfault":0,"total_rss":221941760,"inactive_file":405504,"inactive_anon":80289792,"total_pgfault":671781,"total_cache":84013056,"total_rss_huge":0,"total_active_anon":225206272,"total_pgmajfault":0,"pgpgin":457149,"rss_huge":0,"mapped_file":0,"total_inactive_file":405504,"dirty":405504,"total_unevictable":0,"total_dirty":405504,"writeback":270336,"pgpgout":382449,"hierarchical_memsw_limit":0,"cache":84013056,"active_file":270336,"pgfault":671781,"total_mapped_file":0,"total_pgpgout":382449,"total_writeback":270336,"rss":221941760,"unevictable":0,"total_inactive_anon":80289792,"total_pgpgin":457149,"active_anon":225206272,"total_active_file":270336},"limit":540965302272},"name":"/Discreet-Murl83Pk","networks":{"eth0":{"rx_bytes":3043875,"rx_packets":473,"tx_packets":520,"tx_bytes":60628,"tx_dropped":0,"rx_dropped":1,"tx_errors":0,"rx_errors":0}},"id":"2fb0500af3e0499ed5df6fe63745d83b9e4dc9246add7d4a2b640cab37d1ba74","preread":"0001-01-01T00:00:00Z","storage_stats":{},"precpu_stats":{"throttling_data":{"throttled_periods":0,"throttled_time":0,"periods":0},"cpu_usage":{"usage_in_usermode":0,"usage_in_kernelmode":0,"total_usage":0}},"pids_stats":{"current":40},"num_procs":0,"cpu_stats":{"throttling_data":{"throttled_periods":0,"throttled_time":0,"periods":0},"system_cpu_usage":7058530484522419,"online_cpus":128,"cpu_usage":{"usage_in_usermode":18980000000,"usage_in_kernelmode":3460000000,"total_usage":22379302730,"percpu_usage":[0,0,0,0,0,0,0,0,0,0,0,0,0,0,0,0,0,0,0,0,0,0,0,0,0,0,0,0,0,0,0,0,0,22379302730,0,0,0,0,0,0,0,0,0,0,0,0,0,0,0,0,0,0,0,0,0,0,0,0,0,0,0,0,0,0,0,0,0,0,0,0,0,0,0,0,0,0,0,0,0,0,0,0,0,0,0,0,0,0,0,0,0,0,0,0,0,0,0,0,0,0,0,0,0,0,0,0,0,0,0,0,0,0,0,0,0,0,0,0,0,0,0,0,0,0,0,0,0,0]}},"read":"2021-01-11T23:52:05.140077148Z"}