################################################################################
# PackageCompiler set-up: 2021-01-11T20:15:45.629
#

Julia Version 1.5.3
Commit 599f52c4c6 (2020-12-18 13:33 UTC)
Platform Info:
  OS: Linux (x86_64-linux-gnu)
  CPU: AMD EPYC 7502 32-Core Processor
  WORD_SIZE: 64
  LIBM: libopenlibm
  LLVM: libLLVM-9.0.1 (ORCJIT, znver2)
Environment:
  JULIA_PKGEVAL = true
  JULIA_PKG_PRECOMPILE_AUTO = 0



################################################################################
# Installation: 2021-01-11T20:15:47.309
#

 Installing known registries into `~/.julia`
########################################################                  78.7%######################################################################## 100.0%
      Added registry `General` to `~/.julia/registries/General`
  Resolving package versions...
  Installed DisplayStructure ─ v0.2.3
  Installed Terming ────────── v0.2.5
  Installed Crayons ────────── v4.0.4
  Installed PackageCompiler ── v1.2.5
Updating `~/.julia/environments/v1.5/Project.toml`
  [3564bb48] + DisplayStructure v0.2.3
  [9b87118b] + PackageCompiler v1.2.5
Updating `~/.julia/environments/v1.5/Manifest.toml`
  [a8cc5b0e] + Crayons v4.0.4
  [3564bb48] + DisplayStructure v0.2.3
  [9b87118b] + PackageCompiler v1.2.5
  [5a1048b7] + Terming v0.2.5
  [2a0f44e3] + Base64
  [ade2ca70] + Dates
  [8ba89e20] + Distributed
  [b77e0a4c] + InteractiveUtils
  [76f85450] + LibGit2
  [8f399da3] + Libdl
  [56ddb016] + Logging
  [d6f4376e] + Markdown
  [44cfe95a] + Pkg
  [de0858da] + Printf
  [3fa0cd96] + REPL
  [9a3f8284] + Random
  [ea8e919c] + SHA
  [9e88b42a] + Serialization
  [6462fe0b] + Sockets
  [8dfed614] + Test
  [cf7118a7] + UUIDs
  [4ec0a83e] + Unicode


################################################################################
# Compiling: 2021-01-11T20:15:52.759
#

[ Info: PackageCompiler: creating system image object file, this might take a while...
Generated system image is 147.550 MiB, compilation took 163 seconds


################################################################################
# PkgEval set-up: 2021-01-11T20:18:42.358
#

Julia Version 1.5.3
Commit 599f52c4c6 (2020-12-18 13:33 UTC)
Platform Info:
  OS: Linux (x86_64-linux-gnu)
  CPU: AMD EPYC 7502 32-Core Processor
  WORD_SIZE: 64
  LIBM: libopenlibm
  LLVM: libLLVM-9.0.1 (ORCJIT, znver2)
Environment:
  JULIA_PKGEVAL = true
  JULIA_PKG_PRECOMPILE_AUTO = 0

Base.julia_cmd() = `/usr/local/julia/bin/julia -Cnative -J/cache/DisplayStructure-T00M76RP.so -g1`


################################################################################
# Installation: 2021-01-11T20:18:44.179
#

 Installing known registries into `~/.julia`
#################################                                         46.6%######################################################################## 100.0%
      Added registry `General` to `~/.julia/registries/General`
  Resolving package versions...
  Installed Terming ────────── v0.2.5
  Installed Crayons ────────── v4.0.4
  Installed DisplayStructure ─ v0.2.3
Updating `~/.julia/environments/v1.5/Project.toml`
  [3564bb48] + DisplayStructure v0.2.3
Updating `~/.julia/environments/v1.5/Manifest.toml`
  [a8cc5b0e] + Crayons v4.0.4
  [3564bb48] + DisplayStructure v0.2.3
  [5a1048b7] + Terming v0.2.5
  [2a0f44e3] + Base64
  [8ba89e20] + Distributed
  [b77e0a4c] + InteractiveUtils
  [56ddb016] + Logging
  [d6f4376e] + Markdown
  [3fa0cd96] + REPL
  [9a3f8284] + Random
  [9e88b42a] + Serialization
  [6462fe0b] + Sockets
  [8dfed614] + Test


################################################################################
# Testing: 2021-01-11T20:18:48.237
#

    Testing DisplayStructure
Status `/tmp/jl_88Qo8c/Project.toml`
  [a8cc5b0e] Crayons v4.0.4
  [3564bb48] DisplayStructure v0.2.3
  [5a1048b7] Terming v0.2.5
  [8dfed614] Test
Status `/tmp/jl_88Qo8c/Manifest.toml`
  [a8cc5b0e] Crayons v4.0.4
  [3564bb48] DisplayStructure v0.2.3
  [5a1048b7] Terming v0.2.5
  [2a0f44e3] Base64
  [8ba89e20] Distributed
  [b77e0a4c] InteractiveUtils
  [56ddb016] Logging
  [d6f4376e] Markdown
  [3fa0cd96] REPL
  [9a3f8284] Random
  [9e88b42a] Serialization
  [6462fe0b] Sockets
  [8dfed614] Test
Test Summary:       | Pass  Total
DisplayStructure.jl |   27     27
    Testing DisplayStructure tests passed 

PkgEval succeeded


################################################################################
# PkgEval teardown: 2021-01-11T20:18:51.983
CPU usage: 9.39s (7.07s user, 2.37s kernel)

Network usage:
- eth0: 2.692 MiB received, 39.468 KiB sent

Raw statistics: {"blkio_stats":{"io_queue_recursive":[],"io_serviced_recursive":[{"major":259,"value":0,"op":"Read","minor":0},{"major":259,"value":19,"op":"Write","minor":0},{"major":259,"value":14,"op":"Sync","minor":0},{"major":259,"value":5,"op":"Async","minor":0},{"major":259,"value":0,"op":"Discard","minor":0},{"major":259,"value":19,"op":"Total","minor":0},{"major":253,"value":0,"op":"Read","minor":2},{"major":253,"value":19,"op":"Write","minor":2},{"major":253,"value":14,"op":"Sync","minor":2},{"major":253,"value":5,"op":"Async","minor":2},{"major":253,"value":0,"op":"Discard","minor":2},{"major":253,"value":19,"op":"Total","minor":2}],"io_time_recursive":[],"sectors_recursive":[],"io_service_bytes_recursive":[{"major":259,"value":0,"op":"Read","minor":0},{"major":259,"value":77824,"op":"Write","minor":0},{"major":259,"value":57344,"op":"Sync","minor":0},{"major":259,"value":20480,"op":"Async","minor":0},{"major":259,"value":0,"op":"Discard","minor":0},{"major":259,"value":77824,"op":"Total","minor":0},{"major":253,"value":0,"op":"Read","minor":2},{"major":253,"value":77824,"op":"Write","minor":2},{"major":253,"value":57344,"op":"Sync","minor":2},{"major":253,"value":20480,"op":"Async","minor":2},{"major":253,"value":0,"op":"Discard","minor":2},{"major":253,"value":77824,"op":"Total","minor":2}],"io_wait_time_recursive":[],"io_merged_recursive":[],"io_service_time_recursive":[]},"memory_stats":{"usage":302899200,"max_usage":450396160,"stats":{"hierarchical_memory_limit":9223372036854771712,"pgmajfault":0,"total_rss":194007040,"inactive_file":135168,"inactive_anon":79073280,"total_pgfault":199419,"total_cache":79765504,"total_rss_huge":0,"total_active_anon":194641920,"total_pgmajfault":0,"pgpgin":159720,"rss_huge":0,"mapped_file":0,"total_inactive_file":135168,"dirty":135168,"total_unevictable":0,"total_dirty":135168,"writeback":0,"pgpgout":92901,"hierarchical_memsw_limit":0,"cache":79765504,"active_file":135168,"pgfault":199419,"total_mapped_file":0,"total_pgpgout":92901,"total_writeback":0,"rss":194007040,"unevictable":0,"total_inactive_anon":79073280,"total_pgpgin":159720,"active_anon":194641920,"total_active_file":135168},"limit":540965302272},"name":"/DisplayStructure-9RwZzQkf","networks":{"eth0":{"rx_bytes":2823201,"rx_packets":370,"tx_packets":394,"tx_bytes":40415,"tx_dropped":0,"rx_dropped":1,"tx_errors":0,"rx_errors":0}},"id":"68ad8bc3024fcbc4b9172e23a828ca528b30f56be5263e1d194a87c17e4a4f9f","preread":"0001-01-01T00:00:00Z","storage_stats":{},"precpu_stats":{"throttling_data":{"throttled_periods":0,"throttled_time":0,"periods":0},"cpu_usage":{"usage_in_usermode":0,"usage_in_kernelmode":0,"total_usage":0}},"pids_stats":{"current":44},"num_procs":0,"cpu_stats":{"throttling_data":{"throttled_periods":0,"throttled_time":0,"periods":0},"system_cpu_usage":5423971154522419,"online_cpus":128,"cpu_usage":{"usage_in_usermode":7070000000,"usage_in_kernelmode":2370000000,"total_usage":9387845565,"percpu_usage":[0,0,0,0,0,0,0,0,9387845565,0,0,0,0,0,0,0,0,0,0,0,0,0,0,0,0,0,0,0,0,0,0,0,0,0,0,0,0,0,0,0,0,0,0,0,0,0,0,0,0,0,0,0,0,0,0,0,0,0,0,0,0,0,0,0,0,0,0,0,0,0,0,0,0,0,0,0,0,0,0,0,0,0,0,0,0,0,0,0,0,0,0,0,0,0,0,0,0,0,0,0,0,0,0,0,0,0,0,0,0,0,0,0,0,0,0,0,0,0,0,0,0,0,0,0,0,0,0,0]}},"read":"2021-01-11T20:18:52.081796611Z"}