################################################################################
# PackageCompiler set-up: 2021-01-11T15:33:44.746
#

Julia Version 1.5.3
Commit 599f52c4c6 (2020-12-18 13:33 UTC)
Platform Info:
  OS: Linux (x86_64-linux-gnu)
  CPU: AMD EPYC 7502 32-Core Processor
  WORD_SIZE: 64
  LIBM: libopenlibm
  LLVM: libLLVM-9.0.1 (ORCJIT, znver2)
Environment:
  JULIA_PKGEVAL = true
  JULIA_PKG_PRECOMPILE_AUTO = 0



################################################################################
# Installation: 2021-01-11T15:33:46.467
#

 Installing known registries into `~/.julia`
######################################################################## 100.0%
      Added registry `General` to `~/.julia/registries/General`
  Resolving package versions...
  Installed CompilerSupportLibraries_jll ─ v0.3.4+0
  Installed ZygoteRules ────────────────── v0.2.1
  Installed Reexport ───────────────────── v1.0.0
  Installed Rmath_jll ──────────────────── v0.2.2+1
  Installed CommonSubexpressions ───────── v0.3.0
  Installed Rmath ──────────────────────── v0.6.1
  Installed DistributionsAD ────────────── v0.6.15
  Installed MuladdMacro ────────────────── v0.2.2
  Installed FillArrays ─────────────────── v0.10.2
  Installed QuadGK ─────────────────────── v2.4.1
  Installed Requires ───────────────────── v1.1.2
  Installed DataStructures ─────────────── v0.18.8
  Installed StatsBase ──────────────────── v0.33.2
  Installed DataAPI ────────────────────── v1.4.0
  Installed PackageCompiler ────────────── v1.2.5
  Installed DiffRules ──────────────────── v1.0.2
  Installed DiffResults ────────────────── v1.0.3
  Installed Missings ───────────────────── v0.4.4
  Installed OrderedCollections ─────────── v1.3.2
  Installed MacroTools ─────────────────── v0.5.6
  Installed StaticArrays ───────────────── v1.0.1
  Installed NaNMath ────────────────────── v0.3.5
  Installed JLLWrappers ────────────────── v1.2.0
  Installed PDMats ─────────────────────── v0.10.1
  Installed Adapt ──────────────────────── v2.4.0
  Installed StatsFuns ──────────────────── v0.9.6
  Installed ForwardDiff ────────────────── v0.10.14
  Installed Distributions ──────────────── v0.24.10
  Installed ChainRules ─────────────────── v0.7.45
  Installed SpecialFunctions ───────────── v1.2.1
  Installed SortingAlgorithms ──────────── v0.3.1
  Installed OpenSpecFun_jll ────────────── v0.5.3+4
  Installed Compat ─────────────────────── v3.25.0
  Installed ChainRulesCore ─────────────── v0.9.24
  Installed Artifacts ──────────────────── v1.3.0
Updating `~/.julia/environments/v1.5/Project.toml`
  [ced4e74d] + DistributionsAD v0.6.15
  [9b87118b] + PackageCompiler v1.2.5
Updating `~/.julia/environments/v1.5/Manifest.toml`
  [79e6a3ab] + Adapt v2.4.0
  [56f22d72] + Artifacts v1.3.0
  [082447d4] + ChainRules v0.7.45
  [d360d2e6] + ChainRulesCore v0.9.24
  [bbf7d656] + CommonSubexpressions v0.3.0
  [34da2185] + Compat v3.25.0
  [e66e0078] + CompilerSupportLibraries_jll v0.3.4+0
  [9a962f9c] + DataAPI v1.4.0
  [864edb3b] + DataStructures v0.18.8
  [163ba53b] + DiffResults v1.0.3
  [b552c78f] + DiffRules v1.0.2
  [31c24e10] + Distributions v0.24.10
  [ced4e74d] + DistributionsAD v0.6.15
  [1a297f60] + FillArrays v0.10.2
  [f6369f11] + ForwardDiff v0.10.14
  [692b3bcd] + JLLWrappers v1.2.0
  [1914dd2f] + MacroTools v0.5.6
  [e1d29d7a] + Missings v0.4.4
  [46d2c3a1] + MuladdMacro v0.2.2
  [77ba4419] + NaNMath v0.3.5
  [efe28fd5] + OpenSpecFun_jll v0.5.3+4
  [bac558e1] + OrderedCollections v1.3.2
  [90014a1f] + PDMats v0.10.1
  [9b87118b] + PackageCompiler v1.2.5
  [1fd47b50] + QuadGK v2.4.1
  [189a3867] + Reexport v1.0.0
  [ae029012] + Requires v1.1.2
  [79098fc4] + Rmath v0.6.1
  [f50d1b31] + Rmath_jll v0.2.2+1
  [a2af1166] + SortingAlgorithms v0.3.1
  [276daf66] + SpecialFunctions v1.2.1
  [90137ffa] + StaticArrays v1.0.1
  [2913bbd2] + StatsBase v0.33.2
  [4c63d2b9] + StatsFuns v0.9.6
  [700de1a5] + ZygoteRules v0.2.1
  [2a0f44e3] + Base64
  [ade2ca70] + Dates
  [8bb1440f] + DelimitedFiles
  [8ba89e20] + Distributed
  [b77e0a4c] + InteractiveUtils
  [76f85450] + LibGit2
  [8f399da3] + Libdl
  [37e2e46d] + LinearAlgebra
  [56ddb016] + Logging
  [d6f4376e] + Markdown
  [a63ad114] + Mmap
  [44cfe95a] + Pkg
  [de0858da] + Printf
  [3fa0cd96] + REPL
  [9a3f8284] + Random
  [ea8e919c] + SHA
  [9e88b42a] + Serialization
  [1a1011a3] + SharedArrays
  [6462fe0b] + Sockets
  [2f01184e] + SparseArrays
  [10745b16] + Statistics
  [4607b0f0] + SuiteSparse
  [8dfed614] + Test
  [cf7118a7] + UUIDs
  [4ec0a83e] + Unicode


################################################################################
# Compiling: 2021-01-11T15:33:53.864
#

[ Info: PackageCompiler: creating system image object file, this might take a while...
Generated system image is 171.179 MiB, compilation took 233 seconds


################################################################################
# PkgEval set-up: 2021-01-11T15:37:54.47
#

Julia Version 1.5.3
Commit 599f52c4c6 (2020-12-18 13:33 UTC)
Platform Info:
  OS: Linux (x86_64-linux-gnu)
  CPU: AMD EPYC 7502 32-Core Processor
  WORD_SIZE: 64
  LIBM: libopenlibm
  LLVM: libLLVM-9.0.1 (ORCJIT, znver2)
Environment:
  JULIA_PKGEVAL = true
  JULIA_PKG_PRECOMPILE_AUTO = 0

Base.julia_cmd() = `/usr/local/julia/bin/julia -Cnative -J/cache/DistributionsAD-fDTzkHTc.so -g1`


################################################################################
# Installation: 2021-01-11T15:37:56.299
#

 Installing known registries into `~/.julia`
######################################################################## 100.0%
      Added registry `General` to `~/.julia/registries/General`
  Resolving package versions...
  Installed CompilerSupportLibraries_jll ─ v0.3.4+0
  Installed ZygoteRules ────────────────── v0.2.1
  Installed Reexport ───────────────────── v1.0.0
  Installed Rmath_jll ──────────────────── v0.2.2+1
  Installed Rmath ──────────────────────── v0.6.1
  Installed MuladdMacro ────────────────── v0.2.2
  Installed CommonSubexpressions ───────── v0.3.0
  Installed DistributionsAD ────────────── v0.6.15
  Installed DataAPI ────────────────────── v1.4.0
  Installed FillArrays ─────────────────── v0.10.2
  Installed QuadGK ─────────────────────── v2.4.1
  Installed Requires ───────────────────── v1.1.2
  Installed DataStructures ─────────────── v0.18.8
  Installed StatsBase ──────────────────── v0.33.2
  Installed DiffRules ──────────────────── v1.0.2
  Installed DiffResults ────────────────── v1.0.3
  Installed OrderedCollections ─────────── v1.3.2
  Installed Missings ───────────────────── v0.4.4
  Installed MacroTools ─────────────────── v0.5.6
  Installed StaticArrays ───────────────── v1.0.1
  Installed NaNMath ────────────────────── v0.3.5
  Installed JLLWrappers ────────────────── v1.2.0
  Installed PDMats ─────────────────────── v0.10.1
  Installed Distributions ──────────────── v0.24.10
  Installed ChainRules ─────────────────── v0.7.45
  Installed StatsFuns ──────────────────── v0.9.6
  Installed SortingAlgorithms ──────────── v0.3.1
  Installed Adapt ──────────────────────── v2.4.0
  Installed SpecialFunctions ───────────── v1.2.1
  Installed ForwardDiff ────────────────── v0.10.14
  Installed ChainRulesCore ─────────────── v0.9.24
  Installed Compat ─────────────────────── v3.25.0
  Installed OpenSpecFun_jll ────────────── v0.5.3+4
  Installed Artifacts ──────────────────── v1.3.0
Updating `~/.julia/environments/v1.5/Project.toml`
  [ced4e74d] + DistributionsAD v0.6.15
Updating `~/.julia/environments/v1.5/Manifest.toml`
  [79e6a3ab] + Adapt v2.4.0
  [56f22d72] + Artifacts v1.3.0
  [082447d4] + ChainRules v0.7.45
  [d360d2e6] + ChainRulesCore v0.9.24
  [bbf7d656] + CommonSubexpressions v0.3.0
  [34da2185] + Compat v3.25.0
  [e66e0078] + CompilerSupportLibraries_jll v0.3.4+0
  [9a962f9c] + DataAPI v1.4.0
  [864edb3b] + DataStructures v0.18.8
  [163ba53b] + DiffResults v1.0.3
  [b552c78f] + DiffRules v1.0.2
  [31c24e10] + Distributions v0.24.10
  [ced4e74d] + DistributionsAD v0.6.15
  [1a297f60] + FillArrays v0.10.2
  [f6369f11] + ForwardDiff v0.10.14
  [692b3bcd] + JLLWrappers v1.2.0
  [1914dd2f] + MacroTools v0.5.6
  [e1d29d7a] + Missings v0.4.4
  [46d2c3a1] + MuladdMacro v0.2.2
  [77ba4419] + NaNMath v0.3.5
  [efe28fd5] + OpenSpecFun_jll v0.5.3+4
  [bac558e1] + OrderedCollections v1.3.2
  [90014a1f] + PDMats v0.10.1
  [1fd47b50] + QuadGK v2.4.1
  [189a3867] + Reexport v1.0.0
  [ae029012] + Requires v1.1.2
  [79098fc4] + Rmath v0.6.1
  [f50d1b31] + Rmath_jll v0.2.2+1
  [a2af1166] + SortingAlgorithms v0.3.1
  [276daf66] + SpecialFunctions v1.2.1
  [90137ffa] + StaticArrays v1.0.1
  [2913bbd2] + StatsBase v0.33.2
  [4c63d2b9] + StatsFuns v0.9.6
  [700de1a5] + ZygoteRules v0.2.1
  [2a0f44e3] + Base64
  [ade2ca70] + Dates
  [8bb1440f] + DelimitedFiles
  [8ba89e20] + Distributed
  [b77e0a4c] + InteractiveUtils
  [76f85450] + LibGit2
  [8f399da3] + Libdl
  [37e2e46d] + LinearAlgebra
  [56ddb016] + Logging
  [d6f4376e] + Markdown
  [a63ad114] + Mmap
  [44cfe95a] + Pkg
  [de0858da] + Printf
  [3fa0cd96] + REPL
  [9a3f8284] + Random
  [ea8e919c] + SHA
  [9e88b42a] + Serialization
  [1a1011a3] + SharedArrays
  [6462fe0b] + Sockets
  [2f01184e] + SparseArrays
  [10745b16] + Statistics
  [4607b0f0] + SuiteSparse
  [8dfed614] + Test
  [cf7118a7] + UUIDs
  [4ec0a83e] + Unicode


################################################################################
# Testing: 2021-01-11T15:38:03.323
#

    Testing DistributionsAD
Status `/tmp/jl_fOemK9/Project.toml`
  [cdddcdb0] ChainRulesTestUtils v0.5.10
  [861a8166] Combinatorics v1.0.2
  [31c24e10] Distributions v0.24.10
  [ced4e74d] DistributionsAD v0.6.15
  [26cc04aa] FiniteDifferences v0.11.7
  [f6369f11] ForwardDiff v0.10.14
  [872c559c] NNlib v0.7.11
  [90014a1f] PDMats v0.10.1
  [37e2e3b7] ReverseDiff v1.5.0
  [2913bbd2] StatsBase v0.33.2
  [4c63d2b9] StatsFuns v0.9.6
  [9f7883ad] Tracker v0.2.14
  [e88e6eb3] Zygote v0.6.0
  [37e2e46d] LinearAlgebra
  [9a3f8284] Random
  [8dfed614] Test
Status `/tmp/jl_fOemK9/Manifest.toml`
  [621f4979] AbstractFFTs v0.5.0
  [79e6a3ab] Adapt v2.4.0
  [56f22d72] Artifacts v1.3.0
  [082447d4] ChainRules v0.7.45
  [d360d2e6] ChainRulesCore v0.9.24
  [cdddcdb0] ChainRulesTestUtils v0.5.10
  [861a8166] Combinatorics v1.0.2
  [bbf7d656] CommonSubexpressions v0.3.0
  [34da2185] Compat v3.25.0
  [e66e0078] CompilerSupportLibraries_jll v0.3.4+0
  [9a962f9c] DataAPI v1.4.0
  [864edb3b] DataStructures v0.18.8
  [163ba53b] DiffResults v1.0.3
  [b552c78f] DiffRules v1.0.2
  [31c24e10] Distributions v0.24.10
  [ced4e74d] DistributionsAD v0.6.15
  [1a297f60] FillArrays v0.10.2
  [26cc04aa] FiniteDifferences v0.11.7
  [f6369f11] ForwardDiff v0.10.14
  [069b7b12] FunctionWrappers v1.1.1
  [7869d1d1] IRTools v0.4.2
  [692b3bcd] JLLWrappers v1.2.0
  [1914dd2f] MacroTools v0.5.6
  [e1d29d7a] Missings v0.4.4
  [46d2c3a1] MuladdMacro v0.2.2
  [872c559c] NNlib v0.7.11
  [77ba4419] NaNMath v0.3.5
  [efe28fd5] OpenSpecFun_jll v0.5.3+4
  [bac558e1] OrderedCollections v1.3.2
  [90014a1f] PDMats v0.10.1
  [1fd47b50] QuadGK v2.4.1
  [189a3867] Reexport v1.0.0
  [ae029012] Requires v1.1.2
  [37e2e3b7] ReverseDiff v1.5.0
  [708f8203] Richardson v1.4.0
  [79098fc4] Rmath v0.6.1
  [f50d1b31] Rmath_jll v0.2.2+1
  [a2af1166] SortingAlgorithms v0.3.1
  [276daf66] SpecialFunctions v1.2.1
  [90137ffa] StaticArrays v1.0.1
  [2913bbd2] StatsBase v0.33.2
  [4c63d2b9] StatsFuns v0.9.6
  [9f7883ad] Tracker v0.2.14
  [e88e6eb3] Zygote v0.6.0
  [700de1a5] ZygoteRules v0.2.1
  [2a0f44e3] Base64
  [ade2ca70] Dates
  [8bb1440f] DelimitedFiles
  [8ba89e20] Distributed
  [b77e0a4c] InteractiveUtils
  [76f85450] LibGit2
  [8f399da3] Libdl
  [37e2e46d] LinearAlgebra
  [56ddb016] Logging
  [d6f4376e] Markdown
  [a63ad114] Mmap
  [44cfe95a] Pkg
  [de0858da] Printf
  [3fa0cd96] REPL
  [9a3f8284] Random
  [ea8e919c] SHA
  [9e88b42a] Serialization
  [1a1011a3] SharedArrays
  [6462fe0b] Sockets
  [2f01184e] SparseArrays
  [10745b16] Statistics
  [4607b0f0] SuiteSparse
  [8dfed614] Test
  [cf7118a7] UUIDs
  [4ec0a83e] Unicode
┌ Warning: Error requiring `ReverseDiff` from `DistributionsAD`
│   exception =
│    LoadError: could not open file /home/pkgeval/.julia/packages/DistributionsAD/NSpwv/src/reversediffx.jl
│    Stacktrace:
│     [1] include(::Function, ::Module, ::String) at ./Base.jl:380
│     [2] include at ./Base.jl:368 [inlined]
│     [3] include(::String) at ./reversediff.jl:1
│     [4] top-level scope at reversediff.jl:52
│     [5] include_string(::Function, ::Module, ::String, ::String) at ./loading.jl:1088
│     [6] include_string(::Module, ::String, ::String) at ./loading.jl:1096
│     [7] top-level scope at /home/pkgeval/.julia/packages/Requires/035xH/src/Requires.jl:38
│     [8] top-level scope at /home/pkgeval/.julia/packages/DistributionsAD/NSpwv/src/DistributionsAD.jl:74
│     [9] eval at ./boot.jl:331 [inlined]
│     [10] eval at /home/pkgeval/.julia/packages/DistributionsAD/NSpwv/src/DistributionsAD.jl:1 [inlined]
│     [11] (::DistributionsAD.var"#346#359")() at /home/pkgeval/.julia/packages/Requires/035xH/src/require.jl:94
│     [12] err(::Any, ::Module, ::String) at /home/pkgeval/.julia/packages/Requires/035xH/src/require.jl:42
│     [13] (::DistributionsAD.var"#345#358")() at /home/pkgeval/.julia/packages/Requires/035xH/src/require.jl:93
│     [14] withpath(::Any, ::String) at /home/pkgeval/.julia/packages/Requires/035xH/src/require.jl:32
│     [15] (::DistributionsAD.var"#344#357")() at /home/pkgeval/.julia/packages/Requires/035xH/src/require.jl:92
│     [16] #invokelatest#1 at ./essentials.jl:710 [inlined]
│     [17] invokelatest at ./essentials.jl:709 [inlined]
│     [18] foreach at ./abstractarray.jl:2009 [inlined]
│     [19] loadpkg(::Base.PkgId) at /home/pkgeval/.julia/packages/Requires/035xH/src/require.jl:22
│     [20] #invokelatest#1 at ./essentials.jl:710 [inlined]
│     [21] invokelatest at ./essentials.jl:709 [inlined]
│     [22] require(::Base.PkgId) at ./loading.jl:931
│     [23] require(::Module, ::Symbol) at ./loading.jl:923
│     [24] eval(::Module, ::Any) at ./boot.jl:331
│     [25] top-level scope at /home/user/.julia/packages/DistributionsAD/NSpwv/test/runtests.jl:33
│     [26] include(::String) at ./client.jl:457
│     [27] top-level scope at none:6
│     [28] eval(::Module, ::Any) at ./boot.jl:331
│     [29] exec_options(::Base.JLOptions) at ./client.jl:272
│     [30] _start() at ./client.jl:506
│    in expression starting at reversediff.jl:52
└ @ Requires /home/pkgeval/.julia/packages/Requires/035xH/src/require.jl:44
logdet: Error During Test at /home/user/.julia/packages/DistributionsAD/NSpwv/test/others.jl:205
  Got exception outside of a @test
  MethodError: no method matching cholesky(::ReverseDiff.TrackedArray{Float64,Float64,2,Array{Float64,2},Array{Float64,2}})
  Closest candidates are:
    cholesky(!Matched::Union{Hermitian{Complex{T},SparseArrays.SparseMatrixCSC{Complex{T},Int64}}, Hermitian{T,SparseArrays.SparseMatrixCSC{T,Int64}}, Symmetric{T,SparseArrays.SparseMatrixCSC{T,Int64}}, SparseArrays.SparseMatrixCSC{T,Ti} where Ti<:Integer, SparseArrays.SparseMatrixCSC{Complex{T},Ti} where Ti<:Integer}; kws...) where T<:Real at /workspace/srcdir/usr/share/julia/stdlib/v1.5/SuiteSparse/src/cholmod.jl:1458
    cholesky(!Matched::Union{StridedArray{T, 2} where T, Union{Hermitian{var"#s823",var"#s822"}, Hermitian{Complex{var"#s823"},var"#s822"}, Symmetric{var"#s823",var"#s822"}} where var"#s822"<:(StridedArray{T, 2} where T) where var"#s823"<:Real}) at /workspace/srcdir/usr/share/julia/stdlib/v1.5/LinearAlgebra/src/cholesky.jl:344
    cholesky(!Matched::Union{StridedArray{T, 2} where T, Union{Hermitian{var"#s821",var"#s820"}, Hermitian{Complex{var"#s821"},var"#s820"}, Symmetric{var"#s821",var"#s820"}} where var"#s820"<:(StridedArray{T, 2} where T) where var"#s821"<:Real}, !Matched::Val{false}; check) at /workspace/srcdir/usr/share/julia/stdlib/v1.5/LinearAlgebra/src/cholesky.jl:344
    ...
  Stacktrace:
   [1] (::var"#7#28"{var"#_to_cov#26"})(::ReverseDiff.TrackedArray{Float64,Float64,2,Array{Float64,2},Array{Float64,2}}) at /home/user/.julia/packages/DistributionsAD/NSpwv/test/others.jl:208
   [2] (::var"#3#23"{var"#7#28"{var"#_to_cov#26"}})(::ReverseDiff.TrackedArray{Float64,Float64,2,Array{Float64,2},Array{Float64,2}}) at /home/user/.julia/packages/DistributionsAD/NSpwv/test/others.jl:154
   [3] ReverseDiff.GradientTape(::var"#3#23"{var"#7#28"{var"#_to_cov#26"}}, ::Array{Float64,2}, ::ReverseDiff.GradientConfig{ReverseDiff.TrackedArray{Float64,Float64,2,Array{Float64,2},Array{Float64,2}}}) at /home/user/.julia/packages/ReverseDiff/vScHI/src/api/tape.jl:199
   [4] ReverseDiff.GradientTape(::Function, ::Array{Float64,2}) at /home/user/.julia/packages/ReverseDiff/vScHI/src/api/tape.jl:198
   [5] (::var"#test_reverse_mode_ad#20"{var"#test_reverse_mode_ad#1#21"})(::var"#7#28"{var"#_to_cov#26"}, ::Float64, ::Array{Float64,2}; rtol::Float64, atol::Float64) at /home/user/.julia/packages/DistributionsAD/NSpwv/test/others.jl:154
   [6] top-level scope at /home/user/.julia/packages/DistributionsAD/NSpwv/test/others.jl:208
   [7] top-level scope at /workspace/srcdir/usr/share/julia/stdlib/v1.5/Test/src/Test.jl:1115
   [8] top-level scope at /home/user/.julia/packages/DistributionsAD/NSpwv/test/others.jl:206
   [9] top-level scope at /workspace/srcdir/usr/share/julia/stdlib/v1.5/Test/src/Test.jl:1115
   [10] top-level scope at /home/user/.julia/packages/DistributionsAD/NSpwv/test/others.jl:2
   [11] include(::String) at ./client.jl:457
   [12] top-level scope at /home/user/.julia/packages/DistributionsAD/NSpwv/test/runtests.jl:40
   [13] include(::String) at ./client.jl:457
   [14] top-level scope at none:6
   [15] eval(::Module, ::Any) at ./boot.jl:331
   [16] exec_options(::Base.JLOptions) at ./client.jl:272
   [17] _start() at ./client.jl:506
  
adapt_randn: Error During Test at /home/user/.julia/packages/DistributionsAD/NSpwv/test/others.jl:268
  Got exception outside of a @test
  MethodError: no method matching randn(::MersenneTwister, ::Type{ReverseDiff.TrackedReal{Float32,Int64,ReverseDiff.TrackedArray{Float32,Int64,1,Array{Float32,1},Array{Int64,1}}}})
  Closest candidates are:
    randn(::AbstractRNG, ::Type{T}, !Matched::Tuple{Vararg{Int64,N}} where N) where T at /workspace/srcdir/usr/share/julia/stdlib/v1.5/Random/src/normal.jl:201
    randn(::AbstractRNG, ::Type{T}, !Matched::Integer, !Matched::Integer...) where T at /workspace/srcdir/usr/share/julia/stdlib/v1.5/Random/src/normal.jl:204
    randn(::AbstractRNG) at /workspace/srcdir/usr/share/julia/stdlib/v1.5/Random/src/normal.jl:38
    ...
  Stacktrace:
   [1] randn!(::MersenneTwister, ::Array{ReverseDiff.TrackedReal{Float32,Int64,ReverseDiff.TrackedArray{Float32,Int64,1,Array{Float32,1},Array{Int64,1}}},2}) at /workspace/srcdir/usr/share/julia/stdlib/v1.5/Random/src/normal.jl:178
   [2] randn(::MersenneTwister, ::Type{ReverseDiff.TrackedReal{Float32,Int64,ReverseDiff.TrackedArray{Float32,Int64,1,Array{Float32,1},Array{Int64,1}}}}, ::Int64, ::Int64) at /workspace/srcdir/usr/share/julia/stdlib/v1.5/Random/src/normal.jl:204
   [3] adapt_randn(::MersenneTwister, ::ReverseDiff.TrackedArray{Float32,Int64,1,Array{Float32,1},Array{Int64,1}}, ::Int64, ::Vararg{Int64,N} where N) at /home/pkgeval/.julia/packages/DistributionsAD/NSpwv/src/common.jl:36
   [4] top-level scope at /home/user/.julia/packages/DistributionsAD/NSpwv/test/others.jl:292
   [5] top-level scope at /workspace/srcdir/usr/share/julia/stdlib/v1.5/Test/src/Test.jl:1115
   [6] top-level scope at /home/user/.julia/packages/DistributionsAD/NSpwv/test/others.jl:269
   [7] top-level scope at /workspace/srcdir/usr/share/julia/stdlib/v1.5/Test/src/Test.jl:1115
   [8] top-level scope at /home/user/.julia/packages/DistributionsAD/NSpwv/test/others.jl:2
   [9] include(::String) at ./client.jl:457
   [10] top-level scope at /home/user/.julia/packages/DistributionsAD/NSpwv/test/runtests.jl:40
   [11] include(::String) at ./client.jl:457
   [12] top-level scope at none:6
   [13] eval(::Module, ::Any) at ./boot.jl:331
   [14] exec_options(::Base.JLOptions) at ./client.jl:272
   [15] _start() at ./client.jl:506
  
Test Summary:                                | Pass  Error  Total
others                                       |  119      2    121
  TuringWishart                              |   12            12
  TuringInverseWishart                       |   10            10
  TuringMvNormal                             |   21            21
  TuringMvLogNormal                          |   15            15
  TuringUniform                              |    2             2
  Semicircle                                 |    1             1
  TuringPoissonBinomial                      |    2             2
  Inverse of pi                              |    1             1
  Cholesky                                   |    2             2
  logsumexp                                  |    6             6
  zygote_ldiv                                |    5             5
  logdet                                     |    2      1      3
  fill                                       |   13            13
  Tracker, Zygote and ReverseDiff + MvNormal |   13            13
  Entropy                                    |    3             3
  Params                                     |    2             2
  adapt_randn                                |    9      1     10
ERROR: LoadError: LoadError: Some tests did not pass: 119 passed, 0 failed, 2 errored, 0 broken.
in expression starting at /home/user/.julia/packages/DistributionsAD/NSpwv/test/others.jl:1
in expression starting at /home/user/.julia/packages/DistributionsAD/NSpwv/test/runtests.jl:39

PkgEval failed: Package DistributionsAD errored during testing
Stacktrace:
 [1] pkgerror(::String) at /workspace/srcdir/usr/share/julia/stdlib/v1.5/Pkg/src/Types.jl:52
 [2] test(::Pkg.Types.Context, ::Array{Pkg.Types.PackageSpec,1}; coverage::Bool, julia_args::Cmd, test_args::Cmd, test_fn::Nothing) at /workspace/srcdir/usr/share/julia/stdlib/v1.5/Pkg/src/Operations.jl:1578
 [3] test(::Pkg.Types.Context, ::Array{Pkg.Types.PackageSpec,1}; coverage::Bool, test_fn::Nothing, julia_args::Cmd, test_args::Cmd, kwargs::Base.Iterators.Pairs{Union{},Union{},Tuple{},NamedTuple{(),Tuple{}}}) at /workspace/srcdir/usr/share/julia/stdlib/v1.5/Pkg/src/API.jl:327
 [4] test(::Pkg.Types.Context, ::Array{Pkg.Types.PackageSpec,1}) at /workspace/srcdir/usr/share/julia/stdlib/v1.5/Pkg/src/API.jl:314
 [5] #test#61 at /workspace/srcdir/usr/share/julia/stdlib/v1.5/Pkg/src/API.jl:67 [inlined]
 [6] test at /workspace/srcdir/usr/share/julia/stdlib/v1.5/Pkg/src/API.jl:67 [inlined]
 [7] #test#60 at /workspace/srcdir/usr/share/julia/stdlib/v1.5/Pkg/src/API.jl:66 [inlined]
 [8] test at /workspace/srcdir/usr/share/julia/stdlib/v1.5/Pkg/src/API.jl:66 [inlined]
 [9] test(::String; kwargs::Base.Iterators.Pairs{Union{},Union{},Tuple{},NamedTuple{(),Tuple{}}}) at /workspace/srcdir/usr/share/julia/stdlib/v1.5/Pkg/src/API.jl:65
 [10] test(::String) at /workspace/srcdir/usr/share/julia/stdlib/v1.5/Pkg/src/API.jl:65
 [11] top-level scope at none:22
 [12] eval at ./boot.jl:331 [inlined]
 [13] eval(::Expr) at ./client.jl:467
 [14] top-level scope at none:1
 [15] eval(::Module, ::Any) at ./boot.jl:331
 [16] exec_options(::Base.JLOptions) at ./client.jl:272
 [17] _start() at ./client.jl:506


################################################################################
# PkgEval teardown: 2021-01-11T15:41:02.108
CPU usage: 187.90s (180.01s user, 8.13s kernel)

Network usage:
- eth0: 4.573 MiB received, 238.992 KiB sent

Raw statistics: {"blkio_stats":{"io_queue_recursive":[],"io_serviced_recursive":[{"major":259,"value":0,"op":"Read","minor":0},{"major":259,"value":19,"op":"Write","minor":0},{"major":259,"value":14,"op":"Sync","minor":0},{"major":259,"value":5,"op":"Async","minor":0},{"major":259,"value":0,"op":"Discard","minor":0},{"major":259,"value":19,"op":"Total","minor":0},{"major":253,"value":0,"op":"Read","minor":2},{"major":253,"value":19,"op":"Write","minor":2},{"major":253,"value":14,"op":"Sync","minor":2},{"major":253,"value":5,"op":"Async","minor":2},{"major":253,"value":0,"op":"Discard","minor":2},{"major":253,"value":19,"op":"Total","minor":2}],"io_time_recursive":[],"sectors_recursive":[],"io_service_bytes_recursive":[{"major":259,"value":0,"op":"Read","minor":0},{"major":259,"value":94208,"op":"Write","minor":0},{"major":259,"value":57344,"op":"Sync","minor":0},{"major":259,"value":36864,"op":"Async","minor":0},{"major":259,"value":0,"op":"Discard","minor":0},{"major":259,"value":94208,"op":"Total","minor":0},{"major":253,"value":0,"op":"Read","minor":2},{"major":253,"value":94208,"op":"Write","minor":2},{"major":253,"value":57344,"op":"Sync","minor":2},{"major":253,"value":36864,"op":"Async","minor":2},{"major":253,"value":0,"op":"Discard","minor":2},{"major":253,"value":94208,"op":"Total","minor":2}],"io_wait_time_recursive":[],"io_merged_recursive":[],"io_service_time_recursive":[]},"memory_stats":{"usage":409808896,"max_usage":3150700544,"stats":{"hierarchical_memory_limit":9223372036854771712,"pgmajfault":0,"total_rss":268967936,"inactive_file":135168,"inactive_anon":86642688,"total_pgfault":3308646,"total_cache":107978752,"total_rss_huge":0,"total_active_anon":281554944,"total_pgmajfault":0,"pgpgin":2311254,"rss_huge":0,"mapped_file":0,"total_inactive_file":135168,"dirty":135168,"total_unevictable":0,"total_dirty":135168,"writeback":0,"pgpgout":2219214,"hierarchical_memsw_limit":0,"cache":107978752,"active_file":8650752,"pgfault":3308646,"total_mapped_file":0,"total_pgpgout":2219214,"total_writeback":0,"rss":268967936,"unevictable":0,"total_inactive_anon":86642688,"total_pgpgin":2311254,"active_anon":281554944,"total_active_file":8650752},"limit":540965302272},"name":"/DistributionsAD-1udhWJr8","networks":{"eth0":{"rx_bytes":4795240,"rx_packets":1714,"tx_packets":1928,"tx_bytes":244728,"tx_dropped":0,"rx_dropped":7,"tx_errors":0,"rx_errors":0}},"id":"d3a34bd0051d5b92c1cc8148a29f2f87bf44f2e15b8856855baa4886e6faa062","preread":"0001-01-01T00:00:00Z","storage_stats":{},"precpu_stats":{"throttling_data":{"throttled_periods":0,"throttled_time":0,"periods":0},"cpu_usage":{"usage_in_usermode":0,"usage_in_kernelmode":0,"total_usage":0}},"pids_stats":{"current":44},"num_procs":0,"cpu_stats":{"throttling_data":{"throttled_periods":0,"throttled_time":0,"periods":0},"system_cpu_usage":3293472164522419,"online_cpus":128,"cpu_usage":{"usage_in_usermode":180010000000,"usage_in_kernelmode":8130000000,"total_usage":187896386559,"percpu_usage":[0,0,0,0,0,0,0,0,0,0,0,0,0,0,0,0,368230,0,187894712389,1305940,0,0,0,0,0,0,0,0,0,0,0,0,0,0,0,0,0,0,0,0,0,0,0,0,0,0,0,0,0,0,0,0,0,0,0,0,0,0,0,0,0,0,0,0,0,0,0,0,0,0,0,0,0,0,0,0,0,0,0,0,0,0,0,0,0,0,0,0,0,0,0,0,0,0,0,0,0,0,0,0,0,0,0,0,0,0,0,0,0,0,0,0,0,0,0,0,0,0,0,0,0,0,0,0,0,0,0,0]}},"read":"2021-01-11T15:41:02.111062195Z"}