################################################################################
# PackageCompiler set-up: 2021-01-11T19:01:12.121
#

Julia Version 1.5.3
Commit 599f52c4c6 (2020-12-18 13:33 UTC)
Platform Info:
  OS: Linux (x86_64-linux-gnu)
  CPU: AMD EPYC 7502 32-Core Processor
  WORD_SIZE: 64
  LIBM: libopenlibm
  LLVM: libLLVM-9.0.1 (ORCJIT, znver2)
Environment:
  JULIA_PKGEVAL = true
  JULIA_PKG_PRECOMPILE_AUTO = 0



################################################################################
# Installation: 2021-01-11T19:01:13.85
#

 Installing known registries into `~/.julia`
###########################################                               59.8%######################################################################## 100.0%
      Added registry `General` to `~/.julia/registries/General`
  Resolving package versions...
  Installed IniFile ──────────────── v0.5.0
  Installed MbedTLS_jll ──────────── v2.16.8+1
  Installed Gumbo ────────────────── v0.8.0
  Installed DocumentationGenerator ─ v0.3.12
  Installed MbedTLS ──────────────── v1.0.3
  Installed GithubMarkdown ───────── v0.1.2
  Installed GitHub ───────────────── v5.4.0
  Installed HTMLSanitizer ────────── v0.2.0
  Installed AbstractTrees ────────── v0.3.3
  Installed HTTP ─────────────────── v0.8.19
  Installed JSON ─────────────────── v0.21.1
  Installed PackageCompiler ──────── v1.2.5
  Installed JLLWrappers ──────────── v1.2.0
  Installed Gumbo_jll ────────────── v0.10.1+1
  Installed SodiumSeal ───────────── v0.1.1
  Installed BinaryProvider ───────── v0.5.10
  Installed Parsers ──────────────── v1.0.15
  Installed DocStringExtensions ──── v0.8.3
  Installed Highlights ───────────── v0.4.5
  Installed Documenter ───────────── v0.24.11
  Installed libsodium_jll ────────── v1.0.18+1
  Installed Artifacts ────────────── v1.3.0
Updating `~/.julia/environments/v1.5/Project.toml`
  [8f0d3306] + DocumentationGenerator v0.3.12
  [9b87118b] + PackageCompiler v1.2.5
Updating `~/.julia/environments/v1.5/Manifest.toml`
  [1520ce14] + AbstractTrees v0.3.3
  [56f22d72] + Artifacts v1.3.0
  [b99e7846] + BinaryProvider v0.5.10
  [ffbed154] + DocStringExtensions v0.8.3
  [8f0d3306] + DocumentationGenerator v0.3.12
  [e30172f5] + Documenter v0.24.11
  [bc5e4493] + GitHub v5.4.0
  [ecb7cac2] + GithubMarkdown v0.1.2
  [708ec375] + Gumbo v0.8.0
  [528830af] + Gumbo_jll v0.10.1+1
  [9a15a9f4] + HTMLSanitizer v0.2.0
  [cd3eb016] + HTTP v0.8.19
  [eafb193a] + Highlights v0.4.5
  [83e8ac13] + IniFile v0.5.0
  [692b3bcd] + JLLWrappers v1.2.0
  [682c06a0] + JSON v0.21.1
  [739be429] + MbedTLS v1.0.3
  [c8ffd9c3] + MbedTLS_jll v2.16.8+1
  [9b87118b] + PackageCompiler v1.2.5
  [69de0a69] + Parsers v1.0.15
  [2133526b] + SodiumSeal v0.1.1
  [a9144af2] + libsodium_jll v1.0.18+1
  [2a0f44e3] + Base64
  [ade2ca70] + Dates
  [8ba89e20] + Distributed
  [b77e0a4c] + InteractiveUtils
  [76f85450] + LibGit2
  [8f399da3] + Libdl
  [56ddb016] + Logging
  [d6f4376e] + Markdown
  [a63ad114] + Mmap
  [44cfe95a] + Pkg
  [de0858da] + Printf
  [3fa0cd96] + REPL
  [9a3f8284] + Random
  [ea8e919c] + SHA
  [9e88b42a] + Serialization
  [6462fe0b] + Sockets
  [8dfed614] + Test
  [cf7118a7] + UUIDs
  [4ec0a83e] + Unicode
   Building GithubMarkdown → `~/.julia/packages/GithubMarkdown/TjBXR/deps/build.log`


################################################################################
# Compiling: 2021-01-11T19:01:29.322
#

[ Info: PackageCompiler: creating system image object file, this might take a while...
Generated system image is 161.273 MiB, compilation took 195 seconds


fatal: error thrown and no exception handler available.
InitError(mod=:GithubMarkdown, error=ErrorException("/home/pkgeval/.julia/packages/GithubMarkdown/TjBXR/deps/usr/lib/libcmark-gfm-extensions.so does not exist, Please re-run Pkg.build("GithubMarkdown"), and restart Julia."))
error at ./error.jl:33
check_deps at /home/pkgeval/.julia/packages/GithubMarkdown/TjBXR/deps/deps.jl:18
__init__ at /home/pkgeval/.julia/packages/GithubMarkdown/TjBXR/src/GithubMarkdown.jl:26
jfptr___init___64795 at /cache/DocumentationGenerator-QZkvNAPt.so (unknown line)
_jl_invoke at /workspace/srcdir/src/gf.c:2214 [inlined]
jl_apply_generic at /workspace/srcdir/src/gf.c:2398
jl_apply at /workspace/srcdir/src/julia.h:1690 [inlined]
jl_module_run_initializer at /workspace/srcdir/src/toplevel.c:74
_julia_init at /workspace/srcdir/src/init.c:780
main at /workspace/srcdir/ui/repl.c:221
__libc_start_main at /usr/lib/libc.so.6 (unknown line)
unknown function (ip: 0x4015e4)

No statistics gathered.