################################################################################
# PackageCompiler set-up: 2021-01-11T19:18:15.438
#

Julia Version 1.5.3
Commit 599f52c4c6 (2020-12-18 13:33 UTC)
Platform Info:
  OS: Linux (x86_64-linux-gnu)
  CPU: AMD EPYC 7502 32-Core Processor
  WORD_SIZE: 64
  LIBM: libopenlibm
  LLVM: libLLVM-9.0.1 (ORCJIT, znver2)
Environment:
  JULIA_PKGEVAL = true
  JULIA_PKG_PRECOMPILE_AUTO = 0



################################################################################
# Installation: 2021-01-11T19:18:17.116
#

 Installing known registries into `~/.julia`
######################################################################## 100.0%
      Added registry `General` to `~/.julia/registries/General`
  Resolving package versions...
  Installed CompilerSupportLibraries_jll ─ v0.3.4+0
  Installed GaussQuadrature ────────────── v0.5.4
  Installed DomainIntegrals ────────────── v0.2.1
  Installed Combinatorics ──────────────── v1.0.2
  Installed IntervalSets ───────────────── v0.5.2
  Installed QuadGK ─────────────────────── v2.4.1
  Installed DataStructures ─────────────── v0.18.8
  Installed PackageCompiler ────────────── v1.2.5
  Installed HCubature ──────────────────── v1.5.0
  Installed OrderedCollections ─────────── v1.3.2
  Installed StaticArrays ───────────────── v0.12.5
  Installed JLLWrappers ────────────────── v1.2.0
  Installed EllipsisNotation ───────────── v1.0.0
  Installed SpecialFunctions ───────────── v0.10.3
  Installed OpenSpecFun_jll ────────────── v0.5.3+4
  Installed Compat ─────────────────────── v3.25.0
  Installed Artifacts ──────────────────── v1.3.0
  Installed FastGaussQuadrature ────────── v0.4.5
  Installed DomainSets ─────────────────── v0.4.2
Updating `~/.julia/environments/v1.5/Project.toml`
  [cc6bae93] + DomainIntegrals v0.2.1
  [9b87118b] + PackageCompiler v1.2.5
Updating `~/.julia/environments/v1.5/Manifest.toml`
  [56f22d72] + Artifacts v1.3.0
  [861a8166] + Combinatorics v1.0.2
  [34da2185] + Compat v3.25.0
  [e66e0078] + CompilerSupportLibraries_jll v0.3.4+0
  [864edb3b] + DataStructures v0.18.8
  [cc6bae93] + DomainIntegrals v0.2.1
  [5b8099bc] + DomainSets v0.4.2
  [da5c29d0] + EllipsisNotation v1.0.0
  [442a2c76] + FastGaussQuadrature v0.4.5
  [d54b0c1a] + GaussQuadrature v0.5.4
  [19dc6840] + HCubature v1.5.0
  [8197267c] + IntervalSets v0.5.2
  [692b3bcd] + JLLWrappers v1.2.0
  [efe28fd5] + OpenSpecFun_jll v0.5.3+4
  [bac558e1] + OrderedCollections v1.3.2
  [9b87118b] + PackageCompiler v1.2.5
  [1fd47b50] + QuadGK v2.4.1
  [276daf66] + SpecialFunctions v0.10.3
  [90137ffa] + StaticArrays v0.12.5
  [2a0f44e3] + Base64
  [ade2ca70] + Dates
  [8bb1440f] + DelimitedFiles
  [8ba89e20] + Distributed
  [b77e0a4c] + InteractiveUtils
  [76f85450] + LibGit2
  [8f399da3] + Libdl
  [37e2e46d] + LinearAlgebra
  [56ddb016] + Logging
  [d6f4376e] + Markdown
  [a63ad114] + Mmap
  [44cfe95a] + Pkg
  [de0858da] + Printf
  [3fa0cd96] + REPL
  [9a3f8284] + Random
  [ea8e919c] + SHA
  [9e88b42a] + Serialization
  [1a1011a3] + SharedArrays
  [6462fe0b] + Sockets
  [2f01184e] + SparseArrays
  [10745b16] + Statistics
  [8dfed614] + Test
  [cf7118a7] + UUIDs
  [4ec0a83e] + Unicode


################################################################################
# Compiling: 2021-01-11T19:18:23.285
#

[ Info: PackageCompiler: creating system image object file, this might take a while...
Generated system image is 161.278 MiB, compilation took 202 seconds


################################################################################
# PkgEval set-up: 2021-01-11T19:21:52.978
#

Julia Version 1.5.3
Commit 599f52c4c6 (2020-12-18 13:33 UTC)
Platform Info:
  OS: Linux (x86_64-linux-gnu)
  CPU: AMD EPYC 7502 32-Core Processor
  WORD_SIZE: 64
  LIBM: libopenlibm
  LLVM: libLLVM-9.0.1 (ORCJIT, znver2)
Environment:
  JULIA_PKGEVAL = true
  JULIA_PKG_PRECOMPILE_AUTO = 0

Base.julia_cmd() = `/usr/local/julia/bin/julia -Cnative -J/cache/DomainIntegrals-Kgw9pF6A.so -g1`


################################################################################
# Installation: 2021-01-11T19:21:54.534
#

 Installing known registries into `~/.julia`
###################################                                       49.1%######################################################################## 100.0%
      Added registry `General` to `~/.julia/registries/General`
  Resolving package versions...
  Installed DomainIntegrals ────────────── v0.2.1
  Installed GaussQuadrature ────────────── v0.5.4
  Installed EllipsisNotation ───────────── v1.0.0
  Installed QuadGK ─────────────────────── v2.4.1
  Installed CompilerSupportLibraries_jll ─ v0.3.4+0
  Installed Combinatorics ──────────────── v1.0.2
  Installed Compat ─────────────────────── v3.25.0
  Installed SpecialFunctions ───────────── v0.10.3
  Installed JLLWrappers ────────────────── v1.2.0
  Installed OpenSpecFun_jll ────────────── v0.5.3+4
  Installed FastGaussQuadrature ────────── v0.4.5
  Installed IntervalSets ───────────────── v0.5.2
  Installed HCubature ──────────────────── v1.5.0
  Installed OrderedCollections ─────────── v1.3.2
  Installed DataStructures ─────────────── v0.18.8
  Installed StaticArrays ───────────────── v0.12.5
  Installed Artifacts ──────────────────── v1.3.0
  Installed DomainSets ─────────────────── v0.4.2
Updating `~/.julia/environments/v1.5/Project.toml`
  [cc6bae93] + DomainIntegrals v0.2.1
Updating `~/.julia/environments/v1.5/Manifest.toml`
  [56f22d72] + Artifacts v1.3.0
  [861a8166] + Combinatorics v1.0.2
  [34da2185] + Compat v3.25.0
  [e66e0078] + CompilerSupportLibraries_jll v0.3.4+0
  [864edb3b] + DataStructures v0.18.8
  [cc6bae93] + DomainIntegrals v0.2.1
  [5b8099bc] + DomainSets v0.4.2
  [da5c29d0] + EllipsisNotation v1.0.0
  [442a2c76] + FastGaussQuadrature v0.4.5
  [d54b0c1a] + GaussQuadrature v0.5.4
  [19dc6840] + HCubature v1.5.0
  [8197267c] + IntervalSets v0.5.2
  [692b3bcd] + JLLWrappers v1.2.0
  [efe28fd5] + OpenSpecFun_jll v0.5.3+4
  [bac558e1] + OrderedCollections v1.3.2
  [1fd47b50] + QuadGK v2.4.1
  [276daf66] + SpecialFunctions v0.10.3
  [90137ffa] + StaticArrays v0.12.5
  [2a0f44e3] + Base64
  [ade2ca70] + Dates
  [8bb1440f] + DelimitedFiles
  [8ba89e20] + Distributed
  [b77e0a4c] + InteractiveUtils
  [76f85450] + LibGit2
  [8f399da3] + Libdl
  [37e2e46d] + LinearAlgebra
  [56ddb016] + Logging
  [d6f4376e] + Markdown
  [a63ad114] + Mmap
  [44cfe95a] + Pkg
  [de0858da] + Printf
  [3fa0cd96] + REPL
  [9a3f8284] + Random
  [ea8e919c] + SHA
  [9e88b42a] + Serialization
  [1a1011a3] + SharedArrays
  [6462fe0b] + Sockets
  [2f01184e] + SparseArrays
  [10745b16] + Statistics
  [8dfed614] + Test
  [cf7118a7] + UUIDs
  [4ec0a83e] + Unicode


################################################################################
# Testing: 2021-01-11T19:22:00.079
#

    Testing DomainIntegrals
Status `/tmp/jl_4p2Oda/Project.toml`
  [cc6bae93] DomainIntegrals v0.2.1
  [5b8099bc] DomainSets v0.4.2
  [442a2c76] FastGaussQuadrature v0.4.5
  [d54b0c1a] GaussQuadrature v0.5.4
  [19dc6840] HCubature v1.5.0
  [8197267c] IntervalSets v0.5.2
  [1fd47b50] QuadGK v2.4.1
  [90137ffa] StaticArrays v0.12.5
  [37e2e46d] LinearAlgebra
  [8dfed614] Test
Status `/tmp/jl_4p2Oda/Manifest.toml`
  [56f22d72] Artifacts v1.3.0
  [861a8166] Combinatorics v1.0.2
  [34da2185] Compat v3.25.0
  [e66e0078] CompilerSupportLibraries_jll v0.3.4+0
  [864edb3b] DataStructures v0.18.8
  [cc6bae93] DomainIntegrals v0.2.1
  [5b8099bc] DomainSets v0.4.2
  [da5c29d0] EllipsisNotation v1.0.0
  [442a2c76] FastGaussQuadrature v0.4.5
  [d54b0c1a] GaussQuadrature v0.5.4
  [19dc6840] HCubature v1.5.0
  [8197267c] IntervalSets v0.5.2
  [692b3bcd] JLLWrappers v1.2.0
  [efe28fd5] OpenSpecFun_jll v0.5.3+4
  [bac558e1] OrderedCollections v1.3.2
  [1fd47b50] QuadGK v2.4.1
  [276daf66] SpecialFunctions v0.10.3
  [90137ffa] StaticArrays v0.12.5
  [2a0f44e3] Base64
  [ade2ca70] Dates
  [8bb1440f] DelimitedFiles
  [8ba89e20] Distributed
  [b77e0a4c] InteractiveUtils
  [76f85450] LibGit2
  [8f399da3] Libdl
  [37e2e46d] LinearAlgebra
  [56ddb016] Logging
  [d6f4376e] Markdown
  [a63ad114] Mmap
  [44cfe95a] Pkg
  [de0858da] Printf
  [3fa0cd96] REPL
  [9a3f8284] Random
  [ea8e919c] SHA
  [9e88b42a] Serialization
  [1a1011a3] SharedArrays
  [6462fe0b] Sockets
  [2f01184e] SparseArrays
  [10745b16] Statistics
  [8dfed614] Test
  [cf7118a7] UUIDs
  [4ec0a83e] Unicode
Test Summary: | Pass  Total
Measures      |   49     49
Test Summary:    | Pass  Total
Quadrature rules |    8      8
Test Summary:      | Pass  Total
Selected integrals |   14     14
    Testing DomainIntegrals tests passed 

PkgEval succeeded


################################################################################
# PkgEval teardown: 2021-01-11T19:22:26.772
CPU usage: 33.84s (31.04s user, 2.86s kernel)

Network usage:
- eth0: 3.305 MiB received, 116.928 KiB sent

Raw statistics: {"blkio_stats":{"io_queue_recursive":[],"io_serviced_recursive":[{"major":259,"value":0,"op":"Read","minor":0},{"major":259,"value":19,"op":"Write","minor":0},{"major":259,"value":14,"op":"Sync","minor":0},{"major":259,"value":5,"op":"Async","minor":0},{"major":259,"value":0,"op":"Discard","minor":0},{"major":259,"value":19,"op":"Total","minor":0},{"major":253,"value":0,"op":"Read","minor":2},{"major":253,"value":19,"op":"Write","minor":2},{"major":253,"value":14,"op":"Sync","minor":2},{"major":253,"value":5,"op":"Async","minor":2},{"major":253,"value":0,"op":"Discard","minor":2},{"major":253,"value":19,"op":"Total","minor":2}],"io_time_recursive":[],"sectors_recursive":[],"io_service_bytes_recursive":[{"major":259,"value":0,"op":"Read","minor":0},{"major":259,"value":86016,"op":"Write","minor":0},{"major":259,"value":57344,"op":"Sync","minor":0},{"major":259,"value":28672,"op":"Async","minor":0},{"major":259,"value":0,"op":"Discard","minor":0},{"major":259,"value":86016,"op":"Total","minor":0},{"major":253,"value":0,"op":"Read","minor":2},{"major":253,"value":86016,"op":"Write","minor":2},{"major":253,"value":57344,"op":"Sync","minor":2},{"major":253,"value":28672,"op":"Async","minor":2},{"major":253,"value":0,"op":"Discard","minor":2},{"major":253,"value":86016,"op":"Total","minor":2}],"io_wait_time_recursive":[],"io_merged_recursive":[],"io_service_time_recursive":[]},"memory_stats":{"usage":315580416,"max_usage":820011008,"stats":{"hierarchical_memory_limit":9223372036854771712,"pgmajfault":0,"total_rss":201302016,"inactive_file":135168,"inactive_anon":82722816,"total_pgfault":546546,"total_cache":83910656,"total_rss_huge":0,"total_active_anon":202481664,"total_pgmajfault":0,"pgpgin":277728,"rss_huge":0,"mapped_file":0,"total_inactive_file":135168,"dirty":135168,"total_unevictable":0,"total_dirty":135168,"writeback":0,"pgpgout":208112,"hierarchical_memsw_limit":0,"cache":83910656,"active_file":135168,"pgfault":546546,"total_mapped_file":0,"total_pgpgout":208112,"total_writeback":0,"rss":201302016,"unevictable":0,"total_inactive_anon":82722816,"total_pgpgin":277728,"active_anon":202481664,"total_active_file":135168},"limit":540965302272},"name":"/DomainIntegrals-oxcQSCHB","networks":{"eth0":{"rx_bytes":3465290,"rx_packets":883,"tx_packets":1001,"tx_bytes":119734,"tx_dropped":0,"rx_dropped":2,"tx_errors":0,"rx_errors":0}},"id":"bd0185384c237bc476c95f21f3f361d30094b959e49c11a2e527cf2b6dbe7f45","preread":"0001-01-01T00:00:00Z","storage_stats":{},"precpu_stats":{"throttling_data":{"throttled_periods":0,"throttled_time":0,"periods":0},"cpu_usage":{"usage_in_usermode":0,"usage_in_kernelmode":0,"total_usage":0}},"pids_stats":{"current":44},"num_procs":0,"cpu_stats":{"throttling_data":{"throttled_periods":0,"throttled_time":0,"periods":0},"system_cpu_usage":4991197684522419,"online_cpus":128,"cpu_usage":{"usage_in_usermode":31040000000,"usage_in_kernelmode":2860000000,"total_usage":33837523445,"percpu_usage":[0,0,0,0,0,0,0,0,0,0,0,0,0,0,0,0,0,0,0,0,0,0,0,0,0,0,0,0,0,0,0,0,0,0,0,0,0,0,9280,33837514165,0,0,0,0,0,0,0,0,0,0,0,0,0,0,0,0,0,0,0,0,0,0,0,0,0,0,0,0,0,0,0,0,0,0,0,0,0,0,0,0,0,0,0,0,0,0,0,0,0,0,0,0,0,0,0,0,0,0,0,0,0,0,0,0,0,0,0,0,0,0,0,0,0,0,0,0,0,0,0,0,0,0,0,0,0,0,0,0]}},"read":"2021-01-11T19:22:26.775355666Z"}