################################################################################
# PkgEval set-up: 2021-01-11T18:42:21.043
#

Julia Version 1.5.3
Commit 599f52c4c6 (2020-12-18 13:33 UTC)
Platform Info:
  OS: Linux (x86_64-linux-gnu)
  CPU: AMD EPYC 7502 32-Core Processor
  WORD_SIZE: 64
  LIBM: libopenlibm
  LLVM: libLLVM-9.0.1 (ORCJIT, znver2)
Environment:
  JULIA_PKG_PRECOMPILE_AUTO = 0
  JULIA_PKGEVAL = true

Base.julia_cmd() = `/opt/julia/bin/julia -Cnative -J/opt/julia/lib/julia/sys.so -g1`


################################################################################
# Installation: 2021-01-11T18:42:22.792
#

 Installing known registries into `~/.julia`
#############################################                             63.6%######################################################################## 100.0%
      Added registry `General` to `~/.julia/registries/General`
  Resolving package versions...
  Installed CompilerSupportLibraries_jll ─ v0.3.4+0
  Installed DynamicLinearModels ────────── v0.4.0
  Installed Rmath_jll ──────────────────── v0.2.2+1
  Installed FillArrays ─────────────────── v0.9.7
  Installed QuadGK ─────────────────────── v2.4.1
  Installed StatsBase ──────────────────── v0.33.2
  Installed Rmath ──────────────────────── v0.6.1
  Installed DataAPI ────────────────────── v1.4.0
  Installed OrderedCollections ─────────── v1.3.2
  Installed DataStructures ─────────────── v0.18.8
  Installed RecipesBase ────────────────── v1.1.1
  Installed StaticArrays ───────────────── v0.12.5
  Installed Missings ───────────────────── v0.4.4
  Installed SortingAlgorithms ──────────── v0.3.1
  Installed PDMats ─────────────────────── v0.10.1
  Installed StatsFuns ──────────────────── v0.9.6
  Installed SpecialFunctions ───────────── v0.10.3
  Installed Compat ─────────────────────── v3.25.0
  Installed JLLWrappers ────────────────── v1.2.0
  Installed Distributions ──────────────── v0.23.12
  Installed OpenSpecFun_jll ────────────── v0.5.3+4
  Installed Artifacts ──────────────────── v1.3.0
Updating `~/.julia/environments/v1.5/Project.toml`
  [dc5eaf77] + DynamicLinearModels v0.4.0
Updating `~/.julia/environments/v1.5/Manifest.toml`
  [56f22d72] + Artifacts v1.3.0
  [34da2185] + Compat v3.25.0
  [e66e0078] + CompilerSupportLibraries_jll v0.3.4+0
  [9a962f9c] + DataAPI v1.4.0
  [864edb3b] + DataStructures v0.18.8
  [31c24e10] + Distributions v0.23.12
  [dc5eaf77] + DynamicLinearModels v0.4.0
  [1a297f60] + FillArrays v0.9.7
  [692b3bcd] + JLLWrappers v1.2.0
  [e1d29d7a] + Missings v0.4.4
  [efe28fd5] + OpenSpecFun_jll v0.5.3+4
  [bac558e1] + OrderedCollections v1.3.2
  [90014a1f] + PDMats v0.10.1
  [1fd47b50] + QuadGK v2.4.1
  [3cdcf5f2] + RecipesBase v1.1.1
  [79098fc4] + Rmath v0.6.1
  [f50d1b31] + Rmath_jll v0.2.2+1
  [a2af1166] + SortingAlgorithms v0.3.1
  [276daf66] + SpecialFunctions v0.10.3
  [90137ffa] + StaticArrays v0.12.5
  [2913bbd2] + StatsBase v0.33.2
  [4c63d2b9] + StatsFuns v0.9.6
  [2a0f44e3] + Base64
  [ade2ca70] + Dates
  [8bb1440f] + DelimitedFiles
  [8ba89e20] + Distributed
  [b77e0a4c] + InteractiveUtils
  [76f85450] + LibGit2
  [8f399da3] + Libdl
  [37e2e46d] + LinearAlgebra
  [56ddb016] + Logging
  [d6f4376e] + Markdown
  [a63ad114] + Mmap
  [44cfe95a] + Pkg
  [de0858da] + Printf
  [3fa0cd96] + REPL
  [9a3f8284] + Random
  [ea8e919c] + SHA
  [9e88b42a] + Serialization
  [1a1011a3] + SharedArrays
  [6462fe0b] + Sockets
  [2f01184e] + SparseArrays
  [10745b16] + Statistics
  [4607b0f0] + SuiteSparse
  [8dfed614] + Test
  [cf7118a7] + UUIDs
  [4ec0a83e] + Unicode


################################################################################
# Testing: 2021-01-11T18:42:29.042
#

    Testing DynamicLinearModels
Status `/tmp/jl_tO6wgQ/Project.toml`
  [31c24e10] Distributions v0.23.12
  [dc5eaf77] DynamicLinearModels v0.4.0
  [3cdcf5f2] RecipesBase v1.1.1
  [37e2e46d] LinearAlgebra
  [8dfed614] Test
Status `/tmp/jl_tO6wgQ/Manifest.toml`
  [56f22d72] Artifacts v1.3.0
  [34da2185] Compat v3.25.0
  [e66e0078] CompilerSupportLibraries_jll v0.3.4+0
  [9a962f9c] DataAPI v1.4.0
  [864edb3b] DataStructures v0.18.8
  [31c24e10] Distributions v0.23.12
  [dc5eaf77] DynamicLinearModels v0.4.0
  [1a297f60] FillArrays v0.9.7
  [692b3bcd] JLLWrappers v1.2.0
  [e1d29d7a] Missings v0.4.4
  [efe28fd5] OpenSpecFun_jll v0.5.3+4
  [bac558e1] OrderedCollections v1.3.2
  [90014a1f] PDMats v0.10.1
  [1fd47b50] QuadGK v2.4.1
  [3cdcf5f2] RecipesBase v1.1.1
  [79098fc4] Rmath v0.6.1
  [f50d1b31] Rmath_jll v0.2.2+1
  [a2af1166] SortingAlgorithms v0.3.1
  [276daf66] SpecialFunctions v0.10.3
  [90137ffa] StaticArrays v0.12.5
  [2913bbd2] StatsBase v0.33.2
  [4c63d2b9] StatsFuns v0.9.6
  [2a0f44e3] Base64
  [ade2ca70] Dates
  [8bb1440f] DelimitedFiles
  [8ba89e20] Distributed
  [b77e0a4c] InteractiveUtils
  [76f85450] LibGit2
  [8f399da3] Libdl
  [37e2e46d] LinearAlgebra
  [56ddb016] Logging
  [d6f4376e] Markdown
  [a63ad114] Mmap
  [44cfe95a] Pkg
  [de0858da] Printf
  [3fa0cd96] REPL
  [9a3f8284] Random
  [ea8e919c] SHA
  [9e88b42a] Serialization
  [1a1011a3] SharedArrays
  [6462fe0b] Sockets
  [2f01184e] SparseArrays
  [10745b16] Statistics
  [4607b0f0] SuiteSparse
  [8dfed614] Test
  [cf7118a7] UUIDs
  [4ec0a83e] Unicode
Test Summary:       | Pass  Total
DynamicLinearModels |   89     89
    Testing DynamicLinearModels tests passed 

PkgEval succeeded


################################################################################
# PkgEval teardown: 2021-01-11T18:43:20.479
CPU usage: 59.35s (52.61s user, 6.86s kernel)

Network usage:
- eth0: 3.716 MiB received, 134.106 KiB sent

Raw statistics: {"blkio_stats":{"io_queue_recursive":[],"io_serviced_recursive":[{"major":259,"value":480,"op":"Read","minor":0},{"major":259,"value":24,"op":"Write","minor":0},{"major":259,"value":499,"op":"Sync","minor":0},{"major":259,"value":5,"op":"Async","minor":0},{"major":259,"value":0,"op":"Discard","minor":0},{"major":259,"value":504,"op":"Total","minor":0},{"major":253,"value":480,"op":"Read","minor":2},{"major":253,"value":24,"op":"Write","minor":2},{"major":253,"value":499,"op":"Sync","minor":2},{"major":253,"value":5,"op":"Async","minor":2},{"major":253,"value":0,"op":"Discard","minor":2},{"major":253,"value":504,"op":"Total","minor":2}],"io_time_recursive":[],"sectors_recursive":[],"io_service_bytes_recursive":[{"major":259,"value":2588672,"op":"Read","minor":0},{"major":259,"value":135168,"op":"Write","minor":0},{"major":259,"value":2695168,"op":"Sync","minor":0},{"major":259,"value":28672,"op":"Async","minor":0},{"major":259,"value":0,"op":"Discard","minor":0},{"major":259,"value":2723840,"op":"Total","minor":0},{"major":253,"value":2588672,"op":"Read","minor":2},{"major":253,"value":135168,"op":"Write","minor":2},{"major":253,"value":2695168,"op":"Sync","minor":2},{"major":253,"value":28672,"op":"Async","minor":2},{"major":253,"value":0,"op":"Discard","minor":2},{"major":253,"value":2723840,"op":"Total","minor":2}],"io_wait_time_recursive":[],"io_merged_recursive":[],"io_service_time_recursive":[]},"memory_stats":{"usage":326696960,"max_usage":1301655552,"stats":{"hierarchical_memory_limit":9223372036854771712,"pgmajfault":0,"total_rss":177549312,"inactive_file":413696,"inactive_anon":250273792,"total_pgfault":1498497,"total_cache":115798016,"total_rss_huge":0,"total_active_anon":20676608,"total_pgmajfault":0,"pgpgin":1161666,"rss_huge":0,"mapped_file":135168,"total_inactive_file":413696,"dirty":2162688,"total_unevictable":0,"total_dirty":2162688,"writeback":0,"pgpgout":1090064,"hierarchical_memsw_limit":0,"cache":115798016,"active_file":21639168,"pgfault":1498497,"total_mapped_file":135168,"total_pgpgout":1090064,"total_writeback":0,"rss":177549312,"unevictable":0,"total_inactive_anon":250273792,"total_pgpgin":1161666,"active_anon":20676608,"total_active_file":21639168},"limit":540965302272},"name":"/DynamicLinearModels-UgEjf6w8","networks":{"eth0":{"rx_bytes":3896288,"rx_packets":1042,"tx_packets":1168,"tx_bytes":137325,"tx_dropped":0,"rx_dropped":2,"tx_errors":0,"rx_errors":0}},"id":"090ad829dbff828e7fbf614e2f482293ce363ff61050364723c22a6b84fb4c5c","preread":"0001-01-01T00:00:00Z","storage_stats":{},"precpu_stats":{"throttling_data":{"throttled_periods":0,"throttled_time":0,"periods":0},"cpu_usage":{"usage_in_usermode":0,"usage_in_kernelmode":0,"total_usage":0}},"pids_stats":{"current":40},"num_procs":0,"cpu_stats":{"throttling_data":{"throttled_periods":0,"throttled_time":0,"periods":0},"system_cpu_usage":4691343044522419,"online_cpus":128,"cpu_usage":{"usage_in_usermode":52610000000,"usage_in_kernelmode":6860000000,"total_usage":59352103140,"percpu_usage":[0,0,0,0,0,0,0,0,0,0,0,0,0,0,0,0,0,0,0,0,0,0,0,0,0,59351945490,0,0,0,0,0,0,0,0,0,0,0,0,0,0,0,0,0,0,0,0,0,0,0,0,0,0,0,0,0,0,0,0,0,0,0,0,0,0,0,0,0,0,0,0,0,0,0,0,0,0,0,0,0,0,0,0,0,0,0,0,0,0,0,7810,149840,0,0,0,0,0,0,0,0,0,0,0,0,0,0,0,0,0,0,0,0,0,0,0,0,0,0,0,0,0,0,0,0,0,0,0,0,0]}},"read":"2021-01-11T18:43:21.10664964Z"}