################################################################################
# PackageCompiler set-up: 2021-01-11T20:18:58.029
#

Julia Version 1.5.3
Commit 599f52c4c6 (2020-12-18 13:33 UTC)
Platform Info:
  OS: Linux (x86_64-linux-gnu)
  CPU: AMD EPYC 7502 32-Core Processor
  WORD_SIZE: 64
  LIBM: libopenlibm
  LLVM: libLLVM-9.0.1 (ORCJIT, znver2)
Environment:
  JULIA_PKGEVAL = true
  JULIA_PKG_PRECOMPILE_AUTO = 0



################################################################################
# Installation: 2021-01-11T20:18:59.71
#

 Installing known registries into `~/.julia`
#=#=#                                                                         ######################################################################## 100.0%
      Added registry `General` to `~/.julia/registries/General`
  Resolving package versions...
  Installed CompilerSupportLibraries_jll ─ v0.3.4+0
  Installed Reexport ───────────────────── v0.2.0
  Installed EasyFit ────────────────────── v0.5.2
  Installed WoodburyMatrices ───────────── v0.5.3
  Installed Rmath_jll ──────────────────── v0.2.2+1
  Installed CommonSubexpressions ───────── v0.3.0
  Installed Rmath ──────────────────────── v0.6.1
  Installed PackageCompiler ────────────── v1.2.5
  Installed LsqFit ─────────────────────── v0.12.0
  Installed MuladdMacro ────────────────── v0.2.2
  Installed FillArrays ─────────────────── v0.10.2
  Installed QuadGK ─────────────────────── v2.4.1
  Installed DiffRules ──────────────────── v1.0.2
  Installed Requires ───────────────────── v1.1.2
  Installed DataStructures ─────────────── v0.18.8
  Installed StatsBase ──────────────────── v0.33.2
  Installed Parameters ─────────────────── v0.12.1
  Installed DiffResults ────────────────── v1.0.3
  Installed Ratios ─────────────────────── v0.4.0
  Installed Missings ───────────────────── v0.4.4
  Installed OrderedCollections ─────────── v1.3.2
  Installed StaticArrays ───────────────── v1.0.1
  Installed MacroTools ─────────────────── v0.5.6
  Installed JLLWrappers ────────────────── v1.2.0
  Installed NaNMath ────────────────────── v0.3.5
  Installed OptimBase ──────────────────── v2.0.1
  Installed FiniteDiff ─────────────────── v2.7.2
  Installed AxisAlgorithms ─────────────── v1.0.0
  Installed ArrayInterface ─────────────── v2.14.13
  Installed PDMats ─────────────────────── v0.10.1
  Installed Distributions ──────────────── v0.24.10
  Installed DataAPI ────────────────────── v1.4.0
  Installed Interpolations ─────────────── v0.13.1
  Installed ForwardDiff ────────────────── v0.10.14
  Installed StatsFuns ──────────────────── v0.9.6
  Installed Adapt ──────────────────────── v2.4.0
  Installed OffsetArrays ───────────────── v1.5.0
  Installed SortingAlgorithms ──────────── v0.3.1
  Installed UnPack ─────────────────────── v1.0.2
  Installed ChainRulesCore ─────────────── v0.9.24
  Installed Compat ─────────────────────── v3.25.0
  Installed NLSolversBase ──────────────── v7.7.1
  Installed Artifacts ──────────────────── v1.3.0
  Installed OpenSpecFun_jll ────────────── v0.5.3+4
  Installed SpecialFunctions ───────────── v1.2.1
Updating `~/.julia/environments/v1.5/Project.toml`
  [fde71243] + EasyFit v0.5.2
  [9b87118b] + PackageCompiler v1.2.5
Updating `~/.julia/environments/v1.5/Manifest.toml`
  [79e6a3ab] + Adapt v2.4.0
  [4fba245c] + ArrayInterface v2.14.13
  [56f22d72] + Artifacts v1.3.0
  [13072b0f] + AxisAlgorithms v1.0.0
  [d360d2e6] + ChainRulesCore v0.9.24
  [bbf7d656] + CommonSubexpressions v0.3.0
  [34da2185] + Compat v3.25.0
  [e66e0078] + CompilerSupportLibraries_jll v0.3.4+0
  [9a962f9c] + DataAPI v1.4.0
  [864edb3b] + DataStructures v0.18.8
  [163ba53b] + DiffResults v1.0.3
  [b552c78f] + DiffRules v1.0.2
  [31c24e10] + Distributions v0.24.10
  [fde71243] + EasyFit v0.5.2
  [1a297f60] + FillArrays v0.10.2
  [6a86dc24] + FiniteDiff v2.7.2
  [f6369f11] + ForwardDiff v0.10.14
  [a98d9a8b] + Interpolations v0.13.1
  [692b3bcd] + JLLWrappers v1.2.0
  [2fda8390] + LsqFit v0.12.0
  [1914dd2f] + MacroTools v0.5.6
  [e1d29d7a] + Missings v0.4.4
  [46d2c3a1] + MuladdMacro v0.2.2
  [d41bc354] + NLSolversBase v7.7.1
  [77ba4419] + NaNMath v0.3.5
  [6fe1bfb0] + OffsetArrays v1.5.0
  [efe28fd5] + OpenSpecFun_jll v0.5.3+4
  [87e2bd06] + OptimBase v2.0.1
  [bac558e1] + OrderedCollections v1.3.2
  [90014a1f] + PDMats v0.10.1
  [9b87118b] + PackageCompiler v1.2.5
  [d96e819e] + Parameters v0.12.1
  [1fd47b50] + QuadGK v2.4.1
  [c84ed2f1] + Ratios v0.4.0
  [189a3867] + Reexport v0.2.0
  [ae029012] + Requires v1.1.2
  [79098fc4] + Rmath v0.6.1
  [f50d1b31] + Rmath_jll v0.2.2+1
  [a2af1166] + SortingAlgorithms v0.3.1
  [276daf66] + SpecialFunctions v1.2.1
  [90137ffa] + StaticArrays v1.0.1
  [2913bbd2] + StatsBase v0.33.2
  [4c63d2b9] + StatsFuns v0.9.6
  [3a884ed6] + UnPack v1.0.2
  [efce3f68] + WoodburyMatrices v0.5.3
  [2a0f44e3] + Base64
  [ade2ca70] + Dates
  [8bb1440f] + DelimitedFiles
  [8ba89e20] + Distributed
  [b77e0a4c] + InteractiveUtils
  [76f85450] + LibGit2
  [8f399da3] + Libdl
  [37e2e46d] + LinearAlgebra
  [56ddb016] + Logging
  [d6f4376e] + Markdown
  [a63ad114] + Mmap
  [44cfe95a] + Pkg
  [de0858da] + Printf
  [3fa0cd96] + REPL
  [9a3f8284] + Random
  [ea8e919c] + SHA
  [9e88b42a] + Serialization
  [1a1011a3] + SharedArrays
  [6462fe0b] + Sockets
  [2f01184e] + SparseArrays
  [10745b16] + Statistics
  [4607b0f0] + SuiteSparse
  [8dfed614] + Test
  [cf7118a7] + UUIDs
  [4ec0a83e] + Unicode


################################################################################
# Compiling: 2021-01-11T20:19:08.535
#

[ Info: PackageCompiler: creating system image object file, this might take a while...
Generated system image is 179.383 MiB, compilation took 289 seconds


################################################################################
# PkgEval set-up: 2021-01-11T20:24:04.81
#

Julia Version 1.5.3
Commit 599f52c4c6 (2020-12-18 13:33 UTC)
Platform Info:
  OS: Linux (x86_64-linux-gnu)
  CPU: AMD EPYC 7502 32-Core Processor
  WORD_SIZE: 64
  LIBM: libopenlibm
  LLVM: libLLVM-9.0.1 (ORCJIT, znver2)
Environment:
  JULIA_PKGEVAL = true
  JULIA_PKG_PRECOMPILE_AUTO = 0

Base.julia_cmd() = `/usr/local/julia/bin/julia -Cnative -J/cache/EasyFit-esxHlmia.so -g1`


################################################################################
# Installation: 2021-01-11T20:24:06.391
#

 Installing known registries into `~/.julia`
##############                                                            19.5%######################################################################## 100.0%
      Added registry `General` to `~/.julia/registries/General`
  Resolving package versions...
  Installed CompilerSupportLibraries_jll ─ v0.3.4+0
  Installed EasyFit ────────────────────── v0.5.2
  Installed Reexport ───────────────────── v0.2.0
  Installed Rmath ──────────────────────── v0.6.1
  Installed WoodburyMatrices ───────────── v0.5.3
  Installed CommonSubexpressions ───────── v0.3.0
  Installed Rmath_jll ──────────────────── v0.2.2+1
  Installed MuladdMacro ────────────────── v0.2.2
  Installed LsqFit ─────────────────────── v0.12.0
  Installed StatsBase ──────────────────── v0.33.2
  Installed FillArrays ─────────────────── v0.10.2
  Installed DataStructures ─────────────── v0.18.8
  Installed Requires ───────────────────── v1.1.2
  Installed QuadGK ─────────────────────── v2.4.1
  Installed DataAPI ────────────────────── v1.4.0
  Installed DiffRules ──────────────────── v1.0.2
  Installed DiffResults ────────────────── v1.0.3
  Installed Parameters ─────────────────── v0.12.1
  Installed Ratios ─────────────────────── v0.4.0
  Installed OrderedCollections ─────────── v1.3.2
  Installed StaticArrays ───────────────── v1.0.1
  Installed MacroTools ─────────────────── v0.5.6
  Installed Missings ───────────────────── v0.4.4
  Installed AxisAlgorithms ─────────────── v1.0.0
  Installed OptimBase ──────────────────── v2.0.1
  Installed NaNMath ────────────────────── v0.3.5
  Installed FiniteDiff ─────────────────── v2.7.2
  Installed ArrayInterface ─────────────── v2.14.13
  Installed JLLWrappers ────────────────── v1.2.0
  Installed Distributions ──────────────── v0.24.10
  Installed PDMats ─────────────────────── v0.10.1
  Installed Adapt ──────────────────────── v2.4.0
  Installed StatsFuns ──────────────────── v0.9.6
  Installed OffsetArrays ───────────────── v1.5.0
  Installed UnPack ─────────────────────── v1.0.2
  Installed ForwardDiff ────────────────── v0.10.14
  Installed SpecialFunctions ───────────── v1.2.1
  Installed Interpolations ─────────────── v0.13.1
  Installed SortingAlgorithms ──────────── v0.3.1
  Installed ChainRulesCore ─────────────── v0.9.24
  Installed OpenSpecFun_jll ────────────── v0.5.3+4
  Installed Compat ─────────────────────── v3.25.0
  Installed Artifacts ──────────────────── v1.3.0
  Installed NLSolversBase ──────────────── v7.7.1
Updating `~/.julia/environments/v1.5/Project.toml`
  [fde71243] + EasyFit v0.5.2
Updating `~/.julia/environments/v1.5/Manifest.toml`
  [79e6a3ab] + Adapt v2.4.0
  [4fba245c] + ArrayInterface v2.14.13
  [56f22d72] + Artifacts v1.3.0
  [13072b0f] + AxisAlgorithms v1.0.0
  [d360d2e6] + ChainRulesCore v0.9.24
  [bbf7d656] + CommonSubexpressions v0.3.0
  [34da2185] + Compat v3.25.0
  [e66e0078] + CompilerSupportLibraries_jll v0.3.4+0
  [9a962f9c] + DataAPI v1.4.0
  [864edb3b] + DataStructures v0.18.8
  [163ba53b] + DiffResults v1.0.3
  [b552c78f] + DiffRules v1.0.2
  [31c24e10] + Distributions v0.24.10
  [fde71243] + EasyFit v0.5.2
  [1a297f60] + FillArrays v0.10.2
  [6a86dc24] + FiniteDiff v2.7.2
  [f6369f11] + ForwardDiff v0.10.14
  [a98d9a8b] + Interpolations v0.13.1
  [692b3bcd] + JLLWrappers v1.2.0
  [2fda8390] + LsqFit v0.12.0
  [1914dd2f] + MacroTools v0.5.6
  [e1d29d7a] + Missings v0.4.4
  [46d2c3a1] + MuladdMacro v0.2.2
  [d41bc354] + NLSolversBase v7.7.1
  [77ba4419] + NaNMath v0.3.5
  [6fe1bfb0] + OffsetArrays v1.5.0
  [efe28fd5] + OpenSpecFun_jll v0.5.3+4
  [87e2bd06] + OptimBase v2.0.1
  [bac558e1] + OrderedCollections v1.3.2
  [90014a1f] + PDMats v0.10.1
  [d96e819e] + Parameters v0.12.1
  [1fd47b50] + QuadGK v2.4.1
  [c84ed2f1] + Ratios v0.4.0
  [189a3867] + Reexport v0.2.0
  [ae029012] + Requires v1.1.2
  [79098fc4] + Rmath v0.6.1
  [f50d1b31] + Rmath_jll v0.2.2+1
  [a2af1166] + SortingAlgorithms v0.3.1
  [276daf66] + SpecialFunctions v1.2.1
  [90137ffa] + StaticArrays v1.0.1
  [2913bbd2] + StatsBase v0.33.2
  [4c63d2b9] + StatsFuns v0.9.6
  [3a884ed6] + UnPack v1.0.2
  [efce3f68] + WoodburyMatrices v0.5.3
  [2a0f44e3] + Base64
  [ade2ca70] + Dates
  [8bb1440f] + DelimitedFiles
  [8ba89e20] + Distributed
  [b77e0a4c] + InteractiveUtils
  [76f85450] + LibGit2
  [8f399da3] + Libdl
  [37e2e46d] + LinearAlgebra
  [56ddb016] + Logging
  [d6f4376e] + Markdown
  [a63ad114] + Mmap
  [44cfe95a] + Pkg
  [de0858da] + Printf
  [3fa0cd96] + REPL
  [9a3f8284] + Random
  [ea8e919c] + SHA
  [9e88b42a] + Serialization
  [1a1011a3] + SharedArrays
  [6462fe0b] + Sockets
  [2f01184e] + SparseArrays
  [10745b16] + Statistics
  [4607b0f0] + SuiteSparse
  [8dfed614] + Test
  [cf7118a7] + UUIDs
  [4ec0a83e] + Unicode


################################################################################
# Testing: 2021-01-11T20:24:13.057
#


PkgEval failed: Package EasyFit did not provide a `test/runtests.jl` file
Stacktrace:
 [1] pkgerror(::String, ::Vararg{String,N} where N) at /workspace/srcdir/usr/share/julia/stdlib/v1.5/Pkg/src/Types.jl:52
 [2] test(::Pkg.Types.Context, ::Array{Pkg.Types.PackageSpec,1}; coverage::Bool, julia_args::Cmd, test_args::Cmd, test_fn::Nothing) at /workspace/srcdir/usr/share/julia/stdlib/v1.5/Pkg/src/Operations.jl:1536
 [3] test(::Pkg.Types.Context, ::Array{Pkg.Types.PackageSpec,1}; coverage::Bool, test_fn::Nothing, julia_args::Cmd, test_args::Cmd, kwargs::Base.Iterators.Pairs{Union{},Union{},Tuple{},NamedTuple{(),Tuple{}}}) at /workspace/srcdir/usr/share/julia/stdlib/v1.5/Pkg/src/API.jl:327
 [4] test(::Pkg.Types.Context, ::Array{Pkg.Types.PackageSpec,1}) at /workspace/srcdir/usr/share/julia/stdlib/v1.5/Pkg/src/API.jl:314
 [5] #test#61 at /workspace/srcdir/usr/share/julia/stdlib/v1.5/Pkg/src/API.jl:67 [inlined]
 [6] test at /workspace/srcdir/usr/share/julia/stdlib/v1.5/Pkg/src/API.jl:67 [inlined]
 [7] #test#60 at /workspace/srcdir/usr/share/julia/stdlib/v1.5/Pkg/src/API.jl:66 [inlined]
 [8] test at /workspace/srcdir/usr/share/julia/stdlib/v1.5/Pkg/src/API.jl:66 [inlined]
 [9] test(::String; kwargs::Base.Iterators.Pairs{Union{},Union{},Tuple{},NamedTuple{(),Tuple{}}}) at /workspace/srcdir/usr/share/julia/stdlib/v1.5/Pkg/src/API.jl:65
 [10] test(::String) at /workspace/srcdir/usr/share/julia/stdlib/v1.5/Pkg/src/API.jl:65
 [11] top-level scope at none:22
 [12] eval at ./boot.jl:331 [inlined]
 [13] eval(::Expr) at ./client.jl:467
 [14] top-level scope at none:1
 [15] eval(::Module, ::Any) at ./boot.jl:331
 [16] exec_options(::Base.JLOptions) at ./client.jl:272
 [17] _start() at ./client.jl:506


################################################################################
# PkgEval teardown: 2021-01-11T20:24:15.162
CPU usage: 10.75s (8.10s user, 2.70s kernel)

Network usage:
- eth0: 9.054 MiB received, 248.426 KiB sent

Raw statistics: {"blkio_stats":{"io_queue_recursive":[],"io_serviced_recursive":[{"major":259,"value":0,"op":"Read","minor":0},{"major":259,"value":15,"op":"Write","minor":0},{"major":259,"value":14,"op":"Sync","minor":0},{"major":259,"value":1,"op":"Async","minor":0},{"major":259,"value":0,"op":"Discard","minor":0},{"major":259,"value":15,"op":"Total","minor":0},{"major":253,"value":0,"op":"Read","minor":2},{"major":253,"value":15,"op":"Write","minor":2},{"major":253,"value":14,"op":"Sync","minor":2},{"major":253,"value":1,"op":"Async","minor":2},{"major":253,"value":0,"op":"Discard","minor":2},{"major":253,"value":15,"op":"Total","minor":2}],"io_time_recursive":[],"sectors_recursive":[],"io_service_bytes_recursive":[{"major":259,"value":0,"op":"Read","minor":0},{"major":259,"value":61440,"op":"Write","minor":0},{"major":259,"value":57344,"op":"Sync","minor":0},{"major":259,"value":4096,"op":"Async","minor":0},{"major":259,"value":0,"op":"Discard","minor":0},{"major":259,"value":61440,"op":"Total","minor":0},{"major":253,"value":0,"op":"Read","minor":2},{"major":253,"value":61440,"op":"Write","minor":2},{"major":253,"value":57344,"op":"Sync","minor":2},{"major":253,"value":4096,"op":"Async","minor":2},{"major":253,"value":0,"op":"Discard","minor":2},{"major":253,"value":61440,"op":"Total","minor":2}],"io_wait_time_recursive":[],"io_merged_recursive":[],"io_service_time_recursive":[]},"memory_stats":{"usage":375046144,"max_usage":456052736,"stats":{"hierarchical_memory_limit":9223372036854771712,"pgmajfault":0,"total_rss":239534080,"inactive_file":135168,"inactive_anon":102051840,"total_pgfault":270138,"total_cache":103657472,"total_rss_huge":0,"total_active_anon":241004544,"total_pgmajfault":0,"pgpgin":188067,"rss_huge":0,"mapped_file":0,"total_inactive_file":135168,"dirty":270336,"total_unevictable":0,"total_dirty":270336,"writeback":0,"pgpgout":104265,"hierarchical_memsw_limit":0,"cache":103657472,"active_file":135168,"pgfault":270138,"total_mapped_file":0,"total_pgpgout":104265,"total_writeback":0,"rss":239534080,"unevictable":0,"total_inactive_anon":102051840,"total_pgpgin":188067,"active_anon":241004544,"total_active_file":135168},"limit":540965302272},"name":"/EasyFit-vjzRCj1N","networks":{"eth0":{"rx_bytes":9493904,"rx_packets":1849,"tx_packets":2136,"tx_bytes":254388,"tx_dropped":0,"rx_dropped":1,"tx_errors":0,"rx_errors":0}},"id":"4aa97ecf3bd0c415c077c76a02dcade494a86c3117ac84932dacd46611b95cbf","preread":"0001-01-01T00:00:00Z","storage_stats":{},"precpu_stats":{"throttling_data":{"throttled_periods":0,"throttled_time":0,"periods":0},"cpu_usage":{"usage_in_usermode":0,"usage_in_kernelmode":0,"total_usage":0}},"pids_stats":{"current":44},"num_procs":0,"cpu_stats":{"throttling_data":{"throttled_periods":0,"throttled_time":0,"periods":0},"system_cpu_usage":5465250004522419,"online_cpus":128,"cpu_usage":{"usage_in_usermode":8100000000,"usage_in_kernelmode":2700000000,"total_usage":10752859377,"percpu_usage":[0,0,0,0,0,0,0,0,0,0,0,0,0,0,0,0,0,0,0,0,0,0,0,0,0,0,0,0,0,0,0,0,0,0,0,0,0,0,0,10752857517,0,0,0,0,0,0,0,0,0,0,0,0,0,0,0,0,0,0,0,0,0,0,0,0,0,0,0,0,0,0,0,0,0,0,0,0,0,0,0,0,0,0,0,0,0,0,0,0,0,0,0,0,0,0,0,0,0,0,0,0,1860,0,0,0,0,0,0,0,0,0,0,0,0,0,0,0,0,0,0,0,0,0,0,0,0,0,0,0]}},"read":"2021-01-11T20:24:15.164395297Z"}