################################################################################
# PackageCompiler set-up: 2021-01-11T23:35:13.734
#

Julia Version 1.5.3
Commit 599f52c4c6 (2020-12-18 13:33 UTC)
Platform Info:
  OS: Linux (x86_64-linux-gnu)
  CPU: AMD EPYC 7502 32-Core Processor
  WORD_SIZE: 64
  LIBM: libopenlibm
  LLVM: libLLVM-9.0.1 (ORCJIT, znver2)
Environment:
  JULIA_PKGEVAL = true
  JULIA_PKG_PRECOMPILE_AUTO = 0



################################################################################
# Installation: 2021-01-11T23:35:15.438
#

 Installing known registries into `~/.julia`
########################################                                  56.7%######################################################################## 100.0%
      Added registry `General` to `~/.julia/registries/General`
  Resolving package versions...
  Installed CompilerSupportLibraries_jll ─ v0.3.4+0
  Installed CFITSIO_jll ────────────────── v3.48.0+0
  Installed MbedTLS_jll ────────────────── v2.16.8+1
  Installed Zlib_jll ───────────────────── v1.2.11+18
  Installed CFITSIO ────────────────────── v1.1.1
  Installed Reexport ───────────────────── v0.2.0
  Installed WoodburyMatrices ───────────── v0.5.3
  Installed TableTraits ────────────────── v1.0.0
  Installed MuladdMacro ────────────────── v0.2.2
  Installed TableTraitsUtils ───────────── v1.0.1
  Installed PackageCompiler ────────────── v1.2.5
  Installed EchelleInstruments ─────────── v0.1.5
  Installed TimeZones ──────────────────── v1.5.3
  Installed Mocking ────────────────────── v0.7.1
  Installed IterableTables ─────────────── v1.0.0
  Installed Tables ─────────────────────── v1.2.2
  Installed CategoricalArrays ──────────── v0.8.3
  Installed Query ──────────────────────── v1.0.0
  Installed DataStructures ─────────────── v0.17.20
  Installed RvSpectMLBase ──────────────── v0.1.6
  Installed DataFrames ─────────────────── v0.21.8
  Installed Libiconv_jll ───────────────── v1.16.0+7
  Installed EzXML ──────────────────────── v1.1.0
  Installed Requires ───────────────────── v1.1.2
  Installed Polynomials ────────────────── v1.2.0
  Installed LibSSH2_jll ────────────────── v1.9.0+3
  Installed DataAPI ────────────────────── v1.4.0
  Installed Ratios ─────────────────────── v0.4.0
  Installed nghttp2_jll ────────────────── v1.40.0+2
  Installed InvertedIndices ────────────── v1.0.0
  Installed XML2_jll ───────────────────── v2.9.10+3
  Installed DataValueInterfaces ────────── v1.0.0
  Installed OrderedCollections ─────────── v1.3.2
  Installed Intervals ──────────────────── v1.5.0
  Installed StaticArrays ───────────────── v1.0.1
  Installed Missings ───────────────────── v0.4.4
  Installed RecipesBase ────────────────── v1.1.1
  Installed MacroTools ─────────────────── v0.5.6
  Installed PooledArrays ───────────────── v0.5.3
  Installed JSON ───────────────────────── v0.21.1
  Installed JLLWrappers ────────────────── v1.2.0
  Installed NaNMath ────────────────────── v0.3.5
  Installed AxisAlgorithms ─────────────── v1.0.0
  Installed Adapt ──────────────────────── v2.4.0
  Installed StructTypes ────────────────── v1.2.1
  Installed OffsetArrays ───────────────── v1.5.0
  Installed ExprTools ──────────────────── v0.1.3
  Installed SortingAlgorithms ──────────── v0.3.1
  Installed LibCURL_jll ────────────────── v7.70.0+2
  Installed IteratorInterfaceExtensions ── v1.0.0
  Installed SpecialFunctions ───────────── v1.2.1
  Installed CSV ────────────────────────── v0.8.2
  Installed FITSIO ─────────────────────── v0.16.5
  Installed Interpolations ─────────────── v0.13.1
  Installed Compat ─────────────────────── v3.25.0
  Installed OpenSpecFun_jll ────────────── v0.5.3+4
  Installed TableShowUtils ─────────────── v0.2.5
  Installed SentinelArrays ─────────────── v1.2.16
  Installed QueryOperators ─────────────── v0.9.2
  Installed ChainRulesCore ─────────────── v0.9.24
  Installed Parsers ────────────────────── v1.0.15
  Installed DataValues ─────────────────── v0.4.13
  Installed Artifacts ──────────────────── v1.3.0
Updating `~/.julia/environments/v1.5/Project.toml`
  [533b6e3a] + EchelleInstruments v0.1.5
  [9b87118b] + PackageCompiler v1.2.5
Updating `~/.julia/environments/v1.5/Manifest.toml`
  [79e6a3ab] + Adapt v2.4.0
  [56f22d72] + Artifacts v1.3.0
  [13072b0f] + AxisAlgorithms v1.0.0
  [3b1b4be9] + CFITSIO v1.1.1
  [b3e40c51] + CFITSIO_jll v3.48.0+0
  [336ed68f] + CSV v0.8.2
  [324d7699] + CategoricalArrays v0.8.3
  [d360d2e6] + ChainRulesCore v0.9.24
  [34da2185] + Compat v3.25.0
  [e66e0078] + CompilerSupportLibraries_jll v0.3.4+0
  [9a962f9c] + DataAPI v1.4.0
  [a93c6f00] + DataFrames v0.21.8
  [864edb3b] + DataStructures v0.17.20
  [e2d170a0] + DataValueInterfaces v1.0.0
  [e7dc6d0d] + DataValues v0.4.13
  [533b6e3a] + EchelleInstruments v0.1.5
  [e2ba6199] + ExprTools v0.1.3
  [8f5d6c58] + EzXML v1.1.0
  [525bcba6] + FITSIO v0.16.5
  [a98d9a8b] + Interpolations v0.13.1
  [d8418881] + Intervals v1.5.0
  [41ab1584] + InvertedIndices v1.0.0
  [1c8ee90f] + IterableTables v1.0.0
  [82899510] + IteratorInterfaceExtensions v1.0.0
  [692b3bcd] + JLLWrappers v1.2.0
  [682c06a0] + JSON v0.21.1
  [deac9b47] + LibCURL_jll v7.70.0+2
  [29816b5a] + LibSSH2_jll v1.9.0+3
  [94ce4f54] + Libiconv_jll v1.16.0+7
  [1914dd2f] + MacroTools v0.5.6
  [c8ffd9c3] + MbedTLS_jll v2.16.8+1
  [e1d29d7a] + Missings v0.4.4
  [78c3b35d] + Mocking v0.7.1
  [46d2c3a1] + MuladdMacro v0.2.2
  [77ba4419] + NaNMath v0.3.5
  [6fe1bfb0] + OffsetArrays v1.5.0
  [efe28fd5] + OpenSpecFun_jll v0.5.3+4
  [bac558e1] + OrderedCollections v1.3.2
  [9b87118b] + PackageCompiler v1.2.5
  [69de0a69] + Parsers v1.0.15
  [f27b6e38] + Polynomials v1.2.0
  [2dfb63ee] + PooledArrays v0.5.3
  [1a8c2f83] + Query v1.0.0
  [2aef5ad7] + QueryOperators v0.9.2
  [c84ed2f1] + Ratios v0.4.0
  [3cdcf5f2] + RecipesBase v1.1.1
  [189a3867] + Reexport v0.2.0
  [ae029012] + Requires v1.1.2
  [c48404b2] + RvSpectMLBase v0.1.6
  [91c51154] + SentinelArrays v1.2.16
  [a2af1166] + SortingAlgorithms v0.3.1
  [276daf66] + SpecialFunctions v1.2.1
  [90137ffa] + StaticArrays v1.0.1
  [856f2bd8] + StructTypes v1.2.1
  [5e66a065] + TableShowUtils v0.2.5
  [3783bdb8] + TableTraits v1.0.0
  [382cd787] + TableTraitsUtils v1.0.1
  [bd369af6] + Tables v1.2.2
  [f269a46b] + TimeZones v1.5.3
  [efce3f68] + WoodburyMatrices v0.5.3
  [02c8fc9c] + XML2_jll v2.9.10+3
  [83775a58] + Zlib_jll v1.2.11+18
  [8e850ede] + nghttp2_jll v1.40.0+2
  [2a0f44e3] + Base64
  [ade2ca70] + Dates
  [8bb1440f] + DelimitedFiles
  [8ba89e20] + Distributed
  [9fa8497b] + Future
  [b77e0a4c] + InteractiveUtils
  [76f85450] + LibGit2
  [8f399da3] + Libdl
  [37e2e46d] + LinearAlgebra
  [56ddb016] + Logging
  [d6f4376e] + Markdown
  [a63ad114] + Mmap
  [44cfe95a] + Pkg
  [de0858da] + Printf
  [3fa0cd96] + REPL
  [9a3f8284] + Random
  [ea8e919c] + SHA
  [9e88b42a] + Serialization
  [1a1011a3] + SharedArrays
  [6462fe0b] + Sockets
  [2f01184e] + SparseArrays
  [10745b16] + Statistics
  [8dfed614] + Test
  [cf7118a7] + UUIDs
  [4ec0a83e] + Unicode
   Building TimeZones → `~/.julia/packages/TimeZones/K98G0/deps/build.log`


################################################################################
# Compiling: 2021-01-11T23:35:33.584
#

[ Info: PackageCompiler: creating system image object file, this might take a while...
Generated system image is 196.890 MiB, compilation took 319 seconds


################################################################################
# PkgEval set-up: 2021-01-11T23:41:00.969
#

Julia Version 1.5.3
Commit 599f52c4c6 (2020-12-18 13:33 UTC)
Platform Info:
  OS: Linux (x86_64-linux-gnu)
  CPU: AMD EPYC 7502 32-Core Processor
  WORD_SIZE: 64
  LIBM: libopenlibm
  LLVM: libLLVM-9.0.1 (ORCJIT, znver2)
Environment:
  JULIA_PKGEVAL = true
  JULIA_PKG_PRECOMPILE_AUTO = 0

Base.julia_cmd() = `/usr/local/julia/bin/julia -Cnative -J/cache/EchelleInstruments-hA8XjvpW.so -g1`


################################################################################
# Installation: 2021-01-11T23:41:02.561
#

 Installing known registries into `~/.julia`
####                                                                       5.7%######################################################################## 100.0%
      Added registry `General` to `~/.julia/registries/General`
  Resolving package versions...
  Installed CompilerSupportLibraries_jll ─ v0.3.4+0
  Installed CFITSIO_jll ────────────────── v3.48.0+0
  Installed MbedTLS_jll ────────────────── v2.16.8+1
  Installed Zlib_jll ───────────────────── v1.2.11+18
  Installed Reexport ───────────────────── v0.2.0
  Installed CFITSIO ────────────────────── v1.1.1
  Installed TimeZones ──────────────────── v1.5.3
  Installed WoodburyMatrices ───────────── v0.5.3
  Installed TableTraits ────────────────── v1.0.0
  Installed MuladdMacro ────────────────── v0.2.2
  Installed TableTraitsUtils ───────────── v1.0.1
  Installed IterableTables ─────────────── v1.0.0
  Installed CategoricalArrays ──────────── v0.8.3
  Installed EchelleInstruments ─────────── v0.1.5
  Installed DataFrames ─────────────────── v0.21.8
  Installed Mocking ────────────────────── v0.7.1
  Installed Query ──────────────────────── v1.0.0
  Installed Tables ─────────────────────── v1.2.2
  Installed DataStructures ─────────────── v0.17.20
  Installed Requires ───────────────────── v1.1.2
  Installed Polynomials ────────────────── v1.2.0
  Installed Libiconv_jll ───────────────── v1.16.0+7
  Installed RvSpectMLBase ──────────────── v0.1.6
  Installed EzXML ──────────────────────── v1.1.0
  Installed DataAPI ────────────────────── v1.4.0
  Installed LibSSH2_jll ────────────────── v1.9.0+3
  Installed Ratios ─────────────────────── v0.4.0
  Installed nghttp2_jll ────────────────── v1.40.0+2
  Installed InvertedIndices ────────────── v1.0.0
  Installed XML2_jll ───────────────────── v2.9.10+3
  Installed DataValueInterfaces ────────── v1.0.0
  Installed OrderedCollections ─────────── v1.3.2
  Installed Intervals ──────────────────── v1.5.0
  Installed StaticArrays ───────────────── v1.0.1
  Installed PooledArrays ───────────────── v0.5.3
  Installed Missings ───────────────────── v0.4.4
  Installed RecipesBase ────────────────── v1.1.1
  Installed MacroTools ─────────────────── v0.5.6
  Installed JSON ───────────────────────── v0.21.1
  Installed JLLWrappers ────────────────── v1.2.0
  Installed AxisAlgorithms ─────────────── v1.0.0
  Installed NaNMath ────────────────────── v0.3.5
  Installed StructTypes ────────────────── v1.2.1
  Installed CSV ────────────────────────── v0.8.2
  Installed Adapt ──────────────────────── v2.4.0
  Installed OffsetArrays ───────────────── v1.5.0
  Installed Interpolations ─────────────── v0.13.1
  Installed ExprTools ──────────────────── v0.1.3
  Installed IteratorInterfaceExtensions ── v1.0.0
  Installed SortingAlgorithms ──────────── v0.3.1
  Installed LibCURL_jll ────────────────── v7.70.0+2
  Installed SpecialFunctions ───────────── v1.2.1
  Installed FITSIO ─────────────────────── v0.16.5
  Installed Compat ─────────────────────── v3.25.0
  Installed OpenSpecFun_jll ────────────── v0.5.3+4
  Installed ChainRulesCore ─────────────── v0.9.24
  Installed QueryOperators ─────────────── v0.9.2
  Installed SentinelArrays ─────────────── v1.2.16
  Installed TableShowUtils ─────────────── v0.2.5
  Installed Parsers ────────────────────── v1.0.15
  Installed DataValues ─────────────────── v0.4.13
  Installed Artifacts ──────────────────── v1.3.0
Updating `~/.julia/environments/v1.5/Project.toml`
  [533b6e3a] + EchelleInstruments v0.1.5
Updating `~/.julia/environments/v1.5/Manifest.toml`
  [79e6a3ab] + Adapt v2.4.0
  [56f22d72] + Artifacts v1.3.0
  [13072b0f] + AxisAlgorithms v1.0.0
  [3b1b4be9] + CFITSIO v1.1.1
  [b3e40c51] + CFITSIO_jll v3.48.0+0
  [336ed68f] + CSV v0.8.2
  [324d7699] + CategoricalArrays v0.8.3
  [d360d2e6] + ChainRulesCore v0.9.24
  [34da2185] + Compat v3.25.0
  [e66e0078] + CompilerSupportLibraries_jll v0.3.4+0
  [9a962f9c] + DataAPI v1.4.0
  [a93c6f00] + DataFrames v0.21.8
  [864edb3b] + DataStructures v0.17.20
  [e2d170a0] + DataValueInterfaces v1.0.0
  [e7dc6d0d] + DataValues v0.4.13
  [533b6e3a] + EchelleInstruments v0.1.5
  [e2ba6199] + ExprTools v0.1.3
  [8f5d6c58] + EzXML v1.1.0
  [525bcba6] + FITSIO v0.16.5
  [a98d9a8b] + Interpolations v0.13.1
  [d8418881] + Intervals v1.5.0
  [41ab1584] + InvertedIndices v1.0.0
  [1c8ee90f] + IterableTables v1.0.0
  [82899510] + IteratorInterfaceExtensions v1.0.0
  [692b3bcd] + JLLWrappers v1.2.0
  [682c06a0] + JSON v0.21.1
  [deac9b47] + LibCURL_jll v7.70.0+2
  [29816b5a] + LibSSH2_jll v1.9.0+3
  [94ce4f54] + Libiconv_jll v1.16.0+7
  [1914dd2f] + MacroTools v0.5.6
  [c8ffd9c3] + MbedTLS_jll v2.16.8+1
  [e1d29d7a] + Missings v0.4.4
  [78c3b35d] + Mocking v0.7.1
  [46d2c3a1] + MuladdMacro v0.2.2
  [77ba4419] + NaNMath v0.3.5
  [6fe1bfb0] + OffsetArrays v1.5.0
  [efe28fd5] + OpenSpecFun_jll v0.5.3+4
  [bac558e1] + OrderedCollections v1.3.2
  [69de0a69] + Parsers v1.0.15
  [f27b6e38] + Polynomials v1.2.0
  [2dfb63ee] + PooledArrays v0.5.3
  [1a8c2f83] + Query v1.0.0
  [2aef5ad7] + QueryOperators v0.9.2
  [c84ed2f1] + Ratios v0.4.0
  [3cdcf5f2] + RecipesBase v1.1.1
  [189a3867] + Reexport v0.2.0
  [ae029012] + Requires v1.1.2
  [c48404b2] + RvSpectMLBase v0.1.6
  [91c51154] + SentinelArrays v1.2.16
  [a2af1166] + SortingAlgorithms v0.3.1
  [276daf66] + SpecialFunctions v1.2.1
  [90137ffa] + StaticArrays v1.0.1
  [856f2bd8] + StructTypes v1.2.1
  [5e66a065] + TableShowUtils v0.2.5
  [3783bdb8] + TableTraits v1.0.0
  [382cd787] + TableTraitsUtils v1.0.1
  [bd369af6] + Tables v1.2.2
  [f269a46b] + TimeZones v1.5.3
  [efce3f68] + WoodburyMatrices v0.5.3
  [02c8fc9c] + XML2_jll v2.9.10+3
  [83775a58] + Zlib_jll v1.2.11+18
  [8e850ede] + nghttp2_jll v1.40.0+2
  [2a0f44e3] + Base64
  [ade2ca70] + Dates
  [8bb1440f] + DelimitedFiles
  [8ba89e20] + Distributed
  [9fa8497b] + Future
  [b77e0a4c] + InteractiveUtils
  [76f85450] + LibGit2
  [8f399da3] + Libdl
  [37e2e46d] + LinearAlgebra
  [56ddb016] + Logging
  [d6f4376e] + Markdown
  [a63ad114] + Mmap
  [44cfe95a] + Pkg
  [de0858da] + Printf
  [3fa0cd96] + REPL
  [9a3f8284] + Random
  [ea8e919c] + SHA
  [9e88b42a] + Serialization
  [1a1011a3] + SharedArrays
  [6462fe0b] + Sockets
  [2f01184e] + SparseArrays
  [10745b16] + Statistics
  [8dfed614] + Test
  [cf7118a7] + UUIDs
  [4ec0a83e] + Unicode
   Building TimeZones → `~/.julia/packages/TimeZones/K98G0/deps/build.log`
┌ Error: Error building `TimeZones`: 
│ ERROR: LoadError: IOError: mkdir: permission denied (EACCES)
│ Stacktrace:
│  [1] uv_error at ./libuv.jl:97 [inlined]
│  [2] mkdir(::String; mode::UInt16) at ./file.jl:177
│  [3] mkpath(::String; mode::UInt16) at ./file.jl:227
│  [4] mkpath(::String; mode::UInt16) at ./file.jl:225 (repeats 6 times)
│  [5] mkpath at ./file.jl:222 [inlined]
│  [6] build(::String) at /home/pkgeval/.julia/packages/TimeZones/K98G0/src/tzdata/build.jl:105
│  [7] build(::String; force::Bool) at /home/pkgeval/.julia/packages/TimeZones/K98G0/src/build.jl:11
│  [8] build at /home/pkgeval/.julia/packages/TimeZones/K98G0/src/build.jl:11 [inlined] (repeats 2 times)
│  [9] top-level scope at /home/user/.julia/packages/TimeZones/K98G0/deps/build.jl:3
│  [10] include(::String) at ./client.jl:457
│  [11] top-level scope at none:5
│ in expression starting at /home/user/.julia/packages/TimeZones/K98G0/deps/build.jl:3
└ @ Pkg.Operations /workspace/srcdir/usr/share/julia/stdlib/v1.5/Pkg/src/Operations.jl:949


################################################################################
# Testing: 2021-01-11T23:41:13.976
#

    Testing EchelleInstruments
Status `/tmp/jl_B9A8ic/Project.toml`
  [533b6e3a] EchelleInstruments v0.1.5
  [8dfed614] Test
Status `/tmp/jl_B9A8ic/Manifest.toml`
  [79e6a3ab] Adapt v2.4.0
  [56f22d72] Artifacts v1.3.0
  [13072b0f] AxisAlgorithms v1.0.0
  [3b1b4be9] CFITSIO v1.1.1
  [b3e40c51] CFITSIO_jll v3.48.0+0
  [336ed68f] CSV v0.8.2
  [324d7699] CategoricalArrays v0.8.3
  [d360d2e6] ChainRulesCore v0.9.24
  [34da2185] Compat v3.25.0
  [e66e0078] CompilerSupportLibraries_jll v0.3.4+0
  [9a962f9c] DataAPI v1.4.0
  [a93c6f00] DataFrames v0.21.8
  [864edb3b] DataStructures v0.17.20
  [e2d170a0] DataValueInterfaces v1.0.0
  [e7dc6d0d] DataValues v0.4.13
  [533b6e3a] EchelleInstruments v0.1.5
  [e2ba6199] ExprTools v0.1.3
  [8f5d6c58] EzXML v1.1.0
  [525bcba6] FITSIO v0.16.5
  [a98d9a8b] Interpolations v0.13.1
  [d8418881] Intervals v1.5.0
  [41ab1584] InvertedIndices v1.0.0
  [1c8ee90f] IterableTables v1.0.0
  [82899510] IteratorInterfaceExtensions v1.0.0
  [692b3bcd] JLLWrappers v1.2.0
  [682c06a0] JSON v0.21.1
  [deac9b47] LibCURL_jll v7.70.0+2
  [29816b5a] LibSSH2_jll v1.9.0+3
  [94ce4f54] Libiconv_jll v1.16.0+7
  [1914dd2f] MacroTools v0.5.6
  [c8ffd9c3] MbedTLS_jll v2.16.8+1
  [e1d29d7a] Missings v0.4.4
  [78c3b35d] Mocking v0.7.1
  [46d2c3a1] MuladdMacro v0.2.2
  [77ba4419] NaNMath v0.3.5
  [6fe1bfb0] OffsetArrays v1.5.0
  [efe28fd5] OpenSpecFun_jll v0.5.3+4
  [bac558e1] OrderedCollections v1.3.2
  [69de0a69] Parsers v1.0.15
  [f27b6e38] Polynomials v1.2.0
  [2dfb63ee] PooledArrays v0.5.3
  [1a8c2f83] Query v1.0.0
  [2aef5ad7] QueryOperators v0.9.2
  [c84ed2f1] Ratios v0.4.0
  [3cdcf5f2] RecipesBase v1.1.1
  [189a3867] Reexport v0.2.0
  [ae029012] Requires v1.1.2
  [c48404b2] RvSpectMLBase v0.1.6
  [91c51154] SentinelArrays v1.2.16
  [a2af1166] SortingAlgorithms v0.3.1
  [276daf66] SpecialFunctions v1.2.1
  [90137ffa] StaticArrays v1.0.1
  [856f2bd8] StructTypes v1.2.1
  [5e66a065] TableShowUtils v0.2.5
  [3783bdb8] TableTraits v1.0.0
  [382cd787] TableTraitsUtils v1.0.1
  [bd369af6] Tables v1.2.2
  [f269a46b] TimeZones v1.5.3
  [efce3f68] WoodburyMatrices v0.5.3
  [02c8fc9c] XML2_jll v2.9.10+3
  [83775a58] Zlib_jll v1.2.11+18
  [8e850ede] nghttp2_jll v1.40.0+2
  [2a0f44e3] Base64
  [ade2ca70] Dates
  [8bb1440f] DelimitedFiles
  [8ba89e20] Distributed
  [9fa8497b] Future
  [b77e0a4c] InteractiveUtils
  [76f85450] LibGit2
  [8f399da3] Libdl
  [37e2e46d] LinearAlgebra
  [56ddb016] Logging
  [d6f4376e] Markdown
  [a63ad114] Mmap
  [44cfe95a] Pkg
  [de0858da] Printf
  [3fa0cd96] REPL
  [9a3f8284] Random
  [ea8e919c] SHA
  [9e88b42a] Serialization
  [1a1011a3] SharedArrays
  [6462fe0b] Sockets
  [2f01184e] SparseArrays
  [10745b16] Statistics
  [8dfed614] Test
  [cf7118a7] UUIDs
  [4ec0a83e] Unicode
┌ Warning: We will need public data files before incorporating tests here.
└ @ Main ~/.julia/packages/EchelleInstruments/uqBzx/test/runtests.jl:5
Test Summary:         |
EchelleInstruments.jl | No tests
    Testing EchelleInstruments tests passed 

PkgEval succeeded


################################################################################
# PkgEval teardown: 2021-01-11T23:41:16.946
CPU usage: 16.46s (13.29s user, 3.22s kernel)

Network usage:
- eth0: 19.178 MiB received, 350.416 KiB sent

Raw statistics: {"blkio_stats":{"io_queue_recursive":[],"io_serviced_recursive":[{"major":259,"value":0,"op":"Read","minor":0},{"major":259,"value":23,"op":"Write","minor":0},{"major":259,"value":14,"op":"Sync","minor":0},{"major":259,"value":9,"op":"Async","minor":0},{"major":259,"value":0,"op":"Discard","minor":0},{"major":259,"value":23,"op":"Total","minor":0},{"major":253,"value":0,"op":"Read","minor":2},{"major":253,"value":23,"op":"Write","minor":2},{"major":253,"value":14,"op":"Sync","minor":2},{"major":253,"value":9,"op":"Async","minor":2},{"major":253,"value":0,"op":"Discard","minor":2},{"major":253,"value":23,"op":"Total","minor":2}],"io_time_recursive":[],"sectors_recursive":[],"io_service_bytes_recursive":[{"major":259,"value":0,"op":"Read","minor":0},{"major":259,"value":118784,"op":"Write","minor":0},{"major":259,"value":57344,"op":"Sync","minor":0},{"major":259,"value":61440,"op":"Async","minor":0},{"major":259,"value":0,"op":"Discard","minor":0},{"major":259,"value":118784,"op":"Total","minor":0},{"major":253,"value":0,"op":"Read","minor":2},{"major":253,"value":118784,"op":"Write","minor":2},{"major":253,"value":57344,"op":"Sync","minor":2},{"major":253,"value":61440,"op":"Async","minor":2},{"major":253,"value":0,"op":"Discard","minor":2},{"major":253,"value":118784,"op":"Total","minor":2}],"io_wait_time_recursive":[],"io_merged_recursive":[],"io_service_time_recursive":[]},"memory_stats":{"usage":415436800,"max_usage":627810304,"stats":{"hierarchical_memory_limit":9223372036854771712,"pgmajfault":0,"total_rss":236908544,"inactive_file":135168,"inactive_anon":143548416,"total_pgfault":463188,"total_cache":146169856,"total_rss_huge":0,"total_active_anon":238977024,"total_pgmajfault":0,"pgpgin":321057,"rss_huge":0,"mapped_file":0,"total_inactive_file":135168,"dirty":270336,"total_unevictable":0,"total_dirty":270336,"writeback":0,"pgpgout":227532,"hierarchical_memsw_limit":0,"cache":146169856,"active_file":675840,"pgfault":463188,"total_mapped_file":0,"total_pgpgout":227532,"total_writeback":0,"rss":236908544,"unevictable":0,"total_inactive_anon":143548416,"total_pgpgin":321057,"active_anon":238977024,"total_active_file":675840},"limit":540965302272},"name":"/EchelleInstruments-8puXKkIY","networks":{"eth0":{"rx_bytes":20109663,"rx_packets":2888,"tx_packets":3055,"tx_bytes":358826,"tx_dropped":0,"rx_dropped":1,"tx_errors":0,"rx_errors":0}},"id":"a1651e1d9ee600f935ecc8b1b8eef82d65b302f108d9bbe71a2acfd6ff8f967d","preread":"0001-01-01T00:00:00Z","storage_stats":{},"precpu_stats":{"throttling_data":{"throttled_periods":0,"throttled_time":0,"periods":0},"cpu_usage":{"usage_in_usermode":0,"usage_in_kernelmode":0,"total_usage":0}},"pids_stats":{"current":44},"num_procs":0,"cpu_stats":{"throttling_data":{"throttled_periods":0,"throttled_time":0,"periods":0},"system_cpu_usage":6975826204522419,"online_cpus":128,"cpu_usage":{"usage_in_usermode":13290000000,"usage_in_kernelmode":3220000000,"total_usage":16456949741,"percpu_usage":[0,0,0,0,0,0,0,0,0,0,0,0,0,0,16455669011,0,0,0,0,0,0,0,0,0,0,0,0,0,0,0,0,0,0,0,0,0,0,0,0,0,0,0,0,0,0,0,0,0,0,0,0,0,0,0,0,0,0,0,0,0,0,0,0,0,0,0,0,0,0,0,0,0,0,0,0,0,0,0,0,0,0,0,0,0,0,0,0,0,0,0,0,0,0,0,0,0,0,0,0,0,0,0,0,0,0,0,0,0,0,0,0,0,0,0,0,0,0,0,0,0,0,0,0,1280730,0,0,0,0]}},"read":"2021-01-11T23:41:17.815633328Z"}