################################################################################
# PackageCompiler set-up: 2021-01-11T22:19:29.191
#

Julia Version 1.5.3
Commit 599f52c4c6 (2020-12-18 13:33 UTC)
Platform Info:
  OS: Linux (x86_64-linux-gnu)
  CPU: AMD EPYC 7502 32-Core Processor
  WORD_SIZE: 64
  LIBM: libopenlibm
  LLVM: libLLVM-9.0.1 (ORCJIT, znver2)
Environment:
  JULIA_PKGEVAL = true
  JULIA_PKG_PRECOMPILE_AUTO = 0



################################################################################
# Installation: 2021-01-11T22:19:30.885
#

 Installing known registries into `~/.julia`
######################################################################## 100.0%
      Added registry `General` to `~/.julia/registries/General`
  Resolving package versions...
  Installed EcoBase ───────── v0.1.3
  Installed RecipesBase ───── v1.1.1
  Installed PackageCompiler ─ v1.2.5
Updating `~/.julia/environments/v1.5/Project.toml`
  [a58aae7d] + EcoBase v0.1.3
  [9b87118b] + PackageCompiler v1.2.5
Updating `~/.julia/environments/v1.5/Manifest.toml`
  [a58aae7d] + EcoBase v0.1.3
  [9b87118b] + PackageCompiler v1.2.5
  [3cdcf5f2] + RecipesBase v1.1.1
  [2a0f44e3] + Base64
  [ade2ca70] + Dates
  [b77e0a4c] + InteractiveUtils
  [76f85450] + LibGit2
  [8f399da3] + Libdl
  [56ddb016] + Logging
  [d6f4376e] + Markdown
  [44cfe95a] + Pkg
  [de0858da] + Printf
  [3fa0cd96] + REPL
  [9a3f8284] + Random
  [ea8e919c] + SHA
  [9e88b42a] + Serialization
  [6462fe0b] + Sockets
  [cf7118a7] + UUIDs
  [4ec0a83e] + Unicode


################################################################################
# Compiling: 2021-01-11T22:19:36.349
#

[ Info: PackageCompiler: creating system image object file, this might take a while...
Generated system image is 147.612 MiB, compilation took 162 seconds


################################################################################
# PkgEval set-up: 2021-01-11T22:22:25.868
#

Julia Version 1.5.3
Commit 599f52c4c6 (2020-12-18 13:33 UTC)
Platform Info:
  OS: Linux (x86_64-linux-gnu)
  CPU: AMD EPYC 7502 32-Core Processor
  WORD_SIZE: 64
  LIBM: libopenlibm
  LLVM: libLLVM-9.0.1 (ORCJIT, znver2)
Environment:
  JULIA_PKGEVAL = true
  JULIA_PKG_PRECOMPILE_AUTO = 0

Base.julia_cmd() = `/usr/local/julia/bin/julia -Cnative -J/cache/EcoBase-rIdP6RaZ.so -g1`


################################################################################
# Installation: 2021-01-11T22:22:27.617
#

 Installing known registries into `~/.julia`
################################                                          44.7%######################################################################## 100.0%
      Added registry `General` to `~/.julia/registries/General`
  Resolving package versions...
  Installed EcoBase ───── v0.1.3
  Installed RecipesBase ─ v1.1.1
Updating `~/.julia/environments/v1.5/Project.toml`
  [a58aae7d] + EcoBase v0.1.3
Updating `~/.julia/environments/v1.5/Manifest.toml`
  [a58aae7d] + EcoBase v0.1.3
  [3cdcf5f2] + RecipesBase v1.1.1


################################################################################
# Testing: 2021-01-11T22:22:32.079
#

    Testing EcoBase
Status `/tmp/jl_5jXupv/Project.toml`
  [d3d5718d] Diversity v0.5.1
  [a58aae7d] EcoBase v0.1.3
  [3cdcf5f2] RecipesBase v1.1.1
  [348f2d5d] SpatialEcology v0.9.5
  [8dfed614] Test
Status `/tmp/jl_5jXupv/Manifest.toml`
  [39de3d68] AxisArrays v0.4.3
  [324d7699] CategoricalArrays v0.7.7
  [34da2185] Compat v3.25.0
  [9a962f9c] DataAPI v1.4.0
  [a93c6f00] DataFrames v0.20.2
  [1313f7d8] DataFramesMeta v0.5.0
  [864edb3b] DataStructures v0.18.8
  [e2d170a0] DataValueInterfaces v1.0.0
  [b4f34e82] Distances v0.9.2
  [d3d5718d] Diversity v0.5.1
  [a58aae7d] EcoBase v0.1.3
  [da5c29d0] EllipsisNotation v1.0.0
  [8197267c] IntervalSets v0.5.2
  [41ab1584] InvertedIndices v1.0.0
  [c8e1da08] IterTools v1.3.0
  [82899510] IteratorInterfaceExtensions v1.0.0
  [682c06a0] JSON v0.21.1
  [e1d29d7a] Missings v0.4.4
  [bac558e1] OrderedCollections v1.3.2
  [69de0a69] Parsers v1.0.15
  [2dfb63ee] PooledArrays v0.5.3
  [9ae346a0] RandomBooleanMatrices v0.1.1
  [e6cf234a] RandomNumbers v1.4.0
  [b3c3ace0] RangeArrays v0.3.2
  [3cdcf5f2] RecipesBase v1.1.1
  [189a3867] Reexport v0.2.0
  [ae029012] Requires v1.1.2
  [a2af1166] SortingAlgorithms v0.3.1
  [348f2d5d] SpatialEcology v0.9.5
  [2913bbd2] StatsBase v0.33.2
  [3783bdb8] TableTraits v1.0.0
  [bd369af6] Tables v1.2.2
  [2a0f44e3] Base64
  [ade2ca70] Dates
  [8bb1440f] DelimitedFiles
  [8ba89e20] Distributed
  [9fa8497b] Future
  [b77e0a4c] InteractiveUtils
  [76f85450] LibGit2
  [8f399da3] Libdl
  [37e2e46d] LinearAlgebra
  [56ddb016] Logging
  [d6f4376e] Markdown
  [a63ad114] Mmap
  [44cfe95a] Pkg
  [de0858da] Printf
  [3fa0cd96] REPL
  [9a3f8284] Random
  [ea8e919c] SHA
  [9e88b42a] Serialization
  [1a1011a3] SharedArrays
  [6462fe0b] Sockets
  [2f01184e] SparseArrays
  [10745b16] Statistics
  [8dfed614] Test
  [cf7118a7] UUIDs
  [4ec0a83e] Unicode

[ Info: Running tests for files:
    = Interface.jl

ERROR: LoadError: LoadError: UndefVarError: @testset not defined
Stacktrace:
 [1] top-level scope
 [2] include(::String) at ./client.jl:457
 [3] top-level scope at none:6
in expression starting at /home/user/.julia/packages/EcoBase/KD8ck/test/runtests.jl:18
in expression starting at /home/user/.julia/packages/EcoBase/KD8ck/test/runtests.jl:18

PkgEval failed: Package EcoBase errored during testing
Stacktrace:
 [1] pkgerror(::String) at /workspace/srcdir/usr/share/julia/stdlib/v1.5/Pkg/src/Types.jl:52
 [2] test(::Pkg.Types.Context, ::Array{Pkg.Types.PackageSpec,1}; coverage::Bool, julia_args::Cmd, test_args::Cmd, test_fn::Nothing) at /workspace/srcdir/usr/share/julia/stdlib/v1.5/Pkg/src/Operations.jl:1578
 [3] test(::Pkg.Types.Context, ::Array{Pkg.Types.PackageSpec,1}; coverage::Bool, test_fn::Nothing, julia_args::Cmd, test_args::Cmd, kwargs::Base.Iterators.Pairs{Union{},Union{},Tuple{},NamedTuple{(),Tuple{}}}) at /workspace/srcdir/usr/share/julia/stdlib/v1.5/Pkg/src/API.jl:327
 [4] test(::Pkg.Types.Context, ::Array{Pkg.Types.PackageSpec,1}) at /workspace/srcdir/usr/share/julia/stdlib/v1.5/Pkg/src/API.jl:314
 [5] #test#61 at /workspace/srcdir/usr/share/julia/stdlib/v1.5/Pkg/src/API.jl:67 [inlined]
 [6] test at /workspace/srcdir/usr/share/julia/stdlib/v1.5/Pkg/src/API.jl:67 [inlined]
 [7] #test#60 at /workspace/srcdir/usr/share/julia/stdlib/v1.5/Pkg/src/API.jl:66 [inlined]
 [8] test at /workspace/srcdir/usr/share/julia/stdlib/v1.5/Pkg/src/API.jl:66 [inlined]
 [9] test(::String; kwargs::Base.Iterators.Pairs{Union{},Union{},Tuple{},NamedTuple{(),Tuple{}}}) at /workspace/srcdir/usr/share/julia/stdlib/v1.5/Pkg/src/API.jl:65
 [10] test(::String) at /workspace/srcdir/usr/share/julia/stdlib/v1.5/Pkg/src/API.jl:65
 [11] top-level scope at none:22
 [12] eval at ./boot.jl:331 [inlined]
 [13] eval(::Expr) at ./client.jl:467
 [14] top-level scope at none:1
 [15] eval(::Module, ::Any) at ./boot.jl:331
 [16] exec_options(::Base.JLOptions) at ./client.jl:272
 [17] _start() at ./client.jl:506


################################################################################
# PkgEval teardown: 2021-01-11T22:22:38.423
CPU usage: 12.57s (10.15s user, 2.46s kernel)

Network usage:
- eth0: 4.149 MiB received, 177.331 KiB sent

Raw statistics: {"blkio_stats":{"io_queue_recursive":[],"io_serviced_recursive":[{"major":259,"value":0,"op":"Read","minor":0},{"major":259,"value":19,"op":"Write","minor":0},{"major":259,"value":14,"op":"Sync","minor":0},{"major":259,"value":5,"op":"Async","minor":0},{"major":259,"value":0,"op":"Discard","minor":0},{"major":259,"value":19,"op":"Total","minor":0},{"major":253,"value":0,"op":"Read","minor":2},{"major":253,"value":19,"op":"Write","minor":2},{"major":253,"value":14,"op":"Sync","minor":2},{"major":253,"value":5,"op":"Async","minor":2},{"major":253,"value":0,"op":"Discard","minor":2},{"major":253,"value":19,"op":"Total","minor":2}],"io_time_recursive":[],"sectors_recursive":[],"io_service_bytes_recursive":[{"major":259,"value":0,"op":"Read","minor":0},{"major":259,"value":86016,"op":"Write","minor":0},{"major":259,"value":57344,"op":"Sync","minor":0},{"major":259,"value":28672,"op":"Async","minor":0},{"major":259,"value":0,"op":"Discard","minor":0},{"major":259,"value":86016,"op":"Total","minor":0},{"major":253,"value":0,"op":"Read","minor":2},{"major":253,"value":86016,"op":"Write","minor":2},{"major":253,"value":57344,"op":"Sync","minor":2},{"major":253,"value":28672,"op":"Async","minor":2},{"major":253,"value":0,"op":"Discard","minor":2},{"major":253,"value":86016,"op":"Total","minor":2}],"io_wait_time_recursive":[],"io_merged_recursive":[],"io_service_time_recursive":[]},"memory_stats":{"usage":321404928,"max_usage":466964480,"stats":{"hierarchical_memory_limit":9223372036854771712,"pgmajfault":0,"total_rss":204214272,"inactive_file":135168,"inactive_anon":85426176,"total_pgfault":251493,"total_cache":86740992,"total_rss_huge":0,"total_active_anon":205320192,"total_pgmajfault":0,"pgpgin":201927,"rss_huge":0,"mapped_file":0,"total_inactive_file":135168,"dirty":135168,"total_unevictable":0,"total_dirty":135168,"writeback":0,"pgpgout":130946,"hierarchical_memsw_limit":0,"cache":86740992,"active_file":135168,"pgfault":251493,"total_mapped_file":0,"total_pgpgout":130946,"total_writeback":0,"rss":204214272,"unevictable":0,"total_inactive_anon":85426176,"total_pgpgin":201927,"active_anon":205320192,"total_active_file":135168},"limit":540965302272},"name":"/EcoBase-C4cg2nDi","networks":{"eth0":{"rx_bytes":4350740,"rx_packets":1274,"tx_packets":1473,"tx_bytes":181587,"tx_dropped":0,"rx_dropped":1,"tx_errors":0,"rx_errors":0}},"id":"ecd4fa4e2def96289deb4e0e884fff81a5acd2ac8ab77f8743d57f7ac686d3fc","preread":"0001-01-01T00:00:00Z","storage_stats":{},"precpu_stats":{"throttling_data":{"throttled_periods":0,"throttled_time":0,"periods":0},"cpu_usage":{"usage_in_usermode":0,"usage_in_kernelmode":0,"total_usage":0}},"pids_stats":{"current":44},"num_procs":0,"cpu_stats":{"throttling_data":{"throttled_periods":0,"throttled_time":0,"periods":0},"system_cpu_usage":6372820474522419,"online_cpus":128,"cpu_usage":{"usage_in_usermode":10150000000,"usage_in_kernelmode":2460000000,"total_usage":12573195884,"percpu_usage":[0,0,0,0,207980,2220381,0,12568005583,0,0,0,0,0,0,0,0,0,0,0,0,0,0,0,0,0,0,0,0,0,0,0,0,0,0,0,0,0,0,0,0,0,0,0,0,0,0,0,0,0,0,0,0,0,0,0,0,0,0,0,0,0,0,0,0,0,0,0,0,2860,0,2759080,0,0,0,0,0,0,0,0,0,0,0,0,0,0,0,0,0,0,0,0,0,0,0,0,0,0,0,0,0,0,0,0,0,0,0,0,0,0,0,0,0,0,0,0,0,0,0,0,0,0,0,0,0,0,0,0,0]}},"read":"2021-01-11T22:22:38.883743861Z"}