################################################################################
# PkgEval set-up: 2021-01-11T17:12:08.187
#

Julia Version 1.5.3
Commit 599f52c4c6 (2020-12-18 13:33 UTC)
Platform Info:
  OS: Linux (x86_64-linux-gnu)
  CPU: AMD EPYC 7502 32-Core Processor
  WORD_SIZE: 64
  LIBM: libopenlibm
  LLVM: libLLVM-9.0.1 (ORCJIT, znver2)
Environment:
  JULIA_PKG_PRECOMPILE_AUTO = 0
  JULIA_PKGEVAL = true

Base.julia_cmd() = `/opt/julia/bin/julia -Cnative -J/opt/julia/lib/julia/sys.so -g1`


################################################################################
# Installation: 2021-01-11T17:12:09.937
#

 Installing known registries into `~/.julia`
##############################                                            42.8%######################################################################## 100.0%
      Added registry `General` to `~/.julia/registries/General`
  Resolving package versions...
  Installed Rmath_jll ──────────────────── v0.2.2+1
  Installed CompilerSupportLibraries_jll ─ v0.3.4+0
  Installed Rmath ──────────────────────── v0.6.1
  Installed EcologicalNetworksPlots ────── v0.0.10
  Installed MuladdMacro ────────────────── v0.2.2
  Installed Combinatorics ──────────────── v1.0.2
  Installed FillArrays ─────────────────── v0.10.2
  Installed StatsBase ──────────────────── v0.33.2
  Installed DataStructures ─────────────── v0.18.8
  Installed QuadGK ─────────────────────── v2.4.1
  Installed Requires ───────────────────── v1.1.2
  Installed DataAPI ────────────────────── v1.4.0
  Installed RecipesBase ────────────────── v1.1.1
  Installed Missings ───────────────────── v0.4.4
  Installed OrderedCollections ─────────── v1.3.2
  Installed JLLWrappers ────────────────── v1.2.0
  Installed SortingAlgorithms ──────────── v0.3.1
  Installed PDMats ─────────────────────── v0.10.1
  Installed StatsFuns ──────────────────── v0.9.6
  Installed SpecialFunctions ───────────── v1.2.1
  Installed Compat ─────────────────────── v3.25.0
  Installed ChainRulesCore ─────────────── v0.9.24
  Installed Distributions ──────────────── v0.24.10
  Installed EcologicalNetworks ─────────── v0.4.0
  Installed Artifacts ──────────────────── v1.3.0
  Installed OpenSpecFun_jll ────────────── v0.5.3+4
Updating `~/.julia/environments/v1.5/Project.toml`
  [9f7a259d] + EcologicalNetworksPlots v0.0.10
Updating `~/.julia/environments/v1.5/Manifest.toml`
  [56f22d72] + Artifacts v1.3.0
  [d360d2e6] + ChainRulesCore v0.9.24
  [861a8166] + Combinatorics v1.0.2
  [34da2185] + Compat v3.25.0
  [e66e0078] + CompilerSupportLibraries_jll v0.3.4+0
  [9a962f9c] + DataAPI v1.4.0
  [864edb3b] + DataStructures v0.18.8
  [31c24e10] + Distributions v0.24.10
  [f03a62fe] + EcologicalNetworks v0.4.0
  [9f7a259d] + EcologicalNetworksPlots v0.0.10
  [1a297f60] + FillArrays v0.10.2
  [692b3bcd] + JLLWrappers v1.2.0
  [e1d29d7a] + Missings v0.4.4
  [46d2c3a1] + MuladdMacro v0.2.2
  [efe28fd5] + OpenSpecFun_jll v0.5.3+4
  [bac558e1] + OrderedCollections v1.3.2
  [90014a1f] + PDMats v0.10.1
  [1fd47b50] + QuadGK v2.4.1
  [3cdcf5f2] + RecipesBase v1.1.1
  [ae029012] + Requires v1.1.2
  [79098fc4] + Rmath v0.6.1
  [f50d1b31] + Rmath_jll v0.2.2+1
  [a2af1166] + SortingAlgorithms v0.3.1
  [276daf66] + SpecialFunctions v1.2.1
  [2913bbd2] + StatsBase v0.33.2
  [4c63d2b9] + StatsFuns v0.9.6
  [2a0f44e3] + Base64
  [ade2ca70] + Dates
  [8bb1440f] + DelimitedFiles
  [8ba89e20] + Distributed
  [b77e0a4c] + InteractiveUtils
  [76f85450] + LibGit2
  [8f399da3] + Libdl
  [37e2e46d] + LinearAlgebra
  [56ddb016] + Logging
  [d6f4376e] + Markdown
  [a63ad114] + Mmap
  [44cfe95a] + Pkg
  [de0858da] + Printf
  [3fa0cd96] + REPL
  [9a3f8284] + Random
  [ea8e919c] + SHA
  [9e88b42a] + Serialization
  [1a1011a3] + SharedArrays
  [6462fe0b] + Sockets
  [2f01184e] + SparseArrays
  [10745b16] + Statistics
  [4607b0f0] + SuiteSparse
  [8dfed614] + Test
  [cf7118a7] + UUIDs
  [4ec0a83e] + Unicode


################################################################################
# Testing: 2021-01-11T17:12:16.014
#

    Testing EcologicalNetworksPlots
Status `/tmp/jl_PWfdo6/Project.toml`
  [f03a62fe] EcologicalNetworks v0.4.0
  [9f7a259d] EcologicalNetworksPlots v0.0.10
  [91a5bcdd] Plots v1.10.1
  [9a3f8284] Random
  [8dfed614] Test
Status `/tmp/jl_PWfdo6/Manifest.toml`
  [79e6a3ab] Adapt v2.4.0
  [56f22d72] Artifacts v1.3.0
  [6e34b625] Bzip2_jll v1.0.6+5
  [83423d85] Cairo_jll v1.16.0+6
  [d360d2e6] ChainRulesCore v0.9.24
  [35d6a980] ColorSchemes v3.10.2
  [3da002f7] ColorTypes v0.10.9
  [5ae59095] Colors v0.12.6
  [861a8166] Combinatorics v1.0.2
  [34da2185] Compat v3.25.0
  [e66e0078] CompilerSupportLibraries_jll v0.3.4+0
  [d38c429a] Contour v0.5.7
  [9a962f9c] DataAPI v1.4.0
  [864edb3b] DataStructures v0.18.8
  [e2d170a0] DataValueInterfaces v1.0.0
  [31c24e10] Distributions v0.24.10
  [5ae413db] EarCut_jll v2.1.5+1
  [f03a62fe] EcologicalNetworks v0.4.0
  [9f7a259d] EcologicalNetworksPlots v0.0.10
  [2e619515] Expat_jll v2.2.7+6
  [c87230d0] FFMPEG v0.4.0
  [b22a6f82] FFMPEG_jll v4.3.1+4
  [1a297f60] FillArrays v0.10.2
  [53c48c17] FixedPointNumbers v0.8.4
  [a3f928ae] Fontconfig_jll v2.13.1+14
  [59287772] Formatting v0.4.2
  [d7e528f0] FreeType2_jll v2.10.1+5
  [559328eb] FriBidi_jll v1.0.5+6
  [0656b61e] GLFW_jll v3.3.2+1
  [28b8d3ca] GR v0.53.0
  [d2c73de3] GR_jll v0.53.0+0
  [5c1252a2] GeometryBasics v0.3.5
  [78b55507] Gettext_jll v0.20.1+7
  [7746bdde] Glib_jll v2.59.0+4
  [42e2da0e] Grisu v1.0.0
  [cd3eb016] HTTP v0.8.19
  [83e8ac13] IniFile v0.5.0
  [c8e1da08] IterTools v1.3.0
  [82899510] IteratorInterfaceExtensions v1.0.0
  [692b3bcd] JLLWrappers v1.2.0
  [682c06a0] JSON v0.21.1
  [aacddb02] JpegTurbo_jll v2.0.1+3
  [c1c5ebd0] LAME_jll v3.100.0+3
  [dd4b983a] LZO_jll v2.10.0+3
  [b964fa9f] LaTeXStrings v1.2.0
  [23fbe1c1] Latexify v0.14.7
  [dd192d2f] LibVPX_jll v1.9.0+1
  [e9f186c6] Libffi_jll v3.2.1+4
  [d4300ac3] Libgcrypt_jll v1.8.5+4
  [7e76a0d4] Libglvnd_jll v1.3.0+3
  [7add5ba3] Libgpg_error_jll v1.36.0+3
  [94ce4f54] Libiconv_jll v1.16.0+7
  [4b2f31a3] Libmount_jll v2.34.0+3
  [89763e89] Libtiff_jll v4.1.0+2
  [38a345b3] Libuuid_jll v2.34.0+7
  [1914dd2f] MacroTools v0.5.6
  [739be429] MbedTLS v1.0.3
  [c8ffd9c3] MbedTLS_jll v2.16.8+1
  [442fdcdd] Measures v0.3.1
  [e1d29d7a] Missings v0.4.4
  [46d2c3a1] MuladdMacro v0.2.2
  [77ba4419] NaNMath v0.3.5
  [e7412a2a] Ogg_jll v1.3.4+2
  [458c3c95] OpenSSL_jll v1.1.1+6
  [efe28fd5] OpenSpecFun_jll v0.5.3+4
  [91d4177d] Opus_jll v1.3.1+3
  [bac558e1] OrderedCollections v1.3.2
  [2f80f16e] PCRE_jll v8.42.0+4
  [90014a1f] PDMats v0.10.1
  [69de0a69] Parsers v1.0.15
  [30392449] Pixman_jll v0.40.0+0
  [ccf2f8ad] PlotThemes v2.0.0
  [995b91a9] PlotUtils v1.0.10
  [91a5bcdd] Plots v1.10.1
  [ede63266] Qt_jll v5.15.2+1
  [1fd47b50] QuadGK v2.4.1
  [3cdcf5f2] RecipesBase v1.1.1
  [01d81517] RecipesPipeline v0.2.1
  [189a3867] Reexport v1.0.0
  [ae029012] Requires v1.1.2
  [79098fc4] Rmath v0.6.1
  [f50d1b31] Rmath_jll v0.2.2+1
  [6c6a2e73] Scratch v1.0.3
  [992d4aef] Showoff v0.3.2
  [a2af1166] SortingAlgorithms v0.3.1
  [276daf66] SpecialFunctions v1.2.1
  [90137ffa] StaticArrays v1.0.1
  [2913bbd2] StatsBase v0.33.2
  [4c63d2b9] StatsFuns v0.9.6
  [09ab397b] StructArrays v0.4.4
  [3783bdb8] TableTraits v1.0.0
  [bd369af6] Tables v1.2.2
  [a2964d1f] Wayland_jll v1.17.0+4
  [2381bf8a] Wayland_protocols_jll v1.18.0+4
  [02c8fc9c] XML2_jll v2.9.10+3
  [aed1982a] XSLT_jll v1.1.33+4
  [4f6342f7] Xorg_libX11_jll v1.6.9+4
  [0c0b7dd1] Xorg_libXau_jll v1.0.9+4
  [935fb764] Xorg_libXcursor_jll v1.2.0+4
  [a3789734] Xorg_libXdmcp_jll v1.1.3+4
  [1082639a] Xorg_libXext_jll v1.3.4+4
  [d091e8ba] Xorg_libXfixes_jll v5.0.3+4
  [a51aa0fd] Xorg_libXi_jll v1.7.10+4
  [d1454406] Xorg_libXinerama_jll v1.1.4+4
  [ec84b674] Xorg_libXrandr_jll v1.5.2+4
  [ea2f1a96] Xorg_libXrender_jll v0.9.10+4
  [14d82f49] Xorg_libpthread_stubs_jll v0.1.0+3
  [c7cfdc94] Xorg_libxcb_jll v1.13.0+3
  [cc61e674] Xorg_libxkbfile_jll v1.1.0+4
  [12413925] Xorg_xcb_util_image_jll v0.4.0+1
  [2def613f] Xorg_xcb_util_jll v0.4.0+1
  [975044d2] Xorg_xcb_util_keysyms_jll v0.4.0+1
  [0d47668e] Xorg_xcb_util_renderutil_jll v0.3.9+1
  [c22f9ab0] Xorg_xcb_util_wm_jll v0.4.1+1
  [35661453] Xorg_xkbcomp_jll v1.4.2+4
  [33bec58e] Xorg_xkeyboard_config_jll v2.27.0+4
  [c5fb5394] Xorg_xtrans_jll v1.4.0+3
  [83775a58] Zlib_jll v1.2.11+18
  [3161d3a3] Zstd_jll v1.4.5+2
  [0ac62f75] libass_jll v0.14.0+4
  [f638f0a6] libfdk_aac_jll v0.1.6+4
  [b53b4c65] libpng_jll v1.6.37+6
  [f27f6e37] libvorbis_jll v1.3.6+6
  [1270edf5] x264_jll v2020.7.14+2
  [dfaa095f] x265_jll v3.0.0+3
  [d8fb68d0] xkbcommon_jll v0.9.1+5
  [2a0f44e3] Base64
  [ade2ca70] Dates
  [8bb1440f] DelimitedFiles
  [8ba89e20] Distributed
  [b77e0a4c] InteractiveUtils
  [76f85450] LibGit2
  [8f399da3] Libdl
  [37e2e46d] LinearAlgebra
  [56ddb016] Logging
  [d6f4376e] Markdown
  [a63ad114] Mmap
  [44cfe95a] Pkg
  [de0858da] Printf
  [3fa0cd96] REPL
  [9a3f8284] Random
  [ea8e919c] SHA
  [9e88b42a] Serialization
  [1a1011a3] SharedArrays
  [6462fe0b] Sockets
  [2f01184e] SparseArrays
  [10745b16] Statistics
  [4607b0f0] SuiteSparse
  [8dfed614] Test
  [cf7118a7] UUIDs
  [4ec0a83e] Unicode
[ Info: Bipartite -- nested
/home/pkgeval/.julia/packages/GR/RlE5Y/src/../deps/gr/bin/gksqt: error while loading shared libraries: libQt5Widgets.so.5: cannot open shared object file: No such file or directory
connect: Connection refused
GKS: can't connect to GKS socket application

GKS: Open failed in routine OPEN_WS
GKS: GKS not in proper state. GKS must be either in the state WSOP or WSAC in routine ACTIVATE_WS
/home/pkgeval/.julia/packages/GR/RlE5Y/src/../deps/gr/bin/gksqt: error while loading shared libraries: libQt5Widgets.so.5: cannot open shared object file: No such file or directory
connect: Connection refused
GKS: can't connect to GKS socket application

GKS: Open failed in routine OPEN_WS
GKS: GKS not in proper state. GKS must be either in the state WSOP or WSAC in routine ACTIVATE_WS
/home/pkgeval/.julia/packages/GR/RlE5Y/src/../deps/gr/bin/gksqt: error while loading shared libraries: libQt5Widgets.so.5: cannot open shared object file: No such file or directory
connect: Connection refused
GKS: can't connect to GKS socket application

GKS: Open failed in routine OPEN_WS
GKS: GKS not in proper state. GKS must be either in the state WSOP or WSAC in routine ACTIVATE_WS
/home/pkgeval/.julia/packages/GR/RlE5Y/src/../deps/gr/bin/gksqt: error while loading shared libraries: libQt5Widgets.so.5: cannot open shared object file: No such file or directory
connect: Connection refused
GKS: can't connect to GKS socket application

GKS: Open failed in routine OPEN_WS
GKS: GKS not in proper state. GKS must be either in the state WSOP or WSAC in routine ACTIVATE_WS
[ Info: Bipartite -- circular
ERROR: LoadError: MethodError: no method matching lastindex(::Type{NamedTuple{(:from, :to, :strength),Tuple{String,String,Int64}}})
Closest candidates are:
  lastindex(!Matched::Base64.Buffer) at /workspace/srcdir/usr/share/julia/stdlib/v1.5/Base64/src/buffer.jl:19
  lastindex(!Matched::Core.SimpleVector) at essentials.jl:600
  lastindex(!Matched::Cmd) at process.jl:638
  ...
Stacktrace:
 [1] last(::Type{T} where T) at ./abstractarray.jl:362
 [2] position!(::CircularLayout, ::Dict{String,NodePosition}, ::BipartiteQuantitativeNetwork{Int64,String}) at /home/pkgeval/.julia/packages/EcologicalNetworksPlots/HKVW6/src/circular.jl:44
 [3] top-level scope at /home/pkgeval/.julia/packages/EcologicalNetworksPlots/HKVW6/test/runtests.jl:29
 [4] include(::String) at ./client.jl:457
 [5] top-level scope at none:6
in expression starting at /home/pkgeval/.julia/packages/EcologicalNetworksPlots/HKVW6/test/runtests.jl:29

PkgEval failed: Package EcologicalNetworksPlots errored during testing
Stacktrace:
 [1] pkgerror(::String) at /workspace/srcdir/usr/share/julia/stdlib/v1.5/Pkg/src/Types.jl:52
 [2] test(::Pkg.Types.Context, ::Array{Pkg.Types.PackageSpec,1}; coverage::Bool, julia_args::Cmd, test_args::Cmd, test_fn::Nothing) at /workspace/srcdir/usr/share/julia/stdlib/v1.5/Pkg/src/Operations.jl:1578
 [3] test(::Pkg.Types.Context, ::Array{Pkg.Types.PackageSpec,1}; coverage::Bool, test_fn::Nothing, julia_args::Cmd, test_args::Cmd, kwargs::Base.Iterators.Pairs{Union{},Union{},Tuple{},NamedTuple{(),Tuple{}}}) at /workspace/srcdir/usr/share/julia/stdlib/v1.5/Pkg/src/API.jl:327
 [4] test(::Pkg.Types.Context, ::Array{Pkg.Types.PackageSpec,1}) at /workspace/srcdir/usr/share/julia/stdlib/v1.5/Pkg/src/API.jl:314
 [5] #test#61 at /workspace/srcdir/usr/share/julia/stdlib/v1.5/Pkg/src/API.jl:67 [inlined]
 [6] test at /workspace/srcdir/usr/share/julia/stdlib/v1.5/Pkg/src/API.jl:67 [inlined]
 [7] #test#60 at /workspace/srcdir/usr/share/julia/stdlib/v1.5/Pkg/src/API.jl:66 [inlined]
 [8] test at /workspace/srcdir/usr/share/julia/stdlib/v1.5/Pkg/src/API.jl:66 [inlined]
 [9] test(::String; kwargs::Base.Iterators.Pairs{Union{},Union{},Tuple{},NamedTuple{(),Tuple{}}}) at /workspace/srcdir/usr/share/julia/stdlib/v1.5/Pkg/src/API.jl:65
 [10] test(::String) at /workspace/srcdir/usr/share/julia/stdlib/v1.5/Pkg/src/API.jl:65
 [11] top-level scope at none:22
 [12] eval at ./boot.jl:331 [inlined]
 [13] eval(::Expr) at ./client.jl:467
 [14] top-level scope at none:1
 [15] eval(::Module, ::Any) at ./boot.jl:331
 [16] exec_options(::Base.JLOptions) at ./client.jl:272
 [17] _start() at ./client.jl:506


################################################################################
# PkgEval teardown: 2021-01-11T17:16:21.624
CPU usage: 239.10s (225.95s user, 13.52s kernel)

Network usage:
- eth0: 50.958 MiB received, 1.159 MiB sent

Raw statistics: {"blkio_stats":{"io_queue_recursive":[],"io_serviced_recursive":[{"major":259,"value":0,"op":"Read","minor":0},{"major":259,"value":28,"op":"Write","minor":0},{"major":259,"value":19,"op":"Sync","minor":0},{"major":259,"value":9,"op":"Async","minor":0},{"major":259,"value":0,"op":"Discard","minor":0},{"major":259,"value":28,"op":"Total","minor":0},{"major":253,"value":0,"op":"Read","minor":2},{"major":253,"value":28,"op":"Write","minor":2},{"major":253,"value":19,"op":"Sync","minor":2},{"major":253,"value":9,"op":"Async","minor":2},{"major":253,"value":0,"op":"Discard","minor":2},{"major":253,"value":28,"op":"Total","minor":2}],"io_time_recursive":[],"sectors_recursive":[],"io_service_bytes_recursive":[{"major":259,"value":0,"op":"Read","minor":0},{"major":259,"value":204800,"op":"Write","minor":0},{"major":259,"value":106496,"op":"Sync","minor":0},{"major":259,"value":98304,"op":"Async","minor":0},{"major":259,"value":0,"op":"Discard","minor":0},{"major":259,"value":204800,"op":"Total","minor":0},{"major":253,"value":0,"op":"Read","minor":2},{"major":253,"value":204800,"op":"Write","minor":2},{"major":253,"value":106496,"op":"Sync","minor":2},{"major":253,"value":98304,"op":"Async","minor":2},{"major":253,"value":0,"op":"Discard","minor":2},{"major":253,"value":204800,"op":"Total","minor":2}],"io_wait_time_recursive":[],"io_merged_recursive":[],"io_service_time_recursive":[]},"memory_stats":{"usage":505966592,"max_usage":1587257344,"stats":{"hierarchical_memory_limit":9223372036854771712,"pgmajfault":0,"total_rss":233885696,"inactive_file":135168,"inactive_anon":170446848,"total_pgfault":5781600,"total_cache":237330432,"total_rss_huge":0,"total_active_anon":300748800,"total_pgmajfault":0,"pgpgin":3844137,"rss_huge":0,"mapped_file":0,"total_inactive_file":135168,"dirty":135168,"total_unevictable":0,"total_dirty":135168,"writeback":0,"pgpgout":3729072,"hierarchical_memsw_limit":0,"cache":237330432,"active_file":135168,"pgfault":5781600,"total_mapped_file":0,"total_pgpgout":3729072,"total_writeback":0,"rss":233885696,"unevictable":0,"total_inactive_anon":170446848,"total_pgpgin":3844137,"active_anon":300748800,"total_active_file":135168},"limit":540965302272},"name":"/EcologicalNetworksPlots-jK0V2kuO","networks":{"eth0":{"rx_bytes":53433780,"rx_packets":24251,"tx_packets":15420,"tx_bytes":1214995,"tx_dropped":0,"rx_dropped":9,"tx_errors":0,"rx_errors":0}},"id":"0e82c3d50813180da87a6fc3e4395f3c305d7b45ab552774b8ab82e48c068ce9","preread":"0001-01-01T00:00:00Z","storage_stats":{},"precpu_stats":{"throttling_data":{"throttled_periods":0,"throttled_time":0,"periods":0},"cpu_usage":{"usage_in_usermode":0,"usage_in_kernelmode":0,"total_usage":0}},"pids_stats":{"current":40},"num_procs":0,"cpu_stats":{"throttling_data":{"throttled_periods":0,"throttled_time":0,"periods":0},"system_cpu_usage":4024538294522419,"online_cpus":128,"cpu_usage":{"usage_in_usermode":225950000000,"usage_in_kernelmode":13520000000,"total_usage":239100815671,"percpu_usage":[0,0,0,0,0,0,0,239098871880,0,0,0,0,0,0,0,0,0,0,0,0,0,0,0,0,0,0,0,0,0,0,0,0,0,0,0,0,0,0,0,0,0,0,0,0,0,0,0,0,0,0,0,0,0,0,0,0,0,0,0,0,0,0,0,0,0,0,0,0,0,3950,1939841,0,0,0,0,0,0,0,0,0,0,0,0,0,0,0,0,0,0,0,0,0,0,0,0,0,0,0,0,0,0,0,0,0,0,0,0,0,0,0,0,0,0,0,0,0,0,0,0,0,0,0,0,0,0,0,0,0]}},"read":"2021-01-11T17:16:21.627438637Z"}