################################################################################
# PkgEval set-up: 2021-01-11T19:31:53.475
#

Julia Version 1.5.3
Commit 599f52c4c6 (2020-12-18 13:33 UTC)
Platform Info:
  OS: Linux (x86_64-linux-gnu)
  CPU: AMD EPYC 7502 32-Core Processor
  WORD_SIZE: 64
  LIBM: libopenlibm
  LLVM: libLLVM-9.0.1 (ORCJIT, znver2)
Environment:
  JULIA_PKG_PRECOMPILE_AUTO = 0
  JULIA_PKGEVAL = true

Base.julia_cmd() = `/opt/julia/bin/julia -Cnative -J/opt/julia/lib/julia/sys.so -g1`


################################################################################
# Installation: 2021-01-11T19:31:55.267
#

 Installing known registries into `~/.julia`
######################################################################## 100.0%
      Added registry `General` to `~/.julia/registries/General`
  Resolving package versions...
  Installed MbedTLS_jll ───────────────── v2.16.8+1
  Installed JSON3 ─────────────────────── v0.1.13
  Installed Reexport ──────────────────── v0.2.0
  Installed TableTraits ───────────────── v1.0.0
  Installed EconJobMarket ─────────────── v0.1.0
  Installed CategoricalArrays ─────────── v0.7.7
  Installed Tables ────────────────────── v1.2.2
  Installed DataStructures ────────────── v0.18.8
  Installed MbedTLS ───────────────────── v1.0.3
  Installed DataFrames ────────────────── v0.20.2
  Installed HTTP ──────────────────────── v0.8.19
  Installed DataAPI ───────────────────── v1.4.0
  Installed DataValueInterfaces ───────── v1.0.0
  Installed InvertedIndices ───────────── v1.0.0
  Installed Gumbo ─────────────────────── v0.7.0
  Installed Cascadia ──────────────────── v0.4.0
  Installed OrderedCollections ────────── v1.3.2
  Installed Missings ──────────────────── v0.4.4
  Installed JLLWrappers ───────────────── v1.2.0
  Installed PooledArrays ──────────────── v0.5.3
  Installed FilePathsBase ─────────────── v0.7.0
  Installed IteratorInterfaceExtensions ─ v1.0.0
  Installed AbstractTrees ─────────────── v0.3.3
  Installed SortingAlgorithms ─────────── v0.3.1
  Installed JSON ──────────────────────── v0.21.1
  Installed WeakRefStrings ────────────── v0.6.2
  Installed Compat ────────────────────── v3.25.0
  Installed BinaryProvider ────────────── v0.5.10
  Installed IniFile ───────────────────── v0.5.0
  Installed Parsers ───────────────────── v0.3.12
  Installed Artifacts ─────────────────── v1.3.0
  Installed CSV ───────────────────────── v0.5.26
Updating `~/.julia/environments/v1.5/Project.toml`
  [06c3203b] + EconJobMarket v0.1.0
Updating `~/.julia/environments/v1.5/Manifest.toml`
  [1520ce14] + AbstractTrees v0.3.3
  [56f22d72] + Artifacts v1.3.0
  [b99e7846] + BinaryProvider v0.5.10
  [336ed68f] + CSV v0.5.26
  [54eefc05] + Cascadia v0.4.0
  [324d7699] + CategoricalArrays v0.7.7
  [34da2185] + Compat v3.25.0
  [9a962f9c] + DataAPI v1.4.0
  [a93c6f00] + DataFrames v0.20.2
  [864edb3b] + DataStructures v0.18.8
  [e2d170a0] + DataValueInterfaces v1.0.0
  [06c3203b] + EconJobMarket v0.1.0
  [48062228] + FilePathsBase v0.7.0
  [708ec375] + Gumbo v0.7.0
  [cd3eb016] + HTTP v0.8.19
  [83e8ac13] + IniFile v0.5.0
  [41ab1584] + InvertedIndices v1.0.0
  [82899510] + IteratorInterfaceExtensions v1.0.0
  [692b3bcd] + JLLWrappers v1.2.0
  [682c06a0] + JSON v0.21.1
  [0f8b85d8] + JSON3 v0.1.13
  [739be429] + MbedTLS v1.0.3
  [c8ffd9c3] + MbedTLS_jll v2.16.8+1
  [e1d29d7a] + Missings v0.4.4
  [bac558e1] + OrderedCollections v1.3.2
  [69de0a69] + Parsers v0.3.12
  [2dfb63ee] + PooledArrays v0.5.3
  [189a3867] + Reexport v0.2.0
  [a2af1166] + SortingAlgorithms v0.3.1
  [3783bdb8] + TableTraits v1.0.0
  [bd369af6] + Tables v1.2.2
  [ea10d353] + WeakRefStrings v0.6.2
  [2a0f44e3] + Base64
  [ade2ca70] + Dates
  [8bb1440f] + DelimitedFiles
  [8ba89e20] + Distributed
  [9fa8497b] + Future
  [b77e0a4c] + InteractiveUtils
  [76f85450] + LibGit2
  [8f399da3] + Libdl
  [37e2e46d] + LinearAlgebra
  [56ddb016] + Logging
  [d6f4376e] + Markdown
  [a63ad114] + Mmap
  [44cfe95a] + Pkg
  [de0858da] + Printf
  [3fa0cd96] + REPL
  [9a3f8284] + Random
  [ea8e919c] + SHA
  [9e88b42a] + Serialization
  [1a1011a3] + SharedArrays
  [6462fe0b] + Sockets
  [2f01184e] + SparseArrays
  [10745b16] + Statistics
  [8dfed614] + Test
  [cf7118a7] + UUIDs
  [4ec0a83e] + Unicode
   Building Gumbo → `~/.julia/packages/Gumbo/OhZJu/deps/build.log`


################################################################################
# Testing: 2021-01-11T19:32:10.245
#

    Testing EconJobMarket
Status `/tmp/jl_iDl5XP/Project.toml`
  [336ed68f] CSV v0.5.26
  [54eefc05] Cascadia v0.4.0
  [e30172f5] Documenter v0.23.4
  [06c3203b] EconJobMarket v0.1.0
  [cd3eb016] HTTP v0.8.19
  [0f8b85d8] JSON3 v0.1.13
  [44d3d7a6] Weave v0.9.4
  [ade2ca70] Dates
  [8dfed614] Test
Status `/tmp/jl_iDl5XP/Manifest.toml`
  [1520ce14] AbstractTrees v0.3.3
  [56f22d72] Artifacts v1.3.0
  [b99e7846] BinaryProvider v0.5.10
  [336ed68f] CSV v0.5.26
  [54eefc05] Cascadia v0.4.0
  [324d7699] CategoricalArrays v0.7.7
  [34da2185] Compat v3.25.0
  [9a962f9c] DataAPI v1.4.0
  [a93c6f00] DataFrames v0.20.2
  [864edb3b] DataStructures v0.18.8
  [e2d170a0] DataValueInterfaces v1.0.0
  [ffbed154] DocStringExtensions v0.8.3
  [e30172f5] Documenter v0.23.4
  [06c3203b] EconJobMarket v0.1.0
  [48062228] FilePathsBase v0.7.0
  [708ec375] Gumbo v0.7.0
  [cd3eb016] HTTP v0.8.19
  [eafb193a] Highlights v0.4.5
  [83e8ac13] IniFile v0.5.0
  [41ab1584] InvertedIndices v1.0.0
  [82899510] IteratorInterfaceExtensions v1.0.0
  [692b3bcd] JLLWrappers v1.2.0
  [682c06a0] JSON v0.21.1
  [0f8b85d8] JSON3 v0.1.13
  [739be429] MbedTLS v1.0.3
  [c8ffd9c3] MbedTLS_jll v2.16.8+1
  [e1d29d7a] Missings v0.4.4
  [ffc61752] Mustache v1.0.10
  [bac558e1] OrderedCollections v1.3.2
  [69de0a69] Parsers v0.3.12
  [2dfb63ee] PooledArrays v0.5.3
  [189a3867] Reexport v0.2.0
  [ae029012] Requires v1.1.2
  [a2af1166] SortingAlgorithms v0.3.1
  [3783bdb8] TableTraits v1.0.0
  [bd369af6] Tables v1.2.2
  [ea10d353] WeakRefStrings v0.6.2
  [44d3d7a6] Weave v0.9.4
  [ddb6d928] YAML v0.4.5
  [2a0f44e3] Base64
  [ade2ca70] Dates
  [8bb1440f] DelimitedFiles
  [8ba89e20] Distributed
  [9fa8497b] Future
  [b77e0a4c] InteractiveUtils
  [76f85450] LibGit2
  [8f399da3] Libdl
  [37e2e46d] LinearAlgebra
  [56ddb016] Logging
  [d6f4376e] Markdown
  [a63ad114] Mmap
  [44cfe95a] Pkg
  [de0858da] Printf
  [3fa0cd96] REPL
  [9a3f8284] Random
  [ea8e919c] SHA
  [9e88b42a] Serialization
  [1a1011a3] SharedArrays
  [6462fe0b] Sockets
  [2f01184e] SparseArrays
  [10745b16] Statistics
  [8dfed614] Test
  [cf7118a7] UUIDs
  [4ec0a83e] Unicode
[ Info: Report weaved to /home/pkgeval/.julia/packages/EconJobMarket/iaKG1/docs/src/api.md
[ Info: Report weaved to /home/pkgeval/.julia/packages/EconJobMarket/iaKG1/docs/src/index.md
[ Info: SetupBuildDirectory: setting up build directory.
[ Info: Doctest: running doctests.
┌ Error: doctest failure in ~/.julia/packages/EconJobMarket/iaKG1/src/02_job_ads.jl:124-161
│ 
│ ```jldoctest
│ julia> data = joinpath(dirname(@__DIR__), "data", "ads.tsv") |>
│        fetch_ads |>
│        CSV.read;
│ 
│ julia> Tables.schema(data)
│ Tables.Schema:
│  :posid                              Int64
│  :oid                                Int64
│  :adtitle                            String
│  :position_type_id                   String
│  :position_type                      String
│  :adtext                             String
│  :startdate                          Date
│  :enddate                            Date
│  :country_code                       String
│  :position_country                   String
│  :department                         String
│  :shortname                          String
│  :address                            Missing
│  :longitude                          Float64
│  :latitude                           Float64
│  ⋮
│  :business_economics                 Bool
│  :computational_economics            Bool
│  :political_economy                  Bool
│  :accounting                         Bool
│  :decision_sciences                  Bool
│  :insurance                          Bool
│  :management_general                 Bool
│  :management_health_care             Bool
│  :management_information_technology  Bool
│  :marketing                          Bool
│  :operations_research                Bool
│  :organizational_behavior            Bool
│  :real_estate                        Bool
│  :statistics                         Bool
│ ```
│ 
│ Subexpression:
│ 
│ Tables.schema(data)
│ 
│ Evaluated output:
│ 
│ Tables.Schema:
│  :posid                              Int64
│  :oid                                Int64
│  :adtitle                            String
│  :position_type_id                   Int64
│  :position_type                      String
│  :adtext                             String
│  :startdate                          Date
│  :enddate                            Date
│  :country_code                       Union{Missing, String}
│  :position_country                   Union{Missing, String}
│  ⋮
│  :insurance                          Bool
│  :management_general                 Bool
│  :management_health_care             Bool
│  :management_information_technology  Bool
│  :marketing                          Bool
│  :operations_research                Bool
│  :organizational_behavior            Bool
│  :real_estate                        Bool
│  :statistics                         Bool
│ 
│ Expected output:
│ 
│ Tables.Schema:
│  :posid                              Int64
│  :oid                                Int64
│  :adtitle                            String
│  :position_type_id                   String
│  :position_type                      String
│  :adtext                             String
│  :startdate                          Date
│  :enddate                            Date
│  :country_code                       String
│  :position_country                   String
│  :department                         String
│  :shortname                          String
│  :address                            Missing
│  :longitude                          Float64
│  :latitude                           Float64
│  ⋮
│  :business_economics                 Bool
│  :computational_economics            Bool
│  :political_economy                  Bool
│  :accounting                         Bool
│  :decision_sciences                  Bool
│  :insurance                          Bool
│  :management_general                 Bool
│  :management_health_care             Bool
│  :management_information_technology  Bool
│  :marketing                          Bool
│  :operations_research                Bool
│  :organizational_behavior            Bool
│  :real_estate                        Bool
│  :statistics                         Bool
│ 
│   diff =
│    Warning: Diff output requires color.
│    Tables.Schema:
│     :posid                              Int64
│     :oid                                Int64
│     :adtitle                            String
│     :position_type_id                   String
│     Int64
│     :position_type                      String
│     :adtext                             String
│     :startdate                          Date
│     :enddate                            Date
│     :country_code                       String
│     Union{Missing, String}
│     :position_country                   String
│     :department                         String
│     :shortname                          String
│     :address                            Missing
│     :longitude                          Float64
│     :latitude                           Float64
│     Union{Missing, String}
│     ⋮
│     :business_economics                 Bool
│     :computational_economics            Bool
│     :political_economy                  Bool
│     :accounting                         Bool
│     :decision_sciences                  Bool
│     :insurance                          Bool
│     :management_general                 Bool
│     :management_health_care             Bool
│     :management_information_technology  Bool
│     :marketing                          Bool
│     :operations_research                Bool
│     :organizational_behavior            Bool
│     :real_estate                        Bool
│     :statistics                         Bool
└ @ Documenter.DocTests ~/.julia/packages/Documenter/IGqbY/src/DocTests.jl:364
┌ Error: doctest failure in ~/.julia/packages/EconJobMarket/iaKG1/src/02_job_ads.jl:14-50
│ 
│ ```jldoctest
│ julia> EconJobMarket.CATEGORIES
│ 34-element Array{String,1}:
│  "Development; Growth"
│  "Econometrics"
│  "Economic History"
│  "Environmental; Ag. Econ."
│  "Experimental Economics"
│  "Finance"
│  "Industrial Organization"
│  "International Finance/Macro"
│  "International Trade"
│  "Labor; Demographic Economics"
│  "Law and Economics"
│  "Macroeconomics; Monetary"
│  "Microeconomics"
│  "Public Economics"
│  "Theory"
│  "Behavioral Economics"
│  ⋮
│  "Urban; Rural; Regional Economics"
│  "Health; Education; Welfare"
│  "Business Economics"
│  "Computational Economics"
│  "Political Economy"
│  "Accounting"
│  "Decision Sciences"
│  "Insurance"
│  "Management, General"
│  "Management, Health Care"
│  "Management, Information Technology"
│  "Marketing"
│  "Operations Research"
│  "Organizational Behavior"
│  "Real Estate"
│  "Statistics"
│ ```
│ 
│ Subexpression:
│ 
│ EconJobMarket.CATEGORIES
│ 
│ Evaluated output:
│ 
│ 34-element Array{String,1}:
│  "Development; Growth"
│  "Econometrics"
│  "Economic History"
│  "Environmental; Ag. Econ."
│  "Experimental Economics"
│  "Finance"
│  "Industrial Organization"
│  "International Finance/Macro"
│  "International Trade"
│  "Labor; Demographic Economics"
│  ⋮
│  "Insurance"
│  "Management, General"
│  "Management, Health Care"
│  "Management, Information Technology"
│  "Marketing"
│  "Operations Research"
│  "Organizational Behavior"
│  "Real Estate"
│  "Statistics"
│ 
│ Expected output:
│ 
│ 34-element Array{String,1}:
│  "Development; Growth"
│  "Econometrics"
│  "Economic History"
│  "Environmental; Ag. Econ."
│  "Experimental Economics"
│  "Finance"
│  "Industrial Organization"
│  "International Finance/Macro"
│  "International Trade"
│  "Labor; Demographic Economics"
│  "Law and Economics"
│  "Macroeconomics; Monetary"
│  "Microeconomics"
│  "Public Economics"
│  "Theory"
│  "Behavioral Economics"
│  ⋮
│  "Urban; Rural; Regional Economics"
│  "Health; Education; Welfare"
│  "Business Economics"
│  "Computational Economics"
│  "Political Economy"
│  "Accounting"
│  "Decision Sciences"
│  "Insurance"
│  "Management, General"
│  "Management, Health Care"
│  "Management, Information Technology"
│  "Marketing"
│  "Operations Research"
│  "Organizational Behavior"
│  "Real Estate"
│  "Statistics"
│ 
│   diff =
│    Warning: Diff output requires color.
│    34-element Array{String,1}:
│     "Development; Growth"
│     "Econometrics"
│     "Economic History"
│     "Environmental; Ag. Econ."
│     "Experimental Economics"
│     "Finance"
│     "Industrial Organization"
│     "International Finance/Macro"
│     "International Trade"
│     "Labor; Demographic Economics"
│     "Law and Economics"
│     "Macroeconomics; Monetary"
│     "Microeconomics"
│     "Public Economics"
│     "Theory"
│     "Behavioral Economics"
│     ⋮
│     "Urban; Rural; Regional Economics"
│     "Health; Education; Welfare"
│     "Business Economics"
│     "Computational Economics"
│     "Political Economy"
│     "Accounting"
│     "Decision Sciences"
│     "Insurance"
│     "Management, General"
│     "Management, Health Care"
│     "Management, Information Technology"
│     "Marketing"
│     "Operations Research"
│     "Organizational Behavior"
│     "Real Estate"
│     "Statistics"
└ @ Documenter.DocTests ~/.julia/packages/Documenter/IGqbY/src/DocTests.jl:364
[ Info: ExpandTemplates: expanding markdown templates.
[ Info: CrossReferences: building cross-references.
[ Info: CheckDocument: running document checks.
[ Info: Populate: populating indices.
[ Info: RenderDocument: rendering document.
[ Info: HTMLWriter: rendering HTML pages.
[ Info: SetupBuildDirectory: setting up build directory.
[ Info: Doctest: running doctests.
[ Info: Skipped ExpandTemplates step (doctest only).
[ Info: Skipped CrossReferences step (doctest only).
[ Info: Skipped CheckDocument step (doctest only).
[ Info: Skipped Populate step (doctest only).
[ Info: Skipped RenderDocument step (doctest only).
Test Summary:           | Pass  Total
Doctests: EconJobMarket |    1      1
    Testing EconJobMarket tests passed 

PkgEval succeeded


################################################################################
# PkgEval teardown: 2021-01-11T19:34:36.758
CPU usage: 162.09s (153.83s user, 8.49s kernel)

Network usage:
- eth0: 12.278 MiB received, 285.718 KiB sent

Raw statistics: {"blkio_stats":{"io_queue_recursive":[],"io_serviced_recursive":[{"major":259,"value":73,"op":"Read","minor":0},{"major":259,"value":28,"op":"Write","minor":0},{"major":259,"value":92,"op":"Sync","minor":0},{"major":259,"value":9,"op":"Async","minor":0},{"major":259,"value":0,"op":"Discard","minor":0},{"major":259,"value":101,"op":"Total","minor":0},{"major":253,"value":73,"op":"Read","minor":2},{"major":253,"value":28,"op":"Write","minor":2},{"major":253,"value":92,"op":"Sync","minor":2},{"major":253,"value":9,"op":"Async","minor":2},{"major":253,"value":0,"op":"Discard","minor":2},{"major":253,"value":101,"op":"Total","minor":2}],"io_time_recursive":[],"sectors_recursive":[],"io_service_bytes_recursive":[{"major":259,"value":299008,"op":"Read","minor":0},{"major":259,"value":159744,"op":"Write","minor":0},{"major":259,"value":405504,"op":"Sync","minor":0},{"major":259,"value":53248,"op":"Async","minor":0},{"major":259,"value":0,"op":"Discard","minor":0},{"major":259,"value":458752,"op":"Total","minor":0},{"major":253,"value":299008,"op":"Read","minor":2},{"major":253,"value":159744,"op":"Write","minor":2},{"major":253,"value":405504,"op":"Sync","minor":2},{"major":253,"value":53248,"op":"Async","minor":2},{"major":253,"value":0,"op":"Discard","minor":2},{"major":253,"value":458752,"op":"Total","minor":2}],"io_wait_time_recursive":[],"io_merged_recursive":[],"io_service_time_recursive":[]},"memory_stats":{"usage":369319936,"max_usage":1374412800,"stats":{"hierarchical_memory_limit":9223372036854771712,"pgmajfault":0,"total_rss":185774080,"inactive_file":135168,"inactive_anon":116649984,"total_pgfault":3134340,"total_cache":150073344,"total_rss_huge":0,"total_active_anon":205455360,"total_pgmajfault":0,"pgpgin":1955316,"rss_huge":0,"mapped_file":0,"total_inactive_file":135168,"dirty":811008,"total_unevictable":0,"total_dirty":811008,"writeback":0,"pgpgout":1873330,"hierarchical_memsw_limit":0,"cache":150073344,"active_file":13922304,"pgfault":3134340,"total_mapped_file":0,"total_pgpgout":1873330,"total_writeback":0,"rss":185774080,"unevictable":0,"total_inactive_anon":116649984,"total_pgpgin":1955316,"active_anon":205455360,"total_active_file":13922304},"limit":540965302272},"name":"/EconJobMarket-aiK90zvM","networks":{"eth0":{"rx_bytes":12874671,"rx_packets":3064,"tx_packets":2937,"tx_bytes":292575,"tx_dropped":0,"rx_dropped":6,"tx_errors":0,"rx_errors":0}},"id":"012656b41210d9afaf07aac4db2db19ab1f67f7980cf0933bda7b255034b70c7","preread":"0001-01-01T00:00:00Z","storage_stats":{},"precpu_stats":{"throttling_data":{"throttled_periods":0,"throttled_time":0,"periods":0},"cpu_usage":{"usage_in_usermode":0,"usage_in_kernelmode":0,"total_usage":0}},"pids_stats":{"current":40},"num_procs":0,"cpu_stats":{"throttling_data":{"throttled_periods":0,"throttled_time":0,"periods":0},"system_cpu_usage":5084530354522419,"online_cpus":128,"cpu_usage":{"usage_in_usermode":153830000000,"usage_in_kernelmode":8490000000,"total_usage":162092463661,"percpu_usage":[0,0,0,0,0,0,0,0,0,0,0,0,0,0,0,0,0,0,0,0,162084080977,0,823950,0,0,0,0,0,0,0,0,0,0,0,0,0,0,0,0,0,0,0,0,0,0,0,0,0,0,0,0,0,0,0,0,0,0,0,0,0,0,0,0,0,0,0,0,0,0,0,0,0,0,0,0,0,0,0,0,0,0,0,0,0,545760,108160,0,6904814,0,0,0,0,0,0,0,0,0,0,0,0,0,0,0,0,0,0,0,0,0,0,0,0,0,0,0,0,0,0,0,0,0,0,0,0,0,0,0,0]}},"read":"2021-01-11T19:34:36.842301876Z"}