################################################################################
# PackageCompiler set-up: 2021-01-11T17:25:12.266
#

Julia Version 1.5.3
Commit 599f52c4c6 (2020-12-18 13:33 UTC)
Platform Info:
  OS: Linux (x86_64-linux-gnu)
  CPU: AMD EPYC 7502 32-Core Processor
  WORD_SIZE: 64
  LIBM: libopenlibm
  LLVM: libLLVM-9.0.1 (ORCJIT, znver2)
Environment:
  JULIA_PKGEVAL = true
  JULIA_PKG_PRECOMPILE_AUTO = 0



################################################################################
# Installation: 2021-01-11T17:25:13.968
#

 Installing known registries into `~/.julia`
#########################                                                 35.9%######################################################################## 100.0%
      Added registry `General` to `~/.julia/registries/General`
  Resolving package versions...
  Installed EgyptianFractions ─ v0.2.2
  Installed PackageCompiler ─── v1.2.5
Updating `~/.julia/environments/v1.5/Project.toml`
  [0f160d28] + EgyptianFractions v0.2.2
  [9b87118b] + PackageCompiler v1.2.5
Updating `~/.julia/environments/v1.5/Manifest.toml`
  [0f160d28] + EgyptianFractions v0.2.2
  [9b87118b] + PackageCompiler v1.2.5
  [2a0f44e3] + Base64
  [ade2ca70] + Dates
  [b77e0a4c] + InteractiveUtils
  [76f85450] + LibGit2
  [8f399da3] + Libdl
  [56ddb016] + Logging
  [d6f4376e] + Markdown
  [44cfe95a] + Pkg
  [de0858da] + Printf
  [3fa0cd96] + REPL
  [9a3f8284] + Random
  [ea8e919c] + SHA
  [9e88b42a] + Serialization
  [6462fe0b] + Sockets
  [cf7118a7] + UUIDs
  [4ec0a83e] + Unicode


################################################################################
# Compiling: 2021-01-11T17:25:19.358
#

[ Info: PackageCompiler: creating system image object file, this might take a while...
Generated system image is 147.324 MiB, compilation took 159 seconds


################################################################################
# PkgEval set-up: 2021-01-11T17:28:05.802
#

Julia Version 1.5.3
Commit 599f52c4c6 (2020-12-18 13:33 UTC)
Platform Info:
  OS: Linux (x86_64-linux-gnu)
  CPU: AMD EPYC 7502 32-Core Processor
  WORD_SIZE: 64
  LIBM: libopenlibm
  LLVM: libLLVM-9.0.1 (ORCJIT, znver2)
Environment:
  JULIA_PKGEVAL = true
  JULIA_PKG_PRECOMPILE_AUTO = 0

Base.julia_cmd() = `/usr/local/julia/bin/julia -Cnative -J/cache/EgyptianFractions-E6bcvidB.so -g1`


################################################################################
# Installation: 2021-01-11T17:28:07.598
#

 Installing known registries into `~/.julia`
########################################################                  78.8%######################################################################## 100.0%
      Added registry `General` to `~/.julia/registries/General`
  Resolving package versions...
  Installed EgyptianFractions ─ v0.2.2
Updating `~/.julia/environments/v1.5/Project.toml`
  [0f160d28] + EgyptianFractions v0.2.2
Updating `~/.julia/environments/v1.5/Manifest.toml`
  [0f160d28] + EgyptianFractions v0.2.2


################################################################################
# Testing: 2021-01-11T17:28:11.004
#

    Testing EgyptianFractions
Status `/tmp/jl_rJl3jb/Project.toml`
  [0f160d28] EgyptianFractions v0.2.2
  [276daf66] SpecialFunctions v1.2.1
  [9a3f8284] Random
  [8dfed614] Test
Status `/tmp/jl_rJl3jb/Manifest.toml`
  [56f22d72] Artifacts v1.3.0
  [d360d2e6] ChainRulesCore v0.9.24
  [e66e0078] CompilerSupportLibraries_jll v0.3.4+0
  [0f160d28] EgyptianFractions v0.2.2
  [692b3bcd] JLLWrappers v1.2.0
  [46d2c3a1] MuladdMacro v0.2.2
  [efe28fd5] OpenSpecFun_jll v0.5.3+4
  [276daf66] SpecialFunctions v1.2.1
  [2a0f44e3] Base64
  [ade2ca70] Dates
  [8ba89e20] Distributed
  [b77e0a4c] InteractiveUtils
  [76f85450] LibGit2
  [8f399da3] Libdl
  [37e2e46d] LinearAlgebra
  [56ddb016] Logging
  [d6f4376e] Markdown
  [44cfe95a] Pkg
  [de0858da] Printf
  [3fa0cd96] REPL
  [9a3f8284] Random
  [ea8e919c] SHA
  [9e88b42a] Serialization
  [6462fe0b] Sockets
  [2f01184e] SparseArrays
  [8dfed614] Test
  [cf7118a7] UUIDs
  [4ec0a83e] Unicode
    Testing EgyptianFractions tests passed 

PkgEval succeeded


################################################################################
# PkgEval teardown: 2021-01-11T17:28:31.451
CPU usage: 25.68s (22.55s user, 3.18s kernel)

Network usage:
- eth0: 2.855 MiB received, 59.981 KiB sent

Raw statistics: {"blkio_stats":{"io_queue_recursive":[],"io_serviced_recursive":[{"major":259,"value":0,"op":"Read","minor":0},{"major":259,"value":19,"op":"Write","minor":0},{"major":259,"value":14,"op":"Sync","minor":0},{"major":259,"value":5,"op":"Async","minor":0},{"major":259,"value":0,"op":"Discard","minor":0},{"major":259,"value":19,"op":"Total","minor":0},{"major":253,"value":0,"op":"Read","minor":2},{"major":253,"value":19,"op":"Write","minor":2},{"major":253,"value":14,"op":"Sync","minor":2},{"major":253,"value":5,"op":"Async","minor":2},{"major":253,"value":0,"op":"Discard","minor":2},{"major":253,"value":19,"op":"Total","minor":2}],"io_time_recursive":[],"sectors_recursive":[],"io_service_bytes_recursive":[{"major":259,"value":0,"op":"Read","minor":0},{"major":259,"value":77824,"op":"Write","minor":0},{"major":259,"value":57344,"op":"Sync","minor":0},{"major":259,"value":20480,"op":"Async","minor":0},{"major":259,"value":0,"op":"Discard","minor":0},{"major":259,"value":77824,"op":"Total","minor":0},{"major":253,"value":0,"op":"Read","minor":2},{"major":253,"value":77824,"op":"Write","minor":2},{"major":253,"value":57344,"op":"Sync","minor":2},{"major":253,"value":20480,"op":"Async","minor":2},{"major":253,"value":0,"op":"Discard","minor":2},{"major":253,"value":77824,"op":"Total","minor":2}],"io_wait_time_recursive":[],"io_merged_recursive":[],"io_service_time_recursive":[]},"memory_stats":{"usage":297553920,"max_usage":860176384,"stats":{"hierarchical_memory_limit":9223372036854771712,"pgmajfault":0,"total_rss":185163776,"inactive_file":135168,"inactive_anon":79749120,"total_pgfault":651057,"total_cache":82448384,"total_rss_huge":0,"total_active_anon":188018688,"total_pgmajfault":0,"pgpgin":411378,"rss_huge":0,"mapped_file":0,"total_inactive_file":135168,"dirty":270336,"total_unevictable":0,"total_dirty":270336,"writeback":0,"pgpgout":346043,"hierarchical_memsw_limit":0,"cache":82448384,"active_file":135168,"pgfault":651057,"total_mapped_file":0,"total_pgpgout":346043,"total_writeback":0,"rss":185163776,"unevictable":0,"total_inactive_anon":79749120,"total_pgpgin":411378,"active_anon":188018688,"total_active_file":135168},"limit":540965302272},"name":"/EgyptianFractions-nIj4hfFR","networks":{"eth0":{"rx_bytes":2993257,"rx_packets":525,"tx_packets":532,"tx_bytes":61421,"tx_dropped":0,"rx_dropped":1,"tx_errors":0,"rx_errors":0}},"id":"e54e8029a6d9544f0d2cb5397fd8a13ec15525aa9c410cd3389615bdcaa046ac","preread":"0001-01-01T00:00:00Z","storage_stats":{},"precpu_stats":{"throttling_data":{"throttled_periods":0,"throttled_time":0,"periods":0},"cpu_usage":{"usage_in_usermode":0,"usage_in_kernelmode":0,"total_usage":0}},"pids_stats":{"current":44},"num_procs":0,"cpu_stats":{"throttling_data":{"throttled_periods":0,"throttled_time":0,"periods":0},"system_cpu_usage":4117761374522419,"online_cpus":128,"cpu_usage":{"usage_in_usermode":22550000000,"usage_in_kernelmode":3180000000,"total_usage":25679391584,"percpu_usage":[0,0,0,0,0,0,0,0,0,0,0,0,0,0,0,0,0,0,0,0,0,0,0,0,0,0,0,0,0,0,0,0,0,0,0,0,0,0,0,0,0,0,0,0,0,0,0,0,0,0,0,0,25679387564,0,0,0,0,0,0,0,0,0,0,0,0,0,0,0,0,0,0,0,0,0,0,0,0,0,0,0,0,0,0,0,0,0,0,0,0,0,0,0,0,0,0,0,0,0,0,0,0,0,0,0,0,0,0,0,0,0,0,0,0,0,0,0,4020,0,0,0,0,0,0,0,0,0,0,0]}},"read":"2021-01-11T17:28:31.453784985Z"}