################################################################################
# PackageCompiler set-up: 2021-01-11T21:54:39.725
#

Julia Version 1.5.3
Commit 599f52c4c6 (2020-12-18 13:33 UTC)
Platform Info:
  OS: Linux (x86_64-linux-gnu)
  CPU: AMD EPYC 7502 32-Core Processor
  WORD_SIZE: 64
  LIBM: libopenlibm
  LLVM: libLLVM-9.0.1 (ORCJIT, znver2)
Environment:
  JULIA_PKGEVAL = true
  JULIA_PKG_PRECOMPILE_AUTO = 0



################################################################################
# Installation: 2021-01-11T21:54:41.449
#

 Installing known registries into `~/.julia`
######################################################################## 100.0%
      Added registry `General` to `~/.julia/registries/General`
  Resolving package versions...
  Installed IniFile ───────────── v0.5.0
  Installed MbedTLS_jll ───────── v2.16.8+1
  Installed MbedTLS ───────────── v1.0.3
  Installed Reexport ──────────── v0.2.0
  Installed Embeddings ────────── v0.4.2
  Installed JSON ──────────────── v0.21.1
  Installed JLLWrappers ───────── v1.2.0
  Installed GoogleDrive ───────── v0.1.1
  Installed PackageCompiler ───── v1.2.5
  Installed p7zip_jll ─────────── v16.2.0+3
  Installed BinaryProvider ────── v0.5.10
  Installed HTTP ──────────────── v0.8.19
  Installed DataDeps ──────────── v0.7.6
  Installed DocStringExtensions ─ v0.8.3
  Installed AutoHashEquals ────── v0.2.0
  Installed Documenter ────────── v0.24.11
  Installed Parsers ───────────── v1.0.15
  Installed Artifacts ─────────── v1.3.0
Updating `~/.julia/environments/v1.5/Project.toml`
  [c5bfea45] + Embeddings v0.4.2
  [9b87118b] + PackageCompiler v1.2.5
Updating `~/.julia/environments/v1.5/Manifest.toml`
  [56f22d72] + Artifacts v1.3.0
  [15f4f7f2] + AutoHashEquals v0.2.0
  [b99e7846] + BinaryProvider v0.5.10
  [124859b0] + DataDeps v0.7.6
  [ffbed154] + DocStringExtensions v0.8.3
  [e30172f5] + Documenter v0.24.11
  [c5bfea45] + Embeddings v0.4.2
  [91feb7a0] + GoogleDrive v0.1.1
  [cd3eb016] + HTTP v0.8.19
  [83e8ac13] + IniFile v0.5.0
  [692b3bcd] + JLLWrappers v1.2.0
  [682c06a0] + JSON v0.21.1
  [739be429] + MbedTLS v1.0.3
  [c8ffd9c3] + MbedTLS_jll v2.16.8+1
  [9b87118b] + PackageCompiler v1.2.5
  [69de0a69] + Parsers v1.0.15
  [189a3867] + Reexport v0.2.0
  [3f19e933] + p7zip_jll v16.2.0+3
  [2a0f44e3] + Base64
  [ade2ca70] + Dates
  [8ba89e20] + Distributed
  [b77e0a4c] + InteractiveUtils
  [76f85450] + LibGit2
  [8f399da3] + Libdl
  [37e2e46d] + LinearAlgebra
  [56ddb016] + Logging
  [d6f4376e] + Markdown
  [a63ad114] + Mmap
  [44cfe95a] + Pkg
  [de0858da] + Printf
  [3fa0cd96] + REPL
  [9a3f8284] + Random
  [ea8e919c] + SHA
  [9e88b42a] + Serialization
  [6462fe0b] + Sockets
  [2f01184e] + SparseArrays
  [10745b16] + Statistics
  [8dfed614] + Test
  [cf7118a7] + UUIDs
  [4ec0a83e] + Unicode
   Building DataDeps → `~/.julia/packages/DataDeps/jrlAW/deps/build.log`


################################################################################
# Compiling: 2021-01-11T21:54:48.711
#

[ Info: PackageCompiler: creating system image object file, this might take a while...
Generated system image is 151.334 MiB, compilation took 188 seconds


################################################################################
# PkgEval set-up: 2021-01-11T21:58:16.678
#

Julia Version 1.5.3
Commit 599f52c4c6 (2020-12-18 13:33 UTC)
Platform Info:
  OS: Linux (x86_64-linux-gnu)
  CPU: AMD EPYC 7502 32-Core Processor
  WORD_SIZE: 64
  LIBM: libopenlibm
  LLVM: libLLVM-9.0.1 (ORCJIT, znver2)
Environment:
  JULIA_PKGEVAL = true
  JULIA_PKG_PRECOMPILE_AUTO = 0

Base.julia_cmd() = `/usr/local/julia/bin/julia -Cnative -J/cache/Embeddings-qsXDTOQc.so -g1`


################################################################################
# Installation: 2021-01-11T21:58:18.496
#

 Installing known registries into `~/.julia`
#=#=#                                                                         ##O#-#                                                                        ######################################################################## 100.0%
      Added registry `General` to `~/.julia/registries/General`
  Resolving package versions...
  Installed Embeddings ────────── v0.4.2
  Installed IniFile ───────────── v0.5.0
  Installed MbedTLS_jll ───────── v2.16.8+1
  Installed Reexport ──────────── v0.2.0
  Installed MbedTLS ───────────── v1.0.3
  Installed GoogleDrive ───────── v0.1.1
  Installed p7zip_jll ─────────── v16.2.0+3
  Installed HTTP ──────────────── v0.8.19
  Installed JSON ──────────────── v0.21.1
  Installed JLLWrappers ───────── v1.2.0
  Installed BinaryProvider ────── v0.5.10
  Installed AutoHashEquals ────── v0.2.0
  Installed DataDeps ──────────── v0.7.6
  Installed DocStringExtensions ─ v0.8.3
  Installed Parsers ───────────── v1.0.15
  Installed Documenter ────────── v0.24.11
  Installed Artifacts ─────────── v1.3.0
Updating `~/.julia/environments/v1.5/Project.toml`
  [c5bfea45] + Embeddings v0.4.2
Updating `~/.julia/environments/v1.5/Manifest.toml`
  [56f22d72] + Artifacts v1.3.0
  [15f4f7f2] + AutoHashEquals v0.2.0
  [b99e7846] + BinaryProvider v0.5.10
  [124859b0] + DataDeps v0.7.6
  [ffbed154] + DocStringExtensions v0.8.3
  [e30172f5] + Documenter v0.24.11
  [c5bfea45] + Embeddings v0.4.2
  [91feb7a0] + GoogleDrive v0.1.1
  [cd3eb016] + HTTP v0.8.19
  [83e8ac13] + IniFile v0.5.0
  [692b3bcd] + JLLWrappers v1.2.0
  [682c06a0] + JSON v0.21.1
  [739be429] + MbedTLS v1.0.3
  [c8ffd9c3] + MbedTLS_jll v2.16.8+1
  [69de0a69] + Parsers v1.0.15
  [189a3867] + Reexport v0.2.0
  [3f19e933] + p7zip_jll v16.2.0+3
  [2a0f44e3] + Base64
  [ade2ca70] + Dates
  [8ba89e20] + Distributed
  [b77e0a4c] + InteractiveUtils
  [76f85450] + LibGit2
  [8f399da3] + Libdl
  [37e2e46d] + LinearAlgebra
  [56ddb016] + Logging
  [d6f4376e] + Markdown
  [a63ad114] + Mmap
  [44cfe95a] + Pkg
  [de0858da] + Printf
  [3fa0cd96] + REPL
  [9a3f8284] + Random
  [ea8e919c] + SHA
  [9e88b42a] + Serialization
  [6462fe0b] + Sockets
  [2f01184e] + SparseArrays
  [10745b16] + Statistics
  [8dfed614] + Test
  [cf7118a7] + UUIDs
  [4ec0a83e] + Unicode
   Building DataDeps → `~/.julia/packages/DataDeps/jrlAW/deps/build.log`


################################################################################
# Testing: 2021-01-11T21:58:32.981
#

    Testing Embeddings
Status `/tmp/jl_ODQbKa/Project.toml`
  [15f4f7f2] AutoHashEquals v0.2.0
  [124859b0] DataDeps v0.7.6
  [c5bfea45] Embeddings v0.4.2
  [91feb7a0] GoogleDrive v0.1.1
  [10745b16] Statistics
  [8dfed614] Test
Status `/tmp/jl_ODQbKa/Manifest.toml`
  [56f22d72] Artifacts v1.3.0
  [15f4f7f2] AutoHashEquals v0.2.0
  [b99e7846] BinaryProvider v0.5.10
  [124859b0] DataDeps v0.7.6
  [ffbed154] DocStringExtensions v0.8.3
  [e30172f5] Documenter v0.24.11
  [c5bfea45] Embeddings v0.4.2
  [91feb7a0] GoogleDrive v0.1.1
  [cd3eb016] HTTP v0.8.19
  [83e8ac13] IniFile v0.5.0
  [692b3bcd] JLLWrappers v1.2.0
  [682c06a0] JSON v0.21.1
  [739be429] MbedTLS v1.0.3
  [c8ffd9c3] MbedTLS_jll v2.16.8+1
  [69de0a69] Parsers v1.0.15
  [189a3867] Reexport v0.2.0
  [3f19e933] p7zip_jll v16.2.0+3
  [2a0f44e3] Base64
  [ade2ca70] Dates
  [8ba89e20] Distributed
  [b77e0a4c] InteractiveUtils
  [76f85450] LibGit2
  [8f399da3] Libdl
  [37e2e46d] LinearAlgebra
  [56ddb016] Logging
  [d6f4376e] Markdown
  [a63ad114] Mmap
  [44cfe95a] Pkg
  [de0858da] Printf
  [3fa0cd96] REPL
  [9a3f8284] Random
  [ea8e919c] SHA
  [9e88b42a] Serialization
  [6462fe0b] Sockets
  [2f01184e] SparseArrays
  [10745b16] Statistics
  [8dfed614] Test
  [cf7118a7] UUIDs
  [4ec0a83e] Unicode
[ Info: sending all datadeps to /tmp/jl_Wt9gN4
Testing Word2Vec
Word2Vec: Error During Test at /home/user/.julia/packages/Embeddings/7VuQA/test/runtests.jl:44
  Got exception outside of a @test
  DataDeps.DisabledError("DataDeps download disabled, as we appear to be in a CI environment, and the environment variable `DATADEPS_ALWAYS_ACCEPT` is not set.\nIf this is indeed running in a headless CI environment, then set the `DATADEPS_ALWAYS_ACCEPT` environment variable to `true` to bypass the accept download prompt (if you do wish to always accept.)\nIf not, then either unset the `CI` environment variable from true, or set `DATADEPS_ALWAYS_ACCEPT` to `false` for the normal prompt behaviour.")
  Stacktrace:
   [1] ensure_download_permitted at /home/pkgeval/.julia/packages/DataDeps/jrlAW/src/resolution_automatic.jl:26 [inlined]
   [2] download(::DataDep{String,String,typeof(DataDeps.fetch_default),typeof(unpack)}, ::String; remotepath::String, i_accept_the_terms_of_use::Nothing, skip_checksum::Bool) at /home/pkgeval/.julia/packages/DataDeps/jrlAW/src/resolution_automatic.jl:70
   [3] download at /home/pkgeval/.julia/packages/DataDeps/jrlAW/src/resolution_automatic.jl:70 [inlined]
   [4] handle_missing at /home/pkgeval/.julia/packages/DataDeps/jrlAW/src/resolution_automatic.jl:10 [inlined]
   [5] _resolve(::DataDep{String,String,typeof(DataDeps.fetch_default),typeof(unpack)}, ::String) at /home/pkgeval/.julia/packages/DataDeps/jrlAW/src/resolution.jl:83
   [6] resolve(::DataDep{String,String,typeof(DataDeps.fetch_default),typeof(unpack)}, ::String, ::String) at /home/pkgeval/.julia/packages/DataDeps/jrlAW/src/resolution.jl:29
   [7] resolve(::String, ::String, ::String) at /home/pkgeval/.julia/packages/DataDeps/jrlAW/src/resolution.jl:54
   [8] resolve at /home/pkgeval/.julia/packages/DataDeps/jrlAW/src/resolution.jl:73 [inlined]
   [9] load_datadep at /home/pkgeval/.julia/packages/Embeddings/7VuQA/src/Embeddings.jl:33 [inlined]
   [10] |> at ./operators.jl:834 [inlined]
   [11] default_file at /home/pkgeval/.julia/packages/Embeddings/7VuQA/src/Embeddings.jl:35 [inlined]
   [12] load_embeddings(::Type{Word2Vec}, ::Int64; max_vocab_size::Int64, keep_words::Set{Any}) at /home/pkgeval/.julia/packages/Embeddings/7VuQA/src/Embeddings.jl:93
   [13] load_embeddings at /home/pkgeval/.julia/packages/Embeddings/7VuQA/src/Embeddings.jl:93 [inlined] (repeats 2 times)
   [14] macro expansion at /home/user/.julia/packages/Embeddings/7VuQA/test/runtests.jl:51 [inlined]
   [15] macro expansion at /workspace/srcdir/usr/share/julia/stdlib/v1.5/Test/src/Test.jl:1115 [inlined]
   [16] (::var"#3#4")() at /home/user/.julia/packages/Embeddings/7VuQA/test/runtests.jl:51
   [17] #1 at /home/user/.julia/packages/Embeddings/7VuQA/test/runtests.jl:16 [inlined]
   [18] withenv(::var"#1#2"{var"#3#4"}, ::Pair{String,String}) at ./env.jl:161
   [19] tempdatadeps(::var"#3#4") at /home/user/.julia/packages/Embeddings/7VuQA/test/runtests.jl:15
   [20] top-level scope at /home/user/.julia/packages/Embeddings/7VuQA/test/runtests.jl:42
   [21] include(::String) at ./client.jl:457
   [22] top-level scope at none:6
   [23] eval(::Module, ::Any) at ./boot.jl:331
   [24] exec_options(::Base.JLOptions) at ./client.jl:272
   [25] _start() at ./client.jl:506
  
Test Summary: | Error  Total
Word2Vec      |     1      1
[ Info: removing /tmp/jl_Wt9gN4
ERROR: LoadError: Some tests did not pass: 0 passed, 0 failed, 1 errored, 0 broken.
in expression starting at /home/user/.julia/packages/Embeddings/7VuQA/test/runtests.jl:50

PkgEval failed: Package Embeddings errored during testing
Stacktrace:
 [1] pkgerror(::String) at /workspace/srcdir/usr/share/julia/stdlib/v1.5/Pkg/src/Types.jl:52
 [2] test(::Pkg.Types.Context, ::Array{Pkg.Types.PackageSpec,1}; coverage::Bool, julia_args::Cmd, test_args::Cmd, test_fn::Nothing) at /workspace/srcdir/usr/share/julia/stdlib/v1.5/Pkg/src/Operations.jl:1578
 [3] test(::Pkg.Types.Context, ::Array{Pkg.Types.PackageSpec,1}; coverage::Bool, test_fn::Nothing, julia_args::Cmd, test_args::Cmd, kwargs::Base.Iterators.Pairs{Union{},Union{},Tuple{},NamedTuple{(),Tuple{}}}) at /workspace/srcdir/usr/share/julia/stdlib/v1.5/Pkg/src/API.jl:327
 [4] test(::Pkg.Types.Context, ::Array{Pkg.Types.PackageSpec,1}) at /workspace/srcdir/usr/share/julia/stdlib/v1.5/Pkg/src/API.jl:314
 [5] #test#61 at /workspace/srcdir/usr/share/julia/stdlib/v1.5/Pkg/src/API.jl:67 [inlined]
 [6] test at /workspace/srcdir/usr/share/julia/stdlib/v1.5/Pkg/src/API.jl:67 [inlined]
 [7] #test#60 at /workspace/srcdir/usr/share/julia/stdlib/v1.5/Pkg/src/API.jl:66 [inlined]
 [8] test at /workspace/srcdir/usr/share/julia/stdlib/v1.5/Pkg/src/API.jl:66 [inlined]
 [9] test(::String; kwargs::Base.Iterators.Pairs{Union{},Union{},Tuple{},NamedTuple{(),Tuple{}}}) at /workspace/srcdir/usr/share/julia/stdlib/v1.5/Pkg/src/API.jl:65
 [10] test(::String) at /workspace/srcdir/usr/share/julia/stdlib/v1.5/Pkg/src/API.jl:65
 [11] top-level scope at none:22
 [12] eval at ./boot.jl:331 [inlined]
 [13] eval(::Expr) at ./client.jl:467
 [14] top-level scope at none:1
 [15] eval(::Module, ::Any) at ./boot.jl:331
 [16] exec_options(::Base.JLOptions) at ./client.jl:272
 [17] _start() at ./client.jl:506


################################################################################
# PkgEval teardown: 2021-01-11T21:58:55.215
CPU usage: 51.25s (48.06s user, 3.30s kernel)

Network usage:
- eth0: 3.664 MiB received, 107.924 KiB sent

Raw statistics: {"blkio_stats":{"io_queue_recursive":[],"io_serviced_recursive":[{"major":259,"value":0,"op":"Read","minor":0},{"major":259,"value":23,"op":"Write","minor":0},{"major":259,"value":14,"op":"Sync","minor":0},{"major":259,"value":9,"op":"Async","minor":0},{"major":259,"value":0,"op":"Discard","minor":0},{"major":259,"value":23,"op":"Total","minor":0},{"major":253,"value":0,"op":"Read","minor":2},{"major":253,"value":23,"op":"Write","minor":2},{"major":253,"value":14,"op":"Sync","minor":2},{"major":253,"value":9,"op":"Async","minor":2},{"major":253,"value":0,"op":"Discard","minor":2},{"major":253,"value":23,"op":"Total","minor":2}],"io_time_recursive":[],"sectors_recursive":[],"io_service_bytes_recursive":[{"major":259,"value":0,"op":"Read","minor":0},{"major":259,"value":102400,"op":"Write","minor":0},{"major":259,"value":57344,"op":"Sync","minor":0},{"major":259,"value":45056,"op":"Async","minor":0},{"major":259,"value":0,"op":"Discard","minor":0},{"major":259,"value":102400,"op":"Total","minor":0},{"major":253,"value":0,"op":"Read","minor":2},{"major":253,"value":102400,"op":"Write","minor":2},{"major":253,"value":57344,"op":"Sync","minor":2},{"major":253,"value":45056,"op":"Async","minor":2},{"major":253,"value":0,"op":"Discard","minor":2},{"major":253,"value":102400,"op":"Total","minor":2}],"io_wait_time_recursive":[],"io_merged_recursive":[],"io_service_time_recursive":[]},"memory_stats":{"usage":389574656,"max_usage":610775040,"stats":{"hierarchical_memory_limit":9223372036854771712,"pgmajfault":0,"total_rss":273612800,"inactive_file":135168,"inactive_anon":84344832,"total_pgfault":735207,"total_cache":85155840,"total_rss_huge":0,"total_active_anon":274526208,"total_pgmajfault":0,"pgpgin":298353,"rss_huge":0,"mapped_file":0,"total_inactive_file":135168,"dirty":135168,"total_unevictable":0,"total_dirty":135168,"writeback":0,"pgpgout":210765,"hierarchical_memsw_limit":0,"cache":85155840,"active_file":135168,"pgfault":735207,"total_mapped_file":0,"total_pgpgout":210765,"total_writeback":0,"rss":273612800,"unevictable":0,"total_inactive_anon":84344832,"total_pgpgin":298353,"active_anon":274526208,"total_active_file":135168},"limit":540965302272},"name":"/Embeddings-J4kG7coD","networks":{"eth0":{"rx_bytes":3841935,"rx_packets":858,"tx_packets":946,"tx_bytes":110514,"tx_dropped":0,"rx_dropped":2,"tx_errors":0,"rx_errors":0}},"id":"141318a6fb8852a96e4a18818fd6c979e810e0e43d76ca4a3931fa820514d67b","preread":"0001-01-01T00:00:00Z","storage_stats":{},"precpu_stats":{"throttling_data":{"throttled_periods":0,"throttled_time":0,"periods":0},"cpu_usage":{"usage_in_usermode":0,"usage_in_kernelmode":0,"total_usage":0}},"pids_stats":{"current":44},"num_procs":0,"cpu_stats":{"throttling_data":{"throttled_periods":0,"throttled_time":0,"periods":0},"system_cpu_usage":6190876834522419,"online_cpus":128,"cpu_usage":{"usage_in_usermode":48060000000,"usage_in_kernelmode":3300000000,"total_usage":51248794415,"percpu_usage":[0,0,0,0,0,0,0,0,0,0,0,0,0,0,0,0,0,0,0,0,0,0,0,0,0,0,0,0,0,0,0,0,0,0,0,0,0,0,0,0,0,0,0,0,0,0,0,0,0,0,0,0,0,0,0,0,0,0,0,0,896740,0,51247897675,0,0,0,0,0,0,0,0,0,0,0,0,0,0,0,0,0,0,0,0,0,0,0,0,0,0,0,0,0,0,0,0,0,0,0,0,0,0,0,0,0,0,0,0,0,0,0,0,0,0,0,0,0,0,0,0,0,0,0,0,0,0,0,0,0]}},"read":"2021-01-11T21:58:55.344424664Z"}