################################################################################
# PackageCompiler set-up: 2021-01-11T20:04:43.789
#

Julia Version 1.5.3
Commit 599f52c4c6 (2020-12-18 13:33 UTC)
Platform Info:
  OS: Linux (x86_64-linux-gnu)
  CPU: AMD EPYC 7502 32-Core Processor
  WORD_SIZE: 64
  LIBM: libopenlibm
  LLVM: libLLVM-9.0.1 (ORCJIT, znver2)
Environment:
  JULIA_PKGEVAL = true
  JULIA_PKG_PRECOMPILE_AUTO = 0



################################################################################
# Installation: 2021-01-11T20:04:45.516
#

 Installing known registries into `~/.julia`
###########################                                               38.4%######################################################################## 100.0%
      Added registry `General` to `~/.julia/registries/General`
  Resolving package versions...
  Installed EmpiricalCDFs ─── v0.2.2
  Installed PackageCompiler ─ v1.2.5
Updating `~/.julia/environments/v1.5/Project.toml`
  [0dcf7749] + EmpiricalCDFs v0.2.2
  [9b87118b] + PackageCompiler v1.2.5
Updating `~/.julia/environments/v1.5/Manifest.toml`
  [0dcf7749] + EmpiricalCDFs v0.2.2
  [9b87118b] + PackageCompiler v1.2.5
  [2a0f44e3] + Base64
  [ade2ca70] + Dates
  [b77e0a4c] + InteractiveUtils
  [76f85450] + LibGit2
  [8f399da3] + Libdl
  [37e2e46d] + LinearAlgebra
  [56ddb016] + Logging
  [d6f4376e] + Markdown
  [44cfe95a] + Pkg
  [de0858da] + Printf
  [3fa0cd96] + REPL
  [9a3f8284] + Random
  [ea8e919c] + SHA
  [9e88b42a] + Serialization
  [6462fe0b] + Sockets
  [2f01184e] + SparseArrays
  [10745b16] + Statistics
  [cf7118a7] + UUIDs
  [4ec0a83e] + Unicode


################################################################################
# Compiling: 2021-01-11T20:04:50.955
#

[ Info: PackageCompiler: creating system image object file, this might take a while...
Generated system image is 147.575 MiB, compilation took 163 seconds


################################################################################
# PkgEval set-up: 2021-01-11T20:07:41.213
#

Julia Version 1.5.3
Commit 599f52c4c6 (2020-12-18 13:33 UTC)
Platform Info:
  OS: Linux (x86_64-linux-gnu)
  CPU: AMD EPYC 7502 32-Core Processor
  WORD_SIZE: 64
  LIBM: libopenlibm
  LLVM: libLLVM-9.0.1 (ORCJIT, znver2)
Environment:
  JULIA_PKGEVAL = true
  JULIA_PKG_PRECOMPILE_AUTO = 0

Base.julia_cmd() = `/usr/local/julia/bin/julia -Cnative -J/cache/EmpiricalCDFs-h8CKnOW7.so -g1`


################################################################################
# Installation: 2021-01-11T20:07:43.101
#

 Installing known registries into `~/.julia`
######################################################################## 100.0%
      Added registry `General` to `~/.julia/registries/General`
  Resolving package versions...
  Installed EmpiricalCDFs ─ v0.2.2
Updating `~/.julia/environments/v1.5/Project.toml`
  [0dcf7749] + EmpiricalCDFs v0.2.2
Updating `~/.julia/environments/v1.5/Manifest.toml`
  [0dcf7749] + EmpiricalCDFs v0.2.2
  [8f399da3] + Libdl
  [37e2e46d] + LinearAlgebra
  [de0858da] + Printf
  [9a3f8284] + Random
  [9e88b42a] + Serialization
  [2f01184e] + SparseArrays
  [10745b16] + Statistics
  [4ec0a83e] + Unicode


################################################################################
# Testing: 2021-01-11T20:07:47.329
#

    Testing EmpiricalCDFs
Status `/tmp/jl_MPmIB8/Project.toml`
  [0dcf7749] EmpiricalCDFs v0.2.2
  [de0858da] Printf
  [10745b16] Statistics
  [8dfed614] Test
Status `/tmp/jl_MPmIB8/Manifest.toml`
  [0dcf7749] EmpiricalCDFs v0.2.2
  [2a0f44e3] Base64
  [8ba89e20] Distributed
  [b77e0a4c] InteractiveUtils
  [8f399da3] Libdl
  [37e2e46d] LinearAlgebra
  [56ddb016] Logging
  [d6f4376e] Markdown
  [de0858da] Printf
  [9a3f8284] Random
  [9e88b42a] Serialization
  [6462fe0b] Sockets
  [2f01184e] SparseArrays
  [10745b16] Statistics
  [8dfed614] Test
  [4ec0a83e] Unicode
Test Summary: | Pass  Total
construction  |    5      5
Test Summary:  | Pass  Total
copy, equality |    2      2
Test Summary: | Pass  Total
cutoff        |    7      7
Test Summary:    | Pass  Total
read binary file |   11     11
Test Summary: | Pass  Total
Inf cutoff    |    4      4
Test Summary: | Pass  Total
statistics    |    3      3
    Testing EmpiricalCDFs tests passed 

PkgEval succeeded


################################################################################
# PkgEval teardown: 2021-01-11T20:07:52.083
CPU usage: 10.94s (8.59s user, 2.40s kernel)

Network usage:
- eth0: 3.137 MiB received, 36.882 KiB sent

Raw statistics: {"blkio_stats":{"io_queue_recursive":[],"io_serviced_recursive":[{"major":259,"value":0,"op":"Read","minor":0},{"major":259,"value":19,"op":"Write","minor":0},{"major":259,"value":14,"op":"Sync","minor":0},{"major":259,"value":5,"op":"Async","minor":0},{"major":259,"value":0,"op":"Discard","minor":0},{"major":259,"value":19,"op":"Total","minor":0},{"major":253,"value":0,"op":"Read","minor":2},{"major":253,"value":19,"op":"Write","minor":2},{"major":253,"value":14,"op":"Sync","minor":2},{"major":253,"value":5,"op":"Async","minor":2},{"major":253,"value":0,"op":"Discard","minor":2},{"major":253,"value":19,"op":"Total","minor":2}],"io_time_recursive":[],"sectors_recursive":[],"io_service_bytes_recursive":[{"major":259,"value":0,"op":"Read","minor":0},{"major":259,"value":77824,"op":"Write","minor":0},{"major":259,"value":57344,"op":"Sync","minor":0},{"major":259,"value":20480,"op":"Async","minor":0},{"major":259,"value":0,"op":"Discard","minor":0},{"major":259,"value":77824,"op":"Total","minor":0},{"major":253,"value":0,"op":"Read","minor":2},{"major":253,"value":77824,"op":"Write","minor":2},{"major":253,"value":57344,"op":"Sync","minor":2},{"major":253,"value":20480,"op":"Async","minor":2},{"major":253,"value":0,"op":"Discard","minor":2},{"major":253,"value":77824,"op":"Total","minor":2}],"io_wait_time_recursive":[],"io_merged_recursive":[],"io_service_time_recursive":[]},"memory_stats":{"usage":292327424,"max_usage":448659456,"stats":{"hierarchical_memory_limit":9223372036854771712,"pgmajfault":0,"total_rss":182923264,"inactive_file":135168,"inactive_anon":78802944,"total_pgfault":224862,"total_cache":80150528,"total_rss_huge":0,"total_active_anon":184233984,"total_pgmajfault":0,"pgpgin":156156,"rss_huge":0,"mapped_file":0,"total_inactive_file":135168,"dirty":135168,"total_unevictable":0,"total_dirty":135168,"writeback":0,"pgpgout":91964,"hierarchical_memsw_limit":0,"cache":80150528,"active_file":135168,"pgfault":224862,"total_mapped_file":0,"total_pgpgout":91964,"total_writeback":0,"rss":182923264,"unevictable":0,"total_inactive_anon":78802944,"total_pgpgin":156156,"active_anon":184233984,"total_active_file":135168},"limit":540965302272},"name":"/EmpiricalCDFs-tzsYURKK","networks":{"eth0":{"rx_bytes":3289568,"rx_packets":429,"tx_packets":430,"tx_bytes":37767,"tx_dropped":0,"rx_dropped":1,"tx_errors":0,"rx_errors":0}},"id":"0162aff10e15564b8c16459622d9cfcb0fd71f3431f8cf582e1d8c3db6ec83bf","preread":"0001-01-01T00:00:00Z","storage_stats":{},"precpu_stats":{"throttling_data":{"throttled_periods":0,"throttled_time":0,"periods":0},"cpu_usage":{"usage_in_usermode":0,"usage_in_kernelmode":0,"total_usage":0}},"pids_stats":{"current":44},"num_procs":0,"cpu_stats":{"throttling_data":{"throttled_periods":0,"throttled_time":0,"periods":0},"system_cpu_usage":5339577654522419,"online_cpus":128,"cpu_usage":{"usage_in_usermode":8590000000,"usage_in_kernelmode":2400000000,"total_usage":10944927770,"percpu_usage":[0,0,0,0,0,0,0,0,0,10944921570,0,0,0,0,0,0,0,0,0,0,0,0,0,0,0,0,0,0,0,0,0,0,0,0,0,0,0,0,0,0,0,0,0,0,0,0,0,0,0,0,0,0,0,0,0,0,0,0,0,0,0,0,0,0,0,0,0,0,0,0,0,0,6200,0,0,0,0,0,0,0,0,0,0,0,0,0,0,0,0,0,0,0,0,0,0,0,0,0,0,0,0,0,0,0,0,0,0,0,0,0,0,0,0,0,0,0,0,0,0,0,0,0,0,0,0,0,0,0]}},"read":"2021-01-11T20:07:52.085927323Z"}