################################################################################
# PkgEval set-up: 2021-01-11T22:43:01.495
#

Julia Version 1.5.3
Commit 599f52c4c6 (2020-12-18 13:33 UTC)
Platform Info:
  OS: Linux (x86_64-linux-gnu)
  CPU: AMD EPYC 7502 32-Core Processor
  WORD_SIZE: 64
  LIBM: libopenlibm
  LLVM: libLLVM-9.0.1 (ORCJIT, znver2)
Environment:
  JULIA_PKG_PRECOMPILE_AUTO = 0
  JULIA_PKGEVAL = true

Base.julia_cmd() = `/opt/julia/bin/julia -Cnative -J/opt/julia/lib/julia/sys.so -g1`


################################################################################
# Installation: 2021-01-11T22:43:03.316
#

 Installing known registries into `~/.julia`
###################################                                       49.7%######################################################################## 100.0%
      Added registry `General` to `~/.julia/registries/General`
  Resolving package versions...
  Installed ExcelReaders ──────── v0.11.0
  Installed Conda ─────────────── v1.5.0
  Installed MacroTools ────────── v0.5.6
  Installed VersionParsing ────── v1.2.0
  Installed PyCall ────────────── v1.92.2
  Installed JSON ──────────────── v0.21.1
  Installed DataValueInterfaces ─ v1.0.0
  Installed Parsers ───────────── v1.0.15
  Installed DataValues ────────── v0.4.13
Updating `~/.julia/environments/v1.5/Project.toml`
  [c04bee98] + ExcelReaders v0.11.0
Updating `~/.julia/environments/v1.5/Manifest.toml`
  [8f4d0f93] + Conda v1.5.0
  [e2d170a0] + DataValueInterfaces v1.0.0
  [e7dc6d0d] + DataValues v0.4.13
  [c04bee98] + ExcelReaders v0.11.0
  [682c06a0] + JSON v0.21.1
  [1914dd2f] + MacroTools v0.5.6
  [69de0a69] + Parsers v1.0.15
  [438e738f] + PyCall v1.92.2
  [81def892] + VersionParsing v1.2.0
  [2a0f44e3] + Base64
  [ade2ca70] + Dates
  [8ba89e20] + Distributed
  [b77e0a4c] + InteractiveUtils
  [8f399da3] + Libdl
  [37e2e46d] + LinearAlgebra
  [56ddb016] + Logging
  [d6f4376e] + Markdown
  [a63ad114] + Mmap
  [de0858da] + Printf
  [9a3f8284] + Random
  [9e88b42a] + Serialization
  [6462fe0b] + Sockets
  [8dfed614] + Test
  [4ec0a83e] + Unicode
   Building Conda ─→ `~/.julia/packages/Conda/x5ml4/deps/build.log`
   Building PyCall → `~/.julia/packages/PyCall/tqyST/deps/build.log`


################################################################################
# Testing: 2021-01-11T22:43:42.028
#

    Testing ExcelReaders
Status `/tmp/jl_F65t7R/Project.toml`
  [e7dc6d0d] DataValues v0.4.13
  [c04bee98] ExcelReaders v0.11.0
  [438e738f] PyCall v1.92.2
  [ade2ca70] Dates
  [8dfed614] Test
Status `/tmp/jl_F65t7R/Manifest.toml`
  [8f4d0f93] Conda v1.5.0
  [e2d170a0] DataValueInterfaces v1.0.0
  [e7dc6d0d] DataValues v0.4.13
  [c04bee98] ExcelReaders v0.11.0
  [682c06a0] JSON v0.21.1
  [1914dd2f] MacroTools v0.5.6
  [69de0a69] Parsers v1.0.15
  [438e738f] PyCall v1.92.2
  [81def892] VersionParsing v1.2.0
  [2a0f44e3] Base64
  [ade2ca70] Dates
  [8ba89e20] Distributed
  [b77e0a4c] InteractiveUtils
  [8f399da3] Libdl
  [37e2e46d] LinearAlgebra
  [56ddb016] Logging
  [d6f4376e] Markdown
  [a63ad114] Mmap
  [de0858da] Printf
  [9a3f8284] Random
  [9e88b42a] Serialization
  [6462fe0b] Sockets
  [8dfed614] Test
  [4ec0a83e] Unicode
[ Info: Installing xlrd via the Conda xlrd package...
[ Info: Running `conda install -q -y xlrd` in root environment
Collecting package metadata (current_repodata.json): ...working... done
Solving environment: ...working... done

## Package Plan ##

  environment location: /home/pkgeval/.julia/conda/3

  added / updated specs:
    - xlrd


The following packages will be downloaded:

    package                    |            build
    ---------------------------|-----------------
    xlrd-2.0.1                 |     pyhd3eb1b0_0          90 KB
    ------------------------------------------------------------
                                           Total:          90 KB

The following NEW packages will be INSTALLED:

  xlrd               pkgs/main/noarch::xlrd-2.0.1-pyhd3eb1b0_0


Preparing transaction: ...working... done
Verifying transaction: ...working... done
Executing transaction: ...working... done
ExcelReaders: Error During Test at /home/pkgeval/.julia/packages/ExcelReaders/PgE1r/test/runtests.jl:7
  Got exception outside of a @test
  PyError ($(Expr(:escape, :(ccall(#= /home/pkgeval/.julia/packages/PyCall/tqyST/src/pyfncall.jl:43 =# @pysym(:PyObject_Call), PyPtr, (PyPtr, PyPtr, PyPtr), o, pyargsptr, kw))))) <class 'xlrd.biffh.XLRDError'>
  XLRDError('Excel xlsx file; not supported')
    File "/home/pkgeval/.julia/conda/3/lib/python3.8/site-packages/xlrd/__init__.py", line 170, in open_workbook
      raise XLRDError(FILE_FORMAT_DESCRIPTIONS[file_format]+'; not supported')
  
  Stacktrace:
   [1] pyerr_check at /home/pkgeval/.julia/packages/PyCall/tqyST/src/exception.jl:62 [inlined]
   [2] pyerr_check at /home/pkgeval/.julia/packages/PyCall/tqyST/src/exception.jl:66 [inlined]
   [3] _handle_error(::String) at /home/pkgeval/.julia/packages/PyCall/tqyST/src/exception.jl:83
   [4] macro expansion at /home/pkgeval/.julia/packages/PyCall/tqyST/src/exception.jl:97 [inlined]
   [5] #109 at /home/pkgeval/.julia/packages/PyCall/tqyST/src/pyfncall.jl:43 [inlined]
   [6] disable_sigint at ./c.jl:446 [inlined]
   [7] __pycall! at /home/pkgeval/.julia/packages/PyCall/tqyST/src/pyfncall.jl:42 [inlined]
   [8] _pycall!(::PyObject, ::PyObject, ::Tuple{String}, ::Int64, ::Ptr{Nothing}) at /home/pkgeval/.julia/packages/PyCall/tqyST/src/pyfncall.jl:29
   [9] _pycall! at /home/pkgeval/.julia/packages/PyCall/tqyST/src/pyfncall.jl:11 [inlined]
   [10] #_#116 at /home/pkgeval/.julia/packages/PyCall/tqyST/src/pyfncall.jl:86 [inlined]
   [11] (::PyObject)(::String) at /home/pkgeval/.julia/packages/PyCall/tqyST/src/pyfncall.jl:86
   [12] openxl(::String) at /home/pkgeval/.julia/packages/ExcelReaders/PgE1r/src/ExcelReaders.jl:64
   [13] macro expansion at /home/pkgeval/.julia/packages/ExcelReaders/PgE1r/test/runtests.jl:14 [inlined]
   [14] macro expansion at /workspace/srcdir/usr/share/julia/stdlib/v1.5/Test/src/Test.jl:1115 [inlined]
   [15] top-level scope at /home/pkgeval/.julia/packages/ExcelReaders/PgE1r/test/runtests.jl:10
   [16] include(::String) at ./client.jl:457
   [17] top-level scope at none:6
   [18] eval(::Module, ::Any) at ./boot.jl:331
   [19] exec_options(::Base.JLOptions) at ./client.jl:272
   [20] _start() at ./client.jl:506
  
Test Summary: | Pass  Error  Total
ExcelReaders  |    2      1      3
ERROR: LoadError: Some tests did not pass: 2 passed, 0 failed, 1 errored, 0 broken.
in expression starting at /home/pkgeval/.julia/packages/ExcelReaders/PgE1r/test/runtests.jl:7

PkgEval failed: Package ExcelReaders errored during testing
Stacktrace:
 [1] pkgerror(::String) at /workspace/srcdir/usr/share/julia/stdlib/v1.5/Pkg/src/Types.jl:52
 [2] test(::Pkg.Types.Context, ::Array{Pkg.Types.PackageSpec,1}; coverage::Bool, julia_args::Cmd, test_args::Cmd, test_fn::Nothing) at /workspace/srcdir/usr/share/julia/stdlib/v1.5/Pkg/src/Operations.jl:1578
 [3] test(::Pkg.Types.Context, ::Array{Pkg.Types.PackageSpec,1}; coverage::Bool, test_fn::Nothing, julia_args::Cmd, test_args::Cmd, kwargs::Base.Iterators.Pairs{Union{},Union{},Tuple{},NamedTuple{(),Tuple{}}}) at /workspace/srcdir/usr/share/julia/stdlib/v1.5/Pkg/src/API.jl:327
 [4] test(::Pkg.Types.Context, ::Array{Pkg.Types.PackageSpec,1}) at /workspace/srcdir/usr/share/julia/stdlib/v1.5/Pkg/src/API.jl:314
 [5] #test#61 at /workspace/srcdir/usr/share/julia/stdlib/v1.5/Pkg/src/API.jl:67 [inlined]
 [6] test at /workspace/srcdir/usr/share/julia/stdlib/v1.5/Pkg/src/API.jl:67 [inlined]
 [7] #test#60 at /workspace/srcdir/usr/share/julia/stdlib/v1.5/Pkg/src/API.jl:66 [inlined]
 [8] test at /workspace/srcdir/usr/share/julia/stdlib/v1.5/Pkg/src/API.jl:66 [inlined]
 [9] test(::String; kwargs::Base.Iterators.Pairs{Union{},Union{},Tuple{},NamedTuple{(),Tuple{}}}) at /workspace/srcdir/usr/share/julia/stdlib/v1.5/Pkg/src/API.jl:65
 [10] test(::String) at /workspace/srcdir/usr/share/julia/stdlib/v1.5/Pkg/src/API.jl:65
 [11] top-level scope at none:22
 [12] eval at ./boot.jl:331 [inlined]
 [13] eval(::Expr) at ./client.jl:467
 [14] top-level scope at none:1
 [15] eval(::Module, ::Any) at ./boot.jl:331
 [16] exec_options(::Base.JLOptions) at ./client.jl:272
 [17] _start() at ./client.jl:506


################################################################################
# PkgEval teardown: 2021-01-11T22:44:14.347
CPU usage: 71.64s (63.44s user, 8.38s kernel)

Network usage:
- eth0: 246.371 MiB received, 604.758 KiB sent

Raw statistics: {"blkio_stats":{"io_queue_recursive":[],"io_serviced_recursive":[{"major":259,"value":0,"op":"Read","minor":0},{"major":259,"value":34,"op":"Write","minor":0},{"major":259,"value":19,"op":"Sync","minor":0},{"major":259,"value":15,"op":"Async","minor":0},{"major":259,"value":0,"op":"Discard","minor":0},{"major":259,"value":34,"op":"Total","minor":0},{"major":253,"value":0,"op":"Read","minor":2},{"major":253,"value":34,"op":"Write","minor":2},{"major":253,"value":19,"op":"Sync","minor":2},{"major":253,"value":15,"op":"Async","minor":2},{"major":253,"value":0,"op":"Discard","minor":2},{"major":253,"value":34,"op":"Total","minor":2}],"io_time_recursive":[],"sectors_recursive":[],"io_service_bytes_recursive":[{"major":259,"value":0,"op":"Read","minor":0},{"major":259,"value":167936,"op":"Write","minor":0},{"major":259,"value":106496,"op":"Sync","minor":0},{"major":259,"value":61440,"op":"Async","minor":0},{"major":259,"value":0,"op":"Discard","minor":0},{"major":259,"value":167936,"op":"Total","minor":0},{"major":253,"value":0,"op":"Read","minor":2},{"major":253,"value":167936,"op":"Write","minor":2},{"major":253,"value":106496,"op":"Sync","minor":2},{"major":253,"value":61440,"op":"Async","minor":2},{"major":253,"value":0,"op":"Discard","minor":2},{"major":253,"value":167936,"op":"Total","minor":2}],"io_wait_time_recursive":[],"io_merged_recursive":[],"io_service_time_recursive":[]},"memory_stats":{"usage":1863241728,"max_usage":2456354816,"stats":{"hierarchical_memory_limit":9223372036854771712,"pgmajfault":0,"total_rss":200986624,"inactive_file":135168,"inactive_anon":1169338368,"total_pgfault":1737153,"total_cache":1608122368,"total_rss_huge":0,"total_active_anon":639885312,"total_pgmajfault":0,"pgpgin":1614591,"rss_huge":0,"mapped_file":0,"total_inactive_file":135168,"dirty":540672,"total_unevictable":0,"total_dirty":540672,"writeback":135168,"pgpgout":1172857,"hierarchical_memsw_limit":0,"cache":1608122368,"active_file":135168,"pgfault":1737153,"total_mapped_file":0,"total_pgpgout":1172857,"total_writeback":135168,"rss":200986624,"unevictable":0,"total_inactive_anon":1169338368,"total_pgpgin":1614591,"active_anon":639885312,"total_active_file":135168},"limit":540965302272},"name":"/ExcelReaders-xt13FCiE","networks":{"eth0":{"rx_bytes":258339230,"rx_packets":18897,"tx_packets":10423,"tx_bytes":619272,"tx_dropped":0,"rx_dropped":3,"tx_errors":0,"rx_errors":0}},"id":"18fe45b0369a8cdba6586d165f237c6e8c0eb1f9fe5037180b171530076ec929","preread":"0001-01-01T00:00:00Z","storage_stats":{},"precpu_stats":{"throttling_data":{"throttled_periods":0,"throttled_time":0,"periods":0},"cpu_usage":{"usage_in_usermode":0,"usage_in_kernelmode":0,"total_usage":0}},"pids_stats":{"current":40},"num_procs":0,"cpu_stats":{"throttling_data":{"throttled_periods":0,"throttled_time":0,"periods":0},"system_cpu_usage":6538287354522419,"online_cpus":128,"cpu_usage":{"usage_in_usermode":63440000000,"usage_in_kernelmode":8380000000,"total_usage":71639568665,"percpu_usage":[0,71639568665,0,0,0,0,0,0,0,0,0,0,0,0,0,0,0,0,0,0,0,0,0,0,0,0,0,0,0,0,0,0,0,0,0,0,0,0,0,0,0,0,0,0,0,0,0,0,0,0,0,0,0,0,0,0,0,0,0,0,0,0,0,0,0,0,0,0,0,0,0,0,0,0,0,0,0,0,0,0,0,0,0,0,0,0,0,0,0,0,0,0,0,0,0,0,0,0,0,0,0,0,0,0,0,0,0,0,0,0,0,0,0,0,0,0,0,0,0,0,0,0,0,0,0,0,0,0]}},"read":"2021-01-11T22:44:14.350287825Z"}