################################################################################
# PackageCompiler set-up: 2021-01-11T17:00:58.655
#

Julia Version 1.5.3
Commit 599f52c4c6 (2020-12-18 13:33 UTC)
Platform Info:
  OS: Linux (x86_64-linux-gnu)
  CPU: AMD EPYC 7502 32-Core Processor
  WORD_SIZE: 64
  LIBM: libopenlibm
  LLVM: libLLVM-9.0.1 (ORCJIT, znver2)
Environment:
  JULIA_PKGEVAL = true
  JULIA_PKG_PRECOMPILE_AUTO = 0



################################################################################
# Installation: 2021-01-11T17:01:00.39
#

 Installing known registries into `~/.julia`
#=#=#                                                                         ######################################################################## 100.0%
      Added registry `General` to `~/.julia/registries/General`
  Resolving package versions...
  Installed FameSVD ───────── v0.1.0
  Installed PackageCompiler ─ v1.2.5
Updating `~/.julia/environments/v1.5/Project.toml`
  [9ba2d756] + FameSVD v0.1.0
  [9b87118b] + PackageCompiler v1.2.5
Updating `~/.julia/environments/v1.5/Manifest.toml`
  [9ba2d756] + FameSVD v0.1.0
  [9b87118b] + PackageCompiler v1.2.5
  [2a0f44e3] + Base64
  [ade2ca70] + Dates
  [b77e0a4c] + InteractiveUtils
  [76f85450] + LibGit2
  [8f399da3] + Libdl
  [37e2e46d] + LinearAlgebra
  [56ddb016] + Logging
  [d6f4376e] + Markdown
  [44cfe95a] + Pkg
  [de0858da] + Printf
  [3fa0cd96] + REPL
  [9a3f8284] + Random
  [ea8e919c] + SHA
  [9e88b42a] + Serialization
  [6462fe0b] + Sockets
  [cf7118a7] + UUIDs
  [4ec0a83e] + Unicode


################################################################################
# Compiling: 2021-01-11T17:01:05.81
#

[ Info: PackageCompiler: creating system image object file, this might take a while...
Generated system image is 147.270 MiB, compilation took 162 seconds


################################################################################
# PkgEval set-up: 2021-01-11T17:03:54.702
#

Julia Version 1.5.3
Commit 599f52c4c6 (2020-12-18 13:33 UTC)
Platform Info:
  OS: Linux (x86_64-linux-gnu)
  CPU: AMD EPYC 7502 32-Core Processor
  WORD_SIZE: 64
  LIBM: libopenlibm
  LLVM: libLLVM-9.0.1 (ORCJIT, znver2)
Environment:
  JULIA_PKGEVAL = true
  JULIA_PKG_PRECOMPILE_AUTO = 0

Base.julia_cmd() = `/usr/local/julia/bin/julia -Cnative -J/cache/FameSVD-okBzh8Ip.so -g1`


################################################################################
# Installation: 2021-01-11T17:03:56.482
#

 Installing known registries into `~/.julia`
######################################################################## 100.0%
      Added registry `General` to `~/.julia/registries/General`
  Resolving package versions...
  Installed FameSVD ─ v0.1.0
Updating `~/.julia/environments/v1.5/Project.toml`
  [9ba2d756] + FameSVD v0.1.0
Updating `~/.julia/environments/v1.5/Manifest.toml`
  [9ba2d756] + FameSVD v0.1.0
  [8f399da3] + Libdl
  [37e2e46d] + LinearAlgebra


################################################################################
# Testing: 2021-01-11T17:03:59.657
#

    Testing FameSVD
Status `/tmp/jl_0T02J8/Project.toml`
  [9ba2d756] FameSVD v0.1.0
  [37e2e46d] LinearAlgebra
  [8dfed614] Test
Status `/tmp/jl_0T02J8/Manifest.toml`
  [9ba2d756] FameSVD v0.1.0
  [2a0f44e3] Base64
  [8ba89e20] Distributed
  [b77e0a4c] InteractiveUtils
  [8f399da3] Libdl
  [37e2e46d] LinearAlgebra
  [56ddb016] Logging
  [d6f4376e] Markdown
  [9a3f8284] Random
  [9e88b42a] Serialization
  [6462fe0b] Sockets
  [8dfed614] Test
Test Summary:         | Pass  Total
fsvd test for Float32 |    1      1
Test Summary:         | Pass  Total
fsvd test for Float64 |    1      1
    Testing FameSVD tests passed 

PkgEval succeeded


################################################################################
# PkgEval teardown: 2021-01-11T17:04:06.124
CPU usage: 11.52s (9.42s user, 2.13s kernel)

Network usage:
- eth0: 2.549 MiB received, 27.071 KiB sent

Raw statistics: {"blkio_stats":{"io_queue_recursive":[],"io_serviced_recursive":[{"major":259,"value":0,"op":"Read","minor":0},{"major":259,"value":19,"op":"Write","minor":0},{"major":259,"value":14,"op":"Sync","minor":0},{"major":259,"value":5,"op":"Async","minor":0},{"major":259,"value":0,"op":"Discard","minor":0},{"major":259,"value":19,"op":"Total","minor":0},{"major":253,"value":0,"op":"Read","minor":2},{"major":253,"value":19,"op":"Write","minor":2},{"major":253,"value":14,"op":"Sync","minor":2},{"major":253,"value":5,"op":"Async","minor":2},{"major":253,"value":0,"op":"Discard","minor":2},{"major":253,"value":19,"op":"Total","minor":2}],"io_time_recursive":[],"sectors_recursive":[],"io_service_bytes_recursive":[{"major":259,"value":0,"op":"Read","minor":0},{"major":259,"value":77824,"op":"Write","minor":0},{"major":259,"value":57344,"op":"Sync","minor":0},{"major":259,"value":20480,"op":"Async","minor":0},{"major":259,"value":0,"op":"Discard","minor":0},{"major":259,"value":77824,"op":"Total","minor":0},{"major":253,"value":0,"op":"Read","minor":2},{"major":253,"value":77824,"op":"Write","minor":2},{"major":253,"value":57344,"op":"Sync","minor":2},{"major":253,"value":20480,"op":"Async","minor":2},{"major":253,"value":0,"op":"Discard","minor":2},{"major":253,"value":77824,"op":"Total","minor":2}],"io_wait_time_recursive":[],"io_merged_recursive":[],"io_service_time_recursive":[]},"memory_stats":{"usage":288632832,"max_usage":493907968,"stats":{"hierarchical_memory_limit":9223372036854771712,"pgmajfault":0,"total_rss":179605504,"inactive_file":135168,"inactive_anon":78802944,"total_pgfault":239943,"total_cache":79269888,"total_rss_huge":0,"total_active_anon":180043776,"total_pgmajfault":0,"pgpgin":173349,"rss_huge":0,"mapped_file":0,"total_inactive_file":135168,"dirty":135168,"total_unevictable":0,"total_dirty":135168,"writeback":0,"pgpgout":110124,"hierarchical_memsw_limit":0,"cache":79269888,"active_file":135168,"pgfault":239943,"total_mapped_file":0,"total_pgpgout":110124,"total_writeback":0,"rss":179605504,"unevictable":0,"total_inactive_anon":78802944,"total_pgpgin":173349,"active_anon":180043776,"total_active_file":135168},"limit":540965302272},"name":"/FameSVD-wzMbjmru","networks":{"eth0":{"rx_bytes":2672846,"rx_packets":278,"tx_packets":278,"tx_bytes":27721,"tx_dropped":0,"rx_dropped":1,"tx_errors":0,"rx_errors":0}},"id":"33f7909b970f6a680883d883bbbdbccd5fa1160495b4531f9ebc4d5793994cb3","preread":"0001-01-01T00:00:00Z","storage_stats":{},"precpu_stats":{"throttling_data":{"throttled_periods":0,"throttled_time":0,"periods":0},"cpu_usage":{"usage_in_usermode":0,"usage_in_kernelmode":0,"total_usage":0}},"pids_stats":{"current":44},"num_procs":0,"cpu_stats":{"throttling_data":{"throttled_periods":0,"throttled_time":0,"periods":0},"system_cpu_usage":3930683374522419,"online_cpus":128,"cpu_usage":{"usage_in_usermode":9420000000,"usage_in_kernelmode":2130000000,"total_usage":11518530569,"percpu_usage":[0,0,0,0,0,0,0,0,0,0,0,0,0,0,0,0,0,0,0,0,0,0,0,0,0,0,0,0,0,0,0,0,11518530569,0,0,0,0,0,0,0,0,0,0,0,0,0,0,0,0,0,0,0,0,0,0,0,0,0,0,0,0,0,0,0,0,0,0,0,0,0,0,0,0,0,0,0,0,0,0,0,0,0,0,0,0,0,0,0,0,0,0,0,0,0,0,0,0,0,0,0,0,0,0,0,0,0,0,0,0,0,0,0,0,0,0,0,0,0,0,0,0,0,0,0,0,0,0,0]}},"read":"2021-01-11T17:04:06.920001018Z"}