################################################################################
# PackageCompiler set-up: 2021-01-11T20:58:04.275
#

Julia Version 1.5.3
Commit 599f52c4c6 (2020-12-18 13:33 UTC)
Platform Info:
  OS: Linux (x86_64-linux-gnu)
  CPU: AMD EPYC 7502 32-Core Processor
  WORD_SIZE: 64
  LIBM: libopenlibm
  LLVM: libLLVM-9.0.1 (ORCJIT, znver2)
Environment:
  JULIA_PKGEVAL = true
  JULIA_PKG_PRECOMPILE_AUTO = 0



################################################################################
# Installation: 2021-01-11T20:58:05.931
#

 Installing known registries into `~/.julia`
######################################################################## 100.0%
      Added registry `General` to `~/.julia/registries/General`
  Resolving package versions...
  Installed CompilerSupportLibraries_jll ─ v0.3.4+0
  Installed Media ──────────────────────── v0.5.0
  Installed Reexport ───────────────────── v0.2.0
  Installed Juno ───────────────────────── v0.7.2
  Installed CommonSubexpressions ───────── v0.3.0
  Installed MuladdMacro ────────────────── v0.2.2
  Installed FeedbackNets ───────────────── v0.3.0
  Installed PackageCompiler ────────────── v1.2.5
  Installed TranscodingStreams ─────────── v0.9.5
  Installed DataAPI ────────────────────── v1.4.0
  Installed DiffRules ──────────────────── v1.0.2
  Installed DiffResults ────────────────── v1.0.3
  Installed Requires ───────────────────── v1.1.2
  Installed Colors ─────────────────────── v0.9.6
  Installed DataStructures ─────────────── v0.18.8
  Installed StatsBase ──────────────────── v0.33.2
  Installed Flux ───────────────────────── v0.8.3
  Installed CodecZlib ──────────────────── v0.6.0
  Installed Missings ───────────────────── v0.4.4
  Installed Tracker ────────────────────── v0.2.14
  Installed ColorTypes ─────────────────── v0.8.1
  Installed OrderedCollections ─────────── v1.3.2
  Installed StaticArrays ───────────────── v1.0.1
  Installed MacroTools ─────────────────── v0.5.6
  Installed JLLWrappers ────────────────── v1.2.0
  Installed ZipFile ────────────────────── v0.8.4
  Installed NaNMath ────────────────────── v0.3.5
  Installed Adapt ──────────────────────── v1.1.0
  Installed FixedPointNumbers ──────────── v0.6.1
  Installed AbstractTrees ──────────────── v0.2.1
  Installed SortingAlgorithms ──────────── v0.3.1
  Installed ForwardDiff ────────────────── v0.10.14
  Installed SpecialFunctions ───────────── v1.2.1
  Installed Compat ─────────────────────── v3.25.0
  Installed ChainRulesCore ─────────────── v0.9.24
  Installed BinaryProvider ─────────────── v0.5.10
  Installed NNlib ──────────────────────── v0.6.6
  Installed Artifacts ──────────────────── v1.3.0
  Installed OpenSpecFun_jll ────────────── v0.5.3+4
Updating `~/.julia/environments/v1.5/Project.toml`
  [9baa0d68] + FeedbackNets v0.3.0
  [9b87118b] + PackageCompiler v1.2.5
Updating `~/.julia/environments/v1.5/Manifest.toml`
  [1520ce14] + AbstractTrees v0.2.1
  [79e6a3ab] + Adapt v1.1.0
  [56f22d72] + Artifacts v1.3.0
  [b99e7846] + BinaryProvider v0.5.10
  [d360d2e6] + ChainRulesCore v0.9.24
  [944b1d66] + CodecZlib v0.6.0
  [3da002f7] + ColorTypes v0.8.1
  [5ae59095] + Colors v0.9.6
  [bbf7d656] + CommonSubexpressions v0.3.0
  [34da2185] + Compat v3.25.0
  [e66e0078] + CompilerSupportLibraries_jll v0.3.4+0
  [9a962f9c] + DataAPI v1.4.0
  [864edb3b] + DataStructures v0.18.8
  [163ba53b] + DiffResults v1.0.3
  [b552c78f] + DiffRules v1.0.2
  [9baa0d68] + FeedbackNets v0.3.0
  [53c48c17] + FixedPointNumbers v0.6.1
  [587475ba] + Flux v0.8.3
  [f6369f11] + ForwardDiff v0.10.14
  [692b3bcd] + JLLWrappers v1.2.0
  [e5e0dc1b] + Juno v0.7.2
  [1914dd2f] + MacroTools v0.5.6
  [e89f7d12] + Media v0.5.0
  [e1d29d7a] + Missings v0.4.4
  [46d2c3a1] + MuladdMacro v0.2.2
  [872c559c] + NNlib v0.6.6
  [77ba4419] + NaNMath v0.3.5
  [efe28fd5] + OpenSpecFun_jll v0.5.3+4
  [bac558e1] + OrderedCollections v1.3.2
  [9b87118b] + PackageCompiler v1.2.5
  [189a3867] + Reexport v0.2.0
  [ae029012] + Requires v1.1.2
  [a2af1166] + SortingAlgorithms v0.3.1
  [276daf66] + SpecialFunctions v1.2.1
  [90137ffa] + StaticArrays v1.0.1
  [2913bbd2] + StatsBase v0.33.2
  [9f7883ad] + Tracker v0.2.14
  [3bb67fe8] + TranscodingStreams v0.9.5
  [a5390f91] + ZipFile v0.8.4
  [2a0f44e3] + Base64
  [ade2ca70] + Dates
  [8bb1440f] + DelimitedFiles
  [8ba89e20] + Distributed
  [b77e0a4c] + InteractiveUtils
  [76f85450] + LibGit2
  [8f399da3] + Libdl
  [37e2e46d] + LinearAlgebra
  [56ddb016] + Logging
  [d6f4376e] + Markdown
  [a63ad114] + Mmap
  [44cfe95a] + Pkg
  [de0858da] + Printf
  [9abbd945] + Profile
  [3fa0cd96] + REPL
  [9a3f8284] + Random
  [ea8e919c] + SHA
  [9e88b42a] + Serialization
  [1a1011a3] + SharedArrays
  [6462fe0b] + Sockets
  [2f01184e] + SparseArrays
  [10745b16] + Statistics
  [8dfed614] + Test
  [cf7118a7] + UUIDs
  [4ec0a83e] + Unicode
   Building CodecZlib → `~/.julia/packages/CodecZlib/5t9zO/deps/build.log`
   Building ZipFile ──→ `~/.julia/packages/ZipFile/DW0Qr/deps/build.log`
   Building NNlib ────→ `~/.julia/packages/NNlib/FAI3o/deps/build.log`


################################################################################
# Compiling: 2021-01-11T20:58:27.406
#

[ Info: PackageCompiler: creating system image object file, this might take a while...
Generated system image is 178.631 MiB, compilation took 272 seconds


fatal: error thrown and no exception handler available.
InitError(mod=:Zlib, error=ErrorException("/home/pkgeval/.julia/packages/ZipFile/DW0Qr/deps/usr/lib/libz.so does not exist, Please re-run Pkg.build("ZipFile"), and restart Julia."))
error at ./error.jl:33
check_deps at /home/pkgeval/.julia/packages/ZipFile/DW0Qr/deps/deps.jl:16
__init__ at /home/pkgeval/.julia/packages/ZipFile/DW0Qr/src/Zlib.jl:53
jfptr___init___23157 at /cache/FeedbackNets-zMY98xzI.so (unknown line)
_jl_invoke at /workspace/srcdir/src/gf.c:2214 [inlined]
jl_apply_generic at /workspace/srcdir/src/gf.c:2398
jl_apply at /workspace/srcdir/src/julia.h:1690 [inlined]
jl_module_run_initializer at /workspace/srcdir/src/toplevel.c:74
_julia_init at /workspace/srcdir/src/init.c:780
main at /workspace/srcdir/ui/repl.c:221
__libc_start_main at /usr/lib/libc.so.6 (unknown line)
unknown function (ip: 0x4015e4)

No statistics gathered.