################################################################################
# PkgEval set-up: 2021-01-11T20:25:02.677
#

Julia Version 1.5.3
Commit 599f52c4c6 (2020-12-18 13:33 UTC)
Platform Info:
  OS: Linux (x86_64-linux-gnu)
  CPU: AMD EPYC 7502 32-Core Processor
  WORD_SIZE: 64
  LIBM: libopenlibm
  LLVM: libLLVM-9.0.1 (ORCJIT, znver2)
Environment:
  JULIA_PKG_PRECOMPILE_AUTO = 0
  JULIA_PKGEVAL = true

Base.julia_cmd() = `/opt/julia/bin/julia -Cnative -J/opt/julia/lib/julia/sys.so -g1`


################################################################################
# Installation: 2021-01-11T20:25:04.448
#

 Installing known registries into `~/.julia`
###########                                                               15.7%######################################################################## 100.0%
      Added registry `General` to `~/.julia/registries/General`
  Resolving package versions...
  Installed FFTViews ───────── v0.3.1
  Installed IntelOpenMP_jll ── v2018.0.3+0
  Installed MKL_jll ────────── v2020.2.254+0
  Installed Reexport ───────── v1.0.0
  Installed AbstractFFTs ───── v1.0.0
  Installed JLLWrappers ────── v1.2.0
  Installed FFTW_jll ───────── v3.3.9+7
  Installed CustomUnitRanges ─ v1.0.0
  Installed FFTW ───────────── v1.3.1
  Installed Artifacts ──────── v1.3.0
Updating `~/.julia/environments/v1.5/Project.toml`
  [4f61f5a4] + FFTViews v0.3.1
Updating `~/.julia/environments/v1.5/Manifest.toml`
  [621f4979] + AbstractFFTs v1.0.0
  [56f22d72] + Artifacts v1.3.0
  [dc8bdbbb] + CustomUnitRanges v1.0.0
  [4f61f5a4] + FFTViews v0.3.1
  [7a1cc6ca] + FFTW v1.3.1
  [f5851436] + FFTW_jll v3.3.9+7
  [1d5cc7b8] + IntelOpenMP_jll v2018.0.3+0
  [692b3bcd] + JLLWrappers v1.2.0
  [856f044c] + MKL_jll v2020.2.254+0
  [189a3867] + Reexport v1.0.0
  [2a0f44e3] + Base64
  [ade2ca70] + Dates
  [b77e0a4c] + InteractiveUtils
  [76f85450] + LibGit2
  [8f399da3] + Libdl
  [37e2e46d] + LinearAlgebra
  [56ddb016] + Logging
  [d6f4376e] + Markdown
  [44cfe95a] + Pkg
  [de0858da] + Printf
  [3fa0cd96] + REPL
  [9a3f8284] + Random
  [ea8e919c] + SHA
  [9e88b42a] + Serialization
  [6462fe0b] + Sockets
  [cf7118a7] + UUIDs
  [4ec0a83e] + Unicode
   Building FFTW → `~/.julia/packages/FFTW/eADNB/deps/build.log`


################################################################################
# Testing: 2021-01-11T20:25:11.052
#

    Testing FFTViews
Status `/tmp/jl_UgVqgU/Project.toml`
  [dc8bdbbb] CustomUnitRanges v1.0.0
  [4f61f5a4] FFTViews v0.3.1
  [7a1cc6ca] FFTW v1.3.1
  [6fe1bfb0] OffsetArrays v1.5.0
  [8dfed614] Test
Status `/tmp/jl_UgVqgU/Manifest.toml`
  [621f4979] AbstractFFTs v1.0.0
  [79e6a3ab] Adapt v2.4.0
  [56f22d72] Artifacts v1.3.0
  [dc8bdbbb] CustomUnitRanges v1.0.0
  [4f61f5a4] FFTViews v0.3.1
  [7a1cc6ca] FFTW v1.3.1
  [f5851436] FFTW_jll v3.3.9+7
  [1d5cc7b8] IntelOpenMP_jll v2018.0.3+0
  [692b3bcd] JLLWrappers v1.2.0
  [856f044c] MKL_jll v2020.2.254+0
  [6fe1bfb0] OffsetArrays v1.5.0
  [189a3867] Reexport v1.0.0
  [2a0f44e3] Base64
  [ade2ca70] Dates
  [8ba89e20] Distributed
  [b77e0a4c] InteractiveUtils
  [76f85450] LibGit2
  [8f399da3] Libdl
  [37e2e46d] LinearAlgebra
  [56ddb016] Logging
  [d6f4376e] Markdown
  [44cfe95a] Pkg
  [de0858da] Printf
  [3fa0cd96] REPL
  [9a3f8284] Random
  [ea8e919c] SHA
  [9e88b42a] Serialization
  [6462fe0b] Sockets
  [8dfed614] Test
  [cf7118a7] UUIDs
  [4ec0a83e] Unicode
Test Summary: | Pass  Total
basics        |   18     18
Test Summary:     | Pass  Total
convolution-shift |   56     56
┌ Warning: `one(i::CartesianIndex)` is deprecated, use `oneunit(i)` instead.
│   caller = test_approx_eq_periodic(::FFTView{Float64,2,Array{Float64,2}}, ::OffsetArray{Float64,2,Array{Float64,2}}) at runtests.jl:7
└ @ Main ~/.julia/packages/FFTViews/LakRJ/test/runtests.jl:7
Test Summary:      |  Pass  Total
convolution-offset | 12896  12896
Test Summary:   | Pass  Total
vector indexing |    1      1
    Testing FFTViews tests passed 

PkgEval succeeded


################################################################################
# PkgEval teardown: 2021-01-11T20:25:31.826
CPU usage: 29.19s (25.18s user, 4.08s kernel)

Network usage:
- eth0: 2.742 MiB received, 75.939 KiB sent

Raw statistics: {"blkio_stats":{"io_queue_recursive":[],"io_serviced_recursive":[{"major":259,"value":0,"op":"Read","minor":0},{"major":259,"value":28,"op":"Write","minor":0},{"major":259,"value":19,"op":"Sync","minor":0},{"major":259,"value":9,"op":"Async","minor":0},{"major":259,"value":0,"op":"Discard","minor":0},{"major":259,"value":28,"op":"Total","minor":0},{"major":253,"value":0,"op":"Read","minor":2},{"major":253,"value":28,"op":"Write","minor":2},{"major":253,"value":19,"op":"Sync","minor":2},{"major":253,"value":9,"op":"Async","minor":2},{"major":253,"value":0,"op":"Discard","minor":2},{"major":253,"value":28,"op":"Total","minor":2}],"io_time_recursive":[],"sectors_recursive":[],"io_service_bytes_recursive":[{"major":259,"value":0,"op":"Read","minor":0},{"major":259,"value":143360,"op":"Write","minor":0},{"major":259,"value":106496,"op":"Sync","minor":0},{"major":259,"value":36864,"op":"Async","minor":0},{"major":259,"value":0,"op":"Discard","minor":0},{"major":259,"value":143360,"op":"Total","minor":0},{"major":253,"value":0,"op":"Read","minor":2},{"major":253,"value":143360,"op":"Write","minor":2},{"major":253,"value":106496,"op":"Sync","minor":2},{"major":253,"value":36864,"op":"Async","minor":2},{"major":253,"value":0,"op":"Discard","minor":2},{"major":253,"value":143360,"op":"Total","minor":2}],"io_wait_time_recursive":[],"io_merged_recursive":[],"io_service_time_recursive":[]},"memory_stats":{"usage":287809536,"max_usage":947699712,"stats":{"hierarchical_memory_limit":9223372036854771712,"pgmajfault":0,"total_rss":176271360,"inactive_file":135168,"inactive_anon":79208448,"total_pgfault":800085,"total_cache":81661952,"total_rss_huge":0,"total_active_anon":178692096,"total_pgmajfault":0,"pgpgin":554169,"rss_huge":0,"mapped_file":0,"total_inactive_file":135168,"dirty":135168,"total_unevictable":0,"total_dirty":135168,"writeback":135168,"pgpgout":491196,"hierarchical_memsw_limit":0,"cache":81661952,"active_file":135168,"pgfault":800085,"total_mapped_file":0,"total_pgpgout":491196,"total_writeback":135168,"rss":176271360,"unevictable":0,"total_inactive_anon":79208448,"total_pgpgin":554169,"active_anon":178692096,"total_active_file":135168},"limit":540965302272},"name":"/FFTViews-VWfOyuVW","networks":{"eth0":{"rx_bytes":2875483,"rx_packets":567,"tx_packets":633,"tx_bytes":77762,"tx_dropped":0,"rx_dropped":1,"tx_errors":0,"rx_errors":0}},"id":"3a68030d4afbafc8990b267e0f83f5a961814a672d1e33f48f519bf1ceda19d9","preread":"0001-01-01T00:00:00Z","storage_stats":{},"precpu_stats":{"throttling_data":{"throttled_periods":0,"throttled_time":0,"periods":0},"cpu_usage":{"usage_in_usermode":0,"usage_in_kernelmode":0,"total_usage":0}},"pids_stats":{"current":40},"num_procs":0,"cpu_stats":{"throttling_data":{"throttled_periods":0,"throttled_time":0,"periods":0},"system_cpu_usage":5475049004522419,"online_cpus":128,"cpu_usage":{"usage_in_usermode":25180000000,"usage_in_kernelmode":4080000000,"total_usage":29185407168,"percpu_usage":[0,0,0,0,0,0,0,0,0,0,0,0,0,29181522866,3884302,0,0,0,0,0,0,0,0,0,0,0,0,0,0,0,0,0,0,0,0,0,0,0,0,0,0,0,0,0,0,0,0,0,0,0,0,0,0,0,0,0,0,0,0,0,0,0,0,0,0,0,0,0,0,0,0,0,0,0,0,0,0,0,0,0,0,0,0,0,0,0,0,0,0,0,0,0,0,0,0,0,0,0,0,0,0,0,0,0,0,0,0,0,0,0,0,0,0,0,0,0,0,0,0,0,0,0,0,0,0,0,0,0]}},"read":"2021-01-11T20:25:31.828542504Z"}