################################################################################
# PackageCompiler set-up: 2021-01-11T15:48:40.324
#

Julia Version 1.5.3
Commit 599f52c4c6 (2020-12-18 13:33 UTC)
Platform Info:
  OS: Linux (x86_64-linux-gnu)
  CPU: AMD EPYC 7502 32-Core Processor
  WORD_SIZE: 64
  LIBM: libopenlibm
  LLVM: libLLVM-9.0.1 (ORCJIT, znver2)
Environment:
  JULIA_PKGEVAL = true
  JULIA_PKG_PRECOMPILE_AUTO = 0



################################################################################
# Installation: 2021-01-11T15:48:42.051
#

 Installing known registries into `~/.julia`
###############                                                           22.1%######################################################################## 100.0%
      Added registry `General` to `~/.julia/registries/General`
  Resolving package versions...
  Installed FindClosest ───── v0.1.0
  Installed Distances ─────── v0.9.2
  Installed PackageCompiler ─ v1.2.5
Updating `~/.julia/environments/v1.5/Project.toml`
  [ce6c7843] + FindClosest v0.1.0
  [9b87118b] + PackageCompiler v1.2.5
Updating `~/.julia/environments/v1.5/Manifest.toml`
  [b4f34e82] + Distances v0.9.2
  [ce6c7843] + FindClosest v0.1.0
  [9b87118b] + PackageCompiler v1.2.5
  [2a0f44e3] + Base64
  [ade2ca70] + Dates
  [b77e0a4c] + InteractiveUtils
  [76f85450] + LibGit2
  [8f399da3] + Libdl
  [37e2e46d] + LinearAlgebra
  [56ddb016] + Logging
  [d6f4376e] + Markdown
  [44cfe95a] + Pkg
  [de0858da] + Printf
  [3fa0cd96] + REPL
  [9a3f8284] + Random
  [ea8e919c] + SHA
  [9e88b42a] + Serialization
  [6462fe0b] + Sockets
  [2f01184e] + SparseArrays
  [10745b16] + Statistics
  [cf7118a7] + UUIDs
  [4ec0a83e] + Unicode


################################################################################
# Compiling: 2021-01-11T15:48:47.524
#

[ Info: PackageCompiler: creating system image object file, this might take a while...
Generated system image is 147.732 MiB, compilation took 165 seconds


################################################################################
# PkgEval set-up: 2021-01-11T15:51:39.499
#

Julia Version 1.5.3
Commit 599f52c4c6 (2020-12-18 13:33 UTC)
Platform Info:
  OS: Linux (x86_64-linux-gnu)
  CPU: AMD EPYC 7502 32-Core Processor
  WORD_SIZE: 64
  LIBM: libopenlibm
  LLVM: libLLVM-9.0.1 (ORCJIT, znver2)
Environment:
  JULIA_PKGEVAL = true
  JULIA_PKG_PRECOMPILE_AUTO = 0

Base.julia_cmd() = `/usr/local/julia/bin/julia -Cnative -J/cache/FindClosest-NU090sxW.so -g1`


################################################################################
# Installation: 2021-01-11T15:51:41.335
#

 Installing known registries into `~/.julia`
######################################################################## 100.0%
      Added registry `General` to `~/.julia/registries/General`
  Resolving package versions...
  Installed FindClosest ─ v0.1.0
  Installed Distances ─── v0.9.2
Updating `~/.julia/environments/v1.5/Project.toml`
  [ce6c7843] + FindClosest v0.1.0
Updating `~/.julia/environments/v1.5/Manifest.toml`
  [b4f34e82] + Distances v0.9.2
  [ce6c7843] + FindClosest v0.1.0
  [8f399da3] + Libdl
  [37e2e46d] + LinearAlgebra
  [9a3f8284] + Random
  [9e88b42a] + Serialization
  [2f01184e] + SparseArrays
  [10745b16] + Statistics


################################################################################
# Testing: 2021-01-11T15:51:44.961
#

    Testing FindClosest
Status `/tmp/jl_qXP2Xa/Project.toml`
  [b4f34e82] Distances v0.9.2
  [ce6c7843] FindClosest v0.1.0
  [90137ffa] StaticArrays v1.0.1
  [9a3f8284] Random
  [8dfed614] Test
Status `/tmp/jl_qXP2Xa/Manifest.toml`
  [b4f34e82] Distances v0.9.2
  [ce6c7843] FindClosest v0.1.0
  [90137ffa] StaticArrays v1.0.1
  [2a0f44e3] Base64
  [8ba89e20] Distributed
  [b77e0a4c] InteractiveUtils
  [8f399da3] Libdl
  [37e2e46d] LinearAlgebra
  [56ddb016] Logging
  [d6f4376e] Markdown
  [9a3f8284] Random
  [9e88b42a] Serialization
  [6462fe0b] Sockets
  [2f01184e] SparseArrays
  [10745b16] Statistics
  [8dfed614] Test
Test Summary:  |  Pass  Total
FindClosest.jl | 99000  99000
    Testing FindClosest tests passed 

PkgEval succeeded


################################################################################
# PkgEval teardown: 2021-01-11T15:52:11.714
CPU usage: 32.21s (29.45s user, 2.82s kernel)

Network usage:
- eth0: 2.742 MiB received, 37.353 KiB sent

Raw statistics: {"blkio_stats":{"io_queue_recursive":[],"io_serviced_recursive":[{"major":259,"value":0,"op":"Read","minor":0},{"major":259,"value":19,"op":"Write","minor":0},{"major":259,"value":14,"op":"Sync","minor":0},{"major":259,"value":5,"op":"Async","minor":0},{"major":259,"value":0,"op":"Discard","minor":0},{"major":259,"value":19,"op":"Total","minor":0},{"major":253,"value":0,"op":"Read","minor":2},{"major":253,"value":19,"op":"Write","minor":2},{"major":253,"value":14,"op":"Sync","minor":2},{"major":253,"value":5,"op":"Async","minor":2},{"major":253,"value":0,"op":"Discard","minor":2},{"major":253,"value":19,"op":"Total","minor":2}],"io_time_recursive":[],"sectors_recursive":[],"io_service_bytes_recursive":[{"major":259,"value":0,"op":"Read","minor":0},{"major":259,"value":77824,"op":"Write","minor":0},{"major":259,"value":57344,"op":"Sync","minor":0},{"major":259,"value":20480,"op":"Async","minor":0},{"major":259,"value":0,"op":"Discard","minor":0},{"major":259,"value":77824,"op":"Total","minor":0},{"major":253,"value":0,"op":"Read","minor":2},{"major":253,"value":77824,"op":"Write","minor":2},{"major":253,"value":57344,"op":"Sync","minor":2},{"major":253,"value":20480,"op":"Async","minor":2},{"major":253,"value":0,"op":"Discard","minor":2},{"major":253,"value":77824,"op":"Total","minor":2}],"io_wait_time_recursive":[],"io_merged_recursive":[],"io_service_time_recursive":[]},"memory_stats":{"usage":294354944,"max_usage":707506176,"stats":{"hierarchical_memory_limit":9223372036854771712,"pgmajfault":0,"total_rss":182181888,"inactive_file":135168,"inactive_anon":79749120,"total_pgfault":551694,"total_cache":82792448,"total_rss_huge":0,"total_active_anon":184233984,"total_pgmajfault":0,"pgpgin":346500,"rss_huge":0,"mapped_file":0,"total_inactive_file":135168,"dirty":405504,"total_unevictable":0,"total_dirty":405504,"writeback":0,"pgpgout":281806,"hierarchical_memsw_limit":0,"cache":82792448,"active_file":1216512,"pgfault":551694,"total_mapped_file":0,"total_pgpgout":281806,"total_writeback":0,"rss":182181888,"unevictable":0,"total_inactive_anon":79749120,"total_pgpgin":346500,"active_anon":184233984,"total_active_file":1216512},"limit":540965302272},"name":"/FindClosest-4RoSfzEc","networks":{"eth0":{"rx_bytes":2875430,"rx_packets":358,"tx_packets":364,"tx_bytes":38249,"tx_dropped":0,"rx_dropped":2,"tx_errors":0,"rx_errors":0}},"id":"7f874beaee88b9eede85da44ec4c8e7aa697789fce646d4cddfca5a673decb4f","preread":"0001-01-01T00:00:00Z","storage_stats":{},"precpu_stats":{"throttling_data":{"throttled_periods":0,"throttled_time":0,"periods":0},"cpu_usage":{"usage_in_usermode":0,"usage_in_kernelmode":0,"total_usage":0}},"pids_stats":{"current":44},"num_procs":0,"cpu_stats":{"throttling_data":{"throttled_periods":0,"throttled_time":0,"periods":0},"system_cpu_usage":3378993664522419,"online_cpus":128,"cpu_usage":{"usage_in_usermode":29450000000,"usage_in_kernelmode":2820000000,"total_usage":32213292317,"percpu_usage":[0,0,0,0,0,0,0,0,0,32213292317,0,0,0,0,0,0,0,0,0,0,0,0,0,0,0,0,0,0,0,0,0,0,0,0,0,0,0,0,0,0,0,0,0,0,0,0,0,0,0,0,0,0,0,0,0,0,0,0,0,0,0,0,0,0,0,0,0,0,0,0,0,0,0,0,0,0,0,0,0,0,0,0,0,0,0,0,0,0,0,0,0,0,0,0,0,0,0,0,0,0,0,0,0,0,0,0,0,0,0,0,0,0,0,0,0,0,0,0,0,0,0,0,0,0,0,0,0,0]}},"read":"2021-01-11T15:52:11.716931578Z"}