################################################################################
# PackageCompiler set-up: 2021-01-11T15:51:41.111
#

Julia Version 1.5.3
Commit 599f52c4c6 (2020-12-18 13:33 UTC)
Platform Info:
  OS: Linux (x86_64-linux-gnu)
  CPU: AMD EPYC 7502 32-Core Processor
  WORD_SIZE: 64
  LIBM: libopenlibm
  LLVM: libLLVM-9.0.1 (ORCJIT, znver2)
Environment:
  JULIA_PKGEVAL = true
  JULIA_PKG_PRECOMPILE_AUTO = 0



################################################################################
# Installation: 2021-01-11T15:51:42.847
#

 Installing known registries into `~/.julia`
######################################################################## 100.0%
      Added registry `General` to `~/.julia/registries/General`
  Resolving package versions...
  Installed CompilerSupportLibraries_jll ─ v0.3.4+0
  Installed Media ──────────────────────── v0.5.0
  Installed Functors ───────────────────── v0.1.0
  Installed FluxTikz ───────────────────── v0.1.2
  Installed Juno ───────────────────────── v0.8.4
  Installed TikzPictures ───────────────── v3.3.2
  Installed GPUArrays ──────────────────── v6.2.0
  Installed ZygoteRules ────────────────── v0.2.1
  Installed Zlib_jll ───────────────────── v1.2.11+18
  Installed Reexport ───────────────────── v0.2.0
  Installed Cairo_jll ──────────────────── v1.16.0+6
  Installed Scratch ────────────────────── v1.0.3
  Installed PackageCompiler ────────────── v1.2.5
  Installed CommonSubexpressions ───────── v0.3.0
  Installed Zygote ─────────────────────── v0.5.17
  Installed Xorg_libXdmcp_jll ──────────── v1.1.3+4
  Installed Pixman_jll ─────────────────── v0.40.0+0
  Installed Xorg_libX11_jll ────────────── v1.6.9+4
  Installed MuladdMacro ────────────────── v0.2.2
  Installed CEnum ──────────────────────── v0.4.1
  Installed Libtiff_jll ────────────────── v4.1.0+2
  Installed TranscodingStreams ─────────── v0.9.5
  Installed LLVM ───────────────────────── v3.5.2
  Installed Poppler_jll ────────────────── v0.87.0+2
  Installed Flux ───────────────────────── v0.11.3
  Installed FillArrays ─────────────────── v0.10.2
  Installed Zstd_jll ───────────────────── v1.4.5+2
  Installed DataStructures ─────────────── v0.18.8
  Installed StatsBase ──────────────────── v0.33.2
  Installed Libiconv_jll ───────────────── v1.16.0+7
  Installed Requires ───────────────────── v1.1.2
  Installed DataAPI ────────────────────── v1.4.0
  Installed CUDA ───────────────────────── v2.4.0
  Installed DiffRules ──────────────────── v1.0.2
  Installed TimerOutputs ───────────────── v0.5.7
  Installed Bzip2_jll ──────────────────── v1.0.6+5
  Installed LittleCMS_jll ──────────────── v2.9.0+0
  Installed Xorg_libXrender_jll ────────── v0.9.10+4
  Installed DiffResults ────────────────── v1.0.3
  Installed Xorg_libpthread_stubs_jll ──── v0.1.0+3
  Installed Colors ─────────────────────── v0.12.6
  Installed XML2_jll ───────────────────── v2.9.10+3
  Installed ColorTypes ─────────────────── v0.10.9
  Installed ArrayLayouts ───────────────── v0.4.12
  Installed OrderedCollections ─────────── v1.3.2
  Installed Xorg_libXau_jll ────────────── v1.0.9+4
  Installed StaticArrays ───────────────── v1.0.1
  Installed IRTools ────────────────────── v0.4.2
  Installed LZO_jll ────────────────────── v2.10.0+3
  Installed CodecZlib ──────────────────── v0.7.0
  Installed libpng_jll ─────────────────── v1.6.37+6
  Installed Missings ───────────────────── v0.4.4
  Installed MacroTools ─────────────────── v0.5.6
  Installed JLLWrappers ────────────────── v1.2.0
  Installed Xorg_xtrans_jll ────────────── v1.4.0+3
  Installed AbstractFFTs ───────────────── v0.5.0
  Installed Xorg_libxcb_jll ────────────── v1.13.0+3
  Installed Hwloc ──────────────────────── v1.1.0
  Installed NaNMath ────────────────────── v0.3.5
  Installed ZipFile ────────────────────── v0.9.3
  Installed ArrayInterface ─────────────── v2.14.13
  Installed VectorizationBase ──────────── v0.15.1
  Installed LoopVectorization ──────────── v0.9.18
  Installed ChainRules ─────────────────── v0.7.45
  Installed PCRE_jll ───────────────────── v8.42.0+4
  Installed Libffi_jll ─────────────────── v3.2.1+4
  Installed Xorg_libXext_jll ───────────── v1.3.4+4
  Installed Libgpg_error_jll ───────────── v1.36.0+3
  Installed IfElse ─────────────────────── v0.1.0
  Installed Expat_jll ──────────────────── v2.2.7+6
  Installed Libgcrypt_jll ──────────────── v1.8.5+4
  Installed Adapt ──────────────────────── v2.4.0
  Installed ForwardDiff ────────────────── v0.10.14
  Installed Gettext_jll ────────────────── v0.20.1+7
  Installed ExprTools ──────────────────── v0.1.3
  Installed OffsetArrays ───────────────── v1.5.0
  Installed Libuuid_jll ────────────────── v2.34.0+7
  Installed FixedPointNumbers ──────────── v0.8.4
  Installed FreeType2_jll ──────────────── v2.10.1+5
  Installed BFloat16s ──────────────────── v0.1.0
  Installed SpecialFunctions ───────────── v1.2.1
  Installed AbstractTrees ──────────────── v0.3.3
  Installed Fontconfig_jll ─────────────── v2.13.1+14
  Installed UnPack ─────────────────────── v1.0.2
  Installed SortingAlgorithms ──────────── v0.3.1
  Installed XSLT_jll ───────────────────── v1.1.33+4
  Installed DocStringExtensions ────────── v0.8.3
  Installed ChainRulesCore ─────────────── v0.9.24
  Installed Libmount_jll ───────────────── v2.34.0+3
  Installed Compat ─────────────────────── v3.25.0
  Installed JpegTurbo_jll ──────────────── v2.0.1+3
  Installed OpenSpecFun_jll ────────────── v0.5.3+4
  Installed Glib_jll ───────────────────── v2.59.0+4
  Installed OpenJpeg_jll ───────────────── v2.3.1+0
  Installed NNlib ──────────────────────── v0.7.11
  Installed GPUCompiler ────────────────── v0.8.3
  Installed Hwloc_jll ──────────────────── v2.2.0+0
  Installed LaTeXStrings ───────────────── v1.2.0
  Installed Artifacts ──────────────────── v1.3.0
  Installed SLEEFPirates ───────────────── v0.6.4
Updating `~/.julia/environments/v1.5/Project.toml`
  [bede0ec3] + FluxTikz v0.1.2
  [9b87118b] + PackageCompiler v1.2.5
Updating `~/.julia/environments/v1.5/Manifest.toml`
  [621f4979] + AbstractFFTs v0.5.0
  [1520ce14] + AbstractTrees v0.3.3
  [79e6a3ab] + Adapt v2.4.0
  [4fba245c] + ArrayInterface v2.14.13
  [4c555306] + ArrayLayouts v0.4.12
  [56f22d72] + Artifacts v1.3.0
  [ab4f0b2a] + BFloat16s v0.1.0
  [6e34b625] + Bzip2_jll v1.0.6+5
  [fa961155] + CEnum v0.4.1
  [052768ef] + CUDA v2.4.0
  [83423d85] + Cairo_jll v1.16.0+6
  [082447d4] + ChainRules v0.7.45
  [d360d2e6] + ChainRulesCore v0.9.24
  [944b1d66] + CodecZlib v0.7.0
  [3da002f7] + ColorTypes v0.10.9
  [5ae59095] + Colors v0.12.6
  [bbf7d656] + CommonSubexpressions v0.3.0
  [34da2185] + Compat v3.25.0
  [e66e0078] + CompilerSupportLibraries_jll v0.3.4+0
  [9a962f9c] + DataAPI v1.4.0
  [864edb3b] + DataStructures v0.18.8
  [163ba53b] + DiffResults v1.0.3
  [b552c78f] + DiffRules v1.0.2
  [ffbed154] + DocStringExtensions v0.8.3
  [2e619515] + Expat_jll v2.2.7+6
  [e2ba6199] + ExprTools v0.1.3
  [1a297f60] + FillArrays v0.10.2
  [53c48c17] + FixedPointNumbers v0.8.4
  [587475ba] + Flux v0.11.3
  [bede0ec3] + FluxTikz v0.1.2
  [a3f928ae] + Fontconfig_jll v2.13.1+14
  [f6369f11] + ForwardDiff v0.10.14
  [d7e528f0] + FreeType2_jll v2.10.1+5
  [d9f16b24] + Functors v0.1.0
  [0c68f7d7] + GPUArrays v6.2.0
  [61eb1bfa] + GPUCompiler v0.8.3
  [78b55507] + Gettext_jll v0.20.1+7
  [7746bdde] + Glib_jll v2.59.0+4
  [0e44f5e4] + Hwloc v1.1.0
  [e33a78d0] + Hwloc_jll v2.2.0+0
  [7869d1d1] + IRTools v0.4.2
  [615f187c] + IfElse v0.1.0
  [692b3bcd] + JLLWrappers v1.2.0
  [aacddb02] + JpegTurbo_jll v2.0.1+3
  [e5e0dc1b] + Juno v0.8.4
  [929cbde3] + LLVM v3.5.2
  [dd4b983a] + LZO_jll v2.10.0+3
  [b964fa9f] + LaTeXStrings v1.2.0
  [e9f186c6] + Libffi_jll v3.2.1+4
  [d4300ac3] + Libgcrypt_jll v1.8.5+4
  [7add5ba3] + Libgpg_error_jll v1.36.0+3
  [94ce4f54] + Libiconv_jll v1.16.0+7
  [4b2f31a3] + Libmount_jll v2.34.0+3
  [89763e89] + Libtiff_jll v4.1.0+2
  [38a345b3] + Libuuid_jll v2.34.0+7
  [d3a379c0] + LittleCMS_jll v2.9.0+0
  [bdcacae8] + LoopVectorization v0.9.18
  [1914dd2f] + MacroTools v0.5.6
  [e89f7d12] + Media v0.5.0
  [e1d29d7a] + Missings v0.4.4
  [46d2c3a1] + MuladdMacro v0.2.2
  [872c559c] + NNlib v0.7.11
  [77ba4419] + NaNMath v0.3.5
  [6fe1bfb0] + OffsetArrays v1.5.0
  [643b3616] + OpenJpeg_jll v2.3.1+0
  [efe28fd5] + OpenSpecFun_jll v0.5.3+4
  [bac558e1] + OrderedCollections v1.3.2
  [2f80f16e] + PCRE_jll v8.42.0+4
  [9b87118b] + PackageCompiler v1.2.5
  [30392449] + Pixman_jll v0.40.0+0
  [9c32591e] + Poppler_jll v0.87.0+2
  [189a3867] + Reexport v0.2.0
  [ae029012] + Requires v1.1.2
  [476501e8] + SLEEFPirates v0.6.4
  [6c6a2e73] + Scratch v1.0.3
  [a2af1166] + SortingAlgorithms v0.3.1
  [276daf66] + SpecialFunctions v1.2.1
  [90137ffa] + StaticArrays v1.0.1
  [2913bbd2] + StatsBase v0.33.2
  [37f6aa50] + TikzPictures v3.3.2
  [a759f4b9] + TimerOutputs v0.5.7
  [3bb67fe8] + TranscodingStreams v0.9.5
  [3a884ed6] + UnPack v1.0.2
  [3d5dd08c] + VectorizationBase v0.15.1
  [02c8fc9c] + XML2_jll v2.9.10+3
  [aed1982a] + XSLT_jll v1.1.33+4
  [4f6342f7] + Xorg_libX11_jll v1.6.9+4
  [0c0b7dd1] + Xorg_libXau_jll v1.0.9+4
  [a3789734] + Xorg_libXdmcp_jll v1.1.3+4
  [1082639a] + Xorg_libXext_jll v1.3.4+4
  [ea2f1a96] + Xorg_libXrender_jll v0.9.10+4
  [14d82f49] + Xorg_libpthread_stubs_jll v0.1.0+3
  [c7cfdc94] + Xorg_libxcb_jll v1.13.0+3
  [c5fb5394] + Xorg_xtrans_jll v1.4.0+3
  [a5390f91] + ZipFile v0.9.3
  [83775a58] + Zlib_jll v1.2.11+18
  [3161d3a3] + Zstd_jll v1.4.5+2
  [e88e6eb3] + Zygote v0.5.17
  [700de1a5] + ZygoteRules v0.2.1
  [b53b4c65] + libpng_jll v1.6.37+6
  [2a0f44e3] + Base64
  [ade2ca70] + Dates
  [8bb1440f] + DelimitedFiles
  [8ba89e20] + Distributed
  [b77e0a4c] + InteractiveUtils
  [76f85450] + LibGit2
  [8f399da3] + Libdl
  [37e2e46d] + LinearAlgebra
  [56ddb016] + Logging
  [d6f4376e] + Markdown
  [a63ad114] + Mmap
  [44cfe95a] + Pkg
  [de0858da] + Printf
  [9abbd945] + Profile
  [3fa0cd96] + REPL
  [9a3f8284] + Random
  [ea8e919c] + SHA
  [9e88b42a] + Serialization
  [1a1011a3] + SharedArrays
  [6462fe0b] + Sockets
  [2f01184e] + SparseArrays
  [10745b16] + Statistics
  [8dfed614] + Test
  [cf7118a7] + UUIDs
  [4ec0a83e] + Unicode


################################################################################
# Compiling: 2021-01-11T15:51:53.524
#

WARNING: could not import LaTeXStrings.@L_mstr into TikzPictures
[ Info: PackageCompiler: creating system image object file, this might take a while...
Generated system image is 263.051 MiB, compilation took 551 seconds


ERROR: could not load library "/cache/FluxTikz-shePyNrG.so"
/cache/FluxTikz-shePyNrG.so: undefined symbol: jfptr_llvmname_24118

No statistics gathered.