################################################################################
# PkgEval set-up: 2021-01-11T15:19:50.564
#

Julia Version 1.5.3
Commit 599f52c4c6 (2020-12-18 13:33 UTC)
Platform Info:
  OS: Linux (x86_64-linux-gnu)
  CPU: AMD EPYC 7502 32-Core Processor
  WORD_SIZE: 64
  LIBM: libopenlibm
  LLVM: libLLVM-9.0.1 (ORCJIT, znver2)
Environment:
  JULIA_PKG_PRECOMPILE_AUTO = 0
  JULIA_PKGEVAL = true

Base.julia_cmd() = `/opt/julia/bin/julia -Cnative -J/opt/julia/lib/julia/sys.so -g1`


################################################################################
# Installation: 2021-01-11T15:19:52.349
#

 Installing known registries into `~/.julia`
#################################################                         69.3%######################################################################## 100.0%
      Added registry `General` to `~/.julia/registries/General`
  Resolving package versions...
  Installed CompilerSupportLibraries_jll ─ v0.3.4+0
  Installed DependentBootstrap ─────────── v1.1.2
  Installed ForecastEval ───────────────── v1.0.1
  Installed Reexport ───────────────────── v0.2.0
  Installed Rmath_jll ──────────────────── v0.2.2+1
  Installed Rmath ──────────────────────── v0.6.1
  Installed TableTraits ────────────────── v1.0.0
  Installed CategoricalArrays ──────────── v0.8.3
  Installed DataFrames ─────────────────── v0.21.8
  Installed FillArrays ─────────────────── v0.8.14
  Installed Tables ─────────────────────── v1.2.2
  Installed DataStructures ─────────────── v0.17.20
  Installed StatsBase ──────────────────── v0.32.2
  Installed QuadGK ─────────────────────── v2.4.1
  Installed DataAPI ────────────────────── v1.4.0
  Installed OrderedCollections ─────────── v1.3.2
  Installed InvertedIndices ────────────── v1.0.0
  Installed DataValueInterfaces ────────── v1.0.0
  Installed OpenBLAS_jll ───────────────── v0.3.9+5
  Installed Missings ───────────────────── v0.4.4
  Installed RecipesBase ────────────────── v1.1.1
  Installed PooledArrays ───────────────── v0.5.3
  Installed TimeSeries ─────────────────── v0.19.1
  Installed StructTypes ────────────────── v1.2.1
  Installed JSON ───────────────────────── v0.21.1
  Installed PDMats ─────────────────────── v0.9.12
  Installed JLLWrappers ────────────────── v1.2.0
  Installed Arpack_jll ─────────────────── v3.5.0+3
  Installed Distributions ──────────────── v0.21.12
  Installed StatsFuns ──────────────────── v0.9.6
  Installed SpecialFunctions ───────────── v0.9.0
  Installed SortingAlgorithms ──────────── v0.3.1
  Installed IteratorInterfaceExtensions ── v1.0.0
  Installed Arpack ─────────────────────── v0.4.0
  Installed DocStringExtensions ────────── v0.8.3
  Installed Compat ─────────────────────── v3.25.0
  Installed OpenSpecFun_jll ────────────── v0.5.3+4
  Installed Parsers ────────────────────── v1.0.15
  Installed Artifacts ──────────────────── v1.3.0
Updating `~/.julia/environments/v1.5/Project.toml`
  [c08c26e9] + ForecastEval v1.0.1
Updating `~/.julia/environments/v1.5/Manifest.toml`
  [7d9fca2a] + Arpack v0.4.0
  [68821587] + Arpack_jll v3.5.0+3
  [56f22d72] + Artifacts v1.3.0
  [324d7699] + CategoricalArrays v0.8.3
  [34da2185] + Compat v3.25.0
  [e66e0078] + CompilerSupportLibraries_jll v0.3.4+0
  [9a962f9c] + DataAPI v1.4.0
  [a93c6f00] + DataFrames v0.21.8
  [864edb3b] + DataStructures v0.17.20
  [e2d170a0] + DataValueInterfaces v1.0.0
  [191d1da1] + DependentBootstrap v1.1.2
  [31c24e10] + Distributions v0.21.12
  [ffbed154] + DocStringExtensions v0.8.3
  [1a297f60] + FillArrays v0.8.14
  [c08c26e9] + ForecastEval v1.0.1
  [41ab1584] + InvertedIndices v1.0.0
  [82899510] + IteratorInterfaceExtensions v1.0.0
  [692b3bcd] + JLLWrappers v1.2.0
  [682c06a0] + JSON v0.21.1
  [e1d29d7a] + Missings v0.4.4
  [4536629a] + OpenBLAS_jll v0.3.9+5
  [efe28fd5] + OpenSpecFun_jll v0.5.3+4
  [bac558e1] + OrderedCollections v1.3.2
  [90014a1f] + PDMats v0.9.12
  [69de0a69] + Parsers v1.0.15
  [2dfb63ee] + PooledArrays v0.5.3
  [1fd47b50] + QuadGK v2.4.1
  [3cdcf5f2] + RecipesBase v1.1.1
  [189a3867] + Reexport v0.2.0
  [79098fc4] + Rmath v0.6.1
  [f50d1b31] + Rmath_jll v0.2.2+1
  [a2af1166] + SortingAlgorithms v0.3.1
  [276daf66] + SpecialFunctions v0.9.0
  [2913bbd2] + StatsBase v0.32.2
  [4c63d2b9] + StatsFuns v0.9.6
  [856f2bd8] + StructTypes v1.2.1
  [3783bdb8] + TableTraits v1.0.0
  [bd369af6] + Tables v1.2.2
  [9e3dc215] + TimeSeries v0.19.1
  [2a0f44e3] + Base64
  [ade2ca70] + Dates
  [8bb1440f] + DelimitedFiles
  [8ba89e20] + Distributed
  [9fa8497b] + Future
  [b77e0a4c] + InteractiveUtils
  [76f85450] + LibGit2
  [8f399da3] + Libdl
  [37e2e46d] + LinearAlgebra
  [56ddb016] + Logging
  [d6f4376e] + Markdown
  [a63ad114] + Mmap
  [44cfe95a] + Pkg
  [de0858da] + Printf
  [3fa0cd96] + REPL
  [9a3f8284] + Random
  [ea8e919c] + SHA
  [9e88b42a] + Serialization
  [1a1011a3] + SharedArrays
  [6462fe0b] + Sockets
  [2f01184e] + SparseArrays
  [10745b16] + Statistics
  [4607b0f0] + SuiteSparse
  [8dfed614] + Test
  [cf7118a7] + UUIDs
  [4ec0a83e] + Unicode


################################################################################
# Testing: 2021-01-11T15:19:59.129
#

    Testing ForecastEval
Status `/tmp/jl_7J1jib/Project.toml`
  [191d1da1] DependentBootstrap v1.1.2
  [31c24e10] Distributions v0.21.12
  [c08c26e9] ForecastEval v1.0.1
  [2913bbd2] StatsBase v0.32.2
  [9a3f8284] Random
  [10745b16] Statistics
  [8dfed614] Test
Status `/tmp/jl_7J1jib/Manifest.toml`
  [7d9fca2a] Arpack v0.4.0
  [68821587] Arpack_jll v3.5.0+3
  [56f22d72] Artifacts v1.3.0
  [324d7699] CategoricalArrays v0.8.3
  [34da2185] Compat v3.25.0
  [e66e0078] CompilerSupportLibraries_jll v0.3.4+0
  [9a962f9c] DataAPI v1.4.0
  [a93c6f00] DataFrames v0.21.8
  [864edb3b] DataStructures v0.17.20
  [e2d170a0] DataValueInterfaces v1.0.0
  [191d1da1] DependentBootstrap v1.1.2
  [31c24e10] Distributions v0.21.12
  [ffbed154] DocStringExtensions v0.8.3
  [1a297f60] FillArrays v0.8.14
  [c08c26e9] ForecastEval v1.0.1
  [41ab1584] InvertedIndices v1.0.0
  [82899510] IteratorInterfaceExtensions v1.0.0
  [692b3bcd] JLLWrappers v1.2.0
  [682c06a0] JSON v0.21.1
  [e1d29d7a] Missings v0.4.4
  [4536629a] OpenBLAS_jll v0.3.9+5
  [efe28fd5] OpenSpecFun_jll v0.5.3+4
  [bac558e1] OrderedCollections v1.3.2
  [90014a1f] PDMats v0.9.12
  [69de0a69] Parsers v1.0.15
  [2dfb63ee] PooledArrays v0.5.3
  [1fd47b50] QuadGK v2.4.1
  [3cdcf5f2] RecipesBase v1.1.1
  [189a3867] Reexport v0.2.0
  [79098fc4] Rmath v0.6.1
  [f50d1b31] Rmath_jll v0.2.2+1
  [a2af1166] SortingAlgorithms v0.3.1
  [276daf66] SpecialFunctions v0.9.0
  [2913bbd2] StatsBase v0.32.2
  [4c63d2b9] StatsFuns v0.9.6
  [856f2bd8] StructTypes v1.2.1
  [3783bdb8] TableTraits v1.0.0
  [bd369af6] Tables v1.2.2
  [9e3dc215] TimeSeries v0.19.1
  [2a0f44e3] Base64
  [ade2ca70] Dates
  [8bb1440f] DelimitedFiles
  [8ba89e20] Distributed
  [9fa8497b] Future
  [b77e0a4c] InteractiveUtils
  [76f85450] LibGit2
  [8f399da3] Libdl
  [37e2e46d] LinearAlgebra
  [56ddb016] Logging
  [d6f4376e] Markdown
  [a63ad114] Mmap
  [44cfe95a] Pkg
  [de0858da] Printf
  [3fa0cd96] REPL
  [9a3f8284] Random
  [ea8e919c] SHA
  [9e88b42a] Serialization
  [1a1011a3] SharedArrays
  [6462fe0b] Sockets
  [2f01184e] SparseArrays
  [10745b16] Statistics
  [4607b0f0] SuiteSparse
  [8dfed614] Test
  [cf7118a7] UUIDs
  [4ec0a83e] Unicode
Diebold-Mariano tests: Test Failed at /home/pkgeval/.julia/packages/ForecastEval/Udnrv/test/runtests.jl:106
  Expression: isapprox(pvalmat[kk, nn], dmout.pvalue)
   Evaluated: isapprox(0.094, 0.1060000000000001)
Stacktrace:
 [1] macro expansion at /home/pkgeval/.julia/packages/ForecastEval/Udnrv/test/runtests.jl:106 [inlined]
 [2] macro expansion at /workspace/srcdir/usr/share/julia/stdlib/v1.5/Test/src/Test.jl:1115 [inlined]
 [3] top-level scope at /home/pkgeval/.julia/packages/ForecastEval/Udnrv/test/runtests.jl:41
Diebold-Mariano tests: Test Failed at /home/pkgeval/.julia/packages/ForecastEval/Udnrv/test/runtests.jl:106
  Expression: isapprox(pvalmat[kk, nn], dmout.pvalue)
   Evaluated: isapprox(0.088, 0.09800000000000009)
Stacktrace:
 [1] macro expansion at /home/pkgeval/.julia/packages/ForecastEval/Udnrv/test/runtests.jl:106 [inlined]
 [2] macro expansion at /workspace/srcdir/usr/share/julia/stdlib/v1.5/Test/src/Test.jl:1115 [inlined]
 [3] top-level scope at /home/pkgeval/.julia/packages/ForecastEval/Udnrv/test/runtests.jl:41
Diebold-Mariano tests: Test Failed at /home/pkgeval/.julia/packages/ForecastEval/Udnrv/test/runtests.jl:106
  Expression: isapprox(pvalmat[kk, nn], dmout.pvalue)
   Evaluated: isapprox(0.106, 0.12200000000000011)
Stacktrace:
 [1] macro expansion at /home/pkgeval/.julia/packages/ForecastEval/Udnrv/test/runtests.jl:106 [inlined]
 [2] macro expansion at /workspace/srcdir/usr/share/julia/stdlib/v1.5/Test/src/Test.jl:1115 [inlined]
 [3] top-level scope at /home/pkgeval/.julia/packages/ForecastEval/Udnrv/test/runtests.jl:41
Diebold-Mariano tests: Test Failed at /home/pkgeval/.julia/packages/ForecastEval/Udnrv/test/runtests.jl:106
  Expression: isapprox(pvalmat[kk, nn], dmout.pvalue)
   Evaluated: isapprox(0.026, 0.014000000000000012)
Stacktrace:
 [1] macro expansion at /home/pkgeval/.julia/packages/ForecastEval/Udnrv/test/runtests.jl:106 [inlined]
 [2] macro expansion at /workspace/srcdir/usr/share/julia/stdlib/v1.5/Test/src/Test.jl:1115 [inlined]
 [3] top-level scope at /home/pkgeval/.julia/packages/ForecastEval/Udnrv/test/runtests.jl:41
Test Summary:         | Pass  Fail  Total
Diebold-Mariano tests |  304     4    308
ERROR: LoadError: Some tests did not pass: 304 passed, 4 failed, 0 errored, 0 broken.
in expression starting at /home/pkgeval/.julia/packages/ForecastEval/Udnrv/test/runtests.jl:39

PkgEval failed: Package ForecastEval errored during testing
Stacktrace:
 [1] pkgerror(::String) at /workspace/srcdir/usr/share/julia/stdlib/v1.5/Pkg/src/Types.jl:52
 [2] test(::Pkg.Types.Context, ::Array{Pkg.Types.PackageSpec,1}; coverage::Bool, julia_args::Cmd, test_args::Cmd, test_fn::Nothing) at /workspace/srcdir/usr/share/julia/stdlib/v1.5/Pkg/src/Operations.jl:1578
 [3] test(::Pkg.Types.Context, ::Array{Pkg.Types.PackageSpec,1}; coverage::Bool, test_fn::Nothing, julia_args::Cmd, test_args::Cmd, kwargs::Base.Iterators.Pairs{Union{},Union{},Tuple{},NamedTuple{(),Tuple{}}}) at /workspace/srcdir/usr/share/julia/stdlib/v1.5/Pkg/src/API.jl:327
 [4] test(::Pkg.Types.Context, ::Array{Pkg.Types.PackageSpec,1}) at /workspace/srcdir/usr/share/julia/stdlib/v1.5/Pkg/src/API.jl:314
 [5] #test#61 at /workspace/srcdir/usr/share/julia/stdlib/v1.5/Pkg/src/API.jl:67 [inlined]
 [6] test at /workspace/srcdir/usr/share/julia/stdlib/v1.5/Pkg/src/API.jl:67 [inlined]
 [7] #test#60 at /workspace/srcdir/usr/share/julia/stdlib/v1.5/Pkg/src/API.jl:66 [inlined]
 [8] test at /workspace/srcdir/usr/share/julia/stdlib/v1.5/Pkg/src/API.jl:66 [inlined]
 [9] test(::String; kwargs::Base.Iterators.Pairs{Union{},Union{},Tuple{},NamedTuple{(),Tuple{}}}) at /workspace/srcdir/usr/share/julia/stdlib/v1.5/Pkg/src/API.jl:65
 [10] test(::String) at /workspace/srcdir/usr/share/julia/stdlib/v1.5/Pkg/src/API.jl:65
 [11] top-level scope at none:22
 [12] eval at ./boot.jl:331 [inlined]
 [13] eval(::Expr) at ./client.jl:467
 [14] top-level scope at none:1
 [15] eval(::Module, ::Any) at ./boot.jl:331
 [16] exec_options(::Base.JLOptions) at ./client.jl:272
 [17] _start() at ./client.jl:506


################################################################################
# PkgEval teardown: 2021-01-11T15:21:21.682
CPU usage: 91.10s (83.92s user, 7.34s kernel)

Network usage:
- eth0: 4.328 MiB received, 209.339 KiB sent

Raw statistics: {"blkio_stats":{"io_queue_recursive":[],"io_serviced_recursive":[{"major":259,"value":0,"op":"Read","minor":0},{"major":259,"value":24,"op":"Write","minor":0},{"major":259,"value":19,"op":"Sync","minor":0},{"major":259,"value":5,"op":"Async","minor":0},{"major":259,"value":0,"op":"Discard","minor":0},{"major":259,"value":24,"op":"Total","minor":0},{"major":253,"value":0,"op":"Read","minor":2},{"major":253,"value":24,"op":"Write","minor":2},{"major":253,"value":19,"op":"Sync","minor":2},{"major":253,"value":5,"op":"Async","minor":2},{"major":253,"value":0,"op":"Discard","minor":2},{"major":253,"value":24,"op":"Total","minor":2}],"io_time_recursive":[],"sectors_recursive":[],"io_service_bytes_recursive":[{"major":259,"value":0,"op":"Read","minor":0},{"major":259,"value":143360,"op":"Write","minor":0},{"major":259,"value":106496,"op":"Sync","minor":0},{"major":259,"value":36864,"op":"Async","minor":0},{"major":259,"value":0,"op":"Discard","minor":0},{"major":259,"value":143360,"op":"Total","minor":0},{"major":253,"value":0,"op":"Read","minor":2},{"major":253,"value":143360,"op":"Write","minor":2},{"major":253,"value":106496,"op":"Sync","minor":2},{"major":253,"value":36864,"op":"Async","minor":2},{"major":253,"value":0,"op":"Discard","minor":2},{"major":253,"value":143360,"op":"Total","minor":2}],"io_wait_time_recursive":[],"io_merged_recursive":[],"io_service_time_recursive":[]},"memory_stats":{"usage":350646272,"max_usage":1441742848,"stats":{"hierarchical_memory_limit":9223372036854771712,"pgmajfault":0,"total_rss":213753856,"inactive_file":135168,"inactive_anon":84344832,"total_pgfault":2777577,"total_cache":105181184,"total_rss_huge":0,"total_active_anon":234516480,"total_pgmajfault":0,"pgpgin":1805991,"rss_huge":0,"mapped_file":0,"total_inactive_file":135168,"dirty":135168,"total_unevictable":0,"total_dirty":135168,"writeback":0,"pgpgout":1728134,"hierarchical_memsw_limit":0,"cache":105181184,"active_file":135168,"pgfault":2777577,"total_mapped_file":0,"total_pgpgout":1728134,"total_writeback":0,"rss":213753856,"unevictable":0,"total_inactive_anon":84344832,"total_pgpgin":1805991,"active_anon":234516480,"total_active_file":135168},"limit":540965302272},"name":"/ForecastEval-y1U5AS4S","networks":{"eth0":{"rx_bytes":4538373,"rx_packets":1478,"tx_packets":1706,"tx_bytes":214363,"tx_dropped":0,"rx_dropped":4,"tx_errors":0,"rx_errors":0}},"id":"db0dfc3ed431240ab6fde454f0489479745a4bd2d5bc6c6db276e47b473a8ad8","preread":"0001-01-01T00:00:00Z","storage_stats":{},"precpu_stats":{"throttling_data":{"throttled_periods":0,"throttled_time":0,"periods":0},"cpu_usage":{"usage_in_usermode":0,"usage_in_kernelmode":0,"total_usage":0}},"pids_stats":{"current":40},"num_procs":0,"cpu_stats":{"throttling_data":{"throttled_periods":0,"throttled_time":0,"periods":0},"system_cpu_usage":3142785494522419,"online_cpus":128,"cpu_usage":{"usage_in_usermode":83920000000,"usage_in_kernelmode":7340000000,"total_usage":91102516749,"percpu_usage":[0,0,0,0,0,0,0,0,0,0,0,0,0,0,0,0,0,0,0,0,0,0,0,0,0,0,0,0,0,0,0,0,0,0,0,0,0,0,0,0,0,0,0,0,0,0,0,0,0,0,0,0,0,91102485389,7880,0,0,0,0,0,0,0,0,0,0,0,0,0,0,0,0,0,0,0,0,0,0,0,0,0,0,0,0,0,0,0,0,0,0,0,0,0,0,0,0,0,0,0,0,0,0,0,0,0,0,0,0,0,0,0,0,0,0,0,0,0,3580,0,0,19900,0,0,0,0,0,0,0,0]}},"read":"2021-01-11T15:21:22.378177057Z"}