################################################################################
# PkgEval set-up: 2021-01-11T15:52:51.878
#

Julia Version 1.5.3
Commit 599f52c4c6 (2020-12-18 13:33 UTC)
Platform Info:
  OS: Linux (x86_64-linux-gnu)
  CPU: AMD EPYC 7502 32-Core Processor
  WORD_SIZE: 64
  LIBM: libopenlibm
  LLVM: libLLVM-9.0.1 (ORCJIT, znver2)
Environment:
  JULIA_PKG_PRECOMPILE_AUTO = 0
  JULIA_PKGEVAL = true

Base.julia_cmd() = `/opt/julia/bin/julia -Cnative -J/opt/julia/lib/julia/sys.so -g1`


################################################################################
# Installation: 2021-01-11T15:52:53.692
#

 Installing known registries into `~/.julia`
######################################################################## 100.0%
      Added registry `General` to `~/.julia/registries/General`
  Resolving package versions...
  Installed UnPack ───────────── v1.0.2
  Installed LaTeXStrings ─────── v1.2.0
  Installed MacroTools ───────── v0.5.6
  Installed OrderedCollections ─ v1.3.2
  Installed Parameters ───────── v0.12.1
  Installed FunctionOperators ── v0.2.3
Updating `~/.julia/environments/v1.5/Project.toml`
  [98ce4118] + FunctionOperators v0.2.3
Updating `~/.julia/environments/v1.5/Manifest.toml`
  [98ce4118] + FunctionOperators v0.2.3
  [b964fa9f] + LaTeXStrings v1.2.0
  [1914dd2f] + MacroTools v0.5.6
  [bac558e1] + OrderedCollections v1.3.2
  [d96e819e] + Parameters v0.12.1
  [3a884ed6] + UnPack v1.0.2
  [2a0f44e3] + Base64
  [8f399da3] + Libdl
  [37e2e46d] + LinearAlgebra
  [d6f4376e] + Markdown
  [de0858da] + Printf
  [9a3f8284] + Random
  [9e88b42a] + Serialization
  [4ec0a83e] + Unicode


################################################################################
# Testing: 2021-01-11T15:52:58.833
#

    Testing FunctionOperators
Status `/tmp/jl_aHUkhS/Project.toml`
  [6e4b80f9] BenchmarkTools v0.5.0
  [a2441757] Coverage v1.2.0
  [98ce4118] FunctionOperators v0.2.3
  [1914dd2f] MacroTools v0.5.6
  [6fe1bfb0] OffsetArrays v1.5.0
  [37e2e46d] LinearAlgebra
  [8dfed614] Test
Status `/tmp/jl_aHUkhS/Manifest.toml`
  [79e6a3ab] Adapt v2.4.0
  [56f22d72] Artifacts v1.3.0
  [6e4b80f9] BenchmarkTools v0.5.0
  [a2441757] Coverage v1.2.0
  [c36e975a] CoverageTools v1.2.1
  [98ce4118] FunctionOperators v0.2.3
  [cd3eb016] HTTP v0.9.2
  [83e8ac13] IniFile v0.5.0
  [692b3bcd] JLLWrappers v1.2.0
  [682c06a0] JSON v0.21.1
  [b964fa9f] LaTeXStrings v1.2.0
  [1914dd2f] MacroTools v0.5.6
  [739be429] MbedTLS v1.0.3
  [c8ffd9c3] MbedTLS_jll v2.16.8+1
  [6fe1bfb0] OffsetArrays v1.5.0
  [bac558e1] OrderedCollections v1.3.2
  [d96e819e] Parameters v0.12.1
  [69de0a69] Parsers v1.0.15
  [5c2747f8] URIs v1.1.0
  [3a884ed6] UnPack v1.0.2
  [2a0f44e3] Base64
  [ade2ca70] Dates
  [8ba89e20] Distributed
  [b77e0a4c] InteractiveUtils
  [76f85450] LibGit2
  [8f399da3] Libdl
  [37e2e46d] LinearAlgebra
  [56ddb016] Logging
  [d6f4376e] Markdown
  [a63ad114] Mmap
  [44cfe95a] Pkg
  [de0858da] Printf
  [3fa0cd96] REPL
  [9a3f8284] Random
  [ea8e919c] SHA
  [9e88b42a] Serialization
  [6462fe0b] Sockets
  [2f01184e] SparseArrays
  [10745b16] Statistics
  [8dfed614] Test
  [cf7118a7] UUIDs
  [4ec0a83e] Unicode
Test Summary:                | Pass  Total
Constructors - StructDefs.jl |   35     35
Test Summary: | Pass  Total
Helpers.jl    |   33     33
Test Summary: | Pass  Total
Show.jl       |    5      5
Test Summary: | Pass  Total
Auxiliary.jl  |   63     63
Number of generated operators: 752
Pairwise matches between operators: 2298 (match means same functionality that checked for same result)
Test Summary:      | Pass  Total
Functionality test | 4213   4213
Test Summary: | Pass  Total
recycle       |    5      5
    Testing FunctionOperators tests passed 

PkgEval succeeded


################################################################################
# PkgEval teardown: 2021-01-11T15:54:31.075
CPU usage: 99.12s (94.95s user, 4.32s kernel)

Network usage:
- eth0: 3.312 MiB received, 115.010 KiB sent

Raw statistics: {"blkio_stats":{"io_queue_recursive":[],"io_serviced_recursive":[{"major":259,"value":0,"op":"Read","minor":0},{"major":259,"value":24,"op":"Write","minor":0},{"major":259,"value":19,"op":"Sync","minor":0},{"major":259,"value":5,"op":"Async","minor":0},{"major":259,"value":0,"op":"Discard","minor":0},{"major":259,"value":24,"op":"Total","minor":0},{"major":253,"value":0,"op":"Read","minor":2},{"major":253,"value":24,"op":"Write","minor":2},{"major":253,"value":19,"op":"Sync","minor":2},{"major":253,"value":5,"op":"Async","minor":2},{"major":253,"value":0,"op":"Discard","minor":2},{"major":253,"value":24,"op":"Total","minor":2}],"io_time_recursive":[],"sectors_recursive":[],"io_service_bytes_recursive":[{"major":259,"value":0,"op":"Read","minor":0},{"major":259,"value":131072,"op":"Write","minor":0},{"major":259,"value":106496,"op":"Sync","minor":0},{"major":259,"value":24576,"op":"Async","minor":0},{"major":259,"value":0,"op":"Discard","minor":0},{"major":259,"value":131072,"op":"Total","minor":0},{"major":253,"value":0,"op":"Read","minor":2},{"major":253,"value":131072,"op":"Write","minor":2},{"major":253,"value":106496,"op":"Sync","minor":2},{"major":253,"value":24576,"op":"Async","minor":2},{"major":253,"value":0,"op":"Discard","minor":2},{"major":253,"value":131072,"op":"Total","minor":2}],"io_wait_time_recursive":[],"io_merged_recursive":[],"io_service_time_recursive":[]},"memory_stats":{"usage":313884672,"max_usage":1154179072,"stats":{"hierarchical_memory_limit":9223372036854771712,"pgmajfault":0,"total_rss":183902208,"inactive_file":135168,"inactive_anon":81776640,"total_pgfault":1168893,"total_cache":98308096,"total_rss_huge":0,"total_active_anon":191127552,"total_pgmajfault":0,"pgpgin":663135,"rss_huge":0,"mapped_file":0,"total_inactive_file":135168,"dirty":135168,"total_unevictable":0,"total_dirty":135168,"writeback":0,"pgpgout":594224,"hierarchical_memsw_limit":0,"cache":98308096,"active_file":9596928,"pgfault":1168893,"total_mapped_file":0,"total_pgpgout":594224,"total_writeback":0,"rss":183902208,"unevictable":0,"total_inactive_anon":81776640,"total_pgpgin":663135,"active_anon":191127552,"total_active_file":9596928},"limit":540965302272},"name":"/FunctionOperators-bWH2Z8n3","networks":{"eth0":{"rx_bytes":3473066,"rx_packets":839,"tx_packets":946,"tx_bytes":117770,"tx_dropped":0,"rx_dropped":4,"tx_errors":0,"rx_errors":0}},"id":"c9ba76d712c51c3128f48b1a780de3ab98c37f6cdf517633e45a1b04f6d6641d","preread":"0001-01-01T00:00:00Z","storage_stats":{},"precpu_stats":{"throttling_data":{"throttled_periods":0,"throttled_time":0,"periods":0},"cpu_usage":{"usage_in_usermode":0,"usage_in_kernelmode":0,"total_usage":0}},"pids_stats":{"current":40},"num_procs":0,"cpu_stats":{"throttling_data":{"throttled_periods":0,"throttled_time":0,"periods":0},"system_cpu_usage":3396815994522419,"online_cpus":128,"cpu_usage":{"usage_in_usermode":94950000000,"usage_in_kernelmode":4320000000,"total_usage":99117876328,"percpu_usage":[0,0,0,0,0,0,0,0,0,0,0,0,0,0,0,0,0,0,0,0,0,0,0,0,0,0,0,0,0,0,0,0,0,0,0,0,0,0,0,0,0,0,0,0,0,0,0,0,0,0,0,0,0,0,99117876328,0,0,0,0,0,0,0,0,0,0,0,0,0,0,0,0,0,0,0,0,0,0,0,0,0,0,0,0,0,0,0,0,0,0,0,0,0,0,0,0,0,0,0,0,0,0,0,0,0,0,0,0,0,0,0,0,0,0,0,0,0,0,0,0,0,0,0,0,0,0,0,0,0]}},"read":"2021-01-11T15:54:31.078256597Z"}