################################################################################
# PackageCompiler set-up: 2021-01-11T15:27:21.926
#

Julia Version 1.5.3
Commit 599f52c4c6 (2020-12-18 13:33 UTC)
Platform Info:
  OS: Linux (x86_64-linux-gnu)
  CPU: AMD EPYC 7502 32-Core Processor
  WORD_SIZE: 64
  LIBM: libopenlibm
  LLVM: libLLVM-9.0.1 (ORCJIT, znver2)
Environment:
  JULIA_PKGEVAL = true
  JULIA_PKG_PRECOMPILE_AUTO = 0



################################################################################
# Installation: 2021-01-11T15:27:23.624
#

 Installing known registries into `~/.julia`
######################################################################## 100.0%
      Added registry `General` to `~/.julia/registries/General`
  Resolving package versions...
  Installed FunctionWrappers ─ v1.1.1
  Installed PackageCompiler ── v1.2.5
Updating `~/.julia/environments/v1.5/Project.toml`
  [069b7b12] + FunctionWrappers v1.1.1
  [9b87118b] + PackageCompiler v1.2.5
Updating `~/.julia/environments/v1.5/Manifest.toml`
  [069b7b12] + FunctionWrappers v1.1.1
  [9b87118b] + PackageCompiler v1.2.5
  [2a0f44e3] + Base64
  [ade2ca70] + Dates
  [b77e0a4c] + InteractiveUtils
  [76f85450] + LibGit2
  [8f399da3] + Libdl
  [56ddb016] + Logging
  [d6f4376e] + Markdown
  [44cfe95a] + Pkg
  [de0858da] + Printf
  [3fa0cd96] + REPL
  [9a3f8284] + Random
  [ea8e919c] + SHA
  [9e88b42a] + Serialization
  [6462fe0b] + Sockets
  [cf7118a7] + UUIDs
  [4ec0a83e] + Unicode


################################################################################
# Compiling: 2021-01-11T15:27:29.028
#

[ Info: PackageCompiler: creating system image object file, this might take a while...
Generated system image is 149.660 MiB, compilation took 168 seconds


################################################################################
# PkgEval set-up: 2021-01-11T15:30:24.526
#

Julia Version 1.5.3
Commit 599f52c4c6 (2020-12-18 13:33 UTC)
Platform Info:
  OS: Linux (x86_64-linux-gnu)
  CPU: AMD EPYC 7502 32-Core Processor
  WORD_SIZE: 64
  LIBM: libopenlibm
  LLVM: libLLVM-9.0.1 (ORCJIT, znver2)
Environment:
  JULIA_PKGEVAL = true
  JULIA_PKG_PRECOMPILE_AUTO = 0

Base.julia_cmd() = `/usr/local/julia/bin/julia -Cnative -J/cache/FunctionWrappers-EdrRtMAK.so -g1`


################################################################################
# Installation: 2021-01-11T15:30:26.31
#

 Installing known registries into `~/.julia`
#=#=#                                                                         ######################################################################## 100.0%
      Added registry `General` to `~/.julia/registries/General`
  Resolving package versions...
  Installed FunctionWrappers ─ v1.1.1
Updating `~/.julia/environments/v1.5/Project.toml`
  [069b7b12] + FunctionWrappers v1.1.1
Updating `~/.julia/environments/v1.5/Manifest.toml`
  [069b7b12] + FunctionWrappers v1.1.1


################################################################################
# Testing: 2021-01-11T15:30:31.481
#

    Testing FunctionWrappers
Status `/tmp/jl_o53gFc/Project.toml`
  [069b7b12] FunctionWrappers v1.1.1
  [8dfed614] Test
Status `/tmp/jl_o53gFc/Manifest.toml`
  [069b7b12] FunctionWrappers v1.1.1
  [2a0f44e3] Base64
  [8ba89e20] Distributed
  [b77e0a4c] InteractiveUtils
  [56ddb016] Logging
  [d6f4376e] Markdown
  [9a3f8284] Random
  [9e88b42a] Serialization
  [6462fe0b] Sockets
  [8dfed614] Test
Test Summary: | Pass  Total
As field      |    4      4
Test Summary: | Pass  Total
Any input     |    5      5
Test Summary: | Pass  Total
Convert       |    2      2
Test Summary:   | Pass  Total
Abstract Return |    2      2
Test Summary: | Pass  Total
Precompile    |    1      1
Test Summary: | Pass  Total
Void          |    4      4
Test Summary: | Pass  Total
Convert       |    4      4
    Testing FunctionWrappers tests passed 

PkgEval succeeded


################################################################################
# PkgEval teardown: 2021-01-11T15:30:35.396
CPU usage: 10.81s (8.16s user, 2.70s kernel)

Network usage:
- eth0: 2.533 MiB received, 26.428 KiB sent

Raw statistics: {"blkio_stats":{"io_queue_recursive":[],"io_serviced_recursive":[{"major":259,"value":59,"op":"Read","minor":0},{"major":259,"value":19,"op":"Write","minor":0},{"major":259,"value":73,"op":"Sync","minor":0},{"major":259,"value":5,"op":"Async","minor":0},{"major":259,"value":0,"op":"Discard","minor":0},{"major":259,"value":78,"op":"Total","minor":0},{"major":253,"value":59,"op":"Read","minor":2},{"major":253,"value":19,"op":"Write","minor":2},{"major":253,"value":73,"op":"Sync","minor":2},{"major":253,"value":5,"op":"Async","minor":2},{"major":253,"value":0,"op":"Discard","minor":2},{"major":253,"value":78,"op":"Total","minor":2}],"io_time_recursive":[],"sectors_recursive":[],"io_service_bytes_recursive":[{"major":259,"value":241664,"op":"Read","minor":0},{"major":259,"value":77824,"op":"Write","minor":0},{"major":259,"value":299008,"op":"Sync","minor":0},{"major":259,"value":20480,"op":"Async","minor":0},{"major":259,"value":0,"op":"Discard","minor":0},{"major":259,"value":319488,"op":"Total","minor":0},{"major":253,"value":241664,"op":"Read","minor":2},{"major":253,"value":77824,"op":"Write","minor":2},{"major":253,"value":299008,"op":"Sync","minor":2},{"major":253,"value":20480,"op":"Async","minor":2},{"major":253,"value":0,"op":"Discard","minor":2},{"major":253,"value":319488,"op":"Total","minor":2}],"io_wait_time_recursive":[],"io_merged_recursive":[],"io_service_time_recursive":[]},"memory_stats":{"usage":326336512,"max_usage":479416320,"stats":{"hierarchical_memory_limit":9223372036854771712,"pgmajfault":0,"total_rss":213782528,"inactive_file":135168,"inactive_anon":78667776,"total_pgfault":204039,"total_cache":83025920,"total_rss_huge":0,"total_active_anon":214376448,"total_pgmajfault":0,"pgpgin":157707,"rss_huge":0,"mapped_file":0,"total_inactive_file":135168,"dirty":540672,"total_unevictable":0,"total_dirty":540672,"writeback":0,"pgpgout":85275,"hierarchical_memsw_limit":0,"cache":83025920,"active_file":3784704,"pgfault":204039,"total_mapped_file":0,"total_pgpgout":85275,"total_writeback":0,"rss":213782528,"unevictable":0,"total_inactive_anon":78667776,"total_pgpgin":157707,"active_anon":214376448,"total_active_file":3784704},"limit":540965302272},"name":"/FunctionWrappers-KBITIavE","networks":{"eth0":{"rx_bytes":2656197,"rx_packets":272,"tx_packets":268,"tx_bytes":27062,"tx_dropped":0,"rx_dropped":1,"tx_errors":0,"rx_errors":0}},"id":"613dd0b05d0509e0d8d23993c136a096e1f229b689e40305551f7d360b58229e","preread":"0001-01-01T00:00:00Z","storage_stats":{},"precpu_stats":{"throttling_data":{"throttled_periods":0,"throttled_time":0,"periods":0},"cpu_usage":{"usage_in_usermode":0,"usage_in_kernelmode":0,"total_usage":0}},"pids_stats":{"current":44},"num_procs":0,"cpu_stats":{"throttling_data":{"throttled_periods":0,"throttled_time":0,"periods":0},"system_cpu_usage":3213418584522419,"online_cpus":128,"cpu_usage":{"usage_in_usermode":8160000000,"usage_in_kernelmode":2700000000,"total_usage":10805884002,"percpu_usage":[0,0,0,0,0,0,0,0,0,0,0,0,0,0,0,0,0,0,0,0,0,0,0,0,0,0,0,0,0,0,0,0,0,0,0,0,0,0,0,0,0,0,0,0,0,0,0,0,0,0,0,0,0,0,0,0,0,0,10805884002,0,0,0,0,0,0,0,0,0,0,0,0,0,0,0,0,0,0,0,0,0,0,0,0,0,0,0,0,0,0,0,0,0,0,0,0,0,0,0,0,0,0,0,0,0,0,0,0,0,0,0,0,0,0,0,0,0,0,0,0,0,0,0,0,0,0,0,0,0]}},"read":"2021-01-11T15:30:35.398733677Z"}