################################################################################
# PkgEval set-up: 2021-01-11T18:50:59.442
#

Julia Version 1.5.3
Commit 599f52c4c6 (2020-12-18 13:33 UTC)
Platform Info:
  OS: Linux (x86_64-linux-gnu)
  CPU: AMD EPYC 7502 32-Core Processor
  WORD_SIZE: 64
  LIBM: libopenlibm
  LLVM: libLLVM-9.0.1 (ORCJIT, znver2)
Environment:
  JULIA_PKG_PRECOMPILE_AUTO = 0
  JULIA_PKGEVAL = true

Base.julia_cmd() = `/opt/julia/bin/julia -Cnative -J/opt/julia/lib/julia/sys.so -g1`


################################################################################
# Installation: 2021-01-11T18:51:01.233
#

 Installing known registries into `~/.julia`
#########                                                                 13.2%######################################################################## 100.0%
      Added registry `General` to `~/.julia/registries/General`
  Resolving package versions...
  Installed FusionSystems ──────────────── v0.1.0
  Installed CompilerSupportLibraries_jll ─ v0.3.4+0
  Installed MbedTLS_jll ────────────────── v2.16.8+1
  Installed SymEngine_jll ──────────────── v0.6.0+1
  Installed VersionParsing ─────────────── v1.2.0
  Installed IJulia ─────────────────────── v1.23.1
  Installed DataStructures ─────────────── v0.18.8
  Installed StatsBase ──────────────────── v0.33.2
  Installed SimplePlots ────────────────── v0.2.0
  Installed GMP_jll ────────────────────── v6.1.2+6
  Installed MbedTLS ────────────────────── v1.0.3
  Installed DataAPI ────────────────────── v1.4.0
  Installed MPC_jll ────────────────────── v1.1.0+0
  Installed Observables ────────────────── v0.3.3
  Installed Roots ──────────────────────── v1.0.7
  Installed ZeroMQ_jll ─────────────────── v4.3.2+5
  Installed OrderedCollections ─────────── v1.3.2
  Installed MPFR_jll ───────────────────── v4.1.0+1
  Installed Missings ───────────────────── v0.4.4
  Installed RecipesBase ────────────────── v1.1.1
  Installed ZMQ ────────────────────────── v1.2.1
  Installed JLLWrappers ────────────────── v1.2.0
  Installed Crayons ────────────────────── v4.0.4
  Installed JSON ───────────────────────── v0.21.1
  Installed Conda ──────────────────────── v1.5.0
  Installed SymEngine ──────────────────── v0.8.3
  Installed SortingAlgorithms ──────────── v0.3.1
  Installed SpecialFunctions ───────────── v0.10.3
  Installed SoftGlobalScope ────────────── v1.1.0
  Installed Compat ─────────────────────── v3.25.0
  Installed ImportMacros ───────────────── v1.0.0
  Installed OpenSpecFun_jll ────────────── v0.5.3+4
  Installed UnicodePlots ───────────────── v1.3.0
  Installed Parsers ────────────────────── v1.0.15
  Installed Artifacts ──────────────────── v1.3.0
Updating `~/.julia/environments/v1.5/Project.toml`
  [f78baae1] + FusionSystems v0.1.0
Updating `~/.julia/environments/v1.5/Manifest.toml`
  [56f22d72] + Artifacts v1.3.0
  [34da2185] + Compat v3.25.0
  [e66e0078] + CompilerSupportLibraries_jll v0.3.4+0
  [8f4d0f93] + Conda v1.5.0
  [a8cc5b0e] + Crayons v4.0.4
  [9a962f9c] + DataAPI v1.4.0
  [864edb3b] + DataStructures v0.18.8
  [f78baae1] + FusionSystems v0.1.0
  [781609d7] + GMP_jll v6.1.2+6
  [7073ff75] + IJulia v1.23.1
  [92a963f6] + ImportMacros v1.0.0
  [692b3bcd] + JLLWrappers v1.2.0
  [682c06a0] + JSON v0.21.1
  [2ce0c516] + MPC_jll v1.1.0+0
  [3a97d323] + MPFR_jll v4.1.0+1
  [739be429] + MbedTLS v1.0.3
  [c8ffd9c3] + MbedTLS_jll v2.16.8+1
  [e1d29d7a] + Missings v0.4.4
  [510215fc] + Observables v0.3.3
  [efe28fd5] + OpenSpecFun_jll v0.5.3+4
  [bac558e1] + OrderedCollections v1.3.2
  [69de0a69] + Parsers v1.0.15
  [3cdcf5f2] + RecipesBase v1.1.1
  [f2b01f46] + Roots v1.0.7
  [307c2aad] + SimplePlots v0.2.0
  [b85f4697] + SoftGlobalScope v1.1.0
  [a2af1166] + SortingAlgorithms v0.3.1
  [276daf66] + SpecialFunctions v0.10.3
  [2913bbd2] + StatsBase v0.33.2
  [123dc426] + SymEngine v0.8.3
  [3428059b] + SymEngine_jll v0.6.0+1
  [b8865327] + UnicodePlots v1.3.0
  [81def892] + VersionParsing v1.2.0
  [c2297ded] + ZMQ v1.2.1
  [8f1865be] + ZeroMQ_jll v4.3.2+5
  [2a0f44e3] + Base64
  [ade2ca70] + Dates
  [8bb1440f] + DelimitedFiles
  [8ba89e20] + Distributed
  [7b1f6079] + FileWatching
  [b77e0a4c] + InteractiveUtils
  [76f85450] + LibGit2
  [8f399da3] + Libdl
  [37e2e46d] + LinearAlgebra
  [56ddb016] + Logging
  [d6f4376e] + Markdown
  [a63ad114] + Mmap
  [44cfe95a] + Pkg
  [de0858da] + Printf
  [3fa0cd96] + REPL
  [9a3f8284] + Random
  [ea8e919c] + SHA
  [9e88b42a] + Serialization
  [1a1011a3] + SharedArrays
  [6462fe0b] + Sockets
  [2f01184e] + SparseArrays
  [10745b16] + Statistics
  [8dfed614] + Test
  [cf7118a7] + UUIDs
  [4ec0a83e] + Unicode
   Building Conda ─→ `~/.julia/packages/Conda/x5ml4/deps/build.log`
   Building IJulia → `~/.julia/packages/IJulia/IDNmS/deps/build.log`


################################################################################
# Testing: 2021-01-11T18:51:14.663
#

    Testing FusionSystems
Status `/tmp/jl_9PCGJR/Project.toml`
  [f78baae1] FusionSystems v0.1.0
  [92a963f6] ImportMacros v1.0.0
  [f2b01f46] Roots v1.0.7
  [307c2aad] SimplePlots v0.2.0
  [276daf66] SpecialFunctions v0.10.3
  [123dc426] SymEngine v0.8.3
  [8dfed614] Test
Status `/tmp/jl_9PCGJR/Manifest.toml`
  [56f22d72] Artifacts v1.3.0
  [34da2185] Compat v3.25.0
  [e66e0078] CompilerSupportLibraries_jll v0.3.4+0
  [8f4d0f93] Conda v1.5.0
  [a8cc5b0e] Crayons v4.0.4
  [9a962f9c] DataAPI v1.4.0
  [864edb3b] DataStructures v0.18.8
  [f78baae1] FusionSystems v0.1.0
  [781609d7] GMP_jll v6.1.2+6
  [7073ff75] IJulia v1.23.1
  [92a963f6] ImportMacros v1.0.0
  [692b3bcd] JLLWrappers v1.2.0
  [682c06a0] JSON v0.21.1
  [2ce0c516] MPC_jll v1.1.0+0
  [3a97d323] MPFR_jll v4.1.0+1
  [739be429] MbedTLS v1.0.3
  [c8ffd9c3] MbedTLS_jll v2.16.8+1
  [e1d29d7a] Missings v0.4.4
  [510215fc] Observables v0.3.3
  [efe28fd5] OpenSpecFun_jll v0.5.3+4
  [bac558e1] OrderedCollections v1.3.2
  [69de0a69] Parsers v1.0.15
  [3cdcf5f2] RecipesBase v1.1.1
  [f2b01f46] Roots v1.0.7
  [307c2aad] SimplePlots v0.2.0
  [b85f4697] SoftGlobalScope v1.1.0
  [a2af1166] SortingAlgorithms v0.3.1
  [276daf66] SpecialFunctions v0.10.3
  [2913bbd2] StatsBase v0.33.2
  [123dc426] SymEngine v0.8.3
  [3428059b] SymEngine_jll v0.6.0+1
  [b8865327] UnicodePlots v1.3.0
  [81def892] VersionParsing v1.2.0
  [c2297ded] ZMQ v1.2.1
  [8f1865be] ZeroMQ_jll v4.3.2+5
  [2a0f44e3] Base64
  [ade2ca70] Dates
  [8bb1440f] DelimitedFiles
  [8ba89e20] Distributed
  [7b1f6079] FileWatching
  [b77e0a4c] InteractiveUtils
  [76f85450] LibGit2
  [8f399da3] Libdl
  [37e2e46d] LinearAlgebra
  [56ddb016] Logging
  [d6f4376e] Markdown
  [a63ad114] Mmap
  [44cfe95a] Pkg
  [de0858da] Printf
  [3fa0cd96] REPL
  [9a3f8284] Random
  [ea8e919c] SHA
  [9e88b42a] Serialization
  [1a1011a3] SharedArrays
  [6462fe0b] Sockets
  [2f01184e] SparseArrays
  [10745b16] Statistics
  [8dfed614] Test
  [cf7118a7] UUIDs
  [4ec0a83e] Unicode
ERROR: LoadError: InitError: Evaluation into the closed module `SimplePlots` breaks incremental compilation because the side effects will not be permanent. This is likely due to some other module mutating `SimplePlots` with `include` during precompilation - don't do this.
Stacktrace:
 [1] include(::Function, ::Module, ::String) at ./Base.jl:380
 [2] include at ./Base.jl:368 [inlined]
 [3] include at /home/pkgeval/.julia/packages/SimplePlots/6y94O/src/SimplePlots.jl:1 [inlined]
 [4] __init__() at /home/pkgeval/.julia/packages/SimplePlots/6y94O/src/init.jl:36
 [5] _include_from_serialized(::String, ::Array{Any,1}) at ./loading.jl:697
 [6] _require_from_serialized(::String) at ./loading.jl:749
 [7] _require(::Base.PkgId) at ./loading.jl:1040
 [8] require(::Base.PkgId) at ./loading.jl:928
 [9] require(::Module, ::Symbol) at ./loading.jl:923
 [10] include(::Function, ::Module, ::String) at ./Base.jl:380
 [11] include(::Module, ::String) at ./Base.jl:368
 [12] top-level scope at none:2
 [13] eval at ./boot.jl:331 [inlined]
 [14] eval(::Expr) at ./client.jl:467
 [15] top-level scope at ./none:3
during initialization of module SimplePlots
in expression starting at /home/pkgeval/.julia/packages/FusionSystems/1UHXc/src/FusionSystems.jl:6
ERROR: LoadError: Failed to precompile FusionSystems [f78baae1-78cd-4069-8705-3f3564aaf290] to /home/pkgeval/.julia/compiled/v1.5/FusionSystems/pH8Xj_wzorQ.ji.
Stacktrace:
 [1] error(::String) at ./error.jl:33
 [2] compilecache(::Base.PkgId, ::String) at ./loading.jl:1305
 [3] _require(::Base.PkgId) at ./loading.jl:1030
 [4] require(::Base.PkgId) at ./loading.jl:928
 [5] require(::Module, ::Symbol) at ./loading.jl:923
 [6] include(::String) at ./client.jl:457
 [7] top-level scope at none:6
in expression starting at /home/pkgeval/.julia/packages/FusionSystems/1UHXc/test/runtests.jl:1

PkgEval failed: Package FusionSystems errored during testing
Stacktrace:
 [1] pkgerror(::String) at /workspace/srcdir/usr/share/julia/stdlib/v1.5/Pkg/src/Types.jl:52
 [2] test(::Pkg.Types.Context, ::Array{Pkg.Types.PackageSpec,1}; coverage::Bool, julia_args::Cmd, test_args::Cmd, test_fn::Nothing) at /workspace/srcdir/usr/share/julia/stdlib/v1.5/Pkg/src/Operations.jl:1578
 [3] test(::Pkg.Types.Context, ::Array{Pkg.Types.PackageSpec,1}; coverage::Bool, test_fn::Nothing, julia_args::Cmd, test_args::Cmd, kwargs::Base.Iterators.Pairs{Union{},Union{},Tuple{},NamedTuple{(),Tuple{}}}) at /workspace/srcdir/usr/share/julia/stdlib/v1.5/Pkg/src/API.jl:327
 [4] test(::Pkg.Types.Context, ::Array{Pkg.Types.PackageSpec,1}) at /workspace/srcdir/usr/share/julia/stdlib/v1.5/Pkg/src/API.jl:314
 [5] #test#61 at /workspace/srcdir/usr/share/julia/stdlib/v1.5/Pkg/src/API.jl:67 [inlined]
 [6] test at /workspace/srcdir/usr/share/julia/stdlib/v1.5/Pkg/src/API.jl:67 [inlined]
 [7] #test#60 at /workspace/srcdir/usr/share/julia/stdlib/v1.5/Pkg/src/API.jl:66 [inlined]
 [8] test at /workspace/srcdir/usr/share/julia/stdlib/v1.5/Pkg/src/API.jl:66 [inlined]
 [9] test(::String; kwargs::Base.Iterators.Pairs{Union{},Union{},Tuple{},NamedTuple{(),Tuple{}}}) at /workspace/srcdir/usr/share/julia/stdlib/v1.5/Pkg/src/API.jl:65
 [10] test(::String) at /workspace/srcdir/usr/share/julia/stdlib/v1.5/Pkg/src/API.jl:65
 [11] top-level scope at none:22
 [12] eval at ./boot.jl:331 [inlined]
 [13] eval(::Expr) at ./client.jl:467
 [14] top-level scope at none:1
 [15] eval(::Module, ::Any) at ./boot.jl:331
 [16] exec_options(::Base.JLOptions) at ./client.jl:272
 [17] _start() at ./client.jl:506


################################################################################
# PkgEval teardown: 2021-01-11T18:51:57.579
CPU usage: 58.08s (51.54s user, 6.65s kernel)

Network usage:
- eth0: 4.445 MiB received, 190.886 KiB sent

Raw statistics: {"blkio_stats":{"io_queue_recursive":[],"io_serviced_recursive":[{"major":259,"value":52,"op":"Read","minor":0},{"major":259,"value":32,"op":"Write","minor":0},{"major":259,"value":71,"op":"Sync","minor":0},{"major":259,"value":13,"op":"Async","minor":0},{"major":259,"value":0,"op":"Discard","minor":0},{"major":259,"value":84,"op":"Total","minor":0},{"major":253,"value":52,"op":"Read","minor":2},{"major":253,"value":32,"op":"Write","minor":2},{"major":253,"value":71,"op":"Sync","minor":2},{"major":253,"value":13,"op":"Async","minor":2},{"major":253,"value":0,"op":"Discard","minor":2},{"major":253,"value":84,"op":"Total","minor":2}],"io_time_recursive":[],"sectors_recursive":[],"io_service_bytes_recursive":[{"major":259,"value":4657152,"op":"Read","minor":0},{"major":259,"value":176128,"op":"Write","minor":0},{"major":259,"value":4763648,"op":"Sync","minor":0},{"major":259,"value":69632,"op":"Async","minor":0},{"major":259,"value":0,"op":"Discard","minor":0},{"major":259,"value":4833280,"op":"Total","minor":0},{"major":253,"value":4657152,"op":"Read","minor":2},{"major":253,"value":176128,"op":"Write","minor":2},{"major":253,"value":4763648,"op":"Sync","minor":2},{"major":253,"value":69632,"op":"Async","minor":2},{"major":253,"value":0,"op":"Discard","minor":2},{"major":253,"value":4833280,"op":"Total","minor":2}],"io_wait_time_recursive":[],"io_merged_recursive":[],"io_service_time_recursive":[]},"memory_stats":{"usage":345337856,"max_usage":1217146880,"stats":{"hierarchical_memory_limit":9223372036854771712,"pgmajfault":0,"total_rss":208125952,"inactive_file":2162688,"inactive_anon":85831680,"total_pgfault":2066856,"total_cache":105328640,"total_rss_huge":0,"total_active_anon":222756864,"total_pgmajfault":0,"pgpgin":1446885,"rss_huge":0,"mapped_file":0,"total_inactive_file":2162688,"dirty":135168,"total_unevictable":0,"total_dirty":135168,"writeback":0,"pgpgout":1370340,"hierarchical_memsw_limit":0,"cache":105328640,"active_file":2703360,"pgfault":2066856,"total_mapped_file":0,"total_pgpgout":1370340,"total_writeback":0,"rss":208125952,"unevictable":0,"total_inactive_anon":85831680,"total_pgpgin":1446885,"active_anon":222756864,"total_active_file":2703360},"limit":540965302272},"name":"/FusionSystems-QksFrUX1","networks":{"eth0":{"rx_bytes":4660696,"rx_packets":1371,"tx_packets":1573,"tx_bytes":195467,"tx_dropped":0,"rx_dropped":2,"tx_errors":0,"rx_errors":0}},"id":"ab2aa1cbd70fec9a7fe1a3808043a604884a1cab7dc49e881f2dc89dc10249b1","preread":"0001-01-01T00:00:00Z","storage_stats":{},"precpu_stats":{"throttling_data":{"throttled_periods":0,"throttled_time":0,"periods":0},"cpu_usage":{"usage_in_usermode":0,"usage_in_kernelmode":0,"total_usage":0}},"pids_stats":{"current":40},"num_procs":0,"cpu_stats":{"throttling_data":{"throttled_periods":0,"throttled_time":0,"periods":0},"system_cpu_usage":4757331994522419,"online_cpus":128,"cpu_usage":{"usage_in_usermode":51540000000,"usage_in_kernelmode":6650000000,"total_usage":58077854293,"percpu_usage":[0,0,0,0,0,0,0,0,0,0,0,0,0,0,0,0,0,0,0,0,0,0,0,0,0,0,0,0,0,0,0,0,0,0,0,0,0,0,0,0,0,0,0,0,0,0,0,0,0,0,0,0,166029737,0,0,57911633126,0,0,0,0,0,0,0,0,0,0,0,0,0,0,0,0,0,0,0,0,0,0,0,0,0,0,0,0,0,0,0,0,0,0,0,0,0,0,0,0,0,0,0,0,0,0,0,0,0,0,0,0,0,0,0,0,0,0,0,0,60870,0,130560,0,0,0,0,0,0,0,0,0]}},"read":"2021-01-11T18:51:57.581570466Z"}