################################################################################
# PackageCompiler set-up: 2021-01-11T16:08:27.278
#

Julia Version 1.5.3
Commit 599f52c4c6 (2020-12-18 13:33 UTC)
Platform Info:
  OS: Linux (x86_64-linux-gnu)
  CPU: AMD EPYC 7502 32-Core Processor
  WORD_SIZE: 64
  LIBM: libopenlibm
  LLVM: libLLVM-9.0.1 (ORCJIT, znver2)
Environment:
  JULIA_PKGEVAL = true
  JULIA_PKG_PRECOMPILE_AUTO = 0



################################################################################
# Installation: 2021-01-11T16:08:28.931
#

 Installing known registries into `~/.julia`
##################################################################        92.0%######################################################################## 100.0%
      Added registry `General` to `~/.julia/registries/General`
  Resolving package versions...
  Installed CompilerSupportLibraries_jll ─ v0.3.4+0
  Installed Lz4_jll ────────────────────── v1.9.2+2
  Installed Blosc_jll ──────────────────── v1.14.3+1
  Installed Zlib_jll ───────────────────── v1.2.11+18
  Installed Reexport ───────────────────── v0.2.0
  Installed PyPlot ─────────────────────── v2.9.0
  Installed PackageCompiler ────────────── v1.2.5
  Installed VersionParsing ─────────────── v1.2.0
  Installed FFTW ───────────────────────── v1.3.1
  Installed TranscodingStreams ─────────── v0.9.5
  Installed BufferedStreams ────────────── v1.0.0
  Installed MKL_jll ────────────────────── v2020.2.254+0
  Installed Dierckx ────────────────────── v0.4.2
  Installed DataStructures ─────────────── v0.17.20
  Installed Zstd_jll ───────────────────── v1.4.5+2
  Installed FFTW_jll ───────────────────── v3.3.9+7
  Installed Parameters ─────────────────── v0.12.1
  Installed ColorTypes ─────────────────── v0.10.9
  Installed OrderedCollections ─────────── v1.3.2
  Installed Colors ─────────────────────── v0.12.6
  Installed FwiFlow ────────────────────── v0.2.0
  Installed Blosc ──────────────────────── v0.7.0
  Installed HDF5 ───────────────────────── v0.13.7
  Installed HDF5_jll ───────────────────── v1.10.5+7
  Installed CodecZlib ──────────────────── v0.7.0
  Installed IntelOpenMP_jll ────────────── v2018.0.3+0
  Installed MacroTools ─────────────────── v0.5.6
  Installed URIParser ──────────────────── v0.4.1
  Installed AbstractFFTs ───────────────── v1.0.0
  Installed JLLWrappers ────────────────── v1.2.0
  Installed JSON ───────────────────────── v0.21.1
  Installed MAT ────────────────────────── v0.8.1
  Installed FixedPointNumbers ──────────── v0.8.4
  Installed Conda ──────────────────────── v1.5.0
  Installed BinDeps ────────────────────── v1.0.2
  Installed SpecialFunctions ───────────── v0.10.3
  Installed UnPack ─────────────────────── v1.0.2
  Installed Compat ─────────────────────── v3.25.0
  Installed CMake ──────────────────────── v1.2.0
  Installed OpenSpecFun_jll ────────────── v0.5.3+4
  Installed PyCall ─────────────────────── v1.92.2
  Installed BinaryProvider ─────────────── v0.5.10
  Installed Parsers ────────────────────── v1.0.15
  Installed LaTeXStrings ───────────────── v1.2.0
  Installed Artifacts ──────────────────── v1.3.0
  Installed ADCME ──────────────────────── v0.5.13
Updating `~/.julia/environments/v1.5/Project.toml`
  [a6a960b4] + FwiFlow v0.2.0
  [9b87118b] + PackageCompiler v1.2.5
Updating `~/.julia/environments/v1.5/Manifest.toml`
  [07b341a0] + ADCME v0.5.13
  [621f4979] + AbstractFFTs v1.0.0
  [56f22d72] + Artifacts v1.3.0
  [9e28174c] + BinDeps v1.0.2
  [b99e7846] + BinaryProvider v0.5.10
  [a74b3585] + Blosc v0.7.0
  [0b7ba130] + Blosc_jll v1.14.3+1
  [e1450e63] + BufferedStreams v1.0.0
  [631607c0] + CMake v1.2.0
  [944b1d66] + CodecZlib v0.7.0
  [3da002f7] + ColorTypes v0.10.9
  [5ae59095] + Colors v0.12.6
  [34da2185] + Compat v3.25.0
  [e66e0078] + CompilerSupportLibraries_jll v0.3.4+0
  [8f4d0f93] + Conda v1.5.0
  [864edb3b] + DataStructures v0.17.20
  [39dd38d3] + Dierckx v0.4.2
  [7a1cc6ca] + FFTW v1.3.1
  [f5851436] + FFTW_jll v3.3.9+7
  [53c48c17] + FixedPointNumbers v0.8.4
  [a6a960b4] + FwiFlow v0.2.0
  [f67ccb44] + HDF5 v0.13.7
  [0234f1f7] + HDF5_jll v1.10.5+7
  [1d5cc7b8] + IntelOpenMP_jll v2018.0.3+0
  [692b3bcd] + JLLWrappers v1.2.0
  [682c06a0] + JSON v0.21.1
  [b964fa9f] + LaTeXStrings v1.2.0
  [5ced341a] + Lz4_jll v1.9.2+2
  [23992714] + MAT v0.8.1
  [856f044c] + MKL_jll v2020.2.254+0
  [1914dd2f] + MacroTools v0.5.6
  [efe28fd5] + OpenSpecFun_jll v0.5.3+4
  [bac558e1] + OrderedCollections v1.3.2
  [9b87118b] + PackageCompiler v1.2.5
  [d96e819e] + Parameters v0.12.1
  [69de0a69] + Parsers v1.0.15
  [438e738f] + PyCall v1.92.2
  [d330b81b] + PyPlot v2.9.0
  [189a3867] + Reexport v0.2.0
  [276daf66] + SpecialFunctions v0.10.3
  [3bb67fe8] + TranscodingStreams v0.9.5
  [30578b45] + URIParser v0.4.1
  [3a884ed6] + UnPack v1.0.2
  [81def892] + VersionParsing v1.2.0
  [83775a58] + Zlib_jll v1.2.11+18
  [3161d3a3] + Zstd_jll v1.4.5+2
  [2a0f44e3] + Base64
  [ade2ca70] + Dates
  [8bb1440f] + DelimitedFiles
  [8ba89e20] + Distributed
  [b77e0a4c] + InteractiveUtils
  [76f85450] + LibGit2
  [8f399da3] + Libdl
  [37e2e46d] + LinearAlgebra
  [56ddb016] + Logging
  [d6f4376e] + Markdown
  [a63ad114] + Mmap
  [44cfe95a] + Pkg
  [de0858da] + Printf
  [3fa0cd96] + REPL
  [9a3f8284] + Random
  [ea8e919c] + SHA
  [9e88b42a] + Serialization
  [1a1011a3] + SharedArrays
  [6462fe0b] + Sockets
  [2f01184e] + SparseArrays
  [10745b16] + Statistics
  [8dfed614] + Test
  [cf7118a7] + UUIDs
  [4ec0a83e] + Unicode
   Building Conda ──→ `~/.julia/packages/Conda/x5ml4/deps/build.log`
   Building PyCall ─→ `~/.julia/packages/PyCall/tqyST/deps/build.log`
   Building HDF5 ───→ `~/.julia/packages/HDF5/YX0jU/deps/build.log`
   Building Dierckx → `~/.julia/packages/Dierckx/ZTanR/deps/build.log`
   Building CMake ──→ `~/.julia/packages/CMake/ULbyn/deps/build.log`
   Building FFTW ───→ `~/.julia/packages/FFTW/eADNB/deps/build.log`
   Building ADCME ──→ `~/.julia/packages/ADCME/JzSON/deps/build.log`
   Building FwiFlow → `~/.julia/packages/FwiFlow/ynbyK/deps/build.log`
┌ Error: Error building `FwiFlow`: 
│ #=#=#                                                                         ######################################################################## 100.0%
│ WARNING: Method definition size(PyCall.PyObject) in module PyCall at /home/pkgeval/.julia/packages/PyCall/tqyST/src/PyCall.jl:809 overwritten in module ADCME at /home/pkgeval/.julia/packages/ADCME/JzSON/src/variable.jl:212.
│   ** incremental compilation may be fatally broken for this module **
│ 
│ WARNING: Method definition length(PyCall.PyObject) in module PyCall at /home/pkgeval/.julia/packages/PyCall/tqyST/src/PyCall.jl:808 overwritten in module ADCME at /home/pkgeval/.julia/packages/ADCME/JzSON/src/variable.jl:236.
│   ** incremental compilation may be fatally broken for this module **
│ 
│ WARNING: Method definition lastindex(PyCall.PyObject) in module PyCall at deprecated.jl:70 overwritten in module ADCME at /home/pkgeval/.julia/packages/ADCME/JzSON/src/variable.jl:424.
│   ** incremental compilation may be fatally broken for this module **
│ 
│ WARNING: Method definition *(PyCall.PyObject, PyCall.PyObject) in module PyCall at /home/pkgeval/.julia/packages/PyCall/tqyST/src/pyoperators.jl:11 overwritten in module ADCME at /home/pkgeval/.julia/packages/ADCME/JzSON/src/ops.jl:102.
│   ** incremental compilation may be fatally broken for this module **
│ 
│ OMP: Info #212: KMP_AFFINITY: decoding x2APIC ids.
│ OMP: Info #210: KMP_AFFINITY: Affinity capable, using global cpuid leaf 11 info
│ OMP: Info #154: KMP_AFFINITY: Initial OS proc set respected: 22
│ OMP: Info #156: KMP_AFFINITY: 1 available OS procs
│ OMP: Info #157: KMP_AFFINITY: Uniform topology
│ OMP: Info #159: KMP_AFFINITY: 1 packages x 1 cores/pkg x 1 threads/core (1 total cores)
│ OMP: Info #214: KMP_AFFINITY: OS proc to physical thread map:
│ OMP: Info #171: KMP_AFFINITY: OS proc 22 maps to package 0 
│ OMP: Info #250: KMP_AFFINITY: pid 4264 tid 4264 thread 0 bound to OS proc set 22
│ -- The C compiler identification is GNU 5.4.0
│ -- The CXX compiler identification is GNU 5.4.0
│ -- Detecting C compiler ABI info
│ -- Detecting C compiler ABI info - done
│ -- Check for working C compiler: /home/pkgeval/.julia/adcme/bin/x86_64-conda_cos6-linux-gnu-gcc - skipped
│ -- Detecting C compile features
│ -- Detecting C compile features - done
│ -- Detecting CXX compiler ABI info
│ -- Detecting CXX compiler ABI info - done
│ -- Check for working CXX compiler: /home/pkgeval/.julia/adcme/bin/x86_64-conda_cos6-linux-gnu-g++ - skipped
│ -- Detecting CXX compile features
│ -- Detecting CXX compile features - done
│ JULIA=/opt/julia/bin/julia
│ OMP: Info #212: KMP_AFFINITY: decoding x2APIC ids.
│ OMP: Info #210: KMP_AFFINITY: Affinity capable, using global cpuid leaf 11 info
│ OMP: Info #154: KMP_AFFINITY: Initial OS proc set respected: 22
│ OMP: Info #156: KMP_AFFINITY: 1 available OS procs
│ OMP: Info #157: KMP_AFFINITY: Uniform topology
│ OMP: Info #159: KMP_AFFINITY: 1 packages x 1 cores/pkg x 1 threads/core (1 total cores)
│ OMP: Info #214: KMP_AFFINITY: OS proc to physical thread map:
│ OMP: Info #171: KMP_AFFINITY: OS proc 22 maps to package 0 
│ OMP: Info #250: KMP_AFFINITY: pid 4361 tid 4361 thread 0 bound to OS proc set 22
│ ┌ Warning: Cannot load /home/pkgeval/.julia/packages/ADCME/JzSON/deps/CustomOps/build/libadcme.so. Please recompile the shared library by `ADCME.precompile()` for using custom operators.
│ └ @ ADCME ~/.julia/packages/ADCME/JzSON/src/ADCME.jl:95
│ Python path=/home/pkgeval/.julia/adcme/bin/python
│ PREFIXDIR=/home/pkgeval/.julia/adcme/lib/Libraries
│ TF_INC=/home/pkgeval/.julia/adcme/lib/python3.7/site-packages/tensorflow_core/include
│ TF_ABI=1
│ TF_LIB_FILE=/home/pkgeval/.julia/adcme/lib/python3.7/site-packages/tensorflow_core/libtensorflow_framework.so.1
│ MPI_INCLUDE_PATH and/or MPI_C_LIBRARIES is not set. MPI operators are not compiled.
│ -- Found OpenMP_C: -fopenmp (found version "4.0") 
│ -- Found OpenMP_CXX: -fopenmp (found version "4.0") 
│ -- Found OpenMP: TRUE (found version "4.0")  
│ OPENMP Found
│ -- Configuring done
│ -- Generating done
│ -- Build files have been written to: /home/pkgeval/.julia/packages/ADCME/JzSON/deps/CustomOps/build
│ [1/20] Building CXX object CMakeFiles/adcme.dir/OT/src/sinkhorn.cpp.o
│ [2/20] Building CXX object CMakeFiles/adcme.dir/SleepFor/SleepFor.cpp.o
│ [3/20] Building CXX object CMakeFiles/adcme.dir/PrintTensor/PrintTensor.cpp.o
│ [4/20] Building CXX object CMakeFiles/adcme.dir/SparseAccumulate/Impl.cpp.o
│ [5/20] Building CXX object CMakeFiles/adcme.dir/TriSolve/TriSolve.cpp.o
│ [6/20] Building CXX object CMakeFiles/adcme.dir/SparseToDense/SparseToDense.cpp.o
│ [7/20] Building CXX object CMakeFiles/adcme.dir/TriLu/TriLu.cpp.o
│ [8/20] Building CXX object CMakeFiles/adcme.dir/SparseAccumulate/SparseAccumulator.cpp.o
│ [9/20] Building CXX object CMakeFiles/adcme.dir/SparseFactorizationSolve/lru_cache.cpp.o
│ [10/20] Building CXX object CMakeFiles/adcme.dir/SparseConcate/SparseConcate.cpp.o
│ [11/20] Building CXX object CMakeFiles/adcme.dir/SparseScatterUpdate/SparseScatterUpdate.cpp.o
│ [12/20] Building CXX object CMakeFiles/adcme.dir/OT/SinkhornKnopp/SinkhornKnopp.cpp.o
│ [13/20] Building CXX object CMakeFiles/adcme.dir/SparseIndexing/SparseIndexing.cpp.o
│ [14/20] Building CXX object CMakeFiles/adcme.dir/SparseMatMul/SparseMatMul.cpp.o
│ [15/20] Building CXX object CMakeFiles/adcme.dir/SparseFactorizationSolve/Solve/Solve.cpp.o
│ [16/20] Building CXX object CMakeFiles/adcme.dir/SolveBatchedRhs/SolveBatchedRhs.cpp.o
│ [17/20] Building CXX object CMakeFiles/adcme.dir/SparseFactorizationSolve/Factorization/SparseFactorization.cpp.o
│ [18/20] Building CXX object CMakeFiles/adcme.dir/SparseLeastSquare/SparseLeastSquare.cpp.o
│ [19/20] Building CXX object CMakeFiles/adcme.dir/SparseSolver/SparseSolver.cpp.o
│ [20/20] Linking CXX shared library libadcme.so
│ Collecting package metadata (current_repodata.json): ...working... done
│ Solving environment: ...working... done
│ 
│ ## Package Plan ##
│ 
│   environment location: /home/pkgeval/.julia/conda/3
│ 
│   added / updated specs:
│     - boost
│ 
│ 
│ The following packages will be downloaded:
│ 
│     package                    |            build
│     ---------------------------|-----------------
│     boost-1.73.0               |          py38_11          29 KB  anaconda
│     bzip2-1.0.8                |       h7b6447c_0         105 KB  anaconda
│     ca-certificates-2020.10.14 |                0         128 KB  anaconda
│     certifi-2020.6.20          |           py38_0         160 KB  anaconda
│     icu-58.2                   |       he6710b0_3        22.7 MB  anaconda
│     libboost-1.73.0            |      h37e3b65_11        21.2 MB  anaconda
│     lz4-c-1.9.2                |       heb0550a_3         203 KB  anaconda
│     py-boost-1.73.0            |  py38h962f231_11         278 KB  anaconda
│     zstd-1.4.5                 |       h9ceee32_0         716 KB  anaconda
│     ------------------------------------------------------------
│                                            Total:        45.5 MB
│ 
│ The following NEW packages will be INSTALLED:
│ 
│   boost              anaconda/linux-64::boost-1.73.0-py38_11
│   bzip2              anaconda/linux-64::bzip2-1.0.8-h7b6447c_0
│   icu                anaconda/linux-64::icu-58.2-he6710b0_3
│   libboost           anaconda/linux-64::libboost-1.73.0-h37e3b65_11
│   lz4-c              anaconda/linux-64::lz4-c-1.9.2-heb0550a_3
│   py-boost           anaconda/linux-64::py-boost-1.73.0-py38h962f231_11
│   zstd               anaconda/linux-64::zstd-1.4.5-h9ceee32_0
│ 
│ The following packages will be SUPERSEDED by a higher-priority channel:
│ 
│   ca-certificates    pkgs/main::ca-certificates-2020.12.8-~ --> anaconda::ca-certificates-2020.10.14-0
│   certifi            pkgs/main::certifi-2020.12.5-py38h06a~ --> anaconda::certifi-2020.6.20-py38_0
│ 
│ 
│ Preparing transaction: ...working... done
│ Verifying transaction: ...working... done
│ Executing transaction: ...working... done
│ Archive:  /home/pkgeval/.julia/packages/FwiFlow/ynbyK/deps/amgcl.zip
│ 221aa9a92f2f62f9510e715bd1ea9de71a3b0817
│    creating: /home/pkgeval/.julia/packages/FwiFlow/ynbyK/deps/amgcl-master/
│   inflating: /home/pkgeval/.julia/packages/FwiFlow/ynbyK/deps/amgcl-master/.appveyor.yml  
│   inflating: /home/pkgeval/.julia/packages/FwiFlow/ynbyK/deps/amgcl-master/.gitignore  
│   inflating: /home/pkgeval/.julia/packages/FwiFlow/ynbyK/deps/amgcl-master/.gitmodules  
│   inflating: /home/pkgeval/.julia/packages/FwiFlow/ynbyK/deps/amgcl-master/.travis.yml  
│    creating: /home/pkgeval/.julia/packages/FwiFlow/ynbyK/deps/amgcl-master/.travis/
│   inflating: /home/pkgeval/.julia/packages/FwiFlow/ynbyK/deps/amgcl-master/.travis/install_boost.sh  
│   inflating: /home/pkgeval/.julia/packages/FwiFlow/ynbyK/deps/amgcl-master/CMakeLists.txt  
│   inflating: /home/pkgeval/.julia/packages/FwiFlow/ynbyK/deps/amgcl-master/LICENSE.md  
│   inflating: /home/pkgeval/.julia/packages/FwiFlow/ynbyK/deps/amgcl-master/MANIFEST.in  
│   inflating: /home/pkgeval/.julia/packages/FwiFlow/ynbyK/deps/amgcl-master/README.md  
│    creating: /home/pkgeval/.julia/packages/FwiFlow/ynbyK/deps/amgcl-master/amgcl/
│    creating: /home/pkgeval/.julia/packages/FwiFlow/ynbyK/deps/amgcl-master/amgcl/adapter/
│   inflating: /home/pkgeval/.julia/packages/FwiFlow/ynbyK/deps/amgcl-master/amgcl/adapter/block_matrix.hpp  
│   inflating: /home/pkgeval/.julia/packages/FwiFlow/ynbyK/deps/amgcl-master/amgcl/adapter/complex.hpp  
│   inflating: /home/pkgeval/.julia/packages/FwiFlow/ynbyK/deps/amgcl-master/amgcl/adapter/crs_builder.hpp  
│   inflating: /home/pkgeval/.julia/packages/FwiFlow/ynbyK/deps/amgcl-master/amgcl/adapter/crs_tuple.hpp  
│   inflating: /home/pkgeval/.julia/packages/FwiFlow/ynbyK/deps/amgcl-master/amgcl/adapter/eigen.hpp  
│   inflating: /home/pkgeval/.julia/packages/FwiFlow/ynbyK/deps/amgcl-master/amgcl/adapter/epetra.hpp  
│   inflating: /home/pkgeval/.julia/packages/FwiFlow/ynbyK/deps/amgcl-master/amgcl/adapter/reorder.hpp  
│   inflating: /home/pkgeval/.julia/packages/FwiFlow/ynbyK/deps/amgcl-master/amgcl/adapter/scaled_problem.hpp  
│   inflating: /home/pkgeval/.julia/packages/FwiFlow/ynbyK/deps/amgcl-master/amgcl/adapter/ublas.hpp  
│   inflating: /home/pkgeval/.julia/packages/FwiFlow/ynbyK/deps/amgcl-master/amgcl/adapter/zero_copy.hpp  
│   inflating: /home/pkgeval/.julia/packages/FwiFlow/ynbyK/deps/amgcl-master/amgcl/amg.hpp  
│    creating: /home/pkgeval/.julia/packages/FwiFlow/ynbyK/deps/amgcl-master/amgcl/backend/
│   inflating: /home/pkgeval/.julia/packages/FwiFlow/ynbyK/deps/amgcl-master/amgcl/backend/blaze.hpp  
│   inflating: /home/pkgeval/.julia/packages/FwiFlow/ynbyK/deps/amgcl-master/amgcl/backend/block_crs.hpp  
│   inflating: /home/pkgeval/.julia/packages/FwiFlow/ynbyK/deps/amgcl-master/amgcl/backend/builtin.hpp  
│   inflating: /home/pkgeval/.julia/packages/FwiFlow/ynbyK/deps/amgcl-master/amgcl/backend/cuda.hpp  
│    creating: /home/pkgeval/.julia/packages/FwiFlow/ynbyK/deps/amgcl-master/amgcl/backend/detail/
│   inflating: /home/pkgeval/.julia/packages/FwiFlow/ynbyK/deps/amgcl-master/amgcl/backend/detail/default_direct_solver.hpp  
│   inflating: /home/pkgeval/.julia/packages/FwiFlow/ynbyK/deps/amgcl-master/amgcl/backend/detail/matrix_ops.hpp  
│   inflating: /home/pkgeval/.julia/packages/FwiFlow/ynbyK/deps/amgcl-master/amgcl/backend/detail/mixing.hpp  
│   inflating: /home/pkgeval/.julia/packages/FwiFlow/ynbyK/deps/amgcl-master/amgcl/backend/eigen.hpp  
│   inflating: /home/pkgeval/.julia/packages/FwiFlow/ynbyK/deps/amgcl-master/amgcl/backend/hpx.hpp  
│   inflating: /home/pkgeval/.julia/packages/FwiFlow/ynbyK/deps/amgcl-master/amgcl/backend/interface.hpp  
│   inflating: /home/pkgeval/.julia/packages/FwiFlow/ynbyK/deps/amgcl-master/amgcl/backend/vexcl.hpp  
│   inflating: /home/pkgeval/.julia/packages/FwiFlow/ynbyK/deps/amgcl-master/amgcl/backend/vexcl_static_matrix.hpp  
│   inflating: /home/pkgeval/.julia/packages/FwiFlow/ynbyK/deps/amgcl-master/amgcl/backend/viennacl.hpp  
│    creating: /home/pkgeval/.julia/packages/FwiFlow/ynbyK/deps/amgcl-master/amgcl/coarsening/
│   inflating: /home/pkgeval/.julia/packages/FwiFlow/ynbyK/deps/amgcl-master/amgcl/coarsening/aggregation.hpp  
│    creating: /home/pkgeval/.julia/packages/FwiFlow/ynbyK/deps/amgcl-master/amgcl/coarsening/detail/
│   inflating: /home/pkgeval/.julia/packages/FwiFlow/ynbyK/deps/amgcl-master/amgcl/coarsening/detail/galerkin.hpp  
│   inflating: /home/pkgeval/.julia/packages/FwiFlow/ynbyK/deps/amgcl-master/amgcl/coarsening/detail/scaled_galerkin.hpp  
│   inflating: /home/pkgeval/.julia/packages/FwiFlow/ynbyK/deps/amgcl-master/amgcl/coarsening/plain_aggregates.hpp  
│   inflating: /home/pkgeval/.julia/packages/FwiFlow/ynbyK/deps/amgcl-master/amgcl/coarsening/pointwise_aggregates.hpp  
│   inflating: /home/pkgeval/.julia/packages/FwiFlow/ynbyK/deps/amgcl-master/amgcl/coarsening/rigid_body_modes.hpp  
│   inflating: /home/pkgeval/.julia/packages/FwiFlow/ynbyK/deps/amgcl-master/amgcl/coarsening/ruge_stuben.hpp  
│   inflating: /home/pkgeval/.julia/packages/FwiFlow/ynbyK/deps/amgcl-master/amgcl/coarsening/runtime.hpp  
│   inflating: /home/pkgeval/.julia/packages/FwiFlow/ynbyK/deps/amgcl-master/amgcl/coarsening/smoothed_aggr_emin.hpp  
│   inflating: /home/pkgeval/.julia/packages/FwiFlow/ynbyK/deps/amgcl-master/amgcl/coarsening/smoothed_aggregation.hpp  
│   inflating: /home/pkgeval/.julia/packages/FwiFlow/ynbyK/deps/amgcl-master/amgcl/coarsening/tentative_prolongation.hpp  
│   inflating: /home/pkgeval/.julia/packages/FwiFlow/ynbyK/deps/amgcl-master/amgcl/deflated_solver.hpp  
│    creating: /home/pkgeval/.julia/packages/FwiFlow/ynbyK/deps/amgcl-master/amgcl/detail/
│   inflating: /home/pkgeval/.julia/packages/FwiFlow/ynbyK/deps/amgcl-master/amgcl/detail/inverse.hpp  
│   inflating: /home/pkgeval/.julia/packages/FwiFlow/ynbyK/deps/amgcl-master/amgcl/detail/qr.hpp  
│   inflating: /home/pkgeval/.julia/packages/FwiFlow/ynbyK/deps/amgcl-master/amgcl/detail/sort_row.hpp  
│   inflating: /home/pkgeval/.julia/packages/FwiFlow/ynbyK/deps/amgcl-master/amgcl/detail/spgemm.hpp  
│    creating: /home/pkgeval/.julia/packages/FwiFlow/ynbyK/deps/amgcl-master/amgcl/io/
│   inflating: /home/pkgeval/.julia/packages/FwiFlow/ynbyK/deps/amgcl-master/amgcl/io/binary.hpp  
│   inflating: /home/pkgeval/.julia/packages/FwiFlow/ynbyK/deps/amgcl-master/amgcl/io/ios_saver.hpp  
│   inflating: /home/pkgeval/.julia/packages/FwiFlow/ynbyK/deps/amgcl-master/amgcl/io/mm.hpp  
│   inflating: /home/pkgeval/.julia/packages/FwiFlow/ynbyK/deps/amgcl-master/amgcl/make_block_solver.hpp  
│   inflating: /home/pkgeval/.julia/packages/FwiFlow/ynbyK/deps/amgcl-master/amgcl/make_solver.hpp  
│    creating: /home/pkgeval/.julia/packages/FwiFlow/ynbyK/deps/amgcl-master/amgcl/mpi/
│   inflating: /home/pkgeval/.julia/packages/FwiFlow/ynbyK/deps/amgcl-master/amgcl/mpi/amg.hpp  
│   inflating: /home/pkgeval/.julia/packages/FwiFlow/ynbyK/deps/amgcl-master/amgcl/mpi/block_preconditioner.hpp  
│    creating: /home/pkgeval/.julia/packages/FwiFlow/ynbyK/deps/amgcl-master/amgcl/mpi/coarsening/
│   inflating: /home/pkgeval/.julia/packages/FwiFlow/ynbyK/deps/amgcl-master/amgcl/mpi/coarsening/aggregation.hpp  
│   inflating: /home/pkgeval/.julia/packages/FwiFlow/ynbyK/deps/amgcl-master/amgcl/mpi/coarsening/pmis.hpp  
│   inflating: /home/pkgeval/.julia/packages/FwiFlow/ynbyK/deps/amgcl-master/amgcl/mpi/coarsening/runtime.hpp  
│   inflating: /home/pkgeval/.julia/packages/FwiFlow/ynbyK/deps/amgcl-master/amgcl/mpi/coarsening/smoothed_aggregation.hpp  
│   inflating: /home/pkgeval/.julia/packages/FwiFlow/ynbyK/deps/amgcl-master/amgcl/mpi/cpr.hpp  
│    creating: /home/pkgeval/.julia/packages/FwiFlow/ynbyK/deps/amgcl-master/amgcl/mpi/direct_solver/
│   inflating: /home/pkgeval/.julia/packages/FwiFlow/ynbyK/deps/amgcl-master/amgcl/mpi/direct_solver/eigen_splu.hpp  
│   inflating: /home/pkgeval/.julia/packages/FwiFlow/ynbyK/deps/amgcl-master/amgcl/mpi/direct_solver/pastix.hpp  
│   inflating: /home/pkgeval/.julia/packages/FwiFlow/ynbyK/deps/amgcl-master/amgcl/mpi/direct_solver/runtime.hpp  
│   inflating: /home/pkgeval/.julia/packages/FwiFlow/ynbyK/deps/amgcl-master/amgcl/mpi/direct_solver/skyline_lu.hpp  
│   inflating: /home/pkgeval/.julia/packages/FwiFlow/ynbyK/deps/amgcl-master/amgcl/mpi/direct_solver/solver_base.hpp  
│   inflating: /home/pkgeval/.julia/packages/FwiFlow/ynbyK/deps/amgcl-master/amgcl/mpi/distributed_matrix.hpp  
│   inflating: /home/pkgeval/.julia/packages/FwiFlow/ynbyK/deps/amgcl-master/amgcl/mpi/inner_product.hpp  
│   inflating: /home/pkgeval/.julia/packages/FwiFlow/ynbyK/deps/amgcl-master/amgcl/mpi/make_solver.hpp  
│    creating: /home/pkgeval/.julia/packages/FwiFlow/ynbyK/deps/amgcl-master/amgcl/mpi/partition/
│   inflating: /home/pkgeval/.julia/packages/FwiFlow/ynbyK/deps/amgcl-master/amgcl/mpi/partition/merge.hpp  
│   inflating: /home/pkgeval/.julia/packages/FwiFlow/ynbyK/deps/amgcl-master/amgcl/mpi/partition/parmetis.hpp  
│   inflating: /home/pkgeval/.julia/packages/FwiFlow/ynbyK/deps/amgcl-master/amgcl/mpi/partition/ptscotch.hpp  
│   inflating: /home/pkgeval/.julia/packages/FwiFlow/ynbyK/deps/amgcl-master/amgcl/mpi/partition/runtime.hpp  
│   inflating: /home/pkgeval/.julia/packages/FwiFlow/ynbyK/deps/amgcl-master/amgcl/mpi/partition/util.hpp  
│   inflating: /home/pkgeval/.julia/packages/FwiFlow/ynbyK/deps/amgcl-master/amgcl/mpi/preconditioner.hpp  
│    creating: /home/pkgeval/.julia/packages/FwiFlow/ynbyK/deps/amgcl-master/amgcl/mpi/relaxation/
│   inflating: /home/pkgeval/.julia/packages/FwiFlow/ynbyK/deps/amgcl-master/amgcl/mpi/relaxation/as_preconditioner.hpp  
│   inflating: /home/pkgeval/.julia/packages/FwiFlow/ynbyK/deps/amgcl-master/amgcl/mpi/relaxation/chebyshev.hpp  
│   inflating: /home/pkgeval/.julia/packages/FwiFlow/ynbyK/deps/amgcl-master/amgcl/mpi/relaxation/damped_jacobi.hpp  
│   inflating: /home/pkgeval/.julia/packages/FwiFlow/ynbyK/deps/amgcl-master/amgcl/mpi/relaxation/gauss_seidel.hpp  
│   inflating: /home/pkgeval/.julia/packages/FwiFlow/ynbyK/deps/amgcl-master/amgcl/mpi/relaxation/ilu0.hpp  
│   inflating: /home/pkgeval/.julia/packages/FwiFlow/ynbyK/deps/amgcl-master/amgcl/mpi/relaxation/iluk.hpp  
│   inflating: /home/pkgeval/.julia/packages/FwiFlow/ynbyK/deps/amgcl-master/amgcl/mpi/relaxation/ilup.hpp  
│   inflating: /home/pkgeval/.julia/packages/FwiFlow/ynbyK/deps/amgcl-master/amgcl/mpi/relaxation/ilut.hpp  
│   inflating: /home/pkgeval/.julia/packages/FwiFlow/ynbyK/deps/amgcl-master/amgcl/mpi/relaxation/runtime.hpp  
│   inflating: /home/pkgeval/.julia/packages/FwiFlow/ynbyK/deps/amgcl-master/amgcl/mpi/relaxation/spai0.hpp  
│   inflating: /home/pkgeval/.julia/packages/FwiFlow/ynbyK/deps/amgcl-master/amgcl/mpi/relaxation/spai1.hpp  
│   inflating: /home/pkgeval/.julia/packages/FwiFlow/ynbyK/deps/amgcl-master/amgcl/mpi/schur_pressure_correction.hpp  
│    creating: /home/pkgeval/.julia/packages/FwiFlow/ynbyK/deps/amgcl-master/amgcl/mpi/solver/
│   inflating: /home/pkgeval/.julia/packages/FwiFlow/ynbyK/deps/amgcl-master/amgcl/mpi/solver/bicgstab.hpp  
│   inflating: /home/pkgeval/.julia/packages/FwiFlow/ynbyK/deps/amgcl-master/amgcl/mpi/solver/bicgstabl.hpp  
│   inflating: /home/pkgeval/.julia/packages/FwiFlow/ynbyK/deps/amgcl-master/amgcl/mpi/solver/cg.hpp  
│   inflating: /home/pkgeval/.julia/packages/FwiFlow/ynbyK/deps/amgcl-master/amgcl/mpi/solver/fgmres.hpp  
│   inflating: /home/pkgeval/.julia/packages/FwiFlow/ynbyK/deps/amgcl-master/amgcl/mpi/solver/gmres.hpp  
│   inflating: /home/pkgeval/.julia/packages/FwiFlow/ynbyK/deps/amgcl-master/amgcl/mpi/solver/idrs.hpp  
│   inflating: /home/pkgeval/.julia/packages/FwiFlow/ynbyK/deps/amgcl-master/amgcl/mpi/solver/lgmres.hpp  
│   inflating: /home/pkgeval/.julia/packages/FwiFlow/ynbyK/deps/amgcl-master/amgcl/mpi/solver/preonly.hpp  
│   inflating: /home/pkgeval/.julia/packages/FwiFlow/ynbyK/deps/amgcl-master/amgcl/mpi/solver/richardson.hpp  
│   inflating: /home/pkgeval/.julia/packages/FwiFlow/ynbyK/deps/amgcl-master/amgcl/mpi/solver/runtime.hpp  
│   inflating: /home/pkgeval/.julia/packages/FwiFlow/ynbyK/deps/amgcl-master/amgcl/mpi/subdomain_deflation.hpp  
│   inflating: /home/pkgeval/.julia/packages/FwiFlow/ynbyK/deps/amgcl-master/amgcl/mpi/util.hpp  
│    creating: /home/pkgeval/.julia/packages/FwiFlow/ynbyK/deps/amgcl-master/amgcl/perf_counter/
│   inflating: /home/pkgeval/.julia/packages/FwiFlow/ynbyK/deps/amgcl-master/amgcl/perf_counter/clock.hpp  
│   inflating: /home/pkgeval/.julia/packages/FwiFlow/ynbyK/deps/amgcl-master/amgcl/perf_counter/cray_energy.hpp  
│   inflating: /home/pkgeval/.julia/packages/FwiFlow/ynbyK/deps/amgcl-master/amgcl/perf_counter/mpi_aggregator.hpp  
│    creating: /home/pkgeval/.julia/packages/FwiFlow/ynbyK/deps/amgcl-master/amgcl/preconditioner/
│   inflating: /home/pkgeval/.julia/packages/FwiFlow/ynbyK/deps/amgcl-master/amgcl/preconditioner/cpr.hpp  
│   inflating: /home/pkgeval/.julia/packages/FwiFlow/ynbyK/deps/amgcl-master/amgcl/preconditioner/cpr_drs.hpp  
│   inflating: /home/pkgeval/.julia/packages/FwiFlow/ynbyK/deps/amgcl-master/amgcl/preconditioner/dummy.hpp  
│   inflating: /home/pkgeval/.julia/packages/FwiFlow/ynbyK/deps/amgcl-master/amgcl/preconditioner/runtime.hpp  
│   inflating: /home/pkgeval/.julia/packages/FwiFlow/ynbyK/deps/amgcl-master/amgcl/preconditioner/schur_pressure_correction.hpp  
│   inflating: /home/pkgeval/.julia/packages/FwiFlow/ynbyK/deps/amgcl-master/amgcl/profiler.hpp  
│    creating: /home/pkgeval/.julia/packages/FwiFlow/ynbyK/deps/amgcl-master/amgcl/relaxation/
│   inflating: /home/pkgeval/.julia/packages/FwiFlow/ynbyK/deps/amgcl-master/amgcl/relaxation/as_preconditioner.hpp  
│   inflating: /home/pkgeval/.julia/packages/FwiFlow/ynbyK/deps/amgcl-master/amgcl/relaxation/chebyshev.hpp  
│   inflating: /home/pkgeval/.julia/packages/FwiFlow/ynbyK/deps/amgcl-master/amgcl/relaxation/cusparse_ilu0.hpp  
│   inflating: /home/pkgeval/.julia/packages/FwiFlow/ynbyK/deps/amgcl-master/amgcl/relaxation/damped_jacobi.hpp  
│    creating: /home/pkgeval/.julia/packages/FwiFlow/ynbyK/deps/amgcl-master/amgcl/relaxation/detail/
│   inflating: /home/pkgeval/.julia/packages/FwiFlow/ynbyK/deps/amgcl-master/amgcl/relaxation/detail/ilu_solve.hpp  
│   inflating: /home/pkgeval/.julia/packages/FwiFlow/ynbyK/deps/amgcl-master/amgcl/relaxation/gauss_seidel.hpp  
│   inflating: /home/pkgeval/.julia/packages/FwiFlow/ynbyK/deps/amgcl-master/amgcl/relaxation/ilu0.hpp  
│   inflating: /home/pkgeval/.julia/packages/FwiFlow/ynbyK/deps/amgcl-master/amgcl/relaxation/iluk.hpp  
│   inflating: /home/pkgeval/.julia/packages/FwiFlow/ynbyK/deps/amgcl-master/amgcl/relaxation/ilup.hpp  
│   inflating: /home/pkgeval/.julia/packages/FwiFlow/ynbyK/deps/amgcl-master/amgcl/relaxation/ilut.hpp  
│   inflating: /home/pkgeval/.julia/packages/FwiFlow/ynbyK/deps/amgcl-master/amgcl/relaxation/runtime.hpp  
│   inflating: /home/pkgeval/.julia/packages/FwiFlow/ynbyK/deps/amgcl-master/amgcl/relaxation/spai0.hpp  
│   inflating: /home/pkgeval/.julia/packages/FwiFlow/ynbyK/deps/amgcl-master/amgcl/relaxation/spai1.hpp  
│    creating: /home/pkgeval/.julia/packages/FwiFlow/ynbyK/deps/amgcl-master/amgcl/reorder/
│   inflating: /home/pkgeval/.julia/packages/FwiFlow/ynbyK/deps/amgcl-master/amgcl/reorder/cuthill_mckee.hpp  
│    creating: /home/pkgeval/.julia/packages/FwiFlow/ynbyK/deps/amgcl-master/amgcl/solver/
│   inflating: /home/pkgeval/.julia/packages/FwiFlow/ynbyK/deps/amgcl-master/amgcl/solver/bicgstab.hpp  
│   inflating: /home/pkgeval/.julia/packages/FwiFlow/ynbyK/deps/amgcl-master/amgcl/solver/bicgstabl.hpp  
│   inflating: /home/pkgeval/.julia/packages/FwiFlow/ynbyK/deps/amgcl-master/amgcl/solver/cg.hpp  
│    creating: /home/pkgeval/.julia/packages/FwiFlow/ynbyK/deps/amgcl-master/amgcl/solver/detail/
│   inflating: /home/pkgeval/.julia/packages/FwiFlow/ynbyK/deps/amgcl-master/amgcl/solver/detail/default_inner_product.hpp  
│   inflating: /home/pkgeval/.julia/packages/FwiFlow/ynbyK/deps/amgcl-master/amgcl/solver/detail/givens_rotations.hpp  
│   inflating: /home/pkgeval/.julia/packages/FwiFlow/ynbyK/deps/amgcl-master/amgcl/solver/eigen.hpp  
│   inflating: /home/pkgeval/.julia/packages/FwiFlow/ynbyK/deps/amgcl-master/amgcl/solver/fgmres.hpp  
│   inflating: /home/pkgeval/.julia/packages/FwiFlow/ynbyK/deps/amgcl-master/amgcl/solver/gmres.hpp  
│   inflating: /home/pkgeval/.julia/packages/FwiFlow/ynbyK/deps/amgcl-master/amgcl/solver/idrs.hpp  
│   inflating: /home/pkgeval/.julia/packages/FwiFlow/ynbyK/deps/amgcl-master/amgcl/solver/lgmres.hpp  
│   inflating: /home/pkgeval/.julia/packages/FwiFlow/ynbyK/deps/amgcl-master/amgcl/solver/precond_side.hpp  
│   inflating: /home/pkgeval/.julia/packages/FwiFlow/ynbyK/deps/amgcl-master/amgcl/solver/preonly.hpp  
│   inflating: /home/pkgeval/.julia/packages/FwiFlow/ynbyK/deps/amgcl-master/amgcl/solver/richardson.hpp  
│   inflating: /home/pkgeval/.julia/packages/FwiFlow/ynbyK/deps/amgcl-master/amgcl/solver/runtime.hpp  
│   inflating: /home/pkgeval/.julia/packages/FwiFlow/ynbyK/deps/amgcl-master/amgcl/solver/skyline_lu.hpp  
│   inflating: /home/pkgeval/.julia/packages/FwiFlow/ynbyK/deps/amgcl-master/amgcl/util.hpp  
│    creating: /home/pkgeval/.julia/packages/FwiFlow/ynbyK/deps/amgcl-master/amgcl/value_type/
│   inflating: /home/pkgeval/.julia/packages/FwiFlow/ynbyK/deps/amgcl-master/amgcl/value_type/complex.hpp  
│   inflating: /home/pkgeval/.julia/packages/FwiFlow/ynbyK/deps/amgcl-master/amgcl/value_type/eigen.hpp  
│   inflating: /home/pkgeval/.julia/packages/FwiFlow/ynbyK/deps/amgcl-master/amgcl/value_type/interface.hpp  
│   inflating: /home/pkgeval/.julia/packages/FwiFlow/ynbyK/deps/amgcl-master/amgcl/value_type/static_matrix.hpp  
│    creating: /home/pkgeval/.julia/packages/FwiFlow/ynbyK/deps/amgcl-master/cmake/
│   inflating: /home/pkgeval/.julia/packages/FwiFlow/ynbyK/deps/amgcl-master/cmake/FindMetis.cmake  
│   inflating: /home/pkgeval/.julia/packages/FwiFlow/ynbyK/deps/amgcl-master/cmake/FindNumPy.cmake  
│   inflating: /home/pkgeval/.julia/packages/FwiFlow/ynbyK/deps/amgcl-master/cmake/FindPastix.cmake  
│   inflating: /home/pkgeval/.julia/packages/FwiFlow/ynbyK/deps/amgcl-master/cmake/FindScotch.cmake  
│   inflating: /home/pkgeval/.julia/packages/FwiFlow/ynbyK/deps/amgcl-master/cmake/amgcl-config.cmake.in  
│    creating: /home/pkgeval/.julia/packages/FwiFlow/ynbyK/deps/amgcl-master/cmake/opencl/
│   inflating: /home/pkgeval/.julia/packages/FwiFlow/ynbyK/deps/amgcl-master/cmake/opencl/FindOpenCL.cmake  
│    creating: /home/pkgeval/.julia/packages/FwiFlow/ynbyK/deps/amgcl-master/delphi/
│   inflating: /home/pkgeval/.julia/packages/FwiFlow/ynbyK/deps/amgcl-master/delphi/amgcl.pas  
│   inflating: /home/pkgeval/.julia/packages/FwiFlow/ynbyK/deps/amgcl-master/delphi/solve.dpr  
│    creating: /home/pkgeval/.julia/packages/FwiFlow/ynbyK/deps/amgcl-master/docker/
│   inflating: /home/pkgeval/.julia/packages/FwiFlow/ynbyK/deps/amgcl-master/docker/Dockerfile  
│   inflating: /home/pkgeval/.julia/packages/FwiFlow/ynbyK/deps/amgcl-master/docker/README.md  
│    creating: /home/pkgeval/.julia/packages/FwiFlow/ynbyK/deps/amgcl-master/docs/
│  extracting: /home/pkgeval/.julia/packages/FwiFlow/ynbyK/deps/amgcl-master/docs/.gitignore  
│   inflating: /home/pkgeval/.julia/packages/FwiFlow/ynbyK/deps/amgcl-master/docs/CMakeLists.txt  
│   inflating: /home/pkgeval/.julia/packages/FwiFlow/ynbyK/deps/amgcl-master/docs/amg_overview.rst  
│   inflating: /home/pkgeval/.julia/packages/FwiFlow/ynbyK/deps/amgcl-master/docs/benchmarks.rst  
│   inflating: /home/pkgeval/.julia/packages/FwiFlow/ynbyK/deps/amgcl-master/docs/bibliography.rst  
│   inflating: /home/pkgeval/.julia/packages/FwiFlow/ynbyK/deps/amgcl-master/docs/components.rst  
│    creating: /home/pkgeval/.julia/packages/FwiFlow/ynbyK/deps/amgcl-master/docs/components/
│   inflating: /home/pkgeval/.julia/packages/FwiFlow/ynbyK/deps/amgcl-master/docs/components/adapters.rst  
│   inflating: /home/pkgeval/.julia/packages/FwiFlow/ynbyK/deps/amgcl-master/docs/components/backends.rst  
│   inflating: /home/pkgeval/.julia/packages/FwiFlow/ynbyK/deps/amgcl-master/docs/components/coarsening.rst  
│   inflating: /home/pkgeval/.julia/packages/FwiFlow/ynbyK/deps/amgcl-master/docs/components/coupled_solvers.rst  
│   inflating: /home/pkgeval/.julia/packages/FwiFlow/ynbyK/deps/amgcl-master/docs/components/iter_solvers.rst  
│   inflating: /home/pkgeval/.julia/packages/FwiFlow/ynbyK/deps/amgcl-master/docs/components/preconditioners.rst  
│   inflating: /home/pkgeval/.julia/packages/FwiFlow/ynbyK/deps/amgcl-master/docs/components/relaxation.rst  
│   inflating: /home/pkgeval/.julia/packages/FwiFlow/ynbyK/deps/amgcl-master/docs/components/value_types.rst  
│   inflating: /home/pkgeval/.julia/packages/FwiFlow/ynbyK/deps/amgcl-master/docs/conf.py  
│   inflating: /home/pkgeval/.julia/packages/FwiFlow/ynbyK/deps/amgcl-master/docs/demidov19.bib  
│   inflating: /home/pkgeval/.julia/packages/FwiFlow/ynbyK/deps/amgcl-master/docs/demidov20.bib  
│   inflating: /home/pkgeval/.julia/packages/FwiFlow/ynbyK/deps/amgcl-master/docs/design.rst  
│    creating: /home/pkgeval/.julia/packages/FwiFlow/ynbyK/deps/amgcl-master/docs/dmem_data/
│    creating: /home/pkgeval/.julia/packages/FwiFlow/ynbyK/deps/amgcl-master/docs/dmem_data/daint/
│   inflating: /home/pkgeval/.julia/packages/FwiFlow/ynbyK/deps/amgcl-master/docs/dmem_data/daint/cpu_const_weak.dat  
│   inflating: /home/pkgeval/.julia/packages/FwiFlow/ynbyK/deps/amgcl-master/docs/dmem_data/daint/cpu_linear_weak.dat  
│   inflating: /home/pkgeval/.julia/packages/FwiFlow/ynbyK/deps/amgcl-master/docs/dmem_data/daint/gpu_const_weak.dat  
│   inflating: /home/pkgeval/.julia/packages/FwiFlow/ynbyK/deps/amgcl-master/docs/dmem_data/daint/gpu_linear_weak.dat  
│   inflating: /home/pkgeval/.julia/packages/FwiFlow/ynbyK/deps/amgcl-master/docs/dmem_data/daint/trilinos_weak.dat  
│    creating: /home/pkgeval/.julia/packages/FwiFlow/ynbyK/deps/amgcl-master/docs/dmem_data/lrz/
│   inflating: /home/pkgeval/.julia/packages/FwiFlow/ynbyK/deps/amgcl-master/docs/dmem_data/lrz/amgcl_strong.txt  
│   inflating: /home/pkgeval/.julia/packages/FwiFlow/ynbyK/deps/amgcl-master/docs/dmem_data/lrz/amgcl_weak.txt  
│   inflating: /home/pkgeval/.julia/packages/FwiFlow/ynbyK/deps/amgcl-master/docs/dmem_data/lrz/ns_amgcl_amg.txt  
│   inflating: /home/pkgeval/.julia/packages/FwiFlow/ynbyK/deps/amgcl-master/docs/dmem_data/lrz/ns_amgcl_sdd.txt  
│   inflating: /home/pkgeval/.julia/packages/FwiFlow/ynbyK/deps/amgcl-master/docs/dmem_data/lrz/ns_trilinos.txt  
│   inflating: /home/pkgeval/.julia/packages/FwiFlow/ynbyK/deps/amgcl-master/docs/dmem_data/lrz/trilinos_strong.txt  
│   inflating: /home/pkgeval/.julia/packages/FwiFlow/ynbyK/deps/amgcl-master/docs/dmem_data/lrz/trilinos_weak.txt  
│    creating: /home/pkgeval/.julia/packages/FwiFlow/ynbyK/deps/amgcl-master/docs/dmem_data/mn4/
│   inflating: /home/pkgeval/.julia/packages/FwiFlow/ynbyK/deps/amgcl-master/docs/dmem_data/mn4/const_strong.dat  
│   inflating: /home/pkgeval/.julia/packages/FwiFlow/ynbyK/deps/amgcl-master/docs/dmem_data/mn4/const_weak.dat  
│   inflating: /home/pkgeval/.julia/packages/FwiFlow/ynbyK/deps/amgcl-master/docs/dmem_data/mn4/linear_strong.dat  
│   inflating: /home/pkgeval/.julia/packages/FwiFlow/ynbyK/deps/amgcl-master/docs/dmem_data/mn4/linear_weak.dat  
│   inflating: /home/pkgeval/.julia/packages/FwiFlow/ynbyK/deps/amgcl-master/docs/dmem_data/mn4/ns_trilinos.dat  
│   inflating: /home/pkgeval/.julia/packages/FwiFlow/ynbyK/deps/amgcl-master/docs/dmem_data/mn4/schur.dat  
│   inflating: /home/pkgeval/.julia/packages/FwiFlow/ynbyK/deps/amgcl-master/docs/dmem_data/mn4/trilinos_strong.dat  
│   inflating: /home/pkgeval/.julia/packages/FwiFlow/ynbyK/deps/amgcl-master/docs/dmem_data/mn4/trilinos_strong_ddml.dat  
│   inflating: /home/pkgeval/.julia/packages/FwiFlow/ynbyK/deps/amgcl-master/docs/dmem_data/mn4/trilinos_weak.dat  
│   inflating: /home/pkgeval/.julia/packages/FwiFlow/ynbyK/deps/amgcl-master/docs/dmem_data/mn4/trilinos_weak_ddml.dat  
│   inflating: /home/pkgeval/.julia/packages/FwiFlow/ynbyK/deps/amgcl-master/docs/examples.rst  
│   inflating: /home/pkgeval/.julia/packages/FwiFlow/ynbyK/deps/amgcl-master/docs/index.rst  
│  extracting: /home/pkgeval/.julia/packages/FwiFlow/ynbyK/deps/amgcl-master/docs/requirements.txt  
│    creating: /home/pkgeval/.julia/packages/FwiFlow/ynbyK/deps/amgcl-master/docs/smem_data/
│    creating: /home/pkgeval/.julia/packages/FwiFlow/ynbyK/deps/amgcl-master/docs/smem_data/nstokes/
│   inflating: /home/pkgeval/.julia/packages/FwiFlow/ynbyK/deps/amgcl-master/docs/smem_data/nstokes/amgcl-schur-cuda.txt  
│   inflating: /home/pkgeval/.julia/packages/FwiFlow/ynbyK/deps/amgcl-master/docs/smem_data/nstokes/amgcl-schur.txt  
│   inflating: /home/pkgeval/.julia/packages/FwiFlow/ynbyK/deps/amgcl-master/docs/smem_data/nstokes/amgcl-vexcl-cuda.txt  
│   inflating: /home/pkgeval/.julia/packages/FwiFlow/ynbyK/deps/amgcl-master/docs/smem_data/nstokes/amgcl.txt  
│   inflating: /home/pkgeval/.julia/packages/FwiFlow/ynbyK/deps/amgcl-master/docs/smem_data/nstokes/petsc.txt  
│   inflating: /home/pkgeval/.julia/packages/FwiFlow/ynbyK/deps/amgcl-master/docs/smem_data/nstokes/trilinos.txt  
│    creating: /home/pkgeval/.julia/packages/FwiFlow/ynbyK/deps/amgcl-master/docs/smem_data/poisson/
│   inflating: /home/pkgeval/.julia/packages/FwiFlow/ynbyK/deps/amgcl-master/docs/smem_data/poisson/amgcl-cuda.txt  
│   inflating: /home/pkgeval/.julia/packages/FwiFlow/ynbyK/deps/amgcl-master/docs/smem_data/poisson/amgcl.txt  
│   inflating: /home/pkgeval/.julia/packages/FwiFlow/ynbyK/deps/amgcl-master/docs/smem_data/poisson/cusp.txt  
│   inflating: /home/pkgeval/.julia/packages/FwiFlow/ynbyK/deps/amgcl-master/docs/smem_data/poisson/petsc.txt  
│   inflating: /home/pkgeval/.julia/packages/FwiFlow/ynbyK/deps/amgcl-master/docs/smem_data/poisson/trilinos.txt  
│   inflating: /home/pkgeval/.julia/packages/FwiFlow/ynbyK/deps/amgcl-master/docs/tutorial.rst  
│    creating: /home/pkgeval/.julia/packages/FwiFlow/ynbyK/deps/amgcl-master/docs/tutorial/
│   inflating: /home/pkgeval/.julia/packages/FwiFlow/ynbyK/deps/amgcl-master/docs/tutorial/CoupCons3D.rst  
│   inflating: /home/pkgeval/.julia/packages/FwiFlow/ynbyK/deps/amgcl-master/docs/tutorial/Nullspace.rst  
│   inflating: /home/pkgeval/.julia/packages/FwiFlow/ynbyK/deps/amgcl-master/docs/tutorial/NullspaceMPI.rst  
│   inflating: /home/pkgeval/.julia/packages/FwiFlow/ynbyK/deps/amgcl-master/docs/tutorial/Serena.rst  
│   inflating: /home/pkgeval/.julia/packages/FwiFlow/ynbyK/deps/amgcl-master/docs/tutorial/SerenaMPI.rst  
│   inflating: /home/pkgeval/.julia/packages/FwiFlow/ynbyK/deps/amgcl-master/docs/tutorial/Stokes.rst  
│   inflating: /home/pkgeval/.julia/packages/FwiFlow/ynbyK/deps/amgcl-master/docs/tutorial/poisson3Db.rst  
│   inflating: /home/pkgeval/.julia/packages/FwiFlow/ynbyK/deps/amgcl-master/docs/tutorial/poisson3DbMPI.rst  
│    creating: /home/pkgeval/.julia/packages/FwiFlow/ynbyK/deps/amgcl-master/examples/
│   inflating: /home/pkgeval/.julia/packages/FwiFlow/ynbyK/deps/amgcl-master/examples/CMakeLists.txt  
│   inflating: /home/pkgeval/.julia/packages/FwiFlow/ynbyK/deps/amgcl-master/examples/bin2mm.cpp  
│   inflating: /home/pkgeval/.julia/packages/FwiFlow/ynbyK/deps/amgcl-master/examples/block_crs.cpp  
│   inflating: /home/pkgeval/.julia/packages/FwiFlow/ynbyK/deps/amgcl-master/examples/call_lib.cpp  
│   inflating: /home/pkgeval/.julia/packages/FwiFlow/ynbyK/deps/amgcl-master/examples/cpr.cpp  
│   inflating: /home/pkgeval/.julia/packages/FwiFlow/ynbyK/deps/amgcl-master/examples/cpr_drs.cpp  
│   inflating: /home/pkgeval/.julia/packages/FwiFlow/ynbyK/deps/amgcl-master/examples/crs_builder.cpp  
│   inflating: /home/pkgeval/.julia/packages/FwiFlow/ynbyK/deps/amgcl-master/examples/custom_adapter.cpp  
│   inflating: /home/pkgeval/.julia/packages/FwiFlow/ynbyK/deps/amgcl-master/examples/deflated_solver.cpp  
│   inflating: /home/pkgeval/.julia/packages/FwiFlow/ynbyK/deps/amgcl-master/examples/make_poisson.py  
│   inflating: /home/pkgeval/.julia/packages/FwiFlow/ynbyK/deps/amgcl-master/examples/mixed_precision.cpp  
│   inflating: /home/pkgeval/.julia/packages/FwiFlow/ynbyK/deps/amgcl-master/examples/mm2bin.cpp  
│   inflating: /home/pkgeval/.julia/packages/FwiFlow/ynbyK/deps/amgcl-master/examples/mmplot.py  
│    creating: /home/pkgeval/.julia/packages/FwiFlow/ynbyK/deps/amgcl-master/examples/mpi/
│   inflating: /home/pkgeval/.julia/packages/FwiFlow/ynbyK/deps/amgcl-master/examples/mpi/CMakeLists.txt  
│   inflating: /home/pkgeval/.julia/packages/FwiFlow/ynbyK/deps/amgcl-master/examples/mpi/call_mpi_lib.cpp  
│   inflating: /home/pkgeval/.julia/packages/FwiFlow/ynbyK/deps/amgcl-master/examples/mpi/check_direct.cpp  
│   inflating: /home/pkgeval/.julia/packages/FwiFlow/ynbyK/deps/amgcl-master/examples/mpi/cpr_mpi.cpp  
│   inflating: /home/pkgeval/.julia/packages/FwiFlow/ynbyK/deps/amgcl-master/examples/mpi/domain_partition.hpp  
│   inflating: /home/pkgeval/.julia/packages/FwiFlow/ynbyK/deps/amgcl-master/examples/mpi/mba.hpp  
│   inflating: /home/pkgeval/.julia/packages/FwiFlow/ynbyK/deps/amgcl-master/examples/mpi/mpi_solver.cpp  
│   inflating: /home/pkgeval/.julia/packages/FwiFlow/ynbyK/deps/amgcl-master/examples/mpi/partition.cpp  
│   inflating: /home/pkgeval/.julia/packages/FwiFlow/ynbyK/deps/amgcl-master/examples/mpi/plot_result  
│   inflating: /home/pkgeval/.julia/packages/FwiFlow/ynbyK/deps/amgcl-master/examples/mpi/runtime_bp.cpp  
│   inflating: /home/pkgeval/.julia/packages/FwiFlow/ynbyK/deps/amgcl-master/examples/mpi/runtime_sdd.cpp  
│   inflating: /home/pkgeval/.julia/packages/FwiFlow/ynbyK/deps/amgcl-master/examples/mpi/runtime_sdd_3d.cpp  
│   inflating: /home/pkgeval/.julia/packages/FwiFlow/ynbyK/deps/amgcl-master/examples/mpi/schur_pc_mpi.cpp  
│   inflating: /home/pkgeval/.julia/packages/FwiFlow/ynbyK/deps/amgcl-master/examples/mpi/solve_mm_mpi.cpp  
│   inflating: /home/pkgeval/.julia/packages/FwiFlow/ynbyK/deps/amgcl-master/examples/mpi/spmm_scaling.cpp  
│   inflating: /home/pkgeval/.julia/packages/FwiFlow/ynbyK/deps/amgcl-master/examples/mpi/test_spmm.cpp  
│   inflating: /home/pkgeval/.julia/packages/FwiFlow/ynbyK/deps/amgcl-master/examples/mpi/test_transpose.cpp  
│   inflating: /home/pkgeval/.julia/packages/FwiFlow/ynbyK/deps/amgcl-master/examples/ns_search.cpp  
│   inflating: /home/pkgeval/.julia/packages/FwiFlow/ynbyK/deps/amgcl-master/examples/pyprecond.py  
│   inflating: /home/pkgeval/.julia/packages/FwiFlow/ynbyK/deps/amgcl-master/examples/pysolver.py  
│   inflating: /home/pkgeval/.julia/packages/FwiFlow/ynbyK/deps/amgcl-master/examples/schur_pressure_correction.cpp  
│   inflating: /home/pkgeval/.julia/packages/FwiFlow/ynbyK/deps/amgcl-master/examples/schurpc_mixed.cpp  
│   inflating: /home/pkgeval/.julia/packages/FwiFlow/ynbyK/deps/amgcl-master/examples/solver.cpp  
│   inflating: /home/pkgeval/.julia/packages/FwiFlow/ynbyK/deps/amgcl-master/examples/solver_complex.cpp  
│   inflating: /home/pkgeval/.julia/packages/FwiFlow/ynbyK/deps/amgcl-master/examples/solver_hpx.cpp  
│   inflating: /home/pkgeval/.julia/packages/FwiFlow/ynbyK/deps/amgcl-master/examples/ublas.cpp  
│   inflating: /home/pkgeval/.julia/packages/FwiFlow/ynbyK/deps/amgcl-master/examples/vexcl.cpp  
│    creating: /home/pkgeval/.julia/packages/FwiFlow/ynbyK/deps/amgcl-master/fortran/
│   inflating: /home/pkgeval/.julia/packages/FwiFlow/ynbyK/deps/amgcl-master/fortran/CMakeLists.txt  
│   inflating: /home/pkgeval/.julia/packages/FwiFlow/ynbyK/deps/amgcl-master/fortran/amgcl.f90  
│   inflating: /home/pkgeval/.julia/packages/FwiFlow/ynbyK/deps/amgcl-master/fortran/poisson.f90  
│   inflating: /home/pkgeval/.julia/packages/FwiFlow/ynbyK/deps/amgcl-master/git_version.py  
│    creating: /home/pkgeval/.julia/packages/FwiFlow/ynbyK/deps/amgcl-master/lib/
│   inflating: /home/pkgeval/.julia/packages/FwiFlow/ynbyK/deps/amgcl-master/lib/CMakeLists.txt  
│   inflating: /home/pkgeval/.julia/packages/FwiFlow/ynbyK/deps/amgcl-master/lib/amgcl.cpp  
│   inflating: /home/pkgeval/.julia/packages/FwiFlow/ynbyK/deps/amgcl-master/lib/amgcl.h  
│   inflating: /home/pkgeval/.julia/packages/FwiFlow/ynbyK/deps/amgcl-master/lib/amgcl_mpi.cpp  
│   inflating: /home/pkgeval/.julia/packages/FwiFlow/ynbyK/deps/amgcl-master/lib/amgcl_mpi.h  
│   inflating: /home/pkgeval/.julia/packages/FwiFlow/ynbyK/deps/amgcl-master/lib/dll.def  
│   inflating: /home/pkgeval/.julia/packages/FwiFlow/ynbyK/deps/amgcl-master/lib/mpi_dll.def  
│    creating: /home/pkgeval/.julia/packages/FwiFlow/ynbyK/deps/amgcl-master/pyamgcl/
│   inflating: /home/pkgeval/.julia/packages/FwiFlow/ynbyK/deps/amgcl-master/pyamgcl/CMakeLists.txt  
│   inflating: /home/pkgeval/.julia/packages/FwiFlow/ynbyK/deps/amgcl-master/pyamgcl/__init__.py  
│   inflating: /home/pkgeval/.julia/packages/FwiFlow/ynbyK/deps/amgcl-master/pyamgcl/pyamgcl.cpp  
│    creating: /home/pkgeval/.julia/packages/FwiFlow/ynbyK/deps/amgcl-master/pyamgcl/pybind11/
│   inflating: /home/pkgeval/.julia/packages/FwiFlow/ynbyK/deps/amgcl-master/setup.py  
│    creating: /home/pkgeval/.julia/packages/FwiFlow/ynbyK/deps/amgcl-master/tests/
│   inflating: /home/pkgeval/.julia/packages/FwiFlow/ynbyK/deps/amgcl-master/tests/CMakeLists.txt  
│   inflating: /home/pkgeval/.julia/packages/FwiFlow/ynbyK/deps/amgcl-master/tests/sample_problem.hpp  
│   inflating: /home/pkgeval/.julia/packages/FwiFlow/ynbyK/deps/amgcl-master/tests/test_complex_erf.cpp  
│   inflating: /home/pkgeval/.julia/packages/FwiFlow/ynbyK/deps/amgcl-master/tests/test_eigen_solver.cpp  
│   inflating: /home/pkgeval/.julia/packages/FwiFlow/ynbyK/deps/amgcl-master/tests/test_pyamgcl.py  
│   inflating: /home/pkgeval/.julia/packages/FwiFlow/ynbyK/deps/amgcl-master/tests/test_qr.cpp  
│   inflating: /home/pkgeval/.julia/packages/FwiFlow/ynbyK/deps/amgcl-master/tests/test_skyline_lu.cpp  
│   inflating: /home/pkgeval/.julia/packages/FwiFlow/ynbyK/deps/amgcl-master/tests/test_solver.hpp  
│   inflating: /home/pkgeval/.julia/packages/FwiFlow/ynbyK/deps/amgcl-master/tests/test_solver_blaze.cpp  
│   inflating: /home/pkgeval/.julia/packages/FwiFlow/ynbyK/deps/amgcl-master/tests/test_solver_block_crs.cpp  
│   inflating: /home/pkgeval/.julia/packages/FwiFlow/ynbyK/deps/amgcl-master/tests/test_solver_builtin.cpp  
│   inflating: /home/pkgeval/.julia/packages/FwiFlow/ynbyK/deps/amgcl-master/tests/test_solver_complex.cpp  
│   inflating: /home/pkgeval/.julia/packages/FwiFlow/ynbyK/deps/amgcl-master/tests/test_solver_eigen.cpp  
│   inflating: /home/pkgeval/.julia/packages/FwiFlow/ynbyK/deps/amgcl-master/tests/test_solver_ns_builtin.cpp  
│   inflating: /home/pkgeval/.julia/packages/FwiFlow/ynbyK/deps/amgcl-master/tests/test_solver_ns_eigen.cpp  
│   inflating: /home/pkgeval/.julia/packages/FwiFlow/ynbyK/deps/amgcl-master/tests/test_solver_viennacl.cpp  
│   inflating: /home/pkgeval/.julia/packages/FwiFlow/ynbyK/deps/amgcl-master/tests/test_static_matrix.cpp  
│    creating: /home/pkgeval/.julia/packages/FwiFlow/ynbyK/deps/amgcl-master/tutorial/
│    creating: /home/pkgeval/.julia/packages/FwiFlow/ynbyK/deps/amgcl-master/tutorial/1.poisson3Db/
│   inflating: /home/pkgeval/.julia/packages/FwiFlow/ynbyK/deps/amgcl-master/tutorial/1.poisson3Db/CMakeLists.txt  
│   inflating: /home/pkgeval/.julia/packages/FwiFlow/ynbyK/deps/amgcl-master/tutorial/1.poisson3Db/Poisson3D.png  
│   inflating: /home/pkgeval/.julia/packages/FwiFlow/ynbyK/deps/amgcl-master/tutorial/1.poisson3Db/Poisson3D_mpi.png  
│   inflating: /home/pkgeval/.julia/packages/FwiFlow/ynbyK/deps/amgcl-master/tutorial/1.poisson3Db/partition.py  
│   inflating: /home/pkgeval/.julia/packages/FwiFlow/ynbyK/deps/amgcl-master/tutorial/1.poisson3Db/plot.py  
│   inflating: /home/pkgeval/.julia/packages/FwiFlow/ynbyK/deps/amgcl-master/tutorial/1.poisson3Db/plot_mpi.py  
│   inflating: /home/pkgeval/.julia/packages/FwiFlow/ynbyK/deps/amgcl-master/tutorial/1.poisson3Db/poisson3Db.cpp  
│   inflating: /home/pkgeval/.julia/packages/FwiFlow/ynbyK/deps/amgcl-master/tutorial/1.poisson3Db/poisson3Db_cuda.cu  
│   inflating: /home/pkgeval/.julia/packages/FwiFlow/ynbyK/deps/amgcl-master/tutorial/1.poisson3Db/poisson3Db_mpi.cpp  
│   inflating: /home/pkgeval/.julia/packages/FwiFlow/ynbyK/deps/amgcl-master/tutorial/1.poisson3Db/poisson3Db_mpi_vexcl.cpp  
│   inflating: /home/pkgeval/.julia/packages/FwiFlow/ynbyK/deps/amgcl-master/tutorial/1.poisson3Db/poisson3d.rst  
│    creating: /home/pkgeval/.julia/packages/FwiFlow/ynbyK/deps/amgcl-master/tutorial/2.Serena/
│   inflating: /home/pkgeval/.julia/packages/FwiFlow/ynbyK/deps/amgcl-master/tutorial/2.Serena/CMakeLists.txt  
│   inflating: /home/pkgeval/.julia/packages/FwiFlow/ynbyK/deps/amgcl-master/tutorial/2.Serena/Serena.png  
│   inflating: /home/pkgeval/.julia/packages/FwiFlow/ynbyK/deps/amgcl-master/tutorial/2.Serena/Serena_mpi.png  
│   inflating: /home/pkgeval/.julia/packages/FwiFlow/ynbyK/deps/amgcl-master/tutorial/2.Serena/plot.py  
│   inflating: /home/pkgeval/.julia/packages/FwiFlow/ynbyK/deps/amgcl-master/tutorial/2.Serena/plot_mpi.py  
│   inflating: /home/pkgeval/.julia/packages/FwiFlow/ynbyK/deps/amgcl-master/tutorial/2.Serena/serena.cpp  
│   inflating: /home/pkgeval/.julia/packages/FwiFlow/ynbyK/deps/amgcl-master/tutorial/2.Serena/serena_mpi.cpp  
│   inflating: /home/pkgeval/.julia/packages/FwiFlow/ynbyK/deps/amgcl-master/tutorial/2.Serena/serena_mpi_vexcl.cpp  
│   inflating: /home/pkgeval/.julia/packages/FwiFlow/ynbyK/deps/amgcl-master/tutorial/2.Serena/serena_vexcl.cpp  
│    creating: /home/pkgeval/.julia/packages/FwiFlow/ynbyK/deps/amgcl-master/tutorial/3.CoupCons3D/
│   inflating: /home/pkgeval/.julia/packages/FwiFlow/ynbyK/deps/amgcl-master/tutorial/3.CoupCons3D/CMakeLists.txt  
│   inflating: /home/pkgeval/.julia/packages/FwiFlow/ynbyK/deps/amgcl-master/tutorial/3.CoupCons3D/CoupCons3D.png  
│   inflating: /home/pkgeval/.julia/packages/FwiFlow/ynbyK/deps/amgcl-master/tutorial/3.CoupCons3D/coupcons3d.cpp  
│   inflating: /home/pkgeval/.julia/packages/FwiFlow/ynbyK/deps/amgcl-master/tutorial/3.CoupCons3D/coupcons3d_spc.cpp  
│   inflating: /home/pkgeval/.julia/packages/FwiFlow/ynbyK/deps/amgcl-master/tutorial/3.CoupCons3D/coupcons3d_vexcl.cpp  
│   inflating: /home/pkgeval/.julia/packages/FwiFlow/ynbyK/deps/amgcl-master/tutorial/3.CoupCons3D/plot.py  
│    creating: /home/pkgeval/.julia/packages/FwiFlow/ynbyK/deps/amgcl-master/tutorial/4.Stokes/
│   inflating: /home/pkgeval/.julia/packages/FwiFlow/ynbyK/deps/amgcl-master/tutorial/4.Stokes/CMakeLists.txt  
│   inflating: /home/pkgeval/.julia/packages/FwiFlow/ynbyK/deps/amgcl-master/tutorial/4.Stokes/plot.py  
│   inflating: /home/pkgeval/.julia/packages/FwiFlow/ynbyK/deps/amgcl-master/tutorial/4.Stokes/prm.json  
│   inflating: /home/pkgeval/.julia/packages/FwiFlow/ynbyK/deps/amgcl-master/tutorial/4.Stokes/stokes_ucube.cpp  
│   inflating: /home/pkgeval/.julia/packages/FwiFlow/ynbyK/deps/amgcl-master/tutorial/4.Stokes/stokes_ucube_vexcl.cpp  
│   inflating: /home/pkgeval/.julia/packages/FwiFlow/ynbyK/deps/amgcl-master/tutorial/4.Stokes/ucube_4.png  
│    creating: /home/pkgeval/.julia/packages/FwiFlow/ynbyK/deps/amgcl-master/tutorial/5.Nullspace/
│   inflating: /home/pkgeval/.julia/packages/FwiFlow/ynbyK/deps/amgcl-master/tutorial/5.Nullspace/CMakeLists.txt  
│   inflating: /home/pkgeval/.julia/packages/FwiFlow/ynbyK/deps/amgcl-master/tutorial/5.Nullspace/displacements.png  
│   inflating: /home/pkgeval/.julia/packages/FwiFlow/ynbyK/deps/amgcl-master/tutorial/5.Nullspace/matrix.png  
│   inflating: /home/pkgeval/.julia/packages/FwiFlow/ynbyK/deps/amgcl-master/tutorial/5.Nullspace/nullspace.cpp  
│   inflating: /home/pkgeval/.julia/packages/FwiFlow/ynbyK/deps/amgcl-master/tutorial/5.Nullspace/nullspace_mpi.cpp  
│   inflating: /home/pkgeval/.julia/packages/FwiFlow/ynbyK/deps/amgcl-master/tutorial/5.Nullspace/plot.py  
│   inflating: /home/pkgeval/.julia/packages/FwiFlow/ynbyK/deps/amgcl-master/tutorial/CMakeLists.txt  
│ -- The C compiler identification is GNU 5.4.0
│ -- The CXX compiler identification is GNU 5.4.0
│ -- Detecting C compiler ABI info
│ -- Detecting C compiler ABI info - done
│ -- Check for working C compiler: /home/pkgeval/.julia/adcme/bin/x86_64-conda_cos6-linux-gnu-gcc - skipped
│ -- Detecting C compile features
│ -- Detecting C compile features - done
│ -- Detecting CXX compiler ABI info
│ -- Detecting CXX compiler ABI info - done
│ -- Check for working CXX compiler: /home/pkgeval/.julia/adcme/bin/x86_64-conda_cos6-linux-gnu-g++ - skipped
│ -- Detecting CXX compile features
│ -- Detecting CXX compile features - done
│ Julia=
│ CMake Error at CMakeLists.txt:9 (list):
│   list GET given empty list
│ 
│ 
│ CMake Error at CMakeLists.txt:10 (list):
│   list GET given empty list
│ 
│ 
│ CMake Error at CMakeLists.txt:11 (list):
│   list GET given empty list
│ 
│ 
│ CMake Error at CMakeLists.txt:12 (list):
│   list GET given empty list
│ 
│ 
│ CMake Error at CMakeLists.txt:13 (list):
│   list GET given empty list
│ 
│ 
│ CMake Error at CMakeLists.txt:14 (list):
│   list GET given empty list
│ 
│ 
│ CMake Error at CMakeLists.txt:15 (list):
│   list GET given empty list
│ 
│ 
│ CMake Error at CMakeLists.txt:16 (list):
│   list GET given empty list
│ 
│ 
│ CMake Error at CMakeLists.txt:17 (list):
│   list GET given empty list
│ 
│ 
│ CMake Error at CMakeLists.txt:18 (list):
│   list GET given empty list
│ 
│ 
│ CMake Error at CMakeLists.txt:19 (list):
│   list GET given empty list
│ 
│ 
│ CMake Error at CMakeLists.txt:20 (list):
│   list GET given empty list
│ 
│ 
│ CMake Error at CMakeLists.txt:21 (list):
│   list GET given empty list
│ 
│ 
│ CMake Error at CMakeLists.txt:22 (list):
│   list GET given empty list
│ 
│ 
│ Python path=
│ EIGEN_INC=
│ TF_INC=
│ TF_ABI=
│ TF_LIB_FILE=
│ -- Found OpenMP_C: -fopenmp (found version "4.0") 
│ -- Found OpenMP_CXX: -fopenmp (found version "4.0") 
│ -- Found OpenMP: TRUE (found version "4.0")  
│ Total number of libraries to make: 7
│ Compiling 0th library: Laplacian
│ Compiling 1th library: Poisson
│ Compiling 2th library: Saturation
│ Compiling 3th library: Saturation2
│ Compiling 4th library: Upwlap
│ Compiling 5th library: Upwps
│ Compiling 6th library: Eikonal
│ -D_GLIBCXX_USE_CXX11_ABI= -std=c++11 -O3 -D_GLIBCXX_USE_CXX11_ABI=  -fopenmp
│ -- Found OpenMP_C: -fopenmp (found version "4.0") 
│ -- Found OpenMP_CXX: -fopenmp (found version "4.0") 
│ -- Configuring incomplete, errors occurred!
│ See also "/home/pkgeval/.julia/packages/FwiFlow/ynbyK/deps/CustomOps/build/CMakeFiles/CMakeOutput.log".
│    Updating registry at `~/.julia/registries/General`
│   Resolving package versions...
│ No Changes to `/tmp/jl_6zK6fx/Project.toml`
│ No Changes to `/tmp/jl_6zK6fx/Manifest.toml`
│ [ Info: You are using ADCME for the first time. Precompiling built-in custom operators may take some time...
│ [ Info: Install Boost
│ [ Info: Running `conda install -q -y -c anaconda boost` in root environment
│ [ Info: Install AMGCL
│ [ Info: Build Custom Operators
│ ERROR: LoadError: failed process: Process(setenv(`/home/pkgeval/.julia/adcme/bin/cmake -G Ninja -DCMAKE_MAKE_PROGRAM=/home/pkgeval/.julia/adcme/bin/ninja -DJULIA=/opt/julia/bin/julia -DCMAKE_C_COMPILER=/home/pkgeval/.julia/adcme/bin/x86_64-conda_cos6-linux-gnu-gcc -DCMAKE_CXX_COMPILER=/home/pkgeval/.julia/adcme/bin/x86_64-conda_cos6-linux-gnu-g++ '' ..`,["PYTHON=", "HDF5_USE_FILE_LOCKING=FALSE", "PATH=/usr/local/sbin:/usr/local/bin:/usr/sbin:/usr/bin:/sbin:/bin:/snap/bin", "KMP_AFFINITY=granularity=fine,verbose,compact,1,0", "SUDO_GID=0", "SHELL=/bin/bash", "LD_LIBRARY_PATH=/home/pkgeval/.julia/adcme/lib", "OPENBLAS_NUM_THREADS=8", "CI=true", "R_HOME=*"  …  "PKGEVAL=true", "USER=pkgeval", "KMP_BLOCKTIME=0", "HOME=/home/pkgeval", "TERM=unknown", "JULIA_PKGEVAL=true", "JULIA_PKG_PRECOMPILE_AUTO=0", "HOSTNAME=0c8c368646da", "OPENBLAS_MAIN_FREE=1", "__KMP_REGISTERED_LIB_4264=0x7f788c3e8d08-cafe779f-libiomp5.so"]), ProcessExited(1)) [1]
│ 
│ Stacktrace:
│  [1] pipeline_error at ./process.jl:525 [inlined]
│  [2] run(::Cmd; wait::Bool) at ./process.jl:440
│  [3] run at ./process.jl:438 [inlined]
│  [4] cmake(::String; CMAKE_ARGS::String) at /home/pkgeval/.julia/packages/ADCME/JzSON/src/extra.jl:66
│  [5] cmake at /home/pkgeval/.julia/packages/ADCME/JzSON/src/extra.jl:51 [inlined] (repeats 2 times)
│  [6] top-level scope at /home/pkgeval/.julia/packages/FwiFlow/ynbyK/deps/build.jl:31
│  [7] include(::String) at ./client.jl:457
│  [8] top-level scope at none:5
│ in expression starting at /home/pkgeval/.julia/packages/FwiFlow/ynbyK/deps/build.jl:31
└ @ Pkg.Operations /workspace/srcdir/usr/share/julia/stdlib/v1.5/Pkg/src/Operations.jl:949


################################################################################
# Compiling: 2021-01-11T16:14:37.577
#

WARNING: Method definition *(PyCall.PyObject, PyCall.PyObject) in module PyCall at /home/pkgeval/.julia/packages/PyCall/tqyST/src/pyoperators.jl:11 overwritten in module ADCME at /home/pkgeval/.julia/packages/ADCME/JzSON/src/ops.jl:102.
  ** incremental compilation may be fatally broken for this module **

WARNING: Method definition size(PyCall.PyObject) in module PyCall at /home/pkgeval/.julia/packages/PyCall/tqyST/src/PyCall.jl:809 overwritten in module ADCME at /home/pkgeval/.julia/packages/ADCME/JzSON/src/variable.jl:212.
  ** incremental compilation may be fatally broken for this module **

WARNING: Method definition lastindex(PyCall.PyObject) in module PyCall at deprecated.jl:70 overwritten in module ADCME at /home/pkgeval/.julia/packages/ADCME/JzSON/src/variable.jl:424.
  ** incremental compilation may be fatally broken for this module **

WARNING: Method definition length(PyCall.PyObject) in module PyCall at /home/pkgeval/.julia/packages/PyCall/tqyST/src/PyCall.jl:808 overwritten in module ADCME at /home/pkgeval/.julia/packages/ADCME/JzSON/src/variable.jl:236.
  ** incremental compilation may be fatally broken for this module **

OMP: Info #212: KMP_AFFINITY: decoding x2APIC ids.
OMP: Info #210: KMP_AFFINITY: Affinity capable, using global cpuid leaf 11 info
OMP: Info #154: KMP_AFFINITY: Initial OS proc set respected: 22
OMP: Info #156: KMP_AFFINITY: 1 available OS procs
OMP: Info #157: KMP_AFFINITY: Uniform topology
OMP: Info #159: KMP_AFFINITY: 1 packages x 1 cores/pkg x 1 threads/core (1 total cores)
OMP: Info #214: KMP_AFFINITY: OS proc to physical thread map:
OMP: Info #171: KMP_AFFINITY: OS proc 22 maps to package 0 
OMP: Info #250: KMP_AFFINITY: pid 4870 tid 4870 thread 0 bound to OS proc set 22
WARNING: Method definition Session(Any...) in module ADCME at /home/pkgeval/.julia/packages/ADCME/JzSON/src/run.jl:21 overwritten in module FwiFlow at /home/pkgeval/.julia/packages/FwiFlow/ynbyK/src/FwiFlow.jl:19.
  ** incremental compilation may be fatally broken for this module **

WARNING: Method definition Session##kw(Any, typeof(ADCME.Session), Any...) in module ADCME at /home/pkgeval/.julia/packages/ADCME/JzSON/src/run.jl:21 overwritten in module FwiFlow at /home/pkgeval/.julia/packages/FwiFlow/ynbyK/src/FwiFlow.jl:19.
  ** incremental compilation may be fatally broken for this module **

OMP: Info #212: KMP_AFFINITY: decoding x2APIC ids.
OMP: Info #210: KMP_AFFINITY: Affinity capable, using global cpuid leaf 11 info
OMP: Info #154: KMP_AFFINITY: Initial OS proc set respected: 22
OMP: Info #156: KMP_AFFINITY: 1 available OS procs
OMP: Info #157: KMP_AFFINITY: Uniform topology
OMP: Info #159: KMP_AFFINITY: 1 packages x 1 cores/pkg x 1 threads/core (1 total cores)
OMP: Info #214: KMP_AFFINITY: OS proc to physical thread map:
OMP: Info #171: KMP_AFFINITY: OS proc 22 maps to package 0 
OMP: Info #250: KMP_AFFINITY: pid 4868 tid 4868 thread 0 bound to OS proc set 22
[ Info: PackageCompiler: creating system image object file, this might take a while...
Generated system image is 189.655 MiB, compilation took 241 seconds


fatal: error thrown and no exception handler available.
InitError(mod=:Dierckx, error=ErrorException("/home/pkgeval/.julia/packages/Dierckx/ZTanR/deps/usr/lib/libddierckx.so does not exist, Please re-run Pkg.build("Dierckx"), and restart Julia."))
error at ./error.jl:33
check_deps at /home/pkgeval/.julia/packages/Dierckx/ZTanR/deps/deps.jl:16
__init__ at /home/pkgeval/.julia/packages/Dierckx/ZTanR/src/Dierckx.jl:33
jfptr___init___53647 at /cache/FwiFlow-Yyjif4N9.so (unknown line)
_jl_invoke at /workspace/srcdir/src/gf.c:2214 [inlined]
jl_apply_generic at /workspace/srcdir/src/gf.c:2398
jl_apply at /workspace/srcdir/src/julia.h:1690 [inlined]
jl_module_run_initializer at /workspace/srcdir/src/toplevel.c:74
_julia_init at /workspace/srcdir/src/init.c:780
main at /workspace/srcdir/ui/repl.c:221
__libc_start_main at /usr/lib/libc.so.6 (unknown line)
unknown function (ip: 0x4015e4)

No statistics gathered.