################################################################################
# PackageCompiler set-up: 2021-01-11T23:28:59.311
#

Julia Version 1.5.3
Commit 599f52c4c6 (2020-12-18 13:33 UTC)
Platform Info:
  OS: Linux (x86_64-linux-gnu)
  CPU: AMD EPYC 7502 32-Core Processor
  WORD_SIZE: 64
  LIBM: libopenlibm
  LLVM: libLLVM-9.0.1 (ORCJIT, znver2)
Environment:
  JULIA_PKGEVAL = true
  JULIA_PKG_PRECOMPILE_AUTO = 0



################################################################################
# Installation: 2021-01-11T23:29:01.046
#

 Installing known registries into `~/.julia`
############################################################              83.7%######################################################################## 100.0%
      Added registry `General` to `~/.julia/registries/General`
  Resolving package versions...
  Installed PackageCompiler ─ v1.2.5
    Cloning [cd4130c4-8d21-11e9-2a29-61e008680c2d] GAPTypes from https://github.com/oscar-system/GAPTypes.jl.git
[?25lUsername for 'https://github.com': 
