################################################################################
# PackageCompiler set-up: 2021-01-11T17:33:45.109
#

Julia Version 1.5.3
Commit 599f52c4c6 (2020-12-18 13:33 UTC)
Platform Info:
  OS: Linux (x86_64-linux-gnu)
  CPU: AMD EPYC 7502 32-Core Processor
  WORD_SIZE: 64
  LIBM: libopenlibm
  LLVM: libLLVM-9.0.1 (ORCJIT, znver2)
Environment:
  JULIA_PKGEVAL = true
  JULIA_PKG_PRECOMPILE_AUTO = 0



################################################################################
# Installation: 2021-01-11T17:33:46.801
#

 Installing known registries into `~/.julia`
################                                                          22.7%######################################################################## 100.0%
      Added registry `General` to `~/.julia/registries/General`
  Resolving package versions...
  Installed GCMAES ────────── v0.1.21
  Installed Requires ──────── v1.1.2
  Installed FastClosures ──── v0.3.2
  Installed BSON ──────────── v0.2.6
  Installed PackageCompiler ─ v1.2.5
Updating `~/.julia/environments/v1.5/Project.toml`
  [4aa9d100] + GCMAES v0.1.21
  [9b87118b] + PackageCompiler v1.2.5
Updating `~/.julia/environments/v1.5/Manifest.toml`
  [fbb218c0] + BSON v0.2.6
  [9aa1b823] + FastClosures v0.3.2
  [4aa9d100] + GCMAES v0.1.21
  [9b87118b] + PackageCompiler v1.2.5
  [ae029012] + Requires v1.1.2
  [2a0f44e3] + Base64
  [ade2ca70] + Dates
  [8ba89e20] + Distributed
  [b77e0a4c] + InteractiveUtils
  [76f85450] + LibGit2
  [8f399da3] + Libdl
  [37e2e46d] + LinearAlgebra
  [56ddb016] + Logging
  [d6f4376e] + Markdown
  [44cfe95a] + Pkg
  [de0858da] + Printf
  [3fa0cd96] + REPL
  [9a3f8284] + Random
  [ea8e919c] + SHA
  [9e88b42a] + Serialization
  [6462fe0b] + Sockets
  [2f01184e] + SparseArrays
  [10745b16] + Statistics
  [cf7118a7] + UUIDs
  [4ec0a83e] + Unicode


################################################################################
# Compiling: 2021-01-11T17:33:52.305
#

[ Info: PackageCompiler: creating system image object file, this might take a while...
Generated system image is 147.914 MiB, compilation took 164 seconds


################################################################################
# PkgEval set-up: 2021-01-11T17:36:44.117
#

Julia Version 1.5.3
Commit 599f52c4c6 (2020-12-18 13:33 UTC)
Platform Info:
  OS: Linux (x86_64-linux-gnu)
  CPU: AMD EPYC 7502 32-Core Processor
  WORD_SIZE: 64
  LIBM: libopenlibm
  LLVM: libLLVM-9.0.1 (ORCJIT, znver2)
Environment:
  JULIA_PKGEVAL = true
  JULIA_PKG_PRECOMPILE_AUTO = 0

Base.julia_cmd() = `/usr/local/julia/bin/julia -Cnative -J/cache/GCMAES-nNiEZJey.so -g1`


################################################################################
# Installation: 2021-01-11T17:36:45.879
#

 Installing known registries into `~/.julia`
####                                                                       5.7%######################################################################## 100.0%
      Added registry `General` to `~/.julia/registries/General`
  Resolving package versions...
  Installed GCMAES ─────── v0.1.21
  Installed FastClosures ─ v0.3.2
  Installed Requires ───── v1.1.2
  Installed BSON ───────── v0.2.6
Updating `~/.julia/environments/v1.5/Project.toml`
  [4aa9d100] + GCMAES v0.1.21
Updating `~/.julia/environments/v1.5/Manifest.toml`
  [fbb218c0] + BSON v0.2.6
  [9aa1b823] + FastClosures v0.3.2
  [4aa9d100] + GCMAES v0.1.21
  [ae029012] + Requires v1.1.2
  [2a0f44e3] + Base64
  [ade2ca70] + Dates
  [8ba89e20] + Distributed
  [b77e0a4c] + InteractiveUtils
  [76f85450] + LibGit2
  [8f399da3] + Libdl
  [37e2e46d] + LinearAlgebra
  [56ddb016] + Logging
  [d6f4376e] + Markdown
  [44cfe95a] + Pkg
  [de0858da] + Printf
  [3fa0cd96] + REPL
  [9a3f8284] + Random
  [ea8e919c] + SHA
  [9e88b42a] + Serialization
  [6462fe0b] + Sockets
  [2f01184e] + SparseArrays
  [10745b16] + Statistics
  [cf7118a7] + UUIDs
  [4ec0a83e] + Unicode


################################################################################
# Testing: 2021-01-11T17:36:50.557
#

    Testing GCMAES
Status `/tmp/jl_KwezCa/Project.toml`
  [fbb218c0] BSON v0.2.6
  [9aa1b823] FastClosures v0.3.2
  [4aa9d100] GCMAES v0.1.21
  [ae029012] Requires v1.1.2
  [e88e6eb3] Zygote v0.4.22
  [ade2ca70] Dates
  [8ba89e20] Distributed
  [37e2e46d] LinearAlgebra
  [44cfe95a] Pkg
  [de0858da] Printf
  [9a3f8284] Random
  [10745b16] Statistics
  [8dfed614] Test
Status `/tmp/jl_KwezCa/Manifest.toml`
  [621f4979] AbstractFFTs v0.5.0
  [4c555306] ArrayLayouts v0.3.8
  [56f22d72] Artifacts v1.3.0
  [fbb218c0] BSON v0.2.6
  [b99e7846] BinaryProvider v0.5.10
  [082447d4] ChainRules v0.6.5
  [d360d2e6] ChainRulesCore v0.8.1
  [bbf7d656] CommonSubexpressions v0.3.0
  [e66e0078] CompilerSupportLibraries_jll v0.3.4+0
  [163ba53b] DiffResults v1.0.3
  [b552c78f] DiffRules v1.0.2
  [9aa1b823] FastClosures v0.3.2
  [1a297f60] FillArrays v0.8.14
  [f6369f11] ForwardDiff v0.10.14
  [4aa9d100] GCMAES v0.1.21
  [7869d1d1] IRTools v0.4.2
  [692b3bcd] JLLWrappers v1.2.0
  [1914dd2f] MacroTools v0.5.6
  [46d2c3a1] MuladdMacro v0.2.2
  [872c559c] NNlib v0.6.6
  [77ba4419] NaNMath v0.3.5
  [efe28fd5] OpenSpecFun_jll v0.5.3+4
  [189a3867] Reexport v0.2.0
  [ae029012] Requires v1.1.2
  [276daf66] SpecialFunctions v1.1.0
  [90137ffa] StaticArrays v1.0.1
  [e88e6eb3] Zygote v0.4.22
  [700de1a5] ZygoteRules v0.2.1
  [2a0f44e3] Base64
  [ade2ca70] Dates
  [8ba89e20] Distributed
  [9fa8497b] Future
  [b77e0a4c] InteractiveUtils
  [76f85450] LibGit2
  [8f399da3] Libdl
  [37e2e46d] LinearAlgebra
  [56ddb016] Logging
  [d6f4376e] Markdown
  [44cfe95a] Pkg
  [de0858da] Printf
  [3fa0cd96] REPL
  [9a3f8284] Random
  [ea8e919c] SHA
  [9e88b42a] Serialization
  [6462fe0b] Sockets
  [2f01184e] SparseArrays
  [10745b16] Statistics
  [8dfed614] Test
  [cf7118a7] UUIDs
  [4ec0a83e] Unicode
20-10 CMA-ES
time:17:38:11.055  iter:1  elapsed-time:3.50  pmap-time:0.40  grad-time:0.00  ls-time:0.13 ls-dec:0.00e+00
fcount:20  fval:2.52e+03  fmin:2.52e+03  norm:4.17e+00  axis-ratio:1.01e+00  free-mem:159.31GB
time:17:38:13.557  iter:2  elapsed-time:2.37  pmap-time:0.00  grad-time:0.00  ls-time:0.00 ls-dec:0.00e+00
fcount:40  fval:2.49e+03  fmin:2.49e+03  norm:4.14e+00  axis-ratio:1.01e+00  free-mem:158.56GB
time:17:38:13.565  iter:3  elapsed-time:0.01  pmap-time:0.00  grad-time:0.00  ls-time:0.00 ls-dec:0.00e+00
fcount:60  fval:2.47e+03  fmin:2.47e+03  norm:4.11e+00  axis-ratio:1.01e+00  free-mem:158.53GB
time:17:38:13.574  iter:4  elapsed-time:0.01  pmap-time:0.00  grad-time:0.00  ls-time:0.00 ls-dec:0.00e+00
fcount:80  fval:2.40e+03  fmin:2.40e+03  norm:4.05e+00  axis-ratio:1.01e+00  free-mem:158.51GB
time:17:38:13.593  iter:5  elapsed-time:0.02  pmap-time:0.00  grad-time:0.00  ls-time:0.00 ls-dec:0.00e+00
fcount:100  fval:2.36e+03  fmin:2.36e+03  norm:4.01e+00  axis-ratio:1.01e+00  free-mem:158.46GB
20-10 CMA-ES
time:17:38:32.794  iter:1  elapsed-time:18.99  pmap-time:0.00  grad-time:0.36  ls-time:0.11 ls-dec:0.00e+00
fcount:20  fval:2.32e+03  fmin:2.32e+03  norm:3.99e+00  axis-ratio:1.01e+00  free-mem:155.36GB
time:17:38:32.983  iter:2  elapsed-time:0.19  pmap-time:0.00  grad-time:0.00  ls-time:0.00 ls-dec:0.00e+00
fcount:40  fval:2.26e+03  fmin:2.26e+03  norm:3.90e+00  axis-ratio:1.01e+00  free-mem:155.44GB
time:17:38:32.992  iter:3  elapsed-time:0.01  pmap-time:0.00  grad-time:0.00  ls-time:0.00 ls-dec:0.00e+00
fcount:60  fval:2.24e+03  fmin:2.24e+03  norm:3.90e+00  axis-ratio:1.01e+00  free-mem:155.40GB
time:17:38:33  iter:4  elapsed-time:0.01  pmap-time:0.00  grad-time:0.00  ls-time:0.00 ls-dec:0.00e+00
fcount:80  fval:2.18e+03  fmin:2.18e+03  norm:3.83e+00  axis-ratio:1.01e+00  free-mem:155.36GB
time:17:38:33.009  iter:5  elapsed-time:0.01  pmap-time:0.00  grad-time:0.00  ls-time:0.00 ls-dec:0.00e+00
fcount:100  fval:2.17e+03  fmin:2.17e+03  norm:3.84e+00  axis-ratio:1.01e+00  free-mem:155.34GB
20-10 CMA-ES
time:17:38:34.532  iter:1  elapsed-time:0.61  pmap-time:0.12  grad-time:0.00  ls-time:0.01 ls-dec:0.00e+00
fcount:20  fval:2.28e+03  fmin:2.28e+03  norm:3.95e+00  axis-ratio:1.01e+00  free-mem:155.92GB
time:17:38:34.735  iter:2  elapsed-time:0.20  pmap-time:0.00  grad-time:0.00  ls-time:0.00 ls-dec:0.00e+00
fcount:40  fval:2.24e+03  fmin:2.24e+03  norm:3.92e+00  axis-ratio:1.01e+00  free-mem:155.74GB
time:17:38:34.743  iter:3  elapsed-time:0.01  pmap-time:0.00  grad-time:0.00  ls-time:0.00 ls-dec:0.00e+00
fcount:60  fval:2.21e+03  fmin:2.21e+03  norm:3.87e+00  axis-ratio:1.01e+00  free-mem:155.70GB
time:17:38:34.751  iter:4  elapsed-time:0.01  pmap-time:0.00  grad-time:0.00  ls-time:0.00 ls-dec:0.00e+00
fcount:80  fval:2.17e+03  fmin:2.17e+03  norm:3.83e+00  axis-ratio:1.01e+00  free-mem:155.69GB
time:17:38:34.758  iter:5  elapsed-time:0.01  pmap-time:0.00  grad-time:0.00  ls-time:0.00 ls-dec:0.00e+00
fcount:100  fval:2.14e+03  fmin:2.14e+03  norm:3.81e+00  axis-ratio:1.01e+00  free-mem:155.66GB
20-10 CMA-ES
time:17:38:36.205  iter:1  elapsed-time:0.60  pmap-time:0.11  grad-time:0.00  ls-time:0.01 ls-dec:0.00e+00
fcount:20  fval:7.31e+02  fmin:7.31e+02  norm:3.81e+00  axis-ratio:1.01e+00  free-mem:154.30GB
time:17:38:36.394  iter:2  elapsed-time:0.19  pmap-time:0.00  grad-time:0.00  ls-time:0.00 ls-dec:0.00e+00
fcount:40  fval:7.30e+02  fmin:7.30e+02  norm:3.82e+00  axis-ratio:1.01e+00  free-mem:154.47GB
time:17:38:36.404  iter:3  elapsed-time:0.01  pmap-time:0.00  grad-time:0.00  ls-time:0.00 ls-dec:0.00e+00
fcount:60  fval:7.29e+02  fmin:7.29e+02  norm:3.87e+00  axis-ratio:1.01e+00  free-mem:154.47GB
time:17:38:36.426  iter:4  elapsed-time:0.02  pmap-time:0.00  grad-time:0.00  ls-time:0.00 ls-dec:0.00e+00
fcount:80  fval:7.28e+02  fmin:7.28e+02  norm:3.85e+00  axis-ratio:1.01e+00  free-mem:154.51GB
time:17:38:36.435  iter:5  elapsed-time:0.01  pmap-time:0.00  grad-time:0.00  ls-time:0.00 ls-dec:0.00e+00
fcount:100  fval:7.27e+02  fmin:7.27e+02  norm:3.87e+00  axis-ratio:1.01e+00  free-mem:154.56GB
20-10 CMA-ES
time:17:38:37.878  iter:1  elapsed-time:0.65  pmap-time:0.14  grad-time:0.00  ls-time:0.01 ls-dec:0.00e+00
fcount:20  fval:2.09e+03  fmin:2.09e+03  norm:3.81e+00  axis-ratio:1.01e+00  free-mem:155.71GB
time:17:38:38.083  iter:2  elapsed-time:0.20  pmap-time:0.00  grad-time:0.00  ls-time:0.00 ls-dec:0.00e+00
fcount:40  fval:2.05e+03  fmin:2.05e+03  norm:3.81e+00  axis-ratio:1.01e+00  free-mem:155.66GB
time:17:38:38.091  iter:3  elapsed-time:0.01  pmap-time:0.00  grad-time:0.00  ls-time:0.00 ls-dec:0.00e+00
fcount:60  fval:1.99e+03  fmin:1.99e+03  norm:3.73e+00  axis-ratio:1.01e+00  free-mem:155.65GB
time:17:38:38.1  iter:4  elapsed-time:0.01  pmap-time:0.00  grad-time:0.00  ls-time:0.00 ls-dec:0.00e+00
fcount:80  fval:1.95e+03  fmin:1.95e+03  norm:3.70e+00  axis-ratio:1.01e+00  free-mem:155.71GB
time:17:38:38.108  iter:5  elapsed-time:0.01  pmap-time:0.00  grad-time:0.00  ls-time:0.00 ls-dec:0.00e+00
fcount:100  fval:1.93e+03  fmin:1.93e+03  norm:3.69e+00  axis-ratio:1.01e+00  free-mem:155.76GB
20-10 CMA-ES
time:17:38:38.116  iter:1  elapsed-time:0.01  pmap-time:0.00  grad-time:0.00  ls-time:0.00 ls-dec:0.00e+00
fcount:20  fval:1.80e+03  fmin:1.80e+03  norm:7.48e+00  axis-ratio:1.01e+00  free-mem:155.79GB
time:17:38:38.134  iter:2  elapsed-time:0.02  pmap-time:0.00  grad-time:0.00  ls-time:0.00 ls-dec:0.00e+00
fcount:40  fval:1.89e+03  fmin:1.80e+03  norm:7.45e+00  axis-ratio:1.01e+00  free-mem:155.89GB
time:17:38:38.143  iter:3  elapsed-time:0.01  pmap-time:0.00  grad-time:0.00  ls-time:0.00 ls-dec:0.00e+00
fcount:60  fval:1.84e+03  fmin:1.80e+03  norm:7.40e+00  axis-ratio:1.01e+00  free-mem:155.94GB
time:17:38:38.151  iter:4  elapsed-time:0.01  pmap-time:0.00  grad-time:0.00  ls-time:0.00 ls-dec:0.00e+00
fcount:80  fval:1.88e+03  fmin:1.80e+03  norm:7.43e+00  axis-ratio:1.01e+00  free-mem:155.95GB
time:17:38:38.16  iter:5  elapsed-time:0.01  pmap-time:0.00  grad-time:0.00  ls-time:0.00 ls-dec:0.00e+00
fcount:100  fval:1.82e+03  fmin:1.80e+03  norm:7.39e+00  axis-ratio:1.01e+00  free-mem:155.94GB
    Testing GCMAES tests passed 

PkgEval succeeded


################################################################################
# PkgEval teardown: 2021-01-11T17:38:38.202
CPU usage: 114.11s (107.17s user, 7.09s kernel)

Network usage:
- eth0: 6.270 MiB received, 164.351 KiB sent

Raw statistics: {"blkio_stats":{"io_queue_recursive":[],"io_serviced_recursive":[{"major":259,"value":0,"op":"Read","minor":0},{"major":259,"value":23,"op":"Write","minor":0},{"major":259,"value":14,"op":"Sync","minor":0},{"major":259,"value":9,"op":"Async","minor":0},{"major":259,"value":0,"op":"Discard","minor":0},{"major":259,"value":23,"op":"Total","minor":0},{"major":253,"value":0,"op":"Read","minor":2},{"major":253,"value":23,"op":"Write","minor":2},{"major":253,"value":14,"op":"Sync","minor":2},{"major":253,"value":9,"op":"Async","minor":2},{"major":253,"value":0,"op":"Discard","minor":2},{"major":253,"value":23,"op":"Total","minor":2}],"io_time_recursive":[],"sectors_recursive":[],"io_service_bytes_recursive":[{"major":259,"value":0,"op":"Read","minor":0},{"major":259,"value":98304,"op":"Write","minor":0},{"major":259,"value":57344,"op":"Sync","minor":0},{"major":259,"value":40960,"op":"Async","minor":0},{"major":259,"value":0,"op":"Discard","minor":0},{"major":259,"value":98304,"op":"Total","minor":0},{"major":253,"value":0,"op":"Read","minor":2},{"major":253,"value":98304,"op":"Write","minor":2},{"major":253,"value":57344,"op":"Sync","minor":2},{"major":253,"value":40960,"op":"Async","minor":2},{"major":253,"value":0,"op":"Discard","minor":2},{"major":253,"value":98304,"op":"Total","minor":2}],"io_wait_time_recursive":[],"io_merged_recursive":[],"io_service_time_recursive":[]},"memory_stats":{"usage":344678400,"max_usage":1511399424,"stats":{"hierarchical_memory_limit":9223372036854771712,"pgmajfault":0,"total_rss":214843392,"inactive_file":135168,"inactive_anon":87453696,"total_pgfault":2786256,"total_cache":99508224,"total_rss_huge":0,"total_active_anon":226947072,"total_pgmajfault":0,"pgpgin":1840806,"rss_huge":0,"mapped_file":0,"total_inactive_file":135168,"dirty":135168,"total_unevictable":0,"total_dirty":135168,"writeback":0,"pgpgout":1764073,"hierarchical_memsw_limit":0,"cache":99508224,"active_file":135168,"pgfault":2786256,"total_mapped_file":0,"total_pgpgout":1764073,"total_writeback":0,"rss":214843392,"unevictable":0,"total_inactive_anon":87453696,"total_pgpgin":1840806,"active_anon":226947072,"total_active_file":135168},"limit":540965302272},"name":"/GCMAES-qbwMFGIj","networks":{"eth0":{"rx_bytes":6574244,"rx_packets":1316,"tx_packets":1418,"tx_bytes":168295,"tx_dropped":0,"rx_dropped":4,"tx_errors":0,"rx_errors":0}},"id":"e58dc82ceffb786939f2724ecb511a6a5b80b975a922cf597e5b02c3d88692f4","preread":"0001-01-01T00:00:00Z","storage_stats":{},"precpu_stats":{"throttling_data":{"throttled_periods":0,"throttled_time":0,"periods":0},"cpu_usage":{"usage_in_usermode":0,"usage_in_kernelmode":0,"total_usage":0}},"pids_stats":{"current":44},"num_procs":0,"cpu_stats":{"throttling_data":{"throttled_periods":0,"throttled_time":0,"periods":0},"system_cpu_usage":4195235644522419,"online_cpus":128,"cpu_usage":{"usage_in_usermode":107170000000,"usage_in_kernelmode":7090000000,"total_usage":114107160492,"percpu_usage":[0,0,0,0,0,0,0,0,0,0,0,0,0,0,0,0,0,0,0,0,0,0,0,0,0,0,0,0,1650840,114105506232,0,0,0,0,0,0,0,0,0,0,0,0,0,0,0,0,0,0,0,0,0,0,0,0,0,0,0,0,0,0,0,0,0,0,0,0,0,0,0,0,0,0,0,0,0,0,0,0,0,0,0,0,0,0,0,0,0,0,0,0,0,0,0,3420,0,0,0,0,0,0,0,0,0,0,0,0,0,0,0,0,0,0,0,0,0,0,0,0,0,0,0,0,0,0,0,0,0,0]}},"read":"2021-01-11T17:38:38.20478095Z"}