################################################################################
# PkgEval set-up: 2021-01-11T20:13:46.076
#

Julia Version 1.5.3
Commit 599f52c4c6 (2020-12-18 13:33 UTC)
Platform Info:
  OS: Linux (x86_64-linux-gnu)
  CPU: AMD EPYC 7502 32-Core Processor
  WORD_SIZE: 64
  LIBM: libopenlibm
  LLVM: libLLVM-9.0.1 (ORCJIT, znver2)
Environment:
  JULIA_PKG_PRECOMPILE_AUTO = 0
  JULIA_PKGEVAL = true

Base.julia_cmd() = `/opt/julia/bin/julia -Cnative -J/opt/julia/lib/julia/sys.so -g1`


################################################################################
# Installation: 2021-01-11T20:13:47.827
#

 Installing known registries into `~/.julia`
###########                                                               16.4%######################################################################## 100.0%
      Added registry `General` to `~/.julia/registries/General`
  Resolving package versions...
  Installed GenieAutoReload ──── v0.2.0
  Installed TextWrap ─────────── v1.0.1
  Installed MbedTLS_jll ──────── v2.16.8+1
  Installed Reexport ─────────── v1.0.0
  Installed Gumbo_jll ────────── v0.10.1+1
  Installed GMP_jll ──────────── v6.1.2+6
  Installed MbedTLS ──────────── v1.0.3
  Installed Nettle ───────────── v0.5.0
  Installed Requires ─────────── v1.1.2
  Installed ArgParse ─────────── v1.1.1
  Installed HTTP ─────────────── v0.9.2
  Installed OrderedCollections ─ v1.3.2
  Installed HttpCommon ───────── v0.5.0
  Installed LoggingExtras ────── v0.4.2
  Installed CodeTracking ─────── v1.0.5
  Installed Gumbo ────────────── v0.8.0
  Installed Nettle_jll ───────── v3.4.1+2
  Installed JuliaInterpreter ─── v0.8.8
  Installed JLLWrappers ──────── v1.2.0
  Installed Genie ────────────── v1.11.0
  Installed URIParser ────────── v0.4.1
  Installed FilePathsBase ────── v0.9.6
  Installed Nullables ────────── v1.0.0
  Installed YAML ─────────────── v0.4.5
  Installed JSON ─────────────── v0.21.1
  Installed URIs ─────────────── v1.1.0
  Installed AbstractTrees ────── v0.3.3
  Installed Millboard ────────── v0.2.5
  Installed Revise ───────────── v3.1.11
  Installed LoweredCodeUtils ─── v1.2.7
  Installed IniFile ──────────── v0.5.0
  Installed Parsers ──────────── v1.0.15
  Installed Artifacts ────────── v1.3.0
Updating `~/.julia/environments/v1.5/Project.toml`
  [c6228e60] + GenieAutoReload v0.2.0
Updating `~/.julia/environments/v1.5/Manifest.toml`
  [1520ce14] + AbstractTrees v0.3.3
  [c7e460c6] + ArgParse v1.1.1
  [56f22d72] + Artifacts v1.3.0
  [da1fd8a2] + CodeTracking v1.0.5
  [48062228] + FilePathsBase v0.9.6
  [781609d7] + GMP_jll v6.1.2+6
  [c43c736e] + Genie v1.11.0
  [c6228e60] + GenieAutoReload v0.2.0
  [708ec375] + Gumbo v0.8.0
  [528830af] + Gumbo_jll v0.10.1+1
  [cd3eb016] + HTTP v0.9.2
  [77172c1b] + HttpCommon v0.5.0
  [83e8ac13] + IniFile v0.5.0
  [692b3bcd] + JLLWrappers v1.2.0
  [682c06a0] + JSON v0.21.1
  [aa1ae85d] + JuliaInterpreter v0.8.8
  [e6f89c97] + LoggingExtras v0.4.2
  [6f1432cf] + LoweredCodeUtils v1.2.7
  [739be429] + MbedTLS v1.0.3
  [c8ffd9c3] + MbedTLS_jll v2.16.8+1
  [39ec1447] + Millboard v0.2.5
  [49dea1ee] + Nettle v0.5.0
  [4c82536e] + Nettle_jll v3.4.1+2
  [4d1e1d77] + Nullables v1.0.0
  [bac558e1] + OrderedCollections v1.3.2
  [69de0a69] + Parsers v1.0.15
  [189a3867] + Reexport v1.0.0
  [ae029012] + Requires v1.1.2
  [295af30f] + Revise v3.1.11
  [b718987f] + TextWrap v1.0.1
  [30578b45] + URIParser v0.4.1
  [5c2747f8] + URIs v1.1.0
  [ddb6d928] + YAML v0.4.5
  [2a0f44e3] + Base64
  [ade2ca70] + Dates
  [8ba89e20] + Distributed
  [7b1f6079] + FileWatching
  [b77e0a4c] + InteractiveUtils
  [76f85450] + LibGit2
  [8f399da3] + Libdl
  [56ddb016] + Logging
  [d6f4376e] + Markdown
  [a63ad114] + Mmap
  [44cfe95a] + Pkg
  [de0858da] + Printf
  [3fa0cd96] + REPL
  [9a3f8284] + Random
  [ea8e919c] + SHA
  [9e88b42a] + Serialization
  [6462fe0b] + Sockets
  [8dfed614] + Test
  [cf7118a7] + UUIDs
  [4ec0a83e] + Unicode


################################################################################
# Testing: 2021-01-11T20:13:54.033
#


PkgEval failed: Package GenieAutoReload did not provide a `test/runtests.jl` file
Stacktrace:
 [1] pkgerror(::String, ::Vararg{String,N} where N) at /workspace/srcdir/usr/share/julia/stdlib/v1.5/Pkg/src/Types.jl:52
 [2] test(::Pkg.Types.Context, ::Array{Pkg.Types.PackageSpec,1}; coverage::Bool, julia_args::Cmd, test_args::Cmd, test_fn::Nothing) at /workspace/srcdir/usr/share/julia/stdlib/v1.5/Pkg/src/Operations.jl:1536
 [3] test(::Pkg.Types.Context, ::Array{Pkg.Types.PackageSpec,1}; coverage::Bool, test_fn::Nothing, julia_args::Cmd, test_args::Cmd, kwargs::Base.Iterators.Pairs{Union{},Union{},Tuple{},NamedTuple{(),Tuple{}}}) at /workspace/srcdir/usr/share/julia/stdlib/v1.5/Pkg/src/API.jl:327
 [4] test(::Pkg.Types.Context, ::Array{Pkg.Types.PackageSpec,1}) at /workspace/srcdir/usr/share/julia/stdlib/v1.5/Pkg/src/API.jl:314
 [5] #test#61 at /workspace/srcdir/usr/share/julia/stdlib/v1.5/Pkg/src/API.jl:67 [inlined]
 [6] test at /workspace/srcdir/usr/share/julia/stdlib/v1.5/Pkg/src/API.jl:67 [inlined]
 [7] #test#60 at /workspace/srcdir/usr/share/julia/stdlib/v1.5/Pkg/src/API.jl:66 [inlined]
 [8] test at /workspace/srcdir/usr/share/julia/stdlib/v1.5/Pkg/src/API.jl:66 [inlined]
 [9] test(::String; kwargs::Base.Iterators.Pairs{Union{},Union{},Tuple{},NamedTuple{(),Tuple{}}}) at /workspace/srcdir/usr/share/julia/stdlib/v1.5/Pkg/src/API.jl:65
 [10] test(::String) at /workspace/srcdir/usr/share/julia/stdlib/v1.5/Pkg/src/API.jl:65
 [11] top-level scope at none:22
 [12] eval at ./boot.jl:331 [inlined]
 [13] eval(::Expr) at ./client.jl:467
 [14] top-level scope at none:1
 [15] eval(::Module, ::Any) at ./boot.jl:331
 [16] exec_options(::Base.JLOptions) at ./client.jl:272
 [17] _start() at ./client.jl:506


################################################################################
# PkgEval teardown: 2021-01-11T20:13:56.259
CPU usage: 10.26s (7.90s user, 2.38s kernel)

Network usage:
- eth0: 5.077 MiB received, 189.405 KiB sent

Raw statistics: {"blkio_stats":{"io_queue_recursive":[],"io_serviced_recursive":[{"major":259,"value":0,"op":"Read","minor":0},{"major":259,"value":20,"op":"Write","minor":0},{"major":259,"value":19,"op":"Sync","minor":0},{"major":259,"value":1,"op":"Async","minor":0},{"major":259,"value":0,"op":"Discard","minor":0},{"major":259,"value":20,"op":"Total","minor":0},{"major":253,"value":0,"op":"Read","minor":2},{"major":253,"value":20,"op":"Write","minor":2},{"major":253,"value":19,"op":"Sync","minor":2},{"major":253,"value":1,"op":"Async","minor":2},{"major":253,"value":0,"op":"Discard","minor":2},{"major":253,"value":20,"op":"Total","minor":2}],"io_time_recursive":[],"sectors_recursive":[],"io_service_bytes_recursive":[{"major":259,"value":0,"op":"Read","minor":0},{"major":259,"value":110592,"op":"Write","minor":0},{"major":259,"value":106496,"op":"Sync","minor":0},{"major":259,"value":4096,"op":"Async","minor":0},{"major":259,"value":0,"op":"Discard","minor":0},{"major":259,"value":110592,"op":"Total","minor":0},{"major":253,"value":0,"op":"Read","minor":2},{"major":253,"value":110592,"op":"Write","minor":2},{"major":253,"value":106496,"op":"Sync","minor":2},{"major":253,"value":4096,"op":"Async","minor":2},{"major":253,"value":0,"op":"Discard","minor":2},{"major":253,"value":110592,"op":"Total","minor":2}],"io_wait_time_recursive":[],"io_merged_recursive":[],"io_service_time_recursive":[]},"memory_stats":{"usage":355057664,"max_usage":433905664,"stats":{"hierarchical_memory_limit":9223372036854771712,"pgmajfault":0,"total_rss":234582016,"inactive_file":135168,"inactive_anon":87994368,"total_pgfault":251295,"total_cache":89378816,"total_rss_huge":0,"total_active_anon":235868160,"total_pgmajfault":0,"pgpgin":171006,"rss_huge":0,"mapped_file":0,"total_inactive_file":135168,"dirty":135168,"total_unevictable":0,"total_dirty":135168,"writeback":0,"pgpgout":91906,"hierarchical_memsw_limit":0,"cache":89378816,"active_file":135168,"pgfault":251295,"total_mapped_file":0,"total_pgpgout":91906,"total_writeback":0,"rss":234582016,"unevictable":0,"total_inactive_anon":87994368,"total_pgpgin":171006,"active_anon":235868160,"total_active_file":135168},"limit":540965302272},"name":"/GenieAutoReload-NPXX1Wdo","networks":{"eth0":{"rx_bytes":5323999,"rx_packets":1361,"tx_packets":1600,"tx_bytes":193951,"tx_dropped":0,"rx_dropped":1,"tx_errors":0,"rx_errors":0}},"id":"bd9dc98aca24a9b348f978841b8b82046ef16109b78a629d3db9be6760e8b474","preread":"0001-01-01T00:00:00Z","storage_stats":{},"precpu_stats":{"throttling_data":{"throttled_periods":0,"throttled_time":0,"periods":0},"cpu_usage":{"usage_in_usermode":0,"usage_in_kernelmode":0,"total_usage":0}},"pids_stats":{"current":40},"num_procs":0,"cpu_stats":{"throttling_data":{"throttled_periods":0,"throttled_time":0,"periods":0},"system_cpu_usage":5386221344522419,"online_cpus":128,"cpu_usage":{"usage_in_usermode":7900000000,"usage_in_kernelmode":2380000000,"total_usage":10261960279,"percpu_usage":[0,0,0,0,0,0,0,0,0,0,0,0,0,0,0,0,0,0,0,0,0,0,0,0,0,0,0,0,0,0,0,0,0,0,0,0,0,0,0,0,0,0,0,0,0,0,0,0,0,0,0,0,0,10261551519,3280,0,0,0,0,0,0,0,0,0,0,0,0,0,0,0,0,0,0,0,0,0,0,0,0,0,0,0,0,0,0,0,0,0,0,0,0,0,0,0,0,0,0,0,0,0,0,0,0,0,0,0,0,0,0,0,0,0,0,0,0,0,0,126980,0,278500,0,0,0,0,0,0,0,0]}},"read":"2021-01-11T20:13:56.912896046Z"}