################################################################################
# PkgEval set-up: 2021-01-11T18:23:00.3
#

Julia Version 1.5.3
Commit 599f52c4c6 (2020-12-18 13:33 UTC)
Platform Info:
  OS: Linux (x86_64-linux-gnu)
  CPU: AMD EPYC 7502 32-Core Processor
  WORD_SIZE: 64
  LIBM: libopenlibm
  LLVM: libLLVM-9.0.1 (ORCJIT, znver2)
Environment:
  JULIA_PKG_PRECOMPILE_AUTO = 0
  JULIA_PKGEVAL = true

Base.julia_cmd() = `/opt/julia/bin/julia -Cnative -J/opt/julia/lib/julia/sys.so -g1`


################################################################################
# Installation: 2021-01-11T18:23:02.144
#

 Installing known registries into `~/.julia`
######################################################################## 100.0%
      Added registry `General` to `~/.julia/registries/General`
  Resolving package versions...
  Installed RecipesBase ───────────────── v1.1.1
  Installed GeoDatasets ───────────────── v0.1.3
  Installed CodecZlib ─────────────────── v0.7.0
  Installed MbedTLS_jll ───────────────── v2.16.8+1
  Installed GeoInterface ──────────────── v0.5.4
  Installed DataAPI ───────────────────── v1.4.0
  Installed MbedTLS ───────────────────── v1.0.3
  Installed JLLWrappers ───────────────── v1.2.0
  Installed Zlib_jll ──────────────────── v1.2.11+18
  Installed IteratorInterfaceExtensions ─ v1.0.0
  Installed WeakRefStrings ────────────── v0.6.2
  Installed RemoteFiles ───────────────── v0.3.1
  Installed TableTraits ───────────────── v1.0.0
  Installed ZipFile ───────────────────── v0.9.3
  Installed FileIO ────────────────────── v1.4.5
  Installed HTTP ──────────────────────── v0.8.19
  Installed Shapefile ─────────────────── v0.6.2
  Installed DBFTables ─────────────────── v0.2.2
  Installed TranscodingStreams ────────── v0.9.5
  Installed DataValueInterfaces ───────── v1.0.0
  Installed IniFile ───────────────────── v0.5.0
  Installed Tables ────────────────────── v1.2.2
  Installed Artifacts ─────────────────── v1.3.0
Updating `~/.julia/environments/v1.5/Project.toml`
  [ddc7317b] + GeoDatasets v0.1.3
Updating `~/.julia/environments/v1.5/Manifest.toml`
  [56f22d72] + Artifacts v1.3.0
  [944b1d66] + CodecZlib v0.7.0
  [75c7ada1] + DBFTables v0.2.2
  [9a962f9c] + DataAPI v1.4.0
  [e2d170a0] + DataValueInterfaces v1.0.0
  [5789e2e9] + FileIO v1.4.5
  [ddc7317b] + GeoDatasets v0.1.3
  [cf35fbd7] + GeoInterface v0.5.4
  [cd3eb016] + HTTP v0.8.19
  [83e8ac13] + IniFile v0.5.0
  [82899510] + IteratorInterfaceExtensions v1.0.0
  [692b3bcd] + JLLWrappers v1.2.0
  [739be429] + MbedTLS v1.0.3
  [c8ffd9c3] + MbedTLS_jll v2.16.8+1
  [3cdcf5f2] + RecipesBase v1.1.1
  [cbe49d4c] + RemoteFiles v0.3.1
  [8e980c4a] + Shapefile v0.6.2
  [3783bdb8] + TableTraits v1.0.0
  [bd369af6] + Tables v1.2.2
  [3bb67fe8] + TranscodingStreams v0.9.5
  [ea10d353] + WeakRefStrings v0.6.2
  [a5390f91] + ZipFile v0.9.3
  [83775a58] + Zlib_jll v1.2.11+18
  [2a0f44e3] + Base64
  [ade2ca70] + Dates
  [8ba89e20] + Distributed
  [b77e0a4c] + InteractiveUtils
  [76f85450] + LibGit2
  [8f399da3] + Libdl
  [37e2e46d] + LinearAlgebra
  [56ddb016] + Logging
  [d6f4376e] + Markdown
  [44cfe95a] + Pkg
  [de0858da] + Printf
  [3fa0cd96] + REPL
  [9a3f8284] + Random
  [ea8e919c] + SHA
  [9e88b42a] + Serialization
  [6462fe0b] + Sockets
  [8dfed614] + Test
  [cf7118a7] + UUIDs
  [4ec0a83e] + Unicode


################################################################################
# Testing: 2021-01-11T18:23:08.143
#

    Testing GeoDatasets
Status `/tmp/jl_e7b9NQ/Project.toml`
  [944b1d66] CodecZlib v0.7.0
  [ddc7317b] GeoDatasets v0.1.3
  [cf35fbd7] GeoInterface v0.5.4
  [cbe49d4c] RemoteFiles v0.3.1
  [8e980c4a] Shapefile v0.6.2
  [a5390f91] ZipFile v0.9.3
  [de0858da] Printf
  [8dfed614] Test
Status `/tmp/jl_e7b9NQ/Manifest.toml`
  [56f22d72] Artifacts v1.3.0
  [944b1d66] CodecZlib v0.7.0
  [75c7ada1] DBFTables v0.2.2
  [9a962f9c] DataAPI v1.4.0
  [e2d170a0] DataValueInterfaces v1.0.0
  [5789e2e9] FileIO v1.4.5
  [ddc7317b] GeoDatasets v0.1.3
  [cf35fbd7] GeoInterface v0.5.4
  [cd3eb016] HTTP v0.8.19
  [83e8ac13] IniFile v0.5.0
  [82899510] IteratorInterfaceExtensions v1.0.0
  [692b3bcd] JLLWrappers v1.2.0
  [739be429] MbedTLS v1.0.3
  [c8ffd9c3] MbedTLS_jll v2.16.8+1
  [3cdcf5f2] RecipesBase v1.1.1
  [cbe49d4c] RemoteFiles v0.3.1
  [8e980c4a] Shapefile v0.6.2
  [3783bdb8] TableTraits v1.0.0
  [bd369af6] Tables v1.2.2
  [3bb67fe8] TranscodingStreams v0.9.5
  [ea10d353] WeakRefStrings v0.6.2
  [a5390f91] ZipFile v0.9.3
  [83775a58] Zlib_jll v1.2.11+18
  [2a0f44e3] Base64
  [ade2ca70] Dates
  [8ba89e20] Distributed
  [b77e0a4c] InteractiveUtils
  [76f85450] LibGit2
  [8f399da3] Libdl
  [37e2e46d] LinearAlgebra
  [56ddb016] Logging
  [d6f4376e] Markdown
  [44cfe95a] Pkg
  [de0858da] Printf
  [3fa0cd96] REPL
  [9a3f8284] Random
  [ea8e919c] SHA
  [9e88b42a] Serialization
  [6462fe0b] Sockets
  [8dfed614] Test
  [cf7118a7] UUIDs
  [4ec0a83e] Unicode
[ Info: Downloading file 'lsmask_5min_c.bin' from 'https://raw.githubusercontent.com/matplotlib/basemap/master/lib/mpl_toolkits/basemap_data/lsmask_5min_c.bin' with cURL.
Test Summary: | Pass  Total
landseamask   |    4      4
[ Info: Downloading file 'gshhg-shp-2.3.7.zip' from 'http://www.soest.hawaii.edu/pwessel/gshhg/gshhg-shp-2.3.7.zip' with cURL.
Test Summary: | Pass  Total
gshhg         |    4      4
    Testing GeoDatasets tests passed 

PkgEval succeeded


################################################################################
# PkgEval teardown: 2021-01-11T18:27:08.007
CPU usage: 47.17s (37.22s user, 10.05s kernel)

Network usage:
- eth0: 448.765 MiB received, 9.115 MiB sent

Raw statistics: {"blkio_stats":{"io_queue_recursive":[],"io_serviced_recursive":[{"major":259,"value":0,"op":"Read","minor":0},{"major":259,"value":34,"op":"Write","minor":0},{"major":259,"value":19,"op":"Sync","minor":0},{"major":259,"value":15,"op":"Async","minor":0},{"major":259,"value":0,"op":"Discard","minor":0},{"major":259,"value":34,"op":"Total","minor":0},{"major":253,"value":0,"op":"Read","minor":2},{"major":253,"value":28,"op":"Write","minor":2},{"major":253,"value":19,"op":"Sync","minor":2},{"major":253,"value":9,"op":"Async","minor":2},{"major":253,"value":0,"op":"Discard","minor":2},{"major":253,"value":28,"op":"Total","minor":2}],"io_time_recursive":[],"sectors_recursive":[],"io_service_bytes_recursive":[{"major":259,"value":0,"op":"Read","minor":0},{"major":259,"value":1167360,"op":"Write","minor":0},{"major":259,"value":106496,"op":"Sync","minor":0},{"major":259,"value":1060864,"op":"Async","minor":0},{"major":259,"value":0,"op":"Discard","minor":0},{"major":259,"value":1167360,"op":"Total","minor":0},{"major":253,"value":0,"op":"Read","minor":2},{"major":253,"value":1167360,"op":"Write","minor":2},{"major":253,"value":106496,"op":"Sync","minor":2},{"major":253,"value":1060864,"op":"Async","minor":2},{"major":253,"value":0,"op":"Discard","minor":2},{"major":253,"value":1167360,"op":"Total","minor":2}],"io_wait_time_recursive":[],"io_merged_recursive":[],"io_service_time_recursive":[]},"memory_stats":{"usage":448253952,"max_usage":1263464448,"stats":{"hierarchical_memory_limit":9223372036854771712,"pgmajfault":0,"total_rss":179269632,"inactive_file":135168,"inactive_anon":230191104,"total_pgfault":1511532,"total_cache":238235648,"total_rss_huge":0,"total_active_anon":187342848,"total_pgmajfault":0,"pgpgin":1203345,"rss_huge":0,"mapped_file":0,"total_inactive_file":135168,"dirty":2433024,"total_unevictable":0,"total_dirty":2433024,"writeback":0,"pgpgout":1101418,"hierarchical_memsw_limit":0,"cache":238235648,"active_file":135168,"pgfault":1511532,"total_mapped_file":0,"total_pgpgout":1101418,"total_writeback":0,"rss":179269632,"unevictable":0,"total_inactive_anon":230191104,"total_pgpgin":1203345,"active_anon":187342848,"total_active_file":135168},"limit":540965302272},"name":"/GeoDatasets-9SaMeiDA","networks":{"eth0":{"rx_bytes":470564393,"rx_packets":291289,"tx_packets":143699,"tx_bytes":9557737,"tx_dropped":0,"rx_dropped":9,"tx_errors":0,"rx_errors":0}},"id":"05892283ce19bd08b169dc303b7a8f9bf8da0588d9ff58c80b5c79f516922f9b","preread":"0001-01-01T00:00:00Z","storage_stats":{},"precpu_stats":{"throttling_data":{"throttled_periods":0,"throttled_time":0,"periods":0},"cpu_usage":{"usage_in_usermode":0,"usage_in_kernelmode":0,"total_usage":0}},"pids_stats":{"current":40},"num_procs":0,"cpu_stats":{"throttling_data":{"throttled_periods":0,"throttled_time":0,"periods":0},"system_cpu_usage":4566987604522419,"online_cpus":128,"cpu_usage":{"usage_in_usermode":37220000000,"usage_in_kernelmode":10050000000,"total_usage":47170126655,"percpu_usage":[47170123815,0,0,0,0,0,0,0,0,0,0,0,0,0,0,0,0,0,0,0,0,0,0,0,0,0,0,0,0,0,0,0,0,0,0,0,0,0,0,0,0,0,0,0,0,0,0,0,0,0,0,0,0,0,0,0,0,0,0,0,0,0,0,0,2840,0,0,0,0,0,0,0,0,0,0,0,0,0,0,0,0,0,0,0,0,0,0,0,0,0,0,0,0,0,0,0,0,0,0,0,0,0,0,0,0,0,0,0,0,0,0,0,0,0,0,0,0,0,0,0,0,0,0,0,0,0,0,0]}},"read":"2021-01-11T18:27:08.00975917Z"}