################################################################################
# PkgEval set-up: 2021-01-11T23:31:39.387
#

Julia Version 1.5.3
Commit 599f52c4c6 (2020-12-18 13:33 UTC)
Platform Info:
  OS: Linux (x86_64-linux-gnu)
  CPU: AMD EPYC 7502 32-Core Processor
  WORD_SIZE: 64
  LIBM: libopenlibm
  LLVM: libLLVM-9.0.1 (ORCJIT, znver2)
Environment:
  JULIA_PKG_PRECOMPILE_AUTO = 0
  JULIA_PKGEVAL = true

Base.julia_cmd() = `/opt/julia/bin/julia -Cnative -J/opt/julia/lib/julia/sys.so -g1`


################################################################################
# Installation: 2021-01-11T23:31:41.186
#

 Installing known registries into `~/.julia`
###############                                                           22.0%######################################################################## 100.0%
      Added registry `General` to `~/.julia/registries/General`
  Resolving package versions...
  Installed MbedTLS_jll ─ v2.16.8+1
  Installed IniFile ───── v0.5.0
  Installed JSON2 ─────── v0.3.2
  Installed MbedTLS ───── v1.0.3
  Installed Parsers ───── v1.0.15
  Installed GitForge ──── v0.1.6
  Installed HTTP ──────── v0.8.19
  Installed JLLWrappers ─ v1.2.0
  Installed Artifacts ─── v1.3.0
Updating `~/.julia/environments/v1.5/Project.toml`
  [8f6bce27] + GitForge v0.1.6
Updating `~/.julia/environments/v1.5/Manifest.toml`
  [56f22d72] + Artifacts v1.3.0
  [8f6bce27] + GitForge v0.1.6
  [cd3eb016] + HTTP v0.8.19
  [83e8ac13] + IniFile v0.5.0
  [692b3bcd] + JLLWrappers v1.2.0
  [2535ab7d] + JSON2 v0.3.2
  [739be429] + MbedTLS v1.0.3
  [c8ffd9c3] + MbedTLS_jll v2.16.8+1
  [69de0a69] + Parsers v1.0.15
  [2a0f44e3] + Base64
  [ade2ca70] + Dates
  [8ba89e20] + Distributed
  [b77e0a4c] + InteractiveUtils
  [76f85450] + LibGit2
  [8f399da3] + Libdl
  [56ddb016] + Logging
  [d6f4376e] + Markdown
  [44cfe95a] + Pkg
  [de0858da] + Printf
  [3fa0cd96] + REPL
  [9a3f8284] + Random
  [ea8e919c] + SHA
  [9e88b42a] + Serialization
  [6462fe0b] + Sockets
  [8dfed614] + Test
  [cf7118a7] + UUIDs
  [4ec0a83e] + Unicode


################################################################################
# Testing: 2021-01-11T23:31:46.212
#

    Testing GitForge
Status `/tmp/jl_zd468P/Project.toml`
  [8f6bce27] GitForge v0.1.6
  [cd3eb016] HTTP v0.8.19
  [2535ab7d] JSON2 v0.3.2
  [ade2ca70] Dates
  [8dfed614] Test
Status `/tmp/jl_zd468P/Manifest.toml`
  [56f22d72] Artifacts v1.3.0
  [8f6bce27] GitForge v0.1.6
  [cd3eb016] HTTP v0.8.19
  [83e8ac13] IniFile v0.5.0
  [692b3bcd] JLLWrappers v1.2.0
  [2535ab7d] JSON2 v0.3.2
  [739be429] MbedTLS v1.0.3
  [c8ffd9c3] MbedTLS_jll v2.16.8+1
  [69de0a69] Parsers v1.0.15
  [2a0f44e3] Base64
  [ade2ca70] Dates
  [8ba89e20] Distributed
  [b77e0a4c] InteractiveUtils
  [76f85450] LibGit2
  [8f399da3] Libdl
  [56ddb016] Logging
  [d6f4376e] Markdown
  [44cfe95a] Pkg
  [de0858da] Printf
  [3fa0cd96] REPL
  [9a3f8284] Random
  [ea8e919c] SHA
  [9e88b42a] Serialization
  [6462fe0b] Sockets
  [8dfed614] Test
  [cf7118a7] UUIDs
  [4ec0a83e] Unicode
Test Summary: | Pass  Total
GitForge.jl   |   14     14
    Testing GitForge tests passed 

PkgEval succeeded


################################################################################
# PkgEval teardown: 2021-01-11T23:32:15.019
CPU usage: 35.55s (32.16s user, 3.44s kernel)

Network usage:
- eth0: 3.014 MiB received, 70.446 KiB sent

Raw statistics: {"blkio_stats":{"io_queue_recursive":[],"io_serviced_recursive":[{"major":259,"value":1,"op":"Read","minor":0},{"major":259,"value":24,"op":"Write","minor":0},{"major":259,"value":20,"op":"Sync","minor":0},{"major":259,"value":5,"op":"Async","minor":0},{"major":259,"value":0,"op":"Discard","minor":0},{"major":259,"value":25,"op":"Total","minor":0},{"major":253,"value":1,"op":"Read","minor":2},{"major":253,"value":24,"op":"Write","minor":2},{"major":253,"value":20,"op":"Sync","minor":2},{"major":253,"value":5,"op":"Async","minor":2},{"major":253,"value":0,"op":"Discard","minor":2},{"major":253,"value":25,"op":"Total","minor":2}],"io_time_recursive":[],"sectors_recursive":[],"io_service_bytes_recursive":[{"major":259,"value":8192,"op":"Read","minor":0},{"major":259,"value":126976,"op":"Write","minor":0},{"major":259,"value":114688,"op":"Sync","minor":0},{"major":259,"value":20480,"op":"Async","minor":0},{"major":259,"value":0,"op":"Discard","minor":0},{"major":259,"value":135168,"op":"Total","minor":0},{"major":253,"value":8192,"op":"Read","minor":2},{"major":253,"value":126976,"op":"Write","minor":2},{"major":253,"value":114688,"op":"Sync","minor":2},{"major":253,"value":20480,"op":"Async","minor":2},{"major":253,"value":0,"op":"Discard","minor":2},{"major":253,"value":135168,"op":"Total","minor":2}],"io_wait_time_recursive":[],"io_merged_recursive":[],"io_service_time_recursive":[]},"memory_stats":{"usage":338587648,"max_usage":1123241984,"stats":{"hierarchical_memory_limit":9223372036854771712,"pgmajfault":0,"total_rss":220180480,"inactive_file":135168,"inactive_anon":79749120,"total_pgfault":949245,"total_cache":88584192,"total_rss_huge":0,"total_active_anon":229109760,"total_pgmajfault":0,"pgpgin":553971,"rss_huge":0,"mapped_file":0,"total_inactive_file":135168,"dirty":270336,"total_unevictable":0,"total_dirty":270336,"writeback":0,"pgpgout":478581,"hierarchical_memsw_limit":0,"cache":88584192,"active_file":135168,"pgfault":949245,"total_mapped_file":0,"total_pgpgout":478581,"total_writeback":0,"rss":220180480,"unevictable":0,"total_inactive_anon":79749120,"total_pgpgin":553971,"active_anon":229109760,"total_active_file":135168},"limit":540965302272},"name":"/GitForge-mgY14cqR","networks":{"eth0":{"rx_bytes":3160316,"rx_packets":600,"tx_packets":643,"tx_bytes":72137,"tx_dropped":0,"rx_dropped":2,"tx_errors":0,"rx_errors":0}},"id":"57904b0444a07314f3ed927fbeb1be17cc9b90d412131332420593eb089dbfe3","preread":"0001-01-01T00:00:00Z","storage_stats":{},"precpu_stats":{"throttling_data":{"throttled_periods":0,"throttled_time":0,"periods":0},"cpu_usage":{"usage_in_usermode":0,"usage_in_kernelmode":0,"total_usage":0}},"pids_stats":{"current":40},"num_procs":0,"cpu_stats":{"throttling_data":{"throttled_periods":0,"throttled_time":0,"periods":0},"system_cpu_usage":6906444414522419,"online_cpus":128,"cpu_usage":{"usage_in_usermode":32160000000,"usage_in_kernelmode":3440000000,"total_usage":35553171605,"percpu_usage":[0,0,0,0,0,0,0,0,0,0,0,0,0,0,0,0,0,0,0,0,0,0,0,0,0,0,0,0,0,35553171605,0,0,0,0,0,0,0,0,0,0,0,0,0,0,0,0,0,0,0,0,0,0,0,0,0,0,0,0,0,0,0,0,0,0,0,0,0,0,0,0,0,0,0,0,0,0,0,0,0,0,0,0,0,0,0,0,0,0,0,0,0,0,0,0,0,0,0,0,0,0,0,0,0,0,0,0,0,0,0,0,0,0,0,0,0,0,0,0,0,0,0,0,0,0,0,0,0,0]}},"read":"2021-01-11T23:32:15.022980998Z"}