################################################################################
# PackageCompiler set-up: 2021-01-11T23:33:11.108
#

Julia Version 1.5.3
Commit 599f52c4c6 (2020-12-18 13:33 UTC)
Platform Info:
  OS: Linux (x86_64-linux-gnu)
  CPU: AMD EPYC 7502 32-Core Processor
  WORD_SIZE: 64
  LIBM: libopenlibm
  LLVM: libLLVM-9.0.1 (ORCJIT, znver2)
Environment:
  JULIA_PKGEVAL = true
  JULIA_PKG_PRECOMPILE_AUTO = 0



################################################################################
# Installation: 2021-01-11T23:33:12.829
#

 Installing known registries into `~/.julia`
##########################                                                37.1%######################################################################## 100.0%
      Added registry `General` to `~/.julia/registries/General`
  Resolving package versions...
  Installed MbedTLS_jll ───── v2.16.8+1
  Installed JSON2 ─────────── v0.3.2
  Installed MbedTLS ───────── v1.0.3
  Installed Parsers ───────── v1.0.15
  Installed GitForge ──────── v0.1.6
  Installed HTTP ──────────── v0.8.19
  Installed JLLWrappers ───── v1.2.0
  Installed PackageCompiler ─ v1.2.5
  Installed IniFile ───────── v0.5.0
  Installed Artifacts ─────── v1.3.0
Updating `~/.julia/environments/v1.5/Project.toml`
  [8f6bce27] + GitForge v0.1.6
  [9b87118b] + PackageCompiler v1.2.5
Updating `~/.julia/environments/v1.5/Manifest.toml`
  [56f22d72] + Artifacts v1.3.0
  [8f6bce27] + GitForge v0.1.6
  [cd3eb016] + HTTP v0.8.19
  [83e8ac13] + IniFile v0.5.0
  [692b3bcd] + JLLWrappers v1.2.0
  [2535ab7d] + JSON2 v0.3.2
  [739be429] + MbedTLS v1.0.3
  [c8ffd9c3] + MbedTLS_jll v2.16.8+1
  [9b87118b] + PackageCompiler v1.2.5
  [69de0a69] + Parsers v1.0.15
  [2a0f44e3] + Base64
  [ade2ca70] + Dates
  [8ba89e20] + Distributed
  [b77e0a4c] + InteractiveUtils
  [76f85450] + LibGit2
  [8f399da3] + Libdl
  [56ddb016] + Logging
  [d6f4376e] + Markdown
  [44cfe95a] + Pkg
  [de0858da] + Printf
  [3fa0cd96] + REPL
  [9a3f8284] + Random
  [ea8e919c] + SHA
  [9e88b42a] + Serialization
  [6462fe0b] + Sockets
  [8dfed614] + Test
  [cf7118a7] + UUIDs
  [4ec0a83e] + Unicode


################################################################################
# Compiling: 2021-01-11T23:33:18.465
#

[ Info: PackageCompiler: creating system image object file, this might take a while...
Generated system image is 158.989 MiB, compilation took 179 seconds


fatal: error thrown and no exception handler available.
InitError(mod=:GitForge, error=Base.SystemError(prefix="opening file "/home/pkgeval/.julia/packages/GitForge/cPPnd/Project.toml"", errnum=2, extrainfo=nothing))
#systemerror#49 at ./error.jl:168
systemerror##kw at ./error.jl:168
systemerror##kw at ./error.jl:168
#systemerror#48 at ./error.jl:167 [inlined]
systemerror at ./error.jl:167 [inlined]
#open#542 at ./iostream.jl:284
open at ./iostream.jl:273 [inlined]
#open#287 at ./io.jl:323
open at ./io.jl:323 [inlined]
read at ./io.jl:410 [inlined]
__init__ at /home/pkgeval/.julia/packages/GitForge/cPPnd/src/GitForge.jl:11
jfptr___init___68526 at /cache/GitForge-94c7nUCV.so (unknown line)
_jl_invoke at /workspace/srcdir/src/gf.c:2214 [inlined]
jl_apply_generic at /workspace/srcdir/src/gf.c:2398
jl_apply at /workspace/srcdir/src/julia.h:1690 [inlined]
jl_module_run_initializer at /workspace/srcdir/src/toplevel.c:74
_julia_init at /workspace/srcdir/src/init.c:780
main at /workspace/srcdir/ui/repl.c:221
__libc_start_main at /usr/lib/libc.so.6 (unknown line)
unknown function (ip: 0x4015e4)

No statistics gathered.