################################################################################
# PackageCompiler set-up: 2021-01-11T15:13:33.984
#

Julia Version 1.5.3
Commit 599f52c4c6 (2020-12-18 13:33 UTC)
Platform Info:
  OS: Linux (x86_64-linux-gnu)
  CPU: AMD EPYC 7502 32-Core Processor
  WORD_SIZE: 64
  LIBM: libopenlibm
  LLVM: libLLVM-9.0.1 (ORCJIT, znver2)
Environment:
  JULIA_PKGEVAL = true
  JULIA_PKG_PRECOMPILE_AUTO = 0



################################################################################
# Installation: 2021-01-11T15:13:35.574
#

 Installing known registries into `~/.julia`
#=#=#                                                                         ##O#- #                                                                       ######################################################################## 100.0%
      Added registry `General` to `~/.julia/registries/General`
  Resolving package versions...
  Installed GithubMarkdown ── v0.1.2
  Installed BinaryProvider ── v0.5.10
  Installed PackageCompiler ─ v1.2.5
Updating `~/.julia/environments/v1.5/Project.toml`
  [ecb7cac2] + GithubMarkdown v0.1.2
  [9b87118b] + PackageCompiler v1.2.5
Updating `~/.julia/environments/v1.5/Manifest.toml`
  [b99e7846] + BinaryProvider v0.5.10
  [ecb7cac2] + GithubMarkdown v0.1.2
  [9b87118b] + PackageCompiler v1.2.5
  [2a0f44e3] + Base64
  [ade2ca70] + Dates
  [b77e0a4c] + InteractiveUtils
  [76f85450] + LibGit2
  [8f399da3] + Libdl
  [56ddb016] + Logging
  [d6f4376e] + Markdown
  [44cfe95a] + Pkg
  [de0858da] + Printf
  [3fa0cd96] + REPL
  [9a3f8284] + Random
  [ea8e919c] + SHA
  [9e88b42a] + Serialization
  [6462fe0b] + Sockets
  [cf7118a7] + UUIDs
  [4ec0a83e] + Unicode
   Building GithubMarkdown → `~/.julia/packages/GithubMarkdown/TjBXR/deps/build.log`


################################################################################
# Compiling: 2021-01-11T15:14:00.748
#

[ Info: PackageCompiler: creating system image object file, this might take a while...
Generated system image is 147.353 MiB, compilation took 160 seconds


fatal: error thrown and no exception handler available.
InitError(mod=:GithubMarkdown, error=ErrorException("/home/pkgeval/.julia/packages/GithubMarkdown/TjBXR/deps/usr/lib/libcmark-gfm-extensions.so does not exist, Please re-run Pkg.build("GithubMarkdown"), and restart Julia."))
error at ./error.jl:33
check_deps at /home/pkgeval/.julia/packages/GithubMarkdown/TjBXR/deps/deps.jl:18
__init__ at /home/pkgeval/.julia/packages/GithubMarkdown/TjBXR/src/GithubMarkdown.jl:26
jl_sysimg_fvars_base at /cache/GithubMarkdown-i7VcBkP1.so (unknown line)
_jl_invoke at /workspace/srcdir/src/gf.c:2214 [inlined]
jl_apply_generic at /workspace/srcdir/src/gf.c:2398
jl_apply at /workspace/srcdir/src/julia.h:1690 [inlined]
jl_module_run_initializer at /workspace/srcdir/src/toplevel.c:74
_julia_init at /workspace/srcdir/src/init.c:780
main at /workspace/srcdir/ui/repl.c:221
__libc_start_main at /usr/lib/libc.so.6 (unknown line)
unknown function (ip: 0x4015e4)

No statistics gathered.