################################################################################
# PkgEval set-up: 2021-01-11T19:05:26.551
#

Julia Version 1.5.3
Commit 599f52c4c6 (2020-12-18 13:33 UTC)
Platform Info:
  OS: Linux (x86_64-linux-gnu)
  CPU: AMD EPYC 7502 32-Core Processor
  WORD_SIZE: 64
  LIBM: libopenlibm
  LLVM: libLLVM-9.0.1 (ORCJIT, znver2)
Environment:
  JULIA_PKG_PRECOMPILE_AUTO = 0
  JULIA_PKGEVAL = true

Base.julia_cmd() = `/opt/julia/bin/julia -Cnative -J/opt/julia/lib/julia/sys.so -g1`


################################################################################
# Installation: 2021-01-11T19:05:28.355
#

 Installing known registries into `~/.julia`
######################################                                    52.9%######################################################################## 100.0%
      Added registry `General` to `~/.julia/registries/General`
  Resolving package versions...
  Installed CompilerSupportLibraries_jll ─ v0.3.4+0
  Installed ZygoteRules ────────────────── v0.2.1
  Installed Reexport ───────────────────── v1.0.0
  Installed Rmath_jll ──────────────────── v0.2.2+1
  Installed GlobalSensitivity ──────────── v0.0.1
  Installed CommonSubexpressions ───────── v0.3.0
  Installed Rmath ──────────────────────── v0.6.1
  Installed MuladdMacro ────────────────── v0.2.2
  Installed QuasiMonteCarlo ────────────── v0.2.2
  Installed MKL_jll ────────────────────── v2020.2.254+0
  Installed FillArrays ─────────────────── v0.10.2
  Installed FFTW ───────────────────────── v1.3.1
  Installed Requires ───────────────────── v1.1.2
  Installed DataStructures ─────────────── v0.18.8
  Installed StatsBase ──────────────────── v0.33.2
  Installed DataAPI ────────────────────── v1.4.0
  Installed DiffRules ──────────────────── v1.0.2
  Installed Parameters ─────────────────── v0.12.1
  Installed DiffResults ────────────────── v1.0.3
  Installed QuadGK ─────────────────────── v2.4.1
  Installed FFTW_jll ───────────────────── v3.3.9+7
  Installed RecursiveArrayTools ────────── v2.10.0
  Installed OrderedCollections ─────────── v1.3.2
  Installed StableRNGs ─────────────────── v1.0.0
  Installed Missings ───────────────────── v0.4.4
  Installed Sobol ──────────────────────── v1.4.0
  Installed RecipesBase ────────────────── v1.1.1
  Installed StaticArrays ───────────────── v1.0.1
  Installed LatinHypercubeSampling ─────── v1.7.3
  Installed MacroTools ─────────────────── v0.5.6
  Installed JLLWrappers ────────────────── v1.2.0
  Installed IntelOpenMP_jll ────────────── v2018.0.3+0
  Installed NaNMath ────────────────────── v0.3.5
  Installed ArrayInterface ─────────────── v2.14.13
  Installed PDMats ─────────────────────── v0.10.1
  Installed AbstractFFTs ───────────────── v1.0.0
  Installed StatsFuns ──────────────────── v0.9.6
  Installed ForwardDiff ────────────────── v0.10.14
  Installed LatticeRules ───────────────── v0.0.1
  Installed Distributions ──────────────── v0.24.10
  Installed UnPack ─────────────────────── v1.0.2
  Installed SpecialFunctions ───────────── v1.2.1
  Installed SortingAlgorithms ──────────── v0.3.1
  Installed ChainRulesCore ─────────────── v0.9.24
  Installed Compat ─────────────────────── v3.25.0
  Installed Artifacts ──────────────────── v1.3.0
  Installed OpenSpecFun_jll ────────────── v0.5.3+4
Updating `~/.julia/environments/v1.5/Project.toml`
  [af5da776] + GlobalSensitivity v0.0.1
Updating `~/.julia/environments/v1.5/Manifest.toml`
  [621f4979] + AbstractFFTs v1.0.0
  [4fba245c] + ArrayInterface v2.14.13
  [56f22d72] + Artifacts v1.3.0
  [d360d2e6] + ChainRulesCore v0.9.24
  [bbf7d656] + CommonSubexpressions v0.3.0
  [34da2185] + Compat v3.25.0
  [e66e0078] + CompilerSupportLibraries_jll v0.3.4+0
  [9a962f9c] + DataAPI v1.4.0
  [864edb3b] + DataStructures v0.18.8
  [163ba53b] + DiffResults v1.0.3
  [b552c78f] + DiffRules v1.0.2
  [31c24e10] + Distributions v0.24.10
  [7a1cc6ca] + FFTW v1.3.1
  [f5851436] + FFTW_jll v3.3.9+7
  [1a297f60] + FillArrays v0.10.2
  [f6369f11] + ForwardDiff v0.10.14
  [af5da776] + GlobalSensitivity v0.0.1
  [1d5cc7b8] + IntelOpenMP_jll v2018.0.3+0
  [692b3bcd] + JLLWrappers v1.2.0
  [a5e1c1ea] + LatinHypercubeSampling v1.7.3
  [73f95e8e] + LatticeRules v0.0.1
  [856f044c] + MKL_jll v2020.2.254+0
  [1914dd2f] + MacroTools v0.5.6
  [e1d29d7a] + Missings v0.4.4
  [46d2c3a1] + MuladdMacro v0.2.2
  [77ba4419] + NaNMath v0.3.5
  [efe28fd5] + OpenSpecFun_jll v0.5.3+4
  [bac558e1] + OrderedCollections v1.3.2
  [90014a1f] + PDMats v0.10.1
  [d96e819e] + Parameters v0.12.1
  [1fd47b50] + QuadGK v2.4.1
  [8a4e6c94] + QuasiMonteCarlo v0.2.2
  [3cdcf5f2] + RecipesBase v1.1.1
  [731186ca] + RecursiveArrayTools v2.10.0
  [189a3867] + Reexport v1.0.0
  [ae029012] + Requires v1.1.2
  [79098fc4] + Rmath v0.6.1
  [f50d1b31] + Rmath_jll v0.2.2+1
  [ed01d8cd] + Sobol v1.4.0
  [a2af1166] + SortingAlgorithms v0.3.1
  [276daf66] + SpecialFunctions v1.2.1
  [860ef19b] + StableRNGs v1.0.0
  [90137ffa] + StaticArrays v1.0.1
  [2913bbd2] + StatsBase v0.33.2
  [4c63d2b9] + StatsFuns v0.9.6
  [3a884ed6] + UnPack v1.0.2
  [700de1a5] + ZygoteRules v0.2.1
  [2a0f44e3] + Base64
  [ade2ca70] + Dates
  [8bb1440f] + DelimitedFiles
  [8ba89e20] + Distributed
  [b77e0a4c] + InteractiveUtils
  [76f85450] + LibGit2
  [8f399da3] + Libdl
  [37e2e46d] + LinearAlgebra
  [56ddb016] + Logging
  [d6f4376e] + Markdown
  [a63ad114] + Mmap
  [44cfe95a] + Pkg
  [de0858da] + Printf
  [3fa0cd96] + REPL
  [9a3f8284] + Random
  [ea8e919c] + SHA
  [9e88b42a] + Serialization
  [1a1011a3] + SharedArrays
  [6462fe0b] + Sockets
  [2f01184e] + SparseArrays
  [10745b16] + Statistics
  [4607b0f0] + SuiteSparse
  [8dfed614] + Test
  [cf7118a7] + UUIDs
  [4ec0a83e] + Unicode
   Building FFTW → `~/.julia/packages/FFTW/eADNB/deps/build.log`


################################################################################
# Testing: 2021-01-11T19:05:36.389
#

    Testing GlobalSensitivity
Status `/tmp/jl_agkGpU/Project.toml`
  [31c24e10] Distributions v0.24.10
  [7a1cc6ca] FFTW v1.3.1
  [f6369f11] ForwardDiff v0.10.14
  [af5da776] GlobalSensitivity v0.0.1
  [1dea7af3] OrdinaryDiffEq v5.49.1
  [d96e819e] Parameters v0.12.1
  [8a4e6c94] QuasiMonteCarlo v0.2.2
  [731186ca] RecursiveArrayTools v2.10.0
  [1bc83da4] SafeTestsets v0.0.1
  [37e2e46d] LinearAlgebra
  [10745b16] Statistics
  [8dfed614] Test
Status `/tmp/jl_agkGpU/Manifest.toml`
  [621f4979] AbstractFFTs v1.0.0
  [79e6a3ab] Adapt v3.0.0
  [ec485272] ArnoldiMethod v0.0.2
  [4fba245c] ArrayInterface v2.14.13
  [56f22d72] Artifacts v1.3.0
  [d360d2e6] ChainRulesCore v0.9.24
  [bbf7d656] CommonSubexpressions v0.3.0
  [34da2185] Compat v3.25.0
  [e66e0078] CompilerSupportLibraries_jll v0.3.4+0
  [187b0558] ConstructionBase v1.0.0
  [9a962f9c] DataAPI v1.4.0
  [864edb3b] DataStructures v0.18.8
  [e2d170a0] DataValueInterfaces v1.0.0
  [2b5f629d] DiffEqBase v6.53.4
  [163ba53b] DiffResults v1.0.3
  [b552c78f] DiffRules v1.0.2
  [b4f34e82] Distances v0.10.0
  [31c24e10] Distributions v0.24.10
  [ffbed154] DocStringExtensions v0.8.3
  [d4d017d3] ExponentialUtilities v1.8.0
  [7a1cc6ca] FFTW v1.3.1
  [f5851436] FFTW_jll v3.3.9+7
  [9aa1b823] FastClosures v0.3.2
  [1a297f60] FillArrays v0.10.2
  [6a86dc24] FiniteDiff v2.7.2
  [f6369f11] ForwardDiff v0.10.14
  [069b7b12] FunctionWrappers v1.1.1
  [01680d73] GenericSVD v0.3.0
  [af5da776] GlobalSensitivity v0.0.1
  [0e44f5e4] Hwloc v1.1.0
  [e33a78d0] Hwloc_jll v2.2.0+0
  [615f187c] IfElse v0.1.0
  [d25df0c9] Inflate v0.1.2
  [1d5cc7b8] IntelOpenMP_jll v2018.0.3+0
  [42fd0dbc] IterativeSolvers v0.9.0
  [82899510] IteratorInterfaceExtensions v1.0.0
  [692b3bcd] JLLWrappers v1.2.0
  [2ee39098] LabelledArrays v1.4.0
  [a5e1c1ea] LatinHypercubeSampling v1.7.3
  [73f95e8e] LatticeRules v0.0.1
  [093fc24a] LightGraphs v1.3.4
  [d3d80556] LineSearches v7.1.1
  [bdcacae8] LoopVectorization v0.9.7
  [856f044c] MKL_jll v2020.2.254+0
  [1914dd2f] MacroTools v0.5.6
  [e1d29d7a] Missings v0.4.4
  [46d2c3a1] MuladdMacro v0.2.2
  [d41bc354] NLSolversBase v7.7.1
  [2774e3e8] NLsolve v4.5.1
  [77ba4419] NaNMath v0.3.5
  [8913a72c] NonlinearSolve v0.3.4
  [6fe1bfb0] OffsetArrays v1.3.1
  [efe28fd5] OpenSpecFun_jll v0.5.3+4
  [bac558e1] OrderedCollections v1.3.2
  [1dea7af3] OrdinaryDiffEq v5.49.1
  [90014a1f] PDMats v0.10.1
  [d96e819e] Parameters v0.12.1
  [1fd47b50] QuadGK v2.4.1
  [8a4e6c94] QuasiMonteCarlo v0.2.2
  [3cdcf5f2] RecipesBase v1.1.1
  [731186ca] RecursiveArrayTools v2.10.0
  [f2c3362d] RecursiveFactorization v0.1.6
  [189a3867] Reexport v1.0.0
  [ae029012] Requires v1.1.2
  [79098fc4] Rmath v0.6.1
  [f50d1b31] Rmath_jll v0.2.2+1
  [476501e8] SLEEFPirates v0.6.3
  [1bc83da4] SafeTestsets v0.0.1
  [efcf1570] Setfield v0.7.0
  [699a6c99] SimpleTraits v0.9.3
  [ed01d8cd] Sobol v1.4.0
  [a2af1166] SortingAlgorithms v0.3.1
  [47a9eef4] SparseDiffTools v1.12.0
  [276daf66] SpecialFunctions v1.2.1
  [860ef19b] StableRNGs v1.0.0
  [90137ffa] StaticArrays v1.0.1
  [2913bbd2] StatsBase v0.33.2
  [4c63d2b9] StatsFuns v0.9.6
  [3783bdb8] TableTraits v1.0.0
  [bd369af6] Tables v1.2.2
  [a2a6695c] TreeViews v0.3.0
  [3a884ed6] UnPack v1.0.2
  [3d5dd08c] VectorizationBase v0.13.12
  [19fa3120] VertexSafeGraphs v0.1.2
  [700de1a5] ZygoteRules v0.2.1
  [2a0f44e3] Base64
  [ade2ca70] Dates
  [8bb1440f] DelimitedFiles
  [8ba89e20] Distributed
  [9fa8497b] Future
  [b77e0a4c] InteractiveUtils
  [76f85450] LibGit2
  [8f399da3] Libdl
  [37e2e46d] LinearAlgebra
  [56ddb016] Logging
  [d6f4376e] Markdown
  [a63ad114] Mmap
  [44cfe95a] Pkg
  [de0858da] Printf
  [3fa0cd96] REPL
  [9a3f8284] Random
  [ea8e919c] SHA
  [9e88b42a] Serialization
  [1a1011a3] SharedArrays
  [6462fe0b] Sockets
  [2f01184e] SparseArrays
  [10745b16] Statistics
  [4607b0f0] SuiteSparse
  [8dfed614] Test
  [cf7118a7] UUIDs
  [4ec0a83e] Unicode
[ Info: Morris Method
Test Summary: | Pass  Total
Morris Method |   23     23
341.606332 seconds (1.14 G allocations: 99.074 GiB, 7.82% gc time)
Test Summary: | Pass  Total
Sobol Method  |   17     17
 23.296836 seconds (103.35 M allocations: 8.613 GiB, 4.92% gc time)
Test Summary: | Pass  Total
DGSM Method   |   16     16
 29.018543 seconds (463.60 M allocations: 14.936 GiB, 17.01% gc time)
Test Summary: | Pass  Total
eFAST Method  |   12     12
  7.297286 seconds (14.79 M allocations: 981.904 MiB, 3.21% gc time)
Test Summary:        | Pass  Total
RegressionGSA Method |   29     29
  7.649664 seconds (15.04 M allocations: 740.486 MiB, 1.33% gc time)
409.063883 seconds (1.74 G allocations: 124.348 GiB, 8.10% gc time)
    Testing GlobalSensitivity tests passed 

PkgEval succeeded


################################################################################
# PkgEval teardown: 2021-01-11T19:14:11.872
CPU usage: 524.74s (463.02s user, 62.32s kernel)

Network usage:
- eth0: 26.831 MiB received, 488.341 KiB sent

Raw statistics: {"blkio_stats":{"io_queue_recursive":[],"io_serviced_recursive":[{"major":259,"value":0,"op":"Read","minor":0},{"major":259,"value":28,"op":"Write","minor":0},{"major":259,"value":19,"op":"Sync","minor":0},{"major":259,"value":9,"op":"Async","minor":0},{"major":259,"value":0,"op":"Discard","minor":0},{"major":259,"value":28,"op":"Total","minor":0},{"major":253,"value":0,"op":"Read","minor":2},{"major":253,"value":28,"op":"Write","minor":2},{"major":253,"value":19,"op":"Sync","minor":2},{"major":253,"value":9,"op":"Async","minor":2},{"major":253,"value":0,"op":"Discard","minor":2},{"major":253,"value":28,"op":"Total","minor":2}],"io_time_recursive":[],"sectors_recursive":[],"io_service_bytes_recursive":[{"major":259,"value":0,"op":"Read","minor":0},{"major":259,"value":167936,"op":"Write","minor":0},{"major":259,"value":106496,"op":"Sync","minor":0},{"major":259,"value":61440,"op":"Async","minor":0},{"major":259,"value":0,"op":"Discard","minor":0},{"major":259,"value":167936,"op":"Total","minor":0},{"major":253,"value":0,"op":"Read","minor":2},{"major":253,"value":167936,"op":"Write","minor":2},{"major":253,"value":106496,"op":"Sync","minor":2},{"major":253,"value":61440,"op":"Async","minor":2},{"major":253,"value":0,"op":"Discard","minor":2},{"major":253,"value":167936,"op":"Total","minor":2}],"io_wait_time_recursive":[],"io_merged_recursive":[],"io_service_time_recursive":[]},"memory_stats":{"usage":460898304,"max_usage":4857905152,"stats":{"hierarchical_memory_limit":9223372036854771712,"pgmajfault":0,"total_rss":234725376,"inactive_file":135168,"inactive_anon":132870144,"total_pgfault":33174009,"total_cache":189595648,"total_rss_huge":0,"total_active_anon":291151872,"total_pgmajfault":0,"pgpgin":30163353,"rss_huge":0,"mapped_file":0,"total_inactive_file":135168,"dirty":405504,"total_unevictable":0,"total_dirty":405504,"writeback":0,"pgpgout":30059761,"hierarchical_memsw_limit":0,"cache":189595648,"active_file":405504,"pgfault":33174009,"total_mapped_file":0,"total_pgpgout":30059761,"total_writeback":0,"rss":234725376,"unevictable":0,"total_inactive_anon":132870144,"total_pgpgin":30163353,"active_anon":291151872,"total_active_file":405504},"limit":540965302272},"name":"/GlobalSensitivity-p6Y59IS4","networks":{"eth0":{"rx_bytes":28134256,"rx_packets":4144,"tx_packets":4330,"tx_bytes":500061,"tx_dropped":0,"rx_dropped":18,"tx_errors":0,"rx_errors":0}},"id":"22943f7390fb42dc99ee90b9e371ef57115e2a9f865e78efc951d7698bb4fff6","preread":"0001-01-01T00:00:00Z","storage_stats":{},"precpu_stats":{"throttling_data":{"throttled_periods":0,"throttled_time":0,"periods":0},"cpu_usage":{"usage_in_usermode":0,"usage_in_kernelmode":0,"total_usage":0}},"pids_stats":{"current":40},"num_procs":0,"cpu_stats":{"throttling_data":{"throttled_periods":0,"throttled_time":0,"periods":0},"system_cpu_usage":4927928684522419,"online_cpus":128,"cpu_usage":{"usage_in_usermode":463020000000,"usage_in_kernelmode":62320000000,"total_usage":524744298299,"percpu_usage":[0,0,0,0,0,0,0,0,0,0,0,0,0,0,0,0,0,0,0,0,524738569998,0,915510,0,0,0,0,0,0,0,0,0,0,0,0,0,0,0,0,0,0,0,0,0,0,0,0,0,0,0,0,0,0,0,0,0,0,0,0,0,0,0,0,0,0,0,0,0,0,0,0,0,0,0,0,0,0,0,0,0,0,0,0,0,1020210,3792581,0,0,0,0,0,0,0,0,0,0,0,0,0,0,0,0,0,0,0,0,0,0,0,0,0,0,0,0,0,0,0,0,0,0,0,0,0,0,0,0,0,0]}},"read":"2021-01-11T19:14:11.874524057Z"}