################################################################################
# PkgEval set-up: 2021-01-11T21:20:36.263
#

Julia Version 1.5.3
Commit 599f52c4c6 (2020-12-18 13:33 UTC)
Platform Info:
  OS: Linux (x86_64-linux-gnu)
  CPU: AMD EPYC 7502 32-Core Processor
  WORD_SIZE: 64
  LIBM: libopenlibm
  LLVM: libLLVM-9.0.1 (ORCJIT, znver2)
Environment:
  JULIA_PKG_PRECOMPILE_AUTO = 0
  JULIA_PKGEVAL = true

Base.julia_cmd() = `/opt/julia/bin/julia -Cnative -J/opt/julia/lib/julia/sys.so -g1`


################################################################################
# Installation: 2021-01-11T21:20:38.033
#

 Installing known registries into `~/.julia`
##########################################                                59.2%######################################################################## 100.0%
      Added registry `General` to `~/.julia/registries/General`
  Resolving package versions...
  Installed Glowe ─ v0.1.1
Updating `~/.julia/environments/v1.5/Project.toml`
  [d04f5788] + Glowe v0.1.1
Updating `~/.julia/environments/v1.5/Manifest.toml`
  [d04f5788] + Glowe v0.1.1
  [2a0f44e3] + Base64
  [8ba89e20] + Distributed
  [b77e0a4c] + InteractiveUtils
  [8f399da3] + Libdl
  [37e2e46d] + LinearAlgebra
  [56ddb016] + Logging
  [d6f4376e] + Markdown
  [9a3f8284] + Random
  [9e88b42a] + Serialization
  [6462fe0b] + Sockets
  [2f01184e] + SparseArrays
  [10745b16] + Statistics
  [8dfed614] + Test
   Building Glowe → `~/.julia/packages/Glowe/bI6qX/deps/build.log`


################################################################################
# Testing: 2021-01-11T21:20:43.297
#

    Testing Glowe
Status `/tmp/jl_vgs7eT/Project.toml`
  [d04f5788] Glowe v0.1.1
  [37e2e46d] LinearAlgebra
  [10745b16] Statistics
  [8dfed614] Test
Status `/tmp/jl_vgs7eT/Manifest.toml`
  [d04f5788] Glowe v0.1.1
  [2a0f44e3] Base64
  [8ba89e20] Distributed
  [b77e0a4c] InteractiveUtils
  [8f399da3] Libdl
  [37e2e46d] LinearAlgebra
  [56ddb016] Logging
  [d6f4376e] Markdown
  [9a3f8284] Random
  [9e88b42a] Serialization
  [6462fe0b] Sockets
  [2f01184e] SparseArrays
  [10745b16] Statistics
  [8dfed614] Test
BUILDING VOCABULARY
Using vocabulary of size 17464.

COUNTING COOCCURRENCES
[0GMerging cooccurrence files: processed 1594025 lines.

SHUFFLING COOCCURRENCES
[0GMerging temp files: processed 1594025 lines.

TRAINING MODEL
Read 1594025 lines.
01/11/21 - 09:20.47PM, iter: 001, cost: 0.090258
01/11/21 - 09:20.48PM, iter: 002, cost: 0.065024
TRAINING MODEL
Read 1594025 lines.
01/11/21 - 09:20.50PM, iter: 001, cost: 0.090258
01/11/21 - 09:20.50PM, iter: 002, cost: 0.065024
TRAINING MODEL
Read 1594025 lines.
01/11/21 - 09:20.51PM, iter: 001, cost: 0.090258
01/11/21 - 09:20.51PM, iter: 002, cost: 0.065024
TRAINING MODEL
Read 1594025 lines.
01/11/21 - 09:20.53PM, iter: 001, cost: 0.090258
01/11/21 - 09:20.53PM, iter: 002, cost: 0.065024
training passed test...
Test Summary:  | Pass  Total
Model training |   16     16
BUILDING VOCABULARY
Using vocabulary of size 17464.

COUNTING COOCCURRENCES
[0GMerging cooccurrence files: processed 2256209 lines.

SHUFFLING COOCCURRENCES
[0GMerging temp files: processed 2256209 lines.

TRAINING MODEL
Read 2256209 lines.
01/11/21 - 09:20.57PM, iter: 001, cost: 0.084787
01/11/21 - 09:20.58PM, iter: 002, cost: 0.059587
WordVectors 17465 words, 50-element Float32 vectors
model passed test...
Test Summary: | Pass  Total
Model API     |    6      6
    Testing Glowe tests passed 

PkgEval succeeded


################################################################################
# PkgEval teardown: 2021-01-11T21:21:01.956
CPU usage: 25.71s (21.81s user, 3.96s kernel)

Network usage:
- eth0: 4.836 MiB received, 35.334 KiB sent

Raw statistics: {"blkio_stats":{"io_queue_recursive":[],"io_serviced_recursive":[{"major":259,"value":0,"op":"Read","minor":0},{"major":259,"value":36,"op":"Write","minor":0},{"major":259,"value":19,"op":"Sync","minor":0},{"major":259,"value":17,"op":"Async","minor":0},{"major":259,"value":0,"op":"Discard","minor":0},{"major":259,"value":36,"op":"Total","minor":0},{"major":253,"value":0,"op":"Read","minor":2},{"major":253,"value":36,"op":"Write","minor":2},{"major":253,"value":19,"op":"Sync","minor":2},{"major":253,"value":17,"op":"Async","minor":2},{"major":253,"value":0,"op":"Discard","minor":2},{"major":253,"value":36,"op":"Total","minor":2}],"io_time_recursive":[],"sectors_recursive":[],"io_service_bytes_recursive":[{"major":259,"value":0,"op":"Read","minor":0},{"major":259,"value":434176,"op":"Write","minor":0},{"major":259,"value":106496,"op":"Sync","minor":0},{"major":259,"value":327680,"op":"Async","minor":0},{"major":259,"value":0,"op":"Discard","minor":0},{"major":259,"value":434176,"op":"Total","minor":0},{"major":253,"value":0,"op":"Read","minor":2},{"major":253,"value":434176,"op":"Write","minor":2},{"major":253,"value":106496,"op":"Sync","minor":2},{"major":253,"value":327680,"op":"Async","minor":2},{"major":253,"value":0,"op":"Discard","minor":2},{"major":253,"value":434176,"op":"Total","minor":2}],"io_wait_time_recursive":[],"io_merged_recursive":[],"io_service_time_recursive":[]},"memory_stats":{"usage":349872128,"max_usage":1046024192,"stats":{"hierarchical_memory_limit":9223372036854771712,"pgmajfault":0,"total_rss":219992064,"inactive_file":135168,"inactive_anon":78802944,"total_pgfault":1162689,"total_cache":98656256,"total_rss_huge":0,"total_active_anon":227487744,"total_pgmajfault":0,"pgpgin":878889,"rss_huge":0,"mapped_file":0,"total_inactive_file":135168,"dirty":135168,"total_unevictable":0,"total_dirty":135168,"writeback":0,"pgpgout":801096,"hierarchical_memsw_limit":0,"cache":98656256,"active_file":12435456,"pgfault":1162689,"total_mapped_file":0,"total_pgpgout":801096,"total_writeback":0,"rss":219992064,"unevictable":0,"total_inactive_anon":78802944,"total_pgpgin":878889,"active_anon":227487744,"total_active_file":12435456},"limit":540965302272},"name":"/Glowe-HIj48tcN","networks":{"eth0":{"rx_bytes":5071304,"rx_packets":420,"tx_packets":406,"tx_bytes":36182,"tx_dropped":0,"rx_dropped":1,"tx_errors":0,"rx_errors":0}},"id":"b3eee3bca9dae16b931bdc082fbff1862406520d3db6bc8e7de6546a854657ee","preread":"0001-01-01T00:00:00Z","storage_stats":{},"precpu_stats":{"throttling_data":{"throttled_periods":0,"throttled_time":0,"periods":0},"cpu_usage":{"usage_in_usermode":0,"usage_in_kernelmode":0,"total_usage":0}},"pids_stats":{"current":40},"num_procs":0,"cpu_stats":{"throttling_data":{"throttled_periods":0,"throttled_time":0,"periods":0},"system_cpu_usage":5900475074522419,"online_cpus":128,"cpu_usage":{"usage_in_usermode":21810000000,"usage_in_kernelmode":3960000000,"total_usage":25709999513,"percpu_usage":[0,0,0,0,0,0,0,0,0,0,0,0,0,0,0,0,0,0,0,0,0,25709996263,0,0,0,0,0,0,0,0,0,0,0,0,0,0,0,0,0,0,0,0,0,0,0,0,0,0,0,0,0,0,0,0,0,0,0,0,0,0,0,0,0,0,0,0,0,0,0,0,0,0,0,0,0,0,0,0,0,0,0,0,0,0,3250,0,0,0,0,0,0,0,0,0,0,0,0,0,0,0,0,0,0,0,0,0,0,0,0,0,0,0,0,0,0,0,0,0,0,0,0,0,0,0,0,0,0,0]}},"read":"2021-01-11T21:21:01.959561436Z"}