################################################################################
# PkgEval set-up: 2021-01-11T23:31:31.625
#

Julia Version 1.5.3
Commit 599f52c4c6 (2020-12-18 13:33 UTC)
Platform Info:
  OS: Linux (x86_64-linux-gnu)
  CPU: AMD EPYC 7502 32-Core Processor
  WORD_SIZE: 64
  LIBM: libopenlibm
  LLVM: libLLVM-9.0.1 (ORCJIT, znver2)
Environment:
  JULIA_PKG_PRECOMPILE_AUTO = 0
  JULIA_PKGEVAL = true

Base.julia_cmd() = `/opt/julia/bin/julia -Cnative -J/opt/julia/lib/julia/sys.so -g1`


################################################################################
# Installation: 2021-01-11T23:31:33.453
#

 Installing known registries into `~/.julia`
######################################################################## 100.0%
      Added registry `General` to `~/.julia/registries/General`
  Resolving package versions...
  Installed GLPKMathProgInterface ─ v0.5.0
  Installed MbedTLS_jll ─────────── v2.16.8+1
  Installed Zlib_jll ────────────── v1.2.11+18
  Installed JSONSchema ──────────── v0.3.3
  Installed MathProgBase ────────── v0.7.8
  Installed MbedTLS ─────────────── v1.0.3
  Installed TranscodingStreams ──── v0.9.5
  Installed CodecZlib ───────────── v0.7.0
  Installed Bzip2_jll ───────────── v1.0.6+5
  Installed GLPK_jll ────────────── v4.64.0+0
  Installed BenchmarkTools ──────── v0.5.0
  Installed OrderedCollections ──── v1.3.2
  Installed HTTP ────────────────── v0.9.2
  Installed ZipFile ─────────────── v0.9.3
  Installed GLPK ────────────────── v0.13.0
  Installed JSON ────────────────── v0.21.1
  Installed MutableArithmetics ──── v0.2.13
  Installed JLLWrappers ─────────── v1.2.0
  Installed MathOptInterface ────── v0.9.19
  Installed URIs ────────────────── v1.1.0
  Installed CodecBzip2 ──────────── v0.7.2
  Installed BinaryProvider ──────── v0.5.10
  Installed Parsers ─────────────── v1.0.15
  Installed Artifacts ───────────── v1.3.0
  Installed IniFile ─────────────── v0.5.0
  Installed GMP_jll ─────────────── v6.1.2+6
Updating `~/.julia/environments/v1.5/Project.toml`
  [3c7084bd] + GLPKMathProgInterface v0.5.0
Updating `~/.julia/environments/v1.5/Manifest.toml`
  [56f22d72] + Artifacts v1.3.0
  [6e4b80f9] + BenchmarkTools v0.5.0
  [b99e7846] + BinaryProvider v0.5.10
  [6e34b625] + Bzip2_jll v1.0.6+5
  [523fee87] + CodecBzip2 v0.7.2
  [944b1d66] + CodecZlib v0.7.0
  [60bf3e95] + GLPK v0.13.0
  [3c7084bd] + GLPKMathProgInterface v0.5.0
  [e8aa6df9] + GLPK_jll v4.64.0+0
  [781609d7] + GMP_jll v6.1.2+6
  [cd3eb016] + HTTP v0.9.2
  [83e8ac13] + IniFile v0.5.0
  [692b3bcd] + JLLWrappers v1.2.0
  [682c06a0] + JSON v0.21.1
  [7d188eb4] + JSONSchema v0.3.3
  [b8f27783] + MathOptInterface v0.9.19
  [fdba3010] + MathProgBase v0.7.8
  [739be429] + MbedTLS v1.0.3
  [c8ffd9c3] + MbedTLS_jll v2.16.8+1
  [d8a4904e] + MutableArithmetics v0.2.13
  [bac558e1] + OrderedCollections v1.3.2
  [69de0a69] + Parsers v1.0.15
  [3bb67fe8] + TranscodingStreams v0.9.5
  [5c2747f8] + URIs v1.1.0
  [a5390f91] + ZipFile v0.9.3
  [83775a58] + Zlib_jll v1.2.11+18
  [2a0f44e3] + Base64
  [ade2ca70] + Dates
  [8ba89e20] + Distributed
  [b77e0a4c] + InteractiveUtils
  [76f85450] + LibGit2
  [8f399da3] + Libdl
  [37e2e46d] + LinearAlgebra
  [56ddb016] + Logging
  [d6f4376e] + Markdown
  [a63ad114] + Mmap
  [44cfe95a] + Pkg
  [de0858da] + Printf
  [3fa0cd96] + REPL
  [9a3f8284] + Random
  [ea8e919c] + SHA
  [9e88b42a] + Serialization
  [6462fe0b] + Sockets
  [2f01184e] + SparseArrays
  [10745b16] + Statistics
  [8dfed614] + Test
  [cf7118a7] + UUIDs
  [4ec0a83e] + Unicode
   Building GLPK → `~/.julia/packages/GLPK/oTTtu/deps/build.log`


################################################################################
# Testing: 2021-01-11T23:31:41.319
#

    Testing GLPKMathProgInterface
Status `/tmp/jl_Da1IiU/Project.toml`
  [60bf3e95] GLPK v0.13.0
  [3c7084bd] GLPKMathProgInterface v0.5.0
  [fdba3010] MathProgBase v0.7.8
  [37e2e46d] LinearAlgebra
  [2f01184e] SparseArrays
  [8dfed614] Test
Status `/tmp/jl_Da1IiU/Manifest.toml`
  [56f22d72] Artifacts v1.3.0
  [6e4b80f9] BenchmarkTools v0.5.0
  [b99e7846] BinaryProvider v0.5.10
  [6e34b625] Bzip2_jll v1.0.6+5
  [523fee87] CodecBzip2 v0.7.2
  [944b1d66] CodecZlib v0.7.0
  [60bf3e95] GLPK v0.13.0
  [3c7084bd] GLPKMathProgInterface v0.5.0
  [e8aa6df9] GLPK_jll v4.64.0+0
  [781609d7] GMP_jll v6.1.2+6
  [cd3eb016] HTTP v0.9.2
  [83e8ac13] IniFile v0.5.0
  [692b3bcd] JLLWrappers v1.2.0
  [682c06a0] JSON v0.21.1
  [7d188eb4] JSONSchema v0.3.3
  [b8f27783] MathOptInterface v0.9.19
  [fdba3010] MathProgBase v0.7.8
  [739be429] MbedTLS v1.0.3
  [c8ffd9c3] MbedTLS_jll v2.16.8+1
  [d8a4904e] MutableArithmetics v0.2.13
  [bac558e1] OrderedCollections v1.3.2
  [69de0a69] Parsers v1.0.15
  [3bb67fe8] TranscodingStreams v0.9.5
  [5c2747f8] URIs v1.1.0
  [a5390f91] ZipFile v0.9.3
  [83775a58] Zlib_jll v1.2.11+18
  [2a0f44e3] Base64
  [ade2ca70] Dates
  [8ba89e20] Distributed
  [b77e0a4c] InteractiveUtils
  [76f85450] LibGit2
  [8f399da3] Libdl
  [37e2e46d] LinearAlgebra
  [56ddb016] Logging
  [d6f4376e] Markdown
  [a63ad114] Mmap
  [44cfe95a] Pkg
  [de0858da] Printf
  [3fa0cd96] REPL
  [9a3f8284] Random
  [ea8e919c] SHA
  [9e88b42a] Serialization
  [6462fe0b] Sockets
  [2f01184e] SparseArrays
  [10745b16] Statistics
  [8dfed614] Test
  [cf7118a7] UUIDs
  [4ec0a83e] Unicode
Test Summary:  | Pass  Total
Set parameters |    4      4
Test Summary:      | Pass  Total
Set MPB parameters |    2      2
Test Summary:  | Pass  Total
Invalid bounds |   24     24
┌ Warning: Element type Int64 does not have an infinite value. Note that this may artifically introduce ranged (two-sided) constraints. To avoid this, consider casting the problem data to Float64.
└ @ MathProgBase.HighLevelInterface ~/.julia/packages/MathProgBase/rr4Xh/src/HighLevelInterface/HighLevelInterface.jl:8
┌ Warning: Element type Int64 does not have an infinite value. Note that this may artifically introduce ranged (two-sided) constraints. To avoid this, consider casting the problem data to Float64.
└ @ MathProgBase.HighLevelInterface ~/.julia/packages/MathProgBase/rr4Xh/src/HighLevelInterface/HighLevelInterface.jl:8
┌ Warning: Element type Int64 does not have an infinite value. Note that this may artifically introduce ranged (two-sided) constraints. To avoid this, consider casting the problem data to Float64.
└ @ MathProgBase.HighLevelInterface ~/.julia/packages/MathProgBase/rr4Xh/src/HighLevelInterface/HighLevelInterface.jl:8
┌ Warning: Element type Int64 does not have an infinite value. Note that this may artifically introduce ranged (two-sided) constraints. To avoid this, consider casting the problem data to Float64.
└ @ MathProgBase.HighLevelInterface ~/.julia/packages/MathProgBase/rr4Xh/src/HighLevelInterface/HighLevelInterface.jl:8
┌ Warning: Element type Int64 does not have an infinite value. Note that this may artifically introduce ranged (two-sided) constraints. To avoid this, consider casting the problem data to Float64.
└ @ MathProgBase.HighLevelInterface ~/.julia/packages/MathProgBase/rr4Xh/src/HighLevelInterface/HighLevelInterface.jl:8
┌ Warning: Element type Int64 does not have an infinite value. Note that this may artifically introduce ranged (two-sided) constraints. To avoid this, consider casting the problem data to Float64.
└ @ MathProgBase.HighLevelInterface ~/.julia/packages/MathProgBase/rr4Xh/src/HighLevelInterface/HighLevelInterface.jl:8
Test Summary:      | Pass  Total
MathProgBase tests |  162    162
    Testing GLPKMathProgInterface tests passed 

PkgEval succeeded


################################################################################
# PkgEval teardown: 2021-01-11T23:33:09.83
CPU usage: 97.90s (91.70s user, 6.36s kernel)

Network usage:
- eth0: 3.934 MiB received, 146.265 KiB sent

Raw statistics: {"blkio_stats":{"io_queue_recursive":[],"io_serviced_recursive":[{"major":259,"value":0,"op":"Read","minor":0},{"major":259,"value":28,"op":"Write","minor":0},{"major":259,"value":19,"op":"Sync","minor":0},{"major":259,"value":9,"op":"Async","minor":0},{"major":259,"value":0,"op":"Discard","minor":0},{"major":259,"value":28,"op":"Total","minor":0},{"major":253,"value":0,"op":"Read","minor":2},{"major":253,"value":28,"op":"Write","minor":2},{"major":253,"value":19,"op":"Sync","minor":2},{"major":253,"value":9,"op":"Async","minor":2},{"major":253,"value":0,"op":"Discard","minor":2},{"major":253,"value":28,"op":"Total","minor":2}],"io_time_recursive":[],"sectors_recursive":[],"io_service_bytes_recursive":[{"major":259,"value":0,"op":"Read","minor":0},{"major":259,"value":159744,"op":"Write","minor":0},{"major":259,"value":106496,"op":"Sync","minor":0},{"major":259,"value":53248,"op":"Async","minor":0},{"major":259,"value":0,"op":"Discard","minor":0},{"major":259,"value":159744,"op":"Total","minor":0},{"major":253,"value":0,"op":"Read","minor":2},{"major":253,"value":159744,"op":"Write","minor":2},{"major":253,"value":106496,"op":"Sync","minor":2},{"major":253,"value":53248,"op":"Async","minor":2},{"major":253,"value":0,"op":"Discard","minor":2},{"major":253,"value":159744,"op":"Total","minor":2}],"io_wait_time_recursive":[],"io_merged_recursive":[],"io_service_time_recursive":[]},"memory_stats":{"usage":324706304,"max_usage":1579053056,"stats":{"hierarchical_memory_limit":9223372036854771712,"pgmajfault":0,"total_rss":190726144,"inactive_file":135168,"inactive_anon":82857984,"total_pgfault":2324685,"total_cache":102813696,"total_rss_huge":0,"total_active_anon":210862080,"total_pgmajfault":0,"pgpgin":1377156,"rss_huge":0,"mapped_file":0,"total_inactive_file":135168,"dirty":135168,"total_unevictable":0,"total_dirty":135168,"writeback":0,"pgpgout":1305474,"hierarchical_memsw_limit":0,"cache":102813696,"active_file":135168,"pgfault":2324685,"total_mapped_file":0,"total_pgpgout":1305474,"total_writeback":0,"rss":190726144,"unevictable":0,"total_inactive_anon":82857984,"total_pgpgin":1377156,"active_anon":210862080,"total_active_file":135168},"limit":540965302272},"name":"/GLPKMathProgInterface-szIdLAvL","networks":{"eth0":{"rx_bytes":4125128,"rx_packets":1066,"tx_packets":1210,"tx_bytes":149775,"tx_dropped":0,"rx_dropped":4,"tx_errors":0,"rx_errors":0}},"id":"5687809a644a01c1fef7687acdc264466c0bedad1c76a8adeab96c650d7889e8","preread":"0001-01-01T00:00:00Z","storage_stats":{},"precpu_stats":{"throttling_data":{"throttled_periods":0,"throttled_time":0,"periods":0},"cpu_usage":{"usage_in_usermode":0,"usage_in_kernelmode":0,"total_usage":0}},"pids_stats":{"current":40},"num_procs":0,"cpu_stats":{"throttling_data":{"throttled_periods":0,"throttled_time":0,"periods":0},"system_cpu_usage":6913454874522419,"online_cpus":128,"cpu_usage":{"usage_in_usermode":91700000000,"usage_in_kernelmode":6360000000,"total_usage":97901902158,"percpu_usage":[0,0,97901897668,0,0,0,0,0,0,0,0,0,0,0,0,0,0,0,0,0,0,0,0,0,0,0,0,0,0,0,0,0,0,0,0,0,0,0,0,0,0,0,0,0,0,0,0,0,0,0,0,0,0,0,0,0,0,0,0,0,0,0,0,0,4490,0,0,0,0,0,0,0,0,0,0,0,0,0,0,0,0,0,0,0,0,0,0,0,0,0,0,0,0,0,0,0,0,0,0,0,0,0,0,0,0,0,0,0,0,0,0,0,0,0,0,0,0,0,0,0,0,0,0,0,0,0,0,0]}},"read":"2021-01-11T23:33:09.833069298Z"}