################################################################################
# PackageCompiler set-up: 2021-01-11T23:13:52.5
#

Julia Version 1.5.3
Commit 599f52c4c6 (2020-12-18 13:33 UTC)
Platform Info:
  OS: Linux (x86_64-linux-gnu)
  CPU: AMD EPYC 7502 32-Core Processor
  WORD_SIZE: 64
  LIBM: libopenlibm
  LLVM: libLLVM-9.0.1 (ORCJIT, znver2)
Environment:
  JULIA_PKGEVAL = true
  JULIA_PKG_PRECOMPILE_AUTO = 0



################################################################################
# Installation: 2021-01-11T23:13:54.216
#

 Installing known registries into `~/.julia`
#####################################################                     73.7%######################################################################## 100.0%
      Added registry `General` to `~/.julia/registries/General`
  Resolving package versions...
  Installed GOF3R ─────────── v0.1.2
  Installed s3gof3r_jll ───── v0.5.0+0
  Installed PackageCompiler ─ v1.2.5
Updating `~/.julia/environments/v1.5/Project.toml`
  [a79dbac3] + GOF3R v0.1.2
  [9b87118b] + PackageCompiler v1.2.5
Updating `~/.julia/environments/v1.5/Manifest.toml`
  [a79dbac3] + GOF3R v0.1.2
  [9b87118b] + PackageCompiler v1.2.5
  [9164d88c] + s3gof3r_jll v0.5.0+0
  [2a0f44e3] + Base64
  [ade2ca70] + Dates
  [b77e0a4c] + InteractiveUtils
  [76f85450] + LibGit2
  [8f399da3] + Libdl
  [56ddb016] + Logging
  [d6f4376e] + Markdown
  [44cfe95a] + Pkg
  [de0858da] + Printf
  [3fa0cd96] + REPL
  [9a3f8284] + Random
  [ea8e919c] + SHA
  [9e88b42a] + Serialization
  [6462fe0b] + Sockets
  [cf7118a7] + UUIDs
  [4ec0a83e] + Unicode


################################################################################
# Compiling: 2021-01-11T23:13:59.956
#

[ Info: PackageCompiler: creating system image object file, this might take a while...
Generated system image is 147.460 MiB, compilation took 163 seconds


################################################################################
# PkgEval set-up: 2021-01-11T23:16:50.416
#

Julia Version 1.5.3
Commit 599f52c4c6 (2020-12-18 13:33 UTC)
Platform Info:
  OS: Linux (x86_64-linux-gnu)
  CPU: AMD EPYC 7502 32-Core Processor
  WORD_SIZE: 64
  LIBM: libopenlibm
  LLVM: libLLVM-9.0.1 (ORCJIT, znver2)
Environment:
  JULIA_PKGEVAL = true
  JULIA_PKG_PRECOMPILE_AUTO = 0

Base.julia_cmd() = `/usr/local/julia/bin/julia -Cnative -J/cache/GOF3R-4v0JwYvg.so -g1`


################################################################################
# Installation: 2021-01-11T23:16:52.23
#

 Installing known registries into `~/.julia`
#=#=#                                                                         ######################################################################## 100.0%
      Added registry `General` to `~/.julia/registries/General`
  Resolving package versions...
  Installed s3gof3r_jll ─ v0.5.0+0
  Installed GOF3R ─────── v0.1.2
Updating `~/.julia/environments/v1.5/Project.toml`
  [a79dbac3] + GOF3R v0.1.2
Updating `~/.julia/environments/v1.5/Manifest.toml`
  [a79dbac3] + GOF3R v0.1.2
  [9164d88c] + s3gof3r_jll v0.5.0+0
  [2a0f44e3] + Base64
  [ade2ca70] + Dates
  [b77e0a4c] + InteractiveUtils
  [76f85450] + LibGit2
  [8f399da3] + Libdl
  [56ddb016] + Logging
  [d6f4376e] + Markdown
  [44cfe95a] + Pkg
  [de0858da] + Printf
  [3fa0cd96] + REPL
  [9a3f8284] + Random
  [ea8e919c] + SHA
  [9e88b42a] + Serialization
  [6462fe0b] + Sockets
  [cf7118a7] + UUIDs
  [4ec0a83e] + Unicode


################################################################################
# Testing: 2021-01-11T23:16:55.758
#

    Testing GOF3R
Status `/tmp/jl_NCNBZa/Project.toml`
  [a79dbac3] GOF3R v0.1.2
  [9164d88c] s3gof3r_jll v0.5.0+0
  [8dfed614] Test
Status `/tmp/jl_NCNBZa/Manifest.toml`
  [a79dbac3] GOF3R v0.1.2
  [9164d88c] s3gof3r_jll v0.5.0+0
  [2a0f44e3] Base64
  [ade2ca70] Dates
  [8ba89e20] Distributed
  [b77e0a4c] InteractiveUtils
  [76f85450] LibGit2
  [8f399da3] Libdl
  [56ddb016] Logging
  [d6f4376e] Markdown
  [44cfe95a] Pkg
  [de0858da] Printf
  [3fa0cd96] REPL
  [9a3f8284] Random
  [ea8e919c] SHA
  [9e88b42a] Serialization
  [6462fe0b] Sockets
  [8dfed614] Test
  [cf7118a7] UUIDs
  [4ec0a83e] Unicode
Test Summary: | Pass  Total
GOF3R.jl      |    1      1
    Testing GOF3R tests passed 

PkgEval succeeded


################################################################################
# PkgEval teardown: 2021-01-11T23:16:58.948
CPU usage: 8.73s (6.66s user, 2.11s kernel)

Network usage:
- eth0: 2.549 MiB received, 32.466 KiB sent

Raw statistics: {"blkio_stats":{"io_queue_recursive":[],"io_serviced_recursive":[{"major":259,"value":0,"op":"Read","minor":0},{"major":259,"value":19,"op":"Write","minor":0},{"major":259,"value":14,"op":"Sync","minor":0},{"major":259,"value":5,"op":"Async","minor":0},{"major":259,"value":0,"op":"Discard","minor":0},{"major":259,"value":19,"op":"Total","minor":0},{"major":253,"value":0,"op":"Read","minor":2},{"major":253,"value":19,"op":"Write","minor":2},{"major":253,"value":14,"op":"Sync","minor":2},{"major":253,"value":5,"op":"Async","minor":2},{"major":253,"value":0,"op":"Discard","minor":2},{"major":253,"value":19,"op":"Total","minor":2}],"io_time_recursive":[],"sectors_recursive":[],"io_service_bytes_recursive":[{"major":259,"value":0,"op":"Read","minor":0},{"major":259,"value":77824,"op":"Write","minor":0},{"major":259,"value":57344,"op":"Sync","minor":0},{"major":259,"value":20480,"op":"Async","minor":0},{"major":259,"value":0,"op":"Discard","minor":0},{"major":259,"value":77824,"op":"Total","minor":0},{"major":253,"value":0,"op":"Read","minor":2},{"major":253,"value":77824,"op":"Write","minor":2},{"major":253,"value":57344,"op":"Sync","minor":2},{"major":253,"value":20480,"op":"Async","minor":2},{"major":253,"value":0,"op":"Discard","minor":2},{"major":253,"value":77824,"op":"Total","minor":2}],"io_wait_time_recursive":[],"io_merged_recursive":[],"io_service_time_recursive":[]},"memory_stats":{"usage":282853376,"max_usage":449495040,"stats":{"hierarchical_memory_limit":9223372036854771712,"pgmajfault":0,"total_rss":174104576,"inactive_file":135168,"inactive_anon":78802944,"total_pgfault":230175,"total_cache":79347712,"total_rss_huge":0,"total_active_anon":174637056,"total_pgmajfault":0,"pgpgin":152658,"rss_huge":0,"mapped_file":0,"total_inactive_file":135168,"dirty":135168,"total_unevictable":0,"total_dirty":135168,"writeback":0,"pgpgout":90782,"hierarchical_memsw_limit":0,"cache":79347712,"active_file":135168,"pgfault":230175,"total_mapped_file":0,"total_pgpgout":90782,"total_writeback":0,"rss":174104576,"unevictable":0,"total_inactive_anon":78802944,"total_pgpgin":152658,"active_anon":174637056,"total_active_file":135168},"limit":540965302272},"name":"/GOF3R-88eZguVC","networks":{"eth0":{"rx_bytes":2673006,"rx_packets":322,"tx_packets":325,"tx_bytes":33245,"tx_dropped":0,"rx_dropped":1,"tx_errors":0,"rx_errors":0}},"id":"4a2b642bd28927e8e6657d51a120510691a08dffd2ee483fdf064eaac547d374","preread":"0001-01-01T00:00:00Z","storage_stats":{},"precpu_stats":{"throttling_data":{"throttled_periods":0,"throttled_time":0,"periods":0},"cpu_usage":{"usage_in_usermode":0,"usage_in_kernelmode":0,"total_usage":0}},"pids_stats":{"current":44},"num_procs":0,"cpu_stats":{"throttling_data":{"throttled_periods":0,"throttled_time":0,"periods":0},"system_cpu_usage":6789368224522419,"online_cpus":128,"cpu_usage":{"usage_in_usermode":6660000000,"usage_in_kernelmode":2110000000,"total_usage":8729561622,"percpu_usage":[0,0,0,0,0,0,0,8728071381,0,0,0,0,0,0,0,0,0,0,0,0,0,0,0,0,0,0,0,0,0,0,0,0,0,0,0,0,0,0,0,0,0,0,0,0,0,0,0,0,0,0,0,0,0,0,0,0,0,0,0,0,0,0,0,0,0,0,0,0,3040,0,0,0,0,0,0,0,0,0,0,0,0,0,0,0,0,0,0,0,0,0,0,1487201,0,0,0,0,0,0,0,0,0,0,0,0,0,0,0,0,0,0,0,0,0,0,0,0,0,0,0,0,0,0,0,0,0,0,0,0]}},"read":"2021-01-11T23:16:58.950366053Z"}