################################################################################
# PkgEval set-up: 2021-01-11T17:13:06.823
#

Julia Version 1.5.3
Commit 599f52c4c6 (2020-12-18 13:33 UTC)
Platform Info:
  OS: Linux (x86_64-linux-gnu)
  CPU: AMD EPYC 7502 32-Core Processor
  WORD_SIZE: 64
  LIBM: libopenlibm
  LLVM: libLLVM-9.0.1 (ORCJIT, znver2)
Environment:
  JULIA_PKG_PRECOMPILE_AUTO = 0
  JULIA_PKGEVAL = true

Base.julia_cmd() = `/opt/julia/bin/julia -Cnative -J/opt/julia/lib/julia/sys.so -g1`


################################################################################
# Installation: 2021-01-11T17:13:08.592
#

 Installing known registries into `~/.julia`
######################################################################## 100.0%
      Added registry `General` to `~/.julia/registries/General`
  Resolving package versions...
  Installed GoogleDrive ───────── v0.1.1
  Installed JSON ──────────────── v0.21.1
  Installed MbedTLS_jll ───────── v2.16.8+1
  Installed p7zip_jll ─────────── v16.2.0+3
  Installed Reexport ──────────── v0.2.0
  Installed MbedTLS ───────────── v1.0.3
  Installed HTTP ──────────────── v0.8.19
  Installed JLLWrappers ───────── v1.2.0
  Installed DocStringExtensions ─ v0.8.3
  Installed Documenter ────────── v0.24.11
  Installed BinaryProvider ────── v0.5.10
  Installed DataDeps ──────────── v0.7.6
  Installed Parsers ───────────── v1.0.15
  Installed Artifacts ─────────── v1.3.0
  Installed IniFile ───────────── v0.5.0
Updating `~/.julia/environments/v1.5/Project.toml`
  [91feb7a0] + GoogleDrive v0.1.1
Updating `~/.julia/environments/v1.5/Manifest.toml`
  [56f22d72] + Artifacts v1.3.0
  [b99e7846] + BinaryProvider v0.5.10
  [124859b0] + DataDeps v0.7.6
  [ffbed154] + DocStringExtensions v0.8.3
  [e30172f5] + Documenter v0.24.11
  [91feb7a0] + GoogleDrive v0.1.1
  [cd3eb016] + HTTP v0.8.19
  [83e8ac13] + IniFile v0.5.0
  [692b3bcd] + JLLWrappers v1.2.0
  [682c06a0] + JSON v0.21.1
  [739be429] + MbedTLS v1.0.3
  [c8ffd9c3] + MbedTLS_jll v2.16.8+1
  [69de0a69] + Parsers v1.0.15
  [189a3867] + Reexport v0.2.0
  [3f19e933] + p7zip_jll v16.2.0+3
  [2a0f44e3] + Base64
  [ade2ca70] + Dates
  [8ba89e20] + Distributed
  [b77e0a4c] + InteractiveUtils
  [76f85450] + LibGit2
  [8f399da3] + Libdl
  [56ddb016] + Logging
  [d6f4376e] + Markdown
  [a63ad114] + Mmap
  [44cfe95a] + Pkg
  [de0858da] + Printf
  [3fa0cd96] + REPL
  [9a3f8284] + Random
  [ea8e919c] + SHA
  [9e88b42a] + Serialization
  [6462fe0b] + Sockets
  [8dfed614] + Test
  [cf7118a7] + UUIDs
  [4ec0a83e] + Unicode
   Building DataDeps → `~/.julia/packages/DataDeps/jrlAW/deps/build.log`


################################################################################
# Testing: 2021-01-11T17:13:14.564
#

    Testing GoogleDrive
Status `/tmp/jl_mHO6aa/Project.toml`
  [124859b0] DataDeps v0.7.6
  [e30172f5] Documenter v0.24.11
  [91feb7a0] GoogleDrive v0.1.1
  [cd3eb016] HTTP v0.8.19
  [ade2ca70] Dates
  [9a3f8284] Random
  [8dfed614] Test
Status `/tmp/jl_mHO6aa/Manifest.toml`
  [56f22d72] Artifacts v1.3.0
  [b99e7846] BinaryProvider v0.5.10
  [124859b0] DataDeps v0.7.6
  [ffbed154] DocStringExtensions v0.8.3
  [e30172f5] Documenter v0.24.11
  [91feb7a0] GoogleDrive v0.1.1
  [cd3eb016] HTTP v0.8.19
  [83e8ac13] IniFile v0.5.0
  [692b3bcd] JLLWrappers v1.2.0
  [682c06a0] JSON v0.21.1
  [739be429] MbedTLS v1.0.3
  [c8ffd9c3] MbedTLS_jll v2.16.8+1
  [69de0a69] Parsers v1.0.15
  [189a3867] Reexport v0.2.0
  [3f19e933] p7zip_jll v16.2.0+3
  [2a0f44e3] Base64
  [ade2ca70] Dates
  [8ba89e20] Distributed
  [b77e0a4c] InteractiveUtils
  [76f85450] LibGit2
  [8f399da3] Libdl
  [56ddb016] Logging
  [d6f4376e] Markdown
  [a63ad114] Mmap
  [44cfe95a] Pkg
  [de0858da] Printf
  [3fa0cd96] REPL
  [9a3f8284] Random
  [ea8e919c] SHA
  [9e88b42a] Serialization
  [6462fe0b] Sockets
  [8dfed614] Test
  [cf7118a7] UUIDs
  [4ec0a83e] Unicode
Test Summary:  |
GoogleDrive.jl | No tests
    Testing GoogleDrive tests passed 

PkgEval succeeded


################################################################################
# PkgEval teardown: 2021-01-11T17:13:28.409
CPU usage: 21.56s (18.17s user, 3.44s kernel)

Network usage:
- eth0: 3.604 MiB received, 96.776 KiB sent

Raw statistics: {"blkio_stats":{"io_queue_recursive":[],"io_serviced_recursive":[{"major":259,"value":0,"op":"Read","minor":0},{"major":259,"value":28,"op":"Write","minor":0},{"major":259,"value":19,"op":"Sync","minor":0},{"major":259,"value":9,"op":"Async","minor":0},{"major":259,"value":0,"op":"Discard","minor":0},{"major":259,"value":28,"op":"Total","minor":0},{"major":253,"value":0,"op":"Read","minor":2},{"major":253,"value":28,"op":"Write","minor":2},{"major":253,"value":19,"op":"Sync","minor":2},{"major":253,"value":9,"op":"Async","minor":2},{"major":253,"value":0,"op":"Discard","minor":2},{"major":253,"value":28,"op":"Total","minor":2}],"io_time_recursive":[],"sectors_recursive":[],"io_service_bytes_recursive":[{"major":259,"value":0,"op":"Read","minor":0},{"major":259,"value":151552,"op":"Write","minor":0},{"major":259,"value":106496,"op":"Sync","minor":0},{"major":259,"value":45056,"op":"Async","minor":0},{"major":259,"value":0,"op":"Discard","minor":0},{"major":259,"value":151552,"op":"Total","minor":0},{"major":253,"value":0,"op":"Read","minor":2},{"major":253,"value":151552,"op":"Write","minor":2},{"major":253,"value":106496,"op":"Sync","minor":2},{"major":253,"value":45056,"op":"Async","minor":2},{"major":253,"value":0,"op":"Discard","minor":2},{"major":253,"value":151552,"op":"Total","minor":2}],"io_wait_time_recursive":[],"io_merged_recursive":[],"io_service_time_recursive":[]},"memory_stats":{"usage":310894592,"max_usage":1146400768,"stats":{"hierarchical_memory_limit":9223372036854771712,"pgmajfault":0,"total_rss":186523648,"inactive_file":135168,"inactive_anon":83398656,"total_pgfault":821733,"total_cache":92844032,"total_rss_huge":0,"total_active_anon":190586880,"total_pgmajfault":0,"pgpgin":555093,"rss_huge":0,"mapped_file":0,"total_inactive_file":135168,"dirty":135168,"total_unevictable":0,"total_dirty":135168,"writeback":0,"pgpgout":486902,"hierarchical_memsw_limit":0,"cache":92844032,"active_file":5541888,"pgfault":821733,"total_mapped_file":0,"total_pgpgout":486902,"total_writeback":0,"rss":186523648,"unevictable":0,"total_inactive_anon":83398656,"total_pgpgin":555093,"active_anon":190586880,"total_active_file":5541888},"limit":540965302272},"name":"/GoogleDrive-pHHEKbAU","networks":{"eth0":{"rx_bytes":3779392,"rx_packets":762,"tx_packets":846,"tx_bytes":99099,"tx_dropped":0,"rx_dropped":1,"tx_errors":0,"rx_errors":0}},"id":"131e324e64bea0621b40660379e97452f6b2e0a4c2013f608f28f9d3f23ad70c","preread":"0001-01-01T00:00:00Z","storage_stats":{},"precpu_stats":{"throttling_data":{"throttled_periods":0,"throttled_time":0,"periods":0},"cpu_usage":{"usage_in_usermode":0,"usage_in_kernelmode":0,"total_usage":0}},"pids_stats":{"current":40},"num_procs":0,"cpu_stats":{"throttling_data":{"throttled_periods":0,"throttled_time":0,"periods":0},"system_cpu_usage":4002412264522419,"online_cpus":128,"cpu_usage":{"usage_in_usermode":18170000000,"usage_in_kernelmode":3440000000,"total_usage":21558921162,"percpu_usage":[0,0,0,0,0,0,0,0,0,0,0,0,0,0,0,0,0,0,0,0,0,0,0,0,0,0,0,0,0,0,0,0,0,0,0,0,0,0,0,0,0,0,0,0,0,0,0,0,0,0,0,0,0,0,0,0,0,21558916552,0,4610,0,0,0,0,0,0,0,0,0,0,0,0,0,0,0,0,0,0,0,0,0,0,0,0,0,0,0,0,0,0,0,0,0,0,0,0,0,0,0,0,0,0,0,0,0,0,0,0,0,0,0,0,0,0,0,0,0,0,0,0,0,0,0,0,0,0,0,0]}},"read":"2021-01-11T17:13:28.411492409Z"}