################################################################################
# PkgEval set-up: 2021-01-11T19:08:04.598
#

Julia Version 1.5.3
Commit 599f52c4c6 (2020-12-18 13:33 UTC)
Platform Info:
  OS: Linux (x86_64-linux-gnu)
  CPU: AMD EPYC 7502 32-Core Processor
  WORD_SIZE: 64
  LIBM: libopenlibm
  LLVM: libLLVM-9.0.1 (ORCJIT, znver2)
Environment:
  JULIA_PKG_PRECOMPILE_AUTO = 0
  JULIA_PKGEVAL = true

Base.julia_cmd() = `/opt/julia/bin/julia -Cnative -J/opt/julia/lib/julia/sys.so -g1`


################################################################################
# Installation: 2021-01-11T19:08:06.36
#

 Installing known registries into `~/.julia`
######################################                                    52.9%######################################################################## 100.0%
      Added registry `General` to `~/.julia/registries/General`
  Resolving package versions...
  Installed Reexport ─────────── v1.0.0
  Installed Inflate ──────────── v0.1.2
  Installed Measures ─────────── v0.3.1
  Installed IterTools ────────── v1.3.0
  Installed Requires ─────────── v1.1.2
  Installed GraphPlot ────────── v0.4.4
  Installed DataStructures ───── v0.18.8
  Installed Colors ───────────── v0.12.6
  Installed SimpleTraits ─────── v0.9.3
  Installed ColorTypes ───────── v0.10.9
  Installed OrderedCollections ─ v1.3.2
  Installed MacroTools ───────── v0.5.6
  Installed ArnoldiMethod ────── v0.0.4
  Installed StaticArrays ─────── v0.12.5
  Installed JSON ─────────────── v0.21.1
  Installed Compose ──────────── v0.9.1
  Installed LightGraphs ──────── v1.3.4
  Installed FixedPointNumbers ── v0.8.4
  Installed Compat ───────────── v3.25.0
  Installed Parsers ──────────── v1.0.15
Updating `~/.julia/environments/v1.5/Project.toml`
  [a2cc645c] + GraphPlot v0.4.4
Updating `~/.julia/environments/v1.5/Manifest.toml`
  [ec485272] + ArnoldiMethod v0.0.4
  [3da002f7] + ColorTypes v0.10.9
  [5ae59095] + Colors v0.12.6
  [34da2185] + Compat v3.25.0
  [a81c6b42] + Compose v0.9.1
  [864edb3b] + DataStructures v0.18.8
  [53c48c17] + FixedPointNumbers v0.8.4
  [a2cc645c] + GraphPlot v0.4.4
  [d25df0c9] + Inflate v0.1.2
  [c8e1da08] + IterTools v1.3.0
  [682c06a0] + JSON v0.21.1
  [093fc24a] + LightGraphs v1.3.4
  [1914dd2f] + MacroTools v0.5.6
  [442fdcdd] + Measures v0.3.1
  [bac558e1] + OrderedCollections v1.3.2
  [69de0a69] + Parsers v1.0.15
  [189a3867] + Reexport v1.0.0
  [ae029012] + Requires v1.1.2
  [699a6c99] + SimpleTraits v0.9.3
  [90137ffa] + StaticArrays v0.12.5
  [2a0f44e3] + Base64
  [ade2ca70] + Dates
  [8bb1440f] + DelimitedFiles
  [8ba89e20] + Distributed
  [b77e0a4c] + InteractiveUtils
  [76f85450] + LibGit2
  [8f399da3] + Libdl
  [37e2e46d] + LinearAlgebra
  [56ddb016] + Logging
  [d6f4376e] + Markdown
  [a63ad114] + Mmap
  [44cfe95a] + Pkg
  [de0858da] + Printf
  [3fa0cd96] + REPL
  [9a3f8284] + Random
  [ea8e919c] + SHA
  [9e88b42a] + Serialization
  [1a1011a3] + SharedArrays
  [6462fe0b] + Sockets
  [2f01184e] + SparseArrays
  [10745b16] + Statistics
  [8dfed614] + Test
  [cf7118a7] + UUIDs
  [4ec0a83e] + Unicode


################################################################################
# Testing: 2021-01-11T19:08:12.777
#

    Testing GraphPlot
Status `/tmp/jl_BaUmeW/Project.toml`
  [ec485272] ArnoldiMethod v0.0.4
  [159f3aea] Cairo v1.0.5
  [3da002f7] ColorTypes v0.10.9
  [5ae59095] Colors v0.12.6
  [a81c6b42] Compose v0.9.1
  [a2cc645c] GraphPlot v0.4.4
  [6218d12a] ImageMagick v1.1.6
  [093fc24a] LightGraphs v1.3.4
  [34922c18] VisualRegressionTests v1.0.0
  [8bb1440f] DelimitedFiles
  [37e2e46d] LinearAlgebra
  [9a3f8284] Random
  [2f01184e] SparseArrays
  [8dfed614] Test
Status `/tmp/jl_BaUmeW/Manifest.toml`
  [621f4979] AbstractFFTs v1.0.0
  [79e6a3ab] Adapt v2.4.0
  [ec485272] ArnoldiMethod v0.0.4
  [56f22d72] Artifacts v1.3.0
  [39de3d68] AxisArrays v0.4.3
  [6e34b625] Bzip2_jll v1.0.6+5
  [159f3aea] Cairo v1.0.5
  [83423d85] Cairo_jll v1.16.0+6
  [aafaddc9] CatIndices v0.2.1
  [d360d2e6] ChainRulesCore v0.9.24
  [3da002f7] ColorTypes v0.10.9
  [c3611d14] ColorVectorSpace v0.8.7
  [5ae59095] Colors v0.12.6
  [34da2185] Compat v3.25.0
  [e66e0078] CompilerSupportLibraries_jll v0.3.4+0
  [a81c6b42] Compose v0.9.1
  [ed09eef8] ComputationalResources v0.3.2
  [dc8bdbbb] CustomUnitRanges v1.0.0
  [9a962f9c] DataAPI v1.4.0
  [864edb3b] DataStructures v0.18.8
  [da5c29d0] EllipsisNotation v1.0.0
  [2e619515] Expat_jll v2.2.7+6
  [4f61f5a4] FFTViews v0.3.1
  [7a1cc6ca] FFTW v1.3.1
  [f5851436] FFTW_jll v3.3.9+7
  [5789e2e9] FileIO v1.4.5
  [53c48c17] FixedPointNumbers v0.8.4
  [a3f928ae] Fontconfig_jll v2.13.1+14
  [d7e528f0] FreeType2_jll v2.10.1+5
  [559328eb] FriBidi_jll v1.0.5+6
  [78b55507] Gettext_jll v0.20.1+7
  [7746bdde] Glib_jll v2.59.0+4
  [a2cc645c] GraphPlot v0.4.4
  [a2bd30eb] Graphics v1.0.2
  [3b182d85] Graphite2_jll v1.3.13+4
  [2e76f6c2] HarfBuzz_jll v2.6.1+10
  [a51ab1cf] ICU_jll v67.1.0+3
  [2803e5a7] ImageAxes v0.6.8
  [a09fc81d] ImageCore v0.8.20
  [6a3955dd] ImageFiltering v0.6.18
  [6218d12a] ImageMagick v1.1.6
  [c73af94c] ImageMagick_jll v6.9.10-12+3
  [bc367c6b] ImageMetadata v0.9.4
  [9b13fd28] IndirectArrays v0.5.1
  [d25df0c9] Inflate v0.1.2
  [1d5cc7b8] IntelOpenMP_jll v2018.0.3+0
  [8197267c] IntervalSets v0.5.2
  [c8e1da08] IterTools v1.3.0
  [692b3bcd] JLLWrappers v1.2.0
  [682c06a0] JSON v0.21.1
  [aacddb02] JpegTurbo_jll v2.0.1+3
  [dd4b983a] LZO_jll v2.10.0+3
  [e9f186c6] Libffi_jll v3.2.1+4
  [d4300ac3] Libgcrypt_jll v1.8.5+4
  [7add5ba3] Libgpg_error_jll v1.36.0+3
  [94ce4f54] Libiconv_jll v1.16.0+7
  [4b2f31a3] Libmount_jll v2.34.0+3
  [89763e89] Libtiff_jll v4.1.0+2
  [38a345b3] Libuuid_jll v2.34.0+7
  [093fc24a] LightGraphs v1.3.4
  [856f044c] MKL_jll v2020.2.254+0
  [1914dd2f] MacroTools v0.5.6
  [dbb5928d] MappedArrays v0.3.0
  [442fdcdd] Measures v0.3.1
  [e1d29d7a] Missings v0.4.4
  [e94cdb99] MosaicViews v0.2.4
  [46d2c3a1] MuladdMacro v0.2.2
  [77ba4419] NaNMath v0.3.5
  [6fe1bfb0] OffsetArrays v1.5.0
  [efe28fd5] OpenSpecFun_jll v0.5.3+4
  [bac558e1] OrderedCollections v1.3.2
  [2f80f16e] PCRE_jll v8.42.0+4
  [5432bcbf] PaddedViews v0.5.7
  [36c8627f] Pango_jll v1.42.4+10
  [69de0a69] Parsers v1.0.15
  [30392449] Pixman_jll v0.40.0+0
  [dca85d43] QuartzImageIO v0.7.3
  [b3c3ace0] RangeArrays v0.3.2
  [189a3867] Reexport v1.0.0
  [ae029012] Requires v1.1.2
  [699a6c99] SimpleTraits v0.9.3
  [a2af1166] SortingAlgorithms v0.3.1
  [276daf66] SpecialFunctions v1.2.1
  [90137ffa] StaticArrays v0.12.5
  [2913bbd2] StatsBase v0.33.2
  [06e1c1a7] TiledIteration v0.3.0
  [34922c18] VisualRegressionTests v1.0.0
  [02c8fc9c] XML2_jll v2.9.10+3
  [aed1982a] XSLT_jll v1.1.33+4
  [4f6342f7] Xorg_libX11_jll v1.6.9+4
  [0c0b7dd1] Xorg_libXau_jll v1.0.9+4
  [a3789734] Xorg_libXdmcp_jll v1.1.3+4
  [1082639a] Xorg_libXext_jll v1.3.4+4
  [ea2f1a96] Xorg_libXrender_jll v0.9.10+4
  [14d82f49] Xorg_libpthread_stubs_jll v0.1.0+3
  [c7cfdc94] Xorg_libxcb_jll v1.13.0+3
  [c5fb5394] Xorg_xtrans_jll v1.4.0+3
  [83775a58] Zlib_jll v1.2.11+18
  [3161d3a3] Zstd_jll v1.4.5+2
  [b53b4c65] libpng_jll v1.6.37+6
  [2a0f44e3] Base64
  [ade2ca70] Dates
  [8bb1440f] DelimitedFiles
  [8ba89e20] Distributed
  [b77e0a4c] InteractiveUtils
  [76f85450] LibGit2
  [8f399da3] Libdl
  [37e2e46d] LinearAlgebra
  [56ddb016] Logging
  [d6f4376e] Markdown
  [a63ad114] Mmap
  [44cfe95a] Pkg
  [de0858da] Printf
  [3fa0cd96] REPL
  [9a3f8284] Random
  [ea8e919c] SHA
  [9e88b42a] Serialization
  [1a1011a3] SharedArrays
  [6462fe0b] Sockets
  [2f01184e] SparseArrays
  [10745b16] Statistics
  [8dfed614] Test
  [cf7118a7] UUIDs
  [4ec0a83e] Unicode
┌ Warning: `WheelGraph` is deprecated, use `wheel_graph` instead.
│   caller = top-level scope at runtests.jl:42
└ @ Core ~/.julia/packages/GraphPlot/vrIy8/test/runtests.jl:42
[ Info: Reference image /home/pkgeval/.julia/packages/GraphPlot/vrIy8/test/data/karate_different_nodesize.png matches.  Difference: 0.006525382064124826
[ Info: Reference image /home/pkgeval/.julia/packages/GraphPlot/vrIy8/test/data/karate_straight_directed.png matches.  Difference: 0.009604189928566643
[ Info: Reference image /home/pkgeval/.julia/packages/GraphPlot/vrIy8/test/data/karate_groups.png matches.  Difference: 0.005019203227323265
Test Summary: | Pass  Total
Karate Net    |    3      3
[ Info: Reference image /home/pkgeval/.julia/packages/GraphPlot/vrIy8/test/data/wheel10.png matches.  Difference: 0.0024240095478126077
Test Summary: | Pass  Total
WheelGraph    |    1      1
[ Info: Reference image /home/pkgeval/.julia/packages/GraphPlot/vrIy8/test/data/curve.png matches.  Difference: 0.0
[ Info: Reference image /home/pkgeval/.julia/packages/GraphPlot/vrIy8/test/data/self_directed.png matches.  Difference: 0.0
Test Summary: | Pass  Total
Curves        |    2      2
    Testing GraphPlot tests passed 

PkgEval succeeded


################################################################################
# PkgEval teardown: 2021-01-11T19:11:58.442
CPU usage: 233.56s (218.45s user, 15.43s kernel)

Network usage:
- eth0: 10.916 MiB received, 513.282 KiB sent

Raw statistics: {"blkio_stats":{"io_queue_recursive":[],"io_serviced_recursive":[{"major":259,"value":33,"op":"Read","minor":0},{"major":259,"value":28,"op":"Write","minor":0},{"major":259,"value":52,"op":"Sync","minor":0},{"major":259,"value":9,"op":"Async","minor":0},{"major":259,"value":0,"op":"Discard","minor":0},{"major":259,"value":61,"op":"Total","minor":0},{"major":253,"value":33,"op":"Read","minor":2},{"major":253,"value":28,"op":"Write","minor":2},{"major":253,"value":52,"op":"Sync","minor":2},{"major":253,"value":9,"op":"Async","minor":2},{"major":253,"value":0,"op":"Discard","minor":2},{"major":253,"value":61,"op":"Total","minor":2}],"io_time_recursive":[],"sectors_recursive":[],"io_service_bytes_recursive":[{"major":259,"value":430080,"op":"Read","minor":0},{"major":259,"value":167936,"op":"Write","minor":0},{"major":259,"value":536576,"op":"Sync","minor":0},{"major":259,"value":61440,"op":"Async","minor":0},{"major":259,"value":0,"op":"Discard","minor":0},{"major":259,"value":598016,"op":"Total","minor":0},{"major":253,"value":430080,"op":"Read","minor":2},{"major":253,"value":167936,"op":"Write","minor":2},{"major":253,"value":536576,"op":"Sync","minor":2},{"major":253,"value":61440,"op":"Async","minor":2},{"major":253,"value":0,"op":"Discard","minor":2},{"major":253,"value":598016,"op":"Total","minor":2}],"io_wait_time_recursive":[],"io_merged_recursive":[],"io_service_time_recursive":[]},"memory_stats":{"usage":392794112,"max_usage":1801613312,"stats":{"hierarchical_memory_limit":9223372036854771712,"pgmajfault":0,"total_rss":216956928,"inactive_file":540672,"inactive_anon":96645120,"total_pgfault":6814995,"total_cache":142503936,"total_rss_huge":0,"total_active_anon":259657728,"total_pgmajfault":0,"pgpgin":4684845,"rss_huge":0,"mapped_file":0,"total_inactive_file":540672,"dirty":540672,"total_unevictable":0,"total_dirty":540672,"writeback":0,"pgpgout":4597075,"hierarchical_memsw_limit":0,"cache":142503936,"active_file":2433024,"pgfault":6814995,"total_mapped_file":0,"total_pgpgout":4597075,"total_writeback":0,"rss":216956928,"unevictable":0,"total_inactive_anon":96645120,"total_pgpgin":4684845,"active_anon":259657728,"total_active_file":2433024},"limit":540965302272},"name":"/GraphPlot-39gRrnJK","networks":{"eth0":{"rx_bytes":11446563,"rx_packets":3615,"tx_packets":4192,"tx_bytes":525601,"tx_dropped":0,"rx_dropped":8,"tx_errors":0,"rx_errors":0}},"id":"35ea309bb8225f85b0ca647cd735e4be93a12c1ce58988a7e392f7db61e85bfd","preread":"0001-01-01T00:00:00Z","storage_stats":{},"precpu_stats":{"throttling_data":{"throttled_periods":0,"throttled_time":0,"periods":0},"cpu_usage":{"usage_in_usermode":0,"usage_in_kernelmode":0,"total_usage":0}},"pids_stats":{"current":40},"num_procs":0,"cpu_stats":{"throttling_data":{"throttled_periods":0,"throttled_time":0,"periods":0},"system_cpu_usage":4910953084522419,"online_cpus":128,"cpu_usage":{"usage_in_usermode":218450000000,"usage_in_kernelmode":15430000000,"total_usage":233555831624,"percpu_usage":[0,0,0,0,0,0,0,0,0,0,0,0,0,0,0,0,0,0,0,0,0,0,0,0,0,0,0,0,0,0,0,0,233555778984,3440,0,0,0,0,0,0,0,0,0,0,0,0,0,0,0,0,0,0,0,0,0,0,0,0,0,0,0,0,0,0,0,0,0,0,0,0,0,0,0,0,0,0,0,0,0,0,0,0,0,0,0,0,0,0,0,0,0,0,0,0,0,0,18430,30770,0,0,0,0,0,0,0,0,0,0,0,0,0,0,0,0,0,0,0,0,0,0,0,0,0,0,0,0,0,0]}},"read":"2021-01-11T19:11:59.03346529Z"}