################################################################################
# PkgEval set-up: 2021-01-11T16:29:14.058
#

Julia Version 1.5.3
Commit 599f52c4c6 (2020-12-18 13:33 UTC)
Platform Info:
  OS: Linux (x86_64-linux-gnu)
  CPU: AMD EPYC 7502 32-Core Processor
  WORD_SIZE: 64
  LIBM: libopenlibm
  LLVM: libLLVM-9.0.1 (ORCJIT, znver2)
Environment:
  JULIA_PKG_PRECOMPILE_AUTO = 0
  JULIA_PKGEVAL = true

Base.julia_cmd() = `/opt/julia/bin/julia -Cnative -J/opt/julia/lib/julia/sys.so -g1`


################################################################################
# Installation: 2021-01-11T16:29:15.897
#

 Installing known registries into `~/.julia`
##############                                                            19.5%######################################################################## 100.0%
      Added registry `General` to `~/.julia/registries/General`
  Resolving package versions...
  Installed GridapPETSc ────────────────── v0.2.1
  Installed CompilerSupportLibraries_jll ─ v0.3.4+0
  Installed Zlib_jll ───────────────────── v1.2.11+18
  Installed Reexport ───────────────────── v1.0.0
  Installed CommonSubexpressions ───────── v0.3.0
  Installed MuladdMacro ────────────────── v0.2.2
  Installed MPI ────────────────────────── v0.14.1
  Installed TranscodingStreams ─────────── v0.9.5
  Installed Combinatorics ──────────────── v1.0.2
  Installed FillArrays ─────────────────── v0.8.14
  Installed Requires ───────────────────── v1.1.2
  Installed Libiconv_jll ───────────────── v1.16.0+7
  Installed DataStructures ─────────────── v0.17.20
  Installed QuadGK ─────────────────────── v2.4.1
  Installed DiffRules ──────────────────── v1.0.2
  Installed Parameters ─────────────────── v0.12.1
  Installed DiffResults ────────────────── v1.0.3
  Installed XML2_jll ───────────────────── v2.9.10+3
  Installed MicrosoftMPI_jll ───────────── v10.1.2+3
  Installed CodecZlib ──────────────────── v0.7.0
  Installed BSON ───────────────────────── v0.2.6
  Installed JLD2 ───────────────────────── v0.1.14
  Installed FileIO ─────────────────────── v1.4.5
  Installed OrderedCollections ─────────── v1.3.2
  Installed StaticArrays ───────────────── v0.12.5
  Installed LightXML ───────────────────── v0.9.0
  Installed NaNMath ────────────────────── v0.3.5
  Installed Distances ──────────────────── v0.10.0
  Installed MacroTools ─────────────────── v0.5.6
  Installed NLsolve ────────────────────── v4.5.1
  Installed JSON ───────────────────────── v0.21.1
  Installed JLLWrappers ────────────────── v1.2.0
  Installed LineSearches ───────────────── v7.1.1
  Installed FiniteDiff ─────────────────── v2.7.2
  Installed ArrayInterface ─────────────── v2.14.13
  Installed FastGaussQuadrature ────────── v0.4.5
  Installed AbstractTrees ──────────────── v0.3.3
  Installed MPICH_jll ──────────────────── v3.3.2+10
  Installed ForwardDiff ────────────────── v0.10.14
  Installed SpecialFunctions ───────────── v1.2.1
  Installed UnPack ─────────────────────── v1.0.2
  Installed ChainRulesCore ─────────────── v0.9.24
  Installed DocStringExtensions ────────── v0.8.3
  Installed NLSolversBase ──────────────── v7.7.1
  Installed WriteVTK ───────────────────── v1.8.1
  Installed Gridap ─────────────────────── v0.10.4
  Installed OpenSpecFun_jll ────────────── v0.5.3+4
  Installed OpenMPI_jll ────────────────── v4.0.2+2
  Installed Parsers ────────────────────── v1.0.15
  Installed Artifacts ──────────────────── v1.3.0
Updating `~/.julia/environments/v1.5/Project.toml`
  [bcdc36c2] + GridapPETSc v0.2.1
Updating `~/.julia/environments/v1.5/Manifest.toml`
  [1520ce14] + AbstractTrees v0.3.3
  [4fba245c] + ArrayInterface v2.14.13
  [56f22d72] + Artifacts v1.3.0
  [fbb218c0] + BSON v0.2.6
  [d360d2e6] + ChainRulesCore v0.9.24
  [944b1d66] + CodecZlib v0.7.0
  [861a8166] + Combinatorics v1.0.2
  [bbf7d656] + CommonSubexpressions v0.3.0
  [e66e0078] + CompilerSupportLibraries_jll v0.3.4+0
  [864edb3b] + DataStructures v0.17.20
  [163ba53b] + DiffResults v1.0.3
  [b552c78f] + DiffRules v1.0.2
  [b4f34e82] + Distances v0.10.0
  [ffbed154] + DocStringExtensions v0.8.3
  [442a2c76] + FastGaussQuadrature v0.4.5
  [5789e2e9] + FileIO v1.4.5
  [1a297f60] + FillArrays v0.8.14
  [6a86dc24] + FiniteDiff v2.7.2
  [f6369f11] + ForwardDiff v0.10.14
  [56d4f2e9] + Gridap v0.10.4
  [bcdc36c2] + GridapPETSc v0.2.1
  [033835bb] + JLD2 v0.1.14
  [692b3bcd] + JLLWrappers v1.2.0
  [682c06a0] + JSON v0.21.1
  [94ce4f54] + Libiconv_jll v1.16.0+7
  [9c8b4983] + LightXML v0.9.0
  [d3d80556] + LineSearches v7.1.1
  [da04e1cc] + MPI v0.14.1
  [7cb0a576] + MPICH_jll v3.3.2+10
  [1914dd2f] + MacroTools v0.5.6
  [9237b28f] + MicrosoftMPI_jll v10.1.2+3
  [46d2c3a1] + MuladdMacro v0.2.2
  [d41bc354] + NLSolversBase v7.7.1
  [2774e3e8] + NLsolve v4.5.1
  [77ba4419] + NaNMath v0.3.5
  [fe0851c0] + OpenMPI_jll v4.0.2+2
  [efe28fd5] + OpenSpecFun_jll v0.5.3+4
  [bac558e1] + OrderedCollections v1.3.2
  [d96e819e] + Parameters v0.12.1
  [69de0a69] + Parsers v1.0.15
  [1fd47b50] + QuadGK v2.4.1
  [189a3867] + Reexport v1.0.0
  [ae029012] + Requires v1.1.2
  [276daf66] + SpecialFunctions v1.2.1
  [90137ffa] + StaticArrays v0.12.5
  [3bb67fe8] + TranscodingStreams v0.9.5
  [3a884ed6] + UnPack v1.0.2
  [64499a7a] + WriteVTK v1.8.1
  [02c8fc9c] + XML2_jll v2.9.10+3
  [83775a58] + Zlib_jll v1.2.11+18
  [2a0f44e3] + Base64
  [ade2ca70] + Dates
  [8ba89e20] + Distributed
  [b77e0a4c] + InteractiveUtils
  [76f85450] + LibGit2
  [8f399da3] + Libdl
  [37e2e46d] + LinearAlgebra
  [56ddb016] + Logging
  [d6f4376e] + Markdown
  [a63ad114] + Mmap
  [44cfe95a] + Pkg
  [de0858da] + Printf
  [3fa0cd96] + REPL
  [9a3f8284] + Random
  [ea8e919c] + SHA
  [9e88b42a] + Serialization
  [6462fe0b] + Sockets
  [2f01184e] + SparseArrays
  [10745b16] + Statistics
  [8dfed614] + Test
  [cf7118a7] + UUIDs
  [4ec0a83e] + Unicode
   Building MPI ────────→ `~/.julia/packages/MPI/l1Tvj/deps/build.log`
   Building GridapPETSc → `~/.julia/packages/GridapPETSc/u5SkC/deps/build.log`


################################################################################
# Testing: 2021-01-11T16:29:26.646
#

    Testing GridapPETSc
Status `/tmp/jl_6qyziR/Project.toml`
  [56d4f2e9] Gridap v0.10.4
  [bcdc36c2] GridapPETSc v0.2.1
  [da04e1cc] MPI v0.14.1
  [8f399da3] Libdl
  [2f01184e] SparseArrays
  [8dfed614] Test
Status `/tmp/jl_6qyziR/Manifest.toml`
  [1520ce14] AbstractTrees v0.3.3
  [4fba245c] ArrayInterface v2.14.13
  [56f22d72] Artifacts v1.3.0
  [fbb218c0] BSON v0.2.6
  [d360d2e6] ChainRulesCore v0.9.24
  [944b1d66] CodecZlib v0.7.0
  [861a8166] Combinatorics v1.0.2
  [bbf7d656] CommonSubexpressions v0.3.0
  [e66e0078] CompilerSupportLibraries_jll v0.3.4+0
  [864edb3b] DataStructures v0.17.20
  [163ba53b] DiffResults v1.0.3
  [b552c78f] DiffRules v1.0.2
  [b4f34e82] Distances v0.10.0
  [ffbed154] DocStringExtensions v0.8.3
  [442a2c76] FastGaussQuadrature v0.4.5
  [5789e2e9] FileIO v1.4.5
  [1a297f60] FillArrays v0.8.14
  [6a86dc24] FiniteDiff v2.7.2
  [f6369f11] ForwardDiff v0.10.14
  [56d4f2e9] Gridap v0.10.4
  [bcdc36c2] GridapPETSc v0.2.1
  [033835bb] JLD2 v0.1.14
  [692b3bcd] JLLWrappers v1.2.0
  [682c06a0] JSON v0.21.1
  [94ce4f54] Libiconv_jll v1.16.0+7
  [9c8b4983] LightXML v0.9.0
  [d3d80556] LineSearches v7.1.1
  [da04e1cc] MPI v0.14.1
  [7cb0a576] MPICH_jll v3.3.2+10
  [1914dd2f] MacroTools v0.5.6
  [9237b28f] MicrosoftMPI_jll v10.1.2+3
  [46d2c3a1] MuladdMacro v0.2.2
  [d41bc354] NLSolversBase v7.7.1
  [2774e3e8] NLsolve v4.5.1
  [77ba4419] NaNMath v0.3.5
  [fe0851c0] OpenMPI_jll v4.0.2+2
  [efe28fd5] OpenSpecFun_jll v0.5.3+4
  [bac558e1] OrderedCollections v1.3.2
  [d96e819e] Parameters v0.12.1
  [69de0a69] Parsers v1.0.15
  [1fd47b50] QuadGK v2.4.1
  [189a3867] Reexport v1.0.0
  [ae029012] Requires v1.1.2
  [276daf66] SpecialFunctions v1.2.1
  [90137ffa] StaticArrays v0.12.5
  [3bb67fe8] TranscodingStreams v0.9.5
  [3a884ed6] UnPack v1.0.2
  [64499a7a] WriteVTK v1.8.1
  [02c8fc9c] XML2_jll v2.9.10+3
  [83775a58] Zlib_jll v1.2.11+18
  [2a0f44e3] Base64
  [ade2ca70] Dates
  [8ba89e20] Distributed
  [b77e0a4c] InteractiveUtils
  [76f85450] LibGit2
  [8f399da3] Libdl
  [37e2e46d] LinearAlgebra
  [56ddb016] Logging
  [d6f4376e] Markdown
  [a63ad114] Mmap
  [44cfe95a] Pkg
  [de0858da] Printf
  [3fa0cd96] REPL
  [9a3f8284] Random
  [ea8e919c] SHA
  [9e88b42a] Serialization
  [6462fe0b] Sockets
  [2f01184e] SparseArrays
  [10745b16] Statistics
  [8dfed614] Test
  [cf7118a7] UUIDs
  [4ec0a83e] Unicode
┌ Warning: PETSc library is not properly loaded. 
│ GridapPETSc tests are not going to be performed.
└ @ Main ~/.julia/packages/GridapPETSc/u5SkC/test/runtests.jl:19
    Testing GridapPETSc tests passed 

PkgEval succeeded


################################################################################
# PkgEval teardown: 2021-01-11T16:31:42.289
CPU usage: 148.12s (138.69s user, 9.66s kernel)

Network usage:
- eth0: 7.584 MiB received, 281.978 KiB sent

Raw statistics: {"blkio_stats":{"io_queue_recursive":[],"io_serviced_recursive":[{"major":259,"value":0,"op":"Read","minor":0},{"major":259,"value":32,"op":"Write","minor":0},{"major":259,"value":19,"op":"Sync","minor":0},{"major":259,"value":13,"op":"Async","minor":0},{"major":259,"value":0,"op":"Discard","minor":0},{"major":259,"value":32,"op":"Total","minor":0},{"major":253,"value":0,"op":"Read","minor":2},{"major":253,"value":32,"op":"Write","minor":2},{"major":253,"value":19,"op":"Sync","minor":2},{"major":253,"value":13,"op":"Async","minor":2},{"major":253,"value":0,"op":"Discard","minor":2},{"major":253,"value":32,"op":"Total","minor":2}],"io_time_recursive":[],"sectors_recursive":[],"io_service_bytes_recursive":[{"major":259,"value":0,"op":"Read","minor":0},{"major":259,"value":192512,"op":"Write","minor":0},{"major":259,"value":106496,"op":"Sync","minor":0},{"major":259,"value":86016,"op":"Async","minor":0},{"major":259,"value":0,"op":"Discard","minor":0},{"major":259,"value":192512,"op":"Total","minor":0},{"major":253,"value":0,"op":"Read","minor":2},{"major":253,"value":192512,"op":"Write","minor":2},{"major":253,"value":106496,"op":"Sync","minor":2},{"major":253,"value":86016,"op":"Async","minor":2},{"major":253,"value":0,"op":"Discard","minor":2},{"major":253,"value":192512,"op":"Total","minor":2}],"io_wait_time_recursive":[],"io_merged_recursive":[],"io_service_time_recursive":[]},"memory_stats":{"usage":392179712,"max_usage":1975926784,"stats":{"hierarchical_memory_limit":9223372036854771712,"pgmajfault":0,"total_rss":239923200,"inactive_file":135168,"inactive_anon":92319744,"total_pgfault":4193904,"total_cache":119889920,"total_rss_huge":0,"total_active_anon":267632640,"total_pgmajfault":0,"pgpgin":2825691,"rss_huge":0,"mapped_file":0,"total_inactive_file":135168,"dirty":135168,"total_unevictable":0,"total_dirty":135168,"writeback":0,"pgpgout":2737842,"hierarchical_memsw_limit":0,"cache":119889920,"active_file":135168,"pgfault":4193904,"total_mapped_file":0,"total_pgpgout":2737842,"total_writeback":0,"rss":239923200,"unevictable":0,"total_inactive_anon":92319744,"total_pgpgin":2825691,"active_anon":267632640,"total_active_file":135168},"limit":540965302272},"name":"/GridapPETSc-AngiYUTZ","networks":{"eth0":{"rx_bytes":7951932,"rx_packets":2150,"tx_packets":2409,"tx_bytes":288745,"tx_dropped":0,"rx_dropped":5,"tx_errors":0,"rx_errors":0}},"id":"f95f8b940dd1ba6b05cb2cae099f8aef06bb18c59da49c49b9fc178b89e4979d","preread":"0001-01-01T00:00:00Z","storage_stats":{},"precpu_stats":{"throttling_data":{"throttled_periods":0,"throttled_time":0,"periods":0},"cpu_usage":{"usage_in_usermode":0,"usage_in_kernelmode":0,"total_usage":0}},"pids_stats":{"current":40},"num_procs":0,"cpu_stats":{"throttling_data":{"throttled_periods":0,"throttled_time":0,"periods":0},"system_cpu_usage":3682278434522419,"online_cpus":128,"cpu_usage":{"usage_in_usermode":138690000000,"usage_in_kernelmode":9660000000,"total_usage":148116920895,"percpu_usage":[0,0,0,0,0,0,0,0,0,0,0,0,0,0,0,0,0,0,0,0,0,0,0,0,0,0,0,0,0,0,0,0,0,0,0,0,0,0,0,0,0,0,0,0,0,0,0,0,148116897785,0,0,0,0,0,0,0,0,0,0,0,0,0,0,0,0,0,0,0,0,0,0,0,0,0,0,0,0,0,0,0,0,0,0,0,0,0,0,0,0,0,0,0,0,0,0,0,0,0,0,0,0,0,0,0,0,0,0,0,0,0,0,0,4650,18460,0,0,0,0,0,0,0,0,0,0,0,0,0,0]}},"read":"2021-01-11T16:31:43.107385029Z"}