################################################################################
# PackageCompiler set-up: 2021-01-11T15:50:42.955
#

Julia Version 1.5.3
Commit 599f52c4c6 (2020-12-18 13:33 UTC)
Platform Info:
  OS: Linux (x86_64-linux-gnu)
  CPU: AMD EPYC 7502 32-Core Processor
  WORD_SIZE: 64
  LIBM: libopenlibm
  LLVM: libLLVM-9.0.1 (ORCJIT, znver2)
Environment:
  JULIA_PKGEVAL = true
  JULIA_PKG_PRECOMPILE_AUTO = 0



################################################################################
# Installation: 2021-01-11T15:50:44.628
#

 Installing known registries into `~/.julia`
############################                                              39.7%######################################################################## 100.0%
      Added registry `General` to `~/.julia/registries/General`
  Resolving package versions...
  Installed CompilerSupportLibraries_jll ─ v0.3.4+0
  Installed Reexport ───────────────────── v0.2.0
  Installed Rmath_jll ──────────────────── v0.2.2+1
  Installed GroupedTemporalTerms ───────── v0.1.2
  Installed Rmath ──────────────────────── v0.6.1
  Installed TableTraits ────────────────── v1.0.0
  Installed MuladdMacro ────────────────── v0.2.2
  Installed PackageCompiler ────────────── v1.2.5
  Installed DataAPI ────────────────────── v1.4.0
  Installed Tables ─────────────────────── v1.2.2
  Installed OrderedCollections ─────────── v1.3.2
  Installed CategoricalArrays ──────────── v0.9.0
  Installed DataStructures ─────────────── v0.18.8
  Installed StatsBase ──────────────────── v0.33.2
  Installed InvertedIndices ────────────── v1.0.0
  Installed DataFrames ─────────────────── v0.22.2
  Installed DataValueInterfaces ────────── v1.0.0
  Installed ShiftedArrays ──────────────── v1.0.0
  Installed Missings ───────────────────── v0.4.4
  Installed PooledArrays ───────────────── v0.5.3
  Installed JLLWrappers ────────────────── v1.2.0
  Installed JSON ───────────────────────── v0.21.1
  Installed StructTypes ────────────────── v1.2.1
  Installed Crayons ────────────────────── v4.0.4
  Installed Underscores ────────────────── v2.0.0
  Installed StatsFuns ──────────────────── v0.9.6
  Installed Formatting ─────────────────── v0.4.2
  Installed StatsModels ────────────────── v0.6.18
  Installed SpecialFunctions ───────────── v1.2.1
  Installed IteratorInterfaceExtensions ── v1.0.0
  Installed PrettyTables ───────────────── v0.10.1
  Installed ChainRulesCore ─────────────── v0.9.24
  Installed SortingAlgorithms ──────────── v0.3.1
  Installed Compat ─────────────────────── v3.25.0
  Installed OpenSpecFun_jll ────────────── v0.5.3+4
  Installed Parsers ────────────────────── v1.0.15
  Installed Artifacts ──────────────────── v1.3.0
Updating `~/.julia/environments/v1.5/Project.toml`
  [e3df3e69] + GroupedTemporalTerms v0.1.2
  [9b87118b] + PackageCompiler v1.2.5
Updating `~/.julia/environments/v1.5/Manifest.toml`
  [56f22d72] + Artifacts v1.3.0
  [324d7699] + CategoricalArrays v0.9.0
  [d360d2e6] + ChainRulesCore v0.9.24
  [34da2185] + Compat v3.25.0
  [e66e0078] + CompilerSupportLibraries_jll v0.3.4+0
  [a8cc5b0e] + Crayons v4.0.4
  [9a962f9c] + DataAPI v1.4.0
  [a93c6f00] + DataFrames v0.22.2
  [864edb3b] + DataStructures v0.18.8
  [e2d170a0] + DataValueInterfaces v1.0.0
  [59287772] + Formatting v0.4.2
  [e3df3e69] + GroupedTemporalTerms v0.1.2
  [41ab1584] + InvertedIndices v1.0.0
  [82899510] + IteratorInterfaceExtensions v1.0.0
  [692b3bcd] + JLLWrappers v1.2.0
  [682c06a0] + JSON v0.21.1
  [e1d29d7a] + Missings v0.4.4
  [46d2c3a1] + MuladdMacro v0.2.2
  [efe28fd5] + OpenSpecFun_jll v0.5.3+4
  [bac558e1] + OrderedCollections v1.3.2
  [9b87118b] + PackageCompiler v1.2.5
  [69de0a69] + Parsers v1.0.15
  [2dfb63ee] + PooledArrays v0.5.3
  [08abe8d2] + PrettyTables v0.10.1
  [189a3867] + Reexport v0.2.0
  [79098fc4] + Rmath v0.6.1
  [f50d1b31] + Rmath_jll v0.2.2+1
  [1277b4bf] + ShiftedArrays v1.0.0
  [a2af1166] + SortingAlgorithms v0.3.1
  [276daf66] + SpecialFunctions v1.2.1
  [2913bbd2] + StatsBase v0.33.2
  [4c63d2b9] + StatsFuns v0.9.6
  [3eaba693] + StatsModels v0.6.18
  [856f2bd8] + StructTypes v1.2.1
  [3783bdb8] + TableTraits v1.0.0
  [bd369af6] + Tables v1.2.2
  [d9a01c3f] + Underscores v2.0.0
  [2a0f44e3] + Base64
  [ade2ca70] + Dates
  [8bb1440f] + DelimitedFiles
  [8ba89e20] + Distributed
  [9fa8497b] + Future
  [b77e0a4c] + InteractiveUtils
  [76f85450] + LibGit2
  [8f399da3] + Libdl
  [37e2e46d] + LinearAlgebra
  [56ddb016] + Logging
  [d6f4376e] + Markdown
  [a63ad114] + Mmap
  [44cfe95a] + Pkg
  [de0858da] + Printf
  [3fa0cd96] + REPL
  [9a3f8284] + Random
  [ea8e919c] + SHA
  [9e88b42a] + Serialization
  [1a1011a3] + SharedArrays
  [6462fe0b] + Sockets
  [2f01184e] + SparseArrays
  [10745b16] + Statistics
  [8dfed614] + Test
  [cf7118a7] + UUIDs
  [4ec0a83e] + Unicode


################################################################################
# Compiling: 2021-01-11T15:50:51.653
#

[ Info: PackageCompiler: creating system image object file, this might take a while...
Generated system image is 185.482 MiB, compilation took 271 seconds


################################################################################
# PkgEval set-up: 2021-01-11T15:55:30.17
#

Julia Version 1.5.3
Commit 599f52c4c6 (2020-12-18 13:33 UTC)
Platform Info:
  OS: Linux (x86_64-linux-gnu)
  CPU: AMD EPYC 7502 32-Core Processor
  WORD_SIZE: 64
  LIBM: libopenlibm
  LLVM: libLLVM-9.0.1 (ORCJIT, znver2)
Environment:
  JULIA_PKGEVAL = true
  JULIA_PKG_PRECOMPILE_AUTO = 0

Base.julia_cmd() = `/usr/local/julia/bin/julia -Cnative -J/cache/GroupedTemporalTerms-I3zWgx12.so -g1`


################################################################################
# Installation: 2021-01-11T15:55:31.99
#

 Installing known registries into `~/.julia`
######################################################################## 100.0%
      Added registry `General` to `~/.julia/registries/General`
  Resolving package versions...
  Installed CompilerSupportLibraries_jll ─ v0.3.4+0
  Installed Reexport ───────────────────── v0.2.0
  Installed Rmath_jll ──────────────────── v0.2.2+1
  Installed GroupedTemporalTerms ───────── v0.1.2
  Installed Rmath ──────────────────────── v0.6.1
  Installed TableTraits ────────────────── v1.0.0
  Installed MuladdMacro ────────────────── v0.2.2
  Installed DataAPI ────────────────────── v1.4.0
  Installed Tables ─────────────────────── v1.2.2
  Installed OrderedCollections ─────────── v1.3.2
  Installed CategoricalArrays ──────────── v0.9.0
  Installed DataStructures ─────────────── v0.18.8
  Installed StatsBase ──────────────────── v0.33.2
  Installed InvertedIndices ────────────── v1.0.0
  Installed DataFrames ─────────────────── v0.22.2
  Installed DataValueInterfaces ────────── v1.0.0
  Installed ShiftedArrays ──────────────── v1.0.0
  Installed Missings ───────────────────── v0.4.4
  Installed PooledArrays ───────────────── v0.5.3
  Installed JLLWrappers ────────────────── v1.2.0
  Installed JSON ───────────────────────── v0.21.1
  Installed StructTypes ────────────────── v1.2.1
  Installed Underscores ────────────────── v2.0.0
  Installed Crayons ────────────────────── v4.0.4
  Installed Formatting ─────────────────── v0.4.2
  Installed StatsFuns ──────────────────── v0.9.6
  Installed StatsModels ────────────────── v0.6.18
  Installed SpecialFunctions ───────────── v1.2.1
  Installed PrettyTables ───────────────── v0.10.1
  Installed IteratorInterfaceExtensions ── v1.0.0
  Installed SortingAlgorithms ──────────── v0.3.1
  Installed ChainRulesCore ─────────────── v0.9.24
  Installed OpenSpecFun_jll ────────────── v0.5.3+4
  Installed Compat ─────────────────────── v3.25.0
  Installed Parsers ────────────────────── v1.0.15
  Installed Artifacts ──────────────────── v1.3.0
Updating `~/.julia/environments/v1.5/Project.toml`
  [e3df3e69] + GroupedTemporalTerms v0.1.2
Updating `~/.julia/environments/v1.5/Manifest.toml`
  [56f22d72] + Artifacts v1.3.0
  [324d7699] + CategoricalArrays v0.9.0
  [d360d2e6] + ChainRulesCore v0.9.24
  [34da2185] + Compat v3.25.0
  [e66e0078] + CompilerSupportLibraries_jll v0.3.4+0
  [a8cc5b0e] + Crayons v4.0.4
  [9a962f9c] + DataAPI v1.4.0
  [a93c6f00] + DataFrames v0.22.2
  [864edb3b] + DataStructures v0.18.8
  [e2d170a0] + DataValueInterfaces v1.0.0
  [59287772] + Formatting v0.4.2
  [e3df3e69] + GroupedTemporalTerms v0.1.2
  [41ab1584] + InvertedIndices v1.0.0
  [82899510] + IteratorInterfaceExtensions v1.0.0
  [692b3bcd] + JLLWrappers v1.2.0
  [682c06a0] + JSON v0.21.1
  [e1d29d7a] + Missings v0.4.4
  [46d2c3a1] + MuladdMacro v0.2.2
  [efe28fd5] + OpenSpecFun_jll v0.5.3+4
  [bac558e1] + OrderedCollections v1.3.2
  [69de0a69] + Parsers v1.0.15
  [2dfb63ee] + PooledArrays v0.5.3
  [08abe8d2] + PrettyTables v0.10.1
  [189a3867] + Reexport v0.2.0
  [79098fc4] + Rmath v0.6.1
  [f50d1b31] + Rmath_jll v0.2.2+1
  [1277b4bf] + ShiftedArrays v1.0.0
  [a2af1166] + SortingAlgorithms v0.3.1
  [276daf66] + SpecialFunctions v1.2.1
  [2913bbd2] + StatsBase v0.33.2
  [4c63d2b9] + StatsFuns v0.9.6
  [3eaba693] + StatsModels v0.6.18
  [856f2bd8] + StructTypes v1.2.1
  [3783bdb8] + TableTraits v1.0.0
  [bd369af6] + Tables v1.2.2
  [d9a01c3f] + Underscores v2.0.0
  [2a0f44e3] + Base64
  [ade2ca70] + Dates
  [8bb1440f] + DelimitedFiles
  [8ba89e20] + Distributed
  [9fa8497b] + Future
  [b77e0a4c] + InteractiveUtils
  [76f85450] + LibGit2
  [8f399da3] + Libdl
  [37e2e46d] + LinearAlgebra
  [56ddb016] + Logging
  [d6f4376e] + Markdown
  [a63ad114] + Mmap
  [44cfe95a] + Pkg
  [de0858da] + Printf
  [3fa0cd96] + REPL
  [9a3f8284] + Random
  [ea8e919c] + SHA
  [9e88b42a] + Serialization
  [1a1011a3] + SharedArrays
  [6462fe0b] + Sockets
  [2f01184e] + SparseArrays
  [10745b16] + Statistics
  [8dfed614] + Test
  [cf7118a7] + UUIDs
  [4ec0a83e] + Unicode


################################################################################
# Testing: 2021-01-11T15:55:38.056
#

    Testing GroupedTemporalTerms
Status `/tmp/jl_noyAWc/Project.toml`
  [324d7699] CategoricalArrays v0.9.0
  [a93c6f00] DataFrames v0.22.2
  [e3df3e69] GroupedTemporalTerms v0.1.2
  [1277b4bf] ShiftedArrays v1.0.0
  [3eaba693] StatsModels v0.6.18
  [d9a01c3f] Underscores v2.0.0
  [44cfe95a] Pkg
  [8dfed614] Test
Status `/tmp/jl_noyAWc/Manifest.toml`
  [56f22d72] Artifacts v1.3.0
  [324d7699] CategoricalArrays v0.9.0
  [d360d2e6] ChainRulesCore v0.9.24
  [34da2185] Compat v3.25.0
  [e66e0078] CompilerSupportLibraries_jll v0.3.4+0
  [a8cc5b0e] Crayons v4.0.4
  [9a962f9c] DataAPI v1.4.0
  [a93c6f00] DataFrames v0.22.2
  [864edb3b] DataStructures v0.18.8
  [e2d170a0] DataValueInterfaces v1.0.0
  [59287772] Formatting v0.4.2
  [e3df3e69] GroupedTemporalTerms v0.1.2
  [41ab1584] InvertedIndices v1.0.0
  [82899510] IteratorInterfaceExtensions v1.0.0
  [692b3bcd] JLLWrappers v1.2.0
  [682c06a0] JSON v0.21.1
  [e1d29d7a] Missings v0.4.4
  [46d2c3a1] MuladdMacro v0.2.2
  [efe28fd5] OpenSpecFun_jll v0.5.3+4
  [bac558e1] OrderedCollections v1.3.2
  [69de0a69] Parsers v1.0.15
  [2dfb63ee] PooledArrays v0.5.3
  [08abe8d2] PrettyTables v0.10.1
  [189a3867] Reexport v0.2.0
  [79098fc4] Rmath v0.6.1
  [f50d1b31] Rmath_jll v0.2.2+1
  [1277b4bf] ShiftedArrays v1.0.0
  [a2af1166] SortingAlgorithms v0.3.1
  [276daf66] SpecialFunctions v1.2.1
  [2913bbd2] StatsBase v0.33.2
  [4c63d2b9] StatsFuns v0.9.6
  [3eaba693] StatsModels v0.6.18
  [856f2bd8] StructTypes v1.2.1
  [3783bdb8] TableTraits v1.0.0
  [bd369af6] Tables v1.2.2
  [d9a01c3f] Underscores v2.0.0
  [2a0f44e3] Base64
  [ade2ca70] Dates
  [8bb1440f] DelimitedFiles
  [8ba89e20] Distributed
  [9fa8497b] Future
  [b77e0a4c] InteractiveUtils
  [76f85450] LibGit2
  [8f399da3] Libdl
  [37e2e46d] LinearAlgebra
  [56ddb016] Logging
  [d6f4376e] Markdown
  [a63ad114] Mmap
  [44cfe95a] Pkg
  [de0858da] Printf
  [3fa0cd96] REPL
  [9a3f8284] Random
  [ea8e919c] SHA
  [9e88b42a] Serialization
  [1a1011a3] SharedArrays
  [6462fe0b] Sockets
  [2f01184e] SparseArrays
  [10745b16] Statistics
  [8dfed614] Test
  [cf7118a7] UUIDs
  [4ec0a83e] Unicode
    Cloning git-repo `https://github.com/greimel/FixedEffectModels.jl`
[?25l    Fetching: [>                                        ]  0.0 %[2K[?25h[?25l   Updating git-repo `https://github.com/greimel/FixedEffectModels.jl`
[2K[?25h   Updating registry at `~/.julia/registries/General`
  Resolving package versions...
  Installed Combinatorics ─ v1.0.2
  Installed Vcov ────────── v0.4.0
  Installed Requires ────── v1.1.2
  Installed FixedEffects ── v2.0.0
  Installed ProgressMeter ─ v1.4.1
Updating `/tmp/jl_noyAWc/Project.toml`
  [9d5cd8c9] + FixedEffectModels v1.3.1 `https://github.com/greimel/FixedEffectModels.jl#missings`
Updating `/tmp/jl_noyAWc/Manifest.toml`
  [861a8166] + Combinatorics v1.0.2
  [9d5cd8c9] + FixedEffectModels v1.3.1 `https://github.com/greimel/FixedEffectModels.jl#missings`
  [c8885935] + FixedEffects v2.0.0
  [92933f4c] + ProgressMeter v1.4.1
  [ae029012] + Requires v1.1.2
  [ec2bfdc2] + Vcov v0.4.0
┌ Warning: `DataFrame(columns::AbstractMatrix)` is deprecated, use `DataFrame(columns, :auto)` instead.
│   caller = ip:0x0
└ @ Core :-1
Test Summary:           | Pass  Total
GroupedTemporalTerms.jl |    2      2
    Testing GroupedTemporalTerms tests passed 

PkgEval succeeded


################################################################################
# PkgEval teardown: 2021-01-11T15:56:26.406
CPU usage: 55.86s (51.90s user, 4.04s kernel)

Network usage:
- eth0: 8.884 MiB received, 243.558 KiB sent

Raw statistics: {"blkio_stats":{"io_queue_recursive":[],"io_serviced_recursive":[{"major":259,"value":0,"op":"Read","minor":0},{"major":259,"value":21,"op":"Write","minor":0},{"major":259,"value":14,"op":"Sync","minor":0},{"major":259,"value":7,"op":"Async","minor":0},{"major":259,"value":0,"op":"Discard","minor":0},{"major":259,"value":21,"op":"Total","minor":0},{"major":253,"value":0,"op":"Read","minor":2},{"major":253,"value":21,"op":"Write","minor":2},{"major":253,"value":14,"op":"Sync","minor":2},{"major":253,"value":7,"op":"Async","minor":2},{"major":253,"value":0,"op":"Discard","minor":2},{"major":253,"value":21,"op":"Total","minor":2}],"io_time_recursive":[],"sectors_recursive":[],"io_service_bytes_recursive":[{"major":259,"value":0,"op":"Read","minor":0},{"major":259,"value":110592,"op":"Write","minor":0},{"major":259,"value":57344,"op":"Sync","minor":0},{"major":259,"value":53248,"op":"Async","minor":0},{"major":259,"value":0,"op":"Discard","minor":0},{"major":259,"value":110592,"op":"Total","minor":0},{"major":253,"value":0,"op":"Read","minor":2},{"major":253,"value":110592,"op":"Write","minor":2},{"major":253,"value":57344,"op":"Sync","minor":2},{"major":253,"value":53248,"op":"Async","minor":2},{"major":253,"value":0,"op":"Discard","minor":2},{"major":253,"value":110592,"op":"Total","minor":2}],"io_wait_time_recursive":[],"io_merged_recursive":[],"io_service_time_recursive":[]},"memory_stats":{"usage":351432704,"max_usage":1043329024,"stats":{"hierarchical_memory_limit":9223372036854771712,"pgmajfault":0,"total_rss":220401664,"inactive_file":135168,"inactive_anon":90157056,"total_pgfault":1158597,"total_cache":99368960,"total_rss_huge":0,"total_active_anon":227352576,"total_pgmajfault":0,"pgpgin":591690,"rss_huge":0,"mapped_file":0,"total_inactive_file":135168,"dirty":135168,"total_unevictable":0,"total_dirty":135168,"writeback":0,"pgpgout":513629,"hierarchical_memsw_limit":0,"cache":99368960,"active_file":2433024,"pgfault":1158597,"total_mapped_file":0,"total_pgpgout":513629,"total_writeback":0,"rss":220401664,"unevictable":0,"total_inactive_anon":90157056,"total_pgpgin":591690,"active_anon":227352576,"total_active_file":2433024},"limit":540965302272},"name":"/GroupedTemporalTerms-dr2UxY9w","networks":{"eth0":{"rx_bytes":9315400,"rx_packets":1892,"tx_packets":2066,"tx_bytes":249403,"tx_dropped":0,"rx_dropped":2,"tx_errors":0,"rx_errors":0}},"id":"c517d9bf21158ddce0f524e3650f837df622a0ad50556cbbd66eaf6307ce701f","preread":"0001-01-01T00:00:00Z","storage_stats":{},"precpu_stats":{"throttling_data":{"throttled_periods":0,"throttled_time":0,"periods":0},"cpu_usage":{"usage_in_usermode":0,"usage_in_kernelmode":0,"total_usage":0}},"pids_stats":{"current":44},"num_procs":0,"cpu_stats":{"throttling_data":{"throttled_periods":0,"throttled_time":0,"periods":0},"system_cpu_usage":3411659524522419,"online_cpus":128,"cpu_usage":{"usage_in_usermode":51900000000,"usage_in_kernelmode":4040000000,"total_usage":55862217991,"percpu_usage":[0,0,0,0,0,0,0,0,0,0,0,0,0,0,0,0,0,0,0,0,0,0,0,0,0,0,0,0,0,0,0,0,0,0,0,0,0,0,0,0,0,0,0,0,0,0,0,0,55862114441,100090,0,0,0,0,0,0,0,0,0,0,0,0,0,0,0,0,0,0,0,0,0,0,0,0,0,0,0,0,0,0,0,0,0,0,0,0,0,0,0,0,0,0,0,0,0,0,0,0,0,0,0,0,0,0,0,0,0,0,0,0,0,0,3460,0,0,0,0,0,0,0,0,0,0,0,0,0,0,0]}},"read":"2021-01-11T15:56:27.197335235Z"}