################################################################################
# PkgEval set-up: 2020-12-03T12:58:41.651
#

Julia Version 1.5.3
Commit 788b2c77c1 (2020-11-09 13:37 UTC)
Platform Info:
  OS: Linux (x86_64-pc-linux-gnu)
  CPU: AMD EPYC 7502 32-Core Processor
  WORD_SIZE: 64
  LIBM: libopenlibm
  LLVM: libLLVM-9.0.1 (ORCJIT, znver2)
Environment:
  JULIA_PKGEVAL = true
  JULIA_PKG_PRECOMPILE_AUTO = 0
  JULIA_DEPOT_PATH = /home/pkgeval/.another_julia:/usr/local/share/julia



################################################################################
# Installation: 2020-12-03T12:58:44.713
#

  Resolving package versions...
  Installed SortingAlgorithms ─────────── v0.3.1
  Installed IteratorInterfaceExtensions ─ v1.0.0
  Installed Gumbo ─────────────────────── v0.8.0
  Installed Hamburg ───────────────────── v0.1.7
  Installed DataStructures ────────────── v0.18.8
  Installed DataFrames ────────────────── v0.22.1
  Installed PrettyTables ──────────────── v0.10.1
  Installed Documenter ────────────────── v0.25.5
  Installed Compat ────────────────────── v3.23.0
  Installed Reexport ──────────────────── v0.2.0
  Installed PooledArrays ──────────────── v0.5.3
  Installed Parsers ───────────────────── v1.0.12
  Installed OrderedCollections ────────── v1.3.2
  Installed Tables ────────────────────── v1.2.1
  Installed JSON ──────────────────────── v0.21.1
  Installed DocStringExtensions ───────── v0.8.3
  Installed SentinelArrays ────────────── v1.2.16
  Installed Artifacts ─────────────────── v1.3.0
  Installed InvertedIndices ───────────── v1.0.0
  Installed Formatting ────────────────── v0.4.1
  Installed DataValueInterfaces ───────── v1.0.0
  Installed DataAPI ───────────────────── v1.4.0
  Installed MbedTLS ───────────────────── v1.0.3
  Installed StructTypes ───────────────── v1.1.0
  Installed JLLWrappers ───────────────── v1.1.3
  Installed Gumbo_jll ─────────────────── v0.10.1+1
  Installed Crayons ───────────────────── v4.0.4
  Installed MbedTLS_jll ───────────────── v2.16.8+1
  Installed Missings ──────────────────── v0.4.4
  Installed IniFile ───────────────────── v0.5.0
  Installed AbstractTrees ─────────────── v0.3.3
  Installed Cascadia ──────────────────── v1.0.1
  Installed CategoricalArrays ─────────── v0.9.0
  Installed TableTraits ───────────────── v1.0.0
  Installed IOCapture ─────────────────── v0.1.1
  Installed URIs ──────────────────────── v1.1.0
  Installed HTTP ──────────────────────── v0.9.0
  Installed CSV ───────────────────────── v0.8.2
Updating `~/.another_julia/environments/v1.5/Project.toml`
  [fe294631] + Hamburg v0.1.7
Updating `~/.another_julia/environments/v1.5/Manifest.toml`
  [1520ce14] + AbstractTrees v0.3.3
  [56f22d72] + Artifacts v1.3.0
  [336ed68f] + CSV v0.8.2
  [54eefc05] + Cascadia v1.0.1
  [324d7699] + CategoricalArrays v0.9.0
  [34da2185] + Compat v3.23.0
  [a8cc5b0e] + Crayons v4.0.4
  [9a962f9c] + DataAPI v1.4.0
  [a93c6f00] + DataFrames v0.22.1
  [864edb3b] + DataStructures v0.18.8
  [e2d170a0] + DataValueInterfaces v1.0.0
  [ffbed154] + DocStringExtensions v0.8.3
  [e30172f5] + Documenter v0.25.5
  [59287772] + Formatting v0.4.1
  [708ec375] + Gumbo v0.8.0
  [528830af] + Gumbo_jll v0.10.1+1
  [cd3eb016] + HTTP v0.9.0
  [fe294631] + Hamburg v0.1.7
  [b5f81e59] + IOCapture v0.1.1
  [83e8ac13] + IniFile v0.5.0
  [41ab1584] + InvertedIndices v1.0.0
  [82899510] + IteratorInterfaceExtensions v1.0.0
  [692b3bcd] + JLLWrappers v1.1.3
  [682c06a0] + JSON v0.21.1
  [739be429] + MbedTLS v1.0.3
  [c8ffd9c3] + MbedTLS_jll v2.16.8+1
  [e1d29d7a] + Missings v0.4.4
  [bac558e1] + OrderedCollections v1.3.2
  [69de0a69] + Parsers v1.0.12
  [2dfb63ee] + PooledArrays v0.5.3
  [08abe8d2] + PrettyTables v0.10.1
  [189a3867] + Reexport v0.2.0
  [91c51154] + SentinelArrays v1.2.16
  [a2af1166] + SortingAlgorithms v0.3.1
  [856f2bd8] + StructTypes v1.1.0
  [3783bdb8] + TableTraits v1.0.0
  [bd369af6] + Tables v1.2.1
  [5c2747f8] + URIs v1.1.0
  [2a0f44e3] + Base64
  [ade2ca70] + Dates
  [8bb1440f] + DelimitedFiles
  [8ba89e20] + Distributed
  [9fa8497b] + Future
  [b77e0a4c] + InteractiveUtils
  [76f85450] + LibGit2
  [8f399da3] + Libdl
  [37e2e46d] + LinearAlgebra
  [56ddb016] + Logging
  [d6f4376e] + Markdown
  [a63ad114] + Mmap
  [44cfe95a] + Pkg
  [de0858da] + Printf
  [3fa0cd96] + REPL
  [9a3f8284] + Random
  [ea8e919c] + SHA
  [9e88b42a] + Serialization
  [1a1011a3] + SharedArrays
  [6462fe0b] + Sockets
  [2f01184e] + SparseArrays
  [10745b16] + Statistics
  [8dfed614] + Test
  [cf7118a7] + UUIDs
  [4ec0a83e] + Unicode


################################################################################
# Testing: 2020-12-03T12:58:50.56
#


    Testing Hamburg
Status `/tmp/jl_B7oqtE/Project.toml`
  [336ed68f] CSV v0.8.2
  [54eefc05] Cascadia v1.0.1
  [a93c6f00] DataFrames v0.22.1
  [ffbed154] DocStringExtensions v0.8.3
  [e30172f5] Documenter v0.25.5
  [708ec375] Gumbo v0.8.0
  [cd3eb016] HTTP v0.9.0
  [fe294631] Hamburg v0.1.7
  [ade2ca70] Dates
  [8dfed614] Test
Status `/tmp/jl_B7oqtE/Manifest.toml`
  [1520ce14] AbstractTrees v0.3.3
  [56f22d72] Artifacts v1.3.0
  [336ed68f] CSV v0.8.2
  [54eefc05] Cascadia v1.0.1
  [324d7699] CategoricalArrays v0.9.0
  [34da2185] Compat v3.23.0
  [a8cc5b0e] Crayons v4.0.4
  [9a962f9c] DataAPI v1.4.0
  [a93c6f00] DataFrames v0.22.1
  [864edb3b] DataStructures v0.18.8
  [e2d170a0] DataValueInterfaces v1.0.0
  [ffbed154] DocStringExtensions v0.8.3
  [e30172f5] Documenter v0.25.5
  [59287772] Formatting v0.4.1
  [708ec375] Gumbo v0.8.0
  [528830af] Gumbo_jll v0.10.1+1
  [cd3eb016] HTTP v0.9.0
  [fe294631] Hamburg v0.1.7
  [b5f81e59] IOCapture v0.1.1
  [83e8ac13] IniFile v0.5.0
  [41ab1584] InvertedIndices v1.0.0
  [82899510] IteratorInterfaceExtensions v1.0.0
  [692b3bcd] JLLWrappers v1.1.3
  [682c06a0] JSON v0.21.1
  [739be429] MbedTLS v1.0.3
  [c8ffd9c3] MbedTLS_jll v2.16.8+1
  [e1d29d7a] Missings v0.4.4
  [bac558e1] OrderedCollections v1.3.2
  [69de0a69] Parsers v1.0.12
  [2dfb63ee] PooledArrays v0.5.3
  [08abe8d2] PrettyTables v0.10.1
  [189a3867] Reexport v0.2.0
  [91c51154] SentinelArrays v1.2.16
  [a2af1166] SortingAlgorithms v0.3.1
  [856f2bd8] StructTypes v1.1.0
  [3783bdb8] TableTraits v1.0.0
  [bd369af6] Tables v1.2.1
  [5c2747f8] URIs v1.1.0
  [2a0f44e3] Base64
  [ade2ca70] Dates
  [8bb1440f] DelimitedFiles
  [8ba89e20] Distributed
  [9fa8497b] Future
  [b77e0a4c] InteractiveUtils
  [76f85450] LibGit2
  [8f399da3] Libdl
  [37e2e46d] LinearAlgebra
  [56ddb016] Logging
  [d6f4376e] Markdown
  [a63ad114] Mmap
  [44cfe95a] Pkg
  [de0858da] Printf
  [3fa0cd96] REPL
  [9a3f8284] Random
  [ea8e919c] SHA
  [9e88b42a] Serialization
  [1a1011a3] SharedArrays
  [6462fe0b] Sockets
  [2f01184e] SparseArrays
  [10745b16] Statistics
  [8dfed614] Test
  [cf7118a7] UUIDs
  [4ec0a83e] Unicode
Test Summary:                     | Pass  Total
Parsing the age group information |    5      5
Test Summary:                            | Pass  Total
parsing dates that are written in german |    3      3
loads existing datasets into a DataFrame: Error During Test at /home/pkgeval/.another_julia/packages/Hamburg/xm7sP/test/runtests.jl:8
  Got exception outside of a @test
  ArgumentError: "/home/pkgeval/.julia/packages/Hamburg/xm7sP/src/covid-19/infected.csv" is not a valid file
  Stacktrace:
   [1] Header at /home/pkgeval/.julia/packages/CSV/la2cd/src/header.jl:90 [inlined]
   [2] CSV.File(::String; header::Int64, normalizenames::Bool, datarow::Int64, skipto::Nothing, footerskip::Int64, transpose::Bool, comment::Nothing, use_mmap::Nothing, ignoreemptylines::Bool, select::Nothing, drop::Nothing, missingstrings::Array{String,1}, missingstring::String, delim::Nothing, ignorerepeated::Bool, quotechar::Char, openquotechar::Nothing, closequotechar::Nothing, escapechar::Char, dateformat::Nothing, dateformats::Nothing, decimal::UInt8, truestrings::Array{String,1}, falsestrings::Array{String,1}, type::Nothing, types::Nothing, typemap::Dict{Type,Type}, pool::Float64, lazystrings::Bool, strict::Bool, silencewarnings::Bool, debug::Bool, parsingdebug::Bool, kw::Base.Iterators.Pairs{Union{},Union{},Tuple{},NamedTuple{(),Tuple{}}}) at /home/pkgeval/.julia/packages/CSV/la2cd/src/file.jl:217
   [3] CSV.File(::String) at /home/pkgeval/.julia/packages/CSV/la2cd/src/file.jl:217
   [4] read(::String, ::Type{T} where T; copycols::Bool, kwargs::Base.Iterators.Pairs{Union{},Union{},Tuple{},NamedTuple{(),Tuple{}}}) at /home/pkgeval/.julia/packages/CSV/la2cd/src/CSV.jl:45
   [5] read at /home/pkgeval/.julia/packages/CSV/la2cd/src/CSV.jl:42 [inlined]
   [6] dataset(::String, ::String) at /home/pkgeval/.julia/packages/Hamburg/xm7sP/src/Hamburg.jl:19
   [7] top-level scope at /home/pkgeval/.another_julia/packages/Hamburg/xm7sP/test/runtests.jl:9
   [8] top-level scope at /buildworker/worker/package_linux64/build/usr/share/julia/stdlib/v1.5/Test/src/Test.jl:1115
   [9] top-level scope at /home/pkgeval/.another_julia/packages/Hamburg/xm7sP/test/runtests.jl:9
   [10] top-level scope at /buildworker/worker/package_linux64/build/usr/share/julia/stdlib/v1.5/Test/src/Test.jl:1115
   [11] top-level scope at /home/pkgeval/.another_julia/packages/Hamburg/xm7sP/test/runtests.jl:8
   [12] include(::String) at ./client.jl:457
   [13] top-level scope at none:6
   [14] eval(::Module, ::Any) at ./boot.jl:331
   [15] exec_options(::Base.JLOptions) at ./client.jl:272
   [16] _start() at ./client.jl:506
  
Test Summary:                                                | Pass  Error  Total
using `dataset()` to load datasets                           |    1      1      2
  loads existing datasets into a DataFrame                   |           1      1
  throws an error when trying to load a non-existent dataset |    1             1
ERROR: LoadError: Some tests did not pass: 1 passed, 0 failed, 1 errored, 0 broken.
in expression starting at /home/pkgeval/.another_julia/packages/Hamburg/xm7sP/test/runtests.jl:7

PkgEval failed: Package Hamburg errored during testing
Stacktrace:
 [1] pkgerror(::String) at /buildworker/worker/package_linux64/build/usr/share/julia/stdlib/v1.5/Pkg/src/Types.jl:52
 [2] test(::Pkg.Types.Context, ::Array{Pkg.Types.PackageSpec,1}; coverage::Bool, julia_args::Cmd, test_args::Cmd, test_fn::Nothing) at /buildworker/worker/package_linux64/build/usr/share/julia/stdlib/v1.5/Pkg/src/Operations.jl:1578
 [3] test(::Pkg.Types.Context, ::Array{Pkg.Types.PackageSpec,1}; coverage::Bool, test_fn::Nothing, julia_args::Cmd, test_args::Cmd, kwargs::Base.Iterators.Pairs{Union{},Union{},Tuple{},NamedTuple{(),Tuple{}}}) at /buildworker/worker/package_linux64/build/usr/share/julia/stdlib/v1.5/Pkg/src/API.jl:327
 [4] test(::Pkg.Types.Context, ::Array{Pkg.Types.PackageSpec,1}) at /buildworker/worker/package_linux64/build/usr/share/julia/stdlib/v1.5/Pkg/src/API.jl:314
 [5] #test#61 at /buildworker/worker/package_linux64/build/usr/share/julia/stdlib/v1.5/Pkg/src/API.jl:67 [inlined]
 [6] test at /buildworker/worker/package_linux64/build/usr/share/julia/stdlib/v1.5/Pkg/src/API.jl:67 [inlined]
 [7] #test#60 at /buildworker/worker/package_linux64/build/usr/share/julia/stdlib/v1.5/Pkg/src/API.jl:66 [inlined]
 [8] test at /buildworker/worker/package_linux64/build/usr/share/julia/stdlib/v1.5/Pkg/src/API.jl:66 [inlined]
 [9] test(::String; kwargs::Base.Iterators.Pairs{Union{},Union{},Tuple{},NamedTuple{(),Tuple{}}}) at /buildworker/worker/package_linux64/build/usr/share/julia/stdlib/v1.5/Pkg/src/API.jl:65
 [10] test(::String) at /buildworker/worker/package_linux64/build/usr/share/julia/stdlib/v1.5/Pkg/src/API.jl:65
 [11] top-level scope at none:20
 [12] eval at ./boot.jl:331 [inlined]
 [13] eval(::Expr) at ./client.jl:467
 [14] top-level scope at none:1
 [15] eval(::Module, ::Any) at ./boot.jl:331
 [16] exec_options(::Base.JLOptions) at ./client.jl:272
 [17] _start() at ./client.jl:506


################################################################################
# PkgEval teardown: 2020-12-03T12:59:00.932
CPU usage: 20.40s (18.87s user, 1.67s kernel)

Network usage:
- eth0: 11.778 MiB received, 218.368 KiB sent

Raw statistics: {"blkio_stats":{"io_queue_recursive":[],"io_serviced_recursive":[{"major":259,"value":171,"op":"Read","minor":0},{"major":259,"value":5,"op":"Write","minor":0},{"major":259,"value":171,"op":"Sync","minor":0},{"major":259,"value":5,"op":"Async","minor":0},{"major":259,"value":0,"op":"Discard","minor":0},{"major":259,"value":176,"op":"Total","minor":0},{"major":253,"value":171,"op":"Read","minor":2},{"major":253,"value":5,"op":"Write","minor":2},{"major":253,"value":171,"op":"Sync","minor":2},{"major":253,"value":5,"op":"Async","minor":2},{"major":253,"value":0,"op":"Discard","minor":2},{"major":253,"value":176,"op":"Total","minor":2}],"io_time_recursive":[],"sectors_recursive":[],"io_service_bytes_recursive":[{"major":259,"value":17043456,"op":"Read","minor":0},{"major":259,"value":36864,"op":"Write","minor":0},{"major":259,"value":17043456,"op":"Sync","minor":0},{"major":259,"value":36864,"op":"Async","minor":0},{"major":259,"value":0,"op":"Discard","minor":0},{"major":259,"value":17080320,"op":"Total","minor":0},{"major":253,"value":17043456,"op":"Read","minor":2},{"major":253,"value":36864,"op":"Write","minor":2},{"major":253,"value":17043456,"op":"Sync","minor":2},{"major":253,"value":36864,"op":"Async","minor":2},{"major":253,"value":0,"op":"Discard","minor":2},{"major":253,"value":17080320,"op":"Total","minor":2}],"io_wait_time_recursive":[],"io_merged_recursive":[],"io_service_time_recursive":[]},"memory_stats":{"usage":299200512,"max_usage":509341696,"stats":{"hierarchical_memory_limit":9223372036854771712,"pgmajfault":99,"total_rss":226623488,"inactive_file":16314368,"inactive_anon":65961984,"total_pgfault":326832,"total_cache":63909888,"total_rss_huge":0,"total_active_anon":201973760,"total_pgmajfault":99,"pgpgin":184074,"rss_huge":0,"mapped_file":15409152,"total_inactive_file":16314368,"dirty":270336,"total_unevictable":0,"total_dirty":270336,"writeback":0,"pgpgout":113101,"hierarchical_memsw_limit":0,"cache":63909888,"active_file":675840,"pgfault":326832,"total_mapped_file":15409152,"total_pgpgout":113101,"total_writeback":0,"rss":226623488,"unevictable":0,"total_inactive_anon":65961984,"total_pgpgin":184074,"active_anon":201973760,"total_active_file":675840},"limit":540965302272},"name":"/Hamburg-sJnVomZt","networks":{"eth0":{"rx_bytes":12350038,"rx_packets":1895,"tx_packets":1995,"tx_bytes":223609,"tx_dropped":0,"rx_dropped":1,"tx_errors":0,"rx_errors":0}},"id":"6f270072474a5ad0f8314a6fae2a197c34f4e5dda919cd43ef01c068a45e861d","preread":"0001-01-01T00:00:00Z","storage_stats":{},"precpu_stats":{"throttling_data":{"throttled_periods":0,"throttled_time":0,"periods":0},"cpu_usage":{"usage_in_usermode":0,"usage_in_kernelmode":0,"total_usage":0}},"pids_stats":{"current":42},"num_procs":0,"cpu_stats":{"throttling_data":{"throttled_periods":0,"throttled_time":0,"periods":0},"system_cpu_usage":124198513825808967,"online_cpus":128,"cpu_usage":{"usage_in_usermode":18870000000,"usage_in_kernelmode":1670000000,"total_usage":20404162297,"percpu_usage":[0,0,0,0,0,0,0,0,0,0,0,0,0,0,0,0,0,0,0,0,0,0,0,0,0,0,0,0,0,0,0,0,0,0,0,0,0,0,0,0,0,20395558465,0,0,0,0,0,0,0,0,0,0,0,0,0,0,0,0,0,0,0,0,0,0,0,0,0,0,0,0,0,0,0,0,0,0,0,0,0,0,0,0,0,0,0,0,0,0,0,0,0,0,0,0,0,0,0,0,0,0,0,0,0,0,0,0,0,8603832,0,0,0,0,0,0,0,0,0,0,0,0,0,0,0,0,0,0,0,0]}},"read":"2020-12-03T12:59:00.959954463Z"}