################################################################################
# PackageCompiler set-up: 2021-01-11T20:31:46.428
#

Julia Version 1.5.3
Commit 599f52c4c6 (2020-12-18 13:33 UTC)
Platform Info:
  OS: Linux (x86_64-linux-gnu)
  CPU: AMD EPYC 7502 32-Core Processor
  WORD_SIZE: 64
  LIBM: libopenlibm
  LLVM: libLLVM-9.0.1 (ORCJIT, znver2)
Environment:
  JULIA_PKGEVAL = true
  JULIA_PKG_PRECOMPILE_AUTO = 0



################################################################################
# Installation: 2021-01-11T20:31:48.144
#

 Installing known registries into `~/.julia`
##########################                                                37.2%######################################################################## 100.0%
      Added registry `General` to `~/.julia/registries/General`
  Resolving package versions...
  Installed Handles ───────── v0.1.0
  Installed PackageCompiler ─ v1.2.5
Updating `~/.julia/environments/v1.5/Project.toml`
  [94972ede] + Handles v0.1.0
  [9b87118b] + PackageCompiler v1.2.5
Updating `~/.julia/environments/v1.5/Manifest.toml`
  [94972ede] + Handles v0.1.0
  [9b87118b] + PackageCompiler v1.2.5
  [2a0f44e3] + Base64
  [ade2ca70] + Dates
  [8ba89e20] + Distributed
  [b77e0a4c] + InteractiveUtils
  [76f85450] + LibGit2
  [8f399da3] + Libdl
  [56ddb016] + Logging
  [d6f4376e] + Markdown
  [44cfe95a] + Pkg
  [de0858da] + Printf
  [3fa0cd96] + REPL
  [9a3f8284] + Random
  [ea8e919c] + SHA
  [9e88b42a] + Serialization
  [6462fe0b] + Sockets
  [8dfed614] + Test
  [cf7118a7] + UUIDs
  [4ec0a83e] + Unicode


################################################################################
# Compiling: 2021-01-11T20:31:53.479
#

[ Info: PackageCompiler: creating system image object file, this might take a while...
Generated system image is 149.981 MiB, compilation took 170 seconds


################################################################################
# PkgEval set-up: 2021-01-11T20:34:51.829
#

Julia Version 1.5.3
Commit 599f52c4c6 (2020-12-18 13:33 UTC)
Platform Info:
  OS: Linux (x86_64-linux-gnu)
  CPU: AMD EPYC 7502 32-Core Processor
  WORD_SIZE: 64
  LIBM: libopenlibm
  LLVM: libLLVM-9.0.1 (ORCJIT, znver2)
Environment:
  JULIA_PKGEVAL = true
  JULIA_PKG_PRECOMPILE_AUTO = 0

Base.julia_cmd() = `/usr/local/julia/bin/julia -Cnative -J/cache/Handles-wBHGU53v.so -g1`


################################################################################
# Installation: 2021-01-11T20:34:53.622
#

 Installing known registries into `~/.julia`
##########################                                                36.5%######################################################################## 100.0%
      Added registry `General` to `~/.julia/registries/General`
  Resolving package versions...
  Installed Handles ─ v0.1.0
Updating `~/.julia/environments/v1.5/Project.toml`
  [94972ede] + Handles v0.1.0
Updating `~/.julia/environments/v1.5/Manifest.toml`
  [94972ede] + Handles v0.1.0
  [2a0f44e3] + Base64
  [8ba89e20] + Distributed
  [b77e0a4c] + InteractiveUtils
  [56ddb016] + Logging
  [d6f4376e] + Markdown
  [9a3f8284] + Random
  [9e88b42a] + Serialization
  [6462fe0b] + Sockets
  [8dfed614] + Test


################################################################################
# Testing: 2021-01-11T20:34:57.235
#

    Testing Handles
Status `/tmp/jl_7haegb/Project.toml`
  [94972ede] Handles v0.1.0
  [8dfed614] Test
Status `/tmp/jl_7haegb/Manifest.toml`
  [94972ede] Handles v0.1.0
  [2a0f44e3] Base64
  [8ba89e20] Distributed
  [b77e0a4c] InteractiveUtils
  [56ddb016] Logging
  [d6f4376e] Markdown
  [9a3f8284] Random
  [9e88b42a] Serialization
  [6462fe0b] Sockets
  [8dfed614] Test
Test Summary: | Pass  Total
handles       |    8      8
    Testing Handles tests passed 

PkgEval succeeded


################################################################################
# PkgEval teardown: 2021-01-11T20:35:00.491
CPU usage: 8.77s (6.33s user, 2.47s kernel)

Network usage:
- eth0: 2.539 MiB received, 29.457 KiB sent

Raw statistics: {"blkio_stats":{"io_queue_recursive":[],"io_serviced_recursive":[{"major":259,"value":0,"op":"Read","minor":0},{"major":259,"value":19,"op":"Write","minor":0},{"major":259,"value":14,"op":"Sync","minor":0},{"major":259,"value":5,"op":"Async","minor":0},{"major":259,"value":0,"op":"Discard","minor":0},{"major":259,"value":19,"op":"Total","minor":0},{"major":253,"value":0,"op":"Read","minor":2},{"major":253,"value":19,"op":"Write","minor":2},{"major":253,"value":14,"op":"Sync","minor":2},{"major":253,"value":5,"op":"Async","minor":2},{"major":253,"value":0,"op":"Discard","minor":2},{"major":253,"value":19,"op":"Total","minor":2}],"io_time_recursive":[],"sectors_recursive":[],"io_service_bytes_recursive":[{"major":259,"value":0,"op":"Read","minor":0},{"major":259,"value":77824,"op":"Write","minor":0},{"major":259,"value":57344,"op":"Sync","minor":0},{"major":259,"value":20480,"op":"Async","minor":0},{"major":259,"value":0,"op":"Discard","minor":0},{"major":259,"value":77824,"op":"Total","minor":0},{"major":253,"value":0,"op":"Read","minor":2},{"major":253,"value":77824,"op":"Write","minor":2},{"major":253,"value":57344,"op":"Sync","minor":2},{"major":253,"value":20480,"op":"Async","minor":2},{"major":253,"value":0,"op":"Discard","minor":2},{"major":253,"value":77824,"op":"Total","minor":2}],"io_wait_time_recursive":[],"io_merged_recursive":[],"io_service_time_recursive":[]},"memory_stats":{"usage":283009024,"max_usage":469200896,"stats":{"hierarchical_memory_limit":9223372036854771712,"pgmajfault":0,"total_rss":173277184,"inactive_file":135168,"inactive_anon":78802944,"total_pgfault":198561,"total_cache":80351232,"total_rss_huge":0,"total_active_anon":173826048,"total_pgmajfault":0,"pgpgin":157839,"rss_huge":0,"mapped_file":0,"total_inactive_file":135168,"dirty":135168,"total_unevictable":0,"total_dirty":135168,"writeback":0,"pgpgout":95916,"hierarchical_memsw_limit":0,"cache":80351232,"active_file":1216512,"pgfault":198561,"total_mapped_file":0,"total_pgpgout":95916,"total_writeback":0,"rss":173277184,"unevictable":0,"total_inactive_anon":78802944,"total_pgpgin":157839,"active_anon":173826048,"total_active_file":1216512},"limit":540965302272},"name":"/Handles-yzEqQdP8","networks":{"eth0":{"rx_bytes":2662775,"rx_packets":324,"tx_packets":315,"tx_bytes":30164,"tx_dropped":0,"rx_dropped":1,"tx_errors":0,"rx_errors":0}},"id":"bc9f23fea606fb4277441d01a3659b440fe879c13ab21c6d2767fd7d7d2cd78d","preread":"0001-01-01T00:00:00Z","storage_stats":{},"precpu_stats":{"throttling_data":{"throttled_periods":0,"throttled_time":0,"periods":0},"cpu_usage":{"usage_in_usermode":0,"usage_in_kernelmode":0,"total_usage":0}},"pids_stats":{"current":44},"num_procs":0,"cpu_stats":{"throttling_data":{"throttled_periods":0,"throttled_time":0,"periods":0},"system_cpu_usage":5547700424522419,"online_cpus":128,"cpu_usage":{"usage_in_usermode":6330000000,"usage_in_kernelmode":2470000000,"total_usage":8773815682,"percpu_usage":[0,0,0,0,0,0,0,0,8773815682,0,0,0,0,0,0,0,0,0,0,0,0,0,0,0,0,0,0,0,0,0,0,0,0,0,0,0,0,0,0,0,0,0,0,0,0,0,0,0,0,0,0,0,0,0,0,0,0,0,0,0,0,0,0,0,0,0,0,0,0,0,0,0,0,0,0,0,0,0,0,0,0,0,0,0,0,0,0,0,0,0,0,0,0,0,0,0,0,0,0,0,0,0,0,0,0,0,0,0,0,0,0,0,0,0,0,0,0,0,0,0,0,0,0,0,0,0,0,0]}},"read":"2021-01-11T20:35:00.493854438Z"}