################################################################################
# PackageCompiler set-up: 2021-01-11T23:22:56.852
#

Julia Version 1.5.3
Commit 599f52c4c6 (2020-12-18 13:33 UTC)
Platform Info:
  OS: Linux (x86_64-linux-gnu)
  CPU: AMD EPYC 7502 32-Core Processor
  WORD_SIZE: 64
  LIBM: libopenlibm
  LLVM: libLLVM-9.0.1 (ORCJIT, znver2)
Environment:
  JULIA_PKGEVAL = true
  JULIA_PKG_PRECOMPILE_AUTO = 0



################################################################################
# Installation: 2021-01-11T23:22:58.548
#

 Installing known registries into `~/.julia`
######################################################                    76.2%######################################################################## 100.0%
      Added registry `General` to `~/.julia/registries/General`
  Resolving package versions...
  Installed Artifacts ─────────── v1.3.0
  Installed HELICS_jll ────────── v2.6.1+0
  Installed CEnum ─────────────── v0.2.0
  Installed ZeroMQ_jll ────────── v4.3.2+5
  Installed HELICS ────────────── v0.7.1
  Installed DocStringExtensions ─ v0.8.3
  Installed JLLWrappers ───────── v1.2.0
  Installed PackageCompiler ───── v1.2.5
Updating `~/.julia/environments/v1.5/Project.toml`
  [81524022] + HELICS v0.7.1
  [9b87118b] + PackageCompiler v1.2.5
Updating `~/.julia/environments/v1.5/Manifest.toml`
  [56f22d72] + Artifacts v1.3.0
  [fa961155] + CEnum v0.2.0
  [ffbed154] + DocStringExtensions v0.8.3
  [81524022] + HELICS v0.7.1
  [ef3b0bb0] + HELICS_jll v2.6.1+0
  [692b3bcd] + JLLWrappers v1.2.0
  [9b87118b] + PackageCompiler v1.2.5
  [8f1865be] + ZeroMQ_jll v4.3.2+5
  [2a0f44e3] + Base64
  [ade2ca70] + Dates
  [8ba89e20] + Distributed
  [b77e0a4c] + InteractiveUtils
  [76f85450] + LibGit2
  [8f399da3] + Libdl
  [56ddb016] + Logging
  [d6f4376e] + Markdown
  [44cfe95a] + Pkg
  [de0858da] + Printf
  [3fa0cd96] + REPL
  [9a3f8284] + Random
  [ea8e919c] + SHA
  [9e88b42a] + Serialization
  [6462fe0b] + Sockets
  [8dfed614] + Test
  [cf7118a7] + UUIDs
  [4ec0a83e] + Unicode


################################################################################
# Compiling: 2021-01-11T23:23:04.638
#

[ Info: PackageCompiler: creating system image object file, this might take a while...
Generated system image is 152.509 MiB, compilation took 172 seconds


################################################################################
# PkgEval set-up: 2021-01-11T23:26:04.163
#

Julia Version 1.5.3
Commit 599f52c4c6 (2020-12-18 13:33 UTC)
Platform Info:
  OS: Linux (x86_64-linux-gnu)
  CPU: AMD EPYC 7502 32-Core Processor
  WORD_SIZE: 64
  LIBM: libopenlibm
  LLVM: libLLVM-9.0.1 (ORCJIT, znver2)
Environment:
  JULIA_PKGEVAL = true
  JULIA_PKG_PRECOMPILE_AUTO = 0

Base.julia_cmd() = `/usr/local/julia/bin/julia -Cnative -J/cache/HELICS-ou7r65mD.so -g1`


################################################################################
# Installation: 2021-01-11T23:26:06.007
#

 Installing known registries into `~/.julia`
##############################################                            64.9%######################################################################## 100.0%
      Added registry `General` to `~/.julia/registries/General`
  Resolving package versions...
  Installed HELICS_jll ────────── v2.6.1+0
  Installed CEnum ─────────────── v0.2.0
  Installed Artifacts ─────────── v1.3.0
  Installed ZeroMQ_jll ────────── v4.3.2+5
  Installed HELICS ────────────── v0.7.1
  Installed DocStringExtensions ─ v0.8.3
  Installed JLLWrappers ───────── v1.2.0
Updating `~/.julia/environments/v1.5/Project.toml`
  [81524022] + HELICS v0.7.1
Updating `~/.julia/environments/v1.5/Manifest.toml`
  [56f22d72] + Artifacts v1.3.0
  [fa961155] + CEnum v0.2.0
  [ffbed154] + DocStringExtensions v0.8.3
  [81524022] + HELICS v0.7.1
  [ef3b0bb0] + HELICS_jll v2.6.1+0
  [692b3bcd] + JLLWrappers v1.2.0
  [8f1865be] + ZeroMQ_jll v4.3.2+5
  [2a0f44e3] + Base64
  [ade2ca70] + Dates
  [8ba89e20] + Distributed
  [b77e0a4c] + InteractiveUtils
  [76f85450] + LibGit2
  [8f399da3] + Libdl
  [56ddb016] + Logging
  [d6f4376e] + Markdown
  [44cfe95a] + Pkg
  [de0858da] + Printf
  [3fa0cd96] + REPL
  [9a3f8284] + Random
  [ea8e919c] + SHA
  [9e88b42a] + Serialization
  [6462fe0b] + Sockets
  [8dfed614] + Test
  [cf7118a7] + UUIDs
  [4ec0a83e] + Unicode


################################################################################
# Testing: 2021-01-11T23:26:11.013
#

    Testing HELICS
Status `/tmp/jl_J2nqab/Project.toml`
  [fa961155] CEnum v0.2.0
  [ffbed154] DocStringExtensions v0.8.3
  [81524022] HELICS v0.7.1
  [ef3b0bb0] HELICS_jll v2.6.1+0
  [8f399da3] Libdl
  [8dfed614] Test
Status `/tmp/jl_J2nqab/Manifest.toml`
  [56f22d72] Artifacts v1.3.0
  [fa961155] CEnum v0.2.0
  [ffbed154] DocStringExtensions v0.8.3
  [81524022] HELICS v0.7.1
  [ef3b0bb0] HELICS_jll v2.6.1+0
  [692b3bcd] JLLWrappers v1.2.0
  [8f1865be] ZeroMQ_jll v4.3.2+5
  [2a0f44e3] Base64
  [ade2ca70] Dates
  [8ba89e20] Distributed
  [b77e0a4c] InteractiveUtils
  [76f85450] LibGit2
  [8f399da3] Libdl
  [56ddb016] Logging
  [d6f4376e] Markdown
  [44cfe95a] Pkg
  [de0858da] Printf
  [3fa0cd96] REPL
  [9a3f8284] Random
  [ea8e919c] SHA
  [9e88b42a] Serialization
  [6462fe0b] Sockets
  [8dfed614] Test
  [cf7118a7] UUIDs
  [4ec0a83e] Unicode
Test Summary: | Pass  Total
Versions      |    2      2
2, test1 (131072), test MEXAGE, UserData(6)
2, test1 (131072), test MEXAGE, UserData(7)
2, test1 (131072), test MEXAGE, UserData(8)
2, test1 (131072), test MEXAGE, UserData(9)
[2021-01-11 23:26:16.643] [console] [warning] broker3 (0)::Unable to connect to publication target Ep2
[2021-01-11 23:26:16.643] [console] [warning] broker3 (0)::Unable to connect to endpoint target ep2
[2021-01-11 23:26:16.643] [console] [warning] broker3 (0)::Unable to connect to filter target fed1/pub3
[2021-01-11 23:26:16.644] [console] [warning] fed1 (131072) (0)::Unable to connect to publication target Ep2
[2021-01-11 23:26:16.644] [console] [warning] fed1 (131072) (0)::Unable to connect to filter target fed1/pub3
Misc API tests: Test Failed at /home/user/.julia/packages/HELICS/SSS5y/test/api.jl:297
  Expression: sub1Updated == 1
   Evaluated: false == 1
Stacktrace:
 [1] top-level scope at /home/user/.julia/packages/HELICS/SSS5y/test/api.jl:297
 [2] top-level scope at /workspace/srcdir/usr/share/julia/stdlib/v1.5/Test/src/Test.jl:1115
 [3] top-level scope at /home/user/.julia/packages/HELICS/SSS5y/test/api.jl:101
Misc API tests: Test Failed at /home/user/.julia/packages/HELICS/SSS5y/test/api.jl:299
  Expression: h.helicsInputLastUpdateTime(sub2) == 1.0
   Evaluated: 0.0 == 1.0
Stacktrace:
 [1] top-level scope at /home/user/.julia/packages/HELICS/SSS5y/test/api.jl:299
 [2] top-level scope at /workspace/srcdir/usr/share/julia/stdlib/v1.5/Test/src/Test.jl:1115
 [3] top-level scope at /home/user/.julia/packages/HELICS/SSS5y/test/api.jl:101
Misc API tests: Test Failed at /home/user/.julia/packages/HELICS/SSS5y/test/api.jl:301
  Expression: h.helicsInputGetComplex(sub2) == 5.6 - im * 0.67
   Evaluated: -9.9 + 2.5im == 5.6 - 0.67im
Stacktrace:
 [1] top-level scope at /home/user/.julia/packages/HELICS/SSS5y/test/api.jl:301
 [2] top-level scope at /workspace/srcdir/usr/share/julia/stdlib/v1.5/Test/src/Test.jl:1115
 [3] top-level scope at /home/user/.julia/packages/HELICS/SSS5y/test/api.jl:101
Misc API tests: Test Failed at /home/user/.julia/packages/HELICS/SSS5y/test/api.jl:303
  Expression: h.helicsInputGetDouble(sub1) == 457.234
   Evaluated: 3.4 == 457.234
Stacktrace:
 [1] top-level scope at /home/user/.julia/packages/HELICS/SSS5y/test/api.jl:303
 [2] top-level scope at /workspace/srcdir/usr/share/julia/stdlib/v1.5/Test/src/Test.jl:1115
 [3] top-level scope at /home/user/.julia/packages/HELICS/SSS5y/test/api.jl:101
Misc API tests: Test Failed at /home/user/.julia/packages/HELICS/SSS5y/test/api.jl:304
  Expression: h.helicsInputGetInteger(sub4) == 1
   Evaluated: 6 == 1
Stacktrace:
 [1] top-level scope at /home/user/.julia/packages/HELICS/SSS5y/test/api.jl:304
 [2] top-level scope at /workspace/srcdir/usr/share/julia/stdlib/v1.5/Test/src/Test.jl:1115
 [3] top-level scope at /home/user/.julia/packages/HELICS/SSS5y/test/api.jl:101
Misc API tests: Test Failed at /home/user/.julia/packages/HELICS/SSS5y/test/api.jl:306
  Expression: sub7PointString == "Blah Blah"
   Evaluated: "hollow" == "Blah Blah"
Stacktrace:
 [1] top-level scope at /home/user/.julia/packages/HELICS/SSS5y/test/api.jl:306
 [2] top-level scope at /workspace/srcdir/usr/share/julia/stdlib/v1.5/Test/src/Test.jl:1115
 [3] top-level scope at /home/user/.julia/packages/HELICS/SSS5y/test/api.jl:101
Misc API tests: Test Failed at /home/user/.julia/packages/HELICS/SSS5y/test/api.jl:308
  Expression: h.helicsInputGetBoolean(sub5) == 1
   Evaluated: false == 1
Stacktrace:
 [1] top-level scope at /home/user/.julia/packages/HELICS/SSS5y/test/api.jl:308
 [2] top-level scope at /workspace/srcdir/usr/share/julia/stdlib/v1.5/Test/src/Test.jl:1115
 [3] top-level scope at /home/user/.julia/packages/HELICS/SSS5y/test/api.jl:101
Misc API tests: Test Failed at /home/user/.julia/packages/HELICS/SSS5y/test/api.jl:309
  Expression: h.helicsInputGetString(sub3) == "Mayhem"
   Evaluated: "default" == "Mayhem"
Stacktrace:
 [1] top-level scope at /home/user/.julia/packages/HELICS/SSS5y/test/api.jl:309
 [2] top-level scope at /workspace/srcdir/usr/share/julia/stdlib/v1.5/Test/src/Test.jl:1115
 [3] top-level scope at /home/user/.julia/packages/HELICS/SSS5y/test/api.jl:101
Misc API tests: Test Failed at /home/user/.julia/packages/HELICS/SSS5y/test/api.jl:312
  Expression: sub3ValueSize == 6
   Evaluated: 7 == 6
Stacktrace:
 [1] top-level scope at /home/user/.julia/packages/HELICS/SSS5y/test/api.jl:312
 [2] top-level scope at /workspace/srcdir/usr/share/julia/stdlib/v1.5/Test/src/Test.jl:1115
 [3] top-level scope at /home/user/.julia/packages/HELICS/SSS5y/test/api.jl:101
Misc API tests: Test Failed at /home/user/.julia/packages/HELICS/SSS5y/test/api.jl:314
  Expression: h.helicsInputGetVector(sub6) == [4.5, 56.5]
   Evaluated: [3.4, 90.9, 4.5] == [4.5, 56.5]
Stacktrace:
 [1] top-level scope at /home/user/.julia/packages/HELICS/SSS5y/test/api.jl:314
 [2] top-level scope at /workspace/srcdir/usr/share/julia/stdlib/v1.5/Test/src/Test.jl:1115
 [3] top-level scope at /home/user/.julia/packages/HELICS/SSS5y/test/api.jl:101
Test Summary:       | Pass  Fail  Total
API                 |   42    10     52
  Broker API tests  |    6            6
  Core API tests    |    3            3
  Logging API tests |    1            1
  Misc API tests    |   32    10     42
ERROR: LoadError: Some tests did not pass: 42 passed, 10 failed, 0 errored, 0 broken.
in expression starting at /home/user/.julia/packages/HELICS/SSS5y/test/runtests.jl:13

PkgEval failed: Package HELICS errored during testing
Stacktrace:
 [1] pkgerror(::String) at /workspace/srcdir/usr/share/julia/stdlib/v1.5/Pkg/src/Types.jl:52
 [2] test(::Pkg.Types.Context, ::Array{Pkg.Types.PackageSpec,1}; coverage::Bool, julia_args::Cmd, test_args::Cmd, test_fn::Nothing) at /workspace/srcdir/usr/share/julia/stdlib/v1.5/Pkg/src/Operations.jl:1578
 [3] test(::Pkg.Types.Context, ::Array{Pkg.Types.PackageSpec,1}; coverage::Bool, test_fn::Nothing, julia_args::Cmd, test_args::Cmd, kwargs::Base.Iterators.Pairs{Union{},Union{},Tuple{},NamedTuple{(),Tuple{}}}) at /workspace/srcdir/usr/share/julia/stdlib/v1.5/Pkg/src/API.jl:327
 [4] test(::Pkg.Types.Context, ::Array{Pkg.Types.PackageSpec,1}) at /workspace/srcdir/usr/share/julia/stdlib/v1.5/Pkg/src/API.jl:314
 [5] #test#61 at /workspace/srcdir/usr/share/julia/stdlib/v1.5/Pkg/src/API.jl:67 [inlined]
 [6] test at /workspace/srcdir/usr/share/julia/stdlib/v1.5/Pkg/src/API.jl:67 [inlined]
 [7] #test#60 at /workspace/srcdir/usr/share/julia/stdlib/v1.5/Pkg/src/API.jl:66 [inlined]
 [8] test at /workspace/srcdir/usr/share/julia/stdlib/v1.5/Pkg/src/API.jl:66 [inlined]
 [9] test(::String; kwargs::Base.Iterators.Pairs{Union{},Union{},Tuple{},NamedTuple{(),Tuple{}}}) at /workspace/srcdir/usr/share/julia/stdlib/v1.5/Pkg/src/API.jl:65
 [10] test(::String) at /workspace/srcdir/usr/share/julia/stdlib/v1.5/Pkg/src/API.jl:65
 [11] top-level scope at none:22
 [12] eval at ./boot.jl:331 [inlined]
 [13] eval(::Expr) at ./client.jl:467
 [14] top-level scope at none:1
 [15] eval(::Module, ::Any) at ./boot.jl:331
 [16] exec_options(::Base.JLOptions) at ./client.jl:272
 [17] _start() at ./client.jl:506


################################################################################
# PkgEval teardown: 2021-01-11T23:26:22.323
CPU usage: 17.51s (15.04s user, 2.53s kernel)

Network usage:
- eth0: 2.694 MiB received, 55.503 KiB sent

Raw statistics: {"blkio_stats":{"io_queue_recursive":[],"io_serviced_recursive":[{"major":259,"value":13,"op":"Read","minor":0},{"major":259,"value":19,"op":"Write","minor":0},{"major":259,"value":27,"op":"Sync","minor":0},{"major":259,"value":5,"op":"Async","minor":0},{"major":259,"value":0,"op":"Discard","minor":0},{"major":259,"value":32,"op":"Total","minor":0},{"major":253,"value":13,"op":"Read","minor":2},{"major":253,"value":19,"op":"Write","minor":2},{"major":253,"value":27,"op":"Sync","minor":2},{"major":253,"value":5,"op":"Async","minor":2},{"major":253,"value":0,"op":"Discard","minor":2},{"major":253,"value":32,"op":"Total","minor":2}],"io_time_recursive":[],"sectors_recursive":[],"io_service_bytes_recursive":[{"major":259,"value":921600,"op":"Read","minor":0},{"major":259,"value":77824,"op":"Write","minor":0},{"major":259,"value":978944,"op":"Sync","minor":0},{"major":259,"value":20480,"op":"Async","minor":0},{"major":259,"value":0,"op":"Discard","minor":0},{"major":259,"value":999424,"op":"Total","minor":0},{"major":253,"value":921600,"op":"Read","minor":2},{"major":253,"value":77824,"op":"Write","minor":2},{"major":253,"value":978944,"op":"Sync","minor":2},{"major":253,"value":20480,"op":"Async","minor":2},{"major":253,"value":0,"op":"Discard","minor":2},{"major":253,"value":999424,"op":"Total","minor":2}],"io_wait_time_recursive":[],"io_merged_recursive":[],"io_service_time_recursive":[]},"memory_stats":{"usage":344551424,"max_usage":519815168,"stats":{"hierarchical_memory_limit":9223372036854771712,"pgmajfault":0,"total_rss":232869888,"inactive_file":946176,"inactive_anon":79749120,"total_pgfault":305778,"total_cache":81793024,"total_rss_huge":0,"total_active_anon":233570304,"total_pgmajfault":0,"pgpgin":190476,"rss_huge":0,"mapped_file":270336,"total_inactive_file":946176,"dirty":405504,"total_unevictable":0,"total_dirty":405504,"writeback":135168,"pgpgout":113613,"hierarchical_memsw_limit":0,"cache":81793024,"active_file":540672,"pgfault":305778,"total_mapped_file":270336,"total_pgpgout":113613,"total_writeback":135168,"rss":232869888,"unevictable":0,"total_inactive_anon":79749120,"total_pgpgin":190476,"active_anon":233570304,"total_active_file":540672},"limit":540965302272},"name":"/HELICS-4zE0P6pX","networks":{"eth0":{"rx_bytes":2825330,"rx_packets":476,"tx_packets":499,"tx_bytes":56835,"tx_dropped":0,"rx_dropped":1,"tx_errors":0,"rx_errors":0}},"id":"dadf4a9e50833f2e6240bb2dc1c2735c2e3fd6afc92f70d6cbab7b7057a78939","preread":"0001-01-01T00:00:00Z","storage_stats":{},"precpu_stats":{"throttling_data":{"throttled_periods":0,"throttled_time":0,"periods":0},"cpu_usage":{"usage_in_usermode":0,"usage_in_kernelmode":0,"total_usage":0}},"pids_stats":{"current":44},"num_procs":0,"cpu_stats":{"throttling_data":{"throttled_periods":0,"throttled_time":0,"periods":0},"system_cpu_usage":6861421114522419,"online_cpus":128,"cpu_usage":{"usage_in_usermode":15040000000,"usage_in_kernelmode":2530000000,"total_usage":17505743611,"percpu_usage":[0,0,0,0,0,0,17505551501,188130,0,0,0,0,0,0,0,0,0,0,0,0,0,0,0,0,0,0,0,0,0,0,0,0,0,0,0,0,0,0,0,0,0,0,0,0,0,0,0,0,0,0,0,0,0,0,0,0,0,0,0,0,0,0,0,0,0,0,0,0,3980,0,0,0,0,0,0,0,0,0,0,0,0,0,0,0,0,0,0,0,0,0,0,0,0,0,0,0,0,0,0,0,0,0,0,0,0,0,0,0,0,0,0,0,0,0,0,0,0,0,0,0,0,0,0,0,0,0,0,0]}},"read":"2021-01-11T23:26:22.635539934Z"}