################################################################################
# PkgEval set-up: 2021-01-11T22:42:59.93
#

Julia Version 1.5.3
Commit 599f52c4c6 (2020-12-18 13:33 UTC)
Platform Info:
  OS: Linux (x86_64-linux-gnu)
  CPU: AMD EPYC 7502 32-Core Processor
  WORD_SIZE: 64
  LIBM: libopenlibm
  LLVM: libLLVM-9.0.1 (ORCJIT, znver2)
Environment:
  JULIA_PKG_PRECOMPILE_AUTO = 0
  JULIA_PKGEVAL = true

Base.julia_cmd() = `/opt/julia/bin/julia -Cnative -J/opt/julia/lib/julia/sys.so -g1`


################################################################################
# Installation: 2021-01-11T22:43:01.713
#

 Installing known registries into `~/.julia`
############################                                              39.7%######################################################################## 100.0%
      Added registry `General` to `~/.julia/registries/General`
  Resolving package versions...
  Installed DocStringExtensions ─── v0.8.3
  Installed ArgCheck ────────────── v2.1.0
  Installed HighestDensityRegions ─ v0.2.1
Updating `~/.julia/environments/v1.5/Project.toml`
  [ac8b01d9] + HighestDensityRegions v0.2.1
Updating `~/.julia/environments/v1.5/Manifest.toml`
  [dce04be8] + ArgCheck v2.1.0
  [ffbed154] + DocStringExtensions v0.8.3
  [ac8b01d9] + HighestDensityRegions v0.2.1
  [2a0f44e3] + Base64
  [ade2ca70] + Dates
  [8ba89e20] + Distributed
  [b77e0a4c] + InteractiveUtils
  [76f85450] + LibGit2
  [8f399da3] + Libdl
  [56ddb016] + Logging
  [d6f4376e] + Markdown
  [44cfe95a] + Pkg
  [de0858da] + Printf
  [3fa0cd96] + REPL
  [9a3f8284] + Random
  [ea8e919c] + SHA
  [9e88b42a] + Serialization
  [6462fe0b] + Sockets
  [8dfed614] + Test
  [cf7118a7] + UUIDs
  [4ec0a83e] + Unicode


################################################################################
# Testing: 2021-01-11T22:43:06.355
#

    Testing HighestDensityRegions
Status `/tmp/jl_cbdWlS/Project.toml`
  [dce04be8] ArgCheck v2.1.0
  [31c24e10] Distributions v0.24.10
  [ffbed154] DocStringExtensions v0.8.3
  [ac8b01d9] HighestDensityRegions v0.2.1
  [8dfed614] Test
Status `/tmp/jl_cbdWlS/Manifest.toml`
  [dce04be8] ArgCheck v2.1.0
  [56f22d72] Artifacts v1.3.0
  [d360d2e6] ChainRulesCore v0.9.24
  [34da2185] Compat v3.25.0
  [e66e0078] CompilerSupportLibraries_jll v0.3.4+0
  [9a962f9c] DataAPI v1.4.0
  [864edb3b] DataStructures v0.18.8
  [31c24e10] Distributions v0.24.10
  [ffbed154] DocStringExtensions v0.8.3
  [1a297f60] FillArrays v0.10.2
  [ac8b01d9] HighestDensityRegions v0.2.1
  [692b3bcd] JLLWrappers v1.2.0
  [e1d29d7a] Missings v0.4.4
  [46d2c3a1] MuladdMacro v0.2.2
  [efe28fd5] OpenSpecFun_jll v0.5.3+4
  [bac558e1] OrderedCollections v1.3.2
  [90014a1f] PDMats v0.10.1
  [1fd47b50] QuadGK v2.4.1
  [79098fc4] Rmath v0.6.1
  [f50d1b31] Rmath_jll v0.2.2+1
  [a2af1166] SortingAlgorithms v0.3.1
  [276daf66] SpecialFunctions v1.2.1
  [2913bbd2] StatsBase v0.33.2
  [4c63d2b9] StatsFuns v0.9.6
  [2a0f44e3] Base64
  [ade2ca70] Dates
  [8bb1440f] DelimitedFiles
  [8ba89e20] Distributed
  [b77e0a4c] InteractiveUtils
  [76f85450] LibGit2
  [8f399da3] Libdl
  [37e2e46d] LinearAlgebra
  [56ddb016] Logging
  [d6f4376e] Markdown
  [a63ad114] Mmap
  [44cfe95a] Pkg
  [de0858da] Printf
  [3fa0cd96] REPL
  [9a3f8284] Random
  [ea8e919c] SHA
  [9e88b42a] Serialization
  [1a1011a3] SharedArrays
  [6462fe0b] Sockets
  [2f01184e] SparseArrays
  [10745b16] Statistics
  [4607b0f0] SuiteSparse
  [8dfed614] Test
  [cf7118a7] UUIDs
  [4ec0a83e] Unicode
Test Summary: | Pass  Total
utilities     |   35     35
Test Summary:                               | Pass  Total
normal thresholds with evenly spaced breaks |    5      5
Test Summary:                    | Pass  Total
gamma thresholds with log breaks |    4      4
    Testing HighestDensityRegions tests passed 

PkgEval succeeded


################################################################################
# PkgEval teardown: 2021-01-11T22:43:58.099
CPU usage: 58.16s (52.79s user, 5.44s kernel)

Network usage:
- eth0: 3.747 MiB received, 138.707 KiB sent

Raw statistics: {"blkio_stats":{"io_queue_recursive":[],"io_serviced_recursive":[{"major":259,"value":0,"op":"Read","minor":0},{"major":259,"value":24,"op":"Write","minor":0},{"major":259,"value":19,"op":"Sync","minor":0},{"major":259,"value":5,"op":"Async","minor":0},{"major":259,"value":0,"op":"Discard","minor":0},{"major":259,"value":24,"op":"Total","minor":0},{"major":253,"value":0,"op":"Read","minor":2},{"major":253,"value":24,"op":"Write","minor":2},{"major":253,"value":19,"op":"Sync","minor":2},{"major":253,"value":5,"op":"Async","minor":2},{"major":253,"value":0,"op":"Discard","minor":2},{"major":253,"value":24,"op":"Total","minor":2}],"io_time_recursive":[],"sectors_recursive":[],"io_service_bytes_recursive":[{"major":259,"value":0,"op":"Read","minor":0},{"major":259,"value":131072,"op":"Write","minor":0},{"major":259,"value":106496,"op":"Sync","minor":0},{"major":259,"value":24576,"op":"Async","minor":0},{"major":259,"value":0,"op":"Discard","minor":0},{"major":259,"value":131072,"op":"Total","minor":0},{"major":253,"value":0,"op":"Read","minor":2},{"major":253,"value":131072,"op":"Write","minor":2},{"major":253,"value":106496,"op":"Sync","minor":2},{"major":253,"value":24576,"op":"Async","minor":2},{"major":253,"value":0,"op":"Discard","minor":2},{"major":253,"value":131072,"op":"Total","minor":2}],"io_wait_time_recursive":[],"io_merged_recursive":[],"io_service_time_recursive":[]},"memory_stats":{"usage":305045504,"max_usage":1176219648,"stats":{"hierarchical_memory_limit":9223372036854771712,"pgmajfault":0,"total_rss":180264960,"inactive_file":135168,"inactive_anon":82452480,"total_pgfault":1659372,"total_cache":93675520,"total_rss_huge":0,"total_active_anon":191668224,"total_pgmajfault":0,"pgpgin":1156617,"rss_huge":0,"mapped_file":0,"total_inactive_file":135168,"dirty":135168,"total_unevictable":0,"total_dirty":135168,"writeback":0,"pgpgout":1089716,"hierarchical_memsw_limit":0,"cache":93675520,"active_file":135168,"pgfault":1659372,"total_mapped_file":0,"total_pgpgout":1089716,"total_writeback":0,"rss":180264960,"unevictable":0,"total_inactive_anon":82452480,"total_pgpgin":1156617,"active_anon":191668224,"total_active_file":135168},"limit":540965302272},"name":"/HighestDensityRegions-K2EQEuWQ","networks":{"eth0":{"rx_bytes":3928907,"rx_packets":1038,"tx_packets":1167,"tx_bytes":142036,"tx_dropped":0,"rx_dropped":2,"tx_errors":0,"rx_errors":0}},"id":"5625977250fbf3dbdf8bd46ae633d514c19e083d5ef0228609028df50324dc1f","preread":"0001-01-01T00:00:00Z","storage_stats":{},"precpu_stats":{"throttling_data":{"throttled_periods":0,"throttled_time":0,"periods":0},"cpu_usage":{"usage_in_usermode":0,"usage_in_kernelmode":0,"total_usage":0}},"pids_stats":{"current":40},"num_procs":0,"cpu_stats":{"throttling_data":{"throttled_periods":0,"throttled_time":0,"periods":0},"system_cpu_usage":6536211684522419,"online_cpus":128,"cpu_usage":{"usage_in_usermode":52790000000,"usage_in_kernelmode":5440000000,"total_usage":58158677639,"percpu_usage":[0,0,0,0,0,0,0,0,0,0,0,0,0,0,0,0,0,0,0,0,0,0,0,0,0,58158677639,0,0,0,0,0,0,0,0,0,0,0,0,0,0,0,0,0,0,0,0,0,0,0,0,0,0,0,0,0,0,0,0,0,0,0,0,0,0,0,0,0,0,0,0,0,0,0,0,0,0,0,0,0,0,0,0,0,0,0,0,0,0,0,0,0,0,0,0,0,0,0,0,0,0,0,0,0,0,0,0,0,0,0,0,0,0,0,0,0,0,0,0,0,0,0,0,0,0,0,0,0,0]}},"read":"2021-01-11T22:43:58.103252574Z"}