################################################################################
# PkgEval set-up: 2021-01-11T19:06:48.992
#

Julia Version 1.5.3
Commit 599f52c4c6 (2020-12-18 13:33 UTC)
Platform Info:
  OS: Linux (x86_64-linux-gnu)
  CPU: AMD EPYC 7502 32-Core Processor
  WORD_SIZE: 64
  LIBM: libopenlibm
  LLVM: libLLVM-9.0.1 (ORCJIT, znver2)
Environment:
  JULIA_PKG_PRECOMPILE_AUTO = 0
  JULIA_PKGEVAL = true

Base.julia_cmd() = `/opt/julia/bin/julia -Cnative -J/opt/julia/lib/julia/sys.so -g1`


################################################################################
# Installation: 2021-01-11T19:06:50.798
#

 Installing known registries into `~/.julia`
######################################################################## 100.0%
      Added registry `General` to `~/.julia/registries/General`
  Resolving package versions...
  Installed CompilerSupportLibraries_jll ─ v0.3.4+0
  Installed METIS_jll ──────────────────── v4.0.3+3
  Installed HSL ────────────────────────── v0.2.0
  Installed JLLWrappers ────────────────── v1.2.0
  Installed BinaryProvider ─────────────── v0.5.10
  Installed Artifacts ──────────────────── v1.3.0
  Installed OpenBLAS32_jll ─────────────── v0.3.9+4
Updating `~/.julia/environments/v1.5/Project.toml`
  [34c5aeac] + HSL v0.2.0
Updating `~/.julia/environments/v1.5/Manifest.toml`
  [56f22d72] + Artifacts v1.3.0
  [b99e7846] + BinaryProvider v0.5.10
  [e66e0078] + CompilerSupportLibraries_jll v0.3.4+0
  [34c5aeac] + HSL v0.2.0
  [692b3bcd] + JLLWrappers v1.2.0
  [d00139f3] + METIS_jll v4.0.3+3
  [656ef2d0] + OpenBLAS32_jll v0.3.9+4
  [2a0f44e3] + Base64
  [ade2ca70] + Dates
  [8ba89e20] + Distributed
  [b77e0a4c] + InteractiveUtils
  [76f85450] + LibGit2
  [8f399da3] + Libdl
  [37e2e46d] + LinearAlgebra
  [56ddb016] + Logging
  [d6f4376e] + Markdown
  [44cfe95a] + Pkg
  [de0858da] + Printf
  [3fa0cd96] + REPL
  [9a3f8284] + Random
  [ea8e919c] + SHA
  [9e88b42a] + Serialization
  [6462fe0b] + Sockets
  [2f01184e] + SparseArrays
  [8dfed614] + Test
  [cf7118a7] + UUIDs
  [4ec0a83e] + Unicode
   Building HSL → `~/.julia/packages/HSL/Q7R6P/deps/build.log`


################################################################################
# Testing: 2021-01-11T19:07:09.18
#

    Testing HSL
Status `/tmp/jl_pUeIWT/Project.toml`
  [b99e7846] BinaryProvider v0.5.10
  [34c5aeac] HSL v0.2.0
  [d00139f3] METIS_jll v4.0.3+3
  [656ef2d0] OpenBLAS32_jll v0.3.9+4
  [8f399da3] Libdl
  [37e2e46d] LinearAlgebra
  [ea8e919c] SHA
  [2f01184e] SparseArrays
  [8dfed614] Test
Status `/tmp/jl_pUeIWT/Manifest.toml`
  [56f22d72] Artifacts v1.3.0
  [b99e7846] BinaryProvider v0.5.10
  [e66e0078] CompilerSupportLibraries_jll v0.3.4+0
  [34c5aeac] HSL v0.2.0
  [692b3bcd] JLLWrappers v1.2.0
  [d00139f3] METIS_jll v4.0.3+3
  [656ef2d0] OpenBLAS32_jll v0.3.9+4
  [2a0f44e3] Base64
  [ade2ca70] Dates
  [8ba89e20] Distributed
  [b77e0a4c] InteractiveUtils
  [76f85450] LibGit2
  [8f399da3] Libdl
  [37e2e46d] LinearAlgebra
  [56ddb016] Logging
  [d6f4376e] Markdown
  [44cfe95a] Pkg
  [de0858da] Printf
  [3fa0cd96] REPL
  [9a3f8284] Random
  [ea8e919c] SHA
  [9e88b42a] Serialization
  [6462fe0b] Sockets
  [2f01184e] SparseArrays
  [8dfed614] Test
  [cf7118a7] UUIDs
  [4ec0a83e] Unicode
    Testing HSL tests passed 

PkgEval succeeded


################################################################################
# PkgEval teardown: 2021-01-11T19:07:12.199
CPU usage: 22.33s (18.65s user, 3.74s kernel)

Network usage:
- eth0: 2.940 MiB received, 57.627 KiB sent

Raw statistics: {"blkio_stats":{"io_queue_recursive":[],"io_serviced_recursive":[{"major":259,"value":391,"op":"Read","minor":0},{"major":259,"value":28,"op":"Write","minor":0},{"major":259,"value":410,"op":"Sync","minor":0},{"major":259,"value":9,"op":"Async","minor":0},{"major":259,"value":0,"op":"Discard","minor":0},{"major":259,"value":419,"op":"Total","minor":0},{"major":253,"value":391,"op":"Read","minor":2},{"major":253,"value":28,"op":"Write","minor":2},{"major":253,"value":410,"op":"Sync","minor":2},{"major":253,"value":9,"op":"Async","minor":2},{"major":253,"value":0,"op":"Discard","minor":2},{"major":253,"value":419,"op":"Total","minor":2}],"io_time_recursive":[],"sectors_recursive":[],"io_service_bytes_recursive":[{"major":259,"value":1601536,"op":"Read","minor":0},{"major":259,"value":143360,"op":"Write","minor":0},{"major":259,"value":1708032,"op":"Sync","minor":0},{"major":259,"value":36864,"op":"Async","minor":0},{"major":259,"value":0,"op":"Discard","minor":0},{"major":259,"value":1744896,"op":"Total","minor":0},{"major":253,"value":1601536,"op":"Read","minor":2},{"major":253,"value":143360,"op":"Write","minor":2},{"major":253,"value":1708032,"op":"Sync","minor":2},{"major":253,"value":36864,"op":"Async","minor":2},{"major":253,"value":0,"op":"Discard","minor":2},{"major":253,"value":1744896,"op":"Total","minor":2}],"io_wait_time_recursive":[],"io_merged_recursive":[],"io_service_time_recursive":[]},"memory_stats":{"usage":362885120,"max_usage":947810304,"stats":{"hierarchical_memory_limit":9223372036854771712,"pgmajfault":0,"total_rss":227262464,"inactive_file":135168,"inactive_anon":79884288,"total_pgfault":660264,"total_cache":103383040,"total_rss_huge":0,"total_active_anon":230055936,"total_pgmajfault":0,"pgpgin":473649,"rss_huge":0,"mapped_file":0,"total_inactive_file":135168,"dirty":3649536,"total_unevictable":0,"total_dirty":3649536,"writeback":135168,"pgpgout":392925,"hierarchical_memsw_limit":0,"cache":103383040,"active_file":20815872,"pgfault":660264,"total_mapped_file":0,"total_pgpgout":392925,"total_writeback":135168,"rss":227262464,"unevictable":0,"total_inactive_anon":79884288,"total_pgpgin":473649,"active_anon":230055936,"total_active_file":20815872},"limit":540965302272},"name":"/HSL-bA3HEeKM","networks":{"eth0":{"rx_bytes":3082311,"rx_packets":497,"tx_packets":532,"tx_bytes":59010,"tx_dropped":0,"rx_dropped":1,"tx_errors":0,"rx_errors":0}},"id":"da8305cc038d7e2bb9227c805e31cd1a6f216ee0d1e23f4e227697efdb38b275","preread":"0001-01-01T00:00:00Z","storage_stats":{},"precpu_stats":{"throttling_data":{"throttled_periods":0,"throttled_time":0,"periods":0},"cpu_usage":{"usage_in_usermode":0,"usage_in_kernelmode":0,"total_usage":0}},"pids_stats":{"current":40},"num_procs":0,"cpu_stats":{"throttling_data":{"throttled_periods":0,"throttled_time":0,"periods":0},"system_cpu_usage":4874276474522419,"online_cpus":128,"cpu_usage":{"usage_in_usermode":18650000000,"usage_in_kernelmode":3740000000,"total_usage":22329969554,"percpu_usage":[0,0,0,0,0,0,0,0,0,0,0,0,0,0,0,0,0,0,0,0,0,0,0,0,22329965464,0,0,0,0,0,0,0,0,0,0,0,0,0,0,0,0,0,0,0,0,0,0,0,0,0,0,0,0,0,0,0,0,0,0,0,0,0,0,0,0,0,0,0,0,0,0,0,0,0,0,0,0,0,0,0,0,0,0,0,0,0,0,0,4090,0,0,0,0,0,0,0,0,0,0,0,0,0,0,0,0,0,0,0,0,0,0,0,0,0,0,0,0,0,0,0,0,0,0,0,0,0,0,0]}},"read":"2021-01-11T19:07:12.202200333Z"}