################################################################################
# PkgEval set-up: 2021-01-11T16:24:40.83
#

Julia Version 1.5.3
Commit 599f52c4c6 (2020-12-18 13:33 UTC)
Platform Info:
  OS: Linux (x86_64-linux-gnu)
  CPU: AMD EPYC 7502 32-Core Processor
  WORD_SIZE: 64
  LIBM: libopenlibm
  LLVM: libLLVM-9.0.1 (ORCJIT, znver2)
Environment:
  JULIA_PKG_PRECOMPILE_AUTO = 0
  JULIA_PKGEVAL = true

Base.julia_cmd() = `/opt/julia/bin/julia -Cnative -J/opt/julia/lib/julia/sys.so -g1`


################################################################################
# Installation: 2021-01-11T16:24:42.607
#

 Installing known registries into `~/.julia`
#####                                                                      8.2%######################################################################## 100.0%
      Added registry `General` to `~/.julia/registries/General`
  Resolving package versions...
  Installed ImageEdgeDetection ─────────── v0.1.1
  Installed CompilerSupportLibraries_jll ─ v0.3.4+0
  Installed PaddedViews ────────────────── v0.5.7
  Installed Reexport ───────────────────── v1.0.0
  Installed WoodburyMatrices ───────────── v0.5.3
  Installed MuladdMacro ────────────────── v0.2.2
  Installed CustomUnitRanges ───────────── v1.0.0
  Installed ImageFiltering ─────────────── v0.6.18
  Installed FFTW ───────────────────────── v1.3.1
  Installed MKL_jll ────────────────────── v2020.2.254+0
  Installed RangeArrays ────────────────── v0.3.2
  Installed ColorVectorSpace ───────────── v0.8.7
  Installed ImageAxes ──────────────────── v0.6.8
  Installed DataAPI ────────────────────── v1.4.0
  Installed Requires ───────────────────── v1.1.2
  Installed DataStructures ─────────────── v0.18.8
  Installed StatsBase ──────────────────── v0.33.2
  Installed Parameters ─────────────────── v0.12.1
  Installed Ratios ─────────────────────── v0.4.0
  Installed MosaicViews ────────────────── v0.2.4
  Installed Setfield ───────────────────── v0.7.0
  Installed FFTW_jll ───────────────────── v3.3.9+7
  Installed IterTools ──────────────────── v1.3.0
  Installed ConstructionBase ───────────── v1.0.0
  Installed SimpleTraits ───────────────── v0.9.3
  Installed Colors ─────────────────────── v0.12.6
  Installed IntervalSets ───────────────── v0.5.2
  Installed IndirectArrays ─────────────── v0.5.1
  Installed OrderedCollections ─────────── v1.3.2
  Installed StaticArrays ───────────────── v0.12.5
  Installed ImageMetadata ──────────────── v0.9.4
  Installed ColorTypes ─────────────────── v0.10.9
  Installed CatIndices ─────────────────── v0.2.1
  Installed Missings ───────────────────── v0.4.4
  Installed IntelOpenMP_jll ────────────── v2018.0.3+0
  Installed AxisArrays ─────────────────── v0.4.3
  Installed MappedArrays ───────────────── v0.3.0
  Installed MacroTools ─────────────────── v0.5.6
  Installed NaNMath ────────────────────── v0.3.5
  Installed AbstractFFTs ───────────────── v1.0.0
  Installed JLLWrappers ────────────────── v1.2.0
  Installed TiledIteration ─────────────── v0.3.0
  Installed ComputationalResources ─────── v0.3.2
  Installed AxisAlgorithms ─────────────── v1.0.0
  Installed FFTViews ───────────────────── v0.3.1
  Installed Adapt ──────────────────────── v2.4.0
  Installed Graphics ───────────────────── v1.0.2
  Installed OffsetArrays ───────────────── v1.5.0
  Installed EllipsisNotation ───────────── v1.0.0
  Installed FixedPointNumbers ──────────── v0.8.4
  Installed ImageCore ──────────────────── v0.8.20
  Installed Interpolations ─────────────── v0.12.10
  Installed SpecialFunctions ───────────── v1.2.1
  Installed SortingAlgorithms ──────────── v0.3.1
  Installed UnPack ─────────────────────── v1.0.2
  Installed Compat ─────────────────────── v3.25.0
  Installed ChainRulesCore ─────────────── v0.9.24
  Installed Artifacts ──────────────────── v1.3.0
  Installed OpenSpecFun_jll ────────────── v0.5.3+4
Updating `~/.julia/environments/v1.5/Project.toml`
  [2b14c160] + ImageEdgeDetection v0.1.1
Updating `~/.julia/environments/v1.5/Manifest.toml`
  [621f4979] + AbstractFFTs v1.0.0
  [79e6a3ab] + Adapt v2.4.0
  [56f22d72] + Artifacts v1.3.0
  [13072b0f] + AxisAlgorithms v1.0.0
  [39de3d68] + AxisArrays v0.4.3
  [aafaddc9] + CatIndices v0.2.1
  [d360d2e6] + ChainRulesCore v0.9.24
  [3da002f7] + ColorTypes v0.10.9
  [c3611d14] + ColorVectorSpace v0.8.7
  [5ae59095] + Colors v0.12.6
  [34da2185] + Compat v3.25.0
  [e66e0078] + CompilerSupportLibraries_jll v0.3.4+0
  [ed09eef8] + ComputationalResources v0.3.2
  [187b0558] + ConstructionBase v1.0.0
  [dc8bdbbb] + CustomUnitRanges v1.0.0
  [9a962f9c] + DataAPI v1.4.0
  [864edb3b] + DataStructures v0.18.8
  [da5c29d0] + EllipsisNotation v1.0.0
  [4f61f5a4] + FFTViews v0.3.1
  [7a1cc6ca] + FFTW v1.3.1
  [f5851436] + FFTW_jll v3.3.9+7
  [53c48c17] + FixedPointNumbers v0.8.4
  [a2bd30eb] + Graphics v1.0.2
  [2803e5a7] + ImageAxes v0.6.8
  [a09fc81d] + ImageCore v0.8.20
  [2b14c160] + ImageEdgeDetection v0.1.1
  [6a3955dd] + ImageFiltering v0.6.18
  [bc367c6b] + ImageMetadata v0.9.4
  [9b13fd28] + IndirectArrays v0.5.1
  [1d5cc7b8] + IntelOpenMP_jll v2018.0.3+0
  [a98d9a8b] + Interpolations v0.12.10
  [8197267c] + IntervalSets v0.5.2
  [c8e1da08] + IterTools v1.3.0
  [692b3bcd] + JLLWrappers v1.2.0
  [856f044c] + MKL_jll v2020.2.254+0
  [1914dd2f] + MacroTools v0.5.6
  [dbb5928d] + MappedArrays v0.3.0
  [e1d29d7a] + Missings v0.4.4
  [e94cdb99] + MosaicViews v0.2.4
  [46d2c3a1] + MuladdMacro v0.2.2
  [77ba4419] + NaNMath v0.3.5
  [6fe1bfb0] + OffsetArrays v1.5.0
  [efe28fd5] + OpenSpecFun_jll v0.5.3+4
  [bac558e1] + OrderedCollections v1.3.2
  [5432bcbf] + PaddedViews v0.5.7
  [d96e819e] + Parameters v0.12.1
  [b3c3ace0] + RangeArrays v0.3.2
  [c84ed2f1] + Ratios v0.4.0
  [189a3867] + Reexport v1.0.0
  [ae029012] + Requires v1.1.2
  [efcf1570] + Setfield v0.7.0
  [699a6c99] + SimpleTraits v0.9.3
  [a2af1166] + SortingAlgorithms v0.3.1
  [276daf66] + SpecialFunctions v1.2.1
  [90137ffa] + StaticArrays v0.12.5
  [2913bbd2] + StatsBase v0.33.2
  [06e1c1a7] + TiledIteration v0.3.0
  [3a884ed6] + UnPack v1.0.2
  [efce3f68] + WoodburyMatrices v0.5.3
  [2a0f44e3] + Base64
  [ade2ca70] + Dates
  [8bb1440f] + DelimitedFiles
  [8ba89e20] + Distributed
  [9fa8497b] + Future
  [b77e0a4c] + InteractiveUtils
  [76f85450] + LibGit2
  [8f399da3] + Libdl
  [37e2e46d] + LinearAlgebra
  [56ddb016] + Logging
  [d6f4376e] + Markdown
  [a63ad114] + Mmap
  [44cfe95a] + Pkg
  [de0858da] + Printf
  [3fa0cd96] + REPL
  [9a3f8284] + Random
  [ea8e919c] + SHA
  [9e88b42a] + Serialization
  [1a1011a3] + SharedArrays
  [6462fe0b] + Sockets
  [2f01184e] + SparseArrays
  [10745b16] + Statistics
  [8dfed614] + Test
  [cf7118a7] + UUIDs
  [4ec0a83e] + Unicode
   Building FFTW → `~/.julia/packages/FFTW/eADNB/deps/build.log`


################################################################################
# Testing: 2021-01-11T16:24:51.95
#

    Testing ImageEdgeDetection
Status `/tmp/jl_h5Mw5T/Project.toml`
  [c3611d14] ColorVectorSpace v0.8.7
  [864edb3b] DataStructures v0.18.8
  [5789e2e9] FileIO v1.4.5
  [a09fc81d] ImageCore v0.8.20
  [4381153b] ImageDraw v0.2.4
  [2b14c160] ImageEdgeDetection v0.1.1
  [6a3955dd] ImageFiltering v0.6.18
  [6218d12a] ImageMagick v1.1.6
  [a98d9a8b] Interpolations v0.12.10
  [6fe1bfb0] OffsetArrays v1.5.0
  [d96e819e] Parameters v0.12.1
  [324d217c] ReferenceTests v0.9.2
  [efcf1570] Setfield v0.7.0
  [90137ffa] StaticArrays v0.12.5
  [2913bbd2] StatsBase v0.33.2
  [5e47fb64] TestImages v1.4.0
  [3a884ed6] UnPack v1.0.2
  [8dfed614] Test
Status `/tmp/jl_h5Mw5T/Manifest.toml`
  [621f4979] AbstractFFTs v1.0.0
  [79e6a3ab] Adapt v2.4.0
  [56f22d72] Artifacts v1.3.0
  [13072b0f] AxisAlgorithms v1.0.0
  [39de3d68] AxisArrays v0.4.3
  [aafaddc9] CatIndices v0.2.1
  [d360d2e6] ChainRulesCore v0.9.24
  [3da002f7] ColorTypes v0.10.9
  [c3611d14] ColorVectorSpace v0.8.7
  [5ae59095] Colors v0.12.6
  [34da2185] Compat v3.25.0
  [e66e0078] CompilerSupportLibraries_jll v0.3.4+0
  [ed09eef8] ComputationalResources v0.3.2
  [187b0558] ConstructionBase v1.0.0
  [150eb455] CoordinateTransformations v0.6.1
  [a8cc5b0e] Crayons v4.0.4
  [dc8bdbbb] CustomUnitRanges v1.0.0
  [9a962f9c] DataAPI v1.4.0
  [864edb3b] DataStructures v0.18.8
  [ab62b9b5] DeepDiffs v1.2.0
  [b4f34e82] Distances v0.10.0
  [da5c29d0] EllipsisNotation v1.0.0
  [4f61f5a4] FFTViews v0.3.1
  [7a1cc6ca] FFTW v1.3.1
  [f5851436] FFTW_jll v3.3.9+7
  [5789e2e9] FileIO v1.4.5
  [53c48c17] FixedPointNumbers v0.8.4
  [a2bd30eb] Graphics v1.0.2
  [bbac6d45] IdentityRanges v0.3.1
  [2803e5a7] ImageAxes v0.6.8
  [a09fc81d] ImageCore v0.8.20
  [4381153b] ImageDraw v0.2.4
  [2b14c160] ImageEdgeDetection v0.1.1
  [6a3955dd] ImageFiltering v0.6.18
  [d8c32880] ImageInTerminal v0.4.5
  [6218d12a] ImageMagick v1.1.6
  [c73af94c] ImageMagick_jll v6.9.10-12+3
  [bc367c6b] ImageMetadata v0.9.4
  [02fcd773] ImageTransformations v0.8.8
  [9b13fd28] IndirectArrays v0.5.1
  [1d5cc7b8] IntelOpenMP_jll v2018.0.3+0
  [a98d9a8b] Interpolations v0.12.10
  [8197267c] IntervalSets v0.5.2
  [c8e1da08] IterTools v1.3.0
  [692b3bcd] JLLWrappers v1.2.0
  [aacddb02] JpegTurbo_jll v2.0.1+3
  [89763e89] Libtiff_jll v4.1.0+2
  [856f044c] MKL_jll v2020.2.254+0
  [1914dd2f] MacroTools v0.5.6
  [dbb5928d] MappedArrays v0.3.0
  [e1d29d7a] Missings v0.4.4
  [e94cdb99] MosaicViews v0.2.4
  [46d2c3a1] MuladdMacro v0.2.2
  [77ba4419] NaNMath v0.3.5
  [6fe1bfb0] OffsetArrays v1.5.0
  [efe28fd5] OpenSpecFun_jll v0.5.3+4
  [bac558e1] OrderedCollections v1.3.2
  [5432bcbf] PaddedViews v0.5.7
  [d96e819e] Parameters v0.12.1
  [b3c3ace0] RangeArrays v0.3.2
  [c84ed2f1] Ratios v0.4.0
  [189a3867] Reexport v1.0.0
  [324d217c] ReferenceTests v0.9.2
  [ae029012] Requires v1.1.2
  [6038ab10] Rotations v1.0.2
  [efcf1570] Setfield v0.7.0
  [699a6c99] SimpleTraits v0.9.3
  [a2af1166] SortingAlgorithms v0.3.1
  [276daf66] SpecialFunctions v1.2.1
  [90137ffa] StaticArrays v0.12.5
  [2913bbd2] StatsBase v0.33.2
  [88034a9c] StringDistances v0.10.0
  [5e47fb64] TestImages v1.4.0
  [06e1c1a7] TiledIteration v0.3.0
  [3a884ed6] UnPack v1.0.2
  [efce3f68] WoodburyMatrices v0.5.3
  [83775a58] Zlib_jll v1.2.11+18
  [3161d3a3] Zstd_jll v1.4.5+2
  [b53b4c65] libpng_jll v1.6.37+6
  [2a0f44e3] Base64
  [ade2ca70] Dates
  [8bb1440f] DelimitedFiles
  [8ba89e20] Distributed
  [9fa8497b] Future
  [b77e0a4c] InteractiveUtils
  [76f85450] LibGit2
  [8f399da3] Libdl
  [37e2e46d] LinearAlgebra
  [56ddb016] Logging
  [d6f4376e] Markdown
  [a63ad114] Mmap
  [44cfe95a] Pkg
  [de0858da] Printf
  [3fa0cd96] REPL
  [9a3f8284] Random
  [ea8e919c] SHA
  [9e88b42a] Serialization
  [1a1011a3] SharedArrays
  [6462fe0b] Sockets
  [2f01184e] SparseArrays
  [10745b16] Statistics
  [8dfed614] Test
  [cf7118a7] UUIDs
  [4ec0a83e] Unicode
[ Info: Test: Canny
[ Info: Test: thin_edges
[ Info: Test: thin_subpixel_edges
[ Info: Test: NonmaximaSuppression
[ Info: Test: SubpixelNonmaximaSuppression
[ Info: Test: detect_gradient_orientation
Test Summary:         |  Pass  Total
ImageEdgeDetection.jl | 18440  18440
    Testing ImageEdgeDetection tests passed 

PkgEval succeeded


################################################################################
# PkgEval teardown: 2021-01-11T16:28:35.938
CPU usage: 234.64s (221.36s user, 13.62s kernel)

Network usage:
- eth0: 12.633 MiB received, 435.618 KiB sent

Raw statistics: {"blkio_stats":{"io_queue_recursive":[],"io_serviced_recursive":[{"major":259,"value":5,"op":"Read","minor":0},{"major":259,"value":28,"op":"Write","minor":0},{"major":259,"value":24,"op":"Sync","minor":0},{"major":259,"value":9,"op":"Async","minor":0},{"major":259,"value":0,"op":"Discard","minor":0},{"major":259,"value":33,"op":"Total","minor":0},{"major":253,"value":5,"op":"Read","minor":2},{"major":253,"value":28,"op":"Write","minor":2},{"major":253,"value":24,"op":"Sync","minor":2},{"major":253,"value":9,"op":"Async","minor":2},{"major":253,"value":0,"op":"Discard","minor":2},{"major":253,"value":33,"op":"Total","minor":2}],"io_time_recursive":[],"sectors_recursive":[],"io_service_bytes_recursive":[{"major":259,"value":528384,"op":"Read","minor":0},{"major":259,"value":172032,"op":"Write","minor":0},{"major":259,"value":634880,"op":"Sync","minor":0},{"major":259,"value":65536,"op":"Async","minor":0},{"major":259,"value":0,"op":"Discard","minor":0},{"major":259,"value":700416,"op":"Total","minor":0},{"major":253,"value":528384,"op":"Read","minor":2},{"major":253,"value":172032,"op":"Write","minor":2},{"major":253,"value":634880,"op":"Sync","minor":2},{"major":253,"value":65536,"op":"Async","minor":2},{"major":253,"value":0,"op":"Discard","minor":2},{"major":253,"value":700416,"op":"Total","minor":2}],"io_wait_time_recursive":[],"io_merged_recursive":[],"io_service_time_recursive":[]},"memory_stats":{"usage":393629696,"max_usage":1529319424,"stats":{"hierarchical_memory_limit":9223372036854771712,"pgmajfault":0,"total_rss":224788480,"inactive_file":135168,"inactive_anon":104755200,"total_pgfault":6055104,"total_cache":136065024,"total_rss_huge":0,"total_active_anon":255602688,"total_pgmajfault":0,"pgpgin":3851595,"rss_huge":0,"mapped_file":0,"total_inactive_file":135168,"dirty":270336,"total_unevictable":0,"total_dirty":270336,"writeback":0,"pgpgout":3763490,"hierarchical_memsw_limit":0,"cache":136065024,"active_file":675840,"pgfault":6055104,"total_mapped_file":0,"total_pgpgout":3763490,"total_writeback":0,"rss":224788480,"unevictable":0,"total_inactive_anon":104755200,"total_pgpgin":3851595,"active_anon":255602688,"total_active_file":675840},"limit":540965302272},"name":"/ImageEdgeDetection-vYVp2G8g","networks":{"eth0":{"rx_bytes":13246825,"rx_packets":3402,"tx_packets":3755,"tx_bytes":446073,"tx_dropped":0,"rx_dropped":8,"tx_errors":0,"rx_errors":0}},"id":"db6f3c5e15c90ea72df66df4736036c0024e6f6e4ac3988c418068936366e5e7","preread":"0001-01-01T00:00:00Z","storage_stats":{},"precpu_stats":{"throttling_data":{"throttled_periods":0,"throttled_time":0,"periods":0},"cpu_usage":{"usage_in_usermode":0,"usage_in_kernelmode":0,"total_usage":0}},"pids_stats":{"current":40},"num_procs":0,"cpu_stats":{"throttling_data":{"throttled_periods":0,"throttled_time":0,"periods":0},"system_cpu_usage":3658345354522419,"online_cpus":128,"cpu_usage":{"usage_in_usermode":221360000000,"usage_in_kernelmode":13620000000,"total_usage":234640378637,"percpu_usage":[0,0,0,0,0,0,0,0,0,0,0,0,1782061,0,1257531,234634399364,0,0,0,0,0,0,0,0,0,0,0,0,0,0,0,0,0,0,0,0,0,0,0,0,0,0,0,0,0,0,0,0,0,0,0,0,0,0,0,0,0,0,0,0,0,0,0,0,0,0,0,0,0,0,0,0,0,0,0,0,150810,2788871,0,0,0,0,0,0,0,0,0,0,0,0,0,0,0,0,0,0,0,0,0,0,0,0,0,0,0,0,0,0,0,0,0,0,0,0,0,0,0,0,0,0,0,0,0,0,0,0,0,0]}},"read":"2021-01-11T16:28:35.940854159Z"}