################################################################################
# PackageCompiler set-up: 2021-01-11T16:34:16.444
#

Julia Version 1.5.3
Commit 599f52c4c6 (2020-12-18 13:33 UTC)
Platform Info:
  OS: Linux (x86_64-linux-gnu)
  CPU: AMD EPYC 7502 32-Core Processor
  WORD_SIZE: 64
  LIBM: libopenlibm
  LLVM: libLLVM-9.0.1 (ORCJIT, znver2)
Environment:
  JULIA_PKGEVAL = true
  JULIA_PKG_PRECOMPILE_AUTO = 0



################################################################################
# Installation: 2021-01-11T16:34:18.199
#

 Installing known registries into `~/.julia`
##################################                                        47.9%######################################################################## 100.0%
      Added registry `General` to `~/.julia/registries/General`
  Resolving package versions...
  Installed Adapt ───────────── v2.4.0
  Installed FixedPointNumbers ─ v0.8.4
  Installed Graphics ────────── v1.0.2
  Installed OffsetArrays ────── v1.5.0
  Installed ImageCore ───────── v0.8.20
  Installed MappedArrays ────── v0.3.0
  Installed PaddedViews ─────── v0.5.7
  Installed PackageCompiler ─── v1.2.5
  Installed Reexport ────────── v1.0.0
  Installed AbstractFFTs ────── v1.0.0
  Installed NaNMath ─────────── v0.3.5
  Installed MosaicViews ─────── v0.2.4
  Installed ColorTypes ──────── v0.10.9
  Installed Colors ──────────── v0.12.6
Updating `~/.julia/environments/v1.5/Project.toml`
  [a09fc81d] + ImageCore v0.8.20
  [9b87118b] + PackageCompiler v1.2.5
Updating `~/.julia/environments/v1.5/Manifest.toml`
  [621f4979] + AbstractFFTs v1.0.0
  [79e6a3ab] + Adapt v2.4.0
  [3da002f7] + ColorTypes v0.10.9
  [5ae59095] + Colors v0.12.6
  [53c48c17] + FixedPointNumbers v0.8.4
  [a2bd30eb] + Graphics v1.0.2
  [a09fc81d] + ImageCore v0.8.20
  [dbb5928d] + MappedArrays v0.3.0
  [e94cdb99] + MosaicViews v0.2.4
  [77ba4419] + NaNMath v0.3.5
  [6fe1bfb0] + OffsetArrays v1.5.0
  [9b87118b] + PackageCompiler v1.2.5
  [5432bcbf] + PaddedViews v0.5.7
  [189a3867] + Reexport v1.0.0
  [2a0f44e3] + Base64
  [ade2ca70] + Dates
  [b77e0a4c] + InteractiveUtils
  [76f85450] + LibGit2
  [8f399da3] + Libdl
  [37e2e46d] + LinearAlgebra
  [56ddb016] + Logging
  [d6f4376e] + Markdown
  [44cfe95a] + Pkg
  [de0858da] + Printf
  [3fa0cd96] + REPL
  [9a3f8284] + Random
  [ea8e919c] + SHA
  [9e88b42a] + Serialization
  [6462fe0b] + Sockets
  [2f01184e] + SparseArrays
  [10745b16] + Statistics
  [cf7118a7] + UUIDs
  [4ec0a83e] + Unicode


################################################################################
# Compiling: 2021-01-11T16:34:24.401
#

[ Info: PackageCompiler: creating system image object file, this might take a while...
Generated system image is 172.446 MiB, compilation took 212 seconds


################################################################################
# PkgEval set-up: 2021-01-11T16:38:03.635
#

Julia Version 1.5.3
Commit 599f52c4c6 (2020-12-18 13:33 UTC)
Platform Info:
  OS: Linux (x86_64-linux-gnu)
  CPU: AMD EPYC 7502 32-Core Processor
  WORD_SIZE: 64
  LIBM: libopenlibm
  LLVM: libLLVM-9.0.1 (ORCJIT, znver2)
Environment:
  JULIA_PKGEVAL = true
  JULIA_PKG_PRECOMPILE_AUTO = 0

Base.julia_cmd() = `/usr/local/julia/bin/julia -Cnative -J/cache/ImageCore-q9evZkrK.so -g1`


################################################################################
# Installation: 2021-01-11T16:38:05.178
#

 Installing known registries into `~/.julia`
########                                                                  12.0%######################################################################## 100.0%
      Added registry `General` to `~/.julia/registries/General`
  Resolving package versions...
  Installed Graphics ────────── v1.0.2
  Installed Adapt ───────────── v2.4.0
  Installed MappedArrays ────── v0.3.0
  Installed FixedPointNumbers ─ v0.8.4
  Installed OffsetArrays ────── v1.5.0
  Installed ImageCore ───────── v0.8.20
  Installed PaddedViews ─────── v0.5.7
  Installed AbstractFFTs ────── v1.0.0
  Installed Reexport ────────── v1.0.0
  Installed NaNMath ─────────── v0.3.5
  Installed MosaicViews ─────── v0.2.4
  Installed Colors ──────────── v0.12.6
  Installed ColorTypes ──────── v0.10.9
Updating `~/.julia/environments/v1.5/Project.toml`
  [a09fc81d] + ImageCore v0.8.20
Updating `~/.julia/environments/v1.5/Manifest.toml`
  [621f4979] + AbstractFFTs v1.0.0
  [79e6a3ab] + Adapt v2.4.0
  [3da002f7] + ColorTypes v0.10.9
  [5ae59095] + Colors v0.12.6
  [53c48c17] + FixedPointNumbers v0.8.4
  [a2bd30eb] + Graphics v1.0.2
  [a09fc81d] + ImageCore v0.8.20
  [dbb5928d] + MappedArrays v0.3.0
  [e94cdb99] + MosaicViews v0.2.4
  [77ba4419] + NaNMath v0.3.5
  [6fe1bfb0] + OffsetArrays v1.5.0
  [5432bcbf] + PaddedViews v0.5.7
  [189a3867] + Reexport v1.0.0
  [2a0f44e3] + Base64
  [b77e0a4c] + InteractiveUtils
  [8f399da3] + Libdl
  [37e2e46d] + LinearAlgebra
  [d6f4376e] + Markdown
  [9a3f8284] + Random
  [9e88b42a] + Serialization
  [2f01184e] + SparseArrays
  [10745b16] + Statistics


################################################################################
# Testing: 2021-01-11T16:38:10.682
#

    Testing ImageCore
Status `/tmp/jl_DwNyZ9/Project.toml`
  [621f4979] AbstractFFTs v1.0.0
  [c3611d14] ColorVectorSpace v0.8.7
  [5ae59095] Colors v0.12.6
  [e30172f5] Documenter v0.26.1
  [7a1cc6ca] FFTW v1.3.1
  [53c48c17] FixedPointNumbers v0.8.4
  [a2bd30eb] Graphics v1.0.2
  [a09fc81d] ImageCore v0.8.20
  [d8c32880] ImageInTerminal v0.4.5
  [6218d12a] ImageMagick v1.1.6
  [dbb5928d] MappedArrays v0.3.0
  [e94cdb99] MosaicViews v0.2.4
  [6fe1bfb0] OffsetArrays v1.5.0
  [5432bcbf] PaddedViews v0.5.7
  [189a3867] Reexport v1.0.0
  [324d217c] ReferenceTests v0.9.2
  [9a3f8284] Random
  [10745b16] Statistics
  [8dfed614] Test
Status `/tmp/jl_DwNyZ9/Manifest.toml`
  [621f4979] AbstractFFTs v1.0.0
  [79e6a3ab] Adapt v2.4.0
  [56f22d72] Artifacts v1.3.0
  [13072b0f] AxisAlgorithms v1.0.0
  [d360d2e6] ChainRulesCore v0.9.24
  [3da002f7] ColorTypes v0.10.9
  [c3611d14] ColorVectorSpace v0.8.7
  [5ae59095] Colors v0.12.6
  [34da2185] Compat v3.25.0
  [e66e0078] CompilerSupportLibraries_jll v0.3.4+0
  [150eb455] CoordinateTransformations v0.6.1
  [a8cc5b0e] Crayons v4.0.4
  [9a962f9c] DataAPI v1.4.0
  [864edb3b] DataStructures v0.18.8
  [ab62b9b5] DeepDiffs v1.2.0
  [b4f34e82] Distances v0.10.0
  [ffbed154] DocStringExtensions v0.8.3
  [e30172f5] Documenter v0.26.1
  [7a1cc6ca] FFTW v1.3.1
  [f5851436] FFTW_jll v3.3.9+7
  [5789e2e9] FileIO v1.4.5
  [53c48c17] FixedPointNumbers v0.8.4
  [a2bd30eb] Graphics v1.0.2
  [b5f81e59] IOCapture v0.1.1
  [bbac6d45] IdentityRanges v0.3.1
  [a09fc81d] ImageCore v0.8.20
  [d8c32880] ImageInTerminal v0.4.5
  [6218d12a] ImageMagick v1.1.6
  [c73af94c] ImageMagick_jll v6.9.10-12+3
  [02fcd773] ImageTransformations v0.8.8
  [1d5cc7b8] IntelOpenMP_jll v2018.0.3+0
  [a98d9a8b] Interpolations v0.13.1
  [692b3bcd] JLLWrappers v1.2.0
  [682c06a0] JSON v0.21.1
  [aacddb02] JpegTurbo_jll v2.0.1+3
  [89763e89] Libtiff_jll v4.1.0+2
  [856f044c] MKL_jll v2020.2.254+0
  [dbb5928d] MappedArrays v0.3.0
  [e1d29d7a] Missings v0.4.4
  [e94cdb99] MosaicViews v0.2.4
  [46d2c3a1] MuladdMacro v0.2.2
  [77ba4419] NaNMath v0.3.5
  [6fe1bfb0] OffsetArrays v1.5.0
  [efe28fd5] OpenSpecFun_jll v0.5.3+4
  [bac558e1] OrderedCollections v1.3.2
  [5432bcbf] PaddedViews v0.5.7
  [69de0a69] Parsers v1.0.15
  [c84ed2f1] Ratios v0.4.0
  [189a3867] Reexport v1.0.0
  [324d217c] ReferenceTests v0.9.2
  [6038ab10] Rotations v1.0.2
  [a2af1166] SortingAlgorithms v0.3.1
  [276daf66] SpecialFunctions v1.2.1
  [90137ffa] StaticArrays v1.0.1
  [2913bbd2] StatsBase v0.33.2
  [efce3f68] WoodburyMatrices v0.5.3
  [83775a58] Zlib_jll v1.2.11+18
  [3161d3a3] Zstd_jll v1.4.5+2
  [b53b4c65] libpng_jll v1.6.37+6
  [2a0f44e3] Base64
  [ade2ca70] Dates
  [8bb1440f] DelimitedFiles
  [8ba89e20] Distributed
  [b77e0a4c] InteractiveUtils
  [76f85450] LibGit2
  [8f399da3] Libdl
  [37e2e46d] LinearAlgebra
  [56ddb016] Logging
  [d6f4376e] Markdown
  [a63ad114] Mmap
  [44cfe95a] Pkg
  [de0858da] Printf
  [3fa0cd96] REPL
  [9a3f8284] Random
  [ea8e919c] SHA
  [9e88b42a] Serialization
  [1a1011a3] SharedArrays
  [6462fe0b] Sockets
  [2f01184e] SparseArrays
  [10745b16] Statistics
  [8dfed614] Test
  [cf7118a7] UUIDs
  [4ec0a83e] Unicode
[ Info: SetupBuildDirectory: setting up build directory.
[ Info: Doctest: running doctests.
[ Info: Skipped ExpandTemplates step (doctest only).
[ Info: Skipped CrossReferences step (doctest only).
[ Info: Skipped CheckDocument step (doctest only).
[ Info: Skipped Populate step (doctest only).
[ Info: Skipped RenderDocument step (doctest only).
Test Summary:       | Pass  Total
Doctests: ImageCore |    1      1
Test Summary: | Pass  Total
ChannelView   |  725    725
Test Summary: | Pass  Total
ColorView     |  673    673
Test Summary: | Pass  Total
rawview       |    6      6
Test Summary: | Pass  Total
normedview    |    7      7
Test Summary: | Pass  Total
StackedView   |   94     94
Test Summary:             | Pass  Total
Multi-component colorview |   10     10
Test Summary: | Pass  Total
mosaicviews   |   22     22
Test Summary: | Pass  Total
PaddedViews   |   65     65
Test Summary: | Pass  Total
reinterpret   |  127    127
Test Summary:         | Pass  Total
Colorspace conversion |  130    130
Test Summary:     | Pass  Total
eltype conversion |   37     37
Test Summary: | Pass  Total
ambiguities   |    1      1
Test Summary: | Pass  Total
Image traits  |   90     90
Test Summary: | Pass  Total
*Like traits  |   99     99
Test Summary:   | Pass  Total
Trait Interface |    7      7
Test Summary: | Pass  Total
map           |  111    111
Test Summary: | Pass  Total
functions     |   48     48
Test Summary: | Pass  Total
show          |   14     14
WARNING: importing deprecated binding ImageCore.permuteddimsview into ImageCoreTests.
WARNING: ImageCore.permuteddimsview is deprecated, use PermutedDimsArray instead.
  likely near /home/user/.julia/packages/ImageCore/yKxN6/test/deprecations.jl:4
WARNING: ImageCore.permuteddimsview is deprecated, use PermutedDimsArray instead.
  likely near /home/user/.julia/packages/ImageCore/yKxN6/test/deprecations.jl:4
WARNING: ImageCore.permuteddimsview is deprecated, use PermutedDimsArray instead.
  likely near /home/user/.julia/packages/ImageCore/yKxN6/test/deprecations.jl:4
Test Summary:    | Pass  Total
permuteddimsview |    3      3
[ Info: Deprecation warnings are expected
┌ Warning: `convert(Array{BGR}, img)` will soon switch to returning an array with non-concrete element type, which adds flexibility but
│ with great cost to performance. To maintain the current behavior, use `BGR.(img)` instead.
│   caller = macro expansion at deprecations.jl:19 [inlined]
└ @ Core ~/.julia/packages/ImageCore/yKxN6/test/deprecations.jl:19
┌ Warning: `convert(Array{Lab}, img)` will soon switch to returning an array with non-concrete element type, which adds flexibility but
│ with great cost to performance. To maintain the current behavior, use `Lab.(img)` instead.
│   caller = macro expansion at deprecations.jl:23 [inlined]
└ @ Core ~/.julia/packages/ImageCore/yKxN6/test/deprecations.jl:23
┌ Warning: `convert(Array{Gray}, img)` will soon switch to returning an array with non-concrete element type, which adds flexibility but
│ with great cost to performance. To maintain the current behavior, use `Gray.(img)` instead.
│   caller = macro expansion at deprecations.jl:27 [inlined]
└ @ Core ~/.julia/packages/ImageCore/yKxN6/test/deprecations.jl:27
Test Summary:          | Pass  Total
convert (deprecations) |   91     91
    Testing ImageCore tests passed 

PkgEval succeeded


################################################################################
# PkgEval teardown: 2021-01-11T16:41:53.127
CPU usage: 228.66s (218.53s user, 10.45s kernel)

Network usage:
- eth0: 10.781 MiB received, 336.192 KiB sent

Raw statistics: {"blkio_stats":{"io_queue_recursive":[],"io_serviced_recursive":[{"major":259,"value":0,"op":"Read","minor":0},{"major":259,"value":23,"op":"Write","minor":0},{"major":259,"value":14,"op":"Sync","minor":0},{"major":259,"value":9,"op":"Async","minor":0},{"major":259,"value":0,"op":"Discard","minor":0},{"major":259,"value":23,"op":"Total","minor":0},{"major":253,"value":0,"op":"Read","minor":2},{"major":253,"value":23,"op":"Write","minor":2},{"major":253,"value":14,"op":"Sync","minor":2},{"major":253,"value":9,"op":"Async","minor":2},{"major":253,"value":0,"op":"Discard","minor":2},{"major":253,"value":23,"op":"Total","minor":2}],"io_time_recursive":[],"sectors_recursive":[],"io_service_bytes_recursive":[{"major":259,"value":0,"op":"Read","minor":0},{"major":259,"value":106496,"op":"Write","minor":0},{"major":259,"value":57344,"op":"Sync","minor":0},{"major":259,"value":49152,"op":"Async","minor":0},{"major":259,"value":0,"op":"Discard","minor":0},{"major":259,"value":106496,"op":"Total","minor":0},{"major":253,"value":0,"op":"Read","minor":2},{"major":253,"value":106496,"op":"Write","minor":2},{"major":253,"value":57344,"op":"Sync","minor":2},{"major":253,"value":49152,"op":"Async","minor":2},{"major":253,"value":0,"op":"Discard","minor":2},{"major":253,"value":106496,"op":"Total","minor":2}],"io_wait_time_recursive":[],"io_merged_recursive":[],"io_service_time_recursive":[]},"memory_stats":{"usage":392409088,"max_usage":1957040128,"stats":{"hierarchical_memory_limit":9223372036854771712,"pgmajfault":0,"total_rss":232370176,"inactive_file":135168,"inactive_anon":104484864,"total_pgfault":4488627,"total_cache":127229952,"total_rss_huge":0,"total_active_anon":254926848,"total_pgmajfault":0,"pgpgin":2833182,"rss_huge":0,"mapped_file":0,"total_inactive_file":135168,"dirty":270336,"total_unevictable":0,"total_dirty":270336,"writeback":0,"pgpgout":2745380,"hierarchical_memsw_limit":0,"cache":127229952,"active_file":405504,"pgfault":4488627,"total_mapped_file":0,"total_pgpgout":2745380,"total_writeback":0,"rss":232370176,"unevictable":0,"total_inactive_anon":104484864,"total_pgpgin":2833182,"active_anon":254926848,"total_active_file":405504},"limit":540965302272},"name":"/ImageCore-NLUSxvtm","networks":{"eth0":{"rx_bytes":11304392,"rx_packets":2707,"tx_packets":2939,"tx_bytes":344261,"tx_dropped":0,"rx_dropped":8,"tx_errors":0,"rx_errors":0}},"id":"fc5d31bc056c14cc4abbcda7f594391f18e207eba52738ef65cb81781e33b9e8","preread":"0001-01-01T00:00:00Z","storage_stats":{},"precpu_stats":{"throttling_data":{"throttled_periods":0,"throttled_time":0,"periods":0},"cpu_usage":{"usage_in_usermode":0,"usage_in_kernelmode":0,"total_usage":0}},"pids_stats":{"current":44},"num_procs":0,"cpu_stats":{"throttling_data":{"throttled_periods":0,"throttled_time":0,"periods":0},"system_cpu_usage":3760288714522419,"online_cpus":128,"cpu_usage":{"usage_in_usermode":218530000000,"usage_in_kernelmode":10450000000,"total_usage":228658729674,"percpu_usage":[0,0,0,0,0,0,0,0,0,0,0,0,0,0,0,0,0,0,0,0,0,0,0,0,0,0,0,0,0,0,0,0,0,0,0,0,0,0,0,0,0,0,0,228646561271,0,0,0,0,0,0,0,0,0,0,0,0,0,0,0,0,0,0,0,0,0,0,0,0,0,0,0,0,0,0,0,0,0,0,0,0,0,0,0,0,0,0,0,0,0,0,0,0,0,0,0,0,0,0,0,0,0,0,0,0,0,0,0,12168403,0,0,0,0,0,0,0,0,0,0,0,0,0,0,0,0,0,0,0,0]}},"read":"2021-01-11T16:41:53.270599787Z"}