################################################################################
# PackageCompiler set-up: 2021-01-11T19:56:35.262
#

Julia Version 1.5.3
Commit 599f52c4c6 (2020-12-18 13:33 UTC)
Platform Info:
  OS: Linux (x86_64-linux-gnu)
  CPU: AMD EPYC 7502 32-Core Processor
  WORD_SIZE: 64
  LIBM: libopenlibm
  LLVM: libLLVM-9.0.1 (ORCJIT, znver2)
Environment:
  JULIA_PKGEVAL = true
  JULIA_PKG_PRECOMPILE_AUTO = 0



################################################################################
# Installation: 2021-01-11T19:56:36.949
#

 Installing known registries into `~/.julia`
##############################                                            42.2%######################################################################## 100.0%
      Added registry `General` to `~/.julia/registries/General`
  Resolving package versions...
  Installed MbedTLS_jll ───── v2.16.8+1
  Installed MbedTLS ───────── v1.0.3
  Installed RecipesBase ───── v1.1.1
  Installed Indicators ────── v0.8.1
  Installed Parsers ───────── v1.0.15
  Installed JSON ──────────── v0.21.1
  Installed HTTP ──────────── v0.8.19
  Installed JLLWrappers ───── v1.2.0
  Installed PackageCompiler ─ v1.2.5
  Installed Temporal ──────── v0.8.0
  Installed IniFile ───────── v0.5.0
  Installed Artifacts ─────── v1.3.0
Updating `~/.julia/environments/v1.5/Project.toml`
  [70c4c096] + Indicators v0.8.1
  [9b87118b] + PackageCompiler v1.2.5
Updating `~/.julia/environments/v1.5/Manifest.toml`
  [56f22d72] + Artifacts v1.3.0
  [cd3eb016] + HTTP v0.8.19
  [70c4c096] + Indicators v0.8.1
  [83e8ac13] + IniFile v0.5.0
  [692b3bcd] + JLLWrappers v1.2.0
  [682c06a0] + JSON v0.21.1
  [739be429] + MbedTLS v1.0.3
  [c8ffd9c3] + MbedTLS_jll v2.16.8+1
  [9b87118b] + PackageCompiler v1.2.5
  [69de0a69] + Parsers v1.0.15
  [3cdcf5f2] + RecipesBase v1.1.1
  [a110ec8f] + Temporal v0.8.0
  [2a0f44e3] + Base64
  [ade2ca70] + Dates
  [8ba89e20] + Distributed
  [b77e0a4c] + InteractiveUtils
  [76f85450] + LibGit2
  [8f399da3] + Libdl
  [37e2e46d] + LinearAlgebra
  [56ddb016] + Logging
  [d6f4376e] + Markdown
  [a63ad114] + Mmap
  [44cfe95a] + Pkg
  [de0858da] + Printf
  [3fa0cd96] + REPL
  [9a3f8284] + Random
  [ea8e919c] + SHA
  [9e88b42a] + Serialization
  [6462fe0b] + Sockets
  [2f01184e] + SparseArrays
  [10745b16] + Statistics
  [8dfed614] + Test
  [cf7118a7] + UUIDs
  [4ec0a83e] + Unicode


################################################################################
# Compiling: 2021-01-11T19:56:42.75
#

[ Info: PackageCompiler: creating system image object file, this might take a while...
Generated system image is 164.390 MiB, compilation took 195 seconds


################################################################################
# PkgEval set-up: 2021-01-11T20:00:05.665
#

Julia Version 1.5.3
Commit 599f52c4c6 (2020-12-18 13:33 UTC)
Platform Info:
  OS: Linux (x86_64-linux-gnu)
  CPU: AMD EPYC 7502 32-Core Processor
  WORD_SIZE: 64
  LIBM: libopenlibm
  LLVM: libLLVM-9.0.1 (ORCJIT, znver2)
Environment:
  JULIA_PKGEVAL = true
  JULIA_PKG_PRECOMPILE_AUTO = 0

Base.julia_cmd() = `/usr/local/julia/bin/julia -Cnative -J/cache/Indicators-geqKDDAB.so -g1`


################################################################################
# Installation: 2021-01-11T20:00:07.809
#

 Installing known registries into `~/.julia`
######################################################################## 100.0%
      Added registry `General` to `~/.julia/registries/General`
  Resolving package versions...
  Installed MbedTLS_jll ─ v2.16.8+1
  Installed MbedTLS ───── v1.0.3
  Installed RecipesBase ─ v1.1.1
  Installed Indicators ── v0.8.1
  Installed HTTP ──────── v0.8.19
  Installed JSON ──────── v0.21.1
  Installed Temporal ──── v0.8.0
  Installed JLLWrappers ─ v1.2.0
  Installed IniFile ───── v0.5.0
  Installed Parsers ───── v1.0.15
  Installed Artifacts ─── v1.3.0
Updating `~/.julia/environments/v1.5/Project.toml`
  [70c4c096] + Indicators v0.8.1
Updating `~/.julia/environments/v1.5/Manifest.toml`
  [56f22d72] + Artifacts v1.3.0
  [cd3eb016] + HTTP v0.8.19
  [70c4c096] + Indicators v0.8.1
  [83e8ac13] + IniFile v0.5.0
  [692b3bcd] + JLLWrappers v1.2.0
  [682c06a0] + JSON v0.21.1
  [739be429] + MbedTLS v1.0.3
  [c8ffd9c3] + MbedTLS_jll v2.16.8+1
  [69de0a69] + Parsers v1.0.15
  [3cdcf5f2] + RecipesBase v1.1.1
  [a110ec8f] + Temporal v0.8.0
  [2a0f44e3] + Base64
  [ade2ca70] + Dates
  [8ba89e20] + Distributed
  [b77e0a4c] + InteractiveUtils
  [76f85450] + LibGit2
  [8f399da3] + Libdl
  [37e2e46d] + LinearAlgebra
  [56ddb016] + Logging
  [d6f4376e] + Markdown
  [a63ad114] + Mmap
  [44cfe95a] + Pkg
  [de0858da] + Printf
  [3fa0cd96] + REPL
  [9a3f8284] + Random
  [ea8e919c] + SHA
  [9e88b42a] + Serialization
  [6462fe0b] + Sockets
  [2f01184e] + SparseArrays
  [10745b16] + Statistics
  [8dfed614] + Test
  [cf7118a7] + UUIDs
  [4ec0a83e] + Unicode


################################################################################
# Testing: 2021-01-11T20:00:12.935
#

    Testing Indicators
Status `/tmp/jl_FwtFSb/Project.toml`
  [70c4c096] Indicators v0.8.1
  [a110ec8f] Temporal v0.8.0
  [9a3f8284] Random
  [10745b16] Statistics
  [8dfed614] Test
Status `/tmp/jl_FwtFSb/Manifest.toml`
  [56f22d72] Artifacts v1.3.0
  [cd3eb016] HTTP v0.8.19
  [70c4c096] Indicators v0.8.1
  [83e8ac13] IniFile v0.5.0
  [692b3bcd] JLLWrappers v1.2.0
  [682c06a0] JSON v0.21.1
  [739be429] MbedTLS v1.0.3
  [c8ffd9c3] MbedTLS_jll v2.16.8+1
  [69de0a69] Parsers v1.0.15
  [3cdcf5f2] RecipesBase v1.1.1
  [a110ec8f] Temporal v0.8.0
  [2a0f44e3] Base64
  [ade2ca70] Dates
  [8ba89e20] Distributed
  [b77e0a4c] InteractiveUtils
  [76f85450] LibGit2
  [8f399da3] Libdl
  [37e2e46d] LinearAlgebra
  [56ddb016] Logging
  [d6f4376e] Markdown
  [a63ad114] Mmap
  [44cfe95a] Pkg
  [de0858da] Printf
  [3fa0cd96] REPL
  [9a3f8284] Random
  [ea8e919c] SHA
  [9e88b42a] Serialization
  [6462fe0b] Sockets
  [2f01184e] SparseArrays
  [10745b16] Statistics
  [8dfed614] Test
  [cf7118a7] UUIDs
  [4ec0a83e] Unicode
Test Summary: | Pass  Total
Utilities     |    3      3
Test Summary:        | Pass  Total
Running Calculations |  124    124
Test Summary:   | Pass  Total
Moving Averages |   69     69
Test Summary: | Pass  Total
Momentum      |   75     75
Test Summary: | Pass  Total
Volatility    |   20     20
Test Summary: | Pass  Total
Regressions   |   50     50
Test Summary:  | Pass  Total
Chart Patterns |    6      6
Test Summary: | Pass  Total
Chaos         |    8      8
Test Summary: | Pass  Total
Trendlines    |   12     12
    Testing Indicators tests passed 

PkgEval succeeded


################################################################################
# PkgEval teardown: 2021-01-11T20:00:36.466
CPU usage: 31.39s (28.40s user, 3.06s kernel)

Network usage:
- eth0: 5.047 MiB received, 90.396 KiB sent

Raw statistics: {"blkio_stats":{"io_queue_recursive":[],"io_serviced_recursive":[{"major":259,"value":0,"op":"Read","minor":0},{"major":259,"value":19,"op":"Write","minor":0},{"major":259,"value":14,"op":"Sync","minor":0},{"major":259,"value":5,"op":"Async","minor":0},{"major":259,"value":0,"op":"Discard","minor":0},{"major":259,"value":19,"op":"Total","minor":0},{"major":253,"value":0,"op":"Read","minor":2},{"major":253,"value":19,"op":"Write","minor":2},{"major":253,"value":14,"op":"Sync","minor":2},{"major":253,"value":5,"op":"Async","minor":2},{"major":253,"value":0,"op":"Discard","minor":2},{"major":253,"value":19,"op":"Total","minor":2}],"io_time_recursive":[],"sectors_recursive":[],"io_service_bytes_recursive":[{"major":259,"value":0,"op":"Read","minor":0},{"major":259,"value":77824,"op":"Write","minor":0},{"major":259,"value":57344,"op":"Sync","minor":0},{"major":259,"value":20480,"op":"Async","minor":0},{"major":259,"value":0,"op":"Discard","minor":0},{"major":259,"value":77824,"op":"Total","minor":0},{"major":253,"value":0,"op":"Read","minor":2},{"major":253,"value":77824,"op":"Write","minor":2},{"major":253,"value":57344,"op":"Sync","minor":2},{"major":253,"value":20480,"op":"Async","minor":2},{"major":253,"value":0,"op":"Discard","minor":2},{"major":253,"value":77824,"op":"Total","minor":2}],"io_wait_time_recursive":[],"io_merged_recursive":[],"io_service_time_recursive":[]},"memory_stats":{"usage":350580736,"max_usage":609230848,"stats":{"hierarchical_memory_limit":9223372036854771712,"pgmajfault":0,"total_rss":231325696,"inactive_file":135168,"inactive_anon":88264704,"total_pgfault":446490,"total_cache":89030656,"total_rss_huge":0,"total_active_anon":232083456,"total_pgmajfault":0,"pgpgin":222288,"rss_huge":0,"mapped_file":0,"total_inactive_file":135168,"dirty":270336,"total_unevictable":0,"total_dirty":270336,"writeback":0,"pgpgout":144086,"hierarchical_memsw_limit":0,"cache":89030656,"active_file":135168,"pgfault":446490,"total_mapped_file":0,"total_pgpgout":144086,"total_writeback":0,"rss":231325696,"unevictable":0,"total_inactive_anon":88264704,"total_pgpgin":222288,"active_anon":232083456,"total_active_file":135168},"limit":540965302272},"name":"/Indicators-QUNyXrdj","networks":{"eth0":{"rx_bytes":5292559,"rx_packets":871,"tx_packets":894,"tx_bytes":92566,"tx_dropped":0,"rx_dropped":1,"tx_errors":0,"rx_errors":0}},"id":"daa701aabb1aae116abdd68fb36add16923d9fccdb19847511cfc470cef4e7e2","preread":"0001-01-01T00:00:00Z","storage_stats":{},"precpu_stats":{"throttling_data":{"throttled_periods":0,"throttled_time":0,"periods":0},"cpu_usage":{"usage_in_usermode":0,"usage_in_kernelmode":0,"total_usage":0}},"pids_stats":{"current":44},"num_procs":0,"cpu_stats":{"throttling_data":{"throttled_periods":0,"throttled_time":0,"periods":0},"system_cpu_usage":5283885234522419,"online_cpus":128,"cpu_usage":{"usage_in_usermode":28400000000,"usage_in_kernelmode":3060000000,"total_usage":31385408980,"percpu_usage":[0,0,0,0,0,0,0,0,0,0,0,0,0,0,0,0,0,0,0,0,0,0,0,0,0,0,0,0,0,0,0,0,0,0,0,0,0,0,0,0,0,0,0,0,0,0,0,0,0,0,0,0,0,0,0,0,31385408980,0,0,0,0,0,0,0,0,0,0,0,0,0,0,0,0,0,0,0,0,0,0,0,0,0,0,0,0,0,0,0,0,0,0,0,0,0,0,0,0,0,0,0,0,0,0,0,0,0,0,0,0,0,0,0,0,0,0,0,0,0,0,0,0,0,0,0,0,0,0,0]}},"read":"2021-01-11T20:00:36.468582959Z"}