################################################################################
# PkgEval set-up: 2021-01-11T20:30:43.666
#

Julia Version 1.5.3
Commit 599f52c4c6 (2020-12-18 13:33 UTC)
Platform Info:
  OS: Linux (x86_64-linux-gnu)
  CPU: AMD EPYC 7502 32-Core Processor
  WORD_SIZE: 64
  LIBM: libopenlibm
  LLVM: libLLVM-9.0.1 (ORCJIT, znver2)
Environment:
  JULIA_PKG_PRECOMPILE_AUTO = 0
  JULIA_PKGEVAL = true

Base.julia_cmd() = `/opt/julia/bin/julia -Cnative -J/opt/julia/lib/julia/sys.so -g1`


################################################################################
# Installation: 2021-01-11T20:30:45.477
#

 Installing known registries into `~/.julia`
######################################################################## 100.0%
      Added registry `General` to `~/.julia/registries/General`
  Resolving package versions...
  Installed IntervalLapper ─ v0.1.0
Updating `~/.julia/environments/v1.5/Project.toml`
  [1bf80048] + IntervalLapper v0.1.0
Updating `~/.julia/environments/v1.5/Manifest.toml`
  [1bf80048] + IntervalLapper v0.1.0


################################################################################
# Testing: 2021-01-11T20:30:48.923
#

    Testing IntervalLapper
Status `/tmp/jl_taV4XP/Project.toml`
  [1bf80048] IntervalLapper v0.1.0
  [8dfed614] Test
Status `/tmp/jl_taV4XP/Manifest.toml`
  [1bf80048] IntervalLapper v0.1.0
  [2a0f44e3] Base64
  [8ba89e20] Distributed
  [b77e0a4c] InteractiveUtils
  [56ddb016] Logging
  [d6f4376e] Markdown
  [9a3f8284] Random
  [9e88b42a] Serialization
  [6462fe0b] Sockets
  [8dfed614] Test
Test Summary:             | Pass  Total
Query Stop Interval Start |    3      3
Test Summary:                 | Pass  Total
Query Overlaps Interval Start |    3      3
Test Summary:                | Pass  Total
Query Overlaps Interval Stop |    3      3
Test Summary:           | Pass  Total
Interval Envelops Query |    3      3
Test Summary:           | Pass  Total
Query Envelops Interval |    3      3
Test Summary:         | Pass  Total
Overlapping Intervals |    4      4
Test Summary:  | Pass  Total
Merge Overlaps |    1      1
Test Summary:   | Pass  Total
Lapper Coverage |    2      2
Test Summary:          | Pass  Total
Interval Intersections |    7      7
Test Summary:      | Pass  Total
Union and Itersect |    8      8
Test Summary:                    | Pass  Total
Find Overlaps In Large Intervals |    6      6
Test Summary: | Pass  Total
Depth Sanity  |    1      1
Test Summary: | Pass  Total
Depth Harder  |    1      1
Test Summary: | Pass  Total
Depth Hard    |    1      1
Test Summary: |
Seek Over Len | No tests
Test Summary:                | Pass  Total
Find Over Behind First Match |    1      1
Test Summary: | Pass  Total
Bad Skips     |    2      2
    Testing IntervalLapper tests passed 

PkgEval succeeded


################################################################################
# PkgEval teardown: 2021-01-11T20:30:53.673
CPU usage: 10.06s (7.82s user, 2.28s kernel)

Network usage:
- eth0: 2.536 MiB received, 26.111 KiB sent

Raw statistics: {"blkio_stats":{"io_queue_recursive":[],"io_serviced_recursive":[{"major":259,"value":0,"op":"Read","minor":0},{"major":259,"value":24,"op":"Write","minor":0},{"major":259,"value":19,"op":"Sync","minor":0},{"major":259,"value":5,"op":"Async","minor":0},{"major":259,"value":0,"op":"Discard","minor":0},{"major":259,"value":24,"op":"Total","minor":0},{"major":253,"value":0,"op":"Read","minor":2},{"major":253,"value":24,"op":"Write","minor":2},{"major":253,"value":19,"op":"Sync","minor":2},{"major":253,"value":5,"op":"Async","minor":2},{"major":253,"value":0,"op":"Discard","minor":2},{"major":253,"value":24,"op":"Total","minor":2}],"io_time_recursive":[],"sectors_recursive":[],"io_service_bytes_recursive":[{"major":259,"value":0,"op":"Read","minor":0},{"major":259,"value":126976,"op":"Write","minor":0},{"major":259,"value":106496,"op":"Sync","minor":0},{"major":259,"value":20480,"op":"Async","minor":0},{"major":259,"value":0,"op":"Discard","minor":0},{"major":259,"value":126976,"op":"Total","minor":0},{"major":253,"value":0,"op":"Read","minor":2},{"major":253,"value":126976,"op":"Write","minor":2},{"major":253,"value":106496,"op":"Sync","minor":2},{"major":253,"value":20480,"op":"Async","minor":2},{"major":253,"value":0,"op":"Discard","minor":2},{"major":253,"value":126976,"op":"Total","minor":2}],"io_wait_time_recursive":[],"io_merged_recursive":[],"io_service_time_recursive":[]},"memory_stats":{"usage":324759552,"max_usage":574533632,"stats":{"hierarchical_memory_limit":9223372036854771712,"pgmajfault":0,"total_rss":216264704,"inactive_file":135168,"inactive_anon":78802944,"total_pgfault":268389,"total_cache":79380480,"total_rss_huge":0,"total_active_anon":216809472,"total_pgmajfault":0,"pgpgin":195327,"rss_huge":0,"mapped_file":0,"total_inactive_file":135168,"dirty":270336,"total_unevictable":0,"total_dirty":270336,"writeback":0,"pgpgout":123154,"hierarchical_memsw_limit":0,"cache":79380480,"active_file":135168,"pgfault":268389,"total_mapped_file":0,"total_pgpgout":123154,"total_writeback":0,"rss":216264704,"unevictable":0,"total_inactive_anon":78802944,"total_pgpgin":195327,"active_anon":216809472,"total_active_file":135168},"limit":540965302272},"name":"/IntervalLapper-ZU0MTTb9","networks":{"eth0":{"rx_bytes":2659200,"rx_packets":259,"tx_packets":262,"tx_bytes":26738,"tx_dropped":0,"rx_dropped":0,"tx_errors":0,"rx_errors":0}},"id":"897953872dadd2d08f30896767e30920ef4aa95298a00dd648f7f30a868ac47e","preread":"0001-01-01T00:00:00Z","storage_stats":{},"precpu_stats":{"throttling_data":{"throttled_periods":0,"throttled_time":0,"periods":0},"cpu_usage":{"usage_in_usermode":0,"usage_in_kernelmode":0,"total_usage":0}},"pids_stats":{"current":40},"num_procs":0,"cpu_stats":{"throttling_data":{"throttled_periods":0,"throttled_time":0,"periods":0},"system_cpu_usage":5516159124522419,"online_cpus":128,"cpu_usage":{"usage_in_usermode":7820000000,"usage_in_kernelmode":2280000000,"total_usage":10055427135,"percpu_usage":[0,0,0,0,0,0,0,0,0,0,0,0,0,0,0,0,0,0,0,0,0,0,0,0,0,0,0,0,0,0,0,0,0,0,0,0,0,0,10055427135,0,0,0,0,0,0,0,0,0,0,0,0,0,0,0,0,0,0,0,0,0,0,0,0,0,0,0,0,0,0,0,0,0,0,0,0,0,0,0,0,0,0,0,0,0,0,0,0,0,0,0,0,0,0,0,0,0,0,0,0,0,0,0,0,0,0,0,0,0,0,0,0,0,0,0,0,0,0,0,0,0,0,0,0,0,0,0,0,0]}},"read":"2021-01-11T20:30:53.675527672Z"}