################################################################################
# PkgEval set-up: 2021-01-11T19:26:32.92
#

Julia Version 1.5.3
Commit 599f52c4c6 (2020-12-18 13:33 UTC)
Platform Info:
  OS: Linux (x86_64-linux-gnu)
  CPU: AMD EPYC 7502 32-Core Processor
  WORD_SIZE: 64
  LIBM: libopenlibm
  LLVM: libLLVM-9.0.1 (ORCJIT, znver2)
Environment:
  JULIA_PKG_PRECOMPILE_AUTO = 0
  JULIA_PKGEVAL = true

Base.julia_cmd() = `/opt/julia/bin/julia -Cnative -J/opt/julia/lib/julia/sys.so -g1`


################################################################################
# Installation: 2021-01-11T19:26:34.736
#

 Installing known registries into `~/.julia`
######################################################################## 100.0%
      Added registry `General` to `~/.julia/registries/General`
  Resolving package versions...
  Installed InterpretMe ─ v0.1.0
Updating `~/.julia/environments/v1.5/Project.toml`
  [e2b23942] + InterpretMe v0.1.0
Updating `~/.julia/environments/v1.5/Manifest.toml`
  [e2b23942] + InterpretMe v0.1.0
  [8f399da3] + Libdl
  [37e2e46d] + LinearAlgebra
  [9a3f8284] + Random
  [9e88b42a] + Serialization
  [2f01184e] + SparseArrays
  [10745b16] + Statistics


################################################################################
# Testing: 2021-01-11T19:26:38.322
#

    Testing InterpretMe
Status `/tmp/jl_sf9L6S/Project.toml`
  [e2b23942] InterpretMe v0.1.0
  [ce6b1742] RDatasets v0.7.3
  [3646fa90] ScikitLearn v0.6.3
  [37e2e46d] LinearAlgebra
  [10745b16] Statistics
  [8dfed614] Test
Status `/tmp/jl_sf9L6S/Manifest.toml`
  [56f22d72] Artifacts v1.3.0
  [336ed68f] CSV v0.8.2
  [324d7699] CategoricalArrays v0.9.0
  [944b1d66] CodecZlib v0.7.0
  [34da2185] Compat v3.25.0
  [8f4d0f93] Conda v1.5.0
  [a8cc5b0e] Crayons v4.0.4
  [9a962f9c] DataAPI v1.4.0
  [a93c6f00] DataFrames v0.22.2
  [864edb3b] DataStructures v0.18.8
  [e2d170a0] DataValueInterfaces v1.0.0
  [e2ba6199] ExprTools v0.1.3
  [8f5d6c58] EzXML v1.1.0
  [5789e2e9] FileIO v1.4.5
  [59287772] Formatting v0.4.2
  [e2b23942] InterpretMe v0.1.0
  [41ab1584] InvertedIndices v1.0.0
  [c8e1da08] IterTools v1.3.0
  [82899510] IteratorInterfaceExtensions v1.0.0
  [692b3bcd] JLLWrappers v1.2.0
  [682c06a0] JSON v0.21.1
  [94ce4f54] Libiconv_jll v1.16.0+7
  [1914dd2f] MacroTools v0.5.6
  [e1d29d7a] Missings v0.4.4
  [78c3b35d] Mocking v0.7.1
  [bac558e1] OrderedCollections v1.3.2
  [d96e819e] Parameters v0.12.1
  [69de0a69] Parsers v1.0.15
  [2dfb63ee] PooledArrays v0.5.3
  [08abe8d2] PrettyTables v0.10.1
  [438e738f] PyCall v1.92.2
  [df47a6cb] RData v0.7.3
  [ce6b1742] RDatasets v0.7.3
  [3cdcf5f2] RecipesBase v1.1.1
  [189a3867] Reexport v0.2.0
  [ae029012] Requires v1.1.2
  [3646fa90] ScikitLearn v0.6.3
  [6e75b9c4] ScikitLearnBase v0.5.0
  [91c51154] SentinelArrays v1.2.16
  [a2af1166] SortingAlgorithms v0.3.1
  [2913bbd2] StatsBase v0.33.2
  [856f2bd8] StructTypes v1.2.1
  [3783bdb8] TableTraits v1.0.0
  [bd369af6] Tables v1.2.2
  [f269a46b] TimeZones v1.5.3
  [3bb67fe8] TranscodingStreams v0.9.5
  [3a884ed6] UnPack v1.0.2
  [81def892] VersionParsing v1.2.0
  [02c8fc9c] XML2_jll v2.9.10+3
  [83775a58] Zlib_jll v1.2.11+18
  [2a0f44e3] Base64
  [ade2ca70] Dates
  [8bb1440f] DelimitedFiles
  [8ba89e20] Distributed
  [9fa8497b] Future
  [b77e0a4c] InteractiveUtils
  [76f85450] LibGit2
  [8f399da3] Libdl
  [37e2e46d] LinearAlgebra
  [56ddb016] Logging
  [d6f4376e] Markdown
  [a63ad114] Mmap
  [44cfe95a] Pkg
  [de0858da] Printf
  [3fa0cd96] REPL
  [9a3f8284] Random
  [ea8e919c] SHA
  [9e88b42a] Serialization
  [1a1011a3] SharedArrays
  [6462fe0b] Sockets
  [2f01184e] SparseArrays
  [10745b16] Statistics
  [8dfed614] Test
  [cf7118a7] UUIDs
  [4ec0a83e] Unicode
[ Info: Installing sklearn via the Conda scikit-learn package...
[ Info: Running `conda install -q -y scikit-learn` in root environment
Collecting package metadata (current_repodata.json): ...working... done
Solving environment: ...working... done

## Package Plan ##

  environment location: /home/pkgeval/.julia/conda/3

  added / updated specs:
    - scikit-learn


The following packages will be downloaded:

    package                    |            build
    ---------------------------|-----------------
    joblib-1.0.0               |     pyhd3eb1b0_0         208 KB
    libgfortran-ng-7.3.0       |       hdf63c60_0        1006 KB
    scikit-learn-0.23.2        |   py38h0573a6f_0         5.2 MB
    scipy-1.5.2                |   py38h0b6359f_0        14.5 MB
    threadpoolctl-2.1.0        |     pyh5ca1d4c_0          17 KB
    ------------------------------------------------------------
                                           Total:        20.8 MB

The following NEW packages will be INSTALLED:

  joblib             pkgs/main/noarch::joblib-1.0.0-pyhd3eb1b0_0
  libgfortran-ng     pkgs/main/linux-64::libgfortran-ng-7.3.0-hdf63c60_0
  scikit-learn       pkgs/main/linux-64::scikit-learn-0.23.2-py38h0573a6f_0
  scipy              pkgs/main/linux-64::scipy-1.5.2-py38h0b6359f_0
  threadpoolctl      pkgs/main/noarch::threadpoolctl-2.1.0-pyh5ca1d4c_0


Preparing transaction: ...working... done
Verifying transaction: ...working... done
Executing transaction: ...working... done
Test Summary:  | Pass  Total
InterpretMe.jl |    1      1
/home/pkgeval/.julia/conda/3/lib/python3.8/site-packages/sklearn/linear_model/_logistic.py:762: ConvergenceWarning: lbfgs failed to converge (status=1):
STOP: TOTAL NO. of ITERATIONS REACHED LIMIT.

Increase the number of iterations (max_iter) or scale the data as shown in:
    https://scikit-learn.org/stable/modules/preprocessing.html
Please also refer to the documentation for alternative solver options:
    https://scikit-learn.org/stable/modules/linear_model.html#logistic-regression
  n_iter_i = _check_optimize_result(
    Testing InterpretMe tests passed 

PkgEval succeeded


################################################################################
# PkgEval teardown: 2021-01-11T19:29:23.796
CPU usage: 168.77s (154.79s user, 14.27s kernel)

Network usage:
- eth0: 296.879 MiB received, 1.039 MiB sent

Raw statistics: {"blkio_stats":{"io_queue_recursive":[],"io_serviced_recursive":[{"major":259,"value":205,"op":"Read","minor":0},{"major":259,"value":38,"op":"Write","minor":0},{"major":259,"value":224,"op":"Sync","minor":0},{"major":259,"value":19,"op":"Async","minor":0},{"major":259,"value":0,"op":"Discard","minor":0},{"major":259,"value":243,"op":"Total","minor":0},{"major":253,"value":205,"op":"Read","minor":2},{"major":253,"value":38,"op":"Write","minor":2},{"major":253,"value":224,"op":"Sync","minor":2},{"major":253,"value":19,"op":"Async","minor":2},{"major":253,"value":0,"op":"Discard","minor":2},{"major":253,"value":243,"op":"Total","minor":2}],"io_time_recursive":[],"sectors_recursive":[],"io_service_bytes_recursive":[{"major":259,"value":839680,"op":"Read","minor":0},{"major":259,"value":192512,"op":"Write","minor":0},{"major":259,"value":946176,"op":"Sync","minor":0},{"major":259,"value":86016,"op":"Async","minor":0},{"major":259,"value":0,"op":"Discard","minor":0},{"major":259,"value":1032192,"op":"Total","minor":0},{"major":253,"value":839680,"op":"Read","minor":2},{"major":253,"value":192512,"op":"Write","minor":2},{"major":253,"value":946176,"op":"Sync","minor":2},{"major":253,"value":86016,"op":"Async","minor":2},{"major":253,"value":0,"op":"Discard","minor":2},{"major":253,"value":1032192,"op":"Total","minor":2}],"io_wait_time_recursive":[],"io_merged_recursive":[],"io_service_time_recursive":[]},"memory_stats":{"usage":2151448576,"max_usage":3506753536,"stats":{"hierarchical_memory_limit":9223372036854771712,"pgmajfault":0,"total_rss":229752832,"inactive_file":135168,"inactive_anon":1302343680,"total_pgfault":4557597,"total_cache":1854476288,"total_rss_huge":0,"total_active_anon":763293696,"total_pgmajfault":0,"pgpgin":3604590,"rss_huge":0,"mapped_file":0,"total_inactive_file":135168,"dirty":540672,"total_unevictable":0,"total_dirty":540672,"writeback":0,"pgpgout":3095747,"hierarchical_memsw_limit":0,"cache":1854476288,"active_file":18788352,"pgfault":4557597,"total_mapped_file":0,"total_pgpgout":3095747,"total_writeback":0,"rss":229752832,"unevictable":0,"total_inactive_anon":1302343680,"total_pgpgin":3604590,"active_anon":763293696,"total_active_file":18788352},"limit":540965302272},"name":"/InterpretMe-zHtoS3mC","networks":{"eth0":{"rx_bytes":311300614,"rx_packets":29291,"tx_packets":16601,"tx_bytes":1089752,"tx_dropped":0,"rx_dropped":6,"tx_errors":0,"rx_errors":0}},"id":"120174665ad748be4fdb62937d556f0a24eb8eff5787cbe0b7676aba356d7e25","preread":"0001-01-01T00:00:00Z","storage_stats":{},"precpu_stats":{"throttling_data":{"throttled_periods":0,"throttled_time":0,"periods":0},"cpu_usage":{"usage_in_usermode":0,"usage_in_kernelmode":0,"total_usage":0}},"pids_stats":{"current":40},"num_procs":0,"cpu_stats":{"throttling_data":{"throttled_periods":0,"throttled_time":0,"periods":0},"system_cpu_usage":5044495204522419,"online_cpus":128,"cpu_usage":{"usage_in_usermode":154790000000,"usage_in_kernelmode":14270000000,"total_usage":168766793986,"percpu_usage":[0,0,0,0,0,0,0,0,0,0,0,0,0,0,0,0,0,0,0,0,0,0,0,0,0,0,0,0,0,0,0,0,0,0,0,0,0,0,0,0,0,0,0,0,0,0,0,0,0,0,0,0,168770781068,0,0,0,0,0,0,0,0,0,0,0,0,0,0,0,0,0,0,0,0,0,0,0,0,0,0,0,0,0,0,0,0,0,0,0,0,0,0,0,0,0,0,0,0,0,0,0,0,0,0,0,0,0,0,0,0,0,0,0,0,0,0,0,0,12800,0,0,0,0,0,0,0,0,0,0]}},"read":"2021-01-11T19:29:23.799220912Z"}