################################################################################
# PackageCompiler set-up: 2021-01-11T21:01:38.553
#

Julia Version 1.5.3
Commit 599f52c4c6 (2020-12-18 13:33 UTC)
Platform Info:
  OS: Linux (x86_64-linux-gnu)
  CPU: AMD EPYC 7502 32-Core Processor
  WORD_SIZE: 64
  LIBM: libopenlibm
  LLVM: libLLVM-9.0.1 (ORCJIT, znver2)
Environment:
  JULIA_PKGEVAL = true
  JULIA_PKG_PRECOMPILE_AUTO = 0



################################################################################
# Installation: 2021-01-11T21:01:40.268
#

 Installing known registries into `~/.julia`
########                                                                  12.0%######################################################################## 100.0%
      Added registry `General` to `~/.julia/registries/General`
  Resolving package versions...
  Installed Missings ──────────────────── v0.4.4
  Installed DataAPI ───────────────────── v1.4.0
  Installed IteratorInterfaceExtensions ─ v1.0.0
  Installed IterableTables ────────────── v1.0.0
  Installed Requires ──────────────────── v1.1.2
  Installed TableTraits ───────────────── v1.0.0
  Installed TableTraitsUtils ──────────── v1.0.1
  Installed PackageCompiler ───────────── v1.2.5
  Installed DataValueInterfaces ───────── v1.0.0
  Installed DataValues ────────────────── v0.4.13
Updating `~/.julia/environments/v1.5/Project.toml`
  [1c8ee90f] + IterableTables v1.0.0
  [9b87118b] + PackageCompiler v1.2.5
Updating `~/.julia/environments/v1.5/Manifest.toml`
  [9a962f9c] + DataAPI v1.4.0
  [e2d170a0] + DataValueInterfaces v1.0.0
  [e7dc6d0d] + DataValues v0.4.13
  [1c8ee90f] + IterableTables v1.0.0
  [82899510] + IteratorInterfaceExtensions v1.0.0
  [e1d29d7a] + Missings v0.4.4
  [9b87118b] + PackageCompiler v1.2.5
  [ae029012] + Requires v1.1.2
  [3783bdb8] + TableTraits v1.0.0
  [382cd787] + TableTraitsUtils v1.0.1
  [2a0f44e3] + Base64
  [ade2ca70] + Dates
  [b77e0a4c] + InteractiveUtils
  [76f85450] + LibGit2
  [8f399da3] + Libdl
  [56ddb016] + Logging
  [d6f4376e] + Markdown
  [44cfe95a] + Pkg
  [de0858da] + Printf
  [3fa0cd96] + REPL
  [9a3f8284] + Random
  [ea8e919c] + SHA
  [9e88b42a] + Serialization
  [6462fe0b] + Sockets
  [cf7118a7] + UUIDs
  [4ec0a83e] + Unicode


################################################################################
# Compiling: 2021-01-11T21:01:46.076
#

[ Info: PackageCompiler: creating system image object file, this might take a while...
Generated system image is 155.575 MiB, compilation took 185 seconds


################################################################################
# PkgEval set-up: 2021-01-11T21:04:58.936
#

Julia Version 1.5.3
Commit 599f52c4c6 (2020-12-18 13:33 UTC)
Platform Info:
  OS: Linux (x86_64-linux-gnu)
  CPU: AMD EPYC 7502 32-Core Processor
  WORD_SIZE: 64
  LIBM: libopenlibm
  LLVM: libLLVM-9.0.1 (ORCJIT, znver2)
Environment:
  JULIA_PKGEVAL = true
  JULIA_PKG_PRECOMPILE_AUTO = 0

Base.julia_cmd() = `/usr/local/julia/bin/julia -Cnative -J/cache/IterableTables-06cn9K1M.so -g1`


################################################################################
# Installation: 2021-01-11T21:05:00.841
#

 Installing known registries into `~/.julia`
######################################################################## 100.0%
      Added registry `General` to `~/.julia/registries/General`
  Resolving package versions...
  Installed Requires ──────────────────── v1.1.2
  Installed Missings ──────────────────── v0.4.4
  Installed DataAPI ───────────────────── v1.4.0
  Installed IteratorInterfaceExtensions ─ v1.0.0
  Installed TableTraits ───────────────── v1.0.0
  Installed IterableTables ────────────── v1.0.0
  Installed TableTraitsUtils ──────────── v1.0.1
  Installed DataValueInterfaces ───────── v1.0.0
  Installed DataValues ────────────────── v0.4.13
Updating `~/.julia/environments/v1.5/Project.toml`
  [1c8ee90f] + IterableTables v1.0.0
Updating `~/.julia/environments/v1.5/Manifest.toml`
  [9a962f9c] + DataAPI v1.4.0
  [e2d170a0] + DataValueInterfaces v1.0.0
  [e7dc6d0d] + DataValues v0.4.13
  [1c8ee90f] + IterableTables v1.0.0
  [82899510] + IteratorInterfaceExtensions v1.0.0
  [e1d29d7a] + Missings v0.4.4
  [ae029012] + Requires v1.1.2
  [3783bdb8] + TableTraits v1.0.0
  [382cd787] + TableTraitsUtils v1.0.1
  [ade2ca70] + Dates
  [de0858da] + Printf
  [9a3f8284] + Random
  [ea8e919c] + SHA
  [9e88b42a] + Serialization
  [cf7118a7] + UUIDs
  [4ec0a83e] + Unicode


################################################################################
# Testing: 2021-01-11T21:05:05.985
#

    Testing IterableTables
┌ Error: Pkg.Resolve.ResolverError("empty intersection between Requires@1.1.2 and project compatibility 0.5.2-0.5", nothing)
└ @ Pkg.Operations /workspace/srcdir/usr/share/julia/stdlib/v1.5/Pkg/src/Operations.jl:1427
Status `/tmp/jl_wtHcLa/Project.toml`
  [a93c6f00] DataFrames v0.22.2
  [e7dc6d0d] DataValues v0.4.13
  [38e38edf] GLM v1.3.11
  [1c8ee90f] IterableTables v1.0.0
  [82899510] IteratorInterfaceExtensions v1.0.0
  [ae029012] Requires v0.5.2
  [3eaba693] StatsModels v0.6.18
  [3783bdb8] TableTraits v1.0.0
  [382cd787] TableTraitsUtils v1.0.1
  [a110ec8f] Temporal v0.8.0
  [9e3dc215] TimeSeries v0.20.0
  [8dfed614] Test
Status `/tmp/jl_wtHcLa/Manifest.toml`
  [56f22d72] Artifacts v1.3.0
  [324d7699] CategoricalArrays v0.9.0
  [34da2185] Compat v3.25.0
  [e66e0078] CompilerSupportLibraries_jll v0.3.4+0
  [a8cc5b0e] Crayons v4.0.4
  [9a962f9c] DataAPI v1.4.0
  [a93c6f00] DataFrames v0.22.2
  [864edb3b] DataStructures v0.18.8
  [e2d170a0] DataValueInterfaces v1.0.0
  [e7dc6d0d] DataValues v0.4.13
  [31c24e10] Distributions v0.24.10
  [ffbed154] DocStringExtensions v0.8.3
  [1a297f60] FillArrays v0.10.2
  [59287772] Formatting v0.4.2
  [38e38edf] GLM v1.3.11
  [cd3eb016] HTTP v0.8.19
  [83e8ac13] IniFile v0.5.0
  [41ab1584] InvertedIndices v1.0.0
  [1c8ee90f] IterableTables v1.0.0
  [82899510] IteratorInterfaceExtensions v1.0.0
  [692b3bcd] JLLWrappers v1.2.0
  [682c06a0] JSON v0.21.1
  [739be429] MbedTLS v1.0.3
  [c8ffd9c3] MbedTLS_jll v2.16.8+1
  [e1d29d7a] Missings v0.4.4
  [efe28fd5] OpenSpecFun_jll v0.5.3+4
  [bac558e1] OrderedCollections v1.3.2
  [90014a1f] PDMats v0.10.1
  [69de0a69] Parsers v1.0.15
  [2dfb63ee] PooledArrays v0.5.3
  [08abe8d2] PrettyTables v0.10.1
  [1fd47b50] QuadGK v2.4.1
  [3cdcf5f2] RecipesBase v1.1.1
  [189a3867] Reexport v0.2.0
  [ae029012] Requires v0.5.2
  [79098fc4] Rmath v0.6.1
  [f50d1b31] Rmath_jll v0.2.2+1
  [1277b4bf] ShiftedArrays v1.0.0
  [a2af1166] SortingAlgorithms v0.3.1
  [276daf66] SpecialFunctions v0.10.3
  [2913bbd2] StatsBase v0.33.2
  [4c63d2b9] StatsFuns v0.9.6
  [3eaba693] StatsModels v0.6.18
  [856f2bd8] StructTypes v1.2.1
  [3783bdb8] TableTraits v1.0.0
  [382cd787] TableTraitsUtils v1.0.1
  [bd369af6] Tables v1.2.2
  [a110ec8f] Temporal v0.8.0
  [9e3dc215] TimeSeries v0.20.0
  [2a0f44e3] Base64
  [ade2ca70] Dates
  [8bb1440f] DelimitedFiles
  [8ba89e20] Distributed
  [9fa8497b] Future
  [b77e0a4c] InteractiveUtils
  [76f85450] LibGit2
  [8f399da3] Libdl
  [37e2e46d] LinearAlgebra
  [56ddb016] Logging
  [d6f4376e] Markdown
  [a63ad114] Mmap
  [44cfe95a] Pkg
  [de0858da] Printf
  [3fa0cd96] REPL
  [9a3f8284] Random
  [ea8e919c] SHA
  [9e88b42a] Serialization
  [1a1011a3] SharedArrays
  [6462fe0b] Sockets
  [2f01184e] SparseArrays
  [10745b16] Statistics
  [4607b0f0] SuiteSparse
  [8dfed614] Test
  [cf7118a7] UUIDs
  [4ec0a83e] Unicode
DataFrames: Error During Test at /home/user/.julia/packages/IterableTables/MvidQ/test/test_integration_dataframes.jl:35
  Test threw exception
  Expression: df[:a] isa Array
  ArgumentError: syntax df[column] is not supported use df[!, column] instead
  Stacktrace:
   [1] getindex(::DataFrame, ::Symbol) at /home/user/.julia/packages/DataFrames/yqToF/src/abstractdataframe/abstractdataframe.jl:2001
   [2] top-level scope at /home/user/.julia/packages/IterableTables/MvidQ/test/test_integration_dataframes.jl:35
   [3] top-level scope at /workspace/srcdir/usr/share/julia/stdlib/v1.5/Test/src/Test.jl:1115
   [4] top-level scope at /home/user/.julia/packages/IterableTables/MvidQ/test/test_integration_dataframes.jl:9
  
DataFrames: Error During Test at /home/user/.julia/packages/IterableTables/MvidQ/test/test_integration_dataframes.jl:36
  Test threw exception
  Expression: df[:b] isa Array
  ArgumentError: syntax df[column] is not supported use df[!, column] instead
  Stacktrace:
   [1] getindex(::DataFrame, ::Symbol) at /home/user/.julia/packages/DataFrames/yqToF/src/abstractdataframe/abstractdataframe.jl:2001
   [2] top-level scope at /home/user/.julia/packages/IterableTables/MvidQ/test/test_integration_dataframes.jl:36
   [3] top-level scope at /workspace/srcdir/usr/share/julia/stdlib/v1.5/Test/src/Test.jl:1115
   [4] top-level scope at /home/user/.julia/packages/IterableTables/MvidQ/test/test_integration_dataframes.jl:9
  
DataFrames: Error During Test at /home/user/.julia/packages/IterableTables/MvidQ/test/test_integration_dataframes.jl:37
  Test threw exception
  Expression: df[:c] isa Array
  ArgumentError: syntax df[column] is not supported use df[!, column] instead
  Stacktrace:
   [1] getindex(::DataFrame, ::Symbol) at /home/user/.julia/packages/DataFrames/yqToF/src/abstractdataframe/abstractdataframe.jl:2001
   [2] top-level scope at /home/user/.julia/packages/IterableTables/MvidQ/test/test_integration_dataframes.jl:37
   [3] top-level scope at /workspace/srcdir/usr/share/julia/stdlib/v1.5/Test/src/Test.jl:1115
   [4] top-level scope at /home/user/.julia/packages/IterableTables/MvidQ/test/test_integration_dataframes.jl:9
  
DataFrames: Error During Test at /home/user/.julia/packages/IterableTables/MvidQ/test/test_integration_dataframes.jl:38
  Test threw exception
  Expression: df[:a] == [1, 2, 3]
  ArgumentError: syntax df[column] is not supported use df[!, column] instead
  Stacktrace:
   [1] getindex(::DataFrame, ::Symbol) at /home/user/.julia/packages/DataFrames/yqToF/src/abstractdataframe/abstractdataframe.jl:2001
   [2] top-level scope at /home/user/.julia/packages/IterableTables/MvidQ/test/test_integration_dataframes.jl:38
   [3] top-level scope at /workspace/srcdir/usr/share/julia/stdlib/v1.5/Test/src/Test.jl:1115
   [4] top-level scope at /home/user/.julia/packages/IterableTables/MvidQ/test/test_integration_dataframes.jl:9
  
DataFrames: Error During Test at /home/user/.julia/packages/IterableTables/MvidQ/test/test_integration_dataframes.jl:39
  Test threw exception
  Expression: df[:b] == [1.0, 2.0, 3.0]
  ArgumentError: syntax df[column] is not supported use df[!, column] instead
  Stacktrace:
   [1] getindex(::DataFrame, ::Symbol) at /home/user/.julia/packages/DataFrames/yqToF/src/abstractdataframe/abstractdataframe.jl:2001
   [2] top-level scope at /home/user/.julia/packages/IterableTables/MvidQ/test/test_integration_dataframes.jl:39
   [3] top-level scope at /workspace/srcdir/usr/share/julia/stdlib/v1.5/Test/src/Test.jl:1115
   [4] top-level scope at /home/user/.julia/packages/IterableTables/MvidQ/test/test_integration_dataframes.jl:9
  
DataFrames: Error During Test at /home/user/.julia/packages/IterableTables/MvidQ/test/test_integration_dataframes.jl:40
  Test threw exception
  Expression: df[:c] == ["A", "B", "C"]
  ArgumentError: syntax df[column] is not supported use df[!, column] instead
  Stacktrace:
   [1] getindex(::DataFrame, ::Symbol) at /home/user/.julia/packages/DataFrames/yqToF/src/abstractdataframe/abstractdataframe.jl:2001
   [2] top-level scope at /home/user/.julia/packages/IterableTables/MvidQ/test/test_integration_dataframes.jl:40
   [3] top-level scope at /workspace/srcdir/usr/share/julia/stdlib/v1.5/Test/src/Test.jl:1115
   [4] top-level scope at /home/user/.julia/packages/IterableTables/MvidQ/test/test_integration_dataframes.jl:9
  
DataFrames: Error During Test at /home/user/.julia/packages/IterableTables/MvidQ/test/test_integration_dataframes.jl:46
  Test threw exception
  Expression: df[:a] isa Vector{Union{Int, Missing}}
  ArgumentError: syntax df[column] is not supported use df[!, column] instead
  Stacktrace:
   [1] getindex(::DataFrame, ::Symbol) at /home/user/.julia/packages/DataFrames/yqToF/src/abstractdataframe/abstractdataframe.jl:2001
   [2] top-level scope at /home/user/.julia/packages/IterableTables/MvidQ/test/test_integration_dataframes.jl:46
   [3] top-level scope at /workspace/srcdir/usr/share/julia/stdlib/v1.5/Test/src/Test.jl:1115
   [4] top-level scope at /home/user/.julia/packages/IterableTables/MvidQ/test/test_integration_dataframes.jl:9
  
DataFrames: Error During Test at /home/user/.julia/packages/IterableTables/MvidQ/test/test_integration_dataframes.jl:47
  Test threw exception
  Expression: df[:b] isa Vector{Union{Float64, Missing}}
  ArgumentError: syntax df[column] is not supported use df[!, column] instead
  Stacktrace:
   [1] getindex(::DataFrame, ::Symbol) at /home/user/.julia/packages/DataFrames/yqToF/src/abstractdataframe/abstractdataframe.jl:2001
   [2] top-level scope at /home/user/.julia/packages/IterableTables/MvidQ/test/test_integration_dataframes.jl:47
   [3] top-level scope at /workspace/srcdir/usr/share/julia/stdlib/v1.5/Test/src/Test.jl:1115
   [4] top-level scope at /home/user/.julia/packages/IterableTables/MvidQ/test/test_integration_dataframes.jl:9
  
DataFrames: Error During Test at /home/user/.julia/packages/IterableTables/MvidQ/test/test_integration_dataframes.jl:48
  Test threw exception
  Expression: df[:c] isa Vector{Union{String, Missing}}
  ArgumentError: syntax df[column] is not supported use df[!, column] instead
  Stacktrace:
   [1] getindex(::DataFrame, ::Symbol) at /home/user/.julia/packages/DataFrames/yqToF/src/abstractdataframe/abstractdataframe.jl:2001
   [2] top-level scope at /home/user/.julia/packages/IterableTables/MvidQ/test/test_integration_dataframes.jl:48
   [3] top-level scope at /workspace/srcdir/usr/share/julia/stdlib/v1.5/Test/src/Test.jl:1115
   [4] top-level scope at /home/user/.julia/packages/IterableTables/MvidQ/test/test_integration_dataframes.jl:9
  
DataFrames: Error During Test at /home/user/.julia/packages/IterableTables/MvidQ/test/test_integration_dataframes.jl:49
  Test threw exception
  Expression: df[:a] == [1, 2, 3]
  ArgumentError: syntax df[column] is not supported use df[!, column] instead
  Stacktrace:
   [1] getindex(::DataFrame, ::Symbol) at /home/user/.julia/packages/DataFrames/yqToF/src/abstractdataframe/abstractdataframe.jl:2001
   [2] top-level scope at /home/user/.julia/packages/IterableTables/MvidQ/test/test_integration_dataframes.jl:49
   [3] top-level scope at /workspace/srcdir/usr/share/julia/stdlib/v1.5/Test/src/Test.jl:1115
   [4] top-level scope at /home/user/.julia/packages/IterableTables/MvidQ/test/test_integration_dataframes.jl:9
  
DataFrames: Error During Test at /home/user/.julia/packages/IterableTables/MvidQ/test/test_integration_dataframes.jl:50
  Test threw exception
  Expression: df[:b] == [1.0, 2.0, 3.0]
  ArgumentError: syntax df[column] is not supported use df[!, column] instead
  Stacktrace:
   [1] getindex(::DataFrame, ::Symbol) at /home/user/.julia/packages/DataFrames/yqToF/src/abstractdataframe/abstractdataframe.jl:2001
   [2] top-level scope at /home/user/.julia/packages/IterableTables/MvidQ/test/test_integration_dataframes.jl:50
   [3] top-level scope at /workspace/srcdir/usr/share/julia/stdlib/v1.5/Test/src/Test.jl:1115
   [4] top-level scope at /home/user/.julia/packages/IterableTables/MvidQ/test/test_integration_dataframes.jl:9
  
DataFrames: Error During Test at /home/user/.julia/packages/IterableTables/MvidQ/test/test_integration_dataframes.jl:51
  Test threw exception
  Expression: df[:c] == ["A", "B", "C"]
  ArgumentError: syntax df[column] is not supported use df[!, column] instead
  Stacktrace:
   [1] getindex(::DataFrame, ::Symbol) at /home/user/.julia/packages/DataFrames/yqToF/src/abstractdataframe/abstractdataframe.jl:2001
   [2] top-level scope at /home/user/.julia/packages/IterableTables/MvidQ/test/test_integration_dataframes.jl:51
   [3] top-level scope at /workspace/srcdir/usr/share/julia/stdlib/v1.5/Test/src/Test.jl:1115
   [4] top-level scope at /home/user/.julia/packages/IterableTables/MvidQ/test/test_integration_dataframes.jl:9
  
TimeSeries: Error During Test at /home/user/.julia/packages/IterableTables/MvidQ/test/test_integration_timeseries.jl:22
  Test threw exception
  Expression: df1[:timestamp] == dates
  ArgumentError: syntax df[column] is not supported use df[!, column] instead
  Stacktrace:
   [1] getindex(::DataFrame, ::Symbol) at /home/user/.julia/packages/DataFrames/yqToF/src/abstractdataframe/abstractdataframe.jl:2001
   [2] top-level scope at /home/user/.julia/packages/IterableTables/MvidQ/test/test_integration_timeseries.jl:22
   [3] top-level scope at /workspace/srcdir/usr/share/julia/stdlib/v1.5/Test/src/Test.jl:1115
   [4] top-level scope at /home/user/.julia/packages/IterableTables/MvidQ/test/test_integration_timeseries.jl:10
  
TimeSeries: Error During Test at /home/user/.julia/packages/IterableTables/MvidQ/test/test_integration_timeseries.jl:23
  Test threw exception
  Expression: df1[:A] == [1, 2, 3]
  ArgumentError: syntax df[column] is not supported use df[!, column] instead
  Stacktrace:
   [1] getindex(::DataFrame, ::Symbol) at /home/user/.julia/packages/DataFrames/yqToF/src/abstractdataframe/abstractdataframe.jl:2001
   [2] top-level scope at /home/user/.julia/packages/IterableTables/MvidQ/test/test_integration_timeseries.jl:23
   [3] top-level scope at /workspace/srcdir/usr/share/julia/stdlib/v1.5/Test/src/Test.jl:1115
   [4] top-level scope at /home/user/.julia/packages/IterableTables/MvidQ/test/test_integration_timeseries.jl:10
  
TimeSeries: Error During Test at /home/user/.julia/packages/IterableTables/MvidQ/test/test_integration_timeseries.jl:28
  Test threw exception
  Expression: df2[:timestamp] == dates
  ArgumentError: syntax df[column] is not supported use df[!, column] instead
  Stacktrace:
   [1] getindex(::DataFrame, ::Symbol) at /home/user/.julia/packages/DataFrames/yqToF/src/abstractdataframe/abstractdataframe.jl:2001
   [2] top-level scope at /home/user/.julia/packages/IterableTables/MvidQ/test/test_integration_timeseries.jl:28
   [3] top-level scope at /workspace/srcdir/usr/share/julia/stdlib/v1.5/Test/src/Test.jl:1115
   [4] top-level scope at /home/user/.julia/packages/IterableTables/MvidQ/test/test_integration_timeseries.jl:10
  
TimeSeries: Error During Test at /home/user/.julia/packages/IterableTables/MvidQ/test/test_integration_timeseries.jl:29
  Test threw exception
  Expression: df2[:a] == [1, 2, 3]
  ArgumentError: syntax df[column] is not supported use df[!, column] instead
  Stacktrace:
   [1] getindex(::DataFrame, ::Symbol) at /home/user/.julia/packages/DataFrames/yqToF/src/abstractdataframe/abstractdataframe.jl:2001
   [2] top-level scope at /home/user/.julia/packages/IterableTables/MvidQ/test/test_integration_timeseries.jl:29
   [3] top-level scope at /workspace/srcdir/usr/share/julia/stdlib/v1.5/Test/src/Test.jl:1115
   [4] top-level scope at /home/user/.julia/packages/IterableTables/MvidQ/test/test_integration_timeseries.jl:10
  
TimeSeries: Error During Test at /home/user/.julia/packages/IterableTables/MvidQ/test/test_integration_timeseries.jl:34
  Test threw exception
  Expression: df3[:timestamp] == dates
  ArgumentError: syntax df[column] is not supported use df[!, column] instead
  Stacktrace:
   [1] getindex(::DataFrame, ::Symbol) at /home/user/.julia/packages/DataFrames/yqToF/src/abstractdataframe/abstractdataframe.jl:2001
   [2] top-level scope at /home/user/.julia/packages/IterableTables/MvidQ/test/test_integration_timeseries.jl:34
   [3] top-level scope at /workspace/srcdir/usr/share/julia/stdlib/v1.5/Test/src/Test.jl:1115
   [4] top-level scope at /home/user/.julia/packages/IterableTables/MvidQ/test/test_integration_timeseries.jl:10
  
TimeSeries: Error During Test at /home/user/.julia/packages/IterableTables/MvidQ/test/test_integration_timeseries.jl:35
  Test threw exception
  Expression: df3[:a] == [1, 2, 3]
  ArgumentError: syntax df[column] is not supported use df[!, column] instead
  Stacktrace:
   [1] getindex(::DataFrame, ::Symbol) at /home/user/.julia/packages/DataFrames/yqToF/src/abstractdataframe/abstractdataframe.jl:2001
   [2] top-level scope at /home/user/.julia/packages/IterableTables/MvidQ/test/test_integration_timeseries.jl:35
   [3] top-level scope at /workspace/srcdir/usr/share/julia/stdlib/v1.5/Test/src/Test.jl:1115
   [4] top-level scope at /home/user/.julia/packages/IterableTables/MvidQ/test/test_integration_timeseries.jl:10
  
TimeSeries: Error During Test at /home/user/.julia/packages/IterableTables/MvidQ/test/test_integration_timeseries.jl:36
  Test threw exception
  Expression: df3[:b] == [3, 2, 1]
  ArgumentError: syntax df[column] is not supported use df[!, column] instead
  Stacktrace:
   [1] getindex(::DataFrame, ::Symbol) at /home/user/.julia/packages/DataFrames/yqToF/src/abstractdataframe/abstractdataframe.jl:2001
   [2] top-level scope at /home/user/.julia/packages/IterableTables/MvidQ/test/test_integration_timeseries.jl:36
   [3] top-level scope at /workspace/srcdir/usr/share/julia/stdlib/v1.5/Test/src/Test.jl:1115
   [4] top-level scope at /home/user/.julia/packages/IterableTables/MvidQ/test/test_integration_timeseries.jl:10
  
TimeSeries: Error During Test at /home/user/.julia/packages/IterableTables/MvidQ/test/test_integration_timeseries.jl:41
  Test threw exception
  Expression: df4[:timestamp] == dates
  ArgumentError: syntax df[column] is not supported use df[!, column] instead
  Stacktrace:
   [1] getindex(::DataFrame, ::Symbol) at /home/user/.julia/packages/DataFrames/yqToF/src/abstractdataframe/abstractdataframe.jl:2001
   [2] top-level scope at /home/user/.julia/packages/IterableTables/MvidQ/test/test_integration_timeseries.jl:41
   [3] top-level scope at /workspace/srcdir/usr/share/julia/stdlib/v1.5/Test/src/Test.jl:1115
   [4] top-level scope at /home/user/.julia/packages/IterableTables/MvidQ/test/test_integration_timeseries.jl:10
  
TimeSeries: Error During Test at /home/user/.julia/packages/IterableTables/MvidQ/test/test_integration_timeseries.jl:42
  Test threw exception
  Expression: df4[:A] == [1, 2, 3]
  ArgumentError: syntax df[column] is not supported use df[!, column] instead
  Stacktrace:
   [1] getindex(::DataFrame, ::Symbol) at /home/user/.julia/packages/DataFrames/yqToF/src/abstractdataframe/abstractdataframe.jl:2001
   [2] top-level scope at /home/user/.julia/packages/IterableTables/MvidQ/test/test_integration_timeseries.jl:42
   [3] top-level scope at /workspace/srcdir/usr/share/julia/stdlib/v1.5/Test/src/Test.jl:1115
   [4] top-level scope at /home/user/.julia/packages/IterableTables/MvidQ/test/test_integration_timeseries.jl:10
  
TimeSeries: Error During Test at /home/user/.julia/packages/IterableTables/MvidQ/test/test_integration_timeseries.jl:43
  Test threw exception
  Expression: df4[:B] == [3, 2, 1]
  ArgumentError: syntax df[column] is not supported use df[!, column] instead
  Stacktrace:
   [1] getindex(::DataFrame, ::Symbol) at /home/user/.julia/packages/DataFrames/yqToF/src/abstractdataframe/abstractdataframe.jl:2001
   [2] top-level scope at /home/user/.julia/packages/IterableTables/MvidQ/test/test_integration_timeseries.jl:43
   [3] top-level scope at /workspace/srcdir/usr/share/julia/stdlib/v1.5/Test/src/Test.jl:1115
   [4] top-level scope at /home/user/.julia/packages/IterableTables/MvidQ/test/test_integration_timeseries.jl:10
  
Temporal: Error During Test at /home/user/.julia/packages/IterableTables/MvidQ/test/test_integration_temporal.jl:22
  Test threw exception
  Expression: df1[:Index] == dates
  ArgumentError: syntax df[column] is not supported use df[!, column] instead
  Stacktrace:
   [1] getindex(::DataFrame, ::Symbol) at /home/user/.julia/packages/DataFrames/yqToF/src/abstractdataframe/abstractdataframe.jl:2001
   [2] top-level scope at /home/user/.julia/packages/IterableTables/MvidQ/test/test_integration_temporal.jl:22
   [3] top-level scope at /workspace/srcdir/usr/share/julia/stdlib/v1.5/Test/src/Test.jl:1115
   [4] top-level scope at /home/user/.julia/packages/IterableTables/MvidQ/test/test_integration_temporal.jl:10
  
Temporal: Error During Test at /home/user/.julia/packages/IterableTables/MvidQ/test/test_integration_temporal.jl:23
  Test threw exception
  Expression: df1[:value] == [1, 2, 3]
  ArgumentError: syntax df[column] is not supported use df[!, column] instead
  Stacktrace:
   [1] getindex(::DataFrame, ::Symbol) at /home/user/.julia/packages/DataFrames/yqToF/src/abstractdataframe/abstractdataframe.jl:2001
   [2] top-level scope at /home/user/.julia/packages/IterableTables/MvidQ/test/test_integration_temporal.jl:23
   [3] top-level scope at /workspace/srcdir/usr/share/julia/stdlib/v1.5/Test/src/Test.jl:1115
   [4] top-level scope at /home/user/.julia/packages/IterableTables/MvidQ/test/test_integration_temporal.jl:10
  
Temporal: Error During Test at /home/user/.julia/packages/IterableTables/MvidQ/test/test_integration_temporal.jl:28
  Test threw exception
  Expression: df2[:Index] == dates
  ArgumentError: syntax df[column] is not supported use df[!, column] instead
  Stacktrace:
   [1] getindex(::DataFrame, ::Symbol) at /home/user/.julia/packages/DataFrames/yqToF/src/abstractdataframe/abstractdataframe.jl:2001
   [2] top-level scope at /home/user/.julia/packages/IterableTables/MvidQ/test/test_integration_temporal.jl:28
   [3] top-level scope at /workspace/srcdir/usr/share/julia/stdlib/v1.5/Test/src/Test.jl:1115
   [4] top-level scope at /home/user/.julia/packages/IterableTables/MvidQ/test/test_integration_temporal.jl:10
  
Temporal: Error During Test at /home/user/.julia/packages/IterableTables/MvidQ/test/test_integration_temporal.jl:29
  Test threw exception
  Expression: df2[:a] == [1, 2, 3]
  ArgumentError: syntax df[column] is not supported use df[!, column] instead
  Stacktrace:
   [1] getindex(::DataFrame, ::Symbol) at /home/user/.julia/packages/DataFrames/yqToF/src/abstractdataframe/abstractdataframe.jl:2001
   [2] top-level scope at /home/user/.julia/packages/IterableTables/MvidQ/test/test_integration_temporal.jl:29
   [3] top-level scope at /workspace/srcdir/usr/share/julia/stdlib/v1.5/Test/src/Test.jl:1115
   [4] top-level scope at /home/user/.julia/packages/IterableTables/MvidQ/test/test_integration_temporal.jl:10
  
Temporal: Error During Test at /home/user/.julia/packages/IterableTables/MvidQ/test/test_integration_temporal.jl:34
  Test threw exception
  Expression: df3[:Index] == dates
  ArgumentError: syntax df[column] is not supported use df[!, column] instead
  Stacktrace:
   [1] getindex(::DataFrame, ::Symbol) at /home/user/.julia/packages/DataFrames/yqToF/src/abstractdataframe/abstractdataframe.jl:2001
   [2] top-level scope at /home/user/.julia/packages/IterableTables/MvidQ/test/test_integration_temporal.jl:34
   [3] top-level scope at /workspace/srcdir/usr/share/julia/stdlib/v1.5/Test/src/Test.jl:1115
   [4] top-level scope at /home/user/.julia/packages/IterableTables/MvidQ/test/test_integration_temporal.jl:10
  
Temporal: Error During Test at /home/user/.julia/packages/IterableTables/MvidQ/test/test_integration_temporal.jl:35
  Test threw exception
  Expression: df3[:a] == [1, 2, 3]
  ArgumentError: syntax df[column] is not supported use df[!, column] instead
  Stacktrace:
   [1] getindex(::DataFrame, ::Symbol) at /home/user/.julia/packages/DataFrames/yqToF/src/abstractdataframe/abstractdataframe.jl:2001
   [2] top-level scope at /home/user/.julia/packages/IterableTables/MvidQ/test/test_integration_temporal.jl:35
   [3] top-level scope at /workspace/srcdir/usr/share/julia/stdlib/v1.5/Test/src/Test.jl:1115
   [4] top-level scope at /home/user/.julia/packages/IterableTables/MvidQ/test/test_integration_temporal.jl:10
  
Temporal: Error During Test at /home/user/.julia/packages/IterableTables/MvidQ/test/test_integration_temporal.jl:36
  Test threw exception
  Expression: df3[:b] == [3, 2, 1]
  ArgumentError: syntax df[column] is not supported use df[!, column] instead
  Stacktrace:
   [1] getindex(::DataFrame, ::Symbol) at /home/user/.julia/packages/DataFrames/yqToF/src/abstractdataframe/abstractdataframe.jl:2001
   [2] top-level scope at /home/user/.julia/packages/IterableTables/MvidQ/test/test_integration_temporal.jl:36
   [3] top-level scope at /workspace/srcdir/usr/share/julia/stdlib/v1.5/Test/src/Test.jl:1115
   [4] top-level scope at /home/user/.julia/packages/IterableTables/MvidQ/test/test_integration_temporal.jl:10
  
Temporal: Error During Test at /home/user/.julia/packages/IterableTables/MvidQ/test/test_integration_temporal.jl:41
  Test threw exception
  Expression: df4[:Index] == dates
  ArgumentError: syntax df[column] is not supported use df[!, column] instead
  Stacktrace:
   [1] getindex(::DataFrame, ::Symbol) at /home/user/.julia/packages/DataFrames/yqToF/src/abstractdataframe/abstractdataframe.jl:2001
   [2] top-level scope at /home/user/.julia/packages/IterableTables/MvidQ/test/test_integration_temporal.jl:41
   [3] top-level scope at /workspace/srcdir/usr/share/julia/stdlib/v1.5/Test/src/Test.jl:1115
   [4] top-level scope at /home/user/.julia/packages/IterableTables/MvidQ/test/test_integration_temporal.jl:10
  
Temporal: Error During Test at /home/user/.julia/packages/IterableTables/MvidQ/test/test_integration_temporal.jl:42
  Test threw exception
  Expression: df4[:a] == [1, 2, 3]
  ArgumentError: syntax df[column] is not supported use df[!, column] instead
  Stacktrace:
   [1] getindex(::DataFrame, ::Symbol) at /home/user/.julia/packages/DataFrames/yqToF/src/abstractdataframe/abstractdataframe.jl:2001
   [2] top-level scope at /home/user/.julia/packages/IterableTables/MvidQ/test/test_integration_temporal.jl:42
   [3] top-level scope at /workspace/srcdir/usr/share/julia/stdlib/v1.5/Test/src/Test.jl:1115
   [4] top-level scope at /home/user/.julia/packages/IterableTables/MvidQ/test/test_integration_temporal.jl:10
  
Temporal: Error During Test at /home/user/.julia/packages/IterableTables/MvidQ/test/test_integration_temporal.jl:43
  Test threw exception
  Expression: df4[:b] == [3, 2, 1]
  ArgumentError: syntax df[column] is not supported use df[!, column] instead
  Stacktrace:
   [1] getindex(::DataFrame, ::Symbol) at /home/user/.julia/packages/DataFrames/yqToF/src/abstractdataframe/abstractdataframe.jl:2001
   [2] top-level scope at /home/user/.julia/packages/IterableTables/MvidQ/test/test_integration_temporal.jl:43
   [3] top-level scope at /workspace/srcdir/usr/share/julia/stdlib/v1.5/Test/src/Test.jl:1115
   [4] top-level scope at /home/user/.julia/packages/IterableTables/MvidQ/test/test_integration_temporal.jl:10
  
Test Summary:  | Pass  Error  Total
IterableTables |   27     32     59
  DataFrames   |    7     12     19
  StatsModels  |    1             1
  TimeSeries   |   10     10     20
  Temporal     |    9     10     19
ERROR: LoadError: Some tests did not pass: 27 passed, 0 failed, 32 errored, 0 broken.
in expression starting at /home/user/.julia/packages/IterableTables/MvidQ/test/runtests.jl:6

PkgEval failed: Package IterableTables errored during testing
Stacktrace:
 [1] pkgerror(::String) at /workspace/srcdir/usr/share/julia/stdlib/v1.5/Pkg/src/Types.jl:52
 [2] test(::Pkg.Types.Context, ::Array{Pkg.Types.PackageSpec,1}; coverage::Bool, julia_args::Cmd, test_args::Cmd, test_fn::Nothing) at /workspace/srcdir/usr/share/julia/stdlib/v1.5/Pkg/src/Operations.jl:1578
 [3] test(::Pkg.Types.Context, ::Array{Pkg.Types.PackageSpec,1}; coverage::Bool, test_fn::Nothing, julia_args::Cmd, test_args::Cmd, kwargs::Base.Iterators.Pairs{Union{},Union{},Tuple{},NamedTuple{(),Tuple{}}}) at /workspace/srcdir/usr/share/julia/stdlib/v1.5/Pkg/src/API.jl:327
 [4] test(::Pkg.Types.Context, ::Array{Pkg.Types.PackageSpec,1}) at /workspace/srcdir/usr/share/julia/stdlib/v1.5/Pkg/src/API.jl:314
 [5] #test#61 at /workspace/srcdir/usr/share/julia/stdlib/v1.5/Pkg/src/API.jl:67 [inlined]
 [6] test at /workspace/srcdir/usr/share/julia/stdlib/v1.5/Pkg/src/API.jl:67 [inlined]
 [7] #test#60 at /workspace/srcdir/usr/share/julia/stdlib/v1.5/Pkg/src/API.jl:66 [inlined]
 [8] test at /workspace/srcdir/usr/share/julia/stdlib/v1.5/Pkg/src/API.jl:66 [inlined]
 [9] test(::String; kwargs::Base.Iterators.Pairs{Union{},Union{},Tuple{},NamedTuple{(),Tuple{}}}) at /workspace/srcdir/usr/share/julia/stdlib/v1.5/Pkg/src/API.jl:65
 [10] test(::String) at /workspace/srcdir/usr/share/julia/stdlib/v1.5/Pkg/src/API.jl:65
 [11] top-level scope at none:22
 [12] eval at ./boot.jl:331 [inlined]
 [13] eval(::Expr) at ./client.jl:467
 [14] top-level scope at none:1
 [15] eval(::Module, ::Any) at ./boot.jl:331
 [16] exec_options(::Base.JLOptions) at ./client.jl:272
 [17] _start() at ./client.jl:506


################################################################################
# PkgEval teardown: 2021-01-11T21:07:07.105
CPU usage: 128.16s (119.69s user, 8.68s kernel)

Network usage:
- eth0: 8.870 MiB received, 274.058 KiB sent

Raw statistics: {"blkio_stats":{"io_queue_recursive":[],"io_serviced_recursive":[{"major":259,"value":0,"op":"Read","minor":0},{"major":259,"value":19,"op":"Write","minor":0},{"major":259,"value":14,"op":"Sync","minor":0},{"major":259,"value":5,"op":"Async","minor":0},{"major":259,"value":0,"op":"Discard","minor":0},{"major":259,"value":19,"op":"Total","minor":0},{"major":253,"value":0,"op":"Read","minor":2},{"major":253,"value":19,"op":"Write","minor":2},{"major":253,"value":14,"op":"Sync","minor":2},{"major":253,"value":5,"op":"Async","minor":2},{"major":253,"value":0,"op":"Discard","minor":2},{"major":253,"value":19,"op":"Total","minor":2}],"io_time_recursive":[],"sectors_recursive":[],"io_service_bytes_recursive":[{"major":259,"value":0,"op":"Read","minor":0},{"major":259,"value":86016,"op":"Write","minor":0},{"major":259,"value":57344,"op":"Sync","minor":0},{"major":259,"value":28672,"op":"Async","minor":0},{"major":259,"value":0,"op":"Discard","minor":0},{"major":259,"value":86016,"op":"Total","minor":0},{"major":253,"value":0,"op":"Read","minor":2},{"major":253,"value":86016,"op":"Write","minor":2},{"major":253,"value":57344,"op":"Sync","minor":2},{"major":253,"value":28672,"op":"Async","minor":2},{"major":253,"value":0,"op":"Discard","minor":2},{"major":253,"value":86016,"op":"Total","minor":2}],"io_wait_time_recursive":[],"io_merged_recursive":[],"io_service_time_recursive":[]},"memory_stats":{"usage":376999936,"max_usage":1653637120,"stats":{"hierarchical_memory_limit":9223372036854771712,"pgmajfault":0,"total_rss":219201536,"inactive_file":135168,"inactive_anon":95293440,"total_pgfault":3428865,"total_cache":125349888,"total_rss_huge":0,"total_active_anon":249249792,"total_pgmajfault":0,"pgpgin":2120283,"rss_huge":0,"mapped_file":0,"total_inactive_file":135168,"dirty":405504,"total_unevictable":0,"total_dirty":405504,"writeback":0,"pgpgout":2036167,"hierarchical_memsw_limit":0,"cache":125349888,"active_file":135168,"pgfault":3428865,"total_mapped_file":0,"total_pgpgout":2036167,"total_writeback":0,"rss":219201536,"unevictable":0,"total_inactive_anon":95293440,"total_pgpgin":2120283,"active_anon":249249792,"total_active_file":135168},"limit":540965302272},"name":"/IterableTables-F9xPv8Ib","networks":{"eth0":{"rx_bytes":9300983,"rx_packets":2084,"tx_packets":2310,"tx_bytes":280635,"tx_dropped":0,"rx_dropped":5,"tx_errors":0,"rx_errors":0}},"id":"b8c49f437378fb036104ffbc406e38b097eb640a532b4935edfc919e1e2795c1","preread":"0001-01-01T00:00:00Z","storage_stats":{},"precpu_stats":{"throttling_data":{"throttled_periods":0,"throttled_time":0,"periods":0},"cpu_usage":{"usage_in_usermode":0,"usage_in_kernelmode":0,"total_usage":0}},"pids_stats":{"current":44},"num_procs":0,"cpu_stats":{"throttling_data":{"throttled_periods":0,"throttled_time":0,"periods":0},"system_cpu_usage":5793884164522419,"online_cpus":128,"cpu_usage":{"usage_in_usermode":119690000000,"usage_in_kernelmode":8680000000,"total_usage":128158970333,"percpu_usage":[0,0,0,0,0,0,0,0,0,0,0,0,0,0,0,0,0,0,0,128158970333,0,0,0,0,0,0,0,0,0,0,0,0,0,0,0,0,0,0,0,0,0,0,0,0,0,0,0,0,0,0,0,0,0,0,0,0,0,0,0,0,0,0,0,0,0,0,0,0,0,0,0,0,0,0,0,0,0,0,0,0,0,0,0,0,0,0,0,0,0,0,0,0,0,0,0,0,0,0,0,0,0,0,0,0,0,0,0,0,0,0,0,0,0,0,0,0,0,0,0,0,0,0,0,0,0,0,0,0]}},"read":"2021-01-11T21:07:07.233397846Z"}