################################################################################
# PkgEval set-up: 2021-01-11T18:08:10.732
#

Julia Version 1.5.3
Commit 599f52c4c6 (2020-12-18 13:33 UTC)
Platform Info:
  OS: Linux (x86_64-linux-gnu)
  CPU: AMD EPYC 7502 32-Core Processor
  WORD_SIZE: 64
  LIBM: libopenlibm
  LLVM: libLLVM-9.0.1 (ORCJIT, znver2)
Environment:
  JULIA_PKG_PRECOMPILE_AUTO = 0
  JULIA_PKGEVAL = true

Base.julia_cmd() = `/opt/julia/bin/julia -Cnative -J/opt/julia/lib/julia/sys.so -g1`


################################################################################
# Installation: 2021-01-11T18:08:12.482
#

 Installing known registries into `~/.julia`
####################                                                      28.3%######################################################################## 100.0%
      Added registry `General` to `~/.julia/registries/General`
  Resolving package versions...
  Installed Jags ───────────────────────── v3.0.8
  Installed CompilerSupportLibraries_jll ─ v0.3.4+0
  Installed ZygoteRules ────────────────── v0.2.1
  Installed x265_jll ───────────────────── v3.0.0+3
  Installed Xorg_libXi_jll ─────────────── v1.7.10+4
  Installed libvorbis_jll ──────────────── v1.3.6+6
  Installed LAME_jll ───────────────────── v3.100.0+3
  Installed Xorg_xcb_util_renderutil_jll ─ v0.3.9+1
  Installed Xorg_xcb_util_image_jll ────── v0.4.0+1
  Installed FFTW ───────────────────────── v1.3.0
  Installed Ratios ─────────────────────── v0.4.0
  Installed Xorg_libXrender_jll ────────── v0.9.10+4
  Installed Setfield ───────────────────── v0.7.0
  Installed DataStructures ─────────────── v0.18.8
  Installed DataValueInterfaces ────────── v1.0.0
  Installed ConstructionBase ───────────── v1.0.0
  Installed OrderedCollections ─────────── v1.3.2
  Installed Colors ─────────────────────── v0.12.6
  Installed ArgCheck ───────────────────── v2.1.0
  Installed StaticArrays ───────────────── v1.0.1
  Installed MCMCChains ─────────────────── v4.4.0
  Installed GLFW_jll ───────────────────── v3.3.2+1
  Installed Grisu ──────────────────────── v1.0.0
  Installed AxisArrays ─────────────────── v0.4.3
  Installed AxisAlgorithms ─────────────── v1.0.0
  Installed StructArrays ───────────────── v0.4.4
  Installed LibVPX_jll ─────────────────── v1.9.0+1
  Installed BangBang ───────────────────── v0.3.29
  Installed Distributions ──────────────── v0.24.10
  Installed NearestNeighbors ───────────── v0.4.8
  Installed Expat_jll ──────────────────── v2.2.7+6
  Installed xkbcommon_jll ──────────────── v0.9.1+5
  Installed Gettext_jll ────────────────── v0.20.1+7
  Installed FixedPointNumbers ──────────── v0.8.4
  Installed Formatting ─────────────────── v0.4.2
  Installed EllipsisNotation ───────────── v1.0.0
  Installed FreeType2_jll ──────────────── v2.10.1+5
  Installed Fontconfig_jll ─────────────── v2.13.1+14
  Installed Wayland_protocols_jll ──────── v1.18.0+4
  Installed MicroCollections ───────────── v0.1.0
  Installed SpecialFunctions ───────────── v1.2.1
  Installed CSV ────────────────────────── v0.8.2
  Installed Compat ─────────────────────── v3.25.0
  Installed GR ─────────────────────────── v0.53.0
  Installed Libmount_jll ───────────────── v2.34.0+3
  Installed Showoff ────────────────────── v0.3.2
  Installed CompositionsBase ───────────── v0.1.0
  Installed SplittablesBase ────────────── v0.1.10
  Installed SentinelArrays ─────────────── v1.2.16
  Installed PlotThemes ─────────────────── v2.0.0
  Installed Opus_jll ───────────────────── v1.3.1+3
  Installed Zlib_jll ───────────────────── v1.2.11+18
  Installed WoodburyMatrices ───────────── v0.5.3
  Installed Xorg_libXdmcp_jll ──────────── v1.1.3+4
  Installed Rmath_jll ──────────────────── v0.2.2+1
  Installed Pixman_jll ─────────────────── v0.40.0+0
  Installed Contour ────────────────────── v0.5.7
  Installed MuladdMacro ────────────────── v0.2.2
  Installed MultivariateStats ──────────── v0.7.0
  Installed MKL_jll ────────────────────── v2020.2.254+0
  Installed Tables ─────────────────────── v1.2.2
  Installed FillArrays ─────────────────── v0.10.2
  Installed Requires ───────────────────── v1.1.2
  Installed Documenter ─────────────────── v0.26.1
  Installed QuadGK ─────────────────────── v2.4.1
  Installed FFMPEG ─────────────────────── v0.4.0
  Installed Xorg_libpthread_stubs_jll ──── v0.1.0+3
  Installed FFMPEG_jll ─────────────────── v4.3.1+4
  Installed Xorg_libxkbfile_jll ────────── v1.1.0+4
  Installed XML2_jll ───────────────────── v2.9.10+3
  Installed Qt_jll ─────────────────────── v5.15.2+1
  Installed Xorg_libXau_jll ────────────── v1.0.9+4
  Installed Missings ───────────────────── v0.4.4
  Installed RecipesBase ────────────────── v1.1.1
  Installed LoggingExtras ──────────────── v0.4.2
  Installed IntelOpenMP_jll ────────────── v2018.0.3+0
  Installed ScientificTypes ────────────── v1.1.1
  Installed LeftChildRightSiblingTrees ─── v0.1.2
  Installed Libgpg_error_jll ───────────── v1.36.0+3
  Installed PDMats ─────────────────────── v0.10.1
  Installed Adapt ──────────────────────── v2.4.0
  Installed JSON ───────────────────────── v0.21.1
  Installed JLLWrappers ────────────────── v1.2.0
  Installed Libuuid_jll ────────────────── v2.34.0+7
  Installed AbstractTrees ──────────────── v0.3.3
  Installed EarCut_jll ─────────────────── v2.1.5+1
  Installed KernelDensity ──────────────── v0.6.2
  Installed JpegTurbo_jll ──────────────── v2.0.1+3
  Installed Arpack ─────────────────────── v0.4.0
  Installed ConsoleProgressMonitor ─────── v0.1.2
  Installed x264_jll ───────────────────── v2020.7.14+2
  Installed Xorg_xkeyboard_config_jll ──── v2.27.0+4
  Installed MbedTLS_jll ────────────────── v2.16.8+1
  Installed Xorg_libXcursor_jll ────────── v1.2.0+4
  Installed Reexport ───────────────────── v0.2.0
  Installed Scratch ────────────────────── v1.0.3
  Installed InitialValues ──────────────── v0.2.10
  Installed libfdk_aac_jll ─────────────── v0.1.6+4
  Installed RangeArrays ────────────────── v0.3.2
  Installed Xorg_libX11_jll ────────────── v1.6.9+4
  Installed Zstd_jll ───────────────────── v1.4.5+2
  Installed Wayland_jll ────────────────── v1.17.0+4
  Installed Widgets ────────────────────── v0.6.2
  Installed Libiconv_jll ───────────────── v1.16.0+7
  Installed DataAPI ────────────────────── v1.4.0
  Installed IterTools ──────────────────── v1.3.0
  Installed Observables ────────────────── v0.3.3
  Installed HTTP ───────────────────────── v0.8.19
  Installed Xorg_libXrandr_jll ─────────── v1.5.2+4
  Installed OpenBLAS_jll ───────────────── v0.3.9+5
  Installed Xorg_libXfixes_jll ─────────── v5.0.3+4
  Installed libpng_jll ─────────────────── v1.6.37+6
  Installed MLJModelInterface ──────────── v0.3.7
  Installed AbstractFFTs ───────────────── v0.5.0
  Installed Xorg_libxcb_jll ────────────── v1.13.0+3
  Installed PooledArrays ───────────────── v0.5.3
  Installed MacroTools ─────────────────── v0.5.6
  Installed NaNMath ────────────────────── v0.3.5
  Installed Distances ──────────────────── v0.10.0
  Installed StatsPlots ─────────────────── v0.14.17
  Installed DefineSingletons ───────────── v0.1.0
  Installed PCRE_jll ───────────────────── v8.42.0+4
  Installed Libffi_jll ─────────────────── v3.2.1+4
  Installed Xorg_libXext_jll ───────────── v1.3.4+4
  Installed IteratorInterfaceExtensions ── v1.0.0
  Installed PlotUtils ──────────────────── v1.0.10
  Installed OffsetArrays ───────────────── v1.5.0
  Installed PrettyTables ───────────────── v0.10.1
  Installed NaturalSort ────────────────── v1.0.0
  Installed libass_jll ─────────────────── v0.14.0+4
  Installed FriBidi_jll ────────────────── v1.0.5+6
  Installed Libglvnd_jll ───────────────── v1.3.0+3
  Installed Xorg_libXinerama_jll ───────── v1.1.4+4
  Installed Cairo_jll ──────────────────── v1.16.0+6
  Installed DocStringExtensions ────────── v0.8.3
  Installed DataValues ─────────────────── v0.4.13
  Installed Libtiff_jll ────────────────── v4.1.0+2
  Installed Rmath ──────────────────────── v0.6.1
  Installed TableTraits ────────────────── v1.0.0
  Installed OpenSSL_jll ────────────────── v1.1.1+6
  Installed GeometryBasics ─────────────── v0.3.5
  Installed ColorSchemes ───────────────── v3.10.2
  Installed StatsBase ──────────────────── v0.33.2
  Installed Plots ──────────────────────── v1.10.1
  Installed Xorg_xcb_util_keysyms_jll ──── v0.4.0+1
  Installed MbedTLS ────────────────────── v1.0.3
  Installed Measures ───────────────────── v0.3.1
  Installed Bzip2_jll ──────────────────── v1.0.6+5
  Installed Latexify ───────────────────── v0.14.7
  Installed Xorg_xkbcomp_jll ───────────── v1.4.2+4
  Installed FFTW_jll ───────────────────── v3.3.9+7
  Installed Ogg_jll ────────────────────── v1.3.4+2
  Installed GR_jll ─────────────────────── v0.53.0+0
  Installed IntervalSets ───────────────── v0.5.2
  Installed ColorTypes ─────────────────── v0.10.9
  Installed Clustering ─────────────────── v0.14.2
  Installed RecipesPipeline ────────────── v0.2.1
  Installed LZO_jll ────────────────────── v2.10.0+3
  Installed Xorg_xcb_util_jll ──────────── v0.4.0+1
  Installed Xorg_xtrans_jll ────────────── v1.4.0+3
  Installed Arpack_jll ─────────────────── v3.5.0+3
  Installed IOCapture ──────────────────── v0.1.1
  Installed Crayons ────────────────────── v4.0.4
  Installed Libgcrypt_jll ──────────────── v1.8.5+4
  Installed StatsFuns ──────────────────── v0.9.6
  Installed AbstractMCMC ───────────────── v2.2.1
  Installed SortingAlgorithms ──────────── v0.3.1
  Installed XSLT_jll ───────────────────── v1.1.33+4
  Installed ProgressMeter ──────────────── v1.4.1
  Installed TerminalLoggers ────────────── v0.1.2
  Installed OpenSpecFun_jll ────────────── v0.5.3+4
  Installed Glib_jll ───────────────────── v2.59.0+4
  Installed ProgressLogging ────────────── v0.1.3
  Installed ChainRulesCore ─────────────── v0.9.24
  Installed Xorg_xcb_util_wm_jll ───────── v0.4.1+1
  Installed TableOperations ────────────── v0.3.0
  Installed Transducers ────────────────── v0.4.54
  Installed Interpolations ─────────────── v0.13.1
  Installed LaTeXStrings ───────────────── v1.2.0
  Installed Parsers ────────────────────── v1.0.15
  Installed Artifacts ──────────────────── v1.3.0
  Installed IniFile ────────────────────── v0.5.0
Updating `~/.julia/environments/v1.5/Project.toml`
  [7de783dc] + Jags v3.0.8
Updating `~/.julia/environments/v1.5/Manifest.toml`
  [621f4979] + AbstractFFTs v0.5.0
  [80f14c24] + AbstractMCMC v2.2.1
  [1520ce14] + AbstractTrees v0.3.3
  [79e6a3ab] + Adapt v2.4.0
  [dce04be8] + ArgCheck v2.1.0
  [7d9fca2a] + Arpack v0.4.0
  [68821587] + Arpack_jll v3.5.0+3
  [56f22d72] + Artifacts v1.3.0
  [13072b0f] + AxisAlgorithms v1.0.0
  [39de3d68] + AxisArrays v0.4.3
  [198e06fe] + BangBang v0.3.29
  [6e34b625] + Bzip2_jll v1.0.6+5
  [336ed68f] + CSV v0.8.2
  [83423d85] + Cairo_jll v1.16.0+6
  [d360d2e6] + ChainRulesCore v0.9.24
  [aaaa29a8] + Clustering v0.14.2
  [35d6a980] + ColorSchemes v3.10.2
  [3da002f7] + ColorTypes v0.10.9
  [5ae59095] + Colors v0.12.6
  [34da2185] + Compat v3.25.0
  [e66e0078] + CompilerSupportLibraries_jll v0.3.4+0
  [a33af91c] + CompositionsBase v0.1.0
  [88cd18e8] + ConsoleProgressMonitor v0.1.2
  [187b0558] + ConstructionBase v1.0.0
  [d38c429a] + Contour v0.5.7
  [a8cc5b0e] + Crayons v4.0.4
  [9a962f9c] + DataAPI v1.4.0
  [864edb3b] + DataStructures v0.18.8
  [e2d170a0] + DataValueInterfaces v1.0.0
  [e7dc6d0d] + DataValues v0.4.13
  [244e2a9f] + DefineSingletons v0.1.0
  [b4f34e82] + Distances v0.10.0
  [31c24e10] + Distributions v0.24.10
  [ffbed154] + DocStringExtensions v0.8.3
  [e30172f5] + Documenter v0.26.1
  [5ae413db] + EarCut_jll v2.1.5+1
  [da5c29d0] + EllipsisNotation v1.0.0
  [2e619515] + Expat_jll v2.2.7+6
  [c87230d0] + FFMPEG v0.4.0
  [b22a6f82] + FFMPEG_jll v4.3.1+4
  [7a1cc6ca] + FFTW v1.3.0
  [f5851436] + FFTW_jll v3.3.9+7
  [1a297f60] + FillArrays v0.10.2
  [53c48c17] + FixedPointNumbers v0.8.4
  [a3f928ae] + Fontconfig_jll v2.13.1+14
  [59287772] + Formatting v0.4.2
  [d7e528f0] + FreeType2_jll v2.10.1+5
  [559328eb] + FriBidi_jll v1.0.5+6
  [0656b61e] + GLFW_jll v3.3.2+1
  [28b8d3ca] + GR v0.53.0
  [d2c73de3] + GR_jll v0.53.0+0
  [5c1252a2] + GeometryBasics v0.3.5
  [78b55507] + Gettext_jll v0.20.1+7
  [7746bdde] + Glib_jll v2.59.0+4
  [42e2da0e] + Grisu v1.0.0
  [cd3eb016] + HTTP v0.8.19
  [b5f81e59] + IOCapture v0.1.1
  [83e8ac13] + IniFile v0.5.0
  [22cec73e] + InitialValues v0.2.10
  [1d5cc7b8] + IntelOpenMP_jll v2018.0.3+0
  [a98d9a8b] + Interpolations v0.13.1
  [8197267c] + IntervalSets v0.5.2
  [c8e1da08] + IterTools v1.3.0
  [82899510] + IteratorInterfaceExtensions v1.0.0
  [692b3bcd] + JLLWrappers v1.2.0
  [682c06a0] + JSON v0.21.1
  [7de783dc] + Jags v3.0.8
  [aacddb02] + JpegTurbo_jll v2.0.1+3
  [5ab0869b] + KernelDensity v0.6.2
  [c1c5ebd0] + LAME_jll v3.100.0+3
  [dd4b983a] + LZO_jll v2.10.0+3
  [b964fa9f] + LaTeXStrings v1.2.0
  [23fbe1c1] + Latexify v0.14.7
  [1d6d02ad] + LeftChildRightSiblingTrees v0.1.2
  [dd192d2f] + LibVPX_jll v1.9.0+1
  [e9f186c6] + Libffi_jll v3.2.1+4
  [d4300ac3] + Libgcrypt_jll v1.8.5+4
  [7e76a0d4] + Libglvnd_jll v1.3.0+3
  [7add5ba3] + Libgpg_error_jll v1.36.0+3
  [94ce4f54] + Libiconv_jll v1.16.0+7
  [4b2f31a3] + Libmount_jll v2.34.0+3
  [89763e89] + Libtiff_jll v4.1.0+2
  [38a345b3] + Libuuid_jll v2.34.0+7
  [e6f89c97] + LoggingExtras v0.4.2
  [c7f686f2] + MCMCChains v4.4.0
  [856f044c] + MKL_jll v2020.2.254+0
  [e80e1ace] + MLJModelInterface v0.3.7
  [1914dd2f] + MacroTools v0.5.6
  [739be429] + MbedTLS v1.0.3
  [c8ffd9c3] + MbedTLS_jll v2.16.8+1
  [442fdcdd] + Measures v0.3.1
  [128add7d] + MicroCollections v0.1.0
  [e1d29d7a] + Missings v0.4.4
  [46d2c3a1] + MuladdMacro v0.2.2
  [6f286f6a] + MultivariateStats v0.7.0
  [77ba4419] + NaNMath v0.3.5
  [c020b1a1] + NaturalSort v1.0.0
  [b8a86587] + NearestNeighbors v0.4.8
  [510215fc] + Observables v0.3.3
  [6fe1bfb0] + OffsetArrays v1.5.0
  [e7412a2a] + Ogg_jll v1.3.4+2
  [4536629a] + OpenBLAS_jll v0.3.9+5
  [458c3c95] + OpenSSL_jll v1.1.1+6
  [efe28fd5] + OpenSpecFun_jll v0.5.3+4
  [91d4177d] + Opus_jll v1.3.1+3
  [bac558e1] + OrderedCollections v1.3.2
  [2f80f16e] + PCRE_jll v8.42.0+4
  [90014a1f] + PDMats v0.10.1
  [69de0a69] + Parsers v1.0.15
  [30392449] + Pixman_jll v0.40.0+0
  [ccf2f8ad] + PlotThemes v2.0.0
  [995b91a9] + PlotUtils v1.0.10
  [91a5bcdd] + Plots v1.10.1
  [2dfb63ee] + PooledArrays v0.5.3
  [08abe8d2] + PrettyTables v0.10.1
  [33c8b6b6] + ProgressLogging v0.1.3
  [92933f4c] + ProgressMeter v1.4.1
  [ede63266] + Qt_jll v5.15.2+1
  [1fd47b50] + QuadGK v2.4.1
  [b3c3ace0] + RangeArrays v0.3.2
  [c84ed2f1] + Ratios v0.4.0
  [3cdcf5f2] + RecipesBase v1.1.1
  [01d81517] + RecipesPipeline v0.2.1
  [189a3867] + Reexport v0.2.0
  [ae029012] + Requires v1.1.2
  [79098fc4] + Rmath v0.6.1
  [f50d1b31] + Rmath_jll v0.2.2+1
  [321657f4] + ScientificTypes v1.1.1
  [6c6a2e73] + Scratch v1.0.3
  [91c51154] + SentinelArrays v1.2.16
  [efcf1570] + Setfield v0.7.0
  [992d4aef] + Showoff v0.3.2
  [a2af1166] + SortingAlgorithms v0.3.1
  [276daf66] + SpecialFunctions v1.2.1
  [171d559e] + SplittablesBase v0.1.10
  [90137ffa] + StaticArrays v1.0.1
  [2913bbd2] + StatsBase v0.33.2
  [4c63d2b9] + StatsFuns v0.9.6
  [f3b207a7] + StatsPlots v0.14.17
  [09ab397b] + StructArrays v0.4.4
  [ab02a1b2] + TableOperations v0.3.0
  [3783bdb8] + TableTraits v1.0.0
  [bd369af6] + Tables v1.2.2
  [5d786b92] + TerminalLoggers v0.1.2
  [28d57a85] + Transducers v0.4.54
  [a2964d1f] + Wayland_jll v1.17.0+4
  [2381bf8a] + Wayland_protocols_jll v1.18.0+4
  [cc8bc4a8] + Widgets v0.6.2
  [efce3f68] + WoodburyMatrices v0.5.3
  [02c8fc9c] + XML2_jll v2.9.10+3
  [aed1982a] + XSLT_jll v1.1.33+4
  [4f6342f7] + Xorg_libX11_jll v1.6.9+4
  [0c0b7dd1] + Xorg_libXau_jll v1.0.9+4
  [935fb764] + Xorg_libXcursor_jll v1.2.0+4
  [a3789734] + Xorg_libXdmcp_jll v1.1.3+4
  [1082639a] + Xorg_libXext_jll v1.3.4+4
  [d091e8ba] + Xorg_libXfixes_jll v5.0.3+4
  [a51aa0fd] + Xorg_libXi_jll v1.7.10+4
  [d1454406] + Xorg_libXinerama_jll v1.1.4+4
  [ec84b674] + Xorg_libXrandr_jll v1.5.2+4
  [ea2f1a96] + Xorg_libXrender_jll v0.9.10+4
  [14d82f49] + Xorg_libpthread_stubs_jll v0.1.0+3
  [c7cfdc94] + Xorg_libxcb_jll v1.13.0+3
  [cc61e674] + Xorg_libxkbfile_jll v1.1.0+4
  [12413925] + Xorg_xcb_util_image_jll v0.4.0+1
  [2def613f] + Xorg_xcb_util_jll v0.4.0+1
  [975044d2] + Xorg_xcb_util_keysyms_jll v0.4.0+1
  [0d47668e] + Xorg_xcb_util_renderutil_jll v0.3.9+1
  [c22f9ab0] + Xorg_xcb_util_wm_jll v0.4.1+1
  [35661453] + Xorg_xkbcomp_jll v1.4.2+4
  [33bec58e] + Xorg_xkeyboard_config_jll v2.27.0+4
  [c5fb5394] + Xorg_xtrans_jll v1.4.0+3
  [83775a58] + Zlib_jll v1.2.11+18
  [3161d3a3] + Zstd_jll v1.4.5+2
  [700de1a5] + ZygoteRules v0.2.1
  [0ac62f75] + libass_jll v0.14.0+4
  [f638f0a6] + libfdk_aac_jll v0.1.6+4
  [b53b4c65] + libpng_jll v1.6.37+6
  [f27f6e37] + libvorbis_jll v1.3.6+6
  [1270edf5] + x264_jll v2020.7.14+2
  [dfaa095f] + x265_jll v3.0.0+3
  [d8fb68d0] + xkbcommon_jll v0.9.1+5
  [2a0f44e3] + Base64
  [ade2ca70] + Dates
  [8bb1440f] + DelimitedFiles
  [8ba89e20] + Distributed
  [9fa8497b] + Future
  [b77e0a4c] + InteractiveUtils
  [76f85450] + LibGit2
  [8f399da3] + Libdl
  [37e2e46d] + LinearAlgebra
  [56ddb016] + Logging
  [d6f4376e] + Markdown
  [a63ad114] + Mmap
  [44cfe95a] + Pkg
  [de0858da] + Printf
  [3fa0cd96] + REPL
  [9a3f8284] + Random
  [ea8e919c] + SHA
  [9e88b42a] + Serialization
  [1a1011a3] + SharedArrays
  [6462fe0b] + Sockets
  [2f01184e] + SparseArrays
  [10745b16] + Statistics
  [4607b0f0] + SuiteSparse
  [8dfed614] + Test
  [cf7118a7] + UUIDs
  [4ec0a83e] + Unicode
   Building FFTW → `~/.julia/packages/FFTW/ayqyZ/deps/build.log`
   Building GR ──→ `~/.julia/packages/GR/RlE5Y/deps/build.log`


################################################################################
# Testing: 2021-01-11T18:08:32.729
#

    Testing Jags
Status `/tmp/jl_YKm2jT/Project.toml`
  [34da2185] Compat v3.25.0
  [7de783dc] Jags v3.0.8
  [f3b207a7] StatsPlots v0.14.17
  [9a3f8284] Random
  [10745b16] Statistics
  [8dfed614] Test
Status `/tmp/jl_YKm2jT/Manifest.toml`
  [621f4979] AbstractFFTs v0.5.0
  [80f14c24] AbstractMCMC v2.2.1
  [1520ce14] AbstractTrees v0.3.3
  [79e6a3ab] Adapt v2.4.0
  [dce04be8] ArgCheck v2.1.0
  [7d9fca2a] Arpack v0.4.0
  [68821587] Arpack_jll v3.5.0+3
  [56f22d72] Artifacts v1.3.0
  [13072b0f] AxisAlgorithms v1.0.0
  [39de3d68] AxisArrays v0.4.3
  [198e06fe] BangBang v0.3.29
  [6e34b625] Bzip2_jll v1.0.6+5
  [336ed68f] CSV v0.8.2
  [83423d85] Cairo_jll v1.16.0+6
  [d360d2e6] ChainRulesCore v0.9.24
  [aaaa29a8] Clustering v0.14.2
  [35d6a980] ColorSchemes v3.10.2
  [3da002f7] ColorTypes v0.10.9
  [5ae59095] Colors v0.12.6
  [34da2185] Compat v3.25.0
  [e66e0078] CompilerSupportLibraries_jll v0.3.4+0
  [a33af91c] CompositionsBase v0.1.0
  [88cd18e8] ConsoleProgressMonitor v0.1.2
  [187b0558] ConstructionBase v1.0.0
  [d38c429a] Contour v0.5.7
  [a8cc5b0e] Crayons v4.0.4
  [9a962f9c] DataAPI v1.4.0
  [864edb3b] DataStructures v0.18.8
  [e2d170a0] DataValueInterfaces v1.0.0
  [e7dc6d0d] DataValues v0.4.13
  [244e2a9f] DefineSingletons v0.1.0
  [b4f34e82] Distances v0.10.0
  [31c24e10] Distributions v0.24.10
  [ffbed154] DocStringExtensions v0.8.3
  [e30172f5] Documenter v0.26.1
  [5ae413db] EarCut_jll v2.1.5+1
  [da5c29d0] EllipsisNotation v1.0.0
  [2e619515] Expat_jll v2.2.7+6
  [c87230d0] FFMPEG v0.4.0
  [b22a6f82] FFMPEG_jll v4.3.1+4
  [7a1cc6ca] FFTW v1.3.0
  [f5851436] FFTW_jll v3.3.9+7
  [1a297f60] FillArrays v0.10.2
  [53c48c17] FixedPointNumbers v0.8.4
  [a3f928ae] Fontconfig_jll v2.13.1+14
  [59287772] Formatting v0.4.2
  [d7e528f0] FreeType2_jll v2.10.1+5
  [559328eb] FriBidi_jll v1.0.5+6
  [0656b61e] GLFW_jll v3.3.2+1
  [28b8d3ca] GR v0.53.0
  [d2c73de3] GR_jll v0.53.0+0
  [5c1252a2] GeometryBasics v0.3.5
  [78b55507] Gettext_jll v0.20.1+7
  [7746bdde] Glib_jll v2.59.0+4
  [42e2da0e] Grisu v1.0.0
  [cd3eb016] HTTP v0.8.19
  [b5f81e59] IOCapture v0.1.1
  [83e8ac13] IniFile v0.5.0
  [22cec73e] InitialValues v0.2.10
  [1d5cc7b8] IntelOpenMP_jll v2018.0.3+0
  [a98d9a8b] Interpolations v0.13.1
  [8197267c] IntervalSets v0.5.2
  [c8e1da08] IterTools v1.3.0
  [82899510] IteratorInterfaceExtensions v1.0.0
  [692b3bcd] JLLWrappers v1.2.0
  [682c06a0] JSON v0.21.1
  [7de783dc] Jags v3.0.8
  [aacddb02] JpegTurbo_jll v2.0.1+3
  [5ab0869b] KernelDensity v0.6.2
  [c1c5ebd0] LAME_jll v3.100.0+3
  [dd4b983a] LZO_jll v2.10.0+3
  [b964fa9f] LaTeXStrings v1.2.0
  [23fbe1c1] Latexify v0.14.7
  [1d6d02ad] LeftChildRightSiblingTrees v0.1.2
  [dd192d2f] LibVPX_jll v1.9.0+1
  [e9f186c6] Libffi_jll v3.2.1+4
  [d4300ac3] Libgcrypt_jll v1.8.5+4
  [7e76a0d4] Libglvnd_jll v1.3.0+3
  [7add5ba3] Libgpg_error_jll v1.36.0+3
  [94ce4f54] Libiconv_jll v1.16.0+7
  [4b2f31a3] Libmount_jll v2.34.0+3
  [89763e89] Libtiff_jll v4.1.0+2
  [38a345b3] Libuuid_jll v2.34.0+7
  [e6f89c97] LoggingExtras v0.4.2
  [c7f686f2] MCMCChains v4.4.0
  [856f044c] MKL_jll v2020.2.254+0
  [e80e1ace] MLJModelInterface v0.3.7
  [1914dd2f] MacroTools v0.5.6
  [739be429] MbedTLS v1.0.3
  [c8ffd9c3] MbedTLS_jll v2.16.8+1
  [442fdcdd] Measures v0.3.1
  [128add7d] MicroCollections v0.1.0
  [e1d29d7a] Missings v0.4.4
  [46d2c3a1] MuladdMacro v0.2.2
  [6f286f6a] MultivariateStats v0.7.0
  [77ba4419] NaNMath v0.3.5
  [c020b1a1] NaturalSort v1.0.0
  [b8a86587] NearestNeighbors v0.4.8
  [510215fc] Observables v0.3.3
  [6fe1bfb0] OffsetArrays v1.5.0
  [e7412a2a] Ogg_jll v1.3.4+2
  [4536629a] OpenBLAS_jll v0.3.9+5
  [458c3c95] OpenSSL_jll v1.1.1+6
  [efe28fd5] OpenSpecFun_jll v0.5.3+4
  [91d4177d] Opus_jll v1.3.1+3
  [bac558e1] OrderedCollections v1.3.2
  [2f80f16e] PCRE_jll v8.42.0+4
  [90014a1f] PDMats v0.10.1
  [69de0a69] Parsers v1.0.15
  [30392449] Pixman_jll v0.40.0+0
  [ccf2f8ad] PlotThemes v2.0.0
  [995b91a9] PlotUtils v1.0.10
  [91a5bcdd] Plots v1.10.1
  [2dfb63ee] PooledArrays v0.5.3
  [08abe8d2] PrettyTables v0.10.1
  [33c8b6b6] ProgressLogging v0.1.3
  [92933f4c] ProgressMeter v1.4.1
  [ede63266] Qt_jll v5.15.2+1
  [1fd47b50] QuadGK v2.4.1
  [b3c3ace0] RangeArrays v0.3.2
  [c84ed2f1] Ratios v0.4.0
  [3cdcf5f2] RecipesBase v1.1.1
  [01d81517] RecipesPipeline v0.2.1
  [189a3867] Reexport v0.2.0
  [ae029012] Requires v1.1.2
  [79098fc4] Rmath v0.6.1
  [f50d1b31] Rmath_jll v0.2.2+1
  [321657f4] ScientificTypes v1.1.1
  [6c6a2e73] Scratch v1.0.3
  [91c51154] SentinelArrays v1.2.16
  [efcf1570] Setfield v0.7.0
  [992d4aef] Showoff v0.3.2
  [a2af1166] SortingAlgorithms v0.3.1
  [276daf66] SpecialFunctions v1.2.1
  [171d559e] SplittablesBase v0.1.10
  [90137ffa] StaticArrays v1.0.1
  [2913bbd2] StatsBase v0.33.2
  [4c63d2b9] StatsFuns v0.9.6
  [f3b207a7] StatsPlots v0.14.17
  [09ab397b] StructArrays v0.4.4
  [ab02a1b2] TableOperations v0.3.0
  [3783bdb8] TableTraits v1.0.0
  [bd369af6] Tables v1.2.2
  [5d786b92] TerminalLoggers v0.1.2
  [28d57a85] Transducers v0.4.54
  [a2964d1f] Wayland_jll v1.17.0+4
  [2381bf8a] Wayland_protocols_jll v1.18.0+4
  [cc8bc4a8] Widgets v0.6.2
  [efce3f68] WoodburyMatrices v0.5.3
  [02c8fc9c] XML2_jll v2.9.10+3
  [aed1982a] XSLT_jll v1.1.33+4
  [4f6342f7] Xorg_libX11_jll v1.6.9+4
  [0c0b7dd1] Xorg_libXau_jll v1.0.9+4
  [935fb764] Xorg_libXcursor_jll v1.2.0+4
  [a3789734] Xorg_libXdmcp_jll v1.1.3+4
  [1082639a] Xorg_libXext_jll v1.3.4+4
  [d091e8ba] Xorg_libXfixes_jll v5.0.3+4
  [a51aa0fd] Xorg_libXi_jll v1.7.10+4
  [d1454406] Xorg_libXinerama_jll v1.1.4+4
  [ec84b674] Xorg_libXrandr_jll v1.5.2+4
  [ea2f1a96] Xorg_libXrender_jll v0.9.10+4
  [14d82f49] Xorg_libpthread_stubs_jll v0.1.0+3
  [c7cfdc94] Xorg_libxcb_jll v1.13.0+3
  [cc61e674] Xorg_libxkbfile_jll v1.1.0+4
  [12413925] Xorg_xcb_util_image_jll v0.4.0+1
  [2def613f] Xorg_xcb_util_jll v0.4.0+1
  [975044d2] Xorg_xcb_util_keysyms_jll v0.4.0+1
  [0d47668e] Xorg_xcb_util_renderutil_jll v0.3.9+1
  [c22f9ab0] Xorg_xcb_util_wm_jll v0.4.1+1
  [35661453] Xorg_xkbcomp_jll v1.4.2+4
  [33bec58e] Xorg_xkeyboard_config_jll v2.27.0+4
  [c5fb5394] Xorg_xtrans_jll v1.4.0+3
  [83775a58] Zlib_jll v1.2.11+18
  [3161d3a3] Zstd_jll v1.4.5+2
  [700de1a5] ZygoteRules v0.2.1
  [0ac62f75] libass_jll v0.14.0+4
  [f638f0a6] libfdk_aac_jll v0.1.6+4
  [b53b4c65] libpng_jll v1.6.37+6
  [f27f6e37] libvorbis_jll v1.3.6+6
  [1270edf5] x264_jll v2020.7.14+2
  [dfaa095f] x265_jll v3.0.0+3
  [d8fb68d0] xkbcommon_jll v0.9.1+5
  [2a0f44e3] Base64
  [ade2ca70] Dates
  [8bb1440f] DelimitedFiles
  [8ba89e20] Distributed
  [9fa8497b] Future
  [b77e0a4c] InteractiveUtils
  [76f85450] LibGit2
  [8f399da3] Libdl
  [37e2e46d] LinearAlgebra
  [56ddb016] Logging
  [d6f4376e] Markdown
  [a63ad114] Mmap
  [44cfe95a] Pkg
  [de0858da] Printf
  [3fa0cd96] REPL
  [9a3f8284] Random
  [ea8e919c] SHA
  [9e88b42a] Serialization
  [1a1011a3] SharedArrays
  [6462fe0b] Sockets
  [2f01184e] SparseArrays
  [10745b16] Statistics
  [4607b0f0] SuiteSparse
  [8dfed614] Test
  [cf7118a7] UUIDs
  [4ec0a83e] Unicode
Running tests for Jags-j1.5-v3.0
Environment variable JAGS_HOME not found. Use set_jags_home!.
Run execution_tests only if Jags is available


JAGS_HOME not found.
Skipping all tests that depend on the Jags executable!

    Testing Jags tests passed 

PkgEval succeeded


################################################################################
# PkgEval teardown: 2021-01-11T18:13:44.074
CPU usage: 331.07s (309.12s user, 22.43s kernel)

Network usage:
- eth0: 68.559 MiB received, 1.476 MiB sent

Raw statistics: {"blkio_stats":{"io_queue_recursive":[],"io_serviced_recursive":[{"major":259,"value":0,"op":"Read","minor":0},{"major":259,"value":32,"op":"Write","minor":0},{"major":259,"value":19,"op":"Sync","minor":0},{"major":259,"value":13,"op":"Async","minor":0},{"major":259,"value":0,"op":"Discard","minor":0},{"major":259,"value":32,"op":"Total","minor":0},{"major":253,"value":0,"op":"Read","minor":2},{"major":253,"value":32,"op":"Write","minor":2},{"major":253,"value":19,"op":"Sync","minor":2},{"major":253,"value":13,"op":"Async","minor":2},{"major":253,"value":0,"op":"Discard","minor":2},{"major":253,"value":32,"op":"Total","minor":2}],"io_time_recursive":[],"sectors_recursive":[],"io_service_bytes_recursive":[{"major":259,"value":0,"op":"Read","minor":0},{"major":259,"value":266240,"op":"Write","minor":0},{"major":259,"value":106496,"op":"Sync","minor":0},{"major":259,"value":159744,"op":"Async","minor":0},{"major":259,"value":0,"op":"Discard","minor":0},{"major":259,"value":266240,"op":"Total","minor":0},{"major":253,"value":0,"op":"Read","minor":2},{"major":253,"value":266240,"op":"Write","minor":2},{"major":253,"value":106496,"op":"Sync","minor":2},{"major":253,"value":159744,"op":"Async","minor":2},{"major":253,"value":0,"op":"Discard","minor":2},{"major":253,"value":266240,"op":"Total","minor":2}],"io_wait_time_recursive":[],"io_merged_recursive":[],"io_service_time_recursive":[]},"memory_stats":{"usage":594468864,"max_usage":2035589120,"stats":{"hierarchical_memory_limit":9223372036854771712,"pgmajfault":0,"total_rss":249380864,"inactive_file":135168,"inactive_anon":223973376,"total_pgfault":9741303,"total_cache":307920896,"total_rss_huge":0,"total_active_anon":333459456,"total_pgmajfault":0,"pgpgin":6750150,"rss_huge":0,"mapped_file":0,"total_inactive_file":135168,"dirty":405504,"total_unevictable":0,"total_dirty":405504,"writeback":0,"pgpgout":6614082,"hierarchical_memsw_limit":0,"cache":307920896,"active_file":135168,"pgfault":9741303,"total_mapped_file":0,"total_pgpgout":6614082,"total_writeback":0,"rss":249380864,"unevictable":0,"total_inactive_anon":223973376,"total_pgpgin":6750150,"active_anon":333459456,"total_active_file":135168},"limit":540965302272},"name":"/Jags-qRi7NfU4","networks":{"eth0":{"rx_bytes":71889631,"rx_packets":27052,"tx_packets":18405,"tx_bytes":1547482,"tx_dropped":0,"rx_dropped":12,"tx_errors":0,"rx_errors":0}},"id":"9c0b45bc915a17054b8998fcea0c480366af55d6aea7764b7cbad6d3d3f2a62d","preread":"0001-01-01T00:00:00Z","storage_stats":{},"precpu_stats":{"throttling_data":{"throttled_periods":0,"throttled_time":0,"periods":0},"cpu_usage":{"usage_in_usermode":0,"usage_in_kernelmode":0,"total_usage":0}},"pids_stats":{"current":40},"num_procs":0,"cpu_stats":{"throttling_data":{"throttled_periods":0,"throttled_time":0,"periods":0},"system_cpu_usage":4464246424522419,"online_cpus":128,"cpu_usage":{"usage_in_usermode":309120000000,"usage_in_kernelmode":22430000000,"total_usage":331069309796,"percpu_usage":[0,0,0,0,0,0,0,0,0,0,0,0,0,0,0,0,0,0,0,0,0,0,0,0,0,0,0,0,0,0,0,0,0,0,0,0,0,0,0,0,0,0,0,0,0,0,0,0,0,0,0,0,0,0,0,0,33840,3674852,168610,331064657744,0,0,0,0,0,0,0,0,0,0,0,0,0,0,0,0,0,0,0,0,0,0,0,0,0,0,0,0,0,0,0,0,0,0,0,0,0,0,0,0,0,0,0,0,0,0,0,0,0,0,0,0,0,0,0,0,0,0,0,0,0,0,774750,0,0,0,0,0]}},"read":"2021-01-11T18:13:44.076925415Z"}