################################################################################
# PkgEval set-up: 2020-12-03T09:51:10.481
#

Julia Version 1.5.3
Commit 788b2c77c1 (2020-11-09 13:37 UTC)
Platform Info:
  OS: Linux (x86_64-pc-linux-gnu)
  CPU: AMD EPYC 7502 32-Core Processor
  WORD_SIZE: 64
  LIBM: libopenlibm
  LLVM: libLLVM-9.0.1 (ORCJIT, znver2)
Environment:
  JULIA_PKGEVAL = true
  JULIA_PKG_PRECOMPILE_AUTO = 0
  JULIA_DEPOT_PATH = /home/pkgeval/.another_julia:/usr/local/share/julia



################################################################################
# Installation: 2020-12-03T09:51:13.369
#

  Resolving package versions...
  Installed CodecZlib ────────── v0.7.0
  Installed Zlib_jll ─────────── v1.2.11+18
  Installed Compat ───────────── v3.23.0
  Installed JLD2 ─────────────── v0.3.1
  Installed TranscodingStreams ─ v0.9.5
  Installed OrderedCollections ─ v1.3.2
  Installed Requires ─────────── v1.1.1
  Installed DataStructures ───── v0.18.8
  Installed JLLWrappers ──────── v1.1.3
  Installed MacroTools ───────── v0.5.6
  Installed Artifacts ────────── v1.3.0
Updating `~/.another_julia/environments/v1.5/Project.toml`
  [033835bb] + JLD2 v0.3.1
Updating `~/.another_julia/environments/v1.5/Manifest.toml`
  [56f22d72] + Artifacts v1.3.0
  [944b1d66] + CodecZlib v0.7.0
  [34da2185] + Compat v3.23.0
  [864edb3b] + DataStructures v0.18.8
  [033835bb] + JLD2 v0.3.1
  [692b3bcd] + JLLWrappers v1.1.3
  [1914dd2f] + MacroTools v0.5.6
  [bac558e1] + OrderedCollections v1.3.2
  [ae029012] + Requires v1.1.1
  [3bb67fe8] + TranscodingStreams v0.9.5


################################################################################
# Testing: 2020-12-03T09:51:16.458
#


  [83775a58] + Zlib_jll v1.2.11+18
  [2a0f44e3] + Base64
  [ade2ca70] + Dates
  [8bb1440f] + DelimitedFiles
  [8ba89e20] + Distributed
  [b77e0a4c] + InteractiveUtils
  [76f85450] + LibGit2
  [8f399da3] + Libdl
  [37e2e46d] + LinearAlgebra
  [56ddb016] + Logging
  [d6f4376e] + Markdown
  [a63ad114] + Mmap
  [44cfe95a] + Pkg
  [de0858da] + Printf
  [3fa0cd96] + REPL
  [9a3f8284] + Random
  [ea8e919c] + SHA
  [9e88b42a] + Serialization
  [1a1011a3] + SharedArrays
  [6462fe0b] + Sockets
  [2f01184e] + SparseArrays
  [10745b16] + Statistics
  [8dfed614] + Test
  [cf7118a7] + UUIDs
  [4ec0a83e] + Unicode
    Testing JLD2
Status `/tmp/jl_R0vEoB/Project.toml`
  [944b1d66] CodecZlib v0.7.0
  [864edb3b] DataStructures v0.18.8
  [5789e2e9] FileIO v1.4.5
  [033835bb] JLD2 v0.3.1
  [b1bec4e5] LIBSVM v0.5.0
  [1914dd2f] MacroTools v0.5.6
  [ce6b1742] RDatasets v0.7.3
  [ae029012] Requires v1.1.1
  [2a0f44e3] Base64
  [37e2e46d] LinearAlgebra
  [a63ad114] Mmap
  [44cfe95a] Pkg
  [de0858da] Printf
  [9a3f8284] Random
  [8dfed614] Test
  [cf7118a7] UUIDs
Status `/tmp/jl_R0vEoB/Manifest.toml`
  [56f22d72] Artifacts v1.3.0
  [336ed68f] CSV v0.8.2
  [324d7699] CategoricalArrays v0.9.0
  [944b1d66] CodecZlib v0.7.0
  [34da2185] Compat v3.23.0
  [e66e0078] CompilerSupportLibraries_jll v0.3.4+0
  [a8cc5b0e] Crayons v4.0.4
  [9a962f9c] DataAPI v1.4.0
  [a93c6f00] DataFrames v0.22.1
  [864edb3b] DataStructures v0.18.8
  [e2d170a0] DataValueInterfaces v1.0.0
  [e2ba6199] ExprTools v0.1.3
  [8f5d6c58] EzXML v1.1.0
  [5789e2e9] FileIO v1.4.5
  [59287772] Formatting v0.4.1
  [41ab1584] InvertedIndices v1.0.0
  [82899510] IteratorInterfaceExtensions v1.0.0
  [033835bb] JLD2 v0.3.1
  [692b3bcd] JLLWrappers v1.1.3
  [682c06a0] JSON v0.21.1
  [2d691ee1] LIBLINEAR v0.5.1
  [b1bec4e5] LIBSVM v0.5.0
  [94ce4f54] Libiconv_jll v1.16.0+7
  [1914dd2f] MacroTools v0.5.6
  [e1d29d7a] Missings v0.4.4
  [78c3b35d] Mocking v0.7.1
  [bac558e1] OrderedCollections v1.3.2
  [69de0a69] Parsers v1.0.12
  [2dfb63ee] PooledArrays v0.5.3
  [08abe8d2] PrettyTables v0.10.1
  [df47a6cb] RData v0.7.3
  [ce6b1742] RDatasets v0.7.3
  [3cdcf5f2] RecipesBase v1.1.1
  [189a3867] Reexport v0.2.0
  [ae029012] Requires v1.1.1
  [6e75b9c4] ScikitLearnBase v0.5.0
  [91c51154] SentinelArrays v1.2.16
  [a2af1166] SortingAlgorithms v0.3.1
  [856f2bd8] StructTypes v1.1.0
  [3783bdb8] TableTraits v1.0.0
  [bd369af6] Tables v1.2.1
  [f269a46b] TimeZones v1.5.2
  [3bb67fe8] TranscodingStreams v0.9.5
  [02c8fc9c] XML2_jll v2.9.10+3
  [83775a58] Zlib_jll v1.2.11+18
  [08558c22] libsvm_jll v3.24.0+1
  [2a0f44e3] Base64
  [ade2ca70] Dates
  [8bb1440f] DelimitedFiles
  [8ba89e20] Distributed
  [9fa8497b] Future
  [b77e0a4c] InteractiveUtils
  [76f85450] LibGit2
  [8f399da3] Libdl
  [37e2e46d] LinearAlgebra
  [56ddb016] Logging
  [d6f4376e] Markdown
  [a63ad114] Mmap
  [44cfe95a] Pkg
  [de0858da] Printf
  [3fa0cd96] REPL
  [9a3f8284] Random
  [ea8e919c] SHA
  [9e88b42a] Serialization
  [1a1011a3] SharedArrays
  [6462fe0b] Sockets
  [2f01184e] SparseArrays
  [10745b16] Statistics
  [8dfed614] Test
  [cf7118a7] UUIDs
  [4ec0a83e] Unicode
Test Summary:  | Pass  Total
BufferedReader |    1      1
[ Info: [/tmp/jl_kh61X5/test.jld]: Using JLD2.MmapIO, uncompressed
[ Info:   Write time:
 67.995838 seconds (118.68 M allocations: 5.761 GiB, 2.87% gc time)
[ Info:   Read time:
 18.087209 seconds (21.92 M allocations: 1.118 GiB, 2.45% gc time)
[ Info: [/tmp/jl_kh61X5/test.jld]: Using JLD2.MmapIO, compressed
[ Info:   Write time:
  1.016358 seconds (1.02 M allocations: 39.015 MiB, 1.53% gc time)
[ Info:   Read time:
  0.309825 seconds (429.71 k allocations: 48.580 MiB, 4.07% gc time)
[ Info: [/tmp/jl_kh61X5/test.jld]: Using IOStream, uncompressed
[ Info:   Write time:
 50.972926 seconds (59.68 M allocations: 2.858 GiB, 2.51% gc time)
[ Info:   Read time:
 [ Info: [/tmp/jl_kh61X5/test.jld]: Using IOStream, compressed
[ Info:   Write time:
11.938624 seconds (12.86 M allocations: 784.327 MiB, 2.39% gc time)
  2.194353 seconds (1.74 M allocations: 51.854 MiB, 1.31% gc time)
[ Info:   Read time:
  1.038079 seconds (430.18 k allocations: 149.458 MiB, 2.43% gc time)
┌ Warning: Assignment to `fn` in soft scope is ambiguous because a global variable by the same name exists: `fn` will be treated as a new local. Disambiguate by using `local fn` to suppress this warning or `global fn` to assign to the existing global variable.
└ @ ~/.another_julia/packages/JLD2/aRhgS/test/consistency.jl:4
┌ Warning: Assignment to `f` in soft scope is ambiguous because a global variable by the same name exists: `f` will be treated as a new local. Disambiguate by using `local f` to suppress this warning or `global f` to assign to the existing global variable.
└ @ ~/.another_julia/packages/JLD2/aRhgS/test/consistency.jl:7
┌ Warning: mmaparrays keyword is currently ignored
└ @ JLD2 ~/.julia/packages/JLD2/aRhgS/src/JLD2.jl:213
┌ Warning: Opening file with ArgumentError failed, falling back to JLD2.MmapIO
└ @ JLD2 ~/.julia/packages/JLD2/aRhgS/src/JLD2.jl:196
[ Info: The next error message (involving "loading nothing") is a sign of normal operation
Error encountered while loading nothing.

Fatal error:
Test Summary:             | Pass  Total
Recursive Immutable Types |    2      2

signal (11): Segmentation fault
in expression starting at /home/pkgeval/.another_julia/packages/JLD2/aRhgS/test/loadsave.jl:202
unsafe_load at ./pointer.jl:105 [inlined]
unsafe_load at ./pointer.jl:105 [inlined]
_read at /home/pkgeval/.julia/packages/JLD2/aRhgS/src/mmapio.jl:215 [inlined]
read at /home/pkgeval/.julia/packages/JLD2/aRhgS/src/mmapio.jl:219 [inlined]
unsafe_read at ./io.jl:249 [inlined]
unsafe_read at ./io.jl:698 [inlined]
read! at ./io.jl:710 [inlined]
verify_file_header at /home/pkgeval/.julia/packages/JLD2/aRhgS/src/file_header.jl:23
#jldopen#9 at /home/pkgeval/.julia/packages/JLD2/aRhgS/src/JLD2.jl:264
jldopen##kw at /home/pkgeval/.julia/packages/JLD2/aRhgS/src/JLD2.jl:213
unknown function (ip: 0x7f4425793a65)
_jl_invoke at /buildworker/worker/package_linux64/build/src/gf.c:2231 [inlined]
jl_apply_generic at /buildworker/worker/package_linux64/build/src/gf.c:2398
#jldopen#10 at /home/pkgeval/.julia/packages/JLD2/aRhgS/src/JLD2.jl:305
unknown function (ip: 0x7f4425791fe1)
jldopen##kw at /home/pkgeval/.julia/packages/JLD2/aRhgS/src/JLD2.jl:300
_jl_invoke at /buildworker/worker/package_linux64/build/src/gf.c:2231 [inlined]
jl_apply_generic at /buildworker/worker/package_linux64/build/src/gf.c:2398
jl_apply at /buildworker/worker/package_linux64/build/src/julia.h:1690 [inlined]
do_call at /buildworker/worker/package_linux64/build/src/interpreter.c:117
eval_value at /buildworker/worker/package_linux64/build/src/interpreter.c:206
eval_stmt_value at /buildworker/worker/package_linux64/build/src/interpreter.c:157 [inlined]
eval_body at /buildworker/worker/package_linux64/build/src/interpreter.c:566
eval_body at /buildworker/worker/package_linux64/build/src/interpreter.c:492
jl_interpret_toplevel_thunk at /buildworker/worker/package_linux64/build/src/interpreter.c:660
jl_toplevel_eval_flex at /buildworker/worker/package_linux64/build/src/toplevel.c:840
jl_parse_eval_all at /buildworker/worker/package_linux64/build/src/ast.c:913
jl_load_rewrite at /buildworker/worker/package_linux64/build/src/toplevel.c:914
include at ./client.jl:457
_jl_invoke at /buildworker/worker/package_linux64/build/src/gf.c:2214 [inlined]
jl_apply_generic at /buildworker/worker/package_linux64/build/src/gf.c:2398
jl_apply at /buildworker/worker/package_linux64/build/src/julia.h:1690 [inlined]
do_call at /buildworker/worker/package_linux64/build/src/interpreter.c:117
eval_value at /buildworker/worker/package_linux64/build/src/interpreter.c:206
eval_stmt_value at /buildworker/worker/package_linux64/build/src/interpreter.c:157 [inlined]
eval_body at /buildworker/worker/package_linux64/build/src/interpreter.c:566
jl_interpret_toplevel_thunk at /buildworker/worker/package_linux64/build/src/interpreter.c:660
jl_toplevel_eval_flex at /buildworker/worker/package_linux64/build/src/toplevel.c:840
jl_parse_eval_all at /buildworker/worker/package_linux64/build/src/ast.c:913
jl_load_rewrite at /buildworker/worker/package_linux64/build/src/toplevel.c:914
include at ./client.jl:457
_jl_invoke at /buildworker/worker/package_linux64/build/src/gf.c:2231 [inlined]
jl_apply_generic at /buildworker/worker/package_linux64/build/src/gf.c:2398
jl_apply at /buildworker/worker/package_linux64/build/src/julia.h:1690 [inlined]
do_call at /buildworker/worker/package_linux64/build/src/interpreter.c:117
eval_value at /buildworker/worker/package_linux64/build/src/interpreter.c:206
eval_stmt_value at /buildworker/worker/package_linux64/build/src/interpreter.c:157 [inlined]
eval_body at /buildworker/worker/package_linux64/build/src/interpreter.c:566
jl_interpret_toplevel_thunk at /buildworker/worker/package_linux64/build/src/interpreter.c:660
jl_toplevel_eval_flex at /buildworker/worker/package_linux64/build/src/toplevel.c:840
jl_toplevel_eval_flex at /buildworker/worker/package_linux64/build/src/toplevel.c:790
jl_toplevel_eval_in at /buildworker/worker/package_linux64/build/src/toplevel.c:883
eval at ./boot.jl:331
_jl_invoke at /buildworker/worker/package_linux64/build/src/gf.c:2214 [inlined]
jl_apply_generic at /buildworker/worker/package_linux64/build/src/gf.c:2398
exec_options at ./client.jl:272
_start at ./client.jl:506
jfptr__start_41820 at /cache/JLD2-tCyQqzOa.so (unknown line)
_jl_invoke at /buildworker/worker/package_linux64/build/src/gf.c:2214 [inlined]
jl_apply_generic at /buildworker/worker/package_linux64/build/src/gf.c:2398
jl_apply at /buildworker/worker/package_linux64/build/ui/../src/julia.h:1690 [inlined]
true_main at /buildworker/worker/package_linux64/build/ui/repl.c:106
main at /buildworker/worker/package_linux64/build/ui/repl.c:227
__libc_start_main at /usr/lib/libc.so.6 (unknown line)
_start at /opt/julia/bin/julia (unknown line)
Allocations: 250847436 (Pool: 250784485; Big: 62951); GC: 278

PkgEval failed: Package JLD2 errored during testing (received signal: 11)
Stacktrace:
 [1] pkgerror(::String) at /buildworker/worker/package_linux64/build/usr/share/julia/stdlib/v1.5/Pkg/src/Types.jl:52
 [2] test(::Pkg.Types.Context, ::Array{Pkg.Types.PackageSpec,1}; coverage::Bool, julia_args::Cmd, test_args::Cmd, test_fn::Nothing) at /buildworker/worker/package_linux64/build/usr/share/julia/stdlib/v1.5/Pkg/src/Operations.jl:1578
 [3] test(::Pkg.Types.Context, ::Array{Pkg.Types.PackageSpec,1}; coverage::Bool, test_fn::Nothing, julia_args::Cmd, test_args::Cmd, kwargs::Base.Iterators.Pairs{Union{},Union{},Tuple{},NamedTuple{(),Tuple{}}}) at /buildworker/worker/package_linux64/build/usr/share/julia/stdlib/v1.5/Pkg/src/API.jl:327
 [4] test(::Pkg.Types.Context, ::Array{Pkg.Types.PackageSpec,1}) at /buildworker/worker/package_linux64/build/usr/share/julia/stdlib/v1.5/Pkg/src/API.jl:314
 [5] #test#61 at /buildworker/worker/package_linux64/build/usr/share/julia/stdlib/v1.5/Pkg/src/API.jl:67 [inlined]
 [6] test at /buildworker/worker/package_linux64/build/usr/share/julia/stdlib/v1.5/Pkg/src/API.jl:67 [inlined]
 [7] #test#60 at /buildworker/worker/package_linux64/build/usr/share/julia/stdlib/v1.5/Pkg/src/API.jl:66 [inlined]
 [8] test at /buildworker/worker/package_linux64/build/usr/share/julia/stdlib/v1.5/Pkg/src/API.jl:66 [inlined]
 [9] test(::String; kwargs::Base.Iterators.Pairs{Union{},Union{},Tuple{},NamedTuple{(),Tuple{}}}) at /buildworker/worker/package_linux64/build/usr/share/julia/stdlib/v1.5/Pkg/src/API.jl:65
 [10] test(::String) at /buildworker/worker/package_linux64/build/usr/share/julia/stdlib/v1.5/Pkg/src/API.jl:65
 [11] top-level scope at none:20
 [12] eval at ./boot.jl:331 [inlined]
 [13] eval(::Expr) at ./client.jl:467
 [14] top-level scope at none:1
 [15] eval(::Module, ::Any) at ./boot.jl:331
 [16] exec_options(::Base.JLOptions) at ./client.jl:272
 [17] _start() at ./client.jl:506


################################################################################
# PkgEval teardown: 2020-12-03T09:55:10.655
CPU usage: 237.62s (230.34s user, 7.93s kernel)

Network usage:
- eth0: 31.284 MiB received, 467.833 KiB sent

Raw statistics: {"blkio_stats":{"io_queue_recursive":[],"io_serviced_recursive":[{"major":259,"value":0,"op":"Read","minor":0},{"major":259,"value":465,"op":"Write","minor":0},{"major":259,"value":387,"op":"Sync","minor":0},{"major":259,"value":78,"op":"Async","minor":0},{"major":259,"value":0,"op":"Discard","minor":0},{"major":259,"value":465,"op":"Total","minor":0},{"major":253,"value":0,"op":"Read","minor":2},{"major":253,"value":101,"op":"Write","minor":2},{"major":253,"value":63,"op":"Sync","minor":2},{"major":253,"value":38,"op":"Async","minor":2},{"major":253,"value":0,"op":"Discard","minor":2},{"major":253,"value":101,"op":"Total","minor":2}],"io_time_recursive":[],"sectors_recursive":[],"io_service_bytes_recursive":[{"major":259,"value":0,"op":"Read","minor":0},{"major":259,"value":51273728,"op":"Write","minor":0},{"major":259,"value":45219840,"op":"Sync","minor":0},{"major":259,"value":6053888,"op":"Async","minor":0},{"major":259,"value":0,"op":"Discard","minor":0},{"major":259,"value":51273728,"op":"Total","minor":0},{"major":253,"value":0,"op":"Read","minor":2},{"major":253,"value":51273728,"op":"Write","minor":2},{"major":253,"value":45219840,"op":"Sync","minor":2},{"major":253,"value":6053888,"op":"Async","minor":2},{"major":253,"value":0,"op":"Discard","minor":2},{"major":253,"value":51273728,"op":"Total","minor":2}],"io_wait_time_recursive":[],"io_merged_recursive":[],"io_service_time_recursive":[]},"memory_stats":{"usage":871428096,"max_usage":1378881536,"stats":{"hierarchical_memory_limit":9223372036854771712,"pgmajfault":132,"total_rss":246755328,"inactive_file":3108864,"inactive_anon":582844416,"total_pgfault":1916937,"total_cache":610799616,"total_rss_huge":0,"total_active_anon":250331136,"total_pgmajfault":132,"pgpgin":985017,"rss_huge":0,"mapped_file":0,"total_inactive_file":3108864,"dirty":811008,"total_unevictable":0,"total_dirty":811008,"writeback":0,"pgpgout":775638,"hierarchical_memsw_limit":0,"cache":610799616,"active_file":21086208,"pgfault":1916937,"total_mapped_file":0,"total_pgpgout":775638,"total_writeback":0,"rss":246755328,"unevictable":0,"total_inactive_anon":582844416,"total_pgpgin":985017,"active_anon":250331136,"total_active_file":21086208},"limit":540965302272},"name":"/JLD2-qAhxjY0X","networks":{"eth0":{"rx_bytes":32803989,"rx_packets":7746,"tx_packets":5536,"tx_bytes":479061,"tx_dropped":0,"rx_dropped":8,"tx_errors":0,"rx_errors":0}},"id":"8737adb3cff1fc287cddd8d4f0557b9ef9bc63c9a8b610962416cc54d4036f68","preread":"0001-01-01T00:00:00Z","storage_stats":{},"precpu_stats":{"throttling_data":{"throttled_periods":0,"throttled_time":0,"periods":0},"cpu_usage":{"usage_in_usermode":0,"usage_in_kernelmode":0,"total_usage":0}},"pids_stats":{"current":42},"num_procs":0,"cpu_stats":{"throttling_data":{"throttled_periods":0,"throttled_time":0,"periods":0},"system_cpu_usage":122788885585808967,"online_cpus":128,"cpu_usage":{"usage_in_usermode":230340000000,"usage_in_kernelmode":7930000000,"total_usage":237621119589,"percpu_usage":[0,0,0,0,0,0,0,0,0,0,0,0,0,0,0,0,0,0,0,0,0,0,0,0,0,0,0,0,0,0,0,0,0,0,0,0,0,0,0,0,0,0,0,0,0,0,0,0,0,10356214,0,0,0,0,0,0,0,0,0,0,0,0,0,0,0,0,0,0,0,0,0,0,0,0,0,0,0,0,0,0,0,0,0,0,0,0,0,0,0,0,0,0,0,0,0,0,0,0,0,0,0,0,0,0,0,0,0,0,0,0,0,0,15194577,0,237589630725,5938073,0,0,0,0,0,0,0,0,0,0,0,0]}},"read":"2020-12-03T09:55:11.129859642Z"}