################################################################################
# PackageCompiler set-up: 2021-01-11T18:05:09.774
#

Julia Version 1.5.3
Commit 599f52c4c6 (2020-12-18 13:33 UTC)
Platform Info:
  OS: Linux (x86_64-linux-gnu)
  CPU: AMD EPYC 7502 32-Core Processor
  WORD_SIZE: 64
  LIBM: libopenlibm
  LLVM: libLLVM-9.0.1 (ORCJIT, znver2)
Environment:
  JULIA_PKGEVAL = true
  JULIA_PKG_PRECOMPILE_AUTO = 0



################################################################################
# Installation: 2021-01-11T18:05:11.492
#

 Installing known registries into `~/.julia`
############################################                              61.1%######################################################################## 100.0%
      Added registry `General` to `~/.julia/registries/General`
  Resolving package versions...
  Installed JSExpr ──────────────── v0.5.2
  Installed MbedTLS_jll ─────────── v2.16.8+1
  Installed Reexport ────────────── v1.0.0
  Installed Widgets ─────────────── v0.6.2
  Installed FunctionalCollections ─ v0.5.0
  Installed Requires ────────────── v1.1.2
  Installed MbedTLS ─────────────── v1.0.3
  Installed HTTP ────────────────── v0.9.2
  Installed Observables ─────────── v0.3.3
  Installed AssetRegistry ───────── v0.1.0
  Installed PackageCompiler ─────── v1.2.5
  Installed ColorTypes ──────────── v0.10.9
  Installed OrderedCollections ──── v1.3.2
  Installed Colors ──────────────── v0.12.6
  Installed MacroTools ──────────── v0.5.6
  Installed WebIO ───────────────── v0.8.15
  Installed JSON ────────────────── v0.21.1
  Installed Pidfile ─────────────── v1.2.0
  Installed Parsers ─────────────── v1.0.15
  Installed FixedPointNumbers ───── v0.8.4
  Installed URIs ────────────────── v1.1.0
  Installed WebSockets ──────────── v1.5.7
  Installed JLLWrappers ─────────── v1.2.0
  Installed IniFile ─────────────── v0.5.0
  Installed Artifacts ───────────── v1.3.0
Updating `~/.julia/environments/v1.5/Project.toml`
  [97c1335a] + JSExpr v0.5.2
  [9b87118b] + PackageCompiler v1.2.5
Updating `~/.julia/environments/v1.5/Manifest.toml`
  [56f22d72] + Artifacts v1.3.0
  [bf4720bc] + AssetRegistry v0.1.0
  [3da002f7] + ColorTypes v0.10.9
  [5ae59095] + Colors v0.12.6
  [53c48c17] + FixedPointNumbers v0.8.4
  [de31a74c] + FunctionalCollections v0.5.0
  [cd3eb016] + HTTP v0.9.2
  [83e8ac13] + IniFile v0.5.0
  [692b3bcd] + JLLWrappers v1.2.0
  [97c1335a] + JSExpr v0.5.2
  [682c06a0] + JSON v0.21.1
  [1914dd2f] + MacroTools v0.5.6
  [739be429] + MbedTLS v1.0.3
  [c8ffd9c3] + MbedTLS_jll v2.16.8+1
  [510215fc] + Observables v0.3.3
  [bac558e1] + OrderedCollections v1.3.2
  [9b87118b] + PackageCompiler v1.2.5
  [69de0a69] + Parsers v1.0.15
  [fa939f87] + Pidfile v1.2.0
  [189a3867] + Reexport v1.0.0
  [ae029012] + Requires v1.1.2
  [5c2747f8] + URIs v1.1.0
  [0f1e0344] + WebIO v0.8.15
  [104b5d7c] + WebSockets v1.5.7
  [cc8bc4a8] + Widgets v0.6.2
  [2a0f44e3] + Base64
  [ade2ca70] + Dates
  [8ba89e20] + Distributed
  [7b1f6079] + FileWatching
  [b77e0a4c] + InteractiveUtils
  [76f85450] + LibGit2
  [8f399da3] + Libdl
  [37e2e46d] + LinearAlgebra
  [56ddb016] + Logging
  [d6f4376e] + Markdown
  [a63ad114] + Mmap
  [44cfe95a] + Pkg
  [de0858da] + Printf
  [3fa0cd96] + REPL
  [9a3f8284] + Random
  [ea8e919c] + SHA
  [9e88b42a] + Serialization
  [6462fe0b] + Sockets
  [2f01184e] + SparseArrays
  [10745b16] + Statistics
  [8dfed614] + Test
  [cf7118a7] + UUIDs
  [4ec0a83e] + Unicode
   Building WebIO → `~/.julia/packages/WebIO/Fy9h1/deps/build.log`


################################################################################
# Compiling: 2021-01-11T18:05:23.554
#

[ Info: PackageCompiler: creating system image object file, this might take a while...
Generated system image is 171.766 MiB, compilation took 214 seconds


################################################################################
# PkgEval set-up: 2021-01-11T18:09:05.184
#

Julia Version 1.5.3
Commit 599f52c4c6 (2020-12-18 13:33 UTC)
Platform Info:
  OS: Linux (x86_64-linux-gnu)
  CPU: AMD EPYC 7502 32-Core Processor
  WORD_SIZE: 64
  LIBM: libopenlibm
  LLVM: libLLVM-9.0.1 (ORCJIT, znver2)
Environment:
  JULIA_PKGEVAL = true
  JULIA_PKG_PRECOMPILE_AUTO = 0

Base.julia_cmd() = `/usr/local/julia/bin/julia -Cnative -J/cache/JSExpr-i9r81kmo.so -g1`


################################################################################
# Installation: 2021-01-11T18:09:06.968
#

 Installing known registries into `~/.julia`
######################################################################## 100.0%
      Added registry `General` to `~/.julia/registries/General`
  Resolving package versions...
  Installed JSExpr ──────────────── v0.5.2
  Installed MbedTLS_jll ─────────── v2.16.8+1
  Installed Reexport ────────────── v1.0.0
  Installed Widgets ─────────────── v0.6.2
  Installed FunctionalCollections ─ v0.5.0
  Installed Requires ────────────── v1.1.2
  Installed MbedTLS ─────────────── v1.0.3
  Installed Observables ─────────── v0.3.3
  Installed HTTP ────────────────── v0.9.2
  Installed AssetRegistry ───────── v0.1.0
  Installed ColorTypes ──────────── v0.10.9
  Installed OrderedCollections ──── v1.3.2
  Installed Colors ──────────────── v0.12.6
  Installed MacroTools ──────────── v0.5.6
  Installed JLLWrappers ─────────── v1.2.0
  Installed WebIO ───────────────── v0.8.15
  Installed JSON ────────────────── v0.21.1
  Installed Artifacts ───────────── v1.3.0
  Installed Pidfile ─────────────── v1.2.0
  Installed FixedPointNumbers ───── v0.8.4
  Installed Parsers ─────────────── v1.0.15
  Installed WebSockets ──────────── v1.5.7
  Installed IniFile ─────────────── v0.5.0
  Installed URIs ────────────────── v1.1.0
Updating `~/.julia/environments/v1.5/Project.toml`
  [97c1335a] + JSExpr v0.5.2
Updating `~/.julia/environments/v1.5/Manifest.toml`
  [56f22d72] + Artifacts v1.3.0
  [bf4720bc] + AssetRegistry v0.1.0
  [3da002f7] + ColorTypes v0.10.9
  [5ae59095] + Colors v0.12.6
  [53c48c17] + FixedPointNumbers v0.8.4
  [de31a74c] + FunctionalCollections v0.5.0
  [cd3eb016] + HTTP v0.9.2
  [83e8ac13] + IniFile v0.5.0
  [692b3bcd] + JLLWrappers v1.2.0
  [97c1335a] + JSExpr v0.5.2
  [682c06a0] + JSON v0.21.1
  [1914dd2f] + MacroTools v0.5.6
  [739be429] + MbedTLS v1.0.3
  [c8ffd9c3] + MbedTLS_jll v2.16.8+1
  [510215fc] + Observables v0.3.3
  [bac558e1] + OrderedCollections v1.3.2
  [69de0a69] + Parsers v1.0.15
  [fa939f87] + Pidfile v1.2.0
  [189a3867] + Reexport v1.0.0
  [ae029012] + Requires v1.1.2
  [5c2747f8] + URIs v1.1.0
  [0f1e0344] + WebIO v0.8.15
  [104b5d7c] + WebSockets v1.5.7
  [cc8bc4a8] + Widgets v0.6.2
  [2a0f44e3] + Base64
  [ade2ca70] + Dates
  [8ba89e20] + Distributed
  [7b1f6079] + FileWatching
  [b77e0a4c] + InteractiveUtils
  [76f85450] + LibGit2
  [8f399da3] + Libdl
  [37e2e46d] + LinearAlgebra
  [56ddb016] + Logging
  [d6f4376e] + Markdown
  [a63ad114] + Mmap
  [44cfe95a] + Pkg
  [de0858da] + Printf
  [3fa0cd96] + REPL
  [9a3f8284] + Random
  [ea8e919c] + SHA
  [9e88b42a] + Serialization
  [6462fe0b] + Sockets
  [2f01184e] + SparseArrays
  [10745b16] + Statistics
  [8dfed614] + Test
  [cf7118a7] + UUIDs
  [4ec0a83e] + Unicode
   Building WebIO → `~/.julia/packages/WebIO/Fy9h1/deps/build.log`


################################################################################
# Testing: 2021-01-11T18:09:16.227
#

    Testing JSExpr
Status `/tmp/jl_MSI5Cb/Project.toml`
  [97c1335a] JSExpr v0.5.2
  [682c06a0] JSON v0.21.1
  [1914dd2f] MacroTools v0.5.6
  [510215fc] Observables v0.3.3
  [0f1e0344] WebIO v0.8.15
  [8dfed614] Test
Status `/tmp/jl_MSI5Cb/Manifest.toml`
  [56f22d72] Artifacts v1.3.0
  [bf4720bc] AssetRegistry v0.1.0
  [3da002f7] ColorTypes v0.10.9
  [5ae59095] Colors v0.12.6
  [53c48c17] FixedPointNumbers v0.8.4
  [de31a74c] FunctionalCollections v0.5.0
  [cd3eb016] HTTP v0.9.2
  [83e8ac13] IniFile v0.5.0
  [692b3bcd] JLLWrappers v1.2.0
  [97c1335a] JSExpr v0.5.2
  [682c06a0] JSON v0.21.1
  [1914dd2f] MacroTools v0.5.6
  [739be429] MbedTLS v1.0.3
  [c8ffd9c3] MbedTLS_jll v2.16.8+1
  [510215fc] Observables v0.3.3
  [bac558e1] OrderedCollections v1.3.2
  [69de0a69] Parsers v1.0.15
  [fa939f87] Pidfile v1.2.0
  [189a3867] Reexport v1.0.0
  [ae029012] Requires v1.1.2
  [5c2747f8] URIs v1.1.0
  [0f1e0344] WebIO v0.8.15
  [104b5d7c] WebSockets v1.5.7
  [cc8bc4a8] Widgets v0.6.2
  [2a0f44e3] Base64
  [ade2ca70] Dates
  [8ba89e20] Distributed
  [7b1f6079] FileWatching
  [b77e0a4c] InteractiveUtils
  [76f85450] LibGit2
  [8f399da3] Libdl
  [37e2e46d] LinearAlgebra
  [56ddb016] Logging
  [d6f4376e] Markdown
  [a63ad114] Mmap
  [44cfe95a] Pkg
  [de0858da] Printf
  [3fa0cd96] REPL
  [9a3f8284] Random
  [ea8e919c] SHA
  [9e88b42a] Serialization
  [6462fe0b] Sockets
  [2f01184e] SparseArrays
  [10745b16] Statistics
  [8dfed614] Test
  [cf7118a7] UUIDs
  [4ec0a83e] Unicode
Test Summary: | Pass  Total
@js_str       |    2      2
Test Summary: | Pass  Total
@js           |   32     32
    Testing JSExpr tests passed 

PkgEval succeeded


################################################################################
# PkgEval teardown: 2021-01-11T18:09:25.446
CPU usage: 20.20s (17.27s user, 2.96s kernel)

Network usage:
- eth0: 4.710 MiB received, 151.635 KiB sent

Raw statistics: {"blkio_stats":{"io_queue_recursive":[],"io_serviced_recursive":[{"major":259,"value":0,"op":"Read","minor":0},{"major":259,"value":23,"op":"Write","minor":0},{"major":259,"value":14,"op":"Sync","minor":0},{"major":259,"value":9,"op":"Async","minor":0},{"major":259,"value":0,"op":"Discard","minor":0},{"major":259,"value":23,"op":"Total","minor":0},{"major":253,"value":0,"op":"Read","minor":2},{"major":253,"value":23,"op":"Write","minor":2},{"major":253,"value":14,"op":"Sync","minor":2},{"major":253,"value":9,"op":"Async","minor":2},{"major":253,"value":0,"op":"Discard","minor":2},{"major":253,"value":23,"op":"Total","minor":2}],"io_time_recursive":[],"sectors_recursive":[],"io_service_bytes_recursive":[{"major":259,"value":0,"op":"Read","minor":0},{"major":259,"value":110592,"op":"Write","minor":0},{"major":259,"value":57344,"op":"Sync","minor":0},{"major":259,"value":53248,"op":"Async","minor":0},{"major":259,"value":0,"op":"Discard","minor":0},{"major":259,"value":110592,"op":"Total","minor":0},{"major":253,"value":0,"op":"Read","minor":2},{"major":253,"value":110592,"op":"Write","minor":2},{"major":253,"value":57344,"op":"Sync","minor":2},{"major":253,"value":53248,"op":"Async","minor":2},{"major":253,"value":0,"op":"Discard","minor":2},{"major":253,"value":110592,"op":"Total","minor":2}],"io_wait_time_recursive":[],"io_merged_recursive":[],"io_service_time_recursive":[]},"memory_stats":{"usage":318849024,"max_usage":555814912,"stats":{"hierarchical_memory_limit":9223372036854771712,"pgmajfault":0,"total_rss":202731520,"inactive_file":135168,"inactive_anon":84885504,"total_pgfault":496419,"total_cache":86011904,"total_rss_huge":0,"total_active_anon":203833344,"total_pgmajfault":0,"pgpgin":287892,"rss_huge":0,"mapped_file":0,"total_inactive_file":135168,"dirty":135168,"total_unevictable":0,"total_dirty":135168,"writeback":0,"pgpgout":217399,"hierarchical_memsw_limit":0,"cache":86011904,"active_file":135168,"pgfault":496419,"total_mapped_file":0,"total_pgpgout":217399,"total_writeback":0,"rss":202731520,"unevictable":0,"total_inactive_anon":84885504,"total_pgpgin":287892,"active_anon":203833344,"total_active_file":135168},"limit":540965302272},"name":"/JSExpr-MASlPrGJ","networks":{"eth0":{"rx_bytes":4938441,"rx_packets":1258,"tx_packets":1335,"tx_bytes":155274,"tx_dropped":0,"rx_dropped":1,"tx_errors":0,"rx_errors":0}},"id":"3c04bc85e9f931b2bdf9566304ab262759dadb4f9cef2db6d596b5da83e19540","preread":"0001-01-01T00:00:00Z","storage_stats":{},"precpu_stats":{"throttling_data":{"throttled_periods":0,"throttled_time":0,"periods":0},"cpu_usage":{"usage_in_usermode":0,"usage_in_kernelmode":0,"total_usage":0}},"pids_stats":{"current":44},"num_procs":0,"cpu_stats":{"throttling_data":{"throttled_periods":0,"throttled_time":0,"periods":0},"system_cpu_usage":4431311404522419,"online_cpus":128,"cpu_usage":{"usage_in_usermode":17270000000,"usage_in_kernelmode":2960000000,"total_usage":20197087183,"percpu_usage":[0,0,0,0,0,0,0,0,0,0,0,0,0,0,0,0,0,0,0,0,0,0,0,0,0,0,0,0,0,0,0,0,0,0,0,0,0,20197083963,0,0,0,0,0,0,0,0,0,0,0,0,0,0,0,0,0,0,0,0,0,0,0,0,0,0,0,0,0,0,0,0,0,0,0,0,0,0,0,0,0,0,0,0,0,0,0,0,0,0,0,0,0,0,0,0,0,0,0,0,0,0,3220,0,0,0,0,0,0,0,0,0,0,0,0,0,0,0,0,0,0,0,0,0,0,0,0,0,0,0]}},"read":"2021-01-11T18:09:26.362149736Z"}