################################################################################
# PkgEval set-up: 2021-01-11T19:43:11.07
#

Julia Version 1.5.3
Commit 599f52c4c6 (2020-12-18 13:33 UTC)
Platform Info:
  OS: Linux (x86_64-linux-gnu)
  CPU: AMD EPYC 7502 32-Core Processor
  WORD_SIZE: 64
  LIBM: libopenlibm
  LLVM: libLLVM-9.0.1 (ORCJIT, znver2)
Environment:
  JULIA_PKG_PRECOMPILE_AUTO = 0
  JULIA_PKGEVAL = true

Base.julia_cmd() = `/opt/julia/bin/julia -Cnative -J/opt/julia/lib/julia/sys.so -g1`


################################################################################
# Installation: 2021-01-11T19:43:12.86
#

 Installing known registries into `~/.julia`
###########                                                               16.4%######################################################################## 100.0%
      Added registry `General` to `~/.julia/registries/General`
  Resolving package versions...
  Installed MbedTLS_jll ───── v2.16.8+1
  Installed JuliaRunClient ── v0.2.2
  Installed MbedTLS ───────── v1.0.3
  Installed JLLWrappers ───── v1.2.0
  Installed JSON ──────────── v0.21.1
  Installed HTTP ──────────── v0.8.19
  Installed ClusterManagers ─ v0.3.2
  Installed Parsers ───────── v1.0.15
  Installed IniFile ───────── v0.5.0
  Installed Artifacts ─────── v1.3.0
Updating `~/.julia/environments/v1.5/Project.toml`
  [ea4eb333] + JuliaRunClient v0.2.2
Updating `~/.julia/environments/v1.5/Manifest.toml`
  [56f22d72] + Artifacts v1.3.0
  [34f1f09b] + ClusterManagers v0.3.2
  [cd3eb016] + HTTP v0.8.19
  [83e8ac13] + IniFile v0.5.0
  [692b3bcd] + JLLWrappers v1.2.0
  [682c06a0] + JSON v0.21.1
  [ea4eb333] + JuliaRunClient v0.2.2
  [739be429] + MbedTLS v1.0.3
  [c8ffd9c3] + MbedTLS_jll v2.16.8+1
  [69de0a69] + Parsers v1.0.15
  [2a0f44e3] + Base64
  [ade2ca70] + Dates
  [8ba89e20] + Distributed
  [b77e0a4c] + InteractiveUtils
  [76f85450] + LibGit2
  [8f399da3] + Libdl
  [56ddb016] + Logging
  [d6f4376e] + Markdown
  [a63ad114] + Mmap
  [44cfe95a] + Pkg
  [de0858da] + Printf
  [3fa0cd96] + REPL
  [9a3f8284] + Random
  [ea8e919c] + SHA
  [9e88b42a] + Serialization
  [6462fe0b] + Sockets
  [8dfed614] + Test
  [cf7118a7] + UUIDs
  [4ec0a83e] + Unicode


################################################################################
# Testing: 2021-01-11T19:43:17.844
#

    Testing JuliaRunClient
Status `/tmp/jl_32lNNT/Project.toml`
  [34f1f09b] ClusterManagers v0.3.2
  [cd3eb016] HTTP v0.8.19
  [682c06a0] JSON v0.21.1
  [ea4eb333] JuliaRunClient v0.2.2
  [2a0f44e3] Base64
  [8ba89e20] Distributed
  [6462fe0b] Sockets
  [8dfed614] Test
Status `/tmp/jl_32lNNT/Manifest.toml`
  [56f22d72] Artifacts v1.3.0
  [34f1f09b] ClusterManagers v0.3.2
  [cd3eb016] HTTP v0.8.19
  [83e8ac13] IniFile v0.5.0
  [692b3bcd] JLLWrappers v1.2.0
  [682c06a0] JSON v0.21.1
  [ea4eb333] JuliaRunClient v0.2.2
  [739be429] MbedTLS v1.0.3
  [c8ffd9c3] MbedTLS_jll v2.16.8+1
  [69de0a69] Parsers v1.0.15
  [2a0f44e3] Base64
  [ade2ca70] Dates
  [8ba89e20] Distributed
  [b77e0a4c] InteractiveUtils
  [76f85450] LibGit2
  [8f399da3] Libdl
  [56ddb016] Logging
  [d6f4376e] Markdown
  [a63ad114] Mmap
  [44cfe95a] Pkg
  [de0858da] Printf
  [3fa0cd96] REPL
  [9a3f8284] Random
  [ea8e919c] SHA
  [9e88b42a] Serialization
  [6462fe0b] Sockets
  [8dfed614] Test
  [cf7118a7] UUIDs
  [4ec0a83e] Unicode
    Testing JuliaRunClient tests passed 

PkgEval succeeded


################################################################################
# PkgEval teardown: 2021-01-11T19:43:33.256
CPU usage: 22.27s (18.94s user, 3.38s kernel)

Network usage:
- eth0: 3.026 MiB received, 70.205 KiB sent

Raw statistics: {"blkio_stats":{"io_queue_recursive":[],"io_serviced_recursive":[{"major":259,"value":0,"op":"Read","minor":0},{"major":259,"value":24,"op":"Write","minor":0},{"major":259,"value":19,"op":"Sync","minor":0},{"major":259,"value":5,"op":"Async","minor":0},{"major":259,"value":0,"op":"Discard","minor":0},{"major":259,"value":24,"op":"Total","minor":0},{"major":253,"value":0,"op":"Read","minor":2},{"major":253,"value":24,"op":"Write","minor":2},{"major":253,"value":19,"op":"Sync","minor":2},{"major":253,"value":5,"op":"Async","minor":2},{"major":253,"value":0,"op":"Discard","minor":2},{"major":253,"value":24,"op":"Total","minor":2}],"io_time_recursive":[],"sectors_recursive":[],"io_service_bytes_recursive":[{"major":259,"value":0,"op":"Read","minor":0},{"major":259,"value":126976,"op":"Write","minor":0},{"major":259,"value":106496,"op":"Sync","minor":0},{"major":259,"value":20480,"op":"Async","minor":0},{"major":259,"value":0,"op":"Discard","minor":0},{"major":259,"value":126976,"op":"Total","minor":0},{"major":253,"value":0,"op":"Read","minor":2},{"major":253,"value":126976,"op":"Write","minor":2},{"major":253,"value":106496,"op":"Sync","minor":2},{"major":253,"value":20480,"op":"Async","minor":2},{"major":253,"value":0,"op":"Discard","minor":2},{"major":253,"value":126976,"op":"Total","minor":2}],"io_wait_time_recursive":[],"io_merged_recursive":[],"io_service_time_recursive":[]},"memory_stats":{"usage":338939904,"max_usage":1124716544,"stats":{"hierarchical_memory_limit":9223372036854771712,"pgmajfault":0,"total_rss":220770304,"inactive_file":135168,"inactive_anon":80154624,"total_pgfault":810018,"total_cache":88530944,"total_rss_huge":0,"total_active_anon":229109760,"total_pgmajfault":0,"pgpgin":535359,"rss_huge":0,"mapped_file":0,"total_inactive_file":135168,"dirty":135168,"total_unevictable":0,"total_dirty":135168,"writeback":0,"pgpgout":459843,"hierarchical_memsw_limit":0,"cache":88530944,"active_file":270336,"pgfault":810018,"total_mapped_file":0,"total_pgpgout":459843,"total_writeback":0,"rss":220770304,"unevictable":0,"total_inactive_anon":80154624,"total_pgpgin":535359,"active_anon":229109760,"total_active_file":270336},"limit":540965302272},"name":"/JuliaRunClient-HGp15ZGZ","networks":{"eth0":{"rx_bytes":3172992,"rx_packets":569,"tx_packets":617,"tx_bytes":71890,"tx_dropped":0,"rx_dropped":1,"tx_errors":0,"rx_errors":0}},"id":"908c53ee24d352b42c11f8f9e55f387e6909c663ba6cc9129e5f4c2631cceb34","preread":"0001-01-01T00:00:00Z","storage_stats":{},"precpu_stats":{"throttling_data":{"throttled_periods":0,"throttled_time":0,"periods":0},"cpu_usage":{"usage_in_usermode":0,"usage_in_kernelmode":0,"total_usage":0}},"pids_stats":{"current":40},"num_procs":0,"cpu_stats":{"throttling_data":{"throttled_periods":0,"throttled_time":0,"periods":0},"system_cpu_usage":5153109754522419,"online_cpus":128,"cpu_usage":{"usage_in_usermode":18940000000,"usage_in_kernelmode":3380000000,"total_usage":22268870023,"percpu_usage":[0,0,0,0,0,0,0,0,0,0,0,0,0,0,0,0,0,0,0,0,0,0,0,0,0,0,0,0,0,0,0,0,0,0,0,0,0,0,0,0,0,0,0,0,0,0,0,0,0,0,0,22217917786,0,0,0,0,0,0,0,0,0,0,0,0,0,0,0,0,0,0,0,0,0,0,0,0,0,0,0,0,0,0,0,0,0,0,0,0,0,0,0,0,0,0,0,0,0,0,0,0,0,0,0,0,0,0,0,0,0,0,0,0,0,0,0,50952237,0,0,0,0,0,0,0,0,0,0,0,0]}},"read":"2021-01-11T19:43:33.25858993Z"}