################################################################################
# PackageCompiler set-up: 2021-01-11T16:09:23.396
#

Julia Version 1.5.3
Commit 599f52c4c6 (2020-12-18 13:33 UTC)
Platform Info:
  OS: Linux (x86_64-linux-gnu)
  CPU: AMD EPYC 7502 32-Core Processor
  WORD_SIZE: 64
  LIBM: libopenlibm
  LLVM: libLLVM-9.0.1 (ORCJIT, znver2)
Environment:
  JULIA_PKGEVAL = true
  JULIA_PKG_PRECOMPILE_AUTO = 0



################################################################################
# Installation: 2021-01-11T16:09:25.155
#

 Installing known registries into `~/.julia`
###################################                                       49.8%######################################################################## 100.0%
      Added registry `General` to `~/.julia/registries/General`
  Resolving package versions...
  Installed MbedTLS_jll ───── v2.16.8+1
  Installed MbedTLS ───────── v1.0.3
  Installed JuliaWebAPI ───── v0.6.2
  Installed ZMQ ───────────── v1.2.1
  Installed HTTP ──────────── v0.8.19
  Installed JSON ──────────── v0.21.1
  Installed JLLWrappers ───── v1.2.0
  Installed PackageCompiler ─ v1.2.5
  Installed ZeroMQ_jll ────── v4.3.2+5
  Installed Parsers ───────── v1.0.15
  Installed IniFile ───────── v0.5.0
  Installed Artifacts ─────── v1.3.0
Updating `~/.julia/environments/v1.5/Project.toml`
  [480116ec] + JuliaWebAPI v0.6.2
  [9b87118b] + PackageCompiler v1.2.5
Updating `~/.julia/environments/v1.5/Manifest.toml`
  [56f22d72] + Artifacts v1.3.0
  [cd3eb016] + HTTP v0.8.19
  [83e8ac13] + IniFile v0.5.0
  [692b3bcd] + JLLWrappers v1.2.0
  [682c06a0] + JSON v0.21.1
  [480116ec] + JuliaWebAPI v0.6.2
  [739be429] + MbedTLS v1.0.3
  [c8ffd9c3] + MbedTLS_jll v2.16.8+1
  [9b87118b] + PackageCompiler v1.2.5
  [69de0a69] + Parsers v1.0.15
  [c2297ded] + ZMQ v1.2.1
  [8f1865be] + ZeroMQ_jll v4.3.2+5
  [2a0f44e3] + Base64
  [ade2ca70] + Dates
  [8ba89e20] + Distributed
  [7b1f6079] + FileWatching
  [b77e0a4c] + InteractiveUtils
  [76f85450] + LibGit2
  [8f399da3] + Libdl
  [56ddb016] + Logging
  [d6f4376e] + Markdown
  [a63ad114] + Mmap
  [44cfe95a] + Pkg
  [de0858da] + Printf
  [3fa0cd96] + REPL
  [9a3f8284] + Random
  [ea8e919c] + SHA
  [9e88b42a] + Serialization
  [6462fe0b] + Sockets
  [8dfed614] + Test
  [cf7118a7] + UUIDs
  [4ec0a83e] + Unicode


################################################################################
# Compiling: 2021-01-11T16:09:31.042
#

[ Info: PackageCompiler: creating system image object file, this might take a while...
Generated system image is 158.171 MiB, compilation took 189 seconds


################################################################################
# PkgEval set-up: 2021-01-11T16:12:48.474
#

Julia Version 1.5.3
Commit 599f52c4c6 (2020-12-18 13:33 UTC)
Platform Info:
  OS: Linux (x86_64-linux-gnu)
  CPU: AMD EPYC 7502 32-Core Processor
  WORD_SIZE: 64
  LIBM: libopenlibm
  LLVM: libLLVM-9.0.1 (ORCJIT, znver2)
Environment:
  JULIA_PKGEVAL = true
  JULIA_PKG_PRECOMPILE_AUTO = 0

Base.julia_cmd() = `/usr/local/julia/bin/julia -Cnative -J/cache/JuliaWebAPI-CdEzklIb.so -g1`


################################################################################
# Installation: 2021-01-11T16:12:50.35
#

 Installing known registries into `~/.julia`
##########################                                                37.2%######################################################################## 100.0%
      Added registry `General` to `~/.julia/registries/General`
  Resolving package versions...
  Installed IniFile ───── v0.5.0
  Installed MbedTLS_jll ─ v2.16.8+1
  Installed JuliaWebAPI ─ v0.6.2
  Installed MbedTLS ───── v1.0.3
  Installed ZMQ ───────── v1.2.1
  Installed HTTP ──────── v0.8.19
  Installed JSON ──────── v0.21.1
  Installed JLLWrappers ─ v1.2.0
  Installed ZeroMQ_jll ── v4.3.2+5
  Installed Parsers ───── v1.0.15
  Installed Artifacts ─── v1.3.0
Updating `~/.julia/environments/v1.5/Project.toml`
  [480116ec] + JuliaWebAPI v0.6.2
Updating `~/.julia/environments/v1.5/Manifest.toml`
  [56f22d72] + Artifacts v1.3.0
  [cd3eb016] + HTTP v0.8.19
  [83e8ac13] + IniFile v0.5.0
  [692b3bcd] + JLLWrappers v1.2.0
  [682c06a0] + JSON v0.21.1
  [480116ec] + JuliaWebAPI v0.6.2
  [739be429] + MbedTLS v1.0.3
  [c8ffd9c3] + MbedTLS_jll v2.16.8+1
  [69de0a69] + Parsers v1.0.15
  [c2297ded] + ZMQ v1.2.1
  [8f1865be] + ZeroMQ_jll v4.3.2+5
  [2a0f44e3] + Base64
  [ade2ca70] + Dates
  [8ba89e20] + Distributed
  [7b1f6079] + FileWatching
  [b77e0a4c] + InteractiveUtils
  [76f85450] + LibGit2
  [8f399da3] + Libdl
  [56ddb016] + Logging
  [d6f4376e] + Markdown
  [a63ad114] + Mmap
  [44cfe95a] + Pkg
  [de0858da] + Printf
  [3fa0cd96] + REPL
  [9a3f8284] + Random
  [ea8e919c] + SHA
  [9e88b42a] + Serialization
  [6462fe0b] + Sockets
  [8dfed614] + Test
  [cf7118a7] + UUIDs
  [4ec0a83e] + Unicode


################################################################################
# Testing: 2021-01-11T16:12:55.245
#

    Testing JuliaWebAPI
Status `/tmp/jl_Sf85Jb/Project.toml`
  [cd3eb016] HTTP v0.8.19
  [682c06a0] JSON v0.21.1
  [480116ec] JuliaWebAPI v0.6.2
  [c2297ded] ZMQ v1.2.1
  [2a0f44e3] Base64
  [8ba89e20] Distributed
  [56ddb016] Logging
  [9a3f8284] Random
  [9e88b42a] Serialization
  [6462fe0b] Sockets
  [8dfed614] Test
Status `/tmp/jl_Sf85Jb/Manifest.toml`
  [56f22d72] Artifacts v1.3.0
  [cd3eb016] HTTP v0.8.19
  [83e8ac13] IniFile v0.5.0
  [692b3bcd] JLLWrappers v1.2.0
  [682c06a0] JSON v0.21.1
  [480116ec] JuliaWebAPI v0.6.2
  [739be429] MbedTLS v1.0.3
  [c8ffd9c3] MbedTLS_jll v2.16.8+1
  [69de0a69] Parsers v1.0.15
  [c2297ded] ZMQ v1.2.1
  [8f1865be] ZeroMQ_jll v4.3.2+5
  [2a0f44e3] Base64
  [ade2ca70] Dates
  [8ba89e20] Distributed
  [7b1f6079] FileWatching
  [b77e0a4c] InteractiveUtils
  [76f85450] LibGit2
  [8f399da3] Libdl
  [56ddb016] Logging
  [d6f4376e] Markdown
  [a63ad114] Mmap
  [44cfe95a] Pkg
  [de0858da] Printf
  [3fa0cd96] REPL
  [9a3f8284] Random
  [ea8e919c] SHA
  [9e88b42a] Serialization
  [6462fe0b] Sockets
  [8dfed614] Test
  [cf7118a7] UUIDs
  [4ec0a83e] Unicode
Running tests from test_asyncsrvr.jl
============================================================
testing httpresponse...
testfn1: HTTP.Messages.Response:
"""
HTTP/1.1 200 OK
Content-Type: application/json; charset=utf-8

{"data":11,"code":0}"""
testfn1: HTTP.Messages.Response:
"""
HTTP/1.1 200 OK

11"""
testbinary: HTTP.Messages.Response:
"""
HTTP/1.1 200 OK
Content-Type: application/octet-stream


⋮
10-byte body
"""
time for 100 calls to testfn1: 0.05833911895751953 secs @ 0.0005833911895751953 per call
time for 100 calls to testfn2: 0.011883020401000977 secs @ 0.00011883020401000977 per call
time for 100 calls to testbinary: 0.015259027481079102 secs @ 0.000152590274810791 per call
testing array invocation...
testing unknown method handling...
testing server method exception handling...
testing server termination...
Finished test_asyncsrvr.jl
============================================================
Running tests from test_clntsrvr.jl
============================================================
spawining `/usr/local/julia/bin/julia --startup-file=no /home/user/.julia/packages/JuliaWebAPI/4Sh9d/test/srvr.jl --runsrvr`
started server process, running client
testing httpresponse...
testfn1: HTTP.Messages.Response:
"""
HTTP/1.1 200 OK
Content-Type: application/json; charset=utf-8

{"data":11,"code":0}"""
testfn1: HTTP.Messages.Response:
"""
HTTP/1.1 200 OK

11"""
testbinary: HTTP.Messages.Response:
"""
HTTP/1.1 200 OK
Content-Type: application/octet-stream


⋮
10-byte body
"""
time for 100 calls to testfn1: 0.07319116592407227 secs @ 0.0007319116592407227 per call
time for 100 calls to testfn2: 0.018566131591796875 secs @ 0.00018566131591796876 per call
time for 100 calls to testbinary: 0.09658312797546387 secs @ 0.0009658312797546386 per call
testing array invocation...
testing unknown method handling...
testing server method exception handling...
testing server termination...
stopping server process
Finished test_clntsrvr.jl
============================================================
Running tests from test_remotecall.jl
============================================================
time for 100 calls with remotecall_fetch: 0.7432589530944824 secs @ 0.007432589530944824 per call
stopped all workers
Finished test_remotecall.jl
============================================================
Running tests from test_plugins.jl
============================================================
testing httpresponse...
testfn1: HTTP.Messages.Response:
"""
HTTP/1.1 200 OK
Content-Type: application/json; charset=utf-8

{"data":11,"code":0}"""
testfn1: HTTP.Messages.Response:
"""
HTTP/1.1 200 OK

11"""
testbinary: HTTP.Messages.Response:
"""
HTTP/1.1 200 OK
Content-Type: application/octet-stream


⋮
10-byte body
"""
time for 100 calls to testfn1: 0.06259894371032715 secs @ 0.0006259894371032715 per call
time for 100 calls to testfn2: 0.01259613037109375 secs @ 0.0001259613037109375 per call
time for 100 calls to testbinary: 0.012024879455566406 secs @ 0.00012024879455566407 per call
testing array invocation...
testing unknown method handling...
testing server method exception handling...
testing server termination...
Finished test_plugins.jl
============================================================
Running tests from test_plugins.jl
============================================================
testing httpresponse...
testfn1: HTTP.Messages.Response:
"""
HTTP/1.1 200 OK
Content-Type: application/json; charset=utf-8

{"data":11,"code":0}"""
testfn1: HTTP.Messages.Response:
"""
HTTP/1.1 200 OK

11"""
testbinary: HTTP.Messages.Response:
"""
HTTP/1.1 200 OK
Content-Type: application/octet-stream


⋮
10-byte body
"""
time for 100 calls to testfn1: 0.04657316207885742 secs @ 0.00046573162078857424 per call
time for 100 calls to testfn2: 0.0013439655303955078 secs @ 1.3439655303955078e-5 per call
time for 100 calls to testbinary: 0.001161813735961914 secs @ 1.161813735961914e-5 per call
testing array invocation...
testing unknown method handling...
testing server method exception handling...
testing server termination...
Finished test_plugins.jl
============================================================
Running tests from test_httprpc.jl
============================================================
starting httpserver in async mode...
starting client...
starting http rpc tests.
testing file upload...
testing preprocessor...
finished http rpc tests.
Finished test_httprpc.jl
============================================================
Running tests from test_create_responder.jl
============================================================
testing create_responder api...
┌ Info: registering
└   endpt = "testfn1"
┌ Info: registering
└   endpt = "testfn2"
┌ Info: registering
└   endpt = "testbinary"
┌ Info: registering
└   endpt = "testArray"
┌ Info: registering
└   endpt = "testFile"
┌ Info: registering
└   endpt = "testException"
Finished test_create_responder.jl
============================================================
    Testing JuliaWebAPI tests passed 

PkgEval succeeded


################################################################################
# PkgEval teardown: 2021-01-11T16:14:27.553
CPU usage: 99.54s (94.27s user, 5.42s kernel)

Network usage:
- eth0: 3.049 MiB received, 77.892 KiB sent

Raw statistics: {"blkio_stats":{"io_queue_recursive":[],"io_serviced_recursive":[{"major":259,"value":0,"op":"Read","minor":0},{"major":259,"value":19,"op":"Write","minor":0},{"major":259,"value":14,"op":"Sync","minor":0},{"major":259,"value":5,"op":"Async","minor":0},{"major":259,"value":0,"op":"Discard","minor":0},{"major":259,"value":19,"op":"Total","minor":0},{"major":253,"value":0,"op":"Read","minor":2},{"major":253,"value":19,"op":"Write","minor":2},{"major":253,"value":14,"op":"Sync","minor":2},{"major":253,"value":5,"op":"Async","minor":2},{"major":253,"value":0,"op":"Discard","minor":2},{"major":253,"value":19,"op":"Total","minor":2}],"io_time_recursive":[],"sectors_recursive":[],"io_service_bytes_recursive":[{"major":259,"value":0,"op":"Read","minor":0},{"major":259,"value":77824,"op":"Write","minor":0},{"major":259,"value":57344,"op":"Sync","minor":0},{"major":259,"value":20480,"op":"Async","minor":0},{"major":259,"value":0,"op":"Discard","minor":0},{"major":259,"value":77824,"op":"Total","minor":0},{"major":253,"value":0,"op":"Read","minor":2},{"major":253,"value":77824,"op":"Write","minor":2},{"major":253,"value":57344,"op":"Sync","minor":2},{"major":253,"value":20480,"op":"Async","minor":2},{"major":253,"value":0,"op":"Discard","minor":2},{"major":253,"value":77824,"op":"Total","minor":2}],"io_wait_time_recursive":[],"io_merged_recursive":[],"io_service_time_recursive":[]},"memory_stats":{"usage":313151488,"max_usage":1177030656,"stats":{"hierarchical_memory_limit":9223372036854771712,"pgmajfault":0,"total_rss":193732608,"inactive_file":135168,"inactive_anon":80289792,"total_pgfault":2265021,"total_cache":89047040,"total_rss_huge":0,"total_active_anon":202481664,"total_pgmajfault":0,"pgpgin":1119756,"rss_huge":0,"mapped_file":0,"total_inactive_file":135168,"dirty":135168,"total_unevictable":0,"total_dirty":135168,"writeback":0,"pgpgout":1050735,"hierarchical_memsw_limit":0,"cache":89047040,"active_file":135168,"pgfault":2265021,"total_mapped_file":0,"total_pgpgout":1050735,"total_writeback":0,"rss":193732608,"unevictable":0,"total_inactive_anon":80289792,"total_pgpgin":1119756,"active_anon":202481664,"total_active_file":135168},"limit":540965302272},"name":"/JuliaWebAPI-6xFnrs6f","networks":{"eth0":{"rx_bytes":3196851,"rx_packets":672,"tx_packets":700,"tx_bytes":79761,"tx_dropped":0,"rx_dropped":4,"tx_errors":0,"rx_errors":0}},"id":"83a9b08930575ce329a9423ff8beae60a0a88af63440c2e96283e3507e57b4d0","preread":"0001-01-01T00:00:00Z","storage_stats":{},"precpu_stats":{"throttling_data":{"throttled_periods":0,"throttled_time":0,"periods":0},"cpu_usage":{"usage_in_usermode":0,"usage_in_kernelmode":0,"total_usage":0}},"pids_stats":{"current":44},"num_procs":0,"cpu_stats":{"throttling_data":{"throttled_periods":0,"throttled_time":0,"periods":0},"system_cpu_usage":3549898094522419,"online_cpus":128,"cpu_usage":{"usage_in_usermode":94270000000,"usage_in_kernelmode":5420000000,"total_usage":99535681696,"percpu_usage":[0,0,0,0,0,0,0,0,0,0,0,0,0,0,0,0,0,0,0,0,0,0,0,0,0,0,0,0,0,0,0,0,0,0,0,0,0,0,0,0,0,99532917384,0,0,0,0,0,0,0,0,0,0,0,0,0,0,0,0,0,0,0,0,0,0,0,0,0,0,0,0,0,0,0,0,0,0,0,0,0,0,0,0,0,0,0,0,0,0,0,0,0,0,0,0,0,0,0,0,0,0,0,0,0,0,5510,0,0,2758802,0,0,0,0,0,0,0,0,0,0,0,0,0,0,0,0,0,0,0,0]}},"read":"2021-01-11T16:14:28.122882653Z"}