################################################################################
# PkgEval set-up: 2021-01-11T22:32:31.803
#

Julia Version 1.5.3
Commit 599f52c4c6 (2020-12-18 13:33 UTC)
Platform Info:
  OS: Linux (x86_64-linux-gnu)
  CPU: AMD EPYC 7502 32-Core Processor
  WORD_SIZE: 64
  LIBM: libopenlibm
  LLVM: libLLVM-9.0.1 (ORCJIT, znver2)
Environment:
  JULIA_PKG_PRECOMPILE_AUTO = 0
  JULIA_PKGEVAL = true

Base.julia_cmd() = `/opt/julia/bin/julia -Cnative -J/opt/julia/lib/julia/sys.so -g1`


################################################################################
# Installation: 2021-01-11T22:32:33.588
#

 Installing known registries into `~/.julia`
######################################################################## 100.0%
      Added registry `General` to `~/.julia/registries/General`
  Resolving package versions...
  Installed MbedTLS_jll ────────────────── v2.16.8+1
  Installed CompilerSupportLibraries_jll ─ v0.3.4+0
  Installed Zlib_jll ───────────────────── v1.2.11+18
  Installed JSONSchema ─────────────────── v0.3.3
  Installed MuladdMacro ────────────────── v0.2.2
  Installed TranscodingStreams ─────────── v0.9.5
  Installed CommonSubexpressions ───────── v0.3.0
  Installed Calculus ───────────────────── v0.5.1
  Installed MbedTLS ────────────────────── v1.0.3
  Installed Bzip2_jll ──────────────────── v1.0.6+5
  Installed DiffRules ──────────────────── v1.0.2
  Installed DiffResults ────────────────── v1.0.3
  Installed DataStructures ─────────────── v0.18.8
  Installed JuMP ───────────────────────── v0.21.5
  Installed HTTP ───────────────────────── v0.9.2
  Installed BenchmarkTools ─────────────── v0.5.0
  Installed OrderedCollections ─────────── v1.3.2
  Installed StaticArrays ───────────────── v1.0.1
  Installed CodecZlib ──────────────────── v0.7.0
  Installed MacroTools ─────────────────── v0.5.6
  Installed NaNMath ────────────────────── v0.3.5
  Installed ZipFile ────────────────────── v0.9.3
  Installed JSON ───────────────────────── v0.21.1
  Installed JLLWrappers ────────────────── v1.2.0
  Installed MathOptInterface ───────────── v0.9.19
  Installed MutableArithmetics ─────────── v0.2.13
  Installed URIs ───────────────────────── v1.1.0
  Installed ForwardDiff ────────────────── v0.10.14
  Installed CodecBzip2 ─────────────────── v0.7.2
  Installed SpecialFunctions ───────────── v1.2.1
  Installed ChainRulesCore ─────────────── v0.9.24
  Installed Compat ─────────────────────── v3.25.0
  Installed OpenSpecFun_jll ────────────── v0.5.3+4
  Installed Parsers ────────────────────── v1.0.15
  Installed Artifacts ──────────────────── v1.3.0
  Installed IniFile ────────────────────── v0.5.0
Updating `~/.julia/environments/v1.5/Project.toml`
  [4076af6c] + JuMP v0.21.5
Updating `~/.julia/environments/v1.5/Manifest.toml`
  [56f22d72] + Artifacts v1.3.0
  [6e4b80f9] + BenchmarkTools v0.5.0
  [6e34b625] + Bzip2_jll v1.0.6+5
  [49dc2e85] + Calculus v0.5.1
  [d360d2e6] + ChainRulesCore v0.9.24
  [523fee87] + CodecBzip2 v0.7.2
  [944b1d66] + CodecZlib v0.7.0
  [bbf7d656] + CommonSubexpressions v0.3.0
  [34da2185] + Compat v3.25.0
  [e66e0078] + CompilerSupportLibraries_jll v0.3.4+0
  [864edb3b] + DataStructures v0.18.8
  [163ba53b] + DiffResults v1.0.3
  [b552c78f] + DiffRules v1.0.2
  [f6369f11] + ForwardDiff v0.10.14
  [cd3eb016] + HTTP v0.9.2
  [83e8ac13] + IniFile v0.5.0
  [692b3bcd] + JLLWrappers v1.2.0
  [682c06a0] + JSON v0.21.1
  [7d188eb4] + JSONSchema v0.3.3
  [4076af6c] + JuMP v0.21.5
  [1914dd2f] + MacroTools v0.5.6
  [b8f27783] + MathOptInterface v0.9.19
  [739be429] + MbedTLS v1.0.3
  [c8ffd9c3] + MbedTLS_jll v2.16.8+1
  [46d2c3a1] + MuladdMacro v0.2.2
  [d8a4904e] + MutableArithmetics v0.2.13
  [77ba4419] + NaNMath v0.3.5
  [efe28fd5] + OpenSpecFun_jll v0.5.3+4
  [bac558e1] + OrderedCollections v1.3.2
  [69de0a69] + Parsers v1.0.15
  [276daf66] + SpecialFunctions v1.2.1
  [90137ffa] + StaticArrays v1.0.1
  [3bb67fe8] + TranscodingStreams v0.9.5
  [5c2747f8] + URIs v1.1.0
  [a5390f91] + ZipFile v0.9.3
  [83775a58] + Zlib_jll v1.2.11+18
  [2a0f44e3] + Base64
  [ade2ca70] + Dates
  [8bb1440f] + DelimitedFiles
  [8ba89e20] + Distributed
  [b77e0a4c] + InteractiveUtils
  [76f85450] + LibGit2
  [8f399da3] + Libdl
  [37e2e46d] + LinearAlgebra
  [56ddb016] + Logging
  [d6f4376e] + Markdown
  [a63ad114] + Mmap
  [44cfe95a] + Pkg
  [de0858da] + Printf
  [3fa0cd96] + REPL
  [9a3f8284] + Random
  [ea8e919c] + SHA
  [9e88b42a] + Serialization
  [1a1011a3] + SharedArrays
  [6462fe0b] + Sockets
  [2f01184e] + SparseArrays
  [10745b16] + Statistics
  [8dfed614] + Test
  [cf7118a7] + UUIDs
  [4ec0a83e] + Unicode


################################################################################
# Testing: 2021-01-11T22:32:40.389
#

    Testing JuMP
Status `/tmp/jl_JZ38mS/Project.toml`
  [49dc2e85] Calculus v0.5.1
  [864edb3b] DataStructures v0.18.8
  [f6369f11] ForwardDiff v0.10.14
  [682c06a0] JSON v0.21.1
  [4076af6c] JuMP v0.21.5
  [b8f27783] MathOptInterface v0.9.19
  [d8a4904e] MutableArithmetics v0.2.13
  [77ba4419] NaNMath v0.3.5
  [37e2e46d] LinearAlgebra
  [9a3f8284] Random
  [2f01184e] SparseArrays
  [10745b16] Statistics
  [8dfed614] Test
Status `/tmp/jl_JZ38mS/Manifest.toml`
  [56f22d72] Artifacts v1.3.0
  [6e4b80f9] BenchmarkTools v0.5.0
  [6e34b625] Bzip2_jll v1.0.6+5
  [49dc2e85] Calculus v0.5.1
  [d360d2e6] ChainRulesCore v0.9.24
  [523fee87] CodecBzip2 v0.7.2
  [944b1d66] CodecZlib v0.7.0
  [bbf7d656] CommonSubexpressions v0.3.0
  [34da2185] Compat v3.25.0
  [e66e0078] CompilerSupportLibraries_jll v0.3.4+0
  [864edb3b] DataStructures v0.18.8
  [163ba53b] DiffResults v1.0.3
  [b552c78f] DiffRules v1.0.2
  [f6369f11] ForwardDiff v0.10.14
  [cd3eb016] HTTP v0.9.2
  [83e8ac13] IniFile v0.5.0
  [692b3bcd] JLLWrappers v1.2.0
  [682c06a0] JSON v0.21.1
  [7d188eb4] JSONSchema v0.3.3
  [4076af6c] JuMP v0.21.5
  [1914dd2f] MacroTools v0.5.6
  [b8f27783] MathOptInterface v0.9.19
  [739be429] MbedTLS v1.0.3
  [c8ffd9c3] MbedTLS_jll v2.16.8+1
  [46d2c3a1] MuladdMacro v0.2.2
  [d8a4904e] MutableArithmetics v0.2.13
  [77ba4419] NaNMath v0.3.5
  [efe28fd5] OpenSpecFun_jll v0.5.3+4
  [bac558e1] OrderedCollections v1.3.2
  [69de0a69] Parsers v1.0.15
  [276daf66] SpecialFunctions v1.2.1
  [90137ffa] StaticArrays v1.0.1
  [3bb67fe8] TranscodingStreams v0.9.5
  [5c2747f8] URIs v1.1.0
  [a5390f91] ZipFile v0.9.3
  [83775a58] Zlib_jll v1.2.11+18
  [2a0f44e3] Base64
  [ade2ca70] Dates
  [8bb1440f] DelimitedFiles
  [8ba89e20] Distributed
  [b77e0a4c] InteractiveUtils
  [76f85450] LibGit2
  [8f399da3] Libdl
  [37e2e46d] LinearAlgebra
  [56ddb016] Logging
  [d6f4376e] Markdown
  [a63ad114] Mmap
  [44cfe95a] Pkg
  [de0858da] Printf
  [3fa0cd96] REPL
  [9a3f8284] Random
  [ea8e919c] SHA
  [9e88b42a] Serialization
  [1a1011a3] SharedArrays
  [6462fe0b] Sockets
  [2f01184e] SparseArrays
  [10745b16] Statistics
  [8dfed614] Test
  [cf7118a7] UUIDs
  [4ec0a83e] Unicode
Test Summary: | Pass  Total
Containers    |  241    241
Containers.jl took 133.5 seconds.
Test Summary:    |
JuMPExtension.jl | No tests
callbacks.jl took 21.6 seconds.
Test Summary: | Pass  Total
callbacks.jl  |   22     22
complement.jl took 5.5 seconds.
Test Summary: | Pass  Total
complement.jl |   18     18
constraint.jl took 51.3 seconds.
Test Summary: | Pass  Total
constraint.jl |  448    448
derivatives.jl took 9.0 seconds.
Test Summary:  | Pass  Total
derivatives.jl |  220    220
derivatives_coloring.jl took 1.9 seconds.
Test Summary:           | Pass  Total
derivatives_coloring.jl |   14     14
expr.jl took 18.5 seconds.
Test Summary: | Pass  Total
expr.jl       |  208    208
file_formats.jl took 20.5 seconds.
Test Summary:   | Pass  Total
file_formats.jl |    6      6
generate_and_solve.jl took 20.2 seconds.
Test Summary:         | Pass  Total
generate_and_solve.jl |  188    188
Test Summary: |
hygiene.jl    | No tests
lp_sensitivity.jl took 16.9 seconds.
Test Summary:     | Pass  Total
lp_sensitivity.jl |   60     60
macros.jl took 15.0 seconds.
Test Summary: | Pass  Total
macros.jl     |  288    288
model.jl took 21.8 seconds.
Test Summary: | Pass  Total
model.jl      |  174    174
mutable_arithmetics.jl took 95.4 seconds.
Test Summary:          | Pass  Broken  Total
mutable_arithmetics.jl | 1776       6   1782
nlp.jl took 13.2 seconds.
Test Summary: | Pass  Total
nlp.jl        |   81     81
Test Summary: |
nlp_solver.jl | No tests
nonnegative_bridge.jl took 0.0 seconds.
Test Summary:         |
nonnegative_bridge.jl | No tests
objective.jl took 7.3 seconds.
Test Summary: | Pass  Total
objective.jl  |   62     62
operator.jl took 32.9 seconds.
Test Summary: | Pass  Total
operator.jl   |  597    597
print.jl took 12.8 seconds.
Test Summary: | Pass  Total
print.jl      |  206    206
Test Summary: |
runtests.jl   | No tests
Test Summary: |
utilities.jl  | No tests
variable.jl took 29.2 seconds.
Test Summary: | Pass  Total
variable.jl   |  682    682
    Testing JuMP tests passed 

PkgEval succeeded


################################################################################
# PkgEval teardown: 2021-01-11T22:41:29.85
CPU usage: 537.58s (527.88s user, 10.32s kernel)

Network usage:
- eth0: 5.994 MiB received, 205.949 KiB sent

Raw statistics: {"blkio_stats":{"io_queue_recursive":[],"io_serviced_recursive":[{"major":259,"value":0,"op":"Read","minor":0},{"major":259,"value":24,"op":"Write","minor":0},{"major":259,"value":19,"op":"Sync","minor":0},{"major":259,"value":5,"op":"Async","minor":0},{"major":259,"value":0,"op":"Discard","minor":0},{"major":259,"value":24,"op":"Total","minor":0},{"major":253,"value":0,"op":"Read","minor":2},{"major":253,"value":24,"op":"Write","minor":2},{"major":253,"value":19,"op":"Sync","minor":2},{"major":253,"value":5,"op":"Async","minor":2},{"major":253,"value":0,"op":"Discard","minor":2},{"major":253,"value":24,"op":"Total","minor":2}],"io_time_recursive":[],"sectors_recursive":[],"io_service_bytes_recursive":[{"major":259,"value":0,"op":"Read","minor":0},{"major":259,"value":143360,"op":"Write","minor":0},{"major":259,"value":106496,"op":"Sync","minor":0},{"major":259,"value":36864,"op":"Async","minor":0},{"major":259,"value":0,"op":"Discard","minor":0},{"major":259,"value":143360,"op":"Total","minor":0},{"major":253,"value":0,"op":"Read","minor":2},{"major":253,"value":143360,"op":"Write","minor":2},{"major":253,"value":106496,"op":"Sync","minor":2},{"major":253,"value":36864,"op":"Async","minor":2},{"major":253,"value":0,"op":"Discard","minor":2},{"major":253,"value":143360,"op":"Total","minor":2}],"io_wait_time_recursive":[],"io_merged_recursive":[],"io_service_time_recursive":[]},"memory_stats":{"usage":336248832,"max_usage":1587761152,"stats":{"hierarchical_memory_limit":9223372036854771712,"pgmajfault":0,"total_rss":187744256,"inactive_file":135168,"inactive_anon":89075712,"total_pgfault":4826514,"total_cache":116776960,"total_rss_huge":0,"total_active_anon":215592960,"total_pgmajfault":0,"pgpgin":2502984,"rss_huge":0,"mapped_file":0,"total_inactive_file":135168,"dirty":135168,"total_unevictable":0,"total_dirty":135168,"writeback":0,"pgpgout":2428635,"hierarchical_memsw_limit":0,"cache":116776960,"active_file":135168,"pgfault":4826514,"total_mapped_file":0,"total_pgpgout":2428635,"total_writeback":0,"rss":187744256,"unevictable":0,"total_inactive_anon":89075712,"total_pgpgin":2502984,"active_anon":215592960,"total_active_file":135168},"limit":540965302272},"name":"/JuMP-Vhesht5S","networks":{"eth0":{"rx_bytes":6285155,"rx_packets":1754,"tx_packets":1769,"tx_bytes":210892,"tx_dropped":0,"rx_dropped":18,"tx_errors":0,"rx_errors":0}},"id":"cf0760955fe9708c0c25eda7fbdbbd25aa3da4261c51d012193cc4a14e34a98d","preread":"0001-01-01T00:00:00Z","storage_stats":{},"precpu_stats":{"throttling_data":{"throttled_periods":0,"throttled_time":0,"periods":0},"cpu_usage":{"usage_in_usermode":0,"usage_in_kernelmode":0,"total_usage":0}},"pids_stats":{"current":40},"num_procs":0,"cpu_stats":{"throttling_data":{"throttled_periods":0,"throttled_time":0,"periods":0},"system_cpu_usage":6517292164522419,"online_cpus":128,"cpu_usage":{"usage_in_usermode":527880000000,"usage_in_kernelmode":10320000000,"total_usage":537579216305,"percpu_usage":[0,0,0,0,0,0,0,0,0,0,0,0,0,0,0,0,0,0,0,0,0,0,0,0,4780,537579207045,0,0,0,0,0,0,0,0,0,0,0,0,0,0,0,0,0,0,0,0,0,0,0,0,0,0,0,0,0,0,0,0,0,0,0,0,0,0,0,0,0,0,0,0,0,0,0,0,0,0,0,0,0,0,0,0,0,0,0,0,0,0,4480,0,0,0,0,0,0,0,0,0,0,0,0,0,0,0,0,0,0,0,0,0,0,0,0,0,0,0,0,0,0,0,0,0,0,0,0,0,0,0]}},"read":"2021-01-11T22:41:29.853804996Z"}