################################################################################
# PackageCompiler set-up: 2021-01-11T17:29:49.087
#

Julia Version 1.5.3
Commit 599f52c4c6 (2020-12-18 13:33 UTC)
Platform Info:
  OS: Linux (x86_64-linux-gnu)
  CPU: AMD EPYC 7502 32-Core Processor
  WORD_SIZE: 64
  LIBM: libopenlibm
  LLVM: libLLVM-9.0.1 (ORCJIT, znver2)
Environment:
  JULIA_PKGEVAL = true
  JULIA_PKG_PRECOMPILE_AUTO = 0



################################################################################
# Installation: 2021-01-11T17:29:50.767
#

 Installing known registries into `~/.julia`
###############################                                           44.1%######################################################################## 100.0%
      Added registry `General` to `~/.julia/registries/General`
  Resolving package versions...
  Installed CompilerSupportLibraries_jll ─ v0.3.4+0
  Installed ReverseDiffSparse ──────────── v0.8.6
  Installed JuMPeR ─────────────────────── v0.6.0
  Installed MuladdMacro ────────────────── v0.2.2
  Installed CommonSubexpressions ───────── v0.3.0
  Installed MathProgBase ───────────────── v0.7.8
  Installed JuMP ───────────────────────── v0.18.6
  Installed Calculus ───────────────────── v0.5.1
  Installed DiffRules ──────────────────── v1.0.2
  Installed DiffResults ────────────────── v1.0.3
  Installed DataStructures ─────────────── v0.17.20
  Installed OrderedCollections ─────────── v1.3.2
  Installed MacroTools ─────────────────── v0.5.6
  Installed StaticArrays ───────────────── v1.0.1
  Installed PackageCompiler ────────────── v1.2.5
  Installed JLLWrappers ────────────────── v1.2.0
  Installed NaNMath ────────────────────── v0.3.5
  Installed ForwardDiff ────────────────── v0.10.14
  Installed Compat ─────────────────────── v2.2.1
  Installed SpecialFunctions ───────────── v1.2.1
  Installed ChainRulesCore ─────────────── v0.9.24
  Installed OpenSpecFun_jll ────────────── v0.5.3+4
  Installed Artifacts ──────────────────── v1.3.0
Updating `~/.julia/environments/v1.5/Project.toml`
  [707a9f91] + JuMPeR v0.6.0
  [9b87118b] + PackageCompiler v1.2.5
Updating `~/.julia/environments/v1.5/Manifest.toml`
  [56f22d72] + Artifacts v1.3.0
  [49dc2e85] + Calculus v0.5.1
  [d360d2e6] + ChainRulesCore v0.9.24
  [bbf7d656] + CommonSubexpressions v0.3.0
  [34da2185] + Compat v2.2.1
  [e66e0078] + CompilerSupportLibraries_jll v0.3.4+0
  [864edb3b] + DataStructures v0.17.20
  [163ba53b] + DiffResults v1.0.3
  [b552c78f] + DiffRules v1.0.2
  [f6369f11] + ForwardDiff v0.10.14
  [692b3bcd] + JLLWrappers v1.2.0
  [4076af6c] + JuMP v0.18.6
  [707a9f91] + JuMPeR v0.6.0
  [1914dd2f] + MacroTools v0.5.6
  [fdba3010] + MathProgBase v0.7.8
  [46d2c3a1] + MuladdMacro v0.2.2
  [77ba4419] + NaNMath v0.3.5
  [efe28fd5] + OpenSpecFun_jll v0.5.3+4
  [bac558e1] + OrderedCollections v1.3.2
  [9b87118b] + PackageCompiler v1.2.5
  [89212889] + ReverseDiffSparse v0.8.6
  [276daf66] + SpecialFunctions v1.2.1
  [90137ffa] + StaticArrays v1.0.1
  [2a0f44e3] + Base64
  [ade2ca70] + Dates
  [8bb1440f] + DelimitedFiles
  [8ba89e20] + Distributed
  [b77e0a4c] + InteractiveUtils
  [76f85450] + LibGit2
  [8f399da3] + Libdl
  [37e2e46d] + LinearAlgebra
  [56ddb016] + Logging
  [d6f4376e] + Markdown
  [a63ad114] + Mmap
  [44cfe95a] + Pkg
  [de0858da] + Printf
  [3fa0cd96] + REPL
  [9a3f8284] + Random
  [ea8e919c] + SHA
  [9e88b42a] + Serialization
  [1a1011a3] + SharedArrays
  [6462fe0b] + Sockets
  [2f01184e] + SparseArrays
  [10745b16] + Statistics
  [8dfed614] + Test
  [cf7118a7] + UUIDs
  [4ec0a83e] + Unicode


################################################################################
# Compiling: 2021-01-11T17:29:57.359
#

[ Info: PackageCompiler: creating system image object file, this might take a while...
Generated system image is 169.522 MiB, compilation took 242 seconds


################################################################################
# PkgEval set-up: 2021-01-11T17:34:06.702
#

Julia Version 1.5.3
Commit 599f52c4c6 (2020-12-18 13:33 UTC)
Platform Info:
  OS: Linux (x86_64-linux-gnu)
  CPU: AMD EPYC 7502 32-Core Processor
  WORD_SIZE: 64
  LIBM: libopenlibm
  LLVM: libLLVM-9.0.1 (ORCJIT, znver2)
Environment:
  JULIA_PKGEVAL = true
  JULIA_PKG_PRECOMPILE_AUTO = 0

Base.julia_cmd() = `/usr/local/julia/bin/julia -Cnative -J/cache/JuMPeR-wkDSjbu5.so -g1`


################################################################################
# Installation: 2021-01-11T17:34:08.234
#

 Installing known registries into `~/.julia`
######################################################################## 100.0%
      Added registry `General` to `~/.julia/registries/General`
  Resolving package versions...
  Installed CompilerSupportLibraries_jll ─ v0.3.4+0
  Installed JuMPeR ─────────────────────── v0.6.0
  Installed MuladdMacro ────────────────── v0.2.2
  Installed CommonSubexpressions ───────── v0.3.0
  Installed ReverseDiffSparse ──────────── v0.8.6
  Installed Calculus ───────────────────── v0.5.1
  Installed MathProgBase ───────────────── v0.7.8
  Installed DataStructures ─────────────── v0.17.20
  Installed JuMP ───────────────────────── v0.18.6
  Installed DiffRules ──────────────────── v1.0.2
  Installed NaNMath ────────────────────── v0.3.5
  Installed DiffResults ────────────────── v1.0.3
  Installed OrderedCollections ─────────── v1.3.2
  Installed MacroTools ─────────────────── v0.5.6
  Installed StaticArrays ───────────────── v1.0.1
  Installed ForwardDiff ────────────────── v0.10.14
  Installed SpecialFunctions ───────────── v1.2.1
  Installed JLLWrappers ────────────────── v1.2.0
  Installed Compat ─────────────────────── v2.2.1
  Installed ChainRulesCore ─────────────── v0.9.24
  Installed OpenSpecFun_jll ────────────── v0.5.3+4
  Installed Artifacts ──────────────────── v1.3.0
Updating `~/.julia/environments/v1.5/Project.toml`
  [707a9f91] + JuMPeR v0.6.0
Updating `~/.julia/environments/v1.5/Manifest.toml`
  [56f22d72] + Artifacts v1.3.0
  [49dc2e85] + Calculus v0.5.1
  [d360d2e6] + ChainRulesCore v0.9.24
  [bbf7d656] + CommonSubexpressions v0.3.0
  [34da2185] + Compat v2.2.1
  [e66e0078] + CompilerSupportLibraries_jll v0.3.4+0
  [864edb3b] + DataStructures v0.17.20
  [163ba53b] + DiffResults v1.0.3
  [b552c78f] + DiffRules v1.0.2
  [f6369f11] + ForwardDiff v0.10.14
  [692b3bcd] + JLLWrappers v1.2.0
  [4076af6c] + JuMP v0.18.6
  [707a9f91] + JuMPeR v0.6.0
  [1914dd2f] + MacroTools v0.5.6
  [fdba3010] + MathProgBase v0.7.8
  [46d2c3a1] + MuladdMacro v0.2.2
  [77ba4419] + NaNMath v0.3.5
  [efe28fd5] + OpenSpecFun_jll v0.5.3+4
  [bac558e1] + OrderedCollections v1.3.2
  [89212889] + ReverseDiffSparse v0.8.6
  [276daf66] + SpecialFunctions v1.2.1
  [90137ffa] + StaticArrays v1.0.1
  [2a0f44e3] + Base64
  [ade2ca70] + Dates
  [8bb1440f] + DelimitedFiles
  [8ba89e20] + Distributed
  [b77e0a4c] + InteractiveUtils
  [76f85450] + LibGit2
  [8f399da3] + Libdl
  [37e2e46d] + LinearAlgebra
  [56ddb016] + Logging
  [d6f4376e] + Markdown
  [a63ad114] + Mmap
  [44cfe95a] + Pkg
  [de0858da] + Printf
  [3fa0cd96] + REPL
  [9a3f8284] + Random
  [ea8e919c] + SHA
  [9e88b42a] + Serialization
  [1a1011a3] + SharedArrays
  [6462fe0b] + Sockets
  [2f01184e] + SparseArrays
  [10745b16] + Statistics
  [8dfed614] + Test
  [cf7118a7] + UUIDs
  [4ec0a83e] + Unicode


################################################################################
# Testing: 2021-01-11T17:34:13.778
#

┌ Warning: using test/REQUIRE files is deprecated and current support is lacking in some areas
└ @ Pkg.Operations /workspace/srcdir/usr/share/julia/stdlib/v1.5/Pkg/src/Operations.jl:1475
    Testing JuMPeR
Status `/tmp/jl_8SAj99/Project.toml`
  [e2685f51] ECOS v0.12.2
  [60bf3e95] GLPK v0.13.0
  [3c7084bd] GLPKMathProgInterface v0.5.0
  [4076af6c] JuMP v0.18.6
  [707a9f91] JuMPeR v0.6.0
  [fdba3010] MathProgBase v0.7.8
  [37e2e46d] LinearAlgebra
  [8dfed614] Test
Status `/tmp/jl_8SAj99/Manifest.toml`
  [56f22d72] Artifacts v1.3.0
  [6e4b80f9] BenchmarkTools v0.5.0
  [b99e7846] BinaryProvider v0.5.10
  [6e34b625] Bzip2_jll v1.0.6+5
  [49dc2e85] Calculus v0.5.1
  [d360d2e6] ChainRulesCore v0.9.24
  [523fee87] CodecBzip2 v0.7.2
  [944b1d66] CodecZlib v0.7.0
  [bbf7d656] CommonSubexpressions v0.3.0
  [34da2185] Compat v2.2.1
  [e66e0078] CompilerSupportLibraries_jll v0.3.4+0
  [864edb3b] DataStructures v0.17.20
  [163ba53b] DiffResults v1.0.3
  [b552c78f] DiffRules v1.0.2
  [e2685f51] ECOS v0.12.2
  [c2c64177] ECOS_jll v2.0.5+1
  [f6369f11] ForwardDiff v0.10.14
  [60bf3e95] GLPK v0.13.0
  [3c7084bd] GLPKMathProgInterface v0.5.0
  [e8aa6df9] GLPK_jll v4.64.0+0
  [781609d7] GMP_jll v6.1.2+6
  [cd3eb016] HTTP v0.9.2
  [83e8ac13] IniFile v0.5.0
  [692b3bcd] JLLWrappers v1.2.0
  [682c06a0] JSON v0.21.1
  [7d188eb4] JSONSchema v0.3.3
  [4076af6c] JuMP v0.18.6
  [707a9f91] JuMPeR v0.6.0
  [1914dd2f] MacroTools v0.5.6
  [b8f27783] MathOptInterface v0.9.19
  [fdba3010] MathProgBase v0.7.8
  [739be429] MbedTLS v1.0.3
  [c8ffd9c3] MbedTLS_jll v2.16.8+1
  [46d2c3a1] MuladdMacro v0.2.2
  [d8a4904e] MutableArithmetics v0.2.13
  [77ba4419] NaNMath v0.3.5
  [efe28fd5] OpenSpecFun_jll v0.5.3+4
  [bac558e1] OrderedCollections v1.3.2
  [69de0a69] Parsers v1.0.15
  [89212889] ReverseDiffSparse v0.8.6
  [276daf66] SpecialFunctions v1.2.1
  [90137ffa] StaticArrays v1.0.1
  [3bb67fe8] TranscodingStreams v0.9.5
  [5c2747f8] URIs v1.1.0
  [a5390f91] ZipFile v0.9.3
  [83775a58] Zlib_jll v1.2.11+18
  [2a0f44e3] Base64
  [ade2ca70] Dates
  [8bb1440f] DelimitedFiles
  [8ba89e20] Distributed
  [b77e0a4c] InteractiveUtils
  [76f85450] LibGit2
  [8f399da3] Libdl
  [37e2e46d] LinearAlgebra
  [56ddb016] Logging
  [d6f4376e] Markdown
  [a63ad114] Mmap
  [44cfe95a] Pkg
  [de0858da] Printf
  [3fa0cd96] REPL
  [9a3f8284] Random
  [ea8e919c] SHA
  [9e88b42a] Serialization
  [1a1011a3] SharedArrays
  [6462fe0b] Sockets
  [2f01184e] SparseArrays
  [10745b16] Statistics
  [8dfed614] Test
  [cf7118a7] UUIDs
  [4ec0a83e] Unicode
Loading solvers...
Operators...
Printing...
Macros...
UncertainySet...
BasicUncertaintySet polyhedral...
  LP tests...
  MILP tests...
glp_intopt: optimal basis to initial LP relaxation not provided
BasicUncertaintySet L1 norm...
BasicUncertaintySet L2 norm...
BasicUncertaintySet L∞ norm...
BudgetUncertaintySet...
Adaptive Newsvendor Model...
Adaptive Inventory Model...
Test Summary: | Pass  Total
JuMPeR        | 1185   1185
    Testing JuMPeR tests passed 

PkgEval succeeded


################################################################################
# PkgEval teardown: 2021-01-11T17:36:22.063
CPU usage: 135.50s (128.45s user, 7.26s kernel)

Network usage:
- eth0: 7.368 MiB received, 256.715 KiB sent

Raw statistics: {"blkio_stats":{"io_queue_recursive":[],"io_serviced_recursive":[{"major":259,"value":0,"op":"Read","minor":0},{"major":259,"value":27,"op":"Write","minor":0},{"major":259,"value":14,"op":"Sync","minor":0},{"major":259,"value":13,"op":"Async","minor":0},{"major":259,"value":0,"op":"Discard","minor":0},{"major":259,"value":27,"op":"Total","minor":0},{"major":253,"value":0,"op":"Read","minor":2},{"major":253,"value":27,"op":"Write","minor":2},{"major":253,"value":14,"op":"Sync","minor":2},{"major":253,"value":13,"op":"Async","minor":2},{"major":253,"value":0,"op":"Discard","minor":2},{"major":253,"value":27,"op":"Total","minor":2}],"io_time_recursive":[],"sectors_recursive":[],"io_service_bytes_recursive":[{"major":259,"value":0,"op":"Read","minor":0},{"major":259,"value":139264,"op":"Write","minor":0},{"major":259,"value":57344,"op":"Sync","minor":0},{"major":259,"value":81920,"op":"Async","minor":0},{"major":259,"value":0,"op":"Discard","minor":0},{"major":259,"value":139264,"op":"Total","minor":0},{"major":253,"value":0,"op":"Read","minor":2},{"major":253,"value":139264,"op":"Write","minor":2},{"major":253,"value":57344,"op":"Sync","minor":2},{"major":253,"value":81920,"op":"Async","minor":2},{"major":253,"value":0,"op":"Discard","minor":2},{"major":253,"value":139264,"op":"Total","minor":2}],"io_wait_time_recursive":[],"io_merged_recursive":[],"io_service_time_recursive":[]},"memory_stats":{"usage":356253696,"max_usage":1726357504,"stats":{"hierarchical_memory_limit":9223372036854771712,"pgmajfault":0,"total_rss":209657856,"inactive_file":135168,"inactive_anon":94076928,"total_pgfault":2807442,"total_cache":114335744,"total_rss_huge":0,"total_active_anon":229920768,"total_pgmajfault":0,"pgpgin":1546446,"rss_huge":0,"mapped_file":0,"total_inactive_file":135168,"dirty":135168,"total_unevictable":0,"total_dirty":135168,"writeback":0,"pgpgout":1467347,"hierarchical_memsw_limit":0,"cache":114335744,"active_file":135168,"pgfault":2807442,"total_mapped_file":0,"total_pgpgout":1467347,"total_writeback":0,"rss":209657856,"unevictable":0,"total_inactive_anon":94076928,"total_pgpgin":1546446,"active_anon":229920768,"total_active_file":135168},"limit":540965302272},"name":"/JuMPeR-URT3jJ1G","networks":{"eth0":{"rx_bytes":7725660,"rx_packets":1993,"tx_packets":2191,"tx_bytes":262876,"tx_dropped":0,"rx_dropped":5,"tx_errors":0,"rx_errors":0}},"id":"4f367a7909d81aafa5006e3f3b4f28e6cdfe8c18589141a8b2b4e6bcbcea61f9","preread":"0001-01-01T00:00:00Z","storage_stats":{},"precpu_stats":{"throttling_data":{"throttled_periods":0,"throttled_time":0,"periods":0},"cpu_usage":{"usage_in_usermode":0,"usage_in_kernelmode":0,"total_usage":0}},"pids_stats":{"current":44},"num_procs":0,"cpu_stats":{"throttling_data":{"throttled_periods":0,"throttled_time":0,"periods":0},"system_cpu_usage":4177971784522419,"online_cpus":128,"cpu_usage":{"usage_in_usermode":128450000000,"usage_in_kernelmode":7260000000,"total_usage":135503406301,"percpu_usage":[0,0,0,0,0,0,0,0,0,0,0,0,0,0,0,0,0,0,0,0,0,0,0,0,0,0,0,0,0,0,0,0,0,0,0,0,0,0,0,0,0,0,0,0,0,0,0,0,0,0,0,0,0,0,0,0,0,0,0,0,0,0,135503401631,0,0,0,0,0,0,0,0,0,0,0,0,0,0,0,0,0,0,0,0,0,0,0,0,0,0,0,0,0,0,0,0,0,0,0,0,0,0,0,0,0,0,0,0,0,0,0,0,0,0,0,0,0,0,0,0,0,0,0,0,0,4670,0,0,0]}},"read":"2021-01-11T17:36:22.979320721Z"}