################################################################################
# PackageCompiler set-up: 2021-01-11T19:22:52.245
#

Julia Version 1.5.3
Commit 599f52c4c6 (2020-12-18 13:33 UTC)
Platform Info:
  OS: Linux (x86_64-linux-gnu)
  CPU: AMD EPYC 7502 32-Core Processor
  WORD_SIZE: 64
  LIBM: libopenlibm
  LLVM: libLLVM-9.0.1 (ORCJIT, znver2)
Environment:
  JULIA_PKGEVAL = true
  JULIA_PKG_PRECOMPILE_AUTO = 0



################################################################################
# Installation: 2021-01-11T19:22:53.962
#

 Installing known registries into `~/.julia`
######################################################################## 100.0%
      Added registry `General` to `~/.julia/registries/General`
  Resolving package versions...
  Installed Compat ───────────── v2.2.1
  Installed TextWrap ─────────── v0.3.0
  Installed Jute ─────────────── v0.2.5
  Installed ArgParse ─────────── v0.6.2
  Installed BenchmarkTools ───── v0.5.0
  Installed OrderedCollections ─ v1.3.2
  Installed JSON ─────────────── v0.21.1
  Installed PackageCompiler ──── v1.2.5
  Installed DataStructures ───── v0.17.20
  Installed Parsers ──────────── v1.0.15
Updating `~/.julia/environments/v1.5/Project.toml`
  [82bedeac] + Jute v0.2.5
  [9b87118b] + PackageCompiler v1.2.5
Updating `~/.julia/environments/v1.5/Manifest.toml`
  [c7e460c6] + ArgParse v0.6.2
  [6e4b80f9] + BenchmarkTools v0.5.0
  [34da2185] + Compat v2.2.1
  [864edb3b] + DataStructures v0.17.20
  [682c06a0] + JSON v0.21.1
  [82bedeac] + Jute v0.2.5
  [bac558e1] + OrderedCollections v1.3.2
  [9b87118b] + PackageCompiler v1.2.5
  [69de0a69] + Parsers v1.0.15
  [b718987f] + TextWrap v0.3.0
  [2a0f44e3] + Base64
  [ade2ca70] + Dates
  [8bb1440f] + DelimitedFiles
  [8ba89e20] + Distributed
  [b77e0a4c] + InteractiveUtils
  [76f85450] + LibGit2
  [8f399da3] + Libdl
  [37e2e46d] + LinearAlgebra
  [56ddb016] + Logging
  [d6f4376e] + Markdown
  [a63ad114] + Mmap
  [44cfe95a] + Pkg
  [de0858da] + Printf
  [3fa0cd96] + REPL
  [9a3f8284] + Random
  [ea8e919c] + SHA
  [9e88b42a] + Serialization
  [1a1011a3] + SharedArrays
  [6462fe0b] + Sockets
  [2f01184e] + SparseArrays
  [10745b16] + Statistics
  [8dfed614] + Test
  [cf7118a7] + UUIDs
  [4ec0a83e] + Unicode


################################################################################
# Compiling: 2021-01-11T19:22:59.66
#

[ Info: PackageCompiler: creating system image object file, this might take a while...
Generated system image is 157.667 MiB, compilation took 182 seconds


################################################################################
# PkgEval set-up: 2021-01-11T19:26:08.902
#

Julia Version 1.5.3
Commit 599f52c4c6 (2020-12-18 13:33 UTC)
Platform Info:
  OS: Linux (x86_64-linux-gnu)
  CPU: AMD EPYC 7502 32-Core Processor
  WORD_SIZE: 64
  LIBM: libopenlibm
  LLVM: libLLVM-9.0.1 (ORCJIT, znver2)
Environment:
  JULIA_PKGEVAL = true
  JULIA_PKG_PRECOMPILE_AUTO = 0

Base.julia_cmd() = `/usr/local/julia/bin/julia -Cnative -J/cache/Jute-2aro4MNw.so -g1`


################################################################################
# Installation: 2021-01-11T19:26:10.755
#

 Installing known registries into `~/.julia`
#############################################################             85.7%######################################################################## 100.0%
      Added registry `General` to `~/.julia/registries/General`
  Resolving package versions...
  Installed TextWrap ─────────── v0.3.0
  Installed Jute ─────────────── v0.2.5
  Installed Compat ───────────── v2.2.1
  Installed ArgParse ─────────── v0.6.2
  Installed BenchmarkTools ───── v0.5.0
  Installed OrderedCollections ─ v1.3.2
  Installed JSON ─────────────── v0.21.1
  Installed DataStructures ───── v0.17.20
  Installed Parsers ──────────── v1.0.15
Updating `~/.julia/environments/v1.5/Project.toml`
  [82bedeac] + Jute v0.2.5
Updating `~/.julia/environments/v1.5/Manifest.toml`
  [c7e460c6] + ArgParse v0.6.2
  [6e4b80f9] + BenchmarkTools v0.5.0
  [34da2185] + Compat v2.2.1
  [864edb3b] + DataStructures v0.17.20
  [682c06a0] + JSON v0.21.1
  [82bedeac] + Jute v0.2.5
  [bac558e1] + OrderedCollections v1.3.2
  [69de0a69] + Parsers v1.0.15
  [b718987f] + TextWrap v0.3.0
  [2a0f44e3] + Base64
  [ade2ca70] + Dates
  [8bb1440f] + DelimitedFiles
  [8ba89e20] + Distributed
  [b77e0a4c] + InteractiveUtils
  [76f85450] + LibGit2
  [8f399da3] + Libdl
  [37e2e46d] + LinearAlgebra
  [56ddb016] + Logging
  [d6f4376e] + Markdown
  [a63ad114] + Mmap
  [44cfe95a] + Pkg
  [de0858da] + Printf
  [3fa0cd96] + REPL
  [9a3f8284] + Random
  [ea8e919c] + SHA
  [9e88b42a] + Serialization
  [1a1011a3] + SharedArrays
  [6462fe0b] + Sockets
  [2f01184e] + SparseArrays
  [10745b16] + Statistics
  [8dfed614] + Test
  [cf7118a7] + UUIDs
  [4ec0a83e] + Unicode


################################################################################
# Testing: 2021-01-11T19:26:15.186
#

    Testing Jute
Status `/tmp/jl_tYV6Qc/Project.toml`
  [c7e460c6] ArgParse v0.6.2
  [6e4b80f9] BenchmarkTools v0.5.0
  [864edb3b] DataStructures v0.17.20
  [82bedeac] Jute v0.2.5
  [44cfe95a] Pkg
  [9a3f8284] Random
  [8dfed614] Test
Status `/tmp/jl_tYV6Qc/Manifest.toml`
  [c7e460c6] ArgParse v0.6.2
  [6e4b80f9] BenchmarkTools v0.5.0
  [34da2185] Compat v2.2.1
  [864edb3b] DataStructures v0.17.20
  [682c06a0] JSON v0.21.1
  [82bedeac] Jute v0.2.5
  [bac558e1] OrderedCollections v1.3.2
  [69de0a69] Parsers v1.0.15
  [b718987f] TextWrap v0.3.0
  [2a0f44e3] Base64
  [ade2ca70] Dates
  [8bb1440f] DelimitedFiles
  [8ba89e20] Distributed
  [b77e0a4c] InteractiveUtils
  [76f85450] LibGit2
  [8f399da3] Libdl
  [37e2e46d] LinearAlgebra
  [56ddb016] Logging
  [d6f4376e] Markdown
  [a63ad114] Mmap
  [44cfe95a] Pkg
  [de0858da] Printf
  [3fa0cd96] REPL
  [9a3f8284] Random
  [ea8e919c] SHA
  [9e88b42a] Serialization
  [1a1011a3] SharedArrays
  [6462fe0b] Sockets
  [2f01184e] SparseArrays
  [10745b16] Statistics
  [8dfed614] Test
  [cf7118a7] UUIDs
  [4ec0a83e] Unicode
Collecting testcases...
Using 79 out of 79 testcase definitions...
================================================================================
Platform: Linux (x86_64-linux-gnu), Julia 1.5.3, Jute nothing
--------------------------------------------------------------------------------

builtin_fixtures: .....
fixture_factory: ........
fixtures: ................
options: ................
performance: **
reporting: ......
run_testcase: ...............................................
runtests: .............................................................................................................
testcases: ....
utils: ........................
--------------------------------------------------------------------------------
performance/
  full run (59s) [5.16s]
  include only (40s) [1.6s]
--------------------------------------------------------------------------------
237 tests passed, 0 failed, 0 errored in 2m 1s (total test time 1m 59s)
    Testing Jute tests passed 

PkgEval succeeded


################################################################################
# PkgEval teardown: 2021-01-11T19:28:31.41
CPU usage: 140.46s (135.78s user, 4.87s kernel)

Network usage:
- eth0: 2.977 MiB received, 64.657 KiB sent

Raw statistics: {"blkio_stats":{"io_queue_recursive":[],"io_serviced_recursive":[{"major":259,"value":0,"op":"Read","minor":0},{"major":259,"value":19,"op":"Write","minor":0},{"major":259,"value":14,"op":"Sync","minor":0},{"major":259,"value":5,"op":"Async","minor":0},{"major":259,"value":0,"op":"Discard","minor":0},{"major":259,"value":19,"op":"Total","minor":0},{"major":253,"value":0,"op":"Read","minor":2},{"major":253,"value":19,"op":"Write","minor":2},{"major":253,"value":14,"op":"Sync","minor":2},{"major":253,"value":5,"op":"Async","minor":2},{"major":253,"value":0,"op":"Discard","minor":2},{"major":253,"value":19,"op":"Total","minor":2}],"io_time_recursive":[],"sectors_recursive":[],"io_service_bytes_recursive":[{"major":259,"value":0,"op":"Read","minor":0},{"major":259,"value":77824,"op":"Write","minor":0},{"major":259,"value":57344,"op":"Sync","minor":0},{"major":259,"value":20480,"op":"Async","minor":0},{"major":259,"value":0,"op":"Discard","minor":0},{"major":259,"value":77824,"op":"Total","minor":0},{"major":253,"value":0,"op":"Read","minor":2},{"major":253,"value":77824,"op":"Write","minor":2},{"major":253,"value":57344,"op":"Sync","minor":2},{"major":253,"value":20480,"op":"Async","minor":2},{"major":253,"value":0,"op":"Discard","minor":2},{"major":253,"value":77824,"op":"Total","minor":2}],"io_wait_time_recursive":[],"io_merged_recursive":[],"io_service_time_recursive":[]},"memory_stats":{"usage":342839296,"max_usage":822603776,"stats":{"hierarchical_memory_limit":9223372036854771712,"pgmajfault":0,"total_rss":220446720,"inactive_file":135168,"inactive_anon":81235968,"total_pgfault":1955646,"total_cache":91774976,"total_rss_huge":0,"total_active_anon":221270016,"total_pgmajfault":0,"pgpgin":897270,"rss_huge":0,"mapped_file":0,"total_inactive_file":135168,"dirty":270336,"total_unevictable":0,"total_dirty":270336,"writeback":0,"pgpgout":821039,"hierarchical_memsw_limit":0,"cache":91774976,"active_file":9867264,"pgfault":1955646,"total_mapped_file":0,"total_pgpgout":821039,"total_writeback":0,"rss":220446720,"unevictable":0,"total_inactive_anon":81235968,"total_pgpgin":897270,"active_anon":221270016,"total_active_file":9867264},"limit":540965302272},"name":"/Jute-lRXe0rwN","networks":{"eth0":{"rx_bytes":3122006,"rx_packets":555,"tx_packets":567,"tx_bytes":66209,"tx_dropped":0,"rx_dropped":5,"tx_errors":0,"rx_errors":0}},"id":"0bb9cb061dab1983180cebce6b5966ed486dbc932c8df4d4fb6e417cc294245c","preread":"0001-01-01T00:00:00Z","storage_stats":{},"precpu_stats":{"throttling_data":{"throttled_periods":0,"throttled_time":0,"periods":0},"cpu_usage":{"usage_in_usermode":0,"usage_in_kernelmode":0,"total_usage":0}},"pids_stats":{"current":44},"num_procs":0,"cpu_stats":{"throttling_data":{"throttled_periods":0,"throttled_time":0,"periods":0},"system_cpu_usage":5037861544522419,"online_cpus":128,"cpu_usage":{"usage_in_usermode":135780000000,"usage_in_kernelmode":4870000000,"total_usage":140458287862,"percpu_usage":[0,0,0,0,0,0,0,0,0,0,0,140458286642,0,0,0,0,0,0,0,0,0,0,0,0,0,0,0,0,0,0,0,0,0,0,0,0,0,0,0,0,0,0,0,0,0,0,0,0,0,0,0,0,0,0,0,0,0,0,0,0,0,0,0,0,0,0,0,0,0,0,0,0,1220,0,0,0,0,0,0,0,0,0,0,0,0,0,0,0,0,0,0,0,0,0,0,0,0,0,0,0,0,0,0,0,0,0,0,0,0,0,0,0,0,0,0,0,0,0,0,0,0,0,0,0,0,0,0,0]}},"read":"2021-01-11T19:28:31.920106008Z"}