################################################################################
# PackageCompiler set-up: 2021-01-11T22:53:06.482
#

Julia Version 1.5.3
Commit 599f52c4c6 (2020-12-18 13:33 UTC)
Platform Info:
  OS: Linux (x86_64-linux-gnu)
  CPU: AMD EPYC 7502 32-Core Processor
  WORD_SIZE: 64
  LIBM: libopenlibm
  LLVM: libLLVM-9.0.1 (ORCJIT, znver2)
Environment:
  JULIA_PKGEVAL = true
  JULIA_PKG_PRECOMPILE_AUTO = 0



################################################################################
# Installation: 2021-01-11T22:53:08.152
#

 Installing known registries into `~/.julia`
######################################################################## 100.0%
      Added registry `General` to `~/.julia/registries/General`
  Resolving package versions...
  Installed MacroTools ─────── v0.5.6
  Installed Requires ───────── v1.1.2
  Installed Kaleido ────────── v0.2.6
  Installed Setfield ───────── v0.7.0
  Installed ConstructionBase ─ v1.0.0
  Installed PackageCompiler ── v1.2.5
Updating `~/.julia/environments/v1.5/Project.toml`
  [caafb194] + Kaleido v0.2.6
  [9b87118b] + PackageCompiler v1.2.5
Updating `~/.julia/environments/v1.5/Manifest.toml`
  [187b0558] + ConstructionBase v1.0.0
  [caafb194] + Kaleido v0.2.6
  [1914dd2f] + MacroTools v0.5.6
  [9b87118b] + PackageCompiler v1.2.5
  [ae029012] + Requires v1.1.2
  [efcf1570] + Setfield v0.7.0
  [2a0f44e3] + Base64
  [ade2ca70] + Dates
  [9fa8497b] + Future
  [b77e0a4c] + InteractiveUtils
  [76f85450] + LibGit2
  [8f399da3] + Libdl
  [56ddb016] + Logging
  [d6f4376e] + Markdown
  [44cfe95a] + Pkg
  [de0858da] + Printf
  [3fa0cd96] + REPL
  [9a3f8284] + Random
  [ea8e919c] + SHA
  [9e88b42a] + Serialization
  [6462fe0b] + Sockets
  [cf7118a7] + UUIDs
  [4ec0a83e] + Unicode


################################################################################
# Compiling: 2021-01-11T22:53:13.364
#

[ Info: PackageCompiler: creating system image object file, this might take a while...
Generated system image is 149.133 MiB, compilation took 165 seconds


################################################################################
# PkgEval set-up: 2021-01-11T22:56:05.914
#

Julia Version 1.5.3
Commit 599f52c4c6 (2020-12-18 13:33 UTC)
Platform Info:
  OS: Linux (x86_64-linux-gnu)
  CPU: AMD EPYC 7502 32-Core Processor
  WORD_SIZE: 64
  LIBM: libopenlibm
  LLVM: libLLVM-9.0.1 (ORCJIT, znver2)
Environment:
  JULIA_PKGEVAL = true
  JULIA_PKG_PRECOMPILE_AUTO = 0

Base.julia_cmd() = `/usr/local/julia/bin/julia -Cnative -J/cache/Kaleido-0f0w7oUa.so -g1`


################################################################################
# Installation: 2021-01-11T22:56:07.678
#

 Installing known registries into `~/.julia`
####################################################################      95.7%######################################################################## 100.0%
      Added registry `General` to `~/.julia/registries/General`
  Resolving package versions...
  Installed Requires ───────── v1.1.2
  Installed MacroTools ─────── v0.5.6
  Installed Kaleido ────────── v0.2.6
  Installed Setfield ───────── v0.7.0
  Installed ConstructionBase ─ v1.0.0
Updating `~/.julia/environments/v1.5/Project.toml`
  [caafb194] + Kaleido v0.2.6
Updating `~/.julia/environments/v1.5/Manifest.toml`
  [187b0558] + ConstructionBase v1.0.0
  [caafb194] + Kaleido v0.2.6
  [1914dd2f] + MacroTools v0.5.6
  [ae029012] + Requires v1.1.2
  [efcf1570] + Setfield v0.7.0
  [2a0f44e3] + Base64
  [9fa8497b] + Future
  [d6f4376e] + Markdown
  [9a3f8284] + Random
  [ea8e919c] + SHA
  [9e88b42a] + Serialization
  [cf7118a7] + UUIDs


################################################################################
# Testing: 2021-01-11T22:56:12.359
#

    Testing Kaleido
Status `/tmp/jl_0L9JE8/Project.toml`
  [4c88cf16] Aqua v0.4.11
  [e30172f5] Documenter v0.26.1
  [caafb194] Kaleido v0.2.6
  [efcf1570] Setfield v0.7.0
  [90137ffa] StaticArrays v1.0.1
  [c5e4b96a] StaticNumbers v0.3.3
  [84d833dd] TransformVariables v0.3.10
  [b77e0a4c] InteractiveUtils
  [8dfed614] Test
Status `/tmp/jl_0L9JE8/Manifest.toml`
  [4c88cf16] Aqua v0.4.11
  [dce04be8] ArgCheck v2.1.0
  [56f22d72] Artifacts v1.3.0
  [d360d2e6] ChainRulesCore v0.9.24
  [bbf7d656] CommonSubexpressions v0.3.0
  [e66e0078] CompilerSupportLibraries_jll v0.3.4+0
  [187b0558] ConstructionBase v1.0.0
  [163ba53b] DiffResults v1.0.3
  [b552c78f] DiffRules v1.0.2
  [ffbed154] DocStringExtensions v0.8.3
  [e30172f5] Documenter v0.26.1
  [f6369f11] ForwardDiff v0.10.14
  [b5f81e59] IOCapture v0.1.1
  [692b3bcd] JLLWrappers v1.2.0
  [682c06a0] JSON v0.21.1
  [caafb194] Kaleido v0.2.6
  [1914dd2f] MacroTools v0.5.6
  [46d2c3a1] MuladdMacro v0.2.2
  [77ba4419] NaNMath v0.3.5
  [efe28fd5] OpenSpecFun_jll v0.5.3+4
  [bac558e1] OrderedCollections v1.3.2
  [d96e819e] Parameters v0.12.1
  [69de0a69] Parsers v1.0.15
  [ae029012] Requires v1.1.2
  [efcf1570] Setfield v0.7.0
  [276daf66] SpecialFunctions v1.2.1
  [90137ffa] StaticArrays v1.0.1
  [c5e4b96a] StaticNumbers v0.3.3
  [84d833dd] TransformVariables v0.3.10
  [3a884ed6] UnPack v1.0.2
  [2a0f44e3] Base64
  [ade2ca70] Dates
  [8ba89e20] Distributed
  [9fa8497b] Future
  [b77e0a4c] InteractiveUtils
  [76f85450] LibGit2
  [8f399da3] Libdl
  [37e2e46d] LinearAlgebra
  [56ddb016] Logging
  [d6f4376e] Markdown
  [a63ad114] Mmap
  [44cfe95a] Pkg
  [de0858da] Printf
  [3fa0cd96] REPL
  [9a3f8284] Random
  [ea8e919c] SHA
  [9e88b42a] Serialization
  [6462fe0b] Sockets
  [2f01184e] SparseArrays
  [10745b16] Statistics
  [8dfed614] Test
  [cf7118a7] UUIDs
  [4ec0a83e] Unicode
Test Summary: | Pass  Total
test_aqua.jl  |    9      9
Test Summary: | Pass  Total
test_base.jl  |   31     31
Test Summary:    | Pass  Broken  Total
test_batching.jl |   22       1     23
Test Summary:       | Pass  Total
test_batchlenses.jl |   48     48
Test Summary:     | Pass  Total
test_bijection.jl |    2      2
Test Summary:            | Pass  Total
test_constraininglens.jl |    5      5
Test Summary:         | Pass  Total
test_converterlens.jl |    8      8
[ Info: Skipping doctests on PkgEval.
Test Summary:   |
test_doctest.jl | No tests
Test Summary:    | Pass  Total
test_flatlens.jl |    2      2
Test Summary:       | Pass  Total
test_functorlens.jl |   12     12
Test Summary:     | Pass  Total
test_multilens.jl |   38     38
Test Summary:      | Pass  Total
test_prettylens.jl |    6      6
Test Summary:   | Pass  Total
test_setters.jl |    6      6
Test Summary:              | Pass  Total
test_transformvariables.jl |    4      4
    Testing Kaleido tests passed 

PkgEval succeeded


################################################################################
# PkgEval teardown: 2021-01-11T22:57:37.197
CPU usage: 91.43s (85.76s user, 5.81s kernel)

Network usage:
- eth0: 4.111 MiB received, 170.507 KiB sent

Raw statistics: {"blkio_stats":{"io_queue_recursive":[],"io_serviced_recursive":[{"major":259,"value":0,"op":"Read","minor":0},{"major":259,"value":19,"op":"Write","minor":0},{"major":259,"value":14,"op":"Sync","minor":0},{"major":259,"value":5,"op":"Async","minor":0},{"major":259,"value":0,"op":"Discard","minor":0},{"major":259,"value":19,"op":"Total","minor":0},{"major":253,"value":0,"op":"Read","minor":2},{"major":253,"value":19,"op":"Write","minor":2},{"major":253,"value":14,"op":"Sync","minor":2},{"major":253,"value":5,"op":"Async","minor":2},{"major":253,"value":0,"op":"Discard","minor":2},{"major":253,"value":19,"op":"Total","minor":2}],"io_time_recursive":[],"sectors_recursive":[],"io_service_bytes_recursive":[{"major":259,"value":0,"op":"Read","minor":0},{"major":259,"value":81920,"op":"Write","minor":0},{"major":259,"value":57344,"op":"Sync","minor":0},{"major":259,"value":24576,"op":"Async","minor":0},{"major":259,"value":0,"op":"Discard","minor":0},{"major":259,"value":81920,"op":"Total","minor":0},{"major":253,"value":0,"op":"Read","minor":2},{"major":253,"value":81920,"op":"Write","minor":2},{"major":253,"value":57344,"op":"Sync","minor":2},{"major":253,"value":24576,"op":"Async","minor":2},{"major":253,"value":0,"op":"Discard","minor":2},{"major":253,"value":81920,"op":"Total","minor":2}],"io_wait_time_recursive":[],"io_merged_recursive":[],"io_service_time_recursive":[]},"memory_stats":{"usage":325447680,"max_usage":1562345472,"stats":{"hierarchical_memory_limit":9223372036854771712,"pgmajfault":0,"total_rss":200916992,"inactive_file":135168,"inactive_anon":85426176,"total_pgfault":2239809,"total_cache":93077504,"total_rss_huge":0,"total_active_anon":208699392,"total_pgmajfault":0,"pgpgin":1408638,"rss_huge":0,"mapped_file":0,"total_inactive_file":135168,"dirty":135168,"total_unevictable":0,"total_dirty":135168,"writeback":0,"pgpgout":1336850,"hierarchical_memsw_limit":0,"cache":93077504,"active_file":135168,"pgfault":2239809,"total_mapped_file":0,"total_pgpgout":1336850,"total_writeback":0,"rss":200916992,"unevictable":0,"total_inactive_anon":85426176,"total_pgpgin":1408638,"active_anon":208699392,"total_active_file":135168},"limit":540965302272},"name":"/Kaleido-wiyf0u3t","networks":{"eth0":{"rx_bytes":4310711,"rx_packets":1252,"tx_packets":1439,"tx_bytes":174599,"tx_dropped":0,"rx_dropped":4,"tx_errors":0,"rx_errors":0}},"id":"55b106a1a68ad011c64915b325b145bc8d57747aebb0fe5b8eca24279a2f64b8","preread":"0001-01-01T00:00:00Z","storage_stats":{},"precpu_stats":{"throttling_data":{"throttled_periods":0,"throttled_time":0,"periods":0},"cpu_usage":{"usage_in_usermode":0,"usage_in_kernelmode":0,"total_usage":0}},"pids_stats":{"current":44},"num_procs":0,"cpu_stats":{"throttling_data":{"throttled_periods":0,"throttled_time":0,"periods":0},"system_cpu_usage":6640870854522419,"online_cpus":128,"cpu_usage":{"usage_in_usermode":85760000000,"usage_in_kernelmode":5810000000,"total_usage":91432296024,"percpu_usage":[0,0,0,0,0,0,0,0,0,0,0,0,0,0,0,0,0,0,0,0,0,0,0,0,0,0,0,0,0,0,0,0,0,0,0,0,0,0,0,0,91427186703,0,0,0,0,0,0,0,0,0,0,0,0,0,0,0,0,0,0,0,0,0,0,0,0,0,0,0,0,0,0,0,0,0,0,0,0,0,0,0,0,0,0,0,0,0,0,0,0,0,0,0,0,0,0,0,0,0,0,0,0,0,0,0,0,0,0,5109321,0,0,0,0,0,0,0,0,0,0,0,0,0,0,0,0,0,0,0,0]}},"read":"2021-01-11T22:57:37.199669861Z"}