################################################################################
# PkgEval set-up: 2021-01-11T22:40:16.846
#

Julia Version 1.5.3
Commit 599f52c4c6 (2020-12-18 13:33 UTC)
Platform Info:
  OS: Linux (x86_64-linux-gnu)
  CPU: AMD EPYC 7502 32-Core Processor
  WORD_SIZE: 64
  LIBM: libopenlibm
  LLVM: libLLVM-9.0.1 (ORCJIT, znver2)
Environment:
  JULIA_PKG_PRECOMPILE_AUTO = 0
  JULIA_PKGEVAL = true

Base.julia_cmd() = `/opt/julia/bin/julia -Cnative -J/opt/julia/lib/julia/sys.so -g1`


################################################################################
# Installation: 2021-01-11T22:40:18.724
#

 Installing known registries into `~/.julia`
####                                                                       5.7%######################################################################## 100.0%
      Added registry `General` to `~/.julia/registries/General`
  Resolving package versions...
  Installed CompilerSupportLibraries_jll ─ v0.3.4+0
  Installed Rmath_jll ──────────────────── v0.2.2+1
  Installed Rmath ──────────────────────── v0.6.1
  Installed MuladdMacro ────────────────── v0.2.2
  Installed FillArrays ─────────────────── v0.10.2
  Installed DataStructures ─────────────── v0.18.8
  Installed StatsBase ──────────────────── v0.33.2
  Installed QuadGK ─────────────────────── v2.4.1
  Installed DataAPI ────────────────────── v1.4.0
  Installed OrderedCollections ─────────── v1.3.2
  Installed Missings ───────────────────── v0.4.4
  Installed PDMats ─────────────────────── v0.10.1
  Installed StatsFuns ──────────────────── v0.9.6
  Installed KernelDensityEstimate ──────── v0.5.4
  Installed SortingAlgorithms ──────────── v0.3.1
  Installed SpecialFunctions ───────────── v1.2.1
  Installed JLLWrappers ────────────────── v1.2.0
  Installed Distributions ──────────────── v0.24.10
  Installed ChainRulesCore ─────────────── v0.9.24
  Installed DocStringExtensions ────────── v0.8.3
  Installed Compat ─────────────────────── v3.25.0
  Installed OpenSpecFun_jll ────────────── v0.5.3+4
  Installed Artifacts ──────────────────── v1.3.0
Updating `~/.julia/environments/v1.5/Project.toml`
  [2472808a] + KernelDensityEstimate v0.5.4
Updating `~/.julia/environments/v1.5/Manifest.toml`
  [56f22d72] + Artifacts v1.3.0
  [d360d2e6] + ChainRulesCore v0.9.24
  [34da2185] + Compat v3.25.0
  [e66e0078] + CompilerSupportLibraries_jll v0.3.4+0
  [9a962f9c] + DataAPI v1.4.0
  [864edb3b] + DataStructures v0.18.8
  [31c24e10] + Distributions v0.24.10
  [ffbed154] + DocStringExtensions v0.8.3
  [1a297f60] + FillArrays v0.10.2
  [692b3bcd] + JLLWrappers v1.2.0
  [2472808a] + KernelDensityEstimate v0.5.4
  [e1d29d7a] + Missings v0.4.4
  [46d2c3a1] + MuladdMacro v0.2.2
  [efe28fd5] + OpenSpecFun_jll v0.5.3+4
  [bac558e1] + OrderedCollections v1.3.2
  [90014a1f] + PDMats v0.10.1
  [1fd47b50] + QuadGK v2.4.1
  [79098fc4] + Rmath v0.6.1
  [f50d1b31] + Rmath_jll v0.2.2+1
  [a2af1166] + SortingAlgorithms v0.3.1
  [276daf66] + SpecialFunctions v1.2.1
  [2913bbd2] + StatsBase v0.33.2
  [4c63d2b9] + StatsFuns v0.9.6
  [2a0f44e3] + Base64
  [ade2ca70] + Dates
  [8bb1440f] + DelimitedFiles
  [8ba89e20] + Distributed
  [b77e0a4c] + InteractiveUtils
  [76f85450] + LibGit2
  [8f399da3] + Libdl
  [37e2e46d] + LinearAlgebra
  [56ddb016] + Logging
  [d6f4376e] + Markdown
  [a63ad114] + Mmap
  [44cfe95a] + Pkg
  [de0858da] + Printf
  [3fa0cd96] + REPL
  [9a3f8284] + Random
  [ea8e919c] + SHA
  [9e88b42a] + Serialization
  [1a1011a3] + SharedArrays
  [6462fe0b] + Sockets
  [2f01184e] + SparseArrays
  [10745b16] + Statistics
  [4607b0f0] + SuiteSparse
  [8dfed614] + Test
  [cf7118a7] + UUIDs
  [4ec0a83e] + Unicode


################################################################################
# Testing: 2021-01-11T22:40:25.005
#

    Testing KernelDensityEstimate
Status `/tmp/jl_3xLeAW/Project.toml`
  [31c24e10] Distributions v0.24.10
  [ffbed154] DocStringExtensions v0.8.3
  [2472808a] KernelDensityEstimate v0.5.4
  [8bb1440f] DelimitedFiles
  [37e2e46d] LinearAlgebra
  [10745b16] Statistics
  [8dfed614] Test
Status `/tmp/jl_3xLeAW/Manifest.toml`
  [56f22d72] Artifacts v1.3.0
  [d360d2e6] ChainRulesCore v0.9.24
  [34da2185] Compat v3.25.0
  [e66e0078] CompilerSupportLibraries_jll v0.3.4+0
  [9a962f9c] DataAPI v1.4.0
  [864edb3b] DataStructures v0.18.8
  [31c24e10] Distributions v0.24.10
  [ffbed154] DocStringExtensions v0.8.3
  [1a297f60] FillArrays v0.10.2
  [692b3bcd] JLLWrappers v1.2.0
  [2472808a] KernelDensityEstimate v0.5.4
  [e1d29d7a] Missings v0.4.4
  [46d2c3a1] MuladdMacro v0.2.2
  [efe28fd5] OpenSpecFun_jll v0.5.3+4
  [bac558e1] OrderedCollections v1.3.2
  [90014a1f] PDMats v0.10.1
  [1fd47b50] QuadGK v2.4.1
  [79098fc4] Rmath v0.6.1
  [f50d1b31] Rmath_jll v0.2.2+1
  [a2af1166] SortingAlgorithms v0.3.1
  [276daf66] SpecialFunctions v1.2.1
  [2913bbd2] StatsBase v0.33.2
  [4c63d2b9] StatsFuns v0.9.6
  [2a0f44e3] Base64
  [ade2ca70] Dates
  [8bb1440f] DelimitedFiles
  [8ba89e20] Distributed
  [b77e0a4c] InteractiveUtils
  [76f85450] LibGit2
  [8f399da3] Libdl
  [37e2e46d] LinearAlgebra
  [56ddb016] Logging
  [d6f4376e] Markdown
  [a63ad114] Mmap
  [44cfe95a] Pkg
  [de0858da] Printf
  [3fa0cd96] REPL
  [9a3f8284] Random
  [ea8e919c] SHA
  [9e88b42a] Serialization
  [1a1011a3] SharedArrays
  [6462fe0b] Sockets
  [2f01184e] SparseArrays
  [10745b16] Statistics
  [4607b0f0] SuiteSparse
  [8dfed614] Test
  [cf7118a7] UUIDs
  [4ec0a83e] Unicode
Running UnitTest1D01...Success
Running UnitTest1Dlcv01...Success
Running UnitTest2D01...Success
Running UnitTest2Dvar01...Success
v = [testProds(D = D, M = M, N = N, n = n, dev = dev, MCMC = MCMC) for i = 1:10] = Bool[1, 1, 1, 1, 1, 1, 1, 1, 1, 1]
passt = passt && rangeTestProds(D = 2, M = 2) = true
v = [testProds(D = D, M = M, N = N, n = n, dev = dev, MCMC = MCMC) for i = 1:10] = Bool[1, 1, 1, 0, 1, 1, 1, 1, 1, 1]
passt = passt && rangeTestProds(D = 2, M = 4) = true
v = [testProds(D = D, M = M, N = N, n = n, dev = dev, MCMC = MCMC) for i = 1:10] = Bool[1, 1, 1, 1, 1, 1, 1, 1, 1, 1]
passt = passt && rangeTestProds(D = 2, M = 6) = true
v = [testProds(D = D, M = M, N = N, n = n, dev = dev, MCMC = MCMC) for i = 1:10] = Bool[1, 1, 1, 0, 1, 1, 1, 0, 1, 1]
passt = passt && rangeTestProds(D = 3, M = 6, MCMC = 10) = true
v = [testProds(D = D, M = M, N = N, n = n, dev = dev, MCMC = MCMC) for i = 1:10] = Bool[0, 1, 0, 1, 1, 1, 1, 1, 1, 1]
passt = passt && rangeTestProds(D = 4, M = 6, n = 200, MCMC = 10) = true
v = [testProds(D = D, M = M, N = N, n = n, dev = dev, MCMC = MCMC) for i = 1:10] = Bool[1, 1, 1, 1, 1, 1, 1, 1, 1, 1]
passt = passt && rangeTestProds(D = 3, M = 5, N = 300) = true
v = [testProds(D = D, M = M, N = N, n = n, dev = dev, MCMC = MCMC) for i = 1:10] = Bool[0, 1, 1, 1, 1, 1, 1, 1, 1, 1]
passt = passt && rangeTestProds(D = 2, M = 7, n = 300) = true
v = [testProds(D = D, M = M, N = N, n = n, dev = dev, MCMC = MCMC) for i = 1:10] = Bool[1, 1, 1, 1, 1, 1, 1, 1, 1, 1]
passt = passt && rangeTestProds(D = 3, M = 2, MCMC = 100) = true
┌ Warning: evaluateDualTree vector evaluation API is changing for single point evaluation across multiple dimensions rather than assuming multiple points on a univariate kde.
└ @ KernelDensityEstimate ~/.julia/packages/KernelDensityEstimate/Kx5zN/src/DualTree01.jl:400
┌ Warning: evaluateDualTree vector evaluation API is changing for single point evaluation across multiple dimensions rather than assuming multiple points on a univariate kde.
└ @ KernelDensityEstimate ~/.julia/packages/KernelDensityEstimate/Kx5zN/src/DualTree01.jl:400
a = intgAppxGaussianOffs(offs = 0.0, dim = 1) = 0.26394290304708584
testflag = testflag && 0.2 < a < 0.35 = true
┌ Warning: evaluateDualTree vector evaluation API is changing for single point evaluation across multiple dimensions rather than assuming multiple points on a univariate kde.
└ @ KernelDensityEstimate ~/.julia/packages/KernelDensityEstimate/Kx5zN/src/DualTree01.jl:400
┌ Warning: evaluateDualTree vector evaluation API is changing for single point evaluation across multiple dimensions rather than assuming multiple points on a univariate kde.
└ @ KernelDensityEstimate ~/.julia/packages/KernelDensityEstimate/Kx5zN/src/DualTree01.jl:400
a = intgAppxGaussianOffs(offs = 1.0, dim = 1, N = 1000) = 0.18153496785146733
testflag = testflag && 0.1 < a < 0.3 = true
┌ Warning: evaluateDualTree vector evaluation API is changing for single point evaluation across multiple dimensions rather than assuming multiple points on a univariate kde.
└ @ KernelDensityEstimate ~/.julia/packages/KernelDensityEstimate/Kx5zN/src/DualTree01.jl:400
┌ Warning: evaluateDualTree vector evaluation API is changing for single point evaluation across multiple dimensions rather than assuming multiple points on a univariate kde.
└ @ KernelDensityEstimate ~/.julia/packages/KernelDensityEstimate/Kx5zN/src/DualTree01.jl:400
a = intgAppxGaussianOffs(offs = -2.0, dim = 1, N = 1000) = 0.12064396382529402
testflag = testflag && 0.01 < a < 0.17 = true
┌ Warning: two dimensional intersIntgAppxIS might not be calculating correctly -- consider using AMP.mmd instead.
└ @ KernelDensityEstimate ~/.julia/packages/KernelDensityEstimate/Kx5zN/src/DualTree01.jl:612
┌ Warning: two dimensional intersIntgAppxIS might not be calculating correctly -- consider using AMP.mmd instead.
└ @ KernelDensityEstimate ~/.julia/packages/KernelDensityEstimate/Kx5zN/src/DualTree01.jl:612
┌ Warning: two dimensional intersIntgAppxIS might not be calculating correctly -- consider using AMP.mmd instead.
└ @ KernelDensityEstimate ~/.julia/packages/KernelDensityEstimate/Kx5zN/src/DualTree01.jl:612
┌ Warning: two dimensional intersIntgAppxIS might not be calculating correctly -- consider using AMP.mmd instead.
└ @ KernelDensityEstimate ~/.julia/packages/KernelDensityEstimate/Kx5zN/src/DualTree01.jl:612
┌ Warning: two dimensional intersIntgAppxIS might not be calculating correctly -- consider using AMP.mmd instead.
└ @ KernelDensityEstimate ~/.julia/packages/KernelDensityEstimate/Kx5zN/src/DualTree01.jl:612
┌ Warning: two dimensional intersIntgAppxIS might not be calculating correctly -- consider using AMP.mmd instead.
└ @ KernelDensityEstimate ~/.julia/packages/KernelDensityEstimate/Kx5zN/src/DualTree01.jl:612
┌ Warning: two dimensional intersIntgAppxIS might not be calculating correctly -- consider using AMP.mmd instead.
└ @ KernelDensityEstimate ~/.julia/packages/KernelDensityEstimate/Kx5zN/src/DualTree01.jl:612
┌ Warning: two dimensional intersIntgAppxIS might not be calculating correctly -- consider using AMP.mmd instead.
└ @ KernelDensityEstimate ~/.julia/packages/KernelDensityEstimate/Kx5zN/src/DualTree01.jl:612
┌ Warning: two dimensional intersIntgAppxIS might not be calculating correctly -- consider using AMP.mmd instead.
└ @ KernelDensityEstimate ~/.julia/packages/KernelDensityEstimate/Kx5zN/src/DualTree01.jl:612
┌ Warning: two dimensional intersIntgAppxIS might not be calculating correctly -- consider using AMP.mmd instead.
└ @ KernelDensityEstimate ~/.julia/packages/KernelDensityEstimate/Kx5zN/src/DualTree01.jl:612
┌ Warning: two dimensional intersIntgAppxIS might not be calculating correctly -- consider using AMP.mmd instead.
└ @ KernelDensityEstimate ~/.julia/packages/KernelDensityEstimate/Kx5zN/src/DualTree01.jl:612
┌ Warning: two dimensional intersIntgAppxIS might not be calculating correctly -- consider using AMP.mmd instead.
└ @ KernelDensityEstimate ~/.julia/packages/KernelDensityEstimate/Kx5zN/src/DualTree01.jl:612
┌ Warning: two dimensional intersIntgAppxIS might not be calculating correctly -- consider using AMP.mmd instead.
└ @ KernelDensityEstimate ~/.julia/packages/KernelDensityEstimate/Kx5zN/src/DualTree01.jl:612
┌ Warning: two dimensional intersIntgAppxIS might not be calculating correctly -- consider using AMP.mmd instead.
└ @ KernelDensityEstimate ~/.julia/packages/KernelDensityEstimate/Kx5zN/src/DualTree01.jl:612
┌ Warning: two dimensional intersIntgAppxIS might not be calculating correctly -- consider using AMP.mmd instead.
└ @ KernelDensityEstimate ~/.julia/packages/KernelDensityEstimate/Kx5zN/src/DualTree01.jl:612
┌ Warning: two dimensional intersIntgAppxIS might not be calculating correctly -- consider using AMP.mmd instead.
└ @ KernelDensityEstimate ~/.julia/packages/KernelDensityEstimate/Kx5zN/src/DualTree01.jl:612
┌ Warning: two dimensional intersIntgAppxIS might not be calculating correctly -- consider using AMP.mmd instead.
└ @ KernelDensityEstimate ~/.julia/packages/KernelDensityEstimate/Kx5zN/src/DualTree01.jl:612
┌ Warning: two dimensional intersIntgAppxIS might not be calculating correctly -- consider using AMP.mmd instead.
└ @ KernelDensityEstimate ~/.julia/packages/KernelDensityEstimate/Kx5zN/src/DualTree01.jl:612
┌ Warning: two dimensional intersIntgAppxIS might not be calculating correctly -- consider using AMP.mmd instead.
└ @ KernelDensityEstimate ~/.julia/packages/KernelDensityEstimate/Kx5zN/src/DualTree01.jl:612
┌ Warning: two dimensional intersIntgAppxIS might not be calculating correctly -- consider using AMP.mmd instead.
└ @ KernelDensityEstimate ~/.julia/packages/KernelDensityEstimate/Kx5zN/src/DualTree01.jl:612
┌ Warning: two dimensional intersIntgAppxIS might not be calculating correctly -- consider using AMP.mmd instead.
└ @ KernelDensityEstimate ~/.julia/packages/KernelDensityEstimate/Kx5zN/src/DualTree01.jl:612
┌ Warning: two dimensional intersIntgAppxIS might not be calculating correctly -- consider using AMP.mmd instead.
└ @ KernelDensityEstimate ~/.julia/packages/KernelDensityEstimate/Kx5zN/src/DualTree01.jl:612
┌ Warning: two dimensional intersIntgAppxIS might not be calculating correctly -- consider using AMP.mmd instead.
└ @ KernelDensityEstimate ~/.julia/packages/KernelDensityEstimate/Kx5zN/src/DualTree01.jl:612
┌ Warning: two dimensional intersIntgAppxIS might not be calculating correctly -- consider using AMP.mmd instead.
└ @ KernelDensityEstimate ~/.julia/packages/KernelDensityEstimate/Kx5zN/src/DualTree01.jl:612
┌ Warning: two dimensional intersIntgAppxIS might not be calculating correctly -- consider using AMP.mmd instead.
└ @ KernelDensityEstimate ~/.julia/packages/KernelDensityEstimate/Kx5zN/src/DualTree01.jl:612
┌ Warning: two dimensional intersIntgAppxIS might not be calculating correctly -- consider using AMP.mmd instead.
└ @ KernelDensityEstimate ~/.julia/packages/KernelDensityEstimate/Kx5zN/src/DualTree01.jl:612
┌ Warning: two dimensional intersIntgAppxIS might not be calculating correctly -- consider using AMP.mmd instead.
└ @ KernelDensityEstimate ~/.julia/packages/KernelDensityEstimate/Kx5zN/src/DualTree01.jl:612
┌ Warning: two dimensional intersIntgAppxIS might not be calculating correctly -- consider using AMP.mmd instead.
└ @ KernelDensityEstimate ~/.julia/packages/KernelDensityEstimate/Kx5zN/src/DualTree01.jl:612
┌ Warning: two dimensional intersIntgAppxIS might not be calculating correctly -- consider using AMP.mmd instead.
└ @ KernelDensityEstimate ~/.julia/packages/KernelDensityEstimate/Kx5zN/src/DualTree01.jl:612
┌ Warning: two dimensional intersIntgAppxIS might not be calculating correctly -- consider using AMP.mmd instead.
└ @ KernelDensityEstimate ~/.julia/packages/KernelDensityEstimate/Kx5zN/src/DualTree01.jl:612
┌ Warning: two dimensional intersIntgAppxIS might not be calculating correctly -- consider using AMP.mmd instead.
└ @ KernelDensityEstimate ~/.julia/packages/KernelDensityEstimate/Kx5zN/src/DualTree01.jl:612
┌ Warning: two dimensional intersIntgAppxIS might not be calculating correctly -- consider using AMP.mmd instead.
└ @ KernelDensityEstimate ~/.julia/packages/KernelDensityEstimate/Kx5zN/src/DualTree01.jl:612
┌ Warning: two dimensional intersIntgAppxIS might not be calculating correctly -- consider using AMP.mmd instead.
└ @ KernelDensityEstimate ~/.julia/packages/KernelDensityEstimate/Kx5zN/src/DualTree01.jl:612
┌ Warning: two dimensional intersIntgAppxIS might not be calculating correctly -- consider using AMP.mmd instead.
└ @ KernelDensityEstimate ~/.julia/packages/KernelDensityEstimate/Kx5zN/src/DualTree01.jl:612
┌ Warning: two dimensional intersIntgAppxIS might not be calculating correctly -- consider using AMP.mmd instead.
└ @ KernelDensityEstimate ~/.julia/packages/KernelDensityEstimate/Kx5zN/src/DualTree01.jl:612
┌ Warning: two dimensional intersIntgAppxIS might not be calculating correctly -- consider using AMP.mmd instead.
└ @ KernelDensityEstimate ~/.julia/packages/KernelDensityEstimate/Kx5zN/src/DualTree01.jl:612
┌ Warning: two dimensional intersIntgAppxIS might not be calculating correctly -- consider using AMP.mmd instead.
└ @ KernelDensityEstimate ~/.julia/packages/KernelDensityEstimate/Kx5zN/src/DualTree01.jl:612
┌ Warning: two dimensional intersIntgAppxIS might not be calculating correctly -- consider using AMP.mmd instead.
└ @ KernelDensityEstimate ~/.julia/packages/KernelDensityEstimate/Kx5zN/src/DualTree01.jl:612
┌ Warning: two dimensional intersIntgAppxIS might not be calculating correctly -- consider using AMP.mmd instead.
└ @ KernelDensityEstimate ~/.julia/packages/KernelDensityEstimate/Kx5zN/src/DualTree01.jl:612
┌ Warning: two dimensional intersIntgAppxIS might not be calculating correctly -- consider using AMP.mmd instead.
└ @ KernelDensityEstimate ~/.julia/packages/KernelDensityEstimate/Kx5zN/src/DualTree01.jl:612
┌ Warning: two dimensional intersIntgAppxIS might not be calculating correctly -- consider using AMP.mmd instead.
└ @ KernelDensityEstimate ~/.julia/packages/KernelDensityEstimate/Kx5zN/src/DualTree01.jl:612
┌ Warning: two dimensional intersIntgAppxIS might not be calculating correctly -- consider using AMP.mmd instead.
└ @ KernelDensityEstimate ~/.julia/packages/KernelDensityEstimate/Kx5zN/src/DualTree01.jl:612
┌ Warning: two dimensional intersIntgAppxIS might not be calculating correctly -- consider using AMP.mmd instead.
└ @ KernelDensityEstimate ~/.julia/packages/KernelDensityEstimate/Kx5zN/src/DualTree01.jl:612
┌ Warning: two dimensional intersIntgAppxIS might not be calculating correctly -- consider using AMP.mmd instead.
└ @ KernelDensityEstimate ~/.julia/packages/KernelDensityEstimate/Kx5zN/src/DualTree01.jl:612
┌ Warning: two dimensional intersIntgAppxIS might not be calculating correctly -- consider using AMP.mmd instead.
└ @ KernelDensityEstimate ~/.julia/packages/KernelDensityEstimate/Kx5zN/src/DualTree01.jl:612
┌ Warning: two dimensional intersIntgAppxIS might not be calculating correctly -- consider using AMP.mmd instead.
└ @ KernelDensityEstimate ~/.julia/packages/KernelDensityEstimate/Kx5zN/src/DualTree01.jl:612
┌ Warning: two dimensional intersIntgAppxIS might not be calculating correctly -- consider using AMP.mmd instead.
└ @ KernelDensityEstimate ~/.julia/packages/KernelDensityEstimate/Kx5zN/src/DualTree01.jl:612
┌ Warning: two dimensional intersIntgAppxIS might not be calculating correctly -- consider using AMP.mmd instead.
└ @ KernelDensityEstimate ~/.julia/packages/KernelDensityEstimate/Kx5zN/src/DualTree01.jl:612
┌ Warning: two dimensional intersIntgAppxIS might not be calculating correctly -- consider using AMP.mmd instead.
└ @ KernelDensityEstimate ~/.julia/packages/KernelDensityEstimate/Kx5zN/src/DualTree01.jl:612
┌ Warning: two dimensional intersIntgAppxIS might not be calculating correctly -- consider using AMP.mmd instead.
└ @ KernelDensityEstimate ~/.julia/packages/KernelDensityEstimate/Kx5zN/src/DualTree01.jl:612
┌ Warning: two dimensional intersIntgAppxIS might not be calculating correctly -- consider using AMP.mmd instead.
└ @ KernelDensityEstimate ~/.julia/packages/KernelDensityEstimate/Kx5zN/src/DualTree01.jl:612
┌ Warning: two dimensional intersIntgAppxIS might not be calculating correctly -- consider using AMP.mmd instead.
└ @ KernelDensityEstimate ~/.julia/packages/KernelDensityEstimate/Kx5zN/src/DualTree01.jl:612
┌ Warning: two dimensional intersIntgAppxIS might not be calculating correctly -- consider using AMP.mmd instead.
└ @ KernelDensityEstimate ~/.julia/packages/KernelDensityEstimate/Kx5zN/src/DualTree01.jl:612
┌ Warning: two dimensional intersIntgAppxIS might not be calculating correctly -- consider using AMP.mmd instead.
└ @ KernelDensityEstimate ~/.julia/packages/KernelDensityEstimate/Kx5zN/src/DualTree01.jl:612
┌ Warning: two dimensional intersIntgAppxIS might not be calculating correctly -- consider using AMP.mmd instead.
└ @ KernelDensityEstimate ~/.julia/packages/KernelDensityEstimate/Kx5zN/src/DualTree01.jl:612
┌ Warning: two dimensional intersIntgAppxIS might not be calculating correctly -- consider using AMP.mmd instead.
└ @ KernelDensityEstimate ~/.julia/packages/KernelDensityEstimate/Kx5zN/src/DualTree01.jl:612
┌ Warning: two dimensional intersIntgAppxIS might not be calculating correctly -- consider using AMP.mmd instead.
└ @ KernelDensityEstimate ~/.julia/packages/KernelDensityEstimate/Kx5zN/src/DualTree01.jl:612
┌ Warning: two dimensional intersIntgAppxIS might not be calculating correctly -- consider using AMP.mmd instead.
└ @ KernelDensityEstimate ~/.julia/packages/KernelDensityEstimate/Kx5zN/src/DualTree01.jl:612
┌ Warning: two dimensional intersIntgAppxIS might not be calculating correctly -- consider using AMP.mmd instead.
└ @ KernelDensityEstimate ~/.julia/packages/KernelDensityEstimate/Kx5zN/src/DualTree01.jl:612
┌ Warning: two dimensional intersIntgAppxIS might not be calculating correctly -- consider using AMP.mmd instead.
└ @ KernelDensityEstimate ~/.julia/packages/KernelDensityEstimate/Kx5zN/src/DualTree01.jl:612
┌ Warning: two dimensional intersIntgAppxIS might not be calculating correctly -- consider using AMP.mmd instead.
└ @ KernelDensityEstimate ~/.julia/packages/KernelDensityEstimate/Kx5zN/src/DualTree01.jl:612
┌ Warning: two dimensional intersIntgAppxIS might not be calculating correctly -- consider using AMP.mmd instead.
└ @ KernelDensityEstimate ~/.julia/packages/KernelDensityEstimate/Kx5zN/src/DualTree01.jl:612
┌ Warning: two dimensional intersIntgAppxIS might not be calculating correctly -- consider using AMP.mmd instead.
└ @ KernelDensityEstimate ~/.julia/packages/KernelDensityEstimate/Kx5zN/src/DualTree01.jl:612
┌ Warning: two dimensional intersIntgAppxIS might not be calculating correctly -- consider using AMP.mmd instead.
└ @ KernelDensityEstimate ~/.julia/packages/KernelDensityEstimate/Kx5zN/src/DualTree01.jl:612
┌ Warning: two dimensional intersIntgAppxIS might not be calculating correctly -- consider using AMP.mmd instead.
└ @ KernelDensityEstimate ~/.julia/packages/KernelDensityEstimate/Kx5zN/src/DualTree01.jl:612
┌ Warning: two dimensional intersIntgAppxIS might not be calculating correctly -- consider using AMP.mmd instead.
└ @ KernelDensityEstimate ~/.julia/packages/KernelDensityEstimate/Kx5zN/src/DualTree01.jl:612
┌ Warning: two dimensional intersIntgAppxIS might not be calculating correctly -- consider using AMP.mmd instead.
└ @ KernelDensityEstimate ~/.julia/packages/KernelDensityEstimate/Kx5zN/src/DualTree01.jl:612
┌ Warning: two dimensional intersIntgAppxIS might not be calculating correctly -- consider using AMP.mmd instead.
└ @ KernelDensityEstimate ~/.julia/packages/KernelDensityEstimate/Kx5zN/src/DualTree01.jl:612
┌ Warning: two dimensional intersIntgAppxIS might not be calculating correctly -- consider using AMP.mmd instead.
└ @ KernelDensityEstimate ~/.julia/packages/KernelDensityEstimate/Kx5zN/src/DualTree01.jl:612
┌ Warning: two dimensional intersIntgAppxIS might not be calculating correctly -- consider using AMP.mmd instead.
└ @ KernelDensityEstimate ~/.julia/packages/KernelDensityEstimate/Kx5zN/src/DualTree01.jl:612
┌ Warning: two dimensional intersIntgAppxIS might not be calculating correctly -- consider using AMP.mmd instead.
└ @ KernelDensityEstimate ~/.julia/packages/KernelDensityEstimate/Kx5zN/src/DualTree01.jl:612
┌ Warning: two dimensional intersIntgAppxIS might not be calculating correctly -- consider using AMP.mmd instead.
└ @ KernelDensityEstimate ~/.julia/packages/KernelDensityEstimate/Kx5zN/src/DualTree01.jl:612
┌ Warning: two dimensional intersIntgAppxIS might not be calculating correctly -- consider using AMP.mmd instead.
└ @ KernelDensityEstimate ~/.julia/packages/KernelDensityEstimate/Kx5zN/src/DualTree01.jl:612
┌ Warning: two dimensional intersIntgAppxIS might not be calculating correctly -- consider using AMP.mmd instead.
└ @ KernelDensityEstimate ~/.julia/packages/KernelDensityEstimate/Kx5zN/src/DualTree01.jl:612
┌ Warning: two dimensional intersIntgAppxIS might not be calculating correctly -- consider using AMP.mmd instead.
└ @ KernelDensityEstimate ~/.julia/packages/KernelDensityEstimate/Kx5zN/src/DualTree01.jl:612
┌ Warning: two dimensional intersIntgAppxIS might not be calculating correctly -- consider using AMP.mmd instead.
└ @ KernelDensityEstimate ~/.julia/packages/KernelDensityEstimate/Kx5zN/src/DualTree01.jl:612
┌ Warning: two dimensional intersIntgAppxIS might not be calculating correctly -- consider using AMP.mmd instead.
└ @ KernelDensityEstimate ~/.julia/packages/KernelDensityEstimate/Kx5zN/src/DualTree01.jl:612
┌ Warning: two dimensional intersIntgAppxIS might not be calculating correctly -- consider using AMP.mmd instead.
└ @ KernelDensityEstimate ~/.julia/packages/KernelDensityEstimate/Kx5zN/src/DualTree01.jl:612
┌ Warning: two dimensional intersIntgAppxIS might not be calculating correctly -- consider using AMP.mmd instead.
└ @ KernelDensityEstimate ~/.julia/packages/KernelDensityEstimate/Kx5zN/src/DualTree01.jl:612
┌ Warning: two dimensional intersIntgAppxIS might not be calculating correctly -- consider using AMP.mmd instead.
└ @ KernelDensityEstimate ~/.julia/packages/KernelDensityEstimate/Kx5zN/src/DualTree01.jl:612
┌ Warning: two dimensional intersIntgAppxIS might not be calculating correctly -- consider using AMP.mmd instead.
└ @ KernelDensityEstimate ~/.julia/packages/KernelDensityEstimate/Kx5zN/src/DualTree01.jl:612
┌ Warning: two dimensional intersIntgAppxIS might not be calculating correctly -- consider using AMP.mmd instead.
└ @ KernelDensityEstimate ~/.julia/packages/KernelDensityEstimate/Kx5zN/src/DualTree01.jl:612
┌ Warning: two dimensional intersIntgAppxIS might not be calculating correctly -- consider using AMP.mmd instead.
└ @ KernelDensityEstimate ~/.julia/packages/KernelDensityEstimate/Kx5zN/src/DualTree01.jl:612
┌ Warning: two dimensional intersIntgAppxIS might not be calculating correctly -- consider using AMP.mmd instead.
└ @ KernelDensityEstimate ~/.julia/packages/KernelDensityEstimate/Kx5zN/src/DualTree01.jl:612
┌ Warning: two dimensional intersIntgAppxIS might not be calculating correctly -- consider using AMP.mmd instead.
└ @ KernelDensityEstimate ~/.julia/packages/KernelDensityEstimate/Kx5zN/src/DualTree01.jl:612
┌ Warning: two dimensional intersIntgAppxIS might not be calculating correctly -- consider using AMP.mmd instead.
└ @ KernelDensityEstimate ~/.julia/packages/KernelDensityEstimate/Kx5zN/src/DualTree01.jl:612
┌ Warning: two dimensional intersIntgAppxIS might not be calculating correctly -- consider using AMP.mmd instead.
└ @ KernelDensityEstimate ~/.julia/packages/KernelDensityEstimate/Kx5zN/src/DualTree01.jl:612
┌ Warning: two dimensional intersIntgAppxIS might not be calculating correctly -- consider using AMP.mmd instead.
└ @ KernelDensityEstimate ~/.julia/packages/KernelDensityEstimate/Kx5zN/src/DualTree01.jl:612
┌ Warning: two dimensional intersIntgAppxIS might not be calculating correctly -- consider using AMP.mmd instead.
└ @ KernelDensityEstimate ~/.julia/packages/KernelDensityEstimate/Kx5zN/src/DualTree01.jl:612
┌ Warning: two dimensional intersIntgAppxIS might not be calculating correctly -- consider using AMP.mmd instead.
└ @ KernelDensityEstimate ~/.julia/packages/KernelDensityEstimate/Kx5zN/src/DualTree01.jl:612
┌ Warning: two dimensional intersIntgAppxIS might not be calculating correctly -- consider using AMP.mmd instead.
└ @ KernelDensityEstimate ~/.julia/packages/KernelDensityEstimate/Kx5zN/src/DualTree01.jl:612
┌ Warning: two dimensional intersIntgAppxIS might not be calculating correctly -- consider using AMP.mmd instead.
└ @ KernelDensityEstimate ~/.julia/packages/KernelDensityEstimate/Kx5zN/src/DualTree01.jl:612
┌ Warning: two dimensional intersIntgAppxIS might not be calculating correctly -- consider using AMP.mmd instead.
└ @ KernelDensityEstimate ~/.julia/packages/KernelDensityEstimate/Kx5zN/src/DualTree01.jl:612
┌ Warning: two dimensional intersIntgAppxIS might not be calculating correctly -- consider using AMP.mmd instead.
└ @ KernelDensityEstimate ~/.julia/packages/KernelDensityEstimate/Kx5zN/src/DualTree01.jl:612
┌ Warning: two dimensional intersIntgAppxIS might not be calculating correctly -- consider using AMP.mmd instead.
└ @ KernelDensityEstimate ~/.julia/packages/KernelDensityEstimate/Kx5zN/src/DualTree01.jl:612
┌ Warning: two dimensional intersIntgAppxIS might not be calculating correctly -- consider using AMP.mmd instead.
└ @ KernelDensityEstimate ~/.julia/packages/KernelDensityEstimate/Kx5zN/src/DualTree01.jl:612
┌ Warning: two dimensional intersIntgAppxIS might not be calculating correctly -- consider using AMP.mmd instead.
└ @ KernelDensityEstimate ~/.julia/packages/KernelDensityEstimate/Kx5zN/src/DualTree01.jl:612
┌ Warning: two dimensional intersIntgAppxIS might not be calculating correctly -- consider using AMP.mmd instead.
└ @ KernelDensityEstimate ~/.julia/packages/KernelDensityEstimate/Kx5zN/src/DualTree01.jl:612
┌ Warning: two dimensional intersIntgAppxIS might not be calculating correctly -- consider using AMP.mmd instead.
└ @ KernelDensityEstimate ~/.julia/packages/KernelDensityEstimate/Kx5zN/src/DualTree01.jl:612
┌ Warning: two dimensional intersIntgAppxIS might not be calculating correctly -- consider using AMP.mmd instead.
└ @ KernelDensityEstimate ~/.julia/packages/KernelDensityEstimate/Kx5zN/src/DualTree01.jl:612
┌ Warning: two dimensional intersIntgAppxIS might not be calculating correctly -- consider using AMP.mmd instead.
└ @ KernelDensityEstimate ~/.julia/packages/KernelDensityEstimate/Kx5zN/src/DualTree01.jl:612
┌ Warning: two dimensional intersIntgAppxIS might not be calculating correctly -- consider using AMP.mmd instead.
└ @ KernelDensityEstimate ~/.julia/packages/KernelDensityEstimate/Kx5zN/src/DualTree01.jl:612
┌ Warning: two dimensional intersIntgAppxIS might not be calculating correctly -- consider using AMP.mmd instead.
└ @ KernelDensityEstimate ~/.julia/packages/KernelDensityEstimate/Kx5zN/src/DualTree01.jl:612
┌ Warning: two dimensional intersIntgAppxIS might not be calculating correctly -- consider using AMP.mmd instead.
└ @ KernelDensityEstimate ~/.julia/packages/KernelDensityEstimate/Kx5zN/src/DualTree01.jl:612
┌ Warning: two dimensional intersIntgAppxIS might not be calculating correctly -- consider using AMP.mmd instead.
└ @ KernelDensityEstimate ~/.julia/packages/KernelDensityEstimate/Kx5zN/src/DualTree01.jl:612
┌ Warning: two dimensional intersIntgAppxIS might not be calculating correctly -- consider using AMP.mmd instead.
└ @ KernelDensityEstimate ~/.julia/packages/KernelDensityEstimate/Kx5zN/src/DualTree01.jl:612
┌ Warning: two dimensional intersIntgAppxIS might not be calculating correctly -- consider using AMP.mmd instead.
└ @ KernelDensityEstimate ~/.julia/packages/KernelDensityEstimate/Kx5zN/src/DualTree01.jl:612
┌ Warning: two dimensional intersIntgAppxIS might not be calculating correctly -- consider using AMP.mmd instead.
└ @ KernelDensityEstimate ~/.julia/packages/KernelDensityEstimate/Kx5zN/src/DualTree01.jl:612
┌ Warning: two dimensional intersIntgAppxIS might not be calculating correctly -- consider using AMP.mmd instead.
└ @ KernelDensityEstimate ~/.julia/packages/KernelDensityEstimate/Kx5zN/src/DualTree01.jl:612
┌ Warning: two dimensional intersIntgAppxIS might not be calculating correctly -- consider using AMP.mmd instead.
└ @ KernelDensityEstimate ~/.julia/packages/KernelDensityEstimate/Kx5zN/src/DualTree01.jl:612
┌ Warning: two dimensional intersIntgAppxIS might not be calculating correctly -- consider using AMP.mmd instead.
└ @ KernelDensityEstimate ~/.julia/packages/KernelDensityEstimate/Kx5zN/src/DualTree01.jl:612
┌ Warning: two dimensional intersIntgAppxIS might not be calculating correctly -- consider using AMP.mmd instead.
└ @ KernelDensityEstimate ~/.julia/packages/KernelDensityEstimate/Kx5zN/src/DualTree01.jl:612
┌ Warning: two dimensional intersIntgAppxIS might not be calculating correctly -- consider using AMP.mmd instead.
└ @ KernelDensityEstimate ~/.julia/packages/KernelDensityEstimate/Kx5zN/src/DualTree01.jl:612
┌ Warning: two dimensional intersIntgAppxIS might not be calculating correctly -- consider using AMP.mmd instead.
└ @ KernelDensityEstimate ~/.julia/packages/KernelDensityEstimate/Kx5zN/src/DualTree01.jl:612
┌ Warning: two dimensional intersIntgAppxIS might not be calculating correctly -- consider using AMP.mmd instead.
└ @ KernelDensityEstimate ~/.julia/packages/KernelDensityEstimate/Kx5zN/src/DualTree01.jl:612
┌ Warning: two dimensional intersIntgAppxIS might not be calculating correctly -- consider using AMP.mmd instead.
└ @ KernelDensityEstimate ~/.julia/packages/KernelDensityEstimate/Kx5zN/src/DualTree01.jl:612
┌ Warning: two dimensional intersIntgAppxIS might not be calculating correctly -- consider using AMP.mmd instead.
└ @ KernelDensityEstimate ~/.julia/packages/KernelDensityEstimate/Kx5zN/src/DualTree01.jl:612
┌ Warning: two dimensional intersIntgAppxIS might not be calculating correctly -- consider using AMP.mmd instead.
└ @ KernelDensityEstimate ~/.julia/packages/KernelDensityEstimate/Kx5zN/src/DualTree01.jl:612
┌ Warning: two dimensional intersIntgAppxIS might not be calculating correctly -- consider using AMP.mmd instead.
└ @ KernelDensityEstimate ~/.julia/packages/KernelDensityEstimate/Kx5zN/src/DualTree01.jl:612
┌ Warning: two dimensional intersIntgAppxIS might not be calculating correctly -- consider using AMP.mmd instead.
└ @ KernelDensityEstimate ~/.julia/packages/KernelDensityEstimate/Kx5zN/src/DualTree01.jl:612
┌ Warning: two dimensional intersIntgAppxIS might not be calculating correctly -- consider using AMP.mmd instead.
└ @ KernelDensityEstimate ~/.julia/packages/KernelDensityEstimate/Kx5zN/src/DualTree01.jl:612
┌ Warning: two dimensional intersIntgAppxIS might not be calculating correctly -- consider using AMP.mmd instead.
└ @ KernelDensityEstimate ~/.julia/packages/KernelDensityEstimate/Kx5zN/src/DualTree01.jl:612
┌ Warning: two dimensional intersIntgAppxIS might not be calculating correctly -- consider using AMP.mmd instead.
└ @ KernelDensityEstimate ~/.julia/packages/KernelDensityEstimate/Kx5zN/src/DualTree01.jl:612
┌ Warning: two dimensional intersIntgAppxIS might not be calculating correctly -- consider using AMP.mmd instead.
└ @ KernelDensityEstimate ~/.julia/packages/KernelDensityEstimate/Kx5zN/src/DualTree01.jl:612
┌ Warning: two dimensional intersIntgAppxIS might not be calculating correctly -- consider using AMP.mmd instead.
└ @ KernelDensityEstimate ~/.julia/packages/KernelDensityEstimate/Kx5zN/src/DualTree01.jl:612
┌ Warning: two dimensional intersIntgAppxIS might not be calculating correctly -- consider using AMP.mmd instead.
└ @ KernelDensityEstimate ~/.julia/packages/KernelDensityEstimate/Kx5zN/src/DualTree01.jl:612
┌ Warning: two dimensional intersIntgAppxIS might not be calculating correctly -- consider using AMP.mmd instead.
└ @ KernelDensityEstimate ~/.julia/packages/KernelDensityEstimate/Kx5zN/src/DualTree01.jl:612
┌ Warning: two dimensional intersIntgAppxIS might not be calculating correctly -- consider using AMP.mmd instead.
└ @ KernelDensityEstimate ~/.julia/packages/KernelDensityEstimate/Kx5zN/src/DualTree01.jl:612
┌ Warning: two dimensional intersIntgAppxIS might not be calculating correctly -- consider using AMP.mmd instead.
└ @ KernelDensityEstimate ~/.julia/packages/KernelDensityEstimate/Kx5zN/src/DualTree01.jl:612
┌ Warning: two dimensional intersIntgAppxIS might not be calculating correctly -- consider using AMP.mmd instead.
└ @ KernelDensityEstimate ~/.julia/packages/KernelDensityEstimate/Kx5zN/src/DualTree01.jl:612
┌ Warning: two dimensional intersIntgAppxIS might not be calculating correctly -- consider using AMP.mmd instead.
└ @ KernelDensityEstimate ~/.julia/packages/KernelDensityEstimate/Kx5zN/src/DualTree01.jl:612
┌ Warning: two dimensional intersIntgAppxIS might not be calculating correctly -- consider using AMP.mmd instead.
└ @ KernelDensityEstimate ~/.julia/packages/KernelDensityEstimate/Kx5zN/src/DualTree01.jl:612
┌ Warning: two dimensional intersIntgAppxIS might not be calculating correctly -- consider using AMP.mmd instead.
└ @ KernelDensityEstimate ~/.julia/packages/KernelDensityEstimate/Kx5zN/src/DualTree01.jl:612
┌ Warning: two dimensional intersIntgAppxIS might not be calculating correctly -- consider using AMP.mmd instead.
└ @ KernelDensityEstimate ~/.julia/packages/KernelDensityEstimate/Kx5zN/src/DualTree01.jl:612
┌ Warning: two dimensional intersIntgAppxIS might not be calculating correctly -- consider using AMP.mmd instead.
└ @ KernelDensityEstimate ~/.julia/packages/KernelDensityEstimate/Kx5zN/src/DualTree01.jl:612
┌ Warning: two dimensional intersIntgAppxIS might not be calculating correctly -- consider using AMP.mmd instead.
└ @ KernelDensityEstimate ~/.julia/packages/KernelDensityEstimate/Kx5zN/src/DualTree01.jl:612
┌ Warning: two dimensional intersIntgAppxIS might not be calculating correctly -- consider using AMP.mmd instead.
└ @ KernelDensityEstimate ~/.julia/packages/KernelDensityEstimate/Kx5zN/src/DualTree01.jl:612
┌ Warning: two dimensional intersIntgAppxIS might not be calculating correctly -- consider using AMP.mmd instead.
└ @ KernelDensityEstimate ~/.julia/packages/KernelDensityEstimate/Kx5zN/src/DualTree01.jl:612
┌ Warning: two dimensional intersIntgAppxIS might not be calculating correctly -- consider using AMP.mmd instead.
└ @ KernelDensityEstimate ~/.julia/packages/KernelDensityEstimate/Kx5zN/src/DualTree01.jl:612
┌ Warning: two dimensional intersIntgAppxIS might not be calculating correctly -- consider using AMP.mmd instead.
└ @ KernelDensityEstimate ~/.julia/packages/KernelDensityEstimate/Kx5zN/src/DualTree01.jl:612
┌ Warning: two dimensional intersIntgAppxIS might not be calculating correctly -- consider using AMP.mmd instead.
└ @ KernelDensityEstimate ~/.julia/packages/KernelDensityEstimate/Kx5zN/src/DualTree01.jl:612
┌ Warning: two dimensional intersIntgAppxIS might not be calculating correctly -- consider using AMP.mmd instead.
└ @ KernelDensityEstimate ~/.julia/packages/KernelDensityEstimate/Kx5zN/src/DualTree01.jl:612
┌ Warning: two dimensional intersIntgAppxIS might not be calculating correctly -- consider using AMP.mmd instead.
└ @ KernelDensityEstimate ~/.julia/packages/KernelDensityEstimate/Kx5zN/src/DualTree01.jl:612
┌ Warning: two dimensional intersIntgAppxIS might not be calculating correctly -- consider using AMP.mmd instead.
└ @ KernelDensityEstimate ~/.julia/packages/KernelDensityEstimate/Kx5zN/src/DualTree01.jl:612
┌ Warning: two dimensional intersIntgAppxIS might not be calculating correctly -- consider using AMP.mmd instead.
└ @ KernelDensityEstimate ~/.julia/packages/KernelDensityEstimate/Kx5zN/src/DualTree01.jl:612
┌ Warning: two dimensional intersIntgAppxIS might not be calculating correctly -- consider using AMP.mmd instead.
└ @ KernelDensityEstimate ~/.julia/packages/KernelDensityEstimate/Kx5zN/src/DualTree01.jl:612
┌ Warning: two dimensional intersIntgAppxIS might not be calculating correctly -- consider using AMP.mmd instead.
└ @ KernelDensityEstimate ~/.julia/packages/KernelDensityEstimate/Kx5zN/src/DualTree01.jl:612
┌ Warning: two dimensional intersIntgAppxIS might not be calculating correctly -- consider using AMP.mmd instead.
└ @ KernelDensityEstimate ~/.julia/packages/KernelDensityEstimate/Kx5zN/src/DualTree01.jl:612
┌ Warning: two dimensional intersIntgAppxIS might not be calculating correctly -- consider using AMP.mmd instead.
└ @ KernelDensityEstimate ~/.julia/packages/KernelDensityEstimate/Kx5zN/src/DualTree01.jl:612
┌ Warning: two dimensional intersIntgAppxIS might not be calculating correctly -- consider using AMP.mmd instead.
└ @ KernelDensityEstimate ~/.julia/packages/KernelDensityEstimate/Kx5zN/src/DualTree01.jl:612
┌ Warning: two dimensional intersIntgAppxIS might not be calculating correctly -- consider using AMP.mmd instead.
└ @ KernelDensityEstimate ~/.julia/packages/KernelDensityEstimate/Kx5zN/src/DualTree01.jl:612
┌ Warning: two dimensional intersIntgAppxIS might not be calculating correctly -- consider using AMP.mmd instead.
└ @ KernelDensityEstimate ~/.julia/packages/KernelDensityEstimate/Kx5zN/src/DualTree01.jl:612
┌ Warning: two dimensional intersIntgAppxIS might not be calculating correctly -- consider using AMP.mmd instead.
└ @ KernelDensityEstimate ~/.julia/packages/KernelDensityEstimate/Kx5zN/src/DualTree01.jl:612
┌ Warning: two dimensional intersIntgAppxIS might not be calculating correctly -- consider using AMP.mmd instead.
└ @ KernelDensityEstimate ~/.julia/packages/KernelDensityEstimate/Kx5zN/src/DualTree01.jl:612
┌ Warning: two dimensional intersIntgAppxIS might not be calculating correctly -- consider using AMP.mmd instead.
└ @ KernelDensityEstimate ~/.julia/packages/KernelDensityEstimate/Kx5zN/src/DualTree01.jl:612
┌ Warning: two dimensional intersIntgAppxIS might not be calculating correctly -- consider using AMP.mmd instead.
└ @ KernelDensityEstimate ~/.julia/packages/KernelDensityEstimate/Kx5zN/src/DualTree01.jl:612
┌ Warning: two dimensional intersIntgAppxIS might not be calculating correctly -- consider using AMP.mmd instead.
└ @ KernelDensityEstimate ~/.julia/packages/KernelDensityEstimate/Kx5zN/src/DualTree01.jl:612
┌ Warning: two dimensional intersIntgAppxIS might not be calculating correctly -- consider using AMP.mmd instead.
└ @ KernelDensityEstimate ~/.julia/packages/KernelDensityEstimate/Kx5zN/src/DualTree01.jl:612
┌ Warning: two dimensional intersIntgAppxIS might not be calculating correctly -- consider using AMP.mmd instead.
└ @ KernelDensityEstimate ~/.julia/packages/KernelDensityEstimate/Kx5zN/src/DualTree01.jl:612
┌ Warning: two dimensional intersIntgAppxIS might not be calculating correctly -- consider using AMP.mmd instead.
└ @ KernelDensityEstimate ~/.julia/packages/KernelDensityEstimate/Kx5zN/src/DualTree01.jl:612
┌ Warning: two dimensional intersIntgAppxIS might not be calculating correctly -- consider using AMP.mmd instead.
└ @ KernelDensityEstimate ~/.julia/packages/KernelDensityEstimate/Kx5zN/src/DualTree01.jl:612
┌ Warning: two dimensional intersIntgAppxIS might not be calculating correctly -- consider using AMP.mmd instead.
└ @ KernelDensityEstimate ~/.julia/packages/KernelDensityEstimate/Kx5zN/src/DualTree01.jl:612
┌ Warning: two dimensional intersIntgAppxIS might not be calculating correctly -- consider using AMP.mmd instead.
└ @ KernelDensityEstimate ~/.julia/packages/KernelDensityEstimate/Kx5zN/src/DualTree01.jl:612
┌ Warning: two dimensional intersIntgAppxIS might not be calculating correctly -- consider using AMP.mmd instead.
└ @ KernelDensityEstimate ~/.julia/packages/KernelDensityEstimate/Kx5zN/src/DualTree01.jl:612
┌ Warning: two dimensional intersIntgAppxIS might not be calculating correctly -- consider using AMP.mmd instead.
└ @ KernelDensityEstimate ~/.julia/packages/KernelDensityEstimate/Kx5zN/src/DualTree01.jl:612
┌ Warning: two dimensional intersIntgAppxIS might not be calculating correctly -- consider using AMP.mmd instead.
└ @ KernelDensityEstimate ~/.julia/packages/KernelDensityEstimate/Kx5zN/src/DualTree01.jl:612
┌ Warning: two dimensional intersIntgAppxIS might not be calculating correctly -- consider using AMP.mmd instead.
└ @ KernelDensityEstimate ~/.julia/packages/KernelDensityEstimate/Kx5zN/src/DualTree01.jl:612
┌ Warning: two dimensional intersIntgAppxIS might not be calculating correctly -- consider using AMP.mmd instead.
└ @ KernelDensityEstimate ~/.julia/packages/KernelDensityEstimate/Kx5zN/src/DualTree01.jl:612
┌ Warning: two dimensional intersIntgAppxIS might not be calculating correctly -- consider using AMP.mmd instead.
└ @ KernelDensityEstimate ~/.julia/packages/KernelDensityEstimate/Kx5zN/src/DualTree01.jl:612
┌ Warning: two dimensional intersIntgAppxIS might not be calculating correctly -- consider using AMP.mmd instead.
└ @ KernelDensityEstimate ~/.julia/packages/KernelDensityEstimate/Kx5zN/src/DualTree01.jl:612
┌ Warning: two dimensional intersIntgAppxIS might not be calculating correctly -- consider using AMP.mmd instead.
└ @ KernelDensityEstimate ~/.julia/packages/KernelDensityEstimate/Kx5zN/src/DualTree01.jl:612
┌ Warning: two dimensional intersIntgAppxIS might not be calculating correctly -- consider using AMP.mmd instead.
└ @ KernelDensityEstimate ~/.julia/packages/KernelDensityEstimate/Kx5zN/src/DualTree01.jl:612
┌ Warning: two dimensional intersIntgAppxIS might not be calculating correctly -- consider using AMP.mmd instead.
└ @ KernelDensityEstimate ~/.julia/packages/KernelDensityEstimate/Kx5zN/src/DualTree01.jl:612
┌ Warning: two dimensional intersIntgAppxIS might not be calculating correctly -- consider using AMP.mmd instead.
└ @ KernelDensityEstimate ~/.julia/packages/KernelDensityEstimate/Kx5zN/src/DualTree01.jl:612
┌ Warning: two dimensional intersIntgAppxIS might not be calculating correctly -- consider using AMP.mmd instead.
└ @ KernelDensityEstimate ~/.julia/packages/KernelDensityEstimate/Kx5zN/src/DualTree01.jl:612
┌ Warning: two dimensional intersIntgAppxIS might not be calculating correctly -- consider using AMP.mmd instead.
└ @ KernelDensityEstimate ~/.julia/packages/KernelDensityEstimate/Kx5zN/src/DualTree01.jl:612
┌ Warning: two dimensional intersIntgAppxIS might not be calculating correctly -- consider using AMP.mmd instead.
└ @ KernelDensityEstimate ~/.julia/packages/KernelDensityEstimate/Kx5zN/src/DualTree01.jl:612
┌ Warning: two dimensional intersIntgAppxIS might not be calculating correctly -- consider using AMP.mmd instead.
└ @ KernelDensityEstimate ~/.julia/packages/KernelDensityEstimate/Kx5zN/src/DualTree01.jl:612
┌ Warning: two dimensional intersIntgAppxIS might not be calculating correctly -- consider using AMP.mmd instead.
└ @ KernelDensityEstimate ~/.julia/packages/KernelDensityEstimate/Kx5zN/src/DualTree01.jl:612
┌ Warning: two dimensional intersIntgAppxIS might not be calculating correctly -- consider using AMP.mmd instead.
└ @ KernelDensityEstimate ~/.julia/packages/KernelDensityEstimate/Kx5zN/src/DualTree01.jl:612
┌ Warning: two dimensional intersIntgAppxIS might not be calculating correctly -- consider using AMP.mmd instead.
└ @ KernelDensityEstimate ~/.julia/packages/KernelDensityEstimate/Kx5zN/src/DualTree01.jl:612
┌ Warning: two dimensional intersIntgAppxIS might not be calculating correctly -- consider using AMP.mmd instead.
└ @ KernelDensityEstimate ~/.julia/packages/KernelDensityEstimate/Kx5zN/src/DualTree01.jl:612
┌ Warning: two dimensional intersIntgAppxIS might not be calculating correctly -- consider using AMP.mmd instead.
└ @ KernelDensityEstimate ~/.julia/packages/KernelDensityEstimate/Kx5zN/src/DualTree01.jl:612
┌ Warning: two dimensional intersIntgAppxIS might not be calculating correctly -- consider using AMP.mmd instead.
└ @ KernelDensityEstimate ~/.julia/packages/KernelDensityEstimate/Kx5zN/src/DualTree01.jl:612
┌ Warning: two dimensional intersIntgAppxIS might not be calculating correctly -- consider using AMP.mmd instead.
└ @ KernelDensityEstimate ~/.julia/packages/KernelDensityEstimate/Kx5zN/src/DualTree01.jl:612
┌ Warning: two dimensional intersIntgAppxIS might not be calculating correctly -- consider using AMP.mmd instead.
└ @ KernelDensityEstimate ~/.julia/packages/KernelDensityEstimate/Kx5zN/src/DualTree01.jl:612
┌ Warning: two dimensional intersIntgAppxIS might not be calculating correctly -- consider using AMP.mmd instead.
└ @ KernelDensityEstimate ~/.julia/packages/KernelDensityEstimate/Kx5zN/src/DualTree01.jl:612
┌ Warning: two dimensional intersIntgAppxIS might not be calculating correctly -- consider using AMP.mmd instead.
└ @ KernelDensityEstimate ~/.julia/packages/KernelDensityEstimate/Kx5zN/src/DualTree01.jl:612
┌ Warning: two dimensional intersIntgAppxIS might not be calculating correctly -- consider using AMP.mmd instead.
└ @ KernelDensityEstimate ~/.julia/packages/KernelDensityEstimate/Kx5zN/src/DualTree01.jl:612
┌ Warning: two dimensional intersIntgAppxIS might not be calculating correctly -- consider using AMP.mmd instead.
└ @ KernelDensityEstimate ~/.julia/packages/KernelDensityEstimate/Kx5zN/src/DualTree01.jl:612
┌ Warning: two dimensional intersIntgAppxIS might not be calculating correctly -- consider using AMP.mmd instead.
└ @ KernelDensityEstimate ~/.julia/packages/KernelDensityEstimate/Kx5zN/src/DualTree01.jl:612
┌ Warning: two dimensional intersIntgAppxIS might not be calculating correctly -- consider using AMP.mmd instead.
└ @ KernelDensityEstimate ~/.julia/packages/KernelDensityEstimate/Kx5zN/src/DualTree01.jl:612
┌ Warning: two dimensional intersIntgAppxIS might not be calculating correctly -- consider using AMP.mmd instead.
└ @ KernelDensityEstimate ~/.julia/packages/KernelDensityEstimate/Kx5zN/src/DualTree01.jl:612
┌ Warning: two dimensional intersIntgAppxIS might not be calculating correctly -- consider using AMP.mmd instead.
└ @ KernelDensityEstimate ~/.julia/packages/KernelDensityEstimate/Kx5zN/src/DualTree01.jl:612
┌ Warning: two dimensional intersIntgAppxIS might not be calculating correctly -- consider using AMP.mmd instead.
└ @ KernelDensityEstimate ~/.julia/packages/KernelDensityEstimate/Kx5zN/src/DualTree01.jl:612
┌ Warning: two dimensional intersIntgAppxIS might not be calculating correctly -- consider using AMP.mmd instead.
└ @ KernelDensityEstimate ~/.julia/packages/KernelDensityEstimate/Kx5zN/src/DualTree01.jl:612
┌ Warning: two dimensional intersIntgAppxIS might not be calculating correctly -- consider using AMP.mmd instead.
└ @ KernelDensityEstimate ~/.julia/packages/KernelDensityEstimate/Kx5zN/src/DualTree01.jl:612
┌ Warning: two dimensional intersIntgAppxIS might not be calculating correctly -- consider using AMP.mmd instead.
└ @ KernelDensityEstimate ~/.julia/packages/KernelDensityEstimate/Kx5zN/src/DualTree01.jl:612
┌ Warning: two dimensional intersIntgAppxIS might not be calculating correctly -- consider using AMP.mmd instead.
└ @ KernelDensityEstimate ~/.julia/packages/KernelDensityEstimate/Kx5zN/src/DualTree01.jl:612
┌ Warning: two dimensional intersIntgAppxIS might not be calculating correctly -- consider using AMP.mmd instead.
└ @ KernelDensityEstimate ~/.julia/packages/KernelDensityEstimate/Kx5zN/src/DualTree01.jl:612
┌ Warning: two dimensional intersIntgAppxIS might not be calculating correctly -- consider using AMP.mmd instead.
└ @ KernelDensityEstimate ~/.julia/packages/KernelDensityEstimate/Kx5zN/src/DualTree01.jl:612
a = intgAppxGaussianOffs(offs = 0.0, dim = 2) = 0.06561828834147948
testflag = testflag && 0.05 < a < 0.15 = true
testing rand functionality
Test Summary:                   | Pass  Total
test string and back conversion |    2      2
    Testing KernelDensityEstimate tests passed 

PkgEval succeeded


################################################################################
# PkgEval teardown: 2021-01-11T22:42:34.35
CPU usage: 137.42s (131.60s user, 5.99s kernel)

Network usage:
- eth0: 3.930 MiB received, 139.658 KiB sent

Raw statistics: {"blkio_stats":{"io_queue_recursive":[],"io_serviced_recursive":[{"major":259,"value":0,"op":"Read","minor":0},{"major":259,"value":24,"op":"Write","minor":0},{"major":259,"value":19,"op":"Sync","minor":0},{"major":259,"value":5,"op":"Async","minor":0},{"major":259,"value":0,"op":"Discard","minor":0},{"major":259,"value":24,"op":"Total","minor":0},{"major":253,"value":0,"op":"Read","minor":2},{"major":253,"value":24,"op":"Write","minor":2},{"major":253,"value":19,"op":"Sync","minor":2},{"major":253,"value":5,"op":"Async","minor":2},{"major":253,"value":0,"op":"Discard","minor":2},{"major":253,"value":24,"op":"Total","minor":2}],"io_time_recursive":[],"sectors_recursive":[],"io_service_bytes_recursive":[{"major":259,"value":0,"op":"Read","minor":0},{"major":259,"value":135168,"op":"Write","minor":0},{"major":259,"value":106496,"op":"Sync","minor":0},{"major":259,"value":28672,"op":"Async","minor":0},{"major":259,"value":0,"op":"Discard","minor":0},{"major":259,"value":135168,"op":"Total","minor":0},{"major":253,"value":0,"op":"Read","minor":2},{"major":253,"value":135168,"op":"Write","minor":2},{"major":253,"value":106496,"op":"Sync","minor":2},{"major":253,"value":28672,"op":"Async","minor":2},{"major":253,"value":0,"op":"Discard","minor":2},{"major":253,"value":135168,"op":"Total","minor":2}],"io_wait_time_recursive":[],"io_merged_recursive":[],"io_service_time_recursive":[]},"memory_stats":{"usage":351477760,"max_usage":1397792768,"stats":{"hierarchical_memory_limit":9223372036854771712,"pgmajfault":0,"total_rss":227012608,"inactive_file":135168,"inactive_anon":82317312,"total_pgfault":2117214,"total_cache":94093312,"total_rss_huge":0,"total_active_anon":238706688,"total_pgmajfault":0,"pgpgin":1225191,"rss_huge":0,"mapped_file":0,"total_inactive_file":135168,"dirty":135168,"total_unevictable":0,"total_dirty":135168,"writeback":0,"pgpgout":1146813,"hierarchical_memsw_limit":0,"cache":94093312,"active_file":135168,"pgfault":2117214,"total_mapped_file":0,"total_pgpgout":1146813,"total_writeback":0,"rss":227012608,"unevictable":0,"total_inactive_anon":82317312,"total_pgpgin":1225191,"active_anon":238706688,"total_active_file":135168},"limit":540965302272},"name":"/KernelDensityEstimate-m7JlpUyY","networks":{"eth0":{"rx_bytes":4121400,"rx_packets":1071,"tx_packets":1194,"tx_bytes":143010,"tx_dropped":0,"rx_dropped":5,"tx_errors":0,"rx_errors":0}},"id":"0b0b89f9ccb9836718152dc6b1f028a1e54a75764e566351fd85f60b9982594e","preread":"0001-01-01T00:00:00Z","storage_stats":{},"precpu_stats":{"throttling_data":{"throttled_periods":0,"throttled_time":0,"periods":0},"cpu_usage":{"usage_in_usermode":0,"usage_in_kernelmode":0,"total_usage":0}},"pids_stats":{"current":40},"num_procs":0,"cpu_stats":{"throttling_data":{"throttled_periods":0,"throttled_time":0,"periods":0},"system_cpu_usage":6525525154522419,"online_cpus":128,"cpu_usage":{"usage_in_usermode":131600000000,"usage_in_kernelmode":5990000000,"total_usage":137422022026,"percpu_usage":[0,0,0,0,0,0,0,137416805935,0,0,0,0,0,0,0,0,0,0,0,0,0,0,0,0,0,0,0,0,0,0,0,0,0,0,0,0,0,0,0,0,0,0,0,0,0,0,0,0,0,0,0,0,0,0,0,0,0,0,0,0,0,0,0,0,0,0,0,0,4360,0,2687471,2524260,0,0,0,0,0,0,0,0,0,0,0,0,0,0,0,0,0,0,0,0,0,0,0,0,0,0,0,0,0,0,0,0,0,0,0,0,0,0,0,0,0,0,0,0,0,0,0,0,0,0,0,0,0,0,0,0]}},"read":"2021-01-11T22:42:34.353351391Z"}