################################################################################
# PackageCompiler set-up: 2021-01-11T17:50:08.701
#

Julia Version 1.5.3
Commit 599f52c4c6 (2020-12-18 13:33 UTC)
Platform Info:
  OS: Linux (x86_64-linux-gnu)
  CPU: AMD EPYC 7502 32-Core Processor
  WORD_SIZE: 64
  LIBM: libopenlibm
  LLVM: libLLVM-9.0.1 (ORCJIT, znver2)
Environment:
  JULIA_PKGEVAL = true
  JULIA_PKG_PRECOMPILE_AUTO = 0



################################################################################
# Installation: 2021-01-11T17:50:10.411
#

 Installing known registries into `~/.julia`
#=#=#                                                                         ######################################################################## 100.0%
      Added registry `General` to `~/.julia/registries/General`
  Resolving package versions...
  Installed CompilerSupportLibraries_jll ─ v0.3.4+0
  Installed MbedTLS_jll ────────────────── v2.16.8+1
  Installed Zlib_jll ───────────────────── v1.2.11+18
  Installed JSONSchema ─────────────────── v0.3.3
  Installed Kombinator ─────────────────── v0.1.0
  Installed CommonSubexpressions ───────── v0.3.0
  Installed PackageCompiler ────────────── v1.2.5
  Installed JuMP ───────────────────────── v0.21.5
  Installed Inflate ────────────────────── v0.1.2
  Installed MuladdMacro ────────────────── v0.2.2
  Installed TranscodingStreams ─────────── v0.9.5
  Installed Calculus ───────────────────── v0.5.1
  Installed Bzip2_jll ──────────────────── v1.0.6+5
  Installed MbedTLS ────────────────────── v1.0.3
  Installed DiffRules ──────────────────── v1.0.2
  Installed DiffResults ────────────────── v1.0.3
  Installed DataStructures ─────────────── v0.18.8
  Installed HTTP ───────────────────────── v0.9.2
  Installed SimpleTraits ───────────────── v0.9.3
  Installed BenchmarkTools ─────────────── v0.5.0
  Installed CodecZlib ──────────────────── v0.7.0
  Installed OrderedCollections ─────────── v1.3.2
  Installed MacroTools ─────────────────── v0.5.6
  Installed StaticArrays ───────────────── v1.0.1
  Installed JLLWrappers ────────────────── v1.2.0
  Installed JSON ───────────────────────── v0.21.1
  Installed MathOptInterface ───────────── v0.9.19
  Installed LightGraphs ────────────────── v1.3.4
  Installed NaNMath ────────────────────── v0.3.5
  Installed ZipFile ────────────────────── v0.9.3
  Installed ArnoldiMethod ──────────────── v0.0.2
  Installed MutableArithmetics ─────────── v0.2.13
  Installed URIs ───────────────────────── v1.1.0
  Installed CodecBzip2 ─────────────────── v0.7.2
  Installed ForwardDiff ────────────────── v0.10.14
  Installed SpecialFunctions ───────────── v1.2.1
  Installed ChainRulesCore ─────────────── v0.9.24
  Installed OpenSpecFun_jll ────────────── v0.5.3+4
  Installed Compat ─────────────────────── v3.25.0
  Installed Parsers ────────────────────── v1.0.15
  Installed IniFile ────────────────────── v0.5.0
  Installed Artifacts ──────────────────── v1.3.0
Updating `~/.julia/environments/v1.5/Project.toml`
  [c77a6b6f] + Kombinator v0.1.0
  [9b87118b] + PackageCompiler v1.2.5
Updating `~/.julia/environments/v1.5/Manifest.toml`
  [ec485272] + ArnoldiMethod v0.0.2
  [56f22d72] + Artifacts v1.3.0
  [6e4b80f9] + BenchmarkTools v0.5.0
  [6e34b625] + Bzip2_jll v1.0.6+5
  [49dc2e85] + Calculus v0.5.1
  [d360d2e6] + ChainRulesCore v0.9.24
  [523fee87] + CodecBzip2 v0.7.2
  [944b1d66] + CodecZlib v0.7.0
  [bbf7d656] + CommonSubexpressions v0.3.0
  [34da2185] + Compat v3.25.0
  [e66e0078] + CompilerSupportLibraries_jll v0.3.4+0
  [864edb3b] + DataStructures v0.18.8
  [163ba53b] + DiffResults v1.0.3
  [b552c78f] + DiffRules v1.0.2
  [f6369f11] + ForwardDiff v0.10.14
  [cd3eb016] + HTTP v0.9.2
  [d25df0c9] + Inflate v0.1.2
  [83e8ac13] + IniFile v0.5.0
  [692b3bcd] + JLLWrappers v1.2.0
  [682c06a0] + JSON v0.21.1
  [7d188eb4] + JSONSchema v0.3.3
  [4076af6c] + JuMP v0.21.5
  [c77a6b6f] + Kombinator v0.1.0
  [093fc24a] + LightGraphs v1.3.4
  [1914dd2f] + MacroTools v0.5.6
  [b8f27783] + MathOptInterface v0.9.19
  [739be429] + MbedTLS v1.0.3
  [c8ffd9c3] + MbedTLS_jll v2.16.8+1
  [46d2c3a1] + MuladdMacro v0.2.2
  [d8a4904e] + MutableArithmetics v0.2.13
  [77ba4419] + NaNMath v0.3.5
  [efe28fd5] + OpenSpecFun_jll v0.5.3+4
  [bac558e1] + OrderedCollections v1.3.2
  [9b87118b] + PackageCompiler v1.2.5
  [69de0a69] + Parsers v1.0.15
  [699a6c99] + SimpleTraits v0.9.3
  [276daf66] + SpecialFunctions v1.2.1
  [90137ffa] + StaticArrays v1.0.1
  [3bb67fe8] + TranscodingStreams v0.9.5
  [5c2747f8] + URIs v1.1.0
  [a5390f91] + ZipFile v0.9.3
  [83775a58] + Zlib_jll v1.2.11+18
  [2a0f44e3] + Base64
  [ade2ca70] + Dates
  [8bb1440f] + DelimitedFiles
  [8ba89e20] + Distributed
  [b77e0a4c] + InteractiveUtils
  [76f85450] + LibGit2
  [8f399da3] + Libdl
  [37e2e46d] + LinearAlgebra
  [56ddb016] + Logging
  [d6f4376e] + Markdown
  [a63ad114] + Mmap
  [44cfe95a] + Pkg
  [de0858da] + Printf
  [3fa0cd96] + REPL
  [9a3f8284] + Random
  [ea8e919c] + SHA
  [9e88b42a] + Serialization
  [1a1011a3] + SharedArrays
  [6462fe0b] + Sockets
  [2f01184e] + SparseArrays
  [10745b16] + Statistics
  [8dfed614] + Test
  [cf7118a7] + UUIDs
  [4ec0a83e] + Unicode


################################################################################
# Compiling: 2021-01-11T17:50:18.327
#

[ Info: PackageCompiler: creating system image object file, this might take a while...
Generated system image is 197.933 MiB, compilation took 327 seconds


################################################################################
# PkgEval set-up: 2021-01-11T17:55:53.698
#

Julia Version 1.5.3
Commit 599f52c4c6 (2020-12-18 13:33 UTC)
Platform Info:
  OS: Linux (x86_64-linux-gnu)
  CPU: AMD EPYC 7502 32-Core Processor
  WORD_SIZE: 64
  LIBM: libopenlibm
  LLVM: libLLVM-9.0.1 (ORCJIT, znver2)
Environment:
  JULIA_PKGEVAL = true
  JULIA_PKG_PRECOMPILE_AUTO = 0

Base.julia_cmd() = `/usr/local/julia/bin/julia -Cnative -J/cache/Kombinator-5noBbICU.so -g1`


################################################################################
# Installation: 2021-01-11T17:55:55.269
#

 Installing known registries into `~/.julia`
########                                                                  11.3%######################################################################## 100.0%
      Added registry `General` to `~/.julia/registries/General`
  Resolving package versions...
  Installed Kombinator ─────────────────── v0.1.0
  Installed CompilerSupportLibraries_jll ─ v0.3.4+0
  Installed MbedTLS_jll ────────────────── v2.16.8+1
  Installed JSONSchema ─────────────────── v0.3.3
  Installed Zlib_jll ───────────────────── v1.2.11+18
  Installed Inflate ────────────────────── v0.1.2
  Installed CommonSubexpressions ───────── v0.3.0
  Installed MuladdMacro ────────────────── v0.2.2
  Installed TranscodingStreams ─────────── v0.9.5
  Installed Calculus ───────────────────── v0.5.1
  Installed MbedTLS ────────────────────── v1.0.3
  Installed JuMP ───────────────────────── v0.21.5
  Installed DiffRules ──────────────────── v1.0.2
  Installed DataStructures ─────────────── v0.18.8
  Installed Bzip2_jll ──────────────────── v1.0.6+5
  Installed DiffResults ────────────────── v1.0.3
  Installed SimpleTraits ───────────────── v0.9.3
  Installed CodecZlib ──────────────────── v0.7.0
  Installed BenchmarkTools ─────────────── v0.5.0
  Installed OrderedCollections ─────────── v1.3.2
  Installed MacroTools ─────────────────── v0.5.6
  Installed HTTP ───────────────────────── v0.9.2
  Installed StaticArrays ───────────────── v1.0.1
  Installed MathOptInterface ───────────── v0.9.19
  Installed LightGraphs ────────────────── v1.3.4
  Installed NaNMath ────────────────────── v0.3.5
  Installed ZipFile ────────────────────── v0.9.3
  Installed ArnoldiMethod ──────────────── v0.0.2
  Installed MutableArithmetics ─────────── v0.2.13
  Installed JSON ───────────────────────── v0.21.1
  Installed URIs ───────────────────────── v1.1.0
  Installed JLLWrappers ────────────────── v1.2.0
  Installed ForwardDiff ────────────────── v0.10.14
  Installed OpenSpecFun_jll ────────────── v0.5.3+4
  Installed CodecBzip2 ─────────────────── v0.7.2
  Installed Compat ─────────────────────── v3.25.0
  Installed Parsers ────────────────────── v1.0.15
  Installed SpecialFunctions ───────────── v1.2.1
  Installed Artifacts ──────────────────── v1.3.0
  Installed IniFile ────────────────────── v0.5.0
  Installed ChainRulesCore ─────────────── v0.9.24
Updating `~/.julia/environments/v1.5/Project.toml`
  [c77a6b6f] + Kombinator v0.1.0
Updating `~/.julia/environments/v1.5/Manifest.toml`
  [ec485272] + ArnoldiMethod v0.0.2
  [56f22d72] + Artifacts v1.3.0
  [6e4b80f9] + BenchmarkTools v0.5.0
  [6e34b625] + Bzip2_jll v1.0.6+5
  [49dc2e85] + Calculus v0.5.1
  [d360d2e6] + ChainRulesCore v0.9.24
  [523fee87] + CodecBzip2 v0.7.2
  [944b1d66] + CodecZlib v0.7.0
  [bbf7d656] + CommonSubexpressions v0.3.0
  [34da2185] + Compat v3.25.0
  [e66e0078] + CompilerSupportLibraries_jll v0.3.4+0
  [864edb3b] + DataStructures v0.18.8
  [163ba53b] + DiffResults v1.0.3
  [b552c78f] + DiffRules v1.0.2
  [f6369f11] + ForwardDiff v0.10.14
  [cd3eb016] + HTTP v0.9.2
  [d25df0c9] + Inflate v0.1.2
  [83e8ac13] + IniFile v0.5.0
  [692b3bcd] + JLLWrappers v1.2.0
  [682c06a0] + JSON v0.21.1
  [7d188eb4] + JSONSchema v0.3.3
  [4076af6c] + JuMP v0.21.5
  [c77a6b6f] + Kombinator v0.1.0
  [093fc24a] + LightGraphs v1.3.4
  [1914dd2f] + MacroTools v0.5.6
  [b8f27783] + MathOptInterface v0.9.19
  [739be429] + MbedTLS v1.0.3
  [c8ffd9c3] + MbedTLS_jll v2.16.8+1
  [46d2c3a1] + MuladdMacro v0.2.2
  [d8a4904e] + MutableArithmetics v0.2.13
  [77ba4419] + NaNMath v0.3.5
  [efe28fd5] + OpenSpecFun_jll v0.5.3+4
  [bac558e1] + OrderedCollections v1.3.2
  [69de0a69] + Parsers v1.0.15
  [699a6c99] + SimpleTraits v0.9.3
  [276daf66] + SpecialFunctions v1.2.1
  [90137ffa] + StaticArrays v1.0.1
  [3bb67fe8] + TranscodingStreams v0.9.5
  [5c2747f8] + URIs v1.1.0
  [a5390f91] + ZipFile v0.9.3
  [83775a58] + Zlib_jll v1.2.11+18
  [2a0f44e3] + Base64
  [ade2ca70] + Dates
  [8bb1440f] + DelimitedFiles
  [8ba89e20] + Distributed
  [b77e0a4c] + InteractiveUtils
  [76f85450] + LibGit2
  [8f399da3] + Libdl
  [37e2e46d] + LinearAlgebra
  [56ddb016] + Logging
  [d6f4376e] + Markdown
  [a63ad114] + Mmap
  [44cfe95a] + Pkg
  [de0858da] + Printf
  [3fa0cd96] + REPL
  [9a3f8284] + Random
  [ea8e919c] + SHA
  [9e88b42a] + Serialization
  [1a1011a3] + SharedArrays
  [6462fe0b] + Sockets
  [2f01184e] + SparseArrays
  [10745b16] + Statistics
  [8dfed614] + Test
  [cf7118a7] + UUIDs
  [4ec0a83e] + Unicode


################################################################################
# Testing: 2021-01-11T17:56:01.729
#

    Testing Kombinator
Status `/tmp/jl_2nh4ca/Project.toml`
  [864edb3b] DataStructures v0.18.8
  [4076af6c] JuMP v0.21.5
  [c77a6b6f] Kombinator v0.1.0
  [093fc24a] LightGraphs v1.3.4
  [37e2e46d] LinearAlgebra
  [8dfed614] Test
Status `/tmp/jl_2nh4ca/Manifest.toml`
  [ec485272] ArnoldiMethod v0.0.2
  [56f22d72] Artifacts v1.3.0
  [6e4b80f9] BenchmarkTools v0.5.0
  [6e34b625] Bzip2_jll v1.0.6+5
  [49dc2e85] Calculus v0.5.1
  [d360d2e6] ChainRulesCore v0.9.24
  [523fee87] CodecBzip2 v0.7.2
  [944b1d66] CodecZlib v0.7.0
  [bbf7d656] CommonSubexpressions v0.3.0
  [34da2185] Compat v3.25.0
  [e66e0078] CompilerSupportLibraries_jll v0.3.4+0
  [864edb3b] DataStructures v0.18.8
  [163ba53b] DiffResults v1.0.3
  [b552c78f] DiffRules v1.0.2
  [f6369f11] ForwardDiff v0.10.14
  [cd3eb016] HTTP v0.9.2
  [d25df0c9] Inflate v0.1.2
  [83e8ac13] IniFile v0.5.0
  [692b3bcd] JLLWrappers v1.2.0
  [682c06a0] JSON v0.21.1
  [7d188eb4] JSONSchema v0.3.3
  [4076af6c] JuMP v0.21.5
  [c77a6b6f] Kombinator v0.1.0
  [093fc24a] LightGraphs v1.3.4
  [1914dd2f] MacroTools v0.5.6
  [b8f27783] MathOptInterface v0.9.19
  [739be429] MbedTLS v1.0.3
  [c8ffd9c3] MbedTLS_jll v2.16.8+1
  [46d2c3a1] MuladdMacro v0.2.2
  [d8a4904e] MutableArithmetics v0.2.13
  [77ba4419] NaNMath v0.3.5
  [efe28fd5] OpenSpecFun_jll v0.5.3+4
  [bac558e1] OrderedCollections v1.3.2
  [69de0a69] Parsers v1.0.15
  [699a6c99] SimpleTraits v0.9.3
  [276daf66] SpecialFunctions v1.2.1
  [90137ffa] StaticArrays v1.0.1
  [3bb67fe8] TranscodingStreams v0.9.5
  [5c2747f8] URIs v1.1.0
  [a5390f91] ZipFile v0.9.3
  [83775a58] Zlib_jll v1.2.11+18
  [2a0f44e3] Base64
  [ade2ca70] Dates
  [8bb1440f] DelimitedFiles
  [8ba89e20] Distributed
  [b77e0a4c] InteractiveUtils
  [76f85450] LibGit2
  [8f399da3] Libdl
  [37e2e46d] LinearAlgebra
  [56ddb016] Logging
  [d6f4376e] Markdown
  [a63ad114] Mmap
  [44cfe95a] Pkg
  [de0858da] Printf
  [3fa0cd96] REPL
  [9a3f8284] Random
  [ea8e919c] SHA
  [9e88b42a] Serialization
  [1a1011a3] SharedArrays
  [6462fe0b] Sockets
  [2f01184e] SparseArrays
  [10745b16] Statistics
  [8dfed614] Test
  [cf7118a7] UUIDs
  [4ec0a83e] Unicode
Test Summary: |
Kombinator.jl | No tests
    Testing Kombinator tests passed 

PkgEval succeeded


################################################################################
# PkgEval teardown: 2021-01-11T17:56:05.069
CPU usage: 12.13s (9.29s user, 2.89s kernel)

Network usage:
- eth0: 6.271 MiB received, 227.874 KiB sent

Raw statistics: {"blkio_stats":{"io_queue_recursive":[],"io_serviced_recursive":[{"major":259,"value":0,"op":"Read","minor":0},{"major":259,"value":19,"op":"Write","minor":0},{"major":259,"value":14,"op":"Sync","minor":0},{"major":259,"value":5,"op":"Async","minor":0},{"major":259,"value":0,"op":"Discard","minor":0},{"major":259,"value":19,"op":"Total","minor":0},{"major":253,"value":0,"op":"Read","minor":2},{"major":253,"value":19,"op":"Write","minor":2},{"major":253,"value":14,"op":"Sync","minor":2},{"major":253,"value":5,"op":"Async","minor":2},{"major":253,"value":0,"op":"Discard","minor":2},{"major":253,"value":19,"op":"Total","minor":2}],"io_time_recursive":[],"sectors_recursive":[],"io_service_bytes_recursive":[{"major":259,"value":0,"op":"Read","minor":0},{"major":259,"value":94208,"op":"Write","minor":0},{"major":259,"value":57344,"op":"Sync","minor":0},{"major":259,"value":36864,"op":"Async","minor":0},{"major":259,"value":0,"op":"Discard","minor":0},{"major":259,"value":94208,"op":"Total","minor":0},{"major":253,"value":0,"op":"Read","minor":2},{"major":253,"value":94208,"op":"Write","minor":2},{"major":253,"value":57344,"op":"Sync","minor":2},{"major":253,"value":36864,"op":"Async","minor":2},{"major":253,"value":0,"op":"Discard","minor":2},{"major":253,"value":94208,"op":"Total","minor":2}],"io_wait_time_recursive":[],"io_merged_recursive":[],"io_service_time_recursive":[]},"memory_stats":{"usage":392278016,"max_usage":566292480,"stats":{"hierarchical_memory_limit":9223372036854771712,"pgmajfault":0,"total_rss":262549504,"inactive_file":135168,"inactive_anon":96239616,"total_pgfault":361812,"total_cache":97726464,"total_rss_huge":0,"total_active_anon":264118272,"total_pgmajfault":0,"pgpgin":205392,"rss_huge":0,"mapped_file":0,"total_inactive_file":135168,"dirty":135168,"total_unevictable":0,"total_dirty":135168,"writeback":0,"pgpgout":117451,"hierarchical_memsw_limit":0,"cache":97726464,"active_file":135168,"pgfault":361812,"total_mapped_file":0,"total_pgpgout":117451,"total_writeback":0,"rss":262549504,"unevictable":0,"total_inactive_anon":96239616,"total_pgpgin":205392,"active_anon":264118272,"total_active_file":135168},"limit":540965302272},"name":"/Kombinator-8DFBySJL","networks":{"eth0":{"rx_bytes":6575652,"rx_packets":1665,"tx_packets":1927,"tx_bytes":233343,"tx_dropped":0,"rx_dropped":1,"tx_errors":0,"rx_errors":0}},"id":"a930dcbb013497897ac94270f4c370b182452c22456c7c31ec012593fa4cd804","preread":"0001-01-01T00:00:00Z","storage_stats":{},"precpu_stats":{"throttling_data":{"throttled_periods":0,"throttled_time":0,"periods":0},"cpu_usage":{"usage_in_usermode":0,"usage_in_kernelmode":0,"total_usage":0}},"pids_stats":{"current":44},"num_procs":0,"cpu_stats":{"throttling_data":{"throttled_periods":0,"throttled_time":0,"periods":0},"system_cpu_usage":4328984314522419,"online_cpus":128,"cpu_usage":{"usage_in_usermode":9290000000,"usage_in_kernelmode":2890000000,"total_usage":12126661109,"percpu_usage":[0,0,0,0,0,0,0,0,0,0,0,0,0,0,0,0,12129715151,0,0,0,0,0,0,0,0,0,0,0,0,0,0,0,0,0,0,0,0,0,0,0,0,0,0,0,0,0,0,0,0,0,0,0,0,0,0,0,0,0,0,0,0,0,0,0,0,0,0,0,0,0,0,0,0,0,0,0,0,0,0,0,315070,0,0,0,0,0,0,0,0,0,0,0,0,0,0,0,0,0,0,0,0,0,0,0,0,0,0,0,0,0,0,0,0,0,0,0,0,0,0,0,0,0,0,0,0,0,0,0]}},"read":"2021-01-11T17:56:05.07122513Z"}