################################################################################
# PackageCompiler set-up: 2021-01-11T17:24:40.263
#

Julia Version 1.5.3
Commit 599f52c4c6 (2020-12-18 13:33 UTC)
Platform Info:
  OS: Linux (x86_64-linux-gnu)
  CPU: AMD EPYC 7502 32-Core Processor
  WORD_SIZE: 64
  LIBM: libopenlibm
  LLVM: libLLVM-9.0.1 (ORCJIT, znver2)
Environment:
  JULIA_PKGEVAL = true
  JULIA_PKG_PRECOMPILE_AUTO = 0



################################################################################
# Installation: 2021-01-11T17:24:41.978
#

 Installing known registries into `~/.julia`
#####################################################                     74.4%######################################################################## 100.0%
      Added registry `General` to `~/.julia/registries/General`
  Resolving package versions...
  Installed MbedTLS_jll ───── v2.16.8+1
  Installed Retry ─────────── v0.4.1
  Installed MbedTLS ───────── v1.0.3
  Installed Kuber ─────────── v0.4.0
  Installed HTTP ──────────── v0.8.19
  Installed JSON ──────────── v0.21.1
  Installed JLLWrappers ───── v1.2.0
  Installed PackageCompiler ─ v1.2.5
  Installed Parsers ───────── v1.0.15
  Installed Swagger ───────── v0.2.4
  Installed IniFile ───────── v0.5.0
  Installed Artifacts ─────── v1.3.0
Updating `~/.julia/environments/v1.5/Project.toml`
  [87e52247] + Kuber v0.4.0
  [9b87118b] + PackageCompiler v1.2.5
Updating `~/.julia/environments/v1.5/Manifest.toml`
  [56f22d72] + Artifacts v1.3.0
  [cd3eb016] + HTTP v0.8.19
  [83e8ac13] + IniFile v0.5.0
  [692b3bcd] + JLLWrappers v1.2.0
  [682c06a0] + JSON v0.21.1
  [87e52247] + Kuber v0.4.0
  [739be429] + MbedTLS v1.0.3
  [c8ffd9c3] + MbedTLS_jll v2.16.8+1
  [9b87118b] + PackageCompiler v1.2.5
  [69de0a69] + Parsers v1.0.15
  [20febd7b] + Retry v0.4.1
  [2d69052b] + Swagger v0.2.4
  [2a0f44e3] + Base64
  [ade2ca70] + Dates
  [8ba89e20] + Distributed
  [b77e0a4c] + InteractiveUtils
  [76f85450] + LibGit2
  [8f399da3] + Libdl
  [56ddb016] + Logging
  [d6f4376e] + Markdown
  [a63ad114] + Mmap
  [44cfe95a] + Pkg
  [de0858da] + Printf
  [3fa0cd96] + REPL
  [9a3f8284] + Random
  [ea8e919c] + SHA
  [9e88b42a] + Serialization
  [6462fe0b] + Sockets
  [8dfed614] + Test
  [cf7118a7] + UUIDs
  [4ec0a83e] + Unicode


################################################################################
# Compiling: 2021-01-11T17:24:48.258
#

[ Info: PackageCompiler: creating system image object file, this might take a while...
Generated system image is 181.492 MiB, compilation took 207 seconds


################################################################################
# PkgEval set-up: 2021-01-11T17:28:22.671
#

Julia Version 1.5.3
Commit 599f52c4c6 (2020-12-18 13:33 UTC)
Platform Info:
  OS: Linux (x86_64-linux-gnu)
  CPU: AMD EPYC 7502 32-Core Processor
  WORD_SIZE: 64
  LIBM: libopenlibm
  LLVM: libLLVM-9.0.1 (ORCJIT, znver2)
Environment:
  JULIA_PKGEVAL = true
  JULIA_PKG_PRECOMPILE_AUTO = 0

Base.julia_cmd() = `/usr/local/julia/bin/julia -Cnative -J/cache/Kuber-2ziLL7gv.so -g1`


################################################################################
# Installation: 2021-01-11T17:28:24.519
#

 Installing known registries into `~/.julia`
###########                                                               15.7%######################################################################## 100.0%
      Added registry `General` to `~/.julia/registries/General`
  Resolving package versions...
  Installed MbedTLS_jll ─ v2.16.8+1
  Installed Retry ─────── v0.4.1
  Installed MbedTLS ───── v1.0.3
  Installed Parsers ───── v1.0.15
  Installed Kuber ─────── v0.4.0
  Installed HTTP ──────── v0.8.19
  Installed JSON ──────── v0.21.1
  Installed JLLWrappers ─ v1.2.0
  Installed Swagger ───── v0.2.4
  Installed Artifacts ─── v1.3.0
  Installed IniFile ───── v0.5.0
Updating `~/.julia/environments/v1.5/Project.toml`
  [87e52247] + Kuber v0.4.0
Updating `~/.julia/environments/v1.5/Manifest.toml`
  [56f22d72] + Artifacts v1.3.0
  [cd3eb016] + HTTP v0.8.19
  [83e8ac13] + IniFile v0.5.0
  [692b3bcd] + JLLWrappers v1.2.0
  [682c06a0] + JSON v0.21.1
  [87e52247] + Kuber v0.4.0
  [739be429] + MbedTLS v1.0.3
  [c8ffd9c3] + MbedTLS_jll v2.16.8+1
  [69de0a69] + Parsers v1.0.15
  [20febd7b] + Retry v0.4.1
  [2d69052b] + Swagger v0.2.4
  [2a0f44e3] + Base64
  [ade2ca70] + Dates
  [8ba89e20] + Distributed
  [b77e0a4c] + InteractiveUtils
  [76f85450] + LibGit2
  [8f399da3] + Libdl
  [56ddb016] + Logging
  [d6f4376e] + Markdown
  [a63ad114] + Mmap
  [44cfe95a] + Pkg
  [de0858da] + Printf
  [3fa0cd96] + REPL
  [9a3f8284] + Random
  [ea8e919c] + SHA
  [9e88b42a] + Serialization
  [6462fe0b] + Sockets
  [8dfed614] + Test
  [cf7118a7] + UUIDs
  [4ec0a83e] + Unicode


################################################################################
# Testing: 2021-01-11T17:28:29.957
#

    Testing Kuber
Status `/tmp/jl_yobfs9/Project.toml`
  [cd3eb016] HTTP v0.8.19
  [682c06a0] JSON v0.21.1
  [87e52247] Kuber v0.4.0
  [20febd7b] Retry v0.4.1
  [2d69052b] Swagger v0.2.4
  [ade2ca70] Dates
  [9a3f8284] Random
  [8dfed614] Test
Status `/tmp/jl_yobfs9/Manifest.toml`
  [56f22d72] Artifacts v1.3.0
  [cd3eb016] HTTP v0.8.19
  [83e8ac13] IniFile v0.5.0
  [692b3bcd] JLLWrappers v1.2.0
  [682c06a0] JSON v0.21.1
  [87e52247] Kuber v0.4.0
  [739be429] MbedTLS v1.0.3
  [c8ffd9c3] MbedTLS_jll v2.16.8+1
  [69de0a69] Parsers v1.0.15
  [20febd7b] Retry v0.4.1
  [2d69052b] Swagger v0.2.4
  [2a0f44e3] Base64
  [ade2ca70] Dates
  [8ba89e20] Distributed
  [b77e0a4c] InteractiveUtils
  [76f85450] LibGit2
  [8f399da3] Libdl
  [56ddb016] Logging
  [d6f4376e] Markdown
  [a63ad114] Mmap
  [44cfe95a] Pkg
  [de0858da] Printf
  [3fa0cd96] REPL
  [9a3f8284] Random
  [ea8e919c] SHA
  [9e88b42a] Serialization
  [6462fe0b] Sockets
  [8dfed614] Test
  [cf7118a7] UUIDs
  [4ec0a83e] Unicode
    Testing Kuber tests passed 

PkgEval succeeded


################################################################################
# PkgEval teardown: 2021-01-11T17:28:33.04
CPU usage: 10.85s (8.28s user, 2.61s kernel)

Network usage:
- eth0: 3.593 MiB received, 80.724 KiB sent

Raw statistics: {"blkio_stats":{"io_queue_recursive":[],"io_serviced_recursive":[{"major":259,"value":0,"op":"Read","minor":0},{"major":259,"value":19,"op":"Write","minor":0},{"major":259,"value":14,"op":"Sync","minor":0},{"major":259,"value":5,"op":"Async","minor":0},{"major":259,"value":0,"op":"Discard","minor":0},{"major":259,"value":19,"op":"Total","minor":0},{"major":253,"value":0,"op":"Read","minor":2},{"major":253,"value":19,"op":"Write","minor":2},{"major":253,"value":14,"op":"Sync","minor":2},{"major":253,"value":5,"op":"Async","minor":2},{"major":253,"value":0,"op":"Discard","minor":2},{"major":253,"value":19,"op":"Total","minor":2}],"io_time_recursive":[],"sectors_recursive":[],"io_service_bytes_recursive":[{"major":259,"value":0,"op":"Read","minor":0},{"major":259,"value":77824,"op":"Write","minor":0},{"major":259,"value":57344,"op":"Sync","minor":0},{"major":259,"value":20480,"op":"Async","minor":0},{"major":259,"value":0,"op":"Discard","minor":0},{"major":259,"value":77824,"op":"Total","minor":0},{"major":253,"value":0,"op":"Read","minor":2},{"major":253,"value":77824,"op":"Write","minor":2},{"major":253,"value":57344,"op":"Sync","minor":2},{"major":253,"value":20480,"op":"Async","minor":2},{"major":253,"value":0,"op":"Discard","minor":2},{"major":253,"value":77824,"op":"Total","minor":2}],"io_wait_time_recursive":[],"io_merged_recursive":[],"io_service_time_recursive":[]},"memory_stats":{"usage":369319936,"max_usage":542265344,"stats":{"hierarchical_memory_limit":9223372036854771712,"pgmajfault":0,"total_rss":242925568,"inactive_file":135168,"inactive_anon":92995584,"total_pgfault":331452,"total_cache":94855168,"total_rss_huge":0,"total_active_anon":243707904,"total_pgmajfault":0,"pgpgin":199023,"rss_huge":0,"mapped_file":0,"total_inactive_file":135168,"dirty":135168,"total_unevictable":0,"total_dirty":135168,"writeback":0,"pgpgout":116556,"hierarchical_memsw_limit":0,"cache":94855168,"active_file":1216512,"pgfault":331452,"total_mapped_file":0,"total_pgpgout":116556,"total_writeback":0,"rss":242925568,"unevictable":0,"total_inactive_anon":92995584,"total_pgpgin":199023,"active_anon":243707904,"total_active_file":1216512},"limit":540965302272},"name":"/Kuber-EYq1Mpra","networks":{"eth0":{"rx_bytes":3767214,"rx_packets":711,"tx_packets":743,"tx_bytes":82661,"tx_dropped":0,"rx_dropped":1,"tx_errors":0,"rx_errors":0}},"id":"4f10fbca81d6127eb0b65ba7d1701dbb6ec75887167f2635b2edcf520e75e53b","preread":"0001-01-01T00:00:00Z","storage_stats":{},"precpu_stats":{"throttling_data":{"throttled_periods":0,"throttled_time":0,"periods":0},"cpu_usage":{"usage_in_usermode":0,"usage_in_kernelmode":0,"total_usage":0}},"pids_stats":{"current":44},"num_procs":0,"cpu_stats":{"throttling_data":{"throttled_periods":0,"throttled_time":0,"periods":0},"system_cpu_usage":4117964174522419,"online_cpus":128,"cpu_usage":{"usage_in_usermode":8280000000,"usage_in_kernelmode":2610000000,"total_usage":10854433469,"percpu_usage":[0,0,0,0,0,0,0,0,0,0,0,0,0,0,0,0,0,0,0,0,0,0,0,10853663389,0,0,0,0,0,0,0,0,0,0,0,0,0,0,0,0,0,0,0,0,0,0,0,0,0,0,0,0,0,0,0,0,0,0,0,0,0,0,0,0,0,0,0,0,0,0,0,0,0,0,0,0,0,0,0,0,0,0,0,0,2880,686400,80800,0,0,0,0,0,0,0,0,0,0,0,0,0,0,0,0,0,0,0,0,0,0,0,0,0,0,0,0,0,0,0,0,0,0,0,0,0,0,0,0,0]}},"read":"2021-01-11T17:28:33.042938118Z"}