################################################################################
# PackageCompiler set-up: 2021-01-11T19:50:06.112
#

Julia Version 1.5.3
Commit 599f52c4c6 (2020-12-18 13:33 UTC)
Platform Info:
  OS: Linux (x86_64-linux-gnu)
  CPU: AMD EPYC 7502 32-Core Processor
  WORD_SIZE: 64
  LIBM: libopenlibm
  LLVM: libLLVM-9.0.1 (ORCJIT, znver2)
Environment:
  JULIA_PKGEVAL = true
  JULIA_PKG_PRECOMPILE_AUTO = 0



################################################################################
# Installation: 2021-01-11T19:50:07.89
#

 Installing known registries into `~/.julia`
###################                                                       27.7%######################################################################## 100.0%
      Added registry `General` to `~/.julia/registries/General`
  Resolving package versions...
  Installed CompilerSupportLibraries_jll ─ v0.3.4+0
  Installed FixedPointNumbers ──────────── v0.8.4
  Installed LaplaceBIE ─────────────────── v0.1.0
  Installed SpecialFunctions ───────────── v1.2.1
  Installed GeometryTypes ──────────────── v0.8.4
  Installed JLLWrappers ────────────────── v1.2.0
  Installed PackageCompiler ────────────── v1.2.5
  Installed ChainRulesCore ─────────────── v0.9.24
  Installed FastGaussQuadrature ────────── v0.4.5
  Installed MuladdMacro ────────────────── v0.2.2
  Installed SurfaceTopology ────────────── v0.1.0
  Installed OpenSpecFun_jll ────────────── v0.5.3+4
  Installed StaticArrays ───────────────── v1.0.1
  Installed ColorTypes ─────────────────── v0.10.9
  Installed Artifacts ──────────────────── v1.3.0
Updating `~/.julia/environments/v1.5/Project.toml`
  [25f206ee] + LaplaceBIE v0.1.0
  [9b87118b] + PackageCompiler v1.2.5
Updating `~/.julia/environments/v1.5/Manifest.toml`
  [56f22d72] + Artifacts v1.3.0
  [d360d2e6] + ChainRulesCore v0.9.24
  [3da002f7] + ColorTypes v0.10.9
  [e66e0078] + CompilerSupportLibraries_jll v0.3.4+0
  [442a2c76] + FastGaussQuadrature v0.4.5
  [53c48c17] + FixedPointNumbers v0.8.4
  [4d00f742] + GeometryTypes v0.8.4
  [692b3bcd] + JLLWrappers v1.2.0
  [25f206ee] + LaplaceBIE v0.1.0
  [46d2c3a1] + MuladdMacro v0.2.2
  [efe28fd5] + OpenSpecFun_jll v0.5.3+4
  [9b87118b] + PackageCompiler v1.2.5
  [276daf66] + SpecialFunctions v1.2.1
  [90137ffa] + StaticArrays v1.0.1
  [1db0cb78] + SurfaceTopology v0.1.0
  [2a0f44e3] + Base64
  [ade2ca70] + Dates
  [b77e0a4c] + InteractiveUtils
  [76f85450] + LibGit2
  [8f399da3] + Libdl
  [37e2e46d] + LinearAlgebra
  [56ddb016] + Logging
  [d6f4376e] + Markdown
  [44cfe95a] + Pkg
  [de0858da] + Printf
  [3fa0cd96] + REPL
  [9a3f8284] + Random
  [ea8e919c] + SHA
  [9e88b42a] + Serialization
  [6462fe0b] + Sockets
  [2f01184e] + SparseArrays
  [10745b16] + Statistics
  [cf7118a7] + UUIDs
  [4ec0a83e] + Unicode


################################################################################
# Compiling: 2021-01-11T19:50:14.043
#

[ Info: PackageCompiler: creating system image object file, this might take a while...
Generated system image is 169.817 MiB, compilation took 233 seconds


################################################################################
# PkgEval set-up: 2021-01-11T19:54:15.2
#

Julia Version 1.5.3
Commit 599f52c4c6 (2020-12-18 13:33 UTC)
Platform Info:
  OS: Linux (x86_64-linux-gnu)
  CPU: AMD EPYC 7502 32-Core Processor
  WORD_SIZE: 64
  LIBM: libopenlibm
  LLVM: libLLVM-9.0.1 (ORCJIT, znver2)
Environment:
  JULIA_PKGEVAL = true
  JULIA_PKG_PRECOMPILE_AUTO = 0

Base.julia_cmd() = `/usr/local/julia/bin/julia -Cnative -J/cache/LaplaceBIE-NlLBircx.so -g1`


################################################################################
# Installation: 2021-01-11T19:54:16.768
#

 Installing known registries into `~/.julia`
######################################################################## 100.0%
      Added registry `General` to `~/.julia/registries/General`
  Resolving package versions...
  Installed CompilerSupportLibraries_jll ─ v0.3.4+0
  Installed MuladdMacro ────────────────── v0.2.2
  Installed FixedPointNumbers ──────────── v0.8.4
  Installed SpecialFunctions ───────────── v1.2.1
  Installed LaplaceBIE ─────────────────── v0.1.0
  Installed GeometryTypes ──────────────── v0.8.4
  Installed ChainRulesCore ─────────────── v0.9.24
  Installed JLLWrappers ────────────────── v1.2.0
  Installed FastGaussQuadrature ────────── v0.4.5
  Installed SurfaceTopology ────────────── v0.1.0
  Installed OpenSpecFun_jll ────────────── v0.5.3+4
  Installed StaticArrays ───────────────── v1.0.1
  Installed Artifacts ──────────────────── v1.3.0
  Installed ColorTypes ─────────────────── v0.10.9
Updating `~/.julia/environments/v1.5/Project.toml`
  [25f206ee] + LaplaceBIE v0.1.0
Updating `~/.julia/environments/v1.5/Manifest.toml`
  [56f22d72] + Artifacts v1.3.0
  [d360d2e6] + ChainRulesCore v0.9.24
  [3da002f7] + ColorTypes v0.10.9
  [e66e0078] + CompilerSupportLibraries_jll v0.3.4+0
  [442a2c76] + FastGaussQuadrature v0.4.5
  [53c48c17] + FixedPointNumbers v0.8.4
  [4d00f742] + GeometryTypes v0.8.4
  [692b3bcd] + JLLWrappers v1.2.0
  [25f206ee] + LaplaceBIE v0.1.0
  [46d2c3a1] + MuladdMacro v0.2.2
  [efe28fd5] + OpenSpecFun_jll v0.5.3+4
  [276daf66] + SpecialFunctions v1.2.1
  [90137ffa] + StaticArrays v1.0.1
  [1db0cb78] + SurfaceTopology v0.1.0
  [2a0f44e3] + Base64
  [ade2ca70] + Dates
  [b77e0a4c] + InteractiveUtils
  [76f85450] + LibGit2
  [8f399da3] + Libdl
  [37e2e46d] + LinearAlgebra
  [56ddb016] + Logging
  [d6f4376e] + Markdown
  [44cfe95a] + Pkg
  [de0858da] + Printf
  [3fa0cd96] + REPL
  [9a3f8284] + Random
  [ea8e919c] + SHA
  [9e88b42a] + Serialization
  [6462fe0b] + Sockets
  [2f01184e] + SparseArrays
  [10745b16] + Statistics
  [cf7118a7] + UUIDs
  [4ec0a83e] + Unicode


################################################################################
# Testing: 2021-01-11T19:54:22.535
#

    Testing LaplaceBIE
Status `/tmp/jl_JMjlbb/Project.toml`
  [442a2c76] FastGaussQuadrature v0.4.5
  [4d00f742] GeometryTypes v0.8.4
  [25f206ee] LaplaceBIE v0.1.0
  [1db0cb78] SurfaceTopology v0.1.0
  [37e2e46d] LinearAlgebra
Status `/tmp/jl_JMjlbb/Manifest.toml`
  [56f22d72] Artifacts v1.3.0
  [d360d2e6] ChainRulesCore v0.9.24
  [3da002f7] ColorTypes v0.10.9
  [e66e0078] CompilerSupportLibraries_jll v0.3.4+0
  [442a2c76] FastGaussQuadrature v0.4.5
  [53c48c17] FixedPointNumbers v0.8.4
  [4d00f742] GeometryTypes v0.8.4
  [692b3bcd] JLLWrappers v1.2.0
  [25f206ee] LaplaceBIE v0.1.0
  [46d2c3a1] MuladdMacro v0.2.2
  [efe28fd5] OpenSpecFun_jll v0.5.3+4
  [276daf66] SpecialFunctions v1.2.1
  [90137ffa] StaticArrays v1.0.1
  [1db0cb78] SurfaceTopology v0.1.0
  [2a0f44e3] Base64
  [ade2ca70] Dates
  [b77e0a4c] InteractiveUtils
  [76f85450] LibGit2
  [8f399da3] Libdl
  [37e2e46d] LinearAlgebra
  [56ddb016] Logging
  [d6f4376e] Markdown
  [44cfe95a] Pkg
  [de0858da] Printf
  [3fa0cd96] REPL
  [9a3f8284] Random
  [ea8e919c] SHA
  [9e88b42a] Serialization
  [6462fe0b] Sockets
  [2f01184e] SparseArrays
  [10745b16] Statistics
  [cf7118a7] UUIDs
  [4ec0a83e] Unicode
[ Info: Testing interface
ERROR: LoadError: UndefVarError: fieldenergy not defined
Stacktrace:
 [1] top-level scope at /home/user/.julia/packages/LaplaceBIE/ZFsKi/test/runtests.jl:31
 [2] include(::String) at ./client.jl:457
 [3] top-level scope at none:6
in expression starting at /home/user/.julia/packages/LaplaceBIE/ZFsKi/test/runtests.jl:31

PkgEval failed: Package LaplaceBIE errored during testing
Stacktrace:
 [1] pkgerror(::String) at /workspace/srcdir/usr/share/julia/stdlib/v1.5/Pkg/src/Types.jl:52
 [2] test(::Pkg.Types.Context, ::Array{Pkg.Types.PackageSpec,1}; coverage::Bool, julia_args::Cmd, test_args::Cmd, test_fn::Nothing) at /workspace/srcdir/usr/share/julia/stdlib/v1.5/Pkg/src/Operations.jl:1578
 [3] test(::Pkg.Types.Context, ::Array{Pkg.Types.PackageSpec,1}; coverage::Bool, test_fn::Nothing, julia_args::Cmd, test_args::Cmd, kwargs::Base.Iterators.Pairs{Union{},Union{},Tuple{},NamedTuple{(),Tuple{}}}) at /workspace/srcdir/usr/share/julia/stdlib/v1.5/Pkg/src/API.jl:327
 [4] test(::Pkg.Types.Context, ::Array{Pkg.Types.PackageSpec,1}) at /workspace/srcdir/usr/share/julia/stdlib/v1.5/Pkg/src/API.jl:314
 [5] #test#61 at /workspace/srcdir/usr/share/julia/stdlib/v1.5/Pkg/src/API.jl:67 [inlined]
 [6] test at /workspace/srcdir/usr/share/julia/stdlib/v1.5/Pkg/src/API.jl:67 [inlined]
 [7] #test#60 at /workspace/srcdir/usr/share/julia/stdlib/v1.5/Pkg/src/API.jl:66 [inlined]
 [8] test at /workspace/srcdir/usr/share/julia/stdlib/v1.5/Pkg/src/API.jl:66 [inlined]
 [9] test(::String; kwargs::Base.Iterators.Pairs{Union{},Union{},Tuple{},NamedTuple{(),Tuple{}}}) at /workspace/srcdir/usr/share/julia/stdlib/v1.5/Pkg/src/API.jl:65
 [10] test(::String) at /workspace/srcdir/usr/share/julia/stdlib/v1.5/Pkg/src/API.jl:65
 [11] top-level scope at none:22
 [12] eval at ./boot.jl:331 [inlined]
 [13] eval(::Expr) at ./client.jl:467
 [14] top-level scope at none:1
 [15] eval(::Module, ::Any) at ./boot.jl:331
 [16] exec_options(::Base.JLOptions) at ./client.jl:272
 [17] _start() at ./client.jl:506


################################################################################
# PkgEval teardown: 2021-01-11T19:54:34.316
CPU usage: 19.40s (16.63s user, 2.82s kernel)

Network usage:
- eth0: 6.892 MiB received, 105.511 KiB sent

Raw statistics: {"blkio_stats":{"io_queue_recursive":[],"io_serviced_recursive":[{"major":259,"value":0,"op":"Read","minor":0},{"major":259,"value":19,"op":"Write","minor":0},{"major":259,"value":14,"op":"Sync","minor":0},{"major":259,"value":5,"op":"Async","minor":0},{"major":259,"value":0,"op":"Discard","minor":0},{"major":259,"value":19,"op":"Total","minor":0},{"major":253,"value":0,"op":"Read","minor":2},{"major":253,"value":19,"op":"Write","minor":2},{"major":253,"value":14,"op":"Sync","minor":2},{"major":253,"value":5,"op":"Async","minor":2},{"major":253,"value":0,"op":"Discard","minor":2},{"major":253,"value":19,"op":"Total","minor":2}],"io_time_recursive":[],"sectors_recursive":[],"io_service_bytes_recursive":[{"major":259,"value":0,"op":"Read","minor":0},{"major":259,"value":86016,"op":"Write","minor":0},{"major":259,"value":57344,"op":"Sync","minor":0},{"major":259,"value":28672,"op":"Async","minor":0},{"major":259,"value":0,"op":"Discard","minor":0},{"major":259,"value":86016,"op":"Total","minor":0},{"major":253,"value":0,"op":"Read","minor":2},{"major":253,"value":86016,"op":"Write","minor":2},{"major":253,"value":57344,"op":"Sync","minor":2},{"major":253,"value":28672,"op":"Async","minor":2},{"major":253,"value":0,"op":"Discard","minor":2},{"major":253,"value":86016,"op":"Total","minor":2}],"io_wait_time_recursive":[],"io_merged_recursive":[],"io_service_time_recursive":[]},"memory_stats":{"usage":329547776,"max_usage":583364608,"stats":{"hierarchical_memory_limit":9223372036854771712,"pgmajfault":0,"total_rss":207798272,"inactive_file":135168,"inactive_anon":87183360,"total_pgfault":334587,"total_cache":90718208,"total_rss_huge":0,"total_active_anon":208699392,"total_pgmajfault":0,"pgpgin":206052,"rss_huge":0,"mapped_file":0,"total_inactive_file":135168,"dirty":811008,"total_unevictable":0,"total_dirty":811008,"writeback":0,"pgpgout":133127,"hierarchical_memsw_limit":0,"cache":90718208,"active_file":2703360,"pgfault":334587,"total_mapped_file":0,"total_pgpgout":133127,"total_writeback":0,"rss":207798272,"unevictable":0,"total_inactive_anon":87183360,"total_pgpgin":206052,"active_anon":208699392,"total_active_file":2703360},"limit":540965302272},"name":"/LaplaceBIE-zE2dYiqJ","networks":{"eth0":{"rx_bytes":7227115,"rx_packets":956,"tx_packets":994,"tx_bytes":108043,"tx_dropped":0,"rx_dropped":1,"tx_errors":0,"rx_errors":0}},"id":"b7f7c951b955142ea0d4007285476f3516d2b1615c9ac970acef673639ac1d49","preread":"0001-01-01T00:00:00Z","storage_stats":{},"precpu_stats":{"throttling_data":{"throttled_periods":0,"throttled_time":0,"periods":0},"cpu_usage":{"usage_in_usermode":0,"usage_in_kernelmode":0,"total_usage":0}},"pids_stats":{"current":44},"num_procs":0,"cpu_stats":{"throttling_data":{"throttled_periods":0,"throttled_time":0,"periods":0},"system_cpu_usage":5237660604522419,"online_cpus":128,"cpu_usage":{"usage_in_usermode":16630000000,"usage_in_kernelmode":2820000000,"total_usage":19399172462,"percpu_usage":[0,0,0,0,0,0,0,0,0,0,0,0,0,0,0,0,0,0,0,0,0,0,0,19399172462,0,0,0,0,0,0,0,0,0,0,0,0,0,0,0,0,0,0,0,0,0,0,0,0,0,0,0,0,0,0,0,0,0,0,0,0,0,0,0,0,0,0,0,0,0,0,0,0,0,0,0,0,0,0,0,0,0,0,0,0,0,0,0,0,0,0,0,0,0,0,0,0,0,0,0,0,0,0,0,0,0,0,0,0,0,0,0,0,0,0,0,0,0,0,0,0,0,0,0,0,0,0,0,0]}},"read":"2021-01-11T19:54:34.869650138Z"}