################################################################################
# PackageCompiler set-up: 2021-01-11T23:52:50.377
#

Julia Version 1.5.3
Commit 599f52c4c6 (2020-12-18 13:33 UTC)
Platform Info:
  OS: Linux (x86_64-linux-gnu)
  CPU: AMD EPYC 7502 32-Core Processor
  WORD_SIZE: 64
  LIBM: libopenlibm
  LLVM: libLLVM-9.0.1 (ORCJIT, znver2)
Environment:
  JULIA_PKGEVAL = true
  JULIA_PKG_PRECOMPILE_AUTO = 0



################################################################################
# Installation: 2021-01-11T23:52:52.07
#

 Installing known registries into `~/.julia`
######################################################################## 100.0%
      Added registry `General` to `~/.julia/registries/General`
  Resolving package versions...
  Installed LASindex ──────── v0.1.0
  Installed FileIO ────────── v1.4.5
  Installed IterTools ─────── v1.3.0
  Installed RegionTrees ───── v0.3.1
  Installed StaticArrays ──── v0.12.5
  Installed PackageCompiler ─ v1.2.5
Updating `~/.julia/environments/v1.5/Project.toml`
  [f5cc2397] + LASindex v0.1.0
  [9b87118b] + PackageCompiler v1.2.5
Updating `~/.julia/environments/v1.5/Manifest.toml`
  [5789e2e9] + FileIO v1.4.5
  [c8e1da08] + IterTools v1.3.0
  [f5cc2397] + LASindex v0.1.0
  [9b87118b] + PackageCompiler v1.2.5
  [dee08c22] + RegionTrees v0.3.1
  [90137ffa] + StaticArrays v0.12.5
  [2a0f44e3] + Base64
  [ade2ca70] + Dates
  [b77e0a4c] + InteractiveUtils
  [76f85450] + LibGit2
  [8f399da3] + Libdl
  [37e2e46d] + LinearAlgebra
  [56ddb016] + Logging
  [d6f4376e] + Markdown
  [44cfe95a] + Pkg
  [de0858da] + Printf
  [3fa0cd96] + REPL
  [9a3f8284] + Random
  [ea8e919c] + SHA
  [9e88b42a] + Serialization
  [6462fe0b] + Sockets
  [2f01184e] + SparseArrays
  [10745b16] + Statistics
  [cf7118a7] + UUIDs
  [4ec0a83e] + Unicode


################################################################################
# Compiling: 2021-01-11T23:52:57.385
#

[ Info: PackageCompiler: creating system image object file, this might take a while...
Generated system image is 155.202 MiB, compilation took 183 seconds


################################################################################
# PkgEval set-up: 2021-01-11T23:56:07.674
#

Julia Version 1.5.3
Commit 599f52c4c6 (2020-12-18 13:33 UTC)
Platform Info:
  OS: Linux (x86_64-linux-gnu)
  CPU: AMD EPYC 7502 32-Core Processor
  WORD_SIZE: 64
  LIBM: libopenlibm
  LLVM: libLLVM-9.0.1 (ORCJIT, znver2)
Environment:
  JULIA_PKGEVAL = true
  JULIA_PKG_PRECOMPILE_AUTO = 0

Base.julia_cmd() = `/usr/local/julia/bin/julia -Cnative -J/cache/LASindex-K58nM1Ue.so -g1`


################################################################################
# Installation: 2021-01-11T23:56:09.195
#

 Installing known registries into `~/.julia`
######################################################################## 100.0%
      Added registry `General` to `~/.julia/registries/General`
  Resolving package versions...
  Installed LASindex ───── v0.1.0
  Installed FileIO ─────── v1.4.5
  Installed IterTools ──── v1.3.0
  Installed RegionTrees ── v0.3.1
  Installed StaticArrays ─ v0.12.5
Updating `~/.julia/environments/v1.5/Project.toml`
  [f5cc2397] + LASindex v0.1.0
Updating `~/.julia/environments/v1.5/Manifest.toml`
  [5789e2e9] + FileIO v1.4.5
  [c8e1da08] + IterTools v1.3.0
  [f5cc2397] + LASindex v0.1.0
  [dee08c22] + RegionTrees v0.3.1
  [90137ffa] + StaticArrays v0.12.5
  [2a0f44e3] + Base64
  [ade2ca70] + Dates
  [b77e0a4c] + InteractiveUtils
  [76f85450] + LibGit2
  [8f399da3] + Libdl
  [37e2e46d] + LinearAlgebra
  [56ddb016] + Logging
  [d6f4376e] + Markdown
  [44cfe95a] + Pkg
  [de0858da] + Printf
  [3fa0cd96] + REPL
  [9a3f8284] + Random
  [ea8e919c] + SHA
  [9e88b42a] + Serialization
  [6462fe0b] + Sockets
  [2f01184e] + SparseArrays
  [10745b16] + Statistics
  [cf7118a7] + UUIDs
  [4ec0a83e] + Unicode


################################################################################
# Testing: 2021-01-11T23:56:13.484
#

    Testing LASindex
Status `/tmp/jl_cggMS9/Project.toml`
  [5789e2e9] FileIO v1.4.5
  [f5cc2397] LASindex v0.1.0
  [dee08c22] RegionTrees v0.3.1
  [90137ffa] StaticArrays v0.12.5
  [8dfed614] Test
Status `/tmp/jl_cggMS9/Manifest.toml`
  [5789e2e9] FileIO v1.4.5
  [c8e1da08] IterTools v1.3.0
  [f5cc2397] LASindex v0.1.0
  [dee08c22] RegionTrees v0.3.1
  [90137ffa] StaticArrays v0.12.5
  [2a0f44e3] Base64
  [ade2ca70] Dates
  [8ba89e20] Distributed
  [b77e0a4c] InteractiveUtils
  [76f85450] LibGit2
  [8f399da3] Libdl
  [37e2e46d] LinearAlgebra
  [56ddb016] Logging
  [d6f4376e] Markdown
  [44cfe95a] Pkg
  [de0858da] Printf
  [3fa0cd96] REPL
  [9a3f8284] Random
  [ea8e919c] SHA
  [9e88b42a] Serialization
  [6462fe0b] Sockets
  [2f01184e] SparseArrays
  [10745b16] Statistics
  [8dfed614] Test
  [cf7118a7] UUIDs
  [4ec0a83e] Unicode
[ Info: Processed /home/user/.julia/packages/LASindex/18KWG/sample/Palm Beach Post Hurricane.lax with 1924631 points.
    Testing LASindex tests passed 

PkgEval succeeded


################################################################################
# PkgEval teardown: 2021-01-11T23:56:18.941
CPU usage: 11.68s (9.27s user, 2.42s kernel)

Network usage:
- eth0: 3.268 MiB received, 50.379 KiB sent

Raw statistics: {"blkio_stats":{"io_queue_recursive":[],"io_serviced_recursive":[{"major":259,"value":0,"op":"Read","minor":0},{"major":259,"value":19,"op":"Write","minor":0},{"major":259,"value":14,"op":"Sync","minor":0},{"major":259,"value":5,"op":"Async","minor":0},{"major":259,"value":0,"op":"Discard","minor":0},{"major":259,"value":19,"op":"Total","minor":0},{"major":253,"value":0,"op":"Read","minor":2},{"major":253,"value":19,"op":"Write","minor":2},{"major":253,"value":14,"op":"Sync","minor":2},{"major":253,"value":5,"op":"Async","minor":2},{"major":253,"value":0,"op":"Discard","minor":2},{"major":253,"value":19,"op":"Total","minor":2}],"io_time_recursive":[],"sectors_recursive":[],"io_service_bytes_recursive":[{"major":259,"value":0,"op":"Read","minor":0},{"major":259,"value":77824,"op":"Write","minor":0},{"major":259,"value":57344,"op":"Sync","minor":0},{"major":259,"value":20480,"op":"Async","minor":0},{"major":259,"value":0,"op":"Discard","minor":0},{"major":259,"value":77824,"op":"Total","minor":0},{"major":253,"value":0,"op":"Read","minor":2},{"major":253,"value":77824,"op":"Write","minor":2},{"major":253,"value":57344,"op":"Sync","minor":2},{"major":253,"value":20480,"op":"Async","minor":2},{"major":253,"value":0,"op":"Discard","minor":2},{"major":253,"value":77824,"op":"Total","minor":2}],"io_wait_time_recursive":[],"io_merged_recursive":[],"io_service_time_recursive":[]},"memory_stats":{"usage":326094848,"max_usage":513495040,"stats":{"hierarchical_memory_limit":9223372036854771712,"pgmajfault":0,"total_rss":213422080,"inactive_file":135168,"inactive_anon":82317312,"total_pgfault":248523,"total_cache":83062784,"total_rss_huge":0,"total_active_anon":213970944,"total_pgmajfault":0,"pgpgin":173151,"rss_huge":0,"mapped_file":0,"total_inactive_file":135168,"dirty":135168,"total_unevictable":0,"total_dirty":135168,"writeback":0,"pgpgout":100800,"hierarchical_memsw_limit":0,"cache":83062784,"active_file":135168,"pgfault":248523,"total_mapped_file":0,"total_pgpgout":100800,"total_writeback":0,"rss":213422080,"unevictable":0,"total_inactive_anon":82317312,"total_pgpgin":173151,"active_anon":213970944,"total_active_file":135168},"limit":540965302272},"name":"/LASindex-tj6cMerh","networks":{"eth0":{"rx_bytes":3426942,"rx_packets":477,"tx_packets":493,"tx_bytes":51588,"tx_dropped":0,"rx_dropped":1,"tx_errors":0,"rx_errors":0}},"id":"a2270ef10d79d3391d9ef33c0e65d6184f1b856aa80c11dee4a176123aed24d4","preread":"0001-01-01T00:00:00Z","storage_stats":{},"precpu_stats":{"throttling_data":{"throttled_periods":0,"throttled_time":0,"periods":0},"cpu_usage":{"usage_in_usermode":0,"usage_in_kernelmode":0,"total_usage":0}},"pids_stats":{"current":44},"num_procs":0,"cpu_stats":{"throttling_data":{"throttled_periods":0,"throttled_time":0,"periods":0},"system_cpu_usage":7090941764522419,"online_cpus":128,"cpu_usage":{"usage_in_usermode":9270000000,"usage_in_kernelmode":2420000000,"total_usage":11679012408,"percpu_usage":[0,0,0,0,0,0,0,0,0,0,0,0,0,0,0,0,0,0,0,0,0,0,0,0,0,0,0,0,0,0,0,0,0,0,0,0,0,0,0,0,0,0,0,0,0,0,0,0,0,0,0,0,11679007278,0,0,0,0,0,0,0,0,0,0,0,0,0,0,0,0,0,0,0,0,0,0,0,0,0,0,0,0,0,0,0,0,0,0,0,0,0,0,0,0,0,0,0,0,0,0,0,0,0,0,0,0,0,0,0,0,0,0,0,0,0,0,0,5130,0,0,0,0,0,0,0,0,0,0,0]}},"read":"2021-01-11T23:56:18.943877122Z"}