################################################################################
# PkgEval set-up: 2021-01-11T17:19:54.837
#

Julia Version 1.5.3
Commit 599f52c4c6 (2020-12-18 13:33 UTC)
Platform Info:
  OS: Linux (x86_64-linux-gnu)
  CPU: AMD EPYC 7502 32-Core Processor
  WORD_SIZE: 64
  LIBM: libopenlibm
  LLVM: libLLVM-9.0.1 (ORCJIT, znver2)
Environment:
  JULIA_PKG_PRECOMPILE_AUTO = 0
  JULIA_PKGEVAL = true

Base.julia_cmd() = `/opt/julia/bin/julia -Cnative -J/opt/julia/lib/julia/sys.so -g1`


################################################################################
# Installation: 2021-01-11T17:19:56.654
#

 Installing known registries into `~/.julia`
############################################################              84.4%######################################################################## 100.0%
      Added registry `General` to `~/.julia/registries/General`
  Resolving package versions...
  Installed Formatting ─── v0.4.2
  Installed Requires ───── v1.1.2
  Installed Latexify ───── v0.14.7
  Installed MacroTools ─── v0.5.6
  Installed LaTeXStrings ─ v1.2.0
Updating `~/.julia/environments/v1.5/Project.toml`
  [23fbe1c1] + Latexify v0.14.7
Updating `~/.julia/environments/v1.5/Manifest.toml`
  [59287772] + Formatting v0.4.2
  [b964fa9f] + LaTeXStrings v1.2.0
  [23fbe1c1] + Latexify v0.14.7
  [1914dd2f] + MacroTools v0.5.6
  [ae029012] + Requires v1.1.2
  [2a0f44e3] + Base64
  [b77e0a4c] + InteractiveUtils
  [d6f4376e] + Markdown
  [de0858da] + Printf
  [9a3f8284] + Random
  [ea8e919c] + SHA
  [9e88b42a] + Serialization
  [cf7118a7] + UUIDs
  [4ec0a83e] + Unicode


################################################################################
# Testing: 2021-01-11T17:20:01.625
#

    Testing Latexify
Status `/tmp/jl_FCcja2/Project.toml`
  [a93c6f00] DataFrames v0.22.2
  [59287772] Formatting v0.4.2
  [b964fa9f] LaTeXStrings v1.2.0
  [23fbe1c1] Latexify v0.14.7
  [1914dd2f] MacroTools v0.5.6
  [e1d29d7a] Missings v0.4.4
  [ae029012] Requires v1.1.2
  [b77e0a4c] InteractiveUtils
  [d6f4376e] Markdown
  [de0858da] Printf
  [8dfed614] Test
Status `/tmp/jl_FCcja2/Manifest.toml`
  [324d7699] CategoricalArrays v0.9.0
  [34da2185] Compat v3.25.0
  [a8cc5b0e] Crayons v4.0.4
  [9a962f9c] DataAPI v1.4.0
  [a93c6f00] DataFrames v0.22.2
  [864edb3b] DataStructures v0.18.8
  [e2d170a0] DataValueInterfaces v1.0.0
  [59287772] Formatting v0.4.2
  [41ab1584] InvertedIndices v1.0.0
  [82899510] IteratorInterfaceExtensions v1.0.0
  [682c06a0] JSON v0.21.1
  [b964fa9f] LaTeXStrings v1.2.0
  [23fbe1c1] Latexify v0.14.7
  [1914dd2f] MacroTools v0.5.6
  [e1d29d7a] Missings v0.4.4
  [bac558e1] OrderedCollections v1.3.2
  [69de0a69] Parsers v1.0.15
  [2dfb63ee] PooledArrays v0.5.3
  [08abe8d2] PrettyTables v0.10.1
  [189a3867] Reexport v0.2.0
  [ae029012] Requires v1.1.2
  [a2af1166] SortingAlgorithms v0.3.1
  [856f2bd8] StructTypes v1.2.1
  [3783bdb8] TableTraits v1.0.0
  [bd369af6] Tables v1.2.2
  [2a0f44e3] Base64
  [ade2ca70] Dates
  [8bb1440f] DelimitedFiles
  [8ba89e20] Distributed
  [9fa8497b] Future
  [b77e0a4c] InteractiveUtils
  [76f85450] LibGit2
  [8f399da3] Libdl
  [37e2e46d] LinearAlgebra
  [56ddb016] Logging
  [d6f4376e] Markdown
  [a63ad114] Mmap
  [44cfe95a] Pkg
  [de0858da] Printf
  [3fa0cd96] REPL
  [9a3f8284] Random
  [ea8e919c] SHA
  [9e88b42a] Serialization
  [1a1011a3] SharedArrays
  [6462fe0b] Sockets
  [2f01184e] SparseArrays
  [10745b16] Statistics
  [8dfed614] Test
  [cf7118a7] UUIDs
  [4ec0a83e] Unicode
Test Summary: | Pass  Total
macro test    |    6      6
Test Summary: | Pass  Total
recipe test   |   11     11
Test Summary:  | Pass  Total
latexify tests |    9      9
Test Summary:  | Pass  Total
latexraw tests |   80     80
Test Summary:    | Pass  Total
latexalign tests |    2      2
Test Summary:    | Pass  Total
latexarray tests |    7      7
Test Summary:       | Pass  Total
latexequation tests |    2      2
Test Summary:     | Pass  Total
latexinline tests |    1      1
Test Summary:      | Pass  Total
latextabular tests |    9      9
Test Summary: | Pass  Total
mdtable tests |   14     14
Test Summary:    | Pass  Broken  Total
DataFrame Plugin |    3       1      4
Test Summary: | Pass  Total
unocode2latex |    3      3
Test Summary: | Pass  Total
cdot test     |   12     12
Test Summary:    | Pass  Total
numberformatters |    7      7
    Testing Latexify tests passed 

PkgEval succeeded


################################################################################
# PkgEval teardown: 2021-01-11T17:21:30.942
CPU usage: 96.07s (89.92s user, 6.32s kernel)

Network usage:
- eth0: 6.434 MiB received, 151.371 KiB sent

Raw statistics: {"blkio_stats":{"io_queue_recursive":[],"io_serviced_recursive":[{"major":259,"value":0,"op":"Read","minor":0},{"major":259,"value":24,"op":"Write","minor":0},{"major":259,"value":19,"op":"Sync","minor":0},{"major":259,"value":5,"op":"Async","minor":0},{"major":259,"value":0,"op":"Discard","minor":0},{"major":259,"value":24,"op":"Total","minor":0},{"major":253,"value":0,"op":"Read","minor":2},{"major":253,"value":24,"op":"Write","minor":2},{"major":253,"value":19,"op":"Sync","minor":2},{"major":253,"value":5,"op":"Async","minor":2},{"major":253,"value":0,"op":"Discard","minor":2},{"major":253,"value":24,"op":"Total","minor":2}],"io_time_recursive":[],"sectors_recursive":[],"io_service_bytes_recursive":[{"major":259,"value":0,"op":"Read","minor":0},{"major":259,"value":131072,"op":"Write","minor":0},{"major":259,"value":106496,"op":"Sync","minor":0},{"major":259,"value":24576,"op":"Async","minor":0},{"major":259,"value":0,"op":"Discard","minor":0},{"major":259,"value":131072,"op":"Total","minor":0},{"major":253,"value":0,"op":"Read","minor":2},{"major":253,"value":131072,"op":"Write","minor":2},{"major":253,"value":106496,"op":"Sync","minor":2},{"major":253,"value":24576,"op":"Async","minor":2},{"major":253,"value":0,"op":"Discard","minor":2},{"major":253,"value":131072,"op":"Total","minor":2}],"io_wait_time_recursive":[],"io_merged_recursive":[],"io_service_time_recursive":[]},"memory_stats":{"usage":311828480,"max_usage":1692184576,"stats":{"hierarchical_memory_limit":9223372036854771712,"pgmajfault":0,"total_rss":177119232,"inactive_file":135168,"inactive_anon":85426176,"total_pgfault":2229711,"total_cache":103903232,"total_rss_huge":0,"total_active_anon":195723264,"total_pgmajfault":0,"pgpgin":1460679,"rss_huge":0,"mapped_file":0,"total_inactive_file":135168,"dirty":0,"total_unevictable":0,"total_dirty":0,"writeback":135168,"pgpgout":1392068,"hierarchical_memsw_limit":0,"cache":103903232,"active_file":135168,"pgfault":2229711,"total_mapped_file":0,"total_pgpgout":1392068,"total_writeback":135168,"rss":177119232,"unevictable":0,"total_inactive_anon":85426176,"total_pgpgin":1460679,"active_anon":195723264,"total_active_file":135168},"limit":540965302272},"name":"/Latexify-zu3JqkKB","networks":{"eth0":{"rx_bytes":6746398,"rx_packets":1244,"tx_packets":1321,"tx_bytes":155004,"tx_dropped":0,"rx_dropped":4,"tx_errors":0,"rx_errors":0}},"id":"a732bdd62630a924184d967faf4dc3a00370618d60329fb0e8fa4a75fa0e6d7b","preread":"0001-01-01T00:00:00Z","storage_stats":{},"precpu_stats":{"throttling_data":{"throttled_periods":0,"throttled_time":0,"periods":0},"cpu_usage":{"usage_in_usermode":0,"usage_in_kernelmode":0,"total_usage":0}},"pids_stats":{"current":40},"num_procs":0,"cpu_stats":{"throttling_data":{"throttled_periods":0,"throttled_time":0,"periods":0},"system_cpu_usage":4064066584522419,"online_cpus":128,"cpu_usage":{"usage_in_usermode":89920000000,"usage_in_kernelmode":6320000000,"total_usage":96068502376,"percpu_usage":[0,0,0,0,0,0,0,0,0,0,0,0,0,0,0,0,0,0,0,0,0,0,0,0,0,0,0,0,0,0,0,0,0,0,96068498146,0,0,0,0,0,0,0,0,0,0,0,0,0,0,0,0,0,0,0,0,0,0,0,0,0,0,0,0,0,0,0,0,0,0,0,0,0,0,0,0,0,0,0,0,0,0,0,0,0,0,0,0,0,0,0,0,0,0,0,0,0,4230,0,0,0,0,0,0,0,0,0,0,0,0,0,0,0,0,0,0,0,0,0,0,0,0,0,0,0,0,0,0,0]}},"read":"2021-01-11T17:21:30.945235972Z"}