################################################################################
# PkgEval set-up: 2021-01-11T19:21:15.724
#

Julia Version 1.5.3
Commit 599f52c4c6 (2020-12-18 13:33 UTC)
Platform Info:
  OS: Linux (x86_64-linux-gnu)
  CPU: AMD EPYC 7502 32-Core Processor
  WORD_SIZE: 64
  LIBM: libopenlibm
  LLVM: libLLVM-9.0.1 (ORCJIT, znver2)
Environment:
  JULIA_PKG_PRECOMPILE_AUTO = 0
  JULIA_PKGEVAL = true

Base.julia_cmd() = `/opt/julia/bin/julia -Cnative -J/opt/julia/lib/julia/sys.so -g1`


################################################################################
# Installation: 2021-01-11T19:21:17.442
#

 Installing known registries into `~/.julia`
############################################                              61.7%######################################################################## 100.0%
      Added registry `General` to `~/.julia/registries/General`
  Resolving package versions...
  Installed LatexPrint ─ v1.0.0
Updating `~/.julia/environments/v1.5/Project.toml`
  [d2208f48] + LatexPrint v1.0.0
Updating `~/.julia/environments/v1.5/Manifest.toml`
  [d2208f48] + LatexPrint v1.0.0


################################################################################
# Testing: 2021-01-11T19:21:21.268
#

    Testing LatexPrint
Status `/tmp/jl_6gVP1S/Project.toml`
  [d2208f48] LatexPrint v1.0.0
  [8dfed614] Test
Status `/tmp/jl_6gVP1S/Manifest.toml`
  [d2208f48] LatexPrint v1.0.0
  [2a0f44e3] Base64
  [8ba89e20] Distributed
  [b77e0a4c] InteractiveUtils
  [56ddb016] Logging
  [d6f4376e] Markdown
  [9a3f8284] Random
  [9e88b42a] Serialization
  [6462fe0b] Sockets
  [8dfed614] Test
    Testing LatexPrint tests passed 

PkgEval succeeded


################################################################################
# PkgEval teardown: 2021-01-11T19:21:24.273
CPU usage: 8.53s (5.87s user, 2.72s kernel)

Network usage:
- eth0: 2.565 MiB received, 27.131 KiB sent

Raw statistics: {"blkio_stats":{"io_queue_recursive":[],"io_serviced_recursive":[{"major":259,"value":0,"op":"Read","minor":0},{"major":259,"value":24,"op":"Write","minor":0},{"major":259,"value":19,"op":"Sync","minor":0},{"major":259,"value":5,"op":"Async","minor":0},{"major":259,"value":0,"op":"Discard","minor":0},{"major":259,"value":24,"op":"Total","minor":0},{"major":253,"value":0,"op":"Read","minor":2},{"major":253,"value":24,"op":"Write","minor":2},{"major":253,"value":19,"op":"Sync","minor":2},{"major":253,"value":5,"op":"Async","minor":2},{"major":253,"value":0,"op":"Discard","minor":2},{"major":253,"value":24,"op":"Total","minor":2}],"io_time_recursive":[],"sectors_recursive":[],"io_service_bytes_recursive":[{"major":259,"value":0,"op":"Read","minor":0},{"major":259,"value":126976,"op":"Write","minor":0},{"major":259,"value":106496,"op":"Sync","minor":0},{"major":259,"value":20480,"op":"Async","minor":0},{"major":259,"value":0,"op":"Discard","minor":0},{"major":259,"value":126976,"op":"Total","minor":0},{"major":253,"value":0,"op":"Read","minor":2},{"major":253,"value":126976,"op":"Write","minor":2},{"major":253,"value":106496,"op":"Sync","minor":2},{"major":253,"value":20480,"op":"Async","minor":2},{"major":253,"value":0,"op":"Discard","minor":2},{"major":253,"value":126976,"op":"Total","minor":2}],"io_wait_time_recursive":[],"io_merged_recursive":[],"io_service_time_recursive":[]},"memory_stats":{"usage":342900736,"max_usage":589996032,"stats":{"hierarchical_memory_limit":9223372036854771712,"pgmajfault":0,"total_rss":216948736,"inactive_file":135168,"inactive_anon":78802944,"total_pgfault":257730,"total_cache":94781440,"total_rss_huge":0,"total_active_anon":217485312,"total_pgmajfault":0,"pgpgin":183909,"rss_huge":0,"mapped_file":0,"total_inactive_file":135168,"dirty":3379200,"total_unevictable":0,"total_dirty":3379200,"writeback":0,"pgpgout":107823,"hierarchical_memsw_limit":0,"cache":94781440,"active_file":15544320,"pgfault":257730,"total_mapped_file":0,"total_pgpgout":107823,"total_writeback":0,"rss":216948736,"unevictable":0,"total_inactive_anon":78802944,"total_pgpgin":183909,"active_anon":217485312,"total_active_file":15544320},"limit":540965302272},"name":"/LatexPrint-4iP4OYpF","networks":{"eth0":{"rx_bytes":2690059,"rx_packets":296,"tx_packets":278,"tx_bytes":27782,"tx_dropped":0,"rx_dropped":1,"tx_errors":0,"rx_errors":0}},"id":"0ce7e68600d4160694d831d2e7dc1158007592bcdb846cd1cc14dbfdb5480b48","preread":"0001-01-01T00:00:00Z","storage_stats":{},"precpu_stats":{"throttling_data":{"throttled_periods":0,"throttled_time":0,"periods":0},"cpu_usage":{"usage_in_usermode":0,"usage_in_kernelmode":0,"total_usage":0}},"pids_stats":{"current":40},"num_procs":0,"cpu_stats":{"throttling_data":{"throttled_periods":0,"throttled_time":0,"periods":0},"system_cpu_usage":4983202574522419,"online_cpus":128,"cpu_usage":{"usage_in_usermode":5870000000,"usage_in_kernelmode":2720000000,"total_usage":8533656405,"percpu_usage":[0,0,0,0,0,0,0,0,0,0,0,0,0,0,0,0,0,0,0,0,0,0,0,0,0,0,0,0,0,0,0,0,0,0,0,0,0,0,0,0,0,0,0,0,0,0,0,0,0,0,0,0,0,0,0,0,0,0,0,0,0,8533656405,0,0,0,0,0,0,0,0,0,0,0,0,0,0,0,0,0,0,0,0,0,0,0,0,0,0,0,0,0,0,0,0,0,0,0,0,0,0,0,0,0,0,0,0,0,0,0,0,0,0,0,0,0,0,0,0,0,0,0,0,0,0,0,0,0,0]}},"read":"2021-01-11T19:21:24.276663155Z"}