################################################################################
# PkgEval set-up: 2021-01-11T15:18:14.014
#

Julia Version 1.5.3
Commit 599f52c4c6 (2020-12-18 13:33 UTC)
Platform Info:
  OS: Linux (x86_64-linux-gnu)
  CPU: AMD EPYC 7502 32-Core Processor
  WORD_SIZE: 64
  LIBM: libopenlibm
  LLVM: libLLVM-9.0.1 (ORCJIT, znver2)
Environment:
  JULIA_PKG_PRECOMPILE_AUTO = 0
  JULIA_PKGEVAL = true

Base.julia_cmd() = `/opt/julia/bin/julia -Cnative -J/opt/julia/lib/julia/sys.so -g1`


################################################################################
# Installation: 2021-01-11T15:18:15.815
#

 Installing known registries into `~/.julia`
######################################################################## 100.0%
      Added registry `General` to `~/.julia/registries/General`
  Resolving package versions...
  Installed StableRNGs ───────────── v1.0.0
  Installed Missings ─────────────── v0.4.4
  Installed DataAPI ──────────────── v1.4.0
  Installed SortingAlgorithms ────── v0.3.1
  Installed Compat ───────────────── v3.25.0
  Installed OrderedCollections ───── v1.3.2
  Installed StatsBase ────────────── v0.33.2
  Installed DataStructures ───────── v0.18.8
  Installed LatinHypercubeSampling ─ v1.7.3
Updating `~/.julia/environments/v1.5/Project.toml`
  [a5e1c1ea] + LatinHypercubeSampling v1.7.3
Updating `~/.julia/environments/v1.5/Manifest.toml`
  [34da2185] + Compat v3.25.0
  [9a962f9c] + DataAPI v1.4.0
  [864edb3b] + DataStructures v0.18.8
  [a5e1c1ea] + LatinHypercubeSampling v1.7.3
  [e1d29d7a] + Missings v0.4.4
  [bac558e1] + OrderedCollections v1.3.2
  [a2af1166] + SortingAlgorithms v0.3.1
  [860ef19b] + StableRNGs v1.0.0
  [2913bbd2] + StatsBase v0.33.2
  [2a0f44e3] + Base64
  [ade2ca70] + Dates
  [8bb1440f] + DelimitedFiles
  [8ba89e20] + Distributed
  [b77e0a4c] + InteractiveUtils
  [76f85450] + LibGit2
  [8f399da3] + Libdl
  [37e2e46d] + LinearAlgebra
  [56ddb016] + Logging
  [d6f4376e] + Markdown
  [a63ad114] + Mmap
  [44cfe95a] + Pkg
  [de0858da] + Printf
  [3fa0cd96] + REPL
  [9a3f8284] + Random
  [ea8e919c] + SHA
  [9e88b42a] + Serialization
  [1a1011a3] + SharedArrays
  [6462fe0b] + Sockets
  [2f01184e] + SparseArrays
  [10745b16] + Statistics
  [8dfed614] + Test
  [cf7118a7] + UUIDs
  [4ec0a83e] + Unicode


################################################################################
# Testing: 2021-01-11T15:18:20.699
#

    Testing LatinHypercubeSampling
Status `/tmp/jl_1CZBuS/Project.toml`
  [a5e1c1ea] LatinHypercubeSampling v1.7.3
  [860ef19b] StableRNGs v1.0.0
  [9a3f8284] Random
  [8dfed614] Test
Status `/tmp/jl_1CZBuS/Manifest.toml`
  [34da2185] Compat v3.25.0
  [9a962f9c] DataAPI v1.4.0
  [864edb3b] DataStructures v0.18.8
  [a5e1c1ea] LatinHypercubeSampling v1.7.3
  [e1d29d7a] Missings v0.4.4
  [bac558e1] OrderedCollections v1.3.2
  [a2af1166] SortingAlgorithms v0.3.1
  [860ef19b] StableRNGs v1.0.0
  [2913bbd2] StatsBase v0.33.2
  [2a0f44e3] Base64
  [ade2ca70] Dates
  [8bb1440f] DelimitedFiles
  [8ba89e20] Distributed
  [b77e0a4c] InteractiveUtils
  [76f85450] LibGit2
  [8f399da3] Libdl
  [37e2e46d] LinearAlgebra
  [56ddb016] Logging
  [d6f4376e] Markdown
  [a63ad114] Mmap
  [44cfe95a] Pkg
  [de0858da] Printf
  [3fa0cd96] REPL
  [9a3f8284] Random
  [ea8e919c] SHA
  [9e88b42a] Serialization
  [1a1011a3] SharedArrays
  [6462fe0b] Sockets
  [2f01184e] SparseArrays
  [10745b16] Statistics
  [8dfed614] Test
  [cf7118a7] UUIDs
  [4ec0a83e] Unicode
Test Summary: | Pass  Total
AudzeEglais   |    2      2
Test Summary: | Pass  Total
mutateLHC     |    1      1
Test Summary: | Pass  Total
tournament!   |    2      2
Test Summary: | Pass  Total
fixedcross    |    4      4
Test Summary: | Pass  Total
inversion     |    1      1
Test Summary:                       | Pass  Total
is optimization result still an LHC |   40     40
Test Summary:                  | Pass  Total
is the fittest individual kept |    2      2
Test Summary:   | Pass  Total
categorical LHC |    4      4
Test Summary: | Pass  Total
subLHCindex   |    1      1
Test Summary: | Pass  Total
scaleLHC      |    1      1
Test Summary:   | Pass  Total
Global rng test |    1      1
    Testing LatinHypercubeSampling tests passed 

PkgEval succeeded


################################################################################
# PkgEval teardown: 2021-01-11T15:18:40.294
CPU usage: 26.39s (22.86s user, 3.60s kernel)

Network usage:
- eth0: 6.385 MiB received, 74.741 KiB sent

Raw statistics: {"blkio_stats":{"io_queue_recursive":[],"io_serviced_recursive":[{"major":259,"value":0,"op":"Read","minor":0},{"major":259,"value":24,"op":"Write","minor":0},{"major":259,"value":19,"op":"Sync","minor":0},{"major":259,"value":5,"op":"Async","minor":0},{"major":259,"value":0,"op":"Discard","minor":0},{"major":259,"value":24,"op":"Total","minor":0},{"major":253,"value":0,"op":"Read","minor":2},{"major":253,"value":24,"op":"Write","minor":2},{"major":253,"value":19,"op":"Sync","minor":2},{"major":253,"value":5,"op":"Async","minor":2},{"major":253,"value":0,"op":"Discard","minor":2},{"major":253,"value":24,"op":"Total","minor":2}],"io_time_recursive":[],"sectors_recursive":[],"io_service_bytes_recursive":[{"major":259,"value":0,"op":"Read","minor":0},{"major":259,"value":126976,"op":"Write","minor":0},{"major":259,"value":106496,"op":"Sync","minor":0},{"major":259,"value":20480,"op":"Async","minor":0},{"major":259,"value":0,"op":"Discard","minor":0},{"major":259,"value":126976,"op":"Total","minor":0},{"major":253,"value":0,"op":"Read","minor":2},{"major":253,"value":126976,"op":"Write","minor":2},{"major":253,"value":106496,"op":"Sync","minor":2},{"major":253,"value":20480,"op":"Async","minor":2},{"major":253,"value":0,"op":"Discard","minor":2},{"major":253,"value":126976,"op":"Total","minor":2}],"io_wait_time_recursive":[],"io_merged_recursive":[],"io_service_time_recursive":[]},"memory_stats":{"usage":341344256,"max_usage":1020182528,"stats":{"hierarchical_memory_limit":9223372036854771712,"pgmajfault":0,"total_rss":215597056,"inactive_file":135168,"inactive_anon":91643904,"total_pgfault":748440,"total_cache":95698944,"total_rss_huge":0,"total_active_anon":219783168,"total_pgmajfault":0,"pgpgin":524997,"rss_huge":0,"mapped_file":0,"total_inactive_file":135168,"dirty":135168,"total_unevictable":0,"total_dirty":135168,"writeback":0,"pgpgout":448971,"hierarchical_memsw_limit":0,"cache":95698944,"active_file":135168,"pgfault":748440,"total_mapped_file":0,"total_pgpgout":448971,"total_writeback":0,"rss":215597056,"unevictable":0,"total_inactive_anon":91643904,"total_pgpgin":524997,"active_anon":219783168,"total_active_file":135168},"limit":540965302272},"name":"/LatinHypercubeSampling-GGGSxUKe","networks":{"eth0":{"rx_bytes":6695027,"rx_packets":735,"tx_packets":724,"tx_bytes":76535,"tx_dropped":0,"rx_dropped":1,"tx_errors":0,"rx_errors":0}},"id":"1c787f78959983bf0451776fc486cc2820ca32964234116355ee470c63830923","preread":"0001-01-01T00:00:00Z","storage_stats":{},"precpu_stats":{"throttling_data":{"throttled_periods":0,"throttled_time":0,"periods":0},"cpu_usage":{"usage_in_usermode":0,"usage_in_kernelmode":0,"total_usage":0}},"pids_stats":{"current":40},"num_procs":0,"cpu_stats":{"throttling_data":{"throttled_periods":0,"throttled_time":0,"periods":0},"system_cpu_usage":3122150514522419,"online_cpus":128,"cpu_usage":{"usage_in_usermode":22860000000,"usage_in_kernelmode":3600000000,"total_usage":26386101657,"percpu_usage":[0,0,0,0,0,0,0,0,0,0,0,0,0,0,0,0,0,0,0,26386101657,0,0,0,0,0,0,0,0,0,0,0,0,0,0,0,0,0,0,0,0,0,0,0,0,0,0,0,0,0,0,0,0,0,0,0,0,0,0,0,0,0,0,0,0,0,0,0,0,0,0,0,0,0,0,0,0,0,0,0,0,0,0,0,0,0,0,0,0,0,0,0,0,0,0,0,0,0,0,0,0,0,0,0,0,0,0,0,0,0,0,0,0,0,0,0,0,0,0,0,0,0,0,0,0,0,0,0,0]}},"read":"2021-01-11T15:18:40.855138102Z"}