################################################################################
# PkgEval set-up: 2021-01-11T17:59:16.799
#

Julia Version 1.5.3
Commit 599f52c4c6 (2020-12-18 13:33 UTC)
Platform Info:
  OS: Linux (x86_64-linux-gnu)
  CPU: AMD EPYC 7502 32-Core Processor
  WORD_SIZE: 64
  LIBM: libopenlibm
  LLVM: libLLVM-9.0.1 (ORCJIT, znver2)
Environment:
  JULIA_PKG_PRECOMPILE_AUTO = 0
  JULIA_PKGEVAL = true

Base.julia_cmd() = `/opt/julia/bin/julia -Cnative -J/opt/julia/lib/julia/sys.so -g1`


################################################################################
# Installation: 2021-01-11T17:59:18.616
#

 Installing known registries into `~/.julia`
######################################################################## 100.0%
      Added registry `General` to `~/.julia/registries/General`
  Resolving package versions...
  Installed LegendrePolynomials ─ v0.3.0
  Installed Adapt ─────────────── v2.4.0
  Installed OffsetArrays ──────── v1.5.0
Updating `~/.julia/environments/v1.5/Project.toml`
  [3db4a2ba] + LegendrePolynomials v0.3.0
Updating `~/.julia/environments/v1.5/Manifest.toml`
  [79e6a3ab] + Adapt v2.4.0
  [3db4a2ba] + LegendrePolynomials v0.3.0
  [6fe1bfb0] + OffsetArrays v1.5.0
  [8f399da3] + Libdl
  [37e2e46d] + LinearAlgebra


################################################################################
# Testing: 2021-01-11T17:59:23.608
#

    Testing LegendrePolynomials
Status `/tmp/jl_iNgYiU/Project.toml`
  [50ceba7f] HyperDualNumbers v4.0.4
  [3db4a2ba] LegendrePolynomials v0.3.0
  [6fe1bfb0] OffsetArrays v1.5.0
  [8dfed614] Test
Status `/tmp/jl_iNgYiU/Manifest.toml`
  [79e6a3ab] Adapt v2.4.0
  [56f22d72] Artifacts v1.3.0
  [49dc2e85] Calculus v0.5.1
  [d360d2e6] ChainRulesCore v0.9.24
  [e66e0078] CompilerSupportLibraries_jll v0.3.4+0
  [50ceba7f] HyperDualNumbers v4.0.4
  [692b3bcd] JLLWrappers v1.2.0
  [3db4a2ba] LegendrePolynomials v0.3.0
  [46d2c3a1] MuladdMacro v0.2.2
  [77ba4419] NaNMath v0.3.5
  [6fe1bfb0] OffsetArrays v1.5.0
  [efe28fd5] OpenSpecFun_jll v0.5.3+4
  [276daf66] SpecialFunctions v1.2.1
  [2a0f44e3] Base64
  [ade2ca70] Dates
  [8ba89e20] Distributed
  [b77e0a4c] InteractiveUtils
  [76f85450] LibGit2
  [8f399da3] Libdl
  [37e2e46d] LinearAlgebra
  [56ddb016] Logging
  [d6f4376e] Markdown
  [44cfe95a] Pkg
  [de0858da] Printf
  [3fa0cd96] REPL
  [9a3f8284] Random
  [ea8e919c] SHA
  [9e88b42a] Serialization
  [6462fe0b] Sockets
  [2f01184e] SparseArrays
  [8dfed614] Test
  [cf7118a7] UUIDs
  [4ec0a83e] Unicode
Test Summary:              | Pass  Total
LegendrePolynomialIterator |    8      8
Test Summary: | Pass  Total
Pl            |   69     69
Test Summary: | Pass  Total
collectPl!    |   17     17
Test Summary: | Pass  Total
dPl/dx        |   28     28
Test Summary: | Pass  Total
d^2Pl/dx^2    |    6      6
Test Summary: | Pass  Total
Askey-Gasper  |   10     10
    Testing LegendrePolynomials tests passed 

PkgEval succeeded


################################################################################
# PkgEval teardown: 2021-01-11T17:59:51.504
CPU usage: 34.72s (31.14s user, 3.67s kernel)

Network usage:
- eth0: 2.955 MiB received, 81.058 KiB sent

Raw statistics: {"blkio_stats":{"io_queue_recursive":[],"io_serviced_recursive":[{"major":259,"value":0,"op":"Read","minor":0},{"major":259,"value":24,"op":"Write","minor":0},{"major":259,"value":19,"op":"Sync","minor":0},{"major":259,"value":5,"op":"Async","minor":0},{"major":259,"value":0,"op":"Discard","minor":0},{"major":259,"value":24,"op":"Total","minor":0},{"major":253,"value":0,"op":"Read","minor":2},{"major":253,"value":24,"op":"Write","minor":2},{"major":253,"value":19,"op":"Sync","minor":2},{"major":253,"value":5,"op":"Async","minor":2},{"major":253,"value":0,"op":"Discard","minor":2},{"major":253,"value":24,"op":"Total","minor":2}],"io_time_recursive":[],"sectors_recursive":[],"io_service_bytes_recursive":[{"major":259,"value":0,"op":"Read","minor":0},{"major":259,"value":126976,"op":"Write","minor":0},{"major":259,"value":106496,"op":"Sync","minor":0},{"major":259,"value":20480,"op":"Async","minor":0},{"major":259,"value":0,"op":"Discard","minor":0},{"major":259,"value":126976,"op":"Total","minor":0},{"major":253,"value":0,"op":"Read","minor":2},{"major":253,"value":126976,"op":"Write","minor":2},{"major":253,"value":106496,"op":"Sync","minor":2},{"major":253,"value":20480,"op":"Async","minor":2},{"major":253,"value":0,"op":"Discard","minor":2},{"major":253,"value":126976,"op":"Total","minor":2}],"io_wait_time_recursive":[],"io_merged_recursive":[],"io_service_time_recursive":[]},"memory_stats":{"usage":300056576,"max_usage":1031774208,"stats":{"hierarchical_memory_limit":9223372036854771712,"pgmajfault":0,"total_rss":186269696,"inactive_file":135168,"inactive_anon":80019456,"total_pgfault":968187,"total_cache":83861504,"total_rss_huge":0,"total_active_anon":190316544,"total_pgmajfault":0,"pgpgin":651816,"rss_huge":0,"mapped_file":0,"total_inactive_file":135168,"dirty":270336,"total_unevictable":0,"total_dirty":270336,"writeback":0,"pgpgout":585874,"hierarchical_memsw_limit":0,"cache":83861504,"active_file":135168,"pgfault":968187,"total_mapped_file":0,"total_pgpgout":585874,"total_writeback":0,"rss":186269696,"unevictable":0,"total_inactive_anon":80019456,"total_pgpgin":651816,"active_anon":190316544,"total_active_file":135168},"limit":540965302272},"name":"/LegendrePolynomials-eljXi2I9","networks":{"eth0":{"rx_bytes":3098566,"rx_packets":614,"tx_packets":675,"tx_bytes":83003,"tx_dropped":0,"rx_dropped":2,"tx_errors":0,"rx_errors":0}},"id":"3f725d75f134ce86a3e98c45c4eeda3793f15d7a11be196d9802bc1be63c9e25","preread":"0001-01-01T00:00:00Z","storage_stats":{},"precpu_stats":{"throttling_data":{"throttled_periods":0,"throttled_time":0,"periods":0},"cpu_usage":{"usage_in_usermode":0,"usage_in_kernelmode":0,"total_usage":0}},"pids_stats":{"current":40},"num_procs":0,"cpu_stats":{"throttling_data":{"throttled_periods":0,"throttled_time":0,"periods":0},"system_cpu_usage":4357928054522419,"online_cpus":128,"cpu_usage":{"usage_in_usermode":31140000000,"usage_in_kernelmode":3670000000,"total_usage":34724341012,"percpu_usage":[0,0,0,0,0,0,0,34724336822,0,0,0,0,0,0,0,0,0,0,0,0,0,0,0,0,0,0,0,0,0,0,0,0,0,0,0,0,0,0,0,0,0,0,0,0,0,0,0,0,0,0,0,0,0,0,0,0,0,0,0,0,0,0,0,0,0,0,0,0,4190,0,0,0,0,0,0,0,0,0,0,0,0,0,0,0,0,0,0,0,0,0,0,0,0,0,0,0,0,0,0,0,0,0,0,0,0,0,0,0,0,0,0,0,0,0,0,0,0,0,0,0,0,0,0,0,0,0,0,0]}},"read":"2021-01-11T17:59:51.507043788Z"}