################################################################################
# PackageCompiler set-up: 2021-01-11T16:03:54.137
#

Julia Version 1.5.3
Commit 599f52c4c6 (2020-12-18 13:33 UTC)
Platform Info:
  OS: Linux (x86_64-linux-gnu)
  CPU: AMD EPYC 7502 32-Core Processor
  WORD_SIZE: 64
  LIBM: libopenlibm
  LLVM: libLLVM-9.0.1 (ORCJIT, znver2)
Environment:
  JULIA_PKGEVAL = true
  JULIA_PKG_PRECOMPILE_AUTO = 0



################################################################################
# Installation: 2021-01-11T16:03:55.796
#

 Installing known registries into `~/.julia`
######################################################################## 100.0%
      Added registry `General` to `~/.julia/registries/General`
  Resolving package versions...
  Installed Leibniz ────────── v0.1.3
  Installed Combinatorics ──── v1.0.2
  Installed AbstractLattices ─ v0.2.1
  Installed PackageCompiler ── v1.2.5
  Installed AbstractTensors ── v0.6.5
Updating `~/.julia/environments/v1.5/Project.toml`
  [edad4870] + Leibniz v0.1.3
  [9b87118b] + PackageCompiler v1.2.5
Updating `~/.julia/environments/v1.5/Manifest.toml`
  [398f06c4] + AbstractLattices v0.2.1
  [a8e43f4a] + AbstractTensors v0.6.5
  [861a8166] + Combinatorics v1.0.2
  [edad4870] + Leibniz v0.1.3
  [9b87118b] + PackageCompiler v1.2.5
  [2a0f44e3] + Base64
  [ade2ca70] + Dates
  [b77e0a4c] + InteractiveUtils
  [76f85450] + LibGit2
  [8f399da3] + Libdl
  [37e2e46d] + LinearAlgebra
  [56ddb016] + Logging
  [d6f4376e] + Markdown
  [44cfe95a] + Pkg
  [de0858da] + Printf
  [3fa0cd96] + REPL
  [9a3f8284] + Random
  [ea8e919c] + SHA
  [9e88b42a] + Serialization
  [6462fe0b] + Sockets
  [cf7118a7] + UUIDs
  [4ec0a83e] + Unicode


################################################################################
# Compiling: 2021-01-11T16:04:01.923
#

[ Info: PackageCompiler: creating system image object file, this might take a while...
Generated system image is 202.746 MiB, compilation took 181 seconds


################################################################################
# PkgEval set-up: 2021-01-11T16:07:11.188
#

Julia Version 1.5.3
Commit 599f52c4c6 (2020-12-18 13:33 UTC)
Platform Info:
  OS: Linux (x86_64-linux-gnu)
  CPU: AMD EPYC 7502 32-Core Processor
  WORD_SIZE: 64
  LIBM: libopenlibm
  LLVM: libLLVM-9.0.1 (ORCJIT, znver2)
Environment:
  JULIA_PKGEVAL = true
  JULIA_PKG_PRECOMPILE_AUTO = 0

Base.julia_cmd() = `/usr/local/julia/bin/julia -Cnative -J/cache/Leibniz-Xf5SpaJm.so -g1`


################################################################################
# Installation: 2021-01-11T16:07:12.744
#

 Installing known registries into `~/.julia`
##############################                                            42.2%######################################################################## 100.0%
      Added registry `General` to `~/.julia/registries/General`
  Resolving package versions...
  Installed Leibniz ────────── v0.1.3
  Installed Combinatorics ──── v1.0.2
  Installed AbstractLattices ─ v0.2.1
  Installed AbstractTensors ── v0.6.5
Updating `~/.julia/environments/v1.5/Project.toml`
  [edad4870] + Leibniz v0.1.3
Updating `~/.julia/environments/v1.5/Manifest.toml`
  [398f06c4] + AbstractLattices v0.2.1
  [a8e43f4a] + AbstractTensors v0.6.5
  [861a8166] + Combinatorics v1.0.2
  [edad4870] + Leibniz v0.1.3
  [8f399da3] + Libdl
  [37e2e46d] + LinearAlgebra
  [9a3f8284] + Random
  [9e88b42a] + Serialization


################################################################################
# Testing: 2021-01-11T16:07:18.038
#

    Testing Leibniz
Status `/tmp/jl_xjrRKv/Project.toml`
  [a8e43f4a] AbstractTensors v0.6.5
  [861a8166] Combinatorics v1.0.2
  [4df31cd9] Grassmann v0.7.1
  [edad4870] Leibniz v0.1.3
  [37e2e46d] LinearAlgebra
  [8dfed614] Test
Status `/tmp/jl_xjrRKv/Manifest.toml`
  [398f06c4] AbstractLattices v0.2.1
  [a8e43f4a] AbstractTensors v0.6.5
  [861a8166] Combinatorics v1.0.2
  [459fdd68] ComputedFieldTypes v0.1.0
  [22fd7b30] DirectSum v0.7.5
  [4df31cd9] Grassmann v0.7.1
  [edad4870] Leibniz v0.1.3
  [ae029012] Requires v1.1.2
  [2a0f44e3] Base64
  [8ba89e20] Distributed
  [b77e0a4c] InteractiveUtils
  [8f399da3] Libdl
  [37e2e46d] LinearAlgebra
  [56ddb016] Logging
  [d6f4376e] Markdown
  [9a3f8284] Random
  [ea8e919c] SHA
  [9e88b42a] Serialization
  [6462fe0b] Sockets
  [2f01184e] SparseArrays
  [8dfed614] Test
  [cf7118a7] UUIDs
    Testing Leibniz tests passed 

PkgEval succeeded


################################################################################
# PkgEval teardown: 2021-01-11T16:07:39.245
CPU usage: 27.92s (25.20s user, 2.77s kernel)

Network usage:
- eth0: 3.369 MiB received, 70.918 KiB sent

Raw statistics: {"blkio_stats":{"io_queue_recursive":[],"io_serviced_recursive":[{"major":259,"value":0,"op":"Read","minor":0},{"major":259,"value":19,"op":"Write","minor":0},{"major":259,"value":14,"op":"Sync","minor":0},{"major":259,"value":5,"op":"Async","minor":0},{"major":259,"value":0,"op":"Discard","minor":0},{"major":259,"value":19,"op":"Total","minor":0},{"major":253,"value":0,"op":"Read","minor":2},{"major":253,"value":19,"op":"Write","minor":2},{"major":253,"value":14,"op":"Sync","minor":2},{"major":253,"value":5,"op":"Async","minor":2},{"major":253,"value":0,"op":"Discard","minor":2},{"major":253,"value":19,"op":"Total","minor":2}],"io_time_recursive":[],"sectors_recursive":[],"io_service_bytes_recursive":[{"major":259,"value":0,"op":"Read","minor":0},{"major":259,"value":77824,"op":"Write","minor":0},{"major":259,"value":57344,"op":"Sync","minor":0},{"major":259,"value":20480,"op":"Async","minor":0},{"major":259,"value":0,"op":"Discard","minor":0},{"major":259,"value":77824,"op":"Total","minor":0},{"major":253,"value":0,"op":"Read","minor":2},{"major":253,"value":77824,"op":"Write","minor":2},{"major":253,"value":57344,"op":"Sync","minor":2},{"major":253,"value":20480,"op":"Async","minor":2},{"major":253,"value":0,"op":"Discard","minor":2},{"major":253,"value":77824,"op":"Total","minor":2}],"io_wait_time_recursive":[],"io_merged_recursive":[],"io_service_time_recursive":[]},"memory_stats":{"usage":337149952,"max_usage":876912640,"stats":{"hierarchical_memory_limit":9223372036854771712,"pgmajfault":0,"total_rss":224129024,"inactive_file":135168,"inactive_anon":79884288,"total_pgfault":728739,"total_cache":83283968,"total_rss_huge":0,"total_active_anon":227352576,"total_pgmajfault":0,"pgpgin":457380,"rss_huge":0,"mapped_file":0,"total_inactive_file":135168,"dirty":135168,"total_unevictable":0,"total_dirty":135168,"writeback":0,"pgpgout":382322,"hierarchical_memsw_limit":0,"cache":83283968,"active_file":540672,"pgfault":728739,"total_mapped_file":0,"total_pgpgout":382322,"total_writeback":0,"rss":224129024,"unevictable":0,"total_inactive_anon":79884288,"total_pgpgin":457380,"active_anon":227352576,"total_active_file":540672},"limit":540965302272},"name":"/Leibniz-hEvBzvfX","networks":{"eth0":{"rx_bytes":3532673,"rx_packets":641,"tx_packets":677,"tx_bytes":72620,"tx_dropped":0,"rx_dropped":2,"tx_errors":0,"rx_errors":0}},"id":"f18580dd957d5b3eaec13732599a0cef3ccd5e7f5cf7ad96da2d4cd9c6a0ef39","preread":"0001-01-01T00:00:00Z","storage_stats":{},"precpu_stats":{"throttling_data":{"throttled_periods":0,"throttled_time":0,"periods":0},"cpu_usage":{"usage_in_usermode":0,"usage_in_kernelmode":0,"total_usage":0}},"pids_stats":{"current":44},"num_procs":0,"cpu_stats":{"throttling_data":{"throttled_periods":0,"throttled_time":0,"periods":0},"system_cpu_usage":3497599884522419,"online_cpus":128,"cpu_usage":{"usage_in_usermode":25200000000,"usage_in_kernelmode":2770000000,"total_usage":27923763716,"percpu_usage":[0,0,0,0,0,0,0,0,0,0,0,0,0,0,0,0,0,0,0,0,0,0,0,0,0,0,0,0,0,0,27923760806,0,0,0,0,0,0,0,0,0,0,0,0,0,0,0,0,0,0,0,0,0,0,0,0,0,0,0,0,0,0,0,0,0,0,0,0,0,0,0,0,0,0,0,0,0,0,0,0,0,0,0,0,0,0,0,0,0,0,0,0,0,0,2910,0,0,0,0,0,0,0,0,0,0,0,0,0,0,0,0,0,0,0,0,0,0,0,0,0,0,0,0,0,0,0,0,0,0]}},"read":"2021-01-11T16:07:39.250464243Z"}