################################################################################
# PkgEval set-up: 2021-01-11T22:56:03.913
#

Julia Version 1.5.3
Commit 599f52c4c6 (2020-12-18 13:33 UTC)
Platform Info:
  OS: Linux (x86_64-linux-gnu)
  CPU: AMD EPYC 7502 32-Core Processor
  WORD_SIZE: 64
  LIBM: libopenlibm
  LLVM: libLLVM-9.0.1 (ORCJIT, znver2)
Environment:
  JULIA_PKG_PRECOMPILE_AUTO = 0
  JULIA_PKGEVAL = true

Base.julia_cmd() = `/opt/julia/bin/julia -Cnative -J/opt/julia/lib/julia/sys.so -g1`


################################################################################
# Installation: 2021-01-11T22:56:05.718
#

 Installing known registries into `~/.julia`
####################                                                      28.3%######################################################################## 100.0%
      Added registry `General` to `~/.julia/registries/General`
  Resolving package versions...
  Installed LifeTable ──────────────────── v0.2.3
  Installed CompilerSupportLibraries_jll ─ v0.3.4+0
  Installed Reexport ───────────────────── v0.2.0
  Installed Rmath_jll ──────────────────── v0.2.2+1
  Installed CommonSubexpressions ───────── v0.3.0
  Installed Rmath ──────────────────────── v0.6.1
  Installed TableTraits ────────────────── v1.0.0
  Installed LsqFit ─────────────────────── v0.11.0
  Installed DataFrames ─────────────────── v0.21.8
  Installed DataAPI ────────────────────── v1.4.0
  Installed Tables ─────────────────────── v1.2.2
  Installed QuadGK ─────────────────────── v2.4.1
  Installed Requires ───────────────────── v1.1.2
  Installed CategoricalArrays ──────────── v0.8.3
  Installed DataStructures ─────────────── v0.17.20
  Installed StatsBase ──────────────────── v0.32.2
  Installed DiffRules ──────────────────── v1.0.2
  Installed DiffResults ────────────────── v1.0.3
  Installed InvertedIndices ────────────── v1.0.0
  Installed DataValueInterfaces ────────── v1.0.0
  Installed OpenBLAS_jll ───────────────── v0.3.9+5
  Installed ShiftedArrays ──────────────── v1.0.0
  Installed Missings ───────────────────── v0.4.4
  Installed OrderedCollections ─────────── v1.3.2
  Installed StaticArrays ───────────────── v0.12.5
  Installed MacroTools ─────────────────── v0.5.6
  Installed URIParser ──────────────────── v0.4.1
  Installed PooledArrays ───────────────── v0.5.3
  Installed JLLWrappers ────────────────── v1.2.0
  Installed JSON ───────────────────────── v0.21.1
  Installed NaNMath ────────────────────── v0.3.5
  Installed OptimBase ──────────────────── v2.0.1
  Installed FiniteDiff ─────────────────── v2.7.2
  Installed ArrayInterface ─────────────── v2.14.13
  Installed StructTypes ────────────────── v1.2.1
  Installed Distributions ──────────────── v0.21.9
  Installed PDMats ─────────────────────── v0.9.12
  Installed Arpack_jll ─────────────────── v3.5.0+3
  Installed StatsFuns ──────────────────── v0.9.6
  Installed StatsModels ────────────────── v0.6.18
  Installed CSV ────────────────────────── v0.7.10
  Installed SpecialFunctions ───────────── v0.8.0
  Installed BinDeps ────────────────────── v1.0.2
  Installed ForwardDiff ────────────────── v0.10.14
  Installed IteratorInterfaceExtensions ── v1.0.0
  Installed SortingAlgorithms ──────────── v0.3.1
  Installed Arpack ─────────────────────── v0.4.0
  Installed GLM ────────────────────────── v1.3.11
  Installed Compat ─────────────────────── v3.25.0
  Installed NLSolversBase ──────────────── v7.7.1
  Installed BinaryProvider ─────────────── v0.5.10
  Installed SentinelArrays ─────────────── v1.2.16
  Installed Parsers ────────────────────── v1.0.15
  Installed Artifacts ──────────────────── v1.3.0
Updating `~/.julia/environments/v1.5/Project.toml`
  [4210c81c] + LifeTable v0.2.3
Updating `~/.julia/environments/v1.5/Manifest.toml`
  [7d9fca2a] + Arpack v0.4.0
  [68821587] + Arpack_jll v3.5.0+3
  [4fba245c] + ArrayInterface v2.14.13
  [56f22d72] + Artifacts v1.3.0
  [9e28174c] + BinDeps v1.0.2
  [b99e7846] + BinaryProvider v0.5.10
  [336ed68f] + CSV v0.7.10
  [324d7699] + CategoricalArrays v0.8.3
  [bbf7d656] + CommonSubexpressions v0.3.0
  [34da2185] + Compat v3.25.0
  [e66e0078] + CompilerSupportLibraries_jll v0.3.4+0
  [9a962f9c] + DataAPI v1.4.0
  [a93c6f00] + DataFrames v0.21.8
  [864edb3b] + DataStructures v0.17.20
  [e2d170a0] + DataValueInterfaces v1.0.0
  [163ba53b] + DiffResults v1.0.3
  [b552c78f] + DiffRules v1.0.2
  [31c24e10] + Distributions v0.21.9
  [6a86dc24] + FiniteDiff v2.7.2
  [f6369f11] + ForwardDiff v0.10.14
  [38e38edf] + GLM v1.3.11
  [41ab1584] + InvertedIndices v1.0.0
  [82899510] + IteratorInterfaceExtensions v1.0.0
  [692b3bcd] + JLLWrappers v1.2.0
  [682c06a0] + JSON v0.21.1
  [4210c81c] + LifeTable v0.2.3
  [2fda8390] + LsqFit v0.11.0
  [1914dd2f] + MacroTools v0.5.6
  [e1d29d7a] + Missings v0.4.4
  [d41bc354] + NLSolversBase v7.7.1
  [77ba4419] + NaNMath v0.3.5
  [4536629a] + OpenBLAS_jll v0.3.9+5
  [87e2bd06] + OptimBase v2.0.1
  [bac558e1] + OrderedCollections v1.3.2
  [90014a1f] + PDMats v0.9.12
  [69de0a69] + Parsers v1.0.15
  [2dfb63ee] + PooledArrays v0.5.3
  [1fd47b50] + QuadGK v2.4.1
  [189a3867] + Reexport v0.2.0
  [ae029012] + Requires v1.1.2
  [79098fc4] + Rmath v0.6.1
  [f50d1b31] + Rmath_jll v0.2.2+1
  [91c51154] + SentinelArrays v1.2.16
  [1277b4bf] + ShiftedArrays v1.0.0
  [a2af1166] + SortingAlgorithms v0.3.1
  [276daf66] + SpecialFunctions v0.8.0
  [90137ffa] + StaticArrays v0.12.5
  [2913bbd2] + StatsBase v0.32.2
  [4c63d2b9] + StatsFuns v0.9.6
  [3eaba693] + StatsModels v0.6.18
  [856f2bd8] + StructTypes v1.2.1
  [3783bdb8] + TableTraits v1.0.0
  [bd369af6] + Tables v1.2.2
  [30578b45] + URIParser v0.4.1
  [2a0f44e3] + Base64
  [ade2ca70] + Dates
  [8bb1440f] + DelimitedFiles
  [8ba89e20] + Distributed
  [9fa8497b] + Future
  [b77e0a4c] + InteractiveUtils
  [76f85450] + LibGit2
  [8f399da3] + Libdl
  [37e2e46d] + LinearAlgebra
  [56ddb016] + Logging
  [d6f4376e] + Markdown
  [a63ad114] + Mmap
  [44cfe95a] + Pkg
  [de0858da] + Printf
  [3fa0cd96] + REPL
  [9a3f8284] + Random
  [ea8e919c] + SHA
  [9e88b42a] + Serialization
  [1a1011a3] + SharedArrays
  [6462fe0b] + Sockets
  [2f01184e] + SparseArrays
  [10745b16] + Statistics
  [4607b0f0] + SuiteSparse
  [8dfed614] + Test
  [cf7118a7] + UUIDs
  [4ec0a83e] + Unicode
   Building SpecialFunctions → `~/.julia/packages/SpecialFunctions/ne2iw/deps/build.log`


################################################################################
# Testing: 2021-01-11T22:56:21.781
#

    Testing LifeTable
Status `/tmp/jl_gFyHeU/Project.toml`
  [336ed68f] CSV v0.7.10
  [a93c6f00] DataFrames v0.21.8
  [38e38edf] GLM v1.3.11
  [4210c81c] LifeTable v0.2.3
  [2fda8390] LsqFit v0.11.0
  [8dfed614] Test
Status `/tmp/jl_gFyHeU/Manifest.toml`
  [7d9fca2a] Arpack v0.4.0
  [68821587] Arpack_jll v3.5.0+3
  [4fba245c] ArrayInterface v2.14.13
  [56f22d72] Artifacts v1.3.0
  [9e28174c] BinDeps v1.0.2
  [b99e7846] BinaryProvider v0.5.10
  [336ed68f] CSV v0.7.10
  [324d7699] CategoricalArrays v0.8.3
  [bbf7d656] CommonSubexpressions v0.3.0
  [34da2185] Compat v3.25.0
  [e66e0078] CompilerSupportLibraries_jll v0.3.4+0
  [9a962f9c] DataAPI v1.4.0
  [a93c6f00] DataFrames v0.21.8
  [864edb3b] DataStructures v0.17.20
  [e2d170a0] DataValueInterfaces v1.0.0
  [163ba53b] DiffResults v1.0.3
  [b552c78f] DiffRules v1.0.2
  [31c24e10] Distributions v0.21.9
  [6a86dc24] FiniteDiff v2.7.2
  [f6369f11] ForwardDiff v0.10.14
  [38e38edf] GLM v1.3.11
  [41ab1584] InvertedIndices v1.0.0
  [82899510] IteratorInterfaceExtensions v1.0.0
  [692b3bcd] JLLWrappers v1.2.0
  [682c06a0] JSON v0.21.1
  [4210c81c] LifeTable v0.2.3
  [2fda8390] LsqFit v0.11.0
  [1914dd2f] MacroTools v0.5.6
  [e1d29d7a] Missings v0.4.4
  [d41bc354] NLSolversBase v7.7.1
  [77ba4419] NaNMath v0.3.5
  [4536629a] OpenBLAS_jll v0.3.9+5
  [87e2bd06] OptimBase v2.0.1
  [bac558e1] OrderedCollections v1.3.2
  [90014a1f] PDMats v0.9.12
  [69de0a69] Parsers v1.0.15
  [2dfb63ee] PooledArrays v0.5.3
  [1fd47b50] QuadGK v2.4.1
  [189a3867] Reexport v0.2.0
  [ae029012] Requires v1.1.2
  [79098fc4] Rmath v0.6.1
  [f50d1b31] Rmath_jll v0.2.2+1
  [91c51154] SentinelArrays v1.2.16
  [1277b4bf] ShiftedArrays v1.0.0
  [a2af1166] SortingAlgorithms v0.3.1
  [276daf66] SpecialFunctions v0.8.0
  [90137ffa] StaticArrays v0.12.5
  [2913bbd2] StatsBase v0.32.2
  [4c63d2b9] StatsFuns v0.9.6
  [3eaba693] StatsModels v0.6.18
  [856f2bd8] StructTypes v1.2.1
  [3783bdb8] TableTraits v1.0.0
  [bd369af6] Tables v1.2.2
  [30578b45] URIParser v0.4.1
  [2a0f44e3] Base64
  [ade2ca70] Dates
  [8bb1440f] DelimitedFiles
  [8ba89e20] Distributed
  [9fa8497b] Future
  [b77e0a4c] InteractiveUtils
  [76f85450] LibGit2
  [8f399da3] Libdl
  [37e2e46d] LinearAlgebra
  [56ddb016] Logging
  [d6f4376e] Markdown
  [a63ad114] Mmap
  [44cfe95a] Pkg
  [de0858da] Printf
  [3fa0cd96] REPL
  [9a3f8284] Random
  [ea8e919c] SHA
  [9e88b42a] Serialization
  [1a1011a3] SharedArrays
  [6462fe0b] Sockets
  [2f01184e] SparseArrays
  [10745b16] Statistics
  [4607b0f0] SuiteSparse
  [8dfed614] Test
  [cf7118a7] UUIDs
  [4ec0a83e] Unicode
┌ Warning: `CSV.read(input; kw...)` is deprecated in favor of `using DataFrames; CSV.read(input, DataFrame; kw...)
│   caller = read(::String) at CSV.jl:46
└ @ CSV ~/.julia/packages/CSV/UIgP3/src/CSV.jl:46
┌ Warning: `getindex(df::DataFrame, col_ind::ColumnIndex)` is deprecated, use `df[!, col_ind]` instead.
│   caller = periodlifetable(::DataFrame, ::Int64, ::Bool, ::String) at LifeTable.jl:19
└ @ LifeTable ~/.julia/packages/LifeTable/MDhwI/src/LifeTable.jl:19
┌ Warning: `getindex(df::DataFrame, col_ind::ColumnIndex)` is deprecated, use `df[!, col_ind]` instead.
│   caller = periodlifetable(::DataFrame, ::Int64, ::Bool, ::String) at LifeTable.jl:30
└ @ LifeTable ~/.julia/packages/LifeTable/MDhwI/src/LifeTable.jl:30
┌ Warning: `getindex(df::DataFrame, col_ind::ColumnIndex)` is deprecated, use `df[!, col_ind]` instead.
│   caller = periodlifetable(::DataFrame, ::Int64, ::Bool, ::String) at LifeTable.jl:30
└ @ LifeTable ~/.julia/packages/LifeTable/MDhwI/src/LifeTable.jl:30
┌ Warning: `getindex(df::DataFrame, col_ind::ColumnIndex)` is deprecated, use `df[!, col_ind]` instead.
│   caller = top-level scope at runtests.jl:11
└ @ Core ~/.julia/packages/LifeTable/MDhwI/test/runtests.jl:11
┌ Warning: `getindex(df::DataFrame, col_ind::ColumnIndex)` is deprecated, use `df[!, col_ind]` instead.
│   caller = top-level scope at runtests.jl:23
└ @ Core ~/.julia/packages/LifeTable/MDhwI/test/runtests.jl:23
┌ Warning: `getindex(df::DataFrame, col_ind::ColumnIndex)` is deprecated, use `df[!, col_ind]` instead.
│   caller = top-level scope at runtests.jl:23
└ @ Core ~/.julia/packages/LifeTable/MDhwI/test/runtests.jl:23
┌ Warning: `getindex(df::DataFrame, col_ind::ColumnIndex)` is deprecated, use `df[!, col_ind]` instead.
│   caller = top-level scope at runtests.jl:23
└ @ Core ~/.julia/packages/LifeTable/MDhwI/test/runtests.jl:23
┌ Warning: `getindex(df::DataFrame, col_ind::ColumnIndex)` is deprecated, use `df[!, col_ind]` instead.
│   caller = top-level scope at runtests.jl:25
└ @ Core ~/.julia/packages/LifeTable/MDhwI/test/runtests.jl:25
┌ Warning: `getindex(df::DataFrame, col_ind::ColumnIndex)` is deprecated, use `df[!, col_ind]` instead.
│   caller = top-level scope at runtests.jl:25
└ @ Core ~/.julia/packages/LifeTable/MDhwI/test/runtests.jl:25
┌ Warning: `getindex(df::DataFrame, col_ind::ColumnIndex)` is deprecated, use `df[!, col_ind]` instead.
│   caller = causelife(::DataFrame, ::Array{Float64,1}) at LifeTable.jl:87
└ @ LifeTable ~/.julia/packages/LifeTable/MDhwI/src/LifeTable.jl:87
┌ Warning: `getindex(df::DataFrame, col_ind::ColumnIndex)` is deprecated, use `df[!, col_ind]` instead.
│   caller = causelife(::DataFrame, ::Array{Float64,1}) at LifeTable.jl:89
└ @ LifeTable ~/.julia/packages/LifeTable/MDhwI/src/LifeTable.jl:89
┌ Warning: `getindex(df::DataFrame, col_ind::ColumnIndex)` is deprecated, use `df[!, col_ind]` instead.
│   caller = causelife(::DataFrame, ::Array{Float64,1}) at LifeTable.jl:90
└ @ LifeTable ~/.julia/packages/LifeTable/MDhwI/src/LifeTable.jl:90
┌ Warning: `getindex(df::DataFrame, col_ind::ColumnIndex)` is deprecated, use `df[!, col_ind]` instead.
│   caller = causelife(::DataFrame, ::Array{Float64,1}) at LifeTable.jl:93
└ @ LifeTable ~/.julia/packages/LifeTable/MDhwI/src/LifeTable.jl:93
┌ Warning: `getindex(df::DataFrame, col_ind::ColumnIndex)` is deprecated, use `df[!, col_ind]` instead.
│   caller = periodlifetable(::DataFrame, ::Int64, ::Bool, ::String) at LifeTable.jl:32
└ @ LifeTable ~/.julia/packages/LifeTable/MDhwI/src/LifeTable.jl:32
┌ Warning: `getindex(df::DataFrame, col_ind::ColumnIndex)` is deprecated, use `df[!, col_ind]` instead.
│   caller = top-level scope at runtests.jl:28
└ @ Core ~/.julia/packages/LifeTable/MDhwI/test/runtests.jl:28
┌ Warning: `getindex(df::DataFrame, col_ind::ColumnIndex)` is deprecated, use `df[!, col_ind]` instead.
│   caller = mortsurvfit(::DataFrame, ::Array{Int64,1}, ::String, ::String) at LifeTable.jl:119
└ @ LifeTable ~/.julia/packages/LifeTable/MDhwI/src/LifeTable.jl:119
┌ Warning: `getindex(df::DataFrame, col_ind::ColumnIndex)` is deprecated, use `df[!, col_ind]` instead.
│   caller = mortsurvfit(::DataFrame, ::Array{Int64,1}, ::String, ::String) at LifeTable.jl:120
└ @ LifeTable ~/.julia/packages/LifeTable/MDhwI/src/LifeTable.jl:120
    Testing LifeTable tests passed 

PkgEval succeeded


################################################################################
# PkgEval teardown: 2021-01-11T22:58:52.37
CPU usage: 168.04s (157.40s user, 10.92s kernel)

Network usage:
- eth0: 11.467 MiB received, 306.241 KiB sent

Raw statistics: {"blkio_stats":{"io_queue_recursive":[],"io_serviced_recursive":[{"major":259,"value":0,"op":"Read","minor":0},{"major":259,"value":28,"op":"Write","minor":0},{"major":259,"value":19,"op":"Sync","minor":0},{"major":259,"value":9,"op":"Async","minor":0},{"major":259,"value":0,"op":"Discard","minor":0},{"major":259,"value":28,"op":"Total","minor":0},{"major":253,"value":0,"op":"Read","minor":2},{"major":253,"value":28,"op":"Write","minor":2},{"major":253,"value":19,"op":"Sync","minor":2},{"major":253,"value":9,"op":"Async","minor":2},{"major":253,"value":0,"op":"Discard","minor":2},{"major":253,"value":28,"op":"Total","minor":2}],"io_time_recursive":[],"sectors_recursive":[],"io_service_bytes_recursive":[{"major":259,"value":0,"op":"Read","minor":0},{"major":259,"value":167936,"op":"Write","minor":0},{"major":259,"value":106496,"op":"Sync","minor":0},{"major":259,"value":61440,"op":"Async","minor":0},{"major":259,"value":0,"op":"Discard","minor":0},{"major":259,"value":167936,"op":"Total","minor":0},{"major":253,"value":0,"op":"Read","minor":2},{"major":253,"value":167936,"op":"Write","minor":2},{"major":253,"value":106496,"op":"Sync","minor":2},{"major":253,"value":61440,"op":"Async","minor":2},{"major":253,"value":0,"op":"Discard","minor":2},{"major":253,"value":167936,"op":"Total","minor":2}],"io_wait_time_recursive":[],"io_merged_recursive":[],"io_service_time_recursive":[]},"memory_stats":{"usage":407470080,"max_usage":1872867328,"stats":{"hierarchical_memory_limit":9223372036854771712,"pgmajfault":0,"total_rss":224874496,"inactive_file":135168,"inactive_anon":115568640,"total_pgfault":4558125,"total_cache":150032384,"total_rss_huge":0,"total_active_anon":254926848,"total_pgmajfault":0,"pgpgin":2984817,"rss_huge":0,"mapped_file":0,"total_inactive_file":135168,"dirty":135168,"total_unevictable":0,"total_dirty":135168,"writeback":0,"pgpgout":2893284,"hierarchical_memsw_limit":0,"cache":150032384,"active_file":4595712,"pgfault":4558125,"total_mapped_file":0,"total_pgpgout":2893284,"total_writeback":0,"rss":224874496,"unevictable":0,"total_inactive_anon":115568640,"total_pgpgin":2984817,"active_anon":254926848,"total_active_file":4595712},"limit":540965302272},"name":"/LifeTable-x3BXqgyO","networks":{"eth0":{"rx_bytes":12023559,"rx_packets":2528,"tx_packets":2638,"tx_bytes":313591,"tx_dropped":0,"rx_dropped":6,"tx_errors":0,"rx_errors":0}},"id":"8e96ddf9424a9f603ef76a8a2dfcff3b056105651e1f876ca3dbcde7b6a6a069","preread":"0001-01-01T00:00:00Z","storage_stats":{},"precpu_stats":{"throttling_data":{"throttled_periods":0,"throttled_time":0,"periods":0},"cpu_usage":{"usage_in_usermode":0,"usage_in_kernelmode":0,"total_usage":0}},"pids_stats":{"current":40},"num_procs":0,"cpu_stats":{"throttling_data":{"throttled_periods":0,"throttled_time":0,"periods":0},"system_cpu_usage":6650560204522419,"online_cpus":128,"cpu_usage":{"usage_in_usermode":157400000000,"usage_in_kernelmode":10920000000,"total_usage":168042129480,"percpu_usage":[0,0,0,0,0,0,0,0,0,0,0,0,0,0,0,0,0,0,0,0,0,0,0,0,0,0,0,0,0,0,0,0,0,0,0,0,0,0,0,0,0,0,0,0,0,0,0,0,0,0,0,0,0,0,0,0,0,0,0,0,2363821,0,168038169847,0,0,0,0,0,0,0,0,0,0,0,0,0,0,0,0,0,0,0,0,0,0,0,0,0,0,0,0,0,0,0,0,0,0,0,0,0,0,0,0,0,0,0,0,0,0,0,0,0,0,0,0,0,0,0,0,0,0,0,0,0,3760,1372671,0,219381]}},"read":"2021-01-11T22:58:52.998854944Z"}