################################################################################
# PackageCompiler set-up: 2021-01-11T21:01:27.363
#

Julia Version 1.5.3
Commit 599f52c4c6 (2020-12-18 13:33 UTC)
Platform Info:
  OS: Linux (x86_64-linux-gnu)
  CPU: AMD EPYC 7502 32-Core Processor
  WORD_SIZE: 64
  LIBM: libopenlibm
  LLVM: libLLVM-9.0.1 (ORCJIT, znver2)
Environment:
  JULIA_PKGEVAL = true
  JULIA_PKG_PRECOMPILE_AUTO = 0



################################################################################
# Installation: 2021-01-11T21:01:29.097
#

 Installing known registries into `~/.julia`
#######                                                                   10.7%######################################################################## 100.0%
      Added registry `General` to `~/.julia/registries/General`
  Resolving package versions...
  Installed SortingAlgorithms ── v0.3.1
  Installed MLJModelInterface ── v0.3.7
  Installed Missings ─────────── v0.4.4
  Installed ScientificTypes ──── v1.1.1
  Installed DataAPI ──────────── v1.4.0
  Installed Compat ───────────── v3.25.0
  Installed LightGBM ─────────── v0.4.2
  Installed PackageCompiler ──── v1.2.5
  Installed OrderedCollections ─ v1.3.2
  Installed StatsBase ────────── v0.33.2
  Installed DataStructures ───── v0.18.8
Updating `~/.julia/environments/v1.5/Project.toml`
  [7acf609c] + LightGBM v0.4.2
  [9b87118b] + PackageCompiler v1.2.5
Updating `~/.julia/environments/v1.5/Manifest.toml`
  [34da2185] + Compat v3.25.0
  [9a962f9c] + DataAPI v1.4.0
  [864edb3b] + DataStructures v0.18.8
  [7acf609c] + LightGBM v0.4.2
  [e80e1ace] + MLJModelInterface v0.3.7
  [e1d29d7a] + Missings v0.4.4
  [bac558e1] + OrderedCollections v1.3.2
  [9b87118b] + PackageCompiler v1.2.5
  [321657f4] + ScientificTypes v1.1.1
  [a2af1166] + SortingAlgorithms v0.3.1
  [2913bbd2] + StatsBase v0.33.2
  [2a0f44e3] + Base64
  [ade2ca70] + Dates
  [8bb1440f] + DelimitedFiles
  [8ba89e20] + Distributed
  [b77e0a4c] + InteractiveUtils
  [76f85450] + LibGit2
  [8f399da3] + Libdl
  [37e2e46d] + LinearAlgebra
  [56ddb016] + Logging
  [d6f4376e] + Markdown
  [a63ad114] + Mmap
  [44cfe95a] + Pkg
  [de0858da] + Printf
  [3fa0cd96] + REPL
  [9a3f8284] + Random
  [ea8e919c] + SHA
  [9e88b42a] + Serialization
  [1a1011a3] + SharedArrays
  [6462fe0b] + Sockets
  [2f01184e] + SparseArrays
  [10745b16] + Statistics
  [8dfed614] + Test
  [cf7118a7] + UUIDs
  [4ec0a83e] + Unicode
   Building LightGBM → `~/.julia/packages/LightGBM/35TbY/deps/build.log`


################################################################################
# Compiling: 2021-01-11T21:01:36.833
#

[ Info: PackageCompiler: creating system image object file, this might take a while...
Generated system image is 154.509 MiB, compilation took 177 seconds


################################################################################
# PkgEval set-up: 2021-01-11T21:04:40.753
#

Julia Version 1.5.3
Commit 599f52c4c6 (2020-12-18 13:33 UTC)
Platform Info:
  OS: Linux (x86_64-linux-gnu)
  CPU: AMD EPYC 7502 32-Core Processor
  WORD_SIZE: 64
  LIBM: libopenlibm
  LLVM: libLLVM-9.0.1 (ORCJIT, znver2)
Environment:
  JULIA_PKGEVAL = true
  JULIA_PKG_PRECOMPILE_AUTO = 0

Base.julia_cmd() = `/usr/local/julia/bin/julia -Cnative -J/cache/LightGBM-49rzDFD3.so -g1`


################################################################################
# Installation: 2021-01-11T21:04:42.565
#

 Installing known registries into `~/.julia`
##########                                                                14.5%######################################################################## 100.0%
      Added registry `General` to `~/.julia/registries/General`
  Resolving package versions...
  Installed MLJModelInterface ── v0.3.7
  Installed Missings ─────────── v0.4.4
  Installed SortingAlgorithms ── v0.3.1
  Installed ScientificTypes ──── v1.1.1
  Installed DataAPI ──────────── v1.4.0
  Installed LightGBM ─────────── v0.4.2
  Installed Compat ───────────── v3.25.0
  Installed OrderedCollections ─ v1.3.2
  Installed DataStructures ───── v0.18.8
  Installed StatsBase ────────── v0.33.2
Updating `~/.julia/environments/v1.5/Project.toml`
  [7acf609c] + LightGBM v0.4.2
Updating `~/.julia/environments/v1.5/Manifest.toml`
  [34da2185] + Compat v3.25.0
  [9a962f9c] + DataAPI v1.4.0
  [864edb3b] + DataStructures v0.18.8
  [7acf609c] + LightGBM v0.4.2
  [e80e1ace] + MLJModelInterface v0.3.7
  [e1d29d7a] + Missings v0.4.4
  [bac558e1] + OrderedCollections v1.3.2
  [321657f4] + ScientificTypes v1.1.1
  [a2af1166] + SortingAlgorithms v0.3.1
  [2913bbd2] + StatsBase v0.33.2
  [2a0f44e3] + Base64
  [ade2ca70] + Dates
  [8bb1440f] + DelimitedFiles
  [8ba89e20] + Distributed
  [b77e0a4c] + InteractiveUtils
  [76f85450] + LibGit2
  [8f399da3] + Libdl
  [37e2e46d] + LinearAlgebra
  [56ddb016] + Logging
  [d6f4376e] + Markdown
  [a63ad114] + Mmap
  [44cfe95a] + Pkg
  [de0858da] + Printf
  [3fa0cd96] + REPL
  [9a3f8284] + Random
  [ea8e919c] + SHA
  [9e88b42a] + Serialization
  [1a1011a3] + SharedArrays
  [6462fe0b] + Sockets
  [2f01184e] + SparseArrays
  [10745b16] + Statistics
  [8dfed614] + Test
  [cf7118a7] + UUIDs
  [4ec0a83e] + Unicode
   Building LightGBM → `~/.julia/packages/LightGBM/35TbY/deps/build.log`


################################################################################
# Testing: 2021-01-11T21:04:49.408
#

    Testing LightGBM
Status `/tmp/jl_UA5Cia/Project.toml`
  [324d7699] CategoricalArrays v0.9.0
  [7acf609c] LightGBM v0.4.2
  [a7f614a8] MLJBase v0.16.3
  [e80e1ace] MLJModelInterface v0.3.7
  [2913bbd2] StatsBase v0.33.2
  [ade2ca70] Dates
  [8bb1440f] DelimitedFiles
  [8f399da3] Libdl
  [9a3f8284] Random
  [8dfed614] Test
Status `/tmp/jl_UA5Cia/Manifest.toml`
  [56f22d72] Artifacts v1.3.0
  [fbb218c0] BSON v0.2.6
  [324d7699] CategoricalArrays v0.9.0
  [d360d2e6] ChainRulesCore v0.9.24
  [944b1d66] CodecZlib v0.7.0
  [3da002f7] ColorTypes v0.10.9
  [34da2185] Compat v3.25.0
  [e66e0078] CompilerSupportLibraries_jll v0.3.4+0
  [ed09eef8] ComputationalResources v0.3.2
  [a8cc5b0e] Crayons v4.0.4
  [9a962f9c] DataAPI v1.4.0
  [864edb3b] DataStructures v0.18.8
  [e2d170a0] DataValueInterfaces v1.0.0
  [31c24e10] Distributions v0.24.10
  [e2ba6199] ExprTools v0.1.3
  [8f5d6c58] EzXML v1.1.0
  [48062228] FilePathsBase v0.9.6
  [1a297f60] FillArrays v0.10.2
  [53c48c17] FixedPointNumbers v0.8.4
  [59287772] Formatting v0.4.2
  [cd3eb016] HTTP v0.9.2
  [83e8ac13] IniFile v0.5.0
  [41ab1584] InvertedIndices v1.0.0
  [82899510] IteratorInterfaceExtensions v1.0.0
  [692b3bcd] JLLWrappers v1.2.0
  [9da8a3cd] JLSO v2.4.0
  [682c06a0] JSON v0.21.1
  [7f8f8fb0] LearnBase v0.4.1
  [94ce4f54] Libiconv_jll v1.16.0+7
  [7acf609c] LightGBM v0.4.2
  [30fc2ffe] LossFunctions v0.6.2
  [a7f614a8] MLJBase v0.16.3
  [e80e1ace] MLJModelInterface v0.3.7
  [2e2323e0] MLJScientificTypes v0.4.3
  [739be429] MbedTLS v1.0.3
  [c8ffd9c3] MbedTLS_jll v2.16.8+1
  [f28f55f0] Memento v1.1.2
  [e1d29d7a] Missings v0.4.4
  [78c3b35d] Mocking v0.7.1
  [46d2c3a1] MuladdMacro v0.2.2
  [efe28fd5] OpenSpecFun_jll v0.5.3+4
  [bac558e1] OrderedCollections v1.3.2
  [90014a1f] PDMats v0.10.1
  [d96e819e] Parameters v0.12.1
  [69de0a69] Parsers v1.0.15
  [b1ad91c1] PersistenceDiagramsBase v0.1.1
  [08abe8d2] PrettyTables v0.10.1
  [92933f4c] ProgressMeter v1.4.1
  [1fd47b50] QuadGK v2.4.1
  [3cdcf5f2] RecipesBase v1.1.1
  [189a3867] Reexport v0.2.0
  [79098fc4] Rmath v0.6.1
  [f50d1b31] Rmath_jll v0.2.2+1
  [321657f4] ScientificTypes v1.1.1
  [a2af1166] SortingAlgorithms v0.3.1
  [276daf66] SpecialFunctions v1.2.1
  [2913bbd2] StatsBase v0.33.2
  [4c63d2b9] StatsFuns v0.9.6
  [856f2bd8] StructTypes v1.2.1
  [cea106d9] Syslogs v0.3.0
  [3783bdb8] TableTraits v1.0.0
  [bd369af6] Tables v1.2.2
  [f269a46b] TimeZones v1.5.3
  [3bb67fe8] TranscodingStreams v0.9.5
  [5c2747f8] URIs v1.1.0
  [3a884ed6] UnPack v1.0.2
  [02c8fc9c] XML2_jll v2.9.10+3
  [83775a58] Zlib_jll v1.2.11+18
  [2a0f44e3] Base64
  [ade2ca70] Dates
  [8bb1440f] DelimitedFiles
  [8ba89e20] Distributed
  [9fa8497b] Future
  [b77e0a4c] InteractiveUtils
  [76f85450] LibGit2
  [8f399da3] Libdl
  [37e2e46d] LinearAlgebra
  [56ddb016] Logging
  [d6f4376e] Markdown
  [a63ad114] Mmap
  [44cfe95a] Pkg
  [de0858da] Printf
  [3fa0cd96] REPL
  [9a3f8284] Random
  [ea8e919c] SHA
  [9e88b42a] Serialization
  [1a1011a3] SharedArrays
  [6462fe0b] Sockets
  [2f01184e] SparseArrays
  [10745b16] Statistics
  [4607b0f0] SuiteSparse
  [8dfed614] Test
  [cf7118a7] UUIDs
  [4ec0a83e] Unicode
LGBM_DatasetCreateFromMat -- floats/column major: Error During Test at /home/user/.julia/packages/LightGBM/35TbY/test/ffi/datasets.jl:13
  Got exception outside of a @test
  could not load library "/home/pkgeval/.julia/packages/LightGBM/35TbY/src/lib_lightgbm.so"
  /home/pkgeval/.julia/packages/LightGBM/35TbY/src/lib_lightgbm.so: cannot open shared object file: No such file or directory
  Stacktrace:
   [1] LGBM_DatasetCreateFromMat(::Array{Float64,2}, ::String, ::Bool) at /home/pkgeval/.julia/packages/LightGBM/35TbY/src/wrapper.jl:101
   [2] LGBM_DatasetCreateFromMat(::Array{Float64,2}, ::String) at /home/pkgeval/.julia/packages/LightGBM/35TbY/src/wrapper.jl:121
   [3] top-level scope at /home/user/.julia/packages/LightGBM/35TbY/test/ffi/datasets.jl:16
   [4] top-level scope at /workspace/srcdir/usr/share/julia/stdlib/v1.5/Test/src/Test.jl:1115
   [5] top-level scope at /home/user/.julia/packages/LightGBM/35TbY/test/ffi/datasets.jl:15
   [6] include(::String) at ./client.jl:457
   [7] top-level scope at /home/user/.julia/packages/LightGBM/35TbY/test/runtests.jl:8
   [8] top-level scope at /workspace/srcdir/usr/share/julia/stdlib/v1.5/Test/src/Test.jl:1115
   [9] top-level scope at /home/user/.julia/packages/LightGBM/35TbY/test/runtests.jl:8
   [10] top-level scope at /workspace/srcdir/usr/share/julia/stdlib/v1.5/Test/src/Test.jl:1115
   [11] top-level scope at /home/user/.julia/packages/LightGBM/35TbY/test/runtests.jl:7
   [12] include(::String) at ./client.jl:457
   [13] top-level scope at none:6
   [14] eval(::Module, ::Any) at ./boot.jl:331
   [15] exec_options(::Base.JLOptions) at ./client.jl:272
   [16] _start() at ./client.jl:506
  
LGBM_DatasetCreateFromMat -- floats/row major: Error During Test at /home/user/.julia/packages/LightGBM/35TbY/test/ffi/datasets.jl:29
  Got exception outside of a @test
  could not load library "/home/pkgeval/.julia/packages/LightGBM/35TbY/src/lib_lightgbm.so"
  /home/pkgeval/.julia/packages/LightGBM/35TbY/src/lib_lightgbm.so: cannot open shared object file: No such file or directory
  Stacktrace:
   [1] LGBM_DatasetCreateFromMat(::Array{Float64,2}, ::String, ::Bool) at /home/pkgeval/.julia/packages/LightGBM/35TbY/src/wrapper.jl:101
   [2] top-level scope at /home/user/.julia/packages/LightGBM/35TbY/test/ffi/datasets.jl:32
   [3] top-level scope at /workspace/srcdir/usr/share/julia/stdlib/v1.5/Test/src/Test.jl:1115
   [4] top-level scope at /home/user/.julia/packages/LightGBM/35TbY/test/ffi/datasets.jl:31
   [5] include(::String) at ./client.jl:457
   [6] top-level scope at /home/user/.julia/packages/LightGBM/35TbY/test/runtests.jl:8
   [7] top-level scope at /workspace/srcdir/usr/share/julia/stdlib/v1.5/Test/src/Test.jl:1115
   [8] top-level scope at /home/user/.julia/packages/LightGBM/35TbY/test/runtests.jl:8
   [9] top-level scope at /workspace/srcdir/usr/share/julia/stdlib/v1.5/Test/src/Test.jl:1115
   [10] top-level scope at /home/user/.julia/packages/LightGBM/35TbY/test/runtests.jl:7
   [11] include(::String) at ./client.jl:457
   [12] top-level scope at none:6
   [13] eval(::Module, ::Any) at ./boot.jl:331
   [14] exec_options(::Base.JLOptions) at ./client.jl:272
   [15] _start() at ./client.jl:506
  
LGBM_DatasetCreateFromMat -- ints/column major: Error During Test at /home/user/.julia/packages/LightGBM/35TbY/test/ffi/datasets.jl:46
  Got exception outside of a @test
  could not load library "/home/pkgeval/.julia/packages/LightGBM/35TbY/src/lib_lightgbm.so"
  /home/pkgeval/.julia/packages/LightGBM/35TbY/src/lib_lightgbm.so: cannot open shared object file: No such file or directory
  Stacktrace:
   [1] LGBM_DatasetCreateFromMat(::Array{Float64,2}, ::String, ::Bool) at /home/pkgeval/.julia/packages/LightGBM/35TbY/src/wrapper.jl:101
   [2] LGBM_DatasetCreateFromMat at /home/pkgeval/.julia/packages/LightGBM/35TbY/src/wrapper.jl:139 [inlined] (repeats 2 times)
   [3] top-level scope at /home/user/.julia/packages/LightGBM/35TbY/test/ffi/datasets.jl:49
   [4] top-level scope at /workspace/srcdir/usr/share/julia/stdlib/v1.5/Test/src/Test.jl:1115
   [5] top-level scope at /home/user/.julia/packages/LightGBM/35TbY/test/ffi/datasets.jl:48
   [6] include(::String) at ./client.jl:457
   [7] top-level scope at /home/user/.julia/packages/LightGBM/35TbY/test/runtests.jl:8
   [8] top-level scope at /workspace/srcdir/usr/share/julia/stdlib/v1.5/Test/src/Test.jl:1115
   [9] top-level scope at /home/user/.julia/packages/LightGBM/35TbY/test/runtests.jl:8
   [10] top-level scope at /workspace/srcdir/usr/share/julia/stdlib/v1.5/Test/src/Test.jl:1115
   [11] top-level scope at /home/user/.julia/packages/LightGBM/35TbY/test/runtests.jl:7
   [12] include(::String) at ./client.jl:457
   [13] top-level scope at none:6
   [14] eval(::Module, ::Any) at ./boot.jl:331
   [15] exec_options(::Base.JLOptions) at ./client.jl:272
   [16] _start() at ./client.jl:506
  
LGBM_DatasetCreateFromMat -- ints/row major: Error During Test at /home/user/.julia/packages/LightGBM/35TbY/test/ffi/datasets.jl:62
  Got exception outside of a @test
  could not load library "/home/pkgeval/.julia/packages/LightGBM/35TbY/src/lib_lightgbm.so"
  /home/pkgeval/.julia/packages/LightGBM/35TbY/src/lib_lightgbm.so: cannot open shared object file: No such file or directory
  Stacktrace:
   [1] LGBM_DatasetCreateFromMat(::Array{Float64,2}, ::String, ::Bool) at /home/pkgeval/.julia/packages/LightGBM/35TbY/src/wrapper.jl:101
   [2] LGBM_DatasetCreateFromMat(::Array{Int64,2}, ::String, ::Bool) at /home/pkgeval/.julia/packages/LightGBM/35TbY/src/wrapper.jl:139
   [3] top-level scope at /home/user/.julia/packages/LightGBM/35TbY/test/ffi/datasets.jl:65
   [4] top-level scope at /workspace/srcdir/usr/share/julia/stdlib/v1.5/Test/src/Test.jl:1115
   [5] top-level scope at /home/user/.julia/packages/LightGBM/35TbY/test/ffi/datasets.jl:64
   [6] include(::String) at ./client.jl:457
   [7] top-level scope at /home/user/.julia/packages/LightGBM/35TbY/test/runtests.jl:8
   [8] top-level scope at /workspace/srcdir/usr/share/julia/stdlib/v1.5/Test/src/Test.jl:1115
   [9] top-level scope at /home/user/.julia/packages/LightGBM/35TbY/test/runtests.jl:8
   [10] top-level scope at /workspace/srcdir/usr/share/julia/stdlib/v1.5/Test/src/Test.jl:1115
   [11] top-level scope at /home/user/.julia/packages/LightGBM/35TbY/test/runtests.jl:7
   [12] include(::String) at ./client.jl:457
   [13] top-level scope at none:6
   [14] eval(::Module, ::Any) at ./boot.jl:331
   [15] exec_options(::Base.JLOptions) at ./client.jl:272
   [16] _start() at ./client.jl:506
  
LGBM_DatasetGetSubset: Error During Test at /home/user/.julia/packages/LightGBM/35TbY/test/ffi/datasets.jl:78
  Got exception outside of a @test
  could not load library "/home/pkgeval/.julia/packages/LightGBM/35TbY/src/lib_lightgbm.so"
  /home/pkgeval/.julia/packages/LightGBM/35TbY/src/lib_lightgbm.so: cannot open shared object file: No such file or directory
  Stacktrace:
   [1] LGBM_DatasetCreateFromMat(::Array{Float64,2}, ::String, ::Bool) at /home/pkgeval/.julia/packages/LightGBM/35TbY/src/wrapper.jl:101
   [2] LGBM_DatasetCreateFromMat(::Array{Float64,2}, ::String) at /home/pkgeval/.julia/packages/LightGBM/35TbY/src/wrapper.jl:121
   [3] top-level scope at /home/user/.julia/packages/LightGBM/35TbY/test/ffi/datasets.jl:81
   [4] top-level scope at /workspace/srcdir/usr/share/julia/stdlib/v1.5/Test/src/Test.jl:1115
   [5] top-level scope at /home/user/.julia/packages/LightGBM/35TbY/test/ffi/datasets.jl:80
   [6] include(::String) at ./client.jl:457
   [7] top-level scope at /home/user/.julia/packages/LightGBM/35TbY/test/runtests.jl:8
   [8] top-level scope at /workspace/srcdir/usr/share/julia/stdlib/v1.5/Test/src/Test.jl:1115
   [9] top-level scope at /home/user/.julia/packages/LightGBM/35TbY/test/runtests.jl:8
   [10] top-level scope at /workspace/srcdir/usr/share/julia/stdlib/v1.5/Test/src/Test.jl:1115
   [11] top-level scope at /home/user/.julia/packages/LightGBM/35TbY/test/runtests.jl:7
   [12] include(::String) at ./client.jl:457
   [13] top-level scope at none:6
   [14] eval(::Module, ::Any) at ./boot.jl:331
   [15] exec_options(::Base.JLOptions) at ./client.jl:272
   [16] _start() at ./client.jl:506
  
LGBM_Dataset<Get|Set>FeatureNames: Error During Test at /home/user/.julia/packages/LightGBM/35TbY/test/ffi/datasets.jl:101
  Got exception outside of a @test
  could not load library "/home/pkgeval/.julia/packages/LightGBM/35TbY/src/lib_lightgbm.so"
  /home/pkgeval/.julia/packages/LightGBM/35TbY/src/lib_lightgbm.so: cannot open shared object file: No such file or directory
  Stacktrace:
   [1] LGBM_DatasetCreateFromMat(::Array{Float64,2}, ::String, ::Bool) at /home/pkgeval/.julia/packages/LightGBM/35TbY/src/wrapper.jl:101
   [2] LGBM_DatasetCreateFromMat(::Array{Float64,2}, ::String) at /home/pkgeval/.julia/packages/LightGBM/35TbY/src/wrapper.jl:121
   [3] top-level scope at /home/user/.julia/packages/LightGBM/35TbY/test/ffi/datasets.jl:104
   [4] top-level scope at /workspace/srcdir/usr/share/julia/stdlib/v1.5/Test/src/Test.jl:1115
   [5] top-level scope at /home/user/.julia/packages/LightGBM/35TbY/test/ffi/datasets.jl:103
   [6] include(::String) at ./client.jl:457
   [7] top-level scope at /home/user/.julia/packages/LightGBM/35TbY/test/runtests.jl:8
   [8] top-level scope at /workspace/srcdir/usr/share/julia/stdlib/v1.5/Test/src/Test.jl:1115
   [9] top-level scope at /home/user/.julia/packages/LightGBM/35TbY/test/runtests.jl:8
   [10] top-level scope at /workspace/srcdir/usr/share/julia/stdlib/v1.5/Test/src/Test.jl:1115
   [11] top-level scope at /home/user/.julia/packages/LightGBM/35TbY/test/runtests.jl:7
   [12] include(::String) at ./client.jl:457
   [13] top-level scope at none:6
   [14] eval(::Module, ::Any) at ./boot.jl:331
   [15] exec_options(::Base.JLOptions) at ./client.jl:272
   [16] _start() at ./client.jl:506
  
LGBM_DatasetFree: Error During Test at /home/user/.julia/packages/LightGBM/35TbY/test/ffi/datasets.jl:124
  Got exception outside of a @test
  could not load library "/home/pkgeval/.julia/packages/LightGBM/35TbY/src/lib_lightgbm.so"
  /home/pkgeval/.julia/packages/LightGBM/35TbY/src/lib_lightgbm.so: cannot open shared object file: No such file or directory
  Stacktrace:
   [1] LGBM_DatasetCreateFromMat(::Array{Float64,2}, ::String, ::Bool) at /home/pkgeval/.julia/packages/LightGBM/35TbY/src/wrapper.jl:101
   [2] LGBM_DatasetCreateFromMat(::Array{Float64,2}, ::String) at /home/pkgeval/.julia/packages/LightGBM/35TbY/src/wrapper.jl:121
   [3] top-level scope at /home/user/.julia/packages/LightGBM/35TbY/test/ffi/datasets.jl:127
   [4] top-level scope at /workspace/srcdir/usr/share/julia/stdlib/v1.5/Test/src/Test.jl:1115
   [5] top-level scope at /home/user/.julia/packages/LightGBM/35TbY/test/ffi/datasets.jl:126
   [6] include(::String) at ./client.jl:457
   [7] top-level scope at /home/user/.julia/packages/LightGBM/35TbY/test/runtests.jl:8
   [8] top-level scope at /workspace/srcdir/usr/share/julia/stdlib/v1.5/Test/src/Test.jl:1115
   [9] top-level scope at /home/user/.julia/packages/LightGBM/35TbY/test/runtests.jl:8
   [10] top-level scope at /workspace/srcdir/usr/share/julia/stdlib/v1.5/Test/src/Test.jl:1115
   [11] top-level scope at /home/user/.julia/packages/LightGBM/35TbY/test/runtests.jl:7
   [12] include(::String) at ./client.jl:457
   [13] top-level scope at none:6
   [14] eval(::Module, ::Any) at ./boot.jl:331
   [15] exec_options(::Base.JLOptions) at ./client.jl:272
   [16] _start() at ./client.jl:506
  
LGBM_DatasetGetField: Error During Test at /home/user/.julia/packages/LightGBM/35TbY/test/ffi/datasets.jl:144
  Got exception outside of a @test
  could not load library "/home/pkgeval/.julia/packages/LightGBM/35TbY/src/lib_lightgbm.so"
  /home/pkgeval/.julia/packages/LightGBM/35TbY/src/lib_lightgbm.so: cannot open shared object file: No such file or directory
  Stacktrace:
   [1] LGBM_DatasetCreateFromMat(::Array{Float64,2}, ::String, ::Bool) at /home/pkgeval/.julia/packages/LightGBM/35TbY/src/wrapper.jl:101
   [2] LGBM_DatasetCreateFromMat(::Array{Float64,2}, ::String) at /home/pkgeval/.julia/packages/LightGBM/35TbY/src/wrapper.jl:121
   [3] top-level scope at /home/user/.julia/packages/LightGBM/35TbY/test/ffi/datasets.jl:147
   [4] top-level scope at /workspace/srcdir/usr/share/julia/stdlib/v1.5/Test/src/Test.jl:1115
   [5] top-level scope at /home/user/.julia/packages/LightGBM/35TbY/test/ffi/datasets.jl:146
   [6] include(::String) at ./client.jl:457
   [7] top-level scope at /home/user/.julia/packages/LightGBM/35TbY/test/runtests.jl:8
   [8] top-level scope at /workspace/srcdir/usr/share/julia/stdlib/v1.5/Test/src/Test.jl:1115
   [9] top-level scope at /home/user/.julia/packages/LightGBM/35TbY/test/runtests.jl:8
   [10] top-level scope at /workspace/srcdir/usr/share/julia/stdlib/v1.5/Test/src/Test.jl:1115
   [11] top-level scope at /home/user/.julia/packages/LightGBM/35TbY/test/runtests.jl:7
   [12] include(::String) at ./client.jl:457
   [13] top-level scope at none:6
   [14] eval(::Module, ::Any) at ./boot.jl:331
   [15] exec_options(::Base.JLOptions) at ./client.jl:272
   [16] _start() at ./client.jl:506
  
LGBM_BoosterCreate: Error During Test at /home/user/.julia/packages/LightGBM/35TbY/test/ffi/booster.jl:13
  Got exception outside of a @test
  could not load library "/home/pkgeval/.julia/packages/LightGBM/35TbY/src/lib_lightgbm.so"
  /home/pkgeval/.julia/packages/LightGBM/35TbY/src/lib_lightgbm.so: cannot open shared object file: No such file or directory
  Stacktrace:
   [1] LGBM_DatasetCreateFromMat(::Array{Float64,2}, ::String, ::Bool) at /home/pkgeval/.julia/packages/LightGBM/35TbY/src/wrapper.jl:101
   [2] LGBM_DatasetCreateFromMat(::Array{Float64,2}, ::String) at /home/pkgeval/.julia/packages/LightGBM/35TbY/src/wrapper.jl:121
   [3] top-level scope at /home/user/.julia/packages/LightGBM/35TbY/test/ffi/booster.jl:16
   [4] top-level scope at /workspace/srcdir/usr/share/julia/stdlib/v1.5/Test/src/Test.jl:1115
   [5] top-level scope at /home/user/.julia/packages/LightGBM/35TbY/test/ffi/booster.jl:15
   [6] include(::String) at ./client.jl:457
   [7] top-level scope at /home/user/.julia/packages/LightGBM/35TbY/test/runtests.jl:12
   [8] top-level scope at /workspace/srcdir/usr/share/julia/stdlib/v1.5/Test/src/Test.jl:1115
   [9] top-level scope at /home/user/.julia/packages/LightGBM/35TbY/test/runtests.jl:12
   [10] top-level scope at /workspace/srcdir/usr/share/julia/stdlib/v1.5/Test/src/Test.jl:1115
   [11] top-level scope at /home/user/.julia/packages/LightGBM/35TbY/test/runtests.jl:7
   [12] include(::String) at ./client.jl:457
   [13] top-level scope at none:6
   [14] eval(::Module, ::Any) at ./boot.jl:331
   [15] exec_options(::Base.JLOptions) at ./client.jl:272
   [16] _start() at ./client.jl:506
  
LGBM_BoosterCreateFromModelfile: Error During Test at /home/user/.julia/packages/LightGBM/35TbY/test/ffi/booster.jl:25
  Got exception outside of a @test
  could not load library "/home/pkgeval/.julia/packages/LightGBM/35TbY/src/lib_lightgbm.so"
  /home/pkgeval/.julia/packages/LightGBM/35TbY/src/lib_lightgbm.so: cannot open shared object file: No such file or directory
  Stacktrace:
   [1] LGBM_BoosterCreateFromModelfile(::String) at /home/pkgeval/.julia/packages/LightGBM/35TbY/src/wrapper.jl:101
   [2] top-level scope at /home/user/.julia/packages/LightGBM/35TbY/test/ffi/booster.jl:27
   [3] top-level scope at /workspace/srcdir/usr/share/julia/stdlib/v1.5/Test/src/Test.jl:1115
   [4] top-level scope at /home/user/.julia/packages/LightGBM/35TbY/test/ffi/booster.jl:27
   [5] include(::String) at ./client.jl:457
   [6] top-level scope at /home/user/.julia/packages/LightGBM/35TbY/test/runtests.jl:12
   [7] top-level scope at /workspace/srcdir/usr/share/julia/stdlib/v1.5/Test/src/Test.jl:1115
   [8] top-level scope at /home/user/.julia/packages/LightGBM/35TbY/test/runtests.jl:12
   [9] top-level scope at /workspace/srcdir/usr/share/julia/stdlib/v1.5/Test/src/Test.jl:1115
   [10] top-level scope at /home/user/.julia/packages/LightGBM/35TbY/test/runtests.jl:7
   [11] include(::String) at ./client.jl:457
   [12] top-level scope at none:6
   [13] eval(::Module, ::Any) at ./boot.jl:331
   [14] exec_options(::Base.JLOptions) at ./client.jl:272
   [15] _start() at ./client.jl:506
  
LGBM_BoosterLoadModelFromString: Error During Test at /home/user/.julia/packages/LightGBM/35TbY/test/ffi/booster.jl:33
  Got exception outside of a @test
  could not load library "/home/pkgeval/.julia/packages/LightGBM/35TbY/src/lib_lightgbm.so"
  /home/pkgeval/.julia/packages/LightGBM/35TbY/src/lib_lightgbm.so: cannot open shared object file: No such file or directory
  Stacktrace:
   [1] LGBM_BoosterLoadModelFromString(::String) at /home/pkgeval/.julia/packages/LightGBM/35TbY/src/wrapper.jl:101
   [2] top-level scope at /home/user/.julia/packages/LightGBM/35TbY/test/ffi/booster.jl:36
   [3] top-level scope at /workspace/srcdir/usr/share/julia/stdlib/v1.5/Test/src/Test.jl:1115
   [4] top-level scope at /home/user/.julia/packages/LightGBM/35TbY/test/ffi/booster.jl:35
   [5] include(::String) at ./client.jl:457
   [6] top-level scope at /home/user/.julia/packages/LightGBM/35TbY/test/runtests.jl:12
   [7] top-level scope at /workspace/srcdir/usr/share/julia/stdlib/v1.5/Test/src/Test.jl:1115
   [8] top-level scope at /home/user/.julia/packages/LightGBM/35TbY/test/runtests.jl:12
   [9] top-level scope at /workspace/srcdir/usr/share/julia/stdlib/v1.5/Test/src/Test.jl:1115
   [10] top-level scope at /home/user/.julia/packages/LightGBM/35TbY/test/runtests.jl:7
   [11] include(::String) at ./client.jl:457
   [12] top-level scope at none:6
   [13] eval(::Module, ::Any) at ./boot.jl:331
   [14] exec_options(::Base.JLOptions) at ./client.jl:272
   [15] _start() at ./client.jl:506
  
LGBM_BoosterFree: Error During Test at /home/user/.julia/packages/LightGBM/35TbY/test/ffi/booster.jl:42
  Got exception outside of a @test
  could not load library "/home/pkgeval/.julia/packages/LightGBM/35TbY/src/lib_lightgbm.so"
  /home/pkgeval/.julia/packages/LightGBM/35TbY/src/lib_lightgbm.so: cannot open shared object file: No such file or directory
  Stacktrace:
   [1] LGBM_DatasetCreateFromMat(::Array{Float64,2}, ::String, ::Bool) at /home/pkgeval/.julia/packages/LightGBM/35TbY/src/wrapper.jl:101
   [2] LGBM_DatasetCreateFromMat(::Array{Float64,2}, ::String) at /home/pkgeval/.julia/packages/LightGBM/35TbY/src/wrapper.jl:121
   [3] top-level scope at /home/user/.julia/packages/LightGBM/35TbY/test/ffi/booster.jl:45
   [4] top-level scope at /workspace/srcdir/usr/share/julia/stdlib/v1.5/Test/src/Test.jl:1115
   [5] top-level scope at /home/user/.julia/packages/LightGBM/35TbY/test/ffi/booster.jl:44
   [6] include(::String) at ./client.jl:457
   [7] top-level scope at /home/user/.julia/packages/LightGBM/35TbY/test/runtests.jl:12
   [8] top-level scope at /workspace/srcdir/usr/share/julia/stdlib/v1.5/Test/src/Test.jl:1115
   [9] top-level scope at /home/user/.julia/packages/LightGBM/35TbY/test/runtests.jl:12
   [10] top-level scope at /workspace/srcdir/usr/share/julia/stdlib/v1.5/Test/src/Test.jl:1115
   [11] top-level scope at /home/user/.julia/packages/LightGBM/35TbY/test/runtests.jl:7
   [12] include(::String) at ./client.jl:457
   [13] top-level scope at none:6
   [14] eval(::Module, ::Any) at ./boot.jl:331
   [15] exec_options(::Base.JLOptions) at ./client.jl:272
   [16] _start() at ./client.jl:506
  
LGBM_BoosterMerge: Error During Test at /home/user/.julia/packages/LightGBM/35TbY/test/ffi/booster.jl:56
  Got exception outside of a @test
  could not load library "/home/pkgeval/.julia/packages/LightGBM/35TbY/src/lib_lightgbm.so"
  /home/pkgeval/.julia/packages/LightGBM/35TbY/src/lib_lightgbm.so: cannot open shared object file: No such file or directory
  Stacktrace:
   [1] LGBM_BoosterCreateFromModelfile(::String) at /home/pkgeval/.julia/packages/LightGBM/35TbY/src/wrapper.jl:101
   [2] top-level scope at /home/user/.julia/packages/LightGBM/35TbY/test/ffi/booster.jl:58
   [3] top-level scope at /workspace/srcdir/usr/share/julia/stdlib/v1.5/Test/src/Test.jl:1115
   [4] top-level scope at /home/user/.julia/packages/LightGBM/35TbY/test/ffi/booster.jl:58
   [5] include(::String) at ./client.jl:457
   [6] top-level scope at /home/user/.julia/packages/LightGBM/35TbY/test/runtests.jl:12
   [7] top-level scope at /workspace/srcdir/usr/share/julia/stdlib/v1.5/Test/src/Test.jl:1115
   [8] top-level scope at /home/user/.julia/packages/LightGBM/35TbY/test/runtests.jl:12
   [9] top-level scope at /workspace/srcdir/usr/share/julia/stdlib/v1.5/Test/src/Test.jl:1115
   [10] top-level scope at /home/user/.julia/packages/LightGBM/35TbY/test/runtests.jl:7
   [11] include(::String) at ./client.jl:457
   [12] top-level scope at none:6
   [13] eval(::Module, ::Any) at ./boot.jl:331
   [14] exec_options(::Base.JLOptions) at ./client.jl:272
   [15] _start() at ./client.jl:506
  
LGBM_BoosterAddValidData: Error During Test at /home/user/.julia/packages/LightGBM/35TbY/test/ffi/booster.jl:80
  Got exception outside of a @test
  could not load library "/home/pkgeval/.julia/packages/LightGBM/35TbY/src/lib_lightgbm.so"
  /home/pkgeval/.julia/packages/LightGBM/35TbY/src/lib_lightgbm.so: cannot open shared object file: No such file or directory
  Stacktrace:
   [1] LGBM_DatasetCreateFromMat(::Array{Float64,2}, ::String, ::Bool) at /home/pkgeval/.julia/packages/LightGBM/35TbY/src/wrapper.jl:101
   [2] LGBM_DatasetCreateFromMat(::Array{Float64,2}, ::String) at /home/pkgeval/.julia/packages/LightGBM/35TbY/src/wrapper.jl:121
   [3] top-level scope at /home/user/.julia/packages/LightGBM/35TbY/test/ffi/booster.jl:83
   [4] top-level scope at /workspace/srcdir/usr/share/julia/stdlib/v1.5/Test/src/Test.jl:1115
   [5] top-level scope at /home/user/.julia/packages/LightGBM/35TbY/test/ffi/booster.jl:82
   [6] include(::String) at ./client.jl:457
   [7] top-level scope at /home/user/.julia/packages/LightGBM/35TbY/test/runtests.jl:12
   [8] top-level scope at /workspace/srcdir/usr/share/julia/stdlib/v1.5/Test/src/Test.jl:1115
   [9] top-level scope at /home/user/.julia/packages/LightGBM/35TbY/test/runtests.jl:12
   [10] top-level scope at /workspace/srcdir/usr/share/julia/stdlib/v1.5/Test/src/Test.jl:1115
   [11] top-level scope at /home/user/.julia/packages/LightGBM/35TbY/test/runtests.jl:7
   [12] include(::String) at ./client.jl:457
   [13] top-level scope at none:6
   [14] eval(::Module, ::Any) at ./boot.jl:331
   [15] exec_options(::Base.JLOptions) at ./client.jl:272
   [16] _start() at ./client.jl:506
  
LGBM_BoosterResetTrainingData: Error During Test at /home/user/.julia/packages/LightGBM/35TbY/test/ffi/booster.jl:95
  Got exception outside of a @test
  could not load library "/home/pkgeval/.julia/packages/LightGBM/35TbY/src/lib_lightgbm.so"
  /home/pkgeval/.julia/packages/LightGBM/35TbY/src/lib_lightgbm.so: cannot open shared object file: No such file or directory
  Stacktrace:
   [1] LGBM_DatasetCreateFromMat(::Array{Float64,2}, ::String, ::Bool) at /home/pkgeval/.julia/packages/LightGBM/35TbY/src/wrapper.jl:101
   [2] LGBM_DatasetCreateFromMat(::Array{Float64,2}, ::String) at /home/pkgeval/.julia/packages/LightGBM/35TbY/src/wrapper.jl:121
   [3] top-level scope at /home/user/.julia/packages/LightGBM/35TbY/test/ffi/booster.jl:98
   [4] top-level scope at /workspace/srcdir/usr/share/julia/stdlib/v1.5/Test/src/Test.jl:1115
   [5] top-level scope at /home/user/.julia/packages/LightGBM/35TbY/test/ffi/booster.jl:97
   [6] include(::String) at ./client.jl:457
   [7] top-level scope at /home/user/.julia/packages/LightGBM/35TbY/test/runtests.jl:12
   [8] top-level scope at /workspace/srcdir/usr/share/julia/stdlib/v1.5/Test/src/Test.jl:1115
   [9] top-level scope at /home/user/.julia/packages/LightGBM/35TbY/test/runtests.jl:12
   [10] top-level scope at /workspace/srcdir/usr/share/julia/stdlib/v1.5/Test/src/Test.jl:1115
   [11] top-level scope at /home/user/.julia/packages/LightGBM/35TbY/test/runtests.jl:7
   [12] include(::String) at ./client.jl:457
   [13] top-level scope at none:6
   [14] eval(::Module, ::Any) at ./boot.jl:331
   [15] exec_options(::Base.JLOptions) at ./client.jl:272
   [16] _start() at ./client.jl:506
  
LGBM_BoosterGetNumClasses: Error During Test at /home/user/.julia/packages/LightGBM/35TbY/test/ffi/booster.jl:120
  Got exception outside of a @test
  could not load library "/home/pkgeval/.julia/packages/LightGBM/35TbY/src/lib_lightgbm.so"
  /home/pkgeval/.julia/packages/LightGBM/35TbY/src/lib_lightgbm.so: cannot open shared object file: No such file or directory
  Stacktrace:
   [1] LGBM_DatasetCreateFromMat(::Array{Float64,2}, ::String, ::Bool) at /home/pkgeval/.julia/packages/LightGBM/35TbY/src/wrapper.jl:101
   [2] LGBM_DatasetCreateFromMat at /home/pkgeval/.julia/packages/LightGBM/35TbY/src/wrapper.jl:121 [inlined]
   [3] macro expansion at /home/user/.julia/packages/LightGBM/35TbY/test/ffi/booster.jl:123 [inlined]
   [4] macro expansion at /workspace/srcdir/usr/share/julia/stdlib/v1.5/Test/src/Test.jl:1115 [inlined]
   [5] top-level scope at /home/user/.julia/packages/LightGBM/35TbY/test/ffi/booster.jl:122
   [6] include(::String) at ./client.jl:457
   [7] top-level scope at /home/user/.julia/packages/LightGBM/35TbY/test/runtests.jl:12
   [8] top-level scope at /workspace/srcdir/usr/share/julia/stdlib/v1.5/Test/src/Test.jl:1115
   [9] top-level scope at /home/user/.julia/packages/LightGBM/35TbY/test/runtests.jl:12
   [10] top-level scope at /workspace/srcdir/usr/share/julia/stdlib/v1.5/Test/src/Test.jl:1115
   [11] top-level scope at /home/user/.julia/packages/LightGBM/35TbY/test/runtests.jl:7
   [12] include(::String) at ./client.jl:457
   [13] top-level scope at none:6
   [14] eval(::Module, ::Any) at ./boot.jl:331
   [15] exec_options(::Base.JLOptions) at ./client.jl:272
   [16] _start() at ./client.jl:506
  
LGBM_BoosterUpdateOneIter: Error During Test at /home/user/.julia/packages/LightGBM/35TbY/test/ffi/booster.jl:137
  Got exception outside of a @test
  could not load library "/home/pkgeval/.julia/packages/LightGBM/35TbY/src/lib_lightgbm.so"
  /home/pkgeval/.julia/packages/LightGBM/35TbY/src/lib_lightgbm.so: cannot open shared object file: No such file or directory
  Stacktrace:
   [1] LGBM_DatasetCreateFromMat(::Array{Float64,2}, ::String, ::Bool) at /home/pkgeval/.julia/packages/LightGBM/35TbY/src/wrapper.jl:101
   [2] LGBM_DatasetCreateFromMat(::Array{Float64,2}, ::String) at /home/pkgeval/.julia/packages/LightGBM/35TbY/src/wrapper.jl:121
   [3] top-level scope at /home/user/.julia/packages/LightGBM/35TbY/test/ffi/booster.jl:141
   [4] top-level scope at /workspace/srcdir/usr/share/julia/stdlib/v1.5/Test/src/Test.jl:1115
   [5] top-level scope at /home/user/.julia/packages/LightGBM/35TbY/test/ffi/booster.jl:139
   [6] include(::String) at ./client.jl:457
   [7] top-level scope at /home/user/.julia/packages/LightGBM/35TbY/test/runtests.jl:12
   [8] top-level scope at /workspace/srcdir/usr/share/julia/stdlib/v1.5/Test/src/Test.jl:1115
   [9] top-level scope at /home/user/.julia/packages/LightGBM/35TbY/test/runtests.jl:12
   [10] top-level scope at /workspace/srcdir/usr/share/julia/stdlib/v1.5/Test/src/Test.jl:1115
   [11] top-level scope at /home/user/.julia/packages/LightGBM/35TbY/test/runtests.jl:7
   [12] include(::String) at ./client.jl:457
   [13] top-level scope at none:6
   [14] eval(::Module, ::Any) at ./boot.jl:331
   [15] exec_options(::Base.JLOptions) at ./client.jl:272
   [16] _start() at ./client.jl:506
  
LGBM_BoosterGetCurrentIteration: Error During Test at /home/user/.julia/packages/LightGBM/35TbY/test/ffi/booster.jl:172
  Got exception outside of a @test
  could not load library "/home/pkgeval/.julia/packages/LightGBM/35TbY/src/lib_lightgbm.so"
  /home/pkgeval/.julia/packages/LightGBM/35TbY/src/lib_lightgbm.so: cannot open shared object file: No such file or directory
  Stacktrace:
   [1] LGBM_DatasetCreateFromMat(::Array{Float64,2}, ::String, ::Bool) at /home/pkgeval/.julia/packages/LightGBM/35TbY/src/wrapper.jl:101
   [2] LGBM_DatasetCreateFromMat at /home/pkgeval/.julia/packages/LightGBM/35TbY/src/wrapper.jl:121 [inlined]
   [3] macro expansion at /home/user/.julia/packages/LightGBM/35TbY/test/ffi/booster.jl:176 [inlined]
   [4] macro expansion at /workspace/srcdir/usr/share/julia/stdlib/v1.5/Test/src/Test.jl:1115 [inlined]
   [5] top-level scope at /home/user/.julia/packages/LightGBM/35TbY/test/ffi/booster.jl:174
   [6] include(::String) at ./client.jl:457
   [7] top-level scope at /home/user/.julia/packages/LightGBM/35TbY/test/runtests.jl:12
   [8] top-level scope at /workspace/srcdir/usr/share/julia/stdlib/v1.5/Test/src/Test.jl:1115
   [9] top-level scope at /home/user/.julia/packages/LightGBM/35TbY/test/runtests.jl:12
   [10] top-level scope at /workspace/srcdir/usr/share/julia/stdlib/v1.5/Test/src/Test.jl:1115
   [11] top-level scope at /home/user/.julia/packages/LightGBM/35TbY/test/runtests.jl:7
   [12] include(::String) at ./client.jl:457
   [13] top-level scope at none:6
   [14] eval(::Module, ::Any) at ./boot.jl:331
   [15] exec_options(::Base.JLOptions) at ./client.jl:272
   [16] _start() at ./client.jl:506
  
LGBM_BoosterGetEvalNames: Error During Test at /home/user/.julia/packages/LightGBM/35TbY/test/ffi/booster.jl:219
  Got exception outside of a @test
  could not load library "/home/pkgeval/.julia/packages/LightGBM/35TbY/src/lib_lightgbm.so"
  /home/pkgeval/.julia/packages/LightGBM/35TbY/src/lib_lightgbm.so: cannot open shared object file: No such file or directory
  Stacktrace:
   [1] LGBM_DatasetCreateFromMat(::Array{Float64,2}, ::String, ::Bool) at /home/pkgeval/.julia/packages/LightGBM/35TbY/src/wrapper.jl:101
   [2] LGBM_DatasetCreateFromMat(::Array{Float64,2}, ::String) at /home/pkgeval/.julia/packages/LightGBM/35TbY/src/wrapper.jl:121
   [3] top-level scope at /home/user/.julia/packages/LightGBM/35TbY/test/ffi/booster.jl:222
   [4] top-level scope at /workspace/srcdir/usr/share/julia/stdlib/v1.5/Test/src/Test.jl:1115
   [5] top-level scope at /home/user/.julia/packages/LightGBM/35TbY/test/ffi/booster.jl:221
   [6] include(::String) at ./client.jl:457
   [7] top-level scope at /home/user/.julia/packages/LightGBM/35TbY/test/runtests.jl:12
   [8] top-level scope at /workspace/srcdir/usr/share/julia/stdlib/v1.5/Test/src/Test.jl:1115
   [9] top-level scope at /home/user/.julia/packages/LightGBM/35TbY/test/runtests.jl:12
   [10] top-level scope at /workspace/srcdir/usr/share/julia/stdlib/v1.5/Test/src/Test.jl:1115
   [11] top-level scope at /home/user/.julia/packages/LightGBM/35TbY/test/runtests.jl:7
   [12] include(::String) at ./client.jl:457
   [13] top-level scope at none:6
   [14] eval(::Module, ::Any) at ./boot.jl:331
   [15] exec_options(::Base.JLOptions) at ./client.jl:272
   [16] _start() at ./client.jl:506
  
LGBM_BoosterGetFeatureNames: Error During Test at /home/user/.julia/packages/LightGBM/35TbY/test/ffi/booster.jl:229
  Got exception outside of a @test
  could not load library "/home/pkgeval/.julia/packages/LightGBM/35TbY/src/lib_lightgbm.so"
  /home/pkgeval/.julia/packages/LightGBM/35TbY/src/lib_lightgbm.so: cannot open shared object file: No such file or directory
  Stacktrace:
   [1] LGBM_DatasetCreateFromMat(::Array{Float64,2}, ::String, ::Bool) at /home/pkgeval/.julia/packages/LightGBM/35TbY/src/wrapper.jl:101
   [2] LGBM_DatasetCreateFromMat(::Array{Float64,2}, ::String) at /home/pkgeval/.julia/packages/LightGBM/35TbY/src/wrapper.jl:121
   [3] top-level scope at /home/user/.julia/packages/LightGBM/35TbY/test/ffi/booster.jl:232
   [4] top-level scope at /workspace/srcdir/usr/share/julia/stdlib/v1.5/Test/src/Test.jl:1115
   [5] top-level scope at /home/user/.julia/packages/LightGBM/35TbY/test/ffi/booster.jl:231
   [6] include(::String) at ./client.jl:457
   [7] top-level scope at /home/user/.julia/packages/LightGBM/35TbY/test/runtests.jl:12
   [8] top-level scope at /workspace/srcdir/usr/share/julia/stdlib/v1.5/Test/src/Test.jl:1115
   [9] top-level scope at /home/user/.julia/packages/LightGBM/35TbY/test/runtests.jl:12
   [10] top-level scope at /workspace/srcdir/usr/share/julia/stdlib/v1.5/Test/src/Test.jl:1115
   [11] top-level scope at /home/user/.julia/packages/LightGBM/35TbY/test/runtests.jl:7
   [12] include(::String) at ./client.jl:457
   [13] top-level scope at none:6
   [14] eval(::Module, ::Any) at ./boot.jl:331
   [15] exec_options(::Base.JLOptions) at ./client.jl:272
   [16] _start() at ./client.jl:506
  
LGBM_BoosterGetNumFeature: Error During Test at /home/user/.julia/packages/LightGBM/35TbY/test/ffi/booster.jl:241
  Got exception outside of a @test
  could not load library "/home/pkgeval/.julia/packages/LightGBM/35TbY/src/lib_lightgbm.so"
  /home/pkgeval/.julia/packages/LightGBM/35TbY/src/lib_lightgbm.so: cannot open shared object file: No such file or directory
  Stacktrace:
   [1] LGBM_DatasetCreateFromMat(::Array{Float64,2}, ::String, ::Bool) at /home/pkgeval/.julia/packages/LightGBM/35TbY/src/wrapper.jl:101
   [2] LGBM_DatasetCreateFromMat(::Array{Float64,2}, ::String) at /home/pkgeval/.julia/packages/LightGBM/35TbY/src/wrapper.jl:121
   [3] top-level scope at /home/user/.julia/packages/LightGBM/35TbY/test/ffi/booster.jl:244
   [4] top-level scope at /workspace/srcdir/usr/share/julia/stdlib/v1.5/Test/src/Test.jl:1115
   [5] top-level scope at /home/user/.julia/packages/LightGBM/35TbY/test/ffi/booster.jl:243
   [6] include(::String) at ./client.jl:457
   [7] top-level scope at /home/user/.julia/packages/LightGBM/35TbY/test/runtests.jl:12
   [8] top-level scope at /workspace/srcdir/usr/share/julia/stdlib/v1.5/Test/src/Test.jl:1115
   [9] top-level scope at /home/user/.julia/packages/LightGBM/35TbY/test/runtests.jl:12
   [10] top-level scope at /workspace/srcdir/usr/share/julia/stdlib/v1.5/Test/src/Test.jl:1115
   [11] top-level scope at /home/user/.julia/packages/LightGBM/35TbY/test/runtests.jl:7
   [12] include(::String) at ./client.jl:457
   [13] top-level scope at none:6
   [14] eval(::Module, ::Any) at ./boot.jl:331
   [15] exec_options(::Base.JLOptions) at ./client.jl:272
   [16] _start() at ./client.jl:506
  
LGBM_BoosterSaveModel: Error During Test at /home/user/.julia/packages/LightGBM/35TbY/test/ffi/booster.jl:291
  Got exception outside of a @test
  could not load library "/home/pkgeval/.julia/packages/LightGBM/35TbY/src/lib_lightgbm.so"
  /home/pkgeval/.julia/packages/LightGBM/35TbY/src/lib_lightgbm.so: cannot open shared object file: No such file or directory
  Stacktrace:
   [1] LGBM_BoosterCreateFromModelfile(::String) at /home/pkgeval/.julia/packages/LightGBM/35TbY/src/wrapper.jl:101
   [2] top-level scope at /home/user/.julia/packages/LightGBM/35TbY/test/ffi/booster.jl:293
   [3] top-level scope at /workspace/srcdir/usr/share/julia/stdlib/v1.5/Test/src/Test.jl:1115
   [4] top-level scope at /home/user/.julia/packages/LightGBM/35TbY/test/ffi/booster.jl:293
   [5] include(::String) at ./client.jl:457
   [6] top-level scope at /home/user/.julia/packages/LightGBM/35TbY/test/runtests.jl:12
   [7] top-level scope at /workspace/srcdir/usr/share/julia/stdlib/v1.5/Test/src/Test.jl:1115
   [8] top-level scope at /home/user/.julia/packages/LightGBM/35TbY/test/runtests.jl:12
   [9] top-level scope at /workspace/srcdir/usr/share/julia/stdlib/v1.5/Test/src/Test.jl:1115
   [10] top-level scope at /home/user/.julia/packages/LightGBM/35TbY/test/runtests.jl:7
   [11] include(::String) at ./client.jl:457
   [12] top-level scope at none:6
   [13] eval(::Module, ::Any) at ./boot.jl:331
   [14] exec_options(::Base.JLOptions) at ./client.jl:272
   [15] _start() at ./client.jl:506
  
LGBM_BoosterSaveModelToString: Error During Test at /home/user/.julia/packages/LightGBM/35TbY/test/ffi/booster.jl:305
  Got exception outside of a @test
  could not load library "/home/pkgeval/.julia/packages/LightGBM/35TbY/src/lib_lightgbm.so"
  /home/pkgeval/.julia/packages/LightGBM/35TbY/src/lib_lightgbm.so: cannot open shared object file: No such file or directory
  Stacktrace:
   [1] LGBM_BoosterCreateFromModelfile(::String) at /home/pkgeval/.julia/packages/LightGBM/35TbY/src/wrapper.jl:101
   [2] top-level scope at /home/user/.julia/packages/LightGBM/35TbY/test/ffi/booster.jl:307
   [3] top-level scope at /workspace/srcdir/usr/share/julia/stdlib/v1.5/Test/src/Test.jl:1115
   [4] top-level scope at /home/user/.julia/packages/LightGBM/35TbY/test/ffi/booster.jl:307
   [5] include(::String) at ./client.jl:457
   [6] top-level scope at /home/user/.julia/packages/LightGBM/35TbY/test/runtests.jl:12
   [7] top-level scope at /workspace/srcdir/usr/share/julia/stdlib/v1.5/Test/src/Test.jl:1115
   [8] top-level scope at /home/user/.julia/packages/LightGBM/35TbY/test/runtests.jl:12
   [9] top-level scope at /workspace/srcdir/usr/share/julia/stdlib/v1.5/Test/src/Test.jl:1115
   [10] top-level scope at /home/user/.julia/packages/LightGBM/35TbY/test/runtests.jl:7
   [11] include(::String) at ./client.jl:457
   [12] top-level scope at none:6
   [13] eval(::Module, ::Any) at ./boot.jl:331
   [14] exec_options(::Base.JLOptions) at ./client.jl:272
   [15] _start() at ./client.jl:506
  
LGBM_BoosterFeatureImportance: Error During Test at /home/user/.julia/packages/LightGBM/35TbY/test/ffi/booster.jl:351
  Got exception outside of a @test
  could not load library "/home/pkgeval/.julia/packages/LightGBM/35TbY/src/lib_lightgbm.so"
  /home/pkgeval/.julia/packages/LightGBM/35TbY/src/lib_lightgbm.so: cannot open shared object file: No such file or directory
  Stacktrace:
   [1] LGBM_BoosterCreateFromModelfile(::String) at /home/pkgeval/.julia/packages/LightGBM/35TbY/src/wrapper.jl:101
   [2] top-level scope at /home/user/.julia/packages/LightGBM/35TbY/test/ffi/booster.jl:354
   [3] top-level scope at /workspace/srcdir/usr/share/julia/stdlib/v1.5/Test/src/Test.jl:1115
   [4] top-level scope at /home/user/.julia/packages/LightGBM/35TbY/test/ffi/booster.jl:353
   [5] include(::String) at ./client.jl:457
   [6] top-level scope at /home/user/.julia/packages/LightGBM/35TbY/test/runtests.jl:12
   [7] top-level scope at /workspace/srcdir/usr/share/julia/stdlib/v1.5/Test/src/Test.jl:1115
   [8] top-level scope at /home/user/.julia/packages/LightGBM/35TbY/test/runtests.jl:12
   [9] top-level scope at /workspace/srcdir/usr/share/julia/stdlib/v1.5/Test/src/Test.jl:1115
   [10] top-level scope at /home/user/.julia/packages/LightGBM/35TbY/test/runtests.jl:7
   [11] include(::String) at ./client.jl:457
   [12] top-level scope at none:6
   [13] eval(::Module, ::Any) at ./boot.jl:331
   [14] exec_options(::Base.JLOptions) at ./client.jl:272
   [15] _start() at ./client.jl:506
  
deepcopy: Booster: Error During Test at /home/user/.julia/packages/LightGBM/35TbY/test/ffi/base_utils.jl:6
  Got exception outside of a @test
  could not load library "/home/pkgeval/.julia/packages/LightGBM/35TbY/src/lib_lightgbm.so"
  /home/pkgeval/.julia/packages/LightGBM/35TbY/src/lib_lightgbm.so: cannot open shared object file: No such file or directory
  Stacktrace:
   [1] LGBM_BoosterCreateFromModelfile(::String) at /home/pkgeval/.julia/packages/LightGBM/35TbY/src/wrapper.jl:101
   [2] top-level scope at /home/user/.julia/packages/LightGBM/35TbY/test/ffi/base_utils.jl:8
   [3] top-level scope at /workspace/srcdir/usr/share/julia/stdlib/v1.5/Test/src/Test.jl:1115
   [4] top-level scope at /home/user/.julia/packages/LightGBM/35TbY/test/ffi/base_utils.jl:8
   [5] include(::String) at ./client.jl:457
   [6] top-level scope at /home/user/.julia/packages/LightGBM/35TbY/test/runtests.jl:16
   [7] top-level scope at /workspace/srcdir/usr/share/julia/stdlib/v1.5/Test/src/Test.jl:1115
   [8] top-level scope at /home/user/.julia/packages/LightGBM/35TbY/test/runtests.jl:16
   [9] top-level scope at /workspace/srcdir/usr/share/julia/stdlib/v1.5/Test/src/Test.jl:1115
   [10] top-level scope at /home/user/.julia/packages/LightGBM/35TbY/test/runtests.jl:7
   [11] include(::String) at ./client.jl:457
   [12] top-level scope at none:6
   [13] eval(::Module, ::Any) at ./boot.jl:331
   [14] exec_options(::Base.JLOptions) at ./client.jl:272
   [15] _start() at ./client.jl:506
  
Test Summary:                                        | Error  Broken  Total
FFI unit tests                                       |    25       8     33
  Dataset                                            |     8       1      9
    LGBM_DatasetCreateFromMat -- floats/column major |     1              1
    LGBM_DatasetCreateFromMat -- floats/row major    |     1              1
    LGBM_DatasetCreateFromMat -- ints/column major   |     1              1
    LGBM_DatasetCreateFromMat -- ints/row major      |     1              1
    LGBM_DatasetGetSubset                            |     1              1
    LGBM_Dataset<Get|Set>FeatureNames                |     1              1
    LGBM_DatasetFree                                 |     1              1
    LGBM_DatasetSetField                             |             1      1
    LGBM_DatasetGetField                             |     1              1
  Booster                                            |    16       7     23
    LGBM_BoosterCreate                               |     1              1
    LGBM_BoosterCreateFromModelfile                  |     1              1
    LGBM_BoosterLoadModelFromString                  |     1              1
    LGBM_BoosterFree                                 |     1              1
    LGBM_BoosterMerge                                |     1              1
    LGBM_BoosterAddValidData                         |     1              1
    LGBM_BoosterResetTrainingData                    |     1              1
    LGBM_BoosterGetNumClasses                        |     1              1
    LGBM_BoosterUpdateOneIter                        |     1              1
    LGBM_BoosterRollbackOneIter                      |             1      1
    LGBM_BoosterGetCurrentIteration                  |     1              1
    LGBM_BoosterGetEvalCounts                        |             1      1
    LGBM_BoosterGetEvalNames                         |     1              1
    LGBM_BoosterGetFeatureNames                      |     1              1
    LGBM_BoosterGetNumFeature                        |     1              1
    LGBM_BoosterGetEval                              |             1      1
    LGBM_BoosterGetNumPredict                        |             1      1
    LGBM_BoosterGetPredict                           |             1      1
    LGBM_BoosterCalcNumPredict                       |             1      1
    LGBM_BoosterPredictForMat                        |             1      1
    LGBM_BoosterSaveModel                            |     1              1
    LGBM_BoosterSaveModelToString                    |     1              1
    LGBM_BoosterFeatureImportance                    |     1              1
  Base Utils                                         |     1              1
    deepcopy: Booster                                |     1              1

PkgEval failed: Package LightGBM errored during testing
Stacktrace:
 [1] pkgerror(::String) at /workspace/srcdir/usr/share/julia/stdlib/v1.5/Pkg/src/Types.jl:52
 [2] test(::Pkg.Types.Context, ::Array{Pkg.Types.PackageSpec,1}; coverage::Bool, julia_args::Cmd, test_args::Cmd, test_fn::Nothing) at /workspace/srcdir/usr/share/julia/stdlib/v1.5/Pkg/src/Operations.jl:1578
 [3] test(::Pkg.Types.Context, ::Array{Pkg.Types.PackageSpec,1}; coverage::Bool, test_fn::Nothing, julia_args::Cmd, test_args::Cmd, kwargs::Base.Iterators.Pairs{Union{},Union{},Tuple{},NamedTuple{(),Tuple{}}}) at /workspace/srcdir/usr/share/julia/stdlib/v1.5/Pkg/src/API.jl:327
 [4] test(::Pkg.Types.Context, ::Array{Pkg.Types.PackageSpec,1}) at /workspace/srcdir/usr/share/julia/stdlib/v1.5/Pkg/src/API.jl:314
 [5] #test#61 at /workspace/srcdir/usr/share/julia/stdlib/v1.5/Pkg/src/API.jl:67 [inlined]
 [6] test at /workspace/srcdir/usr/share/julia/stdlib/v1.5/Pkg/src/API.jl:67 [inlined]
 [7] #test#60 at /workspace/srcdir/usr/share/julia/stdlib/v1.5/Pkg/src/API.jl:66 [inlined]
 [8] test at /workspace/srcdir/usr/share/julia/stdlib/v1.5/Pkg/src/API.jl:66 [inlined]
 [9] test(::String; kwargs::Base.Iterators.Pairs{Union{},Union{},Tuple{},NamedTuple{(),Tuple{}}}) at /workspace/srcdir/usr/share/julia/stdlib/v1.5/Pkg/src/API.jl:65
 [10] test(::String) at /workspace/srcdir/usr/share/julia/stdlib/v1.5/Pkg/src/API.jl:65
 [11] top-level scope at none:22
 [12] eval at ./boot.jl:331 [inlined]
 [13] eval(::Expr) at ./client.jl:467
 [14] top-level scope at none:1
 [15] eval(::Module, ::Any) at ./boot.jl:331
 [16] exec_options(::Base.JLOptions) at ./client.jl:272
 [17] _start() at ./client.jl:506


################################################################################
# PkgEval teardown: 2021-01-11T21:05:08.267
CPU usage: 26.87s (22.64s user, 4.30s kernel)

Network usage:
- eth0: 16.499 MiB received, 471.245 KiB sent

Raw statistics: {"blkio_stats":{"io_queue_recursive":[],"io_serviced_recursive":[{"major":259,"value":0,"op":"Read","minor":0},{"major":259,"value":27,"op":"Write","minor":0},{"major":259,"value":14,"op":"Sync","minor":0},{"major":259,"value":13,"op":"Async","minor":0},{"major":259,"value":0,"op":"Discard","minor":0},{"major":259,"value":27,"op":"Total","minor":0},{"major":253,"value":0,"op":"Read","minor":2},{"major":253,"value":27,"op":"Write","minor":2},{"major":253,"value":14,"op":"Sync","minor":2},{"major":253,"value":13,"op":"Async","minor":2},{"major":253,"value":0,"op":"Discard","minor":2},{"major":253,"value":27,"op":"Total","minor":2}],"io_time_recursive":[],"sectors_recursive":[],"io_service_bytes_recursive":[{"major":259,"value":0,"op":"Read","minor":0},{"major":259,"value":135168,"op":"Write","minor":0},{"major":259,"value":57344,"op":"Sync","minor":0},{"major":259,"value":77824,"op":"Async","minor":0},{"major":259,"value":0,"op":"Discard","minor":0},{"major":259,"value":135168,"op":"Total","minor":0},{"major":253,"value":0,"op":"Read","minor":2},{"major":253,"value":135168,"op":"Write","minor":2},{"major":253,"value":57344,"op":"Sync","minor":2},{"major":253,"value":77824,"op":"Async","minor":2},{"major":253,"value":0,"op":"Discard","minor":2},{"major":253,"value":135168,"op":"Total","minor":2}],"io_wait_time_recursive":[],"io_merged_recursive":[],"io_service_time_recursive":[]},"memory_stats":{"usage":385650688,"max_usage":940105728,"stats":{"hierarchical_memory_limit":9223372036854771712,"pgmajfault":0,"total_rss":233705472,"inactive_file":135168,"inactive_anon":113811456,"total_pgfault":684783,"total_cache":118362112,"total_rss_huge":0,"total_active_anon":238166016,"total_pgmajfault":0,"pgpgin":486024,"rss_huge":0,"mapped_file":0,"total_inactive_file":135168,"dirty":270336,"total_unevictable":0,"total_dirty":270336,"writeback":0,"pgpgout":400037,"hierarchical_memsw_limit":0,"cache":118362112,"active_file":135168,"pgfault":684783,"total_mapped_file":0,"total_pgpgout":400037,"total_writeback":0,"rss":233705472,"unevictable":0,"total_inactive_anon":113811456,"total_pgpgin":486024,"active_anon":238166016,"total_active_file":135168},"limit":540965302272},"name":"/LightGBM-FzyG4rd2","networks":{"eth0":{"rx_bytes":17300781,"rx_packets":6252,"tx_packets":5043,"tx_bytes":482555,"tx_dropped":0,"rx_dropped":1,"tx_errors":0,"rx_errors":0}},"id":"842640b8a97a1c1ad1d38dd3800edf69a4295fcff4c2ea2c5a30ad26a21a2d42","preread":"0001-01-01T00:00:00Z","storage_stats":{},"precpu_stats":{"throttling_data":{"throttled_periods":0,"throttled_time":0,"periods":0},"cpu_usage":{"usage_in_usermode":0,"usage_in_kernelmode":0,"total_usage":0}},"pids_stats":{"current":44},"num_procs":0,"cpu_stats":{"throttling_data":{"throttled_periods":0,"throttled_time":0,"periods":0},"system_cpu_usage":5778695474522419,"online_cpus":128,"cpu_usage":{"usage_in_usermode":22640000000,"usage_in_kernelmode":4300000000,"total_usage":26869911138,"percpu_usage":[0,0,0,0,0,26869598598,0,0,0,0,0,0,0,0,0,0,0,0,0,0,0,0,0,0,0,0,0,0,0,0,0,0,0,0,0,0,0,0,0,0,0,0,0,0,0,0,0,0,0,0,0,0,0,0,0,0,0,0,0,0,0,0,0,0,0,0,0,0,51960,29290,231290,0,0,0,0,0,0,0,0,0,0,0,0,0,0,0,0,0,0,0,0,0,0,0,0,0,0,0,0,0,0,0,0,0,0,0,0,0,0,0,0,0,0,0,0,0,0,0,0,0,0,0,0,0,0,0,0,0]}},"read":"2021-01-11T21:05:08.269529028Z"}