################################################################################
# PackageCompiler set-up: 2021-01-11T18:46:56.634
#

Julia Version 1.5.3
Commit 599f52c4c6 (2020-12-18 13:33 UTC)
Platform Info:
  OS: Linux (x86_64-linux-gnu)
  CPU: AMD EPYC 7502 32-Core Processor
  WORD_SIZE: 64
  LIBM: libopenlibm
  LLVM: libLLVM-9.0.1 (ORCJIT, znver2)
Environment:
  JULIA_PKGEVAL = true
  JULIA_PKG_PRECOMPILE_AUTO = 0



################################################################################
# Installation: 2021-01-11T18:46:58.318
#

 Installing known registries into `~/.julia`
######################################################################## 100.0%
      Added registry `General` to `~/.julia/registries/General`
  Resolving package versions...
  Installed LoadAllPackages ─ v0.1.0
  Installed PackageCompiler ─ v1.2.5
Updating `~/.julia/environments/v1.5/Project.toml`
  [b37bcd2d] + LoadAllPackages v0.1.0
  [9b87118b] + PackageCompiler v1.2.5
Updating `~/.julia/environments/v1.5/Manifest.toml`
  [b37bcd2d] + LoadAllPackages v0.1.0
  [9b87118b] + PackageCompiler v1.2.5
  [2a0f44e3] + Base64
  [ade2ca70] + Dates
  [b77e0a4c] + InteractiveUtils
  [76f85450] + LibGit2
  [8f399da3] + Libdl
  [56ddb016] + Logging
  [d6f4376e] + Markdown
  [44cfe95a] + Pkg
  [de0858da] + Printf
  [3fa0cd96] + REPL
  [9a3f8284] + Random
  [ea8e919c] + SHA
  [9e88b42a] + Serialization
  [6462fe0b] + Sockets
  [cf7118a7] + UUIDs
  [4ec0a83e] + Unicode


################################################################################
# Compiling: 2021-01-11T18:47:03.989
#

[ Info: PackageCompiler: creating system image object file, this might take a while...
Generated system image is 147.281 MiB, compilation took 161 seconds


################################################################################
# PkgEval set-up: 2021-01-11T18:49:52.554
#

Julia Version 1.5.3
Commit 599f52c4c6 (2020-12-18 13:33 UTC)
Platform Info:
  OS: Linux (x86_64-linux-gnu)
  CPU: AMD EPYC 7502 32-Core Processor
  WORD_SIZE: 64
  LIBM: libopenlibm
  LLVM: libLLVM-9.0.1 (ORCJIT, znver2)
Environment:
  JULIA_PKGEVAL = true
  JULIA_PKG_PRECOMPILE_AUTO = 0

Base.julia_cmd() = `/usr/local/julia/bin/julia -Cnative -J/cache/LoadAllPackages-a7yh5lYR.so -g1`


################################################################################
# Installation: 2021-01-11T18:49:54.317
#

 Installing known registries into `~/.julia`
######################################################################## 100.0%
      Added registry `General` to `~/.julia/registries/General`
  Resolving package versions...
  Installed LoadAllPackages ─ v0.1.0
Updating `~/.julia/environments/v1.5/Project.toml`
  [b37bcd2d] + LoadAllPackages v0.1.0
Updating `~/.julia/environments/v1.5/Manifest.toml`
  [b37bcd2d] + LoadAllPackages v0.1.0
  [2a0f44e3] + Base64
  [ade2ca70] + Dates
  [b77e0a4c] + InteractiveUtils
  [76f85450] + LibGit2
  [8f399da3] + Libdl
  [56ddb016] + Logging
  [d6f4376e] + Markdown
  [44cfe95a] + Pkg
  [de0858da] + Printf
  [3fa0cd96] + REPL
  [9a3f8284] + Random
  [ea8e919c] + SHA
  [9e88b42a] + Serialization
  [6462fe0b] + Sockets
  [cf7118a7] + UUIDs
  [4ec0a83e] + Unicode


################################################################################
# Testing: 2021-01-11T18:49:57.996
#

    Testing LoadAllPackages
Status `/tmp/jl_BW00La/Project.toml`
  [b37bcd2d] LoadAllPackages v0.1.0
  [44cfe95a] Pkg
  [8dfed614] Test
Status `/tmp/jl_BW00La/Manifest.toml`
  [b37bcd2d] LoadAllPackages v0.1.0
  [2a0f44e3] Base64
  [ade2ca70] Dates
  [8ba89e20] Distributed
  [b77e0a4c] InteractiveUtils
  [76f85450] LibGit2
  [8f399da3] Libdl
  [56ddb016] Logging
  [d6f4376e] Markdown
  [44cfe95a] Pkg
  [de0858da] Printf
  [3fa0cd96] REPL
  [9a3f8284] Random
  [ea8e919c] SHA
  [9e88b42a] Serialization
  [6462fe0b] Sockets
  [8dfed614] Test
  [cf7118a7] UUIDs
  [4ec0a83e] Unicode
@loadall("../Project.toml"): Error During Test at /home/user/.julia/packages/LoadAllPackages/xjdHR/test/runtests.jl:7
  Test threw exception
  Expression: #= /home/user/.julia/packages/LoadAllPackages/xjdHR/test/runtests.jl:11 =# LoadAllPackages.@loadall "../Project.toml"
  `/home/pkgeval/.julia/packages/LoadAllPackages/xjdHR/src/../Project.toml` is not a file or directory
  Stacktrace:
   [1] error(::String) at ./error.jl:33
   [2] as_project_file(::String) at /home/pkgeval/.julia/packages/LoadAllPackages/xjdHR/src/LoadAllPackages.jl:8
   [3] loadall(::String) at /home/pkgeval/.julia/packages/LoadAllPackages/xjdHR/src/LoadAllPackages.jl:24
   [4] _loadall at /home/pkgeval/.julia/packages/LoadAllPackages/xjdHR/src/LoadAllPackages.jl:40 [inlined]
   [5] (::Main.TestLoadAllPackages.var"#1#2")() at ./none:0
   [6] with_logstate(::Function, ::Any) at ./logging.jl:408
   [7] with_logger at ./logging.jl:514 [inlined]
   [8] #collect_test_logs#45 at /workspace/srcdir/usr/share/julia/stdlib/v1.5/Test/src/logging.jl:51 [inlined]
   [9] collect_test_logs at /workspace/srcdir/usr/share/julia/stdlib/v1.5/Test/src/logging.jl:50 [inlined]
   [10] match_logs(::Function, ::Tuple{Symbol,Regex}, ::Vararg{Tuple{Symbol,Regex},N} where N; match_mode::Symbol, kwargs::Base.Iterators.Pairs{Union{},Union{},Tuple{},NamedTuple{(),Tuple{}}}) at /workspace/srcdir/usr/share/julia/stdlib/v1.5/Test/src/logging.jl:186
   [11] top-level scope at /home/user/.julia/packages/LoadAllPackages/xjdHR/test/runtests.jl:7
   [12] top-level scope at /workspace/srcdir/usr/share/julia/stdlib/v1.5/Test/src/Test.jl:1115
   [13] top-level scope at /home/user/.julia/packages/LoadAllPackages/xjdHR/test/runtests.jl:7
  
Test Summary:               | Error  Total
@loadall("../Project.toml") |     1      1
ERROR: LoadError: Some tests did not pass: 0 passed, 0 failed, 1 errored, 0 broken.
in expression starting at /home/user/.julia/packages/LoadAllPackages/xjdHR/test/runtests.jl:6

PkgEval failed: Package LoadAllPackages errored during testing
Stacktrace:
 [1] pkgerror(::String) at /workspace/srcdir/usr/share/julia/stdlib/v1.5/Pkg/src/Types.jl:52
 [2] test(::Pkg.Types.Context, ::Array{Pkg.Types.PackageSpec,1}; coverage::Bool, julia_args::Cmd, test_args::Cmd, test_fn::Nothing) at /workspace/srcdir/usr/share/julia/stdlib/v1.5/Pkg/src/Operations.jl:1578
 [3] test(::Pkg.Types.Context, ::Array{Pkg.Types.PackageSpec,1}; coverage::Bool, test_fn::Nothing, julia_args::Cmd, test_args::Cmd, kwargs::Base.Iterators.Pairs{Union{},Union{},Tuple{},NamedTuple{(),Tuple{}}}) at /workspace/srcdir/usr/share/julia/stdlib/v1.5/Pkg/src/API.jl:327
 [4] test(::Pkg.Types.Context, ::Array{Pkg.Types.PackageSpec,1}) at /workspace/srcdir/usr/share/julia/stdlib/v1.5/Pkg/src/API.jl:314
 [5] #test#61 at /workspace/srcdir/usr/share/julia/stdlib/v1.5/Pkg/src/API.jl:67 [inlined]
 [6] test at /workspace/srcdir/usr/share/julia/stdlib/v1.5/Pkg/src/API.jl:67 [inlined]
 [7] #test#60 at /workspace/srcdir/usr/share/julia/stdlib/v1.5/Pkg/src/API.jl:66 [inlined]
 [8] test at /workspace/srcdir/usr/share/julia/stdlib/v1.5/Pkg/src/API.jl:66 [inlined]
 [9] test(::String; kwargs::Base.Iterators.Pairs{Union{},Union{},Tuple{},NamedTuple{(),Tuple{}}}) at /workspace/srcdir/usr/share/julia/stdlib/v1.5/Pkg/src/API.jl:65
 [10] test(::String) at /workspace/srcdir/usr/share/julia/stdlib/v1.5/Pkg/src/API.jl:65
 [11] top-level scope at none:22
 [12] eval at ./boot.jl:331 [inlined]
 [13] eval(::Expr) at ./client.jl:467
 [14] top-level scope at none:1
 [15] eval(::Module, ::Any) at ./boot.jl:331
 [16] exec_options(::Base.JLOptions) at ./client.jl:272
 [17] _start() at ./client.jl:506


################################################################################
# PkgEval teardown: 2021-01-11T18:50:04.681
CPU usage: 12.22s (9.56s user, 2.70s kernel)

Network usage:
- eth0: 2.531 MiB received, 25.807 KiB sent

Raw statistics: {"blkio_stats":{"io_queue_recursive":[],"io_serviced_recursive":[{"major":259,"value":0,"op":"Read","minor":0},{"major":259,"value":19,"op":"Write","minor":0},{"major":259,"value":14,"op":"Sync","minor":0},{"major":259,"value":5,"op":"Async","minor":0},{"major":259,"value":0,"op":"Discard","minor":0},{"major":259,"value":19,"op":"Total","minor":0},{"major":253,"value":0,"op":"Read","minor":2},{"major":253,"value":19,"op":"Write","minor":2},{"major":253,"value":14,"op":"Sync","minor":2},{"major":253,"value":5,"op":"Async","minor":2},{"major":253,"value":0,"op":"Discard","minor":2},{"major":253,"value":19,"op":"Total","minor":2}],"io_time_recursive":[],"sectors_recursive":[],"io_service_bytes_recursive":[{"major":259,"value":0,"op":"Read","minor":0},{"major":259,"value":77824,"op":"Write","minor":0},{"major":259,"value":57344,"op":"Sync","minor":0},{"major":259,"value":20480,"op":"Async","minor":0},{"major":259,"value":0,"op":"Discard","minor":0},{"major":259,"value":77824,"op":"Total","minor":0},{"major":253,"value":0,"op":"Read","minor":2},{"major":253,"value":77824,"op":"Write","minor":2},{"major":253,"value":57344,"op":"Sync","minor":2},{"major":253,"value":20480,"op":"Async","minor":2},{"major":253,"value":0,"op":"Discard","minor":2},{"major":253,"value":77824,"op":"Total","minor":2}],"io_wait_time_recursive":[],"io_merged_recursive":[],"io_service_time_recursive":[]},"memory_stats":{"usage":302710784,"max_usage":462471168,"stats":{"hierarchical_memory_limit":9223372036854771712,"pgmajfault":0,"total_rss":194363392,"inactive_file":135168,"inactive_anon":78802944,"total_pgfault":235587,"total_cache":79269888,"total_rss_huge":0,"total_active_anon":194777088,"total_pgmajfault":0,"pgpgin":159687,"rss_huge":0,"mapped_file":0,"total_inactive_file":135168,"dirty":135168,"total_unevictable":0,"total_dirty":135168,"writeback":0,"pgpgout":92868,"hierarchical_memsw_limit":0,"cache":79269888,"active_file":135168,"pgfault":235587,"total_mapped_file":0,"total_pgpgout":92868,"total_writeback":0,"rss":194363392,"unevictable":0,"total_inactive_anon":78802944,"total_pgpgin":159687,"active_anon":194777088,"total_active_file":135168},"limit":540965302272},"name":"/LoadAllPackages-CV11INUU","networks":{"eth0":{"rx_bytes":2654264,"rx_packets":258,"tx_packets":258,"tx_bytes":26426,"tx_dropped":0,"rx_dropped":1,"tx_errors":0,"rx_errors":0}},"id":"19541678d5e5b5643243cc512ef036237375c35d77f31ce5f41ac0333f932e3e","preread":"0001-01-01T00:00:00Z","storage_stats":{},"precpu_stats":{"throttling_data":{"throttled_periods":0,"throttled_time":0,"periods":0},"cpu_usage":{"usage_in_usermode":0,"usage_in_kernelmode":0,"total_usage":0}},"pids_stats":{"current":44},"num_procs":0,"cpu_stats":{"throttling_data":{"throttled_periods":0,"throttled_time":0,"periods":0},"system_cpu_usage":4742900154522419,"online_cpus":128,"cpu_usage":{"usage_in_usermode":9560000000,"usage_in_kernelmode":2700000000,"total_usage":12222653567,"percpu_usage":[0,0,0,0,0,0,0,0,0,0,0,0,0,0,0,0,0,0,0,0,0,0,0,0,0,0,0,0,0,0,0,0,12222653567,0,0,0,0,0,0,0,0,0,0,0,0,0,0,0,0,0,0,0,0,0,0,0,0,0,0,0,0,0,0,0,0,0,0,0,0,0,0,0,0,0,0,0,0,0,0,0,0,0,0,0,0,0,0,0,0,0,0,0,0,0,0,0,0,0,0,0,0,0,0,0,0,0,0,0,0,0,0,0,0,0,0,0,0,0,0,0,0,0,0,0,0,0,0,0]}},"read":"2021-01-11T18:50:04.684232504Z"}