################################################################################
# PackageCompiler set-up: 2021-01-11T18:29:33.17
#

Julia Version 1.5.3
Commit 599f52c4c6 (2020-12-18 13:33 UTC)
Platform Info:
  OS: Linux (x86_64-linux-gnu)
  CPU: AMD EPYC 7502 32-Core Processor
  WORD_SIZE: 64
  LIBM: libopenlibm
  LLVM: libLLVM-9.0.1 (ORCJIT, znver2)
Environment:
  JULIA_PKGEVAL = true
  JULIA_PKG_PRECOMPILE_AUTO = 0



################################################################################
# Installation: 2021-01-11T18:29:34.874
#

 Installing known registries into `~/.julia`
################################################################          90.1%######################################################################## 100.0%
      Added registry `General` to `~/.julia/registries/General`
  Resolving package versions...
  Installed LogRoller ────────── v0.4.2
  Installed CodecZlib ────────── v0.7.0
  Installed Zlib_jll ─────────── v1.2.11+18
  Installed JSON ─────────────── v0.21.1
  Installed JLLWrappers ──────── v1.2.0
  Installed TranscodingStreams ─ v0.9.5
  Installed Parsers ──────────── v1.0.15
  Installed PackageCompiler ──── v1.2.5
  Installed Artifacts ────────── v1.3.0
Updating `~/.julia/environments/v1.5/Project.toml`
  [c41e01d8] + LogRoller v0.4.2
  [9b87118b] + PackageCompiler v1.2.5
Updating `~/.julia/environments/v1.5/Manifest.toml`
  [56f22d72] + Artifacts v1.3.0
  [944b1d66] + CodecZlib v0.7.0
  [692b3bcd] + JLLWrappers v1.2.0
  [682c06a0] + JSON v0.21.1
  [c41e01d8] + LogRoller v0.4.2
  [9b87118b] + PackageCompiler v1.2.5
  [69de0a69] + Parsers v1.0.15
  [3bb67fe8] + TranscodingStreams v0.9.5
  [83775a58] + Zlib_jll v1.2.11+18
  [2a0f44e3] + Base64
  [ade2ca70] + Dates
  [8ba89e20] + Distributed
  [b77e0a4c] + InteractiveUtils
  [76f85450] + LibGit2
  [8f399da3] + Libdl
  [56ddb016] + Logging
  [d6f4376e] + Markdown
  [a63ad114] + Mmap
  [44cfe95a] + Pkg
  [de0858da] + Printf
  [3fa0cd96] + REPL
  [9a3f8284] + Random
  [ea8e919c] + SHA
  [9e88b42a] + Serialization
  [6462fe0b] + Sockets
  [8dfed614] + Test
  [cf7118a7] + UUIDs
  [4ec0a83e] + Unicode


################################################################################
# Compiling: 2021-01-11T18:29:40.206
#

[ Info: PackageCompiler: creating system image object file, this might take a while...
Generated system image is 154.049 MiB, compilation took 179 seconds


################################################################################
# PkgEval set-up: 2021-01-11T18:32:46.876
#

Julia Version 1.5.3
Commit 599f52c4c6 (2020-12-18 13:33 UTC)
Platform Info:
  OS: Linux (x86_64-linux-gnu)
  CPU: AMD EPYC 7502 32-Core Processor
  WORD_SIZE: 64
  LIBM: libopenlibm
  LLVM: libLLVM-9.0.1 (ORCJIT, znver2)
Environment:
  JULIA_PKGEVAL = true
  JULIA_PKG_PRECOMPILE_AUTO = 0

Base.julia_cmd() = `/usr/local/julia/bin/julia -Cnative -J/cache/LogRoller-tGthlFWE.so -g1`


################################################################################
# Installation: 2021-01-11T18:32:48.897
#

 Installing known registries into `~/.julia`
########                                                                  12.0%######################################################################## 100.0%
      Added registry `General` to `~/.julia/registries/General`
  Resolving package versions...
  Installed CodecZlib ────────── v0.7.0
  Installed Artifacts ────────── v1.3.0
  Installed LogRoller ────────── v0.4.2
  Installed Zlib_jll ─────────── v1.2.11+18
  Installed TranscodingStreams ─ v0.9.5
  Installed Parsers ──────────── v1.0.15
  Installed JSON ─────────────── v0.21.1
  Installed JLLWrappers ──────── v1.2.0
Updating `~/.julia/environments/v1.5/Project.toml`
  [c41e01d8] + LogRoller v0.4.2
Updating `~/.julia/environments/v1.5/Manifest.toml`
  [56f22d72] + Artifacts v1.3.0
  [944b1d66] + CodecZlib v0.7.0
  [692b3bcd] + JLLWrappers v1.2.0
  [682c06a0] + JSON v0.21.1
  [c41e01d8] + LogRoller v0.4.2
  [69de0a69] + Parsers v1.0.15
  [3bb67fe8] + TranscodingStreams v0.9.5
  [83775a58] + Zlib_jll v1.2.11+18
  [2a0f44e3] + Base64
  [ade2ca70] + Dates
  [8ba89e20] + Distributed
  [b77e0a4c] + InteractiveUtils
  [76f85450] + LibGit2
  [8f399da3] + Libdl
  [56ddb016] + Logging
  [d6f4376e] + Markdown
  [a63ad114] + Mmap
  [44cfe95a] + Pkg
  [de0858da] + Printf
  [3fa0cd96] + REPL
  [9a3f8284] + Random
  [ea8e919c] + SHA
  [9e88b42a] + Serialization
  [6462fe0b] + Sockets
  [8dfed614] + Test
  [cf7118a7] + UUIDs
  [4ec0a83e] + Unicode


################################################################################
# Testing: 2021-01-11T18:32:53.978
#

    Testing LogRoller
Status `/tmp/jl_TTNw7b/Project.toml`
  [944b1d66] CodecZlib v0.7.0
  [682c06a0] JSON v0.21.1
  [c41e01d8] LogRoller v0.4.2
  [ade2ca70] Dates
  [56ddb016] Logging
  [8dfed614] Test
Status `/tmp/jl_TTNw7b/Manifest.toml`
  [56f22d72] Artifacts v1.3.0
  [944b1d66] CodecZlib v0.7.0
  [692b3bcd] JLLWrappers v1.2.0
  [682c06a0] JSON v0.21.1
  [c41e01d8] LogRoller v0.4.2
  [69de0a69] Parsers v1.0.15
  [3bb67fe8] TranscodingStreams v0.9.5
  [83775a58] Zlib_jll v1.2.11+18
  [2a0f44e3] Base64
  [ade2ca70] Dates
  [8ba89e20] Distributed
  [b77e0a4c] InteractiveUtils
  [76f85450] LibGit2
  [8f399da3] Libdl
  [56ddb016] Logging
  [d6f4376e] Markdown
  [a63ad114] Mmap
  [44cfe95a] Pkg
  [de0858da] Printf
  [3fa0cd96] REPL
  [9a3f8284] Random
  [ea8e919c] SHA
  [9e88b42a] Serialization
  [6462fe0b] Sockets
  [8dfed614] Test
  [cf7118a7] UUIDs
  [4ec0a83e] Unicode
Test Summary: | Pass  Total
file writer   |   40     40
Test Summary: | Pass  Total
pipelined tee |    6      6
Test Summary:   | Pass  Total
process streams |   12     12
Test Summary: | Pass  Total
logger        |  108    108
    Testing LogRoller tests passed 

PkgEval succeeded


################################################################################
# PkgEval teardown: 2021-01-11T18:33:17.622
CPU usage: 30.78s (27.10s user, 3.73s kernel)

Network usage:
- eth0: 2.814 MiB received, 61.486 KiB sent

Raw statistics: {"blkio_stats":{"io_queue_recursive":[],"io_serviced_recursive":[{"major":259,"value":71,"op":"Read","minor":0},{"major":259,"value":32,"op":"Write","minor":0},{"major":259,"value":85,"op":"Sync","minor":0},{"major":259,"value":18,"op":"Async","minor":0},{"major":259,"value":0,"op":"Discard","minor":0},{"major":259,"value":103,"op":"Total","minor":0},{"major":253,"value":71,"op":"Read","minor":2},{"major":253,"value":32,"op":"Write","minor":2},{"major":253,"value":85,"op":"Sync","minor":2},{"major":253,"value":18,"op":"Async","minor":2},{"major":253,"value":0,"op":"Discard","minor":2},{"major":253,"value":103,"op":"Total","minor":2}],"io_time_recursive":[],"sectors_recursive":[],"io_service_bytes_recursive":[{"major":259,"value":7704576,"op":"Read","minor":0},{"major":259,"value":131072,"op":"Write","minor":0},{"major":259,"value":7761920,"op":"Sync","minor":0},{"major":259,"value":73728,"op":"Async","minor":0},{"major":259,"value":0,"op":"Discard","minor":0},{"major":259,"value":7835648,"op":"Total","minor":0},{"major":253,"value":7704576,"op":"Read","minor":2},{"major":253,"value":131072,"op":"Write","minor":2},{"major":253,"value":7761920,"op":"Sync","minor":2},{"major":253,"value":73728,"op":"Async","minor":2},{"major":253,"value":0,"op":"Discard","minor":2},{"major":253,"value":7835648,"op":"Total","minor":2}],"io_wait_time_recursive":[],"io_merged_recursive":[],"io_service_time_recursive":[]},"memory_stats":{"usage":301334528,"max_usage":585654272,"stats":{"hierarchical_memory_limit":9223372036854771712,"pgmajfault":0,"total_rss":181968896,"inactive_file":7634944,"inactive_anon":117731328,"total_pgfault":830247,"total_cache":89669632,"total_rss_huge":0,"total_active_anon":144150528,"total_pgmajfault":0,"pgpgin":511005,"rss_huge":0,"mapped_file":135168,"total_inactive_file":7634944,"dirty":135168,"total_unevictable":0,"total_dirty":135168,"writeback":135168,"pgpgout":444745,"hierarchical_memsw_limit":0,"cache":89669632,"active_file":1216512,"pgfault":830247,"total_mapped_file":135168,"total_pgpgout":444745,"total_writeback":135168,"rss":181968896,"unevictable":0,"total_inactive_anon":117731328,"total_pgpgin":511005,"active_anon":144150528,"total_active_file":1216512},"limit":540965302272},"name":"/LogRoller-V1hjXtCw","networks":{"eth0":{"rx_bytes":2951031,"rx_packets":512,"tx_packets":555,"tx_bytes":62962,"tx_dropped":0,"rx_dropped":1,"tx_errors":0,"rx_errors":0}},"id":"ffcbd43e60eef50cb7703baa3ea19a6bfa2ebb2978ba04de522392eb04d23063","preread":"0001-01-01T00:00:00Z","storage_stats":{},"precpu_stats":{"throttling_data":{"throttled_periods":0,"throttled_time":0,"periods":0},"cpu_usage":{"usage_in_usermode":0,"usage_in_kernelmode":0,"total_usage":0}},"pids_stats":{"current":44},"num_procs":0,"cpu_stats":{"throttling_data":{"throttled_periods":0,"throttled_time":0,"periods":0},"system_cpu_usage":4614215054522419,"online_cpus":128,"cpu_usage":{"usage_in_usermode":27100000000,"usage_in_kernelmode":3730000000,"total_usage":30784717179,"percpu_usage":[30784717179,0,0,0,0,0,0,0,0,0,0,0,0,0,0,0,0,0,0,0,0,0,0,0,0,0,0,0,0,0,0,0,0,0,0,0,0,0,0,0,0,0,0,0,0,0,0,0,0,0,0,0,0,0,0,0,0,0,0,0,0,0,0,0,0,0,0,0,0,0,0,0,0,0,0,0,0,0,0,0,0,0,0,0,0,0,0,0,0,0,0,0,0,0,0,0,0,0,0,0,0,0,0,0,0,0,0,0,0,0,0,0,0,0,0,0,0,0,0,0,0,0,0,0,0,0,0,0]}},"read":"2021-01-11T18:33:17.624962545Z"}