################################################################################
# PackageCompiler set-up: 2021-01-11T16:26:42.848
#

Julia Version 1.5.3
Commit 599f52c4c6 (2020-12-18 13:33 UTC)
Platform Info:
  OS: Linux (x86_64-linux-gnu)
  CPU: AMD EPYC 7502 32-Core Processor
  WORD_SIZE: 64
  LIBM: libopenlibm
  LLVM: libLLVM-9.0.1 (ORCJIT, znver2)
Environment:
  JULIA_PKGEVAL = true
  JULIA_PKG_PRECOMPILE_AUTO = 0



################################################################################
# Installation: 2021-01-11T16:26:44.535
#

 Installing known registries into `~/.julia`
#=#=#                                                                         ######################################################################## 100.0%
      Added registry `General` to `~/.julia/registries/General`
  Resolving package versions...
  Installed Lorenz96 ──────── v0.1.0
  Installed PackageCompiler ─ v1.2.5
Updating `~/.julia/environments/v1.5/Project.toml`
  [3fb22c43] + Lorenz96 v0.1.0
  [9b87118b] + PackageCompiler v1.2.5
Updating `~/.julia/environments/v1.5/Manifest.toml`
  [3fb22c43] + Lorenz96 v0.1.0
  [9b87118b] + PackageCompiler v1.2.5
  [2a0f44e3] + Base64
  [ade2ca70] + Dates
  [b77e0a4c] + InteractiveUtils
  [76f85450] + LibGit2
  [8f399da3] + Libdl
  [56ddb016] + Logging
  [d6f4376e] + Markdown
  [44cfe95a] + Pkg
  [de0858da] + Printf
  [3fa0cd96] + REPL
  [9a3f8284] + Random
  [ea8e919c] + SHA
  [9e88b42a] + Serialization
  [6462fe0b] + Sockets
  [cf7118a7] + UUIDs
  [4ec0a83e] + Unicode


################################################################################
# Compiling: 2021-01-11T16:26:50.086
#

[ Info: PackageCompiler: creating system image object file, this might take a while...
Generated system image is 147.311 MiB, compilation took 157 seconds


################################################################################
# PkgEval set-up: 2021-01-11T16:29:34.463
#

Julia Version 1.5.3
Commit 599f52c4c6 (2020-12-18 13:33 UTC)
Platform Info:
  OS: Linux (x86_64-linux-gnu)
  CPU: AMD EPYC 7502 32-Core Processor
  WORD_SIZE: 64
  LIBM: libopenlibm
  LLVM: libLLVM-9.0.1 (ORCJIT, znver2)
Environment:
  JULIA_PKGEVAL = true
  JULIA_PKG_PRECOMPILE_AUTO = 0

Base.julia_cmd() = `/usr/local/julia/bin/julia -Cnative -J/cache/Lorenz96-i69jf3C9.so -g1`


################################################################################
# Installation: 2021-01-11T16:29:36.264
#

 Installing known registries into `~/.julia`
########                                                                  12.0%######################################################################## 100.0%
      Added registry `General` to `~/.julia/registries/General`
  Resolving package versions...
  Installed Lorenz96 ─ v0.1.0
Updating `~/.julia/environments/v1.5/Project.toml`
  [3fb22c43] + Lorenz96 v0.1.0
Updating `~/.julia/environments/v1.5/Manifest.toml`
  [3fb22c43] + Lorenz96 v0.1.0


################################################################################
# Testing: 2021-01-11T16:29:39.907
#

    Testing Lorenz96
Status `/tmp/jl_nKBJ88/Project.toml`
  [3fb22c43] Lorenz96 v0.1.0
  [8dfed614] Test
Status `/tmp/jl_nKBJ88/Manifest.toml`
  [3fb22c43] Lorenz96 v0.1.0
  [2a0f44e3] Base64
  [8ba89e20] Distributed
  [b77e0a4c] InteractiveUtils
  [56ddb016] Logging
  [d6f4376e] Markdown
  [9a3f8284] Random
  [9e88b42a] Serialization
  [6462fe0b] Sockets
  [8dfed614] Test
Test Summary: | Pass  Total
Bounded       |    2      2
Test Summary: | Pass  Total
Chaotic       |    1      1
Test Summary: | Pass  Total
NoForcing     |    1      1
Test Summary: | Pass  Total
InitialCond   |    3      3
Test Summary:   | Pass  Total
Mixed Precision |    2      2
    Testing Lorenz96 tests passed 

PkgEval succeeded


################################################################################
# PkgEval teardown: 2021-01-11T16:29:45.302
CPU usage: 10.79s (8.42s user, 2.42s kernel)

Network usage:
- eth0: 3.843 MiB received, 36.957 KiB sent

Raw statistics: {"blkio_stats":{"io_queue_recursive":[],"io_serviced_recursive":[{"major":259,"value":0,"op":"Read","minor":0},{"major":259,"value":19,"op":"Write","minor":0},{"major":259,"value":14,"op":"Sync","minor":0},{"major":259,"value":5,"op":"Async","minor":0},{"major":259,"value":0,"op":"Discard","minor":0},{"major":259,"value":19,"op":"Total","minor":0},{"major":253,"value":0,"op":"Read","minor":2},{"major":253,"value":19,"op":"Write","minor":2},{"major":253,"value":14,"op":"Sync","minor":2},{"major":253,"value":5,"op":"Async","minor":2},{"major":253,"value":0,"op":"Discard","minor":2},{"major":253,"value":19,"op":"Total","minor":2}],"io_time_recursive":[],"sectors_recursive":[],"io_service_bytes_recursive":[{"major":259,"value":0,"op":"Read","minor":0},{"major":259,"value":77824,"op":"Write","minor":0},{"major":259,"value":57344,"op":"Sync","minor":0},{"major":259,"value":20480,"op":"Async","minor":0},{"major":259,"value":0,"op":"Discard","minor":0},{"major":259,"value":77824,"op":"Total","minor":0},{"major":253,"value":0,"op":"Read","minor":2},{"major":253,"value":77824,"op":"Write","minor":2},{"major":253,"value":57344,"op":"Sync","minor":2},{"major":253,"value":20480,"op":"Async","minor":2},{"major":253,"value":0,"op":"Discard","minor":2},{"major":253,"value":77824,"op":"Total","minor":2}],"io_wait_time_recursive":[],"io_merged_recursive":[],"io_service_time_recursive":[]},"memory_stats":{"usage":287907840,"max_usage":472559616,"stats":{"hierarchical_memory_limit":9223372036854771712,"pgmajfault":0,"total_rss":177090560,"inactive_file":135168,"inactive_anon":80019456,"total_pgfault":232947,"total_cache":81305600,"total_rss_huge":0,"total_active_anon":177610752,"total_pgmajfault":0,"pgpgin":161964,"rss_huge":0,"mapped_file":0,"total_inactive_file":135168,"dirty":135168,"total_unevictable":0,"total_dirty":135168,"writeback":0,"pgpgout":98882,"hierarchical_memsw_limit":0,"cache":81305600,"active_file":811008,"pgfault":232947,"total_mapped_file":0,"total_pgpgout":98882,"total_writeback":0,"rss":177090560,"unevictable":0,"total_inactive_anon":80019456,"total_pgpgin":161964,"active_anon":177610752,"total_active_file":811008},"limit":540965302272},"name":"/Lorenz96-QjsARHYC","networks":{"eth0":{"rx_bytes":4029366,"rx_packets":460,"tx_packets":431,"tx_bytes":37844,"tx_dropped":0,"rx_dropped":1,"tx_errors":0,"rx_errors":0}},"id":"44fa77a969ccb3897287d3fd632d32179fe80edd1e2c6c77f6f5411cd6a4aabb","preread":"0001-01-01T00:00:00Z","storage_stats":{},"precpu_stats":{"throttling_data":{"throttled_periods":0,"throttled_time":0,"periods":0},"cpu_usage":{"usage_in_usermode":0,"usage_in_kernelmode":0,"total_usage":0}},"pids_stats":{"current":44},"num_procs":0,"cpu_stats":{"throttling_data":{"throttled_periods":0,"throttled_time":0,"periods":0},"system_cpu_usage":3667217264522419,"online_cpus":128,"cpu_usage":{"usage_in_usermode":8420000000,"usage_in_kernelmode":2420000000,"total_usage":10792403492,"percpu_usage":[0,0,0,0,0,0,0,0,0,0,0,0,0,0,0,0,0,0,0,0,0,0,0,0,0,0,0,0,0,0,0,0,0,0,0,0,0,0,0,0,0,0,0,0,0,0,0,0,0,0,0,10789947561,0,0,0,0,0,0,0,0,0,0,0,0,0,0,0,0,0,0,0,0,0,0,0,0,0,0,0,2452281,0,0,0,0,0,0,0,0,0,0,0,0,0,0,0,0,0,0,0,0,0,0,0,0,0,0,0,0,0,0,0,0,3650,0,0,0,0,0,0,0,0,0,0,0,0,0,0,0]}},"read":"2021-01-11T16:29:45.304717773Z"}