################################################################################
# PkgEval set-up: 2021-01-11T19:49:08.186
#

Julia Version 1.5.3
Commit 599f52c4c6 (2020-12-18 13:33 UTC)
Platform Info:
  OS: Linux (x86_64-linux-gnu)
  CPU: AMD EPYC 7502 32-Core Processor
  WORD_SIZE: 64
  LIBM: libopenlibm
  LLVM: libLLVM-9.0.1 (ORCJIT, znver2)
Environment:
  JULIA_PKG_PRECOMPILE_AUTO = 0
  JULIA_PKGEVAL = true

Base.julia_cmd() = `/opt/julia/bin/julia -Cnative -J/opt/julia/lib/julia/sys.so -g1`


################################################################################
# Installation: 2021-01-11T19:49:09.988
#

 Installing known registries into `~/.julia`
######################################################################## 100.0%
      Added registry `General` to `~/.julia/registries/General`
  Resolving package versions...
  Installed Lorenz96 ─ v0.1.0
Updating `~/.julia/environments/v1.5/Project.toml`
  [3fb22c43] + Lorenz96 v0.1.0
Updating `~/.julia/environments/v1.5/Manifest.toml`
  [3fb22c43] + Lorenz96 v0.1.0


################################################################################
# Testing: 2021-01-11T19:49:13.304
#

    Testing Lorenz96
Status `/tmp/jl_CqPKTP/Project.toml`
  [3fb22c43] Lorenz96 v0.1.0
  [8dfed614] Test
Status `/tmp/jl_CqPKTP/Manifest.toml`
  [3fb22c43] Lorenz96 v0.1.0
  [2a0f44e3] Base64
  [8ba89e20] Distributed
  [b77e0a4c] InteractiveUtils
  [56ddb016] Logging
  [d6f4376e] Markdown
  [9a3f8284] Random
  [9e88b42a] Serialization
  [6462fe0b] Sockets
  [8dfed614] Test
Test Summary: | Pass  Total
Bounded       |    2      2
Test Summary: | Pass  Total
Chaotic       |    1      1
Test Summary: | Pass  Total
NoForcing     |    1      1
Test Summary: | Pass  Total
InitialCond   |    3      3
Test Summary:   | Pass  Total
Mixed Precision |    2      2
    Testing Lorenz96 tests passed 

PkgEval succeeded


################################################################################
# PkgEval teardown: 2021-01-11T19:49:19.297
CPU usage: 11.18s (9.10s user, 2.12s kernel)

Network usage:
- eth0: 3.841 MiB received, 36.312 KiB sent

Raw statistics: {"blkio_stats":{"io_queue_recursive":[],"io_serviced_recursive":[{"major":259,"value":0,"op":"Read","minor":0},{"major":259,"value":24,"op":"Write","minor":0},{"major":259,"value":19,"op":"Sync","minor":0},{"major":259,"value":5,"op":"Async","minor":0},{"major":259,"value":0,"op":"Discard","minor":0},{"major":259,"value":24,"op":"Total","minor":0},{"major":253,"value":0,"op":"Read","minor":2},{"major":253,"value":24,"op":"Write","minor":2},{"major":253,"value":19,"op":"Sync","minor":2},{"major":253,"value":5,"op":"Async","minor":2},{"major":253,"value":0,"op":"Discard","minor":2},{"major":253,"value":24,"op":"Total","minor":2}],"io_time_recursive":[],"sectors_recursive":[],"io_service_bytes_recursive":[{"major":259,"value":0,"op":"Read","minor":0},{"major":259,"value":126976,"op":"Write","minor":0},{"major":259,"value":106496,"op":"Sync","minor":0},{"major":259,"value":20480,"op":"Async","minor":0},{"major":259,"value":0,"op":"Discard","minor":0},{"major":259,"value":126976,"op":"Total","minor":0},{"major":253,"value":0,"op":"Read","minor":2},{"major":253,"value":126976,"op":"Write","minor":2},{"major":253,"value":106496,"op":"Sync","minor":2},{"major":253,"value":20480,"op":"Async","minor":2},{"major":253,"value":0,"op":"Discard","minor":2},{"major":253,"value":126976,"op":"Total","minor":2}],"io_wait_time_recursive":[],"io_merged_recursive":[],"io_service_time_recursive":[]},"memory_stats":{"usage":326787072,"max_usage":574398464,"stats":{"hierarchical_memory_limit":9223372036854771712,"pgmajfault":0,"total_rss":216682496,"inactive_file":135168,"inactive_anon":80154624,"total_pgfault":299673,"total_cache":80687104,"total_rss_huge":0,"total_active_anon":217350144,"total_pgmajfault":0,"pgpgin":201993,"rss_huge":0,"mapped_file":0,"total_inactive_file":135168,"dirty":135168,"total_unevictable":0,"total_dirty":135168,"writeback":0,"pgpgout":129361,"hierarchical_memsw_limit":0,"cache":80687104,"active_file":135168,"pgfault":299673,"total_mapped_file":0,"total_pgpgout":129361,"total_writeback":0,"rss":216682496,"unevictable":0,"total_inactive_anon":80154624,"total_pgpgin":201993,"active_anon":217350144,"total_active_file":135168},"limit":540965302272},"name":"/Lorenz96-by2hrFBk","networks":{"eth0":{"rx_bytes":4027355,"rx_packets":415,"tx_packets":421,"tx_bytes":37184,"tx_dropped":0,"rx_dropped":1,"tx_errors":0,"rx_errors":0}},"id":"6f687e3cc2f8612758bae423dbc10f21d30c83a4d03cbf5e4a36cd990f8dcb87","preread":"0001-01-01T00:00:00Z","storage_stats":{},"precpu_stats":{"throttling_data":{"throttled_periods":0,"throttled_time":0,"periods":0},"cpu_usage":{"usage_in_usermode":0,"usage_in_kernelmode":0,"total_usage":0}},"pids_stats":{"current":40},"num_procs":0,"cpu_stats":{"throttling_data":{"throttled_periods":0,"throttled_time":0,"periods":0},"system_cpu_usage":5197344594522419,"online_cpus":128,"cpu_usage":{"usage_in_usermode":9100000000,"usage_in_kernelmode":2120000000,"total_usage":11176069693,"percpu_usage":[0,0,0,0,0,0,0,0,0,0,0,0,0,0,0,0,0,0,0,0,0,0,0,0,0,0,0,0,0,0,0,0,0,0,0,0,0,0,0,0,0,0,0,11176066053,0,0,0,0,0,0,0,0,0,0,0,0,0,0,0,0,0,0,0,0,0,0,0,0,0,0,0,0,0,0,0,0,0,0,0,0,0,0,0,0,0,0,0,0,0,0,0,0,0,0,0,0,0,0,0,0,0,0,0,0,0,3640,0,0,0,0,0,0,0,0,0,0,0,0,0,0,0,0,0,0,0,0,0,0]}},"read":"2021-01-11T19:49:19.300463133Z"}