################################################################################
# PackageCompiler set-up: 2021-01-11T23:07:16.589
#

Julia Version 1.5.3
Commit 599f52c4c6 (2020-12-18 13:33 UTC)
Platform Info:
  OS: Linux (x86_64-linux-gnu)
  CPU: AMD EPYC 7502 32-Core Processor
  WORD_SIZE: 64
  LIBM: libopenlibm
  LLVM: libLLVM-9.0.1 (ORCJIT, znver2)
Environment:
  JULIA_PKGEVAL = true
  JULIA_PKG_PRECOMPILE_AUTO = 0



################################################################################
# Installation: 2021-01-11T23:07:18.323
#

 Installing known registries into `~/.julia`
#                                                                          2.5%######################################################################## 100.0%
      Added registry `General` to `~/.julia/registries/General`
  Resolving package versions...
  Installed MKL_jll ───────── v2020.2.254+0
  Installed IntelOpenMP_jll ─ v2018.0.3+0
  Installed Reexport ──────── v1.0.0
  Installed LowRankApprox ─── v0.4.2
  Installed FillArrays ────── v0.10.2
  Installed AbstractFFTs ──── v1.0.0
  Installed JLLWrappers ───── v1.2.0
  Installed PackageCompiler ─ v1.2.5
  Installed FFTW_jll ──────── v3.3.9+7
  Installed Nullables ─────── v1.0.0
  Installed Artifacts ─────── v1.3.0
  Installed FFTW ──────────── v1.3.1
Updating `~/.julia/environments/v1.5/Project.toml`
  [898213cb] + LowRankApprox v0.4.2
  [9b87118b] + PackageCompiler v1.2.5
Updating `~/.julia/environments/v1.5/Manifest.toml`
  [621f4979] + AbstractFFTs v1.0.0
  [56f22d72] + Artifacts v1.3.0
  [7a1cc6ca] + FFTW v1.3.1
  [f5851436] + FFTW_jll v3.3.9+7
  [1a297f60] + FillArrays v0.10.2
  [1d5cc7b8] + IntelOpenMP_jll v2018.0.3+0
  [692b3bcd] + JLLWrappers v1.2.0
  [898213cb] + LowRankApprox v0.4.2
  [856f044c] + MKL_jll v2020.2.254+0
  [4d1e1d77] + Nullables v1.0.0
  [9b87118b] + PackageCompiler v1.2.5
  [189a3867] + Reexport v1.0.0
  [2a0f44e3] + Base64
  [ade2ca70] + Dates
  [8ba89e20] + Distributed
  [b77e0a4c] + InteractiveUtils
  [76f85450] + LibGit2
  [8f399da3] + Libdl
  [37e2e46d] + LinearAlgebra
  [56ddb016] + Logging
  [d6f4376e] + Markdown
  [44cfe95a] + Pkg
  [de0858da] + Printf
  [3fa0cd96] + REPL
  [9a3f8284] + Random
  [ea8e919c] + SHA
  [9e88b42a] + Serialization
  [6462fe0b] + Sockets
  [2f01184e] + SparseArrays
  [8dfed614] + Test
  [cf7118a7] + UUIDs
  [4ec0a83e] + Unicode
   Building FFTW → `~/.julia/packages/FFTW/eADNB/deps/build.log`


################################################################################
# Compiling: 2021-01-11T23:07:25.09
#

[ Info: PackageCompiler: creating system image object file, this might take a while...
Generated system image is 152.060 MiB, compilation took 175 seconds


################################################################################
# PkgEval set-up: 2021-01-11T23:10:27.753
#

Julia Version 1.5.3
Commit 599f52c4c6 (2020-12-18 13:33 UTC)
Platform Info:
  OS: Linux (x86_64-linux-gnu)
  CPU: AMD EPYC 7502 32-Core Processor
  WORD_SIZE: 64
  LIBM: libopenlibm
  LLVM: libLLVM-9.0.1 (ORCJIT, znver2)
Environment:
  JULIA_PKGEVAL = true
  JULIA_PKG_PRECOMPILE_AUTO = 0

Base.julia_cmd() = `/usr/local/julia/bin/julia -Cnative -J/cache/LowRankApprox-FJWZzgNK.so -g1`


################################################################################
# Installation: 2021-01-11T23:10:29.609
#

 Installing known registries into `~/.julia`
######################################################################## 100.0%
      Added registry `General` to `~/.julia/registries/General`
  Resolving package versions...
  Installed MKL_jll ───────── v2020.2.254+0
  Installed IntelOpenMP_jll ─ v2018.0.3+0
  Installed Reexport ──────── v1.0.0
  Installed LowRankApprox ─── v0.4.2
  Installed FillArrays ────── v0.10.2
  Installed FFTW_jll ──────── v3.3.9+7
  Installed AbstractFFTs ──── v1.0.0
  Installed JLLWrappers ───── v1.2.0
  Installed Artifacts ─────── v1.3.0
  Installed Nullables ─────── v1.0.0
  Installed FFTW ──────────── v1.3.1
Updating `~/.julia/environments/v1.5/Project.toml`
  [898213cb] + LowRankApprox v0.4.2
Updating `~/.julia/environments/v1.5/Manifest.toml`
  [621f4979] + AbstractFFTs v1.0.0
  [56f22d72] + Artifacts v1.3.0
  [7a1cc6ca] + FFTW v1.3.1
  [f5851436] + FFTW_jll v3.3.9+7
  [1a297f60] + FillArrays v0.10.2
  [1d5cc7b8] + IntelOpenMP_jll v2018.0.3+0
  [692b3bcd] + JLLWrappers v1.2.0
  [898213cb] + LowRankApprox v0.4.2
  [856f044c] + MKL_jll v2020.2.254+0
  [4d1e1d77] + Nullables v1.0.0
  [189a3867] + Reexport v1.0.0
  [2a0f44e3] + Base64
  [ade2ca70] + Dates
  [8ba89e20] + Distributed
  [b77e0a4c] + InteractiveUtils
  [76f85450] + LibGit2
  [8f399da3] + Libdl
  [37e2e46d] + LinearAlgebra
  [56ddb016] + Logging
  [d6f4376e] + Markdown
  [44cfe95a] + Pkg
  [de0858da] + Printf
  [3fa0cd96] + REPL
  [9a3f8284] + Random
  [ea8e919c] + SHA
  [9e88b42a] + Serialization
  [6462fe0b] + Sockets
  [2f01184e] + SparseArrays
  [8dfed614] + Test
  [cf7118a7] + UUIDs
  [4ec0a83e] + Unicode
   Building FFTW → `~/.julia/packages/FFTW/eADNB/deps/build.log`


################################################################################
# Testing: 2021-01-11T23:10:35.657
#

    Testing LowRankApprox
Status `/tmp/jl_7L0vic/Project.toml`
  [7a1cc6ca] FFTW v1.3.1
  [1a297f60] FillArrays v0.10.2
  [898213cb] LowRankApprox v0.4.2
  [4d1e1d77] Nullables v1.0.0
  [37e2e46d] LinearAlgebra
  [9a3f8284] Random
  [2f01184e] SparseArrays
  [8dfed614] Test
Status `/tmp/jl_7L0vic/Manifest.toml`
  [621f4979] AbstractFFTs v1.0.0
  [56f22d72] Artifacts v1.3.0
  [7a1cc6ca] FFTW v1.3.1
  [f5851436] FFTW_jll v3.3.9+7
  [1a297f60] FillArrays v0.10.2
  [1d5cc7b8] IntelOpenMP_jll v2018.0.3+0
  [692b3bcd] JLLWrappers v1.2.0
  [898213cb] LowRankApprox v0.4.2
  [856f044c] MKL_jll v2020.2.254+0
  [4d1e1d77] Nullables v1.0.0
  [189a3867] Reexport v1.0.0
  [2a0f44e3] Base64
  [ade2ca70] Dates
  [8ba89e20] Distributed
  [b77e0a4c] InteractiveUtils
  [76f85450] LibGit2
  [8f399da3] Libdl
  [37e2e46d] LinearAlgebra
  [56ddb016] Logging
  [d6f4376e] Markdown
  [44cfe95a] Pkg
  [de0858da] Printf
  [3fa0cd96] REPL
  [9a3f8284] Random
  [ea8e919c] SHA
  [9e88b42a] Serialization
  [6462fe0b] Sockets
  [2f01184e] SparseArrays
  [8dfed614] Test
  [cf7118a7] UUIDs
  [4ec0a83e] Unicode
  LinearOperator/Float32
  LinearOperator/Float64
  LinearOperator/Complex{Float32}
  LinearOperator/Complex{Float64}
  HermitianLinearOperator/Float32
  HermitianLinearOperator/Float64
  HermitianLinearOperator/Complex{Float32}
  HermitianLinearOperator/Complex{Float64}
 19.561787 seconds (40.74 M allocations: 1.892 GiB, 3.29% gc time)
Test Summary: | Pass  Total
linop         |  280    280
  RowPermutation
  ColumnPermutation
  2.036539 seconds (1.01 M allocations: 50.946 MiB, 0.69% gc time)
Test Summary: | Pass  Total
permute       |   40     40
  Float32
  Float64
  Complex{Float32}
  Complex{Float64}
  2.584169 seconds (3.87 M allocations: 190.168 MiB, 1.67% gc time)
Test Summary: | Pass  Total
snorm         |   12     12
  LowerTrapezoidal/Float32
  LowerTrapezoidal/Float64
  LowerTrapezoidal/Complex{Float32}
  LowerTrapezoidal/Complex{Float64}
  UpperTrapezoidal/Float32
  UpperTrapezoidal/Float64
  UpperTrapezoidal/Complex{Float32}
  UpperTrapezoidal/Complex{Float64}
 20.968715 seconds (38.99 M allocations: 1.765 GiB, 4.05% gc time)
Test Summary: | Pass  Total
trapezoidal   |  144    144

  RandomGaussian/Float32
  RandomGaussian/Float64
  RandomGaussian/Complex{Float32}
  RandomGaussian/Complex{Float64}
  RandomSubset/Float32
  RandomSubset/Float64
  RandomSubset/Complex{Float32}
  RandomSubset/Complex{Float64}
  SRFT/Float32
  SRFT/Float64
  SRFT/Complex{Float32}
  SRFT/Complex{Float64}
  SparseRandomGaussian/Float32
  SparseRandomGaussian/Float64
  SparseRandomGaussian/Complex{Float32}
  SparseRandomGaussian/Complex{Float64}
 13.879319 seconds (22.86 M allocations: 992.116 MiB, 4.87% gc time)
Test Summary: | Pass  Total
sketch        |   64     64
  none/Float32
  none/Float64
  none/Complex{Float32}
  none/Complex{Float64}
  RandomGaussian/Float32
  RandomGaussian/Float64
  RandomGaussian/Complex{Float32}
  RandomGaussian/Complex{Float64}
  RandomSubset/Float32
  RandomSubset/Float64
  RandomSubset/Complex{Float32}
  RandomSubset/Complex{Float64}
  SRFT/Float32
  SRFT/Float64
  SRFT/Complex{Float32}
  SRFT/Complex{Float64}
  SparseRandomGaussian/Float32
  SparseRandomGaussian/Float64
  SparseRandomGaussian/Complex{Float32}
  SparseRandomGaussian/Complex{Float64}
 31.978473 seconds (64.70 M allocations: 3.135 GiB, 4.31% gc time)
Test Summary: | Pass  Total
id            |  720    720
  none/Float32
  none/Float64
  none/Complex{Float32}
  none/Complex{Float64}
  RandomGaussian/Float32
  RandomGaussian/Float64
  RandomGaussian/Complex{Float32}
  RandomGaussian/Complex{Float64}
  RandomSubset/Float32
  RandomSubset/Float64
  RandomSubset/Complex{Float32}
  RandomSubset/Complex{Float64}
  SRFT/Float32
  SRFT/Float64
  SRFT/Complex{Float32}
  SRFT/Complex{Float64}
  SparseRandomGaussian/Float32
  SparseRandomGaussian/Float64
  SparseRandomGaussian/Complex{Float32}
  SparseRandomGaussian/Complex{Float64}
  4.658892 seconds (7.72 M allocations: 557.359 MiB, 4.03% gc time)
Test Summary: | Pass  Total
pheig         |  420    420
  none/Float32
  none/Float64
  none/Complex{Float32}
  none/Complex{Float64}
  RandomGaussian/Float32
  RandomGaussian/Float64
  RandomGaussian/Complex{Float32}
  RandomGaussian/Complex{Float64}
  RandomSubset/Float32
  RandomSubset/Float64
  RandomSubset/Complex{Float32}
  RandomSubset/Complex{Float64}
  SRFT/Float32
  SRFT/Float64
  SRFT/Complex{Float32}
  SRFT/Complex{Float64}
  SparseRandomGaussian/Float32
  SparseRandomGaussian/Float64
  SparseRandomGaussian/Complex{Float32}
  SparseRandomGaussian/Complex{Float64}
 15.191682 seconds (36.52 M allocations: 1.773 GiB, 6.96% gc time)
Test Summary: | Pass  Total
pqr           |  420    420
  none/Float32
  none/Float64
  none/Complex{Float32}
  none/Complex{Float64}
  RandomGaussian/Float32
  RandomGaussian/Float64
  RandomGaussian/Complex{Float32}
  RandomGaussian/Complex{Float64}
  RandomSubset/Float32
  RandomSubset/Float64
  RandomSubset/Complex{Float32}
  RandomSubset/Complex{Float64}
  SRFT/Float32
  SRFT/Float64
  SRFT/Complex{Float32}
  SRFT/Complex{Float64}
  SparseRandomGaussian/Float32
  SparseRandomGaussian/Float64
  SparseRandomGaussian/Complex{Float32}
  SparseRandomGaussian/Complex{Float64}
  2.523739 seconds (2.86 M allocations: 178.894 MiB, 2.11% gc time)
Test Summary: | Pass  Total
prange        |   60     60
  none/Float32
  none/Float64
  none/Complex{Float32}
  none/Complex{Float64}
  RandomGaussian/Float32
  RandomGaussian/Float64
  RandomGaussian/Complex{Float32}
  RandomGaussian/Complex{Float64}
  RandomSubset/Float32
  RandomSubset/Float64
  RandomSubset/Complex{Float32}
  RandomSubset/Complex{Float64}
  SRFT/Float32
  SRFT/Float64
  SRFT/Complex{Float32}
  SRFT/Complex{Float64}
  SparseRandomGaussian/Float32
  SparseRandomGaussian/Float64
  SparseRandomGaussian/Complex{Float32}
  SparseRandomGaussian/Complex{Float64}
  1.866874 seconds (2.39 M allocations: 220.076 MiB, 3.17% gc time)
Test Summary: | Pass  Total
psvd          |  420    420
  none/Float32
  none/Float64
  none/Complex{Float32}
  none/Complex{Float64}
  RandomGaussian/Float32
  RandomGaussian/Float64
  RandomGaussian/Complex{Float32}
  RandomGaussian/Complex{Float64}
  RandomSubset/Float32
  RandomSubset/Float64
  RandomSubset/Complex{Float32}
  RandomSubset/Complex{Float64}
  SRFT/Float32
  SRFT/Float64
  SRFT/Complex{Float32}
  SRFT/Complex{Float64}
  SparseRandomGaussian/Float32
  SparseRandomGaussian/Float64
  SparseRandomGaussian/Complex{Float32}
  SparseRandomGaussian/Complex{Float64}
  9.201072 seconds (20.26 M allocations: 1.236 GiB, 7.63% gc time)
Test Summary: | Pass  Total
cur           | 1080   1080
Test Summary: | Pass  Total
LowRankMatrix |   37     37
    Testing LowRankApprox tests passed 

PkgEval succeeded


################################################################################
# PkgEval teardown: 2021-01-11T23:12:58.53
CPU usage: 150.90s (147.76s user, 3.33s kernel)

Network usage:
- eth0: 2.751 MiB received, 73.706 KiB sent

Raw statistics: {"blkio_stats":{"io_queue_recursive":[],"io_serviced_recursive":[{"major":259,"value":0,"op":"Read","minor":0},{"major":259,"value":23,"op":"Write","minor":0},{"major":259,"value":14,"op":"Sync","minor":0},{"major":259,"value":9,"op":"Async","minor":0},{"major":259,"value":0,"op":"Discard","minor":0},{"major":259,"value":23,"op":"Total","minor":0},{"major":253,"value":0,"op":"Read","minor":2},{"major":253,"value":23,"op":"Write","minor":2},{"major":253,"value":14,"op":"Sync","minor":2},{"major":253,"value":9,"op":"Async","minor":2},{"major":253,"value":0,"op":"Discard","minor":2},{"major":253,"value":23,"op":"Total","minor":2}],"io_time_recursive":[],"sectors_recursive":[],"io_service_bytes_recursive":[{"major":259,"value":0,"op":"Read","minor":0},{"major":259,"value":94208,"op":"Write","minor":0},{"major":259,"value":57344,"op":"Sync","minor":0},{"major":259,"value":36864,"op":"Async","minor":0},{"major":259,"value":0,"op":"Discard","minor":0},{"major":259,"value":94208,"op":"Total","minor":0},{"major":253,"value":0,"op":"Read","minor":2},{"major":253,"value":94208,"op":"Write","minor":2},{"major":253,"value":57344,"op":"Sync","minor":2},{"major":253,"value":36864,"op":"Async","minor":2},{"major":253,"value":0,"op":"Discard","minor":2},{"major":253,"value":94208,"op":"Total","minor":2}],"io_wait_time_recursive":[],"io_merged_recursive":[],"io_service_time_recursive":[]},"memory_stats":{"usage":286330880,"max_usage":761114624,"stats":{"hierarchical_memory_limit":9223372036854771712,"pgmajfault":0,"total_rss":176099328,"inactive_file":135168,"inactive_anon":79478784,"total_pgfault":1082994,"total_cache":80527360,"total_rss_huge":0,"total_active_anon":177070080,"total_pgmajfault":0,"pgpgin":379632,"rss_huge":0,"mapped_file":0,"total_inactive_file":135168,"dirty":135168,"total_unevictable":0,"total_dirty":135168,"writeback":0,"pgpgout":317017,"hierarchical_memsw_limit":0,"cache":80527360,"active_file":135168,"pgfault":1082994,"total_mapped_file":0,"total_pgpgout":317017,"total_writeback":0,"rss":176099328,"unevictable":0,"total_inactive_anon":79478784,"total_pgpgin":379632,"active_anon":177070080,"total_active_file":135168},"limit":540965302272},"name":"/LowRankApprox-FdT3R8ZS","networks":{"eth0":{"rx_bytes":2884487,"rx_packets":630,"tx_packets":635,"tx_bytes":75475,"tx_dropped":0,"rx_dropped":6,"tx_errors":0,"rx_errors":0}},"id":"8eb2daf859b1f3b74a297dbac037ef5943b033f6ab8dcd9290bc067f9b0c7d63","preread":"0001-01-01T00:00:00Z","storage_stats":{},"precpu_stats":{"throttling_data":{"throttled_periods":0,"throttled_time":0,"periods":0},"cpu_usage":{"usage_in_usermode":0,"usage_in_kernelmode":0,"total_usage":0}},"pids_stats":{"current":44},"num_procs":0,"cpu_stats":{"throttling_data":{"throttled_periods":0,"throttled_time":0,"periods":0},"system_cpu_usage":6758654394522419,"online_cpus":128,"cpu_usage":{"usage_in_usermode":147760000000,"usage_in_kernelmode":3330000000,"total_usage":150903385235,"percpu_usage":[0,0,0,0,150903381065,0,0,0,0,0,0,0,0,0,0,0,0,0,0,0,0,0,0,0,0,0,0,0,0,0,0,0,0,0,0,0,0,0,0,0,0,0,0,0,0,0,0,0,0,0,0,0,0,0,0,0,0,0,0,0,0,0,0,0,0,0,0,0,4170,0,0,0,0,0,0,0,0,0,0,0,0,0,0,0,0,0,0,0,0,0,0,0,0,0,0,0,0,0,0,0,0,0,0,0,0,0,0,0,0,0,0,0,0,0,0,0,0,0,0,0,0,0,0,0,0,0,0,0]}},"read":"2021-01-11T23:12:58.533855476Z"}