################################################################################
# PkgEval set-up: 2021-01-11T20:51:08.601
#

Julia Version 1.5.3
Commit 599f52c4c6 (2020-12-18 13:33 UTC)
Platform Info:
  OS: Linux (x86_64-linux-gnu)
  CPU: AMD EPYC 7502 32-Core Processor
  WORD_SIZE: 64
  LIBM: libopenlibm
  LLVM: libLLVM-9.0.1 (ORCJIT, znver2)
Environment:
  JULIA_PKG_PRECOMPILE_AUTO = 0
  JULIA_PKGEVAL = true

Base.julia_cmd() = `/opt/julia/bin/julia -Cnative -J/opt/julia/lib/julia/sys.so -g1`


################################################################################
# Installation: 2021-01-11T20:51:10.415
#

 Installing known registries into `~/.julia`
###########                                                               16.4%######################################################################## 100.0%
      Added registry `General` to `~/.julia/registries/General`
  Resolving package versions...
  Installed LRSLib ─────────────────────── v0.5.0
  Installed CompilerSupportLibraries_jll ─ v0.3.4+0
  Installed MbedTLS_jll ────────────────── v2.16.8+1
  Installed Zlib_jll ───────────────────── v1.2.11+18
  Installed JSONSchema ─────────────────── v0.3.3
  Installed TableTraits ────────────────── v1.0.0
  Installed CommonSubexpressions ───────── v0.3.0
  Installed GeometryBasics ─────────────── v0.3.5
  Installed JuMP ───────────────────────── v0.21.4
  Installed MuladdMacro ────────────────── v0.2.2
  Installed Calculus ───────────────────── v0.5.1
  Installed DataAPI ────────────────────── v1.4.0
  Installed TranscodingStreams ─────────── v0.9.5
  Installed MbedTLS ────────────────────── v1.0.3
  Installed Tables ─────────────────────── v1.2.2
  Installed DataStructures ─────────────── v0.17.20
  Installed DiffRules ──────────────────── v1.0.2
  Installed DiffResults ────────────────── v1.0.3
  Installed Bzip2_jll ──────────────────── v1.0.6+5
  Installed HTTP ───────────────────────── v0.9.2
  Installed IterTools ──────────────────── v1.3.0
  Installed BenchmarkTools ─────────────── v0.5.0
  Installed OrderedCollections ─────────── v1.3.2
  Installed Polyhedra ──────────────────── v0.6.12
  Installed StaticArrays ───────────────── v1.0.1
  Installed DataValueInterfaces ────────── v1.0.0
  Installed Homebrew ───────────────────── v0.7.1
  Installed MathOptInterface ───────────── v0.9.19
  Installed RecipesBase ────────────────── v1.1.1
  Installed CodecZlib ──────────────────── v0.7.0
  Installed MacroTools ─────────────────── v0.5.6
  Installed URIParser ──────────────────── v0.4.1
  Installed NaNMath ────────────────────── v0.3.5
  Installed JLLWrappers ────────────────── v1.2.0
  Installed StructArrays ───────────────── v0.4.4
  Installed JSON ───────────────────────── v0.21.1
  Installed ZipFile ────────────────────── v0.9.3
  Installed MutableArithmetics ─────────── v0.2.13
  Installed ForwardDiff ────────────────── v0.10.14
  Installed Adapt ──────────────────────── v2.4.0
  Installed URIs ───────────────────────── v1.1.0
  Installed BinDeps ────────────────────── v0.8.10
  Installed EarCut_jll ─────────────────── v2.1.5+1
  Installed SpecialFunctions ───────────── v1.2.1
  Installed CodecBzip2 ─────────────────── v0.7.2
  Installed IteratorInterfaceExtensions ── v1.0.0
  Installed ChainRulesCore ─────────────── v0.9.24
  Installed Artifacts ──────────────────── v1.3.0
  Installed OpenSpecFun_jll ────────────── v0.5.3+4
  Installed Compat ─────────────────────── v2.2.1
  Installed Parsers ────────────────────── v1.0.15
  Installed IniFile ────────────────────── v0.5.0
Updating `~/.julia/environments/v1.5/Project.toml`
  [262c1cb6] + LRSLib v0.5.0
Updating `~/.julia/environments/v1.5/Manifest.toml`
  [79e6a3ab] + Adapt v2.4.0
  [56f22d72] + Artifacts v1.3.0
  [6e4b80f9] + BenchmarkTools v0.5.0
  [9e28174c] + BinDeps v0.8.10
  [6e34b625] + Bzip2_jll v1.0.6+5
  [49dc2e85] + Calculus v0.5.1
  [d360d2e6] + ChainRulesCore v0.9.24
  [523fee87] + CodecBzip2 v0.7.2
  [944b1d66] + CodecZlib v0.7.0
  [bbf7d656] + CommonSubexpressions v0.3.0
  [34da2185] + Compat v2.2.1
  [e66e0078] + CompilerSupportLibraries_jll v0.3.4+0
  [9a962f9c] + DataAPI v1.4.0
  [864edb3b] + DataStructures v0.17.20
  [e2d170a0] + DataValueInterfaces v1.0.0
  [163ba53b] + DiffResults v1.0.3
  [b552c78f] + DiffRules v1.0.2
  [5ae413db] + EarCut_jll v2.1.5+1
  [f6369f11] + ForwardDiff v0.10.14
  [5c1252a2] + GeometryBasics v0.3.5
  [cd3eb016] + HTTP v0.9.2
  [d9be37ee] + Homebrew v0.7.1
  [83e8ac13] + IniFile v0.5.0
  [c8e1da08] + IterTools v1.3.0
  [82899510] + IteratorInterfaceExtensions v1.0.0
  [692b3bcd] + JLLWrappers v1.2.0
  [682c06a0] + JSON v0.21.1
  [7d188eb4] + JSONSchema v0.3.3
  [4076af6c] + JuMP v0.21.4
  [262c1cb6] + LRSLib v0.5.0
  [1914dd2f] + MacroTools v0.5.6
  [b8f27783] + MathOptInterface v0.9.19
  [739be429] + MbedTLS v1.0.3
  [c8ffd9c3] + MbedTLS_jll v2.16.8+1
  [46d2c3a1] + MuladdMacro v0.2.2
  [d8a4904e] + MutableArithmetics v0.2.13
  [77ba4419] + NaNMath v0.3.5
  [efe28fd5] + OpenSpecFun_jll v0.5.3+4
  [bac558e1] + OrderedCollections v1.3.2
  [69de0a69] + Parsers v1.0.15
  [67491407] + Polyhedra v0.6.12
  [3cdcf5f2] + RecipesBase v1.1.1
  [276daf66] + SpecialFunctions v1.2.1
  [90137ffa] + StaticArrays v1.0.1
  [09ab397b] + StructArrays v0.4.4
  [3783bdb8] + TableTraits v1.0.0
  [bd369af6] + Tables v1.2.2
  [3bb67fe8] + TranscodingStreams v0.9.5
  [30578b45] + URIParser v0.4.1
  [5c2747f8] + URIs v1.1.0
  [a5390f91] + ZipFile v0.9.3
  [83775a58] + Zlib_jll v1.2.11+18
  [2a0f44e3] + Base64
  [ade2ca70] + Dates
  [8bb1440f] + DelimitedFiles
  [8ba89e20] + Distributed
  [b77e0a4c] + InteractiveUtils
  [76f85450] + LibGit2
  [8f399da3] + Libdl
  [37e2e46d] + LinearAlgebra
  [56ddb016] + Logging
  [d6f4376e] + Markdown
  [a63ad114] + Mmap
  [44cfe95a] + Pkg
  [de0858da] + Printf
  [3fa0cd96] + REPL
  [9a3f8284] + Random
  [ea8e919c] + SHA
  [9e88b42a] + Serialization
  [1a1011a3] + SharedArrays
  [6462fe0b] + Sockets
  [2f01184e] + SparseArrays
  [10745b16] + Statistics
  [8dfed614] + Test
  [cf7118a7] + UUIDs
  [4ec0a83e] + Unicode
   Building Homebrew → `~/.julia/packages/Homebrew/s09IX/deps/build.log`
   Building LRSLib ──→ `~/.julia/packages/LRSLib/fMJrS/deps/build.log`
┌ Error: Error building `LRSLib`: 
│   % Total    % Received % Xferd  Average Speed   Time    Time     Time  Current
│                                  Dload  Upload   Total   Spent    Left  Speed
│   0     0    0     0    0     0      0      0 --:--:-- --:--:-- --:--:--     0100   160  100   160    0     0   1151      0 --:--:-- --:--:-- --:--:--  1151
│ 100  453k    0  453k    0     0  1160k      0 --:--:-- --:--:-- --:--:-- 1160k
│ Archive:  /home/pkgeval/.julia/packages/LRSLib/fMJrS/deps/downloads/d8b723a2c315614979a8354f9e768d273d14a215.zip
│ d8b723a2c315614979a8354f9e768d273d14a215
│    creating: /home/pkgeval/.julia/packages/LRSLib/fMJrS/deps/src/lrslib-d8b723a2c315614979a8354f9e768d273d14a215/
│   inflating: /home/pkgeval/.julia/packages/LRSLib/fMJrS/deps/src/lrslib-d8b723a2c315614979a8354f9e768d273d14a215/2nash.c  
│   inflating: /home/pkgeval/.julia/packages/LRSLib/fMJrS/deps/src/lrslib-d8b723a2c315614979a8354f9e768d273d14a215/COPYING  
│   inflating: /home/pkgeval/.julia/packages/LRSLib/fMJrS/deps/src/lrslib-d8b723a2c315614979a8354f9e768d273d14a215/README  
│   inflating: /home/pkgeval/.julia/packages/LRSLib/fMJrS/deps/src/lrslib-d8b723a2c315614979a8354f9e768d273d14a215/c30-15.ext  
│   inflating: /home/pkgeval/.julia/packages/LRSLib/fMJrS/deps/src/lrslib-d8b723a2c315614979a8354f9e768d273d14a215/chdemo.c  
│   inflating: /home/pkgeval/.julia/packages/LRSLib/fMJrS/deps/src/lrslib-d8b723a2c315614979a8354f9e768d273d14a215/cube.ext  
│   inflating: /home/pkgeval/.julia/packages/LRSLib/fMJrS/deps/src/lrslib-d8b723a2c315614979a8354f9e768d273d14a215/cube.ine  
│    creating: /home/pkgeval/.julia/packages/LRSLib/fMJrS/deps/src/lrslib-d8b723a2c315614979a8354f9e768d273d14a215/ext/
│    creating: /home/pkgeval/.julia/packages/LRSLib/fMJrS/deps/src/lrslib-d8b723a2c315614979a8354f9e768d273d14a215/ext/metric/
│   inflating: /home/pkgeval/.julia/packages/LRSLib/fMJrS/deps/src/lrslib-d8b723a2c315614979a8354f9e768d273d14a215/ext/metric/cp4.ext  
│   inflating: /home/pkgeval/.julia/packages/LRSLib/fMJrS/deps/src/lrslib-d8b723a2c315614979a8354f9e768d273d14a215/ext/metric/cp5.ext  
│   inflating: /home/pkgeval/.julia/packages/LRSLib/fMJrS/deps/src/lrslib-d8b723a2c315614979a8354f9e768d273d14a215/ext/metric/cp6.ext  
│   inflating: /home/pkgeval/.julia/packages/LRSLib/fMJrS/deps/src/lrslib-d8b723a2c315614979a8354f9e768d273d14a215/ext/metric/cp7.ext  
│   inflating: /home/pkgeval/.julia/packages/LRSLib/fMJrS/deps/src/lrslib-d8b723a2c315614979a8354f9e768d273d14a215/ext/metric/mp5.ext  
│    creating: /home/pkgeval/.julia/packages/LRSLib/fMJrS/deps/src/lrslib-d8b723a2c315614979a8354f9e768d273d14a215/ext/test/
│   inflating: /home/pkgeval/.julia/packages/LRSLib/fMJrS/deps/src/lrslib-d8b723a2c315614979a8354f9e768d273d14a215/ext/test/cut16_11.ext  
│   inflating: /home/pkgeval/.julia/packages/LRSLib/fMJrS/deps/src/lrslib-d8b723a2c315614979a8354f9e768d273d14a215/ext/test/cut32_16.ext  
│   inflating: /home/pkgeval/.julia/packages/LRSLib/fMJrS/deps/src/lrslib-d8b723a2c315614979a8354f9e768d273d14a215/ext/test/cyclic25_13.ext  
│   inflating: /home/pkgeval/.julia/packages/LRSLib/fMJrS/deps/src/lrslib-d8b723a2c315614979a8354f9e768d273d14a215/ext/test/mit33.ext  
│   inflating: /home/pkgeval/.julia/packages/LRSLib/fMJrS/deps/src/lrslib-d8b723a2c315614979a8354f9e768d273d14a215/ext/test/tsp5.ext  
│   inflating: /home/pkgeval/.julia/packages/LRSLib/fMJrS/deps/src/lrslib-d8b723a2c315614979a8354f9e768d273d14a215/ext/test/vol2.ext  
│   inflating: /home/pkgeval/.julia/packages/LRSLib/fMJrS/deps/src/lrslib-d8b723a2c315614979a8354f9e768d273d14a215/float2rat.c  
│   inflating: /home/pkgeval/.julia/packages/LRSLib/fMJrS/deps/src/lrslib-d8b723a2c315614979a8354f9e768d273d14a215/fourier.c  
│    creating: /home/pkgeval/.julia/packages/LRSLib/fMJrS/deps/src/lrslib-d8b723a2c315614979a8354f9e768d273d14a215/games/
│   inflating: /home/pkgeval/.julia/packages/LRSLib/fMJrS/deps/src/lrslib-d8b723a2c315614979a8354f9e768d273d14a215/games/game  
│   inflating: /home/pkgeval/.julia/packages/LRSLib/fMJrS/deps/src/lrslib-d8b723a2c315614979a8354f9e768d273d14a215/games/game1  
│   inflating: /home/pkgeval/.julia/packages/LRSLib/fMJrS/deps/src/lrslib-d8b723a2c315614979a8354f9e768d273d14a215/games/game2  
│   inflating: /home/pkgeval/.julia/packages/LRSLib/fMJrS/deps/src/lrslib-d8b723a2c315614979a8354f9e768d273d14a215/games/gamec  
│   inflating: /home/pkgeval/.julia/packages/LRSLib/fMJrS/deps/src/lrslib-d8b723a2c315614979a8354f9e768d273d14a215/games/gamem  
│   inflating: /home/pkgeval/.julia/packages/LRSLib/fMJrS/deps/src/lrslib-d8b723a2c315614979a8354f9e768d273d14a215/games/gamem.2  
│   inflating: /home/pkgeval/.julia/packages/LRSLib/fMJrS/deps/src/lrslib-d8b723a2c315614979a8354f9e768d273d14a215/games/gamem.gmp  
│   inflating: /home/pkgeval/.julia/packages/LRSLib/fMJrS/deps/src/lrslib-d8b723a2c315614979a8354f9e768d273d14a215/games/gamemp  
│   inflating: /home/pkgeval/.julia/packages/LRSLib/fMJrS/deps/src/lrslib-d8b723a2c315614979a8354f9e768d273d14a215/games/gamemp.1  
│   inflating: /home/pkgeval/.julia/packages/LRSLib/fMJrS/deps/src/lrslib-d8b723a2c315614979a8354f9e768d273d14a215/in7.ine  
│    creating: /home/pkgeval/.julia/packages/LRSLib/fMJrS/deps/src/lrslib-d8b723a2c315614979a8354f9e768d273d14a215/ine/
│    creating: /home/pkgeval/.julia/packages/LRSLib/fMJrS/deps/src/lrslib-d8b723a2c315614979a8354f9e768d273d14a215/ine/cocoa13/
│   inflating: /home/pkgeval/.julia/packages/LRSLib/fMJrS/deps/src/lrslib-d8b723a2c315614979a8354f9e768d273d14a215/ine/cocoa13/bv10.ine  
│   inflating: /home/pkgeval/.julia/packages/LRSLib/fMJrS/deps/src/lrslib-d8b723a2c315614979a8354f9e768d273d14a215/ine/cocoa13/bv4.ine  
│   inflating: /home/pkgeval/.julia/packages/LRSLib/fMJrS/deps/src/lrslib-d8b723a2c315614979a8354f9e768d273d14a215/ine/cocoa13/bv5.ine  
│   inflating: /home/pkgeval/.julia/packages/LRSLib/fMJrS/deps/src/lrslib-d8b723a2c315614979a8354f9e768d273d14a215/ine/cocoa13/bv6.ine  
│   inflating: /home/pkgeval/.julia/packages/LRSLib/fMJrS/deps/src/lrslib-d8b723a2c315614979a8354f9e768d273d14a215/ine/cocoa13/bv7.ine  
│   inflating: /home/pkgeval/.julia/packages/LRSLib/fMJrS/deps/src/lrslib-d8b723a2c315614979a8354f9e768d273d14a215/ine/cocoa13/bv8.ine  
│   inflating: /home/pkgeval/.julia/packages/LRSLib/fMJrS/deps/src/lrslib-d8b723a2c315614979a8354f9e768d273d14a215/ine/cocoa13/bv9.ine  
│   inflating: /home/pkgeval/.julia/packages/LRSLib/fMJrS/deps/src/lrslib-d8b723a2c315614979a8354f9e768d273d14a215/ine/cocoa13/c28-14.ext  
│   inflating: /home/pkgeval/.julia/packages/LRSLib/fMJrS/deps/src/lrslib-d8b723a2c315614979a8354f9e768d273d14a215/ine/cocoa13/c30-15.ext  
│   inflating: /home/pkgeval/.julia/packages/LRSLib/fMJrS/deps/src/lrslib-d8b723a2c315614979a8354f9e768d273d14a215/ine/cocoa13/c40-20.ext  
│   inflating: /home/pkgeval/.julia/packages/LRSLib/fMJrS/deps/src/lrslib-d8b723a2c315614979a8354f9e768d273d14a215/ine/cocoa13/mit.ine  
│   inflating: /home/pkgeval/.julia/packages/LRSLib/fMJrS/deps/src/lrslib-d8b723a2c315614979a8354f9e768d273d14a215/ine/cocoa13/perm10.ine  
│   inflating: /home/pkgeval/.julia/packages/LRSLib/fMJrS/deps/src/lrslib-d8b723a2c315614979a8354f9e768d273d14a215/ine/cocoa13/perm4.ine  
│   inflating: /home/pkgeval/.julia/packages/LRSLib/fMJrS/deps/src/lrslib-d8b723a2c315614979a8354f9e768d273d14a215/ine/cocoa13/perm5.ine  
│   inflating: /home/pkgeval/.julia/packages/LRSLib/fMJrS/deps/src/lrslib-d8b723a2c315614979a8354f9e768d273d14a215/ine/cocoa13/perm6.ine  
│   inflating: /home/pkgeval/.julia/packages/LRSLib/fMJrS/deps/src/lrslib-d8b723a2c315614979a8354f9e768d273d14a215/ine/cocoa13/perm7.ine  
│   inflating: /home/pkgeval/.julia/packages/LRSLib/fMJrS/deps/src/lrslib-d8b723a2c315614979a8354f9e768d273d14a215/ine/cocoa13/perm8.ine  
│   inflating: /home/pkgeval/.julia/packages/LRSLib/fMJrS/deps/src/lrslib-d8b723a2c315614979a8354f9e768d273d14a215/ine/cocoa13/perm9.ine  
│    creating: /home/pkgeval/.julia/packages/LRSLib/fMJrS/deps/src/lrslib-d8b723a2c315614979a8354f9e768d273d14a215/ine/metric/
│   inflating: /home/pkgeval/.julia/packages/LRSLib/fMJrS/deps/src/lrslib-d8b723a2c315614979a8354f9e768d273d14a215/ine/metric/cp4.ine  
│   inflating: /home/pkgeval/.julia/packages/LRSLib/fMJrS/deps/src/lrslib-d8b723a2c315614979a8354f9e768d273d14a215/ine/metric/cp5.ine  
│   inflating: /home/pkgeval/.julia/packages/LRSLib/fMJrS/deps/src/lrslib-d8b723a2c315614979a8354f9e768d273d14a215/ine/metric/cp6.ine  
│   inflating: /home/pkgeval/.julia/packages/LRSLib/fMJrS/deps/src/lrslib-d8b723a2c315614979a8354f9e768d273d14a215/ine/metric/mp5.ine  
│   inflating: /home/pkgeval/.julia/packages/LRSLib/fMJrS/deps/src/lrslib-d8b723a2c315614979a8354f9e768d273d14a215/ine/metric/mp6.ine  
│    creating: /home/pkgeval/.julia/packages/LRSLib/fMJrS/deps/src/lrslib-d8b723a2c315614979a8354f9e768d273d14a215/ine/mit/
│   inflating: /home/pkgeval/.julia/packages/LRSLib/fMJrS/deps/src/lrslib-d8b723a2c315614979a8354f9e768d273d14a215/ine/mit/mit.ine  
│   inflating: /home/pkgeval/.julia/packages/LRSLib/fMJrS/deps/src/lrslib-d8b723a2c315614979a8354f9e768d273d14a215/ine/mit/mit288-281.ine  
│   inflating: /home/pkgeval/.julia/packages/LRSLib/fMJrS/deps/src/lrslib-d8b723a2c315614979a8354f9e768d273d14a215/ine/mit/mit31-20.ine  
│   inflating: /home/pkgeval/.julia/packages/LRSLib/fMJrS/deps/src/lrslib-d8b723a2c315614979a8354f9e768d273d14a215/ine/mit/mit41-16.ine  
│   inflating: /home/pkgeval/.julia/packages/LRSLib/fMJrS/deps/src/lrslib-d8b723a2c315614979a8354f9e768d273d14a215/ine/mit/mit708-9.ine  
│   inflating: /home/pkgeval/.julia/packages/LRSLib/fMJrS/deps/src/lrslib-d8b723a2c315614979a8354f9e768d273d14a215/ine/mit/mit71-61.ine  
│   inflating: /home/pkgeval/.julia/packages/LRSLib/fMJrS/deps/src/lrslib-d8b723a2c315614979a8354f9e768d273d14a215/ine/mit/mit90-86.ine  
│    creating: /home/pkgeval/.julia/packages/LRSLib/fMJrS/deps/src/lrslib-d8b723a2c315614979a8354f9e768d273d14a215/ine/test-062/
│   inflating: /home/pkgeval/.julia/packages/LRSLib/fMJrS/deps/src/lrslib-d8b723a2c315614979a8354f9e768d273d14a215/ine/test-062/bv7.ine  
│   inflating: /home/pkgeval/.julia/packages/LRSLib/fMJrS/deps/src/lrslib-d8b723a2c315614979a8354f9e768d273d14a215/ine/test-062/c30-15.ext  
│   inflating: /home/pkgeval/.julia/packages/LRSLib/fMJrS/deps/src/lrslib-d8b723a2c315614979a8354f9e768d273d14a215/ine/test-062/c40-20.ext  
│   inflating: /home/pkgeval/.julia/packages/LRSLib/fMJrS/deps/src/lrslib-d8b723a2c315614979a8354f9e768d273d14a215/ine/test-062/cp6.ine  
│   inflating: /home/pkgeval/.julia/packages/LRSLib/fMJrS/deps/src/lrslib-d8b723a2c315614979a8354f9e768d273d14a215/ine/test-062/fq48-19.ine  
│   inflating: /home/pkgeval/.julia/packages/LRSLib/fMJrS/deps/src/lrslib-d8b723a2c315614979a8354f9e768d273d14a215/ine/test-062/m6.ine  
│   inflating: /home/pkgeval/.julia/packages/LRSLib/fMJrS/deps/src/lrslib-d8b723a2c315614979a8354f9e768d273d14a215/ine/test-062/mit.ine  
│   inflating: /home/pkgeval/.julia/packages/LRSLib/fMJrS/deps/src/lrslib-d8b723a2c315614979a8354f9e768d273d14a215/ine/test-062/mit71-61.ine  
│    creating: /home/pkgeval/.julia/packages/LRSLib/fMJrS/deps/src/lrslib-d8b723a2c315614979a8354f9e768d273d14a215/ine/test-062/normaliz/
│   inflating: /home/pkgeval/.julia/packages/LRSLib/fMJrS/deps/src/lrslib-d8b723a2c315614979a8354f9e768d273d14a215/ine/test-062/normaliz/bv7.in  
│   inflating: /home/pkgeval/.julia/packages/LRSLib/fMJrS/deps/src/lrslib-d8b723a2c315614979a8354f9e768d273d14a215/ine/test-062/normaliz/c30-15.ext.in  
│   inflating: /home/pkgeval/.julia/packages/LRSLib/fMJrS/deps/src/lrslib-d8b723a2c315614979a8354f9e768d273d14a215/ine/test-062/normaliz/c40-20.ext.in  
│   inflating: /home/pkgeval/.julia/packages/LRSLib/fMJrS/deps/src/lrslib-d8b723a2c315614979a8354f9e768d273d14a215/ine/test-062/normaliz/cp6.in  
│   inflating: /home/pkgeval/.julia/packages/LRSLib/fMJrS/deps/src/lrslib-d8b723a2c315614979a8354f9e768d273d14a215/ine/test-062/normaliz/fq48-19.in  
│   inflating: /home/pkgeval/.julia/packages/LRSLib/fMJrS/deps/src/lrslib-d8b723a2c315614979a8354f9e768d273d14a215/ine/test-062/normaliz/m6.in  
│   inflating: /home/pkgeval/.julia/packages/LRSLib/fMJrS/deps/src/lrslib-d8b723a2c315614979a8354f9e768d273d14a215/ine/test-062/normaliz/mit.in  
│   inflating: /home/pkgeval/.julia/packages/LRSLib/fMJrS/deps/src/lrslib-d8b723a2c315614979a8354f9e768d273d14a215/ine/test-062/normaliz/mit71-61.in  
│   inflating: /home/pkgeval/.julia/packages/LRSLib/fMJrS/deps/src/lrslib-d8b723a2c315614979a8354f9e768d273d14a215/ine/test-062/normaliz/perm10.in  
│   inflating: /home/pkgeval/.julia/packages/LRSLib/fMJrS/deps/src/lrslib-d8b723a2c315614979a8354f9e768d273d14a215/ine/test-062/normaliz/zfw91.in  
│   inflating: /home/pkgeval/.julia/packages/LRSLib/fMJrS/deps/src/lrslib-d8b723a2c315614979a8354f9e768d273d14a215/ine/test-062/perm10.ine  
│    creating: /home/pkgeval/.julia/packages/LRSLib/fMJrS/deps/src/lrslib-d8b723a2c315614979a8354f9e768d273d14a215/ine/test-062/porta/
│   inflating: /home/pkgeval/.julia/packages/LRSLib/fMJrS/deps/src/lrslib-d8b723a2c315614979a8354f9e768d273d14a215/ine/test-062/porta/bv7.ine.ieq  
│   inflating: /home/pkgeval/.julia/packages/LRSLib/fMJrS/deps/src/lrslib-d8b723a2c315614979a8354f9e768d273d14a215/ine/test-062/porta/c30-15.ext.poi  
│   inflating: /home/pkgeval/.julia/packages/LRSLib/fMJrS/deps/src/lrslib-d8b723a2c315614979a8354f9e768d273d14a215/ine/test-062/porta/c40-20.ext.poi  
│   inflating: /home/pkgeval/.julia/packages/LRSLib/fMJrS/deps/src/lrslib-d8b723a2c315614979a8354f9e768d273d14a215/ine/test-062/porta/cp6.ine.ieq  
│   inflating: /home/pkgeval/.julia/packages/LRSLib/fMJrS/deps/src/lrslib-d8b723a2c315614979a8354f9e768d273d14a215/ine/test-062/porta/fq48-19.ine.ieq  
│   inflating: /home/pkgeval/.julia/packages/LRSLib/fMJrS/deps/src/lrslib-d8b723a2c315614979a8354f9e768d273d14a215/ine/test-062/porta/m6.ine.ieq  
│   inflating: /home/pkgeval/.julia/packages/LRSLib/fMJrS/deps/src/lrslib-d8b723a2c315614979a8354f9e768d273d14a215/ine/test-062/porta/mit.ine.ieq  
│   inflating: /home/pkgeval/.julia/packages/LRSLib/fMJrS/deps/src/lrslib-d8b723a2c315614979a8354f9e768d273d14a215/ine/test-062/porta/mit71-61.ine.ieq  
│   inflating: /home/pkgeval/.julia/packages/LRSLib/fMJrS/deps/src/lrslib-d8b723a2c315614979a8354f9e768d273d14a215/ine/test-062/porta/perm10.ine.ieq  
│   inflating: /home/pkgeval/.julia/packages/LRSLib/fMJrS/deps/src/lrslib-d8b723a2c315614979a8354f9e768d273d14a215/ine/test-062/porta/zfw91.ine.ieq  
│   inflating: /home/pkgeval/.julia/packages/LRSLib/fMJrS/deps/src/lrslib-d8b723a2c315614979a8354f9e768d273d14a215/ine/test-062/zfw91.ine  
│   inflating: /home/pkgeval/.julia/packages/LRSLib/fMJrS/deps/src/lrslib-d8b723a2c315614979a8354f9e768d273d14a215/ine/test-062/zfw91nn.ine  
│    creating: /home/pkgeval/.julia/packages/LRSLib/fMJrS/deps/src/lrslib-d8b723a2c315614979a8354f9e768d273d14a215/ine/test/
│   inflating: /home/pkgeval/.julia/packages/LRSLib/fMJrS/deps/src/lrslib-d8b723a2c315614979a8354f9e768d273d14a215/ine/test/cross4.ine  
│   inflating: /home/pkgeval/.julia/packages/LRSLib/fMJrS/deps/src/lrslib-d8b723a2c315614979a8354f9e768d273d14a215/ine/test/cyclic17_8.ine  
│   inflating: /home/pkgeval/.julia/packages/LRSLib/fMJrS/deps/src/lrslib-d8b723a2c315614979a8354f9e768d273d14a215/ine/test/diamond.ine  
│   inflating: /home/pkgeval/.julia/packages/LRSLib/fMJrS/deps/src/lrslib-d8b723a2c315614979a8354f9e768d273d14a215/ine/test/in0.ine  
│   inflating: /home/pkgeval/.julia/packages/LRSLib/fMJrS/deps/src/lrslib-d8b723a2c315614979a8354f9e768d273d14a215/ine/test/in1.ine  
│   inflating: /home/pkgeval/.julia/packages/LRSLib/fMJrS/deps/src/lrslib-d8b723a2c315614979a8354f9e768d273d14a215/ine/test/in2.ine  
│   inflating: /home/pkgeval/.julia/packages/LRSLib/fMJrS/deps/src/lrslib-d8b723a2c315614979a8354f9e768d273d14a215/ine/test/in3.ine  
│   inflating: /home/pkgeval/.julia/packages/LRSLib/fMJrS/deps/src/lrslib-d8b723a2c315614979a8354f9e768d273d14a215/ine/test/in4.ine  
│   inflating: /home/pkgeval/.julia/packages/LRSLib/fMJrS/deps/src/lrslib-d8b723a2c315614979a8354f9e768d273d14a215/ine/test/in5.ine  
│   inflating: /home/pkgeval/.julia/packages/LRSLib/fMJrS/deps/src/lrslib-d8b723a2c315614979a8354f9e768d273d14a215/ine/test/in6.ine  
│   inflating: /home/pkgeval/.julia/packages/LRSLib/fMJrS/deps/src/lrslib-d8b723a2c315614979a8354f9e768d273d14a215/ine/test/in7.ine  
│   inflating: /home/pkgeval/.julia/packages/LRSLib/fMJrS/deps/src/lrslib-d8b723a2c315614979a8354f9e768d273d14a215/ine/test/inf.ine  
│   inflating: /home/pkgeval/.julia/packages/LRSLib/fMJrS/deps/src/lrslib-d8b723a2c315614979a8354f9e768d273d14a215/ine/test/kkd38_6.ine  
│   inflating: /home/pkgeval/.julia/packages/LRSLib/fMJrS/deps/src/lrslib-d8b723a2c315614979a8354f9e768d273d14a215/ine/test/kq20_11.ine  
│   inflating: /home/pkgeval/.julia/packages/LRSLib/fMJrS/deps/src/lrslib-d8b723a2c315614979a8354f9e768d273d14a215/ine/test/kq20_11a.ine  
│   inflating: /home/pkgeval/.julia/packages/LRSLib/fMJrS/deps/src/lrslib-d8b723a2c315614979a8354f9e768d273d14a215/ine/test/lcube.ine  
│   inflating: /home/pkgeval/.julia/packages/LRSLib/fMJrS/deps/src/lrslib-d8b723a2c315614979a8354f9e768d273d14a215/ine/test/metric40_11.ine  
│   inflating: /home/pkgeval/.julia/packages/LRSLib/fMJrS/deps/src/lrslib-d8b723a2c315614979a8354f9e768d273d14a215/ine/test/metric80_16.ine  
│   inflating: /home/pkgeval/.julia/packages/LRSLib/fMJrS/deps/src/lrslib-d8b723a2c315614979a8354f9e768d273d14a215/ine/test/mit31_20.ine  
│   inflating: /home/pkgeval/.julia/packages/LRSLib/fMJrS/deps/src/lrslib-d8b723a2c315614979a8354f9e768d273d14a215/ine/test/trunc10.ine  
│   inflating: /home/pkgeval/.julia/packages/LRSLib/fMJrS/deps/src/lrslib-d8b723a2c315614979a8354f9e768d273d14a215/ine/test/trunc7.ine  
│   inflating: /home/pkgeval/.julia/packages/LRSLib/fMJrS/deps/src/lrslib-d8b723a2c315614979a8354f9e768d273d14a215/ine/test/truss2.ine  
│   inflating: /home/pkgeval/.julia/packages/LRSLib/fMJrS/deps/src/lrslib-d8b723a2c315614979a8354f9e768d273d14a215/ine/test/tsp5.ine  
│   inflating: /home/pkgeval/.julia/packages/LRSLib/fMJrS/deps/src/lrslib-d8b723a2c315614979a8354f9e768d273d14a215/lpdemo.c  
│   inflating: /home/pkgeval/.julia/packages/LRSLib/fMJrS/deps/src/lrslib-d8b723a2c315614979a8354f9e768d273d14a215/lpdemo1.c  
│   inflating: /home/pkgeval/.julia/packages/LRSLib/fMJrS/deps/src/lrslib-d8b723a2c315614979a8354f9e768d273d14a215/lpdemo2.c  
│   inflating: /home/pkgeval/.julia/packages/LRSLib/fMJrS/deps/src/lrslib-d8b723a2c315614979a8354f9e768d273d14a215/lrs.c  
│   inflating: /home/pkgeval/.julia/packages/LRSLib/fMJrS/deps/src/lrslib-d8b723a2c315614979a8354f9e768d273d14a215/lrsdriver.c  
│   inflating: /home/pkgeval/.julia/packages/LRSLib/fMJrS/deps/src/lrslib-d8b723a2c315614979a8354f9e768d273d14a215/lrsdriver.h  
│   inflating: /home/pkgeval/.julia/packages/LRSLib/fMJrS/deps/src/lrslib-d8b723a2c315614979a8354f9e768d273d14a215/lrsgmp.c  
│   inflating: /home/pkgeval/.julia/packages/LRSLib/fMJrS/deps/src/lrslib-d8b723a2c315614979a8354f9e768d273d14a215/lrsgmp.h  
│   inflating: /home/pkgeval/.julia/packages/LRSLib/fMJrS/deps/src/lrslib-d8b723a2c315614979a8354f9e768d273d14a215/lrslib.c  
│   inflating: /home/pkgeval/.julia/packages/LRSLib/fMJrS/deps/src/lrslib-d8b723a2c315614979a8354f9e768d273d14a215/lrslib.h  
│   inflating: /home/pkgeval/.julia/packages/LRSLib/fMJrS/deps/src/lrslib-d8b723a2c315614979a8354f9e768d273d14a215/lrslong.c  
│   inflating: /home/pkgeval/.julia/packages/LRSLib/fMJrS/deps/src/lrslib-d8b723a2c315614979a8354f9e768d273d14a215/lrslong.h  
│   inflating: /home/pkgeval/.julia/packages/LRSLib/fMJrS/deps/src/lrslib-d8b723a2c315614979a8354f9e768d273d14a215/lrsmp.c  
│   inflating: /home/pkgeval/.julia/packages/LRSLib/fMJrS/deps/src/lrslib-d8b723a2c315614979a8354f9e768d273d14a215/lrsmp.h  
│   inflating: /home/pkgeval/.julia/packages/LRSLib/fMJrS/deps/src/lrslib-d8b723a2c315614979a8354f9e768d273d14a215/lrsnash.c  
│   inflating: /home/pkgeval/.julia/packages/LRSLib/fMJrS/deps/src/lrslib-d8b723a2c315614979a8354f9e768d273d14a215/lrsnashlib.c  
│   inflating: /home/pkgeval/.julia/packages/LRSLib/fMJrS/deps/src/lrslib-d8b723a2c315614979a8354f9e768d273d14a215/lrsnashlib.h  
│   inflating: /home/pkgeval/.julia/packages/LRSLib/fMJrS/deps/src/lrslib-d8b723a2c315614979a8354f9e768d273d14a215/makefile  
│   inflating: /home/pkgeval/.julia/packages/LRSLib/fMJrS/deps/src/lrslib-d8b723a2c315614979a8354f9e768d273d14a215/mit.ine  
│   inflating: /home/pkgeval/.julia/packages/LRSLib/fMJrS/deps/src/lrslib-d8b723a2c315614979a8354f9e768d273d14a215/mp5.ext  
│   inflating: /home/pkgeval/.julia/packages/LRSLib/fMJrS/deps/src/lrslib-d8b723a2c315614979a8354f9e768d273d14a215/mp5.ine  
│   inflating: /home/pkgeval/.julia/packages/LRSLib/fMJrS/deps/src/lrslib-d8b723a2c315614979a8354f9e768d273d14a215/mp5.mplrs  
│   inflating: /home/pkgeval/.julia/packages/LRSLib/fMJrS/deps/src/lrslib-d8b723a2c315614979a8354f9e768d273d14a215/mplrs.c  
│   inflating: /home/pkgeval/.julia/packages/LRSLib/fMJrS/deps/src/lrslib-d8b723a2c315614979a8354f9e768d273d14a215/mplrs.h  
│   inflating: /home/pkgeval/.julia/packages/LRSLib/fMJrS/deps/src/lrslib-d8b723a2c315614979a8354f9e768d273d14a215/nashdemo.c  
│   inflating: /home/pkgeval/.julia/packages/LRSLib/fMJrS/deps/src/lrslib-d8b723a2c315614979a8354f9e768d273d14a215/plotD.gp  
│   inflating: /home/pkgeval/.julia/packages/LRSLib/fMJrS/deps/src/lrslib-d8b723a2c315614979a8354f9e768d273d14a215/plotL.gp  
│   inflating: /home/pkgeval/.julia/packages/LRSLib/fMJrS/deps/src/lrslib-d8b723a2c315614979a8354f9e768d273d14a215/rat2float.c  
│   inflating: /home/pkgeval/.julia/packages/LRSLib/fMJrS/deps/src/lrslib-d8b723a2c315614979a8354f9e768d273d14a215/redund.c  
│   inflating: /home/pkgeval/.julia/packages/LRSLib/fMJrS/deps/src/lrslib-d8b723a2c315614979a8354f9e768d273d14a215/setupnash.c  
│   inflating: /home/pkgeval/.julia/packages/LRSLib/fMJrS/deps/src/lrslib-d8b723a2c315614979a8354f9e768d273d14a215/setupnash2.c  
│   inflating: /home/pkgeval/.julia/packages/LRSLib/fMJrS/deps/src/lrslib-d8b723a2c315614979a8354f9e768d273d14a215/vedemo.c  
│   inflating: /home/pkgeval/.julia/packages/LRSLib/fMJrS/deps/src/lrslib-d8b723a2c315614979a8354f9e768d273d14a215/vol1.ext  
│ makefile:214: warning: overriding recipe for target 'liblrs.so'
│ makefile:211: warning: ignoring old recipe for target 'liblrs.so'
│ cc -O3 -Wall -DLRS_QUIET -fPIC -DMA -DSAFE -DLRSLONG -c -o lrslong1-shr.o lrslong.c
│ cc -O3 -Wall -DLRS_QUIET -fPIC -DMA -DSAFE -DB128 -DLRSLONG -c -o lrslong2-shr.o lrslong.c
│ cc -O3 -Wall -DLRS_QUIET -fPIC -DMA -DSAFE -DLRSLONG -c -o lrslib1-shr.o lrslib.c
│ lrslib.c: In function 'lrs_init_dat_1':
│ lrslib.c:853:8: warning: unused variable 'i' [-Wunused-variable]
│   853 |   long i;
│       |        ^
│ lrslib.c: In function 'lrs_read_dat_1':
│ lrslib.c:917:10: warning: ignoring return value of 'mkstemp', declared with attribute warn_unused_result [-Wunused-result]
│   917 |          mkstemp(tmpfilename);
│       |          ^~~~~~~~~~~~~~~~~~~~
│ lrslib.c: In function 'readfacets_1':
│ lrslib.c:4307:3: warning: ignoring return value of 'fgets', declared with attribute warn_unused_result [-Wunused-result]
│  4307 |   fgets(str,1000000,lrs_ifp);  /* pick up indices from the input line             */
│       |   ^~~~~~~~~~~~~~~~~~~~~~~~~~
│ In file included from lrslib.h:143,
│                  from lrslib.c:29:
│ lrslib.c: In function 'pivot_1':
│ lrslong.h:144:45: warning: 'Ns[0]' may be used uninitialized in this function [-Wmaybe-uninitialized]
│   144 | #define unchecked_decint(a, b)  *(a) = *(a) - *(b)  /* only safe if a,b come from mulint */
│       |                                             ^
│ lrslib.c:3099:10: note: 'Ns[0]' was declared here
│  3099 |   lrs_mp Ns, Nt, Ars;
│       |          ^~
│ In file included from lrslib.h:143,
│                  from lrslib.c:29:
│ lrslong.h:144:45: warning: 'Nt[0]' may be used uninitialized in this function [-Wmaybe-uninitialized]
│   144 | #define unchecked_decint(a, b)  *(a) = *(a) - *(b)  /* only safe if a,b come from mulint */
│       |                                             ^
│ lrslib.c:3099:14: note: 'Nt[0]' was declared here
│  3099 |   lrs_mp Ns, Nt, Ars;
│       |              ^~
│ lrslib.c: In function 'checkredund_1':
│ lrslib.c:4043:10: warning: 'Nt[0]' may be used uninitialized in this function [-Wmaybe-uninitialized]
│  4043 |       if (mp_greater (Ns, Nt))
│       |          ^
│ lrslib.c:4043:10: warning: 'Ns[0]' may be used uninitialized in this function [-Wmaybe-uninitialized]
│ cc -O3 -Wall -DLRS_QUIET -fPIC -DMA -DSAFE -DB128 -DLRSLONG -c -o lrslib2-shr.o lrslib.c
│ lrslib.c: In function 'lrs_init_dat_2':
│ lrslib.c:853:8: warning: unused variable 'i' [-Wunused-variable]
│   853 |   long i;
│       |        ^
│ lrslib.c: In function 'lrs_read_dat_2':
│ lrslib.c:917:10: warning: ignoring return value of 'mkstemp', declared with attribute warn_unused_result [-Wunused-result]
│   917 |          mkstemp(tmpfilename);
│       |          ^~~~~~~~~~~~~~~~~~~~
│ lrslib.c: In function 'readfacets_2':
│ lrslib.c:4307:3: warning: ignoring return value of 'fgets', declared with attribute warn_unused_result [-Wunused-result]
│  4307 |   fgets(str,1000000,lrs_ifp);  /* pick up indices from the input line             */
│       |   ^~~~~~~~~~~~~~~~~~~~~~~~~~
│ In file included from lrslib.h:143,
│                  from lrslib.c:29:
│ lrslib.c: In function 'pivot_2':
│ lrslong.h:144:45: warning: 'Ns[0]' may be used uninitialized in this function [-Wmaybe-uninitialized]
│   144 | #define unchecked_decint(a, b)  *(a) = *(a) - *(b)  /* only safe if a,b come from mulint */
│       |                                             ^
│ lrslib.c:3099:10: note: 'Ns[0]' was declared here
│  3099 |   lrs_mp Ns, Nt, Ars;
│       |          ^~
│ In file included from lrslib.h:143,
│                  from lrslib.c:29:
│ lrslong.h:144:45: warning: 'Nt[0]' may be used uninitialized in this function [-Wmaybe-uninitialized]
│   144 | #define unchecked_decint(a, b)  *(a) = *(a) - *(b)  /* only safe if a,b come from mulint */
│       |                                             ^
│ lrslib.c:3099:14: note: 'Nt[0]' was declared here
│  3099 |   lrs_mp Ns, Nt, Ars;
│       |              ^~
│ lrslib.c: In function 'checkredund_2':
│ lrslib.c:4043:10: warning: 'Nt[0]' may be used uninitialized in this function [-Wmaybe-uninitialized]
│  4043 |       if (mp_greater (Ns, Nt))
│       |          ^
│ lrslib.c:4043:10: warning: 'Ns[0]' may be used uninitialized in this function [-Wmaybe-uninitialized]
│ cc -O3 -Wall -DLRS_QUIET -fPIC -DMA -DGMP -I/usr/include -c -o lrslibgmp-shr.o lrslib.c
│ In file included from lrslib.h:143,
│                  from lrslib.c:29:
│ lrsgmp.h:36:11: fatal error: gmp.h: No such file or directory
│    36 |  #include "gmp.h"
│       |           ^~~~~~~
│ compilation terminated.
│ make: *** [makefile:244: lrslibgmp-shr.o] Error 1
│ [ Info: Attempting to create directory /home/pkgeval/.julia/packages/LRSLib/fMJrS/deps/downloads
│ [ Info: Downloading file https://github.com/JuliaPolyhedra/lrslib/archive/d8b723a2c315614979a8354f9e768d273d14a215.zip
│ [ Info: Done downloading file https://github.com/JuliaPolyhedra/lrslib/archive/d8b723a2c315614979a8354f9e768d273d14a215.zip
│ [ Info: Attempting to create directory /home/pkgeval/.julia/packages/LRSLib/fMJrS/deps/src
│ [ Info: Attempting to create directory /home/pkgeval/.julia/packages/LRSLib/fMJrS/deps
│ [ Info: Directory /home/pkgeval/.julia/packages/LRSLib/fMJrS/deps already exists
│ [ Info: Attempting to create directory /home/pkgeval/.julia/packages/LRSLib/fMJrS/deps/usr
│ [ Info: Attempting to create directory /home/pkgeval/.julia/packages/LRSLib/fMJrS/deps/usr/lib
│ [ Info: Changing directory to /home/pkgeval/.julia/packages/LRSLib/fMJrS/deps/src/lrslib-d8b723a2c315614979a8354f9e768d273d14a215
│ ERROR: LoadError: failed process: Process(`make liblrs.so.0 SONAME=liblrs.so SHLIB=liblrs.so.0`, ProcessExited(2)) [2]
│ 
│ Stacktrace:
│  [1] pipeline_error at ./process.jl:525 [inlined]
│  [2] run(::Cmd; wait::Bool) at ./process.jl:440
│  [3] run(::Cmd) at ./process.jl:438
│  [4] run(::BinDeps.SynchronousStepCollection) at /home/pkgeval/.julia/packages/BinDeps/ZEval/src/BinDeps.jl:521
│  [5] run(::FileRule) at /home/pkgeval/.julia/packages/BinDeps/ZEval/src/BinDeps.jl:483
│  [6] run(::BinDeps.SynchronousStepCollection) at /home/pkgeval/.julia/packages/BinDeps/ZEval/src/BinDeps.jl:521 (repeats 2 times)
│  [7] satisfy!(::BinDeps.LibraryDependency, ::Array{DataType,1}) at /home/pkgeval/.julia/packages/BinDeps/ZEval/src/dependencies.jl:944
│  [8] satisfy!(::BinDeps.LibraryDependency) at /home/pkgeval/.julia/packages/BinDeps/ZEval/src/dependencies.jl:922
│  [9] top-level scope at /home/pkgeval/.julia/packages/BinDeps/ZEval/src/dependencies.jl:977
│  [10] include(::String) at ./client.jl:457
│  [11] top-level scope at none:5
│ in expression starting at /home/pkgeval/.julia/packages/LRSLib/fMJrS/deps/build.jl:109
│ Warning: The compilation of LRS requires the header gmp.h provided by the package libgmp-dev.
│ If the compilation fails, please install it as follows:
│ $ sudo apt-get install libgmp-dev
└ @ Pkg.Operations /workspace/srcdir/usr/share/julia/stdlib/v1.5/Pkg/src/Operations.jl:949


################################################################################
# Testing: 2021-01-11T20:51:30.309
#

    Testing LRSLib
Status `/tmp/jl_TP3djR/Project.toml`
  [9e28174c] BinDeps v0.8.10
  [861a8166] Combinatorics v1.0.2
  [60bf3e95] GLPK v0.14.5
  [4d00f742] GeometryTypes v0.8.4
  [d9be37ee] Homebrew v0.7.1
  [4076af6c] JuMP v0.21.4
  [262c1cb6] LRSLib v0.5.0
  [67491407] Polyhedra v0.6.12
  [3cdcf5f2] RecipesBase v1.1.1
  [90137ffa] StaticArrays v1.0.1
  [8f399da3] Libdl
  [37e2e46d] LinearAlgebra
  [d6f4376e] Markdown
  [2f01184e] SparseArrays
  [8dfed614] Test
Status `/tmp/jl_TP3djR/Manifest.toml`
  [79e6a3ab] Adapt v2.4.0
  [56f22d72] Artifacts v1.3.0
  [6e4b80f9] BenchmarkTools v0.5.0
  [9e28174c] BinDeps v0.8.10
  [b99e7846] BinaryProvider v0.5.10
  [6e34b625] Bzip2_jll v1.0.6+5
  [fa961155] CEnum v0.4.1
  [49dc2e85] Calculus v0.5.1
  [d360d2e6] ChainRulesCore v0.9.24
  [523fee87] CodecBzip2 v0.7.2
  [944b1d66] CodecZlib v0.7.0
  [3da002f7] ColorTypes v0.10.9
  [861a8166] Combinatorics v1.0.2
  [bbf7d656] CommonSubexpressions v0.3.0
  [34da2185] Compat v2.2.1
  [e66e0078] CompilerSupportLibraries_jll v0.3.4+0
  [9a962f9c] DataAPI v1.4.0
  [864edb3b] DataStructures v0.17.20
  [e2d170a0] DataValueInterfaces v1.0.0
  [163ba53b] DiffResults v1.0.3
  [b552c78f] DiffRules v1.0.2
  [5ae413db] EarCut_jll v2.1.5+1
  [53c48c17] FixedPointNumbers v0.8.4
  [f6369f11] ForwardDiff v0.10.14
  [60bf3e95] GLPK v0.14.5
  [e8aa6df9] GLPK_jll v4.64.0+0
  [781609d7] GMP_jll v6.1.2+6
  [5c1252a2] GeometryBasics v0.3.5
  [4d00f742] GeometryTypes v0.8.4
  [cd3eb016] HTTP v0.9.2
  [d9be37ee] Homebrew v0.7.1
  [83e8ac13] IniFile v0.5.0
  [c8e1da08] IterTools v1.3.0
  [82899510] IteratorInterfaceExtensions v1.0.0
  [692b3bcd] JLLWrappers v1.2.0
  [682c06a0] JSON v0.21.1
  [7d188eb4] JSONSchema v0.3.3
  [4076af6c] JuMP v0.21.4
  [262c1cb6] LRSLib v0.5.0
  [1914dd2f] MacroTools v0.5.6
  [b8f27783] MathOptInterface v0.9.19
  [739be429] MbedTLS v1.0.3
  [c8ffd9c3] MbedTLS_jll v2.16.8+1
  [46d2c3a1] MuladdMacro v0.2.2
  [d8a4904e] MutableArithmetics v0.2.13
  [77ba4419] NaNMath v0.3.5
  [efe28fd5] OpenSpecFun_jll v0.5.3+4
  [bac558e1] OrderedCollections v1.3.2
  [69de0a69] Parsers v1.0.15
  [67491407] Polyhedra v0.6.12
  [3cdcf5f2] RecipesBase v1.1.1
  [276daf66] SpecialFunctions v1.2.1
  [90137ffa] StaticArrays v1.0.1
  [09ab397b] StructArrays v0.4.4
  [3783bdb8] TableTraits v1.0.0
  [bd369af6] Tables v1.2.2
  [3bb67fe8] TranscodingStreams v0.9.5
  [30578b45] URIParser v0.4.1
  [5c2747f8] URIs v1.1.0
  [a5390f91] ZipFile v0.9.3
  [83775a58] Zlib_jll v1.2.11+18
  [2a0f44e3] Base64
  [ade2ca70] Dates
  [8bb1440f] DelimitedFiles
  [8ba89e20] Distributed
  [b77e0a4c] InteractiveUtils
  [76f85450] LibGit2
  [8f399da3] Libdl
  [37e2e46d] LinearAlgebra
  [56ddb016] Logging
  [d6f4376e] Markdown
  [a63ad114] Mmap
  [44cfe95a] Pkg
  [de0858da] Printf
  [3fa0cd96] REPL
  [9a3f8284] Random
  [ea8e919c] SHA
  [9e88b42a] Serialization
  [1a1011a3] SharedArrays
  [6462fe0b] Sockets
  [2f01184e] SparseArrays
  [10745b16] Statistics
  [8dfed614] Test
  [cf7118a7] UUIDs
  [4ec0a83e] Unicode
ERROR: LoadError: LRSLib not properly installed. Please run Pkg.build("LRSLib")
Stacktrace:
 [1] error(::String) at ./error.jl:33
 [2] top-level scope at /home/pkgeval/.julia/packages/LRSLib/fMJrS/src/LRSLib.jl:11
 [3] include(::Function, ::Module, ::String) at ./Base.jl:380
 [4] include(::Module, ::String) at ./Base.jl:368
 [5] top-level scope at none:2
 [6] eval at ./boot.jl:331 [inlined]
 [7] eval(::Expr) at ./client.jl:467
 [8] top-level scope at ./none:3
in expression starting at /home/pkgeval/.julia/packages/LRSLib/fMJrS/src/LRSLib.jl:8
ERROR: LoadError: Failed to precompile LRSLib [262c1cb6-76e2-5873-868b-19ece3183cc5] to /home/pkgeval/.julia/compiled/v1.5/LRSLib/F0zsu_0MixD.ji.
Stacktrace:
 [1] error(::String) at ./error.jl:33
 [2] compilecache(::Base.PkgId, ::String) at ./loading.jl:1305
 [3] _require(::Base.PkgId) at ./loading.jl:1030
 [4] require(::Base.PkgId) at ./loading.jl:928
 [5] require(::Module, ::Symbol) at ./loading.jl:923
 [6] include(::String) at ./client.jl:457
 [7] top-level scope at none:6
in expression starting at /home/pkgeval/.julia/packages/LRSLib/fMJrS/test/runtests.jl:3

PkgEval failed: Package LRSLib errored during testing
Stacktrace:
 [1] pkgerror(::String) at /workspace/srcdir/usr/share/julia/stdlib/v1.5/Pkg/src/Types.jl:52
 [2] test(::Pkg.Types.Context, ::Array{Pkg.Types.PackageSpec,1}; coverage::Bool, julia_args::Cmd, test_args::Cmd, test_fn::Nothing) at /workspace/srcdir/usr/share/julia/stdlib/v1.5/Pkg/src/Operations.jl:1578
 [3] test(::Pkg.Types.Context, ::Array{Pkg.Types.PackageSpec,1}; coverage::Bool, test_fn::Nothing, julia_args::Cmd, test_args::Cmd, kwargs::Base.Iterators.Pairs{Union{},Union{},Tuple{},NamedTuple{(),Tuple{}}}) at /workspace/srcdir/usr/share/julia/stdlib/v1.5/Pkg/src/API.jl:327
 [4] test(::Pkg.Types.Context, ::Array{Pkg.Types.PackageSpec,1}) at /workspace/srcdir/usr/share/julia/stdlib/v1.5/Pkg/src/API.jl:314
 [5] #test#61 at /workspace/srcdir/usr/share/julia/stdlib/v1.5/Pkg/src/API.jl:67 [inlined]
 [6] test at /workspace/srcdir/usr/share/julia/stdlib/v1.5/Pkg/src/API.jl:67 [inlined]
 [7] #test#60 at /workspace/srcdir/usr/share/julia/stdlib/v1.5/Pkg/src/API.jl:66 [inlined]
 [8] test at /workspace/srcdir/usr/share/julia/stdlib/v1.5/Pkg/src/API.jl:66 [inlined]
 [9] test(::String; kwargs::Base.Iterators.Pairs{Union{},Union{},Tuple{},NamedTuple{(),Tuple{}}}) at /workspace/srcdir/usr/share/julia/stdlib/v1.5/Pkg/src/API.jl:65
 [10] test(::String) at /workspace/srcdir/usr/share/julia/stdlib/v1.5/Pkg/src/API.jl:65
 [11] top-level scope at none:22
 [12] eval at ./boot.jl:331 [inlined]
 [13] eval(::Expr) at ./client.jl:467
 [14] top-level scope at none:1
 [15] eval(::Module, ::Any) at ./boot.jl:331
 [16] exec_options(::Base.JLOptions) at ./client.jl:272
 [17] _start() at ./client.jl:506


################################################################################
# PkgEval teardown: 2021-01-11T20:54:19.803
CPU usage: 190.39s (178.59s user, 12.12s kernel)

Network usage:
- eth0: 7.749 MiB received, 346.751 KiB sent

Raw statistics: {"blkio_stats":{"io_queue_recursive":[],"io_serviced_recursive":[{"major":259,"value":0,"op":"Read","minor":0},{"major":259,"value":43,"op":"Write","minor":0},{"major":259,"value":19,"op":"Sync","minor":0},{"major":259,"value":24,"op":"Async","minor":0},{"major":259,"value":0,"op":"Discard","minor":0},{"major":259,"value":43,"op":"Total","minor":0},{"major":253,"value":0,"op":"Read","minor":2},{"major":253,"value":41,"op":"Write","minor":2},{"major":253,"value":19,"op":"Sync","minor":2},{"major":253,"value":22,"op":"Async","minor":2},{"major":253,"value":0,"op":"Discard","minor":2},{"major":253,"value":41,"op":"Total","minor":2}],"io_time_recursive":[],"sectors_recursive":[],"io_service_bytes_recursive":[{"major":259,"value":0,"op":"Read","minor":0},{"major":259,"value":606208,"op":"Write","minor":0},{"major":259,"value":106496,"op":"Sync","minor":0},{"major":259,"value":499712,"op":"Async","minor":0},{"major":259,"value":0,"op":"Discard","minor":0},{"major":259,"value":606208,"op":"Total","minor":0},{"major":253,"value":0,"op":"Read","minor":2},{"major":253,"value":606208,"op":"Write","minor":2},{"major":253,"value":106496,"op":"Sync","minor":2},{"major":253,"value":499712,"op":"Async","minor":2},{"major":253,"value":0,"op":"Discard","minor":2},{"major":253,"value":606208,"op":"Total","minor":2}],"io_wait_time_recursive":[],"io_merged_recursive":[],"io_service_time_recursive":[]},"memory_stats":{"usage":383090688,"max_usage":1748393984,"stats":{"hierarchical_memory_limit":9223372036854771712,"pgmajfault":0,"total_rss":219840512,"inactive_file":135168,"inactive_anon":96645120,"total_pgfault":4911126,"total_cache":130330624,"total_rss_huge":0,"total_active_anon":253440000,"total_pgmajfault":0,"pgpgin":3175623,"rss_huge":0,"mapped_file":0,"total_inactive_file":135168,"dirty":270336,"total_unevictable":0,"total_dirty":270336,"writeback":0,"pgpgout":3090125,"hierarchical_memsw_limit":0,"cache":130330624,"active_file":135168,"pgfault":4911126,"total_mapped_file":0,"total_pgpgout":3090125,"total_writeback":0,"rss":219840512,"unevictable":0,"total_inactive_anon":96645120,"total_pgpgin":3175623,"active_anon":253440000,"total_active_file":135168},"limit":540965302272},"name":"/LRSLib-fGLhFYW8","networks":{"eth0":{"rx_bytes":8125720,"rx_packets":2761,"tx_packets":2991,"tx_bytes":355073,"tx_dropped":0,"rx_dropped":7,"tx_errors":0,"rx_errors":0}},"id":"44dbd29de02fc29f87cae474ad2614a0b9c3b94c145bca03c7b127e990c04daa","preread":"0001-01-01T00:00:00Z","storage_stats":{},"precpu_stats":{"throttling_data":{"throttled_periods":0,"throttled_time":0,"periods":0},"cpu_usage":{"usage_in_usermode":0,"usage_in_kernelmode":0,"total_usage":0}},"pids_stats":{"current":40},"num_procs":0,"cpu_stats":{"throttling_data":{"throttled_periods":0,"throttled_time":0,"periods":0},"system_cpu_usage":5695809164522419,"online_cpus":128,"cpu_usage":{"usage_in_usermode":178590000000,"usage_in_kernelmode":12120000000,"total_usage":190390624167,"percpu_usage":[0,0,0,0,0,0,0,0,0,0,0,0,0,0,0,0,0,0,0,0,0,0,0,0,0,0,0,0,0,0,0,0,0,0,0,0,0,0,0,0,0,0,0,0,0,0,0,0,0,0,0,0,0,0,0,0,0,0,0,0,528050,0,190385582285,0,0,0,0,0,0,0,0,0,0,0,0,0,0,0,0,0,0,0,0,0,0,0,0,0,0,0,0,0,0,0,0,0,0,0,0,0,0,0,0,0,0,0,0,0,0,0,0,0,0,1996531,0,0,0,0,0,0,0,0,0,0,3110,255660,0,2258531]}},"read":"2021-01-11T20:54:19.805741062Z"}