################################################################################
# PkgEval set-up: 2021-01-11T19:24:55.422
#

Julia Version 1.5.3
Commit 599f52c4c6 (2020-12-18 13:33 UTC)
Platform Info:
  OS: Linux (x86_64-linux-gnu)
  CPU: AMD EPYC 7502 32-Core Processor
  WORD_SIZE: 64
  LIBM: libopenlibm
  LLVM: libLLVM-9.0.1 (ORCJIT, znver2)
Environment:
  JULIA_PKG_PRECOMPILE_AUTO = 0
  JULIA_PKGEVAL = true

Base.julia_cmd() = `/opt/julia/bin/julia -Cnative -J/opt/julia/lib/julia/sys.so -g1`


################################################################################
# Installation: 2021-01-11T19:24:57.1
#

 Installing known registries into `~/.julia`
##                                                                         3.1%######################################################################## 100.0%
      Added registry `General` to `~/.julia/registries/General`
  Resolving package versions...
  Installed FiniteDifferences ──────────── v0.11.7
  Installed Reexport ───────────────────── v1.0.0
  Installed CompilerSupportLibraries_jll ─ v0.3.4+0
  Installed Rmath_jll ──────────────────── v0.2.2+1
  Installed Rmath ──────────────────────── v0.6.1
  Installed Inflate ────────────────────── v0.1.2
  Installed MuladdMacro ────────────────── v0.2.2
  Installed StatsBase ──────────────────── v0.33.2
  Installed DataStructures ─────────────── v0.18.8
  Installed FillArrays ─────────────────── v0.10.2
  Installed Requires ───────────────────── v1.1.2
  Installed Einsum ─────────────────────── v0.4.1
  Installed DataAPI ────────────────────── v1.4.0
  Installed QuadGK ─────────────────────── v2.4.1
  Installed ManifoldsBase ──────────────── v0.10.1
  Installed SimpleTraits ───────────────── v0.9.3
  Installed Colors ─────────────────────── v0.12.6
  Installed ColorTypes ─────────────────── v0.10.9
  Installed OrderedCollections ─────────── v1.3.2
  Installed RecipesBase ────────────────── v1.1.1
  Installed StaticArrays ───────────────── v1.0.1
  Installed Manopt ─────────────────────── v0.2.14
  Installed LightGraphs ────────────────── v1.3.4
  Installed Richardson ─────────────────── v1.4.0
  Installed Missings ───────────────────── v0.4.4
  Installed MacroTools ─────────────────── v0.5.6
  Installed JLLWrappers ────────────────── v1.2.0
  Installed HybridArrays ───────────────── v0.4.4
  Installed PDMats ─────────────────────── v0.10.1
  Installed StatsFuns ──────────────────── v0.9.6
  Installed FixedPointNumbers ──────────── v0.8.4
  Installed ArnoldiMethod ──────────────── v0.0.2
  Installed SpecialFunctions ───────────── v1.2.1
  Installed Manifolds ──────────────────── v0.4.14
  Installed Distributions ──────────────── v0.24.10
  Installed SimpleWeightedGraphs ───────── v1.1.1
  Installed SortingAlgorithms ──────────── v0.3.1
  Installed Compat ─────────────────────── v3.25.0
  Installed ChainRulesCore ─────────────── v0.9.24
  Installed Artifacts ──────────────────── v1.3.0
  Installed OpenSpecFun_jll ────────────── v0.5.3+4
  Installed ColorSchemes ───────────────── v3.10.2
Updating `~/.julia/environments/v1.5/Project.toml`
  [0fc0a36d] + Manopt v0.2.14
Updating `~/.julia/environments/v1.5/Manifest.toml`
  [ec485272] + ArnoldiMethod v0.0.2
  [56f22d72] + Artifacts v1.3.0
  [d360d2e6] + ChainRulesCore v0.9.24
  [35d6a980] + ColorSchemes v3.10.2
  [3da002f7] + ColorTypes v0.10.9
  [5ae59095] + Colors v0.12.6
  [34da2185] + Compat v3.25.0
  [e66e0078] + CompilerSupportLibraries_jll v0.3.4+0
  [9a962f9c] + DataAPI v1.4.0
  [864edb3b] + DataStructures v0.18.8
  [31c24e10] + Distributions v0.24.10
  [b7d42ee7] + Einsum v0.4.1
  [1a297f60] + FillArrays v0.10.2
  [26cc04aa] + FiniteDifferences v0.11.7
  [53c48c17] + FixedPointNumbers v0.8.4
  [1baab800] + HybridArrays v0.4.4
  [d25df0c9] + Inflate v0.1.2
  [692b3bcd] + JLLWrappers v1.2.0
  [093fc24a] + LightGraphs v1.3.4
  [1914dd2f] + MacroTools v0.5.6
  [1cead3c2] + Manifolds v0.4.14
  [3362f125] + ManifoldsBase v0.10.1
  [0fc0a36d] + Manopt v0.2.14
  [e1d29d7a] + Missings v0.4.4
  [46d2c3a1] + MuladdMacro v0.2.2
  [efe28fd5] + OpenSpecFun_jll v0.5.3+4
  [bac558e1] + OrderedCollections v1.3.2
  [90014a1f] + PDMats v0.10.1
  [1fd47b50] + QuadGK v2.4.1
  [3cdcf5f2] + RecipesBase v1.1.1
  [189a3867] + Reexport v1.0.0
  [ae029012] + Requires v1.1.2
  [708f8203] + Richardson v1.4.0
  [79098fc4] + Rmath v0.6.1
  [f50d1b31] + Rmath_jll v0.2.2+1
  [699a6c99] + SimpleTraits v0.9.3
  [47aef6b3] + SimpleWeightedGraphs v1.1.1
  [a2af1166] + SortingAlgorithms v0.3.1
  [276daf66] + SpecialFunctions v1.2.1
  [90137ffa] + StaticArrays v1.0.1
  [2913bbd2] + StatsBase v0.33.2
  [4c63d2b9] + StatsFuns v0.9.6
  [2a0f44e3] + Base64
  [ade2ca70] + Dates
  [8bb1440f] + DelimitedFiles
  [8ba89e20] + Distributed
  [b77e0a4c] + InteractiveUtils
  [76f85450] + LibGit2
  [8f399da3] + Libdl
  [37e2e46d] + LinearAlgebra
  [56ddb016] + Logging
  [d6f4376e] + Markdown
  [a63ad114] + Mmap
  [44cfe95a] + Pkg
  [de0858da] + Printf
  [3fa0cd96] + REPL
  [9a3f8284] + Random
  [ea8e919c] + SHA
  [9e88b42a] + Serialization
  [1a1011a3] + SharedArrays
  [6462fe0b] + Sockets
  [2f01184e] + SparseArrays
  [10745b16] + Statistics
  [4607b0f0] + SuiteSparse
  [8dfed614] + Test
  [cf7118a7] + UUIDs
  [4ec0a83e] + Unicode


################################################################################
# Testing: 2021-01-11T19:25:06.346
#

    Testing Manopt
Status `/tmp/jl_i0IzOQ/Project.toml`
  [35d6a980] ColorSchemes v3.10.2
  [3da002f7] ColorTypes v0.10.9
  [5ae59095] Colors v0.12.6
  [1cead3c2] Manifolds v0.4.14
  [3362f125] ManifoldsBase v0.10.1
  [0fc0a36d] Manopt v0.2.14
  [90137ffa] StaticArrays v1.0.1
  [ade2ca70] Dates
  [37e2e46d] LinearAlgebra
  [d6f4376e] Markdown
  [9a3f8284] Random
  [2f01184e] SparseArrays
  [10745b16] Statistics
  [8dfed614] Test
Status `/tmp/jl_i0IzOQ/Manifest.toml`
  [ec485272] ArnoldiMethod v0.0.2
  [56f22d72] Artifacts v1.3.0
  [d360d2e6] ChainRulesCore v0.9.24
  [35d6a980] ColorSchemes v3.10.2
  [3da002f7] ColorTypes v0.10.9
  [5ae59095] Colors v0.12.6
  [34da2185] Compat v3.25.0
  [e66e0078] CompilerSupportLibraries_jll v0.3.4+0
  [9a962f9c] DataAPI v1.4.0
  [864edb3b] DataStructures v0.18.8
  [31c24e10] Distributions v0.24.10
  [b7d42ee7] Einsum v0.4.1
  [1a297f60] FillArrays v0.10.2
  [26cc04aa] FiniteDifferences v0.11.7
  [53c48c17] FixedPointNumbers v0.8.4
  [1baab800] HybridArrays v0.4.4
  [d25df0c9] Inflate v0.1.2
  [692b3bcd] JLLWrappers v1.2.0
  [093fc24a] LightGraphs v1.3.4
  [1914dd2f] MacroTools v0.5.6
  [1cead3c2] Manifolds v0.4.14
  [3362f125] ManifoldsBase v0.10.1
  [0fc0a36d] Manopt v0.2.14
  [e1d29d7a] Missings v0.4.4
  [46d2c3a1] MuladdMacro v0.2.2
  [efe28fd5] OpenSpecFun_jll v0.5.3+4
  [bac558e1] OrderedCollections v1.3.2
  [90014a1f] PDMats v0.10.1
  [1fd47b50] QuadGK v2.4.1
  [3cdcf5f2] RecipesBase v1.1.1
  [189a3867] Reexport v1.0.0
  [ae029012] Requires v1.1.2
  [708f8203] Richardson v1.4.0
  [79098fc4] Rmath v0.6.1
  [f50d1b31] Rmath_jll v0.2.2+1
  [699a6c99] SimpleTraits v0.9.3
  [47aef6b3] SimpleWeightedGraphs v1.1.1
  [a2af1166] SortingAlgorithms v0.3.1
  [276daf66] SpecialFunctions v1.2.1
  [90137ffa] StaticArrays v1.0.1
  [2913bbd2] StatsBase v0.33.2
  [4c63d2b9] StatsFuns v0.9.6
  [2a0f44e3] Base64
  [ade2ca70] Dates
  [8bb1440f] DelimitedFiles
  [8ba89e20] Distributed
  [b77e0a4c] InteractiveUtils
  [76f85450] LibGit2
  [8f399da3] Libdl
  [37e2e46d] LinearAlgebra
  [56ddb016] Logging
  [d6f4376e] Markdown
  [a63ad114] Mmap
  [44cfe95a] Pkg
  [de0858da] Printf
  [3fa0cd96] REPL
  [9a3f8284] Random
  [ea8e919c] SHA
  [9e88b42a] Serialization
  [1a1011a3] SharedArrays
  [6462fe0b] Sockets
  [2f01184e] SparseArrays
  [10745b16] Statistics
  [4607b0f0] SuiteSparse
  [8dfed614] Test
  [cf7118a7] UUIDs
  [4ec0a83e] Unicode
Test Summary:       | Pass  Total
Plan Tests          |  193    193
Test Summary:       | Pass  Total
Function Tests      |  210    210
Test Summary:       | Pass  Total
Helper & Data Tests |   23     23
F(x): 4.934802200544679x:[[0.0, 0.0, 1.0], [0.0, 0.0, 1.0], [0.0, 0.0, 1.0]]x:[-2.356194490192345, -1.9830882919698656, -1.6253679163544992, -1.2830333633462443, -0.9560846329451027, -0.644521725151074, -0.3483446399641572, -0.0675533773843533, 0.19785206258833865, 0.44787167995391686, 0.6825054747123827, 0.9017534468637365, 1.1056155964079784, 1.294091923345107, 1.467182427675123, 1.6248871093980268, 1.7672059685138173, 1.8941390050224962, 2.005686218924062, 2.101847610218515, 2.1826231789058568, 2.248012924986085, 2.2980168484592003, 2.332634949325204, 2.351867227584094, 2.3879277493195143, 2.5148607858281933, 2.6417938223368713, 2.7687268588455503, 2.8956598953542283, 3.0225929318629072, -3.133659338808, -3.006726302299322, -2.879793265790644, -2.752860229281965, -2.625927192773287, -2.498994156264608, -2.372061119755929, -2.3839610919286183, -2.415694351055788, -2.4474276101829577, -2.4791608693101272, -2.5108941284372968, -2.5426273875644663, -2.574360646691636, -2.6060939058188053, -2.6378271649459752, -2.669560424073145, -2.7012936832003147, -2.733026942327484, -2.748893571891069, -2.748893571891069, -2.748893571891069, -2.748893571891069, -2.748893571891069, -2.748893571891069, -2.748893571891069, -2.748893571891069, -2.748893571891069, -3.141592653589793, -3.141592653589793, -3.141592653589793, -3.141592653589793, -3.141592653589793, -3.141592653589793, -3.141592653589793, -3.141592653589793, -3.141592653589793, -3.141592653589793, 2.7488935718910685, 2.7488935718910685, 2.7488935718910685, 2.7488935718910685, 2.7488935718910685, 2.7488935718910685, 2.7488935718910685, 2.7488935718910685, 2.7488935718910685, 2.356194490192345, 2.356194490192345, 2.356194490192345, 2.356194490192345, 2.356194490192345, 2.356194490192345, 2.356194490192345, 2.356194490192345, 2.356194490192345, 1.3138177378683107, -0.6226034655059562, -1.6513689771562472, -2.121578457849963, -2.296874267405584, -2.346068624294785, -2.3552356680923623, -2.356159125796323, -2.3561942396918663, -2.3561944901268994, -2.356194490192345, -2.356194490192345, -2.356194490192345] F(x): 6.267318677616 
Initial F(x): 1.3570706051497867
# 100 F(x): 0.3701101650408509
The algorithm performed a step with a change (4.636414034389156e-18) less than 1.0000000000000008e-16.
The algorithm performed a step with a change (8.05092409090268e-17) less than 1.0000000000000008e-16.
The algorithm performed a step with a change (2.0333777949163693e-17) less than 1.0000000000000008e-16.
The algorithm performed a step with a change (2.0333777949163693e-17) less than 1.0000000000000008e-16.
The algorithm performed a step with a change (4.9093584237201255e-17) less than 1.0000000000000008e-16.
Test Summary:       | Pass  Total
Solver Tests        |   85     85
    Testing Manopt tests passed 

PkgEval succeeded


################################################################################
# PkgEval teardown: 2021-01-11T19:28:39.145
CPU usage: 222.55s (212.64s user, 10.17s kernel)

Network usage:
- eth0: 23.626 MiB received, 295.272 KiB sent

Raw statistics: {"blkio_stats":{"io_queue_recursive":[],"io_serviced_recursive":[{"major":259,"value":0,"op":"Read","minor":0},{"major":259,"value":24,"op":"Write","minor":0},{"major":259,"value":19,"op":"Sync","minor":0},{"major":259,"value":5,"op":"Async","minor":0},{"major":259,"value":0,"op":"Discard","minor":0},{"major":259,"value":24,"op":"Total","minor":0},{"major":253,"value":0,"op":"Read","minor":2},{"major":253,"value":24,"op":"Write","minor":2},{"major":253,"value":19,"op":"Sync","minor":2},{"major":253,"value":5,"op":"Async","minor":2},{"major":253,"value":0,"op":"Discard","minor":2},{"major":253,"value":24,"op":"Total","minor":2}],"io_time_recursive":[],"sectors_recursive":[],"io_service_bytes_recursive":[{"major":259,"value":0,"op":"Read","minor":0},{"major":259,"value":143360,"op":"Write","minor":0},{"major":259,"value":106496,"op":"Sync","minor":0},{"major":259,"value":36864,"op":"Async","minor":0},{"major":259,"value":0,"op":"Discard","minor":0},{"major":259,"value":143360,"op":"Total","minor":0},{"major":253,"value":0,"op":"Read","minor":2},{"major":253,"value":143360,"op":"Write","minor":2},{"major":253,"value":106496,"op":"Sync","minor":2},{"major":253,"value":36864,"op":"Async","minor":2},{"major":253,"value":0,"op":"Discard","minor":2},{"major":253,"value":143360,"op":"Total","minor":2}],"io_wait_time_recursive":[],"io_merged_recursive":[],"io_service_time_recursive":[]},"memory_stats":{"usage":459153408,"max_usage":1921011712,"stats":{"hierarchical_memory_limit":9223372036854771712,"pgmajfault":0,"total_rss":268607488,"inactive_file":135168,"inactive_anon":121516032,"total_pgfault":4393752,"total_cache":157634560,"total_rss_huge":0,"total_active_anon":304668672,"total_pgmajfault":0,"pgpgin":2827968,"rss_huge":0,"mapped_file":0,"total_inactive_file":135168,"dirty":135168,"total_unevictable":0,"total_dirty":135168,"writeback":0,"pgpgout":2723899,"hierarchical_memsw_limit":0,"cache":157634560,"active_file":135168,"pgfault":4393752,"total_mapped_file":0,"total_pgpgout":2723899,"total_writeback":0,"rss":268607488,"unevictable":0,"total_inactive_anon":121516032,"total_pgpgin":2827968,"active_anon":304668672,"total_active_file":135168},"limit":540965302272},"name":"/Manopt-QI05QUnY","networks":{"eth0":{"rx_bytes":24773392,"rx_packets":3058,"tx_packets":2930,"tx_bytes":302359,"tx_dropped":0,"rx_dropped":8,"tx_errors":0,"rx_errors":0}},"id":"613b0ae3c8250c5a98a6ff783fce6007f9edfa4d72a0fbc06f750d1155d2132e","preread":"0001-01-01T00:00:00Z","storage_stats":{},"precpu_stats":{"throttling_data":{"throttled_periods":0,"throttled_time":0,"periods":0},"cpu_usage":{"usage_in_usermode":0,"usage_in_kernelmode":0,"total_usage":0}},"pids_stats":{"current":40},"num_procs":0,"cpu_stats":{"throttling_data":{"throttled_periods":0,"throttled_time":0,"periods":0},"system_cpu_usage":5038789854522419,"online_cpus":128,"cpu_usage":{"usage_in_usermode":212640000000,"usage_in_kernelmode":10170000000,"total_usage":222545419070,"percpu_usage":[0,0,0,0,0,0,0,0,0,0,0,0,0,0,0,0,0,0,0,0,0,0,0,0,0,0,212449094,222332380355,0,0,0,0,0,0,0,0,0,0,0,0,0,0,0,0,0,0,0,0,0,0,0,0,0,0,0,0,0,0,0,0,0,0,0,0,0,0,0,0,0,0,0,0,0,0,0,0,0,0,0,0,0,0,0,0,0,0,0,0,0,584431,5190,0,0,0,0,0,0,0,0,0,0,0,0,0,0,0,0,0,0,0,0,0,0,0,0,0,0,0,0,0,0,0,0,0,0,0,0,0]}},"read":"2021-01-11T19:28:39.147407789Z"}