################################################################################
# PackageCompiler set-up: 2021-01-11T16:42:06.417
#

Julia Version 1.5.3
Commit 599f52c4c6 (2020-12-18 13:33 UTC)
Platform Info:
  OS: Linux (x86_64-linux-gnu)
  CPU: AMD EPYC 7502 32-Core Processor
  WORD_SIZE: 64
  LIBM: libopenlibm
  LLVM: libLLVM-9.0.1 (ORCJIT, znver2)
Environment:
  JULIA_PKGEVAL = true
  JULIA_PKG_PRECOMPILE_AUTO = 0



################################################################################
# Installation: 2021-01-11T16:42:08.137
#

 Installing known registries into `~/.julia`
######################################################################## 100.0%
      Added registry `General` to `~/.julia/registries/General`
  Resolving package versions...
  Installed MathLink ──────── v0.3.1
  Installed PackageCompiler ─ v1.2.5
Updating `~/.julia/environments/v1.5/Project.toml`
  [18c93696] + MathLink v0.3.1
  [9b87118b] + PackageCompiler v1.2.5
Updating `~/.julia/environments/v1.5/Manifest.toml`
  [18c93696] + MathLink v0.3.1
  [9b87118b] + PackageCompiler v1.2.5
  [2a0f44e3] + Base64
  [ade2ca70] + Dates
  [b77e0a4c] + InteractiveUtils
  [76f85450] + LibGit2
  [8f399da3] + Libdl
  [56ddb016] + Logging
  [d6f4376e] + Markdown
  [44cfe95a] + Pkg
  [de0858da] + Printf
  [3fa0cd96] + REPL
  [9a3f8284] + Random
  [ea8e919c] + SHA
  [9e88b42a] + Serialization
  [6462fe0b] + Sockets
  [cf7118a7] + UUIDs
  [4ec0a83e] + Unicode
   Building MathLink → `~/.julia/packages/MathLink/f5mIR/deps/build.log`
┌ Error: Error building `MathLink`: 
│ ERROR: LoadError: MethodError: no method matching isexecutable(::Nothing)
│ Closest candidates are:
│   isexecutable(!Matched::String) at sysinfo.jl:442
│   isexecutable(!Matched::AbstractString) at sysinfo.jl:452
│ Stacktrace:
│  [1] (::var"#1#2")() at /home/pkgeval/.julia/packages/MathLink/f5mIR/deps/build.jl:37
│  [2] #481 at ./env.jl:81 [inlined]
│  [3] access_env at ./env.jl:43 [inlined]
│  [4] get at ./env.jl:81 [inlined]
│  [5] find_lib_ker() at /home/pkgeval/.julia/packages/MathLink/f5mIR/deps/build.jl:35
│  [6] top-level scope at /home/pkgeval/.julia/packages/MathLink/f5mIR/deps/build.jl:88
│  [7] include(::String) at ./client.jl:457
│  [8] top-level scope at none:5
│ in expression starting at /home/pkgeval/.julia/packages/MathLink/f5mIR/deps/build.jl:88
└ @ Pkg.Operations /workspace/srcdir/usr/share/julia/stdlib/v1.5/Pkg/src/Operations.jl:949


################################################################################
# Compiling: 2021-01-11T16:42:15.527
#

ERROR: LoadError: could not open file /home/pkgeval/.julia/packages/MathLink/f5mIR/deps/deps.jl
Stacktrace:
 [1] include(::Function, ::Module, ::String) at ./Base.jl:380
 [2] include at ./Base.jl:368 [inlined]
 [3] include(::String) at /home/pkgeval/.julia/packages/MathLink/f5mIR/src/MathLink.jl:1
 [4] top-level scope at /home/pkgeval/.julia/packages/MathLink/f5mIR/src/MathLink.jl:7
 [5] include(::Function, ::Module, ::String) at ./Base.jl:380
 [6] include(::Module, ::String) at ./Base.jl:368
 [7] top-level scope at none:2
 [8] eval at ./boot.jl:331 [inlined]
 [9] eval(::Expr) at ./client.jl:467
 [10] top-level scope at ./none:3
in expression starting at /home/pkgeval/.julia/packages/MathLink/f5mIR/src/MathLink.jl:7
ERROR: Failed to precompile MathLink [18c93696-a329-5786-9845-8443133fa0b4] to /home/pkgeval/.julia/compiled/v1.5/MathLink/7Mc5Z_MqueV.ji.
Stacktrace:
 [1] error(::String) at ./error.jl:33
 [2] compilecache(::Base.PkgId, ::String) at ./loading.jl:1305
 [3] _require(::Base.PkgId) at ./loading.jl:1030
 [4] require(::Base.PkgId) at ./loading.jl:928
 [5] require(::Module, ::Symbol) at ./loading.jl:923
ERROR: failed process: Process(`/opt/julia/bin/julia --color=yes --startup-file=no --sysimage=/opt/julia/lib/julia/sys.so --project=/home/pkgeval/.julia/environments/v1.5 -e 'import MathLink'`, ProcessExited(1)) [1]

Stacktrace:
 [1] pipeline_error at ./process.jl:525 [inlined]
 [2] read(::Cmd) at ./process.jl:412
 [3] read(::Cmd, ::Type{String}) at ./process.jl:421
 [4] do_ensurecompiled(::String, ::Array{String,1}, ::String) at /home/pkgeval/.julia/packages/PackageCompiler/3BsME/src/PackageCompiler.jl:195
 [5] create_sysimg_object_file(::String, ::Array{String,1}; project::String, base_sysimage::String, precompile_execution_file::Array{String,1}, precompile_statements_file::Array{String,1}, cpu_target::String, script::Nothing, isapp::Bool) at /home/pkgeval/.julia/packages/PackageCompiler/3BsME/src/PackageCompiler.jl:260
 [6] create_sysimage(::Symbol; sysimage_path::String, project::String, precompile_execution_file::Array{String,1}, precompile_statements_file::Array{String,1}, incremental::Bool, filter_stdlibs::Bool, replace_default::Bool, cpu_target::String, script::Nothing, base_sysimage::Nothing, isapp::Bool) at /home/pkgeval/.julia/packages/PackageCompiler/3BsME/src/PackageCompiler.jl:442
 [7] top-level scope at ./timing.jl:233

