################################################################################
# PackageCompiler set-up: 2021-01-11T15:58:49.246
#

Julia Version 1.5.3
Commit 599f52c4c6 (2020-12-18 13:33 UTC)
Platform Info:
  OS: Linux (x86_64-linux-gnu)
  CPU: AMD EPYC 7502 32-Core Processor
  WORD_SIZE: 64
  LIBM: libopenlibm
  LLVM: libLLVM-9.0.1 (ORCJIT, znver2)
Environment:
  JULIA_PKGEVAL = true
  JULIA_PKG_PRECOMPILE_AUTO = 0



################################################################################
# Installation: 2021-01-11T15:58:50.932
#

 Installing known registries into `~/.julia`
#=#=#                                                                         ######################################################################## 100.0%
      Added registry `General` to `~/.julia/registries/General`
  Resolving package versions...
  Installed CompilerSupportLibraries_jll ─ v0.3.4+0
  Installed PoissonRandom ──────────────── v0.4.0
  Installed ZygoteRules ────────────────── v0.2.1
  Installed MATLABDiffEq ───────────────── v0.3.3
  Installed Reexport ───────────────────── v0.2.0
  Installed CanonicalTraits ────────────── v0.2.3
  Installed SymbolicUtils ──────────────── v0.5.2
  Installed PackageCompiler ────────────── v1.2.5
  Installed CommonSubexpressions ───────── v0.3.0
  Installed NonlinearSolve ─────────────── v0.3.4
  Installed MuladdMacro ────────────────── v0.2.2
  Installed TableTraits ────────────────── v1.0.0
  Installed Inflate ────────────────────── v0.1.2
  Installed DiffEqJump ─────────────────── v6.12.2
  Installed Tables ─────────────────────── v1.2.2
  Installed DataStructures ─────────────── v0.18.8
  Installed Combinatorics ──────────────── v1.0.2
  Installed Requires ───────────────────── v1.1.2
  Installed FunctionWrappers ───────────── v1.1.1
  Installed NameResolution ─────────────── v0.1.5
  Installed DataAPI ────────────────────── v1.4.0
  Installed TimerOutputs ───────────────── v0.5.7
  Installed DiffRules ──────────────────── v1.0.2
  Installed DiffResults ────────────────── v1.0.3
  Installed Parameters ─────────────────── v0.12.1
  Installed Setfield ───────────────────── v0.7.0
  Installed TreeViews ──────────────────── v0.3.0
  Installed ConstructionBase ───────────── v1.0.0
  Installed Latexify ───────────────────── v0.14.7
  Installed SimpleTraits ───────────────── v0.9.3
  Installed RecursiveArrayTools ────────── v2.10.0
  Installed DataValueInterfaces ────────── v1.0.0
  Installed MATLAB ─────────────────────── v0.7.3
  Installed OrderedCollections ─────────── v1.3.2
  Installed StaticArrays ───────────────── v0.12.5
  Installed GeneralizedGenerated ───────── v0.2.8
  Installed DiffEqBase ─────────────────── v6.53.4
  Installed RecipesBase ────────────────── v1.1.1
  Installed NaNMath ────────────────────── v0.3.5
  Installed FiniteDiff ─────────────────── v2.7.2
  Installed MacroTools ─────────────────── v0.5.6
  Installed JLLWrappers ────────────────── v1.2.0
  Installed MLStyle ────────────────────── v0.4.6
  Installed LightGraphs ────────────────── v1.3.4
  Installed RandomExtensions ───────────── v0.4.3
  Installed ArnoldiMethod ──────────────── v0.0.4
  Installed ArrayInterface ─────────────── v2.14.13
  Installed IfElse ─────────────────────── v0.1.0
  Installed Formatting ─────────────────── v0.4.2
  Installed ForwardDiff ────────────────── v0.10.14
  Installed Unitful ────────────────────── v1.5.0
  Installed LabelledArrays ─────────────── v1.4.0
  Installed AbstractAlgebra ────────────── v0.11.2
  Installed IterativeSolvers ───────────── v0.9.0
  Installed IteratorInterfaceExtensions ── v1.0.0
  Installed SpecialFunctions ───────────── v0.10.3
  Installed PrettyPrint ────────────────── v0.2.0
  Installed UnPack ─────────────────────── v1.0.2
  Installed Compat ─────────────────────── v3.25.0
  Installed ChainRulesCore ─────────────── v0.9.24
  Installed DocStringExtensions ────────── v0.8.3
  Installed RecursiveFactorization ─────── v0.1.0
  Installed SafeTestsets ───────────────── v0.0.1
  Installed OpenSpecFun_jll ────────────── v0.5.3+4
  Installed JuliaVariables ─────────────── v0.2.3
  Installed RandomNumbers ──────────────── v1.4.0
  Installed ModelingToolkit ────────────── v3.21.0
  Installed LaTeXStrings ───────────────── v1.2.0
  Installed Artifacts ──────────────────── v1.3.0
Updating `~/.julia/environments/v1.5/Project.toml`
  [e2752cbe] + MATLABDiffEq v0.3.3
  [9b87118b] + PackageCompiler v1.2.5
Updating `~/.julia/environments/v1.5/Manifest.toml`
  [c3fe647b] + AbstractAlgebra v0.11.2
  [ec485272] + ArnoldiMethod v0.0.4
  [4fba245c] + ArrayInterface v2.14.13
  [56f22d72] + Artifacts v1.3.0
  [a603d957] + CanonicalTraits v0.2.3
  [d360d2e6] + ChainRulesCore v0.9.24
  [861a8166] + Combinatorics v1.0.2
  [bbf7d656] + CommonSubexpressions v0.3.0
  [34da2185] + Compat v3.25.0
  [e66e0078] + CompilerSupportLibraries_jll v0.3.4+0
  [187b0558] + ConstructionBase v1.0.0
  [9a962f9c] + DataAPI v1.4.0
  [864edb3b] + DataStructures v0.18.8
  [e2d170a0] + DataValueInterfaces v1.0.0
  [2b5f629d] + DiffEqBase v6.53.4
  [c894b116] + DiffEqJump v6.12.2
  [163ba53b] + DiffResults v1.0.3
  [b552c78f] + DiffRules v1.0.2
  [ffbed154] + DocStringExtensions v0.8.3
  [6a86dc24] + FiniteDiff v2.7.2
  [59287772] + Formatting v0.4.2
  [f6369f11] + ForwardDiff v0.10.14
  [069b7b12] + FunctionWrappers v1.1.1
  [6b9d7cbe] + GeneralizedGenerated v0.2.8
  [615f187c] + IfElse v0.1.0
  [d25df0c9] + Inflate v0.1.2
  [42fd0dbc] + IterativeSolvers v0.9.0
  [82899510] + IteratorInterfaceExtensions v1.0.0
  [692b3bcd] + JLLWrappers v1.2.0
  [b14d175d] + JuliaVariables v0.2.3
  [b964fa9f] + LaTeXStrings v1.2.0
  [2ee39098] + LabelledArrays v1.4.0
  [23fbe1c1] + Latexify v0.14.7
  [093fc24a] + LightGraphs v1.3.4
  [10e44e05] + MATLAB v0.7.3
  [e2752cbe] + MATLABDiffEq v0.3.3
  [d8e11817] + MLStyle v0.4.6
  [1914dd2f] + MacroTools v0.5.6
  [961ee093] + ModelingToolkit v3.21.0
  [46d2c3a1] + MuladdMacro v0.2.2
  [77ba4419] + NaNMath v0.3.5
  [71a1bf82] + NameResolution v0.1.5
  [8913a72c] + NonlinearSolve v0.3.4
  [efe28fd5] + OpenSpecFun_jll v0.5.3+4
  [bac558e1] + OrderedCollections v1.3.2
  [9b87118b] + PackageCompiler v1.2.5
  [d96e819e] + Parameters v0.12.1
  [e409e4f3] + PoissonRandom v0.4.0
  [8162dcfd] + PrettyPrint v0.2.0
  [fb686558] + RandomExtensions v0.4.3
  [e6cf234a] + RandomNumbers v1.4.0
  [3cdcf5f2] + RecipesBase v1.1.1
  [731186ca] + RecursiveArrayTools v2.10.0
  [f2c3362d] + RecursiveFactorization v0.1.0
  [189a3867] + Reexport v0.2.0
  [ae029012] + Requires v1.1.2
  [1bc83da4] + SafeTestsets v0.0.1
  [efcf1570] + Setfield v0.7.0
  [699a6c99] + SimpleTraits v0.9.3
  [276daf66] + SpecialFunctions v0.10.3
  [90137ffa] + StaticArrays v0.12.5
  [d1185830] + SymbolicUtils v0.5.2
  [3783bdb8] + TableTraits v1.0.0
  [bd369af6] + Tables v1.2.2
  [a759f4b9] + TimerOutputs v0.5.7
  [a2a6695c] + TreeViews v0.3.0
  [3a884ed6] + UnPack v1.0.2
  [1986cc42] + Unitful v1.5.0
  [700de1a5] + ZygoteRules v0.2.1
  [2a0f44e3] + Base64
  [ade2ca70] + Dates
  [8bb1440f] + DelimitedFiles
  [8ba89e20] + Distributed
  [9fa8497b] + Future
  [b77e0a4c] + InteractiveUtils
  [76f85450] + LibGit2
  [8f399da3] + Libdl
  [37e2e46d] + LinearAlgebra
  [56ddb016] + Logging
  [d6f4376e] + Markdown
  [a63ad114] + Mmap
  [44cfe95a] + Pkg
  [de0858da] + Printf
  [3fa0cd96] + REPL
  [9a3f8284] + Random
  [ea8e919c] + SHA
  [9e88b42a] + Serialization
  [1a1011a3] + SharedArrays
  [6462fe0b] + Sockets
  [2f01184e] + SparseArrays
  [10745b16] + Statistics
  [4607b0f0] + SuiteSparse
  [8dfed614] + Test
  [cf7118a7] + UUIDs
  [4ec0a83e] + Unicode


################################################################################
# Compiling: 2021-01-11T15:59:00.465
#

ERROR: LoadError: InitError: failed process: Process(`which matlab`, ProcessExited(1)) [1]

Stacktrace:
 [1] pipeline_error at ./process.jl:525 [inlined]
 [2] read(::Cmd) at ./process.jl:412
 [3] read(::Cmd, ::Type{String}) at ./process.jl:421
 [4] matlab_homepath() at /home/pkgeval/.julia/packages/MATLAB/cVrxc/src/mxbase.jl:8
 [5] matlab_libpath at /home/pkgeval/.julia/packages/MATLAB/cVrxc/src/mxbase.jl:37 [inlined]
 [6] __init__() at /home/pkgeval/.julia/packages/MATLAB/cVrxc/src/MATLAB.jl:72
 [7] _include_from_serialized(::String, ::Array{Any,1}) at ./loading.jl:697
 [8] _require_from_serialized(::String) at ./loading.jl:749
 [9] _require(::Base.PkgId) at ./loading.jl:1040
 [10] require(::Base.PkgId) at ./loading.jl:928
 [11] require(::Module, ::Symbol) at ./loading.jl:923
 [12] include(::Function, ::Module, ::String) at ./Base.jl:380
 [13] include(::Module, ::String) at ./Base.jl:368
 [14] top-level scope at none:2
 [15] eval at ./boot.jl:331 [inlined]
 [16] eval(::Expr) at ./client.jl:467
 [17] top-level scope at ./none:3
during initialization of module MATLAB
in expression starting at /home/pkgeval/.julia/packages/MATLABDiffEq/b8nHE/src/MATLABDiffEq.jl:5
ERROR: Failed to precompile MATLABDiffEq [e2752cbe-bcf4-5895-8727-84ebc14a76bd] to /home/pkgeval/.julia/compiled/v1.5/MATLABDiffEq/LQI97_MqueV.ji.
Stacktrace:
 [1] error(::String) at ./error.jl:33
 [2] compilecache(::Base.PkgId, ::String) at ./loading.jl:1305
 [3] _require(::Base.PkgId) at ./loading.jl:1030
 [4] require(::Base.PkgId) at ./loading.jl:928
 [5] require(::Module, ::Symbol) at ./loading.jl:923
ERROR: failed process: Process(`/opt/julia/bin/julia --color=yes --startup-file=no --sysimage=/opt/julia/lib/julia/sys.so --project=/home/pkgeval/.julia/environments/v1.5 -e 'import MATLABDiffEq'`, ProcessExited(1)) [1]

Stacktrace:
 [1] pipeline_error at ./process.jl:525 [inlined]
 [2] read(::Cmd) at ./process.jl:412
 [3] read(::Cmd, ::Type{String}) at ./process.jl:421
 [4] do_ensurecompiled(::String, ::Array{String,1}, ::String) at /home/pkgeval/.julia/packages/PackageCompiler/3BsME/src/PackageCompiler.jl:195
 [5] create_sysimg_object_file(::String, ::Array{String,1}; project::String, base_sysimage::String, precompile_execution_file::Array{String,1}, precompile_statements_file::Array{String,1}, cpu_target::String, script::Nothing, isapp::Bool) at /home/pkgeval/.julia/packages/PackageCompiler/3BsME/src/PackageCompiler.jl:260
 [6] create_sysimage(::Symbol; sysimage_path::String, project::String, precompile_execution_file::Array{String,1}, precompile_statements_file::Array{String,1}, incremental::Bool, filter_stdlibs::Bool, replace_default::Bool, cpu_target::String, script::Nothing, base_sysimage::Nothing, isapp::Bool) at /home/pkgeval/.julia/packages/PackageCompiler/3BsME/src/PackageCompiler.jl:442
 [7] top-level scope at ./timing.jl:233

