################################################################################
# PkgEval set-up: 2021-01-11T15:25:06.818
#

Julia Version 1.5.3
Commit 599f52c4c6 (2020-12-18 13:33 UTC)
Platform Info:
  OS: Linux (x86_64-linux-gnu)
  CPU: AMD EPYC 7502 32-Core Processor
  WORD_SIZE: 64
  LIBM: libopenlibm
  LLVM: libLLVM-9.0.1 (ORCJIT, znver2)
Environment:
  JULIA_PKG_PRECOMPILE_AUTO = 0
  JULIA_PKGEVAL = true

Base.julia_cmd() = `/opt/julia/bin/julia -Cnative -J/opt/julia/lib/julia/sys.so -g1`


################################################################################
# Installation: 2021-01-11T15:25:08.634
#

 Installing known registries into `~/.julia`
#=#=#                                                                         ######################################################################## 100.0%
      Added registry `General` to `~/.julia/registries/General`
  Resolving package versions...
  Installed Revise ───────────── v0.3.0
  Installed CodecZlib ────────── v0.7.0
  Installed Libiconv_jll ─────── v1.16.0+7
  Installed FillArrays ───────── v0.11.0
  Installed LightXML ─────────── v0.9.0
  Installed Zlib_jll ─────────── v1.2.11+18
  Installed MeshSteward ──────── v1.0.0
  Installed JLLWrappers ──────── v1.2.0
  Installed Compat ───────────── v2.2.1
  Installed MeshCore ─────────── v0.10.0
  Installed XML2_jll ─────────── v2.9.10+3
  Installed TranscodingStreams ─ v0.9.5
  Installed Artifacts ────────── v1.3.0
  Installed OrderedCollections ─ v1.3.2
  Installed DataStructures ───── v0.17.20
  Installed StaticArrays ─────── v0.12.5
  Installed WriteVTK ─────────── v1.8.1
Updating `~/.julia/environments/v1.5/Project.toml`
  [ffa89bc3] + MeshSteward v1.0.0
Updating `~/.julia/environments/v1.5/Manifest.toml`
  [56f22d72] + Artifacts v1.3.0
  [944b1d66] + CodecZlib v0.7.0
  [34da2185] + Compat v2.2.1
  [864edb3b] + DataStructures v0.17.20
  [1a297f60] + FillArrays v0.11.0
  [692b3bcd] + JLLWrappers v1.2.0
  [94ce4f54] + Libiconv_jll v1.16.0+7
  [9c8b4983] + LightXML v0.9.0
  [43a99bba] + MeshCore v0.10.0
  [ffa89bc3] + MeshSteward v1.0.0
  [bac558e1] + OrderedCollections v1.3.2
  [295af30f] + Revise v0.3.0
  [90137ffa] + StaticArrays v0.12.5
  [3bb67fe8] + TranscodingStreams v0.9.5
  [64499a7a] + WriteVTK v1.8.1
  [02c8fc9c] + XML2_jll v2.9.10+3
  [83775a58] + Zlib_jll v1.2.11+18
  [2a0f44e3] + Base64
  [ade2ca70] + Dates
  [8bb1440f] + DelimitedFiles
  [8ba89e20] + Distributed
  [7b1f6079] + FileWatching
  [b77e0a4c] + InteractiveUtils
  [76f85450] + LibGit2
  [8f399da3] + Libdl
  [37e2e46d] + LinearAlgebra
  [56ddb016] + Logging
  [d6f4376e] + Markdown
  [a63ad114] + Mmap
  [44cfe95a] + Pkg
  [de0858da] + Printf
  [3fa0cd96] + REPL
  [9a3f8284] + Random
  [ea8e919c] + SHA
  [9e88b42a] + Serialization
  [1a1011a3] + SharedArrays
  [6462fe0b] + Sockets
  [2f01184e] + SparseArrays
  [10745b16] + Statistics
  [8dfed614] + Test
  [cf7118a7] + UUIDs
  [4ec0a83e] + Unicode


################################################################################
# Testing: 2021-01-11T15:25:15.64
#

    Testing MeshSteward
Status `/tmp/jl_IFkcWR/Project.toml`
  [43a99bba] MeshCore v0.10.0
  [ffa89bc3] MeshSteward v1.0.0
  [295af30f] Revise v0.3.0
  [90137ffa] StaticArrays v0.12.5
  [64499a7a] WriteVTK v1.8.1
  [8bb1440f] DelimitedFiles
  [37e2e46d] LinearAlgebra
  [10745b16] Statistics
  [8dfed614] Test
Status `/tmp/jl_IFkcWR/Manifest.toml`
  [56f22d72] Artifacts v1.3.0
  [944b1d66] CodecZlib v0.7.0
  [34da2185] Compat v2.2.1
  [864edb3b] DataStructures v0.17.20
  [1a297f60] FillArrays v0.11.0
  [692b3bcd] JLLWrappers v1.2.0
  [94ce4f54] Libiconv_jll v1.16.0+7
  [9c8b4983] LightXML v0.9.0
  [43a99bba] MeshCore v0.10.0
  [ffa89bc3] MeshSteward v1.0.0
  [bac558e1] OrderedCollections v1.3.2
  [295af30f] Revise v0.3.0
  [90137ffa] StaticArrays v0.12.5
  [3bb67fe8] TranscodingStreams v0.9.5
  [64499a7a] WriteVTK v1.8.1
  [02c8fc9c] XML2_jll v2.9.10+3
  [83775a58] Zlib_jll v1.2.11+18
  [2a0f44e3] Base64
  [ade2ca70] Dates
  [8bb1440f] DelimitedFiles
  [8ba89e20] Distributed
  [7b1f6079] FileWatching
  [b77e0a4c] InteractiveUtils
  [76f85450] LibGit2
  [8f399da3] Libdl
  [37e2e46d] LinearAlgebra
  [56ddb016] Logging
  [d6f4376e] Markdown
  [a63ad114] Mmap
  [44cfe95a] Pkg
  [de0858da] Printf
  [3fa0cd96] REPL
  [9a3f8284] Random
  [ea8e919c] SHA
  [9e88b42a] Serialization
  [1a1011a3] SharedArrays
  [6462fe0b] Sockets
  [2f01184e] SparseArrays
  [10745b16] Statistics
  [8dfed614] Test
  [cf7118a7] UUIDs
  [4ec0a83e] Unicode
Test Summary: | Pass  Total
Lines         |    4      4
 35.207925 seconds (22.06 M allocations: 1.155 GiB, 1.30% gc time)
Test Summary:  | Pass  Total
Quadrilaterals |    8      8
  5.191585 seconds (11.32 M allocations: 583.476 MiB, 5.30% gc time)
Test Summary:   | Pass  Total
Search elements |   30     30
  6.296365 seconds (11.63 M allocations: 597.076 MiB, 5.13% gc time)
Test Summary: | Pass  Total
Boxes         |   33     33
  1.214336 seconds (1.79 M allocations: 91.510 MiB, 1.57% gc time)
Test Summary:   | Pass  Total
Search vertices |   14     14
  1.733670 seconds (2.54 M allocations: 134.214 MiB, 1.58% gc time)
Test Summary:      | Pass  Total
Mesh import/export |   43     43
  5.290923 seconds (9.57 M allocations: 507.187 MiB, 2.43% gc time)
Test Summary: | Pass  Total
Triangles     |   12     12
  3.880982 seconds (9.17 M allocations: 483.280 MiB, 3.45% gc time)
Test Summary: | Pass  Total
Tetrahedra    |    7      7
  1.056286 seconds (3.22 M allocations: 179.606 MiB, 4.02% gc time)
Test Summary: | Pass  Total
Modification  |    7      7
  0.881329 seconds (2.47 M allocations: 145.987 MiB, 5.34% gc time)
Test Summary: | Pass  Total
High-level    |   33     33
  2.320225 seconds (3.43 M allocations: 194.267 MiB, 1.85% gc time)
    Testing MeshSteward tests passed 

PkgEval succeeded


################################################################################
# PkgEval teardown: 2021-01-11T15:26:21.643
CPU usage: 73.87s (68.89s user, 5.10s kernel)

Network usage:
- eth0: 3.308 MiB received, 109.759 KiB sent

Raw statistics: {"blkio_stats":{"io_queue_recursive":[],"io_serviced_recursive":[{"major":259,"value":210,"op":"Read","minor":0},{"major":259,"value":24,"op":"Write","minor":0},{"major":259,"value":229,"op":"Sync","minor":0},{"major":259,"value":5,"op":"Async","minor":0},{"major":259,"value":0,"op":"Discard","minor":0},{"major":259,"value":234,"op":"Total","minor":0},{"major":253,"value":210,"op":"Read","minor":2},{"major":253,"value":24,"op":"Write","minor":2},{"major":253,"value":229,"op":"Sync","minor":2},{"major":253,"value":5,"op":"Async","minor":2},{"major":253,"value":0,"op":"Discard","minor":2},{"major":253,"value":234,"op":"Total","minor":2}],"io_time_recursive":[],"sectors_recursive":[],"io_service_bytes_recursive":[{"major":259,"value":860160,"op":"Read","minor":0},{"major":259,"value":135168,"op":"Write","minor":0},{"major":259,"value":966656,"op":"Sync","minor":0},{"major":259,"value":28672,"op":"Async","minor":0},{"major":259,"value":0,"op":"Discard","minor":0},{"major":259,"value":995328,"op":"Total","minor":0},{"major":253,"value":860160,"op":"Read","minor":2},{"major":253,"value":135168,"op":"Write","minor":2},{"major":253,"value":966656,"op":"Sync","minor":2},{"major":253,"value":28672,"op":"Async","minor":2},{"major":253,"value":0,"op":"Discard","minor":2},{"major":253,"value":995328,"op":"Total","minor":2}],"io_wait_time_recursive":[],"io_merged_recursive":[],"io_service_time_recursive":[]},"memory_stats":{"usage":320135168,"max_usage":1255325696,"stats":{"hierarchical_memory_limit":9223372036854771712,"pgmajfault":0,"total_rss":182439936,"inactive_file":270336,"inactive_anon":81641472,"total_pgfault":1459062,"total_cache":105439232,"total_rss_huge":0,"total_active_anon":188018688,"total_pgmajfault":0,"pgpgin":893805,"rss_huge":0,"mapped_file":0,"total_inactive_file":270336,"dirty":811008,"total_unevictable":0,"total_dirty":811008,"writeback":0,"pgpgout":823525,"hierarchical_memsw_limit":0,"cache":105439232,"active_file":18247680,"pgfault":1459062,"total_mapped_file":0,"total_pgpgout":823525,"total_writeback":0,"rss":182439936,"unevictable":0,"total_inactive_anon":81641472,"total_pgpgin":893805,"active_anon":188018688,"total_active_file":18247680},"limit":540965302272},"name":"/MeshSteward-jJ475J3A","networks":{"eth0":{"rx_bytes":3469040,"rx_packets":923,"tx_packets":973,"tx_bytes":112393,"tx_dropped":0,"rx_dropped":3,"tx_errors":0,"rx_errors":0}},"id":"d262e8e73edfed97b98ccb3528917aaa5abd54bd28c9daa1ce100bd60f2d2d66","preread":"0001-01-01T00:00:00Z","storage_stats":{},"precpu_stats":{"throttling_data":{"throttled_periods":0,"throttled_time":0,"periods":0},"cpu_usage":{"usage_in_usermode":0,"usage_in_kernelmode":0,"total_usage":0}},"pids_stats":{"current":40},"num_procs":0,"cpu_stats":{"throttling_data":{"throttled_periods":0,"throttled_time":0,"periods":0},"system_cpu_usage":3181004194522419,"online_cpus":128,"cpu_usage":{"usage_in_usermode":68890000000,"usage_in_kernelmode":5100000000,"total_usage":73867513121,"percpu_usage":[73867513121,0,0,0,0,0,0,0,0,0,0,0,0,0,0,0,0,0,0,0,0,0,0,0,0,0,0,0,0,0,0,0,0,0,0,0,0,0,0,0,0,0,0,0,0,0,0,0,0,0,0,0,0,0,0,0,0,0,0,0,0,0,0,0,0,0,0,0,0,0,0,0,0,0,0,0,0,0,0,0,0,0,0,0,0,0,0,0,0,0,0,0,0,0,0,0,0,0,0,0,0,0,0,0,0,0,0,0,0,0,0,0,0,0,0,0,0,0,0,0,0,0,0,0,0,0,0,0]}},"read":"2021-01-11T15:26:21.646338464Z"}