################################################################################
# PkgEval set-up: 2021-01-11T23:47:41.131
#

Julia Version 1.5.3
Commit 599f52c4c6 (2020-12-18 13:33 UTC)
Platform Info:
  OS: Linux (x86_64-linux-gnu)
  CPU: AMD EPYC 7502 32-Core Processor
  WORD_SIZE: 64
  LIBM: libopenlibm
  LLVM: libLLVM-9.0.1 (ORCJIT, znver2)
Environment:
  JULIA_PKG_PRECOMPILE_AUTO = 0
  JULIA_PKGEVAL = true

Base.julia_cmd() = `/opt/julia/bin/julia -Cnative -J/opt/julia/lib/julia/sys.so -g1`


################################################################################
# Installation: 2021-01-11T23:47:43.09
#

 Installing known registries into `~/.julia`
##############################                                            42.8%######################################################################## 100.0%
      Added registry `General` to `~/.julia/registries/General`
  Resolving package versions...
  Installed CompilerSupportLibraries_jll ─ v0.3.4+0
  Installed MetaImageFormat ────────────── v0.2.3
  Installed Reexport ───────────────────── v1.0.0
  Installed PaddedViews ────────────────── v0.5.7
  Installed MuladdMacro ────────────────── v0.2.2
  Installed ColorVectorSpace ───────────── v0.8.7
  Installed DataStructures ─────────────── v0.18.8
  Installed StatsBase ──────────────────── v0.33.2
  Installed ImageAxes ──────────────────── v0.6.8
  Installed RangeArrays ────────────────── v0.3.2
  Installed MosaicViews ────────────────── v0.2.4
  Installed DataAPI ────────────────────── v1.4.0
  Installed SimpleTraits ───────────────── v0.9.3
  Installed IntervalSets ───────────────── v0.5.2
  Installed IterTools ──────────────────── v1.3.0
  Installed FileIO ─────────────────────── v1.4.5
  Installed OrderedCollections ─────────── v1.3.2
  Installed Colors ─────────────────────── v0.12.6
  Installed Missings ───────────────────── v0.4.4
  Installed ColorTypes ─────────────────── v0.10.9
  Installed MacroTools ─────────────────── v0.5.6
  Installed AxisArrays ─────────────────── v0.4.3
  Installed JLLWrappers ────────────────── v1.2.0
  Installed MappedArrays ───────────────── v0.3.0
  Installed Graphics ───────────────────── v1.0.2
  Installed AbstractFFTs ───────────────── v1.0.0
  Installed NaNMath ────────────────────── v0.3.5
  Installed Adapt ──────────────────────── v2.4.0
  Installed OffsetArrays ───────────────── v1.5.0
  Installed EllipsisNotation ───────────── v1.0.0
  Installed FixedPointNumbers ──────────── v0.8.4
  Installed SortingAlgorithms ──────────── v0.3.1
  Installed ImageCore ──────────────────── v0.8.20
  Installed SpecialFunctions ───────────── v1.2.1
  Installed Compat ─────────────────────── v3.25.0
  Installed ChainRulesCore ─────────────── v0.9.24
  Installed OpenSpecFun_jll ────────────── v0.5.3+4
  Installed Artifacts ──────────────────── v1.3.0
Updating `~/.julia/environments/v1.5/Project.toml`
  [1950589f] + MetaImageFormat v0.2.3
Updating `~/.julia/environments/v1.5/Manifest.toml`
  [621f4979] + AbstractFFTs v1.0.0
  [79e6a3ab] + Adapt v2.4.0
  [56f22d72] + Artifacts v1.3.0
  [39de3d68] + AxisArrays v0.4.3
  [d360d2e6] + ChainRulesCore v0.9.24
  [3da002f7] + ColorTypes v0.10.9
  [c3611d14] + ColorVectorSpace v0.8.7
  [5ae59095] + Colors v0.12.6
  [34da2185] + Compat v3.25.0
  [e66e0078] + CompilerSupportLibraries_jll v0.3.4+0
  [9a962f9c] + DataAPI v1.4.0
  [864edb3b] + DataStructures v0.18.8
  [da5c29d0] + EllipsisNotation v1.0.0
  [5789e2e9] + FileIO v1.4.5
  [53c48c17] + FixedPointNumbers v0.8.4
  [a2bd30eb] + Graphics v1.0.2
  [2803e5a7] + ImageAxes v0.6.8
  [a09fc81d] + ImageCore v0.8.20
  [8197267c] + IntervalSets v0.5.2
  [c8e1da08] + IterTools v1.3.0
  [692b3bcd] + JLLWrappers v1.2.0
  [1914dd2f] + MacroTools v0.5.6
  [dbb5928d] + MappedArrays v0.3.0
  [1950589f] + MetaImageFormat v0.2.3
  [e1d29d7a] + Missings v0.4.4
  [e94cdb99] + MosaicViews v0.2.4
  [46d2c3a1] + MuladdMacro v0.2.2
  [77ba4419] + NaNMath v0.3.5
  [6fe1bfb0] + OffsetArrays v1.5.0
  [efe28fd5] + OpenSpecFun_jll v0.5.3+4
  [bac558e1] + OrderedCollections v1.3.2
  [5432bcbf] + PaddedViews v0.5.7
  [b3c3ace0] + RangeArrays v0.3.2
  [189a3867] + Reexport v1.0.0
  [699a6c99] + SimpleTraits v0.9.3
  [a2af1166] + SortingAlgorithms v0.3.1
  [276daf66] + SpecialFunctions v1.2.1
  [2913bbd2] + StatsBase v0.33.2
  [2a0f44e3] + Base64
  [ade2ca70] + Dates
  [8bb1440f] + DelimitedFiles
  [8ba89e20] + Distributed
  [b77e0a4c] + InteractiveUtils
  [76f85450] + LibGit2
  [8f399da3] + Libdl
  [37e2e46d] + LinearAlgebra
  [56ddb016] + Logging
  [d6f4376e] + Markdown
  [a63ad114] + Mmap
  [44cfe95a] + Pkg
  [de0858da] + Printf
  [3fa0cd96] + REPL
  [9a3f8284] + Random
  [ea8e919c] + SHA
  [9e88b42a] + Serialization
  [1a1011a3] + SharedArrays
  [6462fe0b] + Sockets
  [2f01184e] + SparseArrays
  [10745b16] + Statistics
  [8dfed614] + Test
  [cf7118a7] + UUIDs
  [4ec0a83e] + Unicode


################################################################################
# Testing: 2021-01-11T23:47:51.786
#

    Testing MetaImageFormat
Status `/tmp/jl_5HG6hQ/Project.toml`
  [39de3d68] AxisArrays v0.4.3
  [c3611d14] ColorVectorSpace v0.8.7
  [5789e2e9] FileIO v1.4.5
  [2803e5a7] ImageAxes v0.6.8
  [a09fc81d] ImageCore v0.8.20
  [1950589f] MetaImageFormat v0.2.3
  [37e2e46d] LinearAlgebra
  [8dfed614] Test
Status `/tmp/jl_5HG6hQ/Manifest.toml`
  [621f4979] AbstractFFTs v1.0.0
  [79e6a3ab] Adapt v2.4.0
  [56f22d72] Artifacts v1.3.0
  [39de3d68] AxisArrays v0.4.3
  [d360d2e6] ChainRulesCore v0.9.24
  [3da002f7] ColorTypes v0.10.9
  [c3611d14] ColorVectorSpace v0.8.7
  [5ae59095] Colors v0.12.6
  [34da2185] Compat v3.25.0
  [e66e0078] CompilerSupportLibraries_jll v0.3.4+0
  [9a962f9c] DataAPI v1.4.0
  [864edb3b] DataStructures v0.18.8
  [da5c29d0] EllipsisNotation v1.0.0
  [5789e2e9] FileIO v1.4.5
  [53c48c17] FixedPointNumbers v0.8.4
  [a2bd30eb] Graphics v1.0.2
  [2803e5a7] ImageAxes v0.6.8
  [a09fc81d] ImageCore v0.8.20
  [8197267c] IntervalSets v0.5.2
  [c8e1da08] IterTools v1.3.0
  [692b3bcd] JLLWrappers v1.2.0
  [1914dd2f] MacroTools v0.5.6
  [dbb5928d] MappedArrays v0.3.0
  [1950589f] MetaImageFormat v0.2.3
  [e1d29d7a] Missings v0.4.4
  [e94cdb99] MosaicViews v0.2.4
  [46d2c3a1] MuladdMacro v0.2.2
  [77ba4419] NaNMath v0.3.5
  [6fe1bfb0] OffsetArrays v1.5.0
  [efe28fd5] OpenSpecFun_jll v0.5.3+4
  [bac558e1] OrderedCollections v1.3.2
  [5432bcbf] PaddedViews v0.5.7
  [b3c3ace0] RangeArrays v0.3.2
  [189a3867] Reexport v1.0.0
  [699a6c99] SimpleTraits v0.9.3
  [a2af1166] SortingAlgorithms v0.3.1
  [276daf66] SpecialFunctions v1.2.1
  [2913bbd2] StatsBase v0.33.2
  [2a0f44e3] Base64
  [ade2ca70] Dates
  [8bb1440f] DelimitedFiles
  [8ba89e20] Distributed
  [b77e0a4c] InteractiveUtils
  [76f85450] LibGit2
  [8f399da3] Libdl
  [37e2e46d] LinearAlgebra
  [56ddb016] Logging
  [d6f4376e] Markdown
  [a63ad114] Mmap
  [44cfe95a] Pkg
  [de0858da] Printf
  [3fa0cd96] REPL
  [9a3f8284] Random
  [ea8e919c] SHA
  [9e88b42a] Serialization
  [1a1011a3] SharedArrays
  [6462fe0b] Sockets
  [2f01184e] SparseArrays
  [10745b16] Statistics
  [8dfed614] Test
  [cf7118a7] UUIDs
  [4ec0a83e] Unicode
[ Info: Warning "AnatomicalOrientation string unrecognized, got ???. Using xyz instead." is expected
┌ Warning: AnatomicalOrientation string unrecognized, got ???. Using xyz instead.
└ @ MetaImageFormat ~/.julia/packages/MetaImageFormat/ya2Xq/src/MetaImageFormat.jl:39
    Testing MetaImageFormat tests passed 

PkgEval succeeded


################################################################################
# PkgEval teardown: 2021-01-11T23:49:30.294
CPU usage: 108.14s (99.60s user, 8.74s kernel)

Network usage:
- eth0: 5.221 MiB received, 210.167 KiB sent

Raw statistics: {"blkio_stats":{"io_queue_recursive":[],"io_serviced_recursive":[{"major":259,"value":0,"op":"Read","minor":0},{"major":259,"value":24,"op":"Write","minor":0},{"major":259,"value":19,"op":"Sync","minor":0},{"major":259,"value":5,"op":"Async","minor":0},{"major":259,"value":0,"op":"Discard","minor":0},{"major":259,"value":24,"op":"Total","minor":0},{"major":253,"value":0,"op":"Read","minor":2},{"major":253,"value":24,"op":"Write","minor":2},{"major":253,"value":19,"op":"Sync","minor":2},{"major":253,"value":5,"op":"Async","minor":2},{"major":253,"value":0,"op":"Discard","minor":2},{"major":253,"value":24,"op":"Total","minor":2}],"io_time_recursive":[],"sectors_recursive":[],"io_service_bytes_recursive":[{"major":259,"value":0,"op":"Read","minor":0},{"major":259,"value":143360,"op":"Write","minor":0},{"major":259,"value":106496,"op":"Sync","minor":0},{"major":259,"value":36864,"op":"Async","minor":0},{"major":259,"value":0,"op":"Discard","minor":0},{"major":259,"value":143360,"op":"Total","minor":0},{"major":253,"value":0,"op":"Read","minor":2},{"major":253,"value":143360,"op":"Write","minor":2},{"major":253,"value":106496,"op":"Sync","minor":2},{"major":253,"value":36864,"op":"Async","minor":2},{"major":253,"value":0,"op":"Discard","minor":2},{"major":253,"value":143360,"op":"Total","minor":2}],"io_wait_time_recursive":[],"io_merged_recursive":[],"io_service_time_recursive":[]},"memory_stats":{"usage":338231296,"max_usage":1291190272,"stats":{"hierarchical_memory_limit":9223372036854771712,"pgmajfault":0,"total_rss":203210752,"inactive_file":135168,"inactive_anon":84480000,"total_pgfault":2961519,"total_cache":104337408,"total_rss_huge":0,"total_active_anon":223162368,"total_pgmajfault":0,"pgpgin":1815957,"rss_huge":0,"mapped_file":0,"total_inactive_file":135168,"dirty":135168,"total_unevictable":0,"total_dirty":135168,"writeback":0,"pgpgout":1740842,"hierarchical_memsw_limit":0,"cache":104337408,"active_file":135168,"pgfault":2961519,"total_mapped_file":0,"total_pgpgout":1740842,"total_writeback":0,"rss":203210752,"unevictable":0,"total_inactive_anon":84480000,"total_pgpgin":1815957,"active_anon":223162368,"total_active_file":135168},"limit":540965302272},"name":"/MetaImageFormat-oLQMdTXB","networks":{"eth0":{"rx_bytes":5474402,"rx_packets":1624,"tx_packets":1762,"tx_bytes":215211,"tx_dropped":0,"rx_dropped":4,"tx_errors":0,"rx_errors":0}},"id":"3a36825f500f49379ed8bf2d97811002f88bb4ea57e7bccaeb342b845c6922b0","preread":"0001-01-01T00:00:00Z","storage_stats":{},"precpu_stats":{"throttling_data":{"throttled_periods":0,"throttled_time":0,"periods":0},"cpu_usage":{"usage_in_usermode":0,"usage_in_kernelmode":0,"total_usage":0}},"pids_stats":{"current":40},"num_procs":0,"cpu_stats":{"throttling_data":{"throttled_periods":0,"throttled_time":0,"periods":0},"system_cpu_usage":7038781584522419,"online_cpus":128,"cpu_usage":{"usage_in_usermode":99600000000,"usage_in_kernelmode":8740000000,"total_usage":108141052675,"percpu_usage":[0,0,0,0,0,0,0,0,0,0,0,0,0,0,0,108141052675,0,0,0,0,0,0,0,0,0,0,0,0,0,0,0,0,0,0,0,0,0,0,0,0,0,0,0,0,0,0,0,0,0,0,0,0,0,0,0,0,0,0,0,0,0,0,0,0,0,0,0,0,0,0,0,0,0,0,0,0,0,0,0,0,0,0,0,0,0,0,0,0,0,0,0,0,0,0,0,0,0,0,0,0,0,0,0,0,0,0,0,0,0,0,0,0,0,0,0,0,0,0,0,0,0,0,0,0,0,0,0,0]}},"read":"2021-01-11T23:49:30.572094955Z"}