################################################################################
# PkgEval set-up: 2021-01-11T22:02:17.067
#

Julia Version 1.5.3
Commit 599f52c4c6 (2020-12-18 13:33 UTC)
Platform Info:
  OS: Linux (x86_64-linux-gnu)
  CPU: AMD EPYC 7502 32-Core Processor
  WORD_SIZE: 64
  LIBM: libopenlibm
  LLVM: libLLVM-9.0.1 (ORCJIT, znver2)
Environment:
  JULIA_PKG_PRECOMPILE_AUTO = 0
  JULIA_PKGEVAL = true

Base.julia_cmd() = `/opt/julia/bin/julia -Cnative -J/opt/julia/lib/julia/sys.so -g1`


################################################################################
# Installation: 2021-01-11T22:02:18.905
#

 Installing known registries into `~/.julia`
#########################                                                 35.9%######################################################################## 100.0%
      Added registry `General` to `~/.julia/registries/General`
  Resolving package versions...
  Installed MethodAnalysis ─ v0.4.4
  Installed AbstractTrees ── v0.3.3
Updating `~/.julia/environments/v1.5/Project.toml`
  [85b6ec6f] + MethodAnalysis v0.4.4
Updating `~/.julia/environments/v1.5/Manifest.toml`
  [1520ce14] + AbstractTrees v0.3.3
  [85b6ec6f] + MethodAnalysis v0.4.4
  [2a0f44e3] + Base64
  [d6f4376e] + Markdown


################################################################################
# Testing: 2021-01-11T22:02:22.595
#

    Testing MethodAnalysis
Status `/tmp/jl_zlkhyS/Project.toml`
  [1520ce14] AbstractTrees v0.3.3
  [85b6ec6f] MethodAnalysis v0.4.4
  [56ddb016] Logging
  [44cfe95a] Pkg
  [8dfed614] Test
Status `/tmp/jl_zlkhyS/Manifest.toml`
  [1520ce14] AbstractTrees v0.3.3
  [85b6ec6f] MethodAnalysis v0.4.4
  [2a0f44e3] Base64
  [ade2ca70] Dates
  [8ba89e20] Distributed
  [b77e0a4c] InteractiveUtils
  [76f85450] LibGit2
  [8f399da3] Libdl
  [56ddb016] Logging
  [d6f4376e] Markdown
  [44cfe95a] Pkg
  [de0858da] Printf
  [3fa0cd96] REPL
  [9a3f8284] Random
  [ea8e919c] SHA
  [9e88b42a] Serialization
  [6462fe0b] Sockets
  [8dfed614] Test
  [cf7118a7] UUIDs
  [4ec0a83e] Unicode
Test Summary: | Pass  Total
visit         |   47     47
Test Summary:     | Pass  Total
methodinstance(s) |    8      8
Test Summary: | Pass  Total
Backedges     |   26     26
Test Summary: | Pass  Total
call_type     |    2      2
Test Summary: | Pass  Total
Invalidation  |    3      3
    Testing MethodAnalysis tests passed 

PkgEval succeeded


################################################################################
# PkgEval teardown: 2021-01-11T22:02:29.445
CPU usage: 12.46s (9.89s user, 2.60s kernel)

Network usage:
- eth0: 2.577 MiB received, 32.874 KiB sent

Raw statistics: {"blkio_stats":{"io_queue_recursive":[],"io_serviced_recursive":[{"major":259,"value":0,"op":"Read","minor":0},{"major":259,"value":24,"op":"Write","minor":0},{"major":259,"value":19,"op":"Sync","minor":0},{"major":259,"value":5,"op":"Async","minor":0},{"major":259,"value":0,"op":"Discard","minor":0},{"major":259,"value":24,"op":"Total","minor":0},{"major":253,"value":0,"op":"Read","minor":2},{"major":253,"value":24,"op":"Write","minor":2},{"major":253,"value":19,"op":"Sync","minor":2},{"major":253,"value":5,"op":"Async","minor":2},{"major":253,"value":0,"op":"Discard","minor":2},{"major":253,"value":24,"op":"Total","minor":2}],"io_time_recursive":[],"sectors_recursive":[],"io_service_bytes_recursive":[{"major":259,"value":0,"op":"Read","minor":0},{"major":259,"value":126976,"op":"Write","minor":0},{"major":259,"value":106496,"op":"Sync","minor":0},{"major":259,"value":20480,"op":"Async","minor":0},{"major":259,"value":0,"op":"Discard","minor":0},{"major":259,"value":126976,"op":"Total","minor":0},{"major":253,"value":0,"op":"Read","minor":2},{"major":253,"value":126976,"op":"Write","minor":2},{"major":253,"value":106496,"op":"Sync","minor":2},{"major":253,"value":20480,"op":"Async","minor":2},{"major":253,"value":0,"op":"Discard","minor":2},{"major":253,"value":126976,"op":"Total","minor":2}],"io_wait_time_recursive":[],"io_merged_recursive":[],"io_service_time_recursive":[]},"memory_stats":{"usage":320647168,"max_usage":706285568,"stats":{"hierarchical_memory_limit":9223372036854771712,"pgmajfault":0,"total_rss":211427328,"inactive_file":135168,"inactive_anon":78938112,"total_pgfault":323664,"total_cache":79802368,"total_rss_huge":0,"total_active_anon":212348928,"total_pgmajfault":0,"pgpgin":237303,"rss_huge":0,"mapped_file":0,"total_inactive_file":135168,"dirty":135168,"total_unevictable":0,"total_dirty":135168,"writeback":0,"pgpgout":166204,"hierarchical_memsw_limit":0,"cache":79802368,"active_file":135168,"pgfault":323664,"total_mapped_file":0,"total_pgpgout":166204,"total_writeback":0,"rss":211427328,"unevictable":0,"total_inactive_anon":78938112,"total_pgpgin":237303,"active_anon":212348928,"total_active_file":135168},"limit":540965302272},"name":"/MethodAnalysis-wv7wB2Nw","networks":{"eth0":{"rx_bytes":2701813,"rx_packets":335,"tx_packets":331,"tx_bytes":33663,"tx_dropped":0,"rx_dropped":1,"tx_errors":0,"rx_errors":0}},"id":"dd1ce81e93d1f0a40d956f066ea76929d588b91b9ac9dcf7f57f803a3b729826","preread":"0001-01-01T00:00:00Z","storage_stats":{},"precpu_stats":{"throttling_data":{"throttled_periods":0,"throttled_time":0,"periods":0},"cpu_usage":{"usage_in_usermode":0,"usage_in_kernelmode":0,"total_usage":0}},"pids_stats":{"current":40},"num_procs":0,"cpu_stats":{"throttling_data":{"throttled_periods":0,"throttled_time":0,"periods":0},"system_cpu_usage":6218264364522419,"online_cpus":128,"cpu_usage":{"usage_in_usermode":9890000000,"usage_in_kernelmode":2600000000,"total_usage":12457187258,"percpu_usage":[0,0,0,0,0,0,0,0,0,0,0,0,0,0,0,0,0,0,0,0,0,0,0,0,0,0,0,0,0,0,0,0,0,0,0,0,0,0,0,0,0,0,0,0,0,0,0,0,0,0,0,0,0,0,0,0,0,0,0,0,12457187258,0,0,0,0,0,0,0,0,0,0,0,0,0,0,0,0,0,0,0,0,0,0,0,0,0,0,0,0,0,0,0,0,0,0,0,0,0,0,0,0,0,0,0,0,0,0,0,0,0,0,0,0,0,0,0,0,0,0,0,0,0,0,0,0,0,0,0]}},"read":"2021-01-11T22:02:29.548717703Z"}