################################################################################
# PackageCompiler set-up: 2021-01-11T16:20:27.473
#

Julia Version 1.5.3
Commit 599f52c4c6 (2020-12-18 13:33 UTC)
Platform Info:
  OS: Linux (x86_64-linux-gnu)
  CPU: AMD EPYC 7502 32-Core Processor
  WORD_SIZE: 64
  LIBM: libopenlibm
  LLVM: libLLVM-9.0.1 (ORCJIT, znver2)
Environment:
  JULIA_PKGEVAL = true
  JULIA_PKG_PRECOMPILE_AUTO = 0



################################################################################
# Installation: 2021-01-11T16:20:29.162
#

 Installing known registries into `~/.julia`
#########                                                                 13.9%######################################################################## 100.0%
      Added registry `General` to `~/.julia/registries/General`
  Resolving package versions...
  Installed Microwaves ──────── v0.1.0
  Installed Calculus ────────── v0.5.1
  Installed Unitful ─────────── v0.17.0
  Installed RecipesBase ─────── v1.1.1
  Installed Measurements ────── v2.3.0
  Installed Requires ────────── v1.1.2
  Installed PhysicalConstants ─ v0.2.1
  Installed Roots ───────────── v1.0.7
  Installed PackageCompiler ─── v1.2.5
Updating `~/.julia/environments/v1.5/Project.toml`
  [481e76ae] + Microwaves v0.1.0
  [9b87118b] + PackageCompiler v1.2.5
Updating `~/.julia/environments/v1.5/Manifest.toml`
  [49dc2e85] + Calculus v0.5.1
  [eff96d63] + Measurements v2.3.0
  [481e76ae] + Microwaves v0.1.0
  [9b87118b] + PackageCompiler v1.2.5
  [5ad8b20f] + PhysicalConstants v0.2.1
  [3cdcf5f2] + RecipesBase v1.1.1
  [ae029012] + Requires v1.1.2
  [f2b01f46] + Roots v1.0.7
  [1986cc42] + Unitful v0.17.0
  [2a0f44e3] + Base64
  [ade2ca70] + Dates
  [b77e0a4c] + InteractiveUtils
  [76f85450] + LibGit2
  [8f399da3] + Libdl
  [37e2e46d] + LinearAlgebra
  [56ddb016] + Logging
  [d6f4376e] + Markdown
  [44cfe95a] + Pkg
  [de0858da] + Printf
  [3fa0cd96] + REPL
  [9a3f8284] + Random
  [ea8e919c] + SHA
  [9e88b42a] + Serialization
  [6462fe0b] + Sockets
  [cf7118a7] + UUIDs
  [4ec0a83e] + Unicode


################################################################################
# Compiling: 2021-01-11T16:20:42.653
#

[ Info: PackageCompiler: creating system image object file, this might take a while...
Generated system image is 162.377 MiB, compilation took 204 seconds


################################################################################
# PkgEval set-up: 2021-01-11T16:24:14.201
#

Julia Version 1.5.3
Commit 599f52c4c6 (2020-12-18 13:33 UTC)
Platform Info:
  OS: Linux (x86_64-linux-gnu)
  CPU: AMD EPYC 7502 32-Core Processor
  WORD_SIZE: 64
  LIBM: libopenlibm
  LLVM: libLLVM-9.0.1 (ORCJIT, znver2)
Environment:
  JULIA_PKGEVAL = true
  JULIA_PKG_PRECOMPILE_AUTO = 0

Base.julia_cmd() = `/usr/local/julia/bin/julia -Cnative -J/cache/Microwaves-CAzxNKTm.so -g1`


################################################################################
# Installation: 2021-01-11T16:24:16.035
#

 Installing known registries into `~/.julia`
#####                                                                      7.6%######################################################################## 100.0%
      Added registry `General` to `~/.julia/registries/General`
  Resolving package versions...
  Installed Microwaves ──────── v0.1.0
  Installed Calculus ────────── v0.5.1
  Installed RecipesBase ─────── v1.1.1
  Installed Unitful ─────────── v0.17.0
  Installed Measurements ────── v2.3.0
  Installed PhysicalConstants ─ v0.2.1
  Installed Requires ────────── v1.1.2
  Installed Roots ───────────── v1.0.7
Updating `~/.julia/environments/v1.5/Project.toml`
  [481e76ae] + Microwaves v0.1.0
Updating `~/.julia/environments/v1.5/Manifest.toml`
  [49dc2e85] + Calculus v0.5.1
  [eff96d63] + Measurements v2.3.0
  [481e76ae] + Microwaves v0.1.0
  [5ad8b20f] + PhysicalConstants v0.2.1
  [3cdcf5f2] + RecipesBase v1.1.1
  [ae029012] + Requires v1.1.2
  [f2b01f46] + Roots v1.0.7
  [1986cc42] + Unitful v0.17.0
  [8f399da3] + Libdl
  [37e2e46d] + LinearAlgebra
  [de0858da] + Printf
  [9a3f8284] + Random
  [ea8e919c] + SHA
  [9e88b42a] + Serialization
  [cf7118a7] + UUIDs
  [4ec0a83e] + Unicode


################################################################################
# Testing: 2021-01-11T16:24:21.27
#


PkgEval failed: Package Microwaves did not provide a `test/runtests.jl` file
Stacktrace:
 [1] pkgerror(::String, ::Vararg{String,N} where N) at /workspace/srcdir/usr/share/julia/stdlib/v1.5/Pkg/src/Types.jl:52
 [2] test(::Pkg.Types.Context, ::Array{Pkg.Types.PackageSpec,1}; coverage::Bool, julia_args::Cmd, test_args::Cmd, test_fn::Nothing) at /workspace/srcdir/usr/share/julia/stdlib/v1.5/Pkg/src/Operations.jl:1536
 [3] test(::Pkg.Types.Context, ::Array{Pkg.Types.PackageSpec,1}; coverage::Bool, test_fn::Nothing, julia_args::Cmd, test_args::Cmd, kwargs::Base.Iterators.Pairs{Union{},Union{},Tuple{},NamedTuple{(),Tuple{}}}) at /workspace/srcdir/usr/share/julia/stdlib/v1.5/Pkg/src/API.jl:327
 [4] test(::Pkg.Types.Context, ::Array{Pkg.Types.PackageSpec,1}) at /workspace/srcdir/usr/share/julia/stdlib/v1.5/Pkg/src/API.jl:314
 [5] #test#61 at /workspace/srcdir/usr/share/julia/stdlib/v1.5/Pkg/src/API.jl:67 [inlined]
 [6] test at /workspace/srcdir/usr/share/julia/stdlib/v1.5/Pkg/src/API.jl:67 [inlined]
 [7] #test#60 at /workspace/srcdir/usr/share/julia/stdlib/v1.5/Pkg/src/API.jl:66 [inlined]
 [8] test at /workspace/srcdir/usr/share/julia/stdlib/v1.5/Pkg/src/API.jl:66 [inlined]
 [9] test(::String; kwargs::Base.Iterators.Pairs{Union{},Union{},Tuple{},NamedTuple{(),Tuple{}}}) at /workspace/srcdir/usr/share/julia/stdlib/v1.5/Pkg/src/API.jl:65
 [10] test(::String) at /workspace/srcdir/usr/share/julia/stdlib/v1.5/Pkg/src/API.jl:65
 [11] top-level scope at none:22
 [12] eval at ./boot.jl:331 [inlined]
 [13] eval(::Expr) at ./client.jl:467
 [14] top-level scope at none:1
 [15] eval(::Module, ::Any) at ./boot.jl:331
 [16] exec_options(::Base.JLOptions) at ./client.jl:272
 [17] _start() at ./client.jl:506


################################################################################
# PkgEval teardown: 2021-01-11T16:24:23.388
CPU usage: 9.32s (7.21s user, 2.14s kernel)

Network usage:
- eth0: 2.932 MiB received, 64.491 KiB sent

Raw statistics: {"blkio_stats":{"io_queue_recursive":[],"io_serviced_recursive":[{"major":259,"value":0,"op":"Read","minor":0},{"major":259,"value":15,"op":"Write","minor":0},{"major":259,"value":14,"op":"Sync","minor":0},{"major":259,"value":1,"op":"Async","minor":0},{"major":259,"value":0,"op":"Discard","minor":0},{"major":259,"value":15,"op":"Total","minor":0},{"major":253,"value":0,"op":"Read","minor":2},{"major":253,"value":15,"op":"Write","minor":2},{"major":253,"value":14,"op":"Sync","minor":2},{"major":253,"value":1,"op":"Async","minor":2},{"major":253,"value":0,"op":"Discard","minor":2},{"major":253,"value":15,"op":"Total","minor":2}],"io_time_recursive":[],"sectors_recursive":[],"io_service_bytes_recursive":[{"major":259,"value":0,"op":"Read","minor":0},{"major":259,"value":61440,"op":"Write","minor":0},{"major":259,"value":57344,"op":"Sync","minor":0},{"major":259,"value":4096,"op":"Async","minor":0},{"major":259,"value":0,"op":"Discard","minor":0},{"major":259,"value":61440,"op":"Total","minor":0},{"major":253,"value":0,"op":"Read","minor":2},{"major":253,"value":61440,"op":"Write","minor":2},{"major":253,"value":57344,"op":"Sync","minor":2},{"major":253,"value":4096,"op":"Async","minor":2},{"major":253,"value":0,"op":"Discard","minor":2},{"major":253,"value":61440,"op":"Total","minor":2}],"io_wait_time_recursive":[],"io_merged_recursive":[],"io_service_time_recursive":[]},"memory_stats":{"usage":324005888,"max_usage":456527872,"stats":{"hierarchical_memory_limit":9223372036854771712,"pgmajfault":0,"total_rss":213258240,"inactive_file":135168,"inactive_anon":79613952,"total_pgfault":173316,"total_cache":80691200,"total_rss_huge":0,"total_active_anon":214241280,"total_pgmajfault":0,"pgpgin":126357,"rss_huge":0,"mapped_file":0,"total_inactive_file":135168,"dirty":135168,"total_unevictable":0,"total_dirty":135168,"writeback":0,"pgpgout":54563,"hierarchical_memsw_limit":0,"cache":80691200,"active_file":135168,"pgfault":173316,"total_mapped_file":0,"total_pgpgout":54563,"total_writeback":0,"rss":213258240,"unevictable":0,"total_inactive_anon":79613952,"total_pgpgin":126357,"active_anon":214241280,"total_active_file":135168},"limit":540965302272},"name":"/Microwaves-IzPOauWW","networks":{"eth0":{"rx_bytes":3074605,"rx_packets":537,"tx_packets":600,"tx_bytes":66039,"tx_dropped":0,"rx_dropped":1,"tx_errors":0,"rx_errors":0}},"id":"8b4ca87e18234d39467e22073d154a8ac742c6ec2204e632dd4fdb39634ca265","preread":"0001-01-01T00:00:00Z","storage_stats":{},"precpu_stats":{"throttling_data":{"throttled_periods":0,"throttled_time":0,"periods":0},"cpu_usage":{"usage_in_usermode":0,"usage_in_kernelmode":0,"total_usage":0}},"pids_stats":{"current":44},"num_procs":0,"cpu_stats":{"throttling_data":{"throttled_periods":0,"throttled_time":0,"periods":0},"system_cpu_usage":3626083644522419,"online_cpus":128,"cpu_usage":{"usage_in_usermode":7210000000,"usage_in_kernelmode":2140000000,"total_usage":9315945293,"percpu_usage":[0,0,0,0,0,0,0,0,0,0,0,0,0,0,0,0,0,0,0,0,0,0,0,0,0,0,0,0,0,0,0,0,0,0,0,0,0,0,0,0,0,0,9314340412,0,0,0,0,0,0,0,0,0,0,0,0,0,0,0,0,0,0,0,0,0,0,0,0,0,0,0,0,0,0,0,0,0,0,0,0,0,0,0,0,0,0,0,0,0,0,0,0,0,0,0,0,0,0,0,0,0,0,0,0,0,0,0,0,1604881,0,0,0,0,0,0,0,0,0,0,0,0,0,0,0,0,0,0,0,0]}},"read":"2021-01-11T16:24:23.622733383Z"}