################################################################################
# PkgEval set-up: 2021-01-11T19:20:48.522
#

Julia Version 1.5.3
Commit 599f52c4c6 (2020-12-18 13:33 UTC)
Platform Info:
  OS: Linux (x86_64-linux-gnu)
  CPU: AMD EPYC 7502 32-Core Processor
  WORD_SIZE: 64
  LIBM: libopenlibm
  LLVM: libLLVM-9.0.1 (ORCJIT, znver2)
Environment:
  JULIA_PKG_PRECOMPILE_AUTO = 0
  JULIA_PKGEVAL = true

Base.julia_cmd() = `/opt/julia/bin/julia -Cnative -J/opt/julia/lib/julia/sys.so -g1`


################################################################################
# Installation: 2021-01-11T19:20:50.339
#

 Installing known registries into `~/.julia`
########################################                                  56.1%######################################################################## 100.0%
      Added registry `General` to `~/.julia/registries/General`
  Resolving package versions...
  Installed MicroCoverage ─ v0.2.0
Updating `~/.julia/environments/v1.5/Project.toml`
  [735f9d89] + MicroCoverage v0.2.0
Updating `~/.julia/environments/v1.5/Manifest.toml`
  [735f9d89] + MicroCoverage v0.2.0


################################################################################
# Testing: 2021-01-11T19:20:53.684
#

    Testing MicroCoverage
Status `/tmp/jl_8rAF7T/Project.toml`
  [735f9d89] MicroCoverage v0.2.0
  [8dfed614] Test
Status `/tmp/jl_8rAF7T/Manifest.toml`
  [735f9d89] MicroCoverage v0.2.0
  [2a0f44e3] Base64
  [8ba89e20] Distributed
  [b77e0a4c] InteractiveUtils
  [56ddb016] Logging
  [d6f4376e] Markdown
  [9a3f8284] Random
  [9e88b42a] Serialization
  [6462fe0b] Sockets
  [8dfed614] Test
Test Summary:    | Pass  Total
MicroCoverage.jl |   16     16
    Testing MicroCoverage tests passed 

PkgEval succeeded


################################################################################
# PkgEval teardown: 2021-01-11T19:21:00.468
CPU usage: 11.98s (9.78s user, 2.23s kernel)

Network usage:
- eth0: 2.540 MiB received, 30.629 KiB sent

Raw statistics: {"blkio_stats":{"io_queue_recursive":[],"io_serviced_recursive":[{"major":259,"value":0,"op":"Read","minor":0},{"major":259,"value":24,"op":"Write","minor":0},{"major":259,"value":19,"op":"Sync","minor":0},{"major":259,"value":5,"op":"Async","minor":0},{"major":259,"value":0,"op":"Discard","minor":0},{"major":259,"value":24,"op":"Total","minor":0},{"major":253,"value":0,"op":"Read","minor":2},{"major":253,"value":24,"op":"Write","minor":2},{"major":253,"value":19,"op":"Sync","minor":2},{"major":253,"value":5,"op":"Async","minor":2},{"major":253,"value":0,"op":"Discard","minor":2},{"major":253,"value":24,"op":"Total","minor":2}],"io_time_recursive":[],"sectors_recursive":[],"io_service_bytes_recursive":[{"major":259,"value":0,"op":"Read","minor":0},{"major":259,"value":126976,"op":"Write","minor":0},{"major":259,"value":106496,"op":"Sync","minor":0},{"major":259,"value":20480,"op":"Async","minor":0},{"major":259,"value":0,"op":"Discard","minor":0},{"major":259,"value":126976,"op":"Total","minor":0},{"major":253,"value":0,"op":"Read","minor":2},{"major":253,"value":126976,"op":"Write","minor":2},{"major":253,"value":106496,"op":"Sync","minor":2},{"major":253,"value":20480,"op":"Async","minor":2},{"major":253,"value":0,"op":"Discard","minor":2},{"major":253,"value":126976,"op":"Total","minor":2}],"io_wait_time_recursive":[],"io_merged_recursive":[],"io_service_time_recursive":[]},"memory_stats":{"usage":334536704,"max_usage":584601600,"stats":{"hierarchical_memory_limit":9223372036854771712,"pgmajfault":0,"total_rss":217911296,"inactive_file":135168,"inactive_anon":78802944,"total_pgfault":291126,"total_cache":86044672,"total_rss_huge":0,"total_active_anon":218566656,"total_pgmajfault":0,"pgpgin":193446,"rss_huge":0,"mapped_file":0,"total_inactive_file":135168,"dirty":135168,"total_unevictable":0,"total_dirty":135168,"writeback":0,"pgpgout":119262,"hierarchical_memsw_limit":0,"cache":86044672,"active_file":6623232,"pgfault":291126,"total_mapped_file":0,"total_pgpgout":119262,"total_writeback":0,"rss":217911296,"unevictable":0,"total_inactive_anon":78802944,"total_pgpgin":193446,"active_anon":218566656,"total_active_file":6623232},"limit":540965302272},"name":"/MicroCoverage-afFeTgwD","networks":{"eth0":{"rx_bytes":2662901,"rx_packets":329,"tx_packets":333,"tx_bytes":31364,"tx_dropped":0,"rx_dropped":1,"tx_errors":0,"rx_errors":0}},"id":"0ba799f76bfeb37aeccc9e26461cf1872f7af0048a3b9b6e3b64ea6da3633384","preread":"0001-01-01T00:00:00Z","storage_stats":{},"precpu_stats":{"throttling_data":{"throttled_periods":0,"throttled_time":0,"periods":0},"cpu_usage":{"usage_in_usermode":0,"usage_in_kernelmode":0,"total_usage":0}},"pids_stats":{"current":40},"num_procs":0,"cpu_stats":{"throttling_data":{"throttled_periods":0,"throttled_time":0,"periods":0},"system_cpu_usage":4980171974522419,"online_cpus":128,"cpu_usage":{"usage_in_usermode":9780000000,"usage_in_kernelmode":2230000000,"total_usage":11982920859,"percpu_usage":[0,0,0,0,0,0,0,0,0,0,0,0,0,0,0,0,0,0,0,0,0,0,0,0,0,0,0,0,0,0,0,0,0,0,0,0,0,0,0,0,0,0,0,0,0,0,0,0,0,0,0,0,0,0,0,0,0,11982920859,0,0,0,0,0,0,0,0,0,0,0,0,0,0,0,0,0,0,0,0,0,0,0,0,0,0,0,0,0,0,0,0,0,0,0,0,0,0,0,0,0,0,0,0,0,0,0,0,0,0,0,0,0,0,0,0,0,0,0,0,0,0,0,0,0,0,0,0,0,0]}},"read":"2021-01-11T19:21:00.548036445Z"}