################################################################################
# PackageCompiler set-up: 2021-01-11T17:37:43.131
#

Julia Version 1.5.3
Commit 599f52c4c6 (2020-12-18 13:33 UTC)
Platform Info:
  OS: Linux (x86_64-linux-gnu)
  CPU: AMD EPYC 7502 32-Core Processor
  WORD_SIZE: 64
  LIBM: libopenlibm
  LLVM: libLLVM-9.0.1 (ORCJIT, znver2)
Environment:
  JULIA_PKGEVAL = true
  JULIA_PKG_PRECOMPILE_AUTO = 0



################################################################################
# Installation: 2021-01-11T17:37:44.795
#

 Installing known registries into `~/.julia`
#############################                                             41.6%######################################################################## 100.0%
      Added registry `General` to `~/.julia/registries/General`
  Resolving package versions...
  Installed Zlib_jll ───────────────────── v1.2.11+18
  Installed CompilerSupportLibraries_jll ─ v0.3.4+0
  Installed MbedTLS_jll ────────────────── v2.16.8+1
  Installed MIPLearn ───────────────────── v0.1.0
  Installed JSONSchema ─────────────────── v0.3.3
  Installed VersionParsing ─────────────── v1.2.0
  Installed MuladdMacro ────────────────── v0.2.2
  Installed TranscodingStreams ─────────── v0.9.5
  Installed Calculus ───────────────────── v0.5.1
  Installed PackageCompiler ────────────── v1.2.5
  Installed DataStructures ─────────────── v0.18.8
  Installed JuMP ───────────────────────── v0.21.5
  Installed MbedTLS ────────────────────── v1.0.3
  Installed DiffRules ──────────────────── v1.0.2
  Installed TimerOutputs ───────────────── v0.5.7
  Installed DiffResults ────────────────── v1.0.3
  Installed Bzip2_jll ──────────────────── v1.0.6+5
  Installed BenchmarkTools ─────────────── v0.5.0
  Installed HTTP ───────────────────────── v0.9.2
  Installed OrderedCollections ─────────── v1.3.2
  Installed CodecZlib ──────────────────── v0.7.0
  Installed StaticArrays ───────────────── v1.0.1
  Installed MacroTools ─────────────────── v0.5.6
  Installed CommonSubexpressions ───────── v0.3.0
  Installed JSON ───────────────────────── v0.21.1
  Installed JLLWrappers ────────────────── v1.2.0
  Installed MathOptInterface ───────────── v0.9.19
  Installed ZipFile ────────────────────── v0.9.3
  Installed NaNMath ────────────────────── v0.3.5
  Installed MutableArithmetics ─────────── v0.2.13
  Installed ForwardDiff ────────────────── v0.10.14
  Installed Conda ──────────────────────── v1.5.0
  Installed URIs ───────────────────────── v1.1.0
  Installed SpecialFunctions ───────────── v1.2.1
  Installed JSON2 ──────────────────────── v0.3.2
  Installed CodecBzip2 ─────────────────── v0.7.2
  Installed Compat ─────────────────────── v3.25.0
  Installed ChainRulesCore ─────────────── v0.9.24
  Installed OpenSpecFun_jll ────────────── v0.5.3+4
  Installed Parsers ────────────────────── v1.0.15
  Installed PyCall ─────────────────────── v1.92.2
  Installed Artifacts ──────────────────── v1.3.0
  Installed IniFile ────────────────────── v0.5.0
Updating `~/.julia/environments/v1.5/Project.toml`
  [2b1277c3] + MIPLearn v0.1.0
  [9b87118b] + PackageCompiler v1.2.5
Updating `~/.julia/environments/v1.5/Manifest.toml`
  [56f22d72] + Artifacts v1.3.0
  [6e4b80f9] + BenchmarkTools v0.5.0
  [6e34b625] + Bzip2_jll v1.0.6+5
  [49dc2e85] + Calculus v0.5.1
  [d360d2e6] + ChainRulesCore v0.9.24
  [523fee87] + CodecBzip2 v0.7.2
  [944b1d66] + CodecZlib v0.7.0
  [bbf7d656] + CommonSubexpressions v0.3.0
  [34da2185] + Compat v3.25.0
  [e66e0078] + CompilerSupportLibraries_jll v0.3.4+0
  [8f4d0f93] + Conda v1.5.0
  [864edb3b] + DataStructures v0.18.8
  [163ba53b] + DiffResults v1.0.3
  [b552c78f] + DiffRules v1.0.2
  [f6369f11] + ForwardDiff v0.10.14
  [cd3eb016] + HTTP v0.9.2
  [83e8ac13] + IniFile v0.5.0
  [692b3bcd] + JLLWrappers v1.2.0
  [682c06a0] + JSON v0.21.1
  [2535ab7d] + JSON2 v0.3.2
  [7d188eb4] + JSONSchema v0.3.3
  [4076af6c] + JuMP v0.21.5
  [2b1277c3] + MIPLearn v0.1.0
  [1914dd2f] + MacroTools v0.5.6
  [b8f27783] + MathOptInterface v0.9.19
  [739be429] + MbedTLS v1.0.3
  [c8ffd9c3] + MbedTLS_jll v2.16.8+1
  [46d2c3a1] + MuladdMacro v0.2.2
  [d8a4904e] + MutableArithmetics v0.2.13
  [77ba4419] + NaNMath v0.3.5
  [efe28fd5] + OpenSpecFun_jll v0.5.3+4
  [bac558e1] + OrderedCollections v1.3.2
  [9b87118b] + PackageCompiler v1.2.5
  [69de0a69] + Parsers v1.0.15
  [438e738f] + PyCall v1.92.2
  [276daf66] + SpecialFunctions v1.2.1
  [90137ffa] + StaticArrays v1.0.1
  [a759f4b9] + TimerOutputs v0.5.7
  [3bb67fe8] + TranscodingStreams v0.9.5
  [5c2747f8] + URIs v1.1.0
  [81def892] + VersionParsing v1.2.0
  [a5390f91] + ZipFile v0.9.3
  [83775a58] + Zlib_jll v1.2.11+18
  [2a0f44e3] + Base64
  [ade2ca70] + Dates
  [8bb1440f] + DelimitedFiles
  [8ba89e20] + Distributed
  [b77e0a4c] + InteractiveUtils
  [76f85450] + LibGit2
  [8f399da3] + Libdl
  [37e2e46d] + LinearAlgebra
  [56ddb016] + Logging
  [d6f4376e] + Markdown
  [a63ad114] + Mmap
  [44cfe95a] + Pkg
  [de0858da] + Printf
  [3fa0cd96] + REPL
  [9a3f8284] + Random
  [ea8e919c] + SHA
  [9e88b42a] + Serialization
  [1a1011a3] + SharedArrays
  [6462fe0b] + Sockets
  [2f01184e] + SparseArrays
  [10745b16] + Statistics
  [8dfed614] + Test
  [cf7118a7] + UUIDs
  [4ec0a83e] + Unicode
   Building Conda ───→ `~/.julia/packages/Conda/x5ml4/deps/build.log`
   Building PyCall ──→ `~/.julia/packages/PyCall/tqyST/deps/build.log`
   Building MIPLearn → `~/.julia/packages/MIPLearn/bpScf/deps/build.log`


################################################################################
# Compiling: 2021-01-11T17:38:58.978
#

[ Info: PackageCompiler: creating system image object file, this might take a while...
ERROR: LoadError: Declaring __precompile__(false) is not allowed in files that are being precompiled.
Stacktrace:
 [1] __precompile__(::Bool) at ./loading.jl:855
 [2] top-level scope at /home/pkgeval/.julia/packages/MIPLearn/bpScf/src/MIPLearn.jl:5
 [3] include(::Function, ::Module, ::String) at ./Base.jl:380
 [4] include at ./Base.jl:368 [inlined]
 [5] _require(::Base.PkgId) at ./loading.jl:1059
 [6] require(::Base.PkgId) at ./loading.jl:928
 [7] require(::Module, ::Symbol) at ./loading.jl:923
in expression starting at /home/pkgeval/.julia/packages/MIPLearn/bpScf/src/MIPLearn.jl:5
ERROR: failed process: Process(`/opt/julia/bin/julia --color=yes --startup-file=no --cpu-target=native --sysimage=/opt/julia/lib/julia/sys.so --project=/home/pkgeval/.julia/environments/v1.5 --output-o=/tmp/jl_vWJVwx.o -e 'Base.reinit_stdio()
@eval Sys BINDIR = ccall(:jl_get_julia_bindir, Any, ())::String
@eval Sys STDLIB = "/opt/julia/share/julia/stdlib/v1.5"
Base.init_load_path()
if isdefined(Base, :init_active_project)
    Base.init_active_project()
end
Base.init_depot_path()
import MIPLearn
# This @eval prevents symbols from being put into Main
@eval Module() begin
    PrecompileStagingArea = Module()
    for (_pkgid, _mod) in Base.loaded_modules
        if !(_pkgid.name in ("Main", "Core", "Base"))
            eval(PrecompileStagingArea, :(const $(Symbol(_mod)) = $_mod))
        end
    end
    precompile_files = String[
        "/tmp/jl_110EEz"
    ]
    for file in precompile_files, statement in eachline(file)
        # println(statement)
        # The compiler has problem caching signatures with \`Vararg{?, N}\`. Replacing
        # N with a large number seems to work around it.
        statement = replace(statement, r"Vararg{(.*?), N} where N" => s"Vararg{\1, 100}")
        try
            Base.include_string(PrecompileStagingArea, statement)
        catch
            # See julia issue #28808
            @debug "failed to execute $statement"
        end
    end
end # module
empty!(LOAD_PATH)
empty!(DEPOT_PATH)
'`, ProcessExited(1)) [1]

Stacktrace:
 [1] pipeline_error at ./process.jl:525 [inlined]
 [2] run(::Cmd; wait::Bool) at ./process.jl:440
 [3] run at ./process.jl:438 [inlined]
 [4] create_sysimg_object_file(::String, ::Array{String,1}; project::String, base_sysimage::String, precompile_execution_file::Array{String,1}, precompile_statements_file::Array{String,1}, cpu_target::String, script::Nothing, isapp::Bool) at /home/pkgeval/.julia/packages/PackageCompiler/3BsME/src/PackageCompiler.jl:306
 [5] create_sysimage(::Symbol; sysimage_path::String, project::String, precompile_execution_file::Array{String,1}, precompile_statements_file::Array{String,1}, incremental::Bool, filter_stdlibs::Bool, replace_default::Bool, cpu_target::String, script::Nothing, base_sysimage::Nothing, isapp::Bool) at /home/pkgeval/.julia/packages/PackageCompiler/3BsME/src/PackageCompiler.jl:442
 [6] top-level scope at ./timing.jl:233

