################################################################################
# PkgEval set-up: 2021-01-11T21:25:40.834
#

Julia Version 1.5.3
Commit 599f52c4c6 (2020-12-18 13:33 UTC)
Platform Info:
  OS: Linux (x86_64-linux-gnu)
  CPU: AMD EPYC 7502 32-Core Processor
  WORD_SIZE: 64
  LIBM: libopenlibm
  LLVM: libLLVM-9.0.1 (ORCJIT, znver2)
Environment:
  JULIA_PKG_PRECOMPILE_AUTO = 0
  JULIA_PKGEVAL = true

Base.julia_cmd() = `/opt/julia/bin/julia -Cnative -J/opt/julia/lib/julia/sys.so -g1`


################################################################################
# Installation: 2021-01-11T21:25:42.652
#

 Installing known registries into `~/.julia`
#=#=#                                                                         ########################################                                  56.7%######################################################################## 100.0%
      Added registry `General` to `~/.julia/registries/General`
  Resolving package versions...
    Cloning [b32b01fb-8833-5495-9754-2f5f3e3ebfd4] MirroredArrayViews from https://github.com/slmcbane/MirroredArrayViews.jl.git
[?25lUsername for 'https://github.com': [2K[?25h
PkgEval failed: failed to clone from https://github.com/slmcbane/MirroredArrayViews.jl.git, error: GitError(Code:EUSER, Class:Callback, Aborting, user cancelled credential request.)
Stacktrace:
 [1] pkgerror(::String) at /workspace/srcdir/usr/share/julia/stdlib/v1.5/Pkg/src/Types.jl:52
 [2] clone(::Pkg.Types.Context, ::String, ::String; header::String, credentials::Nothing, kwargs::Base.Iterators.Pairs{Symbol,Bool,Tuple{Symbol},NamedTuple{(:isbare,),Tuple{Bool}}}) at /workspace/srcdir/usr/share/julia/stdlib/v1.5/Pkg/src/GitTools.jl:153
 [3] #ensure_clone#3 at /workspace/srcdir/usr/share/julia/stdlib/v1.5/Pkg/src/GitTools.jl:112 [inlined]
 [4] install_git(::Pkg.Types.Context, ::Base.UUID, ::String, ::Base.SHA1, ::Array{String,1}, ::VersionNumber, ::String) at /workspace/srcdir/usr/share/julia/stdlib/v1.5/Pkg/src/Operations.jl:609
 [5] download_source(::Pkg.Types.Context, ::Array{Pkg.Types.PackageSpec,1}, ::Dict{Base.UUID,Array{String,1}}; readonly::Bool) at /workspace/srcdir/usr/share/julia/stdlib/v1.5/Pkg/src/Operations.jl:768
 [6] #download_source#54 at /workspace/srcdir/usr/share/julia/stdlib/v1.5/Pkg/src/Operations.jl:687 [inlined]
 [7] download_source at /workspace/srcdir/usr/share/julia/stdlib/v1.5/Pkg/src/Operations.jl:685 [inlined]
 [8] add(::Pkg.Types.Context, ::Array{Pkg.Types.PackageSpec,1}, ::Array{Base.UUID,1}; preserve::Pkg.Types.PreserveLevel, platform::Pkg.BinaryPlatforms.Linux) at /workspace/srcdir/usr/share/julia/stdlib/v1.5/Pkg/src/Operations.jl:1137
 [9] add(::Pkg.Types.Context, ::Array{Pkg.Types.PackageSpec,1}; preserve::Pkg.Types.PreserveLevel, platform::Pkg.BinaryPlatforms.Linux, kwargs::Base.Iterators.Pairs{Union{},Union{},Tuple{},NamedTuple{(),Tuple{}}}) at /workspace/srcdir/usr/share/julia/stdlib/v1.5/Pkg/src/API.jl:188
 [10] add(::Pkg.Types.Context, ::Array{Pkg.Types.PackageSpec,1}) at /workspace/srcdir/usr/share/julia/stdlib/v1.5/Pkg/src/API.jl:139
 [11] #add#21 at /workspace/srcdir/usr/share/julia/stdlib/v1.5/Pkg/src/API.jl:67 [inlined]
 [12] add at /workspace/srcdir/usr/share/julia/stdlib/v1.5/Pkg/src/API.jl:67 [inlined]
 [13] #add#20 at /workspace/srcdir/usr/share/julia/stdlib/v1.5/Pkg/src/API.jl:66 [inlined]
 [14] add at /workspace/srcdir/usr/share/julia/stdlib/v1.5/Pkg/src/API.jl:66 [inlined]
 [15] add(::String; kwargs::Base.Iterators.Pairs{Union{},Union{},Tuple{},NamedTuple{(),Tuple{}}}) at /workspace/srcdir/usr/share/julia/stdlib/v1.5/Pkg/src/API.jl:65
 [16] add(::String) at /workspace/srcdir/usr/share/julia/stdlib/v1.5/Pkg/src/API.jl:65
 [17] top-level scope at none:17
 [18] eval at ./boot.jl:331 [inlined]
 [19] eval(::Expr) at ./client.jl:467
 [20] top-level scope at none:1
 [21] eval(::Module, ::Any) at ./boot.jl:331
 [22] exec_options(::Base.JLOptions) at ./client.jl:272
 [23] _start() at ./client.jl:506


################################################################################
# PkgEval teardown: 2021-01-11T21:25:48.977
CPU usage: 7.87s (5.78s user, 2.11s kernel)

Network usage:
- eth0: 2.547 MiB received, 37.238 KiB sent

Raw statistics: {"blkio_stats":{"io_queue_recursive":[],"io_serviced_recursive":[{"major":259,"value":0,"op":"Read","minor":0},{"major":259,"value":20,"op":"Write","minor":0},{"major":259,"value":19,"op":"Sync","minor":0},{"major":259,"value":1,"op":"Async","minor":0},{"major":259,"value":0,"op":"Discard","minor":0},{"major":259,"value":20,"op":"Total","minor":0},{"major":253,"value":0,"op":"Read","minor":2},{"major":253,"value":20,"op":"Write","minor":2},{"major":253,"value":19,"op":"Sync","minor":2},{"major":253,"value":1,"op":"Async","minor":2},{"major":253,"value":0,"op":"Discard","minor":2},{"major":253,"value":20,"op":"Total","minor":2}],"io_time_recursive":[],"sectors_recursive":[],"io_service_bytes_recursive":[{"major":259,"value":0,"op":"Read","minor":0},{"major":259,"value":110592,"op":"Write","minor":0},{"major":259,"value":106496,"op":"Sync","minor":0},{"major":259,"value":4096,"op":"Async","minor":0},{"major":259,"value":0,"op":"Discard","minor":0},{"major":259,"value":110592,"op":"Total","minor":0},{"major":253,"value":0,"op":"Read","minor":2},{"major":253,"value":110592,"op":"Write","minor":2},{"major":253,"value":106496,"op":"Sync","minor":2},{"major":253,"value":4096,"op":"Async","minor":2},{"major":253,"value":0,"op":"Discard","minor":2},{"major":253,"value":110592,"op":"Total","minor":2}],"io_wait_time_recursive":[],"io_merged_recursive":[],"io_service_time_recursive":[]},"memory_stats":{"usage":354586624,"max_usage":434188288,"stats":{"hierarchical_memory_limit":9223372036854771712,"pgmajfault":0,"total_rss":245846016,"inactive_file":135168,"inactive_anon":78802944,"total_pgfault":160941,"total_cache":79396864,"total_rss_huge":0,"total_active_anon":246276096,"total_pgmajfault":0,"pgpgin":126390,"rss_huge":0,"mapped_file":0,"total_inactive_file":135168,"dirty":135168,"total_unevictable":0,"total_dirty":135168,"writeback":0,"pgpgout":47016,"hierarchical_memsw_limit":0,"cache":79396864,"active_file":135168,"pgfault":160941,"total_mapped_file":0,"total_pgpgout":47016,"total_writeback":0,"rss":245846016,"unevictable":0,"total_inactive_anon":78802944,"total_pgpgin":126390,"active_anon":246276096,"total_active_file":135168},"limit":540965302272},"name":"/MirroredArrayViews-CPQRtg7Q","networks":{"eth0":{"rx_bytes":2670967,"rx_packets":400,"tx_packets":416,"tx_bytes":38132,"tx_dropped":0,"rx_dropped":1,"tx_errors":0,"rx_errors":0}},"id":"b5dd0248678b545e5ac2bca9bfab7534d51b8dc93013bfc5396cc3d761441316","preread":"0001-01-01T00:00:00Z","storage_stats":{},"precpu_stats":{"throttling_data":{"throttled_periods":0,"throttled_time":0,"periods":0},"cpu_usage":{"usage_in_usermode":0,"usage_in_kernelmode":0,"total_usage":0}},"pids_stats":{"current":40},"num_procs":0,"cpu_stats":{"throttling_data":{"throttled_periods":0,"throttled_time":0,"periods":0},"system_cpu_usage":5937240584522419,"online_cpus":128,"cpu_usage":{"usage_in_usermode":5780000000,"usage_in_kernelmode":2110000000,"total_usage":7869049742,"percpu_usage":[0,0,0,0,0,0,0,0,0,7869049742,0,0,0,0,0,0,0,0,0,0,0,0,0,0,0,0,0,0,0,0,0,0,0,0,0,0,0,0,0,0,0,0,0,0,0,0,0,0,0,0,0,0,0,0,0,0,0,0,0,0,0,0,0,0,0,0,0,0,0,0,0,0,0,0,0,0,0,0,0,0,0,0,0,0,0,0,0,0,0,0,0,0,0,0,0,0,0,0,0,0,0,0,0,0,0,0,0,0,0,0,0,0,0,0,0,0,0,0,0,0,0,0,0,0,0,0,0,0]}},"read":"2021-01-11T21:25:49.97148526Z"}