################################################################################
# PackageCompiler set-up: 2021-01-11T21:19:23.674
#

Julia Version 1.5.3
Commit 599f52c4c6 (2020-12-18 13:33 UTC)
Platform Info:
  OS: Linux (x86_64-linux-gnu)
  CPU: AMD EPYC 7502 32-Core Processor
  WORD_SIZE: 64
  LIBM: libopenlibm
  LLVM: libLLVM-9.0.1 (ORCJIT, znver2)
Environment:
  JULIA_PKGEVAL = true
  JULIA_PKG_PRECOMPILE_AUTO = 0



################################################################################
# Installation: 2021-01-11T21:19:25.355
#

 Installing known registries into `~/.julia`
#=#=#                                                                         ####                                                                       6.9%######################################################################## 100.0%
      Added registry `General` to `~/.julia/registries/General`
  Resolving package versions...
  Installed Missings ──────── v0.4.4
  Installed DataAPI ───────── v1.4.0
  Installed PackageCompiler ─ v1.2.5
Updating `~/.julia/environments/v1.5/Project.toml`
  [e1d29d7a] + Missings v0.4.4
  [9b87118b] + PackageCompiler v1.2.5
Updating `~/.julia/environments/v1.5/Manifest.toml`
  [9a962f9c] + DataAPI v1.4.0
  [e1d29d7a] + Missings v0.4.4
  [9b87118b] + PackageCompiler v1.2.5
  [2a0f44e3] + Base64
  [ade2ca70] + Dates
  [b77e0a4c] + InteractiveUtils
  [76f85450] + LibGit2
  [8f399da3] + Libdl
  [56ddb016] + Logging
  [d6f4376e] + Markdown
  [44cfe95a] + Pkg
  [de0858da] + Printf
  [3fa0cd96] + REPL
  [9a3f8284] + Random
  [ea8e919c] + SHA
  [9e88b42a] + Serialization
  [6462fe0b] + Sockets
  [cf7118a7] + UUIDs
  [4ec0a83e] + Unicode


################################################################################
# Compiling: 2021-01-11T21:19:31.51
#

[ Info: PackageCompiler: creating system image object file, this might take a while...
Generated system image is 147.428 MiB, compilation took 162 seconds


################################################################################
# PkgEval set-up: 2021-01-11T21:22:20.858
#

Julia Version 1.5.3
Commit 599f52c4c6 (2020-12-18 13:33 UTC)
Platform Info:
  OS: Linux (x86_64-linux-gnu)
  CPU: AMD EPYC 7502 32-Core Processor
  WORD_SIZE: 64
  LIBM: libopenlibm
  LLVM: libLLVM-9.0.1 (ORCJIT, znver2)
Environment:
  JULIA_PKGEVAL = true
  JULIA_PKG_PRECOMPILE_AUTO = 0

Base.julia_cmd() = `/usr/local/julia/bin/julia -Cnative -J/cache/Missings-xA3zwIZh.so -g1`


################################################################################
# Installation: 2021-01-11T21:22:22.651
#

 Installing known registries into `~/.julia`
######################################################################## 100.0%
      Added registry `General` to `~/.julia/registries/General`
  Resolving package versions...
  Installed DataAPI ── v1.4.0
  Installed Missings ─ v0.4.4
Updating `~/.julia/environments/v1.5/Project.toml`
  [e1d29d7a] + Missings v0.4.4
Updating `~/.julia/environments/v1.5/Manifest.toml`
  [9a962f9c] + DataAPI v1.4.0
  [e1d29d7a] + Missings v0.4.4


################################################################################
# Testing: 2021-01-11T21:22:26.849
#

    Testing Missings
Status `/tmp/jl_GGtPIa/Project.toml`
  [9a962f9c] DataAPI v1.4.0
  [e1d29d7a] Missings v0.4.4
  [2f01184e] SparseArrays
  [8dfed614] Test
Status `/tmp/jl_GGtPIa/Manifest.toml`
  [9a962f9c] DataAPI v1.4.0
  [e1d29d7a] Missings v0.4.4
  [2a0f44e3] Base64
  [8ba89e20] Distributed
  [b77e0a4c] InteractiveUtils
  [8f399da3] Libdl
  [37e2e46d] LinearAlgebra
  [56ddb016] Logging
  [d6f4376e] Markdown
  [9a3f8284] Random
  [9e88b42a] Serialization
  [6462fe0b] Sockets
  [2f01184e] SparseArrays
  [8dfed614] Test
┌ Warning: `T` is deprecated, use `nonmissingtype` instead.
│   caller = top-level scope at runtests.jl:224
└ @ Core ~/.julia/packages/Missings/notdc/test/runtests.jl:224
Test Summary: | Pass  Total
Missings      |  150    150
    Testing Missings tests passed 

PkgEval succeeded


################################################################################
# PkgEval teardown: 2021-01-11T21:22:38.302
CPU usage: 17.56s (15.12s user, 2.49s kernel)

Network usage:
- eth0: 2.554 MiB received, 33.173 KiB sent

Raw statistics: {"blkio_stats":{"io_queue_recursive":[],"io_serviced_recursive":[{"major":259,"value":0,"op":"Read","minor":0},{"major":259,"value":19,"op":"Write","minor":0},{"major":259,"value":14,"op":"Sync","minor":0},{"major":259,"value":5,"op":"Async","minor":0},{"major":259,"value":0,"op":"Discard","minor":0},{"major":259,"value":19,"op":"Total","minor":0},{"major":253,"value":0,"op":"Read","minor":2},{"major":253,"value":19,"op":"Write","minor":2},{"major":253,"value":14,"op":"Sync","minor":2},{"major":253,"value":5,"op":"Async","minor":2},{"major":253,"value":0,"op":"Discard","minor":2},{"major":253,"value":19,"op":"Total","minor":2}],"io_time_recursive":[],"sectors_recursive":[],"io_service_bytes_recursive":[{"major":259,"value":0,"op":"Read","minor":0},{"major":259,"value":77824,"op":"Write","minor":0},{"major":259,"value":57344,"op":"Sync","minor":0},{"major":259,"value":20480,"op":"Async","minor":0},{"major":259,"value":0,"op":"Discard","minor":0},{"major":259,"value":77824,"op":"Total","minor":0},{"major":253,"value":0,"op":"Read","minor":2},{"major":253,"value":77824,"op":"Write","minor":2},{"major":253,"value":57344,"op":"Sync","minor":2},{"major":253,"value":20480,"op":"Async","minor":2},{"major":253,"value":0,"op":"Discard","minor":2},{"major":253,"value":77824,"op":"Total","minor":2}],"io_wait_time_recursive":[],"io_merged_recursive":[],"io_service_time_recursive":[]},"memory_stats":{"usage":291532800,"max_usage":458534912,"stats":{"hierarchical_memory_limit":9223372036854771712,"pgmajfault":0,"total_rss":182886400,"inactive_file":135168,"inactive_anon":78802944,"total_pgfault":324027,"total_cache":79347712,"total_rss_huge":0,"total_active_anon":183422976,"total_pgmajfault":0,"pgpgin":161271,"rss_huge":0,"mapped_file":0,"total_inactive_file":135168,"dirty":0,"total_unevictable":0,"total_dirty":0,"writeback":0,"pgpgout":97275,"hierarchical_memsw_limit":0,"cache":79347712,"active_file":135168,"pgfault":324027,"total_mapped_file":0,"total_pgpgout":97275,"total_writeback":0,"rss":182886400,"unevictable":0,"total_inactive_anon":78802944,"total_pgpgin":161271,"active_anon":183422976,"total_active_file":135168},"limit":540965302272},"name":"/Missings-GqwlKFSJ","networks":{"eth0":{"rx_bytes":2677626,"rx_packets":332,"tx_packets":336,"tx_bytes":33969,"tx_dropped":0,"rx_dropped":1,"tx_errors":0,"rx_errors":0}},"id":"f6b751fd7691b5d92e40009213a9acfe1be04ea7a82b6368bf52de88d4185541","preread":"0001-01-01T00:00:00Z","storage_stats":{},"precpu_stats":{"throttling_data":{"throttled_periods":0,"throttled_time":0,"periods":0},"cpu_usage":{"usage_in_usermode":0,"usage_in_kernelmode":0,"total_usage":0}},"pids_stats":{"current":44},"num_procs":0,"cpu_stats":{"throttling_data":{"throttled_periods":0,"throttled_time":0,"periods":0},"system_cpu_usage":5912797984522419,"online_cpus":128,"cpu_usage":{"usage_in_usermode":15120000000,"usage_in_kernelmode":2490000000,"total_usage":17557013457,"percpu_usage":[0,0,0,0,0,0,0,0,0,0,0,0,0,0,0,0,0,0,0,0,0,0,0,0,0,0,0,0,0,0,0,0,0,0,0,0,0,0,0,0,0,0,0,0,0,0,17557013457,0,0,0,0,0,0,0,0,0,0,0,0,0,0,0,0,0,0,0,0,0,0,0,0,0,0,0,0,0,0,0,0,0,0,0,0,0,0,0,0,0,0,0,0,0,0,0,0,0,0,0,0,0,0,0,0,0,0,0,0,0,0,0,0,0,0,0,0,0,0,0,0,0,0,0,0,0,0,0,0,0]}},"read":"2021-01-11T21:22:38.436507403Z"}