################################################################################
# PkgEval set-up: 2021-01-11T21:37:41.617
#

Julia Version 1.5.3
Commit 599f52c4c6 (2020-12-18 13:33 UTC)
Platform Info:
  OS: Linux (x86_64-linux-gnu)
  CPU: AMD EPYC 7502 32-Core Processor
  WORD_SIZE: 64
  LIBM: libopenlibm
  LLVM: libLLVM-9.0.1 (ORCJIT, znver2)
Environment:
  JULIA_PKG_PRECOMPILE_AUTO = 0
  JULIA_PKGEVAL = true

Base.julia_cmd() = `/opt/julia/bin/julia -Cnative -J/opt/julia/lib/julia/sys.so -g1`


################################################################################
# Installation: 2021-01-11T21:37:43.403
#

 Installing known registries into `~/.julia`
######################################################################## 100.0%
      Added registry `General` to `~/.julia/registries/General`
  Resolving package versions...
  Installed MixedAnova ─────────────────── v0.3.0
  Installed CompilerSupportLibraries_jll ─ v0.3.4+0
  Installed BitIntegers ────────────────── v0.2.4
  Installed MbedTLS_jll ────────────────── v2.16.8+1
  Installed Lz4_jll ────────────────────── v1.9.2+2
  Installed Zlib_jll ───────────────────── v1.2.11+18
  Installed JSONSchema ─────────────────── v0.3.3
  Installed Reexport ───────────────────── v0.2.0
  Installed TimeZones ──────────────────── v1.5.3
  Installed Rmath_jll ──────────────────── v0.2.2+1
  Installed Rmath ──────────────────────── v0.6.1
  Installed TableTraits ────────────────── v1.0.0
  Installed CodecLz4 ───────────────────── v0.4.0
  Installed CategoricalArrays ──────────── v0.9.0
  Installed MathProgBase ───────────────── v0.7.8
  Installed Mocking ────────────────────── v0.7.1
  Installed Vcov ───────────────────────── v0.4.0
  Installed TranscodingStreams ─────────── v0.9.5
  Installed StatsBase ──────────────────── v0.33.2
  Installed FillArrays ─────────────────── v0.10.2
  Installed Tables ─────────────────────── v1.2.2
  Installed DataStructures ─────────────── v0.18.8
  Installed DataFrames ─────────────────── v0.22.2
  Installed Zstd_jll ───────────────────── v1.4.5+2
  Installed Combinatorics ──────────────── v1.0.2
  Installed Requires ───────────────────── v1.1.2
  Installed Libiconv_jll ───────────────── v1.16.0+7
  Installed MbedTLS ────────────────────── v1.0.3
  Installed DataAPI ────────────────────── v1.4.0
  Installed EzXML ──────────────────────── v1.1.0
  Installed QuadGK ─────────────────────── v2.4.1
  Installed Bzip2_jll ──────────────────── v1.0.6+5
  Installed FixedEffects ───────────────── v2.0.0
  Installed HTTP ───────────────────────── v0.9.2
  Installed Roots ──────────────────────── v1.0.7
  Installed ArrayLayouts ───────────────── v0.4.12
  Installed BenchmarkTools ─────────────── v0.5.0
  Installed XML2_jll ───────────────────── v2.9.10+3
  Installed InvertedIndices ────────────── v1.0.0
  Installed OrderedCollections ─────────── v1.3.2
  Installed HypothesisTests ────────────── v0.10.2
  Installed StaticArrays ───────────────── v1.0.1
  Installed DataValueInterfaces ────────── v1.0.0
  Installed Arrow ──────────────────────── v1.1.0
  Installed MathOptInterface ───────────── v0.9.19
  Installed ShiftedArrays ──────────────── v1.0.0
  Installed RecipesBase ────────────────── v1.1.1
  Installed CodecZlib ──────────────────── v0.7.0
  Installed Missings ───────────────────── v0.4.4
  Installed PooledArrays ───────────────── v0.5.3
  Installed JLLWrappers ────────────────── v1.2.0
  Installed JSON ───────────────────────── v0.21.1
  Installed NLopt_jll ──────────────────── v2.7.0+0
  Installed ZipFile ────────────────────── v0.9.3
  Installed StructTypes ────────────────── v1.2.1
  Installed FixedEffectModels ──────────── v1.3.1
  Installed PDMats ─────────────────────── v0.10.1
  Installed PrettyTables ───────────────── v0.10.1
  Installed Distributions ──────────────── v0.24.10
  Installed MutableArithmetics ─────────── v0.2.13
  Installed Crayons ────────────────────── v4.0.4
  Installed CodecZstd ──────────────────── v0.7.0
  Installed StatsFuns ──────────────────── v0.9.6
  Installed ExprTools ──────────────────── v0.1.3
  Installed URIs ───────────────────────── v1.1.0
  Installed Formatting ─────────────────── v0.4.2
  Installed NLopt ──────────────────────── v0.6.2
  Installed StatsModels ────────────────── v0.6.18
  Installed IteratorInterfaceExtensions ── v1.0.0
  Installed SpecialFunctions ───────────── v0.10.3
  Installed SortingAlgorithms ──────────── v0.3.1
  Installed CodecBzip2 ─────────────────── v0.7.2
  Installed GLM ────────────────────────── v1.3.11
  Installed ProgressMeter ──────────────── v1.4.1
  Installed OpenSpecFun_jll ────────────── v0.5.3+4
  Installed Compat ─────────────────────── v3.25.0
  Installed BlockArrays ────────────────── v0.13.0
  Installed MixedModels ────────────────── v3.1.4
  Installed SentinelArrays ─────────────── v1.2.16
  Installed Parsers ────────────────────── v1.0.15
  Installed IniFile ────────────────────── v0.5.0
  Installed Artifacts ──────────────────── v1.3.0
Updating `~/.julia/environments/v1.5/Project.toml`
  [72e9ff3b] + MixedAnova v0.3.0
Updating `~/.julia/environments/v1.5/Manifest.toml`
  [4c555306] + ArrayLayouts v0.4.12
  [69666777] + Arrow v1.1.0
  [56f22d72] + Artifacts v1.3.0
  [6e4b80f9] + BenchmarkTools v0.5.0
  [c3b6d118] + BitIntegers v0.2.4
  [8e7c35d0] + BlockArrays v0.13.0
  [6e34b625] + Bzip2_jll v1.0.6+5
  [324d7699] + CategoricalArrays v0.9.0
  [523fee87] + CodecBzip2 v0.7.2
  [5ba52731] + CodecLz4 v0.4.0
  [944b1d66] + CodecZlib v0.7.0
  [6b39b394] + CodecZstd v0.7.0
  [861a8166] + Combinatorics v1.0.2
  [34da2185] + Compat v3.25.0
  [e66e0078] + CompilerSupportLibraries_jll v0.3.4+0
  [a8cc5b0e] + Crayons v4.0.4
  [9a962f9c] + DataAPI v1.4.0
  [a93c6f00] + DataFrames v0.22.2
  [864edb3b] + DataStructures v0.18.8
  [e2d170a0] + DataValueInterfaces v1.0.0
  [31c24e10] + Distributions v0.24.10
  [e2ba6199] + ExprTools v0.1.3
  [8f5d6c58] + EzXML v1.1.0
  [1a297f60] + FillArrays v0.10.2
  [9d5cd8c9] + FixedEffectModels v1.3.1
  [c8885935] + FixedEffects v2.0.0
  [59287772] + Formatting v0.4.2
  [38e38edf] + GLM v1.3.11
  [cd3eb016] + HTTP v0.9.2
  [09f84164] + HypothesisTests v0.10.2
  [83e8ac13] + IniFile v0.5.0
  [41ab1584] + InvertedIndices v1.0.0
  [82899510] + IteratorInterfaceExtensions v1.0.0
  [692b3bcd] + JLLWrappers v1.2.0
  [682c06a0] + JSON v0.21.1
  [7d188eb4] + JSONSchema v0.3.3
  [94ce4f54] + Libiconv_jll v1.16.0+7
  [5ced341a] + Lz4_jll v1.9.2+2
  [b8f27783] + MathOptInterface v0.9.19
  [fdba3010] + MathProgBase v0.7.8
  [739be429] + MbedTLS v1.0.3
  [c8ffd9c3] + MbedTLS_jll v2.16.8+1
  [e1d29d7a] + Missings v0.4.4
  [72e9ff3b] + MixedAnova v0.3.0
  [ff71e718] + MixedModels v3.1.4
  [78c3b35d] + Mocking v0.7.1
  [d8a4904e] + MutableArithmetics v0.2.13
  [76087f3c] + NLopt v0.6.2
  [079eb43e] + NLopt_jll v2.7.0+0
  [efe28fd5] + OpenSpecFun_jll v0.5.3+4
  [bac558e1] + OrderedCollections v1.3.2
  [90014a1f] + PDMats v0.10.1
  [69de0a69] + Parsers v1.0.15
  [2dfb63ee] + PooledArrays v0.5.3
  [08abe8d2] + PrettyTables v0.10.1
  [92933f4c] + ProgressMeter v1.4.1
  [1fd47b50] + QuadGK v2.4.1
  [3cdcf5f2] + RecipesBase v1.1.1
  [189a3867] + Reexport v0.2.0
  [ae029012] + Requires v1.1.2
  [79098fc4] + Rmath v0.6.1
  [f50d1b31] + Rmath_jll v0.2.2+1
  [f2b01f46] + Roots v1.0.7
  [91c51154] + SentinelArrays v1.2.16
  [1277b4bf] + ShiftedArrays v1.0.0
  [a2af1166] + SortingAlgorithms v0.3.1
  [276daf66] + SpecialFunctions v0.10.3
  [90137ffa] + StaticArrays v1.0.1
  [2913bbd2] + StatsBase v0.33.2
  [4c63d2b9] + StatsFuns v0.9.6
  [3eaba693] + StatsModels v0.6.18
  [856f2bd8] + StructTypes v1.2.1
  [3783bdb8] + TableTraits v1.0.0
  [bd369af6] + Tables v1.2.2
  [f269a46b] + TimeZones v1.5.3
  [3bb67fe8] + TranscodingStreams v0.9.5
  [5c2747f8] + URIs v1.1.0
  [ec2bfdc2] + Vcov v0.4.0
  [02c8fc9c] + XML2_jll v2.9.10+3
  [a5390f91] + ZipFile v0.9.3
  [83775a58] + Zlib_jll v1.2.11+18
  [3161d3a3] + Zstd_jll v1.4.5+2
  [2a0f44e3] + Base64
  [ade2ca70] + Dates
  [8bb1440f] + DelimitedFiles
  [8ba89e20] + Distributed
  [9fa8497b] + Future
  [b77e0a4c] + InteractiveUtils
  [76f85450] + LibGit2
  [8f399da3] + Libdl
  [37e2e46d] + LinearAlgebra
  [56ddb016] + Logging
  [d6f4376e] + Markdown
  [a63ad114] + Mmap
  [44cfe95a] + Pkg
  [de0858da] + Printf
  [3fa0cd96] + REPL
  [9a3f8284] + Random
  [ea8e919c] + SHA
  [9e88b42a] + Serialization
  [1a1011a3] + SharedArrays
  [6462fe0b] + Sockets
  [2f01184e] + SparseArrays
  [10745b16] + Statistics
  [4607b0f0] + SuiteSparse
  [8dfed614] + Test
  [cf7118a7] + UUIDs
  [4ec0a83e] + Unicode
   Building TimeZones → `~/.julia/packages/TimeZones/K98G0/deps/build.log`


################################################################################
# Testing: 2021-01-11T21:38:02.293
#

    Testing MixedAnova
Status `/tmp/jl_szrHRS/Project.toml`
  [336ed68f] CSV v0.8.2
  [a93c6f00] DataFrames v0.22.2
  [31c24e10] Distributions v0.24.10
  [9d5cd8c9] FixedEffectModels v1.3.1
  [38e38edf] GLM v1.3.11
  [09f84164] HypothesisTests v0.10.2
  [72e9ff3b] MixedAnova v0.3.0
  [ff71e718] MixedModels v3.1.4
  [ce6b1742] RDatasets v0.7.3
  [189a3867] Reexport v0.2.0
  [2913bbd2] StatsBase v0.33.2
  [3eaba693] StatsModels v0.6.18
  [bd369af6] Tables v1.2.2
  [37e2e46d] LinearAlgebra
  [44cfe95a] Pkg
  [de0858da] Printf
  [10745b16] Statistics
  [8dfed614] Test
Status `/tmp/jl_szrHRS/Manifest.toml`
  [4c555306] ArrayLayouts v0.4.12
  [69666777] Arrow v1.1.0
  [56f22d72] Artifacts v1.3.0
  [6e4b80f9] BenchmarkTools v0.5.0
  [c3b6d118] BitIntegers v0.2.4
  [8e7c35d0] BlockArrays v0.13.0
  [6e34b625] Bzip2_jll v1.0.6+5
  [336ed68f] CSV v0.8.2
  [324d7699] CategoricalArrays v0.9.0
  [523fee87] CodecBzip2 v0.7.2
  [5ba52731] CodecLz4 v0.4.0
  [944b1d66] CodecZlib v0.7.0
  [6b39b394] CodecZstd v0.7.0
  [861a8166] Combinatorics v1.0.2
  [34da2185] Compat v3.25.0
  [e66e0078] CompilerSupportLibraries_jll v0.3.4+0
  [a8cc5b0e] Crayons v4.0.4
  [9a962f9c] DataAPI v1.4.0
  [a93c6f00] DataFrames v0.22.2
  [864edb3b] DataStructures v0.18.8
  [e2d170a0] DataValueInterfaces v1.0.0
  [31c24e10] Distributions v0.24.10
  [e2ba6199] ExprTools v0.1.3
  [8f5d6c58] EzXML v1.1.0
  [5789e2e9] FileIO v1.4.5
  [1a297f60] FillArrays v0.10.2
  [9d5cd8c9] FixedEffectModels v1.3.1
  [c8885935] FixedEffects v2.0.0
  [59287772] Formatting v0.4.2
  [38e38edf] GLM v1.3.11
  [cd3eb016] HTTP v0.9.2
  [09f84164] HypothesisTests v0.10.2
  [83e8ac13] IniFile v0.5.0
  [41ab1584] InvertedIndices v1.0.0
  [82899510] IteratorInterfaceExtensions v1.0.0
  [692b3bcd] JLLWrappers v1.2.0
  [682c06a0] JSON v0.21.1
  [7d188eb4] JSONSchema v0.3.3
  [94ce4f54] Libiconv_jll v1.16.0+7
  [5ced341a] Lz4_jll v1.9.2+2
  [b8f27783] MathOptInterface v0.9.19
  [fdba3010] MathProgBase v0.7.8
  [739be429] MbedTLS v1.0.3
  [c8ffd9c3] MbedTLS_jll v2.16.8+1
  [e1d29d7a] Missings v0.4.4
  [72e9ff3b] MixedAnova v0.3.0
  [ff71e718] MixedModels v3.1.4
  [78c3b35d] Mocking v0.7.1
  [d8a4904e] MutableArithmetics v0.2.13
  [76087f3c] NLopt v0.6.2
  [079eb43e] NLopt_jll v2.7.0+0
  [efe28fd5] OpenSpecFun_jll v0.5.3+4
  [bac558e1] OrderedCollections v1.3.2
  [90014a1f] PDMats v0.10.1
  [69de0a69] Parsers v1.0.15
  [2dfb63ee] PooledArrays v0.5.3
  [08abe8d2] PrettyTables v0.10.1
  [92933f4c] ProgressMeter v1.4.1
  [1fd47b50] QuadGK v2.4.1
  [df47a6cb] RData v0.7.3
  [ce6b1742] RDatasets v0.7.3
  [3cdcf5f2] RecipesBase v1.1.1
  [189a3867] Reexport v0.2.0
  [ae029012] Requires v1.1.2
  [79098fc4] Rmath v0.6.1
  [f50d1b31] Rmath_jll v0.2.2+1
  [f2b01f46] Roots v1.0.7
  [91c51154] SentinelArrays v1.2.16
  [1277b4bf] ShiftedArrays v1.0.0
  [a2af1166] SortingAlgorithms v0.3.1
  [276daf66] SpecialFunctions v0.10.3
  [90137ffa] StaticArrays v1.0.1
  [2913bbd2] StatsBase v0.33.2
  [4c63d2b9] StatsFuns v0.9.6
  [3eaba693] StatsModels v0.6.18
  [856f2bd8] StructTypes v1.2.1
  [3783bdb8] TableTraits v1.0.0
  [bd369af6] Tables v1.2.2
  [f269a46b] TimeZones v1.5.3
  [3bb67fe8] TranscodingStreams v0.9.5
  [5c2747f8] URIs v1.1.0
  [ec2bfdc2] Vcov v0.4.0
  [02c8fc9c] XML2_jll v2.9.10+3
  [a5390f91] ZipFile v0.9.3
  [83775a58] Zlib_jll v1.2.11+18
  [3161d3a3] Zstd_jll v1.4.5+2
  [2a0f44e3] Base64
  [ade2ca70] Dates
  [8bb1440f] DelimitedFiles
  [8ba89e20] Distributed
  [9fa8497b] Future
  [b77e0a4c] InteractiveUtils
  [76f85450] LibGit2
  [8f399da3] Libdl
  [37e2e46d] LinearAlgebra
  [56ddb016] Logging
  [d6f4376e] Markdown
  [a63ad114] Mmap
  [44cfe95a] Pkg
  [de0858da] Printf
  [3fa0cd96] REPL
  [9a3f8284] Random
  [ea8e919c] SHA
  [9e88b42a] Serialization
  [1a1011a3] SharedArrays
  [6462fe0b] Sockets
  [2f01184e] SparseArrays
  [10745b16] Statistics
  [4607b0f0] SuiteSparse
  [8dfed614] Test
  [cf7118a7] UUIDs
  [4ec0a83e] Unicode
┌ Warning: Replacing docs for `MixedAnova.canonicalgoodnessoffit :: Tuple{Union{Bernoulli, Binomial, Poisson}}` in module `MixedAnova`
└ @ Base.Docs docs/Docs.jl:227
Test Summary: | Pass  Total
LinearModel   |    9      9
Test Summary:                      | Pass  Total
LinearModel with frequency weights |    4      4
┌ Warning: F test can only be appplied to a single linear mixed-effects model
└ @ MixedAnova ~/.julia/packages/MixedAnova/32Gpk/src/MixedModels/anova.jl:120
┌ Warning: fit all submodels
└ @ MixedAnova ~/.julia/packages/MixedAnova/32Gpk/src/MixedModels/anova.jl:97
┌ Warning: The default r² method for linear models is deprecated. Packages should define their own methods.
│   caller = _broadcast_getindex_evalf at broadcast.jl:648 [inlined]
└ @ Core ./broadcast.jl:648
Test Summary:    | Pass  Total
LinearMixedModel |    8      8
┌ Warning: fit all submodels
└ @ MixedAnova ~/.julia/packages/MixedAnova/32Gpk/src/GLM/anova.jl:303
┌ Warning: fit all submodels
└ @ MixedAnova ~/.julia/packages/MixedAnova/32Gpk/src/GLM/anova.jl:165
┌ Warning: The default r² method for linear models is deprecated. Packages should define their own methods.
│   caller = r2(::StatsModels.TableRegressionModel{GeneralizedLinearModel{GLM.GlmResp{Array{Float64,1},Poisson{Float64},LogLink},GLM.DensePredChol{Float64,LinearAlgebra.Cholesky{Float64,Array{Float64,2}}}},Array{Float64,2}}) at statsmodel.jl:129
└ @ StatsModels ~/.julia/packages/StatsModels/Oreif/src/statsmodel.jl:129
┌ Warning: The default r² method for linear models is deprecated. Packages should define their own methods.
│   caller = r2(::StatsModels.TableRegressionModel{GeneralizedLinearModel{GLM.GlmResp{Array{Float64,1},Binomial{Float64},ProbitLink},GLM.DensePredChol{Float64,LinearAlgebra.Cholesky{Float64,Array{Float64,2}}}},Array{Float64,2}}) at statsmodel.jl:129
└ @ StatsModels ~/.julia/packages/StatsModels/Oreif/src/statsmodel.jl:129
┌ Warning: The default r² method for linear models is deprecated. Packages should define their own methods.
│   caller = r2(::StatsModels.TableRegressionModel{GeneralizedLinearModel{GLM.GlmResp{Array{Float64,1},InverseGaussian{Float64},InverseSquareLink},GLM.DensePredChol{Float64,LinearAlgebra.Cholesky{Float64,Array{Float64,2}}}},Array{Float64,2}}) at statsmodel.jl:129
└ @ StatsModels ~/.julia/packages/StatsModels/Oreif/src/statsmodel.jl:129
Test Summary:          | Pass  Total
GeneralizedLinearModel |   34     34
    Testing MixedAnova tests passed 

PkgEval succeeded


################################################################################
# PkgEval teardown: 2021-01-11T21:44:11.973
CPU usage: 389.93s (372.67s user, 17.78s kernel)

Network usage:
- eth0: 29.780 MiB received, 507.040 KiB sent

Raw statistics: {"blkio_stats":{"io_queue_recursive":[],"io_serviced_recursive":[{"major":259,"value":0,"op":"Read","minor":0},{"major":259,"value":28,"op":"Write","minor":0},{"major":259,"value":19,"op":"Sync","minor":0},{"major":259,"value":9,"op":"Async","minor":0},{"major":259,"value":0,"op":"Discard","minor":0},{"major":259,"value":28,"op":"Total","minor":0},{"major":253,"value":0,"op":"Read","minor":2},{"major":253,"value":28,"op":"Write","minor":2},{"major":253,"value":19,"op":"Sync","minor":2},{"major":253,"value":9,"op":"Async","minor":2},{"major":253,"value":0,"op":"Discard","minor":2},{"major":253,"value":28,"op":"Total","minor":2}],"io_time_recursive":[],"sectors_recursive":[],"io_service_bytes_recursive":[{"major":259,"value":0,"op":"Read","minor":0},{"major":259,"value":176128,"op":"Write","minor":0},{"major":259,"value":106496,"op":"Sync","minor":0},{"major":259,"value":69632,"op":"Async","minor":0},{"major":259,"value":0,"op":"Discard","minor":0},{"major":259,"value":176128,"op":"Total","minor":0},{"major":253,"value":0,"op":"Read","minor":2},{"major":253,"value":176128,"op":"Write","minor":2},{"major":253,"value":106496,"op":"Sync","minor":2},{"major":253,"value":69632,"op":"Async","minor":2},{"major":253,"value":0,"op":"Discard","minor":2},{"major":253,"value":176128,"op":"Total","minor":2}],"io_wait_time_recursive":[],"io_merged_recursive":[],"io_service_time_recursive":[]},"memory_stats":{"usage":504700928,"max_usage":1946267648,"stats":{"hierarchical_memory_limit":9223372036854771712,"pgmajfault":0,"total_rss":258039808,"inactive_file":135168,"inactive_anon":153010176,"total_pgfault":7755363,"total_cache":209346560,"total_rss_huge":0,"total_active_anon":314265600,"total_pgmajfault":0,"pgpgin":4977687,"rss_huge":0,"mapped_file":0,"total_inactive_file":135168,"dirty":135168,"total_unevictable":0,"total_dirty":135168,"writeback":0,"pgpgout":4863576,"hierarchical_memsw_limit":0,"cache":209346560,"active_file":270336,"pgfault":7755363,"total_mapped_file":0,"total_pgpgout":4863576,"total_writeback":0,"rss":258039808,"unevictable":0,"total_inactive_anon":153010176,"total_pgpgin":4977687,"active_anon":314265600,"total_active_file":270336},"limit":540965302272},"name":"/MixedAnova-aI0gSOvE","networks":{"eth0":{"rx_bytes":31227064,"rx_packets":4536,"tx_packets":4608,"tx_bytes":519209,"tx_dropped":0,"rx_dropped":13,"tx_errors":0,"rx_errors":0}},"id":"a73944441af9ef60e64c2cd004878da9619a0b1026ebae688f1be434ac68d252","preread":"0001-01-01T00:00:00Z","storage_stats":{},"precpu_stats":{"throttling_data":{"throttled_periods":0,"throttled_time":0,"periods":0},"cpu_usage":{"usage_in_usermode":0,"usage_in_kernelmode":0,"total_usage":0}},"pids_stats":{"current":40},"num_procs":0,"cpu_stats":{"throttling_data":{"throttled_periods":0,"throttled_time":0,"periods":0},"system_cpu_usage":6078016514522419,"online_cpus":128,"cpu_usage":{"usage_in_usermode":372670000000,"usage_in_kernelmode":17780000000,"total_usage":389929754014,"percpu_usage":[0,0,0,0,0,0,0,0,0,0,0,0,0,0,0,0,0,0,0,0,0,0,0,0,0,0,0,0,0,389929425834,0,0,0,0,0,0,0,0,0,0,0,0,0,0,0,0,0,0,0,0,0,0,0,0,0,0,0,0,0,0,0,0,0,0,0,0,0,0,0,0,0,0,0,0,0,0,0,0,0,0,0,0,0,0,0,0,0,0,0,0,0,0,2510,0,0,325670,0,0,0,0,0,0,0,0,0,0,0,0,0,0,0,0,0,0,0,0,0,0,0,0,0,0,0,0,0,0,0,0]}},"read":"2021-01-11T21:44:12.122666912Z"}