################################################################################
# PackageCompiler set-up: 2021-01-11T15:32:59.387
#

Julia Version 1.5.3
Commit 599f52c4c6 (2020-12-18 13:33 UTC)
Platform Info:
  OS: Linux (x86_64-linux-gnu)
  CPU: AMD EPYC 7502 32-Core Processor
  WORD_SIZE: 64
  LIBM: libopenlibm
  LLVM: libLLVM-9.0.1 (ORCJIT, znver2)
Environment:
  JULIA_PKGEVAL = true
  JULIA_PKG_PRECOMPILE_AUTO = 0



################################################################################
# Installation: 2021-01-11T15:33:01.114
#

 Installing known registries into `~/.julia`
######################################################################## 100.0%
      Added registry `General` to `~/.julia/registries/General`
  Resolving package versions...
  Installed MacroTools ────── v0.5.6
  Installed Mjolnir ───────── v0.2.1
  Installed IRTools ───────── v0.4.2
  Installed PackageCompiler ─ v1.2.5
Updating `~/.julia/environments/v1.5/Project.toml`
  [1154507a] + Mjolnir v0.2.1
  [9b87118b] + PackageCompiler v1.2.5
Updating `~/.julia/environments/v1.5/Manifest.toml`
  [7869d1d1] + IRTools v0.4.2
  [1914dd2f] + MacroTools v0.5.6
  [1154507a] + Mjolnir v0.2.1
  [9b87118b] + PackageCompiler v1.2.5
  [2a0f44e3] + Base64
  [ade2ca70] + Dates
  [8ba89e20] + Distributed
  [b77e0a4c] + InteractiveUtils
  [76f85450] + LibGit2
  [8f399da3] + Libdl
  [56ddb016] + Logging
  [d6f4376e] + Markdown
  [44cfe95a] + Pkg
  [de0858da] + Printf
  [3fa0cd96] + REPL
  [9a3f8284] + Random
  [ea8e919c] + SHA
  [9e88b42a] + Serialization
  [6462fe0b] + Sockets
  [8dfed614] + Test
  [cf7118a7] + UUIDs
  [4ec0a83e] + Unicode


################################################################################
# Compiling: 2021-01-11T15:33:06.736
#

[ Info: PackageCompiler: creating system image object file, this might take a while...
Generated system image is 150.838 MiB, compilation took 173 seconds


################################################################################
# PkgEval set-up: 2021-01-11T15:36:06.914
#

Julia Version 1.5.3
Commit 599f52c4c6 (2020-12-18 13:33 UTC)
Platform Info:
  OS: Linux (x86_64-linux-gnu)
  CPU: AMD EPYC 7502 32-Core Processor
  WORD_SIZE: 64
  LIBM: libopenlibm
  LLVM: libLLVM-9.0.1 (ORCJIT, znver2)
Environment:
  JULIA_PKGEVAL = true
  JULIA_PKG_PRECOMPILE_AUTO = 0

Base.julia_cmd() = `/usr/local/julia/bin/julia -Cnative -J/cache/Mjolnir-sf34FUWk.so -g1`


################################################################################
# Installation: 2021-01-11T15:36:08.773
#

 Installing known registries into `~/.julia`
#############                                                             18.9%######################################################################## 100.0%
      Added registry `General` to `~/.julia/registries/General`
  Resolving package versions...
  Installed MacroTools ─ v0.5.6
  Installed Mjolnir ──── v0.2.1
  Installed IRTools ──── v0.4.2
Updating `~/.julia/environments/v1.5/Project.toml`
  [1154507a] + Mjolnir v0.2.1
Updating `~/.julia/environments/v1.5/Manifest.toml`
  [7869d1d1] + IRTools v0.4.2
  [1914dd2f] + MacroTools v0.5.6
  [1154507a] + Mjolnir v0.2.1
  [2a0f44e3] + Base64
  [8ba89e20] + Distributed
  [b77e0a4c] + InteractiveUtils
  [56ddb016] + Logging
  [d6f4376e] + Markdown
  [9a3f8284] + Random
  [9e88b42a] + Serialization
  [6462fe0b] + Sockets
  [8dfed614] + Test


################################################################################
# Testing: 2021-01-11T15:36:13.192
#

    Testing Mjolnir
Status `/tmp/jl_T3Yyxa/Project.toml`
  [7869d1d1] IRTools v0.4.2
  [1914dd2f] MacroTools v0.5.6
  [1154507a] Mjolnir v0.2.1
  [8dfed614] Test
Status `/tmp/jl_T3Yyxa/Manifest.toml`
  [7869d1d1] IRTools v0.4.2
  [1914dd2f] MacroTools v0.5.6
  [1154507a] Mjolnir v0.2.1
  [2a0f44e3] Base64
  [8ba89e20] Distributed
  [b77e0a4c] InteractiveUtils
  [56ddb016] Logging
  [d6f4376e] Markdown
  [9a3f8284] Random
  [9e88b42a] Serialization
  [6462fe0b] Sockets
  [8dfed614] Test
Test Summary: | Pass  Total
Mjolnir       |   36     36
    Testing Mjolnir tests passed 

PkgEval succeeded


################################################################################
# PkgEval teardown: 2021-01-11T15:37:07.966
CPU usage: 61.15s (58.61s user, 2.63s kernel)

Network usage:
- eth0: 2.634 MiB received, 42.081 KiB sent

Raw statistics: {"blkio_stats":{"io_queue_recursive":[],"io_serviced_recursive":[{"major":259,"value":1,"op":"Read","minor":0},{"major":259,"value":19,"op":"Write","minor":0},{"major":259,"value":15,"op":"Sync","minor":0},{"major":259,"value":5,"op":"Async","minor":0},{"major":259,"value":0,"op":"Discard","minor":0},{"major":259,"value":20,"op":"Total","minor":0},{"major":253,"value":1,"op":"Read","minor":2},{"major":253,"value":19,"op":"Write","minor":2},{"major":253,"value":15,"op":"Sync","minor":2},{"major":253,"value":5,"op":"Async","minor":2},{"major":253,"value":0,"op":"Discard","minor":2},{"major":253,"value":20,"op":"Total","minor":2}],"io_time_recursive":[],"sectors_recursive":[],"io_service_bytes_recursive":[{"major":259,"value":4096,"op":"Read","minor":0},{"major":259,"value":77824,"op":"Write","minor":0},{"major":259,"value":61440,"op":"Sync","minor":0},{"major":259,"value":20480,"op":"Async","minor":0},{"major":259,"value":0,"op":"Discard","minor":0},{"major":259,"value":81920,"op":"Total","minor":0},{"major":253,"value":4096,"op":"Read","minor":2},{"major":253,"value":77824,"op":"Write","minor":2},{"major":253,"value":61440,"op":"Sync","minor":2},{"major":253,"value":20480,"op":"Async","minor":2},{"major":253,"value":0,"op":"Discard","minor":2},{"major":253,"value":81920,"op":"Total","minor":2}],"io_wait_time_recursive":[],"io_merged_recursive":[],"io_service_time_recursive":[]},"memory_stats":{"usage":314155008,"max_usage":577380352,"stats":{"hierarchical_memory_limit":9223372036854771712,"pgmajfault":0,"total_rss":186568704,"inactive_file":135168,"inactive_anon":78938112,"total_pgfault":538230,"total_cache":95944704,"total_rss_huge":0,"total_active_anon":187207680,"total_pgmajfault":0,"pgpgin":193116,"rss_huge":0,"mapped_file":0,"total_inactive_file":135168,"dirty":540672,"total_unevictable":0,"total_dirty":540672,"writeback":0,"pgpgout":124153,"hierarchical_memsw_limit":0,"cache":95944704,"active_file":16355328,"pgfault":538230,"total_mapped_file":0,"total_pgpgout":124153,"total_writeback":0,"rss":186568704,"unevictable":0,"total_inactive_anon":78938112,"total_pgpgin":193116,"active_anon":187207680,"total_active_file":16355328},"limit":540965302272},"name":"/Mjolnir-GEXnma4g","networks":{"eth0":{"rx_bytes":2761479,"rx_packets":465,"tx_packets":437,"tx_bytes":43091,"tx_dropped":0,"rx_dropped":3,"tx_errors":0,"rx_errors":0}},"id":"b986adfd848ddec689a0903e871f37143b7891c59eebc970c9a90ab318cd8e65","preread":"0001-01-01T00:00:00Z","storage_stats":{},"precpu_stats":{"throttling_data":{"throttled_periods":0,"throttled_time":0,"periods":0},"cpu_usage":{"usage_in_usermode":0,"usage_in_kernelmode":0,"total_usage":0}},"pids_stats":{"current":44},"num_procs":0,"cpu_stats":{"throttling_data":{"throttled_periods":0,"throttled_time":0,"periods":0},"system_cpu_usage":3263656874522419,"online_cpus":128,"cpu_usage":{"usage_in_usermode":58610000000,"usage_in_kernelmode":2630000000,"total_usage":61149740562,"percpu_usage":[0,0,0,0,0,0,0,0,0,0,0,0,0,0,0,0,0,0,0,0,0,0,0,0,0,0,0,0,0,61149027601,0,0,0,0,0,0,0,0,0,0,0,0,0,0,0,0,0,0,0,0,0,0,0,0,0,0,0,0,0,0,0,0,0,0,0,0,0,0,0,0,0,0,0,0,0,0,0,0,0,0,0,0,0,0,0,0,0,0,0,0,0,0,0,0,0,0,0,0,0,0,0,0,0,0,0,0,0,0,0,0,0,0,0,0,0,0,0,0,0,0,0,0,0,0,0,0,712961,0]}},"read":"2021-01-11T15:37:08.846722594Z"}