################################################################################
# PkgEval set-up: 2021-01-11T17:59:54.479
#

Julia Version 1.5.3
Commit 599f52c4c6 (2020-12-18 13:33 UTC)
Platform Info:
  OS: Linux (x86_64-linux-gnu)
  CPU: AMD EPYC 7502 32-Core Processor
  WORD_SIZE: 64
  LIBM: libopenlibm
  LLVM: libLLVM-9.0.1 (ORCJIT, znver2)
Environment:
  JULIA_PKG_PRECOMPILE_AUTO = 0
  JULIA_PKGEVAL = true

Base.julia_cmd() = `/opt/julia/bin/julia -Cnative -J/opt/julia/lib/julia/sys.so -g1`


################################################################################
# Installation: 2021-01-11T17:59:56.264
#

 Installing known registries into `~/.julia`
######################################################################## 100.0%
      Added registry `General` to `~/.julia/registries/General`
  Resolving package versions...
  Installed MKL_jll ───────── v2021.1.1+0
  Installed MKLSparse ─────── v1.1.0
  Installed Artifacts ─────── v1.3.0
  Installed JLLWrappers ───── v1.2.0
  Installed IntelOpenMP_jll ─ v2018.0.3+0
Updating `~/.julia/environments/v1.5/Project.toml`
  [0c723cd3] + MKLSparse v1.1.0
Updating `~/.julia/environments/v1.5/Manifest.toml`
  [56f22d72] + Artifacts v1.3.0
  [1d5cc7b8] + IntelOpenMP_jll v2018.0.3+0
  [692b3bcd] + JLLWrappers v1.2.0
  [0c723cd3] + MKLSparse v1.1.0
  [856f044c] + MKL_jll v2021.1.1+0
  [2a0f44e3] + Base64
  [ade2ca70] + Dates
  [b77e0a4c] + InteractiveUtils
  [76f85450] + LibGit2
  [8f399da3] + Libdl
  [37e2e46d] + LinearAlgebra
  [56ddb016] + Logging
  [d6f4376e] + Markdown
  [44cfe95a] + Pkg
  [de0858da] + Printf
  [3fa0cd96] + REPL
  [9a3f8284] + Random
  [ea8e919c] + SHA
  [9e88b42a] + Serialization
  [6462fe0b] + Sockets
  [2f01184e] + SparseArrays
  [cf7118a7] + UUIDs
  [4ec0a83e] + Unicode


################################################################################
# Testing: 2021-01-11T18:00:01.044
#

    Testing MKLSparse
Status `/tmp/jl_OReAiU/Project.toml`
  [0c723cd3] MKLSparse v1.1.0
  [856f044c] MKL_jll v2021.1.1+0
  [37e2e46d] LinearAlgebra
  [2f01184e] SparseArrays
  [8dfed614] Test
Status `/tmp/jl_OReAiU/Manifest.toml`
  [56f22d72] Artifacts v1.3.0
  [1d5cc7b8] IntelOpenMP_jll v2018.0.3+0
  [692b3bcd] JLLWrappers v1.2.0
  [0c723cd3] MKLSparse v1.1.0
  [856f044c] MKL_jll v2021.1.1+0
  [2a0f44e3] Base64
  [ade2ca70] Dates
  [8ba89e20] Distributed
  [b77e0a4c] InteractiveUtils
  [76f85450] LibGit2
  [8f399da3] Libdl
  [37e2e46d] LinearAlgebra
  [56ddb016] Logging
  [d6f4376e] Markdown
  [44cfe95a] Pkg
  [de0858da] Printf
  [3fa0cd96] REPL
  [9a3f8284] Random
  [ea8e919c] SHA
  [9e88b42a] Serialization
  [6462fe0b] Sockets
  [2f01184e] SparseArrays
  [8dfed614] Test
  [cf7118a7] UUIDs
  [4ec0a83e] Unicode
Test Summary:                             | Pass  Total
matrix-vector multiplication (non-square) |   60     60
Test Summary:                        | Pass  Total
complex matrix-vector multiplication |  145    145
Test Summary: | Pass  Total
triangular    |   18     18
    Testing MKLSparse tests passed 

PkgEval succeeded


################################################################################
# PkgEval teardown: 2021-01-11T18:00:23.36
CPU usage: 28.95s (25.66s user, 3.36s kernel)

Network usage:
- eth0: 2.603 MiB received, 45.504 KiB sent

Raw statistics: {"blkio_stats":{"io_queue_recursive":[],"io_serviced_recursive":[{"major":259,"value":0,"op":"Read","minor":0},{"major":259,"value":24,"op":"Write","minor":0},{"major":259,"value":19,"op":"Sync","minor":0},{"major":259,"value":5,"op":"Async","minor":0},{"major":259,"value":0,"op":"Discard","minor":0},{"major":259,"value":24,"op":"Total","minor":0},{"major":253,"value":0,"op":"Read","minor":2},{"major":253,"value":24,"op":"Write","minor":2},{"major":253,"value":19,"op":"Sync","minor":2},{"major":253,"value":5,"op":"Async","minor":2},{"major":253,"value":0,"op":"Discard","minor":2},{"major":253,"value":24,"op":"Total","minor":2}],"io_time_recursive":[],"sectors_recursive":[],"io_service_bytes_recursive":[{"major":259,"value":0,"op":"Read","minor":0},{"major":259,"value":126976,"op":"Write","minor":0},{"major":259,"value":106496,"op":"Sync","minor":0},{"major":259,"value":20480,"op":"Async","minor":0},{"major":259,"value":0,"op":"Discard","minor":0},{"major":259,"value":126976,"op":"Total","minor":0},{"major":253,"value":0,"op":"Read","minor":2},{"major":253,"value":126976,"op":"Write","minor":2},{"major":253,"value":106496,"op":"Sync","minor":2},{"major":253,"value":20480,"op":"Async","minor":2},{"major":253,"value":0,"op":"Discard","minor":2},{"major":253,"value":126976,"op":"Total","minor":2}],"io_wait_time_recursive":[],"io_merged_recursive":[],"io_service_time_recursive":[]},"memory_stats":{"usage":327196672,"max_usage":929558528,"stats":{"hierarchical_memory_limit":9223372036854771712,"pgmajfault":0,"total_rss":216637440,"inactive_file":135168,"inactive_anon":78938112,"total_pgfault":701151,"total_cache":80666624,"total_rss_huge":0,"total_active_anon":218431488,"total_pgmajfault":0,"pgpgin":451803,"rss_huge":0,"mapped_file":0,"total_inactive_file":135168,"dirty":135168,"total_unevictable":0,"total_dirty":135168,"writeback":0,"pgpgout":379188,"hierarchical_memsw_limit":0,"cache":80666624,"active_file":135168,"pgfault":701151,"total_mapped_file":0,"total_pgpgout":379188,"total_writeback":0,"rss":216637440,"unevictable":0,"total_inactive_anon":78938112,"total_pgpgin":451803,"active_anon":218431488,"total_active_file":135168},"limit":540965302272},"name":"/MKLSparse-NpOqlaBW","networks":{"eth0":{"rx_bytes":2728936,"rx_packets":402,"tx_packets":417,"tx_bytes":46596,"tx_dropped":0,"rx_dropped":1,"tx_errors":0,"rx_errors":0}},"id":"206b2e25fd9fdee2edf461b34970b7d6f2292bbb4c1732529f61abc9938126c9","preread":"0001-01-01T00:00:00Z","storage_stats":{},"precpu_stats":{"throttling_data":{"throttled_periods":0,"throttled_time":0,"periods":0},"cpu_usage":{"usage_in_usermode":0,"usage_in_kernelmode":0,"total_usage":0}},"pids_stats":{"current":40},"num_procs":0,"cpu_stats":{"throttling_data":{"throttled_periods":0,"throttled_time":0,"periods":0},"system_cpu_usage":4362118844522419,"online_cpus":128,"cpu_usage":{"usage_in_usermode":25660000000,"usage_in_kernelmode":3360000000,"total_usage":28947822010,"percpu_usage":[28945442899,0,0,0,0,0,0,0,0,0,0,0,0,0,0,0,0,0,0,0,0,0,0,0,0,0,0,0,0,0,0,0,0,0,0,0,0,0,0,0,0,0,0,0,0,0,0,0,0,0,0,0,0,0,0,0,0,0,0,0,0,0,0,0,4180,0,0,0,0,0,0,0,0,0,0,0,0,0,0,0,0,0,0,0,0,0,0,0,0,0,0,0,0,0,0,0,0,0,0,0,0,0,0,2374931,0,0,0,0,0,0,0,0,0,0,0,0,0,0,0,0,0,0,0,0,0,0,0,0]}},"read":"2021-01-11T18:00:24.334458022Z"}