################################################################################
# PkgEval set-up: 2021-01-11T16:34:47.576
#

Julia Version 1.5.3
Commit 599f52c4c6 (2020-12-18 13:33 UTC)
Platform Info:
  OS: Linux (x86_64-linux-gnu)
  CPU: AMD EPYC 7502 32-Core Processor
  WORD_SIZE: 64
  LIBM: libopenlibm
  LLVM: libLLVM-9.0.1 (ORCJIT, znver2)
Environment:
  JULIA_PKG_PRECOMPILE_AUTO = 0
  JULIA_PKGEVAL = true

Base.julia_cmd() = `/opt/julia/bin/julia -Cnative -J/opt/julia/lib/julia/sys.so -g1`


################################################################################
# Installation: 2021-01-11T16:34:49.373
#

 Installing known registries into `~/.julia`
######################################################################## 100.0%
      Added registry `General` to `~/.julia/registries/General`
  Resolving package versions...
  Installed Reexport ──────────────────── v0.2.0
  Installed MLJScikitLearn ────────────── v0.1.0
  Installed TableTraits ───────────────── v1.0.0
  Installed VersionParsing ────────────── v1.2.0
  Installed DataAPI ───────────────────── v1.4.0
  Installed Tables ────────────────────── v1.2.2
  Installed CategoricalArrays ─────────── v0.9.0
  Installed DataStructures ────────────── v0.18.8
  Installed StatsBase ─────────────────── v0.33.2
  Installed ScikitLearn ───────────────── v0.6.3
  Installed DataFrames ────────────────── v0.22.2
  Installed Parameters ────────────────── v0.12.1
  Installed ScientificTypes ───────────── v0.8.1
  Installed InvertedIndices ───────────── v1.0.0
  Installed DataValueInterfaces ───────── v1.0.0
  Installed IterTools ─────────────────── v1.3.0
  Installed OrderedCollections ────────── v1.3.2
  Installed MLJModelInterface ─────────── v0.2.7
  Installed Missings ──────────────────── v0.4.4
  Installed PooledArrays ──────────────── v0.5.3
  Installed MacroTools ────────────────── v0.5.6
  Installed JSON ──────────────────────── v0.21.1
  Installed ScikitLearnBase ───────────── v0.5.0
  Installed StructTypes ───────────────── v1.2.1
  Installed Crayons ───────────────────── v4.0.4
  Installed Formatting ────────────────── v0.4.2
  Installed Conda ─────────────────────── v1.5.0
  Installed IteratorInterfaceExtensions ─ v1.0.0
  Installed UnPack ────────────────────── v1.0.2
  Installed SortingAlgorithms ─────────── v0.3.1
  Installed Compat ────────────────────── v3.25.0
  Installed PrettyTables ──────────────── v0.10.1
  Installed PyCall ────────────────────── v1.92.2
  Installed Parsers ───────────────────── v1.0.15
Updating `~/.julia/environments/v1.5/Project.toml`
  [8243b59d] + MLJScikitLearn v0.1.0
Updating `~/.julia/environments/v1.5/Manifest.toml`
  [324d7699] + CategoricalArrays v0.9.0
  [34da2185] + Compat v3.25.0
  [8f4d0f93] + Conda v1.5.0
  [a8cc5b0e] + Crayons v4.0.4
  [9a962f9c] + DataAPI v1.4.0
  [a93c6f00] + DataFrames v0.22.2
  [864edb3b] + DataStructures v0.18.8
  [e2d170a0] + DataValueInterfaces v1.0.0
  [59287772] + Formatting v0.4.2
  [41ab1584] + InvertedIndices v1.0.0
  [c8e1da08] + IterTools v1.3.0
  [82899510] + IteratorInterfaceExtensions v1.0.0
  [682c06a0] + JSON v0.21.1
  [e80e1ace] + MLJModelInterface v0.2.7
  [8243b59d] + MLJScikitLearn v0.1.0
  [1914dd2f] + MacroTools v0.5.6
  [e1d29d7a] + Missings v0.4.4
  [bac558e1] + OrderedCollections v1.3.2
  [d96e819e] + Parameters v0.12.1
  [69de0a69] + Parsers v1.0.15
  [2dfb63ee] + PooledArrays v0.5.3
  [08abe8d2] + PrettyTables v0.10.1
  [438e738f] + PyCall v1.92.2
  [189a3867] + Reexport v0.2.0
  [321657f4] + ScientificTypes v0.8.1
  [3646fa90] + ScikitLearn v0.6.3
  [6e75b9c4] + ScikitLearnBase v0.5.0
  [a2af1166] + SortingAlgorithms v0.3.1
  [2913bbd2] + StatsBase v0.33.2
  [856f2bd8] + StructTypes v1.2.1
  [3783bdb8] + TableTraits v1.0.0
  [bd369af6] + Tables v1.2.2
  [3a884ed6] + UnPack v1.0.2
  [81def892] + VersionParsing v1.2.0
  [2a0f44e3] + Base64
  [ade2ca70] + Dates
  [8bb1440f] + DelimitedFiles
  [8ba89e20] + Distributed
  [9fa8497b] + Future
  [b77e0a4c] + InteractiveUtils
  [76f85450] + LibGit2
  [8f399da3] + Libdl
  [37e2e46d] + LinearAlgebra
  [56ddb016] + Logging
  [d6f4376e] + Markdown
  [a63ad114] + Mmap
  [44cfe95a] + Pkg
  [de0858da] + Printf
  [3fa0cd96] + REPL
  [9a3f8284] + Random
  [ea8e919c] + SHA
  [9e88b42a] + Serialization
  [1a1011a3] + SharedArrays
  [6462fe0b] + Sockets
  [2f01184e] + SparseArrays
  [10745b16] + Statistics
  [8dfed614] + Test
  [cf7118a7] + UUIDs
  [4ec0a83e] + Unicode
   Building Conda ─→ `~/.julia/packages/Conda/x5ml4/deps/build.log`
   Building PyCall → `~/.julia/packages/PyCall/tqyST/deps/build.log`


################################################################################
# Testing: 2021-01-11T16:35:29.632
#

    Testing MLJScikitLearn
┌ Error: Pkg.Resolve.ResolverError("Unsatisfiable requirements detected for package MLJModelInterface [e80e1ace]:\n MLJModelInterface [e80e1ace] log:\n ├─possible versions are: [0.1.0-0.1.8, 0.2.0-0.2.7, 0.3.0-0.3.7] or uninstalled\n ├─restricted to versions 0.2.7 by an explicit requirement, leaving only versions 0.2.7\n └─restricted by compatibility requirements with MLJBase [a7f614a8] to versions: 0.3.5-0.3.7 — no versions left\n   └─MLJBase [a7f614a8] log:\n     ├─possible versions are: [0.1.0-0.1.1, 0.2.0-0.2.6, 0.3.0, 0.4.0, 0.5.0, 0.6.0, 0.7.0-0.7.5, 0.8.0-0.8.4, 0.9.0-0.9.2, 0.10.0-0.10.1, 0.11.0-0.11.10, 0.12.0-0.12.8, 0.13.0-0.13.10, 0.14.0-0.14.9, 0.15.0-0.15.7, 0.16.0-0.16.3] or uninstalled\n     ├─restricted to versions * by an explicit requirement, leaving only versions [0.1.0-0.1.1, 0.2.0-0.2.6, 0.3.0, 0.4.0, 0.5.0, 0.6.0, 0.7.0-0.7.5, 0.8.0-0.8.4, 0.9.0-0.9.2, 0.10.0-0.10.1, 0.11.0-0.11.10, 0.12.0-0.12.8, 0.13.0-0.13.10, 0.14.0-0.14.9, 0.15.0-0.15.7, 0.16.0-0.16.3]\n     └─restricted by compatibility requirements with CategoricalArrays [324d7699] to versions: 0.16.0-0.16.3 or uninstalled, leaving only versions: 0.16.0-0.16.3\n       └─CategoricalArrays [324d7699] log:\n         ├─possible versions are: [0.3.11, 0.3.13-0.3.14, 0.4.0, 0.5.0-0.5.5, 0.6.0, 0.7.0-0.7.7, 0.8.0-0.8.3, 0.9.0] or uninstalled\n         └─restricted to versions 0.9.0 by an explicit requirement, leaving only versions 0.9.0", nothing)
└ @ Pkg.Operations /workspace/srcdir/usr/share/julia/stdlib/v1.5/Pkg/src/Operations.jl:1427
Status `/tmp/jl_ew2q4R/Project.toml`
  [a7f614a8] MLJBase v0.13.5
  [e80e1ace] MLJModelInterface v0.2.7
  [8243b59d] MLJScikitLearn v0.1.0
  [438e738f] PyCall v1.92.2
  [3646fa90] ScikitLearn v0.6.3
  [860ef19b] StableRNGs v1.0.0
  [8dfed614] Test
Status `/tmp/jl_ew2q4R/Manifest.toml`
  [56f22d72] Artifacts v1.3.0
  [fbb218c0] BSON v0.2.6
  [b99e7846] BinaryProvider v0.5.10
  [324d7699] CategoricalArrays v0.7.7
  [944b1d66] CodecZlib v0.6.0
  [3da002f7] ColorTypes v0.10.9
  [34da2185] Compat v3.25.0
  [e66e0078] CompilerSupportLibraries_jll v0.3.4+0
  [ed09eef8] ComputationalResources v0.3.2
  [8f4d0f93] Conda v1.5.0
  [a8cc5b0e] Crayons v4.0.4
  [9a962f9c] DataAPI v1.4.0
  [a93c6f00] DataFrames v0.20.2
  [864edb3b] DataStructures v0.18.8
  [e2d170a0] DataValueInterfaces v1.0.0
  [31c24e10] Distributions v0.23.8
  [e2ba6199] ExprTools v0.1.3
  [8f5d6c58] EzXML v1.1.0
  [48062228] FilePathsBase v0.9.6
  [1a297f60] FillArrays v0.8.14
  [53c48c17] FixedPointNumbers v0.8.4
  [59287772] Formatting v0.4.2
  [cd3eb016] HTTP v0.8.19
  [83e8ac13] IniFile v0.5.0
  [41ab1584] InvertedIndices v1.0.0
  [c8e1da08] IterTools v1.3.0
  [82899510] IteratorInterfaceExtensions v1.0.0
  [692b3bcd] JLLWrappers v1.2.0
  [9da8a3cd] JLSO v2.4.0
  [682c06a0] JSON v0.21.1
  [7f8f8fb0] LearnBase v0.4.1
  [94ce4f54] Libiconv_jll v1.16.0+7
  [30fc2ffe] LossFunctions v0.6.2
  [a7f614a8] MLJBase v0.13.5
  [e80e1ace] MLJModelInterface v0.2.7
  [2e2323e0] MLJScientificTypes v0.2.5
  [8243b59d] MLJScikitLearn v0.1.0
  [1914dd2f] MacroTools v0.5.6
  [739be429] MbedTLS v1.0.3
  [c8ffd9c3] MbedTLS_jll v2.16.8+1
  [f28f55f0] Memento v1.1.2
  [e1d29d7a] Missings v0.4.4
  [78c3b35d] Mocking v0.7.1
  [efe28fd5] OpenSpecFun_jll v0.5.3+4
  [bac558e1] OrderedCollections v1.3.2
  [90014a1f] PDMats v0.10.1
  [d96e819e] Parameters v0.12.1
  [69de0a69] Parsers v1.0.15
  [2dfb63ee] PooledArrays v0.5.3
  [08abe8d2] PrettyTables v0.9.1
  [92933f4c] ProgressMeter v1.4.1
  [438e738f] PyCall v1.92.2
  [1fd47b50] QuadGK v2.4.1
  [3cdcf5f2] RecipesBase v1.1.1
  [189a3867] Reexport v0.2.0
  [79098fc4] Rmath v0.6.1
  [f50d1b31] Rmath_jll v0.2.2+1
  [321657f4] ScientificTypes v0.8.1
  [3646fa90] ScikitLearn v0.6.3
  [6e75b9c4] ScikitLearnBase v0.5.0
  [a2af1166] SortingAlgorithms v0.3.1
  [276daf66] SpecialFunctions v0.10.3
  [860ef19b] StableRNGs v1.0.0
  [2913bbd2] StatsBase v0.33.2
  [4c63d2b9] StatsFuns v0.9.6
  [cea106d9] Syslogs v0.3.0
  [3783bdb8] TableTraits v1.0.0
  [bd369af6] Tables v1.2.2
  [f269a46b] TimeZones v1.5.3
  [3bb67fe8] TranscodingStreams v0.9.5
  [3a884ed6] UnPack v1.0.2
  [81def892] VersionParsing v1.2.0
  [02c8fc9c] XML2_jll v2.9.10+3
  [83775a58] Zlib_jll v1.2.11+18
  [2a0f44e3] Base64
  [ade2ca70] Dates
  [8bb1440f] DelimitedFiles
  [8ba89e20] Distributed
  [9fa8497b] Future
  [b77e0a4c] InteractiveUtils
  [76f85450] LibGit2
  [8f399da3] Libdl
  [37e2e46d] LinearAlgebra
  [56ddb016] Logging
  [d6f4376e] Markdown
  [a63ad114] Mmap
  [44cfe95a] Pkg
  [de0858da] Printf
  [3fa0cd96] REPL
  [9a3f8284] Random
  [ea8e919c] SHA
  [9e88b42a] Serialization
  [1a1011a3] SharedArrays
  [6462fe0b] Sockets
  [2f01184e] SparseArrays
  [10745b16] Statistics
  [4607b0f0] SuiteSparse
  [8dfed614] Test
  [cf7118a7] UUIDs
  [4ec0a83e] Unicode
[ Info: Installing sklearn via the Conda scikit-learn package...
[ Info: Running `conda install -q -y scikit-learn` in root environment
Collecting package metadata (current_repodata.json): ...working... done
Solving environment: ...working... done

## Package Plan ##

  environment location: /home/pkgeval/.julia/conda/3

  added / updated specs:
    - scikit-learn


The following packages will be downloaded:

    package                    |            build
    ---------------------------|-----------------
    joblib-1.0.0               |     pyhd3eb1b0_0         208 KB
    libgfortran-ng-7.3.0       |       hdf63c60_0        1006 KB
    scikit-learn-0.23.2        |   py38h0573a6f_0         5.2 MB
    scipy-1.5.2                |   py38h0b6359f_0        14.5 MB
    threadpoolctl-2.1.0        |     pyh5ca1d4c_0          17 KB
    ------------------------------------------------------------
                                           Total:        20.8 MB

The following NEW packages will be INSTALLED:

  joblib             pkgs/main/noarch::joblib-1.0.0-pyhd3eb1b0_0
  libgfortran-ng     pkgs/main/linux-64::libgfortran-ng-7.3.0-hdf63c60_0
  scikit-learn       pkgs/main/linux-64::scikit-learn-0.23.2-py38h0573a6f_0
  scipy              pkgs/main/linux-64::scipy-1.5.2-py38h0b6359f_0
  threadpoolctl      pkgs/main/noarch::threadpoolctl-2.1.0-pyh5ca1d4c_0


Preparing transaction: ...working... done
Verifying transaction: ...working... done
Executing transaction: ...working... done
Test Summary: | Pass  Total
reg-mdl       |    7      7
Test Summary: | Pass  Total
clf-mdl       |    7      7
linear-regressors
Test Summary: | Pass  Total
Fit/Predict   |   38     38
Test Summary: | Pass  Total
Docstrings    |   21     21
linear-regressors-multi
Test Summary: | Pass  Total
Fit/Predict   |    8      8
Test Summary: | Pass  Total
Docstrings    |    4      4
linear-classifiers
Test Summary: | Pass  Total
Fit/Predict   |   16     16
Test Summary: | Pass  Total
Docstrings    |   64     64
discriminant-analysis
Test Summary: | Pass  Total
Fit/Predict   |    4      4
Test Summary: | Pass  Total
Docstrings    |    4      4
gaussian-process
Test Summary: | Pass  Total
Fit/Predict   |    3      3
Test Summary: | Pass  Total
Docstrings    |    4      4
ensemble
Test Summary: | Pass  Total
Fit/Predict   |   10     10
Test Summary: | Pass  Total
Docstrings    |   25     25
Test Summary: | Pass  Total
Fit/Predict   |   10     10
    Testing MLJScikitLearn tests passed 

PkgEval succeeded


################################################################################
# PkgEval teardown: 2021-01-11T16:38:38.03
CPU usage: 228.15s (211.76s user, 16.74s kernel)

Network usage:
- eth0: 284.447 MiB received, 1.065 MiB sent

Raw statistics: {"blkio_stats":{"io_queue_recursive":[],"io_serviced_recursive":[{"major":259,"value":0,"op":"Read","minor":0},{"major":259,"value":42,"op":"Write","minor":0},{"major":259,"value":19,"op":"Sync","minor":0},{"major":259,"value":23,"op":"Async","minor":0},{"major":259,"value":0,"op":"Discard","minor":0},{"major":259,"value":42,"op":"Total","minor":0},{"major":253,"value":0,"op":"Read","minor":2},{"major":253,"value":42,"op":"Write","minor":2},{"major":253,"value":19,"op":"Sync","minor":2},{"major":253,"value":23,"op":"Async","minor":2},{"major":253,"value":0,"op":"Discard","minor":2},{"major":253,"value":42,"op":"Total","minor":2}],"io_time_recursive":[],"sectors_recursive":[],"io_service_bytes_recursive":[{"major":259,"value":0,"op":"Read","minor":0},{"major":259,"value":225280,"op":"Write","minor":0},{"major":259,"value":106496,"op":"Sync","minor":0},{"major":259,"value":118784,"op":"Async","minor":0},{"major":259,"value":0,"op":"Discard","minor":0},{"major":259,"value":225280,"op":"Total","minor":0},{"major":253,"value":0,"op":"Read","minor":2},{"major":253,"value":225280,"op":"Write","minor":2},{"major":253,"value":106496,"op":"Sync","minor":2},{"major":253,"value":118784,"op":"Async","minor":2},{"major":253,"value":0,"op":"Discard","minor":2},{"major":253,"value":225280,"op":"Total","minor":2}],"io_wait_time_recursive":[],"io_merged_recursive":[],"io_service_time_recursive":[]},"memory_stats":{"usage":2135904256,"max_usage":3334942720,"stats":{"hierarchical_memory_limit":9223372036854771712,"pgmajfault":0,"total_rss":259928064,"inactive_file":135168,"inactive_anon":1263415296,"total_pgfault":6181956,"total_cache":1811349504,"total_rss_huge":0,"total_active_anon":807899136,"total_pgmajfault":0,"pgpgin":4488363,"rss_huge":0,"mapped_file":0,"total_inactive_file":135168,"dirty":405504,"total_unevictable":0,"total_dirty":405504,"writeback":0,"pgpgout":3982690,"hierarchical_memsw_limit":0,"cache":1811349504,"active_file":135168,"pgfault":6181956,"total_mapped_file":0,"total_pgpgout":3982690,"total_writeback":0,"rss":259928064,"unevictable":0,"total_inactive_anon":1263415296,"total_pgpgin":4488363,"active_anon":807899136,"total_active_file":135168},"limit":540965302272},"name":"/MLJScikitLearn-25HziBMK","networks":{"eth0":{"rx_bytes":298264334,"rx_packets":27735,"tx_packets":15659,"tx_bytes":1117209,"tx_dropped":0,"rx_dropped":8,"tx_errors":0,"rx_errors":0}},"id":"c6f56bd3feef47f6a34ec7d29a9f1fc5ac87fcfeb2530f28bde2924492764e49","preread":"0001-01-01T00:00:00Z","storage_stats":{},"precpu_stats":{"throttling_data":{"throttled_periods":0,"throttled_time":0,"periods":0},"cpu_usage":{"usage_in_usermode":0,"usage_in_kernelmode":0,"total_usage":0}},"pids_stats":{"current":40},"num_procs":0,"cpu_stats":{"throttling_data":{"throttled_periods":0,"throttled_time":0,"periods":0},"system_cpu_usage":3735324854522419,"online_cpus":128,"cpu_usage":{"usage_in_usermode":211760000000,"usage_in_kernelmode":16740000000,"total_usage":228152647215,"percpu_usage":[0,0,0,0,0,0,0,0,0,0,0,0,228147473932,0,0,0,0,0,0,0,0,0,0,0,0,0,0,0,0,0,0,0,0,0,0,0,0,0,0,0,0,0,0,0,0,0,0,0,0,0,0,0,0,0,0,0,0,0,0,0,0,0,0,0,0,0,0,0,0,0,0,0,0,0,0,0,3410,1700310,0,3469563,0,0,0,0,0,0,0,0,0,0,0,0,0,0,0,0,0,0,0,0,0,0,0,0,0,0,0,0,0,0,0,0,0,0,0,0,0,0,0,0,0,0,0,0,0,0,0,0]}},"read":"2021-01-11T16:38:38.033022577Z"}