################################################################################
# PkgEval set-up: 2021-01-11T21:16:04.192
#

Julia Version 1.5.3
Commit 599f52c4c6 (2020-12-18 13:33 UTC)
Platform Info:
  OS: Linux (x86_64-linux-gnu)
  CPU: AMD EPYC 7502 32-Core Processor
  WORD_SIZE: 64
  LIBM: libopenlibm
  LLVM: libLLVM-9.0.1 (ORCJIT, znver2)
Environment:
  JULIA_PKG_PRECOMPILE_AUTO = 0
  JULIA_PKGEVAL = true

Base.julia_cmd() = `/opt/julia/bin/julia -Cnative -J/opt/julia/lib/julia/sys.so -g1`


################################################################################
# Installation: 2021-01-11T21:16:05.971
#

 Installing known registries into `~/.julia`
######################################################################## 100.0%
      Added registry `General` to `~/.julia/registries/General`
  Resolving package versions...
  Installed Iconv ─────────────────────── v0.1.0
  Installed SVMLightWriter ────────────── v0.1.1
  Installed MLSuite ───────────────────── v0.1.9
  Installed TextWrap ──────────────────── v1.0.1
  Installed Zlib_jll ──────────────────── v1.2.11+18
  Installed Lz4_jll ───────────────────── v1.9.2+2
  Installed Blosc_jll ─────────────────── v1.14.3+1
  Installed TableTraits ───────────────── v1.0.0
  Installed VersionParsing ────────────── v1.2.0
  Installed Zstd_jll ──────────────────── v1.4.5+2
  Installed TableTraitsUtils ──────────── v1.0.1
  Installed FillArrays ────────────────── v0.10.2
  Installed Requires ──────────────────── v1.1.2
  Installed DataStructures ────────────── v0.18.8
  Installed ArgParse ──────────────────── v1.1.1
  Installed TimerOutputs ──────────────── v0.5.7
  Installed OrderedCollections ────────── v1.3.2
  Installed Parameters ────────────────── v0.12.1
  Installed DataValueInterfaces ───────── v1.0.0
  Installed Blosc ─────────────────────── v0.7.0
  Installed HDF5 ──────────────────────── v0.13.7
  Installed BSON ──────────────────────── v0.2.6
  Installed HDF5_jll ──────────────────── v1.10.5+7
  Installed Missings ──────────────────── v0.4.4
  Installed MacroTools ────────────────── v0.5.6
  Installed JLLWrappers ───────────────── v1.2.0
  Installed URIParser ─────────────────── v0.4.1
  Installed ScikitLearnBase ───────────── v0.5.0
  Installed JSON ──────────────────────── v0.21.1
  Installed MLSuiteBase ───────────────── v0.2.8
  Installed HDF5Utils ─────────────────── v0.1.35
  Installed Conda ─────────────────────── v1.5.0
  Installed IteratorInterfaceExtensions ─ v1.0.0
  Installed BinDeps ───────────────────── v1.0.2
  Installed DataAPI ───────────────────── v1.4.0
  Installed UnPack ────────────────────── v1.0.2
  Installed PandasLite ────────────────── v0.1.7
  Installed DiskArrays ────────────────── v0.2.7
  Installed ProgressMeter ─────────────── v1.4.1
  Installed Compat ────────────────────── v3.25.0
  Installed Glob ──────────────────────── v1.3.0
  Installed PyCall ────────────────────── v1.92.2
  Installed Parsers ───────────────────── v1.0.15
  Installed PyCallUtils ───────────────── v0.2.2
  Installed Artifacts ─────────────────── v1.3.0
  Installed DataValues ────────────────── v0.4.13
Updating `~/.julia/environments/v1.5/Project.toml`
  [fd36aebc] + MLSuite v0.1.9
Updating `~/.julia/environments/v1.5/Manifest.toml`
  [c7e460c6] + ArgParse v1.1.1
  [56f22d72] + Artifacts v1.3.0
  [fbb218c0] + BSON v0.2.6
  [9e28174c] + BinDeps v1.0.2
  [a74b3585] + Blosc v0.7.0
  [0b7ba130] + Blosc_jll v1.14.3+1
  [34da2185] + Compat v3.25.0
  [8f4d0f93] + Conda v1.5.0
  [9a962f9c] + DataAPI v1.4.0
  [864edb3b] + DataStructures v0.18.8
  [e2d170a0] + DataValueInterfaces v1.0.0
  [e7dc6d0d] + DataValues v0.4.13
  [3c3547ce] + DiskArrays v0.2.7
  [1a297f60] + FillArrays v0.10.2
  [c27321d9] + Glob v1.3.0
  [f67ccb44] + HDF5 v0.13.7
  [2ec8e600] + HDF5Utils v0.1.35
  [0234f1f7] + HDF5_jll v1.10.5+7
  [f60d2a9e] + Iconv v0.1.0
  [82899510] + IteratorInterfaceExtensions v1.0.0
  [692b3bcd] + JLLWrappers v1.2.0
  [682c06a0] + JSON v0.21.1
  [5ced341a] + Lz4_jll v1.9.2+2
  [fd36aebc] + MLSuite v0.1.9
  [d01462b0] + MLSuiteBase v0.2.8
  [1914dd2f] + MacroTools v0.5.6
  [e1d29d7a] + Missings v0.4.4
  [bac558e1] + OrderedCollections v1.3.2
  [f5117550] + PandasLite v0.1.7
  [d96e819e] + Parameters v0.12.1
  [69de0a69] + Parsers v1.0.15
  [92933f4c] + ProgressMeter v1.4.1
  [438e738f] + PyCall v1.92.2
  [02651160] + PyCallUtils v0.2.2
  [ae029012] + Requires v1.1.2
  [b51eda20] + SVMLightWriter v0.1.1
  [6e75b9c4] + ScikitLearnBase v0.5.0
  [3783bdb8] + TableTraits v1.0.0
  [382cd787] + TableTraitsUtils v1.0.1
  [b718987f] + TextWrap v1.0.1
  [a759f4b9] + TimerOutputs v0.5.7
  [30578b45] + URIParser v0.4.1
  [3a884ed6] + UnPack v1.0.2
  [81def892] + VersionParsing v1.2.0
  [83775a58] + Zlib_jll v1.2.11+18
  [3161d3a3] + Zstd_jll v1.4.5+2
  [2a0f44e3] + Base64
  [ade2ca70] + Dates
  [8bb1440f] + DelimitedFiles
  [8ba89e20] + Distributed
  [b77e0a4c] + InteractiveUtils
  [76f85450] + LibGit2
  [8f399da3] + Libdl
  [37e2e46d] + LinearAlgebra
  [56ddb016] + Logging
  [d6f4376e] + Markdown
  [a63ad114] + Mmap
  [44cfe95a] + Pkg
  [de0858da] + Printf
  [3fa0cd96] + REPL
  [9a3f8284] + Random
  [ea8e919c] + SHA
  [9e88b42a] + Serialization
  [1a1011a3] + SharedArrays
  [6462fe0b] + Sockets
  [2f01184e] + SparseArrays
  [10745b16] + Statistics
  [8dfed614] + Test
  [cf7118a7] + UUIDs
  [4ec0a83e] + Unicode
   Building Conda ─────→ `~/.julia/packages/Conda/x5ml4/deps/build.log`
   Building PyCall ────→ `~/.julia/packages/PyCall/tqyST/deps/build.log`
   Building HDF5 ──────→ `~/.julia/packages/HDF5/YX0jU/deps/build.log`
   Building PandasLite → `~/.julia/packages/PandasLite/7e29y/deps/build.log`
   Building MLSuite ───→ `~/.julia/packages/MLSuite/pZhf1/deps/build.log`


################################################################################
# Testing: 2021-01-11T21:19:23.555
#

    Testing MLSuite
Status `/tmp/jl_eKSQaR/Project.toml`
  [c7e460c6] ArgParse v1.1.1
  [fbb218c0] BSON v0.2.6
  [9e28174c] BinDeps v1.0.2
  [864edb3b] DataStructures v0.18.8
  [f67ccb44] HDF5 v0.13.7
  [2ec8e600] HDF5Utils v0.1.35
  [f60d2a9e] Iconv v0.1.0
  [fd36aebc] MLSuite v0.1.9
  [d01462b0] MLSuiteBase v0.2.8
  [f5117550] PandasLite v0.1.7
  [d96e819e] Parameters v0.12.1
  [92933f4c] ProgressMeter v1.4.1
  [438e738f] PyCall v1.92.2
  [02651160] PyCallUtils v0.2.2
  [ae029012] Requires v1.1.2
  [b51eda20] SVMLightWriter v0.1.1
  [6e75b9c4] ScikitLearnBase v0.5.0
  [a759f4b9] TimerOutputs v0.5.7
  [8bb1440f] DelimitedFiles
  [8ba89e20] Distributed
  [37e2e46d] LinearAlgebra
  [a63ad114] Mmap
  [44cfe95a] Pkg
  [de0858da] Printf
  [9a3f8284] Random
  [2f01184e] SparseArrays
  [10745b16] Statistics
  [8dfed614] Test
Status `/tmp/jl_eKSQaR/Manifest.toml`
  [c7e460c6] ArgParse v1.1.1
  [56f22d72] Artifacts v1.3.0
  [fbb218c0] BSON v0.2.6
  [9e28174c] BinDeps v1.0.2
  [a74b3585] Blosc v0.7.0
  [0b7ba130] Blosc_jll v1.14.3+1
  [34da2185] Compat v3.25.0
  [8f4d0f93] Conda v1.5.0
  [9a962f9c] DataAPI v1.4.0
  [864edb3b] DataStructures v0.18.8
  [e2d170a0] DataValueInterfaces v1.0.0
  [e7dc6d0d] DataValues v0.4.13
  [3c3547ce] DiskArrays v0.2.7
  [1a297f60] FillArrays v0.10.2
  [c27321d9] Glob v1.3.0
  [f67ccb44] HDF5 v0.13.7
  [2ec8e600] HDF5Utils v0.1.35
  [0234f1f7] HDF5_jll v1.10.5+7
  [f60d2a9e] Iconv v0.1.0
  [82899510] IteratorInterfaceExtensions v1.0.0
  [692b3bcd] JLLWrappers v1.2.0
  [682c06a0] JSON v0.21.1
  [5ced341a] Lz4_jll v1.9.2+2
  [fd36aebc] MLSuite v0.1.9
  [d01462b0] MLSuiteBase v0.2.8
  [1914dd2f] MacroTools v0.5.6
  [e1d29d7a] Missings v0.4.4
  [bac558e1] OrderedCollections v1.3.2
  [f5117550] PandasLite v0.1.7
  [d96e819e] Parameters v0.12.1
  [69de0a69] Parsers v1.0.15
  [92933f4c] ProgressMeter v1.4.1
  [438e738f] PyCall v1.92.2
  [02651160] PyCallUtils v0.2.2
  [ae029012] Requires v1.1.2
  [b51eda20] SVMLightWriter v0.1.1
  [6e75b9c4] ScikitLearnBase v0.5.0
  [3783bdb8] TableTraits v1.0.0
  [382cd787] TableTraitsUtils v1.0.1
  [b718987f] TextWrap v1.0.1
  [a759f4b9] TimerOutputs v0.5.7
  [30578b45] URIParser v0.4.1
  [3a884ed6] UnPack v1.0.2
  [81def892] VersionParsing v1.2.0
  [83775a58] Zlib_jll v1.2.11+18
  [3161d3a3] Zstd_jll v1.4.5+2
  [2a0f44e3] Base64
  [ade2ca70] Dates
  [8bb1440f] DelimitedFiles
  [8ba89e20] Distributed
  [b77e0a4c] InteractiveUtils
  [76f85450] LibGit2
  [8f399da3] Libdl
  [37e2e46d] LinearAlgebra
  [56ddb016] Logging
  [d6f4376e] Markdown
  [a63ad114] Mmap
  [44cfe95a] Pkg
  [de0858da] Printf
  [3fa0cd96] REPL
  [9a3f8284] Random
  [ea8e919c] SHA
  [9e88b42a] Serialization
  [1a1011a3] SharedArrays
  [6462fe0b] Sockets
  [2f01184e] SparseArrays
  [10745b16] Statistics
  [8dfed614] Test
  [cf7118a7] UUIDs
  [4ec0a83e] Unicode
WARNING: Method definition getindex(PyCall.PyObject, Union{AbstractString, Symbol}) in module PyCall at /home/pkgeval/.julia/packages/PyCall/tqyST/src/PyCall.jl:337 overwritten in module PyCallUtils at /home/pkgeval/.julia/packages/PyCallUtils/DufyN/src/PyCallUtils.jl:45.
  ** incremental compilation may be fatally broken for this module **

WARNING: Method definition setindex!(PyCall.PyObject, Any, Union{AbstractString, Symbol}) in module PyCall at /home/pkgeval/.julia/packages/PyCall/tqyST/src/PyCall.jl:346 overwritten in module PyCallUtils at /home/pkgeval/.julia/packages/PyCallUtils/DufyN/src/PyCallUtils.jl:46.
  ** incremental compilation may be fatally broken for this module **

WARNING: Method definition getindex(PyCall.PyObject, Integer) in module PyCall at deprecated.jl:70 overwritten in module PyCallUtils at /home/pkgeval/.julia/packages/PyCallUtils/DufyN/src/PyCallUtils.jl:48.
  ** incremental compilation may be fatally broken for this module **

WARNING: Method definition getindex(PyCall.PyObject, Integer, Integer) in module PyCall at deprecated.jl:70 overwritten in module PyCallUtils at /home/pkgeval/.julia/packages/PyCallUtils/DufyN/src/PyCallUtils.jl:49.
  ** incremental compilation may be fatally broken for this module **

WARNING: Method definition getindex(PyCall.PyObject, Integer...) in module PyCall at deprecated.jl:70 overwritten in module PyCallUtils at /home/pkgeval/.julia/packages/PyCallUtils/DufyN/src/PyCallUtils.jl:50.
  ** incremental compilation may be fatally broken for this module **

WARNING: Method definition setindex!(PyCall.PyObject, Any, Integer) in module PyCall at deprecated.jl:70 overwritten in module PyCallUtils at /home/pkgeval/.julia/packages/PyCallUtils/DufyN/src/PyCallUtils.jl:51.
  ** incremental compilation may be fatally broken for this module **

WARNING: Method definition setindex!(PyCall.PyObject, Any, Integer, Integer) in module PyCall at deprecated.jl:70 overwritten in module PyCallUtils at /home/pkgeval/.julia/packages/PyCallUtils/DufyN/src/PyCallUtils.jl:52.
  ** incremental compilation may be fatally broken for this module **

WARNING: Method definition setindex!(PyCall.PyObject, Any, Integer...) in module PyCall at deprecated.jl:70 overwritten in module PyCallUtils at /home/pkgeval/.julia/packages/PyCallUtils/DufyN/src/PyCallUtils.jl:53.
  ** incremental compilation may be fatally broken for this module **

WARNING: Method definition jlwrap_iterator(Any) in module PyCall at /home/pkgeval/.julia/packages/PyCall/tqyST/src/pyiterator.jl:137 overwritten in module PyCallUtils at /home/pkgeval/.julia/packages/PyCallUtils/DufyN/src/PyCallUtils.jl:55.
  ** incremental compilation may be fatally broken for this module **

WARNING: Method definition jlwrap_iterator(Any) in module PyCall at /home/pkgeval/.julia/packages/PyCall/tqyST/src/pyiterator.jl:137 overwritten in module PyCallUtils at /home/pkgeval/.julia/packages/PyCallUtils/DufyN/src/PyCallUtils.jl:55.
  ** incremental compilation may be fatally broken for this module **

WARNING: Method definition getindex(PyCall.PyObject, Integer) in module PyCall at deprecated.jl:70 overwritten in module PyCallUtils at /home/pkgeval/.julia/packages/PyCallUtils/DufyN/src/PyCallUtils.jl:48.
  ** incremental compilation may be fatally broken for this module **

WARNING: Method definition getindex(PyCall.PyObject, Integer, Integer) in module PyCall at deprecated.jl:70 overwritten in module PyCallUtils at /home/pkgeval/.julia/packages/PyCallUtils/DufyN/src/PyCallUtils.jl:49.
  ** incremental compilation may be fatally broken for this module **

WARNING: Method definition getindex(PyCall.PyObject, Union{AbstractString, Symbol}) in module PyCall at /home/pkgeval/.julia/packages/PyCall/tqyST/src/PyCall.jl:337 overwritten in module PyCallUtils at /home/pkgeval/.julia/packages/PyCallUtils/DufyN/src/PyCallUtils.jl:45.
  ** incremental compilation may be fatally broken for this module **

WARNING: Method definition getindex(PyCall.PyObject, Integer...) in module PyCall at deprecated.jl:70 overwritten in module PyCallUtils at /home/pkgeval/.julia/packages/PyCallUtils/DufyN/src/PyCallUtils.jl:50.
  ** incremental compilation may be fatally broken for this module **

WARNING: Method definition setindex!(PyCall.PyObject, Any, Integer) in module PyCall at deprecated.jl:70 overwritten in module PyCallUtils at /home/pkgeval/.julia/packages/PyCallUtils/DufyN/src/PyCallUtils.jl:51.
  ** incremental compilation may be fatally broken for this module **

WARNING: Method definition setindex!(PyCall.PyObject, Any, Integer, Integer) in module PyCall at deprecated.jl:70 overwritten in module PyCallUtils at /home/pkgeval/.julia/packages/PyCallUtils/DufyN/src/PyCallUtils.jl:52.
  ** incremental compilation may be fatally broken for this module **

WARNING: Method definition setindex!(PyCall.PyObject, Any, Union{AbstractString, Symbol}) in module PyCall at /home/pkgeval/.julia/packages/PyCall/tqyST/src/PyCall.jl:346 overwritten in module PyCallUtils at /home/pkgeval/.julia/packages/PyCallUtils/DufyN/src/PyCallUtils.jl:46.
  ** incremental compilation may be fatally broken for this module **

WARNING: Method definition setindex!(PyCall.PyObject, Any, Integer...) in module PyCall at deprecated.jl:70 overwritten in module PyCallUtils at /home/pkgeval/.julia/packages/PyCallUtils/DufyN/src/PyCallUtils.jl:53.
  ** incremental compilation may be fatally broken for this module **

WARNING: Method definition (::Type{PyCall.PyObject})(Base.Colon) in module PyCallUtils at /home/pkgeval/.julia/packages/PyCallUtils/DufyN/src/PyCallUtils.jl:38 overwritten in module PandasLite at /home/pkgeval/.julia/packages/PandasLite/7e29y/src/PandasLite.jl:117.
  ** incremental compilation may be fatally broken for this module **

WARNING: Method definition h5open(AbstractString) in module HDF5 at /home/pkgeval/.julia/packages/HDF5/YX0jU/src/HDF5.jl:660 overwritten in module HDF5Utils at /home/pkgeval/.julia/packages/HDF5Utils/lai4d/src/io.jl:1.
  ** incremental compilation may be fatally broken for this module **

WARNING: Method definition h5open(AbstractString, AbstractString, Any...) in module HDF5 at /home/pkgeval/.julia/packages/HDF5/YX0jU/src/HDF5.jl:660 overwritten in module HDF5Utils at /home/pkgeval/.julia/packages/HDF5Utils/lai4d/src/io.jl:1.
  ** incremental compilation may be fatally broken for this module **

WARNING: Method definition h5open##kw(Any, typeof(HDF5.h5open), AbstractString) in module HDF5 at /home/pkgeval/.julia/packages/HDF5/YX0jU/src/HDF5.jl:660 overwritten in module HDF5Utils at /home/pkgeval/.julia/packages/HDF5Utils/lai4d/src/io.jl:1.
  ** incremental compilation may be fatally broken for this module **

WARNING: Method definition h5open##kw(Any, typeof(HDF5.h5open), AbstractString, AbstractString, Any...) in module HDF5 at /home/pkgeval/.julia/packages/HDF5/YX0jU/src/HDF5.jl:660 overwritten in module HDF5Utils at /home/pkgeval/.julia/packages/HDF5Utils/lai4d/src/io.jl:1.
  ** incremental compilation may be fatally broken for this module **

WARNING: Method definition h5open(Function, Any...) in module HDF5 at /home/pkgeval/.julia/packages/HDF5/YX0jU/src/HDF5.jl:693 overwritten in module HDF5Utils at /home/pkgeval/.julia/packages/HDF5Utils/lai4d/src/io.jl:34.
  ** incremental compilation may be fatally broken for this module **

WARNING: Method definition h5open##kw(Any, typeof(HDF5.h5open), Function, Any...) in module HDF5 at /home/pkgeval/.julia/packages/HDF5/YX0jU/src/HDF5.jl:693 overwritten in module HDF5Utils at /home/pkgeval/.julia/packages/HDF5Utils/lai4d/src/io.jl:34.
  ** incremental compilation may be fatally broken for this module **

WARNING: Method definition close(HDF5.HDF5File) in module HDF5 at /home/pkgeval/.julia/packages/HDF5/YX0jU/src/HDF5.jl:780 overwritten in module HDF5Utils at /home/pkgeval/.julia/packages/HDF5Utils/lai4d/src/io.jl:43.
  ** incremental compilation may be fatally broken for this module **

WARNING: Method definition _getindex(HDF5.HDF5Dataset, Type, Union{Int64, Base.AbstractRange{Int64}}...) in module HDF5 at /home/pkgeval/.julia/packages/HDF5/YX0jU/src/HDF5.jl:1771 overwritten in module HDF5Utils at /home/pkgeval/.julia/packages/HDF5Utils/lai4d/src/hyperslab.jl:1.
  ** incremental compilation may be fatally broken for this module **

WARNING: Method definition _setindex!(HDF5.HDF5Dataset, Type, Array{T, N} where N where T, Union{Int64, Base.AbstractRange{Int64}}...) in module HDF5 at /home/pkgeval/.julia/packages/HDF5/YX0jU/src/HDF5.jl:1803 overwritten in module HDF5Utils at /home/pkgeval/.julia/packages/HDF5Utils/lai4d/src/hyperslab.jl:16.
  ** incremental compilation may be fatally broken for this module **

WARNING: Method definition close(HDF5.HDF5File) in module HDF5 at /home/pkgeval/.julia/packages/HDF5/YX0jU/src/HDF5.jl:780 overwritten in module HDF5Utils at /home/pkgeval/.julia/packages/HDF5Utils/lai4d/src/io.jl:43.
  ** incremental compilation may be fatally broken for this module **

WARNING: Method definition h5open##kw(Any, typeof(HDF5.h5open), AbstractString) in module HDF5 at /home/pkgeval/.julia/packages/HDF5/YX0jU/src/HDF5.jl:660 overwritten in module HDF5Utils at /home/pkgeval/.julia/packages/HDF5Utils/lai4d/src/io.jl:1.
  ** incremental compilation may be fatally broken for this module **

WARNING: Method definition h5open##kw(Any, typeof(HDF5.h5open), AbstractString, AbstractString, Any...) in module HDF5 at /home/pkgeval/.julia/packages/HDF5/YX0jU/src/HDF5.jl:660 overwritten in module HDF5Utils at /home/pkgeval/.julia/packages/HDF5Utils/lai4d/src/io.jl:1.
  ** incremental compilation may be fatally broken for this module **

WARNING: Method definition h5open##kw(Any, typeof(HDF5.h5open), Function, Any...) in module HDF5 at /home/pkgeval/.julia/packages/HDF5/YX0jU/src/HDF5.jl:693 overwritten in module HDF5Utils at /home/pkgeval/.julia/packages/HDF5Utils/lai4d/src/io.jl:34.
  ** incremental compilation may be fatally broken for this module **

WARNING: Method definition _getindex(HDF5.HDF5Dataset, Type, Union{Int64, Base.AbstractRange{Int64}}...) in module HDF5 at /home/pkgeval/.julia/packages/HDF5/YX0jU/src/HDF5.jl:1771 overwritten in module HDF5Utils at /home/pkgeval/.julia/packages/HDF5Utils/lai4d/src/hyperslab.jl:1.
  ** incremental compilation may be fatally broken for this module **

WARNING: Method definition _setindex!(HDF5.HDF5Dataset, Type, Array{T, N} where N where T, Union{Int64, Base.AbstractRange{Int64}}...) in module HDF5 at /home/pkgeval/.julia/packages/HDF5/YX0jU/src/HDF5.jl:1803 overwritten in module HDF5Utils at /home/pkgeval/.julia/packages/HDF5Utils/lai4d/src/hyperslab.jl:16.
  ** incremental compilation may be fatally broken for this module **

WARNING: Method definition h5open(AbstractString) in module HDF5 at /home/pkgeval/.julia/packages/HDF5/YX0jU/src/HDF5.jl:660 overwritten in module HDF5Utils at /home/pkgeval/.julia/packages/HDF5Utils/lai4d/src/io.jl:1.
  ** incremental compilation may be fatally broken for this module **

WARNING: Method definition h5open(AbstractString, AbstractString, Any...) in module HDF5 at /home/pkgeval/.julia/packages/HDF5/YX0jU/src/HDF5.jl:660 overwritten in module HDF5Utils at /home/pkgeval/.julia/packages/HDF5Utils/lai4d/src/io.jl:1.
  ** incremental compilation may be fatally broken for this module **

WARNING: Method definition h5open(Function, Any...) in module HDF5 at /home/pkgeval/.julia/packages/HDF5/YX0jU/src/HDF5.jl:693 overwritten in module HDF5Utils at /home/pkgeval/.julia/packages/HDF5Utils/lai4d/src/io.jl:34.
  ** incremental compilation may be fatally broken for this module **

WARNING: Method definition lower(Any) in module Writer at /home/pkgeval/.julia/packages/JSON/3rsiS/src/Writer.jl:43 overwritten in module MLSuiteBase at /home/pkgeval/.julia/packages/MLSuiteBase/KtgiU/src/MLSuiteBase.jl:119.
  ** incremental compilation may be fatally broken for this module **

WARNING: Method definition lower(Any) in module Writer at /home/pkgeval/.julia/packages/JSON/3rsiS/src/Writer.jl:43 overwritten in module MLSuiteBase at /home/pkgeval/.julia/packages/MLSuiteBase/KtgiU/src/MLSuiteBase.jl:119.
  ** incremental compilation may be fatally broken for this module **

┌ Warning: Pkg.installed() is deprecated
└ @ Pkg /workspace/srcdir/usr/share/julia/stdlib/v1.5/Pkg/src/Pkg.jl:554
GridRegressor
  W: Array{Float32}((0,)) Float32[]
  α: Float32 0.0001f0
  λ: Float32 0.0f0
  max_iter: Int64 1000
  tol: Float32 0.001f0
  verbose: Int64 1
  η0: Float32 0.1f0
  power_t: Float32 0.25f0
  dim: Int64 2
t: 10, Norm: 0.087, Loss: 0.077
t: 20, Norm: 0.15, Loss: 0.063
t: 30, Norm: 0.19, Loss: 0.053
t: 40, Norm: 0.23, Loss: 0.046
t: 50, Norm: 0.27, Loss: 0.04
t: 60, Norm: 0.3, Loss: 0.035
t: 70, Norm: 0.32, Loss: 0.031
t: 80, Norm: 0.35, Loss: 0.028
t: 90, Norm: 0.37, Loss: 0.025
t: 100, Norm: 0.39, Loss: 0.023
t: 110, Norm: 0.4, Loss: 0.021
t: 120, Norm: 0.42, Loss: 0.019
t: 130, Norm: 0.43, Loss: 0.017
t: 140, Norm: 0.45, Loss: 0.016
t: 150, Norm: 0.46, Loss: 0.015
t: 160, Norm: 0.47, Loss: 0.013
t: 170, Norm: 0.48, Loss: 0.012
t: 180, Norm: 0.5, Loss: 0.012
t: 190, Norm: 0.51, Loss: 0.011
t: 200, Norm: 0.51, Loss: 0.01
t: 210, Norm: 0.52, Loss: 0.0093
t: 220, Norm: 0.53, Loss: 0.0087
t: 230, Norm: 0.54, Loss: 0.0082
t: 240, Norm: 0.55, Loss: 0.0076
t: 250, Norm: 0.55, Loss: 0.0072
t: 260, Norm: 0.56, Loss: 0.0068
t: 270, Norm: 0.57, Loss: 0.0064
t: 280, Norm: 0.57, Loss: 0.006
t: 290, Norm: 0.58, Loss: 0.0057
t: 300, Norm: 0.59, Loss: 0.0053
t: 310, Norm: 0.59, Loss: 0.0051
t: 320, Norm: 0.6, Loss: 0.0048
t: 330, Norm: 0.6, Loss: 0.0045
t: 340, Norm: 0.61, Loss: 0.0043
t: 350, Norm: 0.61, Loss: 0.0041
t: 360, Norm: 0.61, Loss: 0.0039
t: 370, Norm: 0.62, Loss: 0.0037
t: 380, Norm: 0.62, Loss: 0.0035
t: 390, Norm: 0.63, Loss: 0.0034
t: 400, Norm: 0.63, Loss: 0.0032
t: 410, Norm: 0.63, Loss: 0.0031
t: 420, Norm: 0.64, Loss: 0.0029
t: 430, Norm: 0.64, Loss: 0.0028
t: 440, Norm: 0.64, Loss: 0.0027
t: 450, Norm: 0.65, Loss: 0.0025
t: 460, Norm: 0.65, Loss: 0.0024
t: 470, Norm: 0.65, Loss: 0.0023
t: 480, Norm: 0.66, Loss: 0.0022
t: 490, Norm: 0.66, Loss: 0.0021
t: 500, Norm: 0.66, Loss: 0.0021
t: 510, Norm: 0.66, Loss: 0.002
t: 520, Norm: 0.67, Loss: 0.0019
t: 530, Norm: 0.67, Loss: 0.0018
t: 540, Norm: 0.67, Loss: 0.0018
t: 550, Norm: 0.67, Loss: 0.0017
t: 560, Norm: 0.67, Loss: 0.0016
t: 570, Norm: 0.68, Loss: 0.0016
t: 580, Norm: 0.68, Loss: 0.0015
t: 590, Norm: 0.68, Loss: 0.0015
t: 600, Norm: 0.68, Loss: 0.0014
t: 610, Norm: 0.68, Loss: 0.0014
t: 620, Norm: 0.69, Loss: 0.0013
t: 630, Norm: 0.69, Loss: 0.0013
t: 640, Norm: 0.69, Loss: 0.0012
t: 650, Norm: 0.69, Loss: 0.0012
t: 660, Norm: 0.69, Loss: 0.0011
t: 670, Norm: 0.69, Loss: 0.0011
t: 680, Norm: 0.7, Loss: 0.0011
t: 690, Norm: 0.7, Loss: 0.001
t: 700, Norm: 0.7, Loss: 0.001
t: 710, Norm: 0.7, Loss: 0.00097
t: 720, Norm: 0.7, Loss: 0.00094
t: 730, Norm: 0.7, Loss: 0.00091
t: 740, Norm: 0.7, Loss: 0.00088
t: 750, Norm: 0.7, Loss: 0.00085
t: 760, Norm: 0.71, Loss: 0.00083
t: 770, Norm: 0.71, Loss: 0.0008
t: 780, Norm: 0.71, Loss: 0.00078
t: 790, Norm: 0.71, Loss: 0.00076
t: 800, Norm: 0.71, Loss: 0.00073
t: 810, Norm: 0.71, Loss: 0.00071
t: 820, Norm: 0.71, Loss: 0.00069
t: 830, Norm: 0.71, Loss: 0.00067
t: 840, Norm: 0.71, Loss: 0.00065
t: 850, Norm: 0.72, Loss: 0.00064
t: 860, Norm: 0.72, Loss: 0.00062
t: 870, Norm: 0.72, Loss: 0.0006
t: 880, Norm: 0.72, Loss: 0.00059
t: 890, Norm: 0.72, Loss: 0.00057
t: 900, Norm: 0.72, Loss: 0.00056
t: 910, Norm: 0.72, Loss: 0.00054
t: 920, Norm: 0.72, Loss: 0.00053
t: 930, Norm: 0.72, Loss: 0.00051
t: 940, Norm: 0.72, Loss: 0.0005
t: 950, Norm: 0.72, Loss: 0.00049
t: 960, Norm: 0.72, Loss: 0.00048
t: 970, Norm: 0.73, Loss: 0.00046
t: 980, Norm: 0.73, Loss: 0.00045
t: 990, Norm: 0.73, Loss: 0.00044
t: 1000, Norm: 0.73, Loss: 0.00043
VWModel
  vw: Array{UInt8}((0,)) UInt8[]
  l1: Float32 0.0f0
  l2: Float32 0.0f0
  learning_rate: Float32 0.5f0
  nn: Int64 0
  interactions: String ""
  passes: Int64 10
  loss_function: String "squared"
  link: String "identity"
  cmd: String ""
ERROR: LoadError: IOError: could not spawn `/home/pkgeval/.julia/mlsuite/bin/vw /tmp/jl_GKKk8J.vw -c -f vw --l1 0.0 --l2 0.0 --passes 10 --loss_function squared -l 0.5 ''`: no such file or directory (ENOENT)
Stacktrace:
 [1] _spawn_primitive(::String, ::Cmd, ::Array{Any,1}) at ./process.jl:99
 [2] #585 at ./process.jl:112 [inlined]
 [3] setup_stdios(::Base.var"#585#586"{Cmd}, ::Array{Any,1}) at ./process.jl:196
 [4] _spawn at ./process.jl:111 [inlined]
 [5] run(::Cmd; wait::Bool) at ./process.jl:439
 [6] run at ./process.jl:438 [inlined]
 [7] fit!(::VWModel, ::Array{Float32,3}, ::Array{Float32,3}, ::Array{Float32,2}; columns::Nothing) at /home/pkgeval/.julia/packages/MLSuite/pZhf1/src/base/vw.jl:39
 [8] fit!(::VWModel, ::Array{Float32,3}, ::Array{Float32,3}, ::Array{Float32,2}) at /home/pkgeval/.julia/packages/MLSuite/pZhf1/src/base/vw.jl:32
 [9] top-level scope at /home/pkgeval/.julia/packages/MLSuite/pZhf1/test/runtests.jl:48
 [10] include(::String) at ./client.jl:457
 [11] top-level scope at none:6
in expression starting at /home/pkgeval/.julia/packages/MLSuite/pZhf1/test/runtests.jl:46

PkgEval failed: Package MLSuite errored during testing
Stacktrace:
 [1] pkgerror(::String) at /workspace/srcdir/usr/share/julia/stdlib/v1.5/Pkg/src/Types.jl:52
 [2] test(::Pkg.Types.Context, ::Array{Pkg.Types.PackageSpec,1}; coverage::Bool, julia_args::Cmd, test_args::Cmd, test_fn::Nothing) at /workspace/srcdir/usr/share/julia/stdlib/v1.5/Pkg/src/Operations.jl:1578
 [3] test(::Pkg.Types.Context, ::Array{Pkg.Types.PackageSpec,1}; coverage::Bool, test_fn::Nothing, julia_args::Cmd, test_args::Cmd, kwargs::Base.Iterators.Pairs{Union{},Union{},Tuple{},NamedTuple{(),Tuple{}}}) at /workspace/srcdir/usr/share/julia/stdlib/v1.5/Pkg/src/API.jl:327
 [4] test(::Pkg.Types.Context, ::Array{Pkg.Types.PackageSpec,1}) at /workspace/srcdir/usr/share/julia/stdlib/v1.5/Pkg/src/API.jl:314
 [5] #test#61 at /workspace/srcdir/usr/share/julia/stdlib/v1.5/Pkg/src/API.jl:67 [inlined]
 [6] test at /workspace/srcdir/usr/share/julia/stdlib/v1.5/Pkg/src/API.jl:67 [inlined]
 [7] #test#60 at /workspace/srcdir/usr/share/julia/stdlib/v1.5/Pkg/src/API.jl:66 [inlined]
 [8] test at /workspace/srcdir/usr/share/julia/stdlib/v1.5/Pkg/src/API.jl:66 [inlined]
 [9] test(::String; kwargs::Base.Iterators.Pairs{Union{},Union{},Tuple{},NamedTuple{(),Tuple{}}}) at /workspace/srcdir/usr/share/julia/stdlib/v1.5/Pkg/src/API.jl:65
 [10] test(::String) at /workspace/srcdir/usr/share/julia/stdlib/v1.5/Pkg/src/API.jl:65
 [11] top-level scope at none:22
 [12] eval at ./boot.jl:331 [inlined]
 [13] eval(::Expr) at ./client.jl:467
 [14] top-level scope at none:1
 [15] eval(::Module, ::Any) at ./boot.jl:331
 [16] exec_options(::Base.JLOptions) at ./client.jl:272
 [17] _start() at ./client.jl:506


################################################################################
# PkgEval teardown: 2021-01-11T21:22:46.855
CPU usage: 393.53s (364.87s user, 29.19s kernel)

Network usage:
- eth0: 1.359 GiB received, 3.575 MiB sent

Raw statistics: {"blkio_stats":{"io_queue_recursive":[],"io_serviced_recursive":[{"major":259,"value":35,"op":"Read","minor":0},{"major":259,"value":583,"op":"Write","minor":0},{"major":259,"value":355,"op":"Sync","minor":0},{"major":259,"value":263,"op":"Async","minor":0},{"major":259,"value":0,"op":"Discard","minor":0},{"major":259,"value":618,"op":"Total","minor":0},{"major":253,"value":35,"op":"Read","minor":2},{"major":253,"value":284,"op":"Write","minor":2},{"major":253,"value":101,"op":"Sync","minor":2},{"major":253,"value":218,"op":"Async","minor":2},{"major":253,"value":0,"op":"Discard","minor":2},{"major":253,"value":319,"op":"Total","minor":2}],"io_time_recursive":[],"sectors_recursive":[],"io_service_bytes_recursive":[{"major":259,"value":1429504,"op":"Read","minor":0},{"major":259,"value":45146112,"op":"Write","minor":0},{"major":259,"value":38907904,"op":"Sync","minor":0},{"major":259,"value":7667712,"op":"Async","minor":0},{"major":259,"value":0,"op":"Discard","minor":0},{"major":259,"value":46575616,"op":"Total","minor":0},{"major":253,"value":1429504,"op":"Read","minor":2},{"major":253,"value":45146112,"op":"Write","minor":2},{"major":253,"value":38907904,"op":"Sync","minor":2},{"major":253,"value":7667712,"op":"Async","minor":2},{"major":253,"value":0,"op":"Discard","minor":2},{"major":253,"value":46575616,"op":"Total","minor":2}],"io_wait_time_recursive":[],"io_merged_recursive":[],"io_service_time_recursive":[]},"memory_stats":{"usage":5930893312,"max_usage":7031328768,"stats":{"hierarchical_memory_limit":9223372036854771712,"pgmajfault":0,"total_rss":224890880,"inactive_file":405504,"inactive_anon":4586926080,"total_pgfault":6595776,"total_cache":5572726784,"total_rss_huge":0,"total_active_anon":1205968896,"total_pgmajfault":0,"pgpgin":6484995,"rss_huge":0,"mapped_file":0,"total_inactive_file":405504,"dirty":1622016,"total_unevictable":0,"total_dirty":1622016,"writeback":135168,"pgpgout":5069558,"hierarchical_memsw_limit":0,"cache":5572726784,"active_file":4190208,"pgfault":6595776,"total_mapped_file":0,"total_pgpgout":5069558,"total_writeback":135168,"rss":224890880,"unevictable":0,"total_inactive_anon":4586926080,"total_pgpgin":6484995,"active_anon":1205968896,"total_active_file":4190208},"limit":540965302272},"name":"/MLSuite-PHnw6ucq","networks":{"eth0":{"rx_bytes":1459188002,"rx_packets":82314,"tx_packets":55189,"tx_bytes":3748953,"tx_dropped":0,"rx_dropped":13,"tx_errors":0,"rx_errors":0}},"id":"55bfa90fd2c03a84b7c2ea8952a2592d35916a181fbd178f559c9feeb384a559","preread":"0001-01-01T00:00:00Z","storage_stats":{},"precpu_stats":{"throttling_data":{"throttled_periods":0,"throttled_time":0,"periods":0},"cpu_usage":{"usage_in_usermode":0,"usage_in_kernelmode":0,"total_usage":0}},"pids_stats":{"current":40},"num_procs":0,"cpu_stats":{"throttling_data":{"throttled_periods":0,"throttled_time":0,"periods":0},"system_cpu_usage":5913873044522419,"online_cpus":128,"cpu_usage":{"usage_in_usermode":364870000000,"usage_in_kernelmode":29190000000,"total_usage":393526049656,"percpu_usage":[0,0,0,0,0,0,0,0,0,0,0,0,0,0,0,0,0,0,0,0,0,0,0,0,0,0,0,0,0,0,0,0,0,0,0,0,393525989096,0,0,0,0,0,0,0,0,0,0,0,0,0,0,0,0,0,0,0,0,0,0,0,0,0,0,0,0,0,0,0,0,0,0,0,0,0,0,0,0,0,0,0,0,0,0,0,0,0,0,0,0,0,0,0,0,0,0,0,0,0,0,0,0,0,60560,0,0,0,0,0,0,0,0,0,0,0,0,0,0,0,0,0,0,0,0,0,0,0,0,0]}},"read":"2021-01-11T21:22:46.857848301Z"}