################################################################################
# PkgEval set-up: 2021-01-11T17:02:34.008
#

Julia Version 1.5.3
Commit 599f52c4c6 (2020-12-18 13:33 UTC)
Platform Info:
  OS: Linux (x86_64-linux-gnu)
  CPU: AMD EPYC 7502 32-Core Processor
  WORD_SIZE: 64
  LIBM: libopenlibm
  LLVM: libLLVM-9.0.1 (ORCJIT, znver2)
Environment:
  JULIA_PKG_PRECOMPILE_AUTO = 0
  JULIA_PKGEVAL = true

Base.julia_cmd() = `/opt/julia/bin/julia -Cnative -J/opt/julia/lib/julia/sys.so -g1`


################################################################################
# Installation: 2021-01-11T17:02:35.811
#

 Installing known registries into `~/.julia`
######################################################################## 100.0%
      Added registry `General` to `~/.julia/registries/General`
  Resolving package versions...
  Installed Artifacts ────────────────────────────── v1.3.0
  Installed CompilerSupportLibraries_jll ─────────── v0.3.4+0
  Installed BetterExp ────────────────────────────── v0.1.0
  Installed ModifiedHankelFunctionsOfOrderOneThird ─ v1.1.1
  Installed SpecialFunctions ─────────────────────── v1.2.1
  Installed JLLWrappers ──────────────────────────── v1.2.0
  Installed ChainRulesCore ───────────────────────── v0.9.24
  Installed MuladdMacro ──────────────────────────── v0.2.2
  Installed OpenSpecFun_jll ──────────────────────── v0.5.3+4
  Installed StaticArrays ─────────────────────────── v1.0.1
Updating `~/.julia/environments/v1.5/Project.toml`
  [b1c65800] + ModifiedHankelFunctionsOfOrderOneThird v1.1.1
Updating `~/.julia/environments/v1.5/Manifest.toml`
  [56f22d72] + Artifacts v1.3.0
  [7cffe744] + BetterExp v0.1.0
  [d360d2e6] + ChainRulesCore v0.9.24
  [e66e0078] + CompilerSupportLibraries_jll v0.3.4+0
  [692b3bcd] + JLLWrappers v1.2.0
  [b1c65800] + ModifiedHankelFunctionsOfOrderOneThird v1.1.1
  [46d2c3a1] + MuladdMacro v0.2.2
  [efe28fd5] + OpenSpecFun_jll v0.5.3+4
  [276daf66] + SpecialFunctions v1.2.1
  [90137ffa] + StaticArrays v1.0.1
  [2a0f44e3] + Base64
  [ade2ca70] + Dates
  [b77e0a4c] + InteractiveUtils
  [76f85450] + LibGit2
  [8f399da3] + Libdl
  [37e2e46d] + LinearAlgebra
  [56ddb016] + Logging
  [d6f4376e] + Markdown
  [44cfe95a] + Pkg
  [de0858da] + Printf
  [3fa0cd96] + REPL
  [9a3f8284] + Random
  [ea8e919c] + SHA
  [9e88b42a] + Serialization
  [6462fe0b] + Sockets
  [2f01184e] + SparseArrays
  [10745b16] + Statistics
  [cf7118a7] + UUIDs
  [4ec0a83e] + Unicode


################################################################################
# Testing: 2021-01-11T17:02:40.958
#

    Testing ModifiedHankelFunctionsOfOrderOneThird
Status `/tmp/jl_La9WnU/Project.toml`
  [7cffe744] BetterExp v0.1.0
  [b1c65800] ModifiedHankelFunctionsOfOrderOneThird v1.1.1
  [276daf66] SpecialFunctions v1.2.1
  [8dfed614] Test
Status `/tmp/jl_La9WnU/Manifest.toml`
  [56f22d72] Artifacts v1.3.0
  [7cffe744] BetterExp v0.1.0
  [d360d2e6] ChainRulesCore v0.9.24
  [e66e0078] CompilerSupportLibraries_jll v0.3.4+0
  [692b3bcd] JLLWrappers v1.2.0
  [b1c65800] ModifiedHankelFunctionsOfOrderOneThird v1.1.1
  [46d2c3a1] MuladdMacro v0.2.2
  [efe28fd5] OpenSpecFun_jll v0.5.3+4
  [276daf66] SpecialFunctions v1.2.1
  [90137ffa] StaticArrays v1.0.1
  [2a0f44e3] Base64
  [ade2ca70] Dates
  [8ba89e20] Distributed
  [b77e0a4c] InteractiveUtils
  [76f85450] LibGit2
  [8f399da3] Libdl
  [37e2e46d] LinearAlgebra
  [56ddb016] Logging
  [d6f4376e] Markdown
  [44cfe95a] Pkg
  [de0858da] Printf
  [3fa0cd96] REPL
  [9a3f8284] Random
  [ea8e919c] SHA
  [9e88b42a] Serialization
  [6462fe0b] Sockets
  [2f01184e] SparseArrays
  [10745b16] Statistics
  [8dfed614] Test
  [cf7118a7] UUIDs
  [4ec0a83e] Unicode

Starting tests
Test Summary:             | Pass  Total
Power series: zeros of h₂ |    9      9
Test Summary:              | Pass  Total
Power series: zeros of h₂′ |    9      9
Test Summary:             | Pass  Total
Power series: spot checks |   12     12
Test Summary:                             | Pass  Total
Comparison with Airy and Bessel functions |   31     31
Test Summary:        | Pass  Total
Asymptotic expansion |   15     15
  3.461812 seconds (7.01 M allocations: 359.346 MiB, 1.96% gc time)
    Testing ModifiedHankelFunctionsOfOrderOneThird tests passed 

PkgEval succeeded


################################################################################
# PkgEval teardown: 2021-01-11T17:03:13.065
CPU usage: 39.10s (35.37s user, 3.84s kernel)

Network usage:
- eth0: 3.100 MiB received, 69.563 KiB sent

Raw statistics: {"blkio_stats":{"io_queue_recursive":[],"io_serviced_recursive":[{"major":259,"value":0,"op":"Read","minor":0},{"major":259,"value":24,"op":"Write","minor":0},{"major":259,"value":19,"op":"Sync","minor":0},{"major":259,"value":5,"op":"Async","minor":0},{"major":259,"value":0,"op":"Discard","minor":0},{"major":259,"value":24,"op":"Total","minor":0},{"major":253,"value":0,"op":"Read","minor":2},{"major":253,"value":24,"op":"Write","minor":2},{"major":253,"value":19,"op":"Sync","minor":2},{"major":253,"value":5,"op":"Async","minor":2},{"major":253,"value":0,"op":"Discard","minor":2},{"major":253,"value":24,"op":"Total","minor":2}],"io_time_recursive":[],"sectors_recursive":[],"io_service_bytes_recursive":[{"major":259,"value":0,"op":"Read","minor":0},{"major":259,"value":126976,"op":"Write","minor":0},{"major":259,"value":106496,"op":"Sync","minor":0},{"major":259,"value":20480,"op":"Async","minor":0},{"major":259,"value":0,"op":"Discard","minor":0},{"major":259,"value":126976,"op":"Total","minor":0},{"major":253,"value":0,"op":"Read","minor":2},{"major":253,"value":126976,"op":"Write","minor":2},{"major":253,"value":106496,"op":"Sync","minor":2},{"major":253,"value":20480,"op":"Async","minor":2},{"major":253,"value":0,"op":"Discard","minor":2},{"major":253,"value":126976,"op":"Total","minor":2}],"io_wait_time_recursive":[],"io_merged_recursive":[],"io_service_time_recursive":[]},"memory_stats":{"usage":347021312,"max_usage":1068843008,"stats":{"hierarchical_memory_limit":9223372036854771712,"pgmajfault":0,"total_rss":222662656,"inactive_file":135168,"inactive_anon":80830464,"total_pgfault":1018083,"total_cache":93212672,"total_rss_huge":0,"total_active_anon":227487744,"total_pgmajfault":0,"pgpgin":683595,"rss_huge":0,"mapped_file":0,"total_inactive_file":135168,"dirty":811008,"total_unevictable":0,"total_dirty":811008,"writeback":0,"pgpgout":606475,"hierarchical_memsw_limit":0,"cache":93212672,"active_file":7839744,"pgfault":1018083,"total_mapped_file":0,"total_pgpgout":606475,"total_writeback":0,"rss":222662656,"unevictable":0,"total_inactive_anon":80830464,"total_pgpgin":683595,"active_anon":227487744,"total_active_file":7839744},"limit":540965302272},"name":"/ModifiedHankelFunctionsOfOrderOneThird-2XPL6hnS","networks":{"eth0":{"rx_bytes":3250956,"rx_packets":568,"tx_packets":607,"tx_bytes":71233,"tx_dropped":0,"rx_dropped":2,"tx_errors":0,"rx_errors":0}},"id":"90dff93e362394d051036f204a88a782dd24abcb351487e1df86fc1817af8c59","preread":"0001-01-01T00:00:00Z","storage_stats":{},"precpu_stats":{"throttling_data":{"throttled_periods":0,"throttled_time":0,"periods":0},"cpu_usage":{"usage_in_usermode":0,"usage_in_kernelmode":0,"total_usage":0}},"pids_stats":{"current":40},"num_procs":0,"cpu_stats":{"throttling_data":{"throttled_periods":0,"throttled_time":0,"periods":0},"system_cpu_usage":3923800614522419,"online_cpus":128,"cpu_usage":{"usage_in_usermode":35370000000,"usage_in_kernelmode":3840000000,"total_usage":39097891192,"percpu_usage":[0,0,39097827932,0,0,0,0,0,0,0,0,0,0,0,0,0,0,0,0,0,0,0,0,0,0,0,0,0,0,0,0,0,0,0,0,0,0,0,0,0,0,0,0,0,0,0,0,0,0,0,0,0,0,0,0,0,0,0,0,0,0,0,0,0,5170,0,58090,0,0,0,0,0,0,0,0,0,0,0,0,0,0,0,0,0,0,0,0,0,0,0,0,0,0,0,0,0,0,0,0,0,0,0,0,0,0,0,0,0,0,0,0,0,0,0,0,0,0,0,0,0,0,0,0,0,0,0,0,0]}},"read":"2021-01-11T17:03:13.068429129Z"}