################################################################################
# PkgEval set-up: 2021-01-11T22:19:35.895
#

Julia Version 1.5.3
Commit 599f52c4c6 (2020-12-18 13:33 UTC)
Platform Info:
  OS: Linux (x86_64-linux-gnu)
  CPU: AMD EPYC 7502 32-Core Processor
  WORD_SIZE: 64
  LIBM: libopenlibm
  LLVM: libLLVM-9.0.1 (ORCJIT, znver2)
Environment:
  JULIA_PKG_PRECOMPILE_AUTO = 0
  JULIA_PKGEVAL = true

Base.julia_cmd() = `/opt/julia/bin/julia -Cnative -J/opt/julia/lib/julia/sys.so -g1`


################################################################################
# Installation: 2021-01-11T22:19:37.674
#

 Installing known registries into `~/.julia`
#################                                                         23.9%######################################################################## 100.0%
      Added registry `General` to `~/.julia/registries/General`
  Resolving package versions...
  Installed CompilerSupportLibraries_jll â”€ v0.3.4+0
  Installed Rmath_jll â”€â”€â”€â”€â”€â”€â”€â”€â”€â”€â”€â”€â”€â”€â”€â”€â”€â”€â”€â”€ v0.2.2+1
  Installed Rmath â”€â”€â”€â”€â”€â”€â”€â”€â”€â”€â”€â”€â”€â”€â”€â”€â”€â”€â”€â”€â”€â”€â”€â”€ v0.6.1
  Installed MuladdMacro â”€â”€â”€â”€â”€â”€â”€â”€â”€â”€â”€â”€â”€â”€â”€â”€â”€â”€ v0.2.2
  Installed FillArrays â”€â”€â”€â”€â”€â”€â”€â”€â”€â”€â”€â”€â”€â”€â”€â”€â”€â”€â”€ v0.10.2
  Installed StatsBase â”€â”€â”€â”€â”€â”€â”€â”€â”€â”€â”€â”€â”€â”€â”€â”€â”€â”€â”€â”€ v0.33.2
  Installed DataStructures â”€â”€â”€â”€â”€â”€â”€â”€â”€â”€â”€â”€â”€â”€â”€ v0.18.8
  Installed Requires â”€â”€â”€â”€â”€â”€â”€â”€â”€â”€â”€â”€â”€â”€â”€â”€â”€â”€â”€â”€â”€ v1.1.2
  Installed DataAPI â”€â”€â”€â”€â”€â”€â”€â”€â”€â”€â”€â”€â”€â”€â”€â”€â”€â”€â”€â”€â”€â”€ v1.4.0
  Installed Missings â”€â”€â”€â”€â”€â”€â”€â”€â”€â”€â”€â”€â”€â”€â”€â”€â”€â”€â”€â”€â”€ v0.4.4
  Installed QuadGK â”€â”€â”€â”€â”€â”€â”€â”€â”€â”€â”€â”€â”€â”€â”€â”€â”€â”€â”€â”€â”€â”€â”€ v2.4.1
  Installed OrderedCollections â”€â”€â”€â”€â”€â”€â”€â”€â”€â”€â”€ v1.3.2
  Installed RecipesBase â”€â”€â”€â”€â”€â”€â”€â”€â”€â”€â”€â”€â”€â”€â”€â”€â”€â”€ v1.1.1
  Installed StaticArrays â”€â”€â”€â”€â”€â”€â”€â”€â”€â”€â”€â”€â”€â”€â”€â”€â”€ v1.0.1
  Installed MacroTools â”€â”€â”€â”€â”€â”€â”€â”€â”€â”€â”€â”€â”€â”€â”€â”€â”€â”€â”€ v0.5.6
  Installed Hwloc â”€â”€â”€â”€â”€â”€â”€â”€â”€â”€â”€â”€â”€â”€â”€â”€â”€â”€â”€â”€â”€â”€â”€â”€ v1.1.0
  Installed ArrayInterface â”€â”€â”€â”€â”€â”€â”€â”€â”€â”€â”€â”€â”€â”€â”€ v2.14.13
  Installed PDMats â”€â”€â”€â”€â”€â”€â”€â”€â”€â”€â”€â”€â”€â”€â”€â”€â”€â”€â”€â”€â”€â”€â”€ v0.10.1
  Installed JLLWrappers â”€â”€â”€â”€â”€â”€â”€â”€â”€â”€â”€â”€â”€â”€â”€â”€â”€â”€ v1.2.0
  Installed IfElse â”€â”€â”€â”€â”€â”€â”€â”€â”€â”€â”€â”€â”€â”€â”€â”€â”€â”€â”€â”€â”€â”€â”€ v0.1.0
  Installed Distributions â”€â”€â”€â”€â”€â”€â”€â”€â”€â”€â”€â”€â”€â”€â”€â”€ v0.24.10
  Installed StatsFuns â”€â”€â”€â”€â”€â”€â”€â”€â”€â”€â”€â”€â”€â”€â”€â”€â”€â”€â”€â”€ v0.9.6
  Installed SortingAlgorithms â”€â”€â”€â”€â”€â”€â”€â”€â”€â”€â”€â”€ v0.3.1
  Installed VectorizationBase â”€â”€â”€â”€â”€â”€â”€â”€â”€â”€â”€â”€ v0.15.2
  Installed SpecialFunctions â”€â”€â”€â”€â”€â”€â”€â”€â”€â”€â”€â”€â”€ v1.2.1
  Installed ChainRulesCore â”€â”€â”€â”€â”€â”€â”€â”€â”€â”€â”€â”€â”€â”€â”€ v0.9.24
  Installed Compat â”€â”€â”€â”€â”€â”€â”€â”€â”€â”€â”€â”€â”€â”€â”€â”€â”€â”€â”€â”€â”€â”€â”€ v3.25.0
  Installed SLEEFPirates â”€â”€â”€â”€â”€â”€â”€â”€â”€â”€â”€â”€â”€â”€â”€â”€â”€ v0.6.4
  Installed OpenSpecFun_jll â”€â”€â”€â”€â”€â”€â”€â”€â”€â”€â”€â”€â”€â”€ v0.5.3+4
  Installed Hwloc_jll â”€â”€â”€â”€â”€â”€â”€â”€â”€â”€â”€â”€â”€â”€â”€â”€â”€â”€â”€â”€ v2.2.0+0
  Installed MonteCarloMeasurements â”€â”€â”€â”€â”€â”€â”€ v0.9.14
  Installed Artifacts â”€â”€â”€â”€â”€â”€â”€â”€â”€â”€â”€â”€â”€â”€â”€â”€â”€â”€â”€â”€ v1.3.0
Updating `~/.julia/environments/v1.5/Project.toml`
  [0987c9cc] + MonteCarloMeasurements v0.9.14
Updating `~/.julia/environments/v1.5/Manifest.toml`
  [4fba245c] + ArrayInterface v2.14.13
  [56f22d72] + Artifacts v1.3.0
  [d360d2e6] + ChainRulesCore v0.9.24
  [34da2185] + Compat v3.25.0
  [e66e0078] + CompilerSupportLibraries_jll v0.3.4+0
  [9a962f9c] + DataAPI v1.4.0
  [864edb3b] + DataStructures v0.18.8
  [31c24e10] + Distributions v0.24.10
  [1a297f60] + FillArrays v0.10.2
  [0e44f5e4] + Hwloc v1.1.0
  [e33a78d0] + Hwloc_jll v2.2.0+0
  [615f187c] + IfElse v0.1.0
  [692b3bcd] + JLLWrappers v1.2.0
  [1914dd2f] + MacroTools v0.5.6
  [e1d29d7a] + Missings v0.4.4
  [0987c9cc] + MonteCarloMeasurements v0.9.14
  [46d2c3a1] + MuladdMacro v0.2.2
  [efe28fd5] + OpenSpecFun_jll v0.5.3+4
  [bac558e1] + OrderedCollections v1.3.2
  [90014a1f] + PDMats v0.10.1
  [1fd47b50] + QuadGK v2.4.1
  [3cdcf5f2] + RecipesBase v1.1.1
  [ae029012] + Requires v1.1.2
  [79098fc4] + Rmath v0.6.1
  [f50d1b31] + Rmath_jll v0.2.2+1
  [476501e8] + SLEEFPirates v0.6.4
  [a2af1166] + SortingAlgorithms v0.3.1
  [276daf66] + SpecialFunctions v1.2.1
  [90137ffa] + StaticArrays v1.0.1
  [2913bbd2] + StatsBase v0.33.2
  [4c63d2b9] + StatsFuns v0.9.6
  [3d5dd08c] + VectorizationBase v0.15.2
  [2a0f44e3] + Base64
  [ade2ca70] + Dates
  [8bb1440f] + DelimitedFiles
  [8ba89e20] + Distributed
  [b77e0a4c] + InteractiveUtils
  [76f85450] + LibGit2
  [8f399da3] + Libdl
  [37e2e46d] + LinearAlgebra
  [56ddb016] + Logging
  [d6f4376e] + Markdown
  [a63ad114] + Mmap
  [44cfe95a] + Pkg
  [de0858da] + Printf
  [3fa0cd96] + REPL
  [9a3f8284] + Random
  [ea8e919c] + SHA
  [9e88b42a] + Serialization
  [1a1011a3] + SharedArrays
  [6462fe0b] + Sockets
  [2f01184e] + SparseArrays
  [10745b16] + Statistics
  [4607b0f0] + SuiteSparse
  [8dfed614] + Test
  [cf7118a7] + UUIDs
  [4ec0a83e] + Unicode


################################################################################
# Testing: 2021-01-11T22:19:44.731
#

    Testing MonteCarloMeasurements
Status `/tmp/jl_1cu80T/Project.toml`
  [a6e380b2] ControlSystems v0.8.0
  [31c24e10] Distributions v0.24.10
  [f6369f11] ForwardDiff v0.10.14
  [14197337] GenericLinearAlgebra v0.2.4
  [1914dd2f] MacroTools v0.5.6
  [eff96d63] Measurements v2.3.0
  [0987c9cc] MonteCarloMeasurements v0.9.14
  [91a5bcdd] Plots v1.10.1
  [3cdcf5f2] RecipesBase v1.1.1
  [ae029012] Requires v1.1.2
  [476501e8] SLEEFPirates v0.6.4
  [90137ffa] StaticArrays v1.0.1
  [2913bbd2] StatsBase v0.33.2
  [1986cc42] Unitful v1.5.0
  [8ba89e20] Distributed
  [37e2e46d] LinearAlgebra
  [9a3f8284] Random
  [10745b16] Statistics
  [8dfed614] Test
Status `/tmp/jl_1cu80T/Manifest.toml`
  [621f4979] AbstractFFTs v1.0.0
  [79e6a3ab] Adapt v3.0.0
  [ec485272] ArnoldiMethod v0.0.2
  [4fba245c] ArrayInterface v2.14.13
  [56f22d72] Artifacts v1.3.0
  [6e34b625] Bzip2_jll v1.0.6+5
  [83423d85] Cairo_jll v1.16.0+6
  [49dc2e85] Calculus v0.5.1
  [d360d2e6] ChainRulesCore v0.9.24
  [35d6a980] ColorSchemes v3.10.2
  [3da002f7] ColorTypes v0.10.9
  [5ae59095] Colors v0.12.6
  [bbf7d656] CommonSubexpressions v0.3.0
  [34da2185] Compat v3.25.0
  [e66e0078] CompilerSupportLibraries_jll v0.3.4+0
  [187b0558] ConstructionBase v1.0.0
  [d38c429a] Contour v0.5.7
  [a6e380b2] ControlSystems v0.8.0
  [717857b8] DSP v0.6.10
  [9a962f9c] DataAPI v1.4.0
  [864edb3b] DataStructures v0.18.8
  [e2d170a0] DataValueInterfaces v1.0.0
  [bcd4f6db] DelayDiffEq v5.28.1
  [2b5f629d] DiffEqBase v6.53.4
  [163ba53b] DiffResults v1.0.3
  [b552c78f] DiffRules v1.0.2
  [b4f34e82] Distances v0.10.0
  [31c24e10] Distributions v0.24.10
  [ffbed154] DocStringExtensions v0.8.3
  [5ae413db] EarCut_jll v2.1.5+1
  [2e619515] Expat_jll v2.2.7+6
  [d4d017d3] ExponentialUtilities v1.8.0
  [e2ba6199] ExprTools v0.1.3
  [8f5d6c58] EzXML v1.1.0
  [c87230d0] FFMPEG v0.4.0
  [b22a6f82] FFMPEG_jll v4.3.1+4
  [7a1cc6ca] FFTW v1.3.1
  [f5851436] FFTW_jll v3.3.9+7
  [9aa1b823] FastClosures v0.3.2
  [1a297f60] FillArrays v0.10.2
  [6a86dc24] FiniteDiff v2.7.2
  [53c48c17] FixedPointNumbers v0.8.4
  [a3f928ae] Fontconfig_jll v2.13.1+14
  [59287772] Formatting v0.4.2
  [f6369f11] ForwardDiff v0.10.14
  [d7e528f0] FreeType2_jll v2.10.1+5
  [559328eb] FriBidi_jll v1.0.5+6
  [069b7b12] FunctionWrappers v1.1.1
  [0656b61e] GLFW_jll v3.3.2+1
  [28b8d3ca] GR v0.53.0
  [d2c73de3] GR_jll v0.53.0+0
  [14197337] GenericLinearAlgebra v0.2.4
  [01680d73] GenericSVD v0.3.0
  [5c1252a2] GeometryBasics v0.3.5
  [78b55507] Gettext_jll v0.20.1+7
  [7746bdde] Glib_jll v2.59.0+4
  [42e2da0e] Grisu v1.0.0
  [cd3eb016] HTTP v0.8.19
  [0e44f5e4] Hwloc v1.1.0
  [e33a78d0] Hwloc_jll v2.2.0+0
  [615f187c] IfElse v0.1.0
  [d25df0c9] Inflate v0.1.2
  [83e8ac13] IniFile v0.5.0
  [1d5cc7b8] IntelOpenMP_jll v2018.0.3+0
  [d8418881] Intervals v1.5.0
  [c8e1da08] IterTools v1.3.0
  [42fd0dbc] IterativeSolvers v0.9.0
  [82899510] IteratorInterfaceExtensions v1.0.0
  [692b3bcd] JLLWrappers v1.2.0
  [682c06a0] JSON v0.21.1
  [aacddb02] JpegTurbo_jll v2.0.1+3
  [c1c5ebd0] LAME_jll v3.100.0+3
  [dd4b983a] LZO_jll v2.10.0+3
  [b964fa9f] LaTeXStrings v1.2.0
  [2ee39098] LabelledArrays v1.4.0
  [23fbe1c1] Latexify v0.14.7
  [dd192d2f] LibVPX_jll v1.9.0+1
  [e9f186c6] Libffi_jll v3.2.1+4
  [d4300ac3] Libgcrypt_jll v1.8.5+4
  [7e76a0d4] Libglvnd_jll v1.3.0+3
  [7add5ba3] Libgpg_error_jll v1.36.0+3
  [94ce4f54] Libiconv_jll v1.16.0+7
  [4b2f31a3] Libmount_jll v2.34.0+3
  [89763e89] Libtiff_jll v4.1.0+2
  [38a345b3] Libuuid_jll v2.34.0+7
  [093fc24a] LightGraphs v1.3.4
  [d3d80556] LineSearches v7.1.1
  [856f044c] MKL_jll v2020.2.254+0
  [1914dd2f] MacroTools v0.5.6
  [739be429] MbedTLS v1.0.3
  [c8ffd9c3] MbedTLS_jll v2.16.8+1
  [eff96d63] Measurements v2.3.0
  [442fdcdd] Measures v0.3.1
  [e1d29d7a] Missings v0.4.4
  [78c3b35d] Mocking v0.7.1
  [0987c9cc] MonteCarloMeasurements v0.9.14
  [46d2c3a1] MuladdMacro v0.2.2
  [d41bc354] NLSolversBase v7.7.1
  [2774e3e8] NLsolve v4.5.1
  [77ba4419] NaNMath v0.3.5
  [8913a72c] NonlinearSolve v0.3.4
  [6fe1bfb0] OffsetArrays v1.3.1
  [e7412a2a] Ogg_jll v1.3.4+2
  [458c3c95] OpenSSL_jll v1.1.1+6
  [efe28fd5] OpenSpecFun_jll v0.5.3+4
  [91d4177d] Opus_jll v1.3.1+3
  [bac558e1] OrderedCollections v1.3.2
  [1dea7af3] OrdinaryDiffEq v5.49.1
  [2f80f16e] PCRE_jll v8.42.0+4
  [90014a1f] PDMats v0.10.1
  [d96e819e] Parameters v0.12.1
  [69de0a69] Parsers v1.0.15
  [30392449] Pixman_jll v0.40.0+0
  [ccf2f8ad] PlotThemes v2.0.0
  [995b91a9] PlotUtils v1.0.10
  [91a5bcdd] Plots v1.10.1
  [f27b6e38] Polynomials v1.2.0
  [ede63266] Qt_jll v5.15.2+1
  [1fd47b50] QuadGK v2.4.1
  [3cdcf5f2] RecipesBase v1.1.1
  [01d81517] RecipesPipeline v0.2.1
  [731186ca] RecursiveArrayTools v2.10.0
  [f2c3362d] RecursiveFactorization v0.1.0
  [189a3867] Reexport v1.0.0
  [ae029012] Requires v1.1.2
  [79098fc4] Rmath v0.6.1
  [f50d1b31] Rmath_jll v0.2.2+1
  [476501e8] SLEEFPirates v0.6.4
  [6c6a2e73] Scratch v1.0.3
  [efcf1570] Setfield v0.7.0
  [992d4aef] Showoff v0.3.2
  [699a6c99] SimpleTraits v0.9.3
  [a2af1166] SortingAlgorithms v0.3.1
  [47a9eef4] SparseDiffTools v1.12.0
  [276daf66] SpecialFunctions v1.2.1
  [90137ffa] StaticArrays v1.0.1
  [2913bbd2] StatsBase v0.33.2
  [4c63d2b9] StatsFuns v0.9.6
  [09ab397b] StructArrays v0.4.2
  [3783bdb8] TableTraits v1.0.0
  [bd369af6] Tables v1.2.2
  [f269a46b] TimeZones v1.5.3
  [a2a6695c] TreeViews v0.3.0
  [3a884ed6] UnPack v1.0.2
  [1986cc42] Unitful v1.5.0
  [3d5dd08c] VectorizationBase v0.15.2
  [19fa3120] VertexSafeGraphs v0.1.2
  [a2964d1f] Wayland_jll v1.17.0+4
  [2381bf8a] Wayland_protocols_jll v1.18.0+4
  [02c8fc9c] XML2_jll v2.9.10+3
  [aed1982a] XSLT_jll v1.1.33+4
  [4f6342f7] Xorg_libX11_jll v1.6.9+4
  [0c0b7dd1] Xorg_libXau_jll v1.0.9+4
  [935fb764] Xorg_libXcursor_jll v1.2.0+4
  [a3789734] Xorg_libXdmcp_jll v1.1.3+4
  [1082639a] Xorg_libXext_jll v1.3.4+4
  [d091e8ba] Xorg_libXfixes_jll v5.0.3+4
  [a51aa0fd] Xorg_libXi_jll v1.7.10+4
  [d1454406] Xorg_libXinerama_jll v1.1.4+4
  [ec84b674] Xorg_libXrandr_jll v1.5.2+4
  [ea2f1a96] Xorg_libXrender_jll v0.9.10+4
  [14d82f49] Xorg_libpthread_stubs_jll v0.1.0+3
  [c7cfdc94] Xorg_libxcb_jll v1.13.0+3
  [cc61e674] Xorg_libxkbfile_jll v1.1.0+4
  [12413925] Xorg_xcb_util_image_jll v0.4.0+1
  [2def613f] Xorg_xcb_util_jll v0.4.0+1
  [975044d2] Xorg_xcb_util_keysyms_jll v0.4.0+1
  [0d47668e] Xorg_xcb_util_renderutil_jll v0.3.9+1
  [c22f9ab0] Xorg_xcb_util_wm_jll v0.4.1+1
  [35661453] Xorg_xkbcomp_jll v1.4.2+4
  [33bec58e] Xorg_xkeyboard_config_jll v2.27.0+4
  [c5fb5394] Xorg_xtrans_jll v1.4.0+3
  [83775a58] Zlib_jll v1.2.11+18
  [3161d3a3] Zstd_jll v1.4.5+2
  [700de1a5] ZygoteRules v0.2.1
  [0ac62f75] libass_jll v0.14.0+4
  [f638f0a6] libfdk_aac_jll v0.1.6+4
  [b53b4c65] libpng_jll v1.6.37+6
  [f27f6e37] libvorbis_jll v1.3.6+6
  [1270edf5] x264_jll v2020.7.14+2
  [dfaa095f] x265_jll v3.0.0+3
  [d8fb68d0] xkbcommon_jll v0.9.1+5
  [2a0f44e3] Base64
  [ade2ca70] Dates
  [8bb1440f] DelimitedFiles
  [8ba89e20] Distributed
  [9fa8497b] Future
  [b77e0a4c] InteractiveUtils
  [76f85450] LibGit2
  [8f399da3] Libdl
  [37e2e46d] LinearAlgebra
  [56ddb016] Logging
  [d6f4376e] Markdown
  [a63ad114] Mmap
  [44cfe95a] Pkg
  [de0858da] Printf
  [3fa0cd96] REPL
  [9a3f8284] Random
  [ea8e919c] SHA
  [9e88b42a] Serialization
  [1a1011a3] SharedArrays
  [6462fe0b] Sockets
  [2f01184e] SparseArrays
  [10745b16] Statistics
  [4607b0f0] SuiteSparse
  [8dfed614] Test
  [cf7118a7] UUIDs
  [4ec0a83e] Unicode
[ Info: Running tests
[ Info: import Plots
[ Info: import Plots done
[ Info: Testing MonteCarloMeasurements
[ Info: Testing sampling
  2.157921 seconds (5.12 M allocations: 323.093 MiB, 3.71% gc time)
[ Info: Creating the first StaticParticles
[ Info: Done
[ Info: Running tests for Particles
-3.22e-17 Â± 1.0
mode = :montecarlo
mode = :reduction
mode = :safe
[ Info: Tests for Particles done
[ Info: Running tests for StaticParticles
-3.22e-17 Â± 1.0
mode = :montecarlo
mode = :reduction
mode = :safe
[ Info: Tests for StaticParticles done
 38.667183 seconds (53.37 M allocations: 2.495 GiB, 2.21% gc time)
[ Info: Running tests for multivariate Particles
[ Info: Tests for multivariate Particles done
[ Info: Running tests for multivariate StaticParticles
[ Info: Tests for multivariate StaticParticles done
  1.217492 seconds (2.20 M allocations: 108.423 MiB, 2.95% gc time)
[ Info: Testing sigmapoints
[ Info: Testing gradient
  1.410331 seconds (2.56 M allocations: 132.729 MiB, 2.68% gc time)
[ Info: Testing leastsquares
  7.309551 seconds (5.35 M allocations: 5.350 GiB, 15.25% gc time)
[ Info: Testing misc
Particles{Float64,2000}
 -8.659739999999999e-18 Â± 1.0-8.66e-18 Â± 1.0
$-8.66e-18 Â± 1.0$
0.0
$0.0$
$(-8.66e-18 Â± 1.0) + (-8.66e-18 Â± 1.0)i$
$(-8.66e-18 Â± 1.0) + (8.66e-18 Â± 1.0)i$
$(0.0) + (-8.66e-18 Â± 1.0)i$
$(0.0) + (8.66e-18 Â± 1.0)i$
Particles{Float64,2000}
 -8.659739999999999e-18 Â± 1.0
0.0
Particles{Float64,2000}
 0.0
(-8.66e-18 Â± 1.0) + (-8.66e-18 Â± 1.0)im
(-8.66e-18 Â± 1.0) + (8.66e-18 Â± 1.0)im
(0.0) + (-8.66e-18 Â± 1.0)im
(0.0) - (10.0 Â± 1.0)im
2-element Array{Particles{Float64,2000},1}:
 -8.66e-18 Â± 1.0
 -8.66e-18 Â± 1.0Particles{Float64,2000}[-8.66e-18 Â± 1.0, -8.66e-18 Â± 1.0]
Particles{Float64,2000}[-8.66e-18 Â± 1.0, 0.0]
 13.739220 seconds (25.12 M allocations: 1.270 GiB, 2.82% gc time)
[ Info: Testing mutation
  0.108160 seconds (164.76 k allocations: 9.234 MiB)
[ Info: Testing outer product
  0.942011 seconds (2.23 M allocations: 148.074 MiB, 3.97% gc time)
[ Info: Testing plotting
!=,
!==,
rem,
&,
*,
+,
-,
/,
//,
Colon,
<<,
>,
>:,
>=,
>>,
>>>,
\,
^,
accumulate,
all,
any,
asyncmap,
atan,
atand,
axes,
binomial,
bitrotate,
broadcast,
broadcast!,
cat,
circcopy!,
cld,
cmp,
coalesce,
code_lowered,
code_typed,
complex,
copysign,
count,
ctime,
div,
divrem,
eachindex,
error,
extrema,
falses,
fdio,
filemode,
filesize,
finalizer,
findnext,
findprev,
fld,
fld1,
fldmod,
fldmod1,
flipsign,
foldl,
foldr,
foreach,
functionloc,
gcd,
gcdx,
getindex,
gperm,
hash,
hasmethod,
hcat,
hvcat,
hypot,
in,
intersect,
invmod,
isblockdev,
ischardev,
isdir,
isdisjoint,
isequal,
isfifo,
isfile,
isless,
islink,
ismount,
ispath,
issetequal,
issetgid,
issetuid,
issocket,
issticky,
issubset,
iszero,
iterate,
join,
kron,
lcm,
ldexp,
log,
lpad,
lstat,
map,
mapreduce,
max,
maximum,
methods,
min,
minimum,
minmax,
mod,
mod1,
mtime,
nextfloat,
nextpow,
ntuple,
oftype,
ones,
operm,
parentmodule,
prevfloat,
prevpow,
print,
println,
printstyled,
prod,
propertynames,
range,
reduce,
rem,
rpad,
setdiff,
something,
stat,
string,
sum,
symdiff,
systemerror,
task_local_storage,
trues,
typeintersect,
typejoin,
union,
unique,
uperm,
vcat,
which,
widemul,
xor,
zip,
|,
div,
in,
âˆ‰,
âˆ‹,
âˆŒ,
âˆ˜,
intersect,
union,
isapprox,
â‰‰,
!=,
!==,
<=,
>=,
issubset,
âŠ‡,
âŠˆ,
âŠ‰,
âŠŠ,
âŠ‹,
xor,
 24.835899 seconds (59.15 M allocations: 2.968 GiB, 7.06% gc time)
[ Info: Testing optimization
[ Info: Converged at iteration 3242
[ Info: Converged at iteration 3220
[ Info: Converged at iteration 3220
  3.112385 seconds (5.20 M allocations: 631.733 MiB, 5.52% gc time)
[ Info: Testing Particle BLAS
[ Info: Testing bymap
[ Info: Testing @prob
  4.142235 seconds (8.48 M allocations: 430.084 MiB, 3.03% gc time)
[ Info: Testing nominal values
[ Info: Testing Unitful
0.5 V Â± 0.5802298395176404 V
Particles{Quantity{Float64,ğ‹^2 ğŒ ğˆ^-1 ğ“^-3,Unitful.FreeUnits{(V,),ğ‹^2 ğŒ ğˆ^-1 ğ“^-3,nothing}},100}
 0.5 V Â± 0.5802298395176404 V0.0 V
Particles{Quantity{Float64,ğ‹^2 ğŒ ğˆ^-1 ğ“^-3,Unitful.FreeUnits{(V,),ğ‹^2 ğŒ ğˆ^-1 ğ“^-3,nothing}},100}
 0.0 V0.49999999999999983 V Â± 0.5802298395176404 V
StaticParticles{Quantity{Float64,ğ‹^2 ğŒ ğˆ^-1 ğ“^-3,Unitful.FreeUnits{(V,),ğ‹^2 ğŒ ğˆ^-1 ğ“^-3,nothing}},100}
 0.49999999999999983 V Â± 0.5802298395176404 V0.0 V
StaticParticles{Quantity{Float64,ğ‹^2 ğŒ ğˆ^-1 ğ“^-3,Unitful.FreeUnits{(V,),ğ‹^2 ğŒ ğˆ^-1 ğ“^-3,nothing}},100}
 0.0 V[ Info: Testing ForwardDiff
[ Info: Testing deconstruct
[ Info: Unsafe comparisons using the function `mean` has been enabled globally. Use `@unsafe` to enable in a local expression only or `unsafe_comparisons(false)` to turn off unsafe comparisons
  0.796590 seconds (837.19 k allocations: 42.378 MiB, 5.71% gc time)
  0.059341 seconds (57.56 k allocations: 3.297 MiB)
[ Info: Testing SLEEFPirates
[ Info: Testing Measurements
Test Summary:             | Pass  Total
MonteCarloMeasurements.jl |  961    961
    Testing MonteCarloMeasurements tests passed 

PkgEval succeeded


################################################################################
# PkgEval teardown: 2021-01-11T22:31:37.023
CPU usage: 718.23s (690.94s user, 28.14s kernel)

Network usage:
- eth0: 57.582 MiB received, 1.485 MiB sent

Raw statistics: {"blkio_stats":{"io_queue_recursive":[],"io_serviced_recursive":[{"major":259,"value":0,"op":"Read","minor":0},{"major":259,"value":36,"op":"Write","minor":0},{"major":259,"value":19,"op":"Sync","minor":0},{"major":259,"value":17,"op":"Async","minor":0},{"major":259,"value":0,"op":"Discard","minor":0},{"major":259,"value":36,"op":"Total","minor":0},{"major":253,"value":0,"op":"Read","minor":2},{"major":253,"value":36,"op":"Write","minor":2},{"major":253,"value":19,"op":"Sync","minor":2},{"major":253,"value":17,"op":"Async","minor":2},{"major":253,"value":0,"op":"Discard","minor":2},{"major":253,"value":36,"op":"Total","minor":2}],"io_time_recursive":[],"sectors_recursive":[],"io_service_bytes_recursive":[{"major":259,"value":0,"op":"Read","minor":0},{"major":259,"value":253952,"op":"Write","minor":0},{"major":259,"value":106496,"op":"Sync","minor":0},{"major":259,"value":147456,"op":"Async","minor":0},{"major":259,"value":0,"op":"Discard","minor":0},{"major":259,"value":253952,"op":"Total","minor":0},{"major":253,"value":0,"op":"Read","minor":2},{"major":253,"value":253952,"op":"Write","minor":2},{"major":253,"value":106496,"op":"Sync","minor":2},{"major":253,"value":147456,"op":"Async","minor":2},{"major":253,"value":0,"op":"Discard","minor":2},{"major":253,"value":253952,"op":"Total","minor":2}],"io_wait_time_recursive":[],"io_merged_recursive":[],"io_service_time_recursive":[]},"memory_stats":{"usage":564998144,"max_usage":3047919616,"stats":{"hierarchical_memory_limit":9223372036854771712,"pgmajfault":0,"total_rss":226496512,"inactive_file":135168,"inactive_anon":186937344,"total_pgfault":12981639,"total_cache":297947136,"total_rss_huge":0,"total_active_anon":337514496,"total_pgmajfault":0,"pgpgin":8428662,"rss_huge":0,"mapped_file":0,"total_inactive_file":135168,"dirty":405504,"total_unevictable":0,"total_dirty":405504,"writeback":0,"pgpgout":8300643,"hierarchical_memsw_limit":0,"cache":297947136,"active_file":135168,"pgfault":12981639,"total_mapped_file":0,"total_pgpgout":8300643,"total_writeback":0,"rss":226496512,"unevictable":0,"total_inactive_anon":186937344,"total_pgpgin":8428662,"active_anon":337514496,"total_active_file":135168},"limit":540965302272},"name":"/MonteCarloMeasurements-cDDDgKSf","networks":{"eth0":{"rx_bytes":60378789,"rx_packets":28408,"tx_packets":18445,"tx_bytes":1556635,"tx_dropped":0,"rx_dropped":24,"tx_errors":0,"rx_errors":0}},"id":"31786b9ec9bd1bdcb7097c58ed71b5f30125c476c530ea416400480f81aa9c93","preread":"0001-01-01T00:00:00Z","storage_stats":{},"precpu_stats":{"throttling_data":{"throttled_periods":0,"throttled_time":0,"periods":0},"cpu_usage":{"usage_in_usermode":0,"usage_in_kernelmode":0,"total_usage":0}},"pids_stats":{"current":40},"num_procs":0,"cpu_stats":{"throttling_data":{"throttled_periods":0,"throttled_time":0,"periods":0},"system_cpu_usage":6441566794522419,"online_cpus":128,"cpu_usage":{"usage_in_usermode":690940000000,"usage_in_kernelmode":28140000000,"total_usage":718227494369,"percpu_usage":[0,0,0,0,0,0,0,0,0,0,718226923419,0,0,0,0,0,0,0,0,0,0,0,0,0,0,0,0,0,0,0,0,0,0,0,0,0,0,0,0,0,0,0,0,0,0,0,0,0,0,0,0,0,0,0,0,0,0,0,0,0,0,0,0,0,0,0,0,0,0,0,0,0,5910,565040,0,0,0,0,0,0,0,0,0,0,0,0,0,0,0,0,0,0,0,0,0,0,0,0,0,0,0,0,0,0,0,0,0,0,0,0,0,0,0,0,0,0,0,0,0,0,0,0,0,0,0,0,0,0]}},"read":"2021-01-11T22:31:37.026217164Z"}