################################################################################
# PkgEval set-up: 2021-01-11T16:04:55.221
#

Julia Version 1.5.3
Commit 599f52c4c6 (2020-12-18 13:33 UTC)
Platform Info:
  OS: Linux (x86_64-linux-gnu)
  CPU: AMD EPYC 7502 32-Core Processor
  WORD_SIZE: 64
  LIBM: libopenlibm
  LLVM: libLLVM-9.0.1 (ORCJIT, znver2)
Environment:
  JULIA_PKG_PRECOMPILE_AUTO = 0
  JULIA_PKGEVAL = true

Base.julia_cmd() = `/opt/julia/bin/julia -Cnative -J/opt/julia/lib/julia/sys.so -g1`


################################################################################
# Installation: 2021-01-11T16:04:56.992
#

 Installing known registries into `~/.julia`
################################################                          66.8%######################################################################## 100.0%
      Added registry `General` to `~/.julia/registries/General`
  Resolving package versions...
  Installed CompilerSupportLibraries_jll ─ v0.3.4+0
  Installed MbedTLS_jll ────────────────── v2.16.8+1
  Installed Zlib_jll ───────────────────── v1.2.11+18
  Installed Reexport ───────────────────── v0.2.0
  Installed MultiModalMuSig ────────────── v0.1.0
  Installed JSONSchema ─────────────────── v0.3.3
  Installed TableTraits ────────────────── v1.0.0
  Installed DataFrames ─────────────────── v0.21.8
  Installed MathProgBase ───────────────── v0.7.8
  Installed Bzip2_jll ──────────────────── v1.0.6+5
  Installed DataAPI ────────────────────── v1.4.0
  Installed TranscodingStreams ─────────── v0.9.5
  Installed MbedTLS ────────────────────── v1.0.3
  Installed Tables ─────────────────────── v1.2.2
  Installed CategoricalArrays ──────────── v0.8.3
  Installed DataStructures ─────────────── v0.18.8
  Installed HTTP ───────────────────────── v0.9.2
  Installed BenchmarkTools ─────────────── v0.5.0
  Installed OrderedCollections ─────────── v1.3.2
  Installed InvertedIndices ────────────── v1.0.0
  Installed DataValueInterfaces ────────── v1.0.0
  Installed CodecZlib ──────────────────── v0.7.0
  Installed PooledArrays ───────────────── v0.5.3
  Installed Missings ───────────────────── v0.4.4
  Installed JSON ───────────────────────── v0.21.1
  Installed NLopt_jll ──────────────────── v2.7.0+0
  Installed JLLWrappers ────────────────── v1.2.0
  Installed MathOptInterface ───────────── v0.9.19
  Installed ZipFile ────────────────────── v0.9.3
  Installed StructTypes ────────────────── v1.2.1
  Installed MutableArithmetics ─────────── v0.2.13
  Installed NLopt ──────────────────────── v0.6.1
  Installed SpecialFunctions ───────────── v0.10.3
  Installed URIs ───────────────────────── v1.1.0
  Installed IteratorInterfaceExtensions ── v1.0.0
  Installed SortingAlgorithms ──────────── v0.3.1
  Installed CodecBzip2 ─────────────────── v0.7.2
  Installed Compat ─────────────────────── v3.25.0
  Installed OpenSpecFun_jll ────────────── v0.5.3+4
  Installed Parsers ────────────────────── v1.0.15
  Installed Artifacts ──────────────────── v1.3.0
  Installed IniFile ────────────────────── v0.5.0
Updating `~/.julia/environments/v1.5/Project.toml`
  [a66acb62] + MultiModalMuSig v0.1.0
Updating `~/.julia/environments/v1.5/Manifest.toml`
  [56f22d72] + Artifacts v1.3.0
  [6e4b80f9] + BenchmarkTools v0.5.0
  [6e34b625] + Bzip2_jll v1.0.6+5
  [324d7699] + CategoricalArrays v0.8.3
  [523fee87] + CodecBzip2 v0.7.2
  [944b1d66] + CodecZlib v0.7.0
  [34da2185] + Compat v3.25.0
  [e66e0078] + CompilerSupportLibraries_jll v0.3.4+0
  [9a962f9c] + DataAPI v1.4.0
  [a93c6f00] + DataFrames v0.21.8
  [864edb3b] + DataStructures v0.18.8
  [e2d170a0] + DataValueInterfaces v1.0.0
  [cd3eb016] + HTTP v0.9.2
  [83e8ac13] + IniFile v0.5.0
  [41ab1584] + InvertedIndices v1.0.0
  [82899510] + IteratorInterfaceExtensions v1.0.0
  [692b3bcd] + JLLWrappers v1.2.0
  [682c06a0] + JSON v0.21.1
  [7d188eb4] + JSONSchema v0.3.3
  [b8f27783] + MathOptInterface v0.9.19
  [fdba3010] + MathProgBase v0.7.8
  [739be429] + MbedTLS v1.0.3
  [c8ffd9c3] + MbedTLS_jll v2.16.8+1
  [e1d29d7a] + Missings v0.4.4
  [a66acb62] + MultiModalMuSig v0.1.0
  [d8a4904e] + MutableArithmetics v0.2.13
  [76087f3c] + NLopt v0.6.1
  [079eb43e] + NLopt_jll v2.7.0+0
  [efe28fd5] + OpenSpecFun_jll v0.5.3+4
  [bac558e1] + OrderedCollections v1.3.2
  [69de0a69] + Parsers v1.0.15
  [2dfb63ee] + PooledArrays v0.5.3
  [189a3867] + Reexport v0.2.0
  [a2af1166] + SortingAlgorithms v0.3.1
  [276daf66] + SpecialFunctions v0.10.3
  [856f2bd8] + StructTypes v1.2.1
  [3783bdb8] + TableTraits v1.0.0
  [bd369af6] + Tables v1.2.2
  [3bb67fe8] + TranscodingStreams v0.9.5
  [5c2747f8] + URIs v1.1.0
  [a5390f91] + ZipFile v0.9.3
  [83775a58] + Zlib_jll v1.2.11+18
  [2a0f44e3] + Base64
  [ade2ca70] + Dates
  [8bb1440f] + DelimitedFiles
  [8ba89e20] + Distributed
  [9fa8497b] + Future
  [b77e0a4c] + InteractiveUtils
  [76f85450] + LibGit2
  [8f399da3] + Libdl
  [37e2e46d] + LinearAlgebra
  [56ddb016] + Logging
  [d6f4376e] + Markdown
  [a63ad114] + Mmap
  [44cfe95a] + Pkg
  [de0858da] + Printf
  [3fa0cd96] + REPL
  [9a3f8284] + Random
  [ea8e919c] + SHA
  [9e88b42a] + Serialization
  [1a1011a3] + SharedArrays
  [6462fe0b] + Sockets
  [2f01184e] + SparseArrays
  [10745b16] + Statistics
  [8dfed614] + Test
  [cf7118a7] + UUIDs
  [4ec0a83e] + Unicode


################################################################################
# Testing: 2021-01-11T16:05:04.126
#

    Testing MultiModalMuSig
Status `/tmp/jl_7givHX/Project.toml`
  [a93c6f00] DataFrames v0.21.8
  [a66acb62] MultiModalMuSig v0.1.0
  [76087f3c] NLopt v0.6.1
  [276daf66] SpecialFunctions v0.10.3
  [37e2e46d] LinearAlgebra
  [10745b16] Statistics
  [8dfed614] Test
Status `/tmp/jl_7givHX/Manifest.toml`
  [56f22d72] Artifacts v1.3.0
  [6e4b80f9] BenchmarkTools v0.5.0
  [6e34b625] Bzip2_jll v1.0.6+5
  [324d7699] CategoricalArrays v0.8.3
  [523fee87] CodecBzip2 v0.7.2
  [944b1d66] CodecZlib v0.7.0
  [34da2185] Compat v3.25.0
  [e66e0078] CompilerSupportLibraries_jll v0.3.4+0
  [9a962f9c] DataAPI v1.4.0
  [a93c6f00] DataFrames v0.21.8
  [864edb3b] DataStructures v0.18.8
  [e2d170a0] DataValueInterfaces v1.0.0
  [cd3eb016] HTTP v0.9.2
  [83e8ac13] IniFile v0.5.0
  [41ab1584] InvertedIndices v1.0.0
  [82899510] IteratorInterfaceExtensions v1.0.0
  [692b3bcd] JLLWrappers v1.2.0
  [682c06a0] JSON v0.21.1
  [7d188eb4] JSONSchema v0.3.3
  [b8f27783] MathOptInterface v0.9.19
  [fdba3010] MathProgBase v0.7.8
  [739be429] MbedTLS v1.0.3
  [c8ffd9c3] MbedTLS_jll v2.16.8+1
  [e1d29d7a] Missings v0.4.4
  [a66acb62] MultiModalMuSig v0.1.0
  [d8a4904e] MutableArithmetics v0.2.13
  [76087f3c] NLopt v0.6.1
  [079eb43e] NLopt_jll v2.7.0+0
  [efe28fd5] OpenSpecFun_jll v0.5.3+4
  [bac558e1] OrderedCollections v1.3.2
  [69de0a69] Parsers v1.0.15
  [2dfb63ee] PooledArrays v0.5.3
  [189a3867] Reexport v0.2.0
  [a2af1166] SortingAlgorithms v0.3.1
  [276daf66] SpecialFunctions v0.10.3
  [856f2bd8] StructTypes v1.2.1
  [3783bdb8] TableTraits v1.0.0
  [bd369af6] Tables v1.2.2
  [3bb67fe8] TranscodingStreams v0.9.5
  [5c2747f8] URIs v1.1.0
  [a5390f91] ZipFile v0.9.3
  [83775a58] Zlib_jll v1.2.11+18
  [2a0f44e3] Base64
  [ade2ca70] Dates
  [8bb1440f] DelimitedFiles
  [8ba89e20] Distributed
  [9fa8497b] Future
  [b77e0a4c] InteractiveUtils
  [76f85450] LibGit2
  [8f399da3] Libdl
  [37e2e46d] LinearAlgebra
  [56ddb016] Logging
  [d6f4376e] Markdown
  [a63ad114] Mmap
  [44cfe95a] Pkg
  [de0858da] Printf
  [3fa0cd96] REPL
  [9a3f8284] Random
  [ea8e919c] SHA
  [9e88b42a] Serialization
  [1a1011a3] SharedArrays
  [6462fe0b] Sockets
  [2f01184e] SparseArrays
  [10745b16] Statistics
  [8dfed614] Test
  [cf7118a7] UUIDs
  [4ec0a83e] Unicode
Test Summary: | Pass  Total
constructor   |   19     19
Test Summary:   | Pass  Total
calculate_Ndivζ |    1      1
Test Summary:  | Pass  Total
calculate_sumθ |    1      1
Test Summary: | Pass  Total
update_λ!     |    1      1
Test Summary: | Pass  Total
ν_objective   |    4      4
Test Summary: | Pass  Total
update_ζ!     |    1      1
Test Summary: | Pass  Total
update_θ!     |    4      4
Test Summary: | Pass  Total
update_μ!     |    1      1
Test Summary: | Pass  Total
update_Σ!     |    2      2
Test Summary: | Pass  Total
update_γ!     |    2      2
Test Summary: | Pass  Total
update_Elnϕ!  |    1      1
┌ Warning: `lgamma(x::Real)` is deprecated, use `(logabsgamma(x))[1]` instead.
│   caller = top-level scope at immctm.jl:277
└ @ Core ~/.julia/packages/MultiModalMuSig/fu1uS/test/immctm.jl:277
┌ Warning: `lgamma(x::Real)` is deprecated, use `(logabsgamma(x))[1]` instead.
│   caller = top-level scope at immctm.jl:277
└ @ Core ~/.julia/packages/MultiModalMuSig/fu1uS/test/immctm.jl:277
┌ Warning: `lgamma(x::Real)` is deprecated, use `(logabsgamma(x))[1]` instead.
│   caller = α_objective(::Array{Float64,1}, ::Array{Float64,1}, ::Float64, ::Int64, ::Int64) at common.jl:45
└ @ MultiModalMuSig ~/.julia/packages/MultiModalMuSig/fu1uS/src/common.jl:45
┌ Warning: `lgamma(x::Real)` is deprecated, use `(logabsgamma(x))[1]` instead.
│   caller = α_objective(::Array{Float64,1}, ::Array{Float64,1}, ::Float64, ::Int64, ::Int64) at common.jl:45
└ @ MultiModalMuSig ~/.julia/packages/MultiModalMuSig/fu1uS/src/common.jl:45
┌ Warning: `lgamma(x::Real)` is deprecated, use `(logabsgamma(x))[1]` instead.
│   caller = top-level scope at immctm.jl:285
└ @ Core ~/.julia/packages/MultiModalMuSig/fu1uS/test/immctm.jl:285
┌ Warning: `lgamma(x::Real)` is deprecated, use `(logabsgamma(x))[1]` instead.
│   caller = top-level scope at immctm.jl:285
└ @ Core ~/.julia/packages/MultiModalMuSig/fu1uS/test/immctm.jl:285
┌ Warning: `lgamma(x::Real)` is deprecated, use `(logabsgamma(x))[1]` instead.
│   caller = top-level scope at immctm.jl:287
└ @ Core ~/.julia/packages/MultiModalMuSig/fu1uS/test/immctm.jl:287
┌ Warning: `lgamma(x::Real)` is deprecated, use `(logabsgamma(x))[1]` instead.
│   caller = top-level scope at immctm.jl:287
└ @ Core ~/.julia/packages/MultiModalMuSig/fu1uS/test/immctm.jl:287
Test Summary: | Pass  Total
update_α!     |    5      5
Test Summary:   |
calculate_ElnPϕ | No tests
Test Summary:   |
calculate_ElnPη | No tests
Test Summary:   |
calculate_ElnPZ | No tests
Test Summary:   |
calculate_ElnPX | No tests
Test Summary:   |
calculate_ElnQϕ | No tests
Test Summary:   |
calculate_ElnQη | No tests
Test Summary:   |
calculate_ElnQZ | No tests
┌ Warning: `lgamma(x::Real)` is deprecated, use `(logabsgamma(x))[1]` instead.
│   caller = logmvbeta(::Array{Float64,1}) at common.jl:4
└ @ MultiModalMuSig ~/.julia/packages/MultiModalMuSig/fu1uS/src/common.jl:4
┌ Warning: `lgamma(x::Real)` is deprecated, use `(logabsgamma(x))[1]` instead.
│   caller = logmvbeta(::Array{Float64,1}) at common.jl:4
└ @ MultiModalMuSig ~/.julia/packages/MultiModalMuSig/fu1uS/src/common.jl:4
┌ Warning: `lgamma(x::Real)` is deprecated, use `(logabsgamma(x))[1]` instead.
│   caller = logmvbeta(::Array{Float64,1}) at common.jl:6
└ @ MultiModalMuSig ~/.julia/packages/MultiModalMuSig/fu1uS/src/common.jl:6
Test Summary:  | Pass  Total
calculate_elbo |    1      1
Test Summary: | Pass  Total
fit           |    2      2
Test Summary:  | Pass  Total
loglikelihoods |    1      1
Test Summary: | Pass  Total
constructor   |   17     17
Test Summary:   | Pass  Total
calculate_Ndivζ |    1      1
Test Summary:  | Pass  Total
calculate_sumθ |    1      1
Test Summary: | Pass  Total
λ_objective   |    2      2
Test Summary: | Pass  Total
ν_objective   |    3      3
Test Summary: | Pass  Total
update_ζ!     |    1      1
Test Summary: | Pass  Total
update_θ!     |    4      4
Test Summary: | Pass  Total
update_μ!     |    1      1
Test Summary: | Pass  Total
update_Σ!     |    2      2
Test Summary: | Pass  Total
update_γ!     |    5      5
Test Summary: | Pass  Total
update_Elnϕ!  |    1      1
┌ Warning: `lgamma(x::Real)` is deprecated, use `(logabsgamma(x))[1]` instead.
│   caller = top-level scope at mmctm.jl:272
└ @ Core ~/.julia/packages/MultiModalMuSig/fu1uS/test/mmctm.jl:272
┌ Warning: `lgamma(x::Real)` is deprecated, use `(logabsgamma(x))[1]` instead.
│   caller = top-level scope at mmctm.jl:272
└ @ Core ~/.julia/packages/MultiModalMuSig/fu1uS/test/mmctm.jl:272
┌ Warning: `lgamma(x::Real)` is deprecated, use `(logabsgamma(x))[1]` instead.
│   caller = top-level scope at mmctm.jl:282
└ @ Core ~/.julia/packages/MultiModalMuSig/fu1uS/test/mmctm.jl:282
┌ Warning: `lgamma(x::Real)` is deprecated, use `(logabsgamma(x))[1]` instead.
│   caller = top-level scope at mmctm.jl:282
└ @ Core ~/.julia/packages/MultiModalMuSig/fu1uS/test/mmctm.jl:282
┌ Warning: `lgamma(x::Real)` is deprecated, use `(logabsgamma(x))[1]` instead.
│   caller = top-level scope at mmctm.jl:287
└ @ Core ~/.julia/packages/MultiModalMuSig/fu1uS/test/mmctm.jl:287
┌ Warning: `lgamma(x::Real)` is deprecated, use `(logabsgamma(x))[1]` instead.
│   caller = top-level scope at mmctm.jl:287
└ @ Core ~/.julia/packages/MultiModalMuSig/fu1uS/test/mmctm.jl:287
Test Summary: | Pass  Total
update_α!     |    4      4
Test Summary:  | Pass  Total
calculate_elbo |    1      1
Test Summary: | Pass  Total
fit           |    2      2
Test Summary:  | Pass  Total
loglikelihoods |    3      3
Test Summary: | Pass  Total
constructor   |   19     19
Test Summary: | Pass  Total
update_ϕ!     |    2      2
Test Summary: | Pass  Total
update_γ!     |    2      2
Test Summary: | Pass  Total
update_λ!     |    4      4
┌ Warning: `lgamma(x::Real)` is deprecated, use `(logabsgamma(x))[1]` instead.
│   caller = calculate_ElnPβ(::ILDA) at ILDA.jl:135
└ @ MultiModalMuSig ~/.julia/packages/MultiModalMuSig/fu1uS/src/ILDA.jl:135
┌ Warning: `lgamma(x::Real)` is deprecated, use `(logabsgamma(x))[1]` instead.
│   caller = calculate_ElnPβ(::ILDA) at ILDA.jl:135
└ @ MultiModalMuSig ~/.julia/packages/MultiModalMuSig/fu1uS/src/ILDA.jl:135
┌ Warning: `lgamma(x::Real)` is deprecated, use `(logabsgamma(x))[1]` instead.
│   caller = calculate_ElnPθ(::ILDA) at ILDA.jl:144
└ @ MultiModalMuSig ~/.julia/packages/MultiModalMuSig/fu1uS/src/ILDA.jl:144
┌ Warning: `lgamma(x::Real)` is deprecated, use `(logabsgamma(x))[1]` instead.
│   caller = calculate_ElnPθ(::ILDA) at ILDA.jl:144
└ @ MultiModalMuSig ~/.julia/packages/MultiModalMuSig/fu1uS/src/ILDA.jl:144
┌ Warning: `lgamma(x::Real)` is deprecated, use `(logabsgamma(x))[1]` instead.
│   caller = _broadcast_getindex_evalf at broadcast.jl:648 [inlined]
└ @ Core ./broadcast.jl:648
┌ Warning: `lgamma(x::Real)` is deprecated, use `(logabsgamma(x))[1]` instead.
│   caller = _broadcast_getindex_evalf at broadcast.jl:648 [inlined]
└ @ Core ./broadcast.jl:648
┌ Warning: `lgamma(x::Real)` is deprecated, use `(logabsgamma(x))[1]` instead.
│   caller = _broadcast_getindex_evalf at broadcast.jl:648 [inlined]
└ @ Core ./broadcast.jl:648
┌ Warning: `lgamma(x::Real)` is deprecated, use `(logabsgamma(x))[1]` instead.
│   caller = _broadcast_getindex_evalf at broadcast.jl:648 [inlined]
└ @ Core ./broadcast.jl:648
┌ Warning: `lgamma(x::Real)` is deprecated, use `(logabsgamma(x))[1]` instead.
│   caller = calculate_ElnPθ at ILDA.jl:144 [inlined]
└ @ Core ~/.julia/packages/MultiModalMuSig/fu1uS/src/ILDA.jl:144
┌ Warning: `lgamma(x::Real)` is deprecated, use `(logabsgamma(x))[1]` instead.
│   caller = calculate_ElnPθ at ILDA.jl:144 [inlined]
└ @ Core ~/.julia/packages/MultiModalMuSig/fu1uS/src/ILDA.jl:144
Test Summary:  | Pass  Total
calculate_elbo |    8      8
Test Summary: | Pass  Total
constructor   |   11     11
Test Summary: | Pass  Total
update_ϕ!     |    1      1
Test Summary: | Pass  Total
update_γ!     |    2      2
Test Summary: | Pass  Total
update_λ!     |    2      2
┌ Warning: `lgamma(x::Real)` is deprecated, use `(logabsgamma(x))[1]` instead.
│   caller = calculate_ElnPβ(::LDA) at LDA.jl:115
└ @ MultiModalMuSig ~/.julia/packages/MultiModalMuSig/fu1uS/src/LDA.jl:115
┌ Warning: `lgamma(x::Real)` is deprecated, use `(logabsgamma(x))[1]` instead.
│   caller = calculate_ElnPβ(::LDA) at LDA.jl:115
└ @ MultiModalMuSig ~/.julia/packages/MultiModalMuSig/fu1uS/src/LDA.jl:115
┌ Warning: `lgamma(x::Real)` is deprecated, use `(logabsgamma(x))[1]` instead.
│   caller = calculate_ElnPθ(::LDA) at LDA.jl:121
└ @ MultiModalMuSig ~/.julia/packages/MultiModalMuSig/fu1uS/src/LDA.jl:121
┌ Warning: `lgamma(x::Real)` is deprecated, use `(logabsgamma(x))[1]` instead.
│   caller = calculate_ElnPθ(::LDA) at LDA.jl:121
└ @ MultiModalMuSig ~/.julia/packages/MultiModalMuSig/fu1uS/src/LDA.jl:121
┌ Warning: `lgamma(x::Real)` is deprecated, use `(logabsgamma(x))[1]` instead.
│   caller = _broadcast_getindex_evalf at broadcast.jl:648 [inlined]
└ @ Core ./broadcast.jl:648
┌ Warning: `lgamma(x::Real)` is deprecated, use `(logabsgamma(x))[1]` instead.
│   caller = _broadcast_getindex_evalf at broadcast.jl:648 [inlined]
└ @ Core ./broadcast.jl:648
┌ Warning: `lgamma(x::Real)` is deprecated, use `(logabsgamma(x))[1]` instead.
│   caller = _broadcast_getindex_evalf at broadcast.jl:648 [inlined]
└ @ Core ./broadcast.jl:648
┌ Warning: `lgamma(x::Real)` is deprecated, use `(logabsgamma(x))[1]` instead.
│   caller = _broadcast_getindex_evalf at broadcast.jl:648 [inlined]
└ @ Core ./broadcast.jl:648
┌ Warning: `lgamma(x::Real)` is deprecated, use `(logabsgamma(x))[1]` instead.
│   caller = calculate_ElnPβ at LDA.jl:115 [inlined]
└ @ Core ~/.julia/packages/MultiModalMuSig/fu1uS/src/LDA.jl:115
┌ Warning: `lgamma(x::Real)` is deprecated, use `(logabsgamma(x))[1]` instead.
│   caller = calculate_ElnPβ at LDA.jl:115 [inlined]
└ @ Core ~/.julia/packages/MultiModalMuSig/fu1uS/src/LDA.jl:115
┌ Warning: `lgamma(x::Real)` is deprecated, use `(logabsgamma(x))[1]` instead.
│   caller = calculate_ElnPθ at LDA.jl:121 [inlined]
└ @ Core ~/.julia/packages/MultiModalMuSig/fu1uS/src/LDA.jl:121
┌ Warning: `lgamma(x::Real)` is deprecated, use `(logabsgamma(x))[1]` instead.
│   caller = calculate_ElnPθ at LDA.jl:121 [inlined]
└ @ Core ~/.julia/packages/MultiModalMuSig/fu1uS/src/LDA.jl:121
Test Summary:  | Pass  Total
calculate_elbo |    8      8
Test Summary: | Pass  Total
λ_objective   |    2      2
    Testing MultiModalMuSig tests passed 

PkgEval succeeded


################################################################################
# PkgEval teardown: 2021-01-11T16:07:05.927
CPU usage: 130.61s (122.94s user, 7.89s kernel)

Network usage:
- eth0: 4.762 MiB received, 224.130 KiB sent

Raw statistics: {"blkio_stats":{"io_queue_recursive":[],"io_serviced_recursive":[{"major":259,"value":0,"op":"Read","minor":0},{"major":259,"value":24,"op":"Write","minor":0},{"major":259,"value":19,"op":"Sync","minor":0},{"major":259,"value":5,"op":"Async","minor":0},{"major":259,"value":0,"op":"Discard","minor":0},{"major":259,"value":24,"op":"Total","minor":0},{"major":253,"value":0,"op":"Read","minor":2},{"major":253,"value":24,"op":"Write","minor":2},{"major":253,"value":19,"op":"Sync","minor":2},{"major":253,"value":5,"op":"Async","minor":2},{"major":253,"value":0,"op":"Discard","minor":2},{"major":253,"value":24,"op":"Total","minor":2}],"io_time_recursive":[],"sectors_recursive":[],"io_service_bytes_recursive":[{"major":259,"value":0,"op":"Read","minor":0},{"major":259,"value":143360,"op":"Write","minor":0},{"major":259,"value":106496,"op":"Sync","minor":0},{"major":259,"value":36864,"op":"Async","minor":0},{"major":259,"value":0,"op":"Discard","minor":0},{"major":259,"value":143360,"op":"Total","minor":0},{"major":253,"value":0,"op":"Read","minor":2},{"major":253,"value":143360,"op":"Write","minor":2},{"major":253,"value":106496,"op":"Sync","minor":2},{"major":253,"value":36864,"op":"Async","minor":2},{"major":253,"value":0,"op":"Discard","minor":2},{"major":253,"value":143360,"op":"Total","minor":2}],"io_wait_time_recursive":[],"io_merged_recursive":[],"io_service_time_recursive":[]},"memory_stats":{"usage":338055168,"max_usage":1666666496,"stats":{"hierarchical_memory_limit":9223372036854771712,"pgmajfault":0,"total_rss":194211840,"inactive_file":135168,"inactive_anon":85155840,"total_pgfault":3335112,"total_cache":111861760,"total_rss_huge":0,"total_active_anon":220999680,"total_pgmajfault":0,"pgpgin":1994322,"rss_huge":0,"mapped_file":0,"total_inactive_file":135168,"dirty":135168,"total_unevictable":0,"total_dirty":135168,"writeback":0,"pgpgout":1919609,"hierarchical_memsw_limit":0,"cache":111861760,"active_file":135168,"pgfault":3335112,"total_mapped_file":0,"total_pgpgout":1919609,"total_writeback":0,"rss":194211840,"unevictable":0,"total_inactive_anon":85155840,"total_pgpgin":1994322,"active_anon":220999680,"total_active_file":135168},"limit":540965302272},"name":"/MultiModalMuSig-b7rGYTBW","networks":{"eth0":{"rx_bytes":4993475,"rx_packets":1595,"tx_packets":1832,"tx_bytes":229509,"tx_dropped":0,"rx_dropped":5,"tx_errors":0,"rx_errors":0}},"id":"87bcd1d0a58d4a00f68cc5d4ec7b97d844ce3484c94fad9502339d4d113f0e09","preread":"0001-01-01T00:00:00Z","storage_stats":{},"precpu_stats":{"throttling_data":{"throttled_periods":0,"throttled_time":0,"periods":0},"cpu_usage":{"usage_in_usermode":0,"usage_in_kernelmode":0,"total_usage":0}},"pids_stats":{"current":40},"num_procs":0,"cpu_stats":{"throttling_data":{"throttled_periods":0,"throttled_time":0,"periods":0},"system_cpu_usage":3493333584522419,"online_cpus":128,"cpu_usage":{"usage_in_usermode":122940000000,"usage_in_kernelmode":7890000000,"total_usage":130612408819,"percpu_usage":[0,0,0,0,716290,0,130611677519,0,0,0,0,0,0,0,0,0,0,0,0,0,0,0,0,0,0,0,0,0,0,0,0,0,0,0,0,0,0,0,0,0,0,0,0,0,0,0,0,0,0,0,0,0,0,0,0,0,0,0,0,0,0,0,0,0,0,0,0,0,0,0,15010,0,0,0,0,0,0,0,0,0,0,0,0,0,0,0,0,0,0,0,0,0,0,0,0,0,0,0,0,0,0,0,0,0,0,0,0,0,0,0,0,0,0,0,0,0,0,0,0,0,0,0,0,0,0,0,0,0]}},"read":"2021-01-11T16:07:05.929924677Z"}