################################################################################
# PackageCompiler set-up: 2021-01-11T18:17:42.912
#

Julia Version 1.5.3
Commit 599f52c4c6 (2020-12-18 13:33 UTC)
Platform Info:
  OS: Linux (x86_64-linux-gnu)
  CPU: AMD EPYC 7502 32-Core Processor
  WORD_SIZE: 64
  LIBM: libopenlibm
  LLVM: libLLVM-9.0.1 (ORCJIT, znver2)
Environment:
  JULIA_PKGEVAL = true
  JULIA_PKG_PRECOMPILE_AUTO = 0



################################################################################
# Installation: 2021-01-11T18:17:44.67
#

 Installing known registries into `~/.julia`
#=#=#                                                                         ######################################################################## 100.0%
      Added registry `General` to `~/.julia/registries/General`
  Resolving package versions...
  Installed MultiQuad ────────── v1.1.0
  Installed Combinatorics ────── v1.0.2
  Installed Compat ───────────── v3.25.0
  Installed ConstructionBase ─── v1.0.0
  Installed QuadGK ───────────── v2.4.1
  Installed Unitful ──────────── v1.5.0
  Installed JLLWrappers ──────── v1.2.0
  Installed Cuba_jll ─────────── v4.2.0+2
  Installed Cuba ─────────────── v2.1.0
  Installed PackageCompiler ──── v1.2.5
  Installed Artifacts ────────── v1.3.0
  Installed OrderedCollections ─ v1.3.2
  Installed HCubature ────────── v1.5.0
  Installed DataStructures ───── v0.18.8
  Installed StaticArrays ─────── v1.0.1
Updating `~/.julia/environments/v1.5/Project.toml`
  [8fca5bbe] + MultiQuad v1.1.0
  [9b87118b] + PackageCompiler v1.2.5
Updating `~/.julia/environments/v1.5/Manifest.toml`
  [56f22d72] + Artifacts v1.3.0
  [861a8166] + Combinatorics v1.0.2
  [34da2185] + Compat v3.25.0
  [187b0558] + ConstructionBase v1.0.0
  [8a292aeb] + Cuba v2.1.0
  [3bed1096] + Cuba_jll v4.2.0+2
  [864edb3b] + DataStructures v0.18.8
  [19dc6840] + HCubature v1.5.0
  [692b3bcd] + JLLWrappers v1.2.0
  [8fca5bbe] + MultiQuad v1.1.0
  [bac558e1] + OrderedCollections v1.3.2
  [9b87118b] + PackageCompiler v1.2.5
  [1fd47b50] + QuadGK v2.4.1
  [90137ffa] + StaticArrays v1.0.1
  [1986cc42] + Unitful v1.5.0
  [2a0f44e3] + Base64
  [ade2ca70] + Dates
  [8bb1440f] + DelimitedFiles
  [8ba89e20] + Distributed
  [b77e0a4c] + InteractiveUtils
  [76f85450] + LibGit2
  [8f399da3] + Libdl
  [37e2e46d] + LinearAlgebra
  [56ddb016] + Logging
  [d6f4376e] + Markdown
  [a63ad114] + Mmap
  [44cfe95a] + Pkg
  [de0858da] + Printf
  [3fa0cd96] + REPL
  [9a3f8284] + Random
  [ea8e919c] + SHA
  [9e88b42a] + Serialization
  [1a1011a3] + SharedArrays
  [6462fe0b] + Sockets
  [2f01184e] + SparseArrays
  [10745b16] + Statistics
  [8dfed614] + Test
  [cf7118a7] + UUIDs
  [4ec0a83e] + Unicode


################################################################################
# Compiling: 2021-01-11T18:17:50.676
#

[ Info: PackageCompiler: creating system image object file, this might take a while...
Generated system image is 166.565 MiB, compilation took 220 seconds


################################################################################
# PkgEval set-up: 2021-01-11T18:21:38.381
#

Julia Version 1.5.3
Commit 599f52c4c6 (2020-12-18 13:33 UTC)
Platform Info:
  OS: Linux (x86_64-linux-gnu)
  CPU: AMD EPYC 7502 32-Core Processor
  WORD_SIZE: 64
  LIBM: libopenlibm
  LLVM: libLLVM-9.0.1 (ORCJIT, znver2)
Environment:
  JULIA_PKGEVAL = true
  JULIA_PKG_PRECOMPILE_AUTO = 0

Base.julia_cmd() = `/usr/local/julia/bin/julia -Cnative -J/cache/MultiQuad-oZOppVng.so -g1`


################################################################################
# Installation: 2021-01-11T18:21:39.968
#

 Installing known registries into `~/.julia`
#=#=#                                                                         ######################################################################## 100.0%
      Added registry `General` to `~/.julia/registries/General`
  Resolving package versions...
  Installed MultiQuad ────────── v1.1.0
  Installed Combinatorics ────── v1.0.2
  Installed Compat ───────────── v3.25.0
  Installed ConstructionBase ─── v1.0.0
  Installed QuadGK ───────────── v2.4.1
  Installed Unitful ──────────── v1.5.0
  Installed Cuba_jll ─────────── v4.2.0+2
  Installed JLLWrappers ──────── v1.2.0
  Installed Cuba ─────────────── v2.1.0
  Installed StaticArrays ─────── v1.0.1
  Installed OrderedCollections ─ v1.3.2
  Installed HCubature ────────── v1.5.0
  Installed Artifacts ────────── v1.3.0
  Installed DataStructures ───── v0.18.8
Updating `~/.julia/environments/v1.5/Project.toml`
  [8fca5bbe] + MultiQuad v1.1.0
Updating `~/.julia/environments/v1.5/Manifest.toml`
  [56f22d72] + Artifacts v1.3.0
  [861a8166] + Combinatorics v1.0.2
  [34da2185] + Compat v3.25.0
  [187b0558] + ConstructionBase v1.0.0
  [8a292aeb] + Cuba v2.1.0
  [3bed1096] + Cuba_jll v4.2.0+2
  [864edb3b] + DataStructures v0.18.8
  [19dc6840] + HCubature v1.5.0
  [692b3bcd] + JLLWrappers v1.2.0
  [8fca5bbe] + MultiQuad v1.1.0
  [bac558e1] + OrderedCollections v1.3.2
  [1fd47b50] + QuadGK v2.4.1
  [90137ffa] + StaticArrays v1.0.1
  [1986cc42] + Unitful v1.5.0
  [2a0f44e3] + Base64
  [ade2ca70] + Dates
  [8bb1440f] + DelimitedFiles
  [8ba89e20] + Distributed
  [b77e0a4c] + InteractiveUtils
  [76f85450] + LibGit2
  [8f399da3] + Libdl
  [37e2e46d] + LinearAlgebra
  [56ddb016] + Logging
  [d6f4376e] + Markdown
  [a63ad114] + Mmap
  [44cfe95a] + Pkg
  [de0858da] + Printf
  [3fa0cd96] + REPL
  [9a3f8284] + Random
  [ea8e919c] + SHA
  [9e88b42a] + Serialization
  [1a1011a3] + SharedArrays
  [6462fe0b] + Sockets
  [2f01184e] + SparseArrays
  [10745b16] + Statistics
  [8dfed614] + Test
  [cf7118a7] + UUIDs
  [4ec0a83e] + Unicode


################################################################################
# Testing: 2021-01-11T18:21:45.942
#

    Testing MultiQuad
Status `/tmp/jl_Fq8HYa/Project.toml`
  [8a292aeb] Cuba v2.1.0
  [19dc6840] HCubature v1.5.0
  [8fca5bbe] MultiQuad v1.1.0
  [1fd47b50] QuadGK v2.4.1
  [1986cc42] Unitful v1.5.0
  [8dfed614] Test
Status `/tmp/jl_Fq8HYa/Manifest.toml`
  [56f22d72] Artifacts v1.3.0
  [861a8166] Combinatorics v1.0.2
  [34da2185] Compat v3.25.0
  [187b0558] ConstructionBase v1.0.0
  [8a292aeb] Cuba v2.1.0
  [3bed1096] Cuba_jll v4.2.0+2
  [864edb3b] DataStructures v0.18.8
  [19dc6840] HCubature v1.5.0
  [692b3bcd] JLLWrappers v1.2.0
  [8fca5bbe] MultiQuad v1.1.0
  [bac558e1] OrderedCollections v1.3.2
  [1fd47b50] QuadGK v2.4.1
  [90137ffa] StaticArrays v1.0.1
  [1986cc42] Unitful v1.5.0
  [2a0f44e3] Base64
  [ade2ca70] Dates
  [8bb1440f] DelimitedFiles
  [8ba89e20] Distributed
  [b77e0a4c] InteractiveUtils
  [76f85450] LibGit2
  [8f399da3] Libdl
  [37e2e46d] LinearAlgebra
  [56ddb016] Logging
  [d6f4376e] Markdown
  [a63ad114] Mmap
  [44cfe95a] Pkg
  [de0858da] Printf
  [3fa0cd96] REPL
  [9a3f8284] Random
  [ea8e919c] SHA
  [9e88b42a] Serialization
  [1a1011a3] SharedArrays
  [6462fe0b] Sockets
  [2f01184e] SparseArrays
  [10745b16] Statistics
  [8dfed614] Test
  [cf7118a7] UUIDs
  [4ec0a83e] Unicode
Test Summary: | Pass  Total
quad          |    7      7
Test Summary: | Pass  Total
dblquad       |   11     11
Test Summary: | Pass  Total
tblquad       |   11     11
    Testing MultiQuad tests passed 

PkgEval succeeded


################################################################################
# PkgEval teardown: 2021-01-11T18:22:04.223
CPU usage: 26.05s (22.86s user, 3.27s kernel)

Network usage:
- eth0: 3.166 MiB received, 89.815 KiB sent

Raw statistics: {"blkio_stats":{"io_queue_recursive":[],"io_serviced_recursive":[{"major":259,"value":0,"op":"Read","minor":0},{"major":259,"value":19,"op":"Write","minor":0},{"major":259,"value":14,"op":"Sync","minor":0},{"major":259,"value":5,"op":"Async","minor":0},{"major":259,"value":0,"op":"Discard","minor":0},{"major":259,"value":19,"op":"Total","minor":0},{"major":253,"value":0,"op":"Read","minor":2},{"major":253,"value":19,"op":"Write","minor":2},{"major":253,"value":14,"op":"Sync","minor":2},{"major":253,"value":5,"op":"Async","minor":2},{"major":253,"value":0,"op":"Discard","minor":2},{"major":253,"value":19,"op":"Total","minor":2}],"io_time_recursive":[],"sectors_recursive":[],"io_service_bytes_recursive":[{"major":259,"value":0,"op":"Read","minor":0},{"major":259,"value":86016,"op":"Write","minor":0},{"major":259,"value":57344,"op":"Sync","minor":0},{"major":259,"value":28672,"op":"Async","minor":0},{"major":259,"value":0,"op":"Discard","minor":0},{"major":259,"value":86016,"op":"Total","minor":0},{"major":253,"value":0,"op":"Read","minor":2},{"major":253,"value":86016,"op":"Write","minor":2},{"major":253,"value":57344,"op":"Sync","minor":2},{"major":253,"value":28672,"op":"Async","minor":2},{"major":253,"value":0,"op":"Discard","minor":2},{"major":253,"value":86016,"op":"Total","minor":2}],"io_wait_time_recursive":[],"io_merged_recursive":[],"io_service_time_recursive":[]},"memory_stats":{"usage":322297856,"max_usage":593846272,"stats":{"hierarchical_memory_limit":9223372036854771712,"pgmajfault":0,"total_rss":209420288,"inactive_file":135168,"inactive_anon":81911808,"total_pgfault":454674,"total_cache":82989056,"total_rss_huge":0,"total_active_anon":210321408,"total_pgmajfault":0,"pgpgin":253341,"rss_huge":0,"mapped_file":0,"total_inactive_file":135168,"dirty":135168,"total_unevictable":0,"total_dirty":135168,"writeback":0,"pgpgout":181990,"hierarchical_memsw_limit":0,"cache":82989056,"active_file":135168,"pgfault":454674,"total_mapped_file":0,"total_pgpgout":181990,"total_writeback":0,"rss":209420288,"unevictable":0,"total_inactive_anon":81911808,"total_pgpgin":253341,"active_anon":210321408,"total_active_file":135168},"limit":540965302272},"name":"/MultiQuad-Zavd5Kuk","networks":{"eth0":{"rx_bytes":3320078,"rx_packets":715,"tx_packets":775,"tx_bytes":91971,"tx_dropped":0,"rx_dropped":1,"tx_errors":0,"rx_errors":0}},"id":"dbf821deb48509dcfd3d67288dc0168907c5a0e77212c76953b8a61753492e78","preread":"0001-01-01T00:00:00Z","storage_stats":{},"precpu_stats":{"throttling_data":{"throttled_periods":0,"throttled_time":0,"periods":0},"cpu_usage":{"usage_in_usermode":0,"usage_in_kernelmode":0,"total_usage":0}},"pids_stats":{"current":44},"num_procs":0,"cpu_stats":{"throttling_data":{"throttled_periods":0,"throttled_time":0,"periods":0},"system_cpu_usage":4528222444522419,"online_cpus":128,"cpu_usage":{"usage_in_usermode":22860000000,"usage_in_kernelmode":3270000000,"total_usage":26054747605,"percpu_usage":[0,0,0,0,0,0,0,0,0,0,0,0,0,0,0,0,0,0,0,0,0,0,0,0,0,0,56562524,25998180971,0,0,0,0,0,0,0,0,0,0,0,0,0,0,0,0,0,0,0,0,0,0,0,0,0,0,0,0,0,0,0,0,0,0,0,0,0,0,0,0,0,0,0,0,0,0,0,0,0,0,0,0,0,0,0,0,0,0,0,0,4110,0,0,0,0,0,0,0,0,0,0,0,0,0,0,0,0,0,0,0,0,0,0,0,0,0,0,0,0,0,0,0,0,0,0,0,0,0,0,0]}},"read":"2021-01-11T18:22:04.421121089Z"}