################################################################################
# PackageCompiler set-up: 2021-01-11T22:51:05.142
#

Julia Version 1.5.3
Commit 599f52c4c6 (2020-12-18 13:33 UTC)
Platform Info:
  OS: Linux (x86_64-linux-gnu)
  CPU: AMD EPYC 7502 32-Core Processor
  WORD_SIZE: 64
  LIBM: libopenlibm
  LLVM: libLLVM-9.0.1 (ORCJIT, znver2)
Environment:
  JULIA_PKGEVAL = true
  JULIA_PKG_PRECOMPILE_AUTO = 0



################################################################################
# Installation: 2021-01-11T22:51:06.859
#

 Installing known registries into `~/.julia`
######################################################################## 100.0%
      Added registry `General` to `~/.julia/registries/General`
  Resolving package versions...
  Installed CompilerSupportLibraries_jll ─ v0.3.4+0
  Installed MPICH_jll ──────────────────── v3.3.2+10
  Installed Requires ───────────────────── v1.1.2
  Installed MUMPS ──────────────────────── v1.0.0
  Installed DocStringExtensions ────────── v0.8.3
  Installed MPI ────────────────────────── v0.15.1
  Installed JLLWrappers ────────────────── v1.2.0
  Installed PackageCompiler ────────────── v1.2.5
  Installed OpenMPI_jll ────────────────── v4.0.2+2
  Installed MicrosoftMPI_jll ───────────── v10.1.2+3
  Installed Artifacts ──────────────────── v1.3.0
Updating `~/.julia/environments/v1.5/Project.toml`
  [55d2b088] + MUMPS v1.0.0
  [9b87118b] + PackageCompiler v1.2.5
Updating `~/.julia/environments/v1.5/Manifest.toml`
  [56f22d72] + Artifacts v1.3.0
  [e66e0078] + CompilerSupportLibraries_jll v0.3.4+0
  [ffbed154] + DocStringExtensions v0.8.3
  [692b3bcd] + JLLWrappers v1.2.0
  [da04e1cc] + MPI v0.15.1
  [7cb0a576] + MPICH_jll v3.3.2+10
  [55d2b088] + MUMPS v1.0.0
  [9237b28f] + MicrosoftMPI_jll v10.1.2+3
  [fe0851c0] + OpenMPI_jll v4.0.2+2
  [9b87118b] + PackageCompiler v1.2.5
  [ae029012] + Requires v1.1.2
  [2a0f44e3] + Base64
  [ade2ca70] + Dates
  [8ba89e20] + Distributed
  [b77e0a4c] + InteractiveUtils
  [76f85450] + LibGit2
  [8f399da3] + Libdl
  [37e2e46d] + LinearAlgebra
  [56ddb016] + Logging
  [d6f4376e] + Markdown
  [44cfe95a] + Pkg
  [de0858da] + Printf
  [3fa0cd96] + REPL
  [9a3f8284] + Random
  [ea8e919c] + SHA
  [9e88b42a] + Serialization
  [6462fe0b] + Sockets
  [2f01184e] + SparseArrays
  [8dfed614] + Test
  [cf7118a7] + UUIDs
  [4ec0a83e] + Unicode
   Building MPI ──→ `~/.julia/packages/MPI/z1lDn/deps/build.log`
   Building MUMPS → `~/.julia/packages/MUMPS/PeP4P/deps/build.log`
┌ Error: Error building `MUMPS`: 
│ ERROR: LoadError: ArgumentError: Package Libdl not found in current path:
│ - Run `import Pkg; Pkg.add("Libdl")` to install the Libdl package.
│ 
│ Stacktrace:
│  [1] require(::Module, ::Symbol) at ./loading.jl:893
│  [2] include(::String) at ./client.jl:457
│  [3] top-level scope at none:5
│ in expression starting at /home/pkgeval/.julia/packages/MUMPS/PeP4P/deps/build.jl:1
└ @ Pkg.Operations /workspace/srcdir/usr/share/julia/stdlib/v1.5/Pkg/src/Operations.jl:949


################################################################################
# Compiling: 2021-01-11T22:51:15.6
#

ERROR: LoadError: MUMPS library not properly installed. Please run Pkg.build("MUMPS")
Stacktrace:
 [1] error(::String) at ./error.jl:33
 [2] top-level scope at /home/pkgeval/.julia/packages/MUMPS/PeP4P/src/MUMPS.jl:16
 [3] include(::Function, ::Module, ::String) at ./Base.jl:380
 [4] include(::Module, ::String) at ./Base.jl:368
 [5] top-level scope at none:2
 [6] eval at ./boot.jl:331 [inlined]
 [7] eval(::Expr) at ./client.jl:467
 [8] top-level scope at ./none:3
in expression starting at /home/pkgeval/.julia/packages/MUMPS/PeP4P/src/MUMPS.jl:13
ERROR: Failed to precompile MUMPS [55d2b088-9f4e-11e9-26c0-150b02ea6a46] to /home/pkgeval/.julia/compiled/v1.5/MUMPS/HIYWh_MqueV.ji.
Stacktrace:
 [1] error(::String) at ./error.jl:33
 [2] compilecache(::Base.PkgId, ::String) at ./loading.jl:1305
 [3] _require(::Base.PkgId) at ./loading.jl:1030
 [4] require(::Base.PkgId) at ./loading.jl:928
 [5] require(::Module, ::Symbol) at ./loading.jl:923
ERROR: failed process: Process(`/opt/julia/bin/julia --color=yes --startup-file=no --sysimage=/opt/julia/lib/julia/sys.so --project=/home/pkgeval/.julia/environments/v1.5 -e 'import MUMPS'`, ProcessExited(1)) [1]

Stacktrace:
 [1] pipeline_error at ./process.jl:525 [inlined]
 [2] read(::Cmd) at ./process.jl:412
 [3] read(::Cmd, ::Type{String}) at ./process.jl:421
 [4] do_ensurecompiled(::String, ::Array{String,1}, ::String) at /home/pkgeval/.julia/packages/PackageCompiler/3BsME/src/PackageCompiler.jl:195
 [5] create_sysimg_object_file(::String, ::Array{String,1}; project::String, base_sysimage::String, precompile_execution_file::Array{String,1}, precompile_statements_file::Array{String,1}, cpu_target::String, script::Nothing, isapp::Bool) at /home/pkgeval/.julia/packages/PackageCompiler/3BsME/src/PackageCompiler.jl:260
 [6] create_sysimage(::Symbol; sysimage_path::String, project::String, precompile_execution_file::Array{String,1}, precompile_statements_file::Array{String,1}, incremental::Bool, filter_stdlibs::Bool, replace_default::Bool, cpu_target::String, script::Nothing, base_sysimage::Nothing, isapp::Bool) at /home/pkgeval/.julia/packages/PackageCompiler/3BsME/src/PackageCompiler.jl:442
 [7] top-level scope at ./timing.jl:233

