################################################################################
# PkgEval set-up: 2021-01-11T22:14:35.499
#

Julia Version 1.5.3
Commit 599f52c4c6 (2020-12-18 13:33 UTC)
Platform Info:
  OS: Linux (x86_64-linux-gnu)
  CPU: AMD EPYC 7502 32-Core Processor
  WORD_SIZE: 64
  LIBM: libopenlibm
  LLVM: libLLVM-9.0.1 (ORCJIT, znver2)
Environment:
  JULIA_PKG_PRECOMPILE_AUTO = 0
  JULIA_PKGEVAL = true

Base.julia_cmd() = `/opt/julia/bin/julia -Cnative -J/opt/julia/lib/julia/sys.so -g1`


################################################################################
# Installation: 2021-01-11T22:14:37.309
#

 Installing known registries into `~/.julia`
######################################################################## 100.0%
      Added registry `General` to `~/.julia/registries/General`
  Resolving package versions...
  Installed Combinatorics ────────── v1.0.2
  Installed MusicManipulations ───── v1.6.1
  Installed Missings ─────────────── v0.4.4
  Installed DataAPI ──────────────── v1.4.0
  Installed Reexport ─────────────── v1.0.0
  Installed SortingAlgorithms ────── v0.3.1
  Installed ARFIMA ───────────────── v0.3.1
  Installed Compat ───────────────── v3.25.0
  Installed MIDI ─────────────────── v1.8.1
  Installed StaticArrays ─────────── v0.12.5
  Installed OrderedCollections ───── v1.3.2
  Installed StatsBase ────────────── v0.33.2
  Installed DataStructures ───────── v0.18.8
  Installed MotifSequenceGenerator ─ v1.0.0
Updating `~/.julia/environments/v1.5/Project.toml`
  [274955c0] + MusicManipulations v1.6.1
Updating `~/.julia/environments/v1.5/Manifest.toml`
  [9d0fb3db] + ARFIMA v0.3.1
  [861a8166] + Combinatorics v1.0.2
  [34da2185] + Compat v3.25.0
  [9a962f9c] + DataAPI v1.4.0
  [864edb3b] + DataStructures v0.18.8
  [f57c4921] + MIDI v1.8.1
  [e1d29d7a] + Missings v0.4.4
  [7d228ccb] + MotifSequenceGenerator v1.0.0
  [274955c0] + MusicManipulations v1.6.1
  [bac558e1] + OrderedCollections v1.3.2
  [189a3867] + Reexport v1.0.0
  [a2af1166] + SortingAlgorithms v0.3.1
  [90137ffa] + StaticArrays v0.12.5
  [2913bbd2] + StatsBase v0.33.2
  [2a0f44e3] + Base64
  [ade2ca70] + Dates
  [8bb1440f] + DelimitedFiles
  [8ba89e20] + Distributed
  [b77e0a4c] + InteractiveUtils
  [76f85450] + LibGit2
  [8f399da3] + Libdl
  [37e2e46d] + LinearAlgebra
  [56ddb016] + Logging
  [d6f4376e] + Markdown
  [a63ad114] + Mmap
  [44cfe95a] + Pkg
  [de0858da] + Printf
  [3fa0cd96] + REPL
  [9a3f8284] + Random
  [ea8e919c] + SHA
  [9e88b42a] + Serialization
  [1a1011a3] + SharedArrays
  [6462fe0b] + Sockets
  [2f01184e] + SparseArrays
  [10745b16] + Statistics
  [8dfed614] + Test
  [cf7118a7] + UUIDs
  [4ec0a83e] + Unicode


################################################################################
# Testing: 2021-01-11T22:14:43.96
#

    Testing MusicManipulations
Status `/tmp/jl_4qOIsR/Project.toml`
  [9d0fb3db] ARFIMA v0.3.1
  [f57c4921] MIDI v1.8.1
  [7d228ccb] MotifSequenceGenerator v1.0.0
  [274955c0] MusicManipulations v1.6.1
  [189a3867] Reexport v1.0.0
  [2913bbd2] StatsBase v0.33.2
  [9a3f8284] Random
  [10745b16] Statistics
  [8dfed614] Test
Status `/tmp/jl_4qOIsR/Manifest.toml`
  [9d0fb3db] ARFIMA v0.3.1
  [861a8166] Combinatorics v1.0.2
  [34da2185] Compat v3.25.0
  [9a962f9c] DataAPI v1.4.0
  [864edb3b] DataStructures v0.18.8
  [f57c4921] MIDI v1.8.1
  [e1d29d7a] Missings v0.4.4
  [7d228ccb] MotifSequenceGenerator v1.0.0
  [274955c0] MusicManipulations v1.6.1
  [bac558e1] OrderedCollections v1.3.2
  [189a3867] Reexport v1.0.0
  [a2af1166] SortingAlgorithms v0.3.1
  [90137ffa] StaticArrays v0.12.5
  [2913bbd2] StatsBase v0.33.2
  [2a0f44e3] Base64
  [ade2ca70] Dates
  [8bb1440f] DelimitedFiles
  [8ba89e20] Distributed
  [b77e0a4c] InteractiveUtils
  [76f85450] LibGit2
  [8f399da3] Libdl
  [37e2e46d] LinearAlgebra
  [56ddb016] Logging
  [d6f4376e] Markdown
  [a63ad114] Mmap
  [44cfe95a] Pkg
  [de0858da] Printf
  [3fa0cd96] REPL
  [9a3f8284] Random
  [ea8e919c] SHA
  [9e88b42a] Serialization
  [1a1011a3] SharedArrays
  [6462fe0b] Sockets
  [2f01184e] SparseArrays
  [10745b16] Statistics
  [8dfed614] Test
  [cf7118a7] UUIDs
  [4ec0a83e] Unicode
Test Summary: | Pass  Total
MIDI IO       |    8      8
Test Summary: | Pass  Total
Replace Notes |    8      8
Test Summary:     | Pass  Total
Classify triplets |    4      4
Test Summary:  | Pass  Total
Classify 16ths |    3      3
Test Summary: | Pass  Total
Quantize      |    8      8
Test Summary:     | Pass  Total
quantize duration | 2560   2560
Test Summary:               | Pass  Total
Noninteger grid*tpq product |  640    640
Test Summary:       | Pass  Total
Velocity timeseries |   16     16
Test Summary:    | Pass  Total
Pitch timeseries |    6      6
Test Summary:    | Pass  Total
MTD timeseries 1 |    8      8
Test Summary:    | Pass  Total
MTD timeseries 2 |    8      8
Test Summary:                   | Pass  Total
max pitch velocity timeseries 1 |    3      3
Test Summary:                   | Pass  Total
max pitch velocity timeseries 2 |    3      3
Test Summary: | Pass  Total
Segmentation  |    4      4
Test Summary:   | Pass  Total
allowed pitches |   13     13
Test Summary:    | Pass  Total
separate pitches |    2      2
Test Summary:  | Pass  Total
estimate delay |    6      6
Test Summary: | Pass  Total
combine       |    3      3
┌ Warning: `sort(d::Dict; args...)` is deprecated, use `sort!(OrderedDict(d); args...)` instead.
│   caller = ip:0x0
└ @ Core :-1
Test Summary: | Pass  Total
humanize      |    2      2
    Testing MusicManipulations tests passed 

PkgEval succeeded


################################################################################
# PkgEval teardown: 2021-01-11T22:15:22.31
CPU usage: 45.55s (41.07s user, 4.56s kernel)

Network usage:
- eth0: 3.306 MiB received, 90.659 KiB sent

Raw statistics: {"blkio_stats":{"io_queue_recursive":[],"io_serviced_recursive":[{"major":259,"value":0,"op":"Read","minor":0},{"major":259,"value":24,"op":"Write","minor":0},{"major":259,"value":19,"op":"Sync","minor":0},{"major":259,"value":5,"op":"Async","minor":0},{"major":259,"value":0,"op":"Discard","minor":0},{"major":259,"value":24,"op":"Total","minor":0},{"major":253,"value":0,"op":"Read","minor":2},{"major":253,"value":24,"op":"Write","minor":2},{"major":253,"value":19,"op":"Sync","minor":2},{"major":253,"value":5,"op":"Async","minor":2},{"major":253,"value":0,"op":"Discard","minor":2},{"major":253,"value":24,"op":"Total","minor":2}],"io_time_recursive":[],"sectors_recursive":[],"io_service_bytes_recursive":[{"major":259,"value":0,"op":"Read","minor":0},{"major":259,"value":135168,"op":"Write","minor":0},{"major":259,"value":106496,"op":"Sync","minor":0},{"major":259,"value":28672,"op":"Async","minor":0},{"major":259,"value":0,"op":"Discard","minor":0},{"major":259,"value":135168,"op":"Total","minor":0},{"major":253,"value":0,"op":"Read","minor":2},{"major":253,"value":135168,"op":"Write","minor":2},{"major":253,"value":106496,"op":"Sync","minor":2},{"major":253,"value":28672,"op":"Async","minor":2},{"major":253,"value":0,"op":"Discard","minor":2},{"major":253,"value":135168,"op":"Total","minor":2}],"io_wait_time_recursive":[],"io_merged_recursive":[],"io_service_time_recursive":[]},"memory_stats":{"usage":338735104,"max_usage":1024782336,"stats":{"hierarchical_memory_limit":9223372036854771712,"pgmajfault":0,"total_rss":221417472,"inactive_file":135168,"inactive_anon":80830464,"total_pgfault":1254165,"total_cache":87429120,"total_rss_huge":0,"total_active_anon":228163584,"total_pgmajfault":0,"pgpgin":865953,"rss_huge":0,"mapped_file":0,"total_inactive_file":135168,"dirty":135168,"total_unevictable":0,"total_dirty":135168,"writeback":0,"pgpgout":790533,"hierarchical_memsw_limit":0,"cache":87429120,"active_file":135168,"pgfault":1254165,"total_mapped_file":0,"total_pgpgout":790533,"total_writeback":0,"rss":221417472,"unevictable":0,"total_inactive_anon":80830464,"total_pgpgin":865953,"active_anon":228163584,"total_active_file":135168},"limit":540965302272},"name":"/MusicManipulations-zDjgicSP","networks":{"eth0":{"rx_bytes":3466551,"rx_packets":700,"tx_packets":778,"tx_bytes":92835,"tx_dropped":0,"rx_dropped":2,"tx_errors":0,"rx_errors":0}},"id":"a0af3724aa50862f5459925ce32c997d988880e141194d22c75493c82d77e948","preread":"0001-01-01T00:00:00Z","storage_stats":{},"precpu_stats":{"throttling_data":{"throttled_periods":0,"throttled_time":0,"periods":0},"cpu_usage":{"usage_in_usermode":0,"usage_in_kernelmode":0,"total_usage":0}},"pids_stats":{"current":40},"num_procs":0,"cpu_stats":{"throttling_data":{"throttled_periods":0,"throttled_time":0,"periods":0},"system_cpu_usage":6317007194522419,"online_cpus":128,"cpu_usage":{"usage_in_usermode":41070000000,"usage_in_kernelmode":4560000000,"total_usage":45552014690,"percpu_usage":[0,0,0,0,0,0,0,0,0,0,0,0,0,0,0,45552009670,0,0,0,0,0,0,0,0,0,0,0,0,0,0,0,0,0,0,0,0,0,0,0,0,0,0,0,0,0,0,0,0,0,0,0,0,0,0,0,0,0,0,0,0,0,0,0,0,0,0,0,0,0,0,0,0,0,0,0,0,5020,0,0,0,0,0,0,0,0,0,0,0,0,0,0,0,0,0,0,0,0,0,0,0,0,0,0,0,0,0,0,0,0,0,0,0,0,0,0,0,0,0,0,0,0,0,0,0,0,0,0,0]}},"read":"2021-01-11T22:15:22.313338979Z"}