################################################################################
# PackageCompiler set-up: 2021-01-11T15:59:01.077
#

Julia Version 1.5.3
Commit 599f52c4c6 (2020-12-18 13:33 UTC)
Platform Info:
  OS: Linux (x86_64-linux-gnu)
  CPU: AMD EPYC 7502 32-Core Processor
  WORD_SIZE: 64
  LIBM: libopenlibm
  LLVM: libLLVM-9.0.1 (ORCJIT, znver2)
Environment:
  JULIA_PKGEVAL = true
  JULIA_PKG_PRECOMPILE_AUTO = 0



################################################################################
# Installation: 2021-01-11T15:59:02.761
#

 Installing known registries into `~/.julia`
######################################################################## 100.0%
      Added registry `General` to `~/.julia/registries/General`
  Resolving package versions...
  Installed RangeArrays ────── v0.3.2
  Installed Libiconv_jll ───── v1.16.0+7
  Installed MzXML ──────────── v0.2.0
  Installed AxisArrays ─────── v0.4.3
  Installed EllipsisNotation ─ v1.0.0
  Installed Unitful ────────── v1.5.0
  Installed JLLWrappers ────── v1.2.0
  Installed PackageCompiler ── v1.2.5
  Installed LightXML ───────── v0.9.0
  Installed Zlib_jll ───────── v1.2.11+18
  Installed IterTools ──────── v1.3.0
  Installed ProgressMeter ──── v1.4.1
  Installed ConstructionBase ─ v1.0.0
  Installed IntervalSets ───── v0.5.2
  Installed MzCore ─────────── v0.1.1
  Installed XML2_jll ───────── v2.9.10+3
  Installed Artifacts ──────── v1.3.0
Updating `~/.julia/environments/v1.5/Project.toml`
  [cb69de98] + MzXML v0.2.0
  [9b87118b] + PackageCompiler v1.2.5
Updating `~/.julia/environments/v1.5/Manifest.toml`
  [56f22d72] + Artifacts v1.3.0
  [39de3d68] + AxisArrays v0.4.3
  [187b0558] + ConstructionBase v1.0.0
  [da5c29d0] + EllipsisNotation v1.0.0
  [8197267c] + IntervalSets v0.5.2
  [c8e1da08] + IterTools v1.3.0
  [692b3bcd] + JLLWrappers v1.2.0
  [94ce4f54] + Libiconv_jll v1.16.0+7
  [9c8b4983] + LightXML v0.9.0
  [0ec0bfde] + MzCore v0.1.1
  [cb69de98] + MzXML v0.2.0
  [9b87118b] + PackageCompiler v1.2.5
  [92933f4c] + ProgressMeter v1.4.1
  [b3c3ace0] + RangeArrays v0.3.2
  [1986cc42] + Unitful v1.5.0
  [02c8fc9c] + XML2_jll v2.9.10+3
  [83775a58] + Zlib_jll v1.2.11+18
  [2a0f44e3] + Base64
  [ade2ca70] + Dates
  [8ba89e20] + Distributed
  [b77e0a4c] + InteractiveUtils
  [76f85450] + LibGit2
  [8f399da3] + Libdl
  [37e2e46d] + LinearAlgebra
  [56ddb016] + Logging
  [d6f4376e] + Markdown
  [44cfe95a] + Pkg
  [de0858da] + Printf
  [3fa0cd96] + REPL
  [9a3f8284] + Random
  [ea8e919c] + SHA
  [9e88b42a] + Serialization
  [6462fe0b] + Sockets
  [2f01184e] + SparseArrays
  [10745b16] + Statistics
  [cf7118a7] + UUIDs
  [4ec0a83e] + Unicode


################################################################################
# Compiling: 2021-01-11T15:59:09.255
#

[ Info: PackageCompiler: creating system image object file, this might take a while...
Generated system image is 160.954 MiB, compilation took 207 seconds


################################################################################
# PkgEval set-up: 2021-01-11T16:02:44.277
#

Julia Version 1.5.3
Commit 599f52c4c6 (2020-12-18 13:33 UTC)
Platform Info:
  OS: Linux (x86_64-linux-gnu)
  CPU: AMD EPYC 7502 32-Core Processor
  WORD_SIZE: 64
  LIBM: libopenlibm
  LLVM: libLLVM-9.0.1 (ORCJIT, znver2)
Environment:
  JULIA_PKGEVAL = true
  JULIA_PKG_PRECOMPILE_AUTO = 0

Base.julia_cmd() = `/usr/local/julia/bin/julia -Cnative -J/cache/MzXML-OzOzxlNM.so -g1`


################################################################################
# Installation: 2021-01-11T16:02:46.094
#

 Installing known registries into `~/.julia`
################################################                          66.8%######################################################################## 100.0%
      Added registry `General` to `~/.julia/registries/General`
  Resolving package versions...
  Installed RangeArrays ────── v0.3.2
  Installed Libiconv_jll ───── v1.16.0+7
  Installed MzXML ──────────── v0.2.0
  Installed AxisArrays ─────── v0.4.3
  Installed LightXML ───────── v0.9.0
  Installed Unitful ────────── v1.5.0
  Installed Zlib_jll ───────── v1.2.11+18
  Installed EllipsisNotation ─ v1.0.0
  Installed JLLWrappers ────── v1.2.0
  Installed IterTools ──────── v1.3.0
  Installed IntervalSets ───── v0.5.2
  Installed ProgressMeter ──── v1.4.1
  Installed ConstructionBase ─ v1.0.0
  Installed MzCore ─────────── v0.1.1
  Installed XML2_jll ───────── v2.9.10+3
  Installed Artifacts ──────── v1.3.0
Updating `~/.julia/environments/v1.5/Project.toml`
  [cb69de98] + MzXML v0.2.0
Updating `~/.julia/environments/v1.5/Manifest.toml`
  [56f22d72] + Artifacts v1.3.0
  [39de3d68] + AxisArrays v0.4.3
  [187b0558] + ConstructionBase v1.0.0
  [da5c29d0] + EllipsisNotation v1.0.0
  [8197267c] + IntervalSets v0.5.2
  [c8e1da08] + IterTools v1.3.0
  [692b3bcd] + JLLWrappers v1.2.0
  [94ce4f54] + Libiconv_jll v1.16.0+7
  [9c8b4983] + LightXML v0.9.0
  [0ec0bfde] + MzCore v0.1.1
  [cb69de98] + MzXML v0.2.0
  [92933f4c] + ProgressMeter v1.4.1
  [b3c3ace0] + RangeArrays v0.3.2
  [1986cc42] + Unitful v1.5.0
  [02c8fc9c] + XML2_jll v2.9.10+3
  [83775a58] + Zlib_jll v1.2.11+18
  [2a0f44e3] + Base64
  [ade2ca70] + Dates
  [8ba89e20] + Distributed
  [b77e0a4c] + InteractiveUtils
  [76f85450] + LibGit2
  [8f399da3] + Libdl
  [37e2e46d] + LinearAlgebra
  [56ddb016] + Logging
  [d6f4376e] + Markdown
  [44cfe95a] + Pkg
  [de0858da] + Printf
  [3fa0cd96] + REPL
  [9a3f8284] + Random
  [ea8e919c] + SHA
  [9e88b42a] + Serialization
  [6462fe0b] + Sockets
  [2f01184e] + SparseArrays
  [10745b16] + Statistics
  [cf7118a7] + UUIDs
  [4ec0a83e] + Unicode


################################################################################
# Testing: 2021-01-11T16:02:51.614
#

    Testing MzXML
Status `/tmp/jl_Iaewfc/Project.toml`
  [39de3d68] AxisArrays v0.4.3
  [9c8b4983] LightXML v0.9.0
  [0ec0bfde] MzCore v0.1.1
  [cb69de98] MzXML v0.2.0
  [92933f4c] ProgressMeter v1.4.1
  [1986cc42] Unitful v1.5.0
  [2a0f44e3] Base64
  [8dfed614] Test
Status `/tmp/jl_Iaewfc/Manifest.toml`
  [56f22d72] Artifacts v1.3.0
  [39de3d68] AxisArrays v0.4.3
  [187b0558] ConstructionBase v1.0.0
  [da5c29d0] EllipsisNotation v1.0.0
  [8197267c] IntervalSets v0.5.2
  [c8e1da08] IterTools v1.3.0
  [692b3bcd] JLLWrappers v1.2.0
  [94ce4f54] Libiconv_jll v1.16.0+7
  [9c8b4983] LightXML v0.9.0
  [0ec0bfde] MzCore v0.1.1
  [cb69de98] MzXML v0.2.0
  [92933f4c] ProgressMeter v1.4.1
  [b3c3ace0] RangeArrays v0.3.2
  [1986cc42] Unitful v1.5.0
  [02c8fc9c] XML2_jll v2.9.10+3
  [83775a58] Zlib_jll v1.2.11+18
  [2a0f44e3] Base64
  [ade2ca70] Dates
  [8ba89e20] Distributed
  [b77e0a4c] InteractiveUtils
  [76f85450] LibGit2
  [8f399da3] Libdl
  [37e2e46d] LinearAlgebra
  [56ddb016] Logging
  [d6f4376e] Markdown
  [44cfe95a] Pkg
  [de0858da] Printf
  [3fa0cd96] REPL
  [9a3f8284] Random
  [ea8e919c] SHA
  [9e88b42a] Serialization
  [6462fe0b] Sockets
  [2f01184e] SparseArrays
  [10745b16] Statistics
  [8dfed614] Test
  [cf7118a7] UUIDs
  [4ec0a83e] Unicode
Number of scans read: 1 	 Time: 0:00:00[KNumber of scans read: 2 	 Time: 0:00:00[K
Number of scans read: 1 	 Time: 0:00:00[KNumber of scans read: 2 	 Time: 0:00:00[K
Test Summary: | Pass  Total
MzXML         |   22     22
    Testing MzXML tests passed 

PkgEval succeeded


################################################################################
# PkgEval teardown: 2021-01-11T16:02:59.393
CPU usage: 15.38s (12.64s user, 2.79s kernel)

Network usage:
- eth0: 3.143 MiB received, 104.529 KiB sent

Raw statistics: {"blkio_stats":{"io_queue_recursive":[],"io_serviced_recursive":[{"major":259,"value":0,"op":"Read","minor":0},{"major":259,"value":19,"op":"Write","minor":0},{"major":259,"value":14,"op":"Sync","minor":0},{"major":259,"value":5,"op":"Async","minor":0},{"major":259,"value":0,"op":"Discard","minor":0},{"major":259,"value":19,"op":"Total","minor":0},{"major":253,"value":0,"op":"Read","minor":2},{"major":253,"value":19,"op":"Write","minor":2},{"major":253,"value":14,"op":"Sync","minor":2},{"major":253,"value":5,"op":"Async","minor":2},{"major":253,"value":0,"op":"Discard","minor":2},{"major":253,"value":19,"op":"Total","minor":2}],"io_time_recursive":[],"sectors_recursive":[],"io_service_bytes_recursive":[{"major":259,"value":0,"op":"Read","minor":0},{"major":259,"value":86016,"op":"Write","minor":0},{"major":259,"value":57344,"op":"Sync","minor":0},{"major":259,"value":28672,"op":"Async","minor":0},{"major":259,"value":0,"op":"Discard","minor":0},{"major":259,"value":86016,"op":"Total","minor":0},{"major":253,"value":0,"op":"Read","minor":2},{"major":253,"value":86016,"op":"Write","minor":2},{"major":253,"value":57344,"op":"Sync","minor":2},{"major":253,"value":28672,"op":"Async","minor":2},{"major":253,"value":0,"op":"Discard","minor":2},{"major":253,"value":86016,"op":"Total","minor":2}],"io_wait_time_recursive":[],"io_merged_recursive":[],"io_service_time_recursive":[]},"memory_stats":{"usage":342458368,"max_usage":544022528,"stats":{"hierarchical_memory_limit":9223372036854771712,"pgmajfault":0,"total_rss":226332672,"inactive_file":135168,"inactive_anon":80424960,"total_pgfault":340461,"total_cache":85753856,"total_rss_huge":0,"total_active_anon":227352576,"total_pgmajfault":0,"pgpgin":196317,"rss_huge":0,"mapped_file":0,"total_inactive_file":135168,"dirty":270336,"total_unevictable":0,"total_dirty":270336,"writeback":0,"pgpgout":120133,"hierarchical_memsw_limit":0,"cache":85753856,"active_file":4460544,"pgfault":340461,"total_mapped_file":0,"total_pgpgout":120133,"total_writeback":0,"rss":226332672,"unevictable":0,"total_inactive_anon":80424960,"total_pgpgin":196317,"active_anon":227352576,"total_active_file":4460544},"limit":540965302272},"name":"/MzXML-zhW87Wmx","networks":{"eth0":{"rx_bytes":3295211,"rx_packets":831,"tx_packets":930,"tx_bytes":107038,"tx_dropped":0,"rx_dropped":1,"tx_errors":0,"rx_errors":0}},"id":"c21b6051cb2242767bbd9f8ea330e48a7ddf826c0f40f6325cfae308f801c045","preread":"0001-01-01T00:00:00Z","storage_stats":{},"precpu_stats":{"throttling_data":{"throttled_periods":0,"throttled_time":0,"periods":0},"cpu_usage":{"usage_in_usermode":0,"usage_in_kernelmode":0,"total_usage":0}},"pids_stats":{"current":44},"num_procs":0,"cpu_stats":{"throttling_data":{"throttled_periods":0,"throttled_time":0,"periods":0},"system_cpu_usage":3461811874522419,"online_cpus":128,"cpu_usage":{"usage_in_usermode":12640000000,"usage_in_kernelmode":2790000000,"total_usage":15376943255,"percpu_usage":[0,0,0,0,0,0,0,0,0,0,0,0,0,0,0,0,0,0,0,0,0,0,0,0,0,0,0,0,0,0,0,0,0,0,0,0,0,0,0,0,0,0,0,0,0,0,0,0,0,0,0,0,72571124,0,0,15304372131,0,0,0,0,0,0,0,0,0,0,0,0,0,0,0,0,0,0,0,0,0,0,0,0,0,0,0,0,0,0,0,0,0,0,0,0,0,0,0,0,0,0,0,0,0,0,0,0,0,0,0,0,0,0,0,0,0,0,0,0,0,0,0,0,0,0,0,0,0,0,0,0]}},"read":"2021-01-11T16:02:59.395692912Z"}