################################################################################
# PackageCompiler set-up: 2021-01-11T22:43:52.166
#

Julia Version 1.5.3
Commit 599f52c4c6 (2020-12-18 13:33 UTC)
Platform Info:
  OS: Linux (x86_64-linux-gnu)
  CPU: AMD EPYC 7502 32-Core Processor
  WORD_SIZE: 64
  LIBM: libopenlibm
  LLVM: libLLVM-9.0.1 (ORCJIT, znver2)
Environment:
  JULIA_PKGEVAL = true
  JULIA_PKG_PRECOMPILE_AUTO = 0



################################################################################
# Installation: 2021-01-11T22:43:53.887
#

 Installing known registries into `~/.julia`
######################################################################## 100.0%
      Added registry `General` to `~/.julia/registries/General`
  Resolving package versions...
  Installed HDF5_jll ─────────── v1.12.0+1
  Installed MbedTLS_jll ──────── v2.16.8+1
  Installed Zlib_jll ─────────── v1.2.11+18
  Installed LibSSH2_jll ──────── v1.9.0+3
  Installed LibCURL_jll ──────── v7.70.0+2
  Installed NCDatasets ───────── v0.11.1
  Installed JLLWrappers ──────── v1.2.0
  Installed Compat ───────────── v3.25.0
  Installed CFTime ───────────── v0.1.1
  Installed nghttp2_jll ──────── v1.40.0+2
  Installed PackageCompiler ──── v1.2.5
  Installed OrderedCollections ─ v1.3.2
  Installed DataStructures ───── v0.18.8
  Installed NetCDF_jll ───────── v4.7.4+1
  Installed OpenSSL_jll ──────── v1.1.1+6
  Installed Artifacts ────────── v1.3.0
Updating `~/.julia/environments/v1.5/Project.toml`
  [85f8d34a] + NCDatasets v0.11.1
  [9b87118b] + PackageCompiler v1.2.5
Updating `~/.julia/environments/v1.5/Manifest.toml`
  [56f22d72] + Artifacts v1.3.0
  [179af706] + CFTime v0.1.1
  [34da2185] + Compat v3.25.0
  [864edb3b] + DataStructures v0.18.8
  [0234f1f7] + HDF5_jll v1.12.0+1
  [692b3bcd] + JLLWrappers v1.2.0
  [deac9b47] + LibCURL_jll v7.70.0+2
  [29816b5a] + LibSSH2_jll v1.9.0+3
  [c8ffd9c3] + MbedTLS_jll v2.16.8+1
  [85f8d34a] + NCDatasets v0.11.1
  [7243133f] + NetCDF_jll v4.7.4+1
  [458c3c95] + OpenSSL_jll v1.1.1+6
  [bac558e1] + OrderedCollections v1.3.2
  [9b87118b] + PackageCompiler v1.2.5
  [83775a58] + Zlib_jll v1.2.11+18
  [8e850ede] + nghttp2_jll v1.40.0+2
  [2a0f44e3] + Base64
  [ade2ca70] + Dates
  [8bb1440f] + DelimitedFiles
  [8ba89e20] + Distributed
  [b77e0a4c] + InteractiveUtils
  [76f85450] + LibGit2
  [8f399da3] + Libdl
  [37e2e46d] + LinearAlgebra
  [56ddb016] + Logging
  [d6f4376e] + Markdown
  [a63ad114] + Mmap
  [44cfe95a] + Pkg
  [de0858da] + Printf
  [3fa0cd96] + REPL
  [9a3f8284] + Random
  [ea8e919c] + SHA
  [9e88b42a] + Serialization
  [1a1011a3] + SharedArrays
  [6462fe0b] + Sockets
  [2f01184e] + SparseArrays
  [10745b16] + Statistics
  [8dfed614] + Test
  [cf7118a7] + UUIDs
  [4ec0a83e] + Unicode


################################################################################
# Compiling: 2021-01-11T22:44:00.031
#

[ Info: PackageCompiler: creating system image object file, this might take a while...
Generated system image is 153.781 MiB, compilation took 186 seconds


################################################################################
# PkgEval set-up: 2021-01-11T22:47:14.195
#

Julia Version 1.5.3
Commit 599f52c4c6 (2020-12-18 13:33 UTC)
Platform Info:
  OS: Linux (x86_64-linux-gnu)
  CPU: AMD EPYC 7502 32-Core Processor
  WORD_SIZE: 64
  LIBM: libopenlibm
  LLVM: libLLVM-9.0.1 (ORCJIT, znver2)
Environment:
  JULIA_PKGEVAL = true
  JULIA_PKG_PRECOMPILE_AUTO = 0

Base.julia_cmd() = `/usr/local/julia/bin/julia -Cnative -J/cache/NCDatasets-JtUVuoce.so -g1`


################################################################################
# Installation: 2021-01-11T22:47:16.003
#

 Installing known registries into `~/.julia`
                                                                           0.6%######################################################################## 100.0%
      Added registry `General` to `~/.julia/registries/General`
  Resolving package versions...
  Installed MbedTLS_jll ──────── v2.16.8+1
  Installed HDF5_jll ─────────── v1.12.0+1
  Installed Zlib_jll ─────────── v1.2.11+18
  Installed NCDatasets ───────── v0.11.1
  Installed DataStructures ───── v0.18.8
  Installed LibSSH2_jll ──────── v1.9.0+3
  Installed LibCURL_jll ──────── v7.70.0+2
  Installed JLLWrappers ──────── v1.2.0
  Installed CFTime ───────────── v0.1.1
  Installed Compat ───────────── v3.25.0
  Installed nghttp2_jll ──────── v1.40.0+2
  Installed OrderedCollections ─ v1.3.2
  Installed OpenSSL_jll ──────── v1.1.1+6
  Installed NetCDF_jll ───────── v4.7.4+1
  Installed Artifacts ────────── v1.3.0
Updating `~/.julia/environments/v1.5/Project.toml`
  [85f8d34a] + NCDatasets v0.11.1
Updating `~/.julia/environments/v1.5/Manifest.toml`
  [56f22d72] + Artifacts v1.3.0
  [179af706] + CFTime v0.1.1
  [34da2185] + Compat v3.25.0
  [864edb3b] + DataStructures v0.18.8
  [0234f1f7] + HDF5_jll v1.12.0+1
  [692b3bcd] + JLLWrappers v1.2.0
  [deac9b47] + LibCURL_jll v7.70.0+2
  [29816b5a] + LibSSH2_jll v1.9.0+3
  [c8ffd9c3] + MbedTLS_jll v2.16.8+1
  [85f8d34a] + NCDatasets v0.11.1
  [7243133f] + NetCDF_jll v4.7.4+1
  [458c3c95] + OpenSSL_jll v1.1.1+6
  [bac558e1] + OrderedCollections v1.3.2
  [83775a58] + Zlib_jll v1.2.11+18
  [8e850ede] + nghttp2_jll v1.40.0+2
  [2a0f44e3] + Base64
  [ade2ca70] + Dates
  [8bb1440f] + DelimitedFiles
  [8ba89e20] + Distributed
  [b77e0a4c] + InteractiveUtils
  [76f85450] + LibGit2
  [8f399da3] + Libdl
  [37e2e46d] + LinearAlgebra
  [56ddb016] + Logging
  [d6f4376e] + Markdown
  [a63ad114] + Mmap
  [44cfe95a] + Pkg
  [de0858da] + Printf
  [3fa0cd96] + REPL
  [9a3f8284] + Random
  [ea8e919c] + SHA
  [9e88b42a] + Serialization
  [1a1011a3] + SharedArrays
  [6462fe0b] + Sockets
  [2f01184e] + SparseArrays
  [10745b16] + Statistics
  [8dfed614] + Test
  [cf7118a7] + UUIDs
  [4ec0a83e] + Unicode


################################################################################
# Testing: 2021-01-11T22:47:22.443
#

    Testing NCDatasets
Status `/tmp/jl_yj8TC9/Project.toml`
  [179af706] CFTime v0.1.1
  [864edb3b] DataStructures v0.18.8
  [85f8d34a] NCDatasets v0.11.1
  [7243133f] NetCDF_jll v4.7.4+1
  [ade2ca70] Dates
  [de0858da] Printf
  [9a3f8284] Random
  [8dfed614] Test
Status `/tmp/jl_yj8TC9/Manifest.toml`
  [56f22d72] Artifacts v1.3.0
  [179af706] CFTime v0.1.1
  [34da2185] Compat v3.25.0
  [864edb3b] DataStructures v0.18.8
  [0234f1f7] HDF5_jll v1.12.0+1
  [692b3bcd] JLLWrappers v1.2.0
  [deac9b47] LibCURL_jll v7.70.0+2
  [29816b5a] LibSSH2_jll v1.9.0+3
  [c8ffd9c3] MbedTLS_jll v2.16.8+1
  [85f8d34a] NCDatasets v0.11.1
  [7243133f] NetCDF_jll v4.7.4+1
  [458c3c95] OpenSSL_jll v1.1.1+6
  [bac558e1] OrderedCollections v1.3.2
  [83775a58] Zlib_jll v1.2.11+18
  [8e850ede] nghttp2_jll v1.40.0+2
  [2a0f44e3] Base64
  [ade2ca70] Dates
  [8bb1440f] DelimitedFiles
  [8ba89e20] Distributed
  [b77e0a4c] InteractiveUtils
  [76f85450] LibGit2
  [8f399da3] Libdl
  [37e2e46d] LinearAlgebra
  [56ddb016] Logging
  [d6f4376e] Markdown
  [a63ad114] Mmap
  [44cfe95a] Pkg
  [de0858da] Printf
  [3fa0cd96] REPL
  [9a3f8284] Random
  [ea8e919c] SHA
  [9e88b42a] Serialization
  [1a1011a3] SharedArrays
  [6462fe0b] Sockets
  [2f01184e] SparseArrays
  [10745b16] Statistics
  [8dfed614] Test
  [cf7118a7] UUIDs
  [4ec0a83e] Unicode
NetCDF library: libnetcdf.so.18
NetCDF version: 4.7.4 of Nov 22 2020 19:03:42 $
Test Summary: | Pass  Broken  Total
NCDatasets    |  718      10    728
Test Summary:  | Pass  Total
NetCDF4 groups |    9      9
Test Summary:          | Pass  Total
Variable-length arrays |   22     22
Test Summary:      |   Pass   Total
Time and calendars | 874621  874621
Test Summary:       | Pass  Total
Multi-file datasets |   45     45
Test Summary:     | Pass  Total
Deferred datasets |   13     13
    Testing NCDatasets tests passed 

PkgEval succeeded


################################################################################
# PkgEval teardown: 2021-01-11T22:49:08.67
CPU usage: 114.56s (111.06s user, 3.67s kernel)

Network usage:
- eth0: 2.957 MiB received, 91.275 KiB sent

Raw statistics: {"blkio_stats":{"io_queue_recursive":[],"io_serviced_recursive":[{"major":259,"value":0,"op":"Read","minor":0},{"major":259,"value":21,"op":"Write","minor":0},{"major":259,"value":14,"op":"Sync","minor":0},{"major":259,"value":7,"op":"Async","minor":0},{"major":259,"value":0,"op":"Discard","minor":0},{"major":259,"value":21,"op":"Total","minor":0},{"major":253,"value":0,"op":"Read","minor":2},{"major":253,"value":21,"op":"Write","minor":2},{"major":253,"value":14,"op":"Sync","minor":2},{"major":253,"value":7,"op":"Async","minor":2},{"major":253,"value":0,"op":"Discard","minor":2},{"major":253,"value":21,"op":"Total","minor":2}],"io_time_recursive":[],"sectors_recursive":[],"io_service_bytes_recursive":[{"major":259,"value":0,"op":"Read","minor":0},{"major":259,"value":110592,"op":"Write","minor":0},{"major":259,"value":57344,"op":"Sync","minor":0},{"major":259,"value":53248,"op":"Async","minor":0},{"major":259,"value":0,"op":"Discard","minor":0},{"major":259,"value":110592,"op":"Total","minor":0},{"major":253,"value":0,"op":"Read","minor":2},{"major":253,"value":110592,"op":"Write","minor":2},{"major":253,"value":57344,"op":"Sync","minor":2},{"major":253,"value":53248,"op":"Async","minor":2},{"major":253,"value":0,"op":"Discard","minor":2},{"major":253,"value":110592,"op":"Total","minor":2}],"io_wait_time_recursive":[],"io_merged_recursive":[],"io_service_time_recursive":[]},"memory_stats":{"usage":304992256,"max_usage":676089856,"stats":{"hierarchical_memory_limit":9223372036854771712,"pgmajfault":0,"total_rss":193216512,"inactive_file":135168,"inactive_anon":80830464,"total_pgfault":837969,"total_cache":81956864,"total_rss_huge":0,"total_active_anon":194371584,"total_pgmajfault":0,"pgpgin":273141,"rss_huge":0,"mapped_file":0,"total_inactive_file":135168,"dirty":1081344,"total_unevictable":0,"total_dirty":1081344,"writeback":0,"pgpgout":205996,"hierarchical_memsw_limit":0,"cache":81956864,"active_file":135168,"pgfault":837969,"total_mapped_file":0,"total_pgpgout":205996,"total_writeback":0,"rss":193216512,"unevictable":0,"total_inactive_anon":80830464,"total_pgpgin":273141,"active_anon":194371584,"total_active_file":135168},"limit":540965302272},"name":"/NCDatasets-Ug8GcNkf","networks":{"eth0":{"rx_bytes":3100701,"rx_packets":735,"tx_packets":761,"tx_bytes":93466,"tx_dropped":0,"rx_dropped":4,"tx_errors":0,"rx_errors":0}},"id":"b424010123b33d46a5e32583a362944d11a7f710e52aa4073ca6d65e696a132e","preread":"0001-01-01T00:00:00Z","storage_stats":{},"precpu_stats":{"throttling_data":{"throttled_periods":0,"throttled_time":0,"periods":0},"cpu_usage":{"usage_in_usermode":0,"usage_in_kernelmode":0,"total_usage":0}},"pids_stats":{"current":44},"num_procs":0,"cpu_stats":{"throttling_data":{"throttled_periods":0,"throttled_time":0,"periods":0},"system_cpu_usage":6575961164522419,"online_cpus":128,"cpu_usage":{"usage_in_usermode":111060000000,"usage_in_kernelmode":3670000000,"total_usage":114558552748,"percpu_usage":[0,0,0,0,0,0,0,0,0,0,0,0,0,0,0,0,0,0,0,0,0,0,0,0,0,0,0,0,0,0,0,0,0,0,0,0,0,0,0,0,0,0,0,0,0,0,0,0,0,0,0,0,0,0,0,0,0,114558552748,0,0,0,0,0,0,0,0,0,0,0,0,0,0,0,0,0,0,0,0,0,0,0,0,0,0,0,0,0,0,0,0,0,0,0,0,0,0,0,0,0,0,0,0,0,0,0,0,0,0,0,0,0,0,0,0,0,0,0,0,0,0,0,0,0,0,0,0,0,0]}},"read":"2021-01-11T22:49:09.281958868Z"}