################################################################################
# PackageCompiler set-up: 2021-01-11T19:38:52.091
#

Julia Version 1.5.3
Commit 599f52c4c6 (2020-12-18 13:33 UTC)
Platform Info:
  OS: Linux (x86_64-linux-gnu)
  CPU: AMD EPYC 7502 32-Core Processor
  WORD_SIZE: 64
  LIBM: libopenlibm
  LLVM: libLLVM-9.0.1 (ORCJIT, znver2)
Environment:
  JULIA_PKGEVAL = true
  JULIA_PKG_PRECOMPILE_AUTO = 0



################################################################################
# Installation: 2021-01-11T19:38:53.756
#

 Installing known registries into `~/.julia`
########                                                                  11.3%######################################################################## 100.0%
      Added registry `General` to `~/.julia/registries/General`
  Resolving package versions...
  Installed Neo4j ─────────────────────── v2.0.0
  Installed MbedTLS_jll ───────────────── v2.16.8+1
  Installed Reexport ──────────────────── v0.2.0
  Installed TableTraits ───────────────── v1.0.0
  Installed CategoricalArrays ─────────── v0.8.3
  Installed DataStructures ────────────── v0.18.8
  Installed DataFrames ────────────────── v0.21.8
  Installed PackageCompiler ───────────── v1.2.5
  Installed InvertedIndices ───────────── v1.0.0
  Installed DataValueInterfaces ───────── v1.0.0
  Installed DataAPI ───────────────────── v1.4.0
  Installed Missings ──────────────────── v0.4.4
  Installed MbedTLS ───────────────────── v1.0.3
  Installed Tables ────────────────────── v1.2.2
  Installed OrderedCollections ────────── v1.3.2
  Installed HTTP ──────────────────────── v0.8.19
  Installed PooledArrays ──────────────── v0.5.3
  Installed SortingAlgorithms ─────────── v0.3.1
  Installed IteratorInterfaceExtensions ─ v1.0.0
  Installed Compat ────────────────────── v3.25.0
  Installed StructTypes ───────────────── v1.2.1
  Installed JSON ──────────────────────── v0.21.1
  Installed DocStringExtensions ───────── v0.8.3
  Installed JLLWrappers ───────────────── v1.2.0
  Installed Parsers ───────────────────── v1.0.15
  Installed Artifacts ─────────────────── v1.3.0
  Installed IniFile ───────────────────── v0.5.0
Updating `~/.julia/environments/v1.5/Project.toml`
  [d2adbeaf] + Neo4j v2.0.0
  [9b87118b] + PackageCompiler v1.2.5
Updating `~/.julia/environments/v1.5/Manifest.toml`
  [56f22d72] + Artifacts v1.3.0
  [324d7699] + CategoricalArrays v0.8.3
  [34da2185] + Compat v3.25.0
  [9a962f9c] + DataAPI v1.4.0
  [a93c6f00] + DataFrames v0.21.8
  [864edb3b] + DataStructures v0.18.8
  [e2d170a0] + DataValueInterfaces v1.0.0
  [ffbed154] + DocStringExtensions v0.8.3
  [cd3eb016] + HTTP v0.8.19
  [83e8ac13] + IniFile v0.5.0
  [41ab1584] + InvertedIndices v1.0.0
  [82899510] + IteratorInterfaceExtensions v1.0.0
  [692b3bcd] + JLLWrappers v1.2.0
  [682c06a0] + JSON v0.21.1
  [739be429] + MbedTLS v1.0.3
  [c8ffd9c3] + MbedTLS_jll v2.16.8+1
  [e1d29d7a] + Missings v0.4.4
  [d2adbeaf] + Neo4j v2.0.0
  [bac558e1] + OrderedCollections v1.3.2
  [9b87118b] + PackageCompiler v1.2.5
  [69de0a69] + Parsers v1.0.15
  [2dfb63ee] + PooledArrays v0.5.3
  [189a3867] + Reexport v0.2.0
  [a2af1166] + SortingAlgorithms v0.3.1
  [856f2bd8] + StructTypes v1.2.1
  [3783bdb8] + TableTraits v1.0.0
  [bd369af6] + Tables v1.2.2
  [2a0f44e3] + Base64
  [ade2ca70] + Dates
  [8bb1440f] + DelimitedFiles
  [8ba89e20] + Distributed
  [9fa8497b] + Future
  [b77e0a4c] + InteractiveUtils
  [76f85450] + LibGit2
  [8f399da3] + Libdl
  [37e2e46d] + LinearAlgebra
  [56ddb016] + Logging
  [d6f4376e] + Markdown
  [a63ad114] + Mmap
  [44cfe95a] + Pkg
  [de0858da] + Printf
  [3fa0cd96] + REPL
  [9a3f8284] + Random
  [ea8e919c] + SHA
  [9e88b42a] + Serialization
  [1a1011a3] + SharedArrays
  [6462fe0b] + Sockets
  [2f01184e] + SparseArrays
  [10745b16] + Statistics
  [8dfed614] + Test
  [cf7118a7] + UUIDs
  [4ec0a83e] + Unicode


################################################################################
# Compiling: 2021-01-11T19:39:00.391
#

[ Info: PackageCompiler: creating system image object file, this might take a while...
Generated system image is 173.426 MiB, compilation took 217 seconds


################################################################################
# PkgEval set-up: 2021-01-11T19:42:45.411
#

Julia Version 1.5.3
Commit 599f52c4c6 (2020-12-18 13:33 UTC)
Platform Info:
  OS: Linux (x86_64-linux-gnu)
  CPU: AMD EPYC 7502 32-Core Processor
  WORD_SIZE: 64
  LIBM: libopenlibm
  LLVM: libLLVM-9.0.1 (ORCJIT, znver2)
Environment:
  JULIA_PKGEVAL = true
  JULIA_PKG_PRECOMPILE_AUTO = 0

Base.julia_cmd() = `/usr/local/julia/bin/julia -Cnative -J/cache/Neo4j-SIRhhdUa.so -g1`


################################################################################
# Installation: 2021-01-11T19:42:47.215
#

 Installing known registries into `~/.julia`
######################################################################## 100.0%
      Added registry `General` to `~/.julia/registries/General`
  Resolving package versions...
  Installed Neo4j ─────────────────────── v2.0.0
  Installed MbedTLS_jll ───────────────── v2.16.8+1
  Installed Reexport ──────────────────── v0.2.0
  Installed TableTraits ───────────────── v1.0.0
  Installed DataAPI ───────────────────── v1.4.0
  Installed MbedTLS ───────────────────── v1.0.3
  Installed Tables ────────────────────── v1.2.2
  Installed CategoricalArrays ─────────── v0.8.3
  Installed DataStructures ────────────── v0.18.8
  Installed OrderedCollections ────────── v1.3.2
  Installed HTTP ──────────────────────── v0.8.19
  Installed DataFrames ────────────────── v0.21.8
  Installed InvertedIndices ───────────── v1.0.0
  Installed DataValueInterfaces ───────── v1.0.0
  Installed PooledArrays ──────────────── v0.5.3
  Installed Missings ──────────────────── v0.4.4
  Installed JLLWrappers ───────────────── v1.2.0
  Installed DocStringExtensions ───────── v0.8.3
  Installed Parsers ───────────────────── v1.0.15
  Installed SortingAlgorithms ─────────── v0.3.1
  Installed Artifacts ─────────────────── v1.3.0
  Installed IteratorInterfaceExtensions ─ v1.0.0
  Installed Compat ────────────────────── v3.25.0
  Installed StructTypes ───────────────── v1.2.1
  Installed JSON ──────────────────────── v0.21.1
  Installed IniFile ───────────────────── v0.5.0
Updating `~/.julia/environments/v1.5/Project.toml`
  [d2adbeaf] + Neo4j v2.0.0
Updating `~/.julia/environments/v1.5/Manifest.toml`
  [56f22d72] + Artifacts v1.3.0
  [324d7699] + CategoricalArrays v0.8.3
  [34da2185] + Compat v3.25.0
  [9a962f9c] + DataAPI v1.4.0
  [a93c6f00] + DataFrames v0.21.8
  [864edb3b] + DataStructures v0.18.8
  [e2d170a0] + DataValueInterfaces v1.0.0
  [ffbed154] + DocStringExtensions v0.8.3
  [cd3eb016] + HTTP v0.8.19
  [83e8ac13] + IniFile v0.5.0
  [41ab1584] + InvertedIndices v1.0.0
  [82899510] + IteratorInterfaceExtensions v1.0.0
  [692b3bcd] + JLLWrappers v1.2.0
  [682c06a0] + JSON v0.21.1
  [739be429] + MbedTLS v1.0.3
  [c8ffd9c3] + MbedTLS_jll v2.16.8+1
  [e1d29d7a] + Missings v0.4.4
  [d2adbeaf] + Neo4j v2.0.0
  [bac558e1] + OrderedCollections v1.3.2
  [69de0a69] + Parsers v1.0.15
  [2dfb63ee] + PooledArrays v0.5.3
  [189a3867] + Reexport v0.2.0
  [a2af1166] + SortingAlgorithms v0.3.1
  [856f2bd8] + StructTypes v1.2.1
  [3783bdb8] + TableTraits v1.0.0
  [bd369af6] + Tables v1.2.2
  [2a0f44e3] + Base64
  [ade2ca70] + Dates
  [8bb1440f] + DelimitedFiles
  [8ba89e20] + Distributed
  [9fa8497b] + Future
  [b77e0a4c] + InteractiveUtils
  [76f85450] + LibGit2
  [8f399da3] + Libdl
  [37e2e46d] + LinearAlgebra
  [56ddb016] + Logging
  [d6f4376e] + Markdown
  [a63ad114] + Mmap
  [44cfe95a] + Pkg
  [de0858da] + Printf
  [3fa0cd96] + REPL
  [9a3f8284] + Random
  [ea8e919c] + SHA
  [9e88b42a] + Serialization
  [1a1011a3] + SharedArrays
  [6462fe0b] + Sockets
  [2f01184e] + SparseArrays
  [10745b16] + Statistics
  [8dfed614] + Test
  [cf7118a7] + UUIDs
  [4ec0a83e] + Unicode


################################################################################
# Testing: 2021-01-11T19:42:52.849
#

    Testing Neo4j
Status `/tmp/jl_frLRqs/Project.toml`
  [a93c6f00] DataFrames v0.21.8
  [ffbed154] DocStringExtensions v0.8.3
  [cd3eb016] HTTP v0.8.19
  [682c06a0] JSON v0.21.1
  [e1d29d7a] Missings v0.4.4
  [d2adbeaf] Neo4j v2.0.0
  [2a0f44e3] Base64
  [8dfed614] Test
Status `/tmp/jl_frLRqs/Manifest.toml`
  [56f22d72] Artifacts v1.3.0
  [324d7699] CategoricalArrays v0.8.3
  [34da2185] Compat v3.25.0
  [9a962f9c] DataAPI v1.4.0
  [a93c6f00] DataFrames v0.21.8
  [864edb3b] DataStructures v0.18.8
  [e2d170a0] DataValueInterfaces v1.0.0
  [ffbed154] DocStringExtensions v0.8.3
  [cd3eb016] HTTP v0.8.19
  [83e8ac13] IniFile v0.5.0
  [41ab1584] InvertedIndices v1.0.0
  [82899510] IteratorInterfaceExtensions v1.0.0
  [692b3bcd] JLLWrappers v1.2.0
  [682c06a0] JSON v0.21.1
  [739be429] MbedTLS v1.0.3
  [c8ffd9c3] MbedTLS_jll v2.16.8+1
  [e1d29d7a] Missings v0.4.4
  [d2adbeaf] Neo4j v2.0.0
  [bac558e1] OrderedCollections v1.3.2
  [69de0a69] Parsers v1.0.15
  [2dfb63ee] PooledArrays v0.5.3
  [189a3867] Reexport v0.2.0
  [a2af1166] SortingAlgorithms v0.3.1
  [856f2bd8] StructTypes v1.2.1
  [3783bdb8] TableTraits v1.0.0
  [bd369af6] Tables v1.2.2
  [2a0f44e3] Base64
  [ade2ca70] Dates
  [8bb1440f] DelimitedFiles
  [8ba89e20] Distributed
  [9fa8497b] Future
  [b77e0a4c] InteractiveUtils
  [76f85450] LibGit2
  [8f399da3] Libdl
  [37e2e46d] LinearAlgebra
  [56ddb016] Logging
  [d6f4376e] Markdown
  [a63ad114] Mmap
  [44cfe95a] Pkg
  [de0858da] Printf
  [3fa0cd96] REPL
  [9a3f8284] Random
  [ea8e919c] SHA
  [9e88b42a] Serialization
  [1a1011a3] SharedArrays
  [6462fe0b] Sockets
  [2f01184e] SparseArrays
  [10745b16] Statistics
  [8dfed614] Test
  [cf7118a7] UUIDs
  [4ec0a83e] Unicode
Test Summary:  | Pass  Total
Module imports |    2      2
[ Info: [TEST] Anonymous connection failed! Creating a Neo4j connection to localhost:7474 with neo4j:neo5j credentials...
Creating a connection to localhost: Error During Test at /home/user/.julia/packages/Neo4j/qLeq3/test/runtests.jl:15
  Got exception outside of a @test
  IOError(Base.IOError("connect: connection refused (ECONNREFUSED)", -111) during request(http://localhost:7474/db/data/))
  
  Stacktrace:
   [1] wait_connected(::Sockets.TCPSocket) at /workspace/srcdir/usr/share/julia/stdlib/v1.5/Sockets/src/Sockets.jl:525
   [2] connect at /workspace/srcdir/usr/share/julia/stdlib/v1.5/Sockets/src/Sockets.jl:560 [inlined]
   [3] connect(::Sockets.IPv4, ::UInt64) at /workspace/srcdir/usr/share/julia/stdlib/v1.5/Sockets/src/Sockets.jl:546
   [4] getconnection(::Type{Sockets.TCPSocket}, ::SubString{String}, ::SubString{String}; keepalive::Bool, connect_timeout::Int64, kw::Base.Iterators.Pairs{Symbol,Union{Nothing, Bool},Tuple{Symbol,Symbol,Symbol},NamedTuple{(:require_ssl_verification, :iofunction, :reached_redirect_limit),Tuple{Bool,Nothing,Bool}}}) at /home/pkgeval/.julia/packages/HTTP/IAI92/src/ConnectionPool.jl:630
   [5] #newconnection#25 at /home/pkgeval/.julia/packages/HTTP/IAI92/src/ConnectionPool.jl:597 [inlined]
   [6] getconnection(::Type{HTTP.ConnectionPool.Transaction{Sockets.TCPSocket}}, ::SubString{String}, ::SubString{String}; connection_limit::Int64, pipeline_limit::Int64, idle_timeout::Int64, reuse_limit::Int64, require_ssl_verification::Bool, kw::Base.Iterators.Pairs{Symbol,Union{Nothing, Bool},Tuple{Symbol,Symbol},NamedTuple{(:iofunction, :reached_redirect_limit),Tuple{Nothing,Bool}}}) at /home/pkgeval/.julia/packages/HTTP/IAI92/src/ConnectionPool.jl:541
   [7] request(::Type{HTTP.ConnectionRequest.ConnectionPoolLayer{HTTP.StreamRequest.StreamLayer{Union{}}}}, ::HTTP.URIs.URI, ::HTTP.Messages.Request, ::Array{UInt8,1}; proxy::Nothing, socket_type::Type{T} where T, reuse_limit::Int64, kw::Base.Iterators.Pairs{Symbol,Union{Nothing, Bool},Tuple{Symbol,Symbol},NamedTuple{(:iofunction, :reached_redirect_limit),Tuple{Nothing,Bool}}}) at /home/pkgeval/.julia/packages/HTTP/IAI92/src/ConnectionRequest.jl:73
   [8] request(::Type{HTTP.ExceptionRequest.ExceptionLayer{HTTP.ConnectionRequest.ConnectionPoolLayer{HTTP.StreamRequest.StreamLayer{Union{}}}}}, ::HTTP.URIs.URI, ::Vararg{Any,N} where N; kw::Base.Iterators.Pairs{Symbol,Union{Nothing, Bool},Tuple{Symbol,Symbol},NamedTuple{(:iofunction, :reached_redirect_limit),Tuple{Nothing,Bool}}}) at /home/pkgeval/.julia/packages/HTTP/IAI92/src/ExceptionRequest.jl:19
   [9] (::Base.var"#56#58"{Base.var"#56#57#59"{ExponentialBackOff,HTTP.RetryRequest.var"#2#3"{Bool,HTTP.Messages.Request},typeof(HTTP.request)}})(::Type{T} where T, ::Vararg{Any,N} where N; kwargs::Base.Iterators.Pairs{Symbol,Union{Nothing, Bool},Tuple{Symbol,Symbol},NamedTuple{(:iofunction, :reached_redirect_limit),Tuple{Nothing,Bool}}}) at ./error.jl:301
   [10] #request#1 at /home/pkgeval/.julia/packages/HTTP/IAI92/src/RetryRequest.jl:44 [inlined]
   [11] request(::Type{HTTP.MessageRequest.MessageLayer{HTTP.RetryRequest.RetryLayer{HTTP.ExceptionRequest.ExceptionLayer{HTTP.ConnectionRequest.ConnectionPoolLayer{HTTP.StreamRequest.StreamLayer{Union{}}}}}}}, ::String, ::HTTP.URIs.URI, ::Array{Pair{SubString{String},SubString{String}},1}, ::Array{UInt8,1}; http_version::VersionNumber, target::String, parent::Nothing, iofunction::Nothing, kw::Base.Iterators.Pairs{Symbol,Bool,Tuple{Symbol},NamedTuple{(:reached_redirect_limit,),Tuple{Bool}}}) at /home/pkgeval/.julia/packages/HTTP/IAI92/src/MessageRequest.jl:51
   [12] request(::Type{HTTP.BasicAuthRequest.BasicAuthLayer{HTTP.MessageRequest.MessageLayer{HTTP.RetryRequest.RetryLayer{HTTP.ExceptionRequest.ExceptionLayer{HTTP.ConnectionRequest.ConnectionPoolLayer{HTTP.StreamRequest.StreamLayer{Union{}}}}}}}}, ::String, ::HTTP.URIs.URI, ::Array{Pair{SubString{String},SubString{String}},1}, ::Array{UInt8,1}; kw::Base.Iterators.Pairs{Symbol,Bool,Tuple{Symbol},NamedTuple{(:reached_redirect_limit,),Tuple{Bool}}}) at /home/pkgeval/.julia/packages/HTTP/IAI92/src/BasicAuthRequest.jl:28
   [13] request(::Type{HTTP.RedirectRequest.RedirectLayer{HTTP.BasicAuthRequest.BasicAuthLayer{HTTP.MessageRequest.MessageLayer{HTTP.RetryRequest.RetryLayer{HTTP.ExceptionRequest.ExceptionLayer{HTTP.ConnectionRequest.ConnectionPoolLayer{HTTP.StreamRequest.StreamLayer{Union{}}}}}}}}}, ::String, ::HTTP.URIs.URI, ::Array{Pair{SubString{String},SubString{String}},1}, ::Array{UInt8,1}; redirect_limit::Int64, forwardheaders::Bool, kw::Base.Iterators.Pairs{Union{},Union{},Tuple{},NamedTuple{(),Tuple{}}}) at /home/pkgeval/.julia/packages/HTTP/IAI92/src/RedirectRequest.jl:24
   [14] request(::Type{HTTP.RedirectRequest.RedirectLayer{HTTP.BasicAuthRequest.BasicAuthLayer{HTTP.MessageRequest.MessageLayer{HTTP.RetryRequest.RetryLayer{HTTP.ExceptionRequest.ExceptionLayer{HTTP.ConnectionRequest.ConnectionPoolLayer{HTTP.StreamRequest.StreamLayer{Union{}}}}}}}}}, ::String, ::HTTP.URIs.URI, ::Array{Pair{SubString{String},SubString{String}},1}, ::Array{UInt8,1}) at /home/pkgeval/.julia/packages/HTTP/IAI92/src/RedirectRequest.jl:21
   [15] request(::String, ::String, ::Array{Pair{SubString{String},SubString{String}},1}, ::Array{UInt8,1}; headers::Dict{String,String}, body::Array{UInt8,1}, query::Nothing, kw::Base.Iterators.Pairs{Union{},Union{},Tuple{},NamedTuple{(),Tuple{}}}) at /home/pkgeval/.julia/packages/HTTP/IAI92/src/HTTP.jl:314
   [16] #get#12 at /home/pkgeval/.julia/packages/HTTP/IAI92/src/HTTP.jl:391 [inlined]
   [17] getgraph(::Connection) at /home/pkgeval/.julia/packages/Neo4j/qLeq3/src/Neo4j.jl:102
   [18] top-level scope at /home/user/.julia/packages/Neo4j/qLeq3/test/runtests.jl:22
   [19] top-level scope at /workspace/srcdir/usr/share/julia/stdlib/v1.5/Test/src/Test.jl:1115
   [20] top-level scope at /home/user/.julia/packages/Neo4j/qLeq3/test/runtests.jl:16
   [21] include(::String) at ./client.jl:457
   [22] top-level scope at none:6
   [23] eval(::Module, ::Any) at ./boot.jl:331
   [24] exec_options(::Base.JLOptions) at ./client.jl:272
   [25] _start() at ./client.jl:506
  caused by [exception 1]
  IOError(Base.IOError("connect: connection refused (ECONNREFUSED)", -111) during request(http://localhost:7474/db/data/))
  
  Stacktrace:
   [1] wait_connected(::Sockets.TCPSocket) at /workspace/srcdir/usr/share/julia/stdlib/v1.5/Sockets/src/Sockets.jl:525
   [2] connect at /workspace/srcdir/usr/share/julia/stdlib/v1.5/Sockets/src/Sockets.jl:560 [inlined]
   [3] connect(::Sockets.IPv4, ::UInt64) at /workspace/srcdir/usr/share/julia/stdlib/v1.5/Sockets/src/Sockets.jl:546
   [4] getconnection(::Type{Sockets.TCPSocket}, ::SubString{String}, ::SubString{String}; keepalive::Bool, connect_timeout::Int64, kw::Base.Iterators.Pairs{Symbol,Union{Nothing, Bool},Tuple{Symbol,Symbol,Symbol},NamedTuple{(:require_ssl_verification, :iofunction, :reached_redirect_limit),Tuple{Bool,Nothing,Bool}}}) at /home/pkgeval/.julia/packages/HTTP/IAI92/src/ConnectionPool.jl:630
   [5] #newconnection#25 at /home/pkgeval/.julia/packages/HTTP/IAI92/src/ConnectionPool.jl:597 [inlined]
   [6] getconnection(::Type{HTTP.ConnectionPool.Transaction{Sockets.TCPSocket}}, ::SubString{String}, ::SubString{String}; connection_limit::Int64, pipeline_limit::Int64, idle_timeout::Int64, reuse_limit::Int64, require_ssl_verification::Bool, kw::Base.Iterators.Pairs{Symbol,Union{Nothing, Bool},Tuple{Symbol,Symbol},NamedTuple{(:iofunction, :reached_redirect_limit),Tuple{Nothing,Bool}}}) at /home/pkgeval/.julia/packages/HTTP/IAI92/src/ConnectionPool.jl:541
   [7] request(::Type{HTTP.ConnectionRequest.ConnectionPoolLayer{HTTP.StreamRequest.StreamLayer{Union{}}}}, ::HTTP.URIs.URI, ::HTTP.Messages.Request, ::Array{UInt8,1}; proxy::Nothing, socket_type::Type{T} where T, reuse_limit::Int64, kw::Base.Iterators.Pairs{Symbol,Union{Nothing, Bool},Tuple{Symbol,Symbol},NamedTuple{(:iofunction, :reached_redirect_limit),Tuple{Nothing,Bool}}}) at /home/pkgeval/.julia/packages/HTTP/IAI92/src/ConnectionRequest.jl:73
   [8] request(::Type{HTTP.ExceptionRequest.ExceptionLayer{HTTP.ConnectionRequest.ConnectionPoolLayer{HTTP.StreamRequest.StreamLayer{Union{}}}}}, ::HTTP.URIs.URI, ::Vararg{Any,N} where N; kw::Base.Iterators.Pairs{Symbol,Union{Nothing, Bool},Tuple{Symbol,Symbol},NamedTuple{(:iofunction, :reached_redirect_limit),Tuple{Nothing,Bool}}}) at /home/pkgeval/.julia/packages/HTTP/IAI92/src/ExceptionRequest.jl:19
   [9] (::Base.var"#56#58"{Base.var"#56#57#59"{ExponentialBackOff,HTTP.RetryRequest.var"#2#3"{Bool,HTTP.Messages.Request},typeof(HTTP.request)}})(::Type{T} where T, ::Vararg{Any,N} where N; kwargs::Base.Iterators.Pairs{Symbol,Union{Nothing, Bool},Tuple{Symbol,Symbol},NamedTuple{(:iofunction, :reached_redirect_limit),Tuple{Nothing,Bool}}}) at ./error.jl:301
   [10] #request#1 at /home/pkgeval/.julia/packages/HTTP/IAI92/src/RetryRequest.jl:44 [inlined]
   [11] request(::Type{HTTP.MessageRequest.MessageLayer{HTTP.RetryRequest.RetryLayer{HTTP.ExceptionRequest.ExceptionLayer{HTTP.ConnectionRequest.ConnectionPoolLayer{HTTP.StreamRequest.StreamLayer{Union{}}}}}}}, ::String, ::HTTP.URIs.URI, ::Array{Pair{SubString{String},SubString{String}},1}, ::Array{UInt8,1}; http_version::VersionNumber, target::String, parent::Nothing, iofunction::Nothing, kw::Base.Iterators.Pairs{Symbol,Bool,Tuple{Symbol},NamedTuple{(:reached_redirect_limit,),Tuple{Bool}}}) at /home/pkgeval/.julia/packages/HTTP/IAI92/src/MessageRequest.jl:51
   [12] request(::Type{HTTP.BasicAuthRequest.BasicAuthLayer{HTTP.MessageRequest.MessageLayer{HTTP.RetryRequest.RetryLayer{HTTP.ExceptionRequest.ExceptionLayer{HTTP.ConnectionRequest.ConnectionPoolLayer{HTTP.StreamRequest.StreamLayer{Union{}}}}}}}}, ::String, ::HTTP.URIs.URI, ::Array{Pair{SubString{String},SubString{String}},1}, ::Array{UInt8,1}; kw::Base.Iterators.Pairs{Symbol,Bool,Tuple{Symbol},NamedTuple{(:reached_redirect_limit,),Tuple{Bool}}}) at /home/pkgeval/.julia/packages/HTTP/IAI92/src/BasicAuthRequest.jl:28
   [13] request(::Type{HTTP.RedirectRequest.RedirectLayer{HTTP.BasicAuthRequest.BasicAuthLayer{HTTP.MessageRequest.MessageLayer{HTTP.RetryRequest.RetryLayer{HTTP.ExceptionRequest.ExceptionLayer{HTTP.ConnectionRequest.ConnectionPoolLayer{HTTP.StreamRequest.StreamLayer{Union{}}}}}}}}}, ::String, ::HTTP.URIs.URI, ::Array{Pair{SubString{String},SubString{String}},1}, ::Array{UInt8,1}; redirect_limit::Int64, forwardheaders::Bool, kw::Base.Iterators.Pairs{Union{},Union{},Tuple{},NamedTuple{(),Tuple{}}}) at /home/pkgeval/.julia/packages/HTTP/IAI92/src/RedirectRequest.jl:24
   [14] request(::Type{HTTP.RedirectRequest.RedirectLayer{HTTP.BasicAuthRequest.BasicAuthLayer{HTTP.MessageRequest.MessageLayer{HTTP.RetryRequest.RetryLayer{HTTP.ExceptionRequest.ExceptionLayer{HTTP.ConnectionRequest.ConnectionPoolLayer{HTTP.StreamRequest.StreamLayer{Union{}}}}}}}}}, ::String, ::HTTP.URIs.URI, ::Array{Pair{SubString{String},SubString{String}},1}, ::Array{UInt8,1}) at /home/pkgeval/.julia/packages/HTTP/IAI92/src/RedirectRequest.jl:21
   [15] request(::String, ::String, ::Array{Pair{SubString{String},SubString{String}},1}, ::Array{UInt8,1}; headers::Dict{String,String}, body::Array{UInt8,1}, query::Nothing, kw::Base.Iterators.Pairs{Union{},Union{},Tuple{},NamedTuple{(),Tuple{}}}) at /home/pkgeval/.julia/packages/HTTP/IAI92/src/HTTP.jl:314
   [16] #get#12 at /home/pkgeval/.julia/packages/HTTP/IAI92/src/HTTP.jl:391 [inlined]
   [17] getgraph(::Connection) at /home/pkgeval/.julia/packages/Neo4j/qLeq3/src/Neo4j.jl:102
   [18] getgraph() at /home/pkgeval/.julia/packages/Neo4j/qLeq3/src/Neo4j.jl:110
   [19] top-level scope at /home/user/.julia/packages/Neo4j/qLeq3/test/runtests.jl:17
   [20] top-level scope at /workspace/srcdir/usr/share/julia/stdlib/v1.5/Test/src/Test.jl:1115
   [21] top-level scope at /home/user/.julia/packages/Neo4j/qLeq3/test/runtests.jl:16
   [22] include(::String) at ./client.jl:457
   [23] top-level scope at none:6
   [24] eval(::Module, ::Any) at ./boot.jl:331
   [25] exec_options(::Base.JLOptions) at ./client.jl:272
   [26] _start() at ./client.jl:506
  
Test Summary:                      | Error  Total
Creating a connection to localhost |     1      1
ERROR: LoadError: Some tests did not pass: 0 passed, 0 failed, 1 errored, 0 broken.
in expression starting at /home/user/.julia/packages/Neo4j/qLeq3/test/runtests.jl:15

PkgEval failed: Package Neo4j errored during testing
Stacktrace:
 [1] pkgerror(::String) at /workspace/srcdir/usr/share/julia/stdlib/v1.5/Pkg/src/Types.jl:52
 [2] test(::Pkg.Types.Context, ::Array{Pkg.Types.PackageSpec,1}; coverage::Bool, julia_args::Cmd, test_args::Cmd, test_fn::Nothing) at /workspace/srcdir/usr/share/julia/stdlib/v1.5/Pkg/src/Operations.jl:1578
 [3] test(::Pkg.Types.Context, ::Array{Pkg.Types.PackageSpec,1}; coverage::Bool, test_fn::Nothing, julia_args::Cmd, test_args::Cmd, kwargs::Base.Iterators.Pairs{Union{},Union{},Tuple{},NamedTuple{(),Tuple{}}}) at /workspace/srcdir/usr/share/julia/stdlib/v1.5/Pkg/src/API.jl:327
 [4] test(::Pkg.Types.Context, ::Array{Pkg.Types.PackageSpec,1}) at /workspace/srcdir/usr/share/julia/stdlib/v1.5/Pkg/src/API.jl:314
 [5] #test#61 at /workspace/srcdir/usr/share/julia/stdlib/v1.5/Pkg/src/API.jl:67 [inlined]
 [6] test at /workspace/srcdir/usr/share/julia/stdlib/v1.5/Pkg/src/API.jl:67 [inlined]
 [7] #test#60 at /workspace/srcdir/usr/share/julia/stdlib/v1.5/Pkg/src/API.jl:66 [inlined]
 [8] test at /workspace/srcdir/usr/share/julia/stdlib/v1.5/Pkg/src/API.jl:66 [inlined]
 [9] test(::String; kwargs::Base.Iterators.Pairs{Union{},Union{},Tuple{},NamedTuple{(),Tuple{}}}) at /workspace/srcdir/usr/share/julia/stdlib/v1.5/Pkg/src/API.jl:65
 [10] test(::String) at /workspace/srcdir/usr/share/julia/stdlib/v1.5/Pkg/src/API.jl:65
 [11] top-level scope at none:22
 [12] eval at ./boot.jl:331 [inlined]
 [13] eval(::Expr) at ./client.jl:467
 [14] top-level scope at none:1
 [15] eval(::Module, ::Any) at ./boot.jl:331
 [16] exec_options(::Base.JLOptions) at ./client.jl:272
 [17] _start() at ./client.jl:506


################################################################################
# PkgEval teardown: 2021-01-11T19:43:16.755
CPU usage: 17.73s (14.94s user, 2.83s kernel)

Network usage:
- eth0: 3.825 MiB received, 145.301 KiB sent

Raw statistics: {"blkio_stats":{"io_queue_recursive":[],"io_serviced_recursive":[{"major":259,"value":0,"op":"Read","minor":0},{"major":259,"value":19,"op":"Write","minor":0},{"major":259,"value":14,"op":"Sync","minor":0},{"major":259,"value":5,"op":"Async","minor":0},{"major":259,"value":0,"op":"Discard","minor":0},{"major":259,"value":19,"op":"Total","minor":0},{"major":253,"value":0,"op":"Read","minor":2},{"major":253,"value":19,"op":"Write","minor":2},{"major":253,"value":14,"op":"Sync","minor":2},{"major":253,"value":5,"op":"Async","minor":2},{"major":253,"value":0,"op":"Discard","minor":2},{"major":253,"value":19,"op":"Total","minor":2}],"io_time_recursive":[],"sectors_recursive":[],"io_service_bytes_recursive":[{"major":259,"value":0,"op":"Read","minor":0},{"major":259,"value":86016,"op":"Write","minor":0},{"major":259,"value":57344,"op":"Sync","minor":0},{"major":259,"value":28672,"op":"Async","minor":0},{"major":259,"value":0,"op":"Discard","minor":0},{"major":259,"value":86016,"op":"Total","minor":0},{"major":253,"value":0,"op":"Read","minor":2},{"major":253,"value":86016,"op":"Write","minor":2},{"major":253,"value":57344,"op":"Sync","minor":2},{"major":253,"value":28672,"op":"Async","minor":2},{"major":253,"value":0,"op":"Discard","minor":2},{"major":253,"value":86016,"op":"Total","minor":2}],"io_wait_time_recursive":[],"io_merged_recursive":[],"io_service_time_recursive":[]},"memory_stats":{"usage":338055168,"max_usage":516145152,"stats":{"hierarchical_memory_limit":9223372036854771712,"pgmajfault":0,"total_rss":221564928,"inactive_file":135168,"inactive_anon":84615168,"total_pgfault":361812,"total_cache":85794816,"total_rss_huge":0,"total_active_anon":222621696,"total_pgmajfault":0,"pgpgin":199287,"rss_huge":0,"mapped_file":0,"total_inactive_file":135168,"dirty":405504,"total_unevictable":0,"total_dirty":405504,"writeback":0,"pgpgout":124233,"hierarchical_memsw_limit":0,"cache":85794816,"active_file":135168,"pgfault":361812,"total_mapped_file":0,"total_pgpgout":124233,"total_writeback":0,"rss":221564928,"unevictable":0,"total_inactive_anon":84615168,"total_pgpgin":199287,"active_anon":222621696,"total_active_file":135168},"limit":540965302272},"name":"/Neo4j-JI24tEb9","networks":{"eth0":{"rx_bytes":4010684,"rx_packets":1027,"tx_packets":1196,"tx_bytes":148788,"tx_dropped":0,"rx_dropped":1,"tx_errors":0,"rx_errors":0}},"id":"e6cdf3e453d9df22311559f0f04859b578620c2b61972e5f5ac1fa0c2edac300","preread":"0001-01-01T00:00:00Z","storage_stats":{},"precpu_stats":{"throttling_data":{"throttled_periods":0,"throttled_time":0,"periods":0},"cpu_usage":{"usage_in_usermode":0,"usage_in_kernelmode":0,"total_usage":0}},"pids_stats":{"current":44},"num_procs":0,"cpu_stats":{"throttling_data":{"throttled_periods":0,"throttled_time":0,"periods":0},"system_cpu_usage":5151026474522419,"online_cpus":128,"cpu_usage":{"usage_in_usermode":14940000000,"usage_in_kernelmode":2830000000,"total_usage":17730175229,"percpu_usage":[0,0,0,0,0,0,0,0,0,0,0,0,0,0,0,0,0,0,0,0,0,0,0,0,0,0,0,0,0,0,0,0,0,0,0,0,0,0,0,0,0,0,0,0,0,0,0,17730170719,0,0,0,0,0,0,0,0,0,0,0,0,0,0,0,0,0,0,0,0,0,0,0,0,0,0,0,0,0,0,0,0,0,0,0,0,0,0,0,0,0,0,0,0,0,0,0,0,0,0,0,0,0,0,0,0,0,0,0,0,0,4510,0,0,0,0,0,0,0,0,0,0,0,0,0,0,0,0,0,0]}},"read":"2021-01-11T19:43:16.964611168Z"}