################################################################################
# PackageCompiler set-up: 2021-01-11T18:08:38.954
#

Julia Version 1.5.3
Commit 599f52c4c6 (2020-12-18 13:33 UTC)
Platform Info:
  OS: Linux (x86_64-linux-gnu)
  CPU: AMD EPYC 7502 32-Core Processor
  WORD_SIZE: 64
  LIBM: libopenlibm
  LLVM: libLLVM-9.0.1 (ORCJIT, znver2)
Environment:
  JULIA_PKGEVAL = true
  JULIA_PKG_PRECOMPILE_AUTO = 0



################################################################################
# Installation: 2021-01-11T18:08:40.655
#

 Installing known registries into `~/.julia`
######################################################################## 100.0%
      Added registry `General` to `~/.julia/registries/General`
  Resolving package versions...
  Installed CompilerSupportLibraries_jll ─ v0.3.4+0
  Installed Reexport ───────────────────── v0.2.0
  Installed MuladdMacro ────────────────── v0.2.2
  Installed Scratch ────────────────────── v1.0.3
  Installed NFFT ───────────────────────── v0.6.1
  Installed CEnum ──────────────────────── v0.4.1
  Installed GPUArrays ──────────────────── v6.2.0
  Installed FFTW ───────────────────────── v1.3.0
  Installed LLVM ───────────────────────── v3.5.2
  Installed MKL_jll ────────────────────── v2020.2.254+0
  Installed Requires ───────────────────── v1.1.2
  Installed TimerOutputs ───────────────── v0.5.7
  Installed DataStructures ─────────────── v0.18.8
  Installed FFTW_jll ───────────────────── v3.3.9+7
  Installed PackageCompiler ────────────── v1.2.5
  Installed Colors ─────────────────────── v0.12.6
  Installed OrderedCollections ─────────── v1.3.2
  Installed ColorTypes ─────────────────── v0.10.9
  Installed MacroTools ─────────────────── v0.5.6
  Installed CUDA ───────────────────────── v2.4.0
  Installed IntelOpenMP_jll ────────────── v2018.0.3+0
  Installed AbstractFFTs ───────────────── v0.5.0
  Installed NaNMath ────────────────────── v0.3.5
  Installed Adapt ──────────────────────── v3.0.0
  Installed Graphics ───────────────────── v1.0.2
  Installed FixedPointNumbers ──────────── v0.8.4
  Installed ExprTools ──────────────────── v0.1.3
  Installed JLLWrappers ────────────────── v1.2.0
  Installed BFloat16s ──────────────────── v0.1.0
  Installed Compat ─────────────────────── v3.25.0
  Installed SpecialFunctions ───────────── v1.2.1
  Installed OpenSpecFun_jll ────────────── v0.5.3+4
  Installed NNlib ──────────────────────── v0.7.11
  Installed ChainRulesCore ─────────────── v0.9.24
  Installed Artifacts ──────────────────── v1.3.0
  Installed GPUCompiler ────────────────── v0.8.3
Updating `~/.julia/environments/v1.5/Project.toml`
  [efe261a4] + NFFT v0.6.1
  [9b87118b] + PackageCompiler v1.2.5
Updating `~/.julia/environments/v1.5/Manifest.toml`
  [621f4979] + AbstractFFTs v0.5.0
  [79e6a3ab] + Adapt v3.0.0
  [56f22d72] + Artifacts v1.3.0
  [ab4f0b2a] + BFloat16s v0.1.0
  [fa961155] + CEnum v0.4.1
  [052768ef] + CUDA v2.4.0
  [d360d2e6] + ChainRulesCore v0.9.24
  [3da002f7] + ColorTypes v0.10.9
  [5ae59095] + Colors v0.12.6
  [34da2185] + Compat v3.25.0
  [e66e0078] + CompilerSupportLibraries_jll v0.3.4+0
  [864edb3b] + DataStructures v0.18.8
  [e2ba6199] + ExprTools v0.1.3
  [7a1cc6ca] + FFTW v1.3.0
  [f5851436] + FFTW_jll v3.3.9+7
  [53c48c17] + FixedPointNumbers v0.8.4
  [0c68f7d7] + GPUArrays v6.2.0
  [61eb1bfa] + GPUCompiler v0.8.3
  [a2bd30eb] + Graphics v1.0.2
  [1d5cc7b8] + IntelOpenMP_jll v2018.0.3+0
  [692b3bcd] + JLLWrappers v1.2.0
  [929cbde3] + LLVM v3.5.2
  [856f044c] + MKL_jll v2020.2.254+0
  [1914dd2f] + MacroTools v0.5.6
  [46d2c3a1] + MuladdMacro v0.2.2
  [efe261a4] + NFFT v0.6.1
  [872c559c] + NNlib v0.7.11
  [77ba4419] + NaNMath v0.3.5
  [efe28fd5] + OpenSpecFun_jll v0.5.3+4
  [bac558e1] + OrderedCollections v1.3.2
  [9b87118b] + PackageCompiler v1.2.5
  [189a3867] + Reexport v0.2.0
  [ae029012] + Requires v1.1.2
  [6c6a2e73] + Scratch v1.0.3
  [276daf66] + SpecialFunctions v1.2.1
  [a759f4b9] + TimerOutputs v0.5.7
  [2a0f44e3] + Base64
  [ade2ca70] + Dates
  [8bb1440f] + DelimitedFiles
  [8ba89e20] + Distributed
  [b77e0a4c] + InteractiveUtils
  [76f85450] + LibGit2
  [8f399da3] + Libdl
  [37e2e46d] + LinearAlgebra
  [56ddb016] + Logging
  [d6f4376e] + Markdown
  [a63ad114] + Mmap
  [44cfe95a] + Pkg
  [de0858da] + Printf
  [3fa0cd96] + REPL
  [9a3f8284] + Random
  [ea8e919c] + SHA
  [9e88b42a] + Serialization
  [1a1011a3] + SharedArrays
  [6462fe0b] + Sockets
  [2f01184e] + SparseArrays
  [10745b16] + Statistics
  [8dfed614] + Test
  [cf7118a7] + UUIDs
  [4ec0a83e] + Unicode
   Building FFTW → `~/.julia/packages/FFTW/ayqyZ/deps/build.log`


################################################################################
# Compiling: 2021-01-11T18:08:48.817
#

[ Info: PackageCompiler: creating system image object file, this might take a while...
Generated system image is 218.263 MiB, compilation took 315 seconds


################################################################################
# PkgEval set-up: 2021-01-11T18:14:11.556
#

Julia Version 1.5.3
Commit 599f52c4c6 (2020-12-18 13:33 UTC)
Platform Info:
  OS: Linux (x86_64-linux-gnu)
  CPU: AMD EPYC 7502 32-Core Processor
  WORD_SIZE: 64
  LIBM: libopenlibm
  LLVM: libLLVM-9.0.1 (ORCJIT, znver2)
Environment:
  JULIA_PKGEVAL = true
  JULIA_PKG_PRECOMPILE_AUTO = 0

Base.julia_cmd() = `/usr/local/julia/bin/julia -Cnative -J/cache/NFFT-B7SB8AW6.so -g1`


################################################################################
# Installation: 2021-01-11T18:14:16.284
#

 Installing known registries into `~/.julia`
######################################################################## 100.0%
      Added registry `General` to `~/.julia/registries/General`
  Resolving package versions...
  Installed NFFT ───────────────────────── v0.6.1
  Installed CompilerSupportLibraries_jll ─ v0.3.4+0
  Installed Reexport ───────────────────── v0.2.0
  Installed MuladdMacro ────────────────── v0.2.2
  Installed CEnum ──────────────────────── v0.4.1
  Installed Scratch ────────────────────── v1.0.3
  Installed FFTW ───────────────────────── v1.3.0
  Installed GPUArrays ──────────────────── v6.2.0
  Installed LLVM ───────────────────────── v3.5.2
  Installed MKL_jll ────────────────────── v2020.2.254+0
  Installed FFTW_jll ───────────────────── v3.3.9+7
  Installed TimerOutputs ───────────────── v0.5.7
  Installed OrderedCollections ─────────── v1.3.2
  Installed Requires ───────────────────── v1.1.2
  Installed DataStructures ─────────────── v0.18.8
  Installed Colors ─────────────────────── v0.12.6
  Installed CUDA ───────────────────────── v2.4.0
  Installed MacroTools ─────────────────── v0.5.6
  Installed ColorTypes ─────────────────── v0.10.9
  Installed IntelOpenMP_jll ────────────── v2018.0.3+0
  Installed AbstractFFTs ───────────────── v0.5.0
  Installed NaNMath ────────────────────── v0.3.5
  Installed Graphics ───────────────────── v1.0.2
  Installed Adapt ──────────────────────── v3.0.0
  Installed JLLWrappers ────────────────── v1.2.0
  Installed ExprTools ──────────────────── v0.1.3
  Installed BFloat16s ──────────────────── v0.1.0
  Installed Compat ─────────────────────── v3.25.0
  Installed FixedPointNumbers ──────────── v0.8.4
  Installed OpenSpecFun_jll ────────────── v0.5.3+4
  Installed SpecialFunctions ───────────── v1.2.1
  Installed ChainRulesCore ─────────────── v0.9.24
  Installed NNlib ──────────────────────── v0.7.11
  Installed GPUCompiler ────────────────── v0.8.3
  Installed Artifacts ──────────────────── v1.3.0
Updating `~/.julia/environments/v1.5/Project.toml`
  [efe261a4] + NFFT v0.6.1
Updating `~/.julia/environments/v1.5/Manifest.toml`
  [621f4979] + AbstractFFTs v0.5.0
  [79e6a3ab] + Adapt v3.0.0
  [56f22d72] + Artifacts v1.3.0
  [ab4f0b2a] + BFloat16s v0.1.0
  [fa961155] + CEnum v0.4.1
  [052768ef] + CUDA v2.4.0
  [d360d2e6] + ChainRulesCore v0.9.24
  [3da002f7] + ColorTypes v0.10.9
  [5ae59095] + Colors v0.12.6
  [34da2185] + Compat v3.25.0
  [e66e0078] + CompilerSupportLibraries_jll v0.3.4+0
  [864edb3b] + DataStructures v0.18.8
  [e2ba6199] + ExprTools v0.1.3
  [7a1cc6ca] + FFTW v1.3.0
  [f5851436] + FFTW_jll v3.3.9+7
  [53c48c17] + FixedPointNumbers v0.8.4
  [0c68f7d7] + GPUArrays v6.2.0
  [61eb1bfa] + GPUCompiler v0.8.3
  [a2bd30eb] + Graphics v1.0.2
  [1d5cc7b8] + IntelOpenMP_jll v2018.0.3+0
  [692b3bcd] + JLLWrappers v1.2.0
  [929cbde3] + LLVM v3.5.2
  [856f044c] + MKL_jll v2020.2.254+0
  [1914dd2f] + MacroTools v0.5.6
  [46d2c3a1] + MuladdMacro v0.2.2
  [efe261a4] + NFFT v0.6.1
  [872c559c] + NNlib v0.7.11
  [77ba4419] + NaNMath v0.3.5
  [efe28fd5] + OpenSpecFun_jll v0.5.3+4
  [bac558e1] + OrderedCollections v1.3.2
  [189a3867] + Reexport v0.2.0
  [ae029012] + Requires v1.1.2
  [6c6a2e73] + Scratch v1.0.3
  [276daf66] + SpecialFunctions v1.2.1
  [a759f4b9] + TimerOutputs v0.5.7
  [2a0f44e3] + Base64
  [ade2ca70] + Dates
  [8bb1440f] + DelimitedFiles
  [8ba89e20] + Distributed
  [b77e0a4c] + InteractiveUtils
  [76f85450] + LibGit2
  [8f399da3] + Libdl
  [37e2e46d] + LinearAlgebra
  [56ddb016] + Logging
  [d6f4376e] + Markdown
  [a63ad114] + Mmap
  [44cfe95a] + Pkg
  [de0858da] + Printf
  [3fa0cd96] + REPL
  [9a3f8284] + Random
  [ea8e919c] + SHA
  [9e88b42a] + Serialization
  [1a1011a3] + SharedArrays
  [6462fe0b] + Sockets
  [2f01184e] + SparseArrays
  [10745b16] + Statistics
  [8dfed614] + Test
  [cf7118a7] + UUIDs
  [4ec0a83e] + Unicode
   Building FFTW → `~/.julia/packages/FFTW/ayqyZ/deps/build.log`


################################################################################
# Testing: 2021-01-11T18:14:24.876
#

    Testing NFFT
Status `/tmp/jl_ab0Odb/Project.toml`
  [052768ef] CUDA v2.4.0
  [7a1cc6ca] FFTW v1.3.0
  [a2bd30eb] Graphics v1.0.2
  [efe261a4] NFFT v0.6.1
  [276daf66] SpecialFunctions v1.2.1
  [8ba89e20] Distributed
  [37e2e46d] LinearAlgebra
  [9a3f8284] Random
  [2f01184e] SparseArrays
  [8dfed614] Test
Status `/tmp/jl_ab0Odb/Manifest.toml`
  [621f4979] AbstractFFTs v0.5.0
  [79e6a3ab] Adapt v3.0.0
  [56f22d72] Artifacts v1.3.0
  [ab4f0b2a] BFloat16s v0.1.0
  [fa961155] CEnum v0.4.1
  [052768ef] CUDA v2.4.0
  [d360d2e6] ChainRulesCore v0.9.24
  [3da002f7] ColorTypes v0.10.9
  [5ae59095] Colors v0.12.6
  [34da2185] Compat v3.25.0
  [e66e0078] CompilerSupportLibraries_jll v0.3.4+0
  [864edb3b] DataStructures v0.18.8
  [e2ba6199] ExprTools v0.1.3
  [7a1cc6ca] FFTW v1.3.0
  [f5851436] FFTW_jll v3.3.9+7
  [53c48c17] FixedPointNumbers v0.8.4
  [0c68f7d7] GPUArrays v6.2.0
  [61eb1bfa] GPUCompiler v0.8.3
  [a2bd30eb] Graphics v1.0.2
  [1d5cc7b8] IntelOpenMP_jll v2018.0.3+0
  [692b3bcd] JLLWrappers v1.2.0
  [929cbde3] LLVM v3.5.2
  [856f044c] MKL_jll v2020.2.254+0
  [1914dd2f] MacroTools v0.5.6
  [46d2c3a1] MuladdMacro v0.2.2
  [efe261a4] NFFT v0.6.1
  [872c559c] NNlib v0.7.11
  [77ba4419] NaNMath v0.3.5
  [efe28fd5] OpenSpecFun_jll v0.5.3+4
  [bac558e1] OrderedCollections v1.3.2
  [189a3867] Reexport v0.2.0
  [ae029012] Requires v1.1.2
  [6c6a2e73] Scratch v1.0.3
  [276daf66] SpecialFunctions v1.2.1
  [a759f4b9] TimerOutputs v0.5.7
  [2a0f44e3] Base64
  [ade2ca70] Dates
  [8bb1440f] DelimitedFiles
  [8ba89e20] Distributed
  [b77e0a4c] InteractiveUtils
  [76f85450] LibGit2
  [8f399da3] Libdl
  [37e2e46d] LinearAlgebra
  [56ddb016] Logging
  [d6f4376e] Markdown
  [a63ad114] Mmap
  [44cfe95a] Pkg
  [de0858da] Printf
  [3fa0cd96] REPL
  [9a3f8284] Random
  [ea8e919c] SHA
  [9e88b42a] Serialization
  [1a1011a3] SharedArrays
  [6462fe0b] Sockets
  [2f01184e] SparseArrays
  [10745b16] Statistics
  [8dfed614] Test
  [cf7118a7] UUIDs
  [4ec0a83e] Unicode
[ Info: Testing in 1 dimensions using kaiser_bessel window
[ Info: Testing in 1 dimensions using gauss window
[ Info: Testing in 1 dimensions using kaiser_bessel_rev window
[ Info: Testing in 1 dimensions using spline window
[ Info: Testing in 1 dimensions using kaiser_bessel window
[ Info: Testing in 1 dimensions using gauss window
[ Info: Testing in 1 dimensions using kaiser_bessel_rev window
[ Info: Testing in 1 dimensions using spline window
[ Info: Testing in 2 dimensions using kaiser_bessel window
[ Info: Testing in 2 dimensions using gauss window
[ Info: Testing in 2 dimensions using kaiser_bessel_rev window
[ Info: Testing in 2 dimensions using spline window
[ Info: Testing in 2 dimensions using kaiser_bessel window
[ Info: Testing in 2 dimensions using gauss window
[ Info: Testing in 2 dimensions using kaiser_bessel_rev window
[ Info: Testing in 2 dimensions using spline window
[ Info: Testing in 3 dimensions using kaiser_bessel window
[ Info: Testing in 3 dimensions using gauss window
[ Info: Testing in 3 dimensions using kaiser_bessel_rev window
[ Info: Testing in 3 dimensions using spline window
[ Info: Testing in 3 dimensions using kaiser_bessel window
[ Info: Testing in 3 dimensions using gauss window
[ Info: Testing in 3 dimensions using kaiser_bessel_rev window
[ Info: Testing in 3 dimensions using spline window
[ Info: Testing in 4 dimensions using kaiser_bessel window
[ Info: Testing in 4 dimensions using gauss window
[ Info: Testing in 4 dimensions using kaiser_bessel_rev window
[ Info: Testing in 4 dimensions using spline window
[ Info: Testing in 4 dimensions using kaiser_bessel window
[ Info: Testing in 4 dimensions using gauss window
[ Info: Testing in 4 dimensions using kaiser_bessel_rev window
[ Info: Testing in 4 dimensions using spline window
Test Summary:               | Pass  Total
NFFT in multiple dimensions |   64     64
Test Summary:    | Pass  Total
High level NFFT  |    4      4
Test Summary:            |
Abstract sampling points | No tests
Test Summary:          | Pass  Total
Directional NFFT 2 dim |    4      4
Test Summary:          | Pass  Total
Directional NFFT 3 dim |    6      6
[ Info: NFFT Performance Test 1D
┌ Info: * precomputation = 
└   pre = LUT::PrecomputeFlags = 1
[ Info: * initialization
  0.487053 seconds (3.31 M allocations: 76.129 MiB, 2.90% gc time)
[ Info: * adjoint
[ Info: Timing: conv=0.07038317 fft=0.026315486 apod=0.002429382
[ Info: * trafo
  0.103636 seconds (2.21 k allocations: 8.120 MiB)
[ Info: Timing: apod=0.002572691 fft=0.024756007 conv=0.076337876
┌ Info: * precomputation = 
└   pre = FULL::PrecomputeFlags = 2
[ Info: * initialization
  0.110129 seconds (2.26 k allocations: 8.123 MiB)
  0.619306 seconds (3.15 M allocations: 127.998 MiB, 1.88% gc time)
[ Info: * adjoint
  0.068025 seconds[ Info: Timing: conv=0.038626184 fft=0.026848222 apod=0.002430702
 (69 allocations: 8.004 MiB)
[ Info: * trafo
  0.108900 seconds (69 allocations: 8.004 MiB, 36.57% gc time)
[ Info: Timing: apod=0.002389463 fft=0.025376342 conv=0.039970105
[ Info: NFFT Performance Test 2D
┌ Info: * precomputation = 
└   pre = LUT::PrecomputeFlags = 1
[ Info: * initialization
  0.165119 seconds (206.59 k allocations: 73.193 MiB, 53.18% gc time)
[ Info: * adjoint
[ Info: Timing: conv=1.274230227 fft=0.086436631 apod=0.014122255
[ Info: * trafo
  1.380266 seconds (2.31 k allocations: 16.125 MiB)
  1.410532 seconds (2.27 k allocations: 16.124 MiB)
[ Info: Timing: apod=0.007920402 fft=0.119331587 conv=1.273002833
┌ Info: * precomputation = 
└   pre = FULL::PrecomputeFlags = 2
[ Info: * initialization
  2.924406 seconds (11.36 k allocations: 856.194 MiB, 1.13% gc time)
[ Info: * adjoint
[ Info: Timing: conv=0.493423086 fft=0.087942989 apod=0.009938126
[ Info: * trafo
  0.591517 seconds (71 allocations: 16.004 MiB)
[ Info: Timing: apod=0.007606094 fft=0.15262124 conv=0.511918289
[ Info: NFFT Performance Test 3D
  0.677074 seconds (71 allocations: 16.004 MiB)
┌ Info: * precomputation = 
└   pre = LUT::PrecomputeFlags = 1
[ Info: * initialization
  0.121774 seconds (202.56 k allocations: 13.204 MiB)
[ Info: * adjoint
[ Info: Timing: conv=0.119524505 fft=0.004749275 apod=0.000649075
[ Info: * trafo
  0.130271 seconds (2.41 k allocations: 642.880 KiB)
[ Info: Timing: apod=0.000250639 fft=0.004491216 conv=0.108964863
  0.119605 seconds (2.27 k allocations: 638.142 KiB)
┌ Info: * precomputation = 
└   pre = FULL::PrecomputeFlags = 2
[ Info: * initialization
  0.753620 seconds (478 allocations: 175.763 MiB, 15.24% gc time)
[ Info: * adjoint
  0.044238 seconds (71 allocations: 516.297 KiB)
[ Info: Timing: conv=0.038189738 fft=0.005111132 apod=0.000737134
[ Info: * trafo
  0.024565 seconds (71 allocations: 516.297 KiB)
[ Info: Timing: apod=0.000252558 fft=0.004847544 conv=0.019117289
    Testing NFFT tests passed 

PkgEval succeeded


################################################################################
# PkgEval teardown: 2021-01-11T18:16:34.575
CPU usage: 143.56s (138.72s user, 4.99s kernel)

Network usage:
- eth0: 5.333 MiB received, 192.414 KiB sent

Raw statistics: {"blkio_stats":{"io_queue_recursive":[],"io_serviced_recursive":[{"major":259,"value":0,"op":"Read","minor":0},{"major":259,"value":23,"op":"Write","minor":0},{"major":259,"value":14,"op":"Sync","minor":0},{"major":259,"value":9,"op":"Async","minor":0},{"major":259,"value":0,"op":"Discard","minor":0},{"major":259,"value":23,"op":"Total","minor":0},{"major":253,"value":0,"op":"Read","minor":2},{"major":253,"value":23,"op":"Write","minor":2},{"major":253,"value":14,"op":"Sync","minor":2},{"major":253,"value":9,"op":"Async","minor":2},{"major":253,"value":0,"op":"Discard","minor":2},{"major":253,"value":23,"op":"Total","minor":2}],"io_time_recursive":[],"sectors_recursive":[],"io_service_bytes_recursive":[{"major":259,"value":0,"op":"Read","minor":0},{"major":259,"value":110592,"op":"Write","minor":0},{"major":259,"value":57344,"op":"Sync","minor":0},{"major":259,"value":53248,"op":"Async","minor":0},{"major":259,"value":0,"op":"Discard","minor":0},{"major":259,"value":110592,"op":"Total","minor":0},{"major":253,"value":0,"op":"Read","minor":2},{"major":253,"value":110592,"op":"Write","minor":2},{"major":253,"value":57344,"op":"Sync","minor":2},{"major":253,"value":53248,"op":"Async","minor":2},{"major":253,"value":0,"op":"Discard","minor":2},{"major":253,"value":110592,"op":"Total","minor":2}],"io_wait_time_recursive":[],"io_merged_recursive":[],"io_service_time_recursive":[]},"memory_stats":{"usage":445108224,"max_usage":2059681792,"stats":{"hierarchical_memory_limit":9223372036854771712,"pgmajfault":0,"total_rss":322859008,"inactive_file":135168,"inactive_anon":89075712,"total_pgfault":1995840,"total_cache":90718208,"total_rss_huge":0,"total_active_anon":324538368,"total_pgmajfault":0,"pgpgin":1189518,"rss_huge":0,"mapped_file":0,"total_inactive_file":135168,"dirty":270336,"total_unevictable":0,"total_dirty":270336,"writeback":135168,"pgpgout":1088546,"hierarchical_memsw_limit":0,"cache":90718208,"active_file":135168,"pgfault":1995840,"total_mapped_file":0,"total_pgpgout":1088546,"total_writeback":135168,"rss":322859008,"unevictable":0,"total_inactive_anon":89075712,"total_pgpgin":1189518,"active_anon":324538368,"total_active_file":135168},"limit":540965302272},"name":"/NFFT-0WUVQQtP","networks":{"eth0":{"rx_bytes":5591742,"rx_packets":1434,"tx_packets":1597,"tx_bytes":197032,"tx_dropped":0,"rx_dropped":5,"tx_errors":0,"rx_errors":0}},"id":"0619c073eae59bfb429012d506e1513a9267bbb779651e4e1501b9413440dce4","preread":"0001-01-01T00:00:00Z","storage_stats":{},"precpu_stats":{"throttling_data":{"throttled_periods":0,"throttled_time":0,"periods":0},"cpu_usage":{"usage_in_usermode":0,"usage_in_kernelmode":0,"total_usage":0}},"pids_stats":{"current":44},"num_procs":0,"cpu_stats":{"throttling_data":{"throttled_periods":0,"throttled_time":0,"periods":0},"system_cpu_usage":4486052064522419,"online_cpus":128,"cpu_usage":{"usage_in_usermode":138720000000,"usage_in_kernelmode":4990000000,"total_usage":143556718734,"percpu_usage":[0,0,0,0,0,0,0,0,0,0,0,0,0,0,0,0,0,0,0,0,0,0,0,0,0,0,0,0,0,0,0,0,0,0,0,0,0,0,0,0,0,0,0,0,0,0,0,0,0,0,0,0,131516008,0,37081,143425160035,0,0,0,0,0,0,0,0,0,0,0,0,0,0,0,0,0,0,0,0,0,0,0,0,0,0,0,0,0,0,0,0,0,0,0,0,0,0,0,0,0,0,0,0,0,0,0,0,0,0,0,0,0,0,0,0,0,0,0,0,0,0,0,5610,0,0,0,0,0,0,0,0]}},"read":"2021-01-11T18:16:34.577505538Z"}