################################################################################
# PackageCompiler set-up: 2021-01-11T19:56:27.66
#

Julia Version 1.5.3
Commit 599f52c4c6 (2020-12-18 13:33 UTC)
Platform Info:
  OS: Linux (x86_64-linux-gnu)
  CPU: AMD EPYC 7502 32-Core Processor
  WORD_SIZE: 64
  LIBM: libopenlibm
  LLVM: libLLVM-9.0.1 (ORCJIT, znver2)
Environment:
  JULIA_PKGEVAL = true
  JULIA_PKG_PRECOMPILE_AUTO = 0



################################################################################
# Installation: 2021-01-11T19:56:29.342
#

 Installing known registries into `~/.julia`
##########################################################                81.3%######################################################################## 100.0%
      Added registry `General` to `~/.julia/registries/General`
  Resolving package versions...
  Installed NKFtool ───────── v0.0.6
  Installed PackageCompiler ─ v1.2.5
Updating `~/.julia/environments/v1.5/Project.toml`
  [6cd5b726] + NKFtool v0.0.6
  [9b87118b] + PackageCompiler v1.2.5
Updating `~/.julia/environments/v1.5/Manifest.toml`
  [6cd5b726] + NKFtool v0.0.6
  [9b87118b] + PackageCompiler v1.2.5
  [2a0f44e3] + Base64
  [ade2ca70] + Dates
  [b77e0a4c] + InteractiveUtils
  [76f85450] + LibGit2
  [8f399da3] + Libdl
  [56ddb016] + Logging
  [d6f4376e] + Markdown
  [44cfe95a] + Pkg
  [de0858da] + Printf
  [3fa0cd96] + REPL
  [9a3f8284] + Random
  [ea8e919c] + SHA
  [9e88b42a] + Serialization
  [6462fe0b] + Sockets
  [cf7118a7] + UUIDs
  [4ec0a83e] + Unicode


################################################################################
# Compiling: 2021-01-11T19:56:34.806
#

[ Info: PackageCompiler: creating system image object file, this might take a while...
Generated system image is 147.321 MiB, compilation took 158 seconds


################################################################################
# PkgEval set-up: 2021-01-11T19:59:19.846
#

Julia Version 1.5.3
Commit 599f52c4c6 (2020-12-18 13:33 UTC)
Platform Info:
  OS: Linux (x86_64-linux-gnu)
  CPU: AMD EPYC 7502 32-Core Processor
  WORD_SIZE: 64
  LIBM: libopenlibm
  LLVM: libLLVM-9.0.1 (ORCJIT, znver2)
Environment:
  JULIA_PKGEVAL = true
  JULIA_PKG_PRECOMPILE_AUTO = 0

Base.julia_cmd() = `/usr/local/julia/bin/julia -Cnative -J/cache/NKFtool-bRP95dB3.so -g1`


################################################################################
# Installation: 2021-01-11T19:59:21.619
#

 Installing known registries into `~/.julia`
######################################################################## 100.0%
      Added registry `General` to `~/.julia/registries/General`
  Resolving package versions...
  Installed NKFtool ─ v0.0.6
Updating `~/.julia/environments/v1.5/Project.toml`
  [6cd5b726] + NKFtool v0.0.6
Updating `~/.julia/environments/v1.5/Manifest.toml`
  [6cd5b726] + NKFtool v0.0.6
  [2a0f44e3] + Base64


################################################################################
# Testing: 2021-01-11T19:59:24.888
#

    Testing NKFtool
Status `/tmp/jl_YWDSEv/Project.toml`
  [6cd5b726] NKFtool v0.0.6
  [2a0f44e3] Base64
  [8dfed614] Test
Status `/tmp/jl_YWDSEv/Manifest.toml`
  [6cd5b726] NKFtool v0.0.6
  [2a0f44e3] Base64
  [8ba89e20] Distributed
  [b77e0a4c] InteractiveUtils
  [56ddb016] Logging
  [d6f4376e] Markdown
  [9a3f8284] Random
  [9e88b42a] Serialization
  [6462fe0b] Sockets
  [8dfed614] Test
    Testing NKFtool tests passed 

PkgEval succeeded


################################################################################
# PkgEval teardown: 2021-01-11T19:59:27.167
CPU usage: 7.53s (5.38s user, 2.17s kernel)

Network usage:
- eth0: 2.620 MiB received, 27.312 KiB sent

Raw statistics: {"blkio_stats":{"io_queue_recursive":[],"io_serviced_recursive":[{"major":259,"value":0,"op":"Read","minor":0},{"major":259,"value":19,"op":"Write","minor":0},{"major":259,"value":14,"op":"Sync","minor":0},{"major":259,"value":5,"op":"Async","minor":0},{"major":259,"value":0,"op":"Discard","minor":0},{"major":259,"value":19,"op":"Total","minor":0},{"major":253,"value":0,"op":"Read","minor":2},{"major":253,"value":19,"op":"Write","minor":2},{"major":253,"value":14,"op":"Sync","minor":2},{"major":253,"value":5,"op":"Async","minor":2},{"major":253,"value":0,"op":"Discard","minor":2},{"major":253,"value":19,"op":"Total","minor":2}],"io_time_recursive":[],"sectors_recursive":[],"io_service_bytes_recursive":[{"major":259,"value":0,"op":"Read","minor":0},{"major":259,"value":77824,"op":"Write","minor":0},{"major":259,"value":57344,"op":"Sync","minor":0},{"major":259,"value":20480,"op":"Async","minor":0},{"major":259,"value":0,"op":"Discard","minor":0},{"major":259,"value":77824,"op":"Total","minor":0},{"major":253,"value":0,"op":"Read","minor":2},{"major":253,"value":77824,"op":"Write","minor":2},{"major":253,"value":57344,"op":"Sync","minor":2},{"major":253,"value":20480,"op":"Async","minor":2},{"major":253,"value":0,"op":"Discard","minor":2},{"major":253,"value":77824,"op":"Total","minor":2}],"io_wait_time_recursive":[],"io_merged_recursive":[],"io_service_time_recursive":[]},"memory_stats":{"usage":288391168,"max_usage":451874816,"stats":{"hierarchical_memory_limit":9223372036854771712,"pgmajfault":0,"total_rss":174161920,"inactive_file":135168,"inactive_anon":78802944,"total_pgfault":179586,"total_cache":84426752,"total_rss_huge":0,"total_active_anon":174637056,"total_pgmajfault":0,"pgpgin":142857,"rss_huge":0,"mapped_file":0,"total_inactive_file":135168,"dirty":135168,"total_unevictable":0,"total_dirty":135168,"writeback":0,"pgpgout":79751,"hierarchical_memsw_limit":0,"cache":84426752,"active_file":5136384,"pgfault":179586,"total_mapped_file":0,"total_pgpgout":79751,"total_writeback":0,"rss":174161920,"unevictable":0,"total_inactive_anon":78802944,"total_pgpgin":142857,"active_anon":174637056,"total_active_file":5136384},"limit":540965302272},"name":"/NKFtool-ncKH8Gev","networks":{"eth0":{"rx_bytes":2746782,"rx_packets":279,"tx_packets":281,"tx_bytes":27968,"tx_dropped":0,"rx_dropped":1,"tx_errors":0,"rx_errors":0}},"id":"7625232d0ed572e9aeea45304c422913e265dcccdff2e82588548f94fe4a0ea7","preread":"0001-01-01T00:00:00Z","storage_stats":{},"precpu_stats":{"throttling_data":{"throttled_periods":0,"throttled_time":0,"periods":0},"cpu_usage":{"usage_in_usermode":0,"usage_in_kernelmode":0,"total_usage":0}},"pids_stats":{"current":46},"num_procs":0,"cpu_stats":{"throttling_data":{"throttled_periods":0,"throttled_time":0,"periods":0},"system_cpu_usage":5275028014522419,"online_cpus":128,"cpu_usage":{"usage_in_usermode":5380000000,"usage_in_kernelmode":2170000000,"total_usage":7530254705,"percpu_usage":[0,0,0,0,0,0,0,0,0,0,0,0,0,0,0,0,0,0,0,0,0,0,7530251535,0,0,0,0,0,0,0,0,0,0,0,0,0,0,0,0,0,0,0,0,0,0,0,0,0,0,0,0,0,0,0,0,0,0,0,0,0,0,0,0,0,0,0,0,0,0,0,0,0,0,0,0,0,0,0,0,0,0,0,0,0,3170,0,0,0,0,0,0,0,0,0,0,0,0,0,0,0,0,0,0,0,0,0,0,0,0,0,0,0,0,0,0,0,0,0,0,0,0,0,0,0,0,0,0,0]}},"read":"2021-01-11T19:59:27.169581138Z"}