################################################################################
# PackageCompiler set-up: 2021-01-11T20:24:39.9
#

Julia Version 1.5.3
Commit 599f52c4c6 (2020-12-18 13:33 UTC)
Platform Info:
  OS: Linux (x86_64-linux-gnu)
  CPU: AMD EPYC 7502 32-Core Processor
  WORD_SIZE: 64
  LIBM: libopenlibm
  LLVM: libLLVM-9.0.1 (ORCJIT, znver2)
Environment:
  JULIA_PKGEVAL = true
  JULIA_PKG_PRECOMPILE_AUTO = 0



################################################################################
# Installation: 2021-01-11T20:24:41.612
#

 Installing known registries into `~/.julia`
##########################                                                36.5%######################################################################## 100.0%
      Added registry `General` to `~/.julia/registries/General`
  Resolving package versions...
  Installed ObjectStores ──── v0.4.0
  Installed Authorization ─── v0.2.0
  Installed PackageCompiler ─ v1.2.5
Updating `~/.julia/environments/v1.5/Project.toml`
  [03c2b57b] + ObjectStores v0.4.0
  [9b87118b] + PackageCompiler v1.2.5
Updating `~/.julia/environments/v1.5/Manifest.toml`
  [b5147960] + Authorization v0.2.0
  [03c2b57b] + ObjectStores v0.4.0
  [9b87118b] + PackageCompiler v1.2.5
  [2a0f44e3] + Base64
  [ade2ca70] + Dates
  [b77e0a4c] + InteractiveUtils
  [76f85450] + LibGit2
  [8f399da3] + Libdl
  [56ddb016] + Logging
  [d6f4376e] + Markdown
  [44cfe95a] + Pkg
  [de0858da] + Printf
  [3fa0cd96] + REPL
  [9a3f8284] + Random
  [ea8e919c] + SHA
  [9e88b42a] + Serialization
  [6462fe0b] + Sockets
  [cf7118a7] + UUIDs
  [4ec0a83e] + Unicode


################################################################################
# Compiling: 2021-01-11T20:24:47.276
#

[ Info: PackageCompiler: creating system image object file, this might take a while...
Generated system image is 147.342 MiB, compilation took 160 seconds


################################################################################
# PkgEval set-up: 2021-01-11T20:27:34.177
#

Julia Version 1.5.3
Commit 599f52c4c6 (2020-12-18 13:33 UTC)
Platform Info:
  OS: Linux (x86_64-linux-gnu)
  CPU: AMD EPYC 7502 32-Core Processor
  WORD_SIZE: 64
  LIBM: libopenlibm
  LLVM: libLLVM-9.0.1 (ORCJIT, znver2)
Environment:
  JULIA_PKGEVAL = true
  JULIA_PKG_PRECOMPILE_AUTO = 0

Base.julia_cmd() = `/usr/local/julia/bin/julia -Cnative -J/cache/ObjectStores-gw3SrByy.so -g1`


################################################################################
# Installation: 2021-01-11T20:27:36.028
#

 Installing known registries into `~/.julia`
##########################################                                58.6%######################################################################## 100.0%
      Added registry `General` to `~/.julia/registries/General`
  Resolving package versions...
  Installed Authorization ─ v0.2.0
  Installed ObjectStores ── v0.4.0
Updating `~/.julia/environments/v1.5/Project.toml`
  [03c2b57b] + ObjectStores v0.4.0
Updating `~/.julia/environments/v1.5/Manifest.toml`
  [b5147960] + Authorization v0.2.0
  [03c2b57b] + ObjectStores v0.4.0
  [ade2ca70] + Dates
  [56ddb016] + Logging
  [de0858da] + Printf
  [4ec0a83e] + Unicode


################################################################################
# Testing: 2021-01-11T20:27:41.328
#

    Testing ObjectStores
Status `/tmp/jl_dhrBlc/Project.toml`
  [b5147960] Authorization v0.2.0
  [03c2b57b] ObjectStores v0.4.0
  [56ddb016] Logging
  [8dfed614] Test
Status `/tmp/jl_dhrBlc/Manifest.toml`
  [b5147960] Authorization v0.2.0
  [03c2b57b] ObjectStores v0.4.0
  [2a0f44e3] Base64
  [ade2ca70] Dates
  [8ba89e20] Distributed
  [b77e0a4c] InteractiveUtils
  [56ddb016] Logging
  [d6f4376e] Markdown
  [de0858da] Printf
  [9a3f8284] Random
  [9e88b42a] Serialization
  [6462fe0b] Sockets
  [8dfed614] Test
  [4ec0a83e] Unicode
    Testing ObjectStores tests passed 

PkgEval succeeded


################################################################################
# PkgEval teardown: 2021-01-11T20:27:43.67
CPU usage: 8.58s (6.25s user, 2.36s kernel)

Network usage:
- eth0: 2.550 MiB received, 34.601 KiB sent

Raw statistics: {"blkio_stats":{"io_queue_recursive":[],"io_serviced_recursive":[{"major":259,"value":0,"op":"Read","minor":0},{"major":259,"value":19,"op":"Write","minor":0},{"major":259,"value":14,"op":"Sync","minor":0},{"major":259,"value":5,"op":"Async","minor":0},{"major":259,"value":0,"op":"Discard","minor":0},{"major":259,"value":19,"op":"Total","minor":0},{"major":253,"value":0,"op":"Read","minor":2},{"major":253,"value":19,"op":"Write","minor":2},{"major":253,"value":14,"op":"Sync","minor":2},{"major":253,"value":5,"op":"Async","minor":2},{"major":253,"value":0,"op":"Discard","minor":2},{"major":253,"value":19,"op":"Total","minor":2}],"io_time_recursive":[],"sectors_recursive":[],"io_service_bytes_recursive":[{"major":259,"value":0,"op":"Read","minor":0},{"major":259,"value":77824,"op":"Write","minor":0},{"major":259,"value":57344,"op":"Sync","minor":0},{"major":259,"value":20480,"op":"Async","minor":0},{"major":259,"value":0,"op":"Discard","minor":0},{"major":259,"value":77824,"op":"Total","minor":0},{"major":253,"value":0,"op":"Read","minor":2},{"major":253,"value":77824,"op":"Write","minor":2},{"major":253,"value":57344,"op":"Sync","minor":2},{"major":253,"value":20480,"op":"Async","minor":2},{"major":253,"value":0,"op":"Discard","minor":2},{"major":253,"value":77824,"op":"Total","minor":2}],"io_wait_time_recursive":[],"io_merged_recursive":[],"io_service_time_recursive":[]},"memory_stats":{"usage":292204544,"max_usage":440512512,"stats":{"hierarchical_memory_limit":9223372036854771712,"pgmajfault":0,"total_rss":183607296,"inactive_file":135168,"inactive_anon":78802944,"total_pgfault":191334,"total_cache":79257600,"total_rss_huge":0,"total_active_anon":184233984,"total_pgmajfault":0,"pgpgin":151833,"rss_huge":0,"mapped_file":0,"total_inactive_file":135168,"dirty":135168,"total_unevictable":0,"total_dirty":135168,"writeback":0,"pgpgout":87648,"hierarchical_memsw_limit":0,"cache":79257600,"active_file":135168,"pgfault":191334,"total_mapped_file":0,"total_pgpgout":87648,"total_writeback":0,"rss":183607296,"unevictable":0,"total_inactive_anon":78802944,"total_pgpgin":151833,"active_anon":184233984,"total_active_file":135168},"limit":540965302272},"name":"/ObjectStores-yleEtCdG","networks":{"eth0":{"rx_bytes":2673522,"rx_packets":359,"tx_packets":358,"tx_bytes":35431,"tx_dropped":0,"rx_dropped":1,"tx_errors":0,"rx_errors":0}},"id":"1e38f40b9447518ac173ee450f0470137e01ff32bee9f85271d13fdf139cda0e","preread":"0001-01-01T00:00:00Z","storage_stats":{},"precpu_stats":{"throttling_data":{"throttled_periods":0,"throttled_time":0,"periods":0},"cpu_usage":{"usage_in_usermode":0,"usage_in_kernelmode":0,"total_usage":0}},"pids_stats":{"current":44},"num_procs":0,"cpu_stats":{"throttling_data":{"throttled_periods":0,"throttled_time":0,"periods":0},"system_cpu_usage":5491893914522419,"online_cpus":128,"cpu_usage":{"usage_in_usermode":6250000000,"usage_in_kernelmode":2360000000,"total_usage":8584838044,"percpu_usage":[0,8584810814,0,0,0,0,0,0,0,0,0,0,0,0,0,0,0,0,0,0,0,0,0,0,0,0,0,0,0,0,0,0,0,0,0,0,0,0,0,0,0,0,0,0,0,0,0,0,0,0,0,0,0,0,0,0,0,0,0,0,0,0,0,0,27230,0,0,0,0,0,0,0,0,0,0,0,0,0,0,0,0,0,0,0,0,0,0,0,0,0,0,0,0,0,0,0,0,0,0,0,0,0,0,0,0,0,0,0,0,0,0,0,0,0,0,0,0,0,0,0,0,0,0,0,0,0,0,0]}},"read":"2021-01-11T20:27:43.673567169Z"}