################################################################################
# PackageCompiler set-up: 2021-01-11T18:24:27.56
#

Julia Version 1.5.3
Commit 599f52c4c6 (2020-12-18 13:33 UTC)
Platform Info:
  OS: Linux (x86_64-linux-gnu)
  CPU: AMD EPYC 7502 32-Core Processor
  WORD_SIZE: 64
  LIBM: libopenlibm
  LLVM: libLLVM-9.0.1 (ORCJIT, znver2)
Environment:
  JULIA_PKGEVAL = true
  JULIA_PKG_PRECOMPILE_AUTO = 0



################################################################################
# Installation: 2021-01-11T18:24:29.327
#

 Installing known registries into `~/.julia`
#########                                                                 13.2%######################################################################## 100.0%
      Added registry `General` to `~/.julia/registries/General`
  Resolving package versions...
  Installed CompilerSupportLibraries_jll ─ v0.3.4+0
  Installed IdentityRanges ─────────────── v0.3.1
  Installed Functors ───────────────────── v0.1.0
  Installed Juno ───────────────────────── v0.8.4
  Installed Media ──────────────────────── v0.5.0
  Installed GPUArrays ──────────────────── v6.2.0
  Installed ImageFiltering ─────────────── v0.6.18
  Installed PackageCompiler ────────────── v1.2.5
  Installed ObjectDetector ─────────────── v0.1.11
  Installed ZygoteRules ────────────────── v0.2.1
  Installed PaddedViews ────────────────── v0.5.7
  Installed Zlib_jll ───────────────────── v1.2.11+18
  Installed CpuId ──────────────────────── v0.2.2
  Installed Scratch ────────────────────── v1.0.3
  Installed Reexport ───────────────────── v0.2.0
  Installed WoodburyMatrices ───────────── v0.5.3
  Installed CommonSubexpressions ───────── v0.3.0
  Installed CustomUnitRanges ───────────── v1.0.0
  Installed CEnum ──────────────────────── v0.4.1
  Installed TableTraits ────────────────── v1.0.0
  Installed MuladdMacro ────────────────── v0.2.2
  Installed FFTW ───────────────────────── v1.3.0
  Installed LLVM ───────────────────────── v3.5.2
  Installed TranscodingStreams ─────────── v0.9.5
  Installed Flux ───────────────────────── v0.11.3
  Installed ColorVectorSpace ───────────── v0.8.7
  Installed Tables ─────────────────────── v1.2.2
  Installed DataStructures ─────────────── v0.18.8
  Installed StatsBase ──────────────────── v0.33.2
  Installed ImageAxes ──────────────────── v0.6.8
  Installed MKL_jll ────────────────────── v2020.2.254+0
  Installed RangeArrays ────────────────── v0.3.2
  Installed FillArrays ─────────────────── v0.10.2
  Installed DataAPI ────────────────────── v1.4.0
  Installed Requires ───────────────────── v1.1.2
  Installed LoopVectorization ──────────── v0.8.26
  Installed Zygote ─────────────────────── v0.5.17
  Installed CUDA ───────────────────────── v2.4.0
  Installed DiffRules ──────────────────── v1.0.2
  Installed TimerOutputs ───────────────── v0.5.7
  Installed Parameters ─────────────────── v0.12.1
  Installed Ratios ─────────────────────── v0.4.0
  Installed MosaicViews ────────────────── v0.2.4
  Installed DiffResults ────────────────── v1.0.3
  Installed FFTW_jll ───────────────────── v3.3.9+7
  Installed IterTools ──────────────────── v1.3.0
  Installed SIMDPirates ────────────────── v0.8.26
  Installed Colors ─────────────────────── v0.12.6
  Installed ArrayLayouts ───────────────── v0.4.12
  Installed SimpleTraits ───────────────── v0.9.3
  Installed BenchmarkTools ─────────────── v0.5.0
  Installed IntervalSets ───────────────── v0.5.2
  Installed IndirectArrays ─────────────── v0.5.1
  Installed ImageMetadata ──────────────── v0.9.4
  Installed ColorTypes ─────────────────── v0.10.9
  Installed OrderedCollections ─────────── v1.3.2
  Installed StaticArrays ───────────────── v1.0.1
  Installed Rotations ──────────────────── v1.0.2
  Installed IRTools ────────────────────── v0.4.2
  Installed DataValueInterfaces ────────── v1.0.0
  Installed CodecZlib ──────────────────── v0.7.0
  Installed Missings ───────────────────── v0.4.4
  Installed CatIndices ─────────────────── v0.2.1
  Installed VectorizationBase ──────────── v0.12.33
  Installed AxisArrays ─────────────────── v0.4.3
  Installed MacroTools ─────────────────── v0.5.6
  Installed IntelOpenMP_jll ────────────── v2018.0.3+0
  Installed JLLWrappers ────────────────── v1.2.0
  Installed MappedArrays ───────────────── v0.3.0
  Installed AbstractFFTs ───────────────── v0.5.0
  Installed NaNMath ────────────────────── v0.3.5
  Installed JSON ───────────────────────── v0.21.1
  Installed Distances ──────────────────── v0.10.0
  Installed AxisAlgorithms ─────────────── v1.0.0
  Installed TiledIteration ─────────────── v0.3.0
  Installed ZipFile ────────────────────── v0.9.3
  Installed ComputationalResources ─────── v0.3.2
  Installed Interpolations ─────────────── v0.13.1
  Installed Crayons ────────────────────── v4.0.4
  Installed CoordinateTransformations ──── v0.6.1
  Installed Graphics ───────────────────── v1.0.2
  Installed Adapt ──────────────────────── v2.4.0
  Installed ForwardDiff ────────────────── v0.10.14
  Installed ImageDraw ──────────────────── v0.2.4
  Installed PrettyTables ───────────────── v0.9.1
  Installed ChainRules ─────────────────── v0.7.45
  Installed OffsetArrays ───────────────── v1.5.0
  Installed FFTViews ───────────────────── v0.3.1
  Installed ImageTransformations ───────── v0.8.8
  Installed Formatting ─────────────────── v0.4.2
  Installed EllipsisNotation ───────────── v1.0.0
  Installed FixedPointNumbers ──────────── v0.8.4
  Installed ExprTools ──────────────────── v0.1.3
  Installed BFloat16s ──────────────────── v0.1.0
  Installed ImageCore ──────────────────── v0.8.20
  Installed AbstractTrees ──────────────── v0.3.3
  Installed SpecialFunctions ───────────── v1.2.1
  Installed IteratorInterfaceExtensions ── v1.0.0
  Installed UnPack ─────────────────────── v1.0.2
  Installed SortingAlgorithms ──────────── v0.3.1
  Installed Compat ─────────────────────── v3.25.0
  Installed DocStringExtensions ────────── v0.8.3
  Installed ChainRulesCore ─────────────── v0.9.24
  Installed SLEEFPirates ───────────────── v0.5.5
  Installed NNlib ──────────────────────── v0.7.11
  Installed OpenSpecFun_jll ────────────── v0.5.3+4
  Installed Parsers ────────────────────── v1.0.15
  Installed Artifacts ──────────────────── v1.3.0
  Installed GPUCompiler ────────────────── v0.8.3
Updating `~/.julia/environments/v1.5/Project.toml`
  [3dfc1049] + ObjectDetector v0.1.11
  [9b87118b] + PackageCompiler v1.2.5
Updating `~/.julia/environments/v1.5/Manifest.toml`
  [621f4979] + AbstractFFTs v0.5.0
  [1520ce14] + AbstractTrees v0.3.3
  [79e6a3ab] + Adapt v2.4.0
  [4c555306] + ArrayLayouts v0.4.12
  [56f22d72] + Artifacts v1.3.0
  [13072b0f] + AxisAlgorithms v1.0.0
  [39de3d68] + AxisArrays v0.4.3
  [ab4f0b2a] + BFloat16s v0.1.0
  [6e4b80f9] + BenchmarkTools v0.5.0
  [fa961155] + CEnum v0.4.1
  [052768ef] + CUDA v2.4.0
  [aafaddc9] + CatIndices v0.2.1
  [082447d4] + ChainRules v0.7.45
  [d360d2e6] + ChainRulesCore v0.9.24
  [944b1d66] + CodecZlib v0.7.0
  [3da002f7] + ColorTypes v0.10.9
  [c3611d14] + ColorVectorSpace v0.8.7
  [5ae59095] + Colors v0.12.6
  [bbf7d656] + CommonSubexpressions v0.3.0
  [34da2185] + Compat v3.25.0
  [e66e0078] + CompilerSupportLibraries_jll v0.3.4+0
  [ed09eef8] + ComputationalResources v0.3.2
  [150eb455] + CoordinateTransformations v0.6.1
  [adafc99b] + CpuId v0.2.2
  [a8cc5b0e] + Crayons v4.0.4
  [dc8bdbbb] + CustomUnitRanges v1.0.0
  [9a962f9c] + DataAPI v1.4.0
  [864edb3b] + DataStructures v0.18.8
  [e2d170a0] + DataValueInterfaces v1.0.0
  [163ba53b] + DiffResults v1.0.3
  [b552c78f] + DiffRules v1.0.2
  [b4f34e82] + Distances v0.10.0
  [ffbed154] + DocStringExtensions v0.8.3
  [da5c29d0] + EllipsisNotation v1.0.0
  [e2ba6199] + ExprTools v0.1.3
  [4f61f5a4] + FFTViews v0.3.1
  [7a1cc6ca] + FFTW v1.3.0
  [f5851436] + FFTW_jll v3.3.9+7
  [1a297f60] + FillArrays v0.10.2
  [53c48c17] + FixedPointNumbers v0.8.4
  [587475ba] + Flux v0.11.3
  [59287772] + Formatting v0.4.2
  [f6369f11] + ForwardDiff v0.10.14
  [d9f16b24] + Functors v0.1.0
  [0c68f7d7] + GPUArrays v6.2.0
  [61eb1bfa] + GPUCompiler v0.8.3
  [a2bd30eb] + Graphics v1.0.2
  [7869d1d1] + IRTools v0.4.2
  [bbac6d45] + IdentityRanges v0.3.1
  [2803e5a7] + ImageAxes v0.6.8
  [a09fc81d] + ImageCore v0.8.20
  [4381153b] + ImageDraw v0.2.4
  [6a3955dd] + ImageFiltering v0.6.18
  [bc367c6b] + ImageMetadata v0.9.4
  [02fcd773] + ImageTransformations v0.8.8
  [9b13fd28] + IndirectArrays v0.5.1
  [1d5cc7b8] + IntelOpenMP_jll v2018.0.3+0
  [a98d9a8b] + Interpolations v0.13.1
  [8197267c] + IntervalSets v0.5.2
  [c8e1da08] + IterTools v1.3.0
  [82899510] + IteratorInterfaceExtensions v1.0.0
  [692b3bcd] + JLLWrappers v1.2.0
  [682c06a0] + JSON v0.21.1
  [e5e0dc1b] + Juno v0.8.4
  [929cbde3] + LLVM v3.5.2
  [bdcacae8] + LoopVectorization v0.8.26
  [856f044c] + MKL_jll v2020.2.254+0
  [1914dd2f] + MacroTools v0.5.6
  [dbb5928d] + MappedArrays v0.3.0
  [e89f7d12] + Media v0.5.0
  [e1d29d7a] + Missings v0.4.4
  [e94cdb99] + MosaicViews v0.2.4
  [46d2c3a1] + MuladdMacro v0.2.2
  [872c559c] + NNlib v0.7.11
  [77ba4419] + NaNMath v0.3.5
  [3dfc1049] + ObjectDetector v0.1.11
  [6fe1bfb0] + OffsetArrays v1.5.0
  [efe28fd5] + OpenSpecFun_jll v0.5.3+4
  [bac558e1] + OrderedCollections v1.3.2
  [9b87118b] + PackageCompiler v1.2.5
  [5432bcbf] + PaddedViews v0.5.7
  [d96e819e] + Parameters v0.12.1
  [69de0a69] + Parsers v1.0.15
  [08abe8d2] + PrettyTables v0.9.1
  [b3c3ace0] + RangeArrays v0.3.2
  [c84ed2f1] + Ratios v0.4.0
  [189a3867] + Reexport v0.2.0
  [ae029012] + Requires v1.1.2
  [6038ab10] + Rotations v1.0.2
  [21efa798] + SIMDPirates v0.8.26
  [476501e8] + SLEEFPirates v0.5.5
  [6c6a2e73] + Scratch v1.0.3
  [699a6c99] + SimpleTraits v0.9.3
  [a2af1166] + SortingAlgorithms v0.3.1
  [276daf66] + SpecialFunctions v1.2.1
  [90137ffa] + StaticArrays v1.0.1
  [2913bbd2] + StatsBase v0.33.2
  [3783bdb8] + TableTraits v1.0.0
  [bd369af6] + Tables v1.2.2
  [06e1c1a7] + TiledIteration v0.3.0
  [a759f4b9] + TimerOutputs v0.5.7
  [3bb67fe8] + TranscodingStreams v0.9.5
  [3a884ed6] + UnPack v1.0.2
  [3d5dd08c] + VectorizationBase v0.12.33
  [efce3f68] + WoodburyMatrices v0.5.3
  [a5390f91] + ZipFile v0.9.3
  [83775a58] + Zlib_jll v1.2.11+18
  [e88e6eb3] + Zygote v0.5.17
  [700de1a5] + ZygoteRules v0.2.1
  [2a0f44e3] + Base64
  [ade2ca70] + Dates
  [8bb1440f] + DelimitedFiles
  [8ba89e20] + Distributed
  [b77e0a4c] + InteractiveUtils
  [76f85450] + LibGit2
  [8f399da3] + Libdl
  [37e2e46d] + LinearAlgebra
  [56ddb016] + Logging
  [d6f4376e] + Markdown
  [a63ad114] + Mmap
  [44cfe95a] + Pkg
  [de0858da] + Printf
  [9abbd945] + Profile
  [3fa0cd96] + REPL
  [9a3f8284] + Random
  [ea8e919c] + SHA
  [9e88b42a] + Serialization
  [1a1011a3] + SharedArrays
  [6462fe0b] + Sockets
  [2f01184e] + SparseArrays
  [10745b16] + Statistics
  [8dfed614] + Test
  [cf7118a7] + UUIDs
  [4ec0a83e] + Unicode
   Building FFTW ────────→ `~/.julia/packages/FFTW/ayqyZ/deps/build.log`
   Building SLEEFPirates → `~/.julia/packages/SLEEFPirates/jGsib/deps/build.log`


################################################################################
# Compiling: 2021-01-11T18:24:50.855
#

[ Info: PackageCompiler: creating system image object file, this might take a while...
Generated system image is 284.257 MiB, compilation took 594 seconds


fatal: error thrown and no exception handler available.
InitError(mod=:Data, error=Base.IOError(msg="mkdir: permission denied (EACCES)", code=-13))
uv_error at ./libuv.jl:97 [inlined]
#mkdir#7 at ./file.jl:177
mkdir##kw at ./file.jl:170 [inlined]
#mkpath#8 at ./file.jl:227
mkpath##kw at ./file.jl:222
#mkpath#8 at ./file.jl:225
mkpath##kw at ./file.jl:222
#mkpath#8 at ./file.jl:225
mkpath##kw at ./file.jl:222
#mkpath#8 at ./file.jl:225
mkpath##kw at ./file.jl:222
#mkpath#8 at ./file.jl:225
mkpath##kw at ./file.jl:222
#mkpath#8 at ./file.jl:225
mkpath##kw at ./file.jl:222
#mkpath#8 at ./file.jl:225
mkpath##kw at ./file.jl:222
#mkpath#8 at ./file.jl:225
mkpath##kw at ./file.jl:222
#mkpath#8 at ./file.jl:225
mkpath at ./file.jl:222 [inlined]
__init__ at /home/pkgeval/.julia/packages/Flux/sY3yx/src/data/Data.jl:35
jfptr___init___25854 at /cache/ObjectDetector-KtT6p8zV.so (unknown line)
_jl_invoke at /workspace/srcdir/src/gf.c:2214 [inlined]
jl_apply_generic at /workspace/srcdir/src/gf.c:2398
jl_apply at /workspace/srcdir/src/julia.h:1690 [inlined]
jl_module_run_initializer at /workspace/srcdir/src/toplevel.c:74
_julia_init at /workspace/srcdir/src/init.c:780
main at /workspace/srcdir/ui/repl.c:221
__libc_start_main at /usr/lib/libc.so.6 (unknown line)
unknown function (ip: 0x4015e4)

No statistics gathered.