################################################################################
# PkgEval set-up: 2021-01-11T17:40:10.192
#

Julia Version 1.5.3
Commit 599f52c4c6 (2020-12-18 13:33 UTC)
Platform Info:
  OS: Linux (x86_64-linux-gnu)
  CPU: AMD EPYC 7502 32-Core Processor
  WORD_SIZE: 64
  LIBM: libopenlibm
  LLVM: libLLVM-9.0.1 (ORCJIT, znver2)
Environment:
  JULIA_PKG_PRECOMPILE_AUTO = 0
  JULIA_PKGEVAL = true

Base.julia_cmd() = `/opt/julia/bin/julia -Cnative -J/opt/julia/lib/julia/sys.so -g1`


################################################################################
# Installation: 2021-01-11T17:40:11.991
#

 Installing known registries into `~/.julia`
######################################################################## 100.0%
      Added registry `General` to `~/.julia/registries/General`
  Resolving package versions...
  Installed Observables ──── v0.3.3
  Installed ObservablePmap ─ v0.2.0
Updating `~/.julia/environments/v1.5/Project.toml`
  [471f3579] + ObservablePmap v0.2.0
Updating `~/.julia/environments/v1.5/Manifest.toml`
  [471f3579] + ObservablePmap v0.2.0
  [510215fc] + Observables v0.3.3
  [8ba89e20] + Distributed
  [56ddb016] + Logging
  [9a3f8284] + Random
  [9e88b42a] + Serialization
  [6462fe0b] + Sockets


################################################################################
# Testing: 2021-01-11T17:40:15.919
#

    Testing ObservablePmap
Status `/tmp/jl_8RgxNR/Project.toml`
  [471f3579] ObservablePmap v0.2.0
  [510215fc] Observables v0.3.3
  [8ba89e20] Distributed
  [56ddb016] Logging
  [8dfed614] Test
Status `/tmp/jl_8RgxNR/Manifest.toml`
  [471f3579] ObservablePmap v0.2.0
  [510215fc] Observables v0.3.3
  [2a0f44e3] Base64
  [8ba89e20] Distributed
  [b77e0a4c] InteractiveUtils
  [56ddb016] Logging
  [d6f4376e] Markdown
  [9a3f8284] Random
  [9e88b42a] Serialization
  [6462fe0b] Sockets
  [8dfed614] Test
Test Summary:                        | Pass  Total
schedule_now=false, worker_arg=false |   14     14
Test Summary:                       | Pass  Total
schedule_now=false, worker_arg=true |   14     14
Test Summary:                       | Pass  Total
schedule_now=true, worker_arg=false |   14     14
Test Summary:                      | Pass  Total
schedule_now=true, worker_arg=true |   14     14
    Testing ObservablePmap tests passed 

PkgEval succeeded


################################################################################
# PkgEval teardown: 2021-01-11T17:40:31.852
CPU usage: 21.27s (18.32s user, 3.01s kernel)

Network usage:
- eth0: 3.711 MiB received, 38.945 KiB sent

Raw statistics: {"blkio_stats":{"io_queue_recursive":[],"io_serviced_recursive":[{"major":259,"value":0,"op":"Read","minor":0},{"major":259,"value":24,"op":"Write","minor":0},{"major":259,"value":19,"op":"Sync","minor":0},{"major":259,"value":5,"op":"Async","minor":0},{"major":259,"value":0,"op":"Discard","minor":0},{"major":259,"value":24,"op":"Total","minor":0},{"major":253,"value":0,"op":"Read","minor":2},{"major":253,"value":24,"op":"Write","minor":2},{"major":253,"value":19,"op":"Sync","minor":2},{"major":253,"value":5,"op":"Async","minor":2},{"major":253,"value":0,"op":"Discard","minor":2},{"major":253,"value":24,"op":"Total","minor":2}],"io_time_recursive":[],"sectors_recursive":[],"io_service_bytes_recursive":[{"major":259,"value":0,"op":"Read","minor":0},{"major":259,"value":126976,"op":"Write","minor":0},{"major":259,"value":106496,"op":"Sync","minor":0},{"major":259,"value":20480,"op":"Async","minor":0},{"major":259,"value":0,"op":"Discard","minor":0},{"major":259,"value":126976,"op":"Total","minor":0},{"major":253,"value":0,"op":"Read","minor":2},{"major":253,"value":126976,"op":"Write","minor":2},{"major":253,"value":106496,"op":"Sync","minor":2},{"major":253,"value":20480,"op":"Async","minor":2},{"major":253,"value":0,"op":"Discard","minor":2},{"major":253,"value":126976,"op":"Total","minor":2}],"io_wait_time_recursive":[],"io_merged_recursive":[],"io_service_time_recursive":[]},"memory_stats":{"usage":327561216,"max_usage":783798272,"stats":{"hierarchical_memory_limit":9223372036854771712,"pgmajfault":0,"total_rss":216776704,"inactive_file":135168,"inactive_anon":80289792,"total_pgfault":476718,"total_cache":81137664,"total_rss_huge":0,"total_active_anon":217620480,"total_pgmajfault":0,"pgpgin":312906,"rss_huge":0,"mapped_file":0,"total_inactive_file":135168,"dirty":135168,"total_unevictable":0,"total_dirty":135168,"writeback":0,"pgpgout":240169,"hierarchical_memsw_limit":0,"cache":81137664,"active_file":135168,"pgfault":476718,"total_mapped_file":0,"total_pgpgout":240169,"total_writeback":0,"rss":216776704,"unevictable":0,"total_inactive_anon":80289792,"total_pgpgin":312906,"active_anon":217620480,"total_active_file":135168},"limit":540965302272},"name":"/ObservablePmap-UroLqgxN","networks":{"eth0":{"rx_bytes":3890877,"rx_packets":424,"tx_packets":425,"tx_bytes":39880,"tx_dropped":0,"rx_dropped":1,"tx_errors":0,"rx_errors":0}},"id":"4e9b871e96bd883ea8869b210bae26e49807434020f5522409c409042632cd84","preread":"0001-01-01T00:00:00Z","storage_stats":{},"precpu_stats":{"throttling_data":{"throttled_periods":0,"throttled_time":0,"periods":0},"cpu_usage":{"usage_in_usermode":0,"usage_in_kernelmode":0,"total_usage":0}},"pids_stats":{"current":40},"num_procs":0,"cpu_stats":{"throttling_data":{"throttled_periods":0,"throttled_time":0,"periods":0},"system_cpu_usage":4209753034522419,"online_cpus":128,"cpu_usage":{"usage_in_usermode":18320000000,"usage_in_kernelmode":3010000000,"total_usage":21265104367,"percpu_usage":[0,0,0,0,0,0,0,0,0,0,0,0,0,0,0,0,0,0,0,0,0,0,0,0,0,0,0,0,0,0,0,0,0,0,0,21263343357,0,0,0,0,0,0,0,0,0,0,0,0,0,0,0,0,0,0,0,0,0,0,0,0,0,0,0,0,0,0,0,0,0,0,0,0,0,0,0,0,0,0,0,0,0,0,0,0,0,0,0,0,0,0,0,0,0,0,0,0,0,0,0,1761010,0,0,0,0,0,0,0,0,0,0,0,0,0,0,0,0,0,0,0,0,0,0,0,0,0,0,0,0]}},"read":"2021-01-11T17:40:31.856435103Z"}