################################################################################
# PackageCompiler set-up: 2021-01-11T21:35:48.288
#

Julia Version 1.5.3
Commit 599f52c4c6 (2020-12-18 13:33 UTC)
Platform Info:
  OS: Linux (x86_64-linux-gnu)
  CPU: AMD EPYC 7502 32-Core Processor
  WORD_SIZE: 64
  LIBM: libopenlibm
  LLVM: libLLVM-9.0.1 (ORCJIT, znver2)
Environment:
  JULIA_PKGEVAL = true
  JULIA_PKG_PRECOMPILE_AUTO = 0



################################################################################
# Installation: 2021-01-11T21:35:49.912
#

 Installing known registries into `~/.julia`
###########################################                               60.5%######################################################################## 100.0%
      Added registry `General` to `~/.julia/registries/General`
  Resolving package versions...
  Installed Zstd_jll ─────────── v1.4.5+2
  Installed MsgPack ──────────── v1.1.0
  Installed OndaEDF ──────────── v0.6.0
  Installed TranscodingStreams ─ v0.9.5
  Installed Onda ─────────────── v0.11.0
  Installed JLLWrappers ──────── v1.2.0
  Installed PackageCompiler ──── v1.2.5
  Installed Artifacts ────────── v1.3.0
  Installed EDF ──────────────── v0.6.0
  Installed CodecZstd ────────── v0.7.0
Updating `~/.julia/environments/v1.5/Project.toml`
  [e3ed2cd1] + OndaEDF v0.6.0
  [9b87118b] + PackageCompiler v1.2.5
Updating `~/.julia/environments/v1.5/Manifest.toml`
  [56f22d72] + Artifacts v1.3.0
  [6b39b394] + CodecZstd v0.7.0
  [ccffbfc1] + EDF v0.6.0
  [692b3bcd] + JLLWrappers v1.2.0
  [99f44e22] + MsgPack v1.1.0
  [e853f5be] + Onda v0.11.0
  [e3ed2cd1] + OndaEDF v0.6.0
  [9b87118b] + PackageCompiler v1.2.5
  [3bb67fe8] + TranscodingStreams v0.9.5
  [3161d3a3] + Zstd_jll v1.4.5+2
  [2a0f44e3] + Base64
  [ade2ca70] + Dates
  [8ba89e20] + Distributed
  [b77e0a4c] + InteractiveUtils
  [76f85450] + LibGit2
  [8f399da3] + Libdl
  [56ddb016] + Logging
  [d6f4376e] + Markdown
  [44cfe95a] + Pkg
  [de0858da] + Printf
  [3fa0cd96] + REPL
  [9a3f8284] + Random
  [ea8e919c] + SHA
  [9e88b42a] + Serialization
  [6462fe0b] + Sockets
  [8dfed614] + Test
  [cf7118a7] + UUIDs
  [4ec0a83e] + Unicode


################################################################################
# Compiling: 2021-01-11T21:35:55.492
#

[ Info: PackageCompiler: creating system image object file, this might take a while...
Generated system image is 149.320 MiB, compilation took 171 seconds


################################################################################
# PkgEval set-up: 2021-01-11T21:38:54.09
#

Julia Version 1.5.3
Commit 599f52c4c6 (2020-12-18 13:33 UTC)
Platform Info:
  OS: Linux (x86_64-linux-gnu)
  CPU: AMD EPYC 7502 32-Core Processor
  WORD_SIZE: 64
  LIBM: libopenlibm
  LLVM: libLLVM-9.0.1 (ORCJIT, znver2)
Environment:
  JULIA_PKGEVAL = true
  JULIA_PKG_PRECOMPILE_AUTO = 0

Base.julia_cmd() = `/usr/local/julia/bin/julia -Cnative -J/cache/OndaEDF-fbeUr1GA.so -g1`


################################################################################
# Installation: 2021-01-11T21:38:55.92
#

 Installing known registries into `~/.julia`
######################################################################## 100.0%
      Added registry `General` to `~/.julia/registries/General`
  Resolving package versions...
  Installed OndaEDF ──────────── v0.6.0
  Installed TranscodingStreams ─ v0.9.5
  Installed MsgPack ──────────── v1.1.0
  Installed Artifacts ────────── v1.3.0
  Installed Zstd_jll ─────────── v1.4.5+2
  Installed Onda ─────────────── v0.11.0
  Installed JLLWrappers ──────── v1.2.0
  Installed CodecZstd ────────── v0.7.0
  Installed EDF ──────────────── v0.6.0
Updating `~/.julia/environments/v1.5/Project.toml`
  [e3ed2cd1] + OndaEDF v0.6.0
Updating `~/.julia/environments/v1.5/Manifest.toml`
  [56f22d72] + Artifacts v1.3.0
  [6b39b394] + CodecZstd v0.7.0
  [ccffbfc1] + EDF v0.6.0
  [692b3bcd] + JLLWrappers v1.2.0
  [99f44e22] + MsgPack v1.1.0
  [e853f5be] + Onda v0.11.0
  [e3ed2cd1] + OndaEDF v0.6.0
  [3bb67fe8] + TranscodingStreams v0.9.5
  [3161d3a3] + Zstd_jll v1.4.5+2
  [2a0f44e3] + Base64
  [ade2ca70] + Dates
  [8ba89e20] + Distributed
  [b77e0a4c] + InteractiveUtils
  [76f85450] + LibGit2
  [8f399da3] + Libdl
  [56ddb016] + Logging
  [d6f4376e] + Markdown
  [44cfe95a] + Pkg
  [de0858da] + Printf
  [3fa0cd96] + REPL
  [9a3f8284] + Random
  [ea8e919c] + SHA
  [9e88b42a] + Serialization
  [6462fe0b] + Sockets
  [8dfed614] + Test
  [cf7118a7] + UUIDs
  [4ec0a83e] + Unicode


################################################################################
# Testing: 2021-01-11T21:39:00.768
#

    Testing OndaEDF
Status `/tmp/jl_5Z2VMa/Project.toml`
  [ccffbfc1] EDF v0.6.0
  [e853f5be] Onda v0.11.0
  [e3ed2cd1] OndaEDF v0.6.0
  [ade2ca70] Dates
  [9a3f8284] Random
  [10745b16] Statistics
  [8dfed614] Test
  [cf7118a7] UUIDs
Status `/tmp/jl_5Z2VMa/Manifest.toml`
  [56f22d72] Artifacts v1.3.0
  [6b39b394] CodecZstd v0.7.0
  [ccffbfc1] EDF v0.6.0
  [692b3bcd] JLLWrappers v1.2.0
  [99f44e22] MsgPack v1.1.0
  [e853f5be] Onda v0.11.0
  [e3ed2cd1] OndaEDF v0.6.0
  [3bb67fe8] TranscodingStreams v0.9.5
  [3161d3a3] Zstd_jll v1.4.5+2
  [2a0f44e3] Base64
  [ade2ca70] Dates
  [8ba89e20] Distributed
  [b77e0a4c] InteractiveUtils
  [76f85450] LibGit2
  [8f399da3] Libdl
  [37e2e46d] LinearAlgebra
  [56ddb016] Logging
  [d6f4376e] Markdown
  [44cfe95a] Pkg
  [de0858da] Printf
  [3fa0cd96] REPL
  [9a3f8284] Random
  [ea8e919c] SHA
  [9e88b42a] Serialization
  [6462fe0b] Sockets
  [2f01184e] SparseArrays
  [10745b16] Statistics
  [8dfed614] Test
  [cf7118a7] UUIDs
  [4ec0a83e] Unicode
Test Summary:             | Pass  Total
EDF.Signal label handling |  140    140
Test Summary: | Pass  Total
import_edf!   |  494    494
Test Summary: | Pass  Total
export_edf    |   74     74
    Testing OndaEDF tests passed 

PkgEval succeeded


################################################################################
# PkgEval teardown: 2021-01-11T21:39:16.232
CPU usage: 22.36s (19.74s user, 2.66s kernel)

Network usage:
- eth0: 6.804 MiB received, 77.553 KiB sent

Raw statistics: {"blkio_stats":{"io_queue_recursive":[],"io_serviced_recursive":[{"major":259,"value":0,"op":"Read","minor":0},{"major":259,"value":19,"op":"Write","minor":0},{"major":259,"value":14,"op":"Sync","minor":0},{"major":259,"value":5,"op":"Async","minor":0},{"major":259,"value":0,"op":"Discard","minor":0},{"major":259,"value":19,"op":"Total","minor":0},{"major":253,"value":0,"op":"Read","minor":2},{"major":253,"value":19,"op":"Write","minor":2},{"major":253,"value":14,"op":"Sync","minor":2},{"major":253,"value":5,"op":"Async","minor":2},{"major":253,"value":0,"op":"Discard","minor":2},{"major":253,"value":19,"op":"Total","minor":2}],"io_time_recursive":[],"sectors_recursive":[],"io_service_bytes_recursive":[{"major":259,"value":0,"op":"Read","minor":0},{"major":259,"value":77824,"op":"Write","minor":0},{"major":259,"value":57344,"op":"Sync","minor":0},{"major":259,"value":20480,"op":"Async","minor":0},{"major":259,"value":0,"op":"Discard","minor":0},{"major":259,"value":77824,"op":"Total","minor":0},{"major":253,"value":0,"op":"Read","minor":2},{"major":253,"value":77824,"op":"Write","minor":2},{"major":253,"value":57344,"op":"Sync","minor":2},{"major":253,"value":20480,"op":"Async","minor":2},{"major":253,"value":0,"op":"Discard","minor":2},{"major":253,"value":77824,"op":"Total","minor":2}],"io_wait_time_recursive":[],"io_merged_recursive":[],"io_service_time_recursive":[]},"memory_stats":{"usage":304181248,"max_usage":570855424,"stats":{"hierarchical_memory_limit":9223372036854771712,"pgmajfault":0,"total_rss":185393152,"inactive_file":135168,"inactive_anon":88264704,"total_pgfault":363825,"total_cache":89001984,"total_rss_huge":0,"total_active_anon":186126336,"total_pgmajfault":0,"pgpgin":214434,"rss_huge":0,"mapped_file":0,"total_inactive_file":135168,"dirty":675840,"total_unevictable":0,"total_dirty":675840,"writeback":0,"pgpgout":147442,"hierarchical_memsw_limit":0,"cache":89001984,"active_file":135168,"pgfault":363825,"total_mapped_file":0,"total_pgpgout":147442,"total_writeback":0,"rss":185393152,"unevictable":0,"total_inactive_anon":88264704,"total_pgpgin":214434,"active_anon":186126336,"total_active_file":135168},"limit":540965302272},"name":"/OndaEDF-5m1IgO5U","networks":{"eth0":{"rx_bytes":7134419,"rx_packets":773,"tx_packets":767,"tx_bytes":79414,"tx_dropped":0,"rx_dropped":1,"tx_errors":0,"rx_errors":0}},"id":"91b47121fd3f2861465c7d9735e01b87e97034b10073ef1815c7563c2bbe8443","preread":"0001-01-01T00:00:00Z","storage_stats":{},"precpu_stats":{"throttling_data":{"throttled_periods":0,"throttled_time":0,"periods":0},"cpu_usage":{"usage_in_usermode":0,"usage_in_kernelmode":0,"total_usage":0}},"pids_stats":{"current":44},"num_procs":0,"cpu_stats":{"throttling_data":{"throttled_periods":0,"throttled_time":0,"periods":0},"system_cpu_usage":6040226234522419,"online_cpus":128,"cpu_usage":{"usage_in_usermode":19740000000,"usage_in_kernelmode":2660000000,"total_usage":22362265334,"percpu_usage":[0,0,0,0,0,0,0,0,0,0,0,0,0,0,0,0,0,0,0,0,0,0,0,0,0,0,0,0,0,0,0,0,0,0,0,0,0,0,0,0,0,0,0,0,0,22356678642,0,0,0,0,0,0,0,0,0,0,0,0,0,0,0,0,0,0,0,0,0,0,0,0,0,0,0,0,0,0,0,0,0,0,0,0,0,0,0,0,0,0,0,0,0,0,0,0,0,0,0,0,0,0,0,0,0,0,0,0,0,0,0,5586692,0,0,0,0,0,0,0,0,0,0,0,0,0,0,0,0,0,0]}},"read":"2021-01-11T21:39:16.234977364Z"}