################################################################################
# PkgEval set-up: 2021-01-11T20:23:17.065
#

Julia Version 1.5.3
Commit 599f52c4c6 (2020-12-18 13:33 UTC)
Platform Info:
  OS: Linux (x86_64-linux-gnu)
  CPU: AMD EPYC 7502 32-Core Processor
  WORD_SIZE: 64
  LIBM: libopenlibm
  LLVM: libLLVM-9.0.1 (ORCJIT, znver2)
Environment:
  JULIA_PKG_PRECOMPILE_AUTO = 0
  JULIA_PKGEVAL = true

Base.julia_cmd() = `/opt/julia/bin/julia -Cnative -J/opt/julia/lib/julia/sys.so -g1`


################################################################################
# Installation: 2021-01-11T20:23:18.878
#

 Installing known registries into `~/.julia`
############################                                              39.7%######################################################################## 100.0%
      Added registry `General` to `~/.julia/registries/General`
  Resolving package versions...
  Installed OpenCL ─ v0.8.1
Updating `~/.julia/environments/v1.5/Project.toml`
  [08131aa3] + OpenCL v0.8.1
Updating `~/.julia/environments/v1.5/Manifest.toml`
  [08131aa3] + OpenCL v0.8.1
  [8f399da3] + Libdl
  [37e2e46d] + LinearAlgebra
  [de0858da] + Printf
  [4ec0a83e] + Unicode


################################################################################
# Testing: 2021-01-11T20:23:23.235
#

    Testing OpenCL
Status `/tmp/jl_bKpBUR/Project.toml`
  [08131aa3] OpenCL v0.8.1
  [8f399da3] Libdl
  [37e2e46d] LinearAlgebra
  [de0858da] Printf
  [8dfed614] Test
Status `/tmp/jl_bKpBUR/Manifest.toml`
  [08131aa3] OpenCL v0.8.1
  [2a0f44e3] Base64
  [8ba89e20] Distributed
  [b77e0a4c] InteractiveUtils
  [8f399da3] Libdl
  [37e2e46d] LinearAlgebra
  [56ddb016] Logging
  [d6f4376e] Markdown
  [de0858da] Printf
  [9a3f8284] Random
  [9e88b42a] Serialization
  [6462fe0b] Sockets
  [8dfed614] Test
  [4ec0a83e] Unicode
ERROR: LoadError: LoadError: AssertionError: libopencl != ""
Stacktrace:
 [1] top-level scope at /home/pkgeval/.julia/packages/OpenCL/yqbHv/src/api.jl:10
 [2] include(::Function, ::Module, ::String) at ./Base.jl:380
 [3] include at ./Base.jl:368 [inlined]
 [4] include(::String) at /home/pkgeval/.julia/packages/OpenCL/yqbHv/src/OpenCL.jl:4
 [5] top-level scope at /home/pkgeval/.julia/packages/OpenCL/yqbHv/src/OpenCL.jl:25
 [6] include(::Function, ::Module, ::String) at ./Base.jl:380
 [7] include(::Module, ::String) at ./Base.jl:368
 [8] top-level scope at none:2
 [9] eval at ./boot.jl:331 [inlined]
 [10] eval(::Expr) at ./client.jl:467
 [11] top-level scope at ./none:3
in expression starting at /home/pkgeval/.julia/packages/OpenCL/yqbHv/src/api.jl:10
in expression starting at /home/pkgeval/.julia/packages/OpenCL/yqbHv/src/OpenCL.jl:25
ERROR: LoadError: Failed to precompile OpenCL [08131aa3-fb12-5dee-8b74-c09406e224a2] to /home/pkgeval/.julia/compiled/v1.5/OpenCL/qfx5r_6LeN7.ji.
Stacktrace:
 [1] error(::String) at ./error.jl:33
 [2] compilecache(::Base.PkgId, ::String) at ./loading.jl:1305
 [3] _require(::Base.PkgId) at ./loading.jl:1030
 [4] require(::Base.PkgId) at ./loading.jl:928
 [5] require(::Module, ::Symbol) at ./loading.jl:923
 [6] include(::String) at ./client.jl:457
 [7] top-level scope at none:6
in expression starting at /home/pkgeval/.julia/packages/OpenCL/yqbHv/test/runtests.jl:3

PkgEval failed: Package OpenCL errored during testing
Stacktrace:
 [1] pkgerror(::String) at /workspace/srcdir/usr/share/julia/stdlib/v1.5/Pkg/src/Types.jl:52
 [2] test(::Pkg.Types.Context, ::Array{Pkg.Types.PackageSpec,1}; coverage::Bool, julia_args::Cmd, test_args::Cmd, test_fn::Nothing) at /workspace/srcdir/usr/share/julia/stdlib/v1.5/Pkg/src/Operations.jl:1578
 [3] test(::Pkg.Types.Context, ::Array{Pkg.Types.PackageSpec,1}; coverage::Bool, test_fn::Nothing, julia_args::Cmd, test_args::Cmd, kwargs::Base.Iterators.Pairs{Union{},Union{},Tuple{},NamedTuple{(),Tuple{}}}) at /workspace/srcdir/usr/share/julia/stdlib/v1.5/Pkg/src/API.jl:327
 [4] test(::Pkg.Types.Context, ::Array{Pkg.Types.PackageSpec,1}) at /workspace/srcdir/usr/share/julia/stdlib/v1.5/Pkg/src/API.jl:314
 [5] #test#61 at /workspace/srcdir/usr/share/julia/stdlib/v1.5/Pkg/src/API.jl:67 [inlined]
 [6] test at /workspace/srcdir/usr/share/julia/stdlib/v1.5/Pkg/src/API.jl:67 [inlined]
 [7] #test#60 at /workspace/srcdir/usr/share/julia/stdlib/v1.5/Pkg/src/API.jl:66 [inlined]
 [8] test at /workspace/srcdir/usr/share/julia/stdlib/v1.5/Pkg/src/API.jl:66 [inlined]
 [9] test(::String; kwargs::Base.Iterators.Pairs{Union{},Union{},Tuple{},NamedTuple{(),Tuple{}}}) at /workspace/srcdir/usr/share/julia/stdlib/v1.5/Pkg/src/API.jl:65
 [10] test(::String) at /workspace/srcdir/usr/share/julia/stdlib/v1.5/Pkg/src/API.jl:65
 [11] top-level scope at none:22
 [12] eval at ./boot.jl:331 [inlined]
 [13] eval(::Expr) at ./client.jl:467
 [14] top-level scope at none:1
 [15] eval(::Module, ::Any) at ./boot.jl:331
 [16] exec_options(::Base.JLOptions) at ./client.jl:272
 [17] _start() at ./client.jl:506


################################################################################
# PkgEval teardown: 2021-01-11T20:23:29.456
CPU usage: 12.30s (9.74s user, 2.58s kernel)

Network usage:
- eth0: 3.060 MiB received, 36.194 KiB sent

Raw statistics: {"blkio_stats":{"io_queue_recursive":[],"io_serviced_recursive":[{"major":259,"value":0,"op":"Read","minor":0},{"major":259,"value":24,"op":"Write","minor":0},{"major":259,"value":19,"op":"Sync","minor":0},{"major":259,"value":5,"op":"Async","minor":0},{"major":259,"value":0,"op":"Discard","minor":0},{"major":259,"value":24,"op":"Total","minor":0},{"major":253,"value":0,"op":"Read","minor":2},{"major":253,"value":24,"op":"Write","minor":2},{"major":253,"value":19,"op":"Sync","minor":2},{"major":253,"value":5,"op":"Async","minor":2},{"major":253,"value":0,"op":"Discard","minor":2},{"major":253,"value":24,"op":"Total","minor":2}],"io_time_recursive":[],"sectors_recursive":[],"io_service_bytes_recursive":[{"major":259,"value":0,"op":"Read","minor":0},{"major":259,"value":126976,"op":"Write","minor":0},{"major":259,"value":106496,"op":"Sync","minor":0},{"major":259,"value":20480,"op":"Async","minor":0},{"major":259,"value":0,"op":"Discard","minor":0},{"major":259,"value":126976,"op":"Total","minor":0},{"major":253,"value":0,"op":"Read","minor":2},{"major":253,"value":126976,"op":"Write","minor":2},{"major":253,"value":106496,"op":"Sync","minor":2},{"major":253,"value":20480,"op":"Async","minor":2},{"major":253,"value":0,"op":"Discard","minor":2},{"major":253,"value":126976,"op":"Total","minor":2}],"io_wait_time_recursive":[],"io_merged_recursive":[],"io_service_time_recursive":[]},"memory_stats":{"usage":310190080,"max_usage":624615424,"stats":{"hierarchical_memory_limit":9223372036854771712,"pgmajfault":0,"total_rss":200265728,"inactive_file":135168,"inactive_anon":79884288,"total_pgfault":353397,"total_cache":80478208,"total_rss_huge":0,"total_active_anon":200724480,"total_pgmajfault":0,"pgpgin":214764,"rss_huge":0,"mapped_file":0,"total_inactive_file":135168,"dirty":135168,"total_unevictable":0,"total_dirty":135168,"writeback":0,"pgpgout":146246,"hierarchical_memsw_limit":0,"cache":80478208,"active_file":135168,"pgfault":353397,"total_mapped_file":0,"total_pgpgout":146246,"total_writeback":0,"rss":200265728,"unevictable":0,"total_inactive_anon":79884288,"total_pgpgin":214764,"active_anon":200724480,"total_active_file":135168},"limit":540965302272},"name":"/OpenCL-oZlkmqhl","networks":{"eth0":{"rx_bytes":3209112,"rx_packets":424,"tx_packets":417,"tx_bytes":37063,"tx_dropped":0,"rx_dropped":1,"tx_errors":0,"rx_errors":0}},"id":"0dbf92476fcff88ff432720055d30c8d3a35090ad06bb1e327738a6501ada270","preread":"0001-01-01T00:00:00Z","storage_stats":{},"precpu_stats":{"throttling_data":{"throttled_periods":0,"throttled_time":0,"periods":0},"cpu_usage":{"usage_in_usermode":0,"usage_in_kernelmode":0,"total_usage":0}},"pids_stats":{"current":40},"num_procs":0,"cpu_stats":{"throttling_data":{"throttled_periods":0,"throttled_time":0,"periods":0},"system_cpu_usage":5459539874522419,"online_cpus":128,"cpu_usage":{"usage_in_usermode":9740000000,"usage_in_kernelmode":2580000000,"total_usage":12299307007,"percpu_usage":[0,0,0,0,0,0,0,0,0,0,0,0,0,0,0,0,0,0,0,0,0,0,0,0,0,0,0,0,0,0,0,0,0,0,0,0,0,0,0,0,0,0,0,0,0,0,0,0,0,0,0,0,0,0,0,0,0,0,0,12299307007,0,0,0,0,0,0,0,0,0,0,0,0,0,0,0,0,0,0,0,0,0,0,0,0,0,0,0,0,0,0,0,0,0,0,0,0,0,0,0,0,0,0,0,0,0,0,0,0,0,0,0,0,0,0,0,0,0,0,0,0,0,0,0,0,0,0,0,0]}},"read":"2021-01-11T20:23:30.449700483Z"}