################################################################################
# PackageCompiler set-up: 2021-01-11T18:13:56.973
#

Julia Version 1.5.3
Commit 599f52c4c6 (2020-12-18 13:33 UTC)
Platform Info:
  OS: Linux (x86_64-linux-gnu)
  CPU: AMD EPYC 7502 32-Core Processor
  WORD_SIZE: 64
  LIBM: libopenlibm
  LLVM: libLLVM-9.0.1 (ORCJIT, znver2)
Environment:
  JULIA_PKGEVAL = true
  JULIA_PKG_PRECOMPILE_AUTO = 0



################################################################################
# Installation: 2021-01-11T18:13:58.664
#

 Installing known registries into `~/.julia`
############################################                              61.7%######################################################################## 100.0%
      Added registry `General` to `~/.julia/registries/General`
  Resolving package versions...
  Installed CompilerSupportLibraries_jll ─ v0.3.4+0
  Installed ZygoteRules ────────────────── v0.2.1
  Installed Reexport ───────────────────── v0.2.0
  Installed CpuId ──────────────────────── v0.2.2
  Installed WoodburyMatrices ───────────── v0.5.3
  Installed CommonSubexpressions ───────── v0.3.0
  Installed OpenQuantumTools ───────────── v0.6.1
  Installed PackageCompiler ────────────── v1.2.5
  Installed Rmath_jll ──────────────────── v0.2.2+1
  Installed Rmath ──────────────────────── v0.6.1
  Installed Inflate ────────────────────── v0.1.2
  Installed TableTraits ────────────────── v1.0.0
  Installed MuladdMacro ────────────────── v0.2.2
  Installed NonlinearSolve ─────────────── v0.3.4
  Installed VertexSafeGraphs ───────────── v0.1.2
  Installed Combinatorics ──────────────── v1.0.2
  Installed FillArrays ─────────────────── v0.10.2
  Installed Tables ─────────────────────── v1.2.2
  Installed Requires ───────────────────── v1.1.2
  Installed DataStructures ─────────────── v0.18.8
  Installed StatsBase ──────────────────── v0.33.2
  Installed SparseDiffTools ────────────── v1.12.0
  Installed LoopVectorization ──────────── v0.8.26
  Installed QuadGK ─────────────────────── v2.4.1
  Installed DataAPI ────────────────────── v1.4.0
  Installed DiffEqCallbacks ────────────── v2.16.0
  Installed FunctionWrappers ───────────── v1.1.1
  Installed DiffResults ────────────────── v1.0.3
  Installed DiffRules ──────────────────── v1.0.2
  Installed Parameters ─────────────────── v0.12.1
  Installed Ratios ─────────────────────── v0.4.0
  Installed Setfield ───────────────────── v0.7.0
  Installed TreeViews ──────────────────── v0.3.0
  Installed ConstructionBase ───────────── v1.0.0
  Installed SimpleTraits ───────────────── v0.9.3
  Installed RecursiveArrayTools ────────── v2.10.0
  Installed SIMDPirates ────────────────── v0.8.26
  Installed OrderedCollections ─────────── v1.3.2
  Installed StaticArrays ───────────────── v0.12.5
  Installed DataValueInterfaces ────────── v1.0.0
  Installed HCubature ──────────────────── v1.5.0
  Installed RecipesBase ────────────────── v1.1.1
  Installed DiffEqBase ─────────────────── v6.53.4
  Installed OpenQuantumBase ────────────── v0.6.2
  Installed Missings ───────────────────── v0.4.4
  Installed OrdinaryDiffEq ─────────────── v5.49.1
  Installed VectorizationBase ──────────── v0.12.33
  Installed LightGraphs ────────────────── v1.3.4
  Installed MacroTools ─────────────────── v0.5.6
  Installed NaNMath ────────────────────── v0.3.5
  Installed Distances ──────────────────── v0.10.0
  Installed NLsolve ────────────────────── v4.5.1
  Installed FiniteDiff ─────────────────── v2.7.2
  Installed JLLWrappers ────────────────── v1.2.0
  Installed AxisAlgorithms ─────────────── v1.0.0
  Installed Interpolations ─────────────── v0.13.1
  Installed Distributions ──────────────── v0.24.10
  Installed FastClosures ───────────────── v0.3.2
  Installed ArnoldiMethod ──────────────── v0.0.4
  Installed LineSearches ───────────────── v7.1.1
  Installed ArrayInterface ─────────────── v2.14.13
  Installed PDMats ─────────────────────── v0.10.1
  Installed StatsFuns ──────────────────── v0.9.6
  Installed ForwardDiff ────────────────── v0.10.14
  Installed Adapt ──────────────────────── v3.0.0
  Installed IterativeSolvers ───────────── v0.9.0
  Installed OffsetArrays ───────────────── v1.3.1
  Installed LabelledArrays ─────────────── v1.4.0
  Installed IteratorInterfaceExtensions ── v1.0.0
  Installed SpecialFunctions ───────────── v1.2.1
  Installed SortingAlgorithms ──────────── v0.3.1
  Installed UnPack ─────────────────────── v1.0.2
  Installed DocStringExtensions ────────── v0.8.3
  Installed ChainRulesCore ─────────────── v0.9.24
  Installed Compat ─────────────────────── v3.25.0
  Installed NLSolversBase ──────────────── v7.7.1
  Installed RecursiveFactorization ─────── v0.1.6
  Installed SLEEFPirates ───────────────── v0.5.5
  Installed ExponentialUtilities ───────── v1.8.0
  Installed OpenSpecFun_jll ────────────── v0.5.3+4
  Installed GenericSVD ─────────────────── v0.3.0
  Installed Artifacts ──────────────────── v1.3.0
Updating `~/.julia/environments/v1.5/Project.toml`
  [e429f160] + OpenQuantumTools v0.6.1
  [9b87118b] + PackageCompiler v1.2.5
Updating `~/.julia/environments/v1.5/Manifest.toml`
  [79e6a3ab] + Adapt v3.0.0
  [ec485272] + ArnoldiMethod v0.0.4
  [4fba245c] + ArrayInterface v2.14.13
  [56f22d72] + Artifacts v1.3.0
  [13072b0f] + AxisAlgorithms v1.0.0
  [d360d2e6] + ChainRulesCore v0.9.24
  [861a8166] + Combinatorics v1.0.2
  [bbf7d656] + CommonSubexpressions v0.3.0
  [34da2185] + Compat v3.25.0
  [e66e0078] + CompilerSupportLibraries_jll v0.3.4+0
  [187b0558] + ConstructionBase v1.0.0
  [adafc99b] + CpuId v0.2.2
  [9a962f9c] + DataAPI v1.4.0
  [864edb3b] + DataStructures v0.18.8
  [e2d170a0] + DataValueInterfaces v1.0.0
  [2b5f629d] + DiffEqBase v6.53.4
  [459566f4] + DiffEqCallbacks v2.16.0
  [163ba53b] + DiffResults v1.0.3
  [b552c78f] + DiffRules v1.0.2
  [b4f34e82] + Distances v0.10.0
  [31c24e10] + Distributions v0.24.10
  [ffbed154] + DocStringExtensions v0.8.3
  [d4d017d3] + ExponentialUtilities v1.8.0
  [9aa1b823] + FastClosures v0.3.2
  [1a297f60] + FillArrays v0.10.2
  [6a86dc24] + FiniteDiff v2.7.2
  [f6369f11] + ForwardDiff v0.10.14
  [069b7b12] + FunctionWrappers v1.1.1
  [01680d73] + GenericSVD v0.3.0
  [19dc6840] + HCubature v1.5.0
  [d25df0c9] + Inflate v0.1.2
  [a98d9a8b] + Interpolations v0.13.1
  [42fd0dbc] + IterativeSolvers v0.9.0
  [82899510] + IteratorInterfaceExtensions v1.0.0
  [692b3bcd] + JLLWrappers v1.2.0
  [2ee39098] + LabelledArrays v1.4.0
  [093fc24a] + LightGraphs v1.3.4
  [d3d80556] + LineSearches v7.1.1
  [bdcacae8] + LoopVectorization v0.8.26
  [1914dd2f] + MacroTools v0.5.6
  [e1d29d7a] + Missings v0.4.4
  [46d2c3a1] + MuladdMacro v0.2.2
  [d41bc354] + NLSolversBase v7.7.1
  [2774e3e8] + NLsolve v4.5.1
  [77ba4419] + NaNMath v0.3.5
  [8913a72c] + NonlinearSolve v0.3.4
  [6fe1bfb0] + OffsetArrays v1.3.1
  [5dd19120] + OpenQuantumBase v0.6.2
  [e429f160] + OpenQuantumTools v0.6.1
  [efe28fd5] + OpenSpecFun_jll v0.5.3+4
  [bac558e1] + OrderedCollections v1.3.2
  [1dea7af3] + OrdinaryDiffEq v5.49.1
  [90014a1f] + PDMats v0.10.1
  [9b87118b] + PackageCompiler v1.2.5
  [d96e819e] + Parameters v0.12.1
  [1fd47b50] + QuadGK v2.4.1
  [c84ed2f1] + Ratios v0.4.0
  [3cdcf5f2] + RecipesBase v1.1.1
  [731186ca] + RecursiveArrayTools v2.10.0
  [f2c3362d] + RecursiveFactorization v0.1.6
  [189a3867] + Reexport v0.2.0
  [ae029012] + Requires v1.1.2
  [79098fc4] + Rmath v0.6.1
  [f50d1b31] + Rmath_jll v0.2.2+1
  [21efa798] + SIMDPirates v0.8.26
  [476501e8] + SLEEFPirates v0.5.5
  [efcf1570] + Setfield v0.7.0
  [699a6c99] + SimpleTraits v0.9.3
  [a2af1166] + SortingAlgorithms v0.3.1
  [47a9eef4] + SparseDiffTools v1.12.0
  [276daf66] + SpecialFunctions v1.2.1
  [90137ffa] + StaticArrays v0.12.5
  [2913bbd2] + StatsBase v0.33.2
  [4c63d2b9] + StatsFuns v0.9.6
  [3783bdb8] + TableTraits v1.0.0
  [bd369af6] + Tables v1.2.2
  [a2a6695c] + TreeViews v0.3.0
  [3a884ed6] + UnPack v1.0.2
  [3d5dd08c] + VectorizationBase v0.12.33
  [19fa3120] + VertexSafeGraphs v0.1.2
  [efce3f68] + WoodburyMatrices v0.5.3
  [700de1a5] + ZygoteRules v0.2.1
  [2a0f44e3] + Base64
  [ade2ca70] + Dates
  [8bb1440f] + DelimitedFiles
  [8ba89e20] + Distributed
  [9fa8497b] + Future
  [b77e0a4c] + InteractiveUtils
  [76f85450] + LibGit2
  [8f399da3] + Libdl
  [37e2e46d] + LinearAlgebra
  [56ddb016] + Logging
  [d6f4376e] + Markdown
  [a63ad114] + Mmap
  [44cfe95a] + Pkg
  [de0858da] + Printf
  [3fa0cd96] + REPL
  [9a3f8284] + Random
  [ea8e919c] + SHA
  [9e88b42a] + Serialization
  [1a1011a3] + SharedArrays
  [6462fe0b] + Sockets
  [2f01184e] + SparseArrays
  [10745b16] + Statistics
  [4607b0f0] + SuiteSparse
  [8dfed614] + Test
  [cf7118a7] + UUIDs
  [4ec0a83e] + Unicode
   Building SLEEFPirates → `~/.julia/packages/SLEEFPirates/jGsib/deps/build.log`


################################################################################
# Compiling: 2021-01-11T18:14:17.7
#

[ Info: PackageCompiler: creating system image object file, this might take a while...
Generated system image is 228.152 MiB, compilation took 483 seconds


################################################################################
# PkgEval set-up: 2021-01-11T18:22:28.1
#

Julia Version 1.5.3
Commit 599f52c4c6 (2020-12-18 13:33 UTC)
Platform Info:
  OS: Linux (x86_64-linux-gnu)
  CPU: AMD EPYC 7502 32-Core Processor
  WORD_SIZE: 64
  LIBM: libopenlibm
  LLVM: libLLVM-9.0.1 (ORCJIT, znver2)
Environment:
  JULIA_PKGEVAL = true
  JULIA_PKG_PRECOMPILE_AUTO = 0

Base.julia_cmd() = `/usr/local/julia/bin/julia -Cnative -J/cache/OpenQuantumTools-EwPumevw.so -g1`


################################################################################
# Installation: 2021-01-11T18:22:29.748
#

 Installing known registries into `~/.julia`
######################################################################## 100.0%
      Added registry `General` to `~/.julia/registries/General`
  Resolving package versions...
  Installed CompilerSupportLibraries_jll ─ v0.3.4+0
  Installed ZygoteRules ────────────────── v0.2.1
  Installed Reexport ───────────────────── v0.2.0
  Installed CpuId ──────────────────────── v0.2.2
  Installed WoodburyMatrices ───────────── v0.5.3
  Installed Inflate ────────────────────── v0.1.2
  Installed CommonSubexpressions ───────── v0.3.0
  Installed OpenQuantumTools ───────────── v0.6.1
  Installed Rmath_jll ──────────────────── v0.2.2+1
  Installed Rmath ──────────────────────── v0.6.1
  Installed TableTraits ────────────────── v1.0.0
  Installed MuladdMacro ────────────────── v0.2.2
  Installed NonlinearSolve ─────────────── v0.3.4
  Installed VertexSafeGraphs ───────────── v0.1.2
  Installed Combinatorics ──────────────── v1.0.2
  Installed FillArrays ─────────────────── v0.10.2
  Installed Tables ─────────────────────── v1.2.2
  Installed Requires ───────────────────── v1.1.2
  Installed DataStructures ─────────────── v0.18.8
  Installed StatsBase ──────────────────── v0.33.2
  Installed LoopVectorization ──────────── v0.8.26
  Installed FunctionWrappers ───────────── v1.1.1
  Installed QuadGK ─────────────────────── v2.4.1
  Installed SparseDiffTools ────────────── v1.12.0
  Installed DiffRules ──────────────────── v1.0.2
  Installed Parameters ─────────────────── v0.12.1
  Installed DiffResults ────────────────── v1.0.3
  Installed Setfield ───────────────────── v0.7.0
  Installed DiffEqCallbacks ────────────── v2.16.0
  Installed Ratios ─────────────────────── v0.4.0
  Installed TreeViews ──────────────────── v0.3.0
  Installed SIMDPirates ────────────────── v0.8.26
  Installed ConstructionBase ───────────── v1.0.0
  Installed SimpleTraits ───────────────── v0.9.3
  Installed RecursiveArrayTools ────────── v2.10.0
  Installed OrderedCollections ─────────── v1.3.2
  Installed StaticArrays ───────────────── v0.12.5
  Installed HCubature ──────────────────── v1.5.0
  Installed OpenQuantumBase ────────────── v0.6.2
  Installed DiffEqBase ─────────────────── v6.53.4
  Installed OrdinaryDiffEq ─────────────── v5.49.1
  Installed DataValueInterfaces ────────── v1.0.0
  Installed RecipesBase ────────────────── v1.1.1
  Installed Missings ───────────────────── v0.4.4
  Installed VectorizationBase ──────────── v0.12.33
  Installed MacroTools ─────────────────── v0.5.6
  Installed DataAPI ────────────────────── v1.4.0
  Installed NLsolve ────────────────────── v4.5.1
  Installed JLLWrappers ────────────────── v1.2.0
  Installed LightGraphs ────────────────── v1.3.4
  Installed AxisAlgorithms ─────────────── v1.0.0
  Installed FastClosures ───────────────── v0.3.2
  Installed NaNMath ────────────────────── v0.3.5
  Installed Distances ──────────────────── v0.10.0
  Installed FiniteDiff ─────────────────── v2.7.2
  Installed LineSearches ───────────────── v7.1.1
  Installed Distributions ──────────────── v0.24.10
  Installed Interpolations ─────────────── v0.13.1
  Installed ArnoldiMethod ──────────────── v0.0.4
  Installed ArrayInterface ─────────────── v2.14.13
  Installed PDMats ─────────────────────── v0.10.1
  Installed Adapt ──────────────────────── v3.0.0
  Installed StatsFuns ──────────────────── v0.9.6
  Installed LabelledArrays ─────────────── v1.4.0
  Installed ForwardDiff ────────────────── v0.10.14
  Installed OffsetArrays ───────────────── v1.3.1
  Installed IterativeSolvers ───────────── v0.9.0
  Installed IteratorInterfaceExtensions ── v1.0.0
  Installed SpecialFunctions ───────────── v1.2.1
  Installed UnPack ─────────────────────── v1.0.2
  Installed SortingAlgorithms ──────────── v0.3.1
  Installed Compat ─────────────────────── v3.25.0
  Installed DocStringExtensions ────────── v0.8.3
  Installed ChainRulesCore ─────────────── v0.9.24
  Installed NLSolversBase ──────────────── v7.7.1
  Installed SLEEFPirates ───────────────── v0.5.5
  Installed RecursiveFactorization ─────── v0.1.6
  Installed OpenSpecFun_jll ────────────── v0.5.3+4
  Installed Artifacts ──────────────────── v1.3.0
  Installed ExponentialUtilities ───────── v1.8.0
  Installed GenericSVD ─────────────────── v0.3.0
Updating `~/.julia/environments/v1.5/Project.toml`
  [e429f160] + OpenQuantumTools v0.6.1
Updating `~/.julia/environments/v1.5/Manifest.toml`
  [79e6a3ab] + Adapt v3.0.0
  [ec485272] + ArnoldiMethod v0.0.4
  [4fba245c] + ArrayInterface v2.14.13
  [56f22d72] + Artifacts v1.3.0
  [13072b0f] + AxisAlgorithms v1.0.0
  [d360d2e6] + ChainRulesCore v0.9.24
  [861a8166] + Combinatorics v1.0.2
  [bbf7d656] + CommonSubexpressions v0.3.0
  [34da2185] + Compat v3.25.0
  [e66e0078] + CompilerSupportLibraries_jll v0.3.4+0
  [187b0558] + ConstructionBase v1.0.0
  [adafc99b] + CpuId v0.2.2
  [9a962f9c] + DataAPI v1.4.0
  [864edb3b] + DataStructures v0.18.8
  [e2d170a0] + DataValueInterfaces v1.0.0
  [2b5f629d] + DiffEqBase v6.53.4
  [459566f4] + DiffEqCallbacks v2.16.0
  [163ba53b] + DiffResults v1.0.3
  [b552c78f] + DiffRules v1.0.2
  [b4f34e82] + Distances v0.10.0
  [31c24e10] + Distributions v0.24.10
  [ffbed154] + DocStringExtensions v0.8.3
  [d4d017d3] + ExponentialUtilities v1.8.0
  [9aa1b823] + FastClosures v0.3.2
  [1a297f60] + FillArrays v0.10.2
  [6a86dc24] + FiniteDiff v2.7.2
  [f6369f11] + ForwardDiff v0.10.14
  [069b7b12] + FunctionWrappers v1.1.1
  [01680d73] + GenericSVD v0.3.0
  [19dc6840] + HCubature v1.5.0
  [d25df0c9] + Inflate v0.1.2
  [a98d9a8b] + Interpolations v0.13.1
  [42fd0dbc] + IterativeSolvers v0.9.0
  [82899510] + IteratorInterfaceExtensions v1.0.0
  [692b3bcd] + JLLWrappers v1.2.0
  [2ee39098] + LabelledArrays v1.4.0
  [093fc24a] + LightGraphs v1.3.4
  [d3d80556] + LineSearches v7.1.1
  [bdcacae8] + LoopVectorization v0.8.26
  [1914dd2f] + MacroTools v0.5.6
  [e1d29d7a] + Missings v0.4.4
  [46d2c3a1] + MuladdMacro v0.2.2
  [d41bc354] + NLSolversBase v7.7.1
  [2774e3e8] + NLsolve v4.5.1
  [77ba4419] + NaNMath v0.3.5
  [8913a72c] + NonlinearSolve v0.3.4
  [6fe1bfb0] + OffsetArrays v1.3.1
  [5dd19120] + OpenQuantumBase v0.6.2
  [e429f160] + OpenQuantumTools v0.6.1
  [efe28fd5] + OpenSpecFun_jll v0.5.3+4
  [bac558e1] + OrderedCollections v1.3.2
  [1dea7af3] + OrdinaryDiffEq v5.49.1
  [90014a1f] + PDMats v0.10.1
  [d96e819e] + Parameters v0.12.1
  [1fd47b50] + QuadGK v2.4.1
  [c84ed2f1] + Ratios v0.4.0
  [3cdcf5f2] + RecipesBase v1.1.1
  [731186ca] + RecursiveArrayTools v2.10.0
  [f2c3362d] + RecursiveFactorization v0.1.6
  [189a3867] + Reexport v0.2.0
  [ae029012] + Requires v1.1.2
  [79098fc4] + Rmath v0.6.1
  [f50d1b31] + Rmath_jll v0.2.2+1
  [21efa798] + SIMDPirates v0.8.26
  [476501e8] + SLEEFPirates v0.5.5
  [efcf1570] + Setfield v0.7.0
  [699a6c99] + SimpleTraits v0.9.3
  [a2af1166] + SortingAlgorithms v0.3.1
  [47a9eef4] + SparseDiffTools v1.12.0
  [276daf66] + SpecialFunctions v1.2.1
  [90137ffa] + StaticArrays v0.12.5
  [2913bbd2] + StatsBase v0.33.2
  [4c63d2b9] + StatsFuns v0.9.6
  [3783bdb8] + TableTraits v1.0.0
  [bd369af6] + Tables v1.2.2
  [a2a6695c] + TreeViews v0.3.0
  [3a884ed6] + UnPack v1.0.2
  [3d5dd08c] + VectorizationBase v0.12.33
  [19fa3120] + VertexSafeGraphs v0.1.2
  [efce3f68] + WoodburyMatrices v0.5.3
  [700de1a5] + ZygoteRules v0.2.1
  [2a0f44e3] + Base64
  [ade2ca70] + Dates
  [8bb1440f] + DelimitedFiles
  [8ba89e20] + Distributed
  [9fa8497b] + Future
  [b77e0a4c] + InteractiveUtils
  [76f85450] + LibGit2
  [8f399da3] + Libdl
  [37e2e46d] + LinearAlgebra
  [56ddb016] + Logging
  [d6f4376e] + Markdown
  [a63ad114] + Mmap
  [44cfe95a] + Pkg
  [de0858da] + Printf
  [3fa0cd96] + REPL
  [9a3f8284] + Random
  [ea8e919c] + SHA
  [9e88b42a] + Serialization
  [1a1011a3] + SharedArrays
  [6462fe0b] + Sockets
  [2f01184e] + SparseArrays
  [10745b16] + Statistics
  [4607b0f0] + SuiteSparse
  [8dfed614] + Test
  [cf7118a7] + UUIDs
  [4ec0a83e] + Unicode
   Building SLEEFPirates → `~/.julia/packages/SLEEFPirates/jGsib/deps/build.log`


################################################################################
# Testing: 2021-01-11T18:22:40.53
#

    Testing OpenQuantumTools
Status `/tmp/jl_OBIc4b/Project.toml`
  [2b5f629d] DiffEqBase v6.53.4
  [459566f4] DiffEqCallbacks v2.16.0
  [ffbed154] DocStringExtensions v0.8.3
  [5dd19120] OpenQuantumBase v0.6.2
  [e429f160] OpenQuantumTools v0.6.1
  [1dea7af3] OrdinaryDiffEq v5.49.1
  [1fd47b50] QuadGK v2.4.1
  [3cdcf5f2] RecipesBase v1.1.1
  [189a3867] Reexport v0.2.0
  [1bc83da4] SafeTestsets v0.0.1
  [37e2e46d] LinearAlgebra
  [9a3f8284] Random
  [2f01184e] SparseArrays
  [8dfed614] Test
Status `/tmp/jl_OBIc4b/Manifest.toml`
  [79e6a3ab] Adapt v3.0.0
  [ec485272] ArnoldiMethod v0.0.4
  [4fba245c] ArrayInterface v2.14.13
  [56f22d72] Artifacts v1.3.0
  [13072b0f] AxisAlgorithms v1.0.0
  [d360d2e6] ChainRulesCore v0.9.24
  [861a8166] Combinatorics v1.0.2
  [bbf7d656] CommonSubexpressions v0.3.0
  [34da2185] Compat v3.25.0
  [e66e0078] CompilerSupportLibraries_jll v0.3.4+0
  [187b0558] ConstructionBase v1.0.0
  [adafc99b] CpuId v0.2.2
  [9a962f9c] DataAPI v1.4.0
  [864edb3b] DataStructures v0.18.8
  [e2d170a0] DataValueInterfaces v1.0.0
  [2b5f629d] DiffEqBase v6.53.4
  [459566f4] DiffEqCallbacks v2.16.0
  [163ba53b] DiffResults v1.0.3
  [b552c78f] DiffRules v1.0.2
  [b4f34e82] Distances v0.10.0
  [31c24e10] Distributions v0.24.10
  [ffbed154] DocStringExtensions v0.8.3
  [d4d017d3] ExponentialUtilities v1.8.0
  [9aa1b823] FastClosures v0.3.2
  [1a297f60] FillArrays v0.10.2
  [6a86dc24] FiniteDiff v2.7.2
  [f6369f11] ForwardDiff v0.10.14
  [069b7b12] FunctionWrappers v1.1.1
  [01680d73] GenericSVD v0.3.0
  [19dc6840] HCubature v1.5.0
  [d25df0c9] Inflate v0.1.2
  [a98d9a8b] Interpolations v0.13.1
  [42fd0dbc] IterativeSolvers v0.9.0
  [82899510] IteratorInterfaceExtensions v1.0.0
  [692b3bcd] JLLWrappers v1.2.0
  [2ee39098] LabelledArrays v1.4.0
  [093fc24a] LightGraphs v1.3.4
  [d3d80556] LineSearches v7.1.1
  [bdcacae8] LoopVectorization v0.8.26
  [1914dd2f] MacroTools v0.5.6
  [e1d29d7a] Missings v0.4.4
  [46d2c3a1] MuladdMacro v0.2.2
  [d41bc354] NLSolversBase v7.7.1
  [2774e3e8] NLsolve v4.5.1
  [77ba4419] NaNMath v0.3.5
  [8913a72c] NonlinearSolve v0.3.4
  [6fe1bfb0] OffsetArrays v1.3.1
  [5dd19120] OpenQuantumBase v0.6.2
  [e429f160] OpenQuantumTools v0.6.1
  [efe28fd5] OpenSpecFun_jll v0.5.3+4
  [bac558e1] OrderedCollections v1.3.2
  [1dea7af3] OrdinaryDiffEq v5.49.1
  [90014a1f] PDMats v0.10.1
  [d96e819e] Parameters v0.12.1
  [1fd47b50] QuadGK v2.4.1
  [c84ed2f1] Ratios v0.4.0
  [3cdcf5f2] RecipesBase v1.1.1
  [731186ca] RecursiveArrayTools v2.10.0
  [f2c3362d] RecursiveFactorization v0.1.6
  [189a3867] Reexport v0.2.0
  [ae029012] Requires v1.1.2
  [79098fc4] Rmath v0.6.1
  [f50d1b31] Rmath_jll v0.2.2+1
  [21efa798] SIMDPirates v0.8.26
  [476501e8] SLEEFPirates v0.5.5
  [1bc83da4] SafeTestsets v0.0.1
  [efcf1570] Setfield v0.7.0
  [699a6c99] SimpleTraits v0.9.3
  [a2af1166] SortingAlgorithms v0.3.1
  [47a9eef4] SparseDiffTools v1.12.0
  [276daf66] SpecialFunctions v1.2.1
  [90137ffa] StaticArrays v0.12.5
  [2913bbd2] StatsBase v0.33.2
  [4c63d2b9] StatsFuns v0.9.6
  [3783bdb8] TableTraits v1.0.0
  [bd369af6] Tables v1.2.2
  [a2a6695c] TreeViews v0.3.0
  [3a884ed6] UnPack v1.0.2
  [3d5dd08c] VectorizationBase v0.12.33
  [19fa3120] VertexSafeGraphs v0.1.2
  [efce3f68] WoodburyMatrices v0.5.3
  [700de1a5] ZygoteRules v0.2.1
  [2a0f44e3] Base64
  [ade2ca70] Dates
  [8bb1440f] DelimitedFiles
  [8ba89e20] Distributed
  [9fa8497b] Future
  [b77e0a4c] InteractiveUtils
  [76f85450] LibGit2
  [8f399da3] Libdl
  [37e2e46d] LinearAlgebra
  [56ddb016] Logging
  [d6f4376e] Markdown
  [a63ad114] Mmap
  [44cfe95a] Pkg
  [de0858da] Printf
  [3fa0cd96] REPL
  [9a3f8284] Random
  [ea8e919c] SHA
  [9e88b42a] Serialization
  [1a1011a3] SharedArrays
  [6462fe0b] Sockets
  [2f01184e] SparseArrays
  [10745b16] Statistics
  [4607b0f0] SuiteSparse
  [8dfed614] Test
  [cf7118a7] UUIDs
  [4ec0a83e] Unicode
Test Summary:  | Pass  Total
Solver utilies |    4      4
  1.379236 seconds (3.52 M allocations: 178.688 MiB, 2.22% gc time)
Test Summary:      | Pass  Total
Closed system test |   16     16
 86.056636 seconds (186.01 M allocations: 9.359 GiB, 7.06% gc time)
┌ Warning: The density matrix becomes negative at time 3.4527816734933183.
└ @ OpenQuantumTools /home/pkgeval/.julia/packages/OpenQuantumTools/T42gn/src/QControl/callback_lib.jl:17
Test Summary: | Pass  Total
Redfield test |    6      6
 42.411385 seconds (91.30 M allocations: 4.168 GiB, 4.07% gc time)
Test Summary: | Pass  Total
AME test      |    2      2
 13.193977 seconds (25.76 M allocations: 1.222 GiB, 6.12% gc time)
Test Summary:               | Pass  Total
Stochastic Schrodinger test |    2      2
  6.582631 seconds (10.15 M allocations: 509.674 MiB, 3.47% gc time)
149.661171 seconds (316.77 M allocations: 15.424 GiB, 5.93% gc time)
    Testing OpenQuantumTools tests passed 

PkgEval succeeded


################################################################################
# PkgEval teardown: 2021-01-11T18:25:13.636
CPU usage: 165.88s (161.28s user, 4.81s kernel)

Network usage:
- eth0: 18.579 MiB received, 451.672 KiB sent

Raw statistics: {"blkio_stats":{"io_queue_recursive":[],"io_serviced_recursive":[{"major":259,"value":0,"op":"Read","minor":0},{"major":259,"value":23,"op":"Write","minor":0},{"major":259,"value":14,"op":"Sync","minor":0},{"major":259,"value":9,"op":"Async","minor":0},{"major":259,"value":0,"op":"Discard","minor":0},{"major":259,"value":23,"op":"Total","minor":0},{"major":253,"value":0,"op":"Read","minor":2},{"major":253,"value":23,"op":"Write","minor":2},{"major":253,"value":14,"op":"Sync","minor":2},{"major":253,"value":9,"op":"Async","minor":2},{"major":253,"value":0,"op":"Discard","minor":2},{"major":253,"value":23,"op":"Total","minor":2}],"io_time_recursive":[],"sectors_recursive":[],"io_service_bytes_recursive":[{"major":259,"value":0,"op":"Read","minor":0},{"major":259,"value":126976,"op":"Write","minor":0},{"major":259,"value":57344,"op":"Sync","minor":0},{"major":259,"value":69632,"op":"Async","minor":0},{"major":259,"value":0,"op":"Discard","minor":0},{"major":259,"value":126976,"op":"Total","minor":0},{"major":253,"value":0,"op":"Read","minor":2},{"major":253,"value":126976,"op":"Write","minor":2},{"major":253,"value":57344,"op":"Sync","minor":2},{"major":253,"value":69632,"op":"Async","minor":2},{"major":253,"value":0,"op":"Discard","minor":2},{"major":253,"value":126976,"op":"Total","minor":2}],"io_wait_time_recursive":[],"io_merged_recursive":[],"io_service_time_recursive":[]},"memory_stats":{"usage":486002688,"max_usage":1135456256,"stats":{"hierarchical_memory_limit":9223372036854771712,"pgmajfault":0,"total_rss":327331840,"inactive_file":135168,"inactive_anon":121651200,"total_pgfault":1705968,"total_cache":124768256,"total_rss_huge":0,"total_active_anon":330485760,"total_pgmajfault":0,"pgpgin":710556,"rss_huge":0,"mapped_file":0,"total_inactive_file":135168,"dirty":135168,"total_unevictable":0,"total_dirty":135168,"writeback":0,"pgpgout":600172,"hierarchical_memsw_limit":0,"cache":124768256,"active_file":135168,"pgfault":1705968,"total_mapped_file":0,"total_pgpgout":600172,"total_writeback":0,"rss":327331840,"unevictable":0,"total_inactive_anon":121651200,"total_pgpgin":710556,"active_anon":330485760,"total_active_file":135168},"limit":540965302272},"name":"/OpenQuantumTools-tIB3T3tV","networks":{"eth0":{"rx_bytes":19481398,"rx_packets":3504,"tx_packets":3867,"tx_bytes":462512,"tx_dropped":0,"rx_dropped":6,"tx_errors":0,"rx_errors":0}},"id":"3966f12866b69593c22069c67535fc5f678fb96d23dfef5b49781e212776509d","preread":"0001-01-01T00:00:00Z","storage_stats":{},"precpu_stats":{"throttling_data":{"throttled_periods":0,"throttled_time":0,"periods":0},"cpu_usage":{"usage_in_usermode":0,"usage_in_kernelmode":0,"total_usage":0}},"pids_stats":{"current":44},"num_procs":0,"cpu_stats":{"throttling_data":{"throttled_periods":0,"throttled_time":0,"periods":0},"system_cpu_usage":4552515864522419,"online_cpus":128,"cpu_usage":{"usage_in_usermode":161280000000,"usage_in_kernelmode":4810000000,"total_usage":165881187446,"percpu_usage":[0,0,0,0,0,0,0,0,0,0,0,0,0,0,0,0,0,0,0,0,0,0,0,0,0,0,0,0,0,0,0,0,0,0,0,0,0,165871976722,0,0,0,0,0,0,0,0,0,0,0,0,0,0,0,0,0,0,0,0,0,0,0,0,0,0,0,0,0,0,0,0,0,0,0,0,0,0,0,0,0,0,0,0,0,0,0,0,0,0,0,0,0,0,0,0,0,0,0,0,0,0,0,0,9210724,0,0,0,0,0,0,0,0,0,0,0,0,0,0,0,0,0,0,0,0,0,0,0,0,0]}},"read":"2021-01-11T18:25:14.612178988Z"}