################################################################################
# PkgEval set-up: 2021-01-11T17:13:20.594
#

Julia Version 1.5.3
Commit 599f52c4c6 (2020-12-18 13:33 UTC)
Platform Info:
  OS: Linux (x86_64-linux-gnu)
  CPU: AMD EPYC 7502 32-Core Processor
  WORD_SIZE: 64
  LIBM: libopenlibm
  LLVM: libLLVM-9.0.1 (ORCJIT, znver2)
Environment:
  JULIA_PKG_PRECOMPILE_AUTO = 0
  JULIA_PKGEVAL = true

Base.julia_cmd() = `/opt/julia/bin/julia -Cnative -J/opt/julia/lib/julia/sys.so -g1`


################################################################################
# Installation: 2021-01-11T17:13:22.411
#

 Installing known registries into `~/.julia`
######################################################################## 100.0%
      Added registry `General` to `~/.julia/registries/General`
  Resolving package versions...
  Installed CompilerSupportLibraries_jll ─ v0.3.4+0
  Installed MbedTLS_jll ────────────────── v2.16.8+1
  Installed Zlib_jll ───────────────────── v1.2.11+18
  Installed OptimizationProblems ───────── v0.3.0
  Installed JSONSchema ─────────────────── v0.3.3
  Installed MuladdMacro ────────────────── v0.2.2
  Installed CommonSubexpressions ───────── v0.3.0
  Installed JuMP ───────────────────────── v0.21.5
  Installed TranscodingStreams ─────────── v0.9.5
  Installed Calculus ───────────────────── v0.5.1
  Installed MbedTLS ────────────────────── v1.0.3
  Installed Bzip2_jll ──────────────────── v1.0.6+5
  Installed DiffRules ──────────────────── v1.0.2
  Installed DataStructures ─────────────── v0.18.8
  Installed HTTP ───────────────────────── v0.9.2
  Installed BenchmarkTools ─────────────── v0.5.0
  Installed CodecZlib ──────────────────── v0.7.0
  Installed OrderedCollections ─────────── v1.3.2
  Installed MacroTools ─────────────────── v0.5.6
  Installed StaticArrays ───────────────── v1.0.1
  Installed JSON ───────────────────────── v0.21.1
  Installed JLLWrappers ────────────────── v1.2.0
  Installed MathOptInterface ───────────── v0.9.19
  Installed NaNMath ────────────────────── v0.3.5
  Installed ForwardDiff ────────────────── v0.10.14
  Installed ZipFile ────────────────────── v0.9.3
  Installed MutableArithmetics ─────────── v0.2.13
  Installed CodecBzip2 ─────────────────── v0.7.2
  Installed URIs ───────────────────────── v1.1.0
  Installed Artifacts ──────────────────── v1.3.0
  Installed OpenSpecFun_jll ────────────── v0.5.3+4
  Installed Compat ─────────────────────── v3.25.0
  Installed Parsers ────────────────────── v1.0.15
  Installed SpecialFunctions ───────────── v1.2.1
  Installed ChainRulesCore ─────────────── v0.9.24
  Installed DiffResults ────────────────── v1.0.3
  Installed IniFile ────────────────────── v0.5.0
Updating `~/.julia/environments/v1.5/Project.toml`
  [5049e819] + OptimizationProblems v0.3.0
Updating `~/.julia/environments/v1.5/Manifest.toml`
  [56f22d72] + Artifacts v1.3.0
  [6e4b80f9] + BenchmarkTools v0.5.0
  [6e34b625] + Bzip2_jll v1.0.6+5
  [49dc2e85] + Calculus v0.5.1
  [d360d2e6] + ChainRulesCore v0.9.24
  [523fee87] + CodecBzip2 v0.7.2
  [944b1d66] + CodecZlib v0.7.0
  [bbf7d656] + CommonSubexpressions v0.3.0
  [34da2185] + Compat v3.25.0
  [e66e0078] + CompilerSupportLibraries_jll v0.3.4+0
  [864edb3b] + DataStructures v0.18.8
  [163ba53b] + DiffResults v1.0.3
  [b552c78f] + DiffRules v1.0.2
  [f6369f11] + ForwardDiff v0.10.14
  [cd3eb016] + HTTP v0.9.2
  [83e8ac13] + IniFile v0.5.0
  [692b3bcd] + JLLWrappers v1.2.0
  [682c06a0] + JSON v0.21.1
  [7d188eb4] + JSONSchema v0.3.3
  [4076af6c] + JuMP v0.21.5
  [1914dd2f] + MacroTools v0.5.6
  [b8f27783] + MathOptInterface v0.9.19
  [739be429] + MbedTLS v1.0.3
  [c8ffd9c3] + MbedTLS_jll v2.16.8+1
  [46d2c3a1] + MuladdMacro v0.2.2
  [d8a4904e] + MutableArithmetics v0.2.13
  [77ba4419] + NaNMath v0.3.5
  [efe28fd5] + OpenSpecFun_jll v0.5.3+4
  [5049e819] + OptimizationProblems v0.3.0
  [bac558e1] + OrderedCollections v1.3.2
  [69de0a69] + Parsers v1.0.15
  [276daf66] + SpecialFunctions v1.2.1
  [90137ffa] + StaticArrays v1.0.1
  [3bb67fe8] + TranscodingStreams v0.9.5
  [5c2747f8] + URIs v1.1.0
  [a5390f91] + ZipFile v0.9.3
  [83775a58] + Zlib_jll v1.2.11+18
  [2a0f44e3] + Base64
  [ade2ca70] + Dates
  [8bb1440f] + DelimitedFiles
  [8ba89e20] + Distributed
  [b77e0a4c] + InteractiveUtils
  [76f85450] + LibGit2
  [8f399da3] + Libdl
  [37e2e46d] + LinearAlgebra
  [56ddb016] + Logging
  [d6f4376e] + Markdown
  [a63ad114] + Mmap
  [44cfe95a] + Pkg
  [de0858da] + Printf
  [3fa0cd96] + REPL
  [9a3f8284] + Random
  [ea8e919c] + SHA
  [9e88b42a] + Serialization
  [1a1011a3] + SharedArrays
  [6462fe0b] + Sockets
  [2f01184e] + SparseArrays
  [10745b16] + Statistics
  [8dfed614] + Test
  [cf7118a7] + UUIDs
  [4ec0a83e] + Unicode


################################################################################
# Testing: 2021-01-11T17:13:29.685
#

    Testing OptimizationProblems
Status `/tmp/jl_8tcroQ/Project.toml`
  [4076af6c] JuMP v0.21.5
  [5049e819] OptimizationProblems v0.3.0
  [8dfed614] Test
Status `/tmp/jl_8tcroQ/Manifest.toml`
  [56f22d72] Artifacts v1.3.0
  [6e4b80f9] BenchmarkTools v0.5.0
  [6e34b625] Bzip2_jll v1.0.6+5
  [49dc2e85] Calculus v0.5.1
  [d360d2e6] ChainRulesCore v0.9.24
  [523fee87] CodecBzip2 v0.7.2
  [944b1d66] CodecZlib v0.7.0
  [bbf7d656] CommonSubexpressions v0.3.0
  [34da2185] Compat v3.25.0
  [e66e0078] CompilerSupportLibraries_jll v0.3.4+0
  [864edb3b] DataStructures v0.18.8
  [163ba53b] DiffResults v1.0.3
  [b552c78f] DiffRules v1.0.2
  [f6369f11] ForwardDiff v0.10.14
  [cd3eb016] HTTP v0.9.2
  [83e8ac13] IniFile v0.5.0
  [692b3bcd] JLLWrappers v1.2.0
  [682c06a0] JSON v0.21.1
  [7d188eb4] JSONSchema v0.3.3
  [4076af6c] JuMP v0.21.5
  [1914dd2f] MacroTools v0.5.6
  [b8f27783] MathOptInterface v0.9.19
  [739be429] MbedTLS v1.0.3
  [c8ffd9c3] MbedTLS_jll v2.16.8+1
  [46d2c3a1] MuladdMacro v0.2.2
  [d8a4904e] MutableArithmetics v0.2.13
  [77ba4419] NaNMath v0.3.5
  [efe28fd5] OpenSpecFun_jll v0.5.3+4
  [5049e819] OptimizationProblems v0.3.0
  [bac558e1] OrderedCollections v1.3.2
  [69de0a69] Parsers v1.0.15
  [276daf66] SpecialFunctions v1.2.1
  [90137ffa] StaticArrays v1.0.1
  [3bb67fe8] TranscodingStreams v0.9.5
  [5c2747f8] URIs v1.1.0
  [a5390f91] ZipFile v0.9.3
  [83775a58] Zlib_jll v1.2.11+18
  [2a0f44e3] Base64
  [ade2ca70] Dates
  [8bb1440f] DelimitedFiles
  [8ba89e20] Distributed
  [b77e0a4c] InteractiveUtils
  [76f85450] LibGit2
  [8f399da3] Libdl
  [37e2e46d] LinearAlgebra
  [56ddb016] Logging
  [d6f4376e] Markdown
  [a63ad114] Mmap
  [44cfe95a] Pkg
  [de0858da] Printf
  [3fa0cd96] REPL
  [9a3f8284] Random
  [ea8e919c] SHA
  [9e88b42a] Serialization
  [1a1011a3] SharedArrays
  [6462fe0b] Sockets
  [2f01184e] SparseArrays
  [10745b16] Statistics
  [8dfed614] Test
  [cf7118a7] UUIDs
  [4ec0a83e] Unicode
AMPGO02
AMPGO03
AMPGO04
AMPGO05
AMPGO06
AMPGO07
AMPGO08
AMPGO09
AMPGO10
AMPGO11
AMPGO12
AMPGO13
AMPGO14
AMPGO15
AMPGO18
AMPGO20
AMPGO21
AMPGO22
Dus2_1
Dus2_3
Dus2_9
Duscube
NZF1
Shpak1
Shpak2
Shpak3
Shpak4
Shpak5
Shpak6
arglina
arglinb
arglinc
arwhead
bdqrtic
beale
brownbs
brownden
broydn7d
brybnd
bt1
chainwoo
chnrosnb_mod
cliff
clplatea
clplateb
clplatec
cosine
cragglvy
curly
curly10
curly20
curly30
dixmaane
dixmaanf
dixmaang
dixmaanh
dixmaani
dixmaanj
dixmaank
dixmaanl
dixmaanm
dixmaann
dixmaano
dixmaanp
dixon3dq
dqdrtic
dqrtic
edensch
eg2
engval1
errinros_mod
extrosnb
fletcbv2
fletcbv3_mod
fletchcr
fminsrf2
freuroth
genhumps
genrose
genrose_nash
hs1
hs10
hs100
hs101
hs102
hs103
hs104
hs105
hs106
hs107
hs108
hs109
hs11
hs110
hs111
hs112
hs113
hs114
hs116
hs117
hs118
hs119
hs12
hs13
hs14
hs15
hs16
hs17
hs18
hs19
hs2
hs20
hs21
hs22
hs23
hs24
hs25
hs26
hs27
hs28
hs29
hs3
hs30
hs31
hs32
hs33
hs34
hs35
hs36
hs37
hs38
hs39
hs4
hs40
hs41
hs42
hs43
hs44
hs45
hs46
hs47
hs48
hs49
hs5
hs50
hs51
hs52
hs53
hs54
hs55
hs56
hs57
hs59
hs6
hs60
hs61
hs62
hs63
hs64
hs65
hs66
hs7
hs70
hs71
hs72
hs73
hs74
hs75
hs76
hs77
hs78
hs79
hs8
hs80
hs81
hs83
hs84
hs86
hs9
hs93
hs95
hs96
hs97
hs98
indef_mod
liarwhd
meyer3
morebv
nasty
ncb20
ncb20b
noncvxu2
noncvxun
nondia
nondquar
palmer1c
palmer1d
palmer2c
palmer3c
palmer4c
palmer5c
palmer5d
palmer6c
palmer7c
palmer8c
penalty2
penalty3
powellsg
power
quartc
rosenbrock
sbrybnd
schmvett
scosine
sinquad
sparsine
sparsqur
srosenbr
tointgss
tquartic
tridia
vardim
woods
zangwil3
    Testing OptimizationProblems tests passed 

PkgEval succeeded


################################################################################
# PkgEval teardown: 2021-01-11T17:16:26.192
CPU usage: 185.46s (176.62s user, 9.12s kernel)

Network usage:
- eth0: 6.024 MiB received, 206.574 KiB sent

Raw statistics: {"blkio_stats":{"io_queue_recursive":[],"io_serviced_recursive":[{"major":259,"value":0,"op":"Read","minor":0},{"major":259,"value":24,"op":"Write","minor":0},{"major":259,"value":19,"op":"Sync","minor":0},{"major":259,"value":5,"op":"Async","minor":0},{"major":259,"value":0,"op":"Discard","minor":0},{"major":259,"value":24,"op":"Total","minor":0},{"major":253,"value":0,"op":"Read","minor":2},{"major":253,"value":24,"op":"Write","minor":2},{"major":253,"value":19,"op":"Sync","minor":2},{"major":253,"value":5,"op":"Async","minor":2},{"major":253,"value":0,"op":"Discard","minor":2},{"major":253,"value":24,"op":"Total","minor":2}],"io_time_recursive":[],"sectors_recursive":[],"io_service_bytes_recursive":[{"major":259,"value":0,"op":"Read","minor":0},{"major":259,"value":143360,"op":"Write","minor":0},{"major":259,"value":106496,"op":"Sync","minor":0},{"major":259,"value":36864,"op":"Async","minor":0},{"major":259,"value":0,"op":"Discard","minor":0},{"major":259,"value":143360,"op":"Total","minor":0},{"major":253,"value":0,"op":"Read","minor":2},{"major":253,"value":143360,"op":"Write","minor":2},{"major":253,"value":106496,"op":"Sync","minor":2},{"major":253,"value":36864,"op":"Async","minor":2},{"major":253,"value":0,"op":"Discard","minor":2},{"major":253,"value":143360,"op":"Total","minor":2}],"io_wait_time_recursive":[],"io_merged_recursive":[],"io_service_time_recursive":[]},"memory_stats":{"usage":338653184,"max_usage":1619365888,"stats":{"hierarchical_memory_limit":9223372036854771712,"pgmajfault":0,"total_rss":187568128,"inactive_file":135168,"inactive_anon":89346048,"total_pgfault":3830607,"total_cache":119001088,"total_rss_huge":0,"total_active_anon":217214976,"total_pgmajfault":0,"pgpgin":2276505,"rss_huge":0,"mapped_file":0,"total_inactive_file":135168,"dirty":270336,"total_unevictable":0,"total_dirty":270336,"writeback":0,"pgpgout":2201655,"hierarchical_memsw_limit":0,"cache":119001088,"active_file":135168,"pgfault":3830607,"total_mapped_file":0,"total_pgpgout":2201655,"total_writeback":0,"rss":187568128,"unevictable":0,"total_inactive_anon":89346048,"total_pgpgin":2276505,"active_anon":217214976,"total_active_file":135168},"limit":540965302272},"name":"/OptimizationProblems-dVgk1eEY","networks":{"eth0":{"rx_bytes":6316444,"rx_packets":1544,"tx_packets":1743,"tx_bytes":211532,"tx_dropped":0,"rx_dropped":7,"tx_errors":0,"rx_errors":0}},"id":"b9bf07dff9d58d20f8c6437063428f60669125e189374246be043561ffd5ee70","preread":"0001-01-01T00:00:00Z","storage_stats":{},"precpu_stats":{"throttling_data":{"throttled_periods":0,"throttled_time":0,"periods":0},"cpu_usage":{"usage_in_usermode":0,"usage_in_kernelmode":0,"total_usage":0}},"pids_stats":{"current":40},"num_procs":0,"cpu_stats":{"throttling_data":{"throttled_periods":0,"throttled_time":0,"periods":0},"system_cpu_usage":4025200114522419,"online_cpus":128,"cpu_usage":{"usage_in_usermode":176620000000,"usage_in_kernelmode":9120000000,"total_usage":185460223827,"percpu_usage":[0,0,0,0,0,0,0,0,0,0,0,0,0,0,0,0,0,0,0,0,0,0,0,0,0,0,0,0,0,0,0,0,0,0,0,0,0,0,0,0,0,0,0,0,1016021,0,0,185458370346,0,0,0,0,0,0,0,0,0,0,0,0,0,0,0,0,0,0,0,0,0,0,0,0,0,0,0,0,0,0,0,0,0,0,0,0,0,0,0,0,0,0,0,0,0,0,0,0,0,0,0,0,0,0,0,0,0,0,0,0,715190,122270,0,0,0,0,0,0,0,0,0,0,0,0,0,0,0,0,0,0]}},"read":"2021-01-11T17:16:26.825720488Z"}