################################################################################
# PkgEval set-up: 2020-12-03T15:52:24.245
#

Julia Version 1.5.3
Commit 788b2c77c1 (2020-11-09 13:37 UTC)
Platform Info:
  OS: Linux (x86_64-pc-linux-gnu)
  CPU: AMD EPYC 7502 32-Core Processor
  WORD_SIZE: 64
  LIBM: libopenlibm
  LLVM: libLLVM-9.0.1 (ORCJIT, znver2)
Environment:
  JULIA_PKGEVAL = true
  JULIA_PKG_PRECOMPILE_AUTO = 0
  JULIA_DEPOT_PATH = /home/pkgeval/.another_julia:/usr/local/share/julia



################################################################################
# Installation: 2020-12-03T15:52:26.644
#

  Resolving package versions...
  Installed P4est_jll ──────────────────── v2.2.0+2
  Installed Zlib_jll ───────────────────── v1.2.11+18
  Installed MPICH_jll ──────────────────── v3.3.2+10
  Installed CompilerSupportLibraries_jll ─ v0.3.4+0
  Installed Reexport ───────────────────── v0.2.0
  Installed P4est ──────────────────────── v0.1.4
  Installed Requires ───────────────────── v1.1.1
  Installed Artifacts ──────────────────── v1.3.0
  Installed OpenMPI_jll ────────────────── v4.0.2+2
  Installed OpenBLAS32_jll ─────────────── v0.3.9+4
  Installed MicrosoftMPI_jll ───────────── v10.1.2+3
  Installed CBinding ───────────────────── v0.9.3
  Installed DocStringExtensions ────────── v0.8.3
  Installed MPI ────────────────────────── v0.15.1
  Installed JLLWrappers ────────────────── v1.1.3
Updating `~/.another_julia/environments/v1.5/Project.toml`
  [7d669430] + P4est v0.1.4
Updating `~/.another_julia/environments/v1.5/Manifest.toml`
  [56f22d72] + Artifacts v1.3.0
  [d43a6710] + CBinding v0.9.3
  [e66e0078] + CompilerSupportLibraries_jll v0.3.4+0
  [ffbed154] + DocStringExtensions v0.8.3
  [692b3bcd] + JLLWrappers v1.1.3
  [da04e1cc] + MPI v0.15.1
  [7cb0a576] + MPICH_jll v3.3.2+10
  [9237b28f] + MicrosoftMPI_jll v10.1.2+3
  [656ef2d0] + OpenBLAS32_jll v0.3.9+4
  [fe0851c0] + OpenMPI_jll v4.0.2+2
  [7d669430] + P4est v0.1.4
  [6b5a15aa] + P4est_jll v2.2.0+2
  [189a3867] + Reexport v0.2.0
  [ae029012] + Requires v1.1.1
  [83775a58] + Zlib_jll v1.2.11+18
  [2a0f44e3] + Base64
  [ade2ca70] + Dates
  [8ba89e20] + Distributed
  [b77e0a4c] + InteractiveUtils
  [76f85450] + LibGit2
  [8f399da3] + Libdl
  [56ddb016] + Logging
  [d6f4376e] + Markdown
  [44cfe95a] + Pkg
  [de0858da] + Printf
  [3fa0cd96] + REPL
  [9a3f8284] + Random
  [ea8e919c] + SHA
  [9e88b42a] + Serialization
  [6462fe0b] + Sockets
  [8dfed614] + Test
  [cf7118a7] + UUIDs
  [4ec0a83e] + Unicode
   Building MPI ──→ `~/.another_julia/packages/MPI/z1lDn/deps/build.log`
   Building P4est → `~/.another_julia/packages/P4est/L5euz/deps/build.log`


################################################################################
# Testing: 2020-12-03T15:53:36.028
#


    Testing P4est
Status `/tmp/jl_IAxEGG/Project.toml`
  [7d669430] P4est v0.1.4
  [8dfed614] Test
Status `/tmp/jl_IAxEGG/Manifest.toml`
  [56f22d72] Artifacts v1.3.0
  [d43a6710] CBinding v0.9.3
  [e66e0078] CompilerSupportLibraries_jll v0.3.4+0
  [ffbed154] DocStringExtensions v0.8.3
  [692b3bcd] JLLWrappers v1.1.3
  [da04e1cc] MPI v0.15.1
  [7cb0a576] MPICH_jll v3.3.2+10
  [9237b28f] MicrosoftMPI_jll v10.1.2+3
  [656ef2d0] OpenBLAS32_jll v0.3.9+4
  [fe0851c0] OpenMPI_jll v4.0.2+2
  [7d669430] P4est v0.1.4
  [6b5a15aa] P4est_jll v2.2.0+2
  [189a3867] Reexport v0.2.0
  [ae029012] Requires v1.1.1
  [83775a58] Zlib_jll v1.2.11+18
  [2a0f44e3] Base64
  [ade2ca70] Dates
  [8ba89e20] Distributed
  [b77e0a4c] InteractiveUtils
  [76f85450] LibGit2
  [8f399da3] Libdl
  [56ddb016] Logging
  [d6f4376e] Markdown
  [44cfe95a] Pkg
  [de0858da] Printf
  [3fa0cd96] REPL
  [9a3f8284] Random
  [ea8e919c] SHA
  [9e88b42a] Serialization
  [6462fe0b] Sockets
  [8dfed614] Test
  [cf7118a7] UUIDs
  [4ec0a83e] Unicode
p4est_connectivity_new_periodic: Error During Test at /home/pkgeval/.another_julia/packages/P4est/L5euz/test/runtests.jl:6
  Test threw exception
  Expression: p4est_connectivity_new_periodic() isa Ptr{p4est_connectivity}
  could not load library "/home/pkgeval/.julia/artifacts/bb31421737f71afecd6a7760afa471cd27c9d211/lib/libp4est.so"
  /home/pkgeval/.julia/artifacts/bb31421737f71afecd6a7760afa471cd27c9d211/lib/libp4est.so: cannot open shared object file: No such file or directory
  Stacktrace:
   [1] macro expansion at /home/pkgeval/.julia/packages/CBinding/g8bfg/src/cfunction.jl:98 [inlined]
   [2] _ccall at /home/pkgeval/.julia/packages/CBinding/g8bfg/src/cfunction.jl:91 [inlined]
   [3] DeferredPtr at /home/pkgeval/.julia/packages/CBinding/g8bfg/src/cfunction.jl:71 [inlined]
   [4] DeferredPtr at /home/pkgeval/.julia/packages/CBinding/g8bfg/src/cfunction.jl:70 [inlined]
   [5] p4est_connectivity_new_periodic() at /home/pkgeval/.julia/packages/CBinding/g8bfg/src/cbindings.jl:79
   [6] top-level scope at /home/pkgeval/.another_julia/packages/P4est/L5euz/test/runtests.jl:6
   [7] top-level scope at /buildworker/worker/package_linux64/build/usr/share/julia/stdlib/v1.5/Test/src/Test.jl:1115
   [8] top-level scope at /home/pkgeval/.another_julia/packages/P4est/L5euz/test/runtests.jl:6
   [9] top-level scope at /buildworker/worker/package_linux64/build/usr/share/julia/stdlib/v1.5/Test/src/Test.jl:1115
   [10] top-level scope at /home/pkgeval/.another_julia/packages/P4est/L5euz/test/runtests.jl:5
  
P4est.jl tests: Error During Test at /home/pkgeval/.another_julia/packages/P4est/L5euz/test/runtests.jl:4
  Got exception outside of a @test
  could not load library "/home/pkgeval/.julia/artifacts/bb31421737f71afecd6a7760afa471cd27c9d211/lib/libp4est.so"
  /home/pkgeval/.julia/artifacts/bb31421737f71afecd6a7760afa471cd27c9d211/lib/libp4est.so: cannot open shared object file: No such file or directory
  Stacktrace:
   [1] macro expansion at /home/pkgeval/.julia/packages/CBinding/g8bfg/src/cfunction.jl:98 [inlined]
   [2] _ccall at /home/pkgeval/.julia/packages/CBinding/g8bfg/src/cfunction.jl:91 [inlined]
   [3] DeferredPtr at /home/pkgeval/.julia/packages/CBinding/g8bfg/src/cfunction.jl:71 [inlined]
   [4] DeferredPtr at /home/pkgeval/.julia/packages/CBinding/g8bfg/src/cfunction.jl:70 [inlined]
   [5] p4est_connectivity_new_periodic() at /home/pkgeval/.julia/packages/CBinding/g8bfg/src/cbindings.jl:79
   [6] top-level scope at /home/pkgeval/.another_julia/packages/P4est/L5euz/test/runtests.jl:9
   [7] top-level scope at /buildworker/worker/package_linux64/build/usr/share/julia/stdlib/v1.5/Test/src/Test.jl:1115
   [8] top-level scope at /home/pkgeval/.another_julia/packages/P4est/L5euz/test/runtests.jl:5
   [9] include(::String) at ./client.jl:457
   [10] top-level scope at none:6
   [11] eval(::Module, ::Any) at ./boot.jl:331
   [12] exec_options(::Base.JLOptions) at ./client.jl:272
   [13] _start() at ./client.jl:506
  
Test Summary:                     | Error  Total
P4est.jl tests                    |     2      2
  p4est_connectivity_new_periodic |     1      1
ERROR: LoadError: Some tests did not pass: 0 passed, 0 failed, 2 errored, 0 broken.
in expression starting at /home/pkgeval/.another_julia/packages/P4est/L5euz/test/runtests.jl:4

PkgEval failed: Package P4est errored during testing
Stacktrace:
 [1] pkgerror(::String) at /buildworker/worker/package_linux64/build/usr/share/julia/stdlib/v1.5/Pkg/src/Types.jl:52
 [2] test(::Pkg.Types.Context, ::Array{Pkg.Types.PackageSpec,1}; coverage::Bool, julia_args::Cmd, test_args::Cmd, test_fn::Nothing) at /buildworker/worker/package_linux64/build/usr/share/julia/stdlib/v1.5/Pkg/src/Operations.jl:1578
 [3] test(::Pkg.Types.Context, ::Array{Pkg.Types.PackageSpec,1}; coverage::Bool, test_fn::Nothing, julia_args::Cmd, test_args::Cmd, kwargs::Base.Iterators.Pairs{Union{},Union{},Tuple{},NamedTuple{(),Tuple{}}}) at /buildworker/worker/package_linux64/build/usr/share/julia/stdlib/v1.5/Pkg/src/API.jl:327
 [4] test(::Pkg.Types.Context, ::Array{Pkg.Types.PackageSpec,1}) at /buildworker/worker/package_linux64/build/usr/share/julia/stdlib/v1.5/Pkg/src/API.jl:314
 [5] #test#61 at /buildworker/worker/package_linux64/build/usr/share/julia/stdlib/v1.5/Pkg/src/API.jl:67 [inlined]
 [6] test at /buildworker/worker/package_linux64/build/usr/share/julia/stdlib/v1.5/Pkg/src/API.jl:67 [inlined]
 [7] #test#60 at /buildworker/worker/package_linux64/build/usr/share/julia/stdlib/v1.5/Pkg/src/API.jl:66 [inlined]
 [8] test at /buildworker/worker/package_linux64/build/usr/share/julia/stdlib/v1.5/Pkg/src/API.jl:66 [inlined]
 [9] test(::String; kwargs::Base.Iterators.Pairs{Union{},Union{},Tuple{},NamedTuple{(),Tuple{}}}) at /buildworker/worker/package_linux64/build/usr/share/julia/stdlib/v1.5/Pkg/src/API.jl:65
 [10] test(::String) at /buildworker/worker/package_linux64/build/usr/share/julia/stdlib/v1.5/Pkg/src/API.jl:65
 [11] top-level scope at none:20
 [12] eval at ./boot.jl:331 [inlined]
 [13] eval(::Expr) at ./client.jl:467
 [14] top-level scope at none:1
 [15] eval(::Module, ::Any) at ./boot.jl:331
 [16] exec_options(::Base.JLOptions) at ./client.jl:272
 [17] _start() at ./client.jl:506


################################################################################
# PkgEval teardown: 2020-12-03T15:53:44.572
CPU usage: 80.74s (78.06s user, 2.77s kernel)

Network usage:
- eth0: 625.489 KiB received, 83.217 KiB sent

Raw statistics: {"blkio_stats":{"io_queue_recursive":[],"io_serviced_recursive":[{"major":259,"value":33,"op":"Read","minor":0},{"major":259,"value":13,"op":"Write","minor":0},{"major":259,"value":33,"op":"Sync","minor":0},{"major":259,"value":13,"op":"Async","minor":0},{"major":259,"value":0,"op":"Discard","minor":0},{"major":259,"value":46,"op":"Total","minor":0},{"major":253,"value":33,"op":"Read","minor":2},{"major":253,"value":13,"op":"Write","minor":2},{"major":253,"value":33,"op":"Sync","minor":2},{"major":253,"value":13,"op":"Async","minor":2},{"major":253,"value":0,"op":"Discard","minor":2},{"major":253,"value":46,"op":"Total","minor":2}],"io_time_recursive":[],"sectors_recursive":[],"io_service_bytes_recursive":[{"major":259,"value":135168,"op":"Read","minor":0},{"major":259,"value":69632,"op":"Write","minor":0},{"major":259,"value":135168,"op":"Sync","minor":0},{"major":259,"value":69632,"op":"Async","minor":0},{"major":259,"value":0,"op":"Discard","minor":0},{"major":259,"value":204800,"op":"Total","minor":0},{"major":253,"value":135168,"op":"Read","minor":2},{"major":253,"value":69632,"op":"Write","minor":2},{"major":253,"value":135168,"op":"Sync","minor":2},{"major":253,"value":69632,"op":"Async","minor":2},{"major":253,"value":0,"op":"Discard","minor":2},{"major":253,"value":204800,"op":"Total","minor":2}],"io_wait_time_recursive":[],"io_merged_recursive":[],"io_service_time_recursive":[]},"memory_stats":{"usage":251109376,"max_usage":850210816,"stats":{"hierarchical_memory_limit":9223372036854771712,"pgmajfault":0,"total_rss":225058816,"inactive_file":135168,"inactive_anon":12300288,"total_pgfault":1072995,"total_cache":16490496,"total_rss_huge":0,"total_active_anon":228839424,"total_pgmajfault":0,"pgpgin":563574,"rss_huge":0,"mapped_file":0,"total_inactive_file":135168,"dirty":135168,"total_unevictable":0,"total_dirty":135168,"writeback":0,"pgpgout":504571,"hierarchical_memsw_limit":0,"cache":16490496,"active_file":405504,"pgfault":1072995,"total_mapped_file":0,"total_pgpgout":504571,"total_writeback":0,"rss":225058816,"unevictable":0,"total_inactive_anon":12300288,"total_pgpgin":563574,"active_anon":228839424,"total_active_file":405504},"limit":540965302272},"name":"/P4est-O0yJn0jF","networks":{"eth0":{"rx_bytes":640501,"rx_packets":531,"tx_packets":632,"tx_bytes":85214,"tx_dropped":0,"rx_dropped":3,"tx_errors":0,"rx_errors":0}},"id":"bccde531fde214415be6e933659a0fd0f799afb44a3dcde36b10f6210a064ee8","preread":"0001-01-01T00:00:00Z","storage_stats":{},"precpu_stats":{"throttling_data":{"throttled_periods":0,"throttled_time":0,"periods":0},"cpu_usage":{"usage_in_usermode":0,"usage_in_kernelmode":0,"total_usage":0}},"pids_stats":{"current":42},"num_procs":0,"cpu_stats":{"throttling_data":{"throttled_periods":0,"throttled_time":0,"periods":0},"system_cpu_usage":125538307655808967,"online_cpus":128,"cpu_usage":{"usage_in_usermode":78060000000,"usage_in_kernelmode":2770000000,"total_usage":80743238046,"percpu_usage":[0,0,0,0,0,0,0,0,0,0,0,0,0,0,0,0,0,0,0,0,0,0,0,0,0,0,0,0,0,0,0,0,0,0,0,0,80743233186,0,0,0,0,0,0,0,0,0,0,0,0,0,0,0,0,0,0,0,0,0,0,0,0,0,0,0,0,0,0,0,0,0,0,0,0,0,0,0,0,0,0,0,0,0,0,0,0,0,0,0,0,0,0,0,0,0,0,0,0,0,0,0,0,4860,0,0,0,0,0,0,0,0,0,0,0,0,0,0,0,0,0,0,0,0,0,0,0,0,0,0]}},"read":"2020-12-03T15:53:44.575291277Z"}