################################################################################
# PackageCompiler set-up: 2021-01-11T19:52:15.886
#

Julia Version 1.5.3
Commit 599f52c4c6 (2020-12-18 13:33 UTC)
Platform Info:
  OS: Linux (x86_64-linux-gnu)
  CPU: AMD EPYC 7502 32-Core Processor
  WORD_SIZE: 64
  LIBM: libopenlibm
  LLVM: libLLVM-9.0.1 (ORCJIT, znver2)
Environment:
  JULIA_PKGEVAL = true
  JULIA_PKG_PRECOMPILE_AUTO = 0



################################################################################
# Installation: 2021-01-11T19:52:17.583
#

 Installing known registries into `~/.julia`
######################################################################## 100.0%
      Added registry `General` to `~/.julia/registries/General`
  Resolving package versions...
  Installed Adapt ─────────────── v2.4.0
  Installed UnPack ────────────── v1.0.2
  Installed Hwloc ─────────────── v1.1.0
  Installed Requires ──────────── v1.1.2
  Installed OffsetArrays ──────── v1.5.0
  Installed PaddedMatrices ────── v0.2.3
  Installed VectorizationBase ─── v0.14.12
  Installed PackageCompiler ───── v1.2.5
  Installed Hwloc_jll ─────────── v2.2.0+0
  Installed ArrayInterface ────── v2.14.13
  Installed DocStringExtensions ─ v0.8.3
  Installed IfElse ────────────── v0.1.0
  Installed SLEEFPirates ──────── v0.6.3
  Installed LoopVectorization ─── v0.9.17
  Installed VectorizedRNG ─────── v0.2.3
Updating `~/.julia/environments/v1.5/Project.toml`
  [9b87118b] + PackageCompiler v1.2.5
  [aaaacae8] + PaddedMatrices v0.2.3
Updating `~/.julia/environments/v1.5/Manifest.toml`
  [79e6a3ab] + Adapt v2.4.0
  [4fba245c] + ArrayInterface v2.14.13
  [ffbed154] + DocStringExtensions v0.8.3
  [0e44f5e4] + Hwloc v1.1.0
  [e33a78d0] + Hwloc_jll v2.2.0+0
  [615f187c] + IfElse v0.1.0
  [bdcacae8] + LoopVectorization v0.9.17
  [6fe1bfb0] + OffsetArrays v1.5.0
  [9b87118b] + PackageCompiler v1.2.5
  [aaaacae8] + PaddedMatrices v0.2.3
  [ae029012] + Requires v1.1.2
  [476501e8] + SLEEFPirates v0.6.3
  [3a884ed6] + UnPack v1.0.2
  [3d5dd08c] + VectorizationBase v0.14.12
  [33b4df10] + VectorizedRNG v0.2.3
  [2a0f44e3] + Base64
  [ade2ca70] + Dates
  [8ba89e20] + Distributed
  [b77e0a4c] + InteractiveUtils
  [76f85450] + LibGit2
  [8f399da3] + Libdl
  [37e2e46d] + LinearAlgebra
  [56ddb016] + Logging
  [d6f4376e] + Markdown
  [44cfe95a] + Pkg
  [de0858da] + Printf
  [3fa0cd96] + REPL
  [9a3f8284] + Random
  [ea8e919c] + SHA
  [9e88b42a] + Serialization
  [6462fe0b] + Sockets
  [2f01184e] + SparseArrays
  [8dfed614] + Test
  [cf7118a7] + UUIDs
  [4ec0a83e] + Unicode


################################################################################
# Compiling: 2021-01-11T19:52:24.067
#

[ Info: PackageCompiler: creating system image object file, this might take a while...
Generated system image is 171.225 MiB, compilation took 242 seconds


ERROR: could not load library "/cache/PaddedMatrices-Jk7gsOoI.so"
/cache/PaddedMatrices-Jk7gsOoI.so: undefined symbol: jfptr_llvmname_23880

No statistics gathered.