################################################################################
# PkgEval set-up: 2021-01-11T22:20:30.873
#

Julia Version 1.5.3
Commit 599f52c4c6 (2020-12-18 13:33 UTC)
Platform Info:
  OS: Linux (x86_64-linux-gnu)
  CPU: AMD EPYC 7502 32-Core Processor
  WORD_SIZE: 64
  LIBM: libopenlibm
  LLVM: libLLVM-9.0.1 (ORCJIT, znver2)
Environment:
  JULIA_PKG_PRECOMPILE_AUTO = 0
  JULIA_PKGEVAL = true

Base.julia_cmd() = `/opt/julia/bin/julia -Cnative -J/opt/julia/lib/julia/sys.so -g1`


################################################################################
# Installation: 2021-01-11T22:20:32.608
#

 Installing known registries into `~/.julia`
######################################################################## 100.0%
      Added registry `General` to `~/.julia/registries/General`
  Resolving package versions...
  Installed Paillier ──── v0.3.1
  Installed RecipesBase ─ v0.8.0
  Installed Primes ────── v0.4.0
  Installed Polynomials ─ v0.6.1
Updating `~/.julia/environments/v1.5/Project.toml`
  [84e01822] + Paillier v0.3.1
Updating `~/.julia/environments/v1.5/Manifest.toml`
  [84e01822] + Paillier v0.3.1
  [f27b6e38] + Polynomials v0.6.1
  [27ebfcd6] + Primes v0.4.0
  [3cdcf5f2] + RecipesBase v0.8.0
  [2a0f44e3] + Base64
  [8ba89e20] + Distributed
  [b77e0a4c] + InteractiveUtils
  [8f399da3] + Libdl
  [37e2e46d] + LinearAlgebra
  [56ddb016] + Logging
  [d6f4376e] + Markdown
  [9a3f8284] + Random
  [9e88b42a] + Serialization
  [6462fe0b] + Sockets
  [8dfed614] + Test


################################################################################
# Testing: 2021-01-11T22:20:37.419
#

    Testing Paillier
Status `/tmp/jl_dMgv2P/Project.toml`
  [84e01822] Paillier v0.3.1
  [f27b6e38] Polynomials v0.6.1
  [27ebfcd6] Primes v0.4.0
  [37e2e46d] LinearAlgebra
  [9a3f8284] Random
  [8dfed614] Test
Status `/tmp/jl_dMgv2P/Manifest.toml`
  [84e01822] Paillier v0.3.1
  [f27b6e38] Polynomials v0.6.1
  [27ebfcd6] Primes v0.4.0
  [3cdcf5f2] RecipesBase v0.8.0
  [2a0f44e3] Base64
  [8ba89e20] Distributed
  [b77e0a4c] InteractiveUtils
  [8f399da3] Libdl
  [37e2e46d] LinearAlgebra
  [56ddb016] Logging
  [d6f4376e] Markdown
  [9a3f8284] Random
  [9e88b42a] Serialization
  [6462fe0b] Sockets
  [8dfed614] Test
Test Summary: | Pass  Total
Cryptosystem  | 4905   4905
test_encoding_out_of_range(publickey, privatekey) = Test Passed
test_encoding_out_of_range(publickey, privatekey) = Test Passed
Test Summary:    | Pass  Total
Float32 Encoding |   70     70
test_encoding_out_of_range(publickey, privatekey) = Test Passed
test_encoding_out_of_range(publickey, privatekey) = Test Passed
Test Summary:    | Pass  Total
Float64 Encoding |   74     74
Test Summary:              | Pass  Total
Native Array (no encoding) |   10     10
Test Summary:                              | Pass  Total
Multidimensional Paillier Encrypted Arrays |  400    400
    Testing Paillier tests passed 

PkgEval succeeded


################################################################################
# PkgEval teardown: 2021-01-11T22:21:04.224
CPU usage: 33.42s (31.04s user, 2.42s kernel)

Network usage:
- eth0: 2.736 MiB received, 44.922 KiB sent

Raw statistics: {"blkio_stats":{"io_queue_recursive":[],"io_serviced_recursive":[{"major":259,"value":0,"op":"Read","minor":0},{"major":259,"value":24,"op":"Write","minor":0},{"major":259,"value":19,"op":"Sync","minor":0},{"major":259,"value":5,"op":"Async","minor":0},{"major":259,"value":0,"op":"Discard","minor":0},{"major":259,"value":24,"op":"Total","minor":0},{"major":253,"value":0,"op":"Read","minor":2},{"major":253,"value":24,"op":"Write","minor":2},{"major":253,"value":19,"op":"Sync","minor":2},{"major":253,"value":5,"op":"Async","minor":2},{"major":253,"value":0,"op":"Discard","minor":2},{"major":253,"value":24,"op":"Total","minor":2}],"io_time_recursive":[],"sectors_recursive":[],"io_service_bytes_recursive":[{"major":259,"value":0,"op":"Read","minor":0},{"major":259,"value":126976,"op":"Write","minor":0},{"major":259,"value":106496,"op":"Sync","minor":0},{"major":259,"value":20480,"op":"Async","minor":0},{"major":259,"value":0,"op":"Discard","minor":0},{"major":259,"value":126976,"op":"Total","minor":0},{"major":253,"value":0,"op":"Read","minor":2},{"major":253,"value":126976,"op":"Write","minor":2},{"major":253,"value":106496,"op":"Sync","minor":2},{"major":253,"value":20480,"op":"Async","minor":2},{"major":253,"value":0,"op":"Discard","minor":2},{"major":253,"value":126976,"op":"Total","minor":2}],"io_wait_time_recursive":[],"io_merged_recursive":[],"io_service_time_recursive":[]},"memory_stats":{"usage":331456512,"max_usage":719859712,"stats":{"hierarchical_memory_limit":9223372036854771712,"pgmajfault":0,"total_rss":221671424,"inactive_file":135168,"inactive_anon":79073280,"total_pgfault":476883,"total_cache":80285696,"total_rss_huge":0,"total_active_anon":223027200,"total_pgmajfault":0,"pgpgin":258027,"rss_huge":0,"mapped_file":0,"total_inactive_file":135168,"dirty":135168,"total_unevictable":0,"total_dirty":135168,"writeback":0,"pgpgout":184326,"hierarchical_memsw_limit":0,"cache":80285696,"active_file":135168,"pgfault":476883,"total_mapped_file":0,"total_pgpgout":184326,"total_writeback":0,"rss":221671424,"unevictable":0,"total_inactive_anon":79073280,"total_pgpgin":258027,"active_anon":223027200,"total_active_file":135168},"limit":540965302272},"name":"/Paillier-98PiFmwX","networks":{"eth0":{"rx_bytes":2869271,"rx_packets":450,"tx_packets":445,"tx_bytes":46000,"tx_dropped":0,"rx_dropped":2,"tx_errors":0,"rx_errors":0}},"id":"ff328eb9b1b3672b45db13beb33cf9c6121a73e3f3b89ad74b0ea083b62ccb4e","preread":"0001-01-01T00:00:00Z","storage_stats":{},"precpu_stats":{"throttling_data":{"throttled_periods":0,"throttled_time":0,"periods":0},"cpu_usage":{"usage_in_usermode":0,"usage_in_kernelmode":0,"total_usage":0}},"pids_stats":{"current":40},"num_procs":0,"cpu_stats":{"throttling_data":{"throttled_periods":0,"throttled_time":0,"periods":0},"system_cpu_usage":6360713684522419,"online_cpus":128,"cpu_usage":{"usage_in_usermode":31040000000,"usage_in_kernelmode":2420000000,"total_usage":33415573632,"percpu_usage":[0,0,0,0,0,0,0,0,0,0,0,0,0,0,0,0,0,0,0,0,0,0,0,0,0,0,0,0,0,0,0,0,0,0,0,0,0,0,0,0,0,0,0,0,0,0,0,0,0,0,0,0,0,0,0,0,0,0,0,0,33415573632,0,0,0,0,0,0,0,0,0,0,0,0,0,0,0,0,0,0,0,0,0,0,0,0,0,0,0,0,0,0,0,0,0,0,0,0,0,0,0,0,0,0,0,0,0,0,0,0,0,0,0,0,0,0,0,0,0,0,0,0,0,0,0,0,0,0,0]}},"read":"2021-01-11T22:21:04.243508198Z"}