################################################################################
# PkgEval set-up: 2021-01-11T17:00:29.741
#

Julia Version 1.5.3
Commit 599f52c4c6 (2020-12-18 13:33 UTC)
Platform Info:
  OS: Linux (x86_64-linux-gnu)
  CPU: AMD EPYC 7502 32-Core Processor
  WORD_SIZE: 64
  LIBM: libopenlibm
  LLVM: libLLVM-9.0.1 (ORCJIT, znver2)
Environment:
  JULIA_PKG_PRECOMPILE_AUTO = 0
  JULIA_PKGEVAL = true

Base.julia_cmd() = `/opt/julia/bin/julia -Cnative -J/opt/julia/lib/julia/sys.so -g1`


################################################################################
# Installation: 2021-01-11T17:00:31.547
#

 Installing known registries into `~/.julia`
###                                                                        5.0%######################################################################## 100.0%
      Added registry `General` to `~/.julia/registries/General`
  Resolving package versions...
  Installed Pandoc ── v0.2.5
  Installed Parsers ─ v1.0.15
  Installed JSON ──── v0.21.1
Updating `~/.julia/environments/v1.5/Project.toml`
  [f853b5e0] + Pandoc v0.2.5
Updating `~/.julia/environments/v1.5/Manifest.toml`
  [682c06a0] + JSON v0.21.1
  [f853b5e0] + Pandoc v0.2.5
  [69de0a69] + Parsers v1.0.15
  [2a0f44e3] + Base64
  [ade2ca70] + Dates
  [d6f4376e] + Markdown
  [a63ad114] + Mmap
  [de0858da] + Printf
  [4ec0a83e] + Unicode


################################################################################
# Testing: 2021-01-11T17:00:36.057
#

    Testing Pandoc
Status `/tmp/jl_LHHo9P/Project.toml`
  [682c06a0] JSON v0.21.1
  [f853b5e0] Pandoc v0.2.5
  [d6f4376e] Markdown
  [8dfed614] Test
Status `/tmp/jl_LHHo9P/Manifest.toml`
  [682c06a0] JSON v0.21.1
  [f853b5e0] Pandoc v0.2.5
  [69de0a69] Parsers v1.0.15
  [2a0f44e3] Base64
  [ade2ca70] Dates
  [8ba89e20] Distributed
  [b77e0a4c] InteractiveUtils
  [56ddb016] Logging
  [d6f4376e] Markdown
  [a63ad114] Mmap
  [de0858da] Printf
  [9a3f8284] Random
  [9e88b42a] Serialization
  [6462fe0b] Sockets
  [8dfed614] Test
  [4ec0a83e] Unicode

test_pandoc: docbook: Error During Test at /home/pkgeval/.julia/packages/Pandoc/ipbrK/test/test_pandoc.jl:291
  Test threw exception
  Expression: typeof(Pandoc.parse_file(joinpath(#= /home/pkgeval/.julia/packages/Pandoc/ipbrK/test/test_pandoc.jl:291 =# @__DIR__(), "data", "docbook-reader.docbook"))) == Pandoc.Document
  IOError: could not spawn `pandoc -t json /home/pkgeval/.julia/packages/Pandoc/ipbrK/test/data/docbook-reader.docbook`: no such file or directory (ENOENT)
  Stacktrace:
   [1] _spawn_primitive(::String, ::Cmd, ::Array{Any,1}) at ./process.jl:99
   [2] #585 at ./process.jl:112 [inlined]
   [3] setup_stdios(::Base.var"#585#586"{Cmd}, ::Array{Any,1}) at ./process.jl:196
   [4] _spawn at ./process.jl:111 [inlined]
   [5] open(::Cmd, ::Base.DevNull; write::Bool, read::Bool) at ./process.jl:370
   [6] open at ./process.jl:361 [inlined]
   [7] open(::Cmd, ::String, ::Base.DevNull) at ./process.jl:341
   [8] read(::Cmd) at ./process.jl:410
   [9] read(::Cmd, ::Type{String}) at ./process.jl:421
   [10] parse_file(::String) at /home/pkgeval/.julia/packages/Pandoc/ipbrK/src/Pandoc.jl:566
   [11] top-level scope at /home/pkgeval/.julia/packages/Pandoc/ipbrK/test/test_pandoc.jl:291
   [12] top-level scope at /workspace/srcdir/usr/share/julia/stdlib/v1.5/Test/src/Test.jl:1115
   [13] top-level scope at /home/pkgeval/.julia/packages/Pandoc/ipbrK/test/test_pandoc.jl:291
   [14] top-level scope at /workspace/srcdir/usr/share/julia/stdlib/v1.5/Test/src/Test.jl:1115
   [15] top-level scope at /home/pkgeval/.julia/packages/Pandoc/ipbrK/test/test_pandoc.jl:290
  
creole: Error During Test at /home/pkgeval/.julia/packages/Pandoc/ipbrK/test/test_pandoc.jl:295
  Test threw exception
  Expression: typeof(Pandoc.parse_file(joinpath(#= /home/pkgeval/.julia/packages/Pandoc/ipbrK/test/test_pandoc.jl:295 =# @__DIR__(), "data", "creole-reader.txt"))) == Pandoc.Document
  IOError: could not spawn `pandoc -t json /home/pkgeval/.julia/packages/Pandoc/ipbrK/test/data/creole-reader.txt`: no such file or directory (ENOENT)
  Stacktrace:
   [1] _spawn_primitive(::String, ::Cmd, ::Array{Any,1}) at ./process.jl:99
   [2] #585 at ./process.jl:112 [inlined]
   [3] setup_stdios(::Base.var"#585#586"{Cmd}, ::Array{Any,1}) at ./process.jl:196
   [4] _spawn at ./process.jl:111 [inlined]
   [5] open(::Cmd, ::Base.DevNull; write::Bool, read::Bool) at ./process.jl:370
   [6] open at ./process.jl:361 [inlined]
   [7] open(::Cmd, ::String, ::Base.DevNull) at ./process.jl:341
   [8] read(::Cmd) at ./process.jl:410
   [9] read(::Cmd, ::Type{String}) at ./process.jl:421
   [10] parse_file(::String) at /home/pkgeval/.julia/packages/Pandoc/ipbrK/src/Pandoc.jl:566
   [11] top-level scope at /home/pkgeval/.julia/packages/Pandoc/ipbrK/test/test_pandoc.jl:295
   [12] top-level scope at /workspace/srcdir/usr/share/julia/stdlib/v1.5/Test/src/Test.jl:1115
   [13] top-level scope at /home/pkgeval/.julia/packages/Pandoc/ipbrK/test/test_pandoc.jl:295
   [14] top-level scope at /workspace/srcdir/usr/share/julia/stdlib/v1.5/Test/src/Test.jl:1115
   [15] top-level scope at /home/pkgeval/.julia/packages/Pandoc/ipbrK/test/test_pandoc.jl:290
  
markdown: Error During Test at /home/pkgeval/.julia/packages/Pandoc/ipbrK/test/test_pandoc.jl:299
  Test threw exception
  Expression: typeof(Pandoc.parse_file(joinpath(#= /home/pkgeval/.julia/packages/Pandoc/ipbrK/test/test_pandoc.jl:299 =# @__DIR__(), "data", "markdown-reader-more.txt"))) == Pandoc.Document
  IOError: could not spawn `pandoc -t json /home/pkgeval/.julia/packages/Pandoc/ipbrK/test/data/markdown-reader-more.txt`: no such file or directory (ENOENT)
  Stacktrace:
   [1] _spawn_primitive(::String, ::Cmd, ::Array{Any,1}) at ./process.jl:99
   [2] #585 at ./process.jl:112 [inlined]
   [3] setup_stdios(::Base.var"#585#586"{Cmd}, ::Array{Any,1}) at ./process.jl:196
   [4] _spawn at ./process.jl:111 [inlined]
   [5] open(::Cmd, ::Base.DevNull; write::Bool, read::Bool) at ./process.jl:370
   [6] open at ./process.jl:361 [inlined]
   [7] open(::Cmd, ::String, ::Base.DevNull) at ./process.jl:341
   [8] read(::Cmd) at ./process.jl:410
   [9] read(::Cmd, ::Type{String}) at ./process.jl:421
   [10] parse_file(::String) at /home/pkgeval/.julia/packages/Pandoc/ipbrK/src/Pandoc.jl:566
   [11] top-level scope at /home/pkgeval/.julia/packages/Pandoc/ipbrK/test/test_pandoc.jl:299
   [12] top-level scope at /workspace/srcdir/usr/share/julia/stdlib/v1.5/Test/src/Test.jl:1115
   [13] top-level scope at /home/pkgeval/.julia/packages/Pandoc/ipbrK/test/test_pandoc.jl:299
   [14] top-level scope at /workspace/srcdir/usr/share/julia/stdlib/v1.5/Test/src/Test.jl:1115
   [15] top-level scope at /home/pkgeval/.julia/packages/Pandoc/ipbrK/test/test_pandoc.jl:290
  
markdown: Error During Test at /home/pkgeval/.julia/packages/Pandoc/ipbrK/test/test_pandoc.jl:300
  Test threw exception
  Expression: typeof(Pandoc.parse_file(joinpath(#= /home/pkgeval/.julia/packages/Pandoc/ipbrK/test/test_pandoc.jl:300 =# @__DIR__(), "data", "writer.markdown"))) == Pandoc.Document
  IOError: could not spawn `pandoc -t json /home/pkgeval/.julia/packages/Pandoc/ipbrK/test/data/writer.markdown`: no such file or directory (ENOENT)
  Stacktrace:
   [1] _spawn_primitive(::String, ::Cmd, ::Array{Any,1}) at ./process.jl:99
   [2] #585 at ./process.jl:112 [inlined]
   [3] setup_stdios(::Base.var"#585#586"{Cmd}, ::Array{Any,1}) at ./process.jl:196
   [4] _spawn at ./process.jl:111 [inlined]
   [5] open(::Cmd, ::Base.DevNull; write::Bool, read::Bool) at ./process.jl:370
   [6] open at ./process.jl:361 [inlined]
   [7] open(::Cmd, ::String, ::Base.DevNull) at ./process.jl:341
   [8] read(::Cmd) at ./process.jl:410
   [9] read(::Cmd, ::Type{String}) at ./process.jl:421
   [10] parse_file(::String) at /home/pkgeval/.julia/packages/Pandoc/ipbrK/src/Pandoc.jl:566
   [11] top-level scope at /home/pkgeval/.julia/packages/Pandoc/ipbrK/test/test_pandoc.jl:300
   [12] top-level scope at /workspace/srcdir/usr/share/julia/stdlib/v1.5/Test/src/Test.jl:1115
   [13] top-level scope at /home/pkgeval/.julia/packages/Pandoc/ipbrK/test/test_pandoc.jl:299
   [14] top-level scope at /workspace/srcdir/usr/share/julia/stdlib/v1.5/Test/src/Test.jl:1115
   [15] top-level scope at /home/pkgeval/.julia/packages/Pandoc/ipbrK/test/test_pandoc.jl:290
  
wiki: Error During Test at /home/pkgeval/.julia/packages/Pandoc/ipbrK/test/test_pandoc.jl:304
  Test threw exception
  Expression: typeof(Pandoc.parse_file(joinpath(#= /home/pkgeval/.julia/packages/Pandoc/ipbrK/test/test_pandoc.jl:304 =# @__DIR__(), "data", "mediawiki-reader.wiki"))) == Pandoc.Document
  IOError: could not spawn `pandoc -t json /home/pkgeval/.julia/packages/Pandoc/ipbrK/test/data/mediawiki-reader.wiki`: no such file or directory (ENOENT)
  Stacktrace:
   [1] _spawn_primitive(::String, ::Cmd, ::Array{Any,1}) at ./process.jl:99
   [2] #585 at ./process.jl:112 [inlined]
   [3] setup_stdios(::Base.var"#585#586"{Cmd}, ::Array{Any,1}) at ./process.jl:196
   [4] _spawn at ./process.jl:111 [inlined]
   [5] open(::Cmd, ::Base.DevNull; write::Bool, read::Bool) at ./process.jl:370
   [6] open at ./process.jl:361 [inlined]
   [7] open(::Cmd, ::String, ::Base.DevNull) at ./process.jl:341
   [8] read(::Cmd) at ./process.jl:410
   [9] read(::Cmd, ::Type{String}) at ./process.jl:421
   [10] parse_file(::String) at /home/pkgeval/.julia/packages/Pandoc/ipbrK/src/Pandoc.jl:566
   [11] top-level scope at /home/pkgeval/.julia/packages/Pandoc/ipbrK/test/test_pandoc.jl:304
   [12] top-level scope at /workspace/srcdir/usr/share/julia/stdlib/v1.5/Test/src/Test.jl:1115
   [13] top-level scope at /home/pkgeval/.julia/packages/Pandoc/ipbrK/test/test_pandoc.jl:304
   [14] top-level scope at /workspace/srcdir/usr/share/julia/stdlib/v1.5/Test/src/Test.jl:1115
   [15] top-level scope at /home/pkgeval/.julia/packages/Pandoc/ipbrK/test/test_pandoc.jl:290
  
ipynb: Error During Test at /home/pkgeval/.julia/packages/Pandoc/ipbrK/test/test_pandoc.jl:308
  Test threw exception
  Expression: typeof(Pandoc.parse_file(joinpath(#= /home/pkgeval/.julia/packages/Pandoc/ipbrK/test/test_pandoc.jl:308 =# @__DIR__(), "data", "simple.ipynb"))) == Pandoc.Document
  IOError: could not spawn `pandoc -t json /home/pkgeval/.julia/packages/Pandoc/ipbrK/test/data/simple.ipynb`: no such file or directory (ENOENT)
  Stacktrace:
   [1] _spawn_primitive(::String, ::Cmd, ::Array{Any,1}) at ./process.jl:99
   [2] #585 at ./process.jl:112 [inlined]
   [3] setup_stdios(::Base.var"#585#586"{Cmd}, ::Array{Any,1}) at ./process.jl:196
   [4] _spawn at ./process.jl:111 [inlined]
   [5] open(::Cmd, ::Base.DevNull; write::Bool, read::Bool) at ./process.jl:370
   [6] open at ./process.jl:361 [inlined]
   [7] open(::Cmd, ::String, ::Base.DevNull) at ./process.jl:341
   [8] read(::Cmd) at ./process.jl:410
   [9] read(::Cmd, ::Type{String}) at ./process.jl:421
   [10] parse_file(::String) at /home/pkgeval/.julia/packages/Pandoc/ipbrK/src/Pandoc.jl:566
   [11] top-level scope at /home/pkgeval/.julia/packages/Pandoc/ipbrK/test/test_pandoc.jl:308
   [12] top-level scope at /workspace/srcdir/usr/share/julia/stdlib/v1.5/Test/src/Test.jl:1115
   [13] top-level scope at /home/pkgeval/.julia/packages/Pandoc/ipbrK/test/test_pandoc.jl:308
   [14] top-level scope at /workspace/srcdir/usr/share/julia/stdlib/v1.5/Test/src/Test.jl:1115
   [15] top-level scope at /home/pkgeval/.julia/packages/Pandoc/ipbrK/test/test_pandoc.jl:290
  
latex: Error During Test at /home/pkgeval/.julia/packages/Pandoc/ipbrK/test/test_pandoc.jl:312
  Test threw exception
  Expression: typeof(Pandoc.parse_file(joinpath(#= /home/pkgeval/.julia/packages/Pandoc/ipbrK/test/test_pandoc.jl:312 =# @__DIR__(), "data", "latex-reader.latex"))) == Pandoc.Document
  IOError: could not spawn `pandoc -t json /home/pkgeval/.julia/packages/Pandoc/ipbrK/test/data/latex-reader.latex`: no such file or directory (ENOENT)
  Stacktrace:
   [1] _spawn_primitive(::String, ::Cmd, ::Array{Any,1}) at ./process.jl:99
   [2] #585 at ./process.jl:112 [inlined]
   [3] setup_stdios(::Base.var"#585#586"{Cmd}, ::Array{Any,1}) at ./process.jl:196
   [4] _spawn at ./process.jl:111 [inlined]
   [5] open(::Cmd, ::Base.DevNull; write::Bool, read::Bool) at ./process.jl:370
   [6] open at ./process.jl:361 [inlined]
   [7] open(::Cmd, ::String, ::Base.DevNull) at ./process.jl:341
   [8] read(::Cmd) at ./process.jl:410
   [9] read(::Cmd, ::Type{String}) at ./process.jl:421
   [10] parse_file(::String) at /home/pkgeval/.julia/packages/Pandoc/ipbrK/src/Pandoc.jl:566
   [11] top-level scope at /home/pkgeval/.julia/packages/Pandoc/ipbrK/test/test_pandoc.jl:312
   [12] top-level scope at /workspace/srcdir/usr/share/julia/stdlib/v1.5/Test/src/Test.jl:1115
   [13] top-level scope at /home/pkgeval/.julia/packages/Pandoc/ipbrK/test/test_pandoc.jl:312
   [14] top-level scope at /workspace/srcdir/usr/share/julia/stdlib/v1.5/Test/src/Test.jl:1115
   [15] top-level scope at /home/pkgeval/.julia/packages/Pandoc/ipbrK/test/test_pandoc.jl:290
  
man: Error During Test at /home/pkgeval/.julia/packages/Pandoc/ipbrK/test/test_pandoc.jl:316
  Test threw exception
  Expression: typeof(Pandoc.parse_file(joinpath(#= /home/pkgeval/.julia/packages/Pandoc/ipbrK/test/test_pandoc.jl:316 =# @__DIR__(), "data", "man-reader.man"))) == Pandoc.Document
  IOError: could not spawn `pandoc -t json /home/pkgeval/.julia/packages/Pandoc/ipbrK/test/data/man-reader.man`: no such file or directory (ENOENT)
  Stacktrace:
   [1] _spawn_primitive(::String, ::Cmd, ::Array{Any,1}) at ./process.jl:99
   [2] #585 at ./process.jl:112 [inlined]
   [3] setup_stdios(::Base.var"#585#586"{Cmd}, ::Array{Any,1}) at ./process.jl:196
   [4] _spawn at ./process.jl:111 [inlined]
   [5] open(::Cmd, ::Base.DevNull; write::Bool, read::Bool) at ./process.jl:370
   [6] open at ./process.jl:361 [inlined]
   [7] open(::Cmd, ::String, ::Base.DevNull) at ./process.jl:341
   [8] read(::Cmd) at ./process.jl:410
   [9] read(::Cmd, ::Type{String}) at ./process.jl:421
   [10] parse_file(::String) at /home/pkgeval/.julia/packages/Pandoc/ipbrK/src/Pandoc.jl:566
   [11] top-level scope at /home/pkgeval/.julia/packages/Pandoc/ipbrK/test/test_pandoc.jl:316
   [12] top-level scope at /workspace/srcdir/usr/share/julia/stdlib/v1.5/Test/src/Test.jl:1115
   [13] top-level scope at /home/pkgeval/.julia/packages/Pandoc/ipbrK/test/test_pandoc.jl:316
   [14] top-level scope at /workspace/srcdir/usr/share/julia/stdlib/v1.5/Test/src/Test.jl:1115
   [15] top-level scope at /home/pkgeval/.julia/packages/Pandoc/ipbrK/test/test_pandoc.jl:290
  
tables: Error During Test at /home/pkgeval/.julia/packages/Pandoc/ipbrK/test/test_pandoc.jl:320
  Test threw exception
  Expression: typeof(Pandoc.parse_file(joinpath(#= /home/pkgeval/.julia/packages/Pandoc/ipbrK/test/test_pandoc.jl:320 =# @__DIR__(), "data", "pipe-tables.txt"))) == Pandoc.Document
  IOError: could not spawn `pandoc -t json /home/pkgeval/.julia/packages/Pandoc/ipbrK/test/data/pipe-tables.txt`: no such file or directory (ENOENT)
  Stacktrace:
   [1] _spawn_primitive(::String, ::Cmd, ::Array{Any,1}) at ./process.jl:99
   [2] #585 at ./process.jl:112 [inlined]
   [3] setup_stdios(::Base.var"#585#586"{Cmd}, ::Array{Any,1}) at ./process.jl:196
   [4] _spawn at ./process.jl:111 [inlined]
   [5] open(::Cmd, ::Base.DevNull; write::Bool, read::Bool) at ./process.jl:370
   [6] open at ./process.jl:361 [inlined]
   [7] open(::Cmd, ::String, ::Base.DevNull) at ./process.jl:341
   [8] read(::Cmd) at ./process.jl:410
   [9] read(::Cmd, ::Type{String}) at ./process.jl:421
   [10] parse_file(::String) at /home/pkgeval/.julia/packages/Pandoc/ipbrK/src/Pandoc.jl:566
   [11] top-level scope at /home/pkgeval/.julia/packages/Pandoc/ipbrK/test/test_pandoc.jl:320
   [12] top-level scope at /workspace/srcdir/usr/share/julia/stdlib/v1.5/Test/src/Test.jl:1115
   [13] top-level scope at /home/pkgeval/.julia/packages/Pandoc/ipbrK/test/test_pandoc.jl:320
   [14] top-level scope at /workspace/srcdir/usr/share/julia/stdlib/v1.5/Test/src/Test.jl:1115
   [15] top-level scope at /home/pkgeval/.julia/packages/Pandoc/ipbrK/test/test_pandoc.jl:290
  

Test Summary:         | Pass  Error  Total
Begin tests           |   23      9     32
  test version parser |    5             5
  test conversions    |   18            18
  test pandoc parser  |           9      9
    docbook           |           1      1
    creole            |           1      1
    markdown          |           2      2
    wiki              |           1      1
    ipynb             |           1      1
    latex             |           1      1
    man               |           1      1
    tables            |           1      1
ERROR: LoadError: Some tests did not pass: 23 passed, 0 failed, 9 errored, 0 broken.
in expression starting at /home/pkgeval/.julia/packages/Pandoc/ipbrK/test/runtests.jl:52

PkgEval failed: Package Pandoc errored during testing
Stacktrace:
 [1] pkgerror(::String) at /workspace/srcdir/usr/share/julia/stdlib/v1.5/Pkg/src/Types.jl:52
 [2] test(::Pkg.Types.Context, ::Array{Pkg.Types.PackageSpec,1}; coverage::Bool, julia_args::Cmd, test_args::Cmd, test_fn::Nothing) at /workspace/srcdir/usr/share/julia/stdlib/v1.5/Pkg/src/Operations.jl:1578
 [3] test(::Pkg.Types.Context, ::Array{Pkg.Types.PackageSpec,1}; coverage::Bool, test_fn::Nothing, julia_args::Cmd, test_args::Cmd, kwargs::Base.Iterators.Pairs{Union{},Union{},Tuple{},NamedTuple{(),Tuple{}}}) at /workspace/srcdir/usr/share/julia/stdlib/v1.5/Pkg/src/API.jl:327
 [4] test(::Pkg.Types.Context, ::Array{Pkg.Types.PackageSpec,1}) at /workspace/srcdir/usr/share/julia/stdlib/v1.5/Pkg/src/API.jl:314
 [5] #test#61 at /workspace/srcdir/usr/share/julia/stdlib/v1.5/Pkg/src/API.jl:67 [inlined]
 [6] test at /workspace/srcdir/usr/share/julia/stdlib/v1.5/Pkg/src/API.jl:67 [inlined]
 [7] #test#60 at /workspace/srcdir/usr/share/julia/stdlib/v1.5/Pkg/src/API.jl:66 [inlined]
 [8] test at /workspace/srcdir/usr/share/julia/stdlib/v1.5/Pkg/src/API.jl:66 [inlined]
 [9] test(::String; kwargs::Base.Iterators.Pairs{Union{},Union{},Tuple{},NamedTuple{(),Tuple{}}}) at /workspace/srcdir/usr/share/julia/stdlib/v1.5/Pkg/src/API.jl:65
 [10] test(::String) at /workspace/srcdir/usr/share/julia/stdlib/v1.5/Pkg/src/API.jl:65
 [11] top-level scope at none:22
 [12] eval at ./boot.jl:331 [inlined]
 [13] eval(::Expr) at ./client.jl:467
 [14] top-level scope at none:1
 [15] eval(::Module, ::Any) at ./boot.jl:331
 [16] exec_options(::Base.JLOptions) at ./client.jl:272
 [17] _start() at ./client.jl:506


################################################################################
# PkgEval teardown: 2021-01-11T17:00:52.241
CPU usage: 22.52s (19.38s user, 3.20s kernel)

Network usage:
- eth0: 2.678 MiB received, 35.492 KiB sent

Raw statistics: {"blkio_stats":{"io_queue_recursive":[],"io_serviced_recursive":[{"major":259,"value":0,"op":"Read","minor":0},{"major":259,"value":24,"op":"Write","minor":0},{"major":259,"value":19,"op":"Sync","minor":0},{"major":259,"value":5,"op":"Async","minor":0},{"major":259,"value":0,"op":"Discard","minor":0},{"major":259,"value":24,"op":"Total","minor":0},{"major":253,"value":0,"op":"Read","minor":2},{"major":253,"value":24,"op":"Write","minor":2},{"major":253,"value":19,"op":"Sync","minor":2},{"major":253,"value":5,"op":"Async","minor":2},{"major":253,"value":0,"op":"Discard","minor":2},{"major":253,"value":24,"op":"Total","minor":2}],"io_time_recursive":[],"sectors_recursive":[],"io_service_bytes_recursive":[{"major":259,"value":0,"op":"Read","minor":0},{"major":259,"value":126976,"op":"Write","minor":0},{"major":259,"value":106496,"op":"Sync","minor":0},{"major":259,"value":20480,"op":"Async","minor":0},{"major":259,"value":0,"op":"Discard","minor":0},{"major":259,"value":126976,"op":"Total","minor":0},{"major":253,"value":0,"op":"Read","minor":2},{"major":253,"value":126976,"op":"Write","minor":2},{"major":253,"value":106496,"op":"Sync","minor":2},{"major":253,"value":20480,"op":"Async","minor":2},{"major":253,"value":0,"op":"Discard","minor":2},{"major":253,"value":126976,"op":"Total","minor":2}],"io_wait_time_recursive":[],"io_merged_recursive":[],"io_service_time_recursive":[]},"memory_stats":{"usage":312545280,"max_usage":968511488,"stats":{"hierarchical_memory_limit":9223372036854771712,"pgmajfault":0,"total_rss":197615616,"inactive_file":135168,"inactive_anon":79478784,"total_pgfault":531168,"total_cache":84647936,"total_rss_huge":0,"total_active_anon":202752000,"total_pgmajfault":0,"pgpgin":337821,"rss_huge":0,"mapped_file":0,"total_inactive_file":135168,"dirty":135168,"total_unevictable":0,"total_dirty":135168,"writeback":0,"pgpgout":268895,"hierarchical_memsw_limit":0,"cache":84647936,"active_file":135168,"pgfault":531168,"total_mapped_file":0,"total_pgpgout":268895,"total_writeback":0,"rss":197615616,"unevictable":0,"total_inactive_anon":79478784,"total_pgpgin":337821,"active_anon":202752000,"total_active_file":135168},"limit":540965302272},"name":"/Pandoc-LeJ4sLEy","networks":{"eth0":{"rx_bytes":2808231,"rx_packets":325,"tx_packets":335,"tx_bytes":36344,"tx_dropped":0,"rx_dropped":1,"tx_errors":0,"rx_errors":0}},"id":"34e969ac0e13de21fa1c02788794d5dd2152c43c6b65f4e0d104886620124a1c","preread":"0001-01-01T00:00:00Z","storage_stats":{},"precpu_stats":{"throttling_data":{"throttled_periods":0,"throttled_time":0,"periods":0},"cpu_usage":{"usage_in_usermode":0,"usage_in_kernelmode":0,"total_usage":0}},"pids_stats":{"current":40},"num_procs":0,"cpu_stats":{"throttling_data":{"throttled_periods":0,"throttled_time":0,"periods":0},"system_cpu_usage":3905820334522419,"online_cpus":128,"cpu_usage":{"usage_in_usermode":19380000000,"usage_in_kernelmode":3200000000,"total_usage":22523078383,"percpu_usage":[0,0,0,0,0,0,0,0,0,0,0,0,0,0,0,0,0,0,0,0,0,0,0,0,0,0,0,0,0,0,0,0,0,0,0,0,0,0,0,0,0,0,0,0,22523073393,0,0,0,0,0,0,0,0,0,0,0,0,0,0,0,0,0,0,0,0,0,0,0,0,0,0,0,0,0,0,0,0,0,0,0,0,0,0,0,0,0,0,0,0,0,0,0,0,0,0,0,0,0,0,0,0,0,0,0,0,0,0,0,4990,0,0,0,0,0,0,0,0,0,0,0,0,0,0,0,0,0,0,0]}},"read":"2021-01-11T17:00:52.243972652Z"}