################################################################################
# PackageCompiler set-up: 2021-01-11T21:16:41.411
#

Julia Version 1.5.3
Commit 599f52c4c6 (2020-12-18 13:33 UTC)
Platform Info:
  OS: Linux (x86_64-linux-gnu)
  CPU: AMD EPYC 7502 32-Core Processor
  WORD_SIZE: 64
  LIBM: libopenlibm
  LLVM: libLLVM-9.0.1 (ORCJIT, znver2)
Environment:
  JULIA_PKGEVAL = true
  JULIA_PKG_PRECOMPILE_AUTO = 0



################################################################################
# Installation: 2021-01-11T21:16:43.175
#

 Installing known registries into `~/.julia`
######################################################                    75.6%######################################################################## 100.0%
      Added registry `General` to `~/.julia/registries/General`
  Resolving package versions...
  Installed CompilerSupportLibraries_jll ─ v0.3.4+0
  Installed PoissonRandom ──────────────── v0.4.0
  Installed ZygoteRules ────────────────── v0.2.1
  Installed Reexport ───────────────────── v0.2.0
  Installed ParameterizedFunctions ─────── v5.7.0
  Installed SymbolicUtils ──────────────── v0.6.3
  Installed CommonSubexpressions ───────── v0.3.0
  Installed PackageCompiler ────────────── v1.2.5
  Installed Rmath ──────────────────────── v0.6.1
  Installed Inflate ────────────────────── v0.1.2
  Installed Rmath_jll ──────────────────── v0.2.2+1
  Installed TableTraits ────────────────── v1.0.0
  Installed MuladdMacro ────────────────── v0.2.2
  Installed NonlinearSolve ─────────────── v0.3.4
  Installed DataStructures ─────────────── v0.18.8
  Installed RuntimeGeneratedFunctions ──── v0.5.0
  Installed StatsBase ──────────────────── v0.33.2
  Installed DiffEqJump ─────────────────── v6.12.2
  Installed Tables ─────────────────────── v1.2.2
  Installed FillArrays ─────────────────── v0.10.2
  Installed Combinatorics ──────────────── v1.0.2
  Installed QuadGK ─────────────────────── v2.4.1
  Installed Requires ───────────────────── v1.1.2
  Installed FunctionWrappers ───────────── v1.1.1
  Installed DataAPI ────────────────────── v1.4.0
  Installed DiffRules ──────────────────── v1.0.2
  Installed TimerOutputs ───────────────── v0.5.7
  Installed DiffResults ────────────────── v1.0.3
  Installed Parameters ─────────────────── v0.12.1
  Installed Setfield ───────────────────── v0.7.0
  Installed TreeViews ──────────────────── v0.3.0
  Installed ConstructionBase ───────────── v1.0.0
  Installed SimpleTraits ───────────────── v0.9.3
  Installed RecursiveArrayTools ────────── v2.10.0
  Installed Latexify ───────────────────── v0.14.7
  Installed DataValueInterfaces ────────── v1.0.0
  Installed OrderedCollections ─────────── v1.3.2
  Installed StaticArrays ───────────────── v0.12.5
  Installed RecipesBase ────────────────── v1.1.1
  Installed DiffEqBase ─────────────────── v6.53.4
  Installed Missings ───────────────────── v0.4.4
  Installed MacroTools ─────────────────── v0.5.6
  Installed JLLWrappers ────────────────── v1.2.0
  Installed LightGraphs ────────────────── v1.3.4
  Installed NaNMath ────────────────────── v0.3.5
  Installed RandomExtensions ───────────── v0.4.3
  Installed FiniteDiff ─────────────────── v2.7.2
  Installed ArnoldiMethod ──────────────── v0.0.4
  Installed ArrayInterface ─────────────── v2.14.13
  Installed PDMats ─────────────────────── v0.10.1
  Installed ForwardDiff ────────────────── v0.10.14
  Installed AbstractAlgebra ────────────── v0.12.0
  Installed Distributions ──────────────── v0.24.10
  Installed IfElse ─────────────────────── v0.1.0
  Installed Formatting ─────────────────── v0.4.2
  Installed StatsFuns ──────────────────── v0.9.6
  Installed Unitful ────────────────────── v1.5.0
  Installed ExprTools ──────────────────── v0.1.3
  Installed LabelledArrays ─────────────── v1.4.0
  Installed IterativeSolvers ───────────── v0.9.0
  Installed SpecialFunctions ───────────── v1.2.1
  Installed IteratorInterfaceExtensions ── v1.0.0
  Installed UnPack ─────────────────────── v1.0.2
  Installed SortingAlgorithms ──────────── v0.3.1
  Installed Compat ─────────────────────── v3.25.0
  Installed RecursiveFactorization ─────── v0.1.0
  Installed DocStringExtensions ────────── v0.8.3
  Installed ChainRulesCore ─────────────── v0.9.24
  Installed RandomNumbers ──────────────── v1.4.0
  Installed SafeTestsets ───────────────── v0.0.1
  Installed OpenSpecFun_jll ────────────── v0.5.3+4
  Installed ModelingToolkit ────────────── v4.5.0
  Installed LaTeXStrings ───────────────── v1.2.0
  Installed Artifacts ──────────────────── v1.3.0
Updating `~/.julia/environments/v1.5/Project.toml`
  [9b87118b] + PackageCompiler v1.2.5
  [65888b18] + ParameterizedFunctions v5.7.0
Updating `~/.julia/environments/v1.5/Manifest.toml`
  [c3fe647b] + AbstractAlgebra v0.12.0
  [ec485272] + ArnoldiMethod v0.0.4
  [4fba245c] + ArrayInterface v2.14.13
  [56f22d72] + Artifacts v1.3.0
  [d360d2e6] + ChainRulesCore v0.9.24
  [861a8166] + Combinatorics v1.0.2
  [bbf7d656] + CommonSubexpressions v0.3.0
  [34da2185] + Compat v3.25.0
  [e66e0078] + CompilerSupportLibraries_jll v0.3.4+0
  [187b0558] + ConstructionBase v1.0.0
  [9a962f9c] + DataAPI v1.4.0
  [864edb3b] + DataStructures v0.18.8
  [e2d170a0] + DataValueInterfaces v1.0.0
  [2b5f629d] + DiffEqBase v6.53.4
  [c894b116] + DiffEqJump v6.12.2
  [163ba53b] + DiffResults v1.0.3
  [b552c78f] + DiffRules v1.0.2
  [31c24e10] + Distributions v0.24.10
  [ffbed154] + DocStringExtensions v0.8.3
  [e2ba6199] + ExprTools v0.1.3
  [1a297f60] + FillArrays v0.10.2
  [6a86dc24] + FiniteDiff v2.7.2
  [59287772] + Formatting v0.4.2
  [f6369f11] + ForwardDiff v0.10.14
  [069b7b12] + FunctionWrappers v1.1.1
  [615f187c] + IfElse v0.1.0
  [d25df0c9] + Inflate v0.1.2
  [42fd0dbc] + IterativeSolvers v0.9.0
  [82899510] + IteratorInterfaceExtensions v1.0.0
  [692b3bcd] + JLLWrappers v1.2.0
  [b964fa9f] + LaTeXStrings v1.2.0
  [2ee39098] + LabelledArrays v1.4.0
  [23fbe1c1] + Latexify v0.14.7
  [093fc24a] + LightGraphs v1.3.4
  [1914dd2f] + MacroTools v0.5.6
  [e1d29d7a] + Missings v0.4.4
  [961ee093] + ModelingToolkit v4.5.0
  [46d2c3a1] + MuladdMacro v0.2.2
  [77ba4419] + NaNMath v0.3.5
  [8913a72c] + NonlinearSolve v0.3.4
  [efe28fd5] + OpenSpecFun_jll v0.5.3+4
  [bac558e1] + OrderedCollections v1.3.2
  [90014a1f] + PDMats v0.10.1
  [9b87118b] + PackageCompiler v1.2.5
  [65888b18] + ParameterizedFunctions v5.7.0
  [d96e819e] + Parameters v0.12.1
  [e409e4f3] + PoissonRandom v0.4.0
  [1fd47b50] + QuadGK v2.4.1
  [fb686558] + RandomExtensions v0.4.3
  [e6cf234a] + RandomNumbers v1.4.0
  [3cdcf5f2] + RecipesBase v1.1.1
  [731186ca] + RecursiveArrayTools v2.10.0
  [f2c3362d] + RecursiveFactorization v0.1.0
  [189a3867] + Reexport v0.2.0
  [ae029012] + Requires v1.1.2
  [79098fc4] + Rmath v0.6.1
  [f50d1b31] + Rmath_jll v0.2.2+1
  [7e49a35a] + RuntimeGeneratedFunctions v0.5.0
  [1bc83da4] + SafeTestsets v0.0.1
  [efcf1570] + Setfield v0.7.0
  [699a6c99] + SimpleTraits v0.9.3
  [a2af1166] + SortingAlgorithms v0.3.1
  [276daf66] + SpecialFunctions v1.2.1
  [90137ffa] + StaticArrays v0.12.5
  [2913bbd2] + StatsBase v0.33.2
  [4c63d2b9] + StatsFuns v0.9.6
  [d1185830] + SymbolicUtils v0.6.3
  [3783bdb8] + TableTraits v1.0.0
  [bd369af6] + Tables v1.2.2
  [a759f4b9] + TimerOutputs v0.5.7
  [a2a6695c] + TreeViews v0.3.0
  [3a884ed6] + UnPack v1.0.2
  [1986cc42] + Unitful v1.5.0
  [700de1a5] + ZygoteRules v0.2.1
  [2a0f44e3] + Base64
  [ade2ca70] + Dates
  [8bb1440f] + DelimitedFiles
  [8ba89e20] + Distributed
  [9fa8497b] + Future
  [b77e0a4c] + InteractiveUtils
  [76f85450] + LibGit2
  [8f399da3] + Libdl
  [37e2e46d] + LinearAlgebra
  [56ddb016] + Logging
  [d6f4376e] + Markdown
  [a63ad114] + Mmap
  [44cfe95a] + Pkg
  [de0858da] + Printf
  [3fa0cd96] + REPL
  [9a3f8284] + Random
  [ea8e919c] + SHA
  [9e88b42a] + Serialization
  [1a1011a3] + SharedArrays
  [6462fe0b] + Sockets
  [2f01184e] + SparseArrays
  [10745b16] + Statistics
  [4607b0f0] + SuiteSparse
  [8dfed614] + Test
  [cf7118a7] + UUIDs
  [4ec0a83e] + Unicode


################################################################################
# Compiling: 2021-01-11T21:16:53.001
#

[ Info: PackageCompiler: creating system image object file, this might take a while...
Generated system image is 218.328 MiB, compilation took 421 seconds


################################################################################
# PkgEval set-up: 2021-01-11T21:24:01.833
#

Julia Version 1.5.3
Commit 599f52c4c6 (2020-12-18 13:33 UTC)
Platform Info:
  OS: Linux (x86_64-linux-gnu)
  CPU: AMD EPYC 7502 32-Core Processor
  WORD_SIZE: 64
  LIBM: libopenlibm
  LLVM: libLLVM-9.0.1 (ORCJIT, znver2)
Environment:
  JULIA_PKGEVAL = true
  JULIA_PKG_PRECOMPILE_AUTO = 0

Base.julia_cmd() = `/usr/local/julia/bin/julia -Cnative -J/cache/ParameterizedFunctions-tU2lAeG8.so -g1`


################################################################################
# Installation: 2021-01-11T21:24:03.446
#

 Installing known registries into `~/.julia`
#=#=#                                                                         ######################################################################## 100.0%
      Added registry `General` to `~/.julia/registries/General`
  Resolving package versions...
  Installed CompilerSupportLibraries_jll ─ v0.3.4+0
  Installed ParameterizedFunctions ─────── v5.7.0
  Installed PoissonRandom ──────────────── v0.4.0
  Installed ZygoteRules ────────────────── v0.2.1
  Installed Reexport ───────────────────── v0.2.0
  Installed SymbolicUtils ──────────────── v0.6.3
  Installed CommonSubexpressions ───────── v0.3.0
  Installed Inflate ────────────────────── v0.1.2
  Installed Rmath_jll ──────────────────── v0.2.2+1
  Installed Rmath ──────────────────────── v0.6.1
  Installed TableTraits ────────────────── v1.0.0
  Installed MuladdMacro ────────────────── v0.2.2
  Installed NonlinearSolve ─────────────── v0.3.4
  Installed RuntimeGeneratedFunctions ──── v0.5.0
  Installed DataStructures ─────────────── v0.18.8
  Installed StatsBase ──────────────────── v0.33.2
  Installed Combinatorics ──────────────── v1.0.2
  Installed DiffEqJump ─────────────────── v6.12.2
  Installed Tables ─────────────────────── v1.2.2
  Installed FillArrays ─────────────────── v0.10.2
  Installed FunctionWrappers ───────────── v1.1.1
  Installed DataAPI ────────────────────── v1.4.0
  Installed QuadGK ─────────────────────── v2.4.1
  Installed Requires ───────────────────── v1.1.2
  Installed DiffRules ──────────────────── v1.0.2
  Installed DiffResults ────────────────── v1.0.3
  Installed TimerOutputs ───────────────── v0.5.7
  Installed Parameters ─────────────────── v0.12.1
  Installed TreeViews ──────────────────── v0.3.0
  Installed Setfield ───────────────────── v0.7.0
  Installed ConstructionBase ───────────── v1.0.0
  Installed SimpleTraits ───────────────── v0.9.3
  Installed Latexify ───────────────────── v0.14.7
  Installed RecursiveArrayTools ────────── v2.10.0
  Installed OrderedCollections ─────────── v1.3.2
  Installed DataValueInterfaces ────────── v1.0.0
  Installed Missings ───────────────────── v0.4.4
  Installed RecipesBase ────────────────── v1.1.1
  Installed MacroTools ─────────────────── v0.5.6
  Installed StaticArrays ───────────────── v0.12.5
  Installed DiffEqBase ─────────────────── v6.53.4
  Installed JLLWrappers ────────────────── v1.2.0
  Installed LightGraphs ────────────────── v1.3.4
  Installed ArrayInterface ─────────────── v2.14.13
  Installed RandomExtensions ───────────── v0.4.3
  Installed NaNMath ────────────────────── v0.3.5
  Installed PDMats ─────────────────────── v0.10.1
  Installed FiniteDiff ─────────────────── v2.7.2
  Installed ArnoldiMethod ──────────────── v0.0.4
  Installed AbstractAlgebra ────────────── v0.12.0
  Installed Distributions ──────────────── v0.24.10
  Installed IfElse ─────────────────────── v0.1.0
  Installed Formatting ─────────────────── v0.4.2
  Installed LabelledArrays ─────────────── v1.4.0
  Installed StatsFuns ──────────────────── v0.9.6
  Installed Unitful ────────────────────── v1.5.0
  Installed ExprTools ──────────────────── v0.1.3
  Installed ForwardDiff ────────────────── v0.10.14
  Installed SpecialFunctions ───────────── v1.2.1
  Installed IterativeSolvers ───────────── v0.9.0
  Installed IteratorInterfaceExtensions ── v1.0.0
  Installed UnPack ─────────────────────── v1.0.2
  Installed SortingAlgorithms ──────────── v0.3.1
  Installed Compat ─────────────────────── v3.25.0
  Installed RecursiveFactorization ─────── v0.1.0
  Installed DocStringExtensions ────────── v0.8.3
  Installed ChainRulesCore ─────────────── v0.9.24
  Installed RandomNumbers ──────────────── v1.4.0
  Installed SafeTestsets ───────────────── v0.0.1
  Installed OpenSpecFun_jll ────────────── v0.5.3+4
  Installed ModelingToolkit ────────────── v4.5.0
  Installed LaTeXStrings ───────────────── v1.2.0
  Installed Artifacts ──────────────────── v1.3.0
Updating `~/.julia/environments/v1.5/Project.toml`
  [65888b18] + ParameterizedFunctions v5.7.0
Updating `~/.julia/environments/v1.5/Manifest.toml`
  [c3fe647b] + AbstractAlgebra v0.12.0
  [ec485272] + ArnoldiMethod v0.0.4
  [4fba245c] + ArrayInterface v2.14.13
  [56f22d72] + Artifacts v1.3.0
  [d360d2e6] + ChainRulesCore v0.9.24
  [861a8166] + Combinatorics v1.0.2
  [bbf7d656] + CommonSubexpressions v0.3.0
  [34da2185] + Compat v3.25.0
  [e66e0078] + CompilerSupportLibraries_jll v0.3.4+0
  [187b0558] + ConstructionBase v1.0.0
  [9a962f9c] + DataAPI v1.4.0
  [864edb3b] + DataStructures v0.18.8
  [e2d170a0] + DataValueInterfaces v1.0.0
  [2b5f629d] + DiffEqBase v6.53.4
  [c894b116] + DiffEqJump v6.12.2
  [163ba53b] + DiffResults v1.0.3
  [b552c78f] + DiffRules v1.0.2
  [31c24e10] + Distributions v0.24.10
  [ffbed154] + DocStringExtensions v0.8.3
  [e2ba6199] + ExprTools v0.1.3
  [1a297f60] + FillArrays v0.10.2
  [6a86dc24] + FiniteDiff v2.7.2
  [59287772] + Formatting v0.4.2
  [f6369f11] + ForwardDiff v0.10.14
  [069b7b12] + FunctionWrappers v1.1.1
  [615f187c] + IfElse v0.1.0
  [d25df0c9] + Inflate v0.1.2
  [42fd0dbc] + IterativeSolvers v0.9.0
  [82899510] + IteratorInterfaceExtensions v1.0.0
  [692b3bcd] + JLLWrappers v1.2.0
  [b964fa9f] + LaTeXStrings v1.2.0
  [2ee39098] + LabelledArrays v1.4.0
  [23fbe1c1] + Latexify v0.14.7
  [093fc24a] + LightGraphs v1.3.4
  [1914dd2f] + MacroTools v0.5.6
  [e1d29d7a] + Missings v0.4.4
  [961ee093] + ModelingToolkit v4.5.0
  [46d2c3a1] + MuladdMacro v0.2.2
  [77ba4419] + NaNMath v0.3.5
  [8913a72c] + NonlinearSolve v0.3.4
  [efe28fd5] + OpenSpecFun_jll v0.5.3+4
  [bac558e1] + OrderedCollections v1.3.2
  [90014a1f] + PDMats v0.10.1
  [65888b18] + ParameterizedFunctions v5.7.0
  [d96e819e] + Parameters v0.12.1
  [e409e4f3] + PoissonRandom v0.4.0
  [1fd47b50] + QuadGK v2.4.1
  [fb686558] + RandomExtensions v0.4.3
  [e6cf234a] + RandomNumbers v1.4.0
  [3cdcf5f2] + RecipesBase v1.1.1
  [731186ca] + RecursiveArrayTools v2.10.0
  [f2c3362d] + RecursiveFactorization v0.1.0
  [189a3867] + Reexport v0.2.0
  [ae029012] + Requires v1.1.2
  [79098fc4] + Rmath v0.6.1
  [f50d1b31] + Rmath_jll v0.2.2+1
  [7e49a35a] + RuntimeGeneratedFunctions v0.5.0
  [1bc83da4] + SafeTestsets v0.0.1
  [efcf1570] + Setfield v0.7.0
  [699a6c99] + SimpleTraits v0.9.3
  [a2af1166] + SortingAlgorithms v0.3.1
  [276daf66] + SpecialFunctions v1.2.1
  [90137ffa] + StaticArrays v0.12.5
  [2913bbd2] + StatsBase v0.33.2
  [4c63d2b9] + StatsFuns v0.9.6
  [d1185830] + SymbolicUtils v0.6.3
  [3783bdb8] + TableTraits v1.0.0
  [bd369af6] + Tables v1.2.2
  [a759f4b9] + TimerOutputs v0.5.7
  [a2a6695c] + TreeViews v0.3.0
  [3a884ed6] + UnPack v1.0.2
  [1986cc42] + Unitful v1.5.0
  [700de1a5] + ZygoteRules v0.2.1
  [2a0f44e3] + Base64
  [ade2ca70] + Dates
  [8bb1440f] + DelimitedFiles
  [8ba89e20] + Distributed
  [9fa8497b] + Future
  [b77e0a4c] + InteractiveUtils
  [76f85450] + LibGit2
  [8f399da3] + Libdl
  [37e2e46d] + LinearAlgebra
  [56ddb016] + Logging
  [d6f4376e] + Markdown
  [a63ad114] + Mmap
  [44cfe95a] + Pkg
  [de0858da] + Printf
  [3fa0cd96] + REPL
  [9a3f8284] + Random
  [ea8e919c] + SHA
  [9e88b42a] + Serialization
  [1a1011a3] + SharedArrays
  [6462fe0b] + Sockets
  [2f01184e] + SparseArrays
  [10745b16] + Statistics
  [4607b0f0] + SuiteSparse
  [8dfed614] + Test
  [cf7118a7] + UUIDs
  [4ec0a83e] + Unicode


################################################################################
# Testing: 2021-01-11T21:24:12.85
#

    Testing ParameterizedFunctions
Status `/tmp/jl_XX6BEc/Project.toml`
  [864edb3b] DataStructures v0.18.8
  [2b5f629d] DiffEqBase v6.53.4
  [23fbe1c1] Latexify v0.14.7
  [961ee093] ModelingToolkit v4.5.0
  [65888b18] ParameterizedFunctions v5.7.0
  [189a3867] Reexport v0.2.0
  [276daf66] SpecialFunctions v1.2.1
  [b77e0a4c] InteractiveUtils
  [37e2e46d] LinearAlgebra
  [8dfed614] Test
Status `/tmp/jl_XX6BEc/Manifest.toml`
  [c3fe647b] AbstractAlgebra v0.12.0
  [ec485272] ArnoldiMethod v0.0.4
  [4fba245c] ArrayInterface v2.14.13
  [56f22d72] Artifacts v1.3.0
  [d360d2e6] ChainRulesCore v0.9.24
  [861a8166] Combinatorics v1.0.2
  [bbf7d656] CommonSubexpressions v0.3.0
  [34da2185] Compat v3.25.0
  [e66e0078] CompilerSupportLibraries_jll v0.3.4+0
  [187b0558] ConstructionBase v1.0.0
  [9a962f9c] DataAPI v1.4.0
  [864edb3b] DataStructures v0.18.8
  [e2d170a0] DataValueInterfaces v1.0.0
  [2b5f629d] DiffEqBase v6.53.4
  [c894b116] DiffEqJump v6.12.2
  [163ba53b] DiffResults v1.0.3
  [b552c78f] DiffRules v1.0.2
  [31c24e10] Distributions v0.24.10
  [ffbed154] DocStringExtensions v0.8.3
  [e2ba6199] ExprTools v0.1.3
  [1a297f60] FillArrays v0.10.2
  [6a86dc24] FiniteDiff v2.7.2
  [59287772] Formatting v0.4.2
  [f6369f11] ForwardDiff v0.10.14
  [069b7b12] FunctionWrappers v1.1.1
  [615f187c] IfElse v0.1.0
  [d25df0c9] Inflate v0.1.2
  [42fd0dbc] IterativeSolvers v0.9.0
  [82899510] IteratorInterfaceExtensions v1.0.0
  [692b3bcd] JLLWrappers v1.2.0
  [b964fa9f] LaTeXStrings v1.2.0
  [2ee39098] LabelledArrays v1.4.0
  [23fbe1c1] Latexify v0.14.7
  [093fc24a] LightGraphs v1.3.4
  [1914dd2f] MacroTools v0.5.6
  [e1d29d7a] Missings v0.4.4
  [961ee093] ModelingToolkit v4.5.0
  [46d2c3a1] MuladdMacro v0.2.2
  [77ba4419] NaNMath v0.3.5
  [8913a72c] NonlinearSolve v0.3.4
  [efe28fd5] OpenSpecFun_jll v0.5.3+4
  [bac558e1] OrderedCollections v1.3.2
  [90014a1f] PDMats v0.10.1
  [65888b18] ParameterizedFunctions v5.7.0
  [d96e819e] Parameters v0.12.1
  [e409e4f3] PoissonRandom v0.4.0
  [1fd47b50] QuadGK v2.4.1
  [fb686558] RandomExtensions v0.4.3
  [e6cf234a] RandomNumbers v1.4.0
  [3cdcf5f2] RecipesBase v1.1.1
  [731186ca] RecursiveArrayTools v2.10.0
  [f2c3362d] RecursiveFactorization v0.1.0
  [189a3867] Reexport v0.2.0
  [ae029012] Requires v1.1.2
  [79098fc4] Rmath v0.6.1
  [f50d1b31] Rmath_jll v0.2.2+1
  [7e49a35a] RuntimeGeneratedFunctions v0.5.0
  [1bc83da4] SafeTestsets v0.0.1
  [efcf1570] Setfield v0.7.0
  [699a6c99] SimpleTraits v0.9.3
  [a2af1166] SortingAlgorithms v0.3.1
  [276daf66] SpecialFunctions v1.2.1
  [90137ffa] StaticArrays v0.12.5
  [2913bbd2] StatsBase v0.33.2
  [4c63d2b9] StatsFuns v0.9.6
  [d1185830] SymbolicUtils v0.6.3
  [3783bdb8] TableTraits v1.0.0
  [bd369af6] Tables v1.2.2
  [a759f4b9] TimerOutputs v0.5.7
  [a2a6695c] TreeViews v0.3.0
  [3a884ed6] UnPack v1.0.2
  [1986cc42] Unitful v1.5.0
  [700de1a5] ZygoteRules v0.2.1
  [2a0f44e3] Base64
  [ade2ca70] Dates
  [8bb1440f] DelimitedFiles
  [8ba89e20] Distributed
  [9fa8497b] Future
  [b77e0a4c] InteractiveUtils
  [76f85450] LibGit2
  [8f399da3] Libdl
  [37e2e46d] LinearAlgebra
  [56ddb016] Logging
  [d6f4376e] Markdown
  [a63ad114] Mmap
  [44cfe95a] Pkg
  [de0858da] Printf
  [3fa0cd96] REPL
  [9a3f8284] Random
  [ea8e919c] SHA
  [9e88b42a] Serialization
  [1a1011a3] SharedArrays
  [6462fe0b] Sockets
  [2f01184e] SparseArrays
  [10745b16] Statistics
  [4607b0f0] SuiteSparse
  [8dfed614] Test
  [cf7118a7] UUIDs
  [4ec0a83e] Unicode
Build some examples
Test Failed at /home/user/.julia/packages/ParameterizedFunctions/sBrWK/test/runtests.jl:14
  Expression: latexify(f_t) == raw"$\begin{align}
\frac{dx(t)}{dt} =& \mathrm{x}\left( t \right) 1 \\
\frac{dy(t)}{dt} =& \mathrm{y}\left( t \right) \left(  - c \right) + d \mathrm{x}\left( t \right) \mathrm{y}\left( t \right) t^{2}
\end{align}
$"
   Evaluated: L"\begin{align}
\frac{dx(t)}{dt} =& x\left( t \right) 1 \\
\frac{dy(t)}{dt} =& y\left( t \right) \left(  - c \right) + d x\left( t \right) y\left( t \right) t^{2}
\end{align}
" == "\$\\begin{align}\n\\frac{dx(t)}{dt} =& \\mathrm{x}\\left( t \\right) 1 \\\\\n\\frac{dy(t)}{dt} =& \\mathrm{y}\\left( t \\right) \\left(  - c \\right) + d \\mathrm{x}\\left( t \\right) \\mathrm{y}\\left( t \\right) t^{2}\n\\end{align}\n\$"
ERROR: LoadError: There was an error during testing
in expression starting at /home/user/.julia/packages/ParameterizedFunctions/sBrWK/test/runtests.jl:14

PkgEval failed: Package ParameterizedFunctions errored during testing
Stacktrace:
 [1] pkgerror(::String) at /workspace/srcdir/usr/share/julia/stdlib/v1.5/Pkg/src/Types.jl:52
 [2] test(::Pkg.Types.Context, ::Array{Pkg.Types.PackageSpec,1}; coverage::Bool, julia_args::Cmd, test_args::Cmd, test_fn::Nothing) at /workspace/srcdir/usr/share/julia/stdlib/v1.5/Pkg/src/Operations.jl:1578
 [3] test(::Pkg.Types.Context, ::Array{Pkg.Types.PackageSpec,1}; coverage::Bool, test_fn::Nothing, julia_args::Cmd, test_args::Cmd, kwargs::Base.Iterators.Pairs{Union{},Union{},Tuple{},NamedTuple{(),Tuple{}}}) at /workspace/srcdir/usr/share/julia/stdlib/v1.5/Pkg/src/API.jl:327
 [4] test(::Pkg.Types.Context, ::Array{Pkg.Types.PackageSpec,1}) at /workspace/srcdir/usr/share/julia/stdlib/v1.5/Pkg/src/API.jl:314
 [5] #test#61 at /workspace/srcdir/usr/share/julia/stdlib/v1.5/Pkg/src/API.jl:67 [inlined]
 [6] test at /workspace/srcdir/usr/share/julia/stdlib/v1.5/Pkg/src/API.jl:67 [inlined]
 [7] #test#60 at /workspace/srcdir/usr/share/julia/stdlib/v1.5/Pkg/src/API.jl:66 [inlined]
 [8] test at /workspace/srcdir/usr/share/julia/stdlib/v1.5/Pkg/src/API.jl:66 [inlined]
 [9] test(::String; kwargs::Base.Iterators.Pairs{Union{},Union{},Tuple{},NamedTuple{(),Tuple{}}}) at /workspace/srcdir/usr/share/julia/stdlib/v1.5/Pkg/src/API.jl:65
 [10] test(::String) at /workspace/srcdir/usr/share/julia/stdlib/v1.5/Pkg/src/API.jl:65
 [11] top-level scope at none:22
 [12] eval at ./boot.jl:331 [inlined]
 [13] eval(::Expr) at ./client.jl:467
 [14] top-level scope at none:1
 [15] eval(::Module, ::Any) at ./boot.jl:331
 [16] exec_options(::Base.JLOptions) at ./client.jl:272
 [17] _start() at ./client.jl:506


################################################################################
# PkgEval teardown: 2021-01-11T21:24:52.867
CPU usage: 51.42s (47.74s user, 3.79s kernel)

Network usage:
- eth0: 5.914 MiB received, 372.479 KiB sent

Raw statistics: {"blkio_stats":{"io_queue_recursive":[],"io_serviced_recursive":[{"major":259,"value":0,"op":"Read","minor":0},{"major":259,"value":19,"op":"Write","minor":0},{"major":259,"value":14,"op":"Sync","minor":0},{"major":259,"value":5,"op":"Async","minor":0},{"major":259,"value":0,"op":"Discard","minor":0},{"major":259,"value":19,"op":"Total","minor":0},{"major":253,"value":0,"op":"Read","minor":2},{"major":253,"value":19,"op":"Write","minor":2},{"major":253,"value":14,"op":"Sync","minor":2},{"major":253,"value":5,"op":"Async","minor":2},{"major":253,"value":0,"op":"Discard","minor":2},{"major":253,"value":19,"op":"Total","minor":2}],"io_time_recursive":[],"sectors_recursive":[],"io_service_bytes_recursive":[{"major":259,"value":0,"op":"Read","minor":0},{"major":259,"value":110592,"op":"Write","minor":0},{"major":259,"value":57344,"op":"Sync","minor":0},{"major":259,"value":53248,"op":"Async","minor":0},{"major":259,"value":0,"op":"Discard","minor":0},{"major":259,"value":110592,"op":"Total","minor":0},{"major":253,"value":0,"op":"Read","minor":2},{"major":253,"value":110592,"op":"Write","minor":2},{"major":253,"value":57344,"op":"Sync","minor":2},{"major":253,"value":53248,"op":"Async","minor":2},{"major":253,"value":0,"op":"Discard","minor":2},{"major":253,"value":110592,"op":"Total","minor":2}],"io_wait_time_recursive":[],"io_merged_recursive":[],"io_service_time_recursive":[]},"memory_stats":{"usage":453619712,"max_usage":797065216,"stats":{"hierarchical_memory_limit":9223372036854771712,"pgmajfault":0,"total_rss":322383872,"inactive_file":135168,"inactive_anon":95158272,"total_pgfault":791571,"total_cache":97652736,"total_rss_huge":0,"total_active_anon":324943872,"total_pgmajfault":0,"pgpgin":316074,"rss_huge":0,"mapped_file":0,"total_inactive_file":135168,"dirty":135168,"total_unevictable":0,"total_dirty":135168,"writeback":0,"pgpgout":213480,"hierarchical_memsw_limit":0,"cache":97652736,"active_file":135168,"pgfault":791571,"total_mapped_file":0,"total_pgpgout":213480,"total_writeback":0,"rss":322383872,"unevictable":0,"total_inactive_anon":95158272,"total_pgpgin":316074,"active_anon":324943872,"total_active_file":135168},"limit":540965302272},"name":"/ParameterizedFunctions-QXkYSoxx","networks":{"eth0":{"rx_bytes":6200819,"rx_packets":2505,"tx_packets":2997,"tx_bytes":381418,"tx_dropped":0,"rx_dropped":2,"tx_errors":0,"rx_errors":0}},"id":"51b024aca79a32bd7bd0ea8ccbaa56dca312fad9304283a32433030cdd3d3549","preread":"0001-01-01T00:00:00Z","storage_stats":{},"precpu_stats":{"throttling_data":{"throttled_periods":0,"throttled_time":0,"periods":0},"cpu_usage":{"usage_in_usermode":0,"usage_in_kernelmode":0,"total_usage":0}},"pids_stats":{"current":44},"num_procs":0,"cpu_stats":{"throttling_data":{"throttled_periods":0,"throttled_time":0,"periods":0},"system_cpu_usage":5929949054522419,"online_cpus":128,"cpu_usage":{"usage_in_usermode":47740000000,"usage_in_kernelmode":3790000000,"total_usage":51421061063,"percpu_usage":[0,0,0,0,0,0,0,0,0,0,0,0,0,51420409843,0,0,0,0,0,0,0,0,0,0,0,0,0,0,0,0,0,0,0,0,0,0,0,0,0,0,0,0,0,0,0,0,0,0,0,0,0,0,0,0,0,0,0,0,0,0,0,0,0,0,0,0,0,0,0,0,0,0,0,0,0,0,0,0,0,651220,0,0,0,0,0,0,0,0,0,0,0,0,0,0,0,0,0,0,0,0,0,0,0,0,0,0,0,0,0,0,0,0,0,0,0,0,0,0,0,0,0,0,0,0,0,0,0,0]}},"read":"2021-01-11T21:24:52.869630679Z"}