################################################################################
# PkgEval set-up: 2021-01-11T16:40:10.491
#

Julia Version 1.5.3
Commit 599f52c4c6 (2020-12-18 13:33 UTC)
Platform Info:
  OS: Linux (x86_64-linux-gnu)
  CPU: AMD EPYC 7502 32-Core Processor
  WORD_SIZE: 64
  LIBM: libopenlibm
  LLVM: libLLVM-9.0.1 (ORCJIT, znver2)
Environment:
  JULIA_PKG_PRECOMPILE_AUTO = 0
  JULIA_PKGEVAL = true

Base.julia_cmd() = `/opt/julia/bin/julia -Cnative -J/opt/julia/lib/julia/sys.so -g1`


################################################################################
# Installation: 2021-01-11T16:40:12.268
#

 Installing known registries into `~/.julia`
################################################################          90.1%######################################################################## 100.0%
      Added registry `General` to `~/.julia/registries/General`
  Resolving package versions...
  Installed ParameterSchedulers ─ v0.1.0
Updating `~/.julia/environments/v1.5/Project.toml`
  [d7d3b36b] + ParameterSchedulers v0.1.0
Updating `~/.julia/environments/v1.5/Manifest.toml`
  [d7d3b36b] + ParameterSchedulers v0.1.0


################################################################################
# Testing: 2021-01-11T16:40:15.998
#

    Testing ParameterSchedulers
Status `/tmp/jl_jkwMQP/Project.toml`
  [d7d3b36b] ParameterSchedulers v0.1.0
  [8dfed614] Test
Status `/tmp/jl_jkwMQP/Manifest.toml`
  [d7d3b36b] ParameterSchedulers v0.1.0
  [2a0f44e3] Base64
  [8ba89e20] Distributed
  [b77e0a4c] InteractiveUtils
  [56ddb016] Logging
  [d6f4376e] Markdown
  [9a3f8284] Random
  [9e88b42a] Serialization
  [6462fe0b] Sockets
  [8dfed614] Test
Test Summary: | Pass  Total
Generic       |   20     20
Test Summary: | Pass  Total
Decay         |   34     34
Test Summary: | Pass  Total
Cyclic        |   63     63
    Testing ParameterSchedulers tests passed 

PkgEval succeeded


################################################################################
# PkgEval teardown: 2021-01-11T16:40:21.823
CPU usage: 11.27s (8.75s user, 2.54s kernel)

Network usage:
- eth0: 2.556 MiB received, 27.354 KiB sent

Raw statistics: {"blkio_stats":{"io_queue_recursive":[],"io_serviced_recursive":[{"major":259,"value":0,"op":"Read","minor":0},{"major":259,"value":24,"op":"Write","minor":0},{"major":259,"value":19,"op":"Sync","minor":0},{"major":259,"value":5,"op":"Async","minor":0},{"major":259,"value":0,"op":"Discard","minor":0},{"major":259,"value":24,"op":"Total","minor":0},{"major":253,"value":0,"op":"Read","minor":2},{"major":253,"value":24,"op":"Write","minor":2},{"major":253,"value":19,"op":"Sync","minor":2},{"major":253,"value":5,"op":"Async","minor":2},{"major":253,"value":0,"op":"Discard","minor":2},{"major":253,"value":24,"op":"Total","minor":2}],"io_time_recursive":[],"sectors_recursive":[],"io_service_bytes_recursive":[{"major":259,"value":0,"op":"Read","minor":0},{"major":259,"value":126976,"op":"Write","minor":0},{"major":259,"value":106496,"op":"Sync","minor":0},{"major":259,"value":20480,"op":"Async","minor":0},{"major":259,"value":0,"op":"Discard","minor":0},{"major":259,"value":126976,"op":"Total","minor":0},{"major":253,"value":0,"op":"Read","minor":2},{"major":253,"value":126976,"op":"Write","minor":2},{"major":253,"value":106496,"op":"Sync","minor":2},{"major":253,"value":20480,"op":"Async","minor":2},{"major":253,"value":0,"op":"Discard","minor":2},{"major":253,"value":126976,"op":"Total","minor":2}],"io_wait_time_recursive":[],"io_merged_recursive":[],"io_service_time_recursive":[]},"memory_stats":{"usage":327012352,"max_usage":580530176,"stats":{"hierarchical_memory_limit":9223372036854771712,"pgmajfault":0,"total_rss":216776704,"inactive_file":135168,"inactive_anon":78802944,"total_pgfault":309408,"total_cache":80396288,"total_rss_huge":0,"total_active_anon":217485312,"total_pgmajfault":0,"pgpgin":200739,"rss_huge":0,"mapped_file":0,"total_inactive_file":135168,"dirty":135168,"total_unevictable":0,"total_dirty":135168,"writeback":0,"pgpgout":128201,"hierarchical_memsw_limit":0,"cache":80396288,"active_file":946176,"pgfault":309408,"total_mapped_file":0,"total_pgpgout":128201,"total_writeback":0,"rss":216776704,"unevictable":0,"total_inactive_anon":78802944,"total_pgpgin":200739,"active_anon":217485312,"total_active_file":946176},"limit":540965302272},"name":"/ParameterSchedulers-7yTeofR4","networks":{"eth0":{"rx_bytes":2680079,"rx_packets":280,"tx_packets":282,"tx_bytes":28010,"tx_dropped":0,"rx_dropped":1,"tx_errors":0,"rx_errors":0}},"id":"2fce8d9e7061673cec7a7d54856ceec91d9c3e3fdc3d7dc9900e3045b8a6a192","preread":"0001-01-01T00:00:00Z","storage_stats":{},"precpu_stats":{"throttling_data":{"throttled_periods":0,"throttled_time":0,"periods":0},"cpu_usage":{"usage_in_usermode":0,"usage_in_kernelmode":0,"total_usage":0}},"pids_stats":{"current":40},"num_procs":0,"cpu_stats":{"throttling_data":{"throttled_periods":0,"throttled_time":0,"periods":0},"system_cpu_usage":3748594144522419,"online_cpus":128,"cpu_usage":{"usage_in_usermode":8750000000,"usage_in_kernelmode":2540000000,"total_usage":11271671307,"percpu_usage":[0,0,0,0,0,0,0,0,0,0,0,0,0,0,0,0,0,0,0,0,0,0,0,0,0,0,0,0,0,0,11271666437,0,0,0,0,0,0,0,0,0,0,0,0,0,0,0,0,0,0,0,0,0,0,0,0,0,0,0,0,0,0,0,0,0,0,0,0,0,0,0,0,0,0,0,0,0,0,0,0,0,0,0,0,0,0,0,0,0,0,0,0,0,4870,0,0,0,0,0,0,0,0,0,0,0,0,0,0,0,0,0,0,0,0,0,0,0,0,0,0,0,0,0,0,0,0,0,0,0]}},"read":"2021-01-11T16:40:21.826432797Z"}