################################################################################
# PkgEval set-up: 2021-01-11T20:48:41.282
#

Julia Version 1.5.3
Commit 599f52c4c6 (2020-12-18 13:33 UTC)
Platform Info:
  OS: Linux (x86_64-linux-gnu)
  CPU: AMD EPYC 7502 32-Core Processor
  WORD_SIZE: 64
  LIBM: libopenlibm
  LLVM: libLLVM-9.0.1 (ORCJIT, znver2)
Environment:
  JULIA_PKG_PRECOMPILE_AUTO = 0
  JULIA_PKGEVAL = true

Base.julia_cmd() = `/opt/julia/bin/julia -Cnative -J/opt/julia/lib/julia/sys.so -g1`


################################################################################
# Installation: 2021-01-11T20:48:43.129
#

 Installing known registries into `~/.julia`
##########                                                                15.1%######################################################################## 100.0%
      Added registry `General` to `~/.julia/registries/General`
  Resolving package versions...
  Installed Parsers ─ v1.0.15
Updating `~/.julia/environments/v1.5/Project.toml`
  [69de0a69] + Parsers v1.0.15
Updating `~/.julia/environments/v1.5/Manifest.toml`
  [69de0a69] + Parsers v1.0.15
  [ade2ca70] + Dates
  [de0858da] + Printf
  [4ec0a83e] + Unicode


################################################################################
# Testing: 2021-01-11T20:48:47.998
#

    Testing Parsers
Status `/tmp/jl_CpkCRR/Project.toml`
  [69de0a69] Parsers v1.0.15
  [ade2ca70] Dates
  [8dfed614] Test
Status `/tmp/jl_CpkCRR/Manifest.toml`
  [69de0a69] Parsers v1.0.15
  [2a0f44e3] Base64
  [ade2ca70] Dates
  [8ba89e20] Distributed
  [b77e0a4c] InteractiveUtils
  [56ddb016] Logging
  [d6f4376e] Markdown
  [de0858da] Printf
  [9a3f8284] Random
  [9e88b42a] Serialization
  [6462fe0b] Sockets
  [8dfed614] Test
  [4ec0a83e] Unicode
ERROR on case=8, oq='{', cq='}', e='\', str= {-, (str = " {-", kwargs = (sentinel = missing,), x = 0, code = -32668, vpos = 3, vlen = 1, tlen = 3)
parsing String, pos=1, len=3
string 1) parsed: ' '
stripping leading whitespace
string 2) parsed: '{'
detected open quote character
string 3) parsed: '-'
looking for close quote character
finished parsing: INVALID: SENTINEL | QUOTED | EOF | INVALID_QUOTED_FIELD 
ERROR on case=9, oq='{', cq='}', e='\', str={+, (str = "{+", kwargs = (sentinel = missing,), x = 0, code = -32668, vpos = 2, vlen = 1, tlen = 2)
parsing String, pos=1, len=2
string 1) parsed: '{'
detected open quote character
string 3) parsed: '+'
looking for close quote character
finished parsing: INVALID: SENTINEL | QUOTED | EOF | INVALID_QUOTED_FIELD 
ERROR on case=33, oq='{', cq='}', e='\', str={NAN, (str = "{NAN", kwargs = (sentinel = ["NANA", "NAN", "NA"],), x = 0, code = -32666, vpos = 2, vlen = 3, tlen = 4)
parsing String, pos=1, len=4
string 1) parsed: '{'
detected open quote character
string 3) parsed: 'N'
checking for sentinel value
matched sentinel value: "NAN"
looking for close quote character
string 9) parsed: 'A'
string 9) parsed: 'N'
finished parsing: INVALID: OK | QUOTED | EOF | INVALID_QUOTED_FIELD 
ERROR on case=35, oq='{', cq='}', e='\', str= {NA, (str = " {NA", kwargs = (sentinel = ["NANA", "NAN", "NA"],), x = 0, code = -32666, vpos = 3, vlen = 2, tlen = 4)
parsing String, pos=1, len=4
string 1) parsed: ' '
stripping leading whitespace
string 2) parsed: '{'
detected open quote character
string 3) parsed: 'N'
checking for sentinel value
matched sentinel value: "NA"
looking for close quote character
string 9) parsed: 'A'
finished parsing: INVALID: OK | QUOTED | EOF | INVALID_QUOTED_FIELD 
ERROR on case=41, oq='{', cq='}', e='\', str= {\tNA, (str = " {\tNA", kwargs = (sentinel = ["NANA", "NAN", "NA"],), x = 0, code = -32666, vpos = 3, vlen = 3, tlen = 5)
parsing String, pos=1, len=5
string 1) parsed: ' '
stripping leading whitespace
string 2) parsed: '{'
detected open quote character
string 3) parsed: '\t'
stripping whitespace within quoted field
string 4) parsed: 'N'
checking for sentinel value
matched sentinel value: "NA"
looking for close quote character
string 9) parsed: 'A'
finished parsing: INVALID: OK | QUOTED | EOF | INVALID_QUOTED_FIELD 
ERROR on case=46, oq='{', cq='}', e='\', str={1, (str = "{1", kwargs = (sentinel = ["1"],), x = 1, code = -32666, vpos = 2, vlen = 1, tlen = 2)
parsing String, pos=1, len=2
string 1) parsed: '{'
detected open quote character
string 3) parsed: '1'
checking for sentinel value
matched sentinel value: "1"
looking for close quote character
finished parsing: INVALID: OK | QUOTED | EOF | INVALID_QUOTED_FIELD 
ERROR on case=47, oq='{', cq='}', e='\', str={1 , (str = "{1 ", kwargs = (sentinel = ["1"],), x = 1, code = -32666, vpos = 2, vlen = 2, tlen = 3)
parsing String, pos=1, len=3
string 1) parsed: '{'
detected open quote character
string 3) parsed: '1'
checking for sentinel value
matched sentinel value: "1"
looking for close quote character
string 9) parsed: ' '
finished parsing: INVALID: SENTINEL | QUOTED | EOF | INVALID_QUOTED_FIELD 
ERROR on case=49, oq='{', cq='}', e='\', str= {+1, (str = " {+1", kwargs = (sentinel = ["+1"],), x = 1, code = -32666, vpos = 3, vlen = 2, tlen = 4)
parsing String, pos=1, len=4
string 1) parsed: ' '
stripping leading whitespace
string 2) parsed: '{'
detected open quote character
string 3) parsed: '+'
checking for sentinel value
matched sentinel value: "+1"
looking for close quote character
string 9) parsed: '1'
finished parsing: INVALID: OK | QUOTED | EOF | INVALID_QUOTED_FIELD 
ERROR on case=55, oq='{', cq='}', e='\', str= {\t-, (str = " {\t-", kwargs = (sentinel = ["-"],), x = 0, code = -32666, vpos = 3, vlen = 2, tlen = 4)
parsing String, pos=1, len=4
string 1) parsed: ' '
stripping leading whitespace
string 2) parsed: '{'
detected open quote character
string 3) parsed: '\t'
stripping whitespace within quoted field
string 4) parsed: '-'
checking for sentinel value
matched sentinel value: "-"
looking for close quote character
finished parsing: INVALID: OK | QUOTED | EOF | INVALID_QUOTED_FIELD 
ERROR on case=70, oq='{', cq='}', e='\', str={1, (str = "{1", kwargs = (), x = 1, code = -32667, vpos = 2, vlen = 1, tlen = 2)
parsing String, pos=1, len=2
string 1) parsed: '{'
detected open quote character
string 3) parsed: '1'
looking for close quote character
finished parsing: INVALID: OK | QUOTED | EOF | INVALID_QUOTED_FIELD 
ERROR on case=71, oq='{', cq='}', e='\', str={1 , (str = "{1 ", kwargs = (), x = 1, code = -32667, vpos = 2, vlen = 2, tlen = 3)
parsing String, pos=1, len=3
string 1) parsed: '{'
detected open quote character
string 3) parsed: '1'
looking for close quote character
string 9) parsed: ' '
finished parsing: INVALID: OK | QUOTED | EOF | INVALID_QUOTED_FIELD 
ERROR on case=73, oq='{', cq='}', e='\', str= {+1, (str = " {+1", kwargs = (), x = 1, code = -32667, vpos = 3, vlen = 2, tlen = 4)
parsing String, pos=1, len=4
string 1) parsed: ' '
stripping leading whitespace
string 2) parsed: '{'
detected open quote character
string 3) parsed: '+'
looking for close quote character
string 9) parsed: '1'
finished parsing: INVALID: OK | QUOTED | EOF | INVALID_QUOTED_FIELD 
ERROR on case=79, oq='{', cq='}', e='\', str= {\t-, (str = " {\t-", kwargs = (), x = 0, code = -32668, vpos = 3, vlen = 2, tlen = 4)
parsing String, pos=1, len=4
string 1) parsed: ' '
stripping leading whitespace
string 2) parsed: '{'
detected open quote character
string 3) parsed: '\t'
stripping whitespace within quoted field
string 4) parsed: '-'
looking for close quote character
finished parsing: INVALID: OK | QUOTED | EOF | INVALID_QUOTED_FIELD 
ERROR on case=83, oq='{', cq='}', e='\', str={1abc, (str = "{1abc", kwargs = (sentinel = ["1abc"],), x = 1, code = -32666, vpos = 2, vlen = 4, tlen = 5)
parsing String, pos=1, len=5
string 1) parsed: '{'
detected open quote character
string 3) parsed: '1'
checking for sentinel value
matched sentinel value: "1abc"
looking for close quote character
string 9) parsed: 'a'
string 9) parsed: 'b'
string 9) parsed: 'c'
finished parsing: INVALID: OK | QUOTED | EOF | INVALID_QUOTED_FIELD 
ERROR on case=93, oq='{', cq='}', e='\', str={9223372036854775808a, (str = "{9223372036854775808a", kwargs = (sentinel = ["9223372036854775808a"],), x = -9223372036854775808, code = -32666, vpos = 2, vlen = 20, tlen = 21)
parsing String, pos=1, len=21
string 1) parsed: '{'
detected open quote character
string 3) parsed: '9'
checking for sentinel value
matched sentinel value: "9223372036854775808a"
looking for close quote character
string 9) parsed: '2'
string 9) parsed: '2'
string 9) parsed: '3'
string 9) parsed: '3'
string 9) parsed: '7'
string 9) parsed: '2'
string 9) parsed: '0'
string 9) parsed: '3'
string 9) parsed: '6'
string 9) parsed: '8'
string 9) parsed: '5'
string 9) parsed: '4'
string 9) parsed: '7'
string 9) parsed: '7'
string 9) parsed: '5'
string 9) parsed: '8'
string 9) parsed: '0'
string 9) parsed: '8'
string 9) parsed: 'a'
finished parsing: INVALID: OK | QUOTED | EOF | INVALID_QUOTED_FIELD 
ERROR on case=94, oq='{', cq='}', e='\', str={9223372036854775808, (str = "{9223372036854775808", kwargs = (), x = -9223372036854775808, code = -32412, vpos = 2, vlen = 19, tlen = 20)
parsing String, pos=1, len=20
string 1) parsed: '{'
detected open quote character
string 3) parsed: '9'
looking for close quote character
string 9) parsed: '2'
string 9) parsed: '2'
string 9) parsed: '3'
string 9) parsed: '3'
string 9) parsed: '7'
string 9) parsed: '2'
string 9) parsed: '0'
string 9) parsed: '3'
string 9) parsed: '6'
string 9) parsed: '8'
string 9) parsed: '5'
string 9) parsed: '4'
string 9) parsed: '7'
string 9) parsed: '7'
string 9) parsed: '5'
string 9) parsed: '8'
string 9) parsed: '0'
string 9) parsed: '8'
finished parsing: INVALID: OK | QUOTED | EOF | INVALID_QUOTED_FIELD 
ERROR on case=95, oq='{', cq='}', e='\', str={9223372036854775807, (str = "{9223372036854775807", kwargs = (), x = 9223372036854775807, code = -32667, vpos = 2, vlen = 19, tlen = 20)
parsing String, pos=1, len=20
string 1) parsed: '{'
detected open quote character
string 3) parsed: '9'
looking for close quote character
string 9) parsed: '2'
string 9) parsed: '2'
string 9) parsed: '3'
string 9) parsed: '3'
string 9) parsed: '7'
string 9) parsed: '2'
string 9) parsed: '0'
string 9) parsed: '3'
string 9) parsed: '6'
string 9) parsed: '8'
string 9) parsed: '5'
string 9) parsed: '4'
string 9) parsed: '7'
string 9) parsed: '7'
string 9) parsed: '5'
string 9) parsed: '8'
string 9) parsed: '0'
string 9) parsed: '7'
finished parsing: INVALID: OK | QUOTED | EOF | INVALID_QUOTED_FIELD 
ERROR on case=100, oq='{', cq='}', e='\', str={9223372036854775807a, (str = "{9223372036854775807a", kwargs = (sentinel = ["9223372036854775807a"],), x = 9223372036854775807, code = -32666, vpos = 2, vlen = 20, tlen = 21)
parsing String, pos=1, len=21
string 1) parsed: '{'
detected open quote character
string 3) parsed: '9'
checking for sentinel value
matched sentinel value: "9223372036854775807a"
looking for close quote character
string 9) parsed: '2'
string 9) parsed: '2'
string 9) parsed: '3'
string 9) parsed: '3'
string 9) parsed: '7'
string 9) parsed: '2'
string 9) parsed: '0'
string 9) parsed: '3'
string 9) parsed: '6'
string 9) parsed: '8'
string 9) parsed: '5'
string 9) parsed: '4'
string 9) parsed: '7'
string 9) parsed: '7'
string 9) parsed: '5'
string 9) parsed: '8'
string 9) parsed: '0'
string 9) parsed: '7'
string 9) parsed: 'a'
finished parsing: INVALID: OK | QUOTED | EOF | INVALID_QUOTED_FIELD 
  0.539657 seconds (5.90 M allocations: 332.141 MiB, 6.71% gc time)
Test Summary: |   Pass   Total
Parsers       | 590637  590637
    Testing Parsers tests passed 

PkgEval succeeded


################################################################################
# PkgEval teardown: 2021-01-11T20:50:01.866
CPU usage: 80.54s (77.02s user, 3.65s kernel)

Network usage:
- eth0: 2.584 MiB received, 27.601 KiB sent

Raw statistics: {"blkio_stats":{"io_queue_recursive":[],"io_serviced_recursive":[{"major":259,"value":0,"op":"Read","minor":0},{"major":259,"value":24,"op":"Write","minor":0},{"major":259,"value":19,"op":"Sync","minor":0},{"major":259,"value":5,"op":"Async","minor":0},{"major":259,"value":0,"op":"Discard","minor":0},{"major":259,"value":24,"op":"Total","minor":0},{"major":253,"value":0,"op":"Read","minor":2},{"major":253,"value":24,"op":"Write","minor":2},{"major":253,"value":19,"op":"Sync","minor":2},{"major":253,"value":5,"op":"Async","minor":2},{"major":253,"value":0,"op":"Discard","minor":2},{"major":253,"value":24,"op":"Total","minor":2}],"io_time_recursive":[],"sectors_recursive":[],"io_service_bytes_recursive":[{"major":259,"value":0,"op":"Read","minor":0},{"major":259,"value":126976,"op":"Write","minor":0},{"major":259,"value":106496,"op":"Sync","minor":0},{"major":259,"value":20480,"op":"Async","minor":0},{"major":259,"value":0,"op":"Discard","minor":0},{"major":259,"value":126976,"op":"Total","minor":0},{"major":253,"value":0,"op":"Read","minor":2},{"major":253,"value":126976,"op":"Write","minor":2},{"major":253,"value":106496,"op":"Sync","minor":2},{"major":253,"value":20480,"op":"Async","minor":2},{"major":253,"value":0,"op":"Discard","minor":2},{"major":253,"value":126976,"op":"Total","minor":2}],"io_wait_time_recursive":[],"io_merged_recursive":[],"io_service_time_recursive":[]},"memory_stats":{"usage":333590528,"max_usage":931065856,"stats":{"hierarchical_memory_limit":9223372036854771712,"pgmajfault":0,"total_rss":220766208,"inactive_file":135168,"inactive_anon":78802944,"total_pgfault":916146,"total_cache":83582976,"total_rss_huge":0,"total_active_anon":225595392,"total_pgmajfault":0,"pgpgin":479754,"rss_huge":0,"mapped_file":0,"total_inactive_file":135168,"dirty":405504,"total_unevictable":0,"total_dirty":405504,"writeback":135168,"pgpgout":405436,"hierarchical_memsw_limit":0,"cache":83582976,"active_file":135168,"pgfault":916146,"total_mapped_file":0,"total_pgpgout":405436,"total_writeback":135168,"rss":220766208,"unevictable":0,"total_inactive_anon":78802944,"total_pgpgin":479754,"active_anon":225595392,"total_active_file":135168},"limit":540965302272},"name":"/Parsers-kUa5hBhl","networks":{"eth0":{"rx_bytes":2709971,"rx_packets":325,"tx_packets":286,"tx_bytes":28263,"tx_dropped":0,"rx_dropped":3,"tx_errors":0,"rx_errors":0}},"id":"6f1685d49e7958de7e8f9ff20b85954deddbea44c0cb58b1c2172458c1761305","preread":"0001-01-01T00:00:00Z","storage_stats":{},"precpu_stats":{"throttling_data":{"throttled_periods":0,"throttled_time":0,"periods":0},"cpu_usage":{"usage_in_usermode":0,"usage_in_kernelmode":0,"total_usage":0}},"pids_stats":{"current":40},"num_procs":0,"cpu_stats":{"throttling_data":{"throttled_periods":0,"throttled_time":0,"periods":0},"system_cpu_usage":5662838814522419,"online_cpus":128,"cpu_usage":{"usage_in_usermode":77020000000,"usage_in_kernelmode":3650000000,"total_usage":80543922440,"percpu_usage":[80543922440,0,0,0,0,0,0,0,0,0,0,0,0,0,0,0,0,0,0,0,0,0,0,0,0,0,0,0,0,0,0,0,0,0,0,0,0,0,0,0,0,0,0,0,0,0,0,0,0,0,0,0,0,0,0,0,0,0,0,0,0,0,0,0,0,0,0,0,0,0,0,0,0,0,0,0,0,0,0,0,0,0,0,0,0,0,0,0,0,0,0,0,0,0,0,0,0,0,0,0,0,0,0,0,0,0,0,0,0,0,0,0,0,0,0,0,0,0,0,0,0,0,0,0,0,0,0,0]}},"read":"2021-01-11T20:50:01.868567799Z"}