################################################################################
# PkgEval set-up: 2021-01-11T22:52:29.1
#

Julia Version 1.5.3
Commit 599f52c4c6 (2020-12-18 13:33 UTC)
Platform Info:
  OS: Linux (x86_64-linux-gnu)
  CPU: AMD EPYC 7502 32-Core Processor
  WORD_SIZE: 64
  LIBM: libopenlibm
  LLVM: libLLVM-9.0.1 (ORCJIT, znver2)
Environment:
  JULIA_PKG_PRECOMPILE_AUTO = 0
  JULIA_PKGEVAL = true

Base.julia_cmd() = `/opt/julia/bin/julia -Cnative -J/opt/julia/lib/julia/sys.so -g1`


################################################################################
# Installation: 2021-01-11T22:52:30.921
#

 Installing known registries into `~/.julia`
######################################################################## 100.0%
      Added registry `General` to `~/.julia/registries/General`
  Resolving package versions...
  Installed CompilerSupportLibraries_jll ─ v0.3.4+0
  Installed Reexport ───────────────────── v1.0.0
  Installed Rmath_jll ──────────────────── v0.2.2+1
  Installed PartialSvdStoch ────────────── v0.1.1
  Installed Rmath ──────────────────────── v0.6.1
  Installed MuladdMacro ────────────────── v0.2.2
  Installed MKL_jll ────────────────────── v2020.2.254+0
  Installed FFTW ───────────────────────── v1.3.1
  Installed FillArrays ─────────────────── v0.10.2
  Installed StatsBase ──────────────────── v0.33.2
  Installed DataStructures ─────────────── v0.18.8
  Installed DataAPI ────────────────────── v1.4.0
  Installed QuadGK ─────────────────────── v2.4.1
  Installed FFTW_jll ───────────────────── v3.3.9+7
  Installed LowRankApprox ──────────────── v0.4.2
  Installed Match ──────────────────────── v1.1.0
  Installed OrderedCollections ─────────── v1.3.2
  Installed IntelOpenMP_jll ────────────── v2018.0.3+0
  Installed Nullables ──────────────────── v1.0.0
  Installed Missings ───────────────────── v0.4.4
  Installed PDMats ─────────────────────── v0.10.1
  Installed AbstractFFTs ───────────────── v1.0.0
  Installed StatsFuns ──────────────────── v0.9.6
  Installed JLLWrappers ────────────────── v1.2.0
  Installed Distributions ──────────────── v0.24.10
  Installed SortingAlgorithms ──────────── v0.3.1
  Installed SpecialFunctions ───────────── v1.2.1
  Installed Compat ─────────────────────── v3.25.0
  Installed ChainRulesCore ─────────────── v0.9.24
  Installed OpenSpecFun_jll ────────────── v0.5.3+4
  Installed Artifacts ──────────────────── v1.3.0
Updating `~/.julia/environments/v1.5/Project.toml`
  [1149b383] + PartialSvdStoch v0.1.1
Updating `~/.julia/environments/v1.5/Manifest.toml`
  [621f4979] + AbstractFFTs v1.0.0
  [56f22d72] + Artifacts v1.3.0
  [d360d2e6] + ChainRulesCore v0.9.24
  [34da2185] + Compat v3.25.0
  [e66e0078] + CompilerSupportLibraries_jll v0.3.4+0
  [9a962f9c] + DataAPI v1.4.0
  [864edb3b] + DataStructures v0.18.8
  [31c24e10] + Distributions v0.24.10
  [7a1cc6ca] + FFTW v1.3.1
  [f5851436] + FFTW_jll v3.3.9+7
  [1a297f60] + FillArrays v0.10.2
  [1d5cc7b8] + IntelOpenMP_jll v2018.0.3+0
  [692b3bcd] + JLLWrappers v1.2.0
  [898213cb] + LowRankApprox v0.4.2
  [856f044c] + MKL_jll v2020.2.254+0
  [7eb4fadd] + Match v1.1.0
  [e1d29d7a] + Missings v0.4.4
  [46d2c3a1] + MuladdMacro v0.2.2
  [4d1e1d77] + Nullables v1.0.0
  [efe28fd5] + OpenSpecFun_jll v0.5.3+4
  [bac558e1] + OrderedCollections v1.3.2
  [90014a1f] + PDMats v0.10.1
  [1149b383] + PartialSvdStoch v0.1.1
  [1fd47b50] + QuadGK v2.4.1
  [189a3867] + Reexport v1.0.0
  [79098fc4] + Rmath v0.6.1
  [f50d1b31] + Rmath_jll v0.2.2+1
  [a2af1166] + SortingAlgorithms v0.3.1
  [276daf66] + SpecialFunctions v1.2.1
  [2913bbd2] + StatsBase v0.33.2
  [4c63d2b9] + StatsFuns v0.9.6
  [2a0f44e3] + Base64
  [ade2ca70] + Dates
  [8bb1440f] + DelimitedFiles
  [8ba89e20] + Distributed
  [b77e0a4c] + InteractiveUtils
  [76f85450] + LibGit2
  [8f399da3] + Libdl
  [37e2e46d] + LinearAlgebra
  [56ddb016] + Logging
  [d6f4376e] + Markdown
  [a63ad114] + Mmap
  [44cfe95a] + Pkg
  [de0858da] + Printf
  [3fa0cd96] + REPL
  [9a3f8284] + Random
  [ea8e919c] + SHA
  [9e88b42a] + Serialization
  [1a1011a3] + SharedArrays
  [6462fe0b] + Sockets
  [2f01184e] + SparseArrays
  [10745b16] + Statistics
  [4607b0f0] + SuiteSparse
  [8dfed614] + Test
  [cf7118a7] + UUIDs
  [4ec0a83e] + Unicode
   Building FFTW → `~/.julia/packages/FFTW/eADNB/deps/build.log`


################################################################################
# Testing: 2021-01-11T22:52:38.393
#

    Testing PartialSvdStoch
Status `/tmp/jl_sjRDRY/Project.toml`
  [31c24e10] Distributions v0.24.10
  [898213cb] LowRankApprox v0.4.2
  [7eb4fadd] Match v1.1.0
  [1149b383] PartialSvdStoch v0.1.1
  [37e2e46d] LinearAlgebra
  [56ddb016] Logging
  [de0858da] Printf
  [9a3f8284] Random
  [9e88b42a] Serialization
  [10745b16] Statistics
  [8dfed614] Test
Status `/tmp/jl_sjRDRY/Manifest.toml`
  [621f4979] AbstractFFTs v1.0.0
  [56f22d72] Artifacts v1.3.0
  [d360d2e6] ChainRulesCore v0.9.24
  [34da2185] Compat v3.25.0
  [e66e0078] CompilerSupportLibraries_jll v0.3.4+0
  [9a962f9c] DataAPI v1.4.0
  [864edb3b] DataStructures v0.18.8
  [31c24e10] Distributions v0.24.10
  [7a1cc6ca] FFTW v1.3.1
  [f5851436] FFTW_jll v3.3.9+7
  [1a297f60] FillArrays v0.10.2
  [1d5cc7b8] IntelOpenMP_jll v2018.0.3+0
  [692b3bcd] JLLWrappers v1.2.0
  [898213cb] LowRankApprox v0.4.2
  [856f044c] MKL_jll v2020.2.254+0
  [7eb4fadd] Match v1.1.0
  [e1d29d7a] Missings v0.4.4
  [46d2c3a1] MuladdMacro v0.2.2
  [4d1e1d77] Nullables v1.0.0
  [efe28fd5] OpenSpecFun_jll v0.5.3+4
  [bac558e1] OrderedCollections v1.3.2
  [90014a1f] PDMats v0.10.1
  [1149b383] PartialSvdStoch v0.1.1
  [1fd47b50] QuadGK v2.4.1
  [189a3867] Reexport v1.0.0
  [79098fc4] Rmath v0.6.1
  [f50d1b31] Rmath_jll v0.2.2+1
  [a2af1166] SortingAlgorithms v0.3.1
  [276daf66] SpecialFunctions v1.2.1
  [2913bbd2] StatsBase v0.33.2
  [4c63d2b9] StatsFuns v0.9.6
  [2a0f44e3] Base64
  [ade2ca70] Dates
  [8bb1440f] DelimitedFiles
  [8ba89e20] Distributed
  [b77e0a4c] InteractiveUtils
  [76f85450] LibGit2
  [8f399da3] Libdl
  [37e2e46d] LinearAlgebra
  [56ddb016] Logging
  [d6f4376e] Markdown
  [a63ad114] Mmap
  [44cfe95a] Pkg
  [de0858da] Printf
  [3fa0cd96] REPL
  [9a3f8284] Random
  [ea8e919c] SHA
  [9e88b42a] Serialization
  [1a1011a3] SharedArrays
  [6462fe0b] Sockets
  [2f01184e] SparseArrays
  [10745b16] Statistics
  [4607b0f0] SuiteSparse
  [8dfed614] Test
  [cf7118a7] UUIDs
  [4ec0a83e] Unicode
[ Info: =========================================================
┌ Info: 
│ 
└  in test ifsvd_versus_svd
[ Info: doing exact svd ...
  0.533271 seconds (11 allocations: 47.745 MiB, 5.27% gc time)
[ Info: LowRankApproxMc in left singular vector mode
┌ Debug: LowRankApproxMc.reduceToRank setting samplingSize: 
│   datapb.samplingSize = 105
└ @ PartialSvdStoch ~/.julia/packages/PartialSvdStoch/BasnF/src/lowRankApproxMc.jl:331
┌ Warning: LowRankApproxMc.reduceToRank using maxiter 
│   maxiter = 2
└ @ PartialSvdStoch ~/.julia/packages/PartialSvdStoch/BasnF/src/lowRankApproxMc.jl:333
┌ Debug: in LowRankApproxMc reduceIfast v2
└ @ PartialSvdStoch ~/.julia/packages/PartialSvdStoch/BasnF/src/lowRankApproxMc.jl:98
┌ Debug: meanL2NormC
│   meanL2NormC = 50.16853851224309
└ @ PartialSvdStoch ~/.julia/packages/PartialSvdStoch/BasnF/src/lowRankApproxMc.jl:108
┌ Debug: 
│ 
│  iteration 
│   datapb.currentIter = 1
└ @ PartialSvdStoch ~/.julia/packages/PartialSvdStoch/BasnF/src/lowRankApproxMc.jl:116
┌ Debug: 
│  c meanL2Norm at Iter  :  
│   meanL2NormIter = 16.639456266487844
└ @ PartialSvdStoch ~/.julia/packages/PartialSvdStoch/BasnF/src/lowRankApproxMc.jl:136
┌ Debug: acceptanceRatio
│   acceptanceRatio = 0.2761904761904762
└ @ PartialSvdStoch ~/.julia/packages/PartialSvdStoch/BasnF/src/lowRankApproxMc.jl:150
┌ Debug: QR orthogonalizing new block size At
│   size(At) = (500, 29)
└ @ PartialSvdStoch ~/.julia/packages/PartialSvdStoch/BasnF/src/lowRankApproxMc.jl:162
┌ Info: A size
└   size(A) = (500, 29)
┌ Debug: updating E
└ @ PartialSvdStoch ~/.julia/packages/PartialSvdStoch/BasnF/src/lowRankApproxMc.jl:189
┌ Info:  iteration  , ||E|| set size 
│   datapb.currentIter = 1
│   datapb.residualErr = 0.23809771740516272
└   datapb.currentRank = 29
┌ Debug: 
│ 
│  iteration 
│   datapb.currentIter = 2
└ @ PartialSvdStoch ~/.julia/packages/PartialSvdStoch/BasnF/src/lowRankApproxMc.jl:116
┌ Debug: 
│  c meanL2Norm at Iter  :  
│   meanL2NormIter = 7.098240468002952
└ @ PartialSvdStoch ~/.julia/packages/PartialSvdStoch/BasnF/src/lowRankApproxMc.jl:136
┌ Debug: acceptanceRatio
│   acceptanceRatio = 0.6095238095238096
└ @ PartialSvdStoch ~/.julia/packages/PartialSvdStoch/BasnF/src/lowRankApproxMc.jl:150
┌ Debug: QR orthogonalizing new block size At
│   size(At) = (500, 64)
└ @ PartialSvdStoch ~/.julia/packages/PartialSvdStoch/BasnF/src/lowRankApproxMc.jl:162
┌ Info: A size
└   size(A) = (500, 93)
┌ Debug: computing right vectors
└ @ PartialSvdStoch ~/.julia/packages/PartialSvdStoch/BasnF/src/lowRankApproxMc.jl:213
┌ Debug: exiting LowRankApproxMc reduceIfast
└ @ PartialSvdStoch ~/.julia/packages/PartialSvdStoch/BasnF/src/lowRankApproxMc.jl:221
┌ Warning: reduceToRank  got only up to rank
│   (size(datapb.U.value))[2] = 93
└ @ PartialSvdStoch ~/.julia/packages/PartialSvdStoch/BasnF/src/lowRankApproxMc.jl:349
  2.779584 seconds (5.41 M allocations: 464.790 MiB, 8.58% gc time)
┌ Info: relative residual error LowRankApproxMc 
└   norm(matApprox - mat) / norm(mat) = 0.11999879578243387
  0.495247 seconds (195 allocations: 47.757 MiB, 0.85% gc time)
┌ Info: relative error on eigen values after reconstruction : 
└   relerr = 0.01734813105350065
Test Summary:    | Pass  Total
ifsvd_versus_svd |    1      1
[ Info: =========================================================
┌ Info: 
│ 
└  in test ifsvd_lowRankApproxEpsil
┌ Debug: doing LowRankApproxMc reduceToRank
└ @ Main ~/.julia/packages/PartialSvdStoch/BasnF/test/testifsvd.jl:53
[ Info: LowRankApproxMc in left singular vector mode
┌ Debug: in LowRankApproxMc reduceIfast v2
└ @ PartialSvdStoch ~/.julia/packages/PartialSvdStoch/BasnF/src/lowRankApproxMc.jl:98
┌ Debug: meanL2NormC
│   meanL2NormC = 9769.002319444244
└ @ PartialSvdStoch ~/.julia/packages/PartialSvdStoch/BasnF/src/lowRankApproxMc.jl:108
┌ Debug: 
│ 
│  iteration 
│   datapb.currentIter = 1
└ @ PartialSvdStoch ~/.julia/packages/PartialSvdStoch/BasnF/src/lowRankApproxMc.jl:116
┌ Debug: 
│  c meanL2Norm at Iter  :  
│   meanL2NormIter = 7707.60834332926
└ @ PartialSvdStoch ~/.julia/packages/PartialSvdStoch/BasnF/src/lowRankApproxMc.jl:136
┌ Debug: acceptanceRatio
│   acceptanceRatio = 1.0
└ @ PartialSvdStoch ~/.julia/packages/PartialSvdStoch/BasnF/src/lowRankApproxMc.jl:150
┌ Debug: QR orthogonalizing new block size At
│   size(At) = (10000, 100)
└ @ PartialSvdStoch ~/.julia/packages/PartialSvdStoch/BasnF/src/lowRankApproxMc.jl:162
┌ Info: A size
└   size(A) = (10000, 100)
┌ Debug: updating E
└ @ PartialSvdStoch ~/.julia/packages/PartialSvdStoch/BasnF/src/lowRankApproxMc.jl:189
┌ Info:  iteration  , ||E|| set size 
│   datapb.currentIter = 1
│   datapb.residualErr = 0.580636395282194
└   datapb.currentRank = 100
┌ Debug: 
│ 
│  iteration 
│   datapb.currentIter = 2
└ @ PartialSvdStoch ~/.julia/packages/PartialSvdStoch/BasnF/src/lowRankApproxMc.jl:116
┌ Debug: 
│  c meanL2Norm at Iter  :  
│   meanL2NormIter = 3868.467988642838
└ @ PartialSvdStoch ~/.julia/packages/PartialSvdStoch/BasnF/src/lowRankApproxMc.jl:136
┌ Debug: acceptanceRatio
│   acceptanceRatio = 0.98
└ @ PartialSvdStoch ~/.julia/packages/PartialSvdStoch/BasnF/src/lowRankApproxMc.jl:150
┌ Debug: QR orthogonalizing new block size At
│   size(At) = (10000, 98)
└ @ PartialSvdStoch ~/.julia/packages/PartialSvdStoch/BasnF/src/lowRankApproxMc.jl:162
┌ Info: A size
└   size(A) = (10000, 198)
┌ Debug: updating E
└ @ PartialSvdStoch ~/.julia/packages/PartialSvdStoch/BasnF/src/lowRankApproxMc.jl:189
┌ Info:  iteration  , ||E|| set size 
│   datapb.currentIter = 2
│   datapb.residualErr = 0.30953088938673395
└   datapb.currentRank = 198
┌ Debug: 
│ 
│  iteration 
│   datapb.currentIter = 3
└ @ PartialSvdStoch ~/.julia/packages/PartialSvdStoch/BasnF/src/lowRankApproxMc.jl:116
┌ Debug: 
│  c meanL2Norm at Iter  :  
│   meanL2NormIter = 1806.4029092974954
└ @ PartialSvdStoch ~/.julia/packages/PartialSvdStoch/BasnF/src/lowRankApproxMc.jl:136
┌ Debug: acceptanceRatio
│   acceptanceRatio = 0.98
└ @ PartialSvdStoch ~/.julia/packages/PartialSvdStoch/BasnF/src/lowRankApproxMc.jl:150
┌ Debug: QR orthogonalizing new block size At
│   size(At) = (10000, 98)
└ @ PartialSvdStoch ~/.julia/packages/PartialSvdStoch/BasnF/src/lowRankApproxMc.jl:162
┌ Info: A size
└   size(A) = (10000, 296)
┌ Debug: updating E
└ @ PartialSvdStoch ~/.julia/packages/PartialSvdStoch/BasnF/src/lowRankApproxMc.jl:189
┌ Info:  iteration  , ||E|| set size 
│   datapb.currentIter = 3
│   datapb.residualErr = 0.14188349535119957
└   datapb.currentRank = 296
┌ Debug: 
│ 
│  iteration 
│   datapb.currentIter = 4
└ @ PartialSvdStoch ~/.julia/packages/PartialSvdStoch/BasnF/src/lowRankApproxMc.jl:116
┌ Debug: 
│  c meanL2Norm at Iter  :  
│   meanL2NormIter = 842.0403822073313
└ @ PartialSvdStoch ~/.julia/packages/PartialSvdStoch/BasnF/src/lowRankApproxMc.jl:136
┌ Debug: acceptanceRatio
│   acceptanceRatio = 0.99
└ @ PartialSvdStoch ~/.julia/packages/PartialSvdStoch/BasnF/src/lowRankApproxMc.jl:150
┌ Debug: QR orthogonalizing new block size At
│   size(At) = (10000, 99)
└ @ PartialSvdStoch ~/.julia/packages/PartialSvdStoch/BasnF/src/lowRankApproxMc.jl:162
┌ Info: A size
└   size(A) = (10000, 395)
┌ Debug: updating E
└ @ PartialSvdStoch ~/.julia/packages/PartialSvdStoch/BasnF/src/lowRankApproxMc.jl:189
┌ Info:  iteration  , ||E|| set size 
│   datapb.currentIter = 4
│   datapb.residualErr = 0.05378474358552599
└   datapb.currentRank = 395
┌ Debug: 
│ 
│  iteration 
│   datapb.currentIter = 5
└ @ PartialSvdStoch ~/.julia/packages/PartialSvdStoch/BasnF/src/lowRankApproxMc.jl:116
┌ Debug: 
│  c meanL2Norm at Iter  :  
│   meanL2NormIter = 380.22498225131994
└ @ PartialSvdStoch ~/.julia/packages/PartialSvdStoch/BasnF/src/lowRankApproxMc.jl:136
┌ Debug: acceptanceRatio
│   acceptanceRatio = 0.98
└ @ PartialSvdStoch ~/.julia/packages/PartialSvdStoch/BasnF/src/lowRankApproxMc.jl:150
┌ Debug: QR orthogonalizing new block size At
│   size(At) = (10000, 98)
└ @ PartialSvdStoch ~/.julia/packages/PartialSvdStoch/BasnF/src/lowRankApproxMc.jl:162
┌ Info: A size
└   size(A) = (10000, 493)
┌ Debug: computing right vectors
└ @ PartialSvdStoch ~/.julia/packages/PartialSvdStoch/BasnF/src/lowRankApproxMc.jl:213
┌ Debug: exiting LowRankApproxMc reduceIfast
└ @ PartialSvdStoch ~/.julia/packages/PartialSvdStoch/BasnF/src/lowRankApproxMc.jl:221
 46.965488 seconds (2.57 M allocations: 66.888 GiB, 5.52% gc time)
┌ Info: delta mat after LowRankApproxMc reduce
│   norm(matApprox - mat) = 49998.322948113266
└   norm(mat) = 1.3815455571012273e6
┌ Info: relative residual error
└   norm(matApprox - mat) / norm(mat) = 0.036190136974578124
Test Summary:            | Pass  Total
ifsvd_lowRankApproxEpsil |    1      1
[ Info: =========================================================
┌ Info: 
│ 
└  in test vrpca_epsil
┌ Info: testvrpca_withepsil : doing vrpca initialization with epsil
└   epsil = 0.01
┌ Debug: VrPCA initialized by Vempala's LowRankApproxMc and epsil target
└ @ PartialSvdStoch ~/.julia/packages/PartialSvdStoch/BasnF/src/vrpca.jl:104
[ Info: LowRankApproxMc in left singular vector mode
┌ Debug: in LowRankApproxMc reduceIfast v2
└ @ PartialSvdStoch ~/.julia/packages/PartialSvdStoch/BasnF/src/lowRankApproxMc.jl:98
┌ Debug: meanL2NormC
│   meanL2NormC = 4084.9677045592202
└ @ PartialSvdStoch ~/.julia/packages/PartialSvdStoch/BasnF/src/lowRankApproxMc.jl:108
┌ Debug: 
│ 
│  iteration 
│   datapb.currentIter = 1
└ @ PartialSvdStoch ~/.julia/packages/PartialSvdStoch/BasnF/src/lowRankApproxMc.jl:116
┌ Debug: 
│  c meanL2Norm at Iter  :  
│   meanL2NormIter = 448.88189910164493
└ @ PartialSvdStoch ~/.julia/packages/PartialSvdStoch/BasnF/src/lowRankApproxMc.jl:136
┌ Debug: acceptanceRatio
│   acceptanceRatio = 0.62
└ @ PartialSvdStoch ~/.julia/packages/PartialSvdStoch/BasnF/src/lowRankApproxMc.jl:150
┌ Debug: QR orthogonalizing new block size At
│   size(At) = (5000, 62)
└ @ PartialSvdStoch ~/.julia/packages/PartialSvdStoch/BasnF/src/lowRankApproxMc.jl:162
┌ Info: A size
└   size(A) = (5000, 62)
┌ Debug: updating E
└ @ PartialSvdStoch ~/.julia/packages/PartialSvdStoch/BasnF/src/lowRankApproxMc.jl:189
┌ Info:  iteration  , ||E|| set size 
│   datapb.currentIter = 1
│   datapb.residualErr = 0.3082156997629476
└   datapb.currentRank = 62
┌ Debug: 
│ 
│  iteration 
│   datapb.currentIter = 2
└ @ PartialSvdStoch ~/.julia/packages/PartialSvdStoch/BasnF/src/lowRankApproxMc.jl:116
┌ Debug: 
│  c meanL2Norm at Iter  :  
│   meanL2NormIter = 97.84478710218188
└ @ PartialSvdStoch ~/.julia/packages/PartialSvdStoch/BasnF/src/lowRankApproxMc.jl:136
┌ Debug: acceptanceRatio
│   acceptanceRatio = 0.31
└ @ PartialSvdStoch ~/.julia/packages/PartialSvdStoch/BasnF/src/lowRankApproxMc.jl:150
┌ Debug: QR orthogonalizing new block size At
│   size(At) = (5000, 31)
└ @ PartialSvdStoch ~/.julia/packages/PartialSvdStoch/BasnF/src/lowRankApproxMc.jl:162
┌ Info: A size
└   size(A) = (5000, 93)
┌ Debug: updating E
└ @ PartialSvdStoch ~/.julia/packages/PartialSvdStoch/BasnF/src/lowRankApproxMc.jl:189
┌ Info:  iteration  , ||E|| set size 
│   datapb.currentIter = 2
│   datapb.residualErr = 0.13131227598700085
└   datapb.currentRank = 93
┌ Debug: 
│ 
│  iteration 
│   datapb.currentIter = 3
└ @ PartialSvdStoch ~/.julia/packages/PartialSvdStoch/BasnF/src/lowRankApproxMc.jl:116
┌ Debug: 
│  c meanL2Norm at Iter  :  
│   meanL2NormIter = 34.31084100957826
└ @ PartialSvdStoch ~/.julia/packages/PartialSvdStoch/BasnF/src/lowRankApproxMc.jl:136
┌ Debug: acceptanceRatio
│   acceptanceRatio = 0.07
└ @ PartialSvdStoch ~/.julia/packages/PartialSvdStoch/BasnF/src/lowRankApproxMc.jl:150
┌ Debug: QR orthogonalizing new block size At
│   size(At) = (5000, 7)
└ @ PartialSvdStoch ~/.julia/packages/PartialSvdStoch/BasnF/src/lowRankApproxMc.jl:162
┌ Info: A size
└   size(A) = (5000, 100)
┌ Debug: updating E
└ @ PartialSvdStoch ~/.julia/packages/PartialSvdStoch/BasnF/src/lowRankApproxMc.jl:189
┌ Info:  iteration  , ||E|| set size 
│   datapb.currentIter = 3
│   datapb.residualErr = 0.004946884156692209
└   datapb.currentRank = 100
┌ Debug: computing right vectors
└ @ PartialSvdStoch ~/.julia/packages/PartialSvdStoch/BasnF/src/lowRankApproxMc.jl:213
┌ Debug: exiting LowRankApproxMc reduceIfast
└ @ PartialSvdStoch ~/.julia/packages/PartialSvdStoch/BasnF/src/lowRankApproxMc.jl:221
┌ Debug: initialization got rank 
│   (size(W))[2] = 100
└ @ PartialSvdStoch ~/.julia/packages/PartialSvdStoch/BasnF/src/vrpca.jl:113
┌ Info: doing vrpca svd iteration
│   eta = 0.01
└   batchSize = 20
┌ Debug: entering VrPCA reduce eta m block version
│   eta = 0.01
│   m = 20
└ @ PartialSvdStoch ~/.julia/packages/PartialSvdStoch/BasnF/src/vrpca.jl:137
┌ Debug:  W_s dim
│   size(W_s) = (5000, 100)
└ @ PartialSvdStoch ~/.julia/packages/PartialSvdStoch/BasnF/src/vrpca.jl:167
┌ Debug:  iter ,  ||W_t - W_s||_2 , ||W_t||_2
│   s = 1
│   deltaW = 5.213279033352285e-10
│   normWt = 100.00000000000526
└ @ PartialSvdStoch ~/.julia/packages/PartialSvdStoch/BasnF/src/vrpca.jl:246
  3.898785 seconds (403.18 k allocations: 2.031 GiB, 1.66% gc time)
┌ Info: residual error after vr
│   norm(matVrpca - mat) = 2020.7851443569598
│   normMat = 408496.770455922
└   relErr = 0.004946881568002527
Test Summary: | Pass  Total
vrpca_epsil   |    1      1
[ Info: =========================================================
┌ Info: 
│ 
└  in test vrpca_withLowRankApprox
[ Info: testvrpca_withLowRankApprox : initialization
  2.741572 seconds (2.74 M allocations: 221.379 MiB)
┌ Info: rank obtained : 
└   (size(Uguess))[2] = 100
┌ Info:  residual Error , initial L2 norm 
│   deltaMatGuess = 9852.847791441209
└   normMat = 408496.770455922
┌ Info:  relative error at initialization 
└   deltaMatGuess / normMat = 0.02411976912435434
┌ Info: doing vrpca svd  with rank initialization...
│   eta = 0.01
└   batchSize = 20
┌ Debug: VrPCA initialized by LowRankApprox and rank target
└ @ PartialSvdStoch ~/.julia/packages/PartialSvdStoch/BasnF/src/vrpca.jl:78
┌ Debug: got rank 
│   (size(W))[2] = 100
└ @ PartialSvdStoch ~/.julia/packages/PartialSvdStoch/BasnF/src/vrpca.jl:86
┌ Debug: entering VrPCA reduce eta m block version
│   eta = 0.01
│   m = 20
└ @ PartialSvdStoch ~/.julia/packages/PartialSvdStoch/BasnF/src/vrpca.jl:137
┌ Debug:  W_s dim
│   size(W_s) = (5000, 100)
└ @ PartialSvdStoch ~/.julia/packages/PartialSvdStoch/BasnF/src/vrpca.jl:167
┌ Debug:  iter ,  ||W_t - W_s||_2 , ||W_t||_2
│   s = 1
│   deltaW = 0.14117082508512505
│   normWt = 100.00000000000075
└ @ PartialSvdStoch ~/.julia/packages/PartialSvdStoch/BasnF/src/vrpca.jl:246
┌ Debug:  iter ,  ||W_t - W_s||_2 , ||W_t||_2
│   s = 2
│   deltaW = 3.079483172814413e-11
│   normWt = 99.99999999999997
└ @ PartialSvdStoch ~/.julia/packages/PartialSvdStoch/BasnF/src/vrpca.jl:246
  5.799057 seconds (104.69 k allocations: 3.244 GiB, 5.14% gc time)
┌ Info: deltaS after vr
│   norm(matVrpca - mat) = 2020.7851443569596
└   normMat = 408496.770455922
┌ Info:  relative error after vrpca iterations : 
└   deltaMatIter / normMat = 0.004946881568002526
Test Summary:           | Pass  Total
vrpca_withLowRankApprox |    1      1
    Testing PartialSvdStoch tests passed 

PkgEval succeeded


################################################################################
# PkgEval teardown: 2021-01-11T22:55:21.972
CPU usage: 172.72s (152.18s user, 20.87s kernel)

Network usage:
- eth0: 3.861 MiB received, 168.521 KiB sent

Raw statistics: {"blkio_stats":{"io_queue_recursive":[],"io_serviced_recursive":[{"major":259,"value":0,"op":"Read","minor":0},{"major":259,"value":28,"op":"Write","minor":0},{"major":259,"value":19,"op":"Sync","minor":0},{"major":259,"value":9,"op":"Async","minor":0},{"major":259,"value":0,"op":"Discard","minor":0},{"major":259,"value":28,"op":"Total","minor":0},{"major":253,"value":0,"op":"Read","minor":2},{"major":253,"value":28,"op":"Write","minor":2},{"major":253,"value":19,"op":"Sync","minor":2},{"major":253,"value":9,"op":"Async","minor":2},{"major":253,"value":0,"op":"Discard","minor":2},{"major":253,"value":28,"op":"Total","minor":2}],"io_time_recursive":[],"sectors_recursive":[],"io_service_bytes_recursive":[{"major":259,"value":0,"op":"Read","minor":0},{"major":259,"value":159744,"op":"Write","minor":0},{"major":259,"value":106496,"op":"Sync","minor":0},{"major":259,"value":53248,"op":"Async","minor":0},{"major":259,"value":0,"op":"Discard","minor":0},{"major":259,"value":159744,"op":"Total","minor":0},{"major":253,"value":0,"op":"Read","minor":2},{"major":253,"value":159744,"op":"Write","minor":2},{"major":253,"value":106496,"op":"Sync","minor":2},{"major":253,"value":53248,"op":"Async","minor":2},{"major":253,"value":0,"op":"Discard","minor":2},{"major":253,"value":159744,"op":"Total","minor":2}],"io_wait_time_recursive":[],"io_merged_recursive":[],"io_service_time_recursive":[]},"memory_stats":{"usage":315604992,"max_usage":8846008320,"stats":{"hierarchical_memory_limit":9223372036854771712,"pgmajfault":0,"total_rss":189386752,"inactive_file":135168,"inactive_anon":82317312,"total_pgfault":12721170,"total_cache":95830016,"total_rss_huge":0,"total_active_anon":203022336,"total_pgmajfault":0,"pgpgin":11536635,"rss_huge":0,"mapped_file":0,"total_inactive_file":135168,"dirty":135168,"total_unevictable":0,"total_dirty":135168,"writeback":0,"pgpgout":11467002,"hierarchical_memsw_limit":0,"cache":95830016,"active_file":135168,"pgfault":12721170,"total_mapped_file":0,"total_pgpgout":11467002,"total_writeback":0,"rss":189386752,"unevictable":0,"total_inactive_anon":82317312,"total_pgpgin":11536635,"active_anon":203022336,"total_active_file":135168},"limit":540965302272},"name":"/PartialSvdStoch-PoayxaaV","networks":{"eth0":{"rx_bytes":4048402,"rx_packets":1270,"tx_packets":1373,"tx_bytes":172566,"tx_dropped":0,"rx_dropped":6,"tx_errors":0,"rx_errors":0}},"id":"7ed73722653efebe11f52ac5d1ec5b5e9dbe3994a6d03fa7a50e78e5dd27bc34","preread":"0001-01-01T00:00:00Z","storage_stats":{},"precpu_stats":{"throttling_data":{"throttled_periods":0,"throttled_time":0,"periods":0},"cpu_usage":{"usage_in_usermode":0,"usage_in_kernelmode":0,"total_usage":0}},"pids_stats":{"current":40},"num_procs":0,"cpu_stats":{"throttling_data":{"throttled_periods":0,"throttled_time":0,"periods":0},"system_cpu_usage":6623667484522419,"online_cpus":128,"cpu_usage":{"usage_in_usermode":152180000000,"usage_in_kernelmode":20870000000,"total_usage":172715384492,"percpu_usage":[0,0,0,0,0,0,0,0,0,0,0,0,0,0,0,0,0,0,0,0,0,0,0,0,0,0,0,0,0,0,0,0,0,0,0,0,0,0,0,0,0,0,0,0,0,0,0,0,0,0,0,0,172715380452,0,0,0,0,0,0,0,0,0,0,0,0,0,0,0,0,0,0,0,0,0,0,0,0,0,0,0,0,0,0,0,0,0,0,0,0,0,0,0,0,0,0,0,0,0,0,0,0,0,0,0,0,0,0,0,0,0,0,0,0,0,0,0,4040,0,0,0,0,0,0,0,0,0,0,0]}},"read":"2021-01-11T22:55:22.683037585Z"}