################################################################################
# PkgEval set-up: 2021-01-11T21:01:25.988
#

Julia Version 1.5.3
Commit 599f52c4c6 (2020-12-18 13:33 UTC)
Platform Info:
  OS: Linux (x86_64-linux-gnu)
  CPU: AMD EPYC 7502 32-Core Processor
  WORD_SIZE: 64
  LIBM: libopenlibm
  LLVM: libLLVM-9.0.1 (ORCJIT, znver2)
Environment:
  JULIA_PKG_PRECOMPILE_AUTO = 0
  JULIA_PKGEVAL = true

Base.julia_cmd() = `/opt/julia/bin/julia -Cnative -J/opt/julia/lib/julia/sys.so -g1`


################################################################################
# Installation: 2021-01-11T21:01:27.765
#

 Installing known registries into `~/.julia`
################                                                          22.7%######################################################################## 100.0%
      Added registry `General` to `~/.julia/registries/General`
  Resolving package versions...
  Installed PEG ─ v1.0.0
Updating `~/.julia/environments/v1.5/Project.toml`
  [12d937ae] + PEG v1.0.0
Updating `~/.julia/environments/v1.5/Manifest.toml`
  [12d937ae] + PEG v1.0.0
  [2a0f44e3] + Base64
  [8ba89e20] + Distributed
  [b77e0a4c] + InteractiveUtils
  [56ddb016] + Logging
  [d6f4376e] + Markdown
  [9a3f8284] + Random
  [9e88b42a] + Serialization
  [6462fe0b] + Sockets
  [8dfed614] + Test


################################################################################
# Testing: 2021-01-11T21:01:31.686
#

    Testing PEG
Status `/tmp/jl_2mDrwT/Project.toml`
  [12d937ae] PEG v1.0.0
  [8dfed614] Test
Status `/tmp/jl_2mDrwT/Manifest.toml`
  [12d937ae] PEG v1.0.0
  [2a0f44e3] Base64
  [8ba89e20] Distributed
  [b77e0a4c] InteractiveUtils
  [56ddb016] Logging
  [d6f4376e] Markdown
  [9a3f8284] Random
  [9e88b42a] Serialization
  [6462fe0b] Sockets
  [8dfed614] Test
    Testing PEG tests passed 

PkgEval succeeded


################################################################################
# PkgEval teardown: 2021-01-11T21:01:44.73
CPU usage: 18.74s (15.92s user, 2.85s kernel)

Network usage:
- eth0: 2.542 MiB received, 29.844 KiB sent

Raw statistics: {"blkio_stats":{"io_queue_recursive":[],"io_serviced_recursive":[{"major":259,"value":0,"op":"Read","minor":0},{"major":259,"value":24,"op":"Write","minor":0},{"major":259,"value":19,"op":"Sync","minor":0},{"major":259,"value":5,"op":"Async","minor":0},{"major":259,"value":0,"op":"Discard","minor":0},{"major":259,"value":24,"op":"Total","minor":0},{"major":253,"value":0,"op":"Read","minor":2},{"major":253,"value":24,"op":"Write","minor":2},{"major":253,"value":19,"op":"Sync","minor":2},{"major":253,"value":5,"op":"Async","minor":2},{"major":253,"value":0,"op":"Discard","minor":2},{"major":253,"value":24,"op":"Total","minor":2}],"io_time_recursive":[],"sectors_recursive":[],"io_service_bytes_recursive":[{"major":259,"value":0,"op":"Read","minor":0},{"major":259,"value":126976,"op":"Write","minor":0},{"major":259,"value":106496,"op":"Sync","minor":0},{"major":259,"value":20480,"op":"Async","minor":0},{"major":259,"value":0,"op":"Discard","minor":0},{"major":259,"value":126976,"op":"Total","minor":0},{"major":253,"value":0,"op":"Read","minor":2},{"major":253,"value":126976,"op":"Write","minor":2},{"major":253,"value":106496,"op":"Sync","minor":2},{"major":253,"value":20480,"op":"Async","minor":2},{"major":253,"value":0,"op":"Discard","minor":2},{"major":253,"value":126976,"op":"Total","minor":2}],"io_wait_time_recursive":[],"io_merged_recursive":[],"io_service_time_recursive":[]},"memory_stats":{"usage":322097152,"max_usage":570867712,"stats":{"hierarchical_memory_limit":9223372036854771712,"pgmajfault":0,"total_rss":213688320,"inactive_file":135168,"inactive_anon":78802944,"total_pgfault":363099,"total_cache":79396864,"total_rss_huge":0,"total_active_anon":214241280,"total_pgmajfault":0,"pgpgin":194535,"rss_huge":0,"mapped_file":0,"total_inactive_file":135168,"dirty":135168,"total_unevictable":0,"total_dirty":135168,"writeback":0,"pgpgout":122987,"hierarchical_memsw_limit":0,"cache":79396864,"active_file":135168,"pgfault":363099,"total_mapped_file":0,"total_pgpgout":122987,"total_writeback":0,"rss":213688320,"unevictable":0,"total_inactive_anon":78802944,"total_pgpgin":194535,"active_anon":214241280,"total_active_file":135168},"limit":540965302272},"name":"/PEG-XKX0Am3I","networks":{"eth0":{"rx_bytes":2665468,"rx_packets":317,"tx_packets":321,"tx_bytes":30560,"tx_dropped":0,"rx_dropped":1,"tx_errors":0,"rx_errors":0}},"id":"d61612c831bf2870dff32d7e5901bcefe39cec5483a97cbf1bbb98e3558b06d9","preread":"0001-01-01T00:00:00Z","storage_stats":{},"precpu_stats":{"throttling_data":{"throttled_periods":0,"throttled_time":0,"periods":0},"cpu_usage":{"usage_in_usermode":0,"usage_in_kernelmode":0,"total_usage":0}},"pids_stats":{"current":40},"num_procs":0,"cpu_stats":{"throttling_data":{"throttled_periods":0,"throttled_time":0,"periods":0},"system_cpu_usage":5752681654522419,"online_cpus":128,"cpu_usage":{"usage_in_usermode":15920000000,"usage_in_kernelmode":2850000000,"total_usage":18736123334,"percpu_usage":[0,0,0,0,0,0,0,0,0,0,0,0,0,0,0,0,0,0,0,0,0,0,0,0,0,0,0,0,0,0,0,0,0,0,0,0,0,0,0,0,0,0,0,0,18736119324,0,0,0,0,0,0,0,0,0,0,0,0,0,0,0,0,0,0,0,0,0,0,0,0,0,0,0,0,0,0,0,0,0,0,0,0,0,0,0,0,0,0,0,0,0,0,0,0,0,0,0,0,0,0,0,0,0,0,0,0,0,0,0,4010,0,0,0,0,0,0,0,0,0,0,0,0,0,0,0,0,0,0,0]}},"read":"2021-01-11T21:01:44.732947032Z"}