################################################################################
# PkgEval set-up: 2021-01-11T17:08:20.819
#

Julia Version 1.5.3
Commit 599f52c4c6 (2020-12-18 13:33 UTC)
Platform Info:
  OS: Linux (x86_64-linux-gnu)
  CPU: AMD EPYC 7502 32-Core Processor
  WORD_SIZE: 64
  LIBM: libopenlibm
  LLVM: libLLVM-9.0.1 (ORCJIT, znver2)
Environment:
  JULIA_PKG_PRECOMPILE_AUTO = 0
  JULIA_PKGEVAL = true

Base.julia_cmd() = `/opt/julia/bin/julia -Cnative -J/opt/julia/lib/julia/sys.so -g1`


################################################################################
# Installation: 2021-01-11T17:08:22.615
#

 Installing known registries into `~/.julia`
######################################################################## 100.0%
      Added registry `General` to `~/.julia/registries/General`
  Resolving package versions...
  Installed Unitful ────────── v1.5.0
  Installed PeriodicTable ──── v1.0.0
  Installed ConstructionBase ─ v1.0.0
Updating `~/.julia/environments/v1.5/Project.toml`
  [7b2266bf] + PeriodicTable v1.0.0
Updating `~/.julia/environments/v1.5/Manifest.toml`
  [187b0558] + ConstructionBase v1.0.0
  [7b2266bf] + PeriodicTable v1.0.0
  [1986cc42] + Unitful v1.5.0
  [2a0f44e3] + Base64
  [8ba89e20] + Distributed
  [b77e0a4c] + InteractiveUtils
  [8f399da3] + Libdl
  [37e2e46d] + LinearAlgebra
  [56ddb016] + Logging
  [d6f4376e] + Markdown
  [9a3f8284] + Random
  [9e88b42a] + Serialization
  [6462fe0b] + Sockets
  [8dfed614] + Test


################################################################################
# Testing: 2021-01-11T17:08:27.974
#

    Testing PeriodicTable
Status `/tmp/jl_VpOWET/Project.toml`
  [7b2266bf] PeriodicTable v1.0.0
  [1986cc42] Unitful v1.5.0
  [2a0f44e3] Base64
  [8dfed614] Test
Status `/tmp/jl_VpOWET/Manifest.toml`
  [187b0558] ConstructionBase v1.0.0
  [7b2266bf] PeriodicTable v1.0.0
  [1986cc42] Unitful v1.5.0
  [2a0f44e3] Base64
  [8ba89e20] Distributed
  [b77e0a4c] InteractiveUtils
  [8f399da3] Libdl
  [37e2e46d] LinearAlgebra
  [56ddb016] Logging
  [d6f4376e] Markdown
  [9a3f8284] Random
  [9e88b42a] Serialization
  [6462fe0b] Sockets
  [8dfed614] Test
    Testing PeriodicTable tests passed 

PkgEval succeeded


################################################################################
# PkgEval teardown: 2021-01-11T17:08:52.299
CPU usage: 30.95s (28.28s user, 2.72s kernel)

Network usage:
- eth0: 2.657 MiB received, 37.129 KiB sent

Raw statistics: {"blkio_stats":{"io_queue_recursive":[],"io_serviced_recursive":[{"major":259,"value":0,"op":"Read","minor":0},{"major":259,"value":24,"op":"Write","minor":0},{"major":259,"value":19,"op":"Sync","minor":0},{"major":259,"value":5,"op":"Async","minor":0},{"major":259,"value":0,"op":"Discard","minor":0},{"major":259,"value":24,"op":"Total","minor":0},{"major":253,"value":0,"op":"Read","minor":2},{"major":253,"value":24,"op":"Write","minor":2},{"major":253,"value":19,"op":"Sync","minor":2},{"major":253,"value":5,"op":"Async","minor":2},{"major":253,"value":0,"op":"Discard","minor":2},{"major":253,"value":24,"op":"Total","minor":2}],"io_time_recursive":[],"sectors_recursive":[],"io_service_bytes_recursive":[{"major":259,"value":0,"op":"Read","minor":0},{"major":259,"value":126976,"op":"Write","minor":0},{"major":259,"value":106496,"op":"Sync","minor":0},{"major":259,"value":20480,"op":"Async","minor":0},{"major":259,"value":0,"op":"Discard","minor":0},{"major":259,"value":126976,"op":"Total","minor":0},{"major":253,"value":0,"op":"Read","minor":2},{"major":253,"value":126976,"op":"Write","minor":2},{"major":253,"value":106496,"op":"Sync","minor":2},{"major":253,"value":20480,"op":"Async","minor":2},{"major":253,"value":0,"op":"Discard","minor":2},{"major":253,"value":126976,"op":"Total","minor":2}],"io_wait_time_recursive":[],"io_merged_recursive":[],"io_service_time_recursive":[]},"memory_stats":{"usage":329596928,"max_usage":851722240,"stats":{"hierarchical_memory_limit":9223372036854771712,"pgmajfault":0,"total_rss":217817088,"inactive_file":135168,"inactive_anon":78938112,"total_pgfault":612216,"total_cache":81743872,"total_rss_huge":0,"total_active_anon":220594176,"total_pgmajfault":0,"pgpgin":315744,"rss_huge":0,"mapped_file":0,"total_inactive_file":135168,"dirty":270336,"total_unevictable":0,"total_dirty":270336,"writeback":135168,"pgpgout":242622,"hierarchical_memsw_limit":0,"cache":81743872,"active_file":135168,"pgfault":612216,"total_mapped_file":0,"total_pgpgout":242622,"total_writeback":135168,"rss":217817088,"unevictable":0,"total_inactive_anon":78938112,"total_pgpgin":315744,"active_anon":220594176,"total_active_file":135168},"limit":540965302272},"name":"/PeriodicTable-sNkGtG3j","networks":{"eth0":{"rx_bytes":2785832,"rx_packets":360,"tx_packets":360,"tx_bytes":38020,"tx_dropped":0,"rx_dropped":1,"tx_errors":0,"rx_errors":0}},"id":"03be938c4bbf9a69f978e230a1ad1a94e5554e0962391b8e697a386e324ddb93","preread":"0001-01-01T00:00:00Z","storage_stats":{},"precpu_stats":{"throttling_data":{"throttled_periods":0,"throttled_time":0,"periods":0},"cpu_usage":{"usage_in_usermode":0,"usage_in_kernelmode":0,"total_usage":0}},"pids_stats":{"current":40},"num_procs":0,"cpu_stats":{"throttling_data":{"throttled_periods":0,"throttled_time":0,"periods":0},"system_cpu_usage":3967150304522419,"online_cpus":128,"cpu_usage":{"usage_in_usermode":28280000000,"usage_in_kernelmode":2720000000,"total_usage":30954119702,"percpu_usage":[0,0,0,0,0,0,0,0,0,0,0,0,0,0,0,0,0,0,0,0,0,0,0,0,0,0,0,0,0,30954114452,0,0,0,0,0,0,0,0,0,0,0,0,0,0,0,0,0,0,0,0,0,0,0,0,0,0,0,0,0,0,0,0,0,0,0,0,0,0,0,0,0,0,0,0,0,0,0,0,0,0,0,0,0,0,0,0,0,0,0,0,0,0,5250,0,0,0,0,0,0,0,0,0,0,0,0,0,0,0,0,0,0,0,0,0,0,0,0,0,0,0,0,0,0,0,0,0,0,0]}},"read":"2021-01-11T17:08:52.302190224Z"}