################################################################################
# PkgEval set-up: 2021-01-11T21:24:18.006
#

Julia Version 1.5.3
Commit 599f52c4c6 (2020-12-18 13:33 UTC)
Platform Info:
  OS: Linux (x86_64-linux-gnu)
  CPU: AMD EPYC 7502 32-Core Processor
  WORD_SIZE: 64
  LIBM: libopenlibm
  LLVM: libLLVM-9.0.1 (ORCJIT, znver2)
Environment:
  JULIA_PKG_PRECOMPILE_AUTO = 0
  JULIA_PKGEVAL = true

Base.julia_cmd() = `/opt/julia/bin/julia -Cnative -J/opt/julia/lib/julia/sys.so -g1`


################################################################################
# Installation: 2021-01-11T21:24:19.868
#

 Installing known registries into `~/.julia`
######################################################################## 100.0%
      Added registry `General` to `~/.julia/registries/General`
  Resolving package versions...
  Installed IniFile ────────────────────── v0.5.0
  Installed CompilerSupportLibraries_jll ─ v0.3.4+0
  Installed PersistentHomologyTransfer ─── v0.1.7
  Installed MbedTLS_jll ────────────────── v2.16.8+1
  Installed Lz4_jll ────────────────────── v1.9.2+2
  Installed Blosc_jll ──────────────────── v1.14.3+1
  Installed Reexport ───────────────────── v0.2.0
  Installed Zlib_jll ───────────────────── v1.2.11+18
  Installed TableTraits ────────────────── v1.0.0
  Installed MultivariateStats ──────────── v0.7.0
  Installed JLD ────────────────────────── v0.10.0
  Installed Tables ─────────────────────── v1.2.2
  Installed CategoricalArrays ──────────── v0.7.7
  Installed DataStructures ─────────────── v0.18.8
  Installed StatsBase ──────────────────── v0.33.2
  Installed Widgets ────────────────────── v0.6.2
  Installed DataFrames ─────────────────── v0.20.2
  Installed Zstd_jll ───────────────────── v1.4.5+2
  Installed Requires ───────────────────── v1.1.2
  Installed FunctionalCollections ──────── v0.5.0
  Installed MbedTLS ────────────────────── v1.0.3
  Installed Hiccup ─────────────────────── v0.2.2
  Installed DataAPI ────────────────────── v1.4.0
  Installed Mustache ───────────────────── v1.0.10
  Installed FileIO ─────────────────────── v1.4.5
  Installed Blink ──────────────────────── v0.12.3
  Installed Eirene ─────────────────────── v1.3.5
  Installed HTTP ───────────────────────── v0.9.2
  Installed Observables ────────────────── v0.3.3
  Installed InvertedIndices ────────────── v1.0.0
  Installed Lazy ───────────────────────── v0.15.1
  Installed ColorTypes ─────────────────── v0.10.9
  Installed OrderedCollections ─────────── v1.3.2
  Installed DataValueInterfaces ────────── v1.0.0
  Installed Colors ─────────────────────── v0.12.6
  Installed WebIO ──────────────────────── v0.8.15
  Installed HDF5 ───────────────────────── v0.13.7
  Installed OpenBLAS_jll ───────────────── v0.3.9+5
  Installed HDF5_jll ───────────────────── v1.10.5+7
  Installed Blosc ──────────────────────── v0.7.0
  Installed AssetRegistry ──────────────── v0.1.0
  Installed Missings ───────────────────── v0.4.4
  Installed MacroTools ─────────────────── v0.5.6
  Installed JLLWrappers ────────────────── v1.2.0
  Installed URIParser ──────────────────── v0.4.1
  Installed PooledArrays ───────────────── v0.5.3
  Installed FilePathsBase ──────────────── v0.7.0
  Installed JSExpr ─────────────────────── v0.5.2
  Installed Distances ──────────────────── v0.9.2
  Installed JSON ───────────────────────── v0.21.1
  Installed Hungarian ──────────────────── v0.6.0
  Installed Arpack_jll ─────────────────── v3.5.0+3
  Installed Mux ────────────────────────── v0.7.5
  Installed CSV ────────────────────────── v0.6.1
  Installed WebSockets ─────────────────── v1.5.7
  Installed URIs ───────────────────────── v1.1.0
  Installed FixedPointNumbers ──────────── v0.8.4
  Installed Pidfile ────────────────────── v1.2.0
  Installed IteratorInterfaceExtensions ── v1.0.0
  Installed BinDeps ────────────────────── v1.0.2
  Installed SortingAlgorithms ──────────── v0.3.1
  Installed WeakRefStrings ─────────────── v0.6.2
  Installed Arpack ─────────────────────── v0.4.0
  Installed Compat ─────────────────────── v3.25.0
  Installed PlotlyBase ─────────────────── v0.4.3
  Installed Parsers ────────────────────── v1.0.15
  Installed DocStringExtensions ────────── v0.8.3
  Installed PlotlyJS ───────────────────── v0.14.0
  Installed LaTeXStrings ───────────────── v1.2.0
  Installed Artifacts ──────────────────── v1.3.0
Updating `~/.julia/environments/v1.5/Project.toml`
  [8e4506b2] + PersistentHomologyTransfer v0.1.7
Updating `~/.julia/environments/v1.5/Manifest.toml`
  [7d9fca2a] + Arpack v0.4.0
  [68821587] + Arpack_jll v3.5.0+3
  [56f22d72] + Artifacts v1.3.0
  [bf4720bc] + AssetRegistry v0.1.0
  [9e28174c] + BinDeps v1.0.2
  [ad839575] + Blink v0.12.3
  [a74b3585] + Blosc v0.7.0
  [0b7ba130] + Blosc_jll v1.14.3+1
  [336ed68f] + CSV v0.6.1
  [324d7699] + CategoricalArrays v0.7.7
  [3da002f7] + ColorTypes v0.10.9
  [5ae59095] + Colors v0.12.6
  [34da2185] + Compat v3.25.0
  [e66e0078] + CompilerSupportLibraries_jll v0.3.4+0
  [9a962f9c] + DataAPI v1.4.0
  [a93c6f00] + DataFrames v0.20.2
  [864edb3b] + DataStructures v0.18.8
  [e2d170a0] + DataValueInterfaces v1.0.0
  [b4f34e82] + Distances v0.9.2
  [ffbed154] + DocStringExtensions v0.8.3
  [9c0f25c4] + Eirene v1.3.5
  [5789e2e9] + FileIO v1.4.5
  [48062228] + FilePathsBase v0.7.0
  [53c48c17] + FixedPointNumbers v0.8.4
  [de31a74c] + FunctionalCollections v0.5.0
  [f67ccb44] + HDF5 v0.13.7
  [0234f1f7] + HDF5_jll v1.10.5+7
  [cd3eb016] + HTTP v0.9.2
  [9fb69e20] + Hiccup v0.2.2
  [e91730f6] + Hungarian v0.6.0
  [83e8ac13] + IniFile v0.5.0
  [41ab1584] + InvertedIndices v1.0.0
  [82899510] + IteratorInterfaceExtensions v1.0.0
  [4138dd39] + JLD v0.10.0
  [692b3bcd] + JLLWrappers v1.2.0
  [97c1335a] + JSExpr v0.5.2
  [682c06a0] + JSON v0.21.1
  [b964fa9f] + LaTeXStrings v1.2.0
  [50d2b5c4] + Lazy v0.15.1
  [5ced341a] + Lz4_jll v1.9.2+2
  [1914dd2f] + MacroTools v0.5.6
  [739be429] + MbedTLS v1.0.3
  [c8ffd9c3] + MbedTLS_jll v2.16.8+1
  [e1d29d7a] + Missings v0.4.4
  [6f286f6a] + MultivariateStats v0.7.0
  [ffc61752] + Mustache v1.0.10
  [a975b10e] + Mux v0.7.5
  [510215fc] + Observables v0.3.3
  [4536629a] + OpenBLAS_jll v0.3.9+5
  [bac558e1] + OrderedCollections v1.3.2
  [69de0a69] + Parsers v1.0.15
  [8e4506b2] + PersistentHomologyTransfer v0.1.7
  [fa939f87] + Pidfile v1.2.0
  [a03496cd] + PlotlyBase v0.4.3
  [f0f68f2c] + PlotlyJS v0.14.0
  [2dfb63ee] + PooledArrays v0.5.3
  [189a3867] + Reexport v0.2.0
  [ae029012] + Requires v1.1.2
  [a2af1166] + SortingAlgorithms v0.3.1
  [2913bbd2] + StatsBase v0.33.2
  [3783bdb8] + TableTraits v1.0.0
  [bd369af6] + Tables v1.2.2
  [30578b45] + URIParser v0.4.1
  [5c2747f8] + URIs v1.1.0
  [ea10d353] + WeakRefStrings v0.6.2
  [0f1e0344] + WebIO v0.8.15
  [104b5d7c] + WebSockets v1.5.7
  [cc8bc4a8] + Widgets v0.6.2
  [83775a58] + Zlib_jll v1.2.11+18
  [3161d3a3] + Zstd_jll v1.4.5+2
  [2a0f44e3] + Base64
  [ade2ca70] + Dates
  [8bb1440f] + DelimitedFiles
  [8ba89e20] + Distributed
  [7b1f6079] + FileWatching
  [9fa8497b] + Future
  [b77e0a4c] + InteractiveUtils
  [76f85450] + LibGit2
  [8f399da3] + Libdl
  [37e2e46d] + LinearAlgebra
  [56ddb016] + Logging
  [d6f4376e] + Markdown
  [a63ad114] + Mmap
  [44cfe95a] + Pkg
  [de0858da] + Printf
  [3fa0cd96] + REPL
  [9a3f8284] + Random
  [ea8e919c] + SHA
  [9e88b42a] + Serialization
  [1a1011a3] + SharedArrays
  [6462fe0b] + Sockets
  [2f01184e] + SparseArrays
  [10745b16] + Statistics
  [8dfed614] + Test
  [cf7118a7] + UUIDs
  [4ec0a83e] + Unicode
   Building WebIO ───→ `~/.julia/packages/WebIO/Fy9h1/deps/build.log`
   Building Blink ───→ `~/.julia/packages/Blink/u1xcH/deps/build.log`
   Building HDF5 ────→ `~/.julia/packages/HDF5/YX0jU/deps/build.log`
   Building PlotlyJS → `~/.julia/packages/PlotlyJS/m2Lzd/deps/build.log`


################################################################################
# Testing: 2021-01-11T21:24:49.362
#

    Testing PersistentHomologyTransfer
Status `/tmp/jl_TjojER/Project.toml`
  [336ed68f] CSV v0.6.1
  [a93c6f00] DataFrames v0.20.2
  [9c0f25c4] Eirene v1.3.5
  [e91730f6] Hungarian v0.6.0
  [8e4506b2] PersistentHomologyTransfer v0.1.7
  [37e2e46d] LinearAlgebra
  [2f01184e] SparseArrays
Status `/tmp/jl_TjojER/Manifest.toml`
  [7d9fca2a] Arpack v0.4.0
  [68821587] Arpack_jll v3.5.0+3
  [56f22d72] Artifacts v1.3.0
  [bf4720bc] AssetRegistry v0.1.0
  [9e28174c] BinDeps v1.0.2
  [ad839575] Blink v0.12.3
  [a74b3585] Blosc v0.7.0
  [0b7ba130] Blosc_jll v1.14.3+1
  [336ed68f] CSV v0.6.1
  [324d7699] CategoricalArrays v0.7.7
  [3da002f7] ColorTypes v0.10.9
  [5ae59095] Colors v0.12.6
  [34da2185] Compat v3.25.0
  [e66e0078] CompilerSupportLibraries_jll v0.3.4+0
  [9a962f9c] DataAPI v1.4.0
  [a93c6f00] DataFrames v0.20.2
  [864edb3b] DataStructures v0.18.8
  [e2d170a0] DataValueInterfaces v1.0.0
  [b4f34e82] Distances v0.9.2
  [ffbed154] DocStringExtensions v0.8.3
  [9c0f25c4] Eirene v1.3.5
  [5789e2e9] FileIO v1.4.5
  [48062228] FilePathsBase v0.7.0
  [53c48c17] FixedPointNumbers v0.8.4
  [de31a74c] FunctionalCollections v0.5.0
  [f67ccb44] HDF5 v0.13.7
  [0234f1f7] HDF5_jll v1.10.5+7
  [cd3eb016] HTTP v0.9.2
  [9fb69e20] Hiccup v0.2.2
  [e91730f6] Hungarian v0.6.0
  [83e8ac13] IniFile v0.5.0
  [41ab1584] InvertedIndices v1.0.0
  [82899510] IteratorInterfaceExtensions v1.0.0
  [4138dd39] JLD v0.10.0
  [692b3bcd] JLLWrappers v1.2.0
  [97c1335a] JSExpr v0.5.2
  [682c06a0] JSON v0.21.1
  [b964fa9f] LaTeXStrings v1.2.0
  [50d2b5c4] Lazy v0.15.1
  [5ced341a] Lz4_jll v1.9.2+2
  [1914dd2f] MacroTools v0.5.6
  [739be429] MbedTLS v1.0.3
  [c8ffd9c3] MbedTLS_jll v2.16.8+1
  [e1d29d7a] Missings v0.4.4
  [6f286f6a] MultivariateStats v0.7.0
  [ffc61752] Mustache v1.0.10
  [a975b10e] Mux v0.7.5
  [510215fc] Observables v0.3.3
  [4536629a] OpenBLAS_jll v0.3.9+5
  [bac558e1] OrderedCollections v1.3.2
  [69de0a69] Parsers v1.0.15
  [8e4506b2] PersistentHomologyTransfer v0.1.7
  [fa939f87] Pidfile v1.2.0
  [a03496cd] PlotlyBase v0.4.3
  [f0f68f2c] PlotlyJS v0.14.0
  [2dfb63ee] PooledArrays v0.5.3
  [189a3867] Reexport v0.2.0
  [ae029012] Requires v1.1.2
  [a2af1166] SortingAlgorithms v0.3.1
  [2913bbd2] StatsBase v0.33.2
  [3783bdb8] TableTraits v1.0.0
  [bd369af6] Tables v1.2.2
  [30578b45] URIParser v0.4.1
  [5c2747f8] URIs v1.1.0
  [ea10d353] WeakRefStrings v0.6.2
  [0f1e0344] WebIO v0.8.15
  [104b5d7c] WebSockets v1.5.7
  [cc8bc4a8] Widgets v0.6.2
  [83775a58] Zlib_jll v1.2.11+18
  [3161d3a3] Zstd_jll v1.4.5+2
  [2a0f44e3] Base64
  [ade2ca70] Dates
  [8bb1440f] DelimitedFiles
  [8ba89e20] Distributed
  [7b1f6079] FileWatching
  [9fa8497b] Future
  [b77e0a4c] InteractiveUtils
  [76f85450] LibGit2
  [8f399da3] Libdl
  [37e2e46d] LinearAlgebra
  [56ddb016] Logging
  [d6f4376e] Markdown
  [a63ad114] Mmap
  [44cfe95a] Pkg
  [de0858da] Printf
  [3fa0cd96] REPL
  [9a3f8284] Random
  [ea8e919c] SHA
  [9e88b42a] Serialization
  [1a1011a3] SharedArrays
  [6462fe0b] Sockets
  [2f01184e] SparseArrays
  [10745b16] Statistics
  [8dfed614] Test
  [cf7118a7] UUIDs
  [4ec0a83e] Unicode
ERROR: LoadError: ArgumentError: Package JLDEirene not found in current path:
- Run `import Pkg; Pkg.add("JLDEirene")` to install the JLDEirene package.

Stacktrace:
 [1] require(::Module, ::Symbol) at ./loading.jl:893
 [2] include(::String) at ./client.jl:457
 [3] top-level scope at none:6
in expression starting at /home/pkgeval/.julia/packages/PersistentHomologyTransfer/Z1ijL/test/runtests.jl:2

PkgEval failed: Package PersistentHomologyTransfer errored during testing
Stacktrace:
 [1] pkgerror(::String) at /workspace/srcdir/usr/share/julia/stdlib/v1.5/Pkg/src/Types.jl:52
 [2] test(::Pkg.Types.Context, ::Array{Pkg.Types.PackageSpec,1}; coverage::Bool, julia_args::Cmd, test_args::Cmd, test_fn::Nothing) at /workspace/srcdir/usr/share/julia/stdlib/v1.5/Pkg/src/Operations.jl:1578
 [3] test(::Pkg.Types.Context, ::Array{Pkg.Types.PackageSpec,1}; coverage::Bool, test_fn::Nothing, julia_args::Cmd, test_args::Cmd, kwargs::Base.Iterators.Pairs{Union{},Union{},Tuple{},NamedTuple{(),Tuple{}}}) at /workspace/srcdir/usr/share/julia/stdlib/v1.5/Pkg/src/API.jl:327
 [4] test(::Pkg.Types.Context, ::Array{Pkg.Types.PackageSpec,1}) at /workspace/srcdir/usr/share/julia/stdlib/v1.5/Pkg/src/API.jl:314
 [5] #test#61 at /workspace/srcdir/usr/share/julia/stdlib/v1.5/Pkg/src/API.jl:67 [inlined]
 [6] test at /workspace/srcdir/usr/share/julia/stdlib/v1.5/Pkg/src/API.jl:67 [inlined]
 [7] #test#60 at /workspace/srcdir/usr/share/julia/stdlib/v1.5/Pkg/src/API.jl:66 [inlined]
 [8] test at /workspace/srcdir/usr/share/julia/stdlib/v1.5/Pkg/src/API.jl:66 [inlined]
 [9] test(::String; kwargs::Base.Iterators.Pairs{Union{},Union{},Tuple{},NamedTuple{(),Tuple{}}}) at /workspace/srcdir/usr/share/julia/stdlib/v1.5/Pkg/src/API.jl:65
 [10] test(::String) at /workspace/srcdir/usr/share/julia/stdlib/v1.5/Pkg/src/API.jl:65
 [11] top-level scope at none:22
 [12] eval at ./boot.jl:331 [inlined]
 [13] eval(::Expr) at ./client.jl:467
 [14] top-level scope at none:1
 [15] eval(::Module, ::Any) at ./boot.jl:331
 [16] exec_options(::Base.JLOptions) at ./client.jl:272
 [17] _start() at ./client.jl:506


################################################################################
# PkgEval teardown: 2021-01-11T21:27:55.784
CPU usage: 211.66s (196.22s user, 15.68s kernel)

Network usage:
- eth0: 102.304 MiB received, 1.885 MiB sent

Raw statistics: {"blkio_stats":{"io_queue_recursive":[],"io_serviced_recursive":[{"major":259,"value":0,"op":"Read","minor":0},{"major":259,"value":40,"op":"Write","minor":0},{"major":259,"value":19,"op":"Sync","minor":0},{"major":259,"value":21,"op":"Async","minor":0},{"major":259,"value":0,"op":"Discard","minor":0},{"major":259,"value":40,"op":"Total","minor":0},{"major":253,"value":0,"op":"Read","minor":2},{"major":253,"value":40,"op":"Write","minor":2},{"major":253,"value":19,"op":"Sync","minor":2},{"major":253,"value":21,"op":"Async","minor":2},{"major":253,"value":0,"op":"Discard","minor":2},{"major":253,"value":40,"op":"Total","minor":2}],"io_time_recursive":[],"sectors_recursive":[],"io_service_bytes_recursive":[{"major":259,"value":0,"op":"Read","minor":0},{"major":259,"value":258048,"op":"Write","minor":0},{"major":259,"value":106496,"op":"Sync","minor":0},{"major":259,"value":151552,"op":"Async","minor":0},{"major":259,"value":0,"op":"Discard","minor":0},{"major":259,"value":258048,"op":"Total","minor":0},{"major":253,"value":0,"op":"Read","minor":2},{"major":253,"value":258048,"op":"Write","minor":2},{"major":253,"value":106496,"op":"Sync","minor":2},{"major":253,"value":151552,"op":"Async","minor":2},{"major":253,"value":0,"op":"Discard","minor":2},{"major":253,"value":258048,"op":"Total","minor":2}],"io_wait_time_recursive":[],"io_merged_recursive":[],"io_service_time_recursive":[]},"memory_stats":{"usage":669675520,"max_usage":2141396992,"stats":{"hierarchical_memory_limit":9223372036854771712,"pgmajfault":0,"total_rss":223944704,"inactive_file":135168,"inactive_anon":357654528,"total_pgfault":6154797,"total_cache":396414976,"total_rss_huge":0,"total_active_anon":262496256,"total_pgmajfault":0,"pgpgin":3868425,"rss_huge":0,"mapped_file":0,"total_inactive_file":135168,"dirty":270336,"total_unevictable":0,"total_dirty":270336,"writeback":0,"pgpgout":3716973,"hierarchical_memsw_limit":0,"cache":396414976,"active_file":135168,"pgfault":6154797,"total_mapped_file":0,"total_pgpgout":3716973,"total_writeback":0,"rss":223944704,"unevictable":0,"total_inactive_anon":357654528,"total_pgpgin":3868425,"active_anon":262496256,"total_active_file":135168},"limit":540965302272},"name":"/PersistentHomologyTransfer-SPzAwGhf","networks":{"eth0":{"rx_bytes":107273529,"rx_packets":58208,"tx_packets":31915,"tx_bytes":1976826,"tx_dropped":0,"rx_dropped":8,"tx_errors":0,"rx_errors":0}},"id":"ffbbc95b1604d1a42d494e8d2af1f4596b9fb73fd8854389404bc1eebfd8783f","preread":"0001-01-01T00:00:00Z","storage_stats":{},"precpu_stats":{"throttling_data":{"throttled_periods":0,"throttled_time":0,"periods":0},"cpu_usage":{"usage_in_usermode":0,"usage_in_kernelmode":0,"total_usage":0}},"pids_stats":{"current":40},"num_procs":0,"cpu_stats":{"throttling_data":{"throttled_periods":0,"throttled_time":0,"periods":0},"system_cpu_usage":5953305604522419,"online_cpus":128,"cpu_usage":{"usage_in_usermode":196220000000,"usage_in_kernelmode":15680000000,"total_usage":211659985257,"percpu_usage":[0,0,0,0,0,0,0,0,0,0,0,0,0,0,0,0,0,0,0,0,0,0,0,0,0,0,0,0,0,0,0,0,0,0,0,0,0,0,0,0,0,0,0,0,0,0,0,0,0,0,0,0,0,0,211659816727,0,0,0,0,0,0,0,0,0,0,0,0,0,0,0,0,0,0,0,0,0,0,0,0,0,0,0,0,0,0,0,0,0,0,0,0,0,0,0,0,0,0,0,0,0,0,0,0,0,0,0,0,0,0,0,0,0,0,0,0,0,52920,51890,63720,0,0,0,0,0,0,0,0,0]}},"read":"2021-01-11T21:27:55.787312641Z"}