################################################################################
# PkgEval set-up: 2021-01-11T16:56:17.836
#

Julia Version 1.5.3
Commit 599f52c4c6 (2020-12-18 13:33 UTC)
Platform Info:
  OS: Linux (x86_64-linux-gnu)
  CPU: AMD EPYC 7502 32-Core Processor
  WORD_SIZE: 64
  LIBM: libopenlibm
  LLVM: libLLVM-9.0.1 (ORCJIT, znver2)
Environment:
  JULIA_PKG_PRECOMPILE_AUTO = 0
  JULIA_PKGEVAL = true

Base.julia_cmd() = `/opt/julia/bin/julia -Cnative -J/opt/julia/lib/julia/sys.so -g1`


################################################################################
# Installation: 2021-01-11T16:56:19.617
#

 Installing known registries into `~/.julia`
###############################################                           65.5%######################################################################## 100.0%
      Added registry `General` to `~/.julia/registries/General`
  Resolving package versions...
  Installed PhysicalTrees ─────────────── v0.1.0
  Installed InitialValues ─────────────── v0.2.10
  Installed ZygoteRules ───────────────── v0.2.1
  Installed TableTraits ───────────────── v1.0.0
  Installed DataAPI ───────────────────── v1.4.0
  Installed Tables ────────────────────── v1.2.2
  Installed Requires ──────────────────── v1.1.2
  Installed DataStructures ────────────── v0.18.8
  Installed PhysicalParticles ─────────── v1.1.0
  Installed Setfield ──────────────────── v0.7.0
  Installed IterTools ─────────────────── v1.3.0
  Installed ConstructionBase ──────────── v1.0.0
  Installed DataValueInterfaces ───────── v1.0.0
  Installed UnitfulAngles ─────────────── v0.6.1
  Installed OrderedCollections ────────── v1.3.2
  Installed MacroTools ────────────────── v0.5.6
  Installed StaticArrays ──────────────── v0.12.5
  Installed Distances ─────────────────── v0.10.0
  Installed BangBang ──────────────────── v0.3.29
  Installed NearestNeighbors ──────────── v0.4.8
  Installed Unitful ───────────────────── v1.5.0
  Installed IteratorInterfaceExtensions ─ v1.0.0
  Installed UnitfulAstro ──────────────── v1.0.1
  Installed DocStringExtensions ───────── v0.8.3
  Installed Compat ────────────────────── v3.25.0
  Installed ParallelOperations ────────── v0.1.0
Updating `~/.julia/environments/v1.5/Project.toml`
  [dc5d4990] + PhysicalTrees v0.1.0
Updating `~/.julia/environments/v1.5/Manifest.toml`
  [198e06fe] + BangBang v0.3.29
  [34da2185] + Compat v3.25.0
  [187b0558] + ConstructionBase v1.0.0
  [9a962f9c] + DataAPI v1.4.0
  [864edb3b] + DataStructures v0.18.8
  [e2d170a0] + DataValueInterfaces v1.0.0
  [b4f34e82] + Distances v0.10.0
  [ffbed154] + DocStringExtensions v0.8.3
  [22cec73e] + InitialValues v0.2.10
  [c8e1da08] + IterTools v1.3.0
  [82899510] + IteratorInterfaceExtensions v1.0.0
  [1914dd2f] + MacroTools v0.5.6
  [b8a86587] + NearestNeighbors v0.4.8
  [bac558e1] + OrderedCollections v1.3.2
  [09c1cff2] + ParallelOperations v0.1.0
  [78724250] + PhysicalParticles v1.1.0
  [dc5d4990] + PhysicalTrees v0.1.0
  [ae029012] + Requires v1.1.2
  [efcf1570] + Setfield v0.7.0
  [90137ffa] + StaticArrays v0.12.5
  [3783bdb8] + TableTraits v1.0.0
  [bd369af6] + Tables v1.2.2
  [1986cc42] + Unitful v1.5.0
  [6fb2a4bd] + UnitfulAngles v0.6.1
  [6112ee07] + UnitfulAstro v1.0.1
  [700de1a5] + ZygoteRules v0.2.1
  [2a0f44e3] + Base64
  [ade2ca70] + Dates
  [8bb1440f] + DelimitedFiles
  [8ba89e20] + Distributed
  [9fa8497b] + Future
  [b77e0a4c] + InteractiveUtils
  [76f85450] + LibGit2
  [8f399da3] + Libdl
  [37e2e46d] + LinearAlgebra
  [56ddb016] + Logging
  [d6f4376e] + Markdown
  [a63ad114] + Mmap
  [44cfe95a] + Pkg
  [de0858da] + Printf
  [3fa0cd96] + REPL
  [9a3f8284] + Random
  [ea8e919c] + SHA
  [9e88b42a] + Serialization
  [1a1011a3] + SharedArrays
  [6462fe0b] + Sockets
  [2f01184e] + SparseArrays
  [10745b16] + Statistics
  [8dfed614] + Test
  [cf7118a7] + UUIDs
  [4ec0a83e] + Unicode


################################################################################
# Testing: 2021-01-11T16:56:24.894
#

    Testing PhysicalTrees
Status `/tmp/jl_AzAUnT/Project.toml`
  [198e06fe] BangBang v0.3.29
  [864edb3b] DataStructures v0.18.8
  [09c1cff2] ParallelOperations v0.1.0
  [78724250] PhysicalParticles v1.1.0
  [dc5d4990] PhysicalTrees v0.1.0
  [90137ffa] StaticArrays v0.12.5
  [1986cc42] Unitful v1.5.0
  [6112ee07] UnitfulAstro v1.0.1
  [8ba89e20] Distributed
  [8dfed614] Test
Status `/tmp/jl_AzAUnT/Manifest.toml`
  [198e06fe] BangBang v0.3.29
  [34da2185] Compat v3.25.0
  [187b0558] ConstructionBase v1.0.0
  [9a962f9c] DataAPI v1.4.0
  [864edb3b] DataStructures v0.18.8
  [e2d170a0] DataValueInterfaces v1.0.0
  [b4f34e82] Distances v0.10.0
  [ffbed154] DocStringExtensions v0.8.3
  [22cec73e] InitialValues v0.2.10
  [c8e1da08] IterTools v1.3.0
  [82899510] IteratorInterfaceExtensions v1.0.0
  [1914dd2f] MacroTools v0.5.6
  [b8a86587] NearestNeighbors v0.4.8
  [bac558e1] OrderedCollections v1.3.2
  [09c1cff2] ParallelOperations v0.1.0
  [78724250] PhysicalParticles v1.1.0
  [dc5d4990] PhysicalTrees v0.1.0
  [ae029012] Requires v1.1.2
  [efcf1570] Setfield v0.7.0
  [90137ffa] StaticArrays v0.12.5
  [3783bdb8] TableTraits v1.0.0
  [bd369af6] Tables v1.2.2
  [1986cc42] Unitful v1.5.0
  [6fb2a4bd] UnitfulAngles v0.6.1
  [6112ee07] UnitfulAstro v1.0.1
  [700de1a5] ZygoteRules v0.2.1
  [2a0f44e3] Base64
  [ade2ca70] Dates
  [8bb1440f] DelimitedFiles
  [8ba89e20] Distributed
  [9fa8497b] Future
  [b77e0a4c] InteractiveUtils
  [76f85450] LibGit2
  [8f399da3] Libdl
  [37e2e46d] LinearAlgebra
  [56ddb016] Logging
  [d6f4376e] Markdown
  [a63ad114] Mmap
  [44cfe95a] Pkg
  [de0858da] Printf
  [3fa0cd96] REPL
  [9a3f8284] Random
  [ea8e919c] SHA
  [9e88b42a] Serialization
  [1a1011a3] SharedArrays
  [6462fe0b] Sockets
  [2f01184e] SparseArrays
  [10745b16] Statistics
  [8dfed614] Test
  [cf7118a7] UUIDs
  [4ec0a83e] Unicode
┌ Warning: Symbol Gyr was found in multiple registered unit modules.
│ We will use the one from UnitfulAstro.
└ @ Unitful ~/.julia/packages/Unitful/1t88N/src/user.jl:589
WARNING: could not import ParallelOperations.allsum into PhysicalTrees
[ Info: Initializing data
Test Summary: | Pass  Total
Parallelism   |    7      7
Test Summary: | Pass  Total
Peano         |   35     35
┌ Warning: Symbol Gyr was found in multiple registered unit modules.
│ We will use the one from UnitfulAstro.
└ @ Unitful ~/.julia/packages/Unitful/1t88N/src/user.jl:589
Test Summary: | Pass  Total
Octree Update |   14     14
Test Summary: |
Rebuild       | No tests
Test Summary: | Pass  Total
Redistribute  |    2      2
Test Summary: | Pass  Total
Unregister    |    1      1
    Testing PhysicalTrees tests passed 

PkgEval succeeded


################################################################################
# PkgEval teardown: 2021-01-11T17:00:04.031
CPU usage: 225.67s (218.36s user, 7.59s kernel)

Network usage:
- eth0: 4.016 MiB received, 151.316 KiB sent

Raw statistics: {"blkio_stats":{"io_queue_recursive":[],"io_serviced_recursive":[{"major":259,"value":0,"op":"Read","minor":0},{"major":259,"value":24,"op":"Write","minor":0},{"major":259,"value":19,"op":"Sync","minor":0},{"major":259,"value":5,"op":"Async","minor":0},{"major":259,"value":0,"op":"Discard","minor":0},{"major":259,"value":24,"op":"Total","minor":0},{"major":253,"value":0,"op":"Read","minor":2},{"major":253,"value":24,"op":"Write","minor":2},{"major":253,"value":19,"op":"Sync","minor":2},{"major":253,"value":5,"op":"Async","minor":2},{"major":253,"value":0,"op":"Discard","minor":2},{"major":253,"value":24,"op":"Total","minor":2}],"io_time_recursive":[],"sectors_recursive":[],"io_service_bytes_recursive":[{"major":259,"value":0,"op":"Read","minor":0},{"major":259,"value":135168,"op":"Write","minor":0},{"major":259,"value":106496,"op":"Sync","minor":0},{"major":259,"value":28672,"op":"Async","minor":0},{"major":259,"value":0,"op":"Discard","minor":0},{"major":259,"value":135168,"op":"Total","minor":0},{"major":253,"value":0,"op":"Read","minor":2},{"major":253,"value":135168,"op":"Write","minor":2},{"major":253,"value":106496,"op":"Sync","minor":2},{"major":253,"value":28672,"op":"Async","minor":2},{"major":253,"value":0,"op":"Discard","minor":2},{"major":253,"value":135168,"op":"Total","minor":2}],"io_wait_time_recursive":[],"io_merged_recursive":[],"io_service_time_recursive":[]},"memory_stats":{"usage":297521152,"max_usage":2036215808,"stats":{"hierarchical_memory_limit":9223372036854771712,"pgmajfault":0,"total_rss":174694400,"inactive_file":135168,"inactive_anon":82317312,"total_pgfault":3329733,"total_cache":92061696,"total_rss_huge":0,"total_active_anon":184639488,"total_pgmajfault":0,"pgpgin":1833612,"rss_huge":0,"mapped_file":0,"total_inactive_file":135168,"dirty":135168,"total_unevictable":0,"total_dirty":135168,"writeback":0,"pgpgout":1768462,"hierarchical_memsw_limit":0,"cache":92061696,"active_file":135168,"pgfault":3329733,"total_mapped_file":0,"total_pgpgout":1768462,"total_writeback":0,"rss":174694400,"unevictable":0,"total_inactive_anon":82317312,"total_pgpgin":1833612,"active_anon":184639488,"total_active_file":135168},"limit":540965302272},"name":"/PhysicalTrees-in0E4oXC","networks":{"eth0":{"rx_bytes":4211563,"rx_packets":1212,"tx_packets":1289,"tx_bytes":154948,"tx_dropped":0,"rx_dropped":8,"tx_errors":0,"rx_errors":0}},"id":"d26c1d9cb485b6b5b395a39e637cc31e9f23f2739a068bf15d32eb083286d548","preread":"0001-01-01T00:00:00Z","storage_stats":{},"precpu_stats":{"throttling_data":{"throttled_periods":0,"throttled_time":0,"periods":0},"cpu_usage":{"usage_in_usermode":0,"usage_in_kernelmode":0,"total_usage":0}},"pids_stats":{"current":40},"num_procs":0,"cpu_stats":{"throttling_data":{"throttled_periods":0,"throttled_time":0,"periods":0},"system_cpu_usage":3899752794522419,"online_cpus":128,"cpu_usage":{"usage_in_usermode":218360000000,"usage_in_kernelmode":7590000000,"total_usage":225673569989,"percpu_usage":[0,0,0,0,0,0,0,0,0,0,0,0,0,0,0,0,0,0,0,0,0,0,0,0,0,0,0,0,0,0,225673569989,0,0,0,0,0,0,0,0,0,0,0,0,0,0,0,0,0,0,0,0,0,0,0,0,0,0,0,0,0,0,0,0,0,0,0,0,0,0,0,0,0,0,0,0,0,0,0,0,0,0,0,0,0,0,0,0,0,0,0,0,0,0,0,0,0,0,0,0,0,0,0,0,0,0,0,0,0,0,0,0,0,0,0,0,0,0,0,0,0,0,0,0,0,0,0,0,0]}},"read":"2021-01-11T17:00:04.717085185Z"}