################################################################################
# PackageCompiler set-up: 2021-01-11T22:11:56.685
#

Julia Version 1.5.3
Commit 599f52c4c6 (2020-12-18 13:33 UTC)
Platform Info:
  OS: Linux (x86_64-linux-gnu)
  CPU: AMD EPYC 7502 32-Core Processor
  WORD_SIZE: 64
  LIBM: libopenlibm
  LLVM: libLLVM-9.0.1 (ORCJIT, znver2)
Environment:
  JULIA_PKGEVAL = true
  JULIA_PKG_PRECOMPILE_AUTO = 0



################################################################################
# Installation: 2021-01-11T22:11:58.381
#

 Installing known registries into `~/.julia`
########################################################                  78.1%######################################################################## 100.0%
      Added registry `General` to `~/.julia/registries/General`
  Resolving package versions...
  Installed MbedTLS_jll ──────── v2.16.8+1
  Installed Gumbo_jll ────────── v0.10.1+1
  Installed VersionParsing ───── v1.2.0
  Installed CondaBinDeps ─────── v0.2.0
  Installed PhysOcean ────────── v0.6.1
  Installed MbedTLS ──────────── v1.0.3
  Installed DataStructures ───── v0.18.8
  Installed DataAPI ──────────── v1.4.0
  Installed PackageCompiler ──── v1.2.5
  Installed OrderedCollections ─ v1.3.2
  Installed HTTP ─────────────── v0.8.19
  Installed Missings ─────────── v0.4.4
  Installed Gumbo ────────────── v0.8.0
  Installed URIParser ────────── v0.4.1
  Installed CFTime ───────────── v0.1.1
  Installed JLLWrappers ──────── v1.2.0
  Installed JSON ─────────────── v0.21.1
  Installed Conda ────────────── v1.5.0
  Installed NCDatasets ───────── v0.10.4
  Installed BinDeps ──────────── v1.0.2
  Installed AbstractTrees ────── v0.3.3
  Installed Compat ───────────── v3.25.0
  Installed Glob ─────────────── v1.3.0
  Installed Artifacts ────────── v1.3.0
  Installed Parsers ──────────── v1.0.15
  Installed IniFile ──────────── v0.5.0
Updating `~/.julia/environments/v1.5/Project.toml`
  [9b87118b] + PackageCompiler v1.2.5
  [3725be50] + PhysOcean v0.6.1
Updating `~/.julia/environments/v1.5/Manifest.toml`
  [1520ce14] + AbstractTrees v0.3.3
  [56f22d72] + Artifacts v1.3.0
  [9e28174c] + BinDeps v1.0.2
  [179af706] + CFTime v0.1.1
  [34da2185] + Compat v3.25.0
  [8f4d0f93] + Conda v1.5.0
  [a9693cdc] + CondaBinDeps v0.2.0
  [9a962f9c] + DataAPI v1.4.0
  [864edb3b] + DataStructures v0.18.8
  [c27321d9] + Glob v1.3.0
  [708ec375] + Gumbo v0.8.0
  [528830af] + Gumbo_jll v0.10.1+1
  [cd3eb016] + HTTP v0.8.19
  [83e8ac13] + IniFile v0.5.0
  [692b3bcd] + JLLWrappers v1.2.0
  [682c06a0] + JSON v0.21.1
  [739be429] + MbedTLS v1.0.3
  [c8ffd9c3] + MbedTLS_jll v2.16.8+1
  [e1d29d7a] + Missings v0.4.4
  [85f8d34a] + NCDatasets v0.10.4
  [bac558e1] + OrderedCollections v1.3.2
  [9b87118b] + PackageCompiler v1.2.5
  [69de0a69] + Parsers v1.0.15
  [3725be50] + PhysOcean v0.6.1
  [30578b45] + URIParser v0.4.1
  [81def892] + VersionParsing v1.2.0
  [2a0f44e3] + Base64
  [ade2ca70] + Dates
  [8bb1440f] + DelimitedFiles
  [8ba89e20] + Distributed
  [b77e0a4c] + InteractiveUtils
  [76f85450] + LibGit2
  [8f399da3] + Libdl
  [37e2e46d] + LinearAlgebra
  [56ddb016] + Logging
  [d6f4376e] + Markdown
  [a63ad114] + Mmap
  [44cfe95a] + Pkg
  [de0858da] + Printf
  [3fa0cd96] + REPL
  [9a3f8284] + Random
  [ea8e919c] + SHA
  [9e88b42a] + Serialization
  [1a1011a3] + SharedArrays
  [6462fe0b] + Sockets
  [2f01184e] + SparseArrays
  [10745b16] + Statistics
  [8dfed614] + Test
  [cf7118a7] + UUIDs
  [4ec0a83e] + Unicode
   Building Conda ─────→ `~/.julia/packages/Conda/x5ml4/deps/build.log`
   Building NCDatasets → `~/.julia/packages/NCDatasets/HhdCu/deps/build.log`


################################################################################
# Compiling: 2021-01-11T22:12:44.207
#

[ Info: PackageCompiler: creating system image object file, this might take a while...
Generated system image is 156.943 MiB, compilation took 186 seconds


################################################################################
# PkgEval set-up: 2021-01-11T22:15:57.875
#

Julia Version 1.5.3
Commit 599f52c4c6 (2020-12-18 13:33 UTC)
Platform Info:
  OS: Linux (x86_64-linux-gnu)
  CPU: AMD EPYC 7502 32-Core Processor
  WORD_SIZE: 64
  LIBM: libopenlibm
  LLVM: libLLVM-9.0.1 (ORCJIT, znver2)
Environment:
  JULIA_PKGEVAL = true
  JULIA_PKG_PRECOMPILE_AUTO = 0

Base.julia_cmd() = `/usr/local/julia/bin/julia -Cnative -J/cache/PhysOcean-2Jm0aEZJ.so -g1`


################################################################################
# Installation: 2021-01-11T22:15:59.702
#

 Installing known registries into `~/.julia`
#############################################                             63.0%######################################################################## 100.0%
      Added registry `General` to `~/.julia/registries/General`
  Resolving package versions...
  Installed Gumbo_jll ────────── v0.10.1+1
  Installed MbedTLS_jll ──────── v2.16.8+1
  Installed VersionParsing ───── v1.2.0
  Installed CondaBinDeps ─────── v0.2.0
  Installed PhysOcean ────────── v0.6.1
  Installed DataAPI ──────────── v1.4.0
  Installed MbedTLS ──────────── v1.0.3
  Installed DataStructures ───── v0.18.8
  Installed HTTP ─────────────── v0.8.19
  Installed OrderedCollections ─ v1.3.2
  Installed Missings ─────────── v0.4.4
  Installed Gumbo ────────────── v0.8.0
  Installed URIParser ────────── v0.4.1
  Installed CFTime ───────────── v0.1.1
  Installed Conda ────────────── v1.5.0
  Installed JLLWrappers ──────── v1.2.0
  Installed JSON ─────────────── v0.21.1
  Installed NCDatasets ───────── v0.10.4
  Installed BinDeps ──────────── v1.0.2
  Installed Compat ───────────── v3.25.0
  Installed Glob ─────────────── v1.3.0
  Installed Parsers ──────────── v1.0.15
  Installed AbstractTrees ────── v0.3.3
  Installed Artifacts ────────── v1.3.0
  Installed IniFile ──────────── v0.5.0
Updating `~/.julia/environments/v1.5/Project.toml`
  [3725be50] + PhysOcean v0.6.1
Updating `~/.julia/environments/v1.5/Manifest.toml`
  [1520ce14] + AbstractTrees v0.3.3
  [56f22d72] + Artifacts v1.3.0
  [9e28174c] + BinDeps v1.0.2
  [179af706] + CFTime v0.1.1
  [34da2185] + Compat v3.25.0
  [8f4d0f93] + Conda v1.5.0
  [a9693cdc] + CondaBinDeps v0.2.0
  [9a962f9c] + DataAPI v1.4.0
  [864edb3b] + DataStructures v0.18.8
  [c27321d9] + Glob v1.3.0
  [708ec375] + Gumbo v0.8.0
  [528830af] + Gumbo_jll v0.10.1+1
  [cd3eb016] + HTTP v0.8.19
  [83e8ac13] + IniFile v0.5.0
  [692b3bcd] + JLLWrappers v1.2.0
  [682c06a0] + JSON v0.21.1
  [739be429] + MbedTLS v1.0.3
  [c8ffd9c3] + MbedTLS_jll v2.16.8+1
  [e1d29d7a] + Missings v0.4.4
  [85f8d34a] + NCDatasets v0.10.4
  [bac558e1] + OrderedCollections v1.3.2
  [69de0a69] + Parsers v1.0.15
  [3725be50] + PhysOcean v0.6.1
  [30578b45] + URIParser v0.4.1
  [81def892] + VersionParsing v1.2.0
  [2a0f44e3] + Base64
  [ade2ca70] + Dates
  [8bb1440f] + DelimitedFiles
  [8ba89e20] + Distributed
  [b77e0a4c] + InteractiveUtils
  [76f85450] + LibGit2
  [8f399da3] + Libdl
  [37e2e46d] + LinearAlgebra
  [56ddb016] + Logging
  [d6f4376e] + Markdown
  [a63ad114] + Mmap
  [44cfe95a] + Pkg
  [de0858da] + Printf
  [3fa0cd96] + REPL
  [9a3f8284] + Random
  [ea8e919c] + SHA
  [9e88b42a] + Serialization
  [1a1011a3] + SharedArrays
  [6462fe0b] + Sockets
  [2f01184e] + SparseArrays
  [10745b16] + Statistics
  [8dfed614] + Test
  [cf7118a7] + UUIDs
  [4ec0a83e] + Unicode
   Building Conda ─────→ `~/.julia/packages/Conda/x5ml4/deps/build.log`
   Building NCDatasets → `~/.julia/packages/NCDatasets/HhdCu/deps/build.log`


################################################################################
# Testing: 2021-01-11T22:16:47.073
#

    Testing PhysOcean
Status `/tmp/jl_dQRBbc/Project.toml`
  [1520ce14] AbstractTrees v0.3.3
  [c27321d9] Glob v1.3.0
  [708ec375] Gumbo v0.8.0
  [cd3eb016] HTTP v0.8.19
  [e1d29d7a] Missings v0.4.4
  [85f8d34a] NCDatasets v0.10.4
  [3725be50] PhysOcean v0.6.1
  [ade2ca70] Dates
  [8bb1440f] DelimitedFiles
  [de0858da] Printf
  [10745b16] Statistics
  [8dfed614] Test
Status `/tmp/jl_dQRBbc/Manifest.toml`
  [1520ce14] AbstractTrees v0.3.3
  [56f22d72] Artifacts v1.3.0
  [9e28174c] BinDeps v1.0.2
  [179af706] CFTime v0.1.1
  [34da2185] Compat v3.25.0
  [8f4d0f93] Conda v1.5.0
  [a9693cdc] CondaBinDeps v0.2.0
  [9a962f9c] DataAPI v1.4.0
  [864edb3b] DataStructures v0.18.8
  [c27321d9] Glob v1.3.0
  [708ec375] Gumbo v0.8.0
  [528830af] Gumbo_jll v0.10.1+1
  [cd3eb016] HTTP v0.8.19
  [83e8ac13] IniFile v0.5.0
  [692b3bcd] JLLWrappers v1.2.0
  [682c06a0] JSON v0.21.1
  [739be429] MbedTLS v1.0.3
  [c8ffd9c3] MbedTLS_jll v2.16.8+1
  [e1d29d7a] Missings v0.4.4
  [85f8d34a] NCDatasets v0.10.4
  [bac558e1] OrderedCollections v1.3.2
  [69de0a69] Parsers v1.0.15
  [3725be50] PhysOcean v0.6.1
  [30578b45] URIParser v0.4.1
  [81def892] VersionParsing v1.2.0
  [2a0f44e3] Base64
  [ade2ca70] Dates
  [8bb1440f] DelimitedFiles
  [8ba89e20] Distributed
  [b77e0a4c] InteractiveUtils
  [76f85450] LibGit2
  [8f399da3] Libdl
  [37e2e46d] LinearAlgebra
  [56ddb016] Logging
  [d6f4376e] Markdown
  [a63ad114] Mmap
  [44cfe95a] Pkg
  [de0858da] Printf
  [3fa0cd96] REPL
  [9a3f8284] Random
  [ea8e919c] SHA
  [9e88b42a] Serialization
  [1a1011a3] SharedArrays
  [6462fe0b] Sockets
  [2f01184e] SparseArrays
  [10745b16] Statistics
  [8dfed614] Test
  [cf7118a7] UUIDs
  [4ec0a83e] Unicode
PhysOcean: Error During Test at /home/user/.julia/packages/PhysOcean/zzvWe/test/runtests.jl:15
  Got exception outside of a @test
  LoadError: could not load library "/home/pkgeval/.julia/conda/3/lib/libnetcdf.so"
  /home/pkgeval/.julia/conda/3/lib/libnetcdf.so: cannot open shared object file: No such file or directory
  Stacktrace:
   [1] nc_open(::String, ::UInt16) at /home/pkgeval/.julia/packages/NCDatasets/HhdCu/src/netcdf_c.jl:274
   [2] NCDatasets.NCDataset(::String, ::String; format::Symbol, diskless::Bool, persist::Bool, attrib::Array{Any,1}) at /home/pkgeval/.julia/packages/NCDatasets/HhdCu/src/dataset.jl:241
   [3] NCDataset at /home/pkgeval/.julia/packages/NCDatasets/HhdCu/src/dataset.jl:226 [inlined] (repeats 2 times)
   [4] load(::Type{T} where T, ::String, ::String; qualityflags::Array{Int64,1}) at /home/pkgeval/.julia/packages/PhysOcean/zzvWe/src/CMEMS.jl:297
   [5] load(::Type{T} where T, ::Array{String,1}, ::String; qualityflags::Array{Int64,1}, prefixid::String) at /home/pkgeval/.julia/packages/PhysOcean/zzvWe/src/CMEMS.jl:383
   [6] load(::Type{T} where T, ::Array{String,1}, ::String) at /home/pkgeval/.julia/packages/PhysOcean/zzvWe/src/CMEMS.jl:375
   [7] top-level scope at /home/user/.julia/packages/PhysOcean/zzvWe/test/test_cmems.jl:60
   [8] include(::String) at ./client.jl:457
   [9] macro expansion at /home/user/.julia/packages/PhysOcean/zzvWe/test/runtests.jl:234 [inlined]
   [10] macro expansion at /workspace/srcdir/usr/share/julia/stdlib/v1.5/Test/src/Test.jl:1115 [inlined]
   [11] top-level scope at /home/user/.julia/packages/PhysOcean/zzvWe/test/runtests.jl:17
   [12] include(::String) at ./client.jl:457
   [13] top-level scope at none:6
   [14] eval(::Module, ::Any) at ./boot.jl:331
   [15] exec_options(::Base.JLOptions) at ./client.jl:272
   [16] _start() at ./client.jl:506
  in expression starting at /home/user/.julia/packages/PhysOcean/zzvWe/test/test_cmems.jl:60
  
Test Summary: | Pass  Error  Total
PhysOcean     |   44      1     45
ERROR: LoadError: Some tests did not pass: 44 passed, 0 failed, 1 errored, 0 broken.
in expression starting at /home/user/.julia/packages/PhysOcean/zzvWe/test/runtests.jl:15

PkgEval failed: Package PhysOcean errored during testing
Stacktrace:
 [1] pkgerror(::String) at /workspace/srcdir/usr/share/julia/stdlib/v1.5/Pkg/src/Types.jl:52
 [2] test(::Pkg.Types.Context, ::Array{Pkg.Types.PackageSpec,1}; coverage::Bool, julia_args::Cmd, test_args::Cmd, test_fn::Nothing) at /workspace/srcdir/usr/share/julia/stdlib/v1.5/Pkg/src/Operations.jl:1578
 [3] test(::Pkg.Types.Context, ::Array{Pkg.Types.PackageSpec,1}; coverage::Bool, test_fn::Nothing, julia_args::Cmd, test_args::Cmd, kwargs::Base.Iterators.Pairs{Union{},Union{},Tuple{},NamedTuple{(),Tuple{}}}) at /workspace/srcdir/usr/share/julia/stdlib/v1.5/Pkg/src/API.jl:327
 [4] test(::Pkg.Types.Context, ::Array{Pkg.Types.PackageSpec,1}) at /workspace/srcdir/usr/share/julia/stdlib/v1.5/Pkg/src/API.jl:314
 [5] #test#61 at /workspace/srcdir/usr/share/julia/stdlib/v1.5/Pkg/src/API.jl:67 [inlined]
 [6] test at /workspace/srcdir/usr/share/julia/stdlib/v1.5/Pkg/src/API.jl:67 [inlined]
 [7] #test#60 at /workspace/srcdir/usr/share/julia/stdlib/v1.5/Pkg/src/API.jl:66 [inlined]
 [8] test at /workspace/srcdir/usr/share/julia/stdlib/v1.5/Pkg/src/API.jl:66 [inlined]
 [9] test(::String; kwargs::Base.Iterators.Pairs{Union{},Union{},Tuple{},NamedTuple{(),Tuple{}}}) at /workspace/srcdir/usr/share/julia/stdlib/v1.5/Pkg/src/API.jl:65
 [10] test(::String) at /workspace/srcdir/usr/share/julia/stdlib/v1.5/Pkg/src/API.jl:65
 [11] top-level scope at none:22
 [12] eval at ./boot.jl:331 [inlined]
 [13] eval(::Expr) at ./client.jl:467
 [14] top-level scope at none:1
 [15] eval(::Module, ::Any) at ./boot.jl:331
 [16] exec_options(::Base.JLOptions) at ./client.jl:272
 [17] _start() at ./client.jl:506


################################################################################
# PkgEval teardown: 2021-01-11T22:17:11.697
CPU usage: 73.42s (66.28s user, 7.26s kernel)

Network usage:
- eth0: 116.451 MiB received, 479.730 KiB sent

Raw statistics: {"blkio_stats":{"io_queue_recursive":[],"io_serviced_recursive":[{"major":259,"value":0,"op":"Read","minor":0},{"major":259,"value":27,"op":"Write","minor":0},{"major":259,"value":14,"op":"Sync","minor":0},{"major":259,"value":13,"op":"Async","minor":0},{"major":259,"value":0,"op":"Discard","minor":0},{"major":259,"value":27,"op":"Total","minor":0},{"major":253,"value":0,"op":"Read","minor":2},{"major":253,"value":27,"op":"Write","minor":2},{"major":253,"value":14,"op":"Sync","minor":2},{"major":253,"value":13,"op":"Async","minor":2},{"major":253,"value":0,"op":"Discard","minor":2},{"major":253,"value":27,"op":"Total","minor":2}],"io_time_recursive":[],"sectors_recursive":[],"io_service_bytes_recursive":[{"major":259,"value":0,"op":"Read","minor":0},{"major":259,"value":126976,"op":"Write","minor":0},{"major":259,"value":57344,"op":"Sync","minor":0},{"major":259,"value":69632,"op":"Async","minor":0},{"major":259,"value":0,"op":"Discard","minor":0},{"major":259,"value":126976,"op":"Total","minor":0},{"major":253,"value":0,"op":"Read","minor":2},{"major":253,"value":126976,"op":"Write","minor":2},{"major":253,"value":57344,"op":"Sync","minor":2},{"major":253,"value":69632,"op":"Async","minor":2},{"major":253,"value":0,"op":"Discard","minor":2},{"major":253,"value":126976,"op":"Total","minor":2}],"io_wait_time_recursive":[],"io_merged_recursive":[],"io_service_time_recursive":[]},"memory_stats":{"usage":991752192,"max_usage":1587470336,"stats":{"hierarchical_memory_limit":9223372036854771712,"pgmajfault":0,"total_rss":214990848,"inactive_file":135168,"inactive_anon":406720512,"total_pgfault":1829091,"total_cache":724348928,"total_rss_huge":0,"total_active_anon":532561920,"total_pgmajfault":0,"pgpgin":1450317,"rss_huge":0,"mapped_file":0,"total_inactive_file":135168,"dirty":270336,"total_unevictable":0,"total_dirty":270336,"writeback":135168,"pgpgout":1220952,"hierarchical_memsw_limit":0,"cache":724348928,"active_file":135168,"pgfault":1829091,"total_mapped_file":0,"total_pgpgout":1220952,"total_writeback":135168,"rss":214990848,"unevictable":0,"total_inactive_anon":406720512,"total_pgpgin":1450317,"active_anon":532561920,"total_active_file":135168},"limit":540965302272},"name":"/PhysOcean-JLlu8Dii","networks":{"eth0":{"rx_bytes":122107236,"rx_packets":12612,"tx_packets":7206,"tx_bytes":491244,"tx_dropped":0,"rx_dropped":3,"tx_errors":0,"rx_errors":0}},"id":"1f1208f7d9993973e895a5dcb01831854f41a833a8b58e8c58f8792dd2c6cf72","preread":"0001-01-01T00:00:00Z","storage_stats":{},"precpu_stats":{"throttling_data":{"throttled_periods":0,"throttled_time":0,"periods":0},"cpu_usage":{"usage_in_usermode":0,"usage_in_kernelmode":0,"total_usage":0}},"pids_stats":{"current":44},"num_procs":0,"cpu_stats":{"throttling_data":{"throttled_periods":0,"throttled_time":0,"periods":0},"system_cpu_usage":6330992354522419,"online_cpus":128,"cpu_usage":{"usage_in_usermode":66280000000,"usage_in_kernelmode":7260000000,"total_usage":73422587635,"percpu_usage":[0,0,0,0,0,0,0,0,0,0,0,0,0,0,0,0,0,0,0,0,0,0,0,0,0,0,0,0,0,0,0,0,0,0,0,0,0,0,0,73422587635,0,0,0,0,0,0,0,0,0,0,0,0,0,0,0,0,0,0,0,0,0,0,0,0,0,0,0,0,0,0,0,0,0,0,0,0,0,0,0,0,0,0,0,0,0,0,0,0,0,0,0,0,0,0,0,0,0,0,0,0,0,0,0,0,0,0,0,0,0,0,0,0,0,0,0,0,0,0,0,0,0,0,0,0,0,0,0,0]}},"read":"2021-01-11T22:17:11.700374251Z"}