################################################################################
# PkgEval set-up: 2021-01-11T21:21:51.087
#

Julia Version 1.5.3
Commit 599f52c4c6 (2020-12-18 13:33 UTC)
Platform Info:
  OS: Linux (x86_64-linux-gnu)
  CPU: AMD EPYC 7502 32-Core Processor
  WORD_SIZE: 64
  LIBM: libopenlibm
  LLVM: libLLVM-9.0.1 (ORCJIT, znver2)
Environment:
  JULIA_PKG_PRECOMPILE_AUTO = 0
  JULIA_PKGEVAL = true

Base.julia_cmd() = `/opt/julia/bin/julia -Cnative -J/opt/julia/lib/julia/sys.so -g1`


################################################################################
# Installation: 2021-01-11T21:21:52.891
#

 Installing known registries into `~/.julia`
#####################################################                     74.9%######################################################################## 100.0%
      Added registry `General` to `~/.julia/registries/General`
  Resolving package versions...
  Installed Pilot ──────────────────────── v0.1.0
  Installed CompilerSupportLibraries_jll ─ v0.3.4+0
  Installed Media ──────────────────────── v0.5.0
  Installed ZygoteRules ────────────────── v0.2.1
  Installed Juno ───────────────────────── v0.8.4
  Installed Cthulhu ────────────────────── v1.5.0
  Installed Zlib_jll ───────────────────── v1.2.11+18
  Installed GPUArrays ──────────────────── v3.4.1
  Installed Reexport ───────────────────── v0.2.0
  Installed Zygote ─────────────────────── v0.4.22
  Installed CommonSubexpressions ───────── v0.3.0
  Installed CUDAapi ────────────────────── v4.0.0
  Installed MuladdMacro ────────────────── v0.2.2
  Installed LearnBase ──────────────────── v0.4.1
  Installed CEnum ──────────────────────── v0.3.0
  Installed TranscodingStreams ─────────── v0.9.5
  Installed FillArrays ─────────────────── v0.8.14
  Installed DataStructures ─────────────── v0.17.20
  Installed StatsBase ──────────────────── v0.33.2
  Installed LLVM ───────────────────────── v1.7.0
  Installed Flux ───────────────────────── v0.10.4
  Installed TimerOutputs ───────────────── v0.5.7
  Installed DataAPI ────────────────────── v1.4.0
  Installed DiffRules ──────────────────── v1.0.2
  Installed DiffResults ────────────────── v1.0.3
  Installed Requires ───────────────────── v1.1.2
  Installed ArrayLayouts ───────────────── v0.3.8
  Installed Colors ─────────────────────── v0.12.6
  Installed CuArrays ───────────────────── v2.2.2
  Installed MLLabelUtils ───────────────── v0.5.5
  Installed CodecZlib ──────────────────── v0.7.0
  Installed ColorTypes ─────────────────── v0.10.9
  Installed OrderedCollections ─────────── v1.3.2
  Installed Missings ───────────────────── v0.4.4
  Installed IRTools ────────────────────── v0.4.2
  Installed StaticArrays ───────────────── v1.0.1
  Installed MacroTools ─────────────────── v0.5.6
  Installed JLLWrappers ────────────────── v1.2.0
  Installed CodeTracking ───────────────── v1.0.5
  Installed MappedArrays ───────────────── v0.3.0
  Installed AbstractFFTs ───────────────── v0.5.0
  Installed NaNMath ────────────────────── v0.3.5
  Installed FoldingTrees ───────────────── v1.0.1
  Installed ZipFile ────────────────────── v0.9.3
  Installed CUDAnative ─────────────────── v3.2.0
  Installed ChainRules ─────────────────── v0.6.5
  Installed MLDataPattern ──────────────── v0.5.4
  Installed ForwardDiff ────────────────── v0.10.14
  Installed Adapt ──────────────────────── v1.1.0
  Installed NPZ ────────────────────────── v0.4.1
  Installed ExprTools ──────────────────── v0.1.3
  Installed FixedPointNumbers ──────────── v0.8.4
  Installed SortingAlgorithms ──────────── v0.3.1
  Installed AbstractTrees ──────────────── v0.3.3
  Installed SpecialFunctions ───────────── v1.1.0
  Installed ChainRulesCore ─────────────── v0.8.1
  Installed Compat ─────────────────────── v3.25.0
  Installed OpenSpecFun_jll ────────────── v0.5.3+4
  Installed NNlib ──────────────────────── v0.6.6
  Installed CUDAdrv ────────────────────── v6.3.0
  Installed BinaryProvider ─────────────── v0.5.10
  Installed GPUCompiler ────────────────── v0.2.0
  Installed Artifacts ──────────────────── v1.3.0
Updating `~/.julia/environments/v1.5/Project.toml`
  [ae4e50cc] + Pilot v0.1.0
Updating `~/.julia/environments/v1.5/Manifest.toml`
  [621f4979] + AbstractFFTs v0.5.0
  [1520ce14] + AbstractTrees v0.3.3
  [79e6a3ab] + Adapt v1.1.0
  [4c555306] + ArrayLayouts v0.3.8
  [56f22d72] + Artifacts v1.3.0
  [b99e7846] + BinaryProvider v0.5.10
  [fa961155] + CEnum v0.3.0
  [3895d2a7] + CUDAapi v4.0.0
  [c5f51814] + CUDAdrv v6.3.0
  [be33ccc6] + CUDAnative v3.2.0
  [082447d4] + ChainRules v0.6.5
  [d360d2e6] + ChainRulesCore v0.8.1
  [da1fd8a2] + CodeTracking v1.0.5
  [944b1d66] + CodecZlib v0.7.0
  [3da002f7] + ColorTypes v0.10.9
  [5ae59095] + Colors v0.12.6
  [bbf7d656] + CommonSubexpressions v0.3.0
  [34da2185] + Compat v3.25.0
  [e66e0078] + CompilerSupportLibraries_jll v0.3.4+0
  [f68482b8] + Cthulhu v1.5.0
  [3a865a2d] + CuArrays v2.2.2
  [9a962f9c] + DataAPI v1.4.0
  [864edb3b] + DataStructures v0.17.20
  [163ba53b] + DiffResults v1.0.3
  [b552c78f] + DiffRules v1.0.2
  [e2ba6199] + ExprTools v0.1.3
  [1a297f60] + FillArrays v0.8.14
  [53c48c17] + FixedPointNumbers v0.8.4
  [587475ba] + Flux v0.10.4
  [1eca21be] + FoldingTrees v1.0.1
  [f6369f11] + ForwardDiff v0.10.14
  [0c68f7d7] + GPUArrays v3.4.1
  [61eb1bfa] + GPUCompiler v0.2.0
  [7869d1d1] + IRTools v0.4.2
  [692b3bcd] + JLLWrappers v1.2.0
  [e5e0dc1b] + Juno v0.8.4
  [929cbde3] + LLVM v1.7.0
  [7f8f8fb0] + LearnBase v0.4.1
  [9920b226] + MLDataPattern v0.5.4
  [66a33bbf] + MLLabelUtils v0.5.5
  [1914dd2f] + MacroTools v0.5.6
  [dbb5928d] + MappedArrays v0.3.0
  [e89f7d12] + Media v0.5.0
  [e1d29d7a] + Missings v0.4.4
  [46d2c3a1] + MuladdMacro v0.2.2
  [872c559c] + NNlib v0.6.6
  [15e1cf62] + NPZ v0.4.1
  [77ba4419] + NaNMath v0.3.5
  [efe28fd5] + OpenSpecFun_jll v0.5.3+4
  [bac558e1] + OrderedCollections v1.3.2
  [ae4e50cc] + Pilot v0.1.0
  [189a3867] + Reexport v0.2.0
  [ae029012] + Requires v1.1.2
  [a2af1166] + SortingAlgorithms v0.3.1
  [276daf66] + SpecialFunctions v1.1.0
  [90137ffa] + StaticArrays v1.0.1
  [2913bbd2] + StatsBase v0.33.2
  [a759f4b9] + TimerOutputs v0.5.7
  [3bb67fe8] + TranscodingStreams v0.9.5
  [a5390f91] + ZipFile v0.9.3
  [83775a58] + Zlib_jll v1.2.11+18
  [e88e6eb3] + Zygote v0.4.22
  [700de1a5] + ZygoteRules v0.2.1
  [2a0f44e3] + Base64
  [ade2ca70] + Dates
  [8bb1440f] + DelimitedFiles
  [8ba89e20] + Distributed
  [9fa8497b] + Future
  [b77e0a4c] + InteractiveUtils
  [76f85450] + LibGit2
  [8f399da3] + Libdl
  [37e2e46d] + LinearAlgebra
  [56ddb016] + Logging
  [d6f4376e] + Markdown
  [a63ad114] + Mmap
  [44cfe95a] + Pkg
  [de0858da] + Printf
  [9abbd945] + Profile
  [3fa0cd96] + REPL
  [9a3f8284] + Random
  [ea8e919c] + SHA
  [9e88b42a] + Serialization
  [1a1011a3] + SharedArrays
  [6462fe0b] + Sockets
  [2f01184e] + SparseArrays
  [10745b16] + Statistics
  [8dfed614] + Test
  [cf7118a7] + UUIDs
  [4ec0a83e] + Unicode
   Building NNlib → `~/.julia/packages/NNlib/FAI3o/deps/build.log`


################################################################################
# Testing: 2021-01-11T21:22:07.537
#

    Testing Pilot
Status `/tmp/jl_MM8iYW/Project.toml`
  [587475ba] Flux v0.10.4
  [9920b226] MLDataPattern v0.5.4
  [15e1cf62] NPZ v0.4.1
  [ae4e50cc] Pilot v0.1.0
  [8dfed614] Test
Status `/tmp/jl_MM8iYW/Manifest.toml`
  [621f4979] AbstractFFTs v0.5.0
  [1520ce14] AbstractTrees v0.3.3
  [79e6a3ab] Adapt v1.1.0
  [4c555306] ArrayLayouts v0.3.8
  [56f22d72] Artifacts v1.3.0
  [b99e7846] BinaryProvider v0.5.10
  [fa961155] CEnum v0.3.0
  [3895d2a7] CUDAapi v4.0.0
  [c5f51814] CUDAdrv v6.3.0
  [be33ccc6] CUDAnative v3.2.0
  [082447d4] ChainRules v0.6.5
  [d360d2e6] ChainRulesCore v0.8.1
  [da1fd8a2] CodeTracking v1.0.5
  [944b1d66] CodecZlib v0.7.0
  [3da002f7] ColorTypes v0.10.9
  [5ae59095] Colors v0.12.6
  [bbf7d656] CommonSubexpressions v0.3.0
  [34da2185] Compat v3.25.0
  [e66e0078] CompilerSupportLibraries_jll v0.3.4+0
  [f68482b8] Cthulhu v1.5.0
  [3a865a2d] CuArrays v2.2.2
  [9a962f9c] DataAPI v1.4.0
  [864edb3b] DataStructures v0.17.20
  [163ba53b] DiffResults v1.0.3
  [b552c78f] DiffRules v1.0.2
  [e2ba6199] ExprTools v0.1.3
  [1a297f60] FillArrays v0.8.14
  [53c48c17] FixedPointNumbers v0.8.4
  [587475ba] Flux v0.10.4
  [1eca21be] FoldingTrees v1.0.1
  [f6369f11] ForwardDiff v0.10.14
  [0c68f7d7] GPUArrays v3.4.1
  [61eb1bfa] GPUCompiler v0.2.0
  [7869d1d1] IRTools v0.4.2
  [692b3bcd] JLLWrappers v1.2.0
  [e5e0dc1b] Juno v0.8.4
  [929cbde3] LLVM v1.7.0
  [7f8f8fb0] LearnBase v0.4.1
  [9920b226] MLDataPattern v0.5.4
  [66a33bbf] MLLabelUtils v0.5.5
  [1914dd2f] MacroTools v0.5.6
  [dbb5928d] MappedArrays v0.3.0
  [e89f7d12] Media v0.5.0
  [e1d29d7a] Missings v0.4.4
  [46d2c3a1] MuladdMacro v0.2.2
  [872c559c] NNlib v0.6.6
  [15e1cf62] NPZ v0.4.1
  [77ba4419] NaNMath v0.3.5
  [efe28fd5] OpenSpecFun_jll v0.5.3+4
  [bac558e1] OrderedCollections v1.3.2
  [ae4e50cc] Pilot v0.1.0
  [189a3867] Reexport v0.2.0
  [ae029012] Requires v1.1.2
  [a2af1166] SortingAlgorithms v0.3.1
  [276daf66] SpecialFunctions v1.1.0
  [90137ffa] StaticArrays v1.0.1
  [2913bbd2] StatsBase v0.33.2
  [a759f4b9] TimerOutputs v0.5.7
  [3bb67fe8] TranscodingStreams v0.9.5
  [a5390f91] ZipFile v0.9.3
  [83775a58] Zlib_jll v1.2.11+18
  [e88e6eb3] Zygote v0.4.22
  [700de1a5] ZygoteRules v0.2.1
  [2a0f44e3] Base64
  [ade2ca70] Dates
  [8bb1440f] DelimitedFiles
  [8ba89e20] Distributed
  [9fa8497b] Future
  [b77e0a4c] InteractiveUtils
  [76f85450] LibGit2
  [8f399da3] Libdl
  [37e2e46d] LinearAlgebra
  [56ddb016] Logging
  [d6f4376e] Markdown
  [a63ad114] Mmap
  [44cfe95a] Pkg
  [de0858da] Printf
  [9abbd945] Profile
  [3fa0cd96] REPL
  [9a3f8284] Random
  [ea8e919c] SHA
  [9e88b42a] Serialization
  [1a1011a3] SharedArrays
  [6462fe0b] Sockets
  [2f01184e] SparseArrays
  [10745b16] Statistics
  [8dfed614] Test
  [cf7118a7] UUIDs
  [4ec0a83e] Unicode
Test Summary: |
Pilot.jl      | No tests
    Testing Pilot tests passed 

PkgEval succeeded


################################################################################
# PkgEval teardown: 2021-01-11T21:25:27.365
CPU usage: 216.09s (202.86s user, 13.54s kernel)

Network usage:
- eth0: 5.880 MiB received, 325.589 KiB sent

Raw statistics: {"blkio_stats":{"io_queue_recursive":[],"io_serviced_recursive":[{"major":259,"value":0,"op":"Read","minor":0},{"major":259,"value":28,"op":"Write","minor":0},{"major":259,"value":19,"op":"Sync","minor":0},{"major":259,"value":9,"op":"Async","minor":0},{"major":259,"value":0,"op":"Discard","minor":0},{"major":259,"value":28,"op":"Total","minor":0},{"major":253,"value":0,"op":"Read","minor":2},{"major":253,"value":28,"op":"Write","minor":2},{"major":253,"value":19,"op":"Sync","minor":2},{"major":253,"value":9,"op":"Async","minor":2},{"major":253,"value":0,"op":"Discard","minor":2},{"major":253,"value":28,"op":"Total","minor":2}],"io_time_recursive":[],"sectors_recursive":[],"io_service_bytes_recursive":[{"major":259,"value":0,"op":"Read","minor":0},{"major":259,"value":167936,"op":"Write","minor":0},{"major":259,"value":106496,"op":"Sync","minor":0},{"major":259,"value":61440,"op":"Async","minor":0},{"major":259,"value":0,"op":"Discard","minor":0},{"major":259,"value":167936,"op":"Total","minor":0},{"major":253,"value":0,"op":"Read","minor":2},{"major":253,"value":167936,"op":"Write","minor":2},{"major":253,"value":106496,"op":"Sync","minor":2},{"major":253,"value":61440,"op":"Async","minor":2},{"major":253,"value":0,"op":"Discard","minor":2},{"major":253,"value":167936,"op":"Total","minor":2}],"io_wait_time_recursive":[],"io_merged_recursive":[],"io_service_time_recursive":[]},"memory_stats":{"usage":385359872,"max_usage":1816481792,"stats":{"hierarchical_memory_limit":9223372036854771712,"pgmajfault":0,"total_rss":219099136,"inactive_file":135168,"inactive_anon":87588864,"total_pgfault":5904690,"total_cache":133632000,"total_rss_huge":0,"total_active_anon":265334784,"total_pgmajfault":0,"pgpgin":3889512,"rss_huge":0,"mapped_file":0,"total_inactive_file":135168,"dirty":270336,"total_unevictable":0,"total_dirty":270336,"writeback":0,"pgpgout":3803398,"hierarchical_memsw_limit":0,"cache":133632000,"active_file":135168,"pgfault":5904690,"total_mapped_file":0,"total_pgpgout":3803398,"total_writeback":0,"rss":219099136,"unevictable":0,"total_inactive_anon":87588864,"total_pgpgin":3889512,"active_anon":265334784,"total_active_file":135168},"limit":540965302272},"name":"/Pilot-scVJ7CDy","networks":{"eth0":{"rx_bytes":6165236,"rx_packets":2337,"tx_packets":2636,"tx_bytes":333403,"tx_dropped":0,"rx_dropped":8,"tx_errors":0,"rx_errors":0}},"id":"ec1ce713d68ebd43d98f0b8fb1d8dddea31a6d152ea02ddfe75119917356f5d4","preread":"0001-01-01T00:00:00Z","storage_stats":{},"precpu_stats":{"throttling_data":{"throttled_periods":0,"throttled_time":0,"periods":0},"cpu_usage":{"usage_in_usermode":0,"usage_in_kernelmode":0,"total_usage":0}},"pids_stats":{"current":40},"num_procs":0,"cpu_stats":{"throttling_data":{"throttled_periods":0,"throttled_time":0,"periods":0},"system_cpu_usage":5934359694522419,"online_cpus":128,"cpu_usage":{"usage_in_usermode":202860000000,"usage_in_kernelmode":13540000000,"total_usage":216086275130,"percpu_usage":[0,0,0,0,0,0,0,0,0,0,0,0,0,0,0,0,0,0,0,0,0,0,0,0,0,0,0,0,0,0,0,0,0,0,0,0,0,0,0,0,0,0,0,0,0,0,0,0,0,0,0,0,0,216086269650,0,0,0,0,0,0,0,0,0,0,0,0,0,0,0,0,0,0,0,0,0,0,0,0,0,0,0,0,0,0,0,0,0,0,0,0,0,0,0,0,0,0,0,0,0,0,0,0,0,0,0,0,0,0,0,0,0,0,0,0,0,0,0,5480,0,0,0,0,0,0,0,0,0,0]}},"read":"2021-01-11T21:25:27.368109575Z"}