################################################################################
# PackageCompiler set-up: 2021-01-11T20:09:39.645
#

Julia Version 1.5.3
Commit 599f52c4c6 (2020-12-18 13:33 UTC)
Platform Info:
  OS: Linux (x86_64-linux-gnu)
  CPU: AMD EPYC 7502 32-Core Processor
  WORD_SIZE: 64
  LIBM: libopenlibm
  LLVM: libLLVM-9.0.1 (ORCJIT, znver2)
Environment:
  JULIA_PKGEVAL = true
  JULIA_PKG_PRECOMPILE_AUTO = 0



################################################################################
# Installation: 2021-01-11T20:09:41.408
#

 Installing known registries into `~/.julia`
######################################################################## 100.0%
      Added registry `General` to `~/.julia/registries/General`
  Resolving package versions...
  Installed ArgCheck ──────────── v2.1.0
  Installed PkgSkeleton ───────── v0.4.0
  Installed DocStringExtensions ─ v0.8.3
  Installed PackageCompiler ───── v1.2.5
Updating `~/.julia/environments/v1.5/Project.toml`
  [9b87118b] + PackageCompiler v1.2.5
  [d254efa0] + PkgSkeleton v0.4.0
Updating `~/.julia/environments/v1.5/Manifest.toml`
  [dce04be8] + ArgCheck v2.1.0
  [ffbed154] + DocStringExtensions v0.8.3
  [9b87118b] + PackageCompiler v1.2.5
  [d254efa0] + PkgSkeleton v0.4.0
  [2a0f44e3] + Base64
  [ade2ca70] + Dates
  [8ba89e20] + Distributed
  [b77e0a4c] + InteractiveUtils
  [76f85450] + LibGit2
  [8f399da3] + Libdl
  [56ddb016] + Logging
  [d6f4376e] + Markdown
  [44cfe95a] + Pkg
  [de0858da] + Printf
  [3fa0cd96] + REPL
  [9a3f8284] + Random
  [ea8e919c] + SHA
  [9e88b42a] + Serialization
  [6462fe0b] + Sockets
  [8dfed614] + Test
  [cf7118a7] + UUIDs
  [4ec0a83e] + Unicode


################################################################################
# Compiling: 2021-01-11T20:09:46.984
#

[ Info: PackageCompiler: creating system image object file, this might take a while...
Generated system image is 147.724 MiB, compilation took 166 seconds


################################################################################
# PkgEval set-up: 2021-01-11T20:12:40.681
#

Julia Version 1.5.3
Commit 599f52c4c6 (2020-12-18 13:33 UTC)
Platform Info:
  OS: Linux (x86_64-linux-gnu)
  CPU: AMD EPYC 7502 32-Core Processor
  WORD_SIZE: 64
  LIBM: libopenlibm
  LLVM: libLLVM-9.0.1 (ORCJIT, znver2)
Environment:
  JULIA_PKGEVAL = true
  JULIA_PKG_PRECOMPILE_AUTO = 0

Base.julia_cmd() = `/usr/local/julia/bin/julia -Cnative -J/cache/PkgSkeleton-F1qaBgM9.so -g1`


################################################################################
# Installation: 2021-01-11T20:12:42.513
#

 Installing known registries into `~/.julia`
######################################################################## 100.0%
      Added registry `General` to `~/.julia/registries/General`
  Resolving package versions...
  Installed ArgCheck ──────────── v2.1.0
  Installed PkgSkeleton ───────── v0.4.0
  Installed DocStringExtensions ─ v0.8.3
Updating `~/.julia/environments/v1.5/Project.toml`
  [d254efa0] + PkgSkeleton v0.4.0
Updating `~/.julia/environments/v1.5/Manifest.toml`
  [dce04be8] + ArgCheck v2.1.0
  [ffbed154] + DocStringExtensions v0.8.3
  [d254efa0] + PkgSkeleton v0.4.0
  [2a0f44e3] + Base64
  [ade2ca70] + Dates
  [8ba89e20] + Distributed
  [b77e0a4c] + InteractiveUtils
  [76f85450] + LibGit2
  [8f399da3] + Libdl
  [56ddb016] + Logging
  [d6f4376e] + Markdown
  [44cfe95a] + Pkg
  [de0858da] + Printf
  [3fa0cd96] + REPL
  [9a3f8284] + Random
  [ea8e919c] + SHA
  [9e88b42a] + Serialization
  [6462fe0b] + Sockets
  [8dfed614] + Test
  [cf7118a7] + UUIDs
  [4ec0a83e] + Unicode


################################################################################
# Testing: 2021-01-11T20:12:47.115
#

    Testing PkgSkeleton
Status `/tmp/jl_wFYXGs/Project.toml`
  [dce04be8] ArgCheck v2.1.0
  [ffbed154] DocStringExtensions v0.8.3
  [d254efa0] PkgSkeleton v0.4.0
  [ade2ca70] Dates
  [76f85450] LibGit2
  [44cfe95a] Pkg
  [8dfed614] Test
  [cf7118a7] UUIDs
Status `/tmp/jl_wFYXGs/Manifest.toml`
  [dce04be8] ArgCheck v2.1.0
  [ffbed154] DocStringExtensions v0.8.3
  [d254efa0] PkgSkeleton v0.4.0
  [2a0f44e3] Base64
  [ade2ca70] Dates
  [8ba89e20] Distributed
  [b77e0a4c] InteractiveUtils
  [76f85450] LibGit2
  [8f399da3] Libdl
  [56ddb016] Logging
  [d6f4376e] Markdown
  [44cfe95a] Pkg
  [de0858da] Printf
  [3fa0cd96] REPL
  [9a3f8284] Random
  [ea8e919c] SHA
  [9e88b42a] Serialization
  [6462fe0b] Sockets
  [8dfed614] Test
  [cf7118a7] UUIDs
  [4ec0a83e] Unicode
Test Summary:    | Pass  Total
git option error |    1      1
Test Summary:      | Pass  Total
replacement values |    7      7
template directories: Error During Test at /home/user/.julia/packages/PkgSkeleton/tRwx8/test/runtests.jl:86
  Test threw exception
  Expression: resolve_template_dir(:default) == default_template
  ArgumentError: Could not find built-in template default.
  Stacktrace:
   [1] macro expansion at /home/pkgeval/.julia/packages/ArgCheck/5xEDR/src/checks.jl:243 [inlined]
   [2] resolve_template_dir(::Symbol) at /home/pkgeval/.julia/packages/PkgSkeleton/tRwx8/src/PkgSkeleton.jl:185
   [3] top-level scope at /home/user/.julia/packages/PkgSkeleton/tRwx8/test/runtests.jl:86
   [4] top-level scope at /workspace/srcdir/usr/share/julia/stdlib/v1.5/Test/src/Test.jl:1115
   [5] top-level scope at /home/user/.julia/packages/PkgSkeleton/tRwx8/test/runtests.jl:85
  
Test Summary:        | Pass  Error  Total
template directories |    3      1      4
ERROR: LoadError: Some tests did not pass: 3 passed, 0 failed, 1 errored, 0 broken.
in expression starting at /home/user/.julia/packages/PkgSkeleton/tRwx8/test/runtests.jl:84

PkgEval failed: Package PkgSkeleton errored during testing
Stacktrace:
 [1] pkgerror(::String) at /workspace/srcdir/usr/share/julia/stdlib/v1.5/Pkg/src/Types.jl:52
 [2] test(::Pkg.Types.Context, ::Array{Pkg.Types.PackageSpec,1}; coverage::Bool, julia_args::Cmd, test_args::Cmd, test_fn::Nothing) at /workspace/srcdir/usr/share/julia/stdlib/v1.5/Pkg/src/Operations.jl:1578
 [3] test(::Pkg.Types.Context, ::Array{Pkg.Types.PackageSpec,1}; coverage::Bool, test_fn::Nothing, julia_args::Cmd, test_args::Cmd, kwargs::Base.Iterators.Pairs{Union{},Union{},Tuple{},NamedTuple{(),Tuple{}}}) at /workspace/srcdir/usr/share/julia/stdlib/v1.5/Pkg/src/API.jl:327
 [4] test(::Pkg.Types.Context, ::Array{Pkg.Types.PackageSpec,1}) at /workspace/srcdir/usr/share/julia/stdlib/v1.5/Pkg/src/API.jl:314
 [5] #test#61 at /workspace/srcdir/usr/share/julia/stdlib/v1.5/Pkg/src/API.jl:67 [inlined]
 [6] test at /workspace/srcdir/usr/share/julia/stdlib/v1.5/Pkg/src/API.jl:67 [inlined]
 [7] #test#60 at /workspace/srcdir/usr/share/julia/stdlib/v1.5/Pkg/src/API.jl:66 [inlined]
 [8] test at /workspace/srcdir/usr/share/julia/stdlib/v1.5/Pkg/src/API.jl:66 [inlined]
 [9] test(::String; kwargs::Base.Iterators.Pairs{Union{},Union{},Tuple{},NamedTuple{(),Tuple{}}}) at /workspace/srcdir/usr/share/julia/stdlib/v1.5/Pkg/src/API.jl:65
 [10] test(::String) at /workspace/srcdir/usr/share/julia/stdlib/v1.5/Pkg/src/API.jl:65
 [11] top-level scope at none:22
 [12] eval at ./boot.jl:331 [inlined]
 [13] eval(::Expr) at ./client.jl:467
 [14] top-level scope at none:1
 [15] eval(::Module, ::Any) at ./boot.jl:331
 [16] exec_options(::Base.JLOptions) at ./client.jl:272
 [17] _start() at ./client.jl:506


################################################################################
# PkgEval teardown: 2021-01-11T20:12:54.687
CPU usage: 14.11s (11.91s user, 2.25s kernel)

Network usage:
- eth0: 2.589 MiB received, 35.547 KiB sent

Raw statistics: {"blkio_stats":{"io_queue_recursive":[],"io_serviced_recursive":[{"major":259,"value":1,"op":"Read","minor":0},{"major":259,"value":19,"op":"Write","minor":0},{"major":259,"value":15,"op":"Sync","minor":0},{"major":259,"value":5,"op":"Async","minor":0},{"major":259,"value":0,"op":"Discard","minor":0},{"major":259,"value":20,"op":"Total","minor":0},{"major":253,"value":1,"op":"Read","minor":2},{"major":253,"value":19,"op":"Write","minor":2},{"major":253,"value":15,"op":"Sync","minor":2},{"major":253,"value":5,"op":"Async","minor":2},{"major":253,"value":0,"op":"Discard","minor":2},{"major":253,"value":20,"op":"Total","minor":2}],"io_time_recursive":[],"sectors_recursive":[],"io_service_bytes_recursive":[{"major":259,"value":86016,"op":"Read","minor":0},{"major":259,"value":77824,"op":"Write","minor":0},{"major":259,"value":143360,"op":"Sync","minor":0},{"major":259,"value":20480,"op":"Async","minor":0},{"major":259,"value":0,"op":"Discard","minor":0},{"major":259,"value":163840,"op":"Total","minor":0},{"major":253,"value":86016,"op":"Read","minor":2},{"major":253,"value":77824,"op":"Write","minor":2},{"major":253,"value":143360,"op":"Sync","minor":2},{"major":253,"value":20480,"op":"Async","minor":2},{"major":253,"value":0,"op":"Discard","minor":2},{"major":253,"value":163840,"op":"Total","minor":2}],"io_wait_time_recursive":[],"io_merged_recursive":[],"io_service_time_recursive":[]},"memory_stats":{"usage":312049664,"max_usage":508583936,"stats":{"hierarchical_memory_limit":9223372036854771712,"pgmajfault":0,"total_rss":202874880,"inactive_file":135168,"inactive_anon":78938112,"total_pgfault":309738,"total_cache":79691776,"total_rss_huge":0,"total_active_anon":203292672,"total_pgmajfault":0,"pgpgin":179091,"rss_huge":0,"mapped_file":0,"total_inactive_file":135168,"dirty":135168,"total_unevictable":0,"total_dirty":135168,"writeback":0,"pgpgout":110083,"hierarchical_memsw_limit":0,"cache":79691776,"active_file":135168,"pgfault":309738,"total_mapped_file":0,"total_pgpgout":110083,"total_writeback":0,"rss":202874880,"unevictable":0,"total_inactive_anon":78938112,"total_pgpgin":179091,"active_anon":203292672,"total_active_file":135168},"limit":540965302272},"name":"/PkgSkeleton-20dINr0V","networks":{"eth0":{"rx_bytes":2715027,"rx_packets":339,"tx_packets":336,"tx_bytes":36400,"tx_dropped":0,"rx_dropped":1,"tx_errors":0,"rx_errors":0}},"id":"9028392ee21e9d70dff58377d2c53280ccbde3aa34c92ed1e79d593110143f4f","preread":"0001-01-01T00:00:00Z","storage_stats":{},"precpu_stats":{"throttling_data":{"throttled_periods":0,"throttled_time":0,"periods":0},"cpu_usage":{"usage_in_usermode":0,"usage_in_kernelmode":0,"total_usage":0}},"pids_stats":{"current":44},"num_procs":0,"cpu_stats":{"throttling_data":{"throttled_periods":0,"throttled_time":0,"periods":0},"system_cpu_usage":5378257414522419,"online_cpus":128,"cpu_usage":{"usage_in_usermode":11910000000,"usage_in_kernelmode":2250000000,"total_usage":14114321480,"percpu_usage":[0,0,0,0,0,0,0,0,0,0,0,0,0,0,0,0,0,0,0,0,0,0,0,0,0,0,0,0,0,0,0,0,0,0,0,0,0,0,0,0,0,0,0,0,0,0,676381,14113639929,0,0,0,0,0,0,0,0,0,0,0,0,0,0,0,0,0,0,0,0,0,0,0,0,0,0,0,0,0,0,0,0,0,0,0,0,0,0,0,0,0,0,0,0,0,0,0,0,0,0,0,0,0,0,0,0,0,0,0,0,5170,0,0,0,0,0,0,0,0,0,0,0,0,0,0,0,0,0,0,0]}},"read":"2021-01-11T20:12:54.689802543Z"}