################################################################################
# PackageCompiler set-up: 2021-01-11T16:54:04.383
#

Julia Version 1.5.3
Commit 599f52c4c6 (2020-12-18 13:33 UTC)
Platform Info:
  OS: Linux (x86_64-linux-gnu)
  CPU: AMD EPYC 7502 32-Core Processor
  WORD_SIZE: 64
  LIBM: libopenlibm
  LLVM: libLLVM-9.0.1 (ORCJIT, znver2)
Environment:
  JULIA_PKGEVAL = true
  JULIA_PKG_PRECOMPILE_AUTO = 0



################################################################################
# Installation: 2021-01-11T16:54:06.11
#

 Installing known registries into `~/.julia`
#################################################                         69.3%######################################################################## 100.0%
      Added registry `General` to `~/.julia/registries/General`
  Resolving package versions...
  Installed Reexport ──────────────────── v0.2.0
  Installed TableTraits ───────────────── v1.0.0
  Installed PlotAxes ──────────────────── v0.2.7
  Installed Tables ────────────────────── v1.2.2
  Installed DataStructures ────────────── v0.18.8
  Installed CategoricalArrays ─────────── v0.8.3
  Installed DataFrames ────────────────── v0.21.8
  Installed PackageCompiler ───────────── v1.2.5
  Installed RangeArrays ───────────────── v0.3.2
  Installed DataAPI ───────────────────── v1.4.0
  Installed Requires ──────────────────── v1.1.2
  Installed IterTools ─────────────────── v1.3.0
  Installed IntervalSets ──────────────── v0.5.2
  Installed InvertedIndices ───────────── v1.0.0
  Installed DataValueInterfaces ───────── v1.0.0
  Installed OrderedCollections ────────── v1.3.2
  Installed Missings ──────────────────── v0.4.4
  Installed AxisArrays ────────────────── v0.4.3
  Installed PooledArrays ──────────────── v0.5.3
  Installed EllipsisNotation ──────────── v1.0.0
  Installed IteratorInterfaceExtensions ─ v1.0.0
  Installed StructTypes ───────────────── v1.2.1
  Installed JSON ──────────────────────── v0.21.1
  Installed SortingAlgorithms ─────────── v0.3.1
  Installed Compat ────────────────────── v3.25.0
  Installed Parsers ───────────────────── v1.0.15
Updating `~/.julia/environments/v1.5/Project.toml`
  [9b87118b] + PackageCompiler v1.2.5
  [8b6f5f00] + PlotAxes v0.2.7
Updating `~/.julia/environments/v1.5/Manifest.toml`
  [39de3d68] + AxisArrays v0.4.3
  [324d7699] + CategoricalArrays v0.8.3
  [34da2185] + Compat v3.25.0
  [9a962f9c] + DataAPI v1.4.0
  [a93c6f00] + DataFrames v0.21.8
  [864edb3b] + DataStructures v0.18.8
  [e2d170a0] + DataValueInterfaces v1.0.0
  [da5c29d0] + EllipsisNotation v1.0.0
  [8197267c] + IntervalSets v0.5.2
  [41ab1584] + InvertedIndices v1.0.0
  [c8e1da08] + IterTools v1.3.0
  [82899510] + IteratorInterfaceExtensions v1.0.0
  [682c06a0] + JSON v0.21.1
  [e1d29d7a] + Missings v0.4.4
  [bac558e1] + OrderedCollections v1.3.2
  [9b87118b] + PackageCompiler v1.2.5
  [69de0a69] + Parsers v1.0.15
  [8b6f5f00] + PlotAxes v0.2.7
  [2dfb63ee] + PooledArrays v0.5.3
  [b3c3ace0] + RangeArrays v0.3.2
  [189a3867] + Reexport v0.2.0
  [ae029012] + Requires v1.1.2
  [a2af1166] + SortingAlgorithms v0.3.1
  [856f2bd8] + StructTypes v1.2.1
  [3783bdb8] + TableTraits v1.0.0
  [bd369af6] + Tables v1.2.2
  [2a0f44e3] + Base64
  [ade2ca70] + Dates
  [8bb1440f] + DelimitedFiles
  [8ba89e20] + Distributed
  [9fa8497b] + Future
  [b77e0a4c] + InteractiveUtils
  [76f85450] + LibGit2
  [8f399da3] + Libdl
  [37e2e46d] + LinearAlgebra
  [56ddb016] + Logging
  [d6f4376e] + Markdown
  [a63ad114] + Mmap
  [44cfe95a] + Pkg
  [de0858da] + Printf
  [3fa0cd96] + REPL
  [9a3f8284] + Random
  [ea8e919c] + SHA
  [9e88b42a] + Serialization
  [1a1011a3] + SharedArrays
  [6462fe0b] + Sockets
  [2f01184e] + SparseArrays
  [10745b16] + Statistics
  [8dfed614] + Test
  [cf7118a7] + UUIDs
  [4ec0a83e] + Unicode
   Building PlotAxes → `~/.julia/packages/PlotAxes/XKjM4/deps/build.log`


################################################################################
# Compiling: 2021-01-11T16:55:19.201
#

[ Info: PackageCompiler: creating system image object file, this might take a while...
Generated system image is 171.310 MiB, compilation took 208 seconds


################################################################################
# PkgEval set-up: 2021-01-11T16:58:55.057
#

Julia Version 1.5.3
Commit 599f52c4c6 (2020-12-18 13:33 UTC)
Platform Info:
  OS: Linux (x86_64-linux-gnu)
  CPU: AMD EPYC 7502 32-Core Processor
  WORD_SIZE: 64
  LIBM: libopenlibm
  LLVM: libLLVM-9.0.1 (ORCJIT, znver2)
Environment:
  JULIA_PKGEVAL = true
  JULIA_PKG_PRECOMPILE_AUTO = 0

Base.julia_cmd() = `/usr/local/julia/bin/julia -Cnative -J/cache/PlotAxes-r8TrOHX1.so -g1`


################################################################################
# Installation: 2021-01-11T16:58:56.853
#

 Installing known registries into `~/.julia`
########################################################                  78.1%######################################################################## 100.0%
      Added registry `General` to `~/.julia/registries/General`
  Resolving package versions...
  Installed Reexport ──────────────────── v0.2.0
  Installed TableTraits ───────────────── v1.0.0
  Installed PlotAxes ──────────────────── v0.2.7
  Installed RangeArrays ───────────────── v0.3.2
  Installed Tables ────────────────────── v1.2.2
  Installed CategoricalArrays ─────────── v0.8.3
  Installed DataStructures ────────────── v0.18.8
  Installed DataFrames ────────────────── v0.21.8
  Installed Requires ──────────────────── v1.1.2
  Installed DataAPI ───────────────────── v1.4.0
  Installed IterTools ─────────────────── v1.3.0
  Installed IntervalSets ──────────────── v0.5.2
  Installed InvertedIndices ───────────── v1.0.0
  Installed OrderedCollections ────────── v1.3.2
  Installed DataValueInterfaces ───────── v1.0.0
  Installed PooledArrays ──────────────── v0.5.3
  Installed Missings ──────────────────── v0.4.4
  Installed AxisArrays ────────────────── v0.4.3
  Installed EllipsisNotation ──────────── v1.0.0
  Installed StructTypes ───────────────── v1.2.1
  Installed JSON ──────────────────────── v0.21.1
  Installed IteratorInterfaceExtensions ─ v1.0.0
  Installed SortingAlgorithms ─────────── v0.3.1
  Installed Compat ────────────────────── v3.25.0
  Installed Parsers ───────────────────── v1.0.15
Updating `~/.julia/environments/v1.5/Project.toml`
  [8b6f5f00] + PlotAxes v0.2.7
Updating `~/.julia/environments/v1.5/Manifest.toml`
  [39de3d68] + AxisArrays v0.4.3
  [324d7699] + CategoricalArrays v0.8.3
  [34da2185] + Compat v3.25.0
  [9a962f9c] + DataAPI v1.4.0
  [a93c6f00] + DataFrames v0.21.8
  [864edb3b] + DataStructures v0.18.8
  [e2d170a0] + DataValueInterfaces v1.0.0
  [da5c29d0] + EllipsisNotation v1.0.0
  [8197267c] + IntervalSets v0.5.2
  [41ab1584] + InvertedIndices v1.0.0
  [c8e1da08] + IterTools v1.3.0
  [82899510] + IteratorInterfaceExtensions v1.0.0
  [682c06a0] + JSON v0.21.1
  [e1d29d7a] + Missings v0.4.4
  [bac558e1] + OrderedCollections v1.3.2
  [69de0a69] + Parsers v1.0.15
  [8b6f5f00] + PlotAxes v0.2.7
  [2dfb63ee] + PooledArrays v0.5.3
  [b3c3ace0] + RangeArrays v0.3.2
  [189a3867] + Reexport v0.2.0
  [ae029012] + Requires v1.1.2
  [a2af1166] + SortingAlgorithms v0.3.1
  [856f2bd8] + StructTypes v1.2.1
  [3783bdb8] + TableTraits v1.0.0
  [bd369af6] + Tables v1.2.2
  [2a0f44e3] + Base64
  [ade2ca70] + Dates
  [8bb1440f] + DelimitedFiles
  [8ba89e20] + Distributed
  [9fa8497b] + Future
  [b77e0a4c] + InteractiveUtils
  [76f85450] + LibGit2
  [8f399da3] + Libdl
  [37e2e46d] + LinearAlgebra
  [56ddb016] + Logging
  [d6f4376e] + Markdown
  [a63ad114] + Mmap
  [44cfe95a] + Pkg
  [de0858da] + Printf
  [3fa0cd96] + REPL
  [9a3f8284] + Random
  [ea8e919c] + SHA
  [9e88b42a] + Serialization
  [1a1011a3] + SharedArrays
  [6462fe0b] + Sockets
  [2f01184e] + SparseArrays
  [10745b16] + Statistics
  [8dfed614] + Test
  [cf7118a7] + UUIDs
  [4ec0a83e] + Unicode
   Building PlotAxes → `~/.julia/packages/PlotAxes/XKjM4/deps/build.log`


################################################################################
# Testing: 2021-01-11T17:00:06.631
#

    Testing PlotAxes
Status `/tmp/jl_DIJO3b/Project.toml`
  [39de3d68] AxisArrays v0.4.3
  [8f4d0f93] Conda v1.5.0
  [c91e804a] Gadfly v1.3.1
  [8b6f5f00] PlotAxes v0.2.7
  [6f49c342] RCall v0.13.10
  [1986cc42] Unitful v1.5.0
  [112f6efa] VegaLite v1.0.0
  [ade2ca70] Dates
  [8dfed614] Test
Status `/tmp/jl_DIJO3b/Manifest.toml`
  [621f4979] AbstractFFTs v1.0.0
  [79e6a3ab] Adapt v2.4.0
  [56f22d72] Artifacts v1.3.0
  [13072b0f] AxisAlgorithms v1.0.0
  [39de3d68] AxisArrays v0.4.3
  [324d7699] CategoricalArrays v0.8.3
  [3da002f7] ColorTypes v0.10.9
  [5ae59095] Colors v0.12.6
  [34da2185] Compat v3.25.0
  [e66e0078] CompilerSupportLibraries_jll v0.3.4+0
  [a81c6b42] Compose v0.9.1
  [8f4d0f93] Conda v1.5.0
  [187b0558] ConstructionBase v1.0.0
  [d38c429a] Contour v0.5.7
  [7ad07ef1] CoupledFields v0.2.0
  [9a962f9c] DataAPI v1.4.0
  [a93c6f00] DataFrames v0.21.8
  [864edb3b] DataStructures v0.18.8
  [e2d170a0] DataValueInterfaces v1.0.0
  [e7dc6d0d] DataValues v0.4.13
  [b4f34e82] Distances v0.10.0
  [31c24e10] Distributions v0.23.12
  [ffbed154] DocStringExtensions v0.8.3
  [da5c29d0] EllipsisNotation v1.0.0
  [7a1cc6ca] FFTW v1.3.1
  [f5851436] FFTW_jll v3.3.9+7
  [5789e2e9] FileIO v1.4.5
  [8fc22ac5] FilePaths v0.8.1
  [48062228] FilePathsBase v0.9.6
  [1a297f60] FillArrays v0.9.7
  [53c48c17] FixedPointNumbers v0.8.4
  [c91e804a] Gadfly v1.3.1
  [c27321d9] Glob v1.3.0
  [42e2da0e] Grisu v1.0.0
  [cd3eb016] HTTP v0.8.19
  [a1b4810d] Hexagons v0.2.0
  [9b13fd28] IndirectArrays v0.5.1
  [83e8ac13] IniFile v0.5.0
  [1d5cc7b8] IntelOpenMP_jll v2018.0.3+0
  [a98d9a8b] Interpolations v0.13.1
  [8197267c] IntervalSets v0.5.2
  [41ab1584] InvertedIndices v1.0.0
  [c8e1da08] IterTools v1.3.0
  [1c8ee90f] IterableTables v1.0.0
  [82899510] IteratorInterfaceExtensions v1.0.0
  [692b3bcd] JLLWrappers v1.2.0
  [682c06a0] JSON v0.21.1
  [7d188eb4] JSONSchema v0.1.1
  [e5e0dc1b] Juno v0.8.4
  [5ab0869b] KernelDensity v0.6.2
  [4345ca2d] Loess v0.5.3
  [856f044c] MKL_jll v2020.2.254+0
  [1914dd2f] MacroTools v0.5.6
  [739be429] MbedTLS v1.0.3
  [c8ffd9c3] MbedTLS_jll v2.16.8+1
  [442fdcdd] Measures v0.3.1
  [e89f7d12] Media v0.5.0
  [e1d29d7a] Missings v0.4.4
  [2bd173c7] NodeJS v1.1.1
  [6fe1bfb0] OffsetArrays v1.5.0
  [efe28fd5] OpenSpecFun_jll v0.5.3+4
  [bac558e1] OrderedCollections v1.3.2
  [90014a1f] PDMats v0.10.1
  [69de0a69] Parsers v1.0.15
  [8b6f5f00] PlotAxes v0.2.7
  [2dfb63ee] PooledArrays v0.5.3
  [1fd47b50] QuadGK v2.4.1
  [6f49c342] RCall v0.13.10
  [b3c3ace0] RangeArrays v0.3.2
  [c84ed2f1] Ratios v0.4.0
  [189a3867] Reexport v0.2.0
  [ae029012] Requires v1.1.2
  [79098fc4] Rmath v0.6.1
  [f50d1b31] Rmath_jll v0.2.2+1
  [efcf1570] Setfield v0.5.4
  [1277b4bf] ShiftedArrays v1.0.0
  [992d4aef] Showoff v0.3.2
  [a2af1166] SortingAlgorithms v0.3.1
  [276daf66] SpecialFunctions v0.10.3
  [90137ffa] StaticArrays v0.12.5
  [2913bbd2] StatsBase v0.33.2
  [4c63d2b9] StatsFuns v0.9.6
  [3eaba693] StatsModels v0.6.18
  [856f2bd8] StructTypes v1.2.1
  [3783bdb8] TableTraits v1.0.0
  [382cd787] TableTraitsUtils v1.0.1
  [bd369af6] Tables v1.2.2
  [30578b45] URIParser v0.4.1
  [1986cc42] Unitful v1.5.0
  [112f6efa] VegaLite v1.0.0
  [81def892] VersionParsing v1.2.0
  [1b915085] WinReg v0.3.1
  [efce3f68] WoodburyMatrices v0.5.3
  [2a0f44e3] Base64
  [ade2ca70] Dates
  [8bb1440f] DelimitedFiles
  [8ba89e20] Distributed
  [9fa8497b] Future
  [b77e0a4c] InteractiveUtils
  [76f85450] LibGit2
  [8f399da3] Libdl
  [37e2e46d] LinearAlgebra
  [56ddb016] Logging
  [d6f4376e] Markdown
  [a63ad114] Mmap
  [44cfe95a] Pkg
  [de0858da] Printf
  [9abbd945] Profile
  [3fa0cd96] REPL
  [9a3f8284] Random
  [ea8e919c] SHA
  [9e88b42a] Serialization
  [1a1011a3] SharedArrays
  [6462fe0b] Sockets
  [2f01184e] SparseArrays
  [10745b16] Statistics
  [4607b0f0] SuiteSparse
  [8dfed614] Test
  [cf7118a7] UUIDs
  [4ec0a83e] Unicode
[ Info: Loading Gadfly backend for `PlotAxes`
[ Info: Loading VegaLite backend for `PlotAxes`
[ Info: Loading RCall ggplot2 backend for `PlotAxes`
┌ Warning: RCall.jl: Registered S3 methods overwritten by 'ggplot2':
│   method         from 
│   [.quosures     rlang
│   c.quosures     rlang
│   print.quosures rlang
└ @ RCall ~/.julia/packages/RCall/eRsxl/src/io.jl:160
Test Summary: | Pass  Total
PlotAxes      |   78     78
    Testing PlotAxes tests passed 

PkgEval succeeded


################################################################################
# PkgEval teardown: 2021-01-11T17:03:27.935
CPU usage: 268.58s (249.36s user, 19.56s kernel)

Network usage:
- eth0: 328.672 MiB received, 1.804 MiB sent

Raw statistics: {"blkio_stats":{"io_queue_recursive":[],"io_serviced_recursive":[{"major":259,"value":17,"op":"Read","minor":0},{"major":259,"value":49,"op":"Write","minor":0},{"major":259,"value":31,"op":"Sync","minor":0},{"major":259,"value":35,"op":"Async","minor":0},{"major":259,"value":0,"op":"Discard","minor":0},{"major":259,"value":66,"op":"Total","minor":0},{"major":253,"value":17,"op":"Read","minor":2},{"major":253,"value":49,"op":"Write","minor":2},{"major":253,"value":31,"op":"Sync","minor":2},{"major":253,"value":35,"op":"Async","minor":2},{"major":253,"value":0,"op":"Discard","minor":2},{"major":253,"value":66,"op":"Total","minor":2}],"io_time_recursive":[],"sectors_recursive":[],"io_service_bytes_recursive":[{"major":259,"value":598016,"op":"Read","minor":0},{"major":259,"value":278528,"op":"Write","minor":0},{"major":259,"value":655360,"op":"Sync","minor":0},{"major":259,"value":221184,"op":"Async","minor":0},{"major":259,"value":0,"op":"Discard","minor":0},{"major":259,"value":876544,"op":"Total","minor":0},{"major":253,"value":598016,"op":"Read","minor":2},{"major":253,"value":278528,"op":"Write","minor":2},{"major":253,"value":655360,"op":"Sync","minor":2},{"major":253,"value":221184,"op":"Async","minor":2},{"major":253,"value":0,"op":"Discard","minor":2},{"major":253,"value":876544,"op":"Total","minor":2}],"io_wait_time_recursive":[],"io_merged_recursive":[],"io_service_time_recursive":[]},"memory_stats":{"usage":2141622272,"max_usage":3536797696,"stats":{"hierarchical_memory_limit":9223372036854771712,"pgmajfault":0,"total_rss":253591552,"inactive_file":135168,"inactive_anon":1222053888,"total_pgfault":6776748,"total_cache":1807446016,"total_rss_huge":0,"total_active_anon":838041600,"total_pgmajfault":0,"pgpgin":4917660,"rss_huge":0,"mapped_file":135168,"total_inactive_file":135168,"dirty":540672,"total_unevictable":0,"total_dirty":540672,"writeback":0,"pgpgout":4414454,"hierarchical_memsw_limit":0,"cache":1807446016,"active_file":1081344,"pgfault":6776748,"total_mapped_file":135168,"total_pgpgout":4414454,"total_writeback":0,"rss":253591552,"unevictable":0,"total_inactive_anon":1222053888,"total_pgpgin":4917660,"active_anon":838041600,"total_active_file":1081344},"limit":540965302272},"name":"/PlotAxes-6CXhRzu9","networks":{"eth0":{"rx_bytes":344637338,"rx_packets":51953,"tx_packets":25354,"tx_bytes":1891539,"tx_dropped":0,"rx_dropped":10,"tx_errors":0,"rx_errors":0}},"id":"d292b9eb1f66c12fd23de85d5ac89a132c86fd58d32314aeccf6b7d0c9489857","preread":"0001-01-01T00:00:00Z","storage_stats":{},"precpu_stats":{"throttling_data":{"throttled_periods":0,"throttled_time":0,"periods":0},"cpu_usage":{"usage_in_usermode":0,"usage_in_kernelmode":0,"total_usage":0}},"pids_stats":{"current":44},"num_procs":0,"cpu_stats":{"throttling_data":{"throttled_periods":0,"throttled_time":0,"periods":0},"system_cpu_usage":3925757174522419,"online_cpus":128,"cpu_usage":{"usage_in_usermode":249360000000,"usage_in_kernelmode":19560000000,"total_usage":268582891481,"percpu_usage":[0,0,0,0,0,0,0,0,0,0,0,0,201190,0,184970,268580949289,0,0,0,0,0,0,0,0,0,0,0,0,0,0,0,0,0,0,0,0,0,0,0,0,0,0,0,0,0,0,0,0,0,0,0,0,0,0,0,0,0,0,0,0,0,0,0,0,0,0,0,0,0,0,0,0,0,0,0,0,5890,758180,0,791962,0,0,0,0,0,0,0,0,0,0,0,0,0,0,0,0,0,0,0,0,0,0,0,0,0,0,0,0,0,0,0,0,0,0,0,0,0,0,0,0,0,0,0,0,0,0,0,0]}},"read":"2021-01-11T17:03:28.383859801Z"}