################################################################################
# PkgEval set-up: 2021-01-11T21:20:03.012
#

Julia Version 1.5.3
Commit 599f52c4c6 (2020-12-18 13:33 UTC)
Platform Info:
  OS: Linux (x86_64-linux-gnu)
  CPU: AMD EPYC 7502 32-Core Processor
  WORD_SIZE: 64
  LIBM: libopenlibm
  LLVM: libLLVM-9.0.1 (ORCJIT, znver2)
Environment:
  JULIA_PKG_PRECOMPILE_AUTO = 0
  JULIA_PKGEVAL = true

Base.julia_cmd() = `/opt/julia/bin/julia -Cnative -J/opt/julia/lib/julia/sys.so -g1`


################################################################################
# Installation: 2021-01-11T21:20:04.808
#

 Installing known registries into `~/.julia`
######################################################################## 100.0%
      Added registry `General` to `~/.julia/registries/General`
  Resolving package versions...
  Installed Combinatorics ───── v1.0.2
  Installed PolynomialFactors ─ v0.3.0
  Installed Primes ──────────── v0.5.0
  Installed AbstractAlgebra ─── v0.10.0
Updating `~/.julia/environments/v1.5/Project.toml`
  [ec145902] + PolynomialFactors v0.3.0
Updating `~/.julia/environments/v1.5/Manifest.toml`
  [c3fe647b] + AbstractAlgebra v0.10.0
  [861a8166] + Combinatorics v1.0.2
  [ec145902] + PolynomialFactors v0.3.0
  [27ebfcd6] + Primes v0.5.0
  [2a0f44e3] + Base64
  [8ba89e20] + Distributed
  [b77e0a4c] + InteractiveUtils
  [8f399da3] + Libdl
  [37e2e46d] + LinearAlgebra
  [56ddb016] + Logging
  [d6f4376e] + Markdown
  [9a3f8284] + Random
  [9e88b42a] + Serialization
  [6462fe0b] + Sockets
  [2f01184e] + SparseArrays
  [8dfed614] + Test


################################################################################
# Testing: 2021-01-11T21:20:09.692
#

    Testing PolynomialFactors
Status `/tmp/jl_EuDntQ/Project.toml`
  [c3fe647b] AbstractAlgebra v0.10.0
  [861a8166] Combinatorics v1.0.2
  [ec145902] PolynomialFactors v0.3.0
  [27ebfcd6] Primes v0.5.0
  [37e2e46d] LinearAlgebra
  [8dfed614] Test
Status `/tmp/jl_EuDntQ/Manifest.toml`
  [c3fe647b] AbstractAlgebra v0.10.0
  [861a8166] Combinatorics v1.0.2
  [ec145902] PolynomialFactors v0.3.0
  [27ebfcd6] Primes v0.5.0
  [2a0f44e3] Base64
  [8ba89e20] Distributed
  [b77e0a4c] InteractiveUtils
  [8f399da3] Libdl
  [37e2e46d] LinearAlgebra
  [56ddb016] Logging
  [d6f4376e] Markdown
  [9a3f8284] Random
  [9e88b42a] Serialization
  [6462fe0b] Sockets
  [2f01184e] SparseArrays
  [8dfed614] Test
ERROR: LoadError: LoadError: UndefVarError: gfelem not defined
Stacktrace:
 [1] getproperty(::Module, ::Symbol) at ./Base.jl:26
 [2] top-level scope at /home/pkgeval/.julia/packages/PolynomialFactors/dOBeW/src/polyutils.jl:6
 [3] include(::Function, ::Module, ::String) at ./Base.jl:380
 [4] include at ./Base.jl:368 [inlined]
 [5] include(::String) at /home/pkgeval/.julia/packages/PolynomialFactors/dOBeW/src/PolynomialFactors.jl:2
 [6] top-level scope at /home/pkgeval/.julia/packages/PolynomialFactors/dOBeW/src/PolynomialFactors.jl:17
 [7] include(::Function, ::Module, ::String) at ./Base.jl:380
 [8] include(::Module, ::String) at ./Base.jl:368
 [9] top-level scope at none:2
 [10] eval at ./boot.jl:331 [inlined]
 [11] eval(::Expr) at ./client.jl:467
 [12] top-level scope at ./none:3
in expression starting at /home/pkgeval/.julia/packages/PolynomialFactors/dOBeW/src/polyutils.jl:6
in expression starting at /home/pkgeval/.julia/packages/PolynomialFactors/dOBeW/src/PolynomialFactors.jl:17
ERROR: LoadError: Failed to precompile PolynomialFactors [ec145902-31c2-532e-934a-7c64254c4b82] to /home/pkgeval/.julia/compiled/v1.5/PolynomialFactors/tfyZL_nPOMw.ji.
Stacktrace:
 [1] error(::String) at ./error.jl:33
 [2] compilecache(::Base.PkgId, ::String) at ./loading.jl:1305
 [3] _require(::Base.PkgId) at ./loading.jl:1030
 [4] require(::Base.PkgId) at ./loading.jl:928
 [5] require(::Module, ::Symbol) at ./loading.jl:923
 [6] include(::String) at ./client.jl:457
 [7] top-level scope at none:6
in expression starting at /home/pkgeval/.julia/packages/PolynomialFactors/dOBeW/test/runtests.jl:1

PkgEval failed: Package PolynomialFactors errored during testing
Stacktrace:
 [1] pkgerror(::String) at /workspace/srcdir/usr/share/julia/stdlib/v1.5/Pkg/src/Types.jl:52
 [2] test(::Pkg.Types.Context, ::Array{Pkg.Types.PackageSpec,1}; coverage::Bool, julia_args::Cmd, test_args::Cmd, test_fn::Nothing) at /workspace/srcdir/usr/share/julia/stdlib/v1.5/Pkg/src/Operations.jl:1578
 [3] test(::Pkg.Types.Context, ::Array{Pkg.Types.PackageSpec,1}; coverage::Bool, test_fn::Nothing, julia_args::Cmd, test_args::Cmd, kwargs::Base.Iterators.Pairs{Union{},Union{},Tuple{},NamedTuple{(),Tuple{}}}) at /workspace/srcdir/usr/share/julia/stdlib/v1.5/Pkg/src/API.jl:327
 [4] test(::Pkg.Types.Context, ::Array{Pkg.Types.PackageSpec,1}) at /workspace/srcdir/usr/share/julia/stdlib/v1.5/Pkg/src/API.jl:314
 [5] #test#61 at /workspace/srcdir/usr/share/julia/stdlib/v1.5/Pkg/src/API.jl:67 [inlined]
 [6] test at /workspace/srcdir/usr/share/julia/stdlib/v1.5/Pkg/src/API.jl:67 [inlined]
 [7] #test#60 at /workspace/srcdir/usr/share/julia/stdlib/v1.5/Pkg/src/API.jl:66 [inlined]
 [8] test at /workspace/srcdir/usr/share/julia/stdlib/v1.5/Pkg/src/API.jl:66 [inlined]
 [9] test(::String; kwargs::Base.Iterators.Pairs{Union{},Union{},Tuple{},NamedTuple{(),Tuple{}}}) at /workspace/srcdir/usr/share/julia/stdlib/v1.5/Pkg/src/API.jl:65
 [10] test(::String) at /workspace/srcdir/usr/share/julia/stdlib/v1.5/Pkg/src/API.jl:65
 [11] top-level scope at none:22
 [12] eval at ./boot.jl:331 [inlined]
 [13] eval(::Expr) at ./client.jl:467
 [14] top-level scope at none:1
 [15] eval(::Module, ::Any) at ./boot.jl:331
 [16] exec_options(::Base.JLOptions) at ./client.jl:272
 [17] _start() at ./client.jl:506


################################################################################
# PkgEval teardown: 2021-01-11T21:20:24.857
CPU usage: 21.92s (19.09s user, 2.86s kernel)

Network usage:
- eth0: 2.929 MiB received, 45.192 KiB sent

Raw statistics: {"blkio_stats":{"io_queue_recursive":[],"io_serviced_recursive":[{"major":259,"value":0,"op":"Read","minor":0},{"major":259,"value":24,"op":"Write","minor":0},{"major":259,"value":19,"op":"Sync","minor":0},{"major":259,"value":5,"op":"Async","minor":0},{"major":259,"value":0,"op":"Discard","minor":0},{"major":259,"value":24,"op":"Total","minor":0},{"major":253,"value":0,"op":"Read","minor":2},{"major":253,"value":24,"op":"Write","minor":2},{"major":253,"value":19,"op":"Sync","minor":2},{"major":253,"value":5,"op":"Async","minor":2},{"major":253,"value":0,"op":"Discard","minor":2},{"major":253,"value":24,"op":"Total","minor":2}],"io_time_recursive":[],"sectors_recursive":[],"io_service_bytes_recursive":[{"major":259,"value":0,"op":"Read","minor":0},{"major":259,"value":126976,"op":"Write","minor":0},{"major":259,"value":106496,"op":"Sync","minor":0},{"major":259,"value":20480,"op":"Async","minor":0},{"major":259,"value":0,"op":"Discard","minor":0},{"major":259,"value":126976,"op":"Total","minor":0},{"major":253,"value":0,"op":"Read","minor":2},{"major":253,"value":126976,"op":"Write","minor":2},{"major":253,"value":106496,"op":"Sync","minor":2},{"major":253,"value":20480,"op":"Async","minor":2},{"major":253,"value":0,"op":"Discard","minor":2},{"major":253,"value":126976,"op":"Total","minor":2}],"io_wait_time_recursive":[],"io_merged_recursive":[],"io_service_time_recursive":[]},"memory_stats":{"usage":317833216,"max_usage":720883712,"stats":{"hierarchical_memory_limit":9223372036854771712,"pgmajfault":0,"total_rss":202477568,"inactive_file":135168,"inactive_anon":79613952,"total_pgfault":561957,"total_cache":85307392,"total_rss_huge":0,"total_active_anon":208293888,"total_pgmajfault":0,"pgpgin":332607,"rss_huge":0,"mapped_file":0,"total_inactive_file":135168,"dirty":270336,"total_unevictable":0,"total_dirty":270336,"writeback":0,"pgpgout":262302,"hierarchical_memsw_limit":0,"cache":85307392,"active_file":135168,"pgfault":561957,"total_mapped_file":0,"total_pgpgout":262302,"total_writeback":0,"rss":202477568,"unevictable":0,"total_inactive_anon":79613952,"total_pgpgin":332607,"active_anon":208293888,"total_active_file":135168},"limit":540965302272},"name":"/PolynomialFactors-tffjoJGU","networks":{"eth0":{"rx_bytes":3071538,"rx_packets":436,"tx_packets":449,"tx_bytes":46277,"tx_dropped":0,"rx_dropped":1,"tx_errors":0,"rx_errors":0}},"id":"906bd263cb7426f635c4f762ae8b101ce2d9f9b710b4745edb302298f04a8640","preread":"0001-01-01T00:00:00Z","storage_stats":{},"precpu_stats":{"throttling_data":{"throttled_periods":0,"throttled_time":0,"periods":0},"cpu_usage":{"usage_in_usermode":0,"usage_in_kernelmode":0,"total_usage":0}},"pids_stats":{"current":40},"num_procs":0,"cpu_stats":{"throttling_data":{"throttled_periods":0,"throttled_time":0,"periods":0},"system_cpu_usage":5895735134522419,"online_cpus":128,"cpu_usage":{"usage_in_usermode":19090000000,"usage_in_kernelmode":2860000000,"total_usage":21922031263,"percpu_usage":[0,0,0,0,0,0,0,0,0,0,0,0,0,0,0,0,0,0,0,0,0,0,0,0,0,0,0,0,0,0,0,0,0,0,0,0,0,0,0,0,0,0,0,0,0,0,0,0,0,0,0,0,0,0,21922026643,0,0,0,0,0,0,0,0,0,0,0,0,0,0,0,0,0,0,0,0,0,0,0,0,0,0,0,0,0,0,0,0,0,0,0,0,0,0,0,0,0,0,0,0,0,0,0,0,0,0,0,0,0,0,0,0,0,0,0,0,0,4620,0,0,0,0,0,0,0,0,0,0,0]}},"read":"2021-01-11T21:20:24.86116846Z"}