################################################################################
# PackageCompiler set-up: 2021-01-11T20:28:42.541
#

Julia Version 1.5.3
Commit 599f52c4c6 (2020-12-18 13:33 UTC)
Platform Info:
  OS: Linux (x86_64-linux-gnu)
  CPU: AMD EPYC 7502 32-Core Processor
  WORD_SIZE: 64
  LIBM: libopenlibm
  LLVM: libLLVM-9.0.1 (ORCJIT, znver2)
Environment:
  JULIA_PKGEVAL = true
  JULIA_PKG_PRECOMPILE_AUTO = 0



################################################################################
# Installation: 2021-01-11T20:28:44.271
#

 Installing known registries into `~/.julia`
####################################################                      72.4%######################################################################## 100.0%
      Added registry `General` to `~/.julia/registries/General`
  Resolving package versions...
  Installed CompilerSupportLibraries_jll ─ v0.3.4+0
  Installed MbedTLS_jll ────────────────── v2.16.8+1
  Installed Zlib_jll ───────────────────── v1.2.11+18
  Installed JSONSchema ─────────────────── v0.3.3
  Installed PackageCompiler ────────────── v1.2.5
  Installed PowerModels ────────────────── v0.17.3
  Installed JuMP ───────────────────────── v0.21.5
  Installed Reexport ───────────────────── v1.0.0
  Installed TimeZones ──────────────────── v1.5.3
  Installed MuladdMacro ────────────────── v0.2.2
  Installed CommonSubexpressions ───────── v0.3.0
  Installed Mocking ────────────────────── v0.7.1
  Installed TranscodingStreams ─────────── v0.9.5
  Installed Calculus ───────────────────── v0.5.1
  Installed Libiconv_jll ───────────────── v1.16.0+7
  Installed Memento ────────────────────── v1.1.2
  Installed Requires ───────────────────── v1.1.2
  Installed DataStructures ─────────────── v0.18.8
  Installed MbedTLS ────────────────────── v1.0.3
  Installed EzXML ──────────────────────── v1.1.0
  Installed DiffRules ──────────────────── v1.0.2
  Installed Bzip2_jll ──────────────────── v1.0.6+5
  Installed DiffResults ────────────────── v1.0.3
  Installed HTTP ───────────────────────── v0.9.2
  Installed BenchmarkTools ─────────────── v0.5.0
  Installed OrderedCollections ─────────── v1.3.2
  Installed XML2_jll ───────────────────── v2.9.10+3
  Installed CodecZlib ──────────────────── v0.7.0
  Installed RecipesBase ────────────────── v1.1.1
  Installed StaticArrays ───────────────── v1.0.1
  Installed MacroTools ─────────────────── v0.5.6
  Installed NLsolve ────────────────────── v4.5.1
  Installed JLLWrappers ────────────────── v1.2.0
  Installed MathOptInterface ───────────── v0.9.19
  Installed JSON ───────────────────────── v0.21.1
  Installed NaNMath ────────────────────── v0.3.5
  Installed Distances ──────────────────── v0.10.0
  Installed FiniteDiff ─────────────────── v2.7.2
  Installed Syslogs ────────────────────── v0.3.0
  Installed LineSearches ───────────────── v7.1.1
  Installed InfrastructureModels ───────── v0.5.3
  Installed ZipFile ────────────────────── v0.9.3
  Installed ArrayInterface ─────────────── v2.14.13
  Installed MutableArithmetics ─────────── v0.2.13
  Installed ForwardDiff ────────────────── v0.10.14
  Installed URIs ───────────────────────── v1.1.0
  Installed Parameters ─────────────────── v0.12.1
  Installed ExprTools ──────────────────── v0.1.3
  Installed SpecialFunctions ───────────── v1.2.1
  Installed UnPack ─────────────────────── v1.0.2
  Installed CodecBzip2 ─────────────────── v0.7.2
  Installed Compat ─────────────────────── v3.25.0
  Installed ChainRulesCore ─────────────── v0.9.24
  Installed OpenSpecFun_jll ────────────── v0.5.3+4
  Installed NLSolversBase ──────────────── v7.7.1
  Installed Parsers ────────────────────── v1.0.15
  Installed Artifacts ──────────────────── v1.3.0
  Installed IniFile ────────────────────── v0.5.0
Updating `~/.julia/environments/v1.5/Project.toml`
  [9b87118b] + PackageCompiler v1.2.5
  [c36e90e8] + PowerModels v0.17.3
Updating `~/.julia/environments/v1.5/Manifest.toml`
  [4fba245c] + ArrayInterface v2.14.13
  [56f22d72] + Artifacts v1.3.0
  [6e4b80f9] + BenchmarkTools v0.5.0
  [6e34b625] + Bzip2_jll v1.0.6+5
  [49dc2e85] + Calculus v0.5.1
  [d360d2e6] + ChainRulesCore v0.9.24
  [523fee87] + CodecBzip2 v0.7.2
  [944b1d66] + CodecZlib v0.7.0
  [bbf7d656] + CommonSubexpressions v0.3.0
  [34da2185] + Compat v3.25.0
  [e66e0078] + CompilerSupportLibraries_jll v0.3.4+0
  [864edb3b] + DataStructures v0.18.8
  [163ba53b] + DiffResults v1.0.3
  [b552c78f] + DiffRules v1.0.2
  [b4f34e82] + Distances v0.10.0
  [e2ba6199] + ExprTools v0.1.3
  [8f5d6c58] + EzXML v1.1.0
  [6a86dc24] + FiniteDiff v2.7.2
  [f6369f11] + ForwardDiff v0.10.14
  [cd3eb016] + HTTP v0.9.2
  [2030c09a] + InfrastructureModels v0.5.3
  [83e8ac13] + IniFile v0.5.0
  [692b3bcd] + JLLWrappers v1.2.0
  [682c06a0] + JSON v0.21.1
  [7d188eb4] + JSONSchema v0.3.3
  [4076af6c] + JuMP v0.21.5
  [94ce4f54] + Libiconv_jll v1.16.0+7
  [d3d80556] + LineSearches v7.1.1
  [1914dd2f] + MacroTools v0.5.6
  [b8f27783] + MathOptInterface v0.9.19
  [739be429] + MbedTLS v1.0.3
  [c8ffd9c3] + MbedTLS_jll v2.16.8+1
  [f28f55f0] + Memento v1.1.2
  [78c3b35d] + Mocking v0.7.1
  [46d2c3a1] + MuladdMacro v0.2.2
  [d8a4904e] + MutableArithmetics v0.2.13
  [d41bc354] + NLSolversBase v7.7.1
  [2774e3e8] + NLsolve v4.5.1
  [77ba4419] + NaNMath v0.3.5
  [efe28fd5] + OpenSpecFun_jll v0.5.3+4
  [bac558e1] + OrderedCollections v1.3.2
  [9b87118b] + PackageCompiler v1.2.5
  [d96e819e] + Parameters v0.12.1
  [69de0a69] + Parsers v1.0.15
  [c36e90e8] + PowerModels v0.17.3
  [3cdcf5f2] + RecipesBase v1.1.1
  [189a3867] + Reexport v1.0.0
  [ae029012] + Requires v1.1.2
  [276daf66] + SpecialFunctions v1.2.1
  [90137ffa] + StaticArrays v1.0.1
  [cea106d9] + Syslogs v0.3.0
  [f269a46b] + TimeZones v1.5.3
  [3bb67fe8] + TranscodingStreams v0.9.5
  [5c2747f8] + URIs v1.1.0
  [3a884ed6] + UnPack v1.0.2
  [02c8fc9c] + XML2_jll v2.9.10+3
  [a5390f91] + ZipFile v0.9.3
  [83775a58] + Zlib_jll v1.2.11+18
  [2a0f44e3] + Base64
  [ade2ca70] + Dates
  [8bb1440f] + DelimitedFiles
  [8ba89e20] + Distributed
  [b77e0a4c] + InteractiveUtils
  [76f85450] + LibGit2
  [8f399da3] + Libdl
  [37e2e46d] + LinearAlgebra
  [56ddb016] + Logging
  [d6f4376e] + Markdown
  [a63ad114] + Mmap
  [44cfe95a] + Pkg
  [de0858da] + Printf
  [3fa0cd96] + REPL
  [9a3f8284] + Random
  [ea8e919c] + SHA
  [9e88b42a] + Serialization
  [1a1011a3] + SharedArrays
  [6462fe0b] + Sockets
  [2f01184e] + SparseArrays
  [10745b16] + Statistics
  [8dfed614] + Test
  [cf7118a7] + UUIDs
  [4ec0a83e] + Unicode
   Building TimeZones → `~/.julia/packages/TimeZones/K98G0/deps/build.log`


################################################################################
# Compiling: 2021-01-11T20:29:01.666
#

[ Info: PackageCompiler: creating system image object file, this might take a while...
Generated system image is 207.794 MiB, compilation took 370 seconds


################################################################################
# PkgEval set-up: 2021-01-11T20:35:19.855
#

Julia Version 1.5.3
Commit 599f52c4c6 (2020-12-18 13:33 UTC)
Platform Info:
  OS: Linux (x86_64-linux-gnu)
  CPU: AMD EPYC 7502 32-Core Processor
  WORD_SIZE: 64
  LIBM: libopenlibm
  LLVM: libLLVM-9.0.1 (ORCJIT, znver2)
Environment:
  JULIA_PKGEVAL = true
  JULIA_PKG_PRECOMPILE_AUTO = 0

Base.julia_cmd() = `/usr/local/julia/bin/julia -Cnative -J/cache/PowerModels-nO7osSLs.so -g1`


################################################################################
# Installation: 2021-01-11T20:35:21.498
#

 Installing known registries into `~/.julia`
######################################################################## 100.0%
      Added registry `General` to `~/.julia/registries/General`
  Resolving package versions...
  Installed CompilerSupportLibraries_jll ─ v0.3.4+0
  Installed MbedTLS_jll ────────────────── v2.16.8+1
  Installed Zlib_jll ───────────────────── v1.2.11+18
  Installed Reexport ───────────────────── v1.0.0
  Installed JSONSchema ─────────────────── v0.3.3
  Installed PowerModels ────────────────── v0.17.3
  Installed JuMP ───────────────────────── v0.21.5
  Installed TimeZones ──────────────────── v1.5.3
  Installed CommonSubexpressions ───────── v0.3.0
  Installed Mocking ────────────────────── v0.7.1
  Installed MuladdMacro ────────────────── v0.2.2
  Installed TranscodingStreams ─────────── v0.9.5
  Installed Calculus ───────────────────── v0.5.1
  Installed Libiconv_jll ───────────────── v1.16.0+7
  Installed Requires ───────────────────── v1.1.2
  Installed DataStructures ─────────────── v0.18.8
  Installed Memento ────────────────────── v1.1.2
  Installed MbedTLS ────────────────────── v1.0.3
  Installed EzXML ──────────────────────── v1.1.0
  Installed DiffRules ──────────────────── v1.0.2
  Installed Bzip2_jll ──────────────────── v1.0.6+5
  Installed DiffResults ────────────────── v1.0.3
  Installed Parameters ─────────────────── v0.12.1
  Installed XML2_jll ───────────────────── v2.9.10+3
  Installed BenchmarkTools ─────────────── v0.5.0
  Installed HTTP ───────────────────────── v0.9.2
  Installed OrderedCollections ─────────── v1.3.2
  Installed StaticArrays ───────────────── v1.0.1
  Installed MathOptInterface ───────────── v0.9.19
  Installed RecipesBase ────────────────── v1.1.1
  Installed CodecZlib ──────────────────── v0.7.0
  Installed MacroTools ─────────────────── v0.5.6
  Installed NaNMath ────────────────────── v0.3.5
  Installed Distances ──────────────────── v0.10.0
  Installed NLsolve ────────────────────── v4.5.1
  Installed JSON ───────────────────────── v0.21.1
  Installed FiniteDiff ─────────────────── v2.7.2
  Installed JLLWrappers ────────────────── v1.2.0
  Installed Syslogs ────────────────────── v0.3.0
  Installed LineSearches ───────────────── v7.1.1
  Installed ZipFile ────────────────────── v0.9.3
  Installed ArrayInterface ─────────────── v2.14.13
  Installed MutableArithmetics ─────────── v0.2.13
  Installed URIs ───────────────────────── v1.1.0
  Installed InfrastructureModels ───────── v0.5.3
  Installed ForwardDiff ────────────────── v0.10.14
  Installed ExprTools ──────────────────── v0.1.3
  Installed SpecialFunctions ───────────── v1.2.1
  Installed UnPack ─────────────────────── v1.0.2
  Installed CodecBzip2 ─────────────────── v0.7.2
  Installed OpenSpecFun_jll ────────────── v0.5.3+4
  Installed Compat ─────────────────────── v3.25.0
  Installed NLSolversBase ──────────────── v7.7.1
  Installed Parsers ────────────────────── v1.0.15
  Installed ChainRulesCore ─────────────── v0.9.24
  Installed IniFile ────────────────────── v0.5.0
  Installed Artifacts ──────────────────── v1.3.0
Updating `~/.julia/environments/v1.5/Project.toml`
  [c36e90e8] + PowerModels v0.17.3
Updating `~/.julia/environments/v1.5/Manifest.toml`
  [4fba245c] + ArrayInterface v2.14.13
  [56f22d72] + Artifacts v1.3.0
  [6e4b80f9] + BenchmarkTools v0.5.0
  [6e34b625] + Bzip2_jll v1.0.6+5
  [49dc2e85] + Calculus v0.5.1
  [d360d2e6] + ChainRulesCore v0.9.24
  [523fee87] + CodecBzip2 v0.7.2
  [944b1d66] + CodecZlib v0.7.0
  [bbf7d656] + CommonSubexpressions v0.3.0
  [34da2185] + Compat v3.25.0
  [e66e0078] + CompilerSupportLibraries_jll v0.3.4+0
  [864edb3b] + DataStructures v0.18.8
  [163ba53b] + DiffResults v1.0.3
  [b552c78f] + DiffRules v1.0.2
  [b4f34e82] + Distances v0.10.0
  [e2ba6199] + ExprTools v0.1.3
  [8f5d6c58] + EzXML v1.1.0
  [6a86dc24] + FiniteDiff v2.7.2
  [f6369f11] + ForwardDiff v0.10.14
  [cd3eb016] + HTTP v0.9.2
  [2030c09a] + InfrastructureModels v0.5.3
  [83e8ac13] + IniFile v0.5.0
  [692b3bcd] + JLLWrappers v1.2.0
  [682c06a0] + JSON v0.21.1
  [7d188eb4] + JSONSchema v0.3.3
  [4076af6c] + JuMP v0.21.5
  [94ce4f54] + Libiconv_jll v1.16.0+7
  [d3d80556] + LineSearches v7.1.1
  [1914dd2f] + MacroTools v0.5.6
  [b8f27783] + MathOptInterface v0.9.19
  [739be429] + MbedTLS v1.0.3
  [c8ffd9c3] + MbedTLS_jll v2.16.8+1
  [f28f55f0] + Memento v1.1.2
  [78c3b35d] + Mocking v0.7.1
  [46d2c3a1] + MuladdMacro v0.2.2
  [d8a4904e] + MutableArithmetics v0.2.13
  [d41bc354] + NLSolversBase v7.7.1
  [2774e3e8] + NLsolve v4.5.1
  [77ba4419] + NaNMath v0.3.5
  [efe28fd5] + OpenSpecFun_jll v0.5.3+4
  [bac558e1] + OrderedCollections v1.3.2
  [d96e819e] + Parameters v0.12.1
  [69de0a69] + Parsers v1.0.15
  [c36e90e8] + PowerModels v0.17.3
  [3cdcf5f2] + RecipesBase v1.1.1
  [189a3867] + Reexport v1.0.0
  [ae029012] + Requires v1.1.2
  [276daf66] + SpecialFunctions v1.2.1
  [90137ffa] + StaticArrays v1.0.1
  [cea106d9] + Syslogs v0.3.0
  [f269a46b] + TimeZones v1.5.3
  [3bb67fe8] + TranscodingStreams v0.9.5
  [5c2747f8] + URIs v1.1.0
  [3a884ed6] + UnPack v1.0.2
  [02c8fc9c] + XML2_jll v2.9.10+3
  [a5390f91] + ZipFile v0.9.3
  [83775a58] + Zlib_jll v1.2.11+18
  [2a0f44e3] + Base64
  [ade2ca70] + Dates
  [8bb1440f] + DelimitedFiles
  [8ba89e20] + Distributed
  [b77e0a4c] + InteractiveUtils
  [76f85450] + LibGit2
  [8f399da3] + Libdl
  [37e2e46d] + LinearAlgebra
  [56ddb016] + Logging
  [d6f4376e] + Markdown
  [a63ad114] + Mmap
  [44cfe95a] + Pkg
  [de0858da] + Printf
  [3fa0cd96] + REPL
  [9a3f8284] + Random
  [ea8e919c] + SHA
  [9e88b42a] + Serialization
  [1a1011a3] + SharedArrays
  [6462fe0b] + Sockets
  [2f01184e] + SparseArrays
  [10745b16] + Statistics
  [8dfed614] + Test
  [cf7118a7] + UUIDs
  [4ec0a83e] + Unicode
   Building TimeZones → `~/.julia/packages/TimeZones/K98G0/deps/build.log`
┌ Error: Error building `TimeZones`: 
│ ERROR: LoadError: IOError: mkdir: permission denied (EACCES)
│ Stacktrace:
│  [1] uv_error at ./libuv.jl:97 [inlined]
│  [2] mkdir(::String; mode::UInt16) at ./file.jl:177
│  [3] mkpath(::String; mode::UInt16) at ./file.jl:227
│  [4] mkpath(::String; mode::UInt16) at ./file.jl:225 (repeats 6 times)
│  [5] mkpath at ./file.jl:222 [inlined]
│  [6] build(::String) at /home/pkgeval/.julia/packages/TimeZones/K98G0/src/tzdata/build.jl:105
│  [7] build(::String; force::Bool) at /home/pkgeval/.julia/packages/TimeZones/K98G0/src/build.jl:11
│  [8] build at /home/pkgeval/.julia/packages/TimeZones/K98G0/src/build.jl:11 [inlined] (repeats 2 times)
│  [9] top-level scope at /home/user/.julia/packages/TimeZones/K98G0/deps/build.jl:3
│  [10] include(::String) at ./client.jl:457
│  [11] top-level scope at none:5
│ in expression starting at /home/user/.julia/packages/TimeZones/K98G0/deps/build.jl:3
└ @ Pkg.Operations /workspace/srcdir/usr/share/julia/stdlib/v1.5/Pkg/src/Operations.jl:949


################################################################################
# Testing: 2021-01-11T20:35:33.658
#

    Testing PowerModels
Status `/tmp/jl_yD4IVa/Project.toml`
  [9961bab8] Cbc v0.7.1
  [2030c09a] InfrastructureModels v0.5.3
  [b6b21f68] Ipopt v0.6.5
  [682c06a0] JSON v0.21.1
  [4076af6c] JuMP v0.21.5
  [2ddba703] Juniper v0.6.5
  [b8f27783] MathOptInterface v0.9.19
  [f28f55f0] Memento v1.1.2
  [2774e3e8] NLsolve v4.5.1
  [c36e90e8] PowerModels v0.17.3
  [c946c3f1] SCS v0.7.1
  [37e2e46d] LinearAlgebra
  [2f01184e] SparseArrays
  [8dfed614] Test
Status `/tmp/jl_yD4IVa/Manifest.toml`
  [ae81ac8f] ASL_jll v0.1.1+4
  [4fba245c] ArrayInterface v2.14.13
  [56f22d72] Artifacts v1.3.0
  [6e4b80f9] BenchmarkTools v0.5.0
  [b99e7846] BinaryProvider v0.5.10
  [6e34b625] Bzip2_jll v1.0.6+5
  [fa961155] CEnum v0.4.1
  [49dc2e85] Calculus v0.5.1
  [9961bab8] Cbc v0.7.1
  [38041ee0] Cbc_jll v2.10.3+5
  [3830e938] Cgl_jll v0.60.2+6
  [d360d2e6] ChainRulesCore v0.9.24
  [06985876] Clp_jll v1.17.6+7
  [523fee87] CodecBzip2 v0.7.2
  [944b1d66] CodecZlib v0.7.0
  [be027038] CoinUtils_jll v2.11.3+4
  [bbf7d656] CommonSubexpressions v0.3.0
  [34da2185] Compat v3.25.0
  [e66e0078] CompilerSupportLibraries_jll v0.3.4+0
  [864edb3b] DataStructures v0.18.8
  [163ba53b] DiffResults v1.0.3
  [b552c78f] DiffRules v1.0.2
  [b4f34e82] Distances v0.10.0
  [e2ba6199] ExprTools v0.1.3
  [8f5d6c58] EzXML v1.1.0
  [6a86dc24] FiniteDiff v2.7.2
  [f6369f11] ForwardDiff v0.10.14
  [cd3eb016] HTTP v0.9.2
  [2030c09a] InfrastructureModels v0.5.3
  [83e8ac13] IniFile v0.5.0
  [b6b21f68] Ipopt v0.6.5
  [9cc047cb] Ipopt_jll v3.13.2+1
  [692b3bcd] JLLWrappers v1.2.0
  [682c06a0] JSON v0.21.1
  [7d188eb4] JSONSchema v0.3.3
  [4076af6c] JuMP v0.21.5
  [2ddba703] Juniper v0.6.5
  [94ce4f54] Libiconv_jll v1.16.0+7
  [d3d80556] LineSearches v7.1.1
  [d00139f3] METIS_jll v5.1.0+5
  [d7ed1dd3] MUMPS_seq_jll v5.2.1+4
  [1914dd2f] MacroTools v0.5.6
  [b8f27783] MathOptInterface v0.9.19
  [fdba3010] MathProgBase v0.7.8
  [739be429] MbedTLS v1.0.3
  [c8ffd9c3] MbedTLS_jll v2.16.8+1
  [f28f55f0] Memento v1.1.2
  [78c3b35d] Mocking v0.7.1
  [46d2c3a1] MuladdMacro v0.2.2
  [d8a4904e] MutableArithmetics v0.2.13
  [d41bc354] NLSolversBase v7.7.1
  [2774e3e8] NLsolve v4.5.1
  [77ba4419] NaNMath v0.3.5
  [656ef2d0] OpenBLAS32_jll v0.3.9+4
  [4536629a] OpenBLAS_jll v0.3.9+5
  [efe28fd5] OpenSpecFun_jll v0.5.3+4
  [bac558e1] OrderedCollections v1.3.2
  [7da25872] Osi_jll v0.108.5+4
  [d96e819e] Parameters v0.12.1
  [69de0a69] Parsers v1.0.15
  [c36e90e8] PowerModels v0.17.3
  [3cdcf5f2] RecipesBase v1.1.1
  [189a3867] Reexport v1.0.0
  [ae029012] Requires v1.1.2
  [c946c3f1] SCS v0.7.1
  [af6e375f] SCS_GPU_jll v2.1.2+0
  [f4f2fc5b] SCS_jll v2.1.2+1
  [276daf66] SpecialFunctions v1.2.1
  [90137ffa] StaticArrays v1.0.1
  [cea106d9] Syslogs v0.3.0
  [f269a46b] TimeZones v1.5.3
  [3bb67fe8] TranscodingStreams v0.9.5
  [5c2747f8] URIs v1.1.0
  [3a884ed6] UnPack v1.0.2
  [02c8fc9c] XML2_jll v2.9.10+3
  [a5390f91] ZipFile v0.9.3
  [83775a58] Zlib_jll v1.2.11+18
  [2a0f44e3] Base64
  [ade2ca70] Dates
  [8bb1440f] DelimitedFiles
  [8ba89e20] Distributed
  [b77e0a4c] InteractiveUtils
  [76f85450] LibGit2
  [8f399da3] Libdl
  [37e2e46d] LinearAlgebra
  [56ddb016] Logging
  [d6f4376e] Markdown
  [a63ad114] Mmap
  [44cfe95a] Pkg
  [de0858da] Printf
  [3fa0cd96] REPL
  [9a3f8284] Random
  [ea8e919c] SHA
  [9e88b42a] Serialization
  [1a1011a3] SharedArrays
  [6462fe0b] Sockets
  [2f01184e] SparseArrays
  [10745b16] Statistics
  [8dfed614] Test
  [cf7118a7] UUIDs
  [4ec0a83e] Unicode
┌ Warning: `with_optimizer` is deprecated. Adapt the following example to update your code:
│ `with_optimizer(Ipopt.Optimizer, max_cpu_time=60.0)` becomes `optimizer_with_attributes(Ipopt.Optimizer, "max_cpu_time" => 60.0)`.
│   caller = ip:0x0
└ @ Core :-1

******************************************************************************
This program contains Ipopt, a library for large-scale nonlinear optimization.
 Ipopt is released as open source code under the Eclipse Public License (EPL).
         For more information visit http://projects.coin-or.org/Ipopt
******************************************************************************

┌ Warning: MathOptInterface.VariablePrimalStart() is not supported by SCS.GeometricConicForm{Float64,SCS.SparseMatrixCSRtoCSC{Int64},NTuple{8,DataType}}. This information will be discarded.
└ @ MathOptInterface.Utilities /home/pkgeval/.julia/packages/MathOptInterface/ZJFKw/src/Utilities/copy.jl:185
┌ Warning: MathOptInterface.VariablePrimalStart() is not supported by SCS.GeometricConicForm{Float64,SCS.SparseMatrixCSRtoCSC{Int64},NTuple{8,DataType}}. This information will be discarded.
└ @ MathOptInterface.Utilities /home/pkgeval/.julia/packages/MathOptInterface/ZJFKw/src/Utilities/copy.jl:185
┌ Warning: MathOptInterface.VariablePrimalStart() is not supported by SCS.GeometricConicForm{Float64,SCS.SparseMatrixCSRtoCSC{Int64},NTuple{8,DataType}}. This information will be discarded.
└ @ MathOptInterface.Utilities /home/pkgeval/.julia/packages/MathOptInterface/ZJFKw/src/Utilities/copy.jl:185
┌ Warning: MathOptInterface.VariablePrimalStart() is not supported by SCS.GeometricConicForm{Float64,SCS.SparseMatrixCSRtoCSC{Int64},NTuple{8,DataType}}. This information will be discarded.
└ @ MathOptInterface.Utilities /home/pkgeval/.julia/packages/MathOptInterface/ZJFKw/src/Utilities/copy.jl:185
┌ Warning: MathOptInterface.VariablePrimalStart() is not supported by SCS.GeometricConicForm{Float64,SCS.SparseMatrixCSRtoCSC{Int64},NTuple{8,DataType}}. This information will be discarded.
└ @ MathOptInterface.Utilities /home/pkgeval/.julia/packages/MathOptInterface/ZJFKw/src/Utilities/copy.jl:185
┌ Warning: MathOptInterface.VariablePrimalStart() is not supported by SCS.GeometricConicForm{Float64,SCS.SparseMatrixCSRtoCSC{Int64},NTuple{8,DataType}}. This information will be discarded.
└ @ MathOptInterface.Utilities /home/pkgeval/.julia/packages/MathOptInterface/ZJFKw/src/Utilities/copy.jl:185
┌ Warning: MathOptInterface.VariablePrimalStart() is not supported by SCS.GeometricConicForm{Float64,SCS.SparseMatrixCSRtoCSC{Int64},NTuple{8,DataType}}. This information will be discarded.
└ @ MathOptInterface.Utilities /home/pkgeval/.julia/packages/MathOptInterface/ZJFKw/src/Utilities/copy.jl:185
┌ Warning: MathOptInterface.VariablePrimalStart() is not supported by SCS.GeometricConicForm{Float64,SCS.SparseMatrixCSRtoCSC{Int64},NTuple{8,DataType}}. This information will be discarded.
└ @ MathOptInterface.Utilities /home/pkgeval/.julia/packages/MathOptInterface/ZJFKw/src/Utilities/copy.jl:185
┌ Warning: MathOptInterface.VariablePrimalStart() is not supported by SCS.GeometricConicForm{Float64,SCS.SparseMatrixCSRtoCSC{Int64},NTuple{8,DataType}}. This information will be discarded.
└ @ MathOptInterface.Utilities /home/pkgeval/.julia/packages/MathOptInterface/ZJFKw/src/Utilities/copy.jl:185
┌ Warning: MathOptInterface.VariablePrimalStart() is not supported by SCS.GeometricConicForm{Float64,SCS.SparseMatrixCSRtoCSC{Int64},NTuple{8,DataType}}. This information will be discarded.
└ @ MathOptInterface.Utilities /home/pkgeval/.julia/packages/MathOptInterface/ZJFKw/src/Utilities/copy.jl:185
┌ Warning: MathOptInterface.VariablePrimalStart() is not supported by SCS.GeometricConicForm{Float64,SCS.SparseMatrixCSRtoCSC{Int64},NTuple{8,DataType}}. This information will be discarded.
└ @ MathOptInterface.Utilities /home/pkgeval/.julia/packages/MathOptInterface/ZJFKw/src/Utilities/copy.jl:185
┌ Warning: MathOptInterface.VariablePrimalStart() is not supported by SCS.GeometricConicForm{Float64,SCS.SparseMatrixCSRtoCSC{Int64},NTuple{8,DataType}}. This information will be discarded.
└ @ MathOptInterface.Utilities /home/pkgeval/.julia/packages/MathOptInterface/ZJFKw/src/Utilities/copy.jl:185
┌ Warning: MathOptInterface.VariablePrimalStart() is not supported by SCS.GeometricConicForm{Float64,SCS.SparseMatrixCSRtoCSC{Int64},NTuple{8,DataType}}. This information will be discarded.
└ @ MathOptInterface.Utilities /home/pkgeval/.julia/packages/MathOptInterface/ZJFKw/src/Utilities/copy.jl:185
┌ Warning: MathOptInterface.VariablePrimalStart() is not supported by SCS.GeometricConicForm{Float64,SCS.SparseMatrixCSRtoCSC{Int64},NTuple{8,DataType}}. This information will be discarded.
└ @ MathOptInterface.Utilities /home/pkgeval/.julia/packages/MathOptInterface/ZJFKw/src/Utilities/copy.jl:185
┌ Warning: MathOptInterface.VariablePrimalStart() is not supported by SCS.GeometricConicForm{Float64,SCS.SparseMatrixCSRtoCSC{Int64},NTuple{8,DataType}}. This information will be discarded.
└ @ MathOptInterface.Utilities /home/pkgeval/.julia/packages/MathOptInterface/ZJFKw/src/Utilities/copy.jl:185
┌ Warning: MathOptInterface.VariablePrimalStart() is not supported by SCS.GeometricConicForm{Float64,SCS.SparseMatrixCSRtoCSC{Int64},NTuple{8,DataType}}. This information will be discarded.
└ @ MathOptInterface.Utilities /home/pkgeval/.julia/packages/MathOptInterface/ZJFKw/src/Utilities/copy.jl:185
┌ Warning: MathOptInterface.VariablePrimalStart() is not supported by SCS.GeometricConicForm{Float64,SCS.SparseMatrixCSRtoCSC{Int64},NTuple{8,DataType}}. This information will be discarded.
└ @ MathOptInterface.Utilities /home/pkgeval/.julia/packages/MathOptInterface/ZJFKw/src/Utilities/copy.jl:185
┌ Warning: MathOptInterface.VariablePrimalStart() is not supported by SCS.GeometricConicForm{Float64,SCS.SparseMatrixCSRtoCSC{Int64},NTuple{8,DataType}}. This information will be discarded.
└ @ MathOptInterface.Utilities /home/pkgeval/.julia/packages/MathOptInterface/ZJFKw/src/Utilities/copy.jl:185
┌ Warning: MathOptInterface.VariablePrimalStart() is not supported by SCS.GeometricConicForm{Float64,SCS.SparseMatrixCSRtoCSC{Int64},NTuple{8,DataType}}. This information will be discarded.
└ @ MathOptInterface.Utilities /home/pkgeval/.julia/packages/MathOptInterface/ZJFKw/src/Utilities/copy.jl:185
┌ Warning: MathOptInterface.VariablePrimalStart() is not supported by SCS.GeometricConicForm{Float64,SCS.SparseMatrixCSRtoCSC{Int64},NTuple{8,DataType}}. This information will be discarded.
└ @ MathOptInterface.Utilities /home/pkgeval/.julia/packages/MathOptInterface/ZJFKw/src/Utilities/copy.jl:185
┌ Warning: MathOptInterface.VariablePrimalStart() is not supported by SCS.GeometricConicForm{Float64,SCS.SparseMatrixCSRtoCSC{Int64},NTuple{8,DataType}}. This information will be discarded.
└ @ MathOptInterface.Utilities /home/pkgeval/.julia/packages/MathOptInterface/ZJFKw/src/Utilities/copy.jl:185
┌ Warning: MathOptInterface.VariablePrimalStart() is not supported by SCS.GeometricConicForm{Float64,SCS.SparseMatrixCSRtoCSC{Int64},NTuple{8,DataType}}. This information will be discarded.
└ @ MathOptInterface.Utilities /home/pkgeval/.julia/packages/MathOptInterface/ZJFKw/src/Utilities/copy.jl:185
┌ Warning: MathOptInterface.VariablePrimalStart() is not supported by SCS.GeometricConicForm{Float64,SCS.SparseMatrixCSRtoCSC{Int64},NTuple{8,DataType}}. This information will be discarded.
└ @ MathOptInterface.Utilities /home/pkgeval/.julia/packages/MathOptInterface/ZJFKw/src/Utilities/copy.jl:185
┌ Warning: MathOptInterface.VariablePrimalStart() is not supported by SCS.GeometricConicForm{Float64,SCS.SparseMatrixCSRtoCSC{Int64},NTuple{8,DataType}}. This information will be discarded.
└ @ MathOptInterface.Utilities /home/pkgeval/.julia/packages/MathOptInterface/ZJFKw/src/Utilities/copy.jl:185
WARN: A->p (column pointers) not strictly increasing, column 80 empty
WARN: A->p (column pointers) not strictly increasing, column 81 empty
WARN: A->p (column pointers) not strictly increasing, column 84 empty
┌ Warning: MathOptInterface.VariablePrimalStart() is not supported by SCS.GeometricConicForm{Float64,SCS.SparseMatrixCSRtoCSC{Int64},NTuple{8,DataType}}. This information will be discarded.
└ @ MathOptInterface.Utilities /home/pkgeval/.julia/packages/MathOptInterface/ZJFKw/src/Utilities/copy.jl:185
┌ Warning: MathOptInterface.VariablePrimalStart() is not supported by SCS.GeometricConicForm{Float64,SCS.SparseMatrixCSRtoCSC{Int64},NTuple{8,DataType}}. This information will be discarded.
└ @ MathOptInterface.Utilities /home/pkgeval/.julia/packages/MathOptInterface/ZJFKw/src/Utilities/copy.jl:185
┌ Warning: MathOptInterface.VariablePrimalStart() is not supported by SCS.GeometricConicForm{Float64,SCS.SparseMatrixCSRtoCSC{Int64},NTuple{8,DataType}}. This information will be discarded.
└ @ MathOptInterface.Utilities /home/pkgeval/.julia/packages/MathOptInterface/ZJFKw/src/Utilities/copy.jl:185
┌ Warning: MathOptInterface.VariablePrimalStart() is not supported by SCS.GeometricConicForm{Float64,SCS.SparseMatrixCSRtoCSC{Int64},NTuple{8,DataType}}. This information will be discarded.
└ @ MathOptInterface.Utilities /home/pkgeval/.julia/packages/MathOptInterface/ZJFKw/src/Utilities/copy.jl:185
┌ Warning: MathOptInterface.VariablePrimalStart() is not supported by SCS.GeometricConicForm{Float64,SCS.SparseMatrixCSRtoCSC{Int64},NTuple{8,DataType}}. This information will be discarded.
└ @ MathOptInterface.Utilities /home/pkgeval/.julia/packages/MathOptInterface/ZJFKw/src/Utilities/copy.jl:185
[ Info: no explicit NLP constraints or objective provided using @NLconstraint or @NLobjective macros
[ Info: no explicit NLP constraints or objective provided using @NLconstraint or @NLobjective macros
[ Info: no explicit NLP constraints or objective provided using @NLconstraint or @NLobjective macros
[ Info: no explicit NLP constraints or objective provided using @NLconstraint or @NLobjective macros
[ Info: no explicit NLP constraints or objective provided using @NLconstraint or @NLobjective macros
[ Info: no explicit NLP constraints or objective provided using @NLconstraint or @NLobjective macros
┌ Warning: MathOptInterface.VariablePrimalStart() is not supported by SCS.GeometricConicForm{Float64,SCS.SparseMatrixCSRtoCSC{Int64},NTuple{8,DataType}}. This information will be discarded.
└ @ MathOptInterface.Utilities /home/pkgeval/.julia/packages/MathOptInterface/ZJFKw/src/Utilities/copy.jl:185
┌ Warning: MathOptInterface.VariablePrimalStart() is not supported by SCS.GeometricConicForm{Float64,SCS.SparseMatrixCSRtoCSC{Int64},NTuple{8,DataType}}. This information will be discarded.
└ @ MathOptInterface.Utilities /home/pkgeval/.julia/packages/MathOptInterface/ZJFKw/src/Utilities/copy.jl:185
[ Info: no explicit NLP constraints or objective provided using @NLconstraint or @NLobjective macros
[ Info: no explicit NLP constraints or objective provided using @NLconstraint or @NLobjective macros
[ Info: no explicit NLP constraints or objective provided using @NLconstraint or @NLobjective macros
[ Info: no explicit NLP constraints or objective provided using @NLconstraint or @NLobjective macros
[ Info: no explicit NLP constraints or objective provided using @NLconstraint or @NLobjective macros
[ Info: no explicit NLP constraints or objective provided using @NLconstraint or @NLobjective macros
[ Info: no explicit NLP constraints or objective provided using @NLconstraint or @NLobjective macros
[ Info: no explicit NLP constraints or objective provided using @NLconstraint or @NLobjective macros
[ Info: no explicit NLP constraints or objective provided using @NLconstraint or @NLobjective macros
[ Info: no explicit NLP constraints or objective provided using @NLconstraint or @NLobjective macros
[ Info: no explicit NLP constraints or objective provided using @NLconstraint or @NLobjective macros
[ Info: no explicit NLP constraints or objective provided using @NLconstraint or @NLobjective macros
[ Info: no explicit NLP constraints or objective provided using @NLconstraint or @NLobjective macros
[ Info: no explicit NLP constraints or objective provided using @NLconstraint or @NLobjective macros
[ Info: no explicit NLP constraints or objective provided using @NLconstraint or @NLobjective macros
[ Info: no explicit NLP constraints or objective provided using @NLconstraint or @NLobjective macros
[ Info: no explicit NLP constraints or objective provided using @NLconstraint or @NLobjective macros
[ Info: no explicit NLP constraints or objective provided using @NLconstraint or @NLobjective macros
[ Info: no explicit NLP constraints or objective provided using @NLconstraint or @NLobjective macros
[ Info: no explicit NLP constraints or objective provided using @NLconstraint or @NLobjective macros
[ Info: no explicit NLP constraints or objective provided using @NLconstraint or @NLobjective macros
[ Info: no explicit NLP constraints or objective provided using @NLconstraint or @NLobjective macros
[ Info: no explicit NLP constraints or objective provided using @NLconstraint or @NLobjective macros
[ Info: no explicit NLP constraints or objective provided using @NLconstraint or @NLobjective macros
[ Info: no explicit NLP constraints or objective provided using @NLconstraint or @NLobjective macros
[ Info: no explicit NLP constraints or objective provided using @NLconstraint or @NLobjective macros
[ Info: no explicit NLP constraints or objective provided using @NLconstraint or @NLobjective macros
[ Info: no explicit NLP constraints or objective provided using @NLconstraint or @NLobjective macros
[ Info: no explicit NLP constraints or objective provided using @NLconstraint or @NLobjective macros
[ Info: no explicit NLP constraints or objective provided using @NLconstraint or @NLobjective macros
[ Info: no explicit NLP constraints or objective provided using @NLconstraint or @NLobjective macros
[ Info: no explicit NLP constraints or objective provided using @NLconstraint or @NLobjective macros
[ Info: no explicit NLP constraints or objective provided using @NLconstraint or @NLobjective macros
[ Info: no explicit NLP constraints or objective provided using @NLconstraint or @NLobjective macros
[ Info: no explicit NLP constraints or objective provided using @NLconstraint or @NLobjective macros
Test Summary: | Pass  Total
PowerModels   | 4078   4078
    Testing PowerModels tests passed 

PkgEval succeeded


################################################################################
# PkgEval teardown: 2021-01-11T20:45:15.594
CPU usage: 596.36s (584.54s user, 12.54s kernel)

Network usage:
- eth0: 7.356 MiB received, 391.098 KiB sent

Raw statistics: {"blkio_stats":{"io_queue_recursive":[],"io_serviced_recursive":[{"major":259,"value":0,"op":"Read","minor":0},{"major":259,"value":35,"op":"Write","minor":0},{"major":259,"value":14,"op":"Sync","minor":0},{"major":259,"value":21,"op":"Async","minor":0},{"major":259,"value":0,"op":"Discard","minor":0},{"major":259,"value":35,"op":"Total","minor":0},{"major":253,"value":0,"op":"Read","minor":2},{"major":253,"value":35,"op":"Write","minor":2},{"major":253,"value":14,"op":"Sync","minor":2},{"major":253,"value":21,"op":"Async","minor":2},{"major":253,"value":0,"op":"Discard","minor":2},{"major":253,"value":35,"op":"Total","minor":2}],"io_time_recursive":[],"sectors_recursive":[],"io_service_bytes_recursive":[{"major":259,"value":0,"op":"Read","minor":0},{"major":259,"value":196608,"op":"Write","minor":0},{"major":259,"value":57344,"op":"Sync","minor":0},{"major":259,"value":139264,"op":"Async","minor":0},{"major":259,"value":0,"op":"Discard","minor":0},{"major":259,"value":196608,"op":"Total","minor":0},{"major":253,"value":0,"op":"Read","minor":2},{"major":253,"value":196608,"op":"Write","minor":2},{"major":253,"value":57344,"op":"Sync","minor":2},{"major":253,"value":139264,"op":"Async","minor":2},{"major":253,"value":0,"op":"Discard","minor":2},{"major":253,"value":196608,"op":"Total","minor":2}],"io_wait_time_recursive":[],"io_merged_recursive":[],"io_service_time_recursive":[]},"memory_stats":{"usage":408375296,"max_usage":1576574976,"stats":{"hierarchical_memory_limit":9223372036854771712,"pgmajfault":0,"total_rss":261746688,"inactive_file":135168,"inactive_anon":101376000,"total_pgfault":4106322,"total_cache":112664576,"total_rss_huge":0,"total_active_anon":271282176,"total_pgmajfault":0,"pgpgin":1753026,"rss_huge":0,"mapped_file":0,"total_inactive_file":135168,"dirty":135168,"total_unevictable":0,"total_dirty":135168,"writeback":0,"pgpgout":1661610,"hierarchical_memsw_limit":0,"cache":112664576,"active_file":2162688,"pgfault":4106322,"total_mapped_file":0,"total_pgpgout":1661610,"total_writeback":0,"rss":261746688,"unevictable":0,"total_inactive_anon":101376000,"total_pgpgin":1753026,"active_anon":271282176,"total_active_file":2162688},"limit":540965302272},"name":"/PowerModels-CpbXLlUg","networks":{"eth0":{"rx_bytes":7713615,"rx_packets":2883,"tx_packets":3140,"tx_bytes":400484,"tx_dropped":0,"rx_dropped":20,"tx_errors":0,"rx_errors":0}},"id":"e4c76317b4e09182fb830ad4acc6c0fd8ab5fd4c0f3f8c4f6a4fbfc1bf796ee3","preread":"0001-01-01T00:00:00Z","storage_stats":{},"precpu_stats":{"throttling_data":{"throttled_periods":0,"throttled_time":0,"periods":0},"cpu_usage":{"usage_in_usermode":0,"usage_in_kernelmode":0,"total_usage":0}},"pids_stats":{"current":44},"num_procs":0,"cpu_stats":{"throttling_data":{"throttled_periods":0,"throttled_time":0,"periods":0},"system_cpu_usage":5626290654522419,"online_cpus":128,"cpu_usage":{"usage_in_usermode":584540000000,"usage_in_kernelmode":12540000000,"total_usage":596362991527,"percpu_usage":[0,0,0,0,0,0,0,0,0,0,0,0,46200,596360724366,0,0,0,0,0,0,0,0,0,0,0,0,0,0,0,0,0,0,0,0,0,0,0,0,0,0,0,0,0,0,0,0,0,0,0,0,0,0,0,0,0,0,0,0,0,0,0,0,0,0,0,0,0,0,0,0,0,0,0,0,0,0,0,0,0,2220961,0,0,0,0,0,0,0,0,0,0,0,0,0,0,0,0,0,0,0,0,0,0,0,0,0,0,0,0,0,0,0,0,0,0,0,0,0,0,0,0,0,0,0,0,0,0,0,0]}},"read":"2021-01-11T20:45:15.597351806Z"}