################################################################################
# PackageCompiler set-up: 2021-01-11T15:18:07.196
#

Julia Version 1.5.3
Commit 599f52c4c6 (2020-12-18 13:33 UTC)
Platform Info:
  OS: Linux (x86_64-linux-gnu)
  CPU: AMD EPYC 7502 32-Core Processor
  WORD_SIZE: 64
  LIBM: libopenlibm
  LLVM: libLLVM-9.0.1 (ORCJIT, znver2)
Environment:
  JULIA_PKGEVAL = true
  JULIA_PKG_PRECOMPILE_AUTO = 0



################################################################################
# Installation: 2021-01-11T15:18:08.877
#

 Installing known registries into `~/.julia`
######################################################################## 100.0%
      Added registry `General` to `~/.julia/registries/General`
  Resolving package versions...
  Installed PrintFileTree ─── v0.2.0
  Installed PackageCompiler ─ v1.2.5
Updating `~/.julia/environments/v1.5/Project.toml`
  [9b87118b] + PackageCompiler v1.2.5
  [083f6447] + PrintFileTree v0.2.0
Updating `~/.julia/environments/v1.5/Manifest.toml`
  [9b87118b] + PackageCompiler v1.2.5
  [083f6447] + PrintFileTree v0.2.0
  [2a0f44e3] + Base64
  [ade2ca70] + Dates
  [b77e0a4c] + InteractiveUtils
  [76f85450] + LibGit2
  [8f399da3] + Libdl
  [56ddb016] + Logging
  [d6f4376e] + Markdown
  [44cfe95a] + Pkg
  [de0858da] + Printf
  [3fa0cd96] + REPL
  [9a3f8284] + Random
  [ea8e919c] + SHA
  [9e88b42a] + Serialization
  [6462fe0b] + Sockets
  [cf7118a7] + UUIDs
  [4ec0a83e] + Unicode


################################################################################
# Compiling: 2021-01-11T15:18:14.307
#

[ Info: PackageCompiler: creating system image object file, this might take a while...
Generated system image is 147.263 MiB, compilation took 159 seconds


################################################################################
# PkgEval set-up: 2021-01-11T15:21:01.046
#

Julia Version 1.5.3
Commit 599f52c4c6 (2020-12-18 13:33 UTC)
Platform Info:
  OS: Linux (x86_64-linux-gnu)
  CPU: AMD EPYC 7502 32-Core Processor
  WORD_SIZE: 64
  LIBM: libopenlibm
  LLVM: libLLVM-9.0.1 (ORCJIT, znver2)
Environment:
  JULIA_PKGEVAL = true
  JULIA_PKG_PRECOMPILE_AUTO = 0

Base.julia_cmd() = `/usr/local/julia/bin/julia -Cnative -J/cache/PrintFileTree-61CaWaUu.so -g1`


################################################################################
# Installation: 2021-01-11T15:21:02.871
#

 Installing known registries into `~/.julia`
#####################                                                     29.6%######################################################################## 100.0%
      Added registry `General` to `~/.julia/registries/General`
  Resolving package versions...
  Installed PrintFileTree ─ v0.2.0
Updating `~/.julia/environments/v1.5/Project.toml`
  [083f6447] + PrintFileTree v0.2.0
Updating `~/.julia/environments/v1.5/Manifest.toml`
  [083f6447] + PrintFileTree v0.2.0


################################################################################
# Testing: 2021-01-11T15:21:07.629
#

    Testing PrintFileTree
Status `/tmp/jl_B0h0B9/Project.toml`
  [083f6447] PrintFileTree v0.2.0
  [8dfed614] Test
Status `/tmp/jl_B0h0B9/Manifest.toml`
  [083f6447] PrintFileTree v0.2.0
  [2a0f44e3] Base64
  [8ba89e20] Distributed
  [b77e0a4c] InteractiveUtils
  [56ddb016] Logging
  [d6f4376e] Markdown
  [9a3f8284] Random
  [9e88b42a] Serialization
  [6462fe0b] Sockets
  [8dfed614] Test
/tmp/jl_ElFdIW
├── a
├── b
├── c
│   ├── a
│   │   ├── a
│   │   │   └── subfiles
│   │   └── subfiles
│   ├── wow
│   │   └── cats
│   │       └── are
│   │           ├── so
│   │           └── weird
│   └── z
├── d
└── e
    └── the
        └── end

11 directories, 6 files
/tmp/jl_ElFdIW
├── a
├── b
├── c
│   ├── a
│   │   ├── a
│   │   │   └── subfiles
│   │   └── subfiles
│   ├── wow
│   │   └── cats
│   │       └── are
│   │           ├── so
│   │           └── weird
│   └── z
├── d
└── e
    └── the
        └── end

11 directories, 6 files

/tmp/jl_9bbAGW

0 directories, 0 files

Test Summary: | Pass  Total
PrintFileTree |    2      2
    Testing PrintFileTree tests passed 

PkgEval succeeded


################################################################################
# PkgEval teardown: 2021-01-11T15:21:11.022
CPU usage: 10.07s (7.53s user, 2.56s kernel)

Network usage:
- eth0: 2.535 MiB received, 28.812 KiB sent

Raw statistics: {"blkio_stats":{"io_queue_recursive":[],"io_serviced_recursive":[{"major":259,"value":0,"op":"Read","minor":0},{"major":259,"value":19,"op":"Write","minor":0},{"major":259,"value":14,"op":"Sync","minor":0},{"major":259,"value":5,"op":"Async","minor":0},{"major":259,"value":0,"op":"Discard","minor":0},{"major":259,"value":19,"op":"Total","minor":0},{"major":253,"value":0,"op":"Read","minor":2},{"major":253,"value":19,"op":"Write","minor":2},{"major":253,"value":14,"op":"Sync","minor":2},{"major":253,"value":5,"op":"Async","minor":2},{"major":253,"value":0,"op":"Discard","minor":2},{"major":253,"value":19,"op":"Total","minor":2}],"io_time_recursive":[],"sectors_recursive":[],"io_service_bytes_recursive":[{"major":259,"value":0,"op":"Read","minor":0},{"major":259,"value":77824,"op":"Write","minor":0},{"major":259,"value":57344,"op":"Sync","minor":0},{"major":259,"value":20480,"op":"Async","minor":0},{"major":259,"value":0,"op":"Discard","minor":0},{"major":259,"value":77824,"op":"Total","minor":0},{"major":253,"value":0,"op":"Read","minor":2},{"major":253,"value":77824,"op":"Write","minor":2},{"major":253,"value":57344,"op":"Sync","minor":2},{"major":253,"value":20480,"op":"Async","minor":2},{"major":253,"value":0,"op":"Discard","minor":2},{"major":253,"value":77824,"op":"Total","minor":2}],"io_wait_time_recursive":[],"io_merged_recursive":[],"io_service_time_recursive":[]},"memory_stats":{"usage":302125056,"max_usage":538697728,"stats":{"hierarchical_memory_limit":9223372036854771712,"pgmajfault":0,"total_rss":185503744,"inactive_file":135168,"inactive_anon":78667776,"total_pgfault":270666,"total_cache":86417408,"total_rss_huge":0,"total_active_anon":185991168,"total_pgmajfault":0,"pgpgin":198528,"rss_huge":0,"mapped_file":0,"total_inactive_file":135168,"dirty":135168,"total_unevictable":0,"total_dirty":135168,"writeback":0,"pgpgout":132161,"hierarchical_memsw_limit":0,"cache":86417408,"active_file":7163904,"pgfault":270666,"total_mapped_file":0,"total_pgpgout":132161,"total_writeback":0,"rss":185503744,"unevictable":0,"total_inactive_anon":78667776,"total_pgpgin":198528,"active_anon":185991168,"total_active_file":7163904},"limit":540965302272},"name":"/PrintFileTree-biH5Wfwh","networks":{"eth0":{"rx_bytes":2657841,"rx_packets":313,"tx_packets":305,"tx_bytes":29504,"tx_dropped":0,"rx_dropped":1,"tx_errors":0,"rx_errors":0}},"id":"3efdd8c12d4f36095396aee5c75f0ba7b932771867153b6943f858cec08b81fe","preread":"0001-01-01T00:00:00Z","storage_stats":{},"precpu_stats":{"throttling_data":{"throttled_periods":0,"throttled_time":0,"periods":0},"cpu_usage":{"usage_in_usermode":0,"usage_in_kernelmode":0,"total_usage":0}},"pids_stats":{"current":44},"num_procs":0,"cpu_stats":{"throttling_data":{"throttled_periods":0,"throttled_time":0,"periods":0},"system_cpu_usage":3141455124522419,"online_cpus":128,"cpu_usage":{"usage_in_usermode":7530000000,"usage_in_kernelmode":2560000000,"total_usage":10069906861,"percpu_usage":[0,0,0,0,0,0,0,0,0,10069906861,0,0,0,0,0,0,0,0,0,0,0,0,0,0,0,0,0,0,0,0,0,0,0,0,0,0,0,0,0,0,0,0,0,0,0,0,0,0,0,0,0,0,0,0,0,0,0,0,0,0,0,0,0,0,0,0,0,0,0,0,0,0,0,0,0,0,0,0,0,0,0,0,0,0,0,0,0,0,0,0,0,0,0,0,0,0,0,0,0,0,0,0,0,0,0,0,0,0,0,0,0,0,0,0,0,0,0,0,0,0,0,0,0,0,0,0,0,0]}},"read":"2021-01-11T15:21:11.954825822Z"}