################################################################################
# PackageCompiler set-up: 2021-01-11T16:38:37.672
#

Julia Version 1.5.3
Commit 599f52c4c6 (2020-12-18 13:33 UTC)
Platform Info:
  OS: Linux (x86_64-linux-gnu)
  CPU: AMD EPYC 7502 32-Core Processor
  WORD_SIZE: 64
  LIBM: libopenlibm
  LLVM: libLLVM-9.0.1 (ORCJIT, znver2)
Environment:
  JULIA_PKGEVAL = true
  JULIA_PKG_PRECOMPILE_AUTO = 0



################################################################################
# Installation: 2021-01-11T16:38:39.44
#

 Installing known registries into `~/.julia`
##################################################################        92.0%######################################################################## 100.0%
      Added registry `General` to `~/.julia/registries/General`
  Resolving package versions...
  Installed PropDicts ─────── v0.1.0
  Installed Parsers ───────── v1.0.15
  Installed JSON ──────────── v0.21.1
  Installed PackageCompiler ─ v1.2.5
Updating `~/.julia/environments/v1.5/Project.toml`
  [9b87118b] + PackageCompiler v1.2.5
  [4dc08600] + PropDicts v0.1.0
Updating `~/.julia/environments/v1.5/Manifest.toml`
  [682c06a0] + JSON v0.21.1
  [9b87118b] + PackageCompiler v1.2.5
  [69de0a69] + Parsers v1.0.15
  [4dc08600] + PropDicts v0.1.0
  [2a0f44e3] + Base64
  [ade2ca70] + Dates
  [b77e0a4c] + InteractiveUtils
  [76f85450] + LibGit2
  [8f399da3] + Libdl
  [56ddb016] + Logging
  [d6f4376e] + Markdown
  [a63ad114] + Mmap
  [44cfe95a] + Pkg
  [de0858da] + Printf
  [3fa0cd96] + REPL
  [9a3f8284] + Random
  [ea8e919c] + SHA
  [9e88b42a] + Serialization
  [6462fe0b] + Sockets
  [cf7118a7] + UUIDs
  [4ec0a83e] + Unicode


################################################################################
# Compiling: 2021-01-11T16:38:45.079
#

[ Info: PackageCompiler: creating system image object file, this might take a while...
Generated system image is 153.295 MiB, compilation took 173 seconds


################################################################################
# PkgEval set-up: 2021-01-11T16:41:45.214
#

Julia Version 1.5.3
Commit 599f52c4c6 (2020-12-18 13:33 UTC)
Platform Info:
  OS: Linux (x86_64-linux-gnu)
  CPU: AMD EPYC 7502 32-Core Processor
  WORD_SIZE: 64
  LIBM: libopenlibm
  LLVM: libLLVM-9.0.1 (ORCJIT, znver2)
Environment:
  JULIA_PKGEVAL = true
  JULIA_PKG_PRECOMPILE_AUTO = 0

Base.julia_cmd() = `/usr/local/julia/bin/julia -Cnative -J/cache/PropDicts-5Bt5BXSB.so -g1`


################################################################################
# Installation: 2021-01-11T16:41:47.082
#

 Installing known registries into `~/.julia`
#########################                                                 35.3%######################################################################## 100.0%
      Added registry `General` to `~/.julia/registries/General`
  Resolving package versions...
  Installed JSON ────── v0.21.1
  Installed PropDicts ─ v0.1.0
  Installed Parsers ─── v1.0.15
Updating `~/.julia/environments/v1.5/Project.toml`
  [4dc08600] + PropDicts v0.1.0
Updating `~/.julia/environments/v1.5/Manifest.toml`
  [682c06a0] + JSON v0.21.1
  [69de0a69] + Parsers v1.0.15
  [4dc08600] + PropDicts v0.1.0
  [ade2ca70] + Dates
  [a63ad114] + Mmap
  [de0858da] + Printf
  [4ec0a83e] + Unicode


################################################################################
# Testing: 2021-01-11T16:41:51.623
#

    Testing PropDicts
Status `/tmp/jl_hgmlKb/Project.toml`
  [682c06a0] JSON v0.21.1
  [4dc08600] PropDicts v0.1.0
  [8dfed614] Test
Status `/tmp/jl_hgmlKb/Manifest.toml`
  [682c06a0] JSON v0.21.1
  [69de0a69] Parsers v1.0.15
  [4dc08600] PropDicts v0.1.0
  [2a0f44e3] Base64
  [ade2ca70] Dates
  [8ba89e20] Distributed
  [b77e0a4c] InteractiveUtils
  [56ddb016] Logging
  [d6f4376e] Markdown
  [a63ad114] Mmap
  [de0858da] Printf
  [9a3f8284] Random
  [9e88b42a] Serialization
  [6462fe0b] Sockets
  [8dfed614] Test
  [4ec0a83e] Unicode
Test Summary:     | Pass  Total
Package PropDicts |   27     27
    Testing PropDicts tests passed 

PkgEval succeeded


################################################################################
# PkgEval teardown: 2021-01-11T16:41:56.895
CPU usage: 11.82s (9.36s user, 2.49s kernel)

Network usage:
- eth0: 2.642 MiB received, 41.850 KiB sent

Raw statistics: {"blkio_stats":{"io_queue_recursive":[],"io_serviced_recursive":[{"major":259,"value":0,"op":"Read","minor":0},{"major":259,"value":19,"op":"Write","minor":0},{"major":259,"value":14,"op":"Sync","minor":0},{"major":259,"value":5,"op":"Async","minor":0},{"major":259,"value":0,"op":"Discard","minor":0},{"major":259,"value":19,"op":"Total","minor":0},{"major":253,"value":0,"op":"Read","minor":2},{"major":253,"value":19,"op":"Write","minor":2},{"major":253,"value":14,"op":"Sync","minor":2},{"major":253,"value":5,"op":"Async","minor":2},{"major":253,"value":0,"op":"Discard","minor":2},{"major":253,"value":19,"op":"Total","minor":2}],"io_time_recursive":[],"sectors_recursive":[],"io_service_bytes_recursive":[{"major":259,"value":0,"op":"Read","minor":0},{"major":259,"value":77824,"op":"Write","minor":0},{"major":259,"value":57344,"op":"Sync","minor":0},{"major":259,"value":20480,"op":"Async","minor":0},{"major":259,"value":0,"op":"Discard","minor":0},{"major":259,"value":77824,"op":"Total","minor":0},{"major":253,"value":0,"op":"Read","minor":2},{"major":253,"value":77824,"op":"Write","minor":2},{"major":253,"value":57344,"op":"Sync","minor":2},{"major":253,"value":20480,"op":"Async","minor":2},{"major":253,"value":0,"op":"Discard","minor":2},{"major":253,"value":77824,"op":"Total","minor":2}],"io_wait_time_recursive":[],"io_merged_recursive":[],"io_service_time_recursive":[]},"memory_stats":{"usage":328400896,"max_usage":485502976,"stats":{"hierarchical_memory_limit":9223372036854771712,"pgmajfault":0,"total_rss":218140672,"inactive_file":135168,"inactive_anon":79478784,"total_pgfault":250437,"total_cache":80216064,"total_rss_huge":0,"total_active_anon":218701824,"total_pgmajfault":0,"pgpgin":153681,"rss_huge":0,"mapped_file":0,"total_inactive_file":135168,"dirty":135168,"total_unevictable":0,"total_dirty":135168,"writeback":0,"pgpgout":80852,"hierarchical_memsw_limit":0,"cache":80216064,"active_file":270336,"pgfault":250437,"total_mapped_file":0,"total_pgpgout":80852,"total_writeback":0,"rss":218140672,"unevictable":0,"total_inactive_anon":79478784,"total_pgpgin":153681,"active_anon":218701824,"total_active_file":270336},"limit":540965302272},"name":"/PropDicts-imFhuKnk","networks":{"eth0":{"rx_bytes":2770104,"rx_packets":409,"tx_packets":434,"tx_bytes":42854,"tx_dropped":0,"rx_dropped":1,"tx_errors":0,"rx_errors":0}},"id":"bd71379dd84ce02e72f32c0f5ce6d72fb8940f40d16b1b3e317d96dadf1e221d","preread":"0001-01-01T00:00:00Z","storage_stats":{},"precpu_stats":{"throttling_data":{"throttled_periods":0,"throttled_time":0,"periods":0},"cpu_usage":{"usage_in_usermode":0,"usage_in_kernelmode":0,"total_usage":0}},"pids_stats":{"current":44},"num_procs":0,"cpu_stats":{"throttling_data":{"throttled_periods":0,"throttled_time":0,"periods":0},"system_cpu_usage":3760747944522419,"online_cpus":128,"cpu_usage":{"usage_in_usermode":9360000000,"usage_in_kernelmode":2490000000,"total_usage":11823653830,"percpu_usage":[0,0,0,0,0,0,0,0,0,0,0,0,0,0,0,0,0,0,0,0,0,0,0,11823653830,0,0,0,0,0,0,0,0,0,0,0,0,0,0,0,0,0,0,0,0,0,0,0,0,0,0,0,0,0,0,0,0,0,0,0,0,0,0,0,0,0,0,0,0,0,0,0,0,0,0,0,0,0,0,0,0,0,0,0,0,0,0,0,0,0,0,0,0,0,0,0,0,0,0,0,0,0,0,0,0,0,0,0,0,0,0,0,0,0,0,0,0,0,0,0,0,0,0,0,0,0,0,0,0]}},"read":"2021-01-11T16:41:56.897648839Z"}