################################################################################
# PackageCompiler set-up: 2021-01-11T15:38:47.482
#

Julia Version 1.5.3
Commit 599f52c4c6 (2020-12-18 13:33 UTC)
Platform Info:
  OS: Linux (x86_64-linux-gnu)
  CPU: AMD EPYC 7502 32-Core Processor
  WORD_SIZE: 64
  LIBM: libopenlibm
  LLVM: libLLVM-9.0.1 (ORCJIT, znver2)
Environment:
  JULIA_PKGEVAL = true
  JULIA_PKG_PRECOMPILE_AUTO = 0



################################################################################
# Installation: 2021-01-11T15:38:49.171
#

 Installing known registries into `~/.julia`
######################################################################## 100.0%
      Added registry `General` to `~/.julia/registries/General`
  Resolving package versions...
  Installed Scratch ───────── v1.0.3
  Installed PyVenvs ───────── v0.1.0
  Installed PackageCompiler ─ v1.2.5
Updating `~/.julia/environments/v1.5/Project.toml`
  [9b87118b] + PackageCompiler v1.2.5
  [900dd30e] + PyVenvs v0.1.0
Updating `~/.julia/environments/v1.5/Manifest.toml`
  [9b87118b] + PackageCompiler v1.2.5
  [900dd30e] + PyVenvs v0.1.0
  [6c6a2e73] + Scratch v1.0.3
  [2a0f44e3] + Base64
  [ade2ca70] + Dates
  [b77e0a4c] + InteractiveUtils
  [76f85450] + LibGit2
  [8f399da3] + Libdl
  [56ddb016] + Logging
  [d6f4376e] + Markdown
  [44cfe95a] + Pkg
  [de0858da] + Printf
  [3fa0cd96] + REPL
  [9a3f8284] + Random
  [ea8e919c] + SHA
  [9e88b42a] + Serialization
  [6462fe0b] + Sockets
  [cf7118a7] + UUIDs
  [4ec0a83e] + Unicode


################################################################################
# Compiling: 2021-01-11T15:38:54.966
#

[ Info: PackageCompiler: creating system image object file, this might take a while...
Generated system image is 147.434 MiB, compilation took 162 seconds


################################################################################
# PkgEval set-up: 2021-01-11T15:41:44.318
#

Julia Version 1.5.3
Commit 599f52c4c6 (2020-12-18 13:33 UTC)
Platform Info:
  OS: Linux (x86_64-linux-gnu)
  CPU: AMD EPYC 7502 32-Core Processor
  WORD_SIZE: 64
  LIBM: libopenlibm
  LLVM: libLLVM-9.0.1 (ORCJIT, znver2)
Environment:
  JULIA_PKGEVAL = true
  JULIA_PKG_PRECOMPILE_AUTO = 0

Base.julia_cmd() = `/usr/local/julia/bin/julia -Cnative -J/cache/PyVenvs-eyf4FGmA.so -g1`


################################################################################
# Installation: 2021-01-11T15:41:46.165
#

 Installing known registries into `~/.julia`
###################################################                       71.2%######################################################################## 100.0%
      Added registry `General` to `~/.julia/registries/General`
  Resolving package versions...
  Installed Scratch ─ v1.0.3
  Installed PyVenvs ─ v0.1.0
Updating `~/.julia/environments/v1.5/Project.toml`
  [900dd30e] + PyVenvs v0.1.0
Updating `~/.julia/environments/v1.5/Manifest.toml`
  [900dd30e] + PyVenvs v0.1.0
  [6c6a2e73] + Scratch v1.0.3
  [2a0f44e3] + Base64
  [ade2ca70] + Dates
  [b77e0a4c] + InteractiveUtils
  [76f85450] + LibGit2
  [8f399da3] + Libdl
  [56ddb016] + Logging
  [d6f4376e] + Markdown
  [44cfe95a] + Pkg
  [de0858da] + Printf
  [3fa0cd96] + REPL
  [9a3f8284] + Random
  [ea8e919c] + SHA
  [9e88b42a] + Serialization
  [6462fe0b] + Sockets
  [cf7118a7] + UUIDs
  [4ec0a83e] + Unicode


################################################################################
# Testing: 2021-01-11T15:41:49.636
#

    Testing PyVenvs
Status `/tmp/jl_Izl5Kc/Project.toml`
  [4c88cf16] Aqua v0.4.11
  [438e738f] PyCall v1.92.2
  [900dd30e] PyVenvs v0.1.0
  [44cfe95a] Pkg
  [8dfed614] Test
Status `/tmp/jl_Izl5Kc/Manifest.toml`
  [4c88cf16] Aqua v0.4.11
  [8f4d0f93] Conda v1.5.0
  [682c06a0] JSON v0.21.1
  [1914dd2f] MacroTools v0.5.6
  [69de0a69] Parsers v1.0.15
  [438e738f] PyCall v1.92.2
  [900dd30e] PyVenvs v0.1.0
  [6c6a2e73] Scratch v1.0.3
  [81def892] VersionParsing v1.2.0
  [2a0f44e3] Base64
  [ade2ca70] Dates
  [8ba89e20] Distributed
  [b77e0a4c] InteractiveUtils
  [76f85450] LibGit2
  [8f399da3] Libdl
  [37e2e46d] LinearAlgebra
  [56ddb016] Logging
  [d6f4376e] Markdown
  [a63ad114] Mmap
  [44cfe95a] Pkg
  [de0858da] Printf
  [3fa0cd96] REPL
  [9a3f8284] Random
  [ea8e919c] SHA
  [9e88b42a] Serialization
  [6462fe0b] Sockets
  [8dfed614] Test
  [cf7118a7] UUIDs
  [4ec0a83e] Unicode
Skipping Base.Filesystem.JL_O_RANDOM
Skipping Base.Filesystem.JL_O_SEQUENTIAL
Skipping Base.Filesystem.JL_O_SHORT_LIVED
Skipping Base.Filesystem.JL_O_TEMPORARY
Skipping Base.active_repl
Skipping Base.active_repl_backend
Test Summary: | Pass  Total
test_aqua.jl  |    7      7
test_core.jl: Error During Test at /home/user/.julia/packages/PyVenvs/YgBvj/test/runtests.jl:4
  Got exception outside of a @test
  LoadError: InitError: IOError: could not spawn `python3 -m venv /home/user/.julia/scratchspaces/900dd30e-34bf-4e23-831d-6809554238a5/pyvenv-CLI-VENV-0.1.0-49e2bf059941c4c5516639184921e340bb05a057/venv`: no such file or directory (ENOENT)
  Stacktrace:
   [1] _spawn_primitive(::String, ::Cmd, ::Array{Any,1}) at ./process.jl:99
   [2] #585 at ./process.jl:112 [inlined]
   [3] setup_stdios(::Base.var"#585#586"{Cmd}, ::Array{Any,1}) at ./process.jl:196
   [4] _spawn at ./process.jl:111 [inlined]
   [5] run(::Cmd; wait::Bool) at ./process.jl:439
   [6] run at ./process.jl:438 [inlined]
   [7] mkvenv at /home/pkgeval/.julia/packages/PyVenvs/YgBvj/src/core.jl:61 [inlined]
   [8] mkvenv(::PyVenvs.Implementations.PyVenv) at /home/pkgeval/.julia/packages/PyVenvs/YgBvj/src/core.jl:60
   [9] install(::PyVenvs.Implementations.PyVenv; upgrade::Bool) at /home/pkgeval/.julia/packages/PyVenvs/YgBvj/src/core.jl:130
   [10] install at /home/pkgeval/.julia/packages/PyVenvs/YgBvj/src/core.jl:130 [inlined]
   [11] #5 at /home/pkgeval/.julia/packages/PyVenvs/YgBvj/src/core.jl:119 [inlined]
   [12] _with_python at /home/pkgeval/.julia/packages/PyVenvs/YgBvj/src/core.jl:108 [inlined]
   [13] #init#4 at /home/pkgeval/.julia/packages/PyVenvs/YgBvj/src/core.jl:117 [inlined]
   [14] init at /home/pkgeval/.julia/packages/PyVenvs/YgBvj/src/core.jl:117 [inlined]
   [15] __init__() at /home/user/.julia/packages/PyVenvs/YgBvj/examples/CLIVenvExample/src/CLIVenvExample.jl:11
   [16] _include_from_serialized(::String, ::Array{Any,1}) at ./loading.jl:697
   [17] _require_from_serialized(::String) at ./loading.jl:749
   [18] _require(::Base.PkgId) at ./loading.jl:1040
   [19] require(::Base.PkgId) at ./loading.jl:928
   [20] require(::Module, ::Symbol) at ./loading.jl:923
   [21] include(::Function, ::Module, ::String) at ./Base.jl:380
   [22] include at ./Base.jl:368 [inlined]
   [23] include(::String) at /home/user/.julia/packages/PyVenvs/YgBvj/test/runtests.jl:1
   [24] top-level scope at /home/user/.julia/packages/PyVenvs/YgBvj/test/runtests.jl:13
   [25] top-level scope at /workspace/srcdir/usr/share/julia/stdlib/v1.5/Test/src/Test.jl:1190
   [26] include(::String) at ./client.jl:457
   [27] top-level scope at none:6
   [28] eval(::Module, ::Any) at ./boot.jl:331
   [29] exec_options(::Base.JLOptions) at ./client.jl:272
   [30] _start() at ./client.jl:506
  during initialization of module CLIVenvExample
  in expression starting at /home/user/.julia/packages/PyVenvs/YgBvj/test/test_core.jl:5
  
Test Summary: | Error  Total
test_core.jl  |     1      1
Test Summary: | Error  Total
test_core.jl  |     1      1
ERROR: LoadError: Some tests did not pass: 0 passed, 0 failed, 1 errored, 0 broken.
in expression starting at /home/user/.julia/packages/PyVenvs/YgBvj/test/runtests.jl:4
caused by [exception 1]
Some tests did not pass: 0 passed, 0 failed, 1 errored, 0 broken.

PkgEval failed: Package PyVenvs errored during testing
Stacktrace:
 [1] pkgerror(::String) at /workspace/srcdir/usr/share/julia/stdlib/v1.5/Pkg/src/Types.jl:52
 [2] test(::Pkg.Types.Context, ::Array{Pkg.Types.PackageSpec,1}; coverage::Bool, julia_args::Cmd, test_args::Cmd, test_fn::Nothing) at /workspace/srcdir/usr/share/julia/stdlib/v1.5/Pkg/src/Operations.jl:1578
 [3] test(::Pkg.Types.Context, ::Array{Pkg.Types.PackageSpec,1}; coverage::Bool, test_fn::Nothing, julia_args::Cmd, test_args::Cmd, kwargs::Base.Iterators.Pairs{Union{},Union{},Tuple{},NamedTuple{(),Tuple{}}}) at /workspace/srcdir/usr/share/julia/stdlib/v1.5/Pkg/src/API.jl:327
 [4] test(::Pkg.Types.Context, ::Array{Pkg.Types.PackageSpec,1}) at /workspace/srcdir/usr/share/julia/stdlib/v1.5/Pkg/src/API.jl:314
 [5] #test#61 at /workspace/srcdir/usr/share/julia/stdlib/v1.5/Pkg/src/API.jl:67 [inlined]
 [6] test at /workspace/srcdir/usr/share/julia/stdlib/v1.5/Pkg/src/API.jl:67 [inlined]
 [7] #test#60 at /workspace/srcdir/usr/share/julia/stdlib/v1.5/Pkg/src/API.jl:66 [inlined]
 [8] test at /workspace/srcdir/usr/share/julia/stdlib/v1.5/Pkg/src/API.jl:66 [inlined]
 [9] test(::String; kwargs::Base.Iterators.Pairs{Union{},Union{},Tuple{},NamedTuple{(),Tuple{}}}) at /workspace/srcdir/usr/share/julia/stdlib/v1.5/Pkg/src/API.jl:65
 [10] test(::String) at /workspace/srcdir/usr/share/julia/stdlib/v1.5/Pkg/src/API.jl:65
 [11] top-level scope at none:22
 [12] eval at ./boot.jl:331 [inlined]
 [13] eval(::Expr) at ./client.jl:467
 [14] top-level scope at none:1
 [15] eval(::Module, ::Any) at ./boot.jl:331
 [16] exec_options(::Base.JLOptions) at ./client.jl:272
 [17] _start() at ./client.jl:506


################################################################################
# PkgEval teardown: 2021-01-11T15:42:38.63
CPU usage: 53.21s (45.90s user, 7.40s kernel)

Network usage:
- eth0: 246.328 MiB received, 691.854 KiB sent

Raw statistics: {"blkio_stats":{"io_queue_recursive":[],"io_serviced_recursive":[{"major":259,"value":0,"op":"Read","minor":0},{"major":259,"value":27,"op":"Write","minor":0},{"major":259,"value":14,"op":"Sync","minor":0},{"major":259,"value":13,"op":"Async","minor":0},{"major":259,"value":0,"op":"Discard","minor":0},{"major":259,"value":27,"op":"Total","minor":0},{"major":253,"value":0,"op":"Read","minor":2},{"major":253,"value":27,"op":"Write","minor":2},{"major":253,"value":14,"op":"Sync","minor":2},{"major":253,"value":13,"op":"Async","minor":2},{"major":253,"value":0,"op":"Discard","minor":2},{"major":253,"value":27,"op":"Total","minor":2}],"io_time_recursive":[],"sectors_recursive":[],"io_service_bytes_recursive":[{"major":259,"value":0,"op":"Read","minor":0},{"major":259,"value":110592,"op":"Write","minor":0},{"major":259,"value":57344,"op":"Sync","minor":0},{"major":259,"value":53248,"op":"Async","minor":0},{"major":259,"value":0,"op":"Discard","minor":0},{"major":259,"value":110592,"op":"Total","minor":0},{"major":253,"value":0,"op":"Read","minor":2},{"major":253,"value":110592,"op":"Write","minor":2},{"major":253,"value":57344,"op":"Sync","minor":2},{"major":253,"value":53248,"op":"Async","minor":2},{"major":253,"value":0,"op":"Discard","minor":2},{"major":253,"value":110592,"op":"Total","minor":2}],"io_wait_time_recursive":[],"io_merged_recursive":[],"io_service_time_recursive":[]},"memory_stats":{"usage":1872613376,"max_usage":2368512000,"stats":{"hierarchical_memory_limit":9223372036854771712,"pgmajfault":0,"total_rss":212000768,"inactive_file":135168,"inactive_anon":1172717568,"total_pgfault":1362966,"total_cache":1605537792,"total_rss_huge":0,"total_active_anon":644886528,"total_pgmajfault":0,"pgpgin":1493250,"rss_huge":0,"mapped_file":0,"total_inactive_file":135168,"dirty":405504,"total_unevictable":0,"total_dirty":405504,"writeback":0,"pgpgout":1049441,"hierarchical_memsw_limit":0,"cache":1605537792,"active_file":135168,"pgfault":1362966,"total_mapped_file":0,"total_pgpgout":1049441,"total_writeback":0,"rss":212000768,"unevictable":0,"total_inactive_anon":1172717568,"total_pgpgin":1493250,"active_anon":644886528,"total_active_file":135168},"limit":540965302272},"name":"/PyVenvs-1myXryxL","networks":{"eth0":{"rx_bytes":258293512,"rx_packets":22711,"tx_packets":12154,"tx_bytes":708459,"tx_dropped":0,"rx_dropped":2,"tx_errors":0,"rx_errors":0}},"id":"c902aa2285187d261814cc15fd10c40a269988821496ee02ba6b0cb9cfb391e8","preread":"0001-01-01T00:00:00Z","storage_stats":{},"precpu_stats":{"throttling_data":{"throttled_periods":0,"throttled_time":0,"periods":0},"cpu_usage":{"usage_in_usermode":0,"usage_in_kernelmode":0,"total_usage":0}},"pids_stats":{"current":44},"num_procs":0,"cpu_stats":{"throttling_data":{"throttled_periods":0,"throttled_time":0,"periods":0},"system_cpu_usage":3305805884522419,"online_cpus":128,"cpu_usage":{"usage_in_usermode":45900000000,"usage_in_kernelmode":7400000000,"total_usage":53207021226,"percpu_usage":[0,0,0,0,0,0,53207016416,0,0,0,0,0,0,0,0,0,0,0,0,0,0,0,0,0,0,0,0,0,0,0,0,0,0,0,0,0,0,0,0,0,0,0,0,0,0,0,0,0,0,0,0,0,0,0,0,0,0,0,0,0,0,0,0,0,0,0,0,0,4810,0,0,0,0,0,0,0,0,0,0,0,0,0,0,0,0,0,0,0,0,0,0,0,0,0,0,0,0,0,0,0,0,0,0,0,0,0,0,0,0,0,0,0,0,0,0,0,0,0,0,0,0,0,0,0,0,0,0,0]}},"read":"2021-01-11T15:42:38.632835056Z"}