################################################################################
# PackageCompiler set-up: 2021-01-11T17:27:05.902
#

Julia Version 1.5.3
Commit 599f52c4c6 (2020-12-18 13:33 UTC)
Platform Info:
  OS: Linux (x86_64-linux-gnu)
  CPU: AMD EPYC 7502 32-Core Processor
  WORD_SIZE: 64
  LIBM: libopenlibm
  LLVM: libLLVM-9.0.1 (ORCJIT, znver2)
Environment:
  JULIA_PKGEVAL = true
  JULIA_PKG_PRECOMPILE_AUTO = 0



################################################################################
# Installation: 2021-01-11T17:27:07.634
#

 Installing known registries into `~/.julia`
######################################################################## 100.0%
      Added registry `General` to `~/.julia/registries/General`
  Resolving package versions...
  Installed CompilerSupportLibraries_jll ─ v0.3.4+0
  Installed Libglvnd_jll ───────────────── v1.3.0+3
  Installed Zlib_jll ───────────────────── v1.2.11+18
  Installed CxxWrap ────────────────────── v0.11.1
  Installed Xorg_libXdmcp_jll ──────────── v1.1.3+4
  Installed Wayland_jll ────────────────── v1.17.0+4
  Installed Xorg_libX11_jll ────────────── v1.6.9+4
  Installed OpenSSL_jll ────────────────── v1.1.1+6
  Installed Xorg_xcb_util_renderutil_jll ─ v0.3.9+1
  Installed Libiconv_jll ───────────────── v1.16.0+7
  Installed Xorg_xcb_util_keysyms_jll ──── v0.4.0+1
  Installed Requires ───────────────────── v1.1.2
  Installed PackageCompiler ────────────── v1.2.5
  Installed QML ────────────────────────── v0.6.0
  Installed Xorg_xcb_util_image_jll ────── v0.4.0+1
  Installed Bzip2_jll ──────────────────── v1.0.6+5
  Installed Xorg_xkbcomp_jll ───────────── v1.4.2+4
  Installed libcxxwrap_julia_jll ───────── v0.8.5+1
  Installed Xorg_libpthread_stubs_jll ──── v0.1.0+3
  Installed Xorg_libxkbfile_jll ────────── v1.1.0+4
  Installed FileIO ─────────────────────── v1.4.5
  Installed Observables ────────────────── v0.3.3
  Installed XML2_jll ───────────────────── v2.9.10+3
  Installed Qt_jll ─────────────────────── v5.15.2+1
  Installed Xorg_libXau_jll ────────────── v1.0.9+4
  Installed ColorTypes ─────────────────── v0.10.9
  Installed Xorg_xcb_util_jll ──────────── v0.4.0+1
  Installed Xorg_xtrans_jll ────────────── v1.4.0+3
  Installed MacroTools ─────────────────── v0.5.6
  Installed Xorg_libxcb_jll ────────────── v1.13.0+3
  Installed PCRE_jll ───────────────────── v8.42.0+4
  Installed JLLWrappers ────────────────── v1.2.0
  Installed Libffi_jll ─────────────────── v3.2.1+4
  Installed Xorg_libXext_jll ───────────── v1.3.4+4
  Installed Libgpg_error_jll ───────────── v1.36.0+3
  Installed Expat_jll ──────────────────── v2.2.7+6
  Installed Libgcrypt_jll ──────────────── v1.8.5+4
  Installed xkbcommon_jll ──────────────── v0.9.1+5
  Installed Gettext_jll ────────────────── v0.20.1+7
  Installed FixedPointNumbers ──────────── v0.8.4
  Installed Libuuid_jll ────────────────── v2.34.0+7
  Installed FreeType2_jll ──────────────── v2.10.1+5
  Installed Fontconfig_jll ─────────────── v2.13.1+14
  Installed XSLT_jll ───────────────────── v1.1.33+4
  Installed Wayland_protocols_jll ──────── v1.18.0+4
  Installed Libmount_jll ───────────────── v2.34.0+3
  Installed Glib_jll ───────────────────── v2.59.0+4
  Installed Xorg_xcb_util_wm_jll ───────── v0.4.1+1
  Installed Xorg_xkeyboard_config_jll ──── v2.27.0+4
  Installed jlqml_jll ──────────────────── v0.1.5+0
  Installed Artifacts ──────────────────── v1.3.0
Updating `~/.julia/environments/v1.5/Project.toml`
  [9b87118b] + PackageCompiler v1.2.5
  [2db162a6] + QML v0.6.0
Updating `~/.julia/environments/v1.5/Manifest.toml`
  [56f22d72] + Artifacts v1.3.0
  [6e34b625] + Bzip2_jll v1.0.6+5
  [3da002f7] + ColorTypes v0.10.9
  [e66e0078] + CompilerSupportLibraries_jll v0.3.4+0
  [1f15a43c] + CxxWrap v0.11.1
  [2e619515] + Expat_jll v2.2.7+6
  [5789e2e9] + FileIO v1.4.5
  [53c48c17] + FixedPointNumbers v0.8.4
  [a3f928ae] + Fontconfig_jll v2.13.1+14
  [d7e528f0] + FreeType2_jll v2.10.1+5
  [78b55507] + Gettext_jll v0.20.1+7
  [7746bdde] + Glib_jll v2.59.0+4
  [692b3bcd] + JLLWrappers v1.2.0
  [e9f186c6] + Libffi_jll v3.2.1+4
  [d4300ac3] + Libgcrypt_jll v1.8.5+4
  [7e76a0d4] + Libglvnd_jll v1.3.0+3
  [7add5ba3] + Libgpg_error_jll v1.36.0+3
  [94ce4f54] + Libiconv_jll v1.16.0+7
  [4b2f31a3] + Libmount_jll v2.34.0+3
  [38a345b3] + Libuuid_jll v2.34.0+7
  [1914dd2f] + MacroTools v0.5.6
  [510215fc] + Observables v0.3.3
  [458c3c95] + OpenSSL_jll v1.1.1+6
  [2f80f16e] + PCRE_jll v8.42.0+4
  [9b87118b] + PackageCompiler v1.2.5
  [2db162a6] + QML v0.6.0
  [ede63266] + Qt_jll v5.15.2+1
  [ae029012] + Requires v1.1.2
  [a2964d1f] + Wayland_jll v1.17.0+4
  [2381bf8a] + Wayland_protocols_jll v1.18.0+4
  [02c8fc9c] + XML2_jll v2.9.10+3
  [aed1982a] + XSLT_jll v1.1.33+4
  [4f6342f7] + Xorg_libX11_jll v1.6.9+4
  [0c0b7dd1] + Xorg_libXau_jll v1.0.9+4
  [a3789734] + Xorg_libXdmcp_jll v1.1.3+4
  [1082639a] + Xorg_libXext_jll v1.3.4+4
  [14d82f49] + Xorg_libpthread_stubs_jll v0.1.0+3
  [c7cfdc94] + Xorg_libxcb_jll v1.13.0+3
  [cc61e674] + Xorg_libxkbfile_jll v1.1.0+4
  [12413925] + Xorg_xcb_util_image_jll v0.4.0+1
  [2def613f] + Xorg_xcb_util_jll v0.4.0+1
  [975044d2] + Xorg_xcb_util_keysyms_jll v0.4.0+1
  [0d47668e] + Xorg_xcb_util_renderutil_jll v0.3.9+1
  [c22f9ab0] + Xorg_xcb_util_wm_jll v0.4.1+1
  [35661453] + Xorg_xkbcomp_jll v1.4.2+4
  [33bec58e] + Xorg_xkeyboard_config_jll v2.27.0+4
  [c5fb5394] + Xorg_xtrans_jll v1.4.0+3
  [83775a58] + Zlib_jll v1.2.11+18
  [6b5019fb] + jlqml_jll v0.1.5+0
  [3eaa8342] + libcxxwrap_julia_jll v0.8.5+1
  [d8fb68d0] + xkbcommon_jll v0.9.1+5
  [2a0f44e3] + Base64
  [ade2ca70] + Dates
  [b77e0a4c] + InteractiveUtils
  [76f85450] + LibGit2
  [8f399da3] + Libdl
  [37e2e46d] + LinearAlgebra
  [56ddb016] + Logging
  [d6f4376e] + Markdown
  [44cfe95a] + Pkg
  [de0858da] + Printf
  [3fa0cd96] + REPL
  [9a3f8284] + Random
  [ea8e919c] + SHA
  [9e88b42a] + Serialization
  [6462fe0b] + Sockets
  [2f01184e] + SparseArrays
  [10745b16] + Statistics
  [cf7118a7] + UUIDs
  [4ec0a83e] + Unicode


################################################################################
# Compiling: 2021-01-11T17:27:15.522
#

[ Info: PackageCompiler: creating system image object file, this might take a while...
Generated system image is 180.371 MiB, compilation took 322 seconds


################################################################################
# PkgEval set-up: 2021-01-11T17:32:45.612
#

Julia Version 1.5.3
Commit 599f52c4c6 (2020-12-18 13:33 UTC)
Platform Info:
  OS: Linux (x86_64-linux-gnu)
  CPU: AMD EPYC 7502 32-Core Processor
  WORD_SIZE: 64
  LIBM: libopenlibm
  LLVM: libLLVM-9.0.1 (ORCJIT, znver2)
Environment:
  JULIA_PKGEVAL = true
  JULIA_PKG_PRECOMPILE_AUTO = 0

Base.julia_cmd() = `/usr/local/julia/bin/julia -Cnative -J/cache/QML-h2Ev9lww.so -g1`


################################################################################
# Installation: 2021-01-11T17:32:47.597
#

 Installing known registries into `~/.julia`
##########                                                                14.5%######################################################################## 100.0%
      Added registry `General` to `~/.julia/registries/General`
  Resolving package versions...
  Installed CompilerSupportLibraries_jll ─ v0.3.4+0
  Installed CxxWrap ────────────────────── v0.11.1
  Installed Libglvnd_jll ───────────────── v1.3.0+3
  Installed Zlib_jll ───────────────────── v1.2.11+18
  Installed Xorg_libXdmcp_jll ──────────── v1.1.3+4
  Installed Wayland_jll ────────────────── v1.17.0+4
  Installed Xorg_libX11_jll ────────────── v1.6.9+4
  Installed OpenSSL_jll ────────────────── v1.1.1+6
  Installed Xorg_xcb_util_renderutil_jll ─ v0.3.9+1
  Installed Requires ───────────────────── v1.1.2
  Installed Libiconv_jll ───────────────── v1.16.0+7
  Installed Xorg_xcb_util_keysyms_jll ──── v0.4.0+1
  Installed Xorg_xcb_util_image_jll ────── v0.4.0+1
  Installed Bzip2_jll ──────────────────── v1.0.6+5
  Installed Xorg_xkbcomp_jll ───────────── v1.4.2+4
  Installed libcxxwrap_julia_jll ───────── v0.8.5+1
  Installed FileIO ─────────────────────── v1.4.5
  Installed QML ────────────────────────── v0.6.0
  Installed Xorg_libpthread_stubs_jll ──── v0.1.0+3
  Installed Xorg_libxkbfile_jll ────────── v1.1.0+4
  Installed XML2_jll ───────────────────── v2.9.10+3
  Installed Qt_jll ─────────────────────── v5.15.2+1
  Installed Observables ────────────────── v0.3.3
  Installed ColorTypes ─────────────────── v0.10.9
  Installed Xorg_libXau_jll ────────────── v1.0.9+4
  Installed Xorg_xcb_util_jll ──────────── v0.4.0+1
  Installed MacroTools ─────────────────── v0.5.6
  Installed JLLWrappers ────────────────── v1.2.0
  Installed Xorg_xtrans_jll ────────────── v1.4.0+3
  Installed Xorg_libxcb_jll ────────────── v1.13.0+3
  Installed PCRE_jll ───────────────────── v8.42.0+4
  Installed Libffi_jll ─────────────────── v3.2.1+4
  Installed Xorg_libXext_jll ───────────── v1.3.4+4
  Installed Libgpg_error_jll ───────────── v1.36.0+3
  Installed Expat_jll ──────────────────── v2.2.7+6
  Installed Libgcrypt_jll ──────────────── v1.8.5+4
  Installed xkbcommon_jll ──────────────── v0.9.1+5
  Installed Gettext_jll ────────────────── v0.20.1+7
  Installed Libuuid_jll ────────────────── v2.34.0+7
  Installed FixedPointNumbers ──────────── v0.8.4
  Installed FreeType2_jll ──────────────── v2.10.1+5
  Installed Fontconfig_jll ─────────────── v2.13.1+14
  Installed XSLT_jll ───────────────────── v1.1.33+4
  Installed Wayland_protocols_jll ──────── v1.18.0+4
  Installed Libmount_jll ───────────────── v2.34.0+3
  Installed Glib_jll ───────────────────── v2.59.0+4
  Installed Xorg_xcb_util_wm_jll ───────── v0.4.1+1
  Installed Xorg_xkeyboard_config_jll ──── v2.27.0+4
  Installed jlqml_jll ──────────────────── v0.1.5+0
  Installed Artifacts ──────────────────── v1.3.0
Updating `~/.julia/environments/v1.5/Project.toml`
  [2db162a6] + QML v0.6.0
Updating `~/.julia/environments/v1.5/Manifest.toml`
  [56f22d72] + Artifacts v1.3.0
  [6e34b625] + Bzip2_jll v1.0.6+5
  [3da002f7] + ColorTypes v0.10.9
  [e66e0078] + CompilerSupportLibraries_jll v0.3.4+0
  [1f15a43c] + CxxWrap v0.11.1
  [2e619515] + Expat_jll v2.2.7+6
  [5789e2e9] + FileIO v1.4.5
  [53c48c17] + FixedPointNumbers v0.8.4
  [a3f928ae] + Fontconfig_jll v2.13.1+14
  [d7e528f0] + FreeType2_jll v2.10.1+5
  [78b55507] + Gettext_jll v0.20.1+7
  [7746bdde] + Glib_jll v2.59.0+4
  [692b3bcd] + JLLWrappers v1.2.0
  [e9f186c6] + Libffi_jll v3.2.1+4
  [d4300ac3] + Libgcrypt_jll v1.8.5+4
  [7e76a0d4] + Libglvnd_jll v1.3.0+3
  [7add5ba3] + Libgpg_error_jll v1.36.0+3
  [94ce4f54] + Libiconv_jll v1.16.0+7
  [4b2f31a3] + Libmount_jll v2.34.0+3
  [38a345b3] + Libuuid_jll v2.34.0+7
  [1914dd2f] + MacroTools v0.5.6
  [510215fc] + Observables v0.3.3
  [458c3c95] + OpenSSL_jll v1.1.1+6
  [2f80f16e] + PCRE_jll v8.42.0+4
  [2db162a6] + QML v0.6.0
  [ede63266] + Qt_jll v5.15.2+1
  [ae029012] + Requires v1.1.2
  [a2964d1f] + Wayland_jll v1.17.0+4
  [2381bf8a] + Wayland_protocols_jll v1.18.0+4
  [02c8fc9c] + XML2_jll v2.9.10+3
  [aed1982a] + XSLT_jll v1.1.33+4
  [4f6342f7] + Xorg_libX11_jll v1.6.9+4
  [0c0b7dd1] + Xorg_libXau_jll v1.0.9+4
  [a3789734] + Xorg_libXdmcp_jll v1.1.3+4
  [1082639a] + Xorg_libXext_jll v1.3.4+4
  [14d82f49] + Xorg_libpthread_stubs_jll v0.1.0+3
  [c7cfdc94] + Xorg_libxcb_jll v1.13.0+3
  [cc61e674] + Xorg_libxkbfile_jll v1.1.0+4
  [12413925] + Xorg_xcb_util_image_jll v0.4.0+1
  [2def613f] + Xorg_xcb_util_jll v0.4.0+1
  [975044d2] + Xorg_xcb_util_keysyms_jll v0.4.0+1
  [0d47668e] + Xorg_xcb_util_renderutil_jll v0.3.9+1
  [c22f9ab0] + Xorg_xcb_util_wm_jll v0.4.1+1
  [35661453] + Xorg_xkbcomp_jll v1.4.2+4
  [33bec58e] + Xorg_xkeyboard_config_jll v2.27.0+4
  [c5fb5394] + Xorg_xtrans_jll v1.4.0+3
  [83775a58] + Zlib_jll v1.2.11+18
  [6b5019fb] + jlqml_jll v0.1.5+0
  [3eaa8342] + libcxxwrap_julia_jll v0.8.5+1
  [d8fb68d0] + xkbcommon_jll v0.9.1+5
  [2a0f44e3] + Base64
  [ade2ca70] + Dates
  [b77e0a4c] + InteractiveUtils
  [76f85450] + LibGit2
  [8f399da3] + Libdl
  [37e2e46d] + LinearAlgebra
  [56ddb016] + Logging
  [d6f4376e] + Markdown
  [44cfe95a] + Pkg
  [de0858da] + Printf
  [3fa0cd96] + REPL
  [9a3f8284] + Random
  [ea8e919c] + SHA
  [9e88b42a] + Serialization
  [6462fe0b] + Sockets
  [2f01184e] + SparseArrays
  [10745b16] + Statistics
  [cf7118a7] + UUIDs
  [4ec0a83e] + Unicode


################################################################################
# Testing: 2021-01-11T17:32:54.697
#

    Testing QML
Status `/tmp/jl_CaHyEa/Project.toml`
  [6e4b80f9] BenchmarkTools v0.5.0
  [3da002f7] ColorTypes v0.10.9
  [1f15a43c] CxxWrap v0.11.1
  [e30172f5] Documenter v0.26.1
  [5789e2e9] FileIO v1.4.5
  [1914dd2f] MacroTools v0.5.6
  [510215fc] Observables v0.3.3
  [91a5bcdd] Plots v1.10.1
  [2db162a6] QML v0.6.0
  [ae029012] Requires v1.1.2
  [6b5019fb] jlqml_jll v0.1.5+0
  [8f399da3] Libdl
  [8dfed614] Test
Status `/tmp/jl_CaHyEa/Manifest.toml`
  [79e6a3ab] Adapt v2.4.0
  [56f22d72] Artifacts v1.3.0
  [6e4b80f9] BenchmarkTools v0.5.0
  [6e34b625] Bzip2_jll v1.0.6+5
  [83423d85] Cairo_jll v1.16.0+6
  [35d6a980] ColorSchemes v3.10.2
  [3da002f7] ColorTypes v0.10.9
  [5ae59095] Colors v0.12.6
  [34da2185] Compat v3.25.0
  [e66e0078] CompilerSupportLibraries_jll v0.3.4+0
  [d38c429a] Contour v0.5.7
  [1f15a43c] CxxWrap v0.11.1
  [9a962f9c] DataAPI v1.4.0
  [864edb3b] DataStructures v0.18.8
  [e2d170a0] DataValueInterfaces v1.0.0
  [ffbed154] DocStringExtensions v0.8.3
  [e30172f5] Documenter v0.26.1
  [5ae413db] EarCut_jll v2.1.5+1
  [2e619515] Expat_jll v2.2.7+6
  [c87230d0] FFMPEG v0.4.0
  [b22a6f82] FFMPEG_jll v4.3.1+4
  [5789e2e9] FileIO v1.4.5
  [53c48c17] FixedPointNumbers v0.8.4
  [a3f928ae] Fontconfig_jll v2.13.1+14
  [59287772] Formatting v0.4.2
  [d7e528f0] FreeType2_jll v2.10.1+5
  [559328eb] FriBidi_jll v1.0.5+6
  [0656b61e] GLFW_jll v3.3.2+1
  [28b8d3ca] GR v0.53.0
  [d2c73de3] GR_jll v0.53.0+0
  [5c1252a2] GeometryBasics v0.3.5
  [78b55507] Gettext_jll v0.20.1+7
  [7746bdde] Glib_jll v2.59.0+4
  [42e2da0e] Grisu v1.0.0
  [cd3eb016] HTTP v0.8.19
  [b5f81e59] IOCapture v0.1.1
  [83e8ac13] IniFile v0.5.0
  [c8e1da08] IterTools v1.3.0
  [82899510] IteratorInterfaceExtensions v1.0.0
  [692b3bcd] JLLWrappers v1.2.0
  [682c06a0] JSON v0.21.1
  [aacddb02] JpegTurbo_jll v2.0.1+3
  [c1c5ebd0] LAME_jll v3.100.0+3
  [dd4b983a] LZO_jll v2.10.0+3
  [b964fa9f] LaTeXStrings v1.2.0
  [23fbe1c1] Latexify v0.14.7
  [dd192d2f] LibVPX_jll v1.9.0+1
  [e9f186c6] Libffi_jll v3.2.1+4
  [d4300ac3] Libgcrypt_jll v1.8.5+4
  [7e76a0d4] Libglvnd_jll v1.3.0+3
  [7add5ba3] Libgpg_error_jll v1.36.0+3
  [94ce4f54] Libiconv_jll v1.16.0+7
  [4b2f31a3] Libmount_jll v2.34.0+3
  [89763e89] Libtiff_jll v4.1.0+2
  [38a345b3] Libuuid_jll v2.34.0+7
  [1914dd2f] MacroTools v0.5.6
  [739be429] MbedTLS v1.0.3
  [c8ffd9c3] MbedTLS_jll v2.16.8+1
  [442fdcdd] Measures v0.3.1
  [e1d29d7a] Missings v0.4.4
  [77ba4419] NaNMath v0.3.5
  [510215fc] Observables v0.3.3
  [e7412a2a] Ogg_jll v1.3.4+2
  [458c3c95] OpenSSL_jll v1.1.1+6
  [91d4177d] Opus_jll v1.3.1+3
  [bac558e1] OrderedCollections v1.3.2
  [2f80f16e] PCRE_jll v8.42.0+4
  [69de0a69] Parsers v1.0.15
  [30392449] Pixman_jll v0.40.0+0
  [ccf2f8ad] PlotThemes v2.0.0
  [995b91a9] PlotUtils v1.0.10
  [91a5bcdd] Plots v1.10.1
  [2db162a6] QML v0.6.0
  [ede63266] Qt_jll v5.15.2+1
  [3cdcf5f2] RecipesBase v1.1.1
  [01d81517] RecipesPipeline v0.2.1
  [189a3867] Reexport v1.0.0
  [ae029012] Requires v1.1.2
  [6c6a2e73] Scratch v1.0.3
  [992d4aef] Showoff v0.3.2
  [a2af1166] SortingAlgorithms v0.3.1
  [90137ffa] StaticArrays v1.0.1
  [2913bbd2] StatsBase v0.33.2
  [09ab397b] StructArrays v0.4.4
  [3783bdb8] TableTraits v1.0.0
  [bd369af6] Tables v1.2.2
  [a2964d1f] Wayland_jll v1.17.0+4
  [2381bf8a] Wayland_protocols_jll v1.18.0+4
  [02c8fc9c] XML2_jll v2.9.10+3
  [aed1982a] XSLT_jll v1.1.33+4
  [4f6342f7] Xorg_libX11_jll v1.6.9+4
  [0c0b7dd1] Xorg_libXau_jll v1.0.9+4
  [935fb764] Xorg_libXcursor_jll v1.2.0+4
  [a3789734] Xorg_libXdmcp_jll v1.1.3+4
  [1082639a] Xorg_libXext_jll v1.3.4+4
  [d091e8ba] Xorg_libXfixes_jll v5.0.3+4
  [a51aa0fd] Xorg_libXi_jll v1.7.10+4
  [d1454406] Xorg_libXinerama_jll v1.1.4+4
  [ec84b674] Xorg_libXrandr_jll v1.5.2+4
  [ea2f1a96] Xorg_libXrender_jll v0.9.10+4
  [14d82f49] Xorg_libpthread_stubs_jll v0.1.0+3
  [c7cfdc94] Xorg_libxcb_jll v1.13.0+3
  [cc61e674] Xorg_libxkbfile_jll v1.1.0+4
  [12413925] Xorg_xcb_util_image_jll v0.4.0+1
  [2def613f] Xorg_xcb_util_jll v0.4.0+1
  [975044d2] Xorg_xcb_util_keysyms_jll v0.4.0+1
  [0d47668e] Xorg_xcb_util_renderutil_jll v0.3.9+1
  [c22f9ab0] Xorg_xcb_util_wm_jll v0.4.1+1
  [35661453] Xorg_xkbcomp_jll v1.4.2+4
  [33bec58e] Xorg_xkeyboard_config_jll v2.27.0+4
  [c5fb5394] Xorg_xtrans_jll v1.4.0+3
  [83775a58] Zlib_jll v1.2.11+18
  [3161d3a3] Zstd_jll v1.4.5+2
  [6b5019fb] jlqml_jll v0.1.5+0
  [0ac62f75] libass_jll v0.14.0+4
  [3eaa8342] libcxxwrap_julia_jll v0.8.5+1
  [f638f0a6] libfdk_aac_jll v0.1.6+4
  [b53b4c65] libpng_jll v1.6.37+6
  [f27f6e37] libvorbis_jll v1.3.6+6
  [1270edf5] x264_jll v2020.7.14+2
  [dfaa095f] x265_jll v3.0.0+3
  [d8fb68d0] xkbcommon_jll v0.9.1+5
  [2a0f44e3] Base64
  [ade2ca70] Dates
  [8bb1440f] DelimitedFiles
  [8ba89e20] Distributed
  [b77e0a4c] InteractiveUtils
  [76f85450] LibGit2
  [8f399da3] Libdl
  [37e2e46d] LinearAlgebra
  [56ddb016] Logging
  [d6f4376e] Markdown
  [a63ad114] Mmap
  [44cfe95a] Pkg
  [de0858da] Printf
  [3fa0cd96] REPL
  [9a3f8284] Random
  [ea8e919c] SHA
  [9e88b42a] Serialization
  [1a1011a3] SharedArrays
  [6462fe0b] Sockets
  [2f01184e] SparseArrays
  [10745b16] Statistics
  [8dfed614] Test
  [cf7118a7] UUIDs
  [4ec0a83e] Unicode
[ Info: SetupBuildDirectory: setting up build directory.
[ Info: Doctest: running doctests.
┌ Error: Doctesting failed
│   exception =
│    SystemError: opening file "/home/pkgeval/.julia/packages/QML/AvdBY/src/QML.jl": No such file or directory
│    Stacktrace:
│     [1] systemerror(::String, ::Int32; extrainfo::Nothing) at ./error.jl:168
│     [2] #systemerror#48 at ./error.jl:167 [inlined]
│     [3] systemerror at ./error.jl:167 [inlined]
│     [4] open(::String; lock::Bool, read::Nothing, write::Nothing, create::Nothing, truncate::Nothing, append::Nothing) at ./iostream.jl:284
│     [5] open at ./iostream.jl:273 [inlined]
│     [6] open(::Base.var"#296#297"{String}, ::String; kwargs::Base.Iterators.Pairs{Union{},Union{},Tuple{},NamedTuple{(),Tuple{}}}) at ./io.jl:323
│     [7] open at ./io.jl:323 [inlined]
│     [8] read at ./io.jl:410 [inlined]
│     [9] fix_doctest(::Documenter.DocTests.Result, ::SubString{String}, ::Documenter.Documents.Document) at /home/user/.julia/packages/Documenter/FuXcO/src/DocTests.jl:395
│     [10] checkresult(::Module, ::Documenter.DocTests.Result, ::Dict{Symbol,Any}, ::Documenter.Documents.Document) at /home/user/.julia/packages/Documenter/FuXcO/src/DocTests.jl:309
│     [11] eval_repl(::Documenter.DocTests.MutableMD2CodeBlock, ::Module, ::Dict{Symbol,Any}, ::Documenter.Documents.Document, ::String) at /home/user/.julia/packages/Documenter/FuXcO/src/DocTests.jl:232
│     [12] doctest(::Documenter.DocTests.DocTestContext, ::Documenter.Utilities.Markdown2.CodeBlock) at /home/user/.julia/packages/Documenter/FuXcO/src/DocTests.jl:170
│     [13] (::Documenter.DocTests.var"#1#2"{Documenter.DocTests.DocTestContext})(::Documenter.Utilities.Markdown2.CodeBlock) at /home/user/.julia/packages/Documenter/FuXcO/src/DocTests.jl:112
│     [14] walk(::Documenter.DocTests.var"#1#2"{Documenter.DocTests.DocTestContext}, ::Documenter.Utilities.Markdown2.CodeBlock) at /home/user/.julia/packages/Documenter/FuXcO/src/Utilities/Markdown2.jl:297
│     [15] walk(::Function, ::Array{Documenter.Utilities.Markdown2.MarkdownBlockNode,1}) at /home/user/.julia/packages/Documenter/FuXcO/src/Utilities/Markdown2.jl:306
│     [16] walk(::Documenter.DocTests.var"#1#2"{Documenter.DocTests.DocTestContext}, ::Documenter.Utilities.Markdown2.MD) at /home/user/.julia/packages/Documenter/FuXcO/src/Utilities/Markdown2.jl:299
│     [17] doctest at /home/user/.julia/packages/Documenter/FuXcO/src/DocTests.jl:109 [inlined]
│     [18] doctest(::Base.Docs.DocStr, ::Module, ::Documenter.Documents.Document) at /home/user/.julia/packages/Documenter/FuXcO/src/DocTests.jl:89
│     [19] doctest(::Documenter.Documents.DocumentBlueprint, ::Documenter.Documents.Document) at /home/user/.julia/packages/Documenter/FuXcO/src/DocTests.jl:57
│     [20] runner(::Type{Documenter.Builder.Doctest}, ::Documenter.Documents.Document) at /home/user/.julia/packages/Documenter/FuXcO/src/Builder.jl:214
│     [21] dispatch(::Type{Documenter.Builder.DocumentPipeline}, ::Documenter.Documents.Document) at /home/user/.julia/packages/Documenter/FuXcO/src/Utilities/Selectors.jl:170
│     [22] #2 at /home/user/.julia/packages/Documenter/FuXcO/src/Documenter.jl:249 [inlined]
│     [23] cd(::Documenter.var"#2#3"{Documenter.Documents.Document}, ::String) at ./file.jl:104
│     [24] makedocs(; debug::Bool, format::Documenter.Writers.HTMLWriter.HTML, kwargs::Base.Iterators.Pairs{Symbol,Any,NTuple{6,Symbol},NamedTuple{(:root, :source, :sitename, :doctest, :modules, :doctestfilters),Tuple{String,String,String,Symbol,Array{Module,1},Array{Regex,1}}}}) at /home/user/.julia/packages/Documenter/FuXcO/src/Documenter.jl:248
│     [25] (::Documenter.var"#all_doctests#35"{Bool,Array{Regex,1},Array{Module,1}})() at /home/user/.julia/packages/Documenter/FuXcO/src/Documenter.jl:813
│     [26] macro expansion at /home/user/.julia/packages/Documenter/FuXcO/src/Documenter.jl:830 [inlined]
│     [27] macro expansion at /workspace/srcdir/usr/share/julia/stdlib/v1.5/Test/src/Test.jl:1115 [inlined]
│     [28] doctest(::String, ::Array{Module,1}; fix::Bool, testset::String, doctestfilters::Array{Regex,1}) at /home/user/.julia/packages/Documenter/FuXcO/src/Documenter.jl:830
│     [29] doctest(::Module; manual::Bool, testset::Nothing, kwargs::Base.Iterators.Pairs{Symbol,Bool,Tuple{Symbol},NamedTuple{(:fix,),Tuple{Bool}}}) at /home/user/.julia/packages/Documenter/FuXcO/src/Documenter.jl:769
│     [30] top-level scope at /home/user/.julia/packages/QML/AvdBY/test/runtests.jl:6
│     [31] include(::String) at ./client.jl:457
│     [32] top-level scope at none:6
│     [33] eval(::Module, ::Any) at ./boot.jl:331
│     [34] exec_options(::Base.JLOptions) at ./client.jl:272
│     [35] _start() at ./client.jl:506
└ @ Documenter ~/.julia/packages/Documenter/FuXcO/src/Documenter.jl:823
Doctests: QML: Test Failed at /home/user/.julia/packages/Documenter/FuXcO/src/Documenter.jl:830
  Expression: all_doctests()
Stacktrace:
 [1] macro expansion at /home/user/.julia/packages/Documenter/FuXcO/src/Documenter.jl:830 [inlined]
 [2] macro expansion at /workspace/srcdir/usr/share/julia/stdlib/v1.5/Test/src/Test.jl:1115 [inlined]
 [3] doctest(::String, ::Array{Module,1}; fix::Bool, testset::String, doctestfilters::Array{Regex,1}) at /home/user/.julia/packages/Documenter/FuXcO/src/Documenter.jl:830
Test Summary: | Fail  Total
Doctests: QML |    1      1
ERROR: LoadError: Some tests did not pass: 0 passed, 1 failed, 0 errored, 0 broken.
in expression starting at /home/user/.julia/packages/QML/AvdBY/test/runtests.jl:6

PkgEval failed: Package QML errored during testing
Stacktrace:
 [1] pkgerror(::String) at /workspace/srcdir/usr/share/julia/stdlib/v1.5/Pkg/src/Types.jl:52
 [2] test(::Pkg.Types.Context, ::Array{Pkg.Types.PackageSpec,1}; coverage::Bool, julia_args::Cmd, test_args::Cmd, test_fn::Nothing) at /workspace/srcdir/usr/share/julia/stdlib/v1.5/Pkg/src/Operations.jl:1578
 [3] test(::Pkg.Types.Context, ::Array{Pkg.Types.PackageSpec,1}; coverage::Bool, test_fn::Nothing, julia_args::Cmd, test_args::Cmd, kwargs::Base.Iterators.Pairs{Union{},Union{},Tuple{},NamedTuple{(),Tuple{}}}) at /workspace/srcdir/usr/share/julia/stdlib/v1.5/Pkg/src/API.jl:327
 [4] test(::Pkg.Types.Context, ::Array{Pkg.Types.PackageSpec,1}) at /workspace/srcdir/usr/share/julia/stdlib/v1.5/Pkg/src/API.jl:314
 [5] #test#61 at /workspace/srcdir/usr/share/julia/stdlib/v1.5/Pkg/src/API.jl:67 [inlined]
 [6] test at /workspace/srcdir/usr/share/julia/stdlib/v1.5/Pkg/src/API.jl:67 [inlined]
 [7] #test#60 at /workspace/srcdir/usr/share/julia/stdlib/v1.5/Pkg/src/API.jl:66 [inlined]
 [8] test at /workspace/srcdir/usr/share/julia/stdlib/v1.5/Pkg/src/API.jl:66 [inlined]
 [9] test(::String; kwargs::Base.Iterators.Pairs{Union{},Union{},Tuple{},NamedTuple{(),Tuple{}}}) at /workspace/srcdir/usr/share/julia/stdlib/v1.5/Pkg/src/API.jl:65
 [10] test(::String) at /workspace/srcdir/usr/share/julia/stdlib/v1.5/Pkg/src/API.jl:65
 [11] top-level scope at none:22
 [12] eval at ./boot.jl:331 [inlined]
 [13] eval(::Expr) at ./client.jl:467
 [14] top-level scope at none:1
 [15] eval(::Module, ::Any) at ./boot.jl:331
 [16] exec_options(::Base.JLOptions) at ./client.jl:272
 [17] _start() at ./client.jl:506


################################################################################
# PkgEval teardown: 2021-01-11T17:33:32.649
CPU usage: 44.64s (38.94s user, 5.74s kernel)

Network usage:
- eth0: 57.723 MiB received, 1.171 MiB sent

Raw statistics: {"blkio_stats":{"io_queue_recursive":[],"io_serviced_recursive":[{"major":259,"value":0,"op":"Read","minor":0},{"major":259,"value":23,"op":"Write","minor":0},{"major":259,"value":14,"op":"Sync","minor":0},{"major":259,"value":9,"op":"Async","minor":0},{"major":259,"value":0,"op":"Discard","minor":0},{"major":259,"value":23,"op":"Total","minor":0},{"major":253,"value":0,"op":"Read","minor":2},{"major":253,"value":23,"op":"Write","minor":2},{"major":253,"value":14,"op":"Sync","minor":2},{"major":253,"value":9,"op":"Async","minor":2},{"major":253,"value":0,"op":"Discard","minor":2},{"major":253,"value":23,"op":"Total","minor":2}],"io_time_recursive":[],"sectors_recursive":[],"io_service_bytes_recursive":[{"major":259,"value":0,"op":"Read","minor":0},{"major":259,"value":159744,"op":"Write","minor":0},{"major":259,"value":57344,"op":"Sync","minor":0},{"major":259,"value":102400,"op":"Async","minor":0},{"major":259,"value":0,"op":"Discard","minor":0},{"major":259,"value":159744,"op":"Total","minor":0},{"major":253,"value":0,"op":"Read","minor":2},{"major":253,"value":159744,"op":"Write","minor":2},{"major":253,"value":57344,"op":"Sync","minor":2},{"major":253,"value":102400,"op":"Async","minor":2},{"major":253,"value":0,"op":"Discard","minor":2},{"major":253,"value":159744,"op":"Total","minor":2}],"io_wait_time_recursive":[],"io_merged_recursive":[],"io_service_time_recursive":[]},"memory_stats":{"usage":494796800,"max_usage":1222029312,"stats":{"hierarchical_memory_limit":9223372036854771712,"pgmajfault":0,"total_rss":242061312,"inactive_file":135168,"inactive_anon":178151424,"total_pgfault":1149753,"total_cache":217403392,"total_rss_huge":0,"total_active_anon":281149440,"total_pgmajfault":0,"pgpgin":676863,"rss_huge":0,"mapped_file":0,"total_inactive_file":135168,"dirty":405504,"total_unevictable":0,"total_dirty":405504,"writeback":135168,"pgpgout":564694,"hierarchical_memsw_limit":0,"cache":217403392,"active_file":135168,"pgfault":1149753,"total_mapped_file":0,"total_pgpgout":564694,"total_writeback":135168,"rss":242061312,"unevictable":0,"total_inactive_anon":178151424,"total_pgpgin":676863,"active_anon":281149440,"total_active_file":135168},"limit":540965302272},"name":"/QML-Ot98xc2w","networks":{"eth0":{"rx_bytes":60526486,"rx_packets":25067,"tx_packets":15826,"tx_bytes":1227997,"tx_dropped":0,"rx_dropped":2,"tx_errors":0,"rx_errors":0}},"id":"196aeddf04d7056d1592f3efa7d60bfef197b307a9e6fbd9b4ee2407012b5df6","preread":"0001-01-01T00:00:00Z","storage_stats":{},"precpu_stats":{"throttling_data":{"throttled_periods":0,"throttled_time":0,"periods":0},"cpu_usage":{"usage_in_usermode":0,"usage_in_kernelmode":0,"total_usage":0}},"pids_stats":{"current":44},"num_procs":0,"cpu_stats":{"throttling_data":{"throttled_periods":0,"throttled_time":0,"periods":0},"system_cpu_usage":4156223254522419,"online_cpus":128,"cpu_usage":{"usage_in_usermode":38940000000,"usage_in_kernelmode":5740000000,"total_usage":44641166282,"percpu_usage":[0,0,0,0,0,0,0,0,0,0,0,44634711290,0,0,0,0,0,0,0,0,0,0,0,0,0,0,0,0,0,0,0,0,0,0,0,0,0,0,0,0,0,0,0,0,0,0,0,0,0,0,0,0,0,0,0,0,0,0,0,0,0,0,0,0,0,0,0,0,0,0,0,0,0,1155940,2192941,3106111,0,0,0,0,0,0,0,0,0,0,0,0,0,0,0,0,0,0,0,0,0,0,0,0,0,0,0,0,0,0,0,0,0,0,0,0,0,0,0,0,0,0,0,0,0,0,0,0,0,0,0,0]}},"read":"2021-01-11T17:33:32.652154213Z"}