################################################################################
# PackageCompiler set-up: 2021-01-11T15:22:12.734
#

Julia Version 1.5.3
Commit 599f52c4c6 (2020-12-18 13:33 UTC)
Platform Info:
  OS: Linux (x86_64-linux-gnu)
  CPU: AMD EPYC 7502 32-Core Processor
  WORD_SIZE: 64
  LIBM: libopenlibm
  LLVM: libLLVM-9.0.1 (ORCJIT, znver2)
Environment:
  JULIA_PKGEVAL = true
  JULIA_PKG_PRECOMPILE_AUTO = 0



################################################################################
# Installation: 2021-01-11T15:22:14.456
#

 Installing known registries into `~/.julia`
###                                                                        4.4%######################################################################## 100.0%
      Added registry `General` to `~/.julia/registries/General`
  Resolving package versions...
  Installed QPDAS ─────────── v0.2.0
  Installed PackageCompiler ─ v1.2.5
Updating `~/.julia/environments/v1.5/Project.toml`
  [9b87118b] + PackageCompiler v1.2.5
  [297e508c] + QPDAS v0.2.0
Updating `~/.julia/environments/v1.5/Manifest.toml`
  [9b87118b] + PackageCompiler v1.2.5
  [297e508c] + QPDAS v0.2.0
  [2a0f44e3] + Base64
  [ade2ca70] + Dates
  [b77e0a4c] + InteractiveUtils
  [76f85450] + LibGit2
  [8f399da3] + Libdl
  [37e2e46d] + LinearAlgebra
  [56ddb016] + Logging
  [d6f4376e] + Markdown
  [44cfe95a] + Pkg
  [de0858da] + Printf
  [3fa0cd96] + REPL
  [9a3f8284] + Random
  [ea8e919c] + SHA
  [9e88b42a] + Serialization
  [6462fe0b] + Sockets
  [2f01184e] + SparseArrays
  [cf7118a7] + UUIDs
  [4ec0a83e] + Unicode


################################################################################
# Compiling: 2021-01-11T15:22:20.061
#

[ Info: PackageCompiler: creating system image object file, this might take a while...
Generated system image is 147.477 MiB, compilation took 163 seconds


################################################################################
# PkgEval set-up: 2021-01-11T15:25:10.907
#

Julia Version 1.5.3
Commit 599f52c4c6 (2020-12-18 13:33 UTC)
Platform Info:
  OS: Linux (x86_64-linux-gnu)
  CPU: AMD EPYC 7502 32-Core Processor
  WORD_SIZE: 64
  LIBM: libopenlibm
  LLVM: libLLVM-9.0.1 (ORCJIT, znver2)
Environment:
  JULIA_PKGEVAL = true
  JULIA_PKG_PRECOMPILE_AUTO = 0

Base.julia_cmd() = `/usr/local/julia/bin/julia -Cnative -J/cache/QPDAS-p7hIFGdi.so -g1`


################################################################################
# Installation: 2021-01-11T15:25:12.737
#

 Installing known registries into `~/.julia`
#########                                                                 13.9%######################################################################## 100.0%
      Added registry `General` to `~/.julia/registries/General`
  Resolving package versions...
  Installed QPDAS ─ v0.2.0
Updating `~/.julia/environments/v1.5/Project.toml`
  [297e508c] + QPDAS v0.2.0
Updating `~/.julia/environments/v1.5/Manifest.toml`
  [297e508c] + QPDAS v0.2.0
  [8f399da3] + Libdl
  [37e2e46d] + LinearAlgebra
  [de0858da] + Printf
  [9a3f8284] + Random
  [9e88b42a] + Serialization
  [2f01184e] + SparseArrays
  [4ec0a83e] + Unicode


################################################################################
# Testing: 2021-01-11T15:25:16.251
#

    Testing QPDAS
Status `/tmp/jl_PLa4F9/Project.toml`
  [ab2f91bb] OSQP v0.6.0
  [297e508c] QPDAS v0.2.0
  [37e2e46d] LinearAlgebra
  [de0858da] Printf
  [9a3f8284] Random
  [2f01184e] SparseArrays
  [8dfed614] Test
Status `/tmp/jl_PLa4F9/Manifest.toml`
  [56f22d72] Artifacts v1.3.0
  [6e4b80f9] BenchmarkTools v0.5.0
  [b99e7846] BinaryProvider v0.5.10
  [6e34b625] Bzip2_jll v1.0.6+5
  [523fee87] CodecBzip2 v0.7.2
  [944b1d66] CodecZlib v0.7.0
  [cd3eb016] HTTP v0.9.2
  [83e8ac13] IniFile v0.5.0
  [692b3bcd] JLLWrappers v1.2.0
  [682c06a0] JSON v0.21.1
  [7d188eb4] JSONSchema v0.3.3
  [b8f27783] MathOptInterface v0.9.19
  [fdba3010] MathProgBase v0.7.8
  [739be429] MbedTLS v1.0.3
  [c8ffd9c3] MbedTLS_jll v2.16.8+1
  [d8a4904e] MutableArithmetics v0.2.13
  [ab2f91bb] OSQP v0.6.0
  [bac558e1] OrderedCollections v1.3.2
  [69de0a69] Parsers v1.0.15
  [297e508c] QPDAS v0.2.0
  [3bb67fe8] TranscodingStreams v0.9.5
  [5c2747f8] URIs v1.1.0
  [a5390f91] ZipFile v0.9.3
  [83775a58] Zlib_jll v1.2.11+18
  [2a0f44e3] Base64
  [ade2ca70] Dates
  [8ba89e20] Distributed
  [b77e0a4c] InteractiveUtils
  [76f85450] LibGit2
  [8f399da3] Libdl
  [37e2e46d] LinearAlgebra
  [56ddb016] Logging
  [d6f4376e] Markdown
  [a63ad114] Mmap
  [44cfe95a] Pkg
  [de0858da] Printf
  [3fa0cd96] REPL
  [9a3f8284] Random
  [ea8e919c] SHA
  [9e88b42a] Serialization
  [6462fe0b] Sockets
  [2f01184e] SparseArrays
  [10745b16] Statistics
  [8dfed614] Test
  [cf7118a7] UUIDs
  [4ec0a83e] Unicode
Test Summary:   | Pass  Total
CholeskySpecial |    9      9
Test Summary:              | Pass  Total
testCholeskySpecialShifted |    9      9
Test Summary:              | Pass  Total
testCholeskySpecialShifted |  208    208
Test Summary: | Pass  Total
testBoxQP     |    4      4
  0.736386 seconds (10 allocations: 16.891 KiB)
  1.084507 seconds (1.51 M allocations: 71.969 MiB, 1.44% gc time)
  0.708680 seconds (10 allocations: 16.891 KiB)
  0.119564 seconds (244.11 k allocations: 12.188 MiB)
  0.698671 seconds (10 allocations: 16.891 KiB)
  0.573637 seconds (682.65 k allocations: 32.144 MiB)
  0.704589 seconds (10 allocations: 16.891 KiB)
  0.369464 seconds (711.41 k allocations: 32.712 MiB)
  0.696963 seconds (10 allocations: 16.891 KiB)
  0.000220 seconds (371 allocations: 36.859 KiB)
  0.780970 seconds (10 allocations: 16.891 KiB)
  0.490761 seconds (880.36 k allocations: 41.194 MiB, 5.14% gc time)
  0.789861 seconds (10 allocations: 16.891 KiB)
  0.000442 seconds (486 allocations: 90.922 KiB)
 11.558554 seconds (10 allocations: 16.891 KiB)
  0.099163 seconds (127.05 k allocations: 6.294 MiB)
Test Summary:   | Pass  Total
testQPNoScaling |   40     40
  0.713411 seconds (10 allocations: 16.891 KiB)
  0.000194 seconds (127 allocations: 22.844 KiB)
  0.713782 seconds (10 allocations: 16.891 KiB)
  0.000253 seconds (176 allocations: 25.602 KiB)
  0.707633 seconds (10 allocations: 16.891 KiB)
  0.000151 seconds (124 allocations: 22.906 KiB)
  0.707111 seconds (10 allocations: 16.891 KiB)
  0.000302 seconds (737 allocations: 54.328 KiB)
  0.700889 seconds (10 allocations: 16.891 KiB)
  0.000219 seconds (371 allocations: 36.859 KiB)
  0.757874 seconds (10 allocations: 16.891 KiB)
  0.000258 seconds (131 allocations: 70.383 KiB)
  0.755652 seconds (10 allocations: 16.891 KiB)
  0.000438 seconds (486 allocations: 90.922 KiB)
 11.411653 seconds (10 allocations: 16.891 KiB)
  0.001809 seconds (566 allocations: 45.516 KiB)
Test Summary: | Pass  Total
testQP        |   40     40
  1.069669 seconds (10 allocations: 17.203 KiB)
  0.000385 seconds (127 allocations: 22.844 KiB)
  1.066478 seconds (10 allocations: 17.203 KiB)
  0.000500 seconds (756 allocations: 54.828 KiB)
  1.107289 seconds (10 allocations: 17.203 KiB)
  0.000401 seconds (513 allocations: 44.047 KiB)
  1.559407 seconds (10 allocations: 17.547 KiB)
  0.000302 seconds (250 allocations: 77.039 KiB)
  1.561543 seconds (10 allocations: 17.547 KiB)
  0.000529 seconds (591 allocations: 95.945 KiB)
 11.716794 seconds (10 allocations: 17.547 KiB)
  0.001904 seconds (378 allocations: 35.742 KiB)
Test Summary:      | Pass  Total
testQPsemidefinite |   30     30
    Testing QPDAS tests passed 

PkgEval succeeded


################################################################################
# PkgEval teardown: 2021-01-11T15:27:47.179
CPU usage: 154.66s (148.00s user, 6.85s kernel)

Network usage:
- eth0: 4.039 MiB received, 152.090 KiB sent

Raw statistics: {"blkio_stats":{"io_queue_recursive":[],"io_serviced_recursive":[{"major":259,"value":1,"op":"Read","minor":0},{"major":259,"value":23,"op":"Write","minor":0},{"major":259,"value":15,"op":"Sync","minor":0},{"major":259,"value":9,"op":"Async","minor":0},{"major":259,"value":0,"op":"Discard","minor":0},{"major":259,"value":24,"op":"Total","minor":0},{"major":253,"value":1,"op":"Read","minor":2},{"major":253,"value":23,"op":"Write","minor":2},{"major":253,"value":15,"op":"Sync","minor":2},{"major":253,"value":9,"op":"Async","minor":2},{"major":253,"value":0,"op":"Discard","minor":2},{"major":253,"value":24,"op":"Total","minor":2}],"io_time_recursive":[],"sectors_recursive":[],"io_service_bytes_recursive":[{"major":259,"value":36864,"op":"Read","minor":0},{"major":259,"value":106496,"op":"Write","minor":0},{"major":259,"value":94208,"op":"Sync","minor":0},{"major":259,"value":49152,"op":"Async","minor":0},{"major":259,"value":0,"op":"Discard","minor":0},{"major":259,"value":143360,"op":"Total","minor":0},{"major":253,"value":36864,"op":"Read","minor":2},{"major":253,"value":106496,"op":"Write","minor":2},{"major":253,"value":94208,"op":"Sync","minor":2},{"major":253,"value":49152,"op":"Async","minor":2},{"major":253,"value":0,"op":"Discard","minor":2},{"major":253,"value":143360,"op":"Total","minor":2}],"io_wait_time_recursive":[],"io_merged_recursive":[],"io_service_time_recursive":[]},"memory_stats":{"usage":331743232,"max_usage":1544359936,"stats":{"hierarchical_memory_limit":9223372036854771712,"pgmajfault":0,"total_rss":197574656,"inactive_file":135168,"inactive_anon":82722816,"total_pgfault":2593008,"total_cache":102973440,"total_rss_huge":0,"total_active_anon":218025984,"total_pgmajfault":0,"pgpgin":1456983,"rss_huge":0,"mapped_file":0,"total_inactive_file":135168,"dirty":270336,"total_unevictable":0,"total_dirty":270336,"writeback":0,"pgpgout":1383600,"hierarchical_memsw_limit":0,"cache":102973440,"active_file":135168,"pgfault":2593008,"total_mapped_file":0,"total_pgpgout":1383600,"total_writeback":0,"rss":197574656,"unevictable":0,"total_inactive_anon":82722816,"total_pgpgin":1456983,"active_anon":218025984,"total_active_file":135168},"limit":540965302272},"name":"/QPDAS-xaaUjzZ2","networks":{"eth0":{"rx_bytes":4235485,"rx_packets":1198,"tx_packets":1301,"tx_bytes":155740,"tx_dropped":0,"rx_dropped":6,"tx_errors":0,"rx_errors":0}},"id":"4bcc56d51e85a4653b860cb22c368563f75b12c56304a8c5f09a44966338ef58","preread":"0001-01-01T00:00:00Z","storage_stats":{},"precpu_stats":{"throttling_data":{"throttled_periods":0,"throttled_time":0,"periods":0},"cpu_usage":{"usage_in_usermode":0,"usage_in_kernelmode":0,"total_usage":0}},"pids_stats":{"current":44},"num_procs":0,"cpu_stats":{"throttling_data":{"throttled_periods":0,"throttled_time":0,"periods":0},"system_cpu_usage":3191935224522419,"online_cpus":128,"cpu_usage":{"usage_in_usermode":148000000000,"usage_in_kernelmode":6850000000,"total_usage":154655073748,"percpu_usage":[0,0,0,0,0,0,0,0,0,0,0,0,0,0,0,0,0,0,0,0,0,0,0,0,0,0,0,0,0,0,0,0,0,0,0,0,0,0,0,0,154649510543,0,0,0,0,0,0,0,0,0,0,0,0,0,0,0,0,0,0,0,0,0,0,0,0,0,0,0,0,0,0,0,0,0,0,0,0,0,0,0,0,0,0,0,0,0,0,0,0,0,0,0,0,0,0,0,0,0,0,0,0,0,0,0,4890,0,0,5558315,0,0,0,0,0,0,0,0,0,0,0,0,0,0,0,0,0,0,0,0]}},"read":"2021-01-11T15:27:47.238413686Z"}