################################################################################
# PkgEval set-up: 2021-01-11T19:13:16.266
#

Julia Version 1.5.3
Commit 599f52c4c6 (2020-12-18 13:33 UTC)
Platform Info:
  OS: Linux (x86_64-linux-gnu)
  CPU: AMD EPYC 7502 32-Core Processor
  WORD_SIZE: 64
  LIBM: libopenlibm
  LLVM: libLLVM-9.0.1 (ORCJIT, znver2)
Environment:
  JULIA_PKG_PRECOMPILE_AUTO = 0
  JULIA_PKGEVAL = true

Base.julia_cmd() = `/opt/julia/bin/julia -Cnative -J/opt/julia/lib/julia/sys.so -g1`


################################################################################
# Installation: 2021-01-11T19:13:18.048
#

 Installing known registries into `~/.julia`
#####################################################################     97.0%######################################################################## 100.0%
      Added registry `General` to `~/.julia/registries/General`
  Resolving package versions...
  Installed QuerySQLite ───────────────── v0.2.0
  Installed Reexport ──────────────────── v0.2.0
  Installed Tables ────────────────────── v0.2.11
  Installed TableTraits ───────────────── v1.0.0
  Installed DataAPI ───────────────────── v1.4.0
  Installed CategoricalArrays ─────────── v0.7.7
  Installed DataStructures ────────────── v0.17.20
  Installed DataFrames ────────────────── v0.20.0
  Installed InvertedIndices ───────────── v1.0.0
  Installed DataValueInterfaces ───────── v1.0.0
  Installed OrderedCollections ────────── v1.3.2
  Installed Missings ──────────────────── v0.4.4
  Installed MacroTools ────────────────── v0.5.6
  Installed PooledArrays ──────────────── v0.5.3
  Installed SortingAlgorithms ─────────── v0.3.1
  Installed WeakRefStrings ────────────── v0.6.2
  Installed IteratorInterfaceExtensions ─ v1.0.0
  Installed Compat ────────────────────── v3.25.0
  Installed QueryOperators ────────────── v0.9.2
  Installed JSON ──────────────────────── v0.21.1
  Installed SQLite ────────────────────── v0.8.2
  Installed BinaryProvider ────────────── v0.5.10
  Installed Parsers ───────────────────── v1.0.15
  Installed TableShowUtils ────────────── v0.2.5
  Installed DataValues ────────────────── v0.4.13
Updating `~/.julia/environments/v1.5/Project.toml`
  [57f923c0] + QuerySQLite v0.2.0
Updating `~/.julia/environments/v1.5/Manifest.toml`
  [b99e7846] + BinaryProvider v0.5.10
  [324d7699] + CategoricalArrays v0.7.7
  [34da2185] + Compat v3.25.0
  [9a962f9c] + DataAPI v1.4.0
  [a93c6f00] + DataFrames v0.20.0
  [864edb3b] + DataStructures v0.17.20
  [e2d170a0] + DataValueInterfaces v1.0.0
  [e7dc6d0d] + DataValues v0.4.13
  [41ab1584] + InvertedIndices v1.0.0
  [82899510] + IteratorInterfaceExtensions v1.0.0
  [682c06a0] + JSON v0.21.1
  [1914dd2f] + MacroTools v0.5.6
  [e1d29d7a] + Missings v0.4.4
  [bac558e1] + OrderedCollections v1.3.2
  [69de0a69] + Parsers v1.0.15
  [2dfb63ee] + PooledArrays v0.5.3
  [2aef5ad7] + QueryOperators v0.9.2
  [57f923c0] + QuerySQLite v0.2.0
  [189a3867] + Reexport v0.2.0
  [0aa819cd] + SQLite v0.8.2
  [a2af1166] + SortingAlgorithms v0.3.1
  [5e66a065] + TableShowUtils v0.2.5
  [3783bdb8] + TableTraits v1.0.0
  [bd369af6] + Tables v0.2.11
  [ea10d353] + WeakRefStrings v0.6.2
  [2a0f44e3] + Base64
  [ade2ca70] + Dates
  [8bb1440f] + DelimitedFiles
  [8ba89e20] + Distributed
  [9fa8497b] + Future
  [b77e0a4c] + InteractiveUtils
  [76f85450] + LibGit2
  [8f399da3] + Libdl
  [37e2e46d] + LinearAlgebra
  [56ddb016] + Logging
  [d6f4376e] + Markdown
  [a63ad114] + Mmap
  [44cfe95a] + Pkg
  [de0858da] + Printf
  [3fa0cd96] + REPL
  [9a3f8284] + Random
  [ea8e919c] + SHA
  [9e88b42a] + Serialization
  [1a1011a3] + SharedArrays
  [6462fe0b] + Sockets
  [2f01184e] + SparseArrays
  [10745b16] + Statistics
  [8dfed614] + Test
  [cf7118a7] + UUIDs
  [4ec0a83e] + Unicode
   Building SQLite → `~/.julia/packages/SQLite/msdQN/deps/build.log`


################################################################################
# Testing: 2021-01-11T19:13:31.602
#

    Testing QuerySQLite
Status `/tmp/jl_WRbGXT/Project.toml`
  [e7dc6d0d] DataValues v0.4.13
  [82899510] IteratorInterfaceExtensions v1.0.0
  [1914dd2f] MacroTools v0.5.6
  [1a8c2f83] Query v1.0.0
  [2aef5ad7] QueryOperators v0.9.2
  [57f923c0] QuerySQLite v0.2.0
  [30ad73d7] QueryTables v0.1.0
  [0aa819cd] SQLite v0.8.2
  [5e66a065] TableShowUtils v0.2.5
  [3783bdb8] TableTraits v1.0.0
  [8dfed614] Test
Status `/tmp/jl_WRbGXT/Manifest.toml`
  [b99e7846] BinaryProvider v0.5.10
  [324d7699] CategoricalArrays v0.7.7
  [34da2185] Compat v3.25.0
  [9a962f9c] DataAPI v1.4.0
  [a93c6f00] DataFrames v0.20.0
  [864edb3b] DataStructures v0.17.20
  [e2d170a0] DataValueInterfaces v1.0.0
  [e7dc6d0d] DataValues v0.4.13
  [41ab1584] InvertedIndices v1.0.0
  [1c8ee90f] IterableTables v1.0.0
  [82899510] IteratorInterfaceExtensions v1.0.0
  [682c06a0] JSON v0.21.1
  [1914dd2f] MacroTools v0.5.6
  [e1d29d7a] Missings v0.4.4
  [bac558e1] OrderedCollections v1.3.2
  [69de0a69] Parsers v1.0.15
  [2dfb63ee] PooledArrays v0.5.3
  [1a8c2f83] Query v1.0.0
  [2aef5ad7] QueryOperators v0.9.2
  [57f923c0] QuerySQLite v0.2.0
  [30ad73d7] QueryTables v0.1.0
  [189a3867] Reexport v0.2.0
  [ae029012] Requires v1.1.2
  [0aa819cd] SQLite v0.8.2
  [a2af1166] SortingAlgorithms v0.3.1
  [5e66a065] TableShowUtils v0.2.5
  [3783bdb8] TableTraits v1.0.0
  [382cd787] TableTraitsUtils v1.0.1
  [bd369af6] Tables v0.2.11
  [ea10d353] WeakRefStrings v0.6.2
  [2a0f44e3] Base64
  [ade2ca70] Dates
  [8bb1440f] DelimitedFiles
  [8ba89e20] Distributed
  [9fa8497b] Future
  [b77e0a4c] InteractiveUtils
  [76f85450] LibGit2
  [8f399da3] Libdl
  [37e2e46d] LinearAlgebra
  [56ddb016] Logging
  [d6f4376e] Markdown
  [a63ad114] Mmap
  [44cfe95a] Pkg
  [de0858da] Printf
  [3fa0cd96] REPL
  [9a3f8284] Random
  [ea8e919c] SHA
  [9e88b42a] Serialization
  [1a1011a3] SharedArrays
  [6462fe0b] Sockets
  [2f01184e] SparseArrays
  [10745b16] Statistics
  [8dfed614] Test
  [cf7118a7] UUIDs
  [4ec0a83e] Unicode
WARNING: Method definition translate_dispatch(typeof(Base.startswith), Any, AbstractString) in module QuerySQLite at /home/pkgeval/.julia/packages/QuerySQLite/0ScOm/src/library.jl:133 overwritten at /home/pkgeval/.julia/packages/QuerySQLite/0ScOm/src/library.jl:140.
  ** incremental compilation may be fatally broken for this module **

WARNING: Method definition translate_dispatch##kw(Any, typeof(QuerySQLite.translate_dispatch), typeof(Base.startswith), Any, AbstractString) in module QuerySQLite at /home/pkgeval/.julia/packages/QuerySQLite/0ScOm/src/library.jl:133 overwritten at /home/pkgeval/.julia/packages/QuerySQLite/0ScOm/src/library.jl:140.
  ** incremental compilation may be fatally broken for this module **

Test Summary: | Pass  Total
QuerySQLite   |    7      7
    Testing QuerySQLite tests passed 

PkgEval succeeded


################################################################################
# PkgEval teardown: 2021-01-11T19:14:36.479
CPU usage: 79.80s (73.13s user, 6.84s kernel)

Network usage:
- eth0: 6.296 MiB received, 221.048 KiB sent

Raw statistics: {"blkio_stats":{"io_queue_recursive":[],"io_serviced_recursive":[{"major":259,"value":0,"op":"Read","minor":0},{"major":259,"value":28,"op":"Write","minor":0},{"major":259,"value":19,"op":"Sync","minor":0},{"major":259,"value":9,"op":"Async","minor":0},{"major":259,"value":0,"op":"Discard","minor":0},{"major":259,"value":28,"op":"Total","minor":0},{"major":253,"value":0,"op":"Read","minor":2},{"major":253,"value":28,"op":"Write","minor":2},{"major":253,"value":19,"op":"Sync","minor":2},{"major":253,"value":9,"op":"Async","minor":2},{"major":253,"value":0,"op":"Discard","minor":2},{"major":253,"value":28,"op":"Total","minor":2}],"io_time_recursive":[],"sectors_recursive":[],"io_service_bytes_recursive":[{"major":259,"value":0,"op":"Read","minor":0},{"major":259,"value":163840,"op":"Write","minor":0},{"major":259,"value":106496,"op":"Sync","minor":0},{"major":259,"value":57344,"op":"Async","minor":0},{"major":259,"value":0,"op":"Discard","minor":0},{"major":259,"value":163840,"op":"Total","minor":0},{"major":253,"value":0,"op":"Read","minor":2},{"major":253,"value":163840,"op":"Write","minor":2},{"major":253,"value":106496,"op":"Sync","minor":2},{"major":253,"value":57344,"op":"Async","minor":2},{"major":253,"value":0,"op":"Discard","minor":2},{"major":253,"value":163840,"op":"Total","minor":2}],"io_wait_time_recursive":[],"io_merged_recursive":[],"io_service_time_recursive":[]},"memory_stats":{"usage":312770560,"max_usage":1257418752,"stats":{"hierarchical_memory_limit":9223372036854771712,"pgmajfault":0,"total_rss":175931392,"inactive_file":135168,"inactive_anon":87048192,"total_pgfault":2391741,"total_cache":105902080,"total_rss_huge":0,"total_active_anon":194777088,"total_pgmajfault":0,"pgpgin":1594989,"rss_huge":0,"mapped_file":0,"total_inactive_file":135168,"dirty":135168,"total_unevictable":0,"total_dirty":135168,"writeback":0,"pgpgout":1526178,"hierarchical_memsw_limit":0,"cache":105902080,"active_file":135168,"pgfault":2391741,"total_mapped_file":0,"total_pgpgout":1526178,"total_writeback":0,"rss":175931392,"unevictable":0,"total_inactive_anon":87048192,"total_pgpgin":1594989,"active_anon":194777088,"total_active_file":135168},"limit":540965302272},"name":"/QuerySQLite-mal9aw7a","networks":{"eth0":{"rx_bytes":6602312,"rx_packets":2625,"tx_packets":2348,"tx_bytes":226353,"tx_dropped":0,"rx_dropped":3,"tx_errors":0,"rx_errors":0}},"id":"e2d8d0821842cdd6b7333661e3484d8240ffd5b83305e133750bcb8644d91773","preread":"0001-01-01T00:00:00Z","storage_stats":{},"precpu_stats":{"throttling_data":{"throttled_periods":0,"throttled_time":0,"periods":0},"cpu_usage":{"usage_in_usermode":0,"usage_in_kernelmode":0,"total_usage":0}},"pids_stats":{"current":40},"num_procs":0,"cpu_stats":{"throttling_data":{"throttled_periods":0,"throttled_time":0,"periods":0},"system_cpu_usage":4931149044522419,"online_cpus":128,"cpu_usage":{"usage_in_usermode":73130000000,"usage_in_kernelmode":6840000000,"total_usage":79799443363,"percpu_usage":[0,0,0,0,0,0,0,0,0,0,79799330743,0,0,0,0,0,0,0,0,0,0,0,0,0,0,0,0,0,0,0,0,0,0,0,0,0,0,0,0,0,0,0,0,0,0,0,0,0,0,0,0,0,0,0,0,0,0,0,0,0,0,0,0,0,0,0,0,0,0,0,0,0,3390,0,0,109230,0,0,0,0,0,0,0,0,0,0,0,0,0,0,0,0,0,0,0,0,0,0,0,0,0,0,0,0,0,0,0,0,0,0,0,0,0,0,0,0,0,0,0,0,0,0,0,0,0,0,0,0]}},"read":"2021-01-11T19:14:37.072879286Z"}