################################################################################
# PkgEval set-up: 2021-01-11T18:33:17.093
#

Julia Version 1.5.3
Commit 599f52c4c6 (2020-12-18 13:33 UTC)
Platform Info:
  OS: Linux (x86_64-linux-gnu)
  CPU: AMD EPYC 7502 32-Core Processor
  WORD_SIZE: 64
  LIBM: libopenlibm
  LLVM: libLLVM-9.0.1 (ORCJIT, znver2)
Environment:
  JULIA_PKG_PRECOMPILE_AUTO = 0
  JULIA_PKGEVAL = true

Base.julia_cmd() = `/opt/julia/bin/julia -Cnative -J/opt/julia/lib/julia/sys.so -g1`


################################################################################
# Installation: 2021-01-11T18:33:18.9
#

 Installing known registries into `~/.julia`
######################################################################## 100.0%
      Added registry `General` to `~/.julia/registries/General`
  Resolving package versions...
  Installed CompilerSupportLibraries_jll ─ v0.3.4+0
  Installed IniFile ────────────────────── v0.5.0
  Installed MbedTLS_jll ────────────────── v2.16.8+1
  Installed JSONSchema ─────────────────── v0.2.0
  Installed Zlib_jll ───────────────────── v1.2.11+18
  Installed Queryverse ─────────────────── v0.6.2
  Installed DataTables ─────────────────── v0.1.0
  Installed TimeZones ──────────────────── v1.5.3
  Installed Reexport ───────────────────── v0.2.0
  Installed TableTraits ────────────────── v1.0.0
  Installed MuladdMacro ────────────────── v0.2.2
  Installed TableTraitsUtils ───────────── v1.0.1
  Installed IterableTables ─────────────── v1.0.0
  Installed DoubleFloats ───────────────── v1.1.15
  Installed VegaLite ───────────────────── v2.3.0
  Installed DataFrames ─────────────────── v0.21.8
  Installed CategoricalArrays ──────────── v0.8.3
  Installed VersionParsing ─────────────── v1.2.0
  Installed Mocking ────────────────────── v0.7.1
  Installed ReadStat_jll ───────────────── v1.1.1+0
  Installed Query ──────────────────────── v1.0.0
  Installed TranscodingStreams ─────────── v0.9.5
  Installed DataStructures ─────────────── v0.17.20
  Installed Thrift ─────────────────────── v0.6.2
  Installed Zstd_jll ───────────────────── v1.4.5+2
  Installed Libiconv_jll ───────────────── v1.16.0+7
  Installed DataAPI ────────────────────── v1.4.0
  Installed EzXML ──────────────────────── v1.1.0
  Installed MbedTLS ────────────────────── v1.0.3
  Installed Tables ─────────────────────── v1.2.2
  Installed Requires ───────────────────── v1.1.2
  Installed Polynomials ────────────────── v1.2.0
  Installed Parameters ─────────────────── v0.12.1
  Installed Quadmath ───────────────────── v0.5.4
  Installed StatFiles ──────────────────── v0.8.0
  Installed Snappy ─────────────────────── v0.3.0
  Installed XLSX ───────────────────────── v0.7.3
  Installed FileIO ─────────────────────── v1.4.5
  Installed Setfield ───────────────────── v0.6.0
  Installed ConstructionBase ───────────── v1.0.0
  Installed Arrow ──────────────────────── v0.2.4
  Installed HTTP ───────────────────────── v0.8.19
  Installed OrderedCollections ─────────── v1.3.2
  Installed InvertedIndices ────────────── v1.0.0
  Installed XML2_jll ───────────────────── v2.9.10+3
  Installed DataValueInterfaces ────────── v1.0.0
  Installed ReadStat ───────────────────── v1.0.2
  Installed ExcelFiles ─────────────────── v1.0.0
  Installed Intervals ──────────────────── v1.5.0
  Installed RecipesBase ────────────────── v1.1.1
  Installed ProtoBuf ───────────────────── v0.8.0
  Installed Vega ───────────────────────── v2.0.0
  Installed MemPool ────────────────────── v0.2.0
  Installed CodecZlib ──────────────────── v0.6.0
  Installed Missings ───────────────────── v0.4.4
  Installed Parquet ────────────────────── v0.4.0
  Installed GenericSchur ───────────────── v0.4.0
  Installed ReadOnlyArrays ─────────────── v0.1.1
  Installed URIParser ──────────────────── v0.4.1
  Installed MacroTools ─────────────────── v0.5.6
  Installed PooledArrays ───────────────── v0.5.3
  Installed FilePathsBase ──────────────── v0.9.6
  Installed JLLWrappers ────────────────── v1.2.0
  Installed JSON ───────────────────────── v0.21.1
  Installed ExcelReaders ───────────────── v0.11.0
  Installed Nullables ──────────────────── v1.0.0
  Installed ZipFile ────────────────────── v0.9.3
  Installed FilePaths ──────────────────── v0.8.1
  Installed StructTypes ────────────────── v1.2.1
  Installed Electron ───────────────────── v2.0.1
  Installed CodecZstd ──────────────────── v0.7.0
  Installed ParquetFiles ───────────────── v0.2.0
  Installed FlatBuffers ────────────────── v0.5.4
  Installed CSVFiles ───────────────────── v1.0.0
  Installed FeatherFiles ───────────────── v0.8.1
  Installed Adapt ──────────────────────── v2.4.0
  Installed ExprTools ──────────────────── v0.1.3
  Installed OffsetArrays ───────────────── v1.5.0
  Installed Conda ──────────────────────── v1.5.0
  Installed TextParse ──────────────────── v1.0.1
  Installed SpecialFunctions ───────────── v1.2.1
  Installed IteratorInterfaceExtensions ── v1.0.0
  Installed UnPack ─────────────────────── v1.0.2
  Installed FeatherLib ─────────────────── v0.2.0
  Installed SortingAlgorithms ──────────── v0.3.1
  Installed WeakRefStrings ─────────────── v0.6.2
  Installed Compat ─────────────────────── v3.25.0
  Installed OpenSpecFun_jll ────────────── v0.5.3+4
  Installed ChainRulesCore ─────────────── v0.9.24
  Installed PyCall ─────────────────────── v1.92.2
  Installed NodeJS ─────────────────────── v1.1.1
  Installed QueryOperators ─────────────── v0.9.2
  Installed BinaryProvider ─────────────── v0.5.10
  Installed Glob ───────────────────────── v1.3.0
  Installed TableShowUtils ─────────────── v0.2.5
  Installed GenericSVD ─────────────────── v0.3.0
  Installed Parsers ────────────────────── v1.0.15
  Installed Artifacts ──────────────────── v1.3.0
  Installed DataValues ─────────────────── v0.4.13
  Installed DataVoyager ────────────────── v1.0.0
Updating `~/.julia/environments/v1.5/Project.toml`
  [612083be] + Queryverse v0.6.2
Updating `~/.julia/environments/v1.5/Manifest.toml`
  [79e6a3ab] + Adapt v2.4.0
  [69666777] + Arrow v0.2.4
  [56f22d72] + Artifacts v1.3.0
  [b99e7846] + BinaryProvider v0.5.10
  [5d742f6a] + CSVFiles v1.0.0
  [324d7699] + CategoricalArrays v0.8.3
  [d360d2e6] + ChainRulesCore v0.9.24
  [944b1d66] + CodecZlib v0.6.0
  [6b39b394] + CodecZstd v0.7.0
  [34da2185] + Compat v3.25.0
  [e66e0078] + CompilerSupportLibraries_jll v0.3.4+0
  [8f4d0f93] + Conda v1.5.0
  [187b0558] + ConstructionBase v1.0.0
  [9a962f9c] + DataAPI v1.4.0
  [a93c6f00] + DataFrames v0.21.8
  [864edb3b] + DataStructures v0.17.20
  [743a1d0a] + DataTables v0.1.0
  [e2d170a0] + DataValueInterfaces v1.0.0
  [e7dc6d0d] + DataValues v0.4.13
  [5721bf48] + DataVoyager v1.0.0
  [497a8b3b] + DoubleFloats v1.1.15
  [a1bb12fb] + Electron v2.0.1
  [89b67f3b] + ExcelFiles v1.0.0
  [c04bee98] + ExcelReaders v0.11.0
  [e2ba6199] + ExprTools v0.1.3
  [8f5d6c58] + EzXML v1.1.0
  [b675d258] + FeatherFiles v0.8.1
  [409f5150] + FeatherLib v0.2.0
  [5789e2e9] + FileIO v1.4.5
  [8fc22ac5] + FilePaths v0.8.1
  [48062228] + FilePathsBase v0.9.6
  [53afe959] + FlatBuffers v0.5.4
  [01680d73] + GenericSVD v0.3.0
  [c145ed77] + GenericSchur v0.4.0
  [c27321d9] + Glob v1.3.0
  [cd3eb016] + HTTP v0.8.19
  [83e8ac13] + IniFile v0.5.0
  [d8418881] + Intervals v1.5.0
  [41ab1584] + InvertedIndices v1.0.0
  [1c8ee90f] + IterableTables v1.0.0
  [82899510] + IteratorInterfaceExtensions v1.0.0
  [692b3bcd] + JLLWrappers v1.2.0
  [682c06a0] + JSON v0.21.1
  [7d188eb4] + JSONSchema v0.2.0
  [94ce4f54] + Libiconv_jll v1.16.0+7
  [1914dd2f] + MacroTools v0.5.6
  [739be429] + MbedTLS v1.0.3
  [c8ffd9c3] + MbedTLS_jll v2.16.8+1
  [f9f48841] + MemPool v0.2.0
  [e1d29d7a] + Missings v0.4.4
  [78c3b35d] + Mocking v0.7.1
  [46d2c3a1] + MuladdMacro v0.2.2
  [2bd173c7] + NodeJS v1.1.1
  [4d1e1d77] + Nullables v1.0.0
  [6fe1bfb0] + OffsetArrays v1.5.0
  [efe28fd5] + OpenSpecFun_jll v0.5.3+4
  [bac558e1] + OrderedCollections v1.3.2
  [d96e819e] + Parameters v0.12.1
  [626c502c] + Parquet v0.4.0
  [46a55296] + ParquetFiles v0.2.0
  [69de0a69] + Parsers v1.0.15
  [f27b6e38] + Polynomials v1.2.0
  [2dfb63ee] + PooledArrays v0.5.3
  [3349acd9] + ProtoBuf v0.8.0
  [438e738f] + PyCall v1.92.2
  [be4d8f0f] + Quadmath v0.5.4
  [1a8c2f83] + Query v1.0.0
  [2aef5ad7] + QueryOperators v0.9.2
  [612083be] + Queryverse v0.6.2
  [988b38a3] + ReadOnlyArrays v0.1.1
  [d71aba96] + ReadStat v1.0.2
  [a4dc8951] + ReadStat_jll v1.1.1+0
  [3cdcf5f2] + RecipesBase v1.1.1
  [189a3867] + Reexport v0.2.0
  [ae029012] + Requires v1.1.2
  [efcf1570] + Setfield v0.6.0
  [59d4ed8c] + Snappy v0.3.0
  [a2af1166] + SortingAlgorithms v0.3.1
  [276daf66] + SpecialFunctions v1.2.1
  [1463e38c] + StatFiles v0.8.0
  [856f2bd8] + StructTypes v1.2.1
  [5e66a065] + TableShowUtils v0.2.5
  [3783bdb8] + TableTraits v1.0.0
  [382cd787] + TableTraitsUtils v1.0.1
  [bd369af6] + Tables v1.2.2
  [e0df1984] + TextParse v1.0.1
  [8d9c9c80] + Thrift v0.6.2
  [f269a46b] + TimeZones v1.5.3
  [3bb67fe8] + TranscodingStreams v0.9.5
  [30578b45] + URIParser v0.4.1
  [3a884ed6] + UnPack v1.0.2
  [239c3e63] + Vega v2.0.0
  [112f6efa] + VegaLite v2.3.0
  [81def892] + VersionParsing v1.2.0
  [ea10d353] + WeakRefStrings v0.6.2
  [fdbf4ff8] + XLSX v0.7.3
  [02c8fc9c] + XML2_jll v2.9.10+3
  [a5390f91] + ZipFile v0.9.3
  [83775a58] + Zlib_jll v1.2.11+18
  [3161d3a3] + Zstd_jll v1.4.5+2
  [2a0f44e3] + Base64
  [ade2ca70] + Dates
  [8bb1440f] + DelimitedFiles
  [8ba89e20] + Distributed
  [9fa8497b] + Future
  [b77e0a4c] + InteractiveUtils
  [76f85450] + LibGit2
  [8f399da3] + Libdl
  [37e2e46d] + LinearAlgebra
  [56ddb016] + Logging
  [d6f4376e] + Markdown
  [a63ad114] + Mmap
  [44cfe95a] + Pkg
  [de0858da] + Printf
  [3fa0cd96] + REPL
  [9a3f8284] + Random
  [ea8e919c] + SHA
  [9e88b42a] + Serialization
  [1a1011a3] + SharedArrays
  [6462fe0b] + Sockets
  [2f01184e] + SparseArrays
  [10745b16] + Statistics
  [8dfed614] + Test
  [cf7118a7] + UUIDs
  [4ec0a83e] + Unicode
   Building TimeZones → `~/.julia/packages/TimeZones/K98G0/deps/build.log`
   Building Thrift ───→ `~/.julia/packages/Thrift/Xjowa/deps/build.log`
   Building Snappy ───→ `~/.julia/packages/Snappy/O2CHr/deps/build.log`
   Building CodecZlib → `~/.julia/packages/CodecZlib/5t9zO/deps/build.log`
   Building Conda ────→ `~/.julia/packages/Conda/x5ml4/deps/build.log`
   Building PyCall ───→ `~/.julia/packages/PyCall/tqyST/deps/build.log`


################################################################################
# Testing: 2021-01-11T18:34:26.931
#

    Testing Queryverse
Status `/tmp/jl_1DLubS/Project.toml`
  [5d742f6a] CSVFiles v1.0.0
  [a93c6f00] DataFrames v0.21.8
  [743a1d0a] DataTables v0.1.0
  [e7dc6d0d] DataValues v0.4.13
  [5721bf48] DataVoyager v1.0.0
  [89b67f3b] ExcelFiles v1.0.0
  [b675d258] FeatherFiles v0.8.1
  [5789e2e9] FileIO v1.4.5
  [1c8ee90f] IterableTables v1.0.0
  [46a55296] ParquetFiles v0.2.0
  [1a8c2f83] Query v1.0.0
  [612083be] Queryverse v0.6.2
  [189a3867] Reexport v0.2.0
  [1463e38c] StatFiles v0.8.0
  [112f6efa] VegaLite v2.3.0
  [8dfed614] Test
Status `/tmp/jl_1DLubS/Manifest.toml`
  [79e6a3ab] Adapt v2.4.0
  [69666777] Arrow v0.2.4
  [56f22d72] Artifacts v1.3.0
  [b99e7846] BinaryProvider v0.5.10
  [5d742f6a] CSVFiles v1.0.0
  [324d7699] CategoricalArrays v0.8.3
  [d360d2e6] ChainRulesCore v0.9.24
  [944b1d66] CodecZlib v0.6.0
  [6b39b394] CodecZstd v0.7.0
  [34da2185] Compat v3.25.0
  [e66e0078] CompilerSupportLibraries_jll v0.3.4+0
  [8f4d0f93] Conda v1.5.0
  [187b0558] ConstructionBase v1.0.0
  [9a962f9c] DataAPI v1.4.0
  [a93c6f00] DataFrames v0.21.8
  [864edb3b] DataStructures v0.17.20
  [743a1d0a] DataTables v0.1.0
  [e2d170a0] DataValueInterfaces v1.0.0
  [e7dc6d0d] DataValues v0.4.13
  [5721bf48] DataVoyager v1.0.0
  [497a8b3b] DoubleFloats v1.1.15
  [a1bb12fb] Electron v2.0.1
  [89b67f3b] ExcelFiles v1.0.0
  [c04bee98] ExcelReaders v0.11.0
  [e2ba6199] ExprTools v0.1.3
  [8f5d6c58] EzXML v1.1.0
  [b675d258] FeatherFiles v0.8.1
  [409f5150] FeatherLib v0.2.0
  [5789e2e9] FileIO v1.4.5
  [8fc22ac5] FilePaths v0.8.1
  [48062228] FilePathsBase v0.9.6
  [53afe959] FlatBuffers v0.5.4
  [01680d73] GenericSVD v0.3.0
  [c145ed77] GenericSchur v0.4.0
  [c27321d9] Glob v1.3.0
  [cd3eb016] HTTP v0.8.19
  [83e8ac13] IniFile v0.5.0
  [d8418881] Intervals v1.5.0
  [41ab1584] InvertedIndices v1.0.0
  [1c8ee90f] IterableTables v1.0.0
  [82899510] IteratorInterfaceExtensions v1.0.0
  [692b3bcd] JLLWrappers v1.2.0
  [682c06a0] JSON v0.21.1
  [7d188eb4] JSONSchema v0.2.0
  [94ce4f54] Libiconv_jll v1.16.0+7
  [1914dd2f] MacroTools v0.5.6
  [739be429] MbedTLS v1.0.3
  [c8ffd9c3] MbedTLS_jll v2.16.8+1
  [f9f48841] MemPool v0.2.0
  [e1d29d7a] Missings v0.4.4
  [78c3b35d] Mocking v0.7.1
  [46d2c3a1] MuladdMacro v0.2.2
  [2bd173c7] NodeJS v1.1.1
  [4d1e1d77] Nullables v1.0.0
  [6fe1bfb0] OffsetArrays v1.5.0
  [efe28fd5] OpenSpecFun_jll v0.5.3+4
  [bac558e1] OrderedCollections v1.3.2
  [d96e819e] Parameters v0.12.1
  [626c502c] Parquet v0.4.0
  [46a55296] ParquetFiles v0.2.0
  [69de0a69] Parsers v1.0.15
  [f27b6e38] Polynomials v1.2.0
  [2dfb63ee] PooledArrays v0.5.3
  [3349acd9] ProtoBuf v0.8.0
  [438e738f] PyCall v1.92.2
  [be4d8f0f] Quadmath v0.5.4
  [1a8c2f83] Query v1.0.0
  [2aef5ad7] QueryOperators v0.9.2
  [612083be] Queryverse v0.6.2
  [988b38a3] ReadOnlyArrays v0.1.1
  [d71aba96] ReadStat v1.0.2
  [a4dc8951] ReadStat_jll v1.1.1+0
  [3cdcf5f2] RecipesBase v1.1.1
  [189a3867] Reexport v0.2.0
  [ae029012] Requires v1.1.2
  [efcf1570] Setfield v0.6.0
  [59d4ed8c] Snappy v0.3.0
  [a2af1166] SortingAlgorithms v0.3.1
  [276daf66] SpecialFunctions v1.2.1
  [1463e38c] StatFiles v0.8.0
  [856f2bd8] StructTypes v1.2.1
  [5e66a065] TableShowUtils v0.2.5
  [3783bdb8] TableTraits v1.0.0
  [382cd787] TableTraitsUtils v1.0.1
  [bd369af6] Tables v1.2.2
  [e0df1984] TextParse v1.0.1
  [8d9c9c80] Thrift v0.6.2
  [f269a46b] TimeZones v1.5.3
  [3bb67fe8] TranscodingStreams v0.9.5
  [30578b45] URIParser v0.4.1
  [3a884ed6] UnPack v1.0.2
  [239c3e63] Vega v2.0.0
  [112f6efa] VegaLite v2.3.0
  [81def892] VersionParsing v1.2.0
  [ea10d353] WeakRefStrings v0.6.2
  [fdbf4ff8] XLSX v0.7.3
  [02c8fc9c] XML2_jll v2.9.10+3
  [a5390f91] ZipFile v0.9.3
  [83775a58] Zlib_jll v1.2.11+18
  [3161d3a3] Zstd_jll v1.4.5+2
  [2a0f44e3] Base64
  [ade2ca70] Dates
  [8bb1440f] DelimitedFiles
  [8ba89e20] Distributed
  [9fa8497b] Future
  [b77e0a4c] InteractiveUtils
  [76f85450] LibGit2
  [8f399da3] Libdl
  [37e2e46d] LinearAlgebra
  [56ddb016] Logging
  [d6f4376e] Markdown
  [a63ad114] Mmap
  [44cfe95a] Pkg
  [de0858da] Printf
  [3fa0cd96] REPL
  [9a3f8284] Random
  [ea8e919c] SHA
  [9e88b42a] Serialization
  [1a1011a3] SharedArrays
  [6462fe0b] Sockets
  [2f01184e] SparseArrays
  [10745b16] Statistics
  [8dfed614] Test
  [cf7118a7] UUIDs
  [4ec0a83e] Unicode
[ Info: Installing xlrd via the Conda xlrd package...
[ Info: Running `conda install -q -y xlrd` in root environment
Collecting package metadata (current_repodata.json): ...working... done
Solving environment: ...working... done

## Package Plan ##

  environment location: /home/pkgeval/.julia/conda/3

  added / updated specs:
    - xlrd


The following packages will be downloaded:

    package                    |            build
    ---------------------------|-----------------
    xlrd-2.0.1                 |     pyhd3eb1b0_0          90 KB
    ------------------------------------------------------------
                                           Total:          90 KB

The following NEW packages will be INSTALLED:

  xlrd               pkgs/main/noarch::xlrd-2.0.1-pyhd3eb1b0_0


Preparing transaction: ...working... done
Verifying transaction: ...working... done
Executing transaction: ...working... done
Test Summary: | Pass  Total
Queryverse    |    2      2
    Testing Queryverse tests passed 

PkgEval succeeded


################################################################################
# PkgEval teardown: 2021-01-11T18:38:28.051
CPU usage: 308.02s (284.75s user, 23.83s kernel)

Network usage:
- eth0: 266.294 MiB received, 1.104 MiB sent

Raw statistics: {"blkio_stats":{"io_queue_recursive":[],"io_serviced_recursive":[{"major":253,"value":1,"op":"Read","minor":0},{"major":253,"value":0,"op":"Write","minor":0},{"major":253,"value":1,"op":"Sync","minor":0},{"major":253,"value":0,"op":"Async","minor":0},{"major":253,"value":0,"op":"Discard","minor":0},{"major":253,"value":1,"op":"Total","minor":0},{"major":8,"value":0,"op":"Read","minor":0},{"major":8,"value":0,"op":"Write","minor":0},{"major":8,"value":0,"op":"Sync","minor":0},{"major":8,"value":0,"op":"Async","minor":0},{"major":8,"value":0,"op":"Discard","minor":0},{"major":8,"value":0,"op":"Total","minor":0},{"major":259,"value":1014,"op":"Read","minor":0},{"major":259,"value":50,"op":"Write","minor":0},{"major":259,"value":1033,"op":"Sync","minor":0},{"major":259,"value":31,"op":"Async","minor":0},{"major":259,"value":0,"op":"Discard","minor":0},{"major":259,"value":1064,"op":"Total","minor":0},{"major":253,"value":1013,"op":"Read","minor":2},{"major":253,"value":50,"op":"Write","minor":2},{"major":253,"value":1032,"op":"Sync","minor":2},{"major":253,"value":31,"op":"Async","minor":2},{"major":253,"value":0,"op":"Discard","minor":2},{"major":253,"value":1063,"op":"Total","minor":2}],"io_time_recursive":[],"sectors_recursive":[],"io_service_bytes_recursive":[{"major":253,"value":4096,"op":"Read","minor":0},{"major":253,"value":0,"op":"Write","minor":0},{"major":253,"value":4096,"op":"Sync","minor":0},{"major":253,"value":0,"op":"Async","minor":0},{"major":253,"value":0,"op":"Discard","minor":0},{"major":253,"value":4096,"op":"Total","minor":0},{"major":8,"value":0,"op":"Read","minor":0},{"major":8,"value":0,"op":"Write","minor":0},{"major":8,"value":0,"op":"Sync","minor":0},{"major":8,"value":0,"op":"Async","minor":0},{"major":8,"value":0,"op":"Discard","minor":0},{"major":8,"value":0,"op":"Total","minor":0},{"major":259,"value":29241344,"op":"Read","minor":0},{"major":259,"value":274432,"op":"Write","minor":0},{"major":259,"value":29347840,"op":"Sync","minor":0},{"major":259,"value":167936,"op":"Async","minor":0},{"major":259,"value":0,"op":"Discard","minor":0},{"major":259,"value":29515776,"op":"Total","minor":0},{"major":253,"value":29237248,"op":"Read","minor":2},{"major":253,"value":274432,"op":"Write","minor":2},{"major":253,"value":29343744,"op":"Sync","minor":2},{"major":253,"value":167936,"op":"Async","minor":2},{"major":253,"value":0,"op":"Discard","minor":2},{"major":253,"value":29511680,"op":"Total","minor":2}],"io_wait_time_recursive":[],"io_merged_recursive":[],"io_service_time_recursive":[]},"memory_stats":{"usage":2080641024,"max_usage":3393409024,"stats":{"hierarchical_memory_limit":9223372036854771712,"pgmajfault":495,"total_rss":266080256,"inactive_file":8683520,"inactive_anon":1241468928,"total_pgfault":8585709,"total_cache":1755721728,"total_rss_huge":0,"total_active_anon":755609600,"total_pgmajfault":495,"pgpgin":6097047,"rss_huge":0,"mapped_file":6893568,"total_inactive_file":8683520,"dirty":270336,"total_unevictable":0,"total_dirty":270336,"writeback":0,"pgpgout":5603457,"hierarchical_memsw_limit":0,"cache":1755721728,"active_file":15351808,"pgfault":8585709,"total_mapped_file":6893568,"total_pgpgout":5603457,"total_writeback":0,"rss":266080256,"unevictable":0,"total_inactive_anon":1241468928,"total_pgpgin":6097047,"active_anon":755609600,"total_active_file":15351808},"limit":540965302272},"name":"/Queryverse-bvkdPIDx","networks":{"eth0":{"rx_bytes":279229523,"rx_packets":25566,"tx_packets":15374,"tx_bytes":1157573,"tx_dropped":0,"rx_dropped":11,"tx_errors":0,"rx_errors":0}},"id":"f3355e364c4e07488da93ac517e060aaa3feaf8c6a2246a1e9de9242d97632a0","preread":"0001-01-01T00:00:00Z","storage_stats":{},"precpu_stats":{"throttling_data":{"throttled_periods":0,"throttled_time":0,"periods":0},"cpu_usage":{"usage_in_usermode":0,"usage_in_kernelmode":0,"total_usage":0}},"pids_stats":{"current":40},"num_procs":0,"cpu_stats":{"throttling_data":{"throttled_periods":0,"throttled_time":0,"periods":0},"system_cpu_usage":4653958084522419,"online_cpus":128,"cpu_usage":{"usage_in_usermode":284750000000,"usage_in_kernelmode":23830000000,"total_usage":308019954841,"percpu_usage":[0,0,0,0,0,0,0,0,0,0,0,0,0,0,0,0,0,0,0,0,0,0,0,0,0,0,0,0,0,0,0,0,0,0,0,0,0,0,0,0,0,0,0,0,0,0,0,0,308019954841,0,0,0,0,0,0,0,0,0,0,0,0,0,0,0,0,0,0,0,0,0,0,0,0,0,0,0,0,0,0,0,0,0,0,0,0,0,0,0,0,0,0,0,0,0,0,0,0,0,0,0,0,0,0,0,0,0,0,0,0,0,0,0,0,0,0,0,0,0,0,0,0,0,0,0,0,0,0,0]}},"read":"2021-01-11T18:38:28.61754816Z"}