################################################################################
# PkgEval set-up: 2021-01-11T18:50:06.146
#

Julia Version 1.5.3
Commit 599f52c4c6 (2020-12-18 13:33 UTC)
Platform Info:
  OS: Linux (x86_64-linux-gnu)
  CPU: AMD EPYC 7502 32-Core Processor
  WORD_SIZE: 64
  LIBM: libopenlibm
  LLVM: libLLVM-9.0.1 (ORCJIT, znver2)
Environment:
  JULIA_PKG_PRECOMPILE_AUTO = 0
  JULIA_PKGEVAL = true

Base.julia_cmd() = `/opt/julia/bin/julia -Cnative -J/opt/julia/lib/julia/sys.so -g1`


################################################################################
# Installation: 2021-01-11T18:50:07.983
#

 Installing known registries into `~/.julia`
############                                                              17.6%######################################################################## 100.0%
      Added registry `General` to `~/.julia/registries/General`
  Resolving package versions...
  Installed RadiationDetectorSignals ──── v0.1.5
  Installed ArraysOfArrays ────────────── v0.5.0
  Installed SplitApplyCombine ─────────── v1.1.3
  Installed ElasticArrays ─────────────── v1.2.4
  Installed Indexing ──────────────────── v1.1.0
  Installed TableTraits ───────────────── v1.0.0
  Installed FillArrays ────────────────── v0.10.2
  Installed Tables ────────────────────── v1.2.2
  Installed DataStructures ────────────── v0.18.8
  Installed StatsBase ─────────────────── v0.33.2
  Installed DataAPI ───────────────────── v1.4.0
  Installed Requires ──────────────────── v1.1.2
  Installed BitOperations ─────────────── v0.2.0
  Installed TypedTables ───────────────── v1.2.0
  Installed ConstructionBase ──────────── v1.0.0
  Installed IntervalSets ──────────────── v0.5.2
  Installed DataValueInterfaces ───────── v1.0.0
  Installed UnsafeArrays ──────────────── v1.0.1
  Installed OrderedCollections ────────── v1.3.2
  Installed RecipesBase ───────────────── v1.1.1
  Installed Missings ──────────────────── v0.4.4
  Installed StaticArrays ──────────────── v1.0.1
  Installed StructArrays ──────────────── v0.4.4
  Installed EncodedArrays ─────────────── v0.2.3
  Installed Adapt ─────────────────────── v2.4.0
  Installed Unitful ───────────────────── v1.5.0
  Installed EllipsisNotation ──────────── v1.0.0
  Installed IteratorInterfaceExtensions ─ v1.0.0
  Installed SortingAlgorithms ─────────── v0.3.1
  Installed Dictionaries ──────────────── v0.3.6
  Installed Compat ────────────────────── v3.25.0
Updating `~/.julia/environments/v1.5/Project.toml`
  [bf2c0563] + RadiationDetectorSignals v0.1.5
Updating `~/.julia/environments/v1.5/Manifest.toml`
  [79e6a3ab] + Adapt v2.4.0
  [65a8f2f4] + ArraysOfArrays v0.5.0
  [e1e0eea2] + BitOperations v0.2.0
  [34da2185] + Compat v3.25.0
  [187b0558] + ConstructionBase v1.0.0
  [9a962f9c] + DataAPI v1.4.0
  [864edb3b] + DataStructures v0.18.8
  [e2d170a0] + DataValueInterfaces v1.0.0
  [85a47980] + Dictionaries v0.3.6
  [fdbdab4c] + ElasticArrays v1.2.4
  [da5c29d0] + EllipsisNotation v1.0.0
  [97725368] + EncodedArrays v0.2.3
  [1a297f60] + FillArrays v0.10.2
  [313cdc1a] + Indexing v1.1.0
  [8197267c] + IntervalSets v0.5.2
  [82899510] + IteratorInterfaceExtensions v1.0.0
  [e1d29d7a] + Missings v0.4.4
  [bac558e1] + OrderedCollections v1.3.2
  [bf2c0563] + RadiationDetectorSignals v0.1.5
  [3cdcf5f2] + RecipesBase v1.1.1
  [ae029012] + Requires v1.1.2
  [a2af1166] + SortingAlgorithms v0.3.1
  [03a91e81] + SplitApplyCombine v1.1.3
  [90137ffa] + StaticArrays v1.0.1
  [2913bbd2] + StatsBase v0.33.2
  [09ab397b] + StructArrays v0.4.4
  [3783bdb8] + TableTraits v1.0.0
  [bd369af6] + Tables v1.2.2
  [9d95f2ec] + TypedTables v1.2.0
  [1986cc42] + Unitful v1.5.0
  [c4a57d5a] + UnsafeArrays v1.0.1
  [2a0f44e3] + Base64
  [ade2ca70] + Dates
  [8bb1440f] + DelimitedFiles
  [8ba89e20] + Distributed
  [b77e0a4c] + InteractiveUtils
  [76f85450] + LibGit2
  [8f399da3] + Libdl
  [37e2e46d] + LinearAlgebra
  [56ddb016] + Logging
  [d6f4376e] + Markdown
  [a63ad114] + Mmap
  [44cfe95a] + Pkg
  [de0858da] + Printf
  [3fa0cd96] + REPL
  [9a3f8284] + Random
  [ea8e919c] + SHA
  [9e88b42a] + Serialization
  [1a1011a3] + SharedArrays
  [6462fe0b] + Sockets
  [2f01184e] + SparseArrays
  [10745b16] + Statistics
  [8dfed614] + Test
  [cf7118a7] + UUIDs
  [4ec0a83e] + Unicode


################################################################################
# Testing: 2021-01-11T18:50:13.737
#

    Testing RadiationDetectorSignals
Status `/tmp/jl_YjrZXP/Project.toml`
  [65a8f2f4] ArraysOfArrays v0.5.0
  [fdbdab4c] ElasticArrays v1.2.4
  [97725368] EncodedArrays v0.2.3
  [1a297f60] FillArrays v0.10.2
  [8197267c] IntervalSets v0.5.2
  [bf2c0563] RadiationDetectorSignals v0.1.5
  [3cdcf5f2] RecipesBase v1.1.1
  [90137ffa] StaticArrays v1.0.1
  [2913bbd2] StatsBase v0.33.2
  [09ab397b] StructArrays v0.4.4
  [bd369af6] Tables v1.2.2
  [9d95f2ec] TypedTables v1.2.0
  [1986cc42] Unitful v1.5.0
  [c4a57d5a] UnsafeArrays v1.0.1
  [8dfed614] Test
Status `/tmp/jl_YjrZXP/Manifest.toml`
  [79e6a3ab] Adapt v2.4.0
  [65a8f2f4] ArraysOfArrays v0.5.0
  [e1e0eea2] BitOperations v0.2.0
  [34da2185] Compat v3.25.0
  [187b0558] ConstructionBase v1.0.0
  [9a962f9c] DataAPI v1.4.0
  [864edb3b] DataStructures v0.18.8
  [e2d170a0] DataValueInterfaces v1.0.0
  [85a47980] Dictionaries v0.3.6
  [fdbdab4c] ElasticArrays v1.2.4
  [da5c29d0] EllipsisNotation v1.0.0
  [97725368] EncodedArrays v0.2.3
  [1a297f60] FillArrays v0.10.2
  [313cdc1a] Indexing v1.1.0
  [8197267c] IntervalSets v0.5.2
  [82899510] IteratorInterfaceExtensions v1.0.0
  [e1d29d7a] Missings v0.4.4
  [bac558e1] OrderedCollections v1.3.2
  [bf2c0563] RadiationDetectorSignals v0.1.5
  [3cdcf5f2] RecipesBase v1.1.1
  [ae029012] Requires v1.1.2
  [a2af1166] SortingAlgorithms v0.3.1
  [03a91e81] SplitApplyCombine v1.1.3
  [90137ffa] StaticArrays v1.0.1
  [2913bbd2] StatsBase v0.33.2
  [09ab397b] StructArrays v0.4.4
  [3783bdb8] TableTraits v1.0.0
  [bd369af6] Tables v1.2.2
  [9d95f2ec] TypedTables v1.2.0
  [1986cc42] Unitful v1.5.0
  [c4a57d5a] UnsafeArrays v1.0.1
  [2a0f44e3] Base64
  [ade2ca70] Dates
  [8bb1440f] DelimitedFiles
  [8ba89e20] Distributed
  [b77e0a4c] InteractiveUtils
  [76f85450] LibGit2
  [8f399da3] Libdl
  [37e2e46d] LinearAlgebra
  [56ddb016] Logging
  [d6f4376e] Markdown
  [a63ad114] Mmap
  [44cfe95a] Pkg
  [de0858da] Printf
  [3fa0cd96] REPL
  [9a3f8284] Random
  [ea8e919c] SHA
  [9e88b42a] Serialization
  [1a1011a3] SharedArrays
  [6462fe0b] Sockets
  [2f01184e] SparseArrays
  [10745b16] Statistics
  [8dfed614] Test
  [cf7118a7] UUIDs
  [4ec0a83e] Unicode
Test Summary:                    | Pass  Total
Package RadiationDetectorSignals |    7      7
    Testing RadiationDetectorSignals tests passed 

PkgEval succeeded


################################################################################
# PkgEval teardown: 2021-01-11T18:51:15.186
CPU usage: 69.06s (62.24s user, 6.94s kernel)

Network usage:
- eth0: 3.654 MiB received, 167.145 KiB sent

Raw statistics: {"blkio_stats":{"io_queue_recursive":[],"io_serviced_recursive":[{"major":259,"value":6,"op":"Read","minor":0},{"major":259,"value":24,"op":"Write","minor":0},{"major":259,"value":25,"op":"Sync","minor":0},{"major":259,"value":5,"op":"Async","minor":0},{"major":259,"value":0,"op":"Discard","minor":0},{"major":259,"value":30,"op":"Total","minor":0},{"major":253,"value":6,"op":"Read","minor":2},{"major":253,"value":24,"op":"Write","minor":2},{"major":253,"value":25,"op":"Sync","minor":2},{"major":253,"value":5,"op":"Async","minor":2},{"major":253,"value":0,"op":"Discard","minor":2},{"major":253,"value":30,"op":"Total","minor":2}],"io_time_recursive":[],"sectors_recursive":[],"io_service_bytes_recursive":[{"major":259,"value":24576,"op":"Read","minor":0},{"major":259,"value":135168,"op":"Write","minor":0},{"major":259,"value":131072,"op":"Sync","minor":0},{"major":259,"value":28672,"op":"Async","minor":0},{"major":259,"value":0,"op":"Discard","minor":0},{"major":259,"value":159744,"op":"Total","minor":0},{"major":253,"value":24576,"op":"Read","minor":2},{"major":253,"value":135168,"op":"Write","minor":2},{"major":253,"value":131072,"op":"Sync","minor":2},{"major":253,"value":28672,"op":"Async","minor":2},{"major":253,"value":0,"op":"Discard","minor":2},{"major":253,"value":159744,"op":"Total","minor":2}],"io_wait_time_recursive":[],"io_merged_recursive":[],"io_service_time_recursive":[]},"memory_stats":{"usage":308207616,"max_usage":1374711808,"stats":{"hierarchical_memory_limit":9223372036854771712,"pgmajfault":0,"total_rss":173150208,"inactive_file":135168,"inactive_anon":82182144,"total_pgfault":2340030,"total_cache":103403520,"total_rss_huge":0,"total_active_anon":185044992,"total_pgmajfault":0,"pgpgin":1590864,"rss_huge":0,"mapped_file":0,"total_inactive_file":135168,"dirty":675840,"total_unevictable":0,"total_dirty":675840,"writeback":135168,"pgpgout":1523340,"hierarchical_memsw_limit":0,"cache":103403520,"active_file":9461760,"pgfault":2340030,"total_mapped_file":0,"total_pgpgout":1523340,"total_writeback":135168,"rss":173150208,"unevictable":0,"total_inactive_anon":82182144,"total_pgpgin":1590864,"active_anon":185044992,"total_active_file":9461760},"limit":540965302272},"name":"/RadiationDetectorSignals-oet0xh1C","networks":{"eth0":{"rx_bytes":3831142,"rx_packets":1155,"tx_packets":1350,"tx_bytes":171156,"tx_dropped":0,"rx_dropped":3,"tx_errors":0,"rx_errors":0}},"id":"e8b4d98e0e9aeaa10dc85f597ffb3a053c83571c23ff9074a5867963f0a5b5ed","preread":"0001-01-01T00:00:00Z","storage_stats":{},"precpu_stats":{"throttling_data":{"throttled_periods":0,"throttled_time":0,"periods":0},"cpu_usage":{"usage_in_usermode":0,"usage_in_kernelmode":0,"total_usage":0}},"pids_stats":{"current":40},"num_procs":0,"cpu_stats":{"throttling_data":{"throttled_periods":0,"throttled_time":0,"periods":0},"system_cpu_usage":4751932544522419,"online_cpus":128,"cpu_usage":{"usage_in_usermode":62240000000,"usage_in_kernelmode":6940000000,"total_usage":69058548334,"percpu_usage":[0,0,0,0,0,0,0,0,0,0,0,0,0,0,0,0,0,0,0,0,0,0,0,0,0,0,0,0,0,0,0,0,69058544394,0,0,0,0,0,0,0,0,0,0,0,0,0,0,0,0,0,0,0,0,0,0,0,0,0,0,0,0,0,0,0,0,0,0,0,0,0,0,0,0,0,0,0,0,0,0,0,0,0,0,0,0,0,0,0,0,0,0,0,0,0,0,0,3940,0,0,0,0,0,0,0,0,0,0,0,0,0,0,0,0,0,0,0,0,0,0,0,0,0,0,0,0,0,0,0]}},"read":"2021-01-11T18:51:15.365979394Z"}