################################################################################
# PackageCompiler set-up: 2021-01-11T21:07:39.291
#

Julia Version 1.5.3
Commit 599f52c4c6 (2020-12-18 13:33 UTC)
Platform Info:
  OS: Linux (x86_64-linux-gnu)
  CPU: AMD EPYC 7502 32-Core Processor
  WORD_SIZE: 64
  LIBM: libopenlibm
  LLVM: libLLVM-9.0.1 (ORCJIT, znver2)
Environment:
  JULIA_PKGEVAL = true
  JULIA_PKG_PRECOMPILE_AUTO = 0



################################################################################
# Installation: 2021-01-11T21:07:41.037
#

 Installing known registries into `~/.julia`
####                                                                       6.9%######################################################################## 100.0%
      Added registry `General` to `~/.julia/registries/General`
  Resolving package versions...
  Installed Zlib_jll ──────────────────── v1.2.11+18
  Installed Reexport ──────────────────── v0.2.0
  Installed TableTraits ───────────────── v1.0.0
  Installed RData ─────────────────────── v0.7.3
  Installed PackageCompiler ───────────── v1.2.5
  Installed DataFrames ────────────────── v0.22.2
  Installed TimeZones ─────────────────── v1.5.3
  Installed CategoricalArrays ─────────── v0.9.0
  Installed TranscodingStreams ────────── v0.9.5
  Installed Mocking ───────────────────── v0.7.1
  Installed Libiconv_jll ──────────────── v1.16.0+7
  Installed Tables ────────────────────── v1.2.2
  Installed Requires ──────────────────── v1.1.2
  Installed EzXML ─────────────────────── v1.1.0
  Installed DataAPI ───────────────────── v1.4.0
  Installed DataStructures ────────────── v0.18.8
  Installed RDatasets ─────────────────── v0.7.3
  Installed XML2_jll ──────────────────── v2.9.10+3
  Installed InvertedIndices ───────────── v1.0.0
  Installed DataValueInterfaces ───────── v1.0.0
  Installed FileIO ────────────────────── v1.4.5
  Installed OrderedCollections ────────── v1.3.2
  Installed CodecZlib ─────────────────── v0.7.0
  Installed RecipesBase ───────────────── v1.1.1
  Installed Missings ──────────────────── v0.4.4
  Installed PooledArrays ──────────────── v0.5.3
  Installed StructTypes ───────────────── v1.2.1
  Installed Crayons ───────────────────── v4.0.4
  Installed JSON ──────────────────────── v0.21.1
  Installed JLLWrappers ───────────────── v1.2.0
  Installed Formatting ────────────────── v0.4.2
  Installed ExprTools ─────────────────── v0.1.3
  Installed SortingAlgorithms ─────────── v0.3.1
  Installed IteratorInterfaceExtensions ─ v1.0.0
  Installed Compat ────────────────────── v3.25.0
  Installed SentinelArrays ────────────── v1.2.16
  Installed Parsers ───────────────────── v1.0.15
  Installed CSV ───────────────────────── v0.8.2
  Installed PrettyTables ──────────────── v0.10.1
  Installed Artifacts ─────────────────── v1.3.0
Updating `~/.julia/environments/v1.5/Project.toml`
  [9b87118b] + PackageCompiler v1.2.5
  [ce6b1742] + RDatasets v0.7.3
Updating `~/.julia/environments/v1.5/Manifest.toml`
  [56f22d72] + Artifacts v1.3.0
  [336ed68f] + CSV v0.8.2
  [324d7699] + CategoricalArrays v0.9.0
  [944b1d66] + CodecZlib v0.7.0
  [34da2185] + Compat v3.25.0
  [a8cc5b0e] + Crayons v4.0.4
  [9a962f9c] + DataAPI v1.4.0
  [a93c6f00] + DataFrames v0.22.2
  [864edb3b] + DataStructures v0.18.8
  [e2d170a0] + DataValueInterfaces v1.0.0
  [e2ba6199] + ExprTools v0.1.3
  [8f5d6c58] + EzXML v1.1.0
  [5789e2e9] + FileIO v1.4.5
  [59287772] + Formatting v0.4.2
  [41ab1584] + InvertedIndices v1.0.0
  [82899510] + IteratorInterfaceExtensions v1.0.0
  [692b3bcd] + JLLWrappers v1.2.0
  [682c06a0] + JSON v0.21.1
  [94ce4f54] + Libiconv_jll v1.16.0+7
  [e1d29d7a] + Missings v0.4.4
  [78c3b35d] + Mocking v0.7.1
  [bac558e1] + OrderedCollections v1.3.2
  [9b87118b] + PackageCompiler v1.2.5
  [69de0a69] + Parsers v1.0.15
  [2dfb63ee] + PooledArrays v0.5.3
  [08abe8d2] + PrettyTables v0.10.1
  [df47a6cb] + RData v0.7.3
  [ce6b1742] + RDatasets v0.7.3
  [3cdcf5f2] + RecipesBase v1.1.1
  [189a3867] + Reexport v0.2.0
  [ae029012] + Requires v1.1.2
  [91c51154] + SentinelArrays v1.2.16
  [a2af1166] + SortingAlgorithms v0.3.1
  [856f2bd8] + StructTypes v1.2.1
  [3783bdb8] + TableTraits v1.0.0
  [bd369af6] + Tables v1.2.2
  [f269a46b] + TimeZones v1.5.3
  [3bb67fe8] + TranscodingStreams v0.9.5
  [02c8fc9c] + XML2_jll v2.9.10+3
  [83775a58] + Zlib_jll v1.2.11+18
  [2a0f44e3] + Base64
  [ade2ca70] + Dates
  [8bb1440f] + DelimitedFiles
  [8ba89e20] + Distributed
  [9fa8497b] + Future
  [b77e0a4c] + InteractiveUtils
  [76f85450] + LibGit2
  [8f399da3] + Libdl
  [37e2e46d] + LinearAlgebra
  [56ddb016] + Logging
  [d6f4376e] + Markdown
  [a63ad114] + Mmap
  [44cfe95a] + Pkg
  [de0858da] + Printf
  [3fa0cd96] + REPL
  [9a3f8284] + Random
  [ea8e919c] + SHA
  [9e88b42a] + Serialization
  [1a1011a3] + SharedArrays
  [6462fe0b] + Sockets
  [2f01184e] + SparseArrays
  [10745b16] + Statistics
  [8dfed614] + Test
  [cf7118a7] + UUIDs
  [4ec0a83e] + Unicode
   Building TimeZones → `~/.julia/packages/TimeZones/K98G0/deps/build.log`


################################################################################
# Compiling: 2021-01-11T21:07:58.555
#

[ Info: PackageCompiler: creating system image object file, this might take a while...
Generated system image is 188.570 MiB, compilation took 279 seconds


################################################################################
# PkgEval set-up: 2021-01-11T21:12:45.868
#

Julia Version 1.5.3
Commit 599f52c4c6 (2020-12-18 13:33 UTC)
Platform Info:
  OS: Linux (x86_64-linux-gnu)
  CPU: AMD EPYC 7502 32-Core Processor
  WORD_SIZE: 64
  LIBM: libopenlibm
  LLVM: libLLVM-9.0.1 (ORCJIT, znver2)
Environment:
  JULIA_PKGEVAL = true
  JULIA_PKG_PRECOMPILE_AUTO = 0

Base.julia_cmd() = `/usr/local/julia/bin/julia -Cnative -J/cache/RDatasets-eTA0i3C0.so -g1`


################################################################################
# Installation: 2021-01-11T21:12:47.703
#

 Installing known registries into `~/.julia`
######################################################################## 100.0%
      Added registry `General` to `~/.julia/registries/General`
  Resolving package versions...
  Installed Zlib_jll ──────────────────── v1.2.11+18
  Installed TableTraits ───────────────── v1.0.0
  Installed Reexport ──────────────────── v0.2.0
  Installed RData ─────────────────────── v0.7.3
  Installed Mocking ───────────────────── v0.7.1
  Installed CategoricalArrays ─────────── v0.9.0
  Installed TranscodingStreams ────────── v0.9.5
  Installed DataFrames ────────────────── v0.22.2
  Installed DataStructures ────────────── v0.18.8
  Installed Tables ────────────────────── v1.2.2
  Installed TimeZones ─────────────────── v1.5.3
  Installed Requires ──────────────────── v1.1.2
  Installed Libiconv_jll ──────────────── v1.16.0+7
  Installed InvertedIndices ───────────── v1.0.0
  Installed XML2_jll ──────────────────── v2.9.10+3
  Installed DataAPI ───────────────────── v1.4.0
  Installed EzXML ─────────────────────── v1.1.0
  Installed FileIO ────────────────────── v1.4.5
  Installed OrderedCollections ────────── v1.3.2
  Installed CSV ───────────────────────── v0.8.2
  Installed DataValueInterfaces ───────── v1.0.0
  Installed CodecZlib ─────────────────── v0.7.0
  Installed RecipesBase ───────────────── v1.1.1
  Installed Missings ──────────────────── v0.4.4
  Installed PooledArrays ──────────────── v0.5.3
  Installed JLLWrappers ───────────────── v1.2.0
  Installed JSON ──────────────────────── v0.21.1
  Installed RDatasets ─────────────────── v0.7.3
  Installed StructTypes ───────────────── v1.2.1
  Installed Crayons ───────────────────── v4.0.4
  Installed Formatting ────────────────── v0.4.2
  Installed ExprTools ─────────────────── v0.1.3
  Installed SortingAlgorithms ─────────── v0.3.1
  Installed IteratorInterfaceExtensions ─ v1.0.0
  Installed Compat ────────────────────── v3.25.0
  Installed PrettyTables ──────────────── v0.10.1
  Installed SentinelArrays ────────────── v1.2.16
  Installed Parsers ───────────────────── v1.0.15
  Installed Artifacts ─────────────────── v1.3.0
Updating `~/.julia/environments/v1.5/Project.toml`
  [ce6b1742] + RDatasets v0.7.3
Updating `~/.julia/environments/v1.5/Manifest.toml`
  [56f22d72] + Artifacts v1.3.0
  [336ed68f] + CSV v0.8.2
  [324d7699] + CategoricalArrays v0.9.0
  [944b1d66] + CodecZlib v0.7.0
  [34da2185] + Compat v3.25.0
  [a8cc5b0e] + Crayons v4.0.4
  [9a962f9c] + DataAPI v1.4.0
  [a93c6f00] + DataFrames v0.22.2
  [864edb3b] + DataStructures v0.18.8
  [e2d170a0] + DataValueInterfaces v1.0.0
  [e2ba6199] + ExprTools v0.1.3
  [8f5d6c58] + EzXML v1.1.0
  [5789e2e9] + FileIO v1.4.5
  [59287772] + Formatting v0.4.2
  [41ab1584] + InvertedIndices v1.0.0
  [82899510] + IteratorInterfaceExtensions v1.0.0
  [692b3bcd] + JLLWrappers v1.2.0
  [682c06a0] + JSON v0.21.1
  [94ce4f54] + Libiconv_jll v1.16.0+7
  [e1d29d7a] + Missings v0.4.4
  [78c3b35d] + Mocking v0.7.1
  [bac558e1] + OrderedCollections v1.3.2
  [69de0a69] + Parsers v1.0.15
  [2dfb63ee] + PooledArrays v0.5.3
  [08abe8d2] + PrettyTables v0.10.1
  [df47a6cb] + RData v0.7.3
  [ce6b1742] + RDatasets v0.7.3
  [3cdcf5f2] + RecipesBase v1.1.1
  [189a3867] + Reexport v0.2.0
  [ae029012] + Requires v1.1.2
  [91c51154] + SentinelArrays v1.2.16
  [a2af1166] + SortingAlgorithms v0.3.1
  [856f2bd8] + StructTypes v1.2.1
  [3783bdb8] + TableTraits v1.0.0
  [bd369af6] + Tables v1.2.2
  [f269a46b] + TimeZones v1.5.3
  [3bb67fe8] + TranscodingStreams v0.9.5
  [02c8fc9c] + XML2_jll v2.9.10+3
  [83775a58] + Zlib_jll v1.2.11+18
  [2a0f44e3] + Base64
  [ade2ca70] + Dates
  [8bb1440f] + DelimitedFiles
  [8ba89e20] + Distributed
  [9fa8497b] + Future
  [b77e0a4c] + InteractiveUtils
  [76f85450] + LibGit2
  [8f399da3] + Libdl
  [37e2e46d] + LinearAlgebra
  [56ddb016] + Logging
  [d6f4376e] + Markdown
  [a63ad114] + Mmap
  [44cfe95a] + Pkg
  [de0858da] + Printf
  [3fa0cd96] + REPL
  [9a3f8284] + Random
  [ea8e919c] + SHA
  [9e88b42a] + Serialization
  [1a1011a3] + SharedArrays
  [6462fe0b] + Sockets
  [2f01184e] + SparseArrays
  [10745b16] + Statistics
  [8dfed614] + Test
  [cf7118a7] + UUIDs
  [4ec0a83e] + Unicode
   Building TimeZones → `~/.julia/packages/TimeZones/K98G0/deps/build.log`
┌ Error: Error building `TimeZones`: 
│ ERROR: LoadError: IOError: mkdir: permission denied (EACCES)
│ Stacktrace:
│  [1] uv_error at ./libuv.jl:97 [inlined]
│  [2] mkdir(::String; mode::UInt16) at ./file.jl:177
│  [3] mkpath(::String; mode::UInt16) at ./file.jl:227
│  [4] mkpath(::String; mode::UInt16) at ./file.jl:225 (repeats 6 times)
│  [5] mkpath at ./file.jl:222 [inlined]
│  [6] build(::String) at /home/pkgeval/.julia/packages/TimeZones/K98G0/src/tzdata/build.jl:105
│  [7] build(::String; force::Bool) at /home/pkgeval/.julia/packages/TimeZones/K98G0/src/build.jl:11
│  [8] build at /home/pkgeval/.julia/packages/TimeZones/K98G0/src/build.jl:11 [inlined] (repeats 2 times)
│  [9] top-level scope at /home/user/.julia/packages/TimeZones/K98G0/deps/build.jl:3
│  [10] include(::String) at ./client.jl:457
│  [11] top-level scope at none:5
│ in expression starting at /home/user/.julia/packages/TimeZones/K98G0/deps/build.jl:3
└ @ Pkg.Operations /workspace/srcdir/usr/share/julia/stdlib/v1.5/Pkg/src/Operations.jl:949


################################################################################
# Testing: 2021-01-11T21:12:59.174
#

    Testing RDatasets
Status `/tmp/jl_RGWEc9/Project.toml`
  [336ed68f] CSV v0.8.2
  [944b1d66] CodecZlib v0.7.0
  [a93c6f00] DataFrames v0.22.2
  [5789e2e9] FileIO v1.4.5
  [df47a6cb] RData v0.7.3
  [ce6b1742] RDatasets v0.7.3
  [189a3867] Reexport v0.2.0
  [de0858da] Printf
  [8dfed614] Test
Status `/tmp/jl_RGWEc9/Manifest.toml`
  [56f22d72] Artifacts v1.3.0
  [336ed68f] CSV v0.8.2
  [324d7699] CategoricalArrays v0.9.0
  [944b1d66] CodecZlib v0.7.0
  [34da2185] Compat v3.25.0
  [a8cc5b0e] Crayons v4.0.4
  [9a962f9c] DataAPI v1.4.0
  [a93c6f00] DataFrames v0.22.2
  [864edb3b] DataStructures v0.18.8
  [e2d170a0] DataValueInterfaces v1.0.0
  [e2ba6199] ExprTools v0.1.3
  [8f5d6c58] EzXML v1.1.0
  [5789e2e9] FileIO v1.4.5
  [59287772] Formatting v0.4.2
  [41ab1584] InvertedIndices v1.0.0
  [82899510] IteratorInterfaceExtensions v1.0.0
  [692b3bcd] JLLWrappers v1.2.0
  [682c06a0] JSON v0.21.1
  [94ce4f54] Libiconv_jll v1.16.0+7
  [e1d29d7a] Missings v0.4.4
  [78c3b35d] Mocking v0.7.1
  [bac558e1] OrderedCollections v1.3.2
  [69de0a69] Parsers v1.0.15
  [2dfb63ee] PooledArrays v0.5.3
  [08abe8d2] PrettyTables v0.10.1
  [df47a6cb] RData v0.7.3
  [ce6b1742] RDatasets v0.7.3
  [3cdcf5f2] RecipesBase v1.1.1
  [189a3867] Reexport v0.2.0
  [ae029012] Requires v1.1.2
  [91c51154] SentinelArrays v1.2.16
  [a2af1166] SortingAlgorithms v0.3.1
  [856f2bd8] StructTypes v1.2.1
  [3783bdb8] TableTraits v1.0.0
  [bd369af6] Tables v1.2.2
  [f269a46b] TimeZones v1.5.3
  [3bb67fe8] TranscodingStreams v0.9.5
  [02c8fc9c] XML2_jll v2.9.10+3
  [83775a58] Zlib_jll v1.2.11+18
  [2a0f44e3] Base64
  [ade2ca70] Dates
  [8bb1440f] DelimitedFiles
  [8ba89e20] Distributed
  [9fa8497b] Future
  [b77e0a4c] InteractiveUtils
  [76f85450] LibGit2
  [8f399da3] Libdl
  [37e2e46d] LinearAlgebra
  [56ddb016] Logging
  [d6f4376e] Markdown
  [a63ad114] Mmap
  [44cfe95a] Pkg
  [de0858da] Printf
  [3fa0cd96] REPL
  [9a3f8284] Random
  [ea8e919c] SHA
  [9e88b42a] Serialization
  [1a1011a3] SharedArrays
  [6462fe0b] Sockets
  [2f01184e] SparseArrays
  [10745b16] Statistics
  [8dfed614] Test
  [cf7118a7] UUIDs
  [4ec0a83e] Unicode
[ Info: Running packages.jl...
Packages list correctness: Error During Test at /home/user/.julia/packages/RDatasets/FSPa8/test/packages.jl:1
  Got exception outside of a @test
  ArgumentError: "/home/pkgeval/.julia/packages/RDatasets/FSPa8/src/../doc/datasets.csv" is not a valid file
  Stacktrace:
   [1] Header at /home/pkgeval/.julia/packages/CSV/la2cd/src/header.jl:90 [inlined]
   [2] CSV.File(::String; header::Int64, normalizenames::Bool, datarow::Int64, skipto::Nothing, footerskip::Int64, transpose::Bool, comment::Nothing, use_mmap::Nothing, ignoreemptylines::Bool, select::Nothing, drop::Nothing, missingstrings::Array{String,1}, missingstring::String, delim::Nothing, ignorerepeated::Bool, quotechar::Char, openquotechar::Nothing, closequotechar::Nothing, escapechar::Char, dateformat::Nothing, dateformats::Nothing, decimal::UInt8, truestrings::Array{String,1}, falsestrings::Array{String,1}, type::Nothing, types::Nothing, typemap::Dict{Type,Type}, pool::Float64, lazystrings::Bool, strict::Bool, silencewarnings::Bool, debug::Bool, parsingdebug::Bool, kw::Base.Iterators.Pairs{Union{},Union{},Tuple{},NamedTuple{(),Tuple{}}}) at /home/pkgeval/.julia/packages/CSV/la2cd/src/file.jl:217
   [3] CSV.File(::String) at /home/pkgeval/.julia/packages/CSV/la2cd/src/file.jl:217
   [4] datasets() at /home/pkgeval/.julia/packages/RDatasets/FSPa8/src/datasets.jl:9
   [5] top-level scope at /home/user/.julia/packages/RDatasets/FSPa8/test/packages.jl:2
   [6] top-level scope at /workspace/srcdir/usr/share/julia/stdlib/v1.5/Test/src/Test.jl:1115
   [7] top-level scope at /home/user/.julia/packages/RDatasets/FSPa8/test/packages.jl:2
   [8] include(::String) at ./client.jl:457
   [9] macro expansion at /home/user/.julia/packages/RDatasets/FSPa8/test/runtests.jl:14 [inlined]
   [10] top-level scope at /workspace/srcdir/usr/share/julia/stdlib/v1.5/Test/src/Test.jl:1190
   [11] include(::String) at ./client.jl:457
   [12] top-level scope at none:6
   [13] eval(::Module, ::Any) at ./boot.jl:331
   [14] exec_options(::Base.JLOptions) at ./client.jl:272
   [15] _start() at ./client.jl:506
  
Test Summary:               | Error  Total
packages.jl                 |     1      1
  Packages list correctness |     1      1
Test Summary:               | Error  Total
packages.jl                 |     1      1
  Packages list correctness |     1      1
ERROR: LoadError: Some tests did not pass: 0 passed, 0 failed, 1 errored, 0 broken.
in expression starting at /home/user/.julia/packages/RDatasets/FSPa8/test/runtests.jl:12
caused by [exception 1]
Some tests did not pass: 0 passed, 0 failed, 1 errored, 0 broken.

PkgEval failed: Package RDatasets errored during testing
Stacktrace:
 [1] pkgerror(::String) at /workspace/srcdir/usr/share/julia/stdlib/v1.5/Pkg/src/Types.jl:52
 [2] test(::Pkg.Types.Context, ::Array{Pkg.Types.PackageSpec,1}; coverage::Bool, julia_args::Cmd, test_args::Cmd, test_fn::Nothing) at /workspace/srcdir/usr/share/julia/stdlib/v1.5/Pkg/src/Operations.jl:1578
 [3] test(::Pkg.Types.Context, ::Array{Pkg.Types.PackageSpec,1}; coverage::Bool, test_fn::Nothing, julia_args::Cmd, test_args::Cmd, kwargs::Base.Iterators.Pairs{Union{},Union{},Tuple{},NamedTuple{(),Tuple{}}}) at /workspace/srcdir/usr/share/julia/stdlib/v1.5/Pkg/src/API.jl:327
 [4] test(::Pkg.Types.Context, ::Array{Pkg.Types.PackageSpec,1}) at /workspace/srcdir/usr/share/julia/stdlib/v1.5/Pkg/src/API.jl:314
 [5] #test#61 at /workspace/srcdir/usr/share/julia/stdlib/v1.5/Pkg/src/API.jl:67 [inlined]
 [6] test at /workspace/srcdir/usr/share/julia/stdlib/v1.5/Pkg/src/API.jl:67 [inlined]
 [7] #test#60 at /workspace/srcdir/usr/share/julia/stdlib/v1.5/Pkg/src/API.jl:66 [inlined]
 [8] test at /workspace/srcdir/usr/share/julia/stdlib/v1.5/Pkg/src/API.jl:66 [inlined]
 [9] test(::String; kwargs::Base.Iterators.Pairs{Union{},Union{},Tuple{},NamedTuple{(),Tuple{}}}) at /workspace/srcdir/usr/share/julia/stdlib/v1.5/Pkg/src/API.jl:65
 [10] test(::String) at /workspace/srcdir/usr/share/julia/stdlib/v1.5/Pkg/src/API.jl:65
 [11] top-level scope at none:22
 [12] eval at ./boot.jl:331 [inlined]
 [13] eval(::Expr) at ./client.jl:467
 [14] top-level scope at none:1
 [15] eval(::Module, ::Any) at ./boot.jl:331
 [16] exec_options(::Base.JLOptions) at ./client.jl:272
 [17] _start() at ./client.jl:506


################################################################################
# PkgEval teardown: 2021-01-11T21:13:05.105
CPU usage: 19.63s (16.08s user, 3.60s kernel)

Network usage:
- eth0: 26.712 MiB received, 280.929 KiB sent

Raw statistics: {"blkio_stats":{"io_queue_recursive":[],"io_serviced_recursive":[{"major":259,"value":0,"op":"Read","minor":0},{"major":259,"value":23,"op":"Write","minor":0},{"major":259,"value":14,"op":"Sync","minor":0},{"major":259,"value":9,"op":"Async","minor":0},{"major":259,"value":0,"op":"Discard","minor":0},{"major":259,"value":23,"op":"Total","minor":0},{"major":253,"value":0,"op":"Read","minor":2},{"major":253,"value":23,"op":"Write","minor":2},{"major":253,"value":14,"op":"Sync","minor":2},{"major":253,"value":9,"op":"Async","minor":2},{"major":253,"value":0,"op":"Discard","minor":2},{"major":253,"value":23,"op":"Total","minor":2}],"io_time_recursive":[],"sectors_recursive":[],"io_service_bytes_recursive":[{"major":259,"value":0,"op":"Read","minor":0},{"major":259,"value":110592,"op":"Write","minor":0},{"major":259,"value":57344,"op":"Sync","minor":0},{"major":259,"value":53248,"op":"Async","minor":0},{"major":259,"value":0,"op":"Discard","minor":0},{"major":259,"value":110592,"op":"Total","minor":0},{"major":253,"value":0,"op":"Read","minor":2},{"major":253,"value":110592,"op":"Write","minor":2},{"major":253,"value":57344,"op":"Sync","minor":2},{"major":253,"value":53248,"op":"Async","minor":2},{"major":253,"value":0,"op":"Discard","minor":2},{"major":253,"value":110592,"op":"Total","minor":2}],"io_wait_time_recursive":[],"io_merged_recursive":[],"io_service_time_recursive":[]},"memory_stats":{"usage":435949568,"max_usage":667312128,"stats":{"hierarchical_memory_limit":9223372036854771712,"pgmajfault":0,"total_rss":256262144,"inactive_file":135168,"inactive_anon":143953920,"total_pgfault":450054,"total_cache":145448960,"total_rss_huge":0,"total_active_anon":257765376,"total_pgmajfault":0,"pgpgin":306669,"rss_huge":0,"mapped_file":0,"total_inactive_file":135168,"dirty":540672,"total_unevictable":0,"total_dirty":540672,"writeback":135168,"pgpgout":208585,"hierarchical_memsw_limit":0,"cache":145448960,"active_file":135168,"pgfault":450054,"total_mapped_file":0,"total_pgpgout":208585,"total_writeback":135168,"rss":256262144,"unevictable":0,"total_inactive_anon":143953920,"total_pgpgin":306669,"active_anon":257765376,"total_active_file":135168},"limit":540965302272},"name":"/RDatasets-THs1Guq9","networks":{"eth0":{"rx_bytes":28009570,"rx_packets":2888,"tx_packets":2823,"tx_bytes":287671,"tx_dropped":0,"rx_dropped":1,"tx_errors":0,"rx_errors":0}},"id":"4eda3fd7d1b7bcd36c70e705cd9631461a1001f7a1d84f481e80865d839ab75a","preread":"0001-01-01T00:00:00Z","storage_stats":{},"precpu_stats":{"throttling_data":{"throttled_periods":0,"throttled_time":0,"periods":0},"cpu_usage":{"usage_in_usermode":0,"usage_in_kernelmode":0,"total_usage":0}},"pids_stats":{"current":44},"num_procs":0,"cpu_stats":{"throttling_data":{"throttled_periods":0,"throttled_time":0,"periods":0},"system_cpu_usage":5839593724522419,"online_cpus":128,"cpu_usage":{"usage_in_usermode":16080000000,"usage_in_kernelmode":3600000000,"total_usage":19632242285,"percpu_usage":[0,0,0,0,0,0,0,0,0,0,0,0,0,0,0,0,2017880,137640,0,19630045675,0,0,0,0,0,0,0,0,0,0,0,0,0,0,0,0,0,0,0,0,0,0,0,0,0,0,0,0,0,0,0,0,0,0,0,0,0,0,0,0,0,0,0,0,0,0,0,0,0,0,0,0,0,0,0,0,0,0,0,0,2750,0,38340,0,0,0,0,0,0,0,0,0,0,0,0,0,0,0,0,0,0,0,0,0,0,0,0,0,0,0,0,0,0,0,0,0,0,0,0,0,0,0,0,0,0,0,0,0]}},"read":"2021-01-11T21:13:05.108014511Z"}