################################################################################
# PackageCompiler set-up: 2021-01-11T17:04:17.92
#

Julia Version 1.5.3
Commit 599f52c4c6 (2020-12-18 13:33 UTC)
Platform Info:
  OS: Linux (x86_64-linux-gnu)
  CPU: AMD EPYC 7502 32-Core Processor
  WORD_SIZE: 64
  LIBM: libopenlibm
  LLVM: libLLVM-9.0.1 (ORCJIT, znver2)
Environment:
  JULIA_PKGEVAL = true
  JULIA_PKG_PRECOMPILE_AUTO = 0



################################################################################
# Installation: 2021-01-11T17:04:19.692
#

 Installing known registries into `~/.julia`
######################################################################## 100.0%
      Added registry `General` to `~/.julia/registries/General`
  Resolving package versions...
  Installed CompilerSupportLibraries_jll ─ v0.3.4+0
  Installed MbedTLS_jll ────────────────── v2.16.8+1
  Installed ZygoteRules ────────────────── v0.2.1
  Installed JSONSchema ─────────────────── v0.3.3
  Installed PackageCompiler ────────────── v1.2.5
  Installed JuMP ───────────────────────── v0.21.5
  Installed TimeZones ──────────────────── v1.5.3
  Installed ReachabilityAnalysis ───────── v0.9.1
  Installed Zlib_jll ───────────────────── v1.2.11+18
  Installed Reexport ───────────────────── v0.2.0
  Installed CpuId ──────────────────────── v0.2.2
  Installed TableTraits ────────────────── v1.0.0
  Installed Inflate ────────────────────── v0.1.2
  Installed CommonSubexpressions ───────── v0.3.0
  Installed MuladdMacro ────────────────── v0.2.2
  Installed NonlinearSolve ─────────────── v0.3.4
  Installed IntervalRootFinding ────────── v0.5.4
  Installed SetRounding ────────────────── v0.2.0
  Installed VertexSafeGraphs ───────────── v0.1.2
  Installed LazySets ───────────────────── v1.38.0
  Installed MathProgBase ───────────────── v0.7.8
  Installed TranscodingStreams ─────────── v0.9.5
  Installed Mocking ────────────────────── v0.7.1
  Installed ErrorfreeArithmetic ────────── v0.5.2
  Installed TaylorSeries ───────────────── v0.10.9
  Installed FillArrays ─────────────────── v0.10.2
  Installed Tables ─────────────────────── v1.2.2
  Installed Requires ───────────────────── v1.1.2
  Installed DataStructures ─────────────── v0.18.8
  Installed Calculus ───────────────────── v0.5.1
  Installed Polynomials ────────────────── v1.2.0
  Installed SparseDiffTools ────────────── v1.12.0
  Installed Libiconv_jll ───────────────── v1.16.0+7
  Installed GMP_jll ────────────────────── v6.1.2+6
  Installed FunctionWrappers ───────────── v1.1.1
  Installed MbedTLS ────────────────────── v1.0.3
  Installed DataAPI ────────────────────── v1.4.0
  Installed HybridSystems ──────────────── v0.3.4
  Installed EzXML ──────────────────────── v1.1.0
  Installed LoopVectorization ──────────── v0.8.26
  Installed DiffRules ──────────────────── v1.0.2
  Installed Espresso ───────────────────── v0.6.1
  Installed DiffResults ────────────────── v1.0.3
  Installed Parameters ─────────────────── v0.12.1
  Installed IntervalMatrices ───────────── v0.6.2
  Installed Bzip2_jll ──────────────────── v1.0.6+5
  Installed Setfield ───────────────────── v0.7.0
  Installed HTTP ───────────────────────── v0.8.19
  Installed TreeViews ──────────────────── v0.3.0
  Installed SIMDPirates ────────────────── v0.8.26
  Installed ConstructionBase ───────────── v1.0.0
  Installed SimpleTraits ───────────────── v0.9.3
  Installed BenchmarkTools ─────────────── v0.5.0
  Installed RecursiveArrayTools ────────── v2.10.0
  Installed XML2_jll ───────────────────── v2.9.10+3
  Installed OrderedCollections ─────────── v1.3.2
  Installed MultivariatePolynomials ────── v0.3.12
  Installed Intervals ──────────────────── v1.5.0
  Installed StaticArrays ───────────────── v0.12.5
  Installed MathematicalSystems ────────── v0.11.8
  Installed DataValueInterfaces ────────── v1.0.0
  Installed OrdinaryDiffEq ─────────────── v5.49.1
  Installed RecipesBase ────────────────── v1.1.1
  Installed DiffEqBase ─────────────────── v6.53.4
  Installed MathOptInterface ───────────── v0.9.19
  Installed GLPK_jll ───────────────────── v4.64.0+0
  Installed CodecZlib ──────────────────── v0.7.0
  Installed VectorizationBase ──────────── v0.12.33
  Installed MacroTools ─────────────────── v0.5.6
  Installed CRlibm ─────────────────────── v0.8.0
  Installed MappedArrays ───────────────── v0.3.0
  Installed JLLWrappers ────────────────── v1.2.0
  Installed NLsolve ────────────────────── v4.5.1
  Installed JSON ───────────────────────── v0.21.1
  Installed NaNMath ────────────────────── v0.3.5
  Installed Distances ──────────────────── v0.10.0
  Installed FiniteDiff ─────────────────── v2.7.2
  Installed LightGraphs ────────────────── v1.3.4
  Installed GLPK ───────────────────────── v0.13.0
  Installed LineSearches ───────────────── v7.1.1
  Installed FastClosures ───────────────── v0.3.2
  Installed ArnoldiMethod ──────────────── v0.0.4
  Installed ZipFile ────────────────────── v0.9.3
  Installed ArrayInterface ─────────────── v2.14.13
  Installed MutableArithmetics ─────────── v0.2.13
  Installed ForwardDiff ────────────────── v0.10.14
  Installed TaylorModels ───────────────── v0.3.6
  Installed Adapt ──────────────────────── v3.0.0
  Installed OffsetArrays ───────────────── v1.3.1
  Installed ExprTools ──────────────────── v0.1.3
  Installed IterativeSolvers ───────────── v0.9.0
  Installed FixedPointNumbers ──────────── v0.8.4
  Installed GLPKMathProgInterface ──────── v0.5.0
  Installed LabelledArrays ─────────────── v1.4.0
  Installed IteratorInterfaceExtensions ── v1.0.0
  Installed SpecialFunctions ───────────── v1.2.1
  Installed UnPack ─────────────────────── v1.0.2
  Installed CodecBzip2 ─────────────────── v0.7.2
  Installed ProgressMeter ──────────────── v1.4.1
  Installed ChainRulesCore ─────────────── v0.9.24
  Installed DocStringExtensions ────────── v0.8.3
  Installed Compat ─────────────────────── v3.25.0
  Installed NLSolversBase ──────────────── v7.7.1
  Installed RecursiveFactorization ─────── v0.1.6
  Installed OpenSpecFun_jll ────────────── v0.5.3+4
  Installed FastRounding ───────────────── v0.2.0
  Installed SLEEFPirates ───────────────── v0.5.5
  Installed RoundingEmulator ───────────── v0.2.1
  Installed ExponentialUtilities ───────── v1.8.0
  Installed GenericSVD ─────────────────── v0.3.0
  Installed BinaryProvider ─────────────── v0.5.10
  Installed Parsers ────────────────────── v1.0.15
  Installed IntervalArithmetic ─────────── v0.17.6
  Installed IniFile ────────────────────── v0.5.0
  Installed Artifacts ──────────────────── v1.3.0
  Installed TaylorIntegration ──────────── v0.8.5
Updating `~/.julia/environments/v1.5/Project.toml`
  [9b87118b] + PackageCompiler v1.2.5
  [1e97bd63] + ReachabilityAnalysis v0.9.1
Updating `~/.julia/environments/v1.5/Manifest.toml`
  [79e6a3ab] + Adapt v3.0.0
  [ec485272] + ArnoldiMethod v0.0.4
  [4fba245c] + ArrayInterface v2.14.13
  [56f22d72] + Artifacts v1.3.0
  [6e4b80f9] + BenchmarkTools v0.5.0
  [b99e7846] + BinaryProvider v0.5.10
  [6e34b625] + Bzip2_jll v1.0.6+5
  [96374032] + CRlibm v0.8.0
  [49dc2e85] + Calculus v0.5.1
  [d360d2e6] + ChainRulesCore v0.9.24
  [523fee87] + CodecBzip2 v0.7.2
  [944b1d66] + CodecZlib v0.7.0
  [bbf7d656] + CommonSubexpressions v0.3.0
  [34da2185] + Compat v3.25.0
  [e66e0078] + CompilerSupportLibraries_jll v0.3.4+0
  [187b0558] + ConstructionBase v1.0.0
  [adafc99b] + CpuId v0.2.2
  [9a962f9c] + DataAPI v1.4.0
  [864edb3b] + DataStructures v0.18.8
  [e2d170a0] + DataValueInterfaces v1.0.0
  [2b5f629d] + DiffEqBase v6.53.4
  [163ba53b] + DiffResults v1.0.3
  [b552c78f] + DiffRules v1.0.2
  [b4f34e82] + Distances v0.10.0
  [ffbed154] + DocStringExtensions v0.8.3
  [90fa49ef] + ErrorfreeArithmetic v0.5.2
  [6912e4f1] + Espresso v0.6.1
  [d4d017d3] + ExponentialUtilities v1.8.0
  [e2ba6199] + ExprTools v0.1.3
  [8f5d6c58] + EzXML v1.1.0
  [9aa1b823] + FastClosures v0.3.2
  [fa42c844] + FastRounding v0.2.0
  [1a297f60] + FillArrays v0.10.2
  [6a86dc24] + FiniteDiff v2.7.2
  [53c48c17] + FixedPointNumbers v0.8.4
  [f6369f11] + ForwardDiff v0.10.14
  [069b7b12] + FunctionWrappers v1.1.1
  [60bf3e95] + GLPK v0.13.0
  [3c7084bd] + GLPKMathProgInterface v0.5.0
  [e8aa6df9] + GLPK_jll v4.64.0+0
  [781609d7] + GMP_jll v6.1.2+6
  [01680d73] + GenericSVD v0.3.0
  [cd3eb016] + HTTP v0.8.19
  [2207ec0c] + HybridSystems v0.3.4
  [d25df0c9] + Inflate v0.1.2
  [83e8ac13] + IniFile v0.5.0
  [d1acc4aa] + IntervalArithmetic v0.17.6
  [5c1f47dc] + IntervalMatrices v0.6.2
  [d2bf35a9] + IntervalRootFinding v0.5.4
  [d8418881] + Intervals v1.5.0
  [42fd0dbc] + IterativeSolvers v0.9.0
  [82899510] + IteratorInterfaceExtensions v1.0.0
  [692b3bcd] + JLLWrappers v1.2.0
  [682c06a0] + JSON v0.21.1
  [7d188eb4] + JSONSchema v0.3.3
  [4076af6c] + JuMP v0.21.5
  [2ee39098] + LabelledArrays v1.4.0
  [b4f0291d] + LazySets v1.38.0
  [94ce4f54] + Libiconv_jll v1.16.0+7
  [093fc24a] + LightGraphs v1.3.4
  [d3d80556] + LineSearches v7.1.1
  [bdcacae8] + LoopVectorization v0.8.26
  [1914dd2f] + MacroTools v0.5.6
  [dbb5928d] + MappedArrays v0.3.0
  [b8f27783] + MathOptInterface v0.9.19
  [fdba3010] + MathProgBase v0.7.8
  [d14a8603] + MathematicalSystems v0.11.8
  [739be429] + MbedTLS v1.0.3
  [c8ffd9c3] + MbedTLS_jll v2.16.8+1
  [78c3b35d] + Mocking v0.7.1
  [46d2c3a1] + MuladdMacro v0.2.2
  [102ac46a] + MultivariatePolynomials v0.3.12
  [d8a4904e] + MutableArithmetics v0.2.13
  [d41bc354] + NLSolversBase v7.7.1
  [2774e3e8] + NLsolve v4.5.1
  [77ba4419] + NaNMath v0.3.5
  [8913a72c] + NonlinearSolve v0.3.4
  [6fe1bfb0] + OffsetArrays v1.3.1
  [efe28fd5] + OpenSpecFun_jll v0.5.3+4
  [bac558e1] + OrderedCollections v1.3.2
  [1dea7af3] + OrdinaryDiffEq v5.49.1
  [9b87118b] + PackageCompiler v1.2.5
  [d96e819e] + Parameters v0.12.1
  [69de0a69] + Parsers v1.0.15
  [f27b6e38] + Polynomials v1.2.0
  [92933f4c] + ProgressMeter v1.4.1
  [1e97bd63] + ReachabilityAnalysis v0.9.1
  [3cdcf5f2] + RecipesBase v1.1.1
  [731186ca] + RecursiveArrayTools v2.10.0
  [f2c3362d] + RecursiveFactorization v0.1.6
  [189a3867] + Reexport v0.2.0
  [ae029012] + Requires v1.1.2
  [5eaf0fd0] + RoundingEmulator v0.2.1
  [21efa798] + SIMDPirates v0.8.26
  [476501e8] + SLEEFPirates v0.5.5
  [3cc68bcd] + SetRounding v0.2.0
  [efcf1570] + Setfield v0.7.0
  [699a6c99] + SimpleTraits v0.9.3
  [47a9eef4] + SparseDiffTools v1.12.0
  [276daf66] + SpecialFunctions v1.2.1
  [90137ffa] + StaticArrays v0.12.5
  [3783bdb8] + TableTraits v1.0.0
  [bd369af6] + Tables v1.2.2
  [92b13dbe] + TaylorIntegration v0.8.5
  [314ce334] + TaylorModels v0.3.6
  [6aa5eb33] + TaylorSeries v0.10.9
  [f269a46b] + TimeZones v1.5.3
  [3bb67fe8] + TranscodingStreams v0.9.5
  [a2a6695c] + TreeViews v0.3.0
  [3a884ed6] + UnPack v1.0.2
  [3d5dd08c] + VectorizationBase v0.12.33
  [19fa3120] + VertexSafeGraphs v0.1.2
  [02c8fc9c] + XML2_jll v2.9.10+3
  [a5390f91] + ZipFile v0.9.3
  [83775a58] + Zlib_jll v1.2.11+18
  [700de1a5] + ZygoteRules v0.2.1
  [2a0f44e3] + Base64
  [ade2ca70] + Dates
  [8bb1440f] + DelimitedFiles
  [8ba89e20] + Distributed
  [9fa8497b] + Future
  [b77e0a4c] + InteractiveUtils
  [76f85450] + LibGit2
  [8f399da3] + Libdl
  [37e2e46d] + LinearAlgebra
  [56ddb016] + Logging
  [d6f4376e] + Markdown
  [a63ad114] + Mmap
  [44cfe95a] + Pkg
  [de0858da] + Printf
  [3fa0cd96] + REPL
  [9a3f8284] + Random
  [ea8e919c] + SHA
  [9e88b42a] + Serialization
  [1a1011a3] + SharedArrays
  [6462fe0b] + Sockets
  [2f01184e] + SparseArrays
  [10745b16] + Statistics
  [4607b0f0] + SuiteSparse
  [8dfed614] + Test
  [cf7118a7] + UUIDs
  [4ec0a83e] + Unicode
   Building TimeZones ───→ `~/.julia/packages/TimeZones/K98G0/deps/build.log`
   Building CRlibm ──────→ `~/.julia/packages/CRlibm/NFCH5/deps/build.log`
   Building GLPK ────────→ `~/.julia/packages/GLPK/oTTtu/deps/build.log`
   Building SLEEFPirates → `~/.julia/packages/SLEEFPirates/jGsib/deps/build.log`


################################################################################
# Compiling: 2021-01-11T17:05:00.1
#

[ Info: PackageCompiler: creating system image object file, this might take a while...
Generated system image is 223.757 MiB, compilation took 421 seconds


################################################################################
# PkgEval set-up: 2021-01-11T17:12:09.017
#

Julia Version 1.5.3
Commit 599f52c4c6 (2020-12-18 13:33 UTC)
Platform Info:
  OS: Linux (x86_64-linux-gnu)
  CPU: AMD EPYC 7502 32-Core Processor
  WORD_SIZE: 64
  LIBM: libopenlibm
  LLVM: libLLVM-9.0.1 (ORCJIT, znver2)
Environment:
  JULIA_PKGEVAL = true
  JULIA_PKG_PRECOMPILE_AUTO = 0

Base.julia_cmd() = `/usr/local/julia/bin/julia -Cnative -J/cache/ReachabilityAnalysis-ynS9tLZF.so -g1`


################################################################################
# Installation: 2021-01-11T17:12:10.658
#

 Installing known registries into `~/.julia`
######################################################################## 100.0%
      Added registry `General` to `~/.julia/registries/General`
  Resolving package versions...
  Installed CompilerSupportLibraries_jll ─ v0.3.4+0
  Installed MbedTLS_jll ────────────────── v2.16.8+1
  Installed ZygoteRules ────────────────── v0.2.1
  Installed CpuId ──────────────────────── v0.2.2
  Installed JSONSchema ─────────────────── v0.3.3
  Installed JuMP ───────────────────────── v0.21.5
  Installed TimeZones ──────────────────── v1.5.3
  Installed ReachabilityAnalysis ───────── v0.9.1
  Installed Zlib_jll ───────────────────── v1.2.11+18
  Installed Reexport ───────────────────── v0.2.0
  Installed Inflate ────────────────────── v0.1.2
  Installed CommonSubexpressions ───────── v0.3.0
  Installed SetRounding ────────────────── v0.2.0
  Installed TableTraits ────────────────── v1.0.0
  Installed MuladdMacro ────────────────── v0.2.2
  Installed NonlinearSolve ─────────────── v0.3.4
  Installed VertexSafeGraphs ───────────── v0.1.2
  Installed MathProgBase ───────────────── v0.7.8
  Installed IntervalRootFinding ────────── v0.5.4
  Installed LazySets ───────────────────── v1.38.0
  Installed ErrorfreeArithmetic ────────── v0.5.2
  Installed TaylorSeries ───────────────── v0.10.9
  Installed Mocking ────────────────────── v0.7.1
  Installed TranscodingStreams ─────────── v0.9.5
  Installed Tables ─────────────────────── v1.2.2
  Installed DataStructures ─────────────── v0.18.8
  Installed Polynomials ────────────────── v1.2.0
  Installed SparseDiffTools ────────────── v1.12.0
  Installed FillArrays ─────────────────── v0.10.2
  Installed LoopVectorization ──────────── v0.8.26
  Installed Calculus ───────────────────── v0.5.1
  Installed Requires ───────────────────── v1.1.2
  Installed Libiconv_jll ───────────────── v1.16.0+7
  Installed GMP_jll ────────────────────── v6.1.2+6
  Installed HybridSystems ──────────────── v0.3.4
  Installed MbedTLS ────────────────────── v1.0.3
  Installed FunctionWrappers ───────────── v1.1.1
  Installed EzXML ──────────────────────── v1.1.0
  Installed DataAPI ────────────────────── v1.4.0
  Installed Espresso ───────────────────── v0.6.1
  Installed DiffResults ────────────────── v1.0.3
  Installed IntervalMatrices ───────────── v0.6.2
  Installed DiffRules ──────────────────── v1.0.2
  Installed Parameters ─────────────────── v0.12.1
  Installed Setfield ───────────────────── v0.7.0
  Installed Bzip2_jll ──────────────────── v1.0.6+5
  Installed HTTP ───────────────────────── v0.8.19
  Installed TreeViews ──────────────────── v0.3.0
  Installed ConstructionBase ───────────── v1.0.0
  Installed SIMDPirates ────────────────── v0.8.26
  Installed BenchmarkTools ─────────────── v0.5.0
  Installed SimpleTraits ───────────────── v0.9.3
  Installed RecursiveArrayTools ────────── v2.10.0
  Installed XML2_jll ───────────────────── v2.9.10+3
  Installed OrderedCollections ─────────── v1.3.2
  Installed MultivariatePolynomials ────── v0.3.12
  Installed StaticArrays ───────────────── v0.12.5
  Installed Intervals ──────────────────── v1.5.0
  Installed MathematicalSystems ────────── v0.11.8
  Installed OrdinaryDiffEq ─────────────── v5.49.1
  Installed MathOptInterface ───────────── v0.9.19
  Installed GLPK_jll ───────────────────── v4.64.0+0
  Installed DataValueInterfaces ────────── v1.0.0
  Installed CodecZlib ──────────────────── v0.7.0
  Installed RecipesBase ────────────────── v1.1.1
  Installed VectorizationBase ──────────── v0.12.33
  Installed CRlibm ─────────────────────── v0.8.0
  Installed MacroTools ─────────────────── v0.5.6
  Installed DiffEqBase ─────────────────── v6.53.4
  Installed MappedArrays ───────────────── v0.3.0
  Installed JLLWrappers ────────────────── v1.2.0
  Installed LightGraphs ────────────────── v1.3.4
  Installed NaNMath ────────────────────── v0.3.5
  Installed NLsolve ────────────────────── v4.5.1
  Installed Distances ──────────────────── v0.10.0
  Installed FiniteDiff ─────────────────── v2.7.2
  Installed JSON ───────────────────────── v0.21.1
  Installed GLPK ───────────────────────── v0.13.0
  Installed ArnoldiMethod ──────────────── v0.0.4
  Installed FastClosures ───────────────── v0.3.2
  Installed LineSearches ───────────────── v7.1.1
  Installed ZipFile ────────────────────── v0.9.3
  Installed ArrayInterface ─────────────── v2.14.13
  Installed MutableArithmetics ─────────── v0.2.13
  Installed ForwardDiff ────────────────── v0.10.14
  Installed Adapt ──────────────────────── v3.0.0
  Installed OffsetArrays ───────────────── v1.3.1
  Installed ExprTools ──────────────────── v0.1.3
  Installed TaylorModels ───────────────── v0.3.6
  Installed IterativeSolvers ───────────── v0.9.0
  Installed FixedPointNumbers ──────────── v0.8.4
  Installed GLPKMathProgInterface ──────── v0.5.0
  Installed LabelledArrays ─────────────── v1.4.0
  Installed IteratorInterfaceExtensions ── v1.0.0
  Installed SpecialFunctions ───────────── v1.2.1
  Installed UnPack ─────────────────────── v1.0.2
  Installed CodecBzip2 ─────────────────── v0.7.2
  Installed ChainRulesCore ─────────────── v0.9.24
  Installed ProgressMeter ──────────────── v1.4.1
  Installed DocStringExtensions ────────── v0.8.3
  Installed Compat ─────────────────────── v3.25.0
  Installed OpenSpecFun_jll ────────────── v0.5.3+4
  Installed FastRounding ───────────────── v0.2.0
  Installed NLSolversBase ──────────────── v7.7.1
  Installed RecursiveFactorization ─────── v0.1.6
  Installed SLEEFPirates ───────────────── v0.5.5
  Installed RoundingEmulator ───────────── v0.2.1
  Installed IntervalArithmetic ─────────── v0.17.6
  Installed ExponentialUtilities ───────── v1.8.0
  Installed GenericSVD ─────────────────── v0.3.0
  Installed Parsers ────────────────────── v1.0.15
  Installed BinaryProvider ─────────────── v0.5.10
  Installed TaylorIntegration ──────────── v0.8.5
  Installed IniFile ────────────────────── v0.5.0
  Installed Artifacts ──────────────────── v1.3.0
Updating `~/.julia/environments/v1.5/Project.toml`
  [1e97bd63] + ReachabilityAnalysis v0.9.1
Updating `~/.julia/environments/v1.5/Manifest.toml`
  [79e6a3ab] + Adapt v3.0.0
  [ec485272] + ArnoldiMethod v0.0.4
  [4fba245c] + ArrayInterface v2.14.13
  [56f22d72] + Artifacts v1.3.0
  [6e4b80f9] + BenchmarkTools v0.5.0
  [b99e7846] + BinaryProvider v0.5.10
  [6e34b625] + Bzip2_jll v1.0.6+5
  [96374032] + CRlibm v0.8.0
  [49dc2e85] + Calculus v0.5.1
  [d360d2e6] + ChainRulesCore v0.9.24
  [523fee87] + CodecBzip2 v0.7.2
  [944b1d66] + CodecZlib v0.7.0
  [bbf7d656] + CommonSubexpressions v0.3.0
  [34da2185] + Compat v3.25.0
  [e66e0078] + CompilerSupportLibraries_jll v0.3.4+0
  [187b0558] + ConstructionBase v1.0.0
  [adafc99b] + CpuId v0.2.2
  [9a962f9c] + DataAPI v1.4.0
  [864edb3b] + DataStructures v0.18.8
  [e2d170a0] + DataValueInterfaces v1.0.0
  [2b5f629d] + DiffEqBase v6.53.4
  [163ba53b] + DiffResults v1.0.3
  [b552c78f] + DiffRules v1.0.2
  [b4f34e82] + Distances v0.10.0
  [ffbed154] + DocStringExtensions v0.8.3
  [90fa49ef] + ErrorfreeArithmetic v0.5.2
  [6912e4f1] + Espresso v0.6.1
  [d4d017d3] + ExponentialUtilities v1.8.0
  [e2ba6199] + ExprTools v0.1.3
  [8f5d6c58] + EzXML v1.1.0
  [9aa1b823] + FastClosures v0.3.2
  [fa42c844] + FastRounding v0.2.0
  [1a297f60] + FillArrays v0.10.2
  [6a86dc24] + FiniteDiff v2.7.2
  [53c48c17] + FixedPointNumbers v0.8.4
  [f6369f11] + ForwardDiff v0.10.14
  [069b7b12] + FunctionWrappers v1.1.1
  [60bf3e95] + GLPK v0.13.0
  [3c7084bd] + GLPKMathProgInterface v0.5.0
  [e8aa6df9] + GLPK_jll v4.64.0+0
  [781609d7] + GMP_jll v6.1.2+6
  [01680d73] + GenericSVD v0.3.0
  [cd3eb016] + HTTP v0.8.19
  [2207ec0c] + HybridSystems v0.3.4
  [d25df0c9] + Inflate v0.1.2
  [83e8ac13] + IniFile v0.5.0
  [d1acc4aa] + IntervalArithmetic v0.17.6
  [5c1f47dc] + IntervalMatrices v0.6.2
  [d2bf35a9] + IntervalRootFinding v0.5.4
  [d8418881] + Intervals v1.5.0
  [42fd0dbc] + IterativeSolvers v0.9.0
  [82899510] + IteratorInterfaceExtensions v1.0.0
  [692b3bcd] + JLLWrappers v1.2.0
  [682c06a0] + JSON v0.21.1
  [7d188eb4] + JSONSchema v0.3.3
  [4076af6c] + JuMP v0.21.5
  [2ee39098] + LabelledArrays v1.4.0
  [b4f0291d] + LazySets v1.38.0
  [94ce4f54] + Libiconv_jll v1.16.0+7
  [093fc24a] + LightGraphs v1.3.4
  [d3d80556] + LineSearches v7.1.1
  [bdcacae8] + LoopVectorization v0.8.26
  [1914dd2f] + MacroTools v0.5.6
  [dbb5928d] + MappedArrays v0.3.0
  [b8f27783] + MathOptInterface v0.9.19
  [fdba3010] + MathProgBase v0.7.8
  [d14a8603] + MathematicalSystems v0.11.8
  [739be429] + MbedTLS v1.0.3
  [c8ffd9c3] + MbedTLS_jll v2.16.8+1
  [78c3b35d] + Mocking v0.7.1
  [46d2c3a1] + MuladdMacro v0.2.2
  [102ac46a] + MultivariatePolynomials v0.3.12
  [d8a4904e] + MutableArithmetics v0.2.13
  [d41bc354] + NLSolversBase v7.7.1
  [2774e3e8] + NLsolve v4.5.1
  [77ba4419] + NaNMath v0.3.5
  [8913a72c] + NonlinearSolve v0.3.4
  [6fe1bfb0] + OffsetArrays v1.3.1
  [efe28fd5] + OpenSpecFun_jll v0.5.3+4
  [bac558e1] + OrderedCollections v1.3.2
  [1dea7af3] + OrdinaryDiffEq v5.49.1
  [d96e819e] + Parameters v0.12.1
  [69de0a69] + Parsers v1.0.15
  [f27b6e38] + Polynomials v1.2.0
  [92933f4c] + ProgressMeter v1.4.1
  [1e97bd63] + ReachabilityAnalysis v0.9.1
  [3cdcf5f2] + RecipesBase v1.1.1
  [731186ca] + RecursiveArrayTools v2.10.0
  [f2c3362d] + RecursiveFactorization v0.1.6
  [189a3867] + Reexport v0.2.0
  [ae029012] + Requires v1.1.2
  [5eaf0fd0] + RoundingEmulator v0.2.1
  [21efa798] + SIMDPirates v0.8.26
  [476501e8] + SLEEFPirates v0.5.5
  [3cc68bcd] + SetRounding v0.2.0
  [efcf1570] + Setfield v0.7.0
  [699a6c99] + SimpleTraits v0.9.3
  [47a9eef4] + SparseDiffTools v1.12.0
  [276daf66] + SpecialFunctions v1.2.1
  [90137ffa] + StaticArrays v0.12.5
  [3783bdb8] + TableTraits v1.0.0
  [bd369af6] + Tables v1.2.2
  [92b13dbe] + TaylorIntegration v0.8.5
  [314ce334] + TaylorModels v0.3.6
  [6aa5eb33] + TaylorSeries v0.10.9
  [f269a46b] + TimeZones v1.5.3
  [3bb67fe8] + TranscodingStreams v0.9.5
  [a2a6695c] + TreeViews v0.3.0
  [3a884ed6] + UnPack v1.0.2
  [3d5dd08c] + VectorizationBase v0.12.33
  [19fa3120] + VertexSafeGraphs v0.1.2
  [02c8fc9c] + XML2_jll v2.9.10+3
  [a5390f91] + ZipFile v0.9.3
  [83775a58] + Zlib_jll v1.2.11+18
  [700de1a5] + ZygoteRules v0.2.1
  [2a0f44e3] + Base64
  [ade2ca70] + Dates
  [8bb1440f] + DelimitedFiles
  [8ba89e20] + Distributed
  [9fa8497b] + Future
  [b77e0a4c] + InteractiveUtils
  [76f85450] + LibGit2
  [8f399da3] + Libdl
  [37e2e46d] + LinearAlgebra
  [56ddb016] + Logging
  [d6f4376e] + Markdown
  [a63ad114] + Mmap
  [44cfe95a] + Pkg
  [de0858da] + Printf
  [3fa0cd96] + REPL
  [9a3f8284] + Random
  [ea8e919c] + SHA
  [9e88b42a] + Serialization
  [1a1011a3] + SharedArrays
  [6462fe0b] + Sockets
  [2f01184e] + SparseArrays
  [10745b16] + Statistics
  [4607b0f0] + SuiteSparse
  [8dfed614] + Test
  [cf7118a7] + UUIDs
  [4ec0a83e] + Unicode
   Building TimeZones ───→ `~/.julia/packages/TimeZones/K98G0/deps/build.log`
┌ Error: Error building `TimeZones`: 
│ ERROR: LoadError: IOError: mkdir: permission denied (EACCES)
│ Stacktrace:
│  [1] uv_error at ./libuv.jl:97 [inlined]
│  [2] mkdir(::String; mode::UInt16) at ./file.jl:177
│  [3] mkpath(::String; mode::UInt16) at ./file.jl:227
│  [4] mkpath(::String; mode::UInt16) at ./file.jl:225 (repeats 6 times)
│  [5] mkpath at ./file.jl:222 [inlined]
│  [6] build(::String) at /home/pkgeval/.julia/packages/TimeZones/K98G0/src/tzdata/build.jl:105
│  [7] build(::String; force::Bool) at /home/pkgeval/.julia/packages/TimeZones/K98G0/src/build.jl:11
│  [8] build at /home/pkgeval/.julia/packages/TimeZones/K98G0/src/build.jl:11 [inlined] (repeats 2 times)
│  [9] top-level scope at /home/user/.julia/packages/TimeZones/K98G0/deps/build.jl:3
│  [10] include(::String) at ./client.jl:457
│  [11] top-level scope at none:5
│ in expression starting at /home/user/.julia/packages/TimeZones/K98G0/deps/build.jl:3
└ @ Pkg.Operations /workspace/srcdir/usr/share/julia/stdlib/v1.5/Pkg/src/Operations.jl:949
   Building CRlibm ──────→ `~/.julia/packages/CRlibm/NFCH5/deps/build.log`
   Building GLPK ────────→ `~/.julia/packages/GLPK/oTTtu/deps/build.log`
   Building SLEEFPirates → `~/.julia/packages/SLEEFPirates/jGsib/deps/build.log`


################################################################################
# Testing: 2021-01-11T17:12:51.042
#

    Testing ReachabilityAnalysis
Status `/tmp/jl_kQYHP8/Project.toml`
  [3391f64e] CDDLib v0.6.3
  [2207ec0c] HybridSystems v0.3.4
  [d1acc4aa] IntervalArithmetic v0.17.6
  [5c1f47dc] IntervalMatrices v0.6.2
  [b4f0291d] LazySets v1.38.0
  [d14a8603] MathematicalSystems v0.11.8
  [d96e819e] Parameters v0.12.1
  [91a5bcdd] Plots v1.10.1
  [67491407] Polyhedra v0.6.12
  [92933f4c] ProgressMeter v1.4.1
  [1e97bd63] ReachabilityAnalysis v0.9.1
  [3cdcf5f2] RecipesBase v1.1.1
  [731186ca] RecursiveArrayTools v2.10.0
  [189a3867] Reexport v0.2.0
  [ae029012] Requires v1.1.2
  [90137ffa] StaticArrays v0.12.5
  [92b13dbe] TaylorIntegration v0.8.5
  [314ce334] TaylorModels v0.3.6
  [6aa5eb33] TaylorSeries v0.10.9
  [3a884ed6] UnPack v1.0.2
  [37e2e46d] LinearAlgebra
  [de0858da] Printf
  [2f01184e] SparseArrays
  [8dfed614] Test
Status `/tmp/jl_kQYHP8/Manifest.toml`
  [79e6a3ab] Adapt v3.0.0
  [ec485272] ArnoldiMethod v0.0.4
  [4fba245c] ArrayInterface v2.14.13
  [56f22d72] Artifacts v1.3.0
  [6e4b80f9] BenchmarkTools v0.5.0
  [b99e7846] BinaryProvider v0.5.10
  [6e34b625] Bzip2_jll v1.0.6+5
  [3391f64e] CDDLib v0.6.3
  [96374032] CRlibm v0.8.0
  [83423d85] Cairo_jll v1.16.0+6
  [49dc2e85] Calculus v0.5.1
  [d360d2e6] ChainRulesCore v0.9.24
  [523fee87] CodecBzip2 v0.7.2
  [944b1d66] CodecZlib v0.7.0
  [35d6a980] ColorSchemes v3.10.2
  [3da002f7] ColorTypes v0.10.9
  [5ae59095] Colors v0.12.6
  [bbf7d656] CommonSubexpressions v0.3.0
  [34da2185] Compat v3.25.0
  [e66e0078] CompilerSupportLibraries_jll v0.3.4+0
  [187b0558] ConstructionBase v1.0.0
  [d38c429a] Contour v0.5.7
  [adafc99b] CpuId v0.2.2
  [9a962f9c] DataAPI v1.4.0
  [864edb3b] DataStructures v0.18.8
  [e2d170a0] DataValueInterfaces v1.0.0
  [2b5f629d] DiffEqBase v6.53.4
  [163ba53b] DiffResults v1.0.3
  [b552c78f] DiffRules v1.0.2
  [b4f34e82] Distances v0.10.0
  [ffbed154] DocStringExtensions v0.8.3
  [5ae413db] EarCut_jll v2.1.5+1
  [90fa49ef] ErrorfreeArithmetic v0.5.2
  [6912e4f1] Espresso v0.6.1
  [2e619515] Expat_jll v2.2.7+6
  [d4d017d3] ExponentialUtilities v1.8.0
  [e2ba6199] ExprTools v0.1.3
  [8f5d6c58] EzXML v1.1.0
  [c87230d0] FFMPEG v0.4.0
  [b22a6f82] FFMPEG_jll v4.3.1+4
  [9aa1b823] FastClosures v0.3.2
  [fa42c844] FastRounding v0.2.0
  [1a297f60] FillArrays v0.10.2
  [6a86dc24] FiniteDiff v2.7.2
  [53c48c17] FixedPointNumbers v0.8.4
  [a3f928ae] Fontconfig_jll v2.13.1+14
  [59287772] Formatting v0.4.2
  [f6369f11] ForwardDiff v0.10.14
  [d7e528f0] FreeType2_jll v2.10.1+5
  [559328eb] FriBidi_jll v1.0.5+6
  [069b7b12] FunctionWrappers v1.1.1
  [0656b61e] GLFW_jll v3.3.2+1
  [60bf3e95] GLPK v0.13.0
  [3c7084bd] GLPKMathProgInterface v0.5.0
  [e8aa6df9] GLPK_jll v4.64.0+0
  [781609d7] GMP_jll v6.1.2+6
  [28b8d3ca] GR v0.53.0
  [d2c73de3] GR_jll v0.53.0+0
  [01680d73] GenericSVD v0.3.0
  [5c1252a2] GeometryBasics v0.3.5
  [78b55507] Gettext_jll v0.20.1+7
  [7746bdde] Glib_jll v2.59.0+4
  [42e2da0e] Grisu v1.0.0
  [cd3eb016] HTTP v0.8.19
  [2207ec0c] HybridSystems v0.3.4
  [d25df0c9] Inflate v0.1.2
  [83e8ac13] IniFile v0.5.0
  [d1acc4aa] IntervalArithmetic v0.17.6
  [5c1f47dc] IntervalMatrices v0.6.2
  [d2bf35a9] IntervalRootFinding v0.5.4
  [d8418881] Intervals v1.5.0
  [c8e1da08] IterTools v1.3.0
  [42fd0dbc] IterativeSolvers v0.9.0
  [82899510] IteratorInterfaceExtensions v1.0.0
  [692b3bcd] JLLWrappers v1.2.0
  [682c06a0] JSON v0.21.1
  [7d188eb4] JSONSchema v0.3.3
  [aacddb02] JpegTurbo_jll v2.0.1+3
  [4076af6c] JuMP v0.21.5
  [c1c5ebd0] LAME_jll v3.100.0+3
  [dd4b983a] LZO_jll v2.10.0+3
  [b964fa9f] LaTeXStrings v1.2.0
  [2ee39098] LabelledArrays v1.4.0
  [23fbe1c1] Latexify v0.14.7
  [b4f0291d] LazySets v1.38.0
  [dd192d2f] LibVPX_jll v1.9.0+1
  [e9f186c6] Libffi_jll v3.2.1+4
  [d4300ac3] Libgcrypt_jll v1.8.5+4
  [7e76a0d4] Libglvnd_jll v1.3.0+3
  [7add5ba3] Libgpg_error_jll v1.36.0+3
  [94ce4f54] Libiconv_jll v1.16.0+7
  [4b2f31a3] Libmount_jll v2.34.0+3
  [89763e89] Libtiff_jll v4.1.0+2
  [38a345b3] Libuuid_jll v2.34.0+7
  [093fc24a] LightGraphs v1.3.4
  [d3d80556] LineSearches v7.1.1
  [bdcacae8] LoopVectorization v0.8.26
  [1914dd2f] MacroTools v0.5.6
  [dbb5928d] MappedArrays v0.3.0
  [b8f27783] MathOptInterface v0.9.19
  [fdba3010] MathProgBase v0.7.8
  [d14a8603] MathematicalSystems v0.11.8
  [739be429] MbedTLS v1.0.3
  [c8ffd9c3] MbedTLS_jll v2.16.8+1
  [442fdcdd] Measures v0.3.1
  [e1d29d7a] Missings v0.4.4
  [78c3b35d] Mocking v0.7.1
  [46d2c3a1] MuladdMacro v0.2.2
  [102ac46a] MultivariatePolynomials v0.3.12
  [d8a4904e] MutableArithmetics v0.2.13
  [d41bc354] NLSolversBase v7.7.1
  [2774e3e8] NLsolve v4.5.1
  [77ba4419] NaNMath v0.3.5
  [8913a72c] NonlinearSolve v0.3.4
  [6fe1bfb0] OffsetArrays v1.3.1
  [e7412a2a] Ogg_jll v1.3.4+2
  [458c3c95] OpenSSL_jll v1.1.1+6
  [efe28fd5] OpenSpecFun_jll v0.5.3+4
  [91d4177d] Opus_jll v1.3.1+3
  [bac558e1] OrderedCollections v1.3.2
  [1dea7af3] OrdinaryDiffEq v5.49.1
  [2f80f16e] PCRE_jll v8.42.0+4
  [d96e819e] Parameters v0.12.1
  [69de0a69] Parsers v1.0.15
  [30392449] Pixman_jll v0.40.0+0
  [ccf2f8ad] PlotThemes v2.0.0
  [995b91a9] PlotUtils v1.0.10
  [91a5bcdd] Plots v1.10.1
  [67491407] Polyhedra v0.6.12
  [f27b6e38] Polynomials v1.2.0
  [92933f4c] ProgressMeter v1.4.1
  [ede63266] Qt_jll v5.15.2+1
  [1e97bd63] ReachabilityAnalysis v0.9.1
  [3cdcf5f2] RecipesBase v1.1.1
  [01d81517] RecipesPipeline v0.2.1
  [731186ca] RecursiveArrayTools v2.10.0
  [f2c3362d] RecursiveFactorization v0.1.6
  [189a3867] Reexport v0.2.0
  [ae029012] Requires v1.1.2
  [5eaf0fd0] RoundingEmulator v0.2.1
  [21efa798] SIMDPirates v0.8.26
  [476501e8] SLEEFPirates v0.5.5
  [6c6a2e73] Scratch v1.0.3
  [3cc68bcd] SetRounding v0.2.0
  [efcf1570] Setfield v0.7.0
  [992d4aef] Showoff v0.3.2
  [699a6c99] SimpleTraits v0.9.3
  [a2af1166] SortingAlgorithms v0.3.1
  [47a9eef4] SparseDiffTools v1.12.0
  [276daf66] SpecialFunctions v1.2.1
  [90137ffa] StaticArrays v0.12.5
  [2913bbd2] StatsBase v0.33.2
  [09ab397b] StructArrays v0.4.2
  [3783bdb8] TableTraits v1.0.0
  [bd369af6] Tables v1.2.2
  [92b13dbe] TaylorIntegration v0.8.5
  [314ce334] TaylorModels v0.3.6
  [6aa5eb33] TaylorSeries v0.10.9
  [f269a46b] TimeZones v1.5.3
  [3bb67fe8] TranscodingStreams v0.9.5
  [a2a6695c] TreeViews v0.3.0
  [3a884ed6] UnPack v1.0.2
  [3d5dd08c] VectorizationBase v0.12.33
  [19fa3120] VertexSafeGraphs v0.1.2
  [a2964d1f] Wayland_jll v1.17.0+4
  [2381bf8a] Wayland_protocols_jll v1.18.0+4
  [02c8fc9c] XML2_jll v2.9.10+3
  [aed1982a] XSLT_jll v1.1.33+4
  [4f6342f7] Xorg_libX11_jll v1.6.9+4
  [0c0b7dd1] Xorg_libXau_jll v1.0.9+4
  [935fb764] Xorg_libXcursor_jll v1.2.0+4
  [a3789734] Xorg_libXdmcp_jll v1.1.3+4
  [1082639a] Xorg_libXext_jll v1.3.4+4
  [d091e8ba] Xorg_libXfixes_jll v5.0.3+4
  [a51aa0fd] Xorg_libXi_jll v1.7.10+4
  [d1454406] Xorg_libXinerama_jll v1.1.4+4
  [ec84b674] Xorg_libXrandr_jll v1.5.2+4
  [ea2f1a96] Xorg_libXrender_jll v0.9.10+4
  [14d82f49] Xorg_libpthread_stubs_jll v0.1.0+3
  [c7cfdc94] Xorg_libxcb_jll v1.13.0+3
  [cc61e674] Xorg_libxkbfile_jll v1.1.0+4
  [12413925] Xorg_xcb_util_image_jll v0.4.0+1
  [2def613f] Xorg_xcb_util_jll v0.4.0+1
  [975044d2] Xorg_xcb_util_keysyms_jll v0.4.0+1
  [0d47668e] Xorg_xcb_util_renderutil_jll v0.3.9+1
  [c22f9ab0] Xorg_xcb_util_wm_jll v0.4.1+1
  [35661453] Xorg_xkbcomp_jll v1.4.2+4
  [33bec58e] Xorg_xkeyboard_config_jll v2.27.0+4
  [c5fb5394] Xorg_xtrans_jll v1.4.0+3
  [a5390f91] ZipFile v0.9.3
  [83775a58] Zlib_jll v1.2.11+18
  [3161d3a3] Zstd_jll v1.4.5+2
  [700de1a5] ZygoteRules v0.2.1
  [0ac62f75] libass_jll v0.14.0+4
  [f638f0a6] libfdk_aac_jll v0.1.6+4
  [b53b4c65] libpng_jll v1.6.37+6
  [f27f6e37] libvorbis_jll v1.3.6+6
  [1270edf5] x264_jll v2020.7.14+2
  [dfaa095f] x265_jll v3.0.0+3
  [d8fb68d0] xkbcommon_jll v0.9.1+5
  [2a0f44e3] Base64
  [ade2ca70] Dates
  [8bb1440f] DelimitedFiles
  [8ba89e20] Distributed
  [9fa8497b] Future
  [b77e0a4c] InteractiveUtils
  [76f85450] LibGit2
  [8f399da3] Libdl
  [37e2e46d] LinearAlgebra
  [56ddb016] Logging
  [d6f4376e] Markdown
  [a63ad114] Mmap
  [44cfe95a] Pkg
  [de0858da] Printf
  [3fa0cd96] REPL
  [9a3f8284] Random
  [ea8e919c] SHA
  [9e88b42a] Serialization
  [1a1011a3] SharedArrays
  [6462fe0b] Sockets
  [2f01184e] SparseArrays
  [10745b16] Statistics
  [4607b0f0] SuiteSparse
  [8dfed614] Test
  [cf7118a7] UUIDs
  [4ec0a83e] Unicode
Test Summary:      | Pass  Total
Flowpipe interface |   27     27
Test Summary:                      |
Solution interface: initial states | No tests
Test Summary:                 | Pass  Total
Solution interface: time span |    5      5
Test Summary:       |
Concrete projection | No tests
Test Summary:                            | Pass  Broken  Total
Time-triggered hybrid automaton (HACLD1) |   12       4     16
Test Summary:                  | Pass  Total
Time-triggered solve (EMBrake) |    4      4
Test Summary:         | Pass  Total
Reach-set projections |    6      6
Test Summary:         | Pass  Total
Flowpipe constructors |    9      9
Test Summary:                   | Pass  Total
Hybrid flowpipe time evaluation |    2      2
Test Summary:       |
Flowpipe clustering | No tests
Test Summary:           | Pass  Total
Intersection strategies |    4      4
Test Summary: | Pass  Total
INT algorithm |   10     10
Test Summary: | Pass  Total
BOX algorithm |    6      6
Test Summary:    | Pass  Total
GLGM06 algorithm |    7      7
Test Summary:   | Pass  Total
LGG09 algorithm |    6      6
Test Summary:   | Pass  Total
ASB07 algorithm |   18     18
Test Summary:                           | Pass  Total
ASB07 with time-triggered hybrid system |    3      3
Test Summary:                         | Pass  Total
BFFPSV18 algorithm: type constructors |   43     43
Test Summary:    | Pass  Total
TMJets algorithm |   10     10
Test Summary:                 | Pass  Total
TMJets algorithm: linear IVPs |    8      8
Test Summary:   | Pass  Total
ORBIT algorithm |    4      4
Test Summary:  | Pass  Total
QINT algorithm |    1      1
Test Summary:            | Pass  Total
Hybrid utility functions |    9      9
Test Summary:                 | Pass  Total
Bouncing ball: linear solvers |    3      3
Test Summary:                    | Pass  Total
Bouncing ball: nonlinear solvers |    2      2
Test Summary:    | Pass  Total
Inclusion checks |    8      8
    Testing ReachabilityAnalysis tests passed 

PkgEval succeeded


################################################################################
# PkgEval teardown: 2021-01-11T17:15:14.731
CPU usage: 182.76s (172.74s user, 10.24s kernel)

Network usage:
- eth0: 80.668 MiB received, 1.621 MiB sent

Raw statistics: {"blkio_stats":{"io_queue_recursive":[],"io_serviced_recursive":[{"major":259,"value":0,"op":"Read","minor":0},{"major":259,"value":148,"op":"Write","minor":0},{"major":259,"value":14,"op":"Sync","minor":0},{"major":259,"value":134,"op":"Async","minor":0},{"major":259,"value":0,"op":"Discard","minor":0},{"major":259,"value":148,"op":"Total","minor":0},{"major":253,"value":0,"op":"Read","minor":2},{"major":253,"value":118,"op":"Write","minor":2},{"major":253,"value":14,"op":"Sync","minor":2},{"major":253,"value":104,"op":"Async","minor":2},{"major":253,"value":0,"op":"Discard","minor":2},{"major":253,"value":118,"op":"Total","minor":2}],"io_time_recursive":[],"sectors_recursive":[],"io_service_bytes_recursive":[{"major":259,"value":0,"op":"Read","minor":0},{"major":259,"value":6115328,"op":"Write","minor":0},{"major":259,"value":57344,"op":"Sync","minor":0},{"major":259,"value":6057984,"op":"Async","minor":0},{"major":259,"value":0,"op":"Discard","minor":0},{"major":259,"value":6115328,"op":"Total","minor":0},{"major":253,"value":0,"op":"Read","minor":2},{"major":253,"value":6115328,"op":"Write","minor":2},{"major":253,"value":57344,"op":"Sync","minor":2},{"major":253,"value":6057984,"op":"Async","minor":2},{"major":253,"value":0,"op":"Discard","minor":2},{"major":253,"value":6115328,"op":"Total","minor":2}],"io_wait_time_recursive":[],"io_merged_recursive":[],"io_service_time_recursive":[]},"memory_stats":{"usage":620376064,"max_usage":1262059520,"stats":{"hierarchical_memory_limit":9223372036854771712,"pgmajfault":0,"total_rss":280997888,"inactive_file":135168,"inactive_anon":251682816,"total_pgfault":2998743,"total_cache":299388928,"total_rss_huge":0,"total_active_anon":328863744,"total_pgmajfault":0,"pgpgin":1665444,"rss_huge":0,"mapped_file":0,"total_inactive_file":135168,"dirty":270336,"total_unevictable":0,"total_dirty":270336,"writeback":0,"pgpgout":1523742,"hierarchical_memsw_limit":0,"cache":299388928,"active_file":135168,"pgfault":2998743,"total_mapped_file":0,"total_pgpgout":1523742,"total_writeback":0,"rss":280997888,"unevictable":0,"total_inactive_anon":251682816,"total_pgpgin":1665444,"active_anon":328863744,"total_active_file":135168},"limit":540965302272},"name":"/ReachabilityAnalysis-9Ip4BXS1","networks":{"eth0":{"rx_bytes":84586306,"rx_packets":29117,"tx_packets":20117,"tx_bytes":1699403,"tx_dropped":0,"rx_dropped":7,"tx_errors":0,"rx_errors":0}},"id":"3ae108591795374e9507f2f092b7e21cff5f6195d9430fba87d90d00603684c8","preread":"0001-01-01T00:00:00Z","storage_stats":{},"precpu_stats":{"throttling_data":{"throttled_periods":0,"throttled_time":0,"periods":0},"cpu_usage":{"usage_in_usermode":0,"usage_in_kernelmode":0,"total_usage":0}},"pids_stats":{"current":44},"num_procs":0,"cpu_stats":{"throttling_data":{"throttled_periods":0,"throttled_time":0,"periods":0},"system_cpu_usage":4016108374522419,"online_cpus":128,"cpu_usage":{"usage_in_usermode":172740000000,"usage_in_kernelmode":10240000000,"total_usage":182764453025,"percpu_usage":[0,0,0,0,0,0,0,0,0,0,0,0,0,0,127960,182763666274,0,0,0,0,0,0,0,0,0,0,0,0,0,0,0,0,0,0,0,0,0,0,0,0,0,0,0,0,0,0,0,0,0,0,0,0,0,0,0,0,0,0,0,0,0,0,0,0,0,0,0,0,0,0,0,0,0,0,0,0,12160,360901,0,285730,0,0,0,0,0,0,0,0,0,0,0,0,0,0,0,0,0,0,0,0,0,0,0,0,0,0,0,0,0,0,0,0,0,0,0,0,0,0,0,0,0,0,0,0,0,0,0,0]}},"read":"2021-01-11T17:15:15.579052517Z"}