################################################################################
# PackageCompiler set-up: 2021-01-11T15:27:43.109
#

Julia Version 1.5.3
Commit 599f52c4c6 (2020-12-18 13:33 UTC)
Platform Info:
  OS: Linux (x86_64-linux-gnu)
  CPU: AMD EPYC 7502 32-Core Processor
  WORD_SIZE: 64
  LIBM: libopenlibm
  LLVM: libLLVM-9.0.1 (ORCJIT, znver2)
Environment:
  JULIA_PKGEVAL = true
  JULIA_PKG_PRECOMPILE_AUTO = 0



################################################################################
# Installation: 2021-01-11T15:27:44.834
#

 Installing known registries into `~/.julia`
###################################                                       49.2%######################################################################## 100.0%
      Added registry `General` to `~/.julia/registries/General`
  Resolving package versions...
  Installed Artifacts ─────────── v1.3.0
  Installed Libiconv_jll ──────── v1.16.0+7
  Installed Zlib_jll ──────────── v1.2.11+18
  Installed ReadStat_jll ──────── v1.1.1+0
  Installed DataValueInterfaces ─ v1.0.0
  Installed ReadStat ──────────── v1.0.2
  Installed JLLWrappers ───────── v1.2.0
  Installed PackageCompiler ───── v1.2.5
  Installed DataValues ────────── v0.4.13
Updating `~/.julia/environments/v1.5/Project.toml`
  [9b87118b] + PackageCompiler v1.2.5
  [d71aba96] + ReadStat v1.0.2
Updating `~/.julia/environments/v1.5/Manifest.toml`
  [56f22d72] + Artifacts v1.3.0
  [e2d170a0] + DataValueInterfaces v1.0.0
  [e7dc6d0d] + DataValues v0.4.13
  [692b3bcd] + JLLWrappers v1.2.0
  [94ce4f54] + Libiconv_jll v1.16.0+7
  [9b87118b] + PackageCompiler v1.2.5
  [d71aba96] + ReadStat v1.0.2
  [a4dc8951] + ReadStat_jll v1.1.1+0
  [83775a58] + Zlib_jll v1.2.11+18
  [2a0f44e3] + Base64
  [ade2ca70] + Dates
  [b77e0a4c] + InteractiveUtils
  [76f85450] + LibGit2
  [8f399da3] + Libdl
  [56ddb016] + Logging
  [d6f4376e] + Markdown
  [44cfe95a] + Pkg
  [de0858da] + Printf
  [3fa0cd96] + REPL
  [9a3f8284] + Random
  [ea8e919c] + SHA
  [9e88b42a] + Serialization
  [6462fe0b] + Sockets
  [cf7118a7] + UUIDs
  [4ec0a83e] + Unicode


################################################################################
# Compiling: 2021-01-11T15:27:50.821
#

[ Info: PackageCompiler: creating system image object file, this might take a while...
Generated system image is 155.803 MiB, compilation took 190 seconds


################################################################################
# PkgEval set-up: 2021-01-11T15:31:08.664
#

Julia Version 1.5.3
Commit 599f52c4c6 (2020-12-18 13:33 UTC)
Platform Info:
  OS: Linux (x86_64-linux-gnu)
  CPU: AMD EPYC 7502 32-Core Processor
  WORD_SIZE: 64
  LIBM: libopenlibm
  LLVM: libLLVM-9.0.1 (ORCJIT, znver2)
Environment:
  JULIA_PKGEVAL = true
  JULIA_PKG_PRECOMPILE_AUTO = 0

Base.julia_cmd() = `/usr/local/julia/bin/julia -Cnative -J/cache/ReadStat-7vjLQmR3.so -g1`


################################################################################
# Installation: 2021-01-11T15:31:10.501
#

 Installing known registries into `~/.julia`
######################################################################## 100.0%
      Added registry `General` to `~/.julia/registries/General`
  Resolving package versions...
  Installed Libiconv_jll ──────── v1.16.0+7
  Installed Zlib_jll ──────────── v1.2.11+18
  Installed ReadStat_jll ──────── v1.1.1+0
  Installed ReadStat ──────────── v1.0.2
  Installed Artifacts ─────────── v1.3.0
  Installed DataValueInterfaces ─ v1.0.0
  Installed DataValues ────────── v0.4.13
  Installed JLLWrappers ───────── v1.2.0
Updating `~/.julia/environments/v1.5/Project.toml`
  [d71aba96] + ReadStat v1.0.2
Updating `~/.julia/environments/v1.5/Manifest.toml`
  [56f22d72] + Artifacts v1.3.0
  [e2d170a0] + DataValueInterfaces v1.0.0
  [e7dc6d0d] + DataValues v0.4.13
  [692b3bcd] + JLLWrappers v1.2.0
  [94ce4f54] + Libiconv_jll v1.16.0+7
  [d71aba96] + ReadStat v1.0.2
  [a4dc8951] + ReadStat_jll v1.1.1+0
  [83775a58] + Zlib_jll v1.2.11+18
  [2a0f44e3] + Base64
  [ade2ca70] + Dates
  [b77e0a4c] + InteractiveUtils
  [76f85450] + LibGit2
  [8f399da3] + Libdl
  [56ddb016] + Logging
  [d6f4376e] + Markdown
  [44cfe95a] + Pkg
  [de0858da] + Printf
  [3fa0cd96] + REPL
  [9a3f8284] + Random
  [ea8e919c] + SHA
  [9e88b42a] + Serialization
  [6462fe0b] + Sockets
  [cf7118a7] + UUIDs
  [4ec0a83e] + Unicode


################################################################################
# Testing: 2021-01-11T15:31:15.676
#

    Testing ReadStat
Status `/tmp/jl_MqUIsb/Project.toml`
  [e7dc6d0d] DataValues v0.4.13
  [d71aba96] ReadStat v1.0.2
  [a4dc8951] ReadStat_jll v1.1.1+0
  [ade2ca70] Dates
  [8dfed614] Test
Status `/tmp/jl_MqUIsb/Manifest.toml`
  [56f22d72] Artifacts v1.3.0
  [e2d170a0] DataValueInterfaces v1.0.0
  [e7dc6d0d] DataValues v0.4.13
  [692b3bcd] JLLWrappers v1.2.0
  [94ce4f54] Libiconv_jll v1.16.0+7
  [d71aba96] ReadStat v1.0.2
  [a4dc8951] ReadStat_jll v1.1.1+0
  [83775a58] Zlib_jll v1.2.11+18
  [2a0f44e3] Base64
  [ade2ca70] Dates
  [8ba89e20] Distributed
  [b77e0a4c] InteractiveUtils
  [76f85450] LibGit2
  [8f399da3] Libdl
  [56ddb016] Logging
  [d6f4376e] Markdown
  [44cfe95a] Pkg
  [de0858da] Printf
  [3fa0cd96] REPL
  [9a3f8284] Random
  [ea8e919c] SHA
  [9e88b42a] Serialization
  [6462fe0b] Sockets
  [8dfed614] Test
  [cf7118a7] UUIDs
  [4ec0a83e] Unicode
Test Summary: | Pass  Total
ReadStat      |   24     24
    Testing ReadStat tests passed 

PkgEval succeeded


################################################################################
# PkgEval teardown: 2021-01-11T15:31:20.127
CPU usage: 11.77s (9.22s user, 2.58s kernel)

Network usage:
- eth0: 2.671 MiB received, 60.261 KiB sent

Raw statistics: {"blkio_stats":{"io_queue_recursive":[],"io_serviced_recursive":[{"major":259,"value":0,"op":"Read","minor":0},{"major":259,"value":19,"op":"Write","minor":0},{"major":259,"value":14,"op":"Sync","minor":0},{"major":259,"value":5,"op":"Async","minor":0},{"major":259,"value":0,"op":"Discard","minor":0},{"major":259,"value":19,"op":"Total","minor":0},{"major":253,"value":0,"op":"Read","minor":2},{"major":253,"value":19,"op":"Write","minor":2},{"major":253,"value":14,"op":"Sync","minor":2},{"major":253,"value":5,"op":"Async","minor":2},{"major":253,"value":0,"op":"Discard","minor":2},{"major":253,"value":19,"op":"Total","minor":2}],"io_time_recursive":[],"sectors_recursive":[],"io_service_bytes_recursive":[{"major":259,"value":0,"op":"Read","minor":0},{"major":259,"value":77824,"op":"Write","minor":0},{"major":259,"value":57344,"op":"Sync","minor":0},{"major":259,"value":20480,"op":"Async","minor":0},{"major":259,"value":0,"op":"Discard","minor":0},{"major":259,"value":77824,"op":"Total","minor":0},{"major":253,"value":0,"op":"Read","minor":2},{"major":253,"value":77824,"op":"Write","minor":2},{"major":253,"value":57344,"op":"Sync","minor":2},{"major":253,"value":20480,"op":"Async","minor":2},{"major":253,"value":0,"op":"Discard","minor":2},{"major":253,"value":77824,"op":"Total","minor":2}],"io_wait_time_recursive":[],"io_merged_recursive":[],"io_service_time_recursive":[]},"memory_stats":{"usage":334725120,"max_usage":487763968,"stats":{"hierarchical_memory_limit":9223372036854771712,"pgmajfault":0,"total_rss":224894976,"inactive_file":135168,"inactive_anon":79343616,"total_pgfault":244959,"total_cache":80371712,"total_rss_huge":0,"total_active_anon":225595392,"total_pgmajfault":0,"pgpgin":168168,"rss_huge":0,"mapped_file":0,"total_inactive_file":135168,"dirty":270336,"total_unevictable":0,"total_dirty":270336,"writeback":0,"pgpgout":93671,"hierarchical_memsw_limit":0,"cache":80371712,"active_file":270336,"pgfault":244959,"total_mapped_file":0,"total_pgpgout":93671,"total_writeback":0,"rss":224894976,"unevictable":0,"total_inactive_anon":79343616,"total_pgpgin":168168,"active_anon":225595392,"total_active_file":270336},"limit":540965302272},"name":"/ReadStat-wU4RYaSG","networks":{"eth0":{"rx_bytes":2800270,"rx_packets":493,"tx_packets":536,"tx_bytes":61707,"tx_dropped":0,"rx_dropped":1,"tx_errors":0,"rx_errors":0}},"id":"a5dced16dd9e5052df9306f232cfcb42d8410a310ce2b0146371ffdc2ce11342","preread":"0001-01-01T00:00:00Z","storage_stats":{},"precpu_stats":{"throttling_data":{"throttled_periods":0,"throttled_time":0,"periods":0},"cpu_usage":{"usage_in_usermode":0,"usage_in_kernelmode":0,"total_usage":0}},"pids_stats":{"current":44},"num_procs":0,"cpu_stats":{"throttling_data":{"throttled_periods":0,"throttled_time":0,"periods":0},"system_cpu_usage":3219176694522419,"online_cpus":128,"cpu_usage":{"usage_in_usermode":9220000000,"usage_in_kernelmode":2580000000,"total_usage":11770991087,"percpu_usage":[0,0,0,0,0,0,0,0,0,0,0,0,0,0,0,0,0,0,0,0,0,0,0,0,0,0,0,0,0,0,0,0,0,0,0,0,11770991087,0,0,0,0,0,0,0,0,0,0,0,0,0,0,0,0,0,0,0,0,0,0,0,0,0,0,0,0,0,0,0,0,0,0,0,0,0,0,0,0,0,0,0,0,0,0,0,0,0,0,0,0,0,0,0,0,0,0,0,0,0,0,0,0,0,0,0,0,0,0,0,0,0,0,0,0,0,0,0,0,0,0,0,0,0,0,0,0,0,0,0]}},"read":"2021-01-11T15:31:20.539570899Z"}