################################################################################
# PkgEval set-up: 2021-01-11T18:37:32.422
#

Julia Version 1.5.3
Commit 599f52c4c6 (2020-12-18 13:33 UTC)
Platform Info:
  OS: Linux (x86_64-linux-gnu)
  CPU: AMD EPYC 7502 32-Core Processor
  WORD_SIZE: 64
  LIBM: libopenlibm
  LLVM: libLLVM-9.0.1 (ORCJIT, znver2)
Environment:
  JULIA_PKG_PRECOMPILE_AUTO = 0
  JULIA_PKGEVAL = true

Base.julia_cmd() = `/opt/julia/bin/julia -Cnative -J/opt/julia/lib/julia/sys.so -g1`


################################################################################
# Installation: 2021-01-11T18:37:34.217
#

 Installing known registries into `~/.julia`
###############                                                           21.4%######################################################################## 100.0%
      Added registry `General` to `~/.julia/registries/General`
  Resolving package versions...
  Installed Rectangle ─ v0.1.2
Updating `~/.julia/environments/v1.5/Project.toml`
  [9a9db56c] + Rectangle v0.1.2
Updating `~/.julia/environments/v1.5/Manifest.toml`
  [9a9db56c] + Rectangle v0.1.2
  [8f399da3] + Libdl
  [37e2e46d] + LinearAlgebra


################################################################################
# Testing: 2021-01-11T18:37:38.916
#

    Testing Rectangle
Status `/tmp/jl_i6KQdb/Project.toml`
  [9a9db56c] Rectangle v0.1.2
  [37e2e46d] LinearAlgebra
  [8dfed614] Test
Status `/tmp/jl_i6KQdb/Manifest.toml`
  [9a9db56c] Rectangle v0.1.2
  [2a0f44e3] Base64
  [8ba89e20] Distributed
  [b77e0a4c] InteractiveUtils
  [8f399da3] Libdl
  [37e2e46d] LinearAlgebra
  [56ddb016] Logging
  [d6f4376e] Markdown
  [9a3f8284] Random
  [9e88b42a] Serialization
  [6462fe0b] Sockets
  [8dfed614] Test
Skipping Base.active_repl
Skipping Base.active_repl_backend
Skipping Rectangle.get_intersect_data
Test Summary:       | Pass  Total
Binary Search Trees |   39     39
Test Summary:       | Pass  Total
Red and Black Trees |   38     38
6053:6053
Test Summary:  | Pass  Total
Interval Trees |   41     41
Test Summary: | Pass  Total
XY Tree Tests |    2      2
Test Summary: | Pass  Total
Utils         |    4      4
Test Summary: | Pass  Total
Rectangle     |   57     57
Test Summary: | Pass  Total
Line          |   42     42
    Testing Rectangle tests passed 

PkgEval succeeded


################################################################################
# PkgEval teardown: 2021-01-11T18:38:08.631
CPU usage: 36.19s (33.32s user, 2.93s kernel)

Network usage:
- eth0: 2.554 MiB received, 28.297 KiB sent

Raw statistics: {"blkio_stats":{"io_queue_recursive":[],"io_serviced_recursive":[{"major":259,"value":31,"op":"Read","minor":0},{"major":259,"value":24,"op":"Write","minor":0},{"major":259,"value":50,"op":"Sync","minor":0},{"major":259,"value":5,"op":"Async","minor":0},{"major":259,"value":0,"op":"Discard","minor":0},{"major":259,"value":55,"op":"Total","minor":0},{"major":253,"value":31,"op":"Read","minor":2},{"major":253,"value":24,"op":"Write","minor":2},{"major":253,"value":50,"op":"Sync","minor":2},{"major":253,"value":5,"op":"Async","minor":2},{"major":253,"value":0,"op":"Discard","minor":2},{"major":253,"value":55,"op":"Total","minor":2}],"io_time_recursive":[],"sectors_recursive":[],"io_service_bytes_recursive":[{"major":259,"value":229376,"op":"Read","minor":0},{"major":259,"value":126976,"op":"Write","minor":0},{"major":259,"value":335872,"op":"Sync","minor":0},{"major":259,"value":20480,"op":"Async","minor":0},{"major":259,"value":0,"op":"Discard","minor":0},{"major":259,"value":356352,"op":"Total","minor":0},{"major":253,"value":229376,"op":"Read","minor":2},{"major":253,"value":126976,"op":"Write","minor":2},{"major":253,"value":335872,"op":"Sync","minor":2},{"major":253,"value":20480,"op":"Async","minor":2},{"major":253,"value":0,"op":"Discard","minor":2},{"major":253,"value":356352,"op":"Total","minor":2}],"io_wait_time_recursive":[],"io_merged_recursive":[],"io_service_time_recursive":[]},"memory_stats":{"usage":327942144,"max_usage":654618624,"stats":{"hierarchical_memory_limit":9223372036854771712,"pgmajfault":0,"total_rss":217804800,"inactive_file":270336,"inactive_anon":79073280,"total_pgfault":630696,"total_cache":80506880,"total_rss_huge":0,"total_active_anon":218439680,"total_pgmajfault":0,"pgpgin":342804,"rss_huge":0,"mapped_file":135168,"total_inactive_file":270336,"dirty":135168,"total_unevictable":0,"total_dirty":135168,"writeback":0,"pgpgout":269968,"hierarchical_memsw_limit":0,"cache":80506880,"active_file":811008,"pgfault":630696,"total_mapped_file":135168,"total_pgpgout":269968,"total_writeback":0,"rss":217804800,"unevictable":0,"total_inactive_anon":79073280,"total_pgpgin":342804,"active_anon":218439680,"total_active_file":811008},"limit":540965302272},"name":"/Rectangle-VMZcR5f2","networks":{"eth0":{"rx_bytes":2677769,"rx_packets":310,"tx_packets":297,"tx_bytes":28976,"tx_dropped":0,"rx_dropped":1,"tx_errors":0,"rx_errors":0}},"id":"adb7ac395c989a3b57b7ba82db44957b25acfca605e59ffd6e4a19cc17cafe96","preread":"0001-01-01T00:00:00Z","storage_stats":{},"precpu_stats":{"throttling_data":{"throttled_periods":0,"throttled_time":0,"periods":0},"cpu_usage":{"usage_in_usermode":0,"usage_in_kernelmode":0,"total_usage":0}},"pids_stats":{"current":40},"num_procs":0,"cpu_stats":{"throttling_data":{"throttled_periods":0,"throttled_time":0,"periods":0},"system_cpu_usage":4651464244522419,"online_cpus":128,"cpu_usage":{"usage_in_usermode":33320000000,"usage_in_kernelmode":2930000000,"total_usage":36187678665,"percpu_usage":[0,0,0,0,0,0,0,0,0,0,0,0,0,0,0,0,0,0,0,0,0,0,0,0,0,0,0,0,0,0,0,0,0,0,0,0,0,0,0,0,0,0,0,0,0,0,0,0,0,0,0,0,0,0,0,0,0,0,0,0,0,36187674025,0,0,0,0,0,0,0,0,0,0,0,0,0,0,0,0,0,0,0,0,0,0,0,0,0,0,0,0,0,0,0,0,0,0,0,0,0,0,0,0,0,0,0,0,0,0,0,0,0,0,0,0,0,0,0,0,0,0,0,0,0,0,4640,0,0,0]}},"read":"2021-01-11T18:38:09.069719977Z"}