################################################################################
# PkgEval set-up: 2021-01-11T19:04:54.647
#

Julia Version 1.5.3
Commit 599f52c4c6 (2020-12-18 13:33 UTC)
Platform Info:
  OS: Linux (x86_64-linux-gnu)
  CPU: AMD EPYC 7502 32-Core Processor
  WORD_SIZE: 64
  LIBM: libopenlibm
  LLVM: libLLVM-9.0.1 (ORCJIT, znver2)
Environment:
  JULIA_PKG_PRECOMPILE_AUTO = 0
  JULIA_PKGEVAL = true

Base.julia_cmd() = `/opt/julia/bin/julia -Cnative -J/opt/julia/lib/julia/sys.so -g1`


################################################################################
# Installation: 2021-01-11T19:04:56.409
#

 Installing known registries into `~/.julia`
######################################                                    53.5%######################################################################## 100.0%
      Added registry `General` to `~/.julia/registries/General`
  Resolving package versions...
  Installed MbedTLS_jll ───────────────── v2.16.8+1
  Installed Reddit ────────────────────── v0.1.1
  Installed Reexport ──────────────────── v0.2.0
  Installed DataValueInterfaces ───────── v1.0.0
  Installed DataAPI ───────────────────── v1.4.0
  Installed TableTraits ───────────────── v1.0.0
  Installed MbedTLS ───────────────────── v1.0.3
  Installed Tables ────────────────────── v1.2.2
  Installed OrderedCollections ────────── v1.3.2
  Installed RecipesBase ───────────────── v1.1.1
  Installed HTTP ──────────────────────── v0.8.19
  Installed CodeTracking ──────────────── v0.5.12
  Installed IteratorInterfaceExtensions ─ v1.0.0
  Installed TimeSeries ────────────────── v0.19.1
  Installed ConfParser ────────────────── v0.1.2
  Installed JuliaInterpreter ──────────── v0.7.26
  Installed JSON ──────────────────────── v0.21.1
  Installed JLLWrappers ───────────────── v1.2.0
  Installed Revise ────────────────────── v2.7.6
  Installed IniFile ───────────────────── v0.5.0
  Installed LoweredCodeUtils ──────────── v0.4.9
  Installed DocStringExtensions ───────── v0.8.3
  Installed Artifacts ─────────────────── v1.3.0
  Installed Parsers ───────────────────── v1.0.15
Updating `~/.julia/environments/v1.5/Project.toml`
  [27c6c700] + Reddit v0.1.1
Updating `~/.julia/environments/v1.5/Manifest.toml`
  [56f22d72] + Artifacts v1.3.0
  [da1fd8a2] + CodeTracking v0.5.12
  [88353bc9] + ConfParser v0.1.2
  [9a962f9c] + DataAPI v1.4.0
  [e2d170a0] + DataValueInterfaces v1.0.0
  [ffbed154] + DocStringExtensions v0.8.3
  [cd3eb016] + HTTP v0.8.19
  [83e8ac13] + IniFile v0.5.0
  [82899510] + IteratorInterfaceExtensions v1.0.0
  [692b3bcd] + JLLWrappers v1.2.0
  [682c06a0] + JSON v0.21.1
  [aa1ae85d] + JuliaInterpreter v0.7.26
  [6f1432cf] + LoweredCodeUtils v0.4.9
  [739be429] + MbedTLS v1.0.3
  [c8ffd9c3] + MbedTLS_jll v2.16.8+1
  [bac558e1] + OrderedCollections v1.3.2
  [69de0a69] + Parsers v1.0.15
  [3cdcf5f2] + RecipesBase v1.1.1
  [27c6c700] + Reddit v0.1.1
  [189a3867] + Reexport v0.2.0
  [295af30f] + Revise v2.7.6
  [3783bdb8] + TableTraits v1.0.0
  [bd369af6] + Tables v1.2.2
  [9e3dc215] + TimeSeries v0.19.1
  [2a0f44e3] + Base64
  [ade2ca70] + Dates
  [8bb1440f] + DelimitedFiles
  [8ba89e20] + Distributed
  [7b1f6079] + FileWatching
  [b77e0a4c] + InteractiveUtils
  [76f85450] + LibGit2
  [8f399da3] + Libdl
  [37e2e46d] + LinearAlgebra
  [56ddb016] + Logging
  [d6f4376e] + Markdown
  [a63ad114] + Mmap
  [44cfe95a] + Pkg
  [de0858da] + Printf
  [3fa0cd96] + REPL
  [9a3f8284] + Random
  [ea8e919c] + SHA
  [9e88b42a] + Serialization
  [6462fe0b] + Sockets
  [2f01184e] + SparseArrays
  [10745b16] + Statistics
  [8dfed614] + Test
  [cf7118a7] + UUIDs
  [4ec0a83e] + Unicode


################################################################################
# Testing: 2021-01-11T19:05:02.512
#

    Testing Reddit
Status `/tmp/jl_v2xyLT/Project.toml`
  [88353bc9] ConfParser v0.1.2
  [cd3eb016] HTTP v0.8.19
  [682c06a0] JSON v0.21.1
  [27c6c700] Reddit v0.1.1
  [295af30f] Revise v2.7.6
  [9e3dc215] TimeSeries v0.19.1
  [2a0f44e3] Base64
  [8dfed614] Test
Status `/tmp/jl_v2xyLT/Manifest.toml`
  [56f22d72] Artifacts v1.3.0
  [da1fd8a2] CodeTracking v0.5.12
  [88353bc9] ConfParser v0.1.2
  [9a962f9c] DataAPI v1.4.0
  [e2d170a0] DataValueInterfaces v1.0.0
  [ffbed154] DocStringExtensions v0.8.3
  [cd3eb016] HTTP v0.8.19
  [83e8ac13] IniFile v0.5.0
  [82899510] IteratorInterfaceExtensions v1.0.0
  [692b3bcd] JLLWrappers v1.2.0
  [682c06a0] JSON v0.21.1
  [aa1ae85d] JuliaInterpreter v0.7.26
  [6f1432cf] LoweredCodeUtils v0.4.9
  [739be429] MbedTLS v1.0.3
  [c8ffd9c3] MbedTLS_jll v2.16.8+1
  [bac558e1] OrderedCollections v1.3.2
  [69de0a69] Parsers v1.0.15
  [3cdcf5f2] RecipesBase v1.1.1
  [27c6c700] Reddit v0.1.1
  [189a3867] Reexport v0.2.0
  [295af30f] Revise v2.7.6
  [3783bdb8] TableTraits v1.0.0
  [bd369af6] Tables v1.2.2
  [9e3dc215] TimeSeries v0.19.1
  [2a0f44e3] Base64
  [ade2ca70] Dates
  [8bb1440f] DelimitedFiles
  [8ba89e20] Distributed
  [7b1f6079] FileWatching
  [b77e0a4c] InteractiveUtils
  [76f85450] LibGit2
  [8f399da3] Libdl
  [37e2e46d] LinearAlgebra
  [56ddb016] Logging
  [d6f4376e] Markdown
  [a63ad114] Mmap
  [44cfe95a] Pkg
  [de0858da] Printf
  [3fa0cd96] REPL
  [9a3f8284] Random
  [ea8e919c] SHA
  [9e88b42a] Serialization
  [6462fe0b] Sockets
  [2f01184e] SparseArrays
  [10745b16] Statistics
  [8dfed614] Test
  [cf7118a7] UUIDs
  [4ec0a83e] Unicode
Test Summary: | Pass  Total
Credentials   |    5      5
    Testing Reddit tests passed 

PkgEval succeeded


################################################################################
# PkgEval teardown: 2021-01-11T19:05:38.992
CPU usage: 44.35s (39.50s user, 4.94s kernel)

Network usage:
- eth0: 3.715 MiB received, 135.635 KiB sent

Raw statistics: {"blkio_stats":{"io_queue_recursive":[],"io_serviced_recursive":[{"major":259,"value":288,"op":"Read","minor":0},{"major":259,"value":24,"op":"Write","minor":0},{"major":259,"value":307,"op":"Sync","minor":0},{"major":259,"value":5,"op":"Async","minor":0},{"major":259,"value":0,"op":"Discard","minor":0},{"major":259,"value":312,"op":"Total","minor":0},{"major":253,"value":288,"op":"Read","minor":2},{"major":253,"value":24,"op":"Write","minor":2},{"major":253,"value":307,"op":"Sync","minor":2},{"major":253,"value":5,"op":"Async","minor":2},{"major":253,"value":0,"op":"Discard","minor":2},{"major":253,"value":312,"op":"Total","minor":2}],"io_time_recursive":[],"sectors_recursive":[],"io_service_bytes_recursive":[{"major":259,"value":1179648,"op":"Read","minor":0},{"major":259,"value":135168,"op":"Write","minor":0},{"major":259,"value":1286144,"op":"Sync","minor":0},{"major":259,"value":28672,"op":"Async","minor":0},{"major":259,"value":0,"op":"Discard","minor":0},{"major":259,"value":1314816,"op":"Total","minor":0},{"major":253,"value":1179648,"op":"Read","minor":2},{"major":253,"value":135168,"op":"Write","minor":2},{"major":253,"value":1286144,"op":"Sync","minor":2},{"major":253,"value":28672,"op":"Async","minor":2},{"major":253,"value":0,"op":"Discard","minor":2},{"major":253,"value":1314816,"op":"Total","minor":2}],"io_wait_time_recursive":[],"io_merged_recursive":[],"io_service_time_recursive":[]},"memory_stats":{"usage":310194176,"max_usage":1094217728,"stats":{"hierarchical_memory_limit":9223372036854771712,"pgmajfault":0,"total_rss":178270208,"inactive_file":135168,"inactive_anon":82182144,"total_pgfault":1366299,"total_cache":100618240,"total_rss_huge":0,"total_active_anon":191397888,"total_pgmajfault":0,"pgpgin":852423,"rss_huge":0,"mapped_file":0,"total_inactive_file":135168,"dirty":1081344,"total_unevictable":0,"total_dirty":1081344,"writeback":0,"pgpgout":784316,"hierarchical_memsw_limit":0,"cache":100618240,"active_file":5541888,"pgfault":1366299,"total_mapped_file":0,"total_pgpgout":784316,"total_writeback":0,"rss":178270208,"unevictable":0,"total_inactive_anon":82182144,"total_pgpgin":852423,"active_anon":191397888,"total_active_file":5541888},"limit":540965302272},"name":"/Reddit-XFdoj4Ex","networks":{"eth0":{"rx_bytes":3895897,"rx_packets":989,"tx_packets":1119,"tx_bytes":138890,"tx_dropped":0,"rx_dropped":2,"tx_errors":0,"rx_errors":0}},"id":"bd865b7554b890c72f34722920ca216aa2a52fb2c9247334cce35d8645388aae","preread":"0001-01-01T00:00:00Z","storage_stats":{},"precpu_stats":{"throttling_data":{"throttled_periods":0,"throttled_time":0,"periods":0},"cpu_usage":{"usage_in_usermode":0,"usage_in_kernelmode":0,"total_usage":0}},"pids_stats":{"current":40},"num_procs":0,"cpu_stats":{"throttling_data":{"throttled_periods":0,"throttled_time":0,"periods":0},"system_cpu_usage":4862365334522419,"online_cpus":128,"cpu_usage":{"usage_in_usermode":39500000000,"usage_in_kernelmode":4940000000,"total_usage":44345239226,"percpu_usage":[0,0,0,0,0,0,0,0,0,0,0,0,0,44345239226,0,0,0,0,0,0,0,0,0,0,0,0,0,0,0,0,0,0,0,0,0,0,0,0,0,0,0,0,0,0,0,0,0,0,0,0,0,0,0,0,0,0,0,0,0,0,0,0,0,0,0,0,0,0,0,0,0,0,0,0,0,0,0,0,0,0,0,0,0,0,0,0,0,0,0,0,0,0,0,0,0,0,0,0,0,0,0,0,0,0,0,0,0,0,0,0,0,0,0,0,0,0,0,0,0,0,0,0,0,0,0,0,0,0]}},"read":"2021-01-11T19:05:38.995579552Z"}