################################################################################
# PackageCompiler set-up: 2021-01-11T15:20:18.788
#

Julia Version 1.5.3
Commit 599f52c4c6 (2020-12-18 13:33 UTC)
Platform Info:
  OS: Linux (x86_64-linux-gnu)
  CPU: AMD EPYC 7502 32-Core Processor
  WORD_SIZE: 64
  LIBM: libopenlibm
  LLVM: libLLVM-9.0.1 (ORCJIT, znver2)
Environment:
  JULIA_PKGEVAL = true
  JULIA_PKG_PRECOMPILE_AUTO = 0



################################################################################
# Installation: 2021-01-11T15:20:20.502
#

 Installing known registries into `~/.julia`
#############                                                             18.3%######################################################################## 100.0%
      Added registry `General` to `~/.julia/registries/General`
  Resolving package versions...
  Installed ReduceAlgebra ──── v0.1.0
  Installed ReplMaker ──────── v0.2.4
  Installed ReduceLinAlg ───── v0.1.0
  Installed ForceImport ────── v0.0.3
  Installed SyntaxTree ─────── v1.0.1
  Installed AbstractLattices ─ v0.2.1
  Installed PackageCompiler ── v1.2.5
  Installed Reduce ─────────── v1.2.10
  Installed AbstractTensors ── v0.6.5
Updating `~/.julia/environments/v1.5/Project.toml`
  [9b87118b] + PackageCompiler v1.2.5
  [cc9b1b2d] + ReduceAlgebra v0.1.0
Updating `~/.julia/environments/v1.5/Manifest.toml`
  [398f06c4] + AbstractLattices v0.2.1
  [a8e43f4a] + AbstractTensors v0.6.5
  [9dda63f9] + ForceImport v0.0.3
  [9b87118b] + PackageCompiler v1.2.5
  [93e0c654] + Reduce v1.2.10
  [cc9b1b2d] + ReduceAlgebra v0.1.0
  [bfcbc1eb] + ReduceLinAlg v0.1.0
  [b873ce64] + ReplMaker v0.2.4
  [a4af3ec5] + SyntaxTree v1.0.1
  [2a0f44e3] + Base64
  [ade2ca70] + Dates
  [8ba89e20] + Distributed
  [b77e0a4c] + InteractiveUtils
  [76f85450] + LibGit2
  [8f399da3] + Libdl
  [37e2e46d] + LinearAlgebra
  [56ddb016] + Logging
  [d6f4376e] + Markdown
  [44cfe95a] + Pkg
  [de0858da] + Printf
  [3fa0cd96] + REPL
  [9a3f8284] + Random
  [ea8e919c] + SHA
  [9e88b42a] + Serialization
  [6462fe0b] + Sockets
  [8dfed614] + Test
  [cf7118a7] + UUIDs
  [4ec0a83e] + Unicode
   Building Reduce → `~/.julia/packages/Reduce/VT7mw/deps/build.log`


################################################################################
# Compiling: 2021-01-11T15:20:49.589
#

/home/pkgeval/.julia/packages/Reduce/VT7mw/deps/usr/lib/reduce/cslbuild/csl/reduce: error while loading shared libraries: libXrandr.so.2: cannot open shared object file: No such file or directory
ERROR: LoadError: InitError: BoundsError: attempt to access 1-element Array{SubString{String},1} at index [-2]
Stacktrace:
 [1] getindex(::Array{SubString{String},1}, ::Int64) at ./array.jl:809
 [2] Load() at /home/pkgeval/.julia/packages/Reduce/VT7mw/src/Reduce.jl:345
 [3] __init__() at /home/pkgeval/.julia/packages/Reduce/VT7mw/src/Reduce.jl:325
 [4] _include_from_serialized(::String, ::Array{Any,1}) at ./loading.jl:697
 [5] _require_from_serialized(::String) at ./loading.jl:749
 [6] _require(::Base.PkgId) at ./loading.jl:1040
 [7] require(::Base.PkgId) at ./loading.jl:928
 [8] require(::Module, ::Symbol) at ./loading.jl:923
 [9] include(::Function, ::Module, ::String) at ./Base.jl:380
 [10] include(::Module, ::String) at ./Base.jl:368
 [11] top-level scope at none:2
 [12] eval at ./boot.jl:331 [inlined]
 [13] eval(::Expr) at ./client.jl:467
 [14] top-level scope at ./none:3
during initialization of module Reduce
in expression starting at /home/pkgeval/.julia/packages/ReduceAlgebra/x4IMB/src/ReduceAlgebra.jl:7
ERROR: Failed to precompile ReduceAlgebra [cc9b1b2d-f4cf-5aeb-b1c9-57f66198f3ff] to /home/pkgeval/.julia/compiled/v1.5/ReduceAlgebra/KMuUW_MqueV.ji.
Stacktrace:
 [1] error(::String) at ./error.jl:33
 [2] compilecache(::Base.PkgId, ::String) at ./loading.jl:1305
 [3] _require(::Base.PkgId) at ./loading.jl:1030
 [4] require(::Base.PkgId) at ./loading.jl:928
 [5] require(::Module, ::Symbol) at ./loading.jl:923
ERROR: failed process: Process(`/opt/julia/bin/julia --color=yes --startup-file=no --sysimage=/opt/julia/lib/julia/sys.so --project=/home/pkgeval/.julia/environments/v1.5 -e 'import ReduceAlgebra'`, ProcessExited(1)) [1]

Stacktrace:
 [1] pipeline_error at ./process.jl:525 [inlined]
 [2] read(::Cmd) at ./process.jl:412
 [3] read(::Cmd, ::Type{String}) at ./process.jl:421
 [4] do_ensurecompiled(::String, ::Array{String,1}, ::String) at /home/pkgeval/.julia/packages/PackageCompiler/3BsME/src/PackageCompiler.jl:195
 [5] create_sysimg_object_file(::String, ::Array{String,1}; project::String, base_sysimage::String, precompile_execution_file::Array{String,1}, precompile_statements_file::Array{String,1}, cpu_target::String, script::Nothing, isapp::Bool) at /home/pkgeval/.julia/packages/PackageCompiler/3BsME/src/PackageCompiler.jl:260
 [6] create_sysimage(::Symbol; sysimage_path::String, project::String, precompile_execution_file::Array{String,1}, precompile_statements_file::Array{String,1}, incremental::Bool, filter_stdlibs::Bool, replace_default::Bool, cpu_target::String, script::Nothing, base_sysimage::Nothing, isapp::Bool) at /home/pkgeval/.julia/packages/PackageCompiler/3BsME/src/PackageCompiler.jl:442
 [7] top-level scope at ./timing.jl:233

