################################################################################
# PkgEval set-up: 2021-01-11T20:45:49.677
#

Julia Version 1.5.3
Commit 599f52c4c6 (2020-12-18 13:33 UTC)
Platform Info:
  OS: Linux (x86_64-linux-gnu)
  CPU: AMD EPYC 7502 32-Core Processor
  WORD_SIZE: 64
  LIBM: libopenlibm
  LLVM: libLLVM-9.0.1 (ORCJIT, znver2)
Environment:
  JULIA_PKG_PRECOMPILE_AUTO = 0
  JULIA_PKGEVAL = true

Base.julia_cmd() = `/opt/julia/bin/julia -Cnative -J/opt/julia/lib/julia/sys.so -g1`


################################################################################
# Installation: 2021-01-11T20:45:51.523
#

 Installing known registries into `~/.julia`
###################################################################       93.2%######################################################################## 100.0%
      Added registry `General` to `~/.julia/registries/General`
  Resolving package versions...
  Installed Redux ─ v0.1.0
Updating `~/.julia/environments/v1.5/Project.toml`
  [6d653af8] + Redux v0.1.0
Updating `~/.julia/environments/v1.5/Manifest.toml`
  [6d653af8] + Redux v0.1.0


################################################################################
# Testing: 2021-01-11T20:45:55.087
#

    Testing Redux
Status `/tmp/jl_v2pDSR/Project.toml`
  [6d653af8] Redux v0.1.0
  [8dfed614] Test
Status `/tmp/jl_v2pDSR/Manifest.toml`
  [6d653af8] Redux v0.1.0
  [2a0f44e3] Base64
  [8ba89e20] Distributed
  [b77e0a4c] InteractiveUtils
  [56ddb016] Logging
  [d6f4376e] Markdown
  [9a3f8284] Random
  [9e88b42a] Serialization
  [6462fe0b] Sockets
  [8dfed614] Test
Test Summary: | Pass  Total
Redux         |    8      8
    Testing Redux tests passed 

PkgEval succeeded


################################################################################
# PkgEval teardown: 2021-01-11T20:45:58.935
CPU usage: 9.30s (6.83s user, 2.50s kernel)

Network usage:
- eth0: 2.597 MiB received, 28.385 KiB sent

Raw statistics: {"blkio_stats":{"io_queue_recursive":[],"io_serviced_recursive":[{"major":259,"value":0,"op":"Read","minor":0},{"major":259,"value":24,"op":"Write","minor":0},{"major":259,"value":19,"op":"Sync","minor":0},{"major":259,"value":5,"op":"Async","minor":0},{"major":259,"value":0,"op":"Discard","minor":0},{"major":259,"value":24,"op":"Total","minor":0},{"major":253,"value":0,"op":"Read","minor":2},{"major":253,"value":24,"op":"Write","minor":2},{"major":253,"value":19,"op":"Sync","minor":2},{"major":253,"value":5,"op":"Async","minor":2},{"major":253,"value":0,"op":"Discard","minor":2},{"major":253,"value":24,"op":"Total","minor":2}],"io_time_recursive":[],"sectors_recursive":[],"io_service_bytes_recursive":[{"major":259,"value":0,"op":"Read","minor":0},{"major":259,"value":126976,"op":"Write","minor":0},{"major":259,"value":106496,"op":"Sync","minor":0},{"major":259,"value":20480,"op":"Async","minor":0},{"major":259,"value":0,"op":"Discard","minor":0},{"major":259,"value":126976,"op":"Total","minor":0},{"major":253,"value":0,"op":"Read","minor":2},{"major":253,"value":126976,"op":"Write","minor":2},{"major":253,"value":106496,"op":"Sync","minor":2},{"major":253,"value":20480,"op":"Async","minor":2},{"major":253,"value":0,"op":"Discard","minor":2},{"major":253,"value":126976,"op":"Total","minor":2}],"io_wait_time_recursive":[],"io_merged_recursive":[],"io_service_time_recursive":[]},"memory_stats":{"usage":325320704,"max_usage":572219392,"stats":{"hierarchical_memory_limit":9223372036854771712,"pgmajfault":0,"total_rss":216608768,"inactive_file":135168,"inactive_anon":78938112,"total_pgfault":247830,"total_cache":79458304,"total_rss_huge":0,"total_active_anon":217214976,"total_pgmajfault":0,"pgpgin":180972,"rss_huge":0,"mapped_file":0,"total_inactive_file":135168,"dirty":135168,"total_unevictable":0,"total_dirty":135168,"writeback":0,"pgpgout":108663,"hierarchical_memsw_limit":0,"cache":79458304,"active_file":135168,"pgfault":247830,"total_mapped_file":0,"total_pgpgout":108663,"total_writeback":0,"rss":216608768,"unevictable":0,"total_inactive_anon":78938112,"total_pgpgin":180972,"active_anon":217214976,"total_active_file":135168},"limit":540965302272},"name":"/Redux-Xl8UZ1Rj","networks":{"eth0":{"rx_bytes":2723436,"rx_packets":301,"tx_packets":298,"tx_bytes":29066,"tx_dropped":0,"rx_dropped":1,"tx_errors":0,"rx_errors":0}},"id":"f297555d9412d65bf7408e38fe485695da68ad6840b1586f22fd7918294492d7","preread":"0001-01-01T00:00:00Z","storage_stats":{},"precpu_stats":{"throttling_data":{"throttled_periods":0,"throttled_time":0,"periods":0},"cpu_usage":{"usage_in_usermode":0,"usage_in_kernelmode":0,"total_usage":0}},"pids_stats":{"current":40},"num_procs":0,"cpu_stats":{"throttling_data":{"throttled_periods":0,"throttled_time":0,"periods":0},"system_cpu_usage":5631819874522419,"online_cpus":128,"cpu_usage":{"usage_in_usermode":6830000000,"usage_in_kernelmode":2500000000,"total_usage":9303495467,"percpu_usage":[9303492307,0,0,0,0,0,0,0,0,0,0,0,0,0,0,0,0,0,0,0,0,0,0,0,0,0,0,0,0,0,0,0,0,0,0,0,0,0,0,0,0,0,0,0,0,0,0,0,0,0,0,0,0,0,0,0,0,0,0,0,0,0,0,0,3160,0,0,0,0,0,0,0,0,0,0,0,0,0,0,0,0,0,0,0,0,0,0,0,0,0,0,0,0,0,0,0,0,0,0,0,0,0,0,0,0,0,0,0,0,0,0,0,0,0,0,0,0,0,0,0,0,0,0,0,0,0,0,0]}},"read":"2021-01-11T20:45:58.93803637Z"}