################################################################################
# PkgEval set-up: 2021-01-11T20:10:57.208
#

Julia Version 1.5.3
Commit 599f52c4c6 (2020-12-18 13:33 UTC)
Platform Info:
  OS: Linux (x86_64-linux-gnu)
  CPU: AMD EPYC 7502 32-Core Processor
  WORD_SIZE: 64
  LIBM: libopenlibm
  LLVM: libLLVM-9.0.1 (ORCJIT, znver2)
Environment:
  JULIA_PKG_PRECOMPILE_AUTO = 0
  JULIA_PKGEVAL = true

Base.julia_cmd() = `/opt/julia/bin/julia -Cnative -J/opt/julia/lib/julia/sys.so -g1`


################################################################################
# Installation: 2021-01-11T20:10:59.045
#

 Installing known registries into `~/.julia`
######################################################################## 100.0%
      Added registry `General` to `~/.julia/registries/General`
  Resolving package versions...
  Installed ReinforcementLearningEnvironmentGym ─ v0.2.0
  Installed ReinforcementLearningBase ─────────── v0.8.5
  Installed MacroTools ────────────────────────── v0.5.6
  Installed Conda ─────────────────────────────── v1.5.0
  Installed AbstractTrees ─────────────────────── v0.3.3
  Installed PyCall ────────────────────────────── v1.92.2
  Installed JSON ──────────────────────────────── v0.21.1
  Installed CommonRLInterface ─────────────────── v0.2.2
  Installed VersionParsing ────────────────────── v1.2.0
  Installed Parsers ───────────────────────────── v1.0.15
Updating `~/.julia/environments/v1.5/Project.toml`
  [79e443b6] + ReinforcementLearningEnvironmentGym v0.2.0
Updating `~/.julia/environments/v1.5/Manifest.toml`
  [1520ce14] + AbstractTrees v0.3.3
  [d842c3ba] + CommonRLInterface v0.2.2
  [8f4d0f93] + Conda v1.5.0
  [682c06a0] + JSON v0.21.1
  [1914dd2f] + MacroTools v0.5.6
  [69de0a69] + Parsers v1.0.15
  [438e738f] + PyCall v1.92.2
  [e575027e] + ReinforcementLearningBase v0.8.5
  [79e443b6] + ReinforcementLearningEnvironmentGym v0.2.0
  [81def892] + VersionParsing v1.2.0
  [2a0f44e3] + Base64
  [ade2ca70] + Dates
  [8ba89e20] + Distributed
  [b77e0a4c] + InteractiveUtils
  [8f399da3] + Libdl
  [37e2e46d] + LinearAlgebra
  [56ddb016] + Logging
  [d6f4376e] + Markdown
  [a63ad114] + Mmap
  [de0858da] + Printf
  [9a3f8284] + Random
  [9e88b42a] + Serialization
  [6462fe0b] + Sockets
  [8dfed614] + Test
  [4ec0a83e] + Unicode
   Building Conda ──────────────────────────────→ `~/.julia/packages/Conda/x5ml4/deps/build.log`
   Building PyCall ─────────────────────────────→ `~/.julia/packages/PyCall/tqyST/deps/build.log`
   Building ReinforcementLearningEnvironmentGym → `~/.julia/packages/ReinforcementLearningEnvironmentGym/ov8nI/deps/build.log`


################################################################################
# Testing: 2021-01-11T20:12:10.851
#

    Testing ReinforcementLearningEnvironmentGym
Status `/tmp/jl_deUmKR/Project.toml`
  [438e738f] PyCall v1.92.2
  [e575027e] ReinforcementLearningBase v0.8.5
  [79e443b6] ReinforcementLearningEnvironmentGym v0.2.0
  [8dfed614] Test
Status `/tmp/jl_deUmKR/Manifest.toml`
  [1520ce14] AbstractTrees v0.3.3
  [d842c3ba] CommonRLInterface v0.2.2
  [8f4d0f93] Conda v1.5.0
  [682c06a0] JSON v0.21.1
  [1914dd2f] MacroTools v0.5.6
  [69de0a69] Parsers v1.0.15
  [438e738f] PyCall v1.92.2
  [e575027e] ReinforcementLearningBase v0.8.5
  [79e443b6] ReinforcementLearningEnvironmentGym v0.2.0
  [81def892] VersionParsing v1.2.0
  [2a0f44e3] Base64
  [ade2ca70] Dates
  [8ba89e20] Distributed
  [b77e0a4c] InteractiveUtils
  [8f399da3] Libdl
  [37e2e46d] LinearAlgebra
  [56ddb016] Logging
  [d6f4376e] Markdown
  [a63ad114] Mmap
  [de0858da] Printf
  [9a3f8284] Random
  [9e88b42a] Serialization
  [6462fe0b] Sockets
  [8dfed614] Test
  [4ec0a83e] Unicode
WARNING: could not import ReinforcementLearningBase.interact! into ReinforcementLearningEnvironmentGym
WARNING: could not import ReinforcementLearningBase.getstate into ReinforcementLearningEnvironmentGym
WARNING: could not import ReinforcementLearningBase.plotenv into ReinforcementLearningEnvironmentGym
WARNING: could not import ReinforcementLearningBase.actionspace into ReinforcementLearningEnvironmentGym
┌ Warning: `getindex(o::PyObject, s::Symbol)` is deprecated in favor of dot overloading (`getproperty`) so elements should now be accessed as e.g. `o.s` instead of `o[:s]`.
│   caller = GymEnv(::String) at ReinforcementLearningEnvironmentGym.jl:32
└ @ ReinforcementLearningEnvironmentGym ~/.julia/packages/ReinforcementLearningEnvironmentGym/ov8nI/src/ReinforcementLearningEnvironmentGym.jl:32
┌ Warning: `getindex(o::PyObject, s::Symbol)` is deprecated in favor of dot overloading (`getproperty`) so elements should now be accessed as e.g. `o.s` instead of `o[:s]`.
│   caller = GymEnv(::String) at ReinforcementLearningEnvironmentGym.jl:33
└ @ ReinforcementLearningEnvironmentGym ~/.julia/packages/ReinforcementLearningEnvironmentGym/ov8nI/src/ReinforcementLearningEnvironmentGym.jl:33
┌ Warning: `getindex(o::PyObject, s::Symbol)` is deprecated in favor of dot overloading (`getproperty`) so elements should now be accessed as e.g. `o.s` instead of `o[:s]`.
│   caller = gymspace2jlspace(::PyCall.PyObject) at ReinforcementLearningEnvironmentGym.jl:13
└ @ ReinforcementLearningEnvironmentGym ~/.julia/packages/ReinforcementLearningEnvironmentGym/ov8nI/src/ReinforcementLearningEnvironmentGym.jl:13
┌ Warning: `getindex(o::PyObject, s::Symbol)` is deprecated in favor of dot overloading (`getproperty`) so elements should now be accessed as e.g. `o.s` instead of `o[:s]`.
│   caller = gymspace2jlspace(::PyCall.PyObject) at ReinforcementLearningEnvironmentGym.jl:13
└ @ ReinforcementLearningEnvironmentGym ~/.julia/packages/ReinforcementLearningEnvironmentGym/ov8nI/src/ReinforcementLearningEnvironmentGym.jl:13
┌ Warning: `getindex(o::PyObject, s::Symbol)` is deprecated in favor of dot overloading (`getproperty`) so elements should now be accessed as e.g. `o.s` instead of `o[:s]`.
│   caller = gymspace2jlspace(::PyCall.PyObject) at ReinforcementLearningEnvironmentGym.jl:14
└ @ ReinforcementLearningEnvironmentGym ~/.julia/packages/ReinforcementLearningEnvironmentGym/ov8nI/src/ReinforcementLearningEnvironmentGym.jl:14
┌ Warning: `getindex(o::PyObject, s::Symbol)` is deprecated in favor of dot overloading (`getproperty`) so elements should now be accessed as e.g. `o.s` instead of `o[:s]`.
│   caller = gymspace2jlspace(::PyCall.PyObject) at ReinforcementLearningEnvironmentGym.jl:14
└ @ ReinforcementLearningEnvironmentGym ~/.julia/packages/ReinforcementLearningEnvironmentGym/ov8nI/src/ReinforcementLearningEnvironmentGym.jl:14
ERROR: LoadError: UndefVarError: BoxSpace not defined
Stacktrace:
 [1] gymspace2jlspace(::PyCall.PyObject) at /home/pkgeval/.julia/packages/ReinforcementLearningEnvironmentGym/ov8nI/src/ReinforcementLearningEnvironmentGym.jl:14
 [2] GymEnv(::String) at /home/pkgeval/.julia/packages/ReinforcementLearningEnvironmentGym/ov8nI/src/ReinforcementLearningEnvironmentGym.jl:33
 [3] top-level scope at /home/pkgeval/.julia/packages/ReinforcementLearningEnvironmentGym/ov8nI/test/runtests.jl:3
 [4] include(::String) at ./client.jl:457
 [5] top-level scope at none:6
in expression starting at /home/pkgeval/.julia/packages/ReinforcementLearningEnvironmentGym/ov8nI/test/runtests.jl:3

PkgEval failed: Package ReinforcementLearningEnvironmentGym errored during testing
Stacktrace:
 [1] pkgerror(::String) at /workspace/srcdir/usr/share/julia/stdlib/v1.5/Pkg/src/Types.jl:52
 [2] test(::Pkg.Types.Context, ::Array{Pkg.Types.PackageSpec,1}; coverage::Bool, julia_args::Cmd, test_args::Cmd, test_fn::Nothing) at /workspace/srcdir/usr/share/julia/stdlib/v1.5/Pkg/src/Operations.jl:1578
 [3] test(::Pkg.Types.Context, ::Array{Pkg.Types.PackageSpec,1}; coverage::Bool, test_fn::Nothing, julia_args::Cmd, test_args::Cmd, kwargs::Base.Iterators.Pairs{Union{},Union{},Tuple{},NamedTuple{(),Tuple{}}}) at /workspace/srcdir/usr/share/julia/stdlib/v1.5/Pkg/src/API.jl:327
 [4] test(::Pkg.Types.Context, ::Array{Pkg.Types.PackageSpec,1}) at /workspace/srcdir/usr/share/julia/stdlib/v1.5/Pkg/src/API.jl:314
 [5] #test#61 at /workspace/srcdir/usr/share/julia/stdlib/v1.5/Pkg/src/API.jl:67 [inlined]
 [6] test at /workspace/srcdir/usr/share/julia/stdlib/v1.5/Pkg/src/API.jl:67 [inlined]
 [7] #test#60 at /workspace/srcdir/usr/share/julia/stdlib/v1.5/Pkg/src/API.jl:66 [inlined]
 [8] test at /workspace/srcdir/usr/share/julia/stdlib/v1.5/Pkg/src/API.jl:66 [inlined]
 [9] test(::String; kwargs::Base.Iterators.Pairs{Union{},Union{},Tuple{},NamedTuple{(),Tuple{}}}) at /workspace/srcdir/usr/share/julia/stdlib/v1.5/Pkg/src/API.jl:65
 [10] test(::String) at /workspace/srcdir/usr/share/julia/stdlib/v1.5/Pkg/src/API.jl:65
 [11] top-level scope at none:22
 [12] eval at ./boot.jl:331 [inlined]
 [13] eval(::Expr) at ./client.jl:467
 [14] top-level scope at none:1
 [15] eval(::Module, ::Any) at ./boot.jl:331
 [16] exec_options(::Base.JLOptions) at ./client.jl:272
 [17] _start() at ./client.jl:506


################################################################################
# PkgEval teardown: 2021-01-11T20:12:29.361
CPU usage: 90.72s (80.62s user, 10.32s kernel)

Network usage:
- eth0: 351.919 MiB received, 949.748 KiB sent

Raw statistics: {"blkio_stats":{"io_queue_recursive":[],"io_serviced_recursive":[{"major":259,"value":0,"op":"Read","minor":0},{"major":259,"value":50,"op":"Write","minor":0},{"major":259,"value":19,"op":"Sync","minor":0},{"major":259,"value":31,"op":"Async","minor":0},{"major":259,"value":0,"op":"Discard","minor":0},{"major":259,"value":50,"op":"Total","minor":0},{"major":253,"value":0,"op":"Read","minor":2},{"major":253,"value":50,"op":"Write","minor":2},{"major":253,"value":19,"op":"Sync","minor":2},{"major":253,"value":31,"op":"Async","minor":2},{"major":253,"value":0,"op":"Discard","minor":2},{"major":253,"value":50,"op":"Total","minor":2}],"io_time_recursive":[],"sectors_recursive":[],"io_service_bytes_recursive":[{"major":259,"value":0,"op":"Read","minor":0},{"major":259,"value":278528,"op":"Write","minor":0},{"major":259,"value":106496,"op":"Sync","minor":0},{"major":259,"value":172032,"op":"Async","minor":0},{"major":259,"value":0,"op":"Discard","minor":0},{"major":259,"value":278528,"op":"Total","minor":0},{"major":253,"value":0,"op":"Read","minor":2},{"major":253,"value":278528,"op":"Write","minor":2},{"major":253,"value":106496,"op":"Sync","minor":2},{"major":253,"value":172032,"op":"Async","minor":2},{"major":253,"value":0,"op":"Discard","minor":2},{"major":253,"value":278528,"op":"Total","minor":2}],"io_wait_time_recursive":[],"io_merged_recursive":[],"io_service_time_recursive":[]},"memory_stats":{"usage":2385956864,"max_usage":2919538688,"stats":{"hierarchical_memory_limit":9223372036854771712,"pgmajfault":0,"total_rss":247402496,"inactive_file":135168,"inactive_anon":1577275392,"total_pgfault":2116752,"total_cache":2073260032,"total_rss_huge":0,"total_active_anon":743424000,"total_pgmajfault":0,"pgpgin":2043591,"rss_huge":0,"mapped_file":0,"total_inactive_file":135168,"dirty":540672,"total_unevictable":0,"total_dirty":540672,"writeback":0,"pgpgout":1476980,"hierarchical_memsw_limit":0,"cache":2073260032,"active_file":135168,"pgfault":2116752,"total_mapped_file":0,"total_pgpgout":1476980,"total_writeback":0,"rss":247402496,"unevictable":0,"total_inactive_anon":1577275392,"total_pgpgin":2043591,"active_anon":743424000,"total_active_file":135168},"limit":540965302272},"name":"/ReinforcementLearningEnvironmentGym-yAFvAU4F","networks":{"eth0":{"rx_bytes":369014262,"rx_packets":30744,"tx_packets":15921,"tx_bytes":972542,"tx_dropped":0,"rx_dropped":3,"tx_errors":0,"rx_errors":0}},"id":"026d889ae50628bbb3736404d0c6d4f544b47c755e57b54d250c731e5f4ac6b0","preread":"0001-01-01T00:00:00Z","storage_stats":{},"precpu_stats":{"throttling_data":{"throttled_periods":0,"throttled_time":0,"periods":0},"cpu_usage":{"usage_in_usermode":0,"usage_in_kernelmode":0,"total_usage":0}},"pids_stats":{"current":40},"num_procs":0,"cpu_stats":{"throttling_data":{"throttled_periods":0,"throttled_time":0,"periods":0},"system_cpu_usage":5375019834522419,"online_cpus":128,"cpu_usage":{"usage_in_usermode":80620000000,"usage_in_kernelmode":10320000000,"total_usage":90720797978,"percpu_usage":[0,0,0,0,0,0,0,0,0,0,0,0,0,0,0,0,0,0,0,0,0,0,0,0,0,0,0,0,0,0,0,0,0,0,0,0,0,0,0,0,0,0,90718163176,0,0,0,0,0,0,0,0,0,0,0,0,0,0,0,0,0,0,0,0,0,0,0,0,0,0,0,0,0,0,0,0,0,0,0,0,0,0,0,0,0,0,0,0,0,0,0,0,0,0,0,0,0,0,0,0,0,0,0,0,0,11940,0,0,2622862,0,0,0,0,0,0,0,0,0,0,0,0,0,0,0,0,0,0,0,0]}},"read":"2021-01-11T20:12:29.364276067Z"}