################################################################################
# PkgEval set-up: 2021-01-11T18:09:39.204
#

Julia Version 1.5.3
Commit 599f52c4c6 (2020-12-18 13:33 UTC)
Platform Info:
  OS: Linux (x86_64-linux-gnu)
  CPU: AMD EPYC 7502 32-Core Processor
  WORD_SIZE: 64
  LIBM: libopenlibm
  LLVM: libLLVM-9.0.1 (ORCJIT, znver2)
Environment:
  JULIA_PKG_PRECOMPILE_AUTO = 0
  JULIA_PKGEVAL = true

Base.julia_cmd() = `/opt/julia/bin/julia -Cnative -J/opt/julia/lib/julia/sys.so -g1`


################################################################################
# Installation: 2021-01-11T18:09:40.998
#

 Installing known registries into `~/.julia`
######################################################################## 100.0%
      Added registry `General` to `~/.julia/registries/General`
  Resolving package versions...
  Installed CompilerSupportLibraries_jll ─ v0.3.4+0
  Installed IdentityRanges ─────────────── v0.3.1
  Installed Functors ───────────────────── v0.1.0
  Installed Media ──────────────────────── v0.5.0
  Installed ZygoteRules ────────────────── v0.2.1
  Installed Juno ───────────────────────── v0.8.4
  Installed ReinforcementLearningCore ──── v0.6.3
  Installed GPUArrays ──────────────────── v6.2.0
  Installed PaddedViews ────────────────── v0.5.7
  Installed Reexport ───────────────────── v0.2.0
  Installed Zlib_jll ───────────────────── v1.2.11+18
  Installed WoodburyMatrices ───────────── v0.5.3
  Installed Scratch ────────────────────── v1.0.3
  Installed Zygote ─────────────────────── v0.5.17
  Installed CommonSubexpressions ───────── v0.3.0
  Installed ElasticArrays ──────────────── v1.2.4
  Installed Rmath_jll ──────────────────── v0.2.2+1
  Installed Rmath ──────────────────────── v0.6.1
  Installed MuladdMacro ────────────────── v0.2.2
  Installed CEnum ──────────────────────── v0.4.1
  Installed TranscodingStreams ─────────── v0.9.5
  Installed ColorVectorSpace ───────────── v0.8.7
  Installed DataStructures ─────────────── v0.18.8
  Installed StatsBase ──────────────────── v0.33.2
  Installed LLVM ───────────────────────── v3.5.2
  Installed Flux ───────────────────────── v0.11.3
  Installed CUDA ───────────────────────── v2.4.0
  Installed FillArrays ─────────────────── v0.10.2
  Installed Requires ───────────────────── v1.1.2
  Installed ReinforcementLearningBase ──── v0.9.1
  Installed DataAPI ────────────────────── v1.4.0
  Installed QuadGK ─────────────────────── v2.4.1
  Installed CircularArrayBuffers ───────── v0.1.2
  Installed DiffRules ──────────────────── v1.0.2
  Installed TimerOutputs ───────────────── v0.5.7
  Installed DiffResults ────────────────── v1.0.3
  Installed Ratios ─────────────────────── v0.4.0
  Installed Setfield ───────────────────── v0.7.0
  Installed MosaicViews ────────────────── v0.2.4
  Installed ConstructionBase ───────────── v1.0.0
  Installed ArrayLayouts ───────────────── v0.4.12
  Installed Colors ─────────────────────── v0.12.6
  Installed OrderedCollections ─────────── v1.3.2
  Installed ColorTypes ─────────────────── v0.10.9
  Installed CommonRLInterface ──────────── v0.2.2
  Installed StaticArrays ───────────────── v1.0.1
  Installed Rotations ──────────────────── v1.0.2
  Installed LoopVectorization ──────────── v0.9.18
  Installed CodecZlib ──────────────────── v0.7.0
  Installed IRTools ────────────────────── v0.4.2
  Installed Missings ───────────────────── v0.4.4
  Installed MacroTools ─────────────────── v0.5.6
  Installed MappedArrays ───────────────── v0.3.0
  Installed JLLWrappers ────────────────── v1.2.0
  Installed AbstractFFTs ───────────────── v0.5.0
  Installed AxisAlgorithms ─────────────── v1.0.0
  Installed Hwloc ──────────────────────── v1.1.0
  Installed NaNMath ────────────────────── v0.3.5
  Installed ZipFile ────────────────────── v0.9.3
  Installed ArrayInterface ─────────────── v2.14.13
  Installed VectorizationBase ──────────── v0.15.2
  Installed PDMats ─────────────────────── v0.10.1
  Installed Distributions ──────────────── v0.24.10
  Installed Interpolations ─────────────── v0.13.1
  Installed ChainRules ─────────────────── v0.7.45
  Installed IfElse ─────────────────────── v0.1.0
  Installed CoordinateTransformations ──── v0.6.1
  Installed Adapt ──────────────────────── v2.4.0
  Installed StatsFuns ──────────────────── v0.9.6
  Installed ForwardDiff ────────────────── v0.10.14
  Installed Graphics ───────────────────── v1.0.2
  Installed OffsetArrays ───────────────── v1.5.0
  Installed ImageTransformations ───────── v0.8.8
  Installed FixedPointNumbers ──────────── v0.8.4
  Installed BFloat16s ──────────────────── v0.1.0
  Installed ExprTools ──────────────────── v0.1.3
  Installed ImageCore ──────────────────── v0.8.20
  Installed AbstractTrees ──────────────── v0.3.3
  Installed UnPack ─────────────────────── v1.0.2
  Installed SortingAlgorithms ──────────── v0.3.1
  Installed SpecialFunctions ───────────── v1.2.1
  Installed ProgressMeter ──────────────── v1.4.1
  Installed Compat ─────────────────────── v3.25.0
  Installed DocStringExtensions ────────── v0.8.3
  Installed ChainRulesCore ─────────────── v0.9.24
  Installed SLEEFPirates ───────────────── v0.6.4
  Installed NNlib ──────────────────────── v0.7.11
  Installed OpenSpecFun_jll ────────────── v0.5.3+4
  Installed GPUCompiler ────────────────── v0.8.3
  Installed Artifacts ──────────────────── v1.3.0
  Installed Hwloc_jll ──────────────────── v2.2.0+0
Updating `~/.julia/environments/v1.5/Project.toml`
  [de1b191a] + ReinforcementLearningCore v0.6.3
Updating `~/.julia/environments/v1.5/Manifest.toml`
  [621f4979] + AbstractFFTs v0.5.0
  [1520ce14] + AbstractTrees v0.3.3
  [79e6a3ab] + Adapt v2.4.0
  [4fba245c] + ArrayInterface v2.14.13
  [4c555306] + ArrayLayouts v0.4.12
  [56f22d72] + Artifacts v1.3.0
  [13072b0f] + AxisAlgorithms v1.0.0
  [ab4f0b2a] + BFloat16s v0.1.0
  [fa961155] + CEnum v0.4.1
  [052768ef] + CUDA v2.4.0
  [082447d4] + ChainRules v0.7.45
  [d360d2e6] + ChainRulesCore v0.9.24
  [9de3a189] + CircularArrayBuffers v0.1.2
  [944b1d66] + CodecZlib v0.7.0
  [3da002f7] + ColorTypes v0.10.9
  [c3611d14] + ColorVectorSpace v0.8.7
  [5ae59095] + Colors v0.12.6
  [d842c3ba] + CommonRLInterface v0.2.2
  [bbf7d656] + CommonSubexpressions v0.3.0
  [34da2185] + Compat v3.25.0
  [e66e0078] + CompilerSupportLibraries_jll v0.3.4+0
  [187b0558] + ConstructionBase v1.0.0
  [150eb455] + CoordinateTransformations v0.6.1
  [9a962f9c] + DataAPI v1.4.0
  [864edb3b] + DataStructures v0.18.8
  [163ba53b] + DiffResults v1.0.3
  [b552c78f] + DiffRules v1.0.2
  [31c24e10] + Distributions v0.24.10
  [ffbed154] + DocStringExtensions v0.8.3
  [fdbdab4c] + ElasticArrays v1.2.4
  [e2ba6199] + ExprTools v0.1.3
  [1a297f60] + FillArrays v0.10.2
  [53c48c17] + FixedPointNumbers v0.8.4
  [587475ba] + Flux v0.11.3
  [f6369f11] + ForwardDiff v0.10.14
  [d9f16b24] + Functors v0.1.0
  [0c68f7d7] + GPUArrays v6.2.0
  [61eb1bfa] + GPUCompiler v0.8.3
  [a2bd30eb] + Graphics v1.0.2
  [0e44f5e4] + Hwloc v1.1.0
  [e33a78d0] + Hwloc_jll v2.2.0+0
  [7869d1d1] + IRTools v0.4.2
  [bbac6d45] + IdentityRanges v0.3.1
  [615f187c] + IfElse v0.1.0
  [a09fc81d] + ImageCore v0.8.20
  [02fcd773] + ImageTransformations v0.8.8
  [a98d9a8b] + Interpolations v0.13.1
  [692b3bcd] + JLLWrappers v1.2.0
  [e5e0dc1b] + Juno v0.8.4
  [929cbde3] + LLVM v3.5.2
  [bdcacae8] + LoopVectorization v0.9.18
  [1914dd2f] + MacroTools v0.5.6
  [dbb5928d] + MappedArrays v0.3.0
  [e89f7d12] + Media v0.5.0
  [e1d29d7a] + Missings v0.4.4
  [e94cdb99] + MosaicViews v0.2.4
  [46d2c3a1] + MuladdMacro v0.2.2
  [872c559c] + NNlib v0.7.11
  [77ba4419] + NaNMath v0.3.5
  [6fe1bfb0] + OffsetArrays v1.5.0
  [efe28fd5] + OpenSpecFun_jll v0.5.3+4
  [bac558e1] + OrderedCollections v1.3.2
  [90014a1f] + PDMats v0.10.1
  [5432bcbf] + PaddedViews v0.5.7
  [92933f4c] + ProgressMeter v1.4.1
  [1fd47b50] + QuadGK v2.4.1
  [c84ed2f1] + Ratios v0.4.0
  [189a3867] + Reexport v0.2.0
  [e575027e] + ReinforcementLearningBase v0.9.1
  [de1b191a] + ReinforcementLearningCore v0.6.3
  [ae029012] + Requires v1.1.2
  [79098fc4] + Rmath v0.6.1
  [f50d1b31] + Rmath_jll v0.2.2+1
  [6038ab10] + Rotations v1.0.2
  [476501e8] + SLEEFPirates v0.6.4
  [6c6a2e73] + Scratch v1.0.3
  [efcf1570] + Setfield v0.7.0
  [a2af1166] + SortingAlgorithms v0.3.1
  [276daf66] + SpecialFunctions v1.2.1
  [90137ffa] + StaticArrays v1.0.1
  [2913bbd2] + StatsBase v0.33.2
  [4c63d2b9] + StatsFuns v0.9.6
  [a759f4b9] + TimerOutputs v0.5.7
  [3bb67fe8] + TranscodingStreams v0.9.5
  [3a884ed6] + UnPack v1.0.2
  [3d5dd08c] + VectorizationBase v0.15.2
  [efce3f68] + WoodburyMatrices v0.5.3
  [a5390f91] + ZipFile v0.9.3
  [83775a58] + Zlib_jll v1.2.11+18
  [e88e6eb3] + Zygote v0.5.17
  [700de1a5] + ZygoteRules v0.2.1
  [2a0f44e3] + Base64
  [ade2ca70] + Dates
  [8bb1440f] + DelimitedFiles
  [8ba89e20] + Distributed
  [9fa8497b] + Future
  [b77e0a4c] + InteractiveUtils
  [76f85450] + LibGit2
  [8f399da3] + Libdl
  [37e2e46d] + LinearAlgebra
  [56ddb016] + Logging
  [d6f4376e] + Markdown
  [a63ad114] + Mmap
  [44cfe95a] + Pkg
  [de0858da] + Printf
  [9abbd945] + Profile
  [3fa0cd96] + REPL
  [9a3f8284] + Random
  [ea8e919c] + SHA
  [9e88b42a] + Serialization
  [1a1011a3] + SharedArrays
  [6462fe0b] + Sockets
  [2f01184e] + SparseArrays
  [10745b16] + Statistics
  [4607b0f0] + SuiteSparse
  [8dfed614] + Test
  [cf7118a7] + UUIDs
  [4ec0a83e] + Unicode


################################################################################
# Testing: 2021-01-11T18:09:52.039
#

    Testing ReinforcementLearningCore
Status `/tmp/jl_Nxd8ER/Project.toml`
  [052768ef] CUDA v2.4.0
  [9de3a189] CircularArrayBuffers v0.1.2
  [31c24e10] Distributions v0.24.10
  [587475ba] Flux v0.11.3
  [e575027e] ReinforcementLearningBase v0.9.1
  [de1b191a] ReinforcementLearningCore v0.6.3
  [25e41dd2] ReinforcementLearningEnvironments v0.4.3
  [2913bbd2] StatsBase v0.33.2
  [e88e6eb3] Zygote v0.5.17
  [9a3f8284] Random
  [8dfed614] Test
Status `/tmp/jl_Nxd8ER/Manifest.toml`
  [621f4979] AbstractFFTs v0.5.0
  [1520ce14] AbstractTrees v0.3.3
  [79e6a3ab] Adapt v2.4.0
  [ec485272] ArnoldiMethod v0.0.2
  [4fba245c] ArrayInterface v2.14.13
  [4c555306] ArrayLayouts v0.4.12
  [56f22d72] Artifacts v1.3.0
  [13072b0f] AxisAlgorithms v1.0.0
  [ab4f0b2a] BFloat16s v0.1.0
  [6e34b625] Bzip2_jll v1.0.6+5
  [fa961155] CEnum v0.4.1
  [052768ef] CUDA v2.4.0
  [83423d85] Cairo_jll v1.16.0+6
  [082447d4] ChainRules v0.7.45
  [d360d2e6] ChainRulesCore v0.9.24
  [9de3a189] CircularArrayBuffers v0.1.2
  [944b1d66] CodecZlib v0.7.0
  [3da002f7] ColorTypes v0.10.9
  [c3611d14] ColorVectorSpace v0.8.7
  [5ae59095] Colors v0.12.6
  [d842c3ba] CommonRLInterface v0.2.2
  [bbf7d656] CommonSubexpressions v0.3.0
  [34da2185] Compat v3.25.0
  [e66e0078] CompilerSupportLibraries_jll v0.3.4+0
  [187b0558] ConstructionBase v1.0.0
  [150eb455] CoordinateTransformations v0.6.1
  [9a962f9c] DataAPI v1.4.0
  [864edb3b] DataStructures v0.18.8
  [e2d170a0] DataValueInterfaces v1.0.0
  [2b5f629d] DiffEqBase v6.53.4
  [163ba53b] DiffResults v1.0.3
  [b552c78f] DiffRules v1.0.2
  [b4f34e82] Distances v0.10.0
  [31c24e10] Distributions v0.24.10
  [ffbed154] DocStringExtensions v0.8.3
  [fdbdab4c] ElasticArrays v1.2.4
  [da5c29d0] EllipsisNotation v1.0.0
  [2e619515] Expat_jll v2.2.7+6
  [d4d017d3] ExponentialUtilities v1.8.0
  [e2ba6199] ExprTools v0.1.3
  [b22a6f82] FFMPEG_jll v4.3.1+4
  [9aa1b823] FastClosures v0.3.2
  [1a297f60] FillArrays v0.10.2
  [6a86dc24] FiniteDiff v2.7.2
  [53c48c17] FixedPointNumbers v0.8.4
  [587475ba] Flux v0.11.3
  [a3f928ae] Fontconfig_jll v2.13.1+14
  [f6369f11] ForwardDiff v0.10.14
  [d7e528f0] FreeType2_jll v2.10.1+5
  [559328eb] FriBidi_jll v1.0.5+6
  [069b7b12] FunctionWrappers v1.1.1
  [d9f16b24] Functors v0.1.0
  [0656b61e] GLFW_jll v3.3.2+1
  [0c68f7d7] GPUArrays v6.2.0
  [61eb1bfa] GPUCompiler v0.8.3
  [28b8d3ca] GR v0.53.0
  [d2c73de3] GR_jll v0.53.0+0
  [01680d73] GenericSVD v0.3.0
  [78b55507] Gettext_jll v0.20.1+7
  [7746bdde] Glib_jll v2.59.0+4
  [a2bd30eb] Graphics v1.0.2
  [cd3eb016] HTTP v0.8.19
  [0e44f5e4] Hwloc v1.1.0
  [e33a78d0] Hwloc_jll v2.2.0+0
  [7869d1d1] IRTools v0.4.2
  [bbac6d45] IdentityRanges v0.3.1
  [615f187c] IfElse v0.1.0
  [a09fc81d] ImageCore v0.8.20
  [02fcd773] ImageTransformations v0.8.8
  [d25df0c9] Inflate v0.1.2
  [83e8ac13] IniFile v0.5.0
  [a98d9a8b] Interpolations v0.13.1
  [8197267c] IntervalSets v0.5.2
  [42fd0dbc] IterativeSolvers v0.9.0
  [82899510] IteratorInterfaceExtensions v1.0.0
  [692b3bcd] JLLWrappers v1.2.0
  [682c06a0] JSON v0.21.1
  [aacddb02] JpegTurbo_jll v2.0.1+3
  [e5e0dc1b] Juno v0.8.4
  [c1c5ebd0] LAME_jll v3.100.0+3
  [929cbde3] LLVM v3.5.2
  [dd4b983a] LZO_jll v2.10.0+3
  [2ee39098] LabelledArrays v1.4.0
  [dd192d2f] LibVPX_jll v1.9.0+1
  [e9f186c6] Libffi_jll v3.2.1+4
  [d4300ac3] Libgcrypt_jll v1.8.5+4
  [7e76a0d4] Libglvnd_jll v1.3.0+3
  [7add5ba3] Libgpg_error_jll v1.36.0+3
  [94ce4f54] Libiconv_jll v1.16.0+7
  [4b2f31a3] Libmount_jll v2.34.0+3
  [89763e89] Libtiff_jll v4.1.0+2
  [38a345b3] Libuuid_jll v2.34.0+7
  [093fc24a] LightGraphs v1.3.4
  [d3d80556] LineSearches v7.1.1
  [bdcacae8] LoopVectorization v0.9.18
  [1914dd2f] MacroTools v0.5.6
  [dbb5928d] MappedArrays v0.3.0
  [739be429] MbedTLS v1.0.3
  [c8ffd9c3] MbedTLS_jll v2.16.8+1
  [e89f7d12] Media v0.5.0
  [e1d29d7a] Missings v0.4.4
  [e94cdb99] MosaicViews v0.2.4
  [46d2c3a1] MuladdMacro v0.2.2
  [d41bc354] NLSolversBase v7.7.1
  [2774e3e8] NLsolve v4.5.1
  [872c559c] NNlib v0.7.11
  [77ba4419] NaNMath v0.3.5
  [8913a72c] NonlinearSolve v0.3.4
  [6fe1bfb0] OffsetArrays v1.5.0
  [e7412a2a] Ogg_jll v1.3.4+2
  [458c3c95] OpenSSL_jll v1.1.1+6
  [efe28fd5] OpenSpecFun_jll v0.5.3+4
  [91d4177d] Opus_jll v1.3.1+3
  [bac558e1] OrderedCollections v1.3.2
  [1dea7af3] OrdinaryDiffEq v5.49.1
  [2f80f16e] PCRE_jll v8.42.0+4
  [90014a1f] PDMats v0.10.1
  [5432bcbf] PaddedViews v0.5.7
  [d96e819e] Parameters v0.12.1
  [69de0a69] Parsers v1.0.15
  [30392449] Pixman_jll v0.40.0+0
  [92933f4c] ProgressMeter v1.4.1
  [ede63266] Qt_jll v5.15.2+1
  [1fd47b50] QuadGK v2.4.1
  [c84ed2f1] Ratios v0.4.0
  [3cdcf5f2] RecipesBase v1.1.1
  [731186ca] RecursiveArrayTools v2.10.0
  [f2c3362d] RecursiveFactorization v0.1.0
  [189a3867] Reexport v0.2.0
  [e575027e] ReinforcementLearningBase v0.9.1
  [de1b191a] ReinforcementLearningCore v0.6.3
  [25e41dd2] ReinforcementLearningEnvironments v0.4.3
  [ae029012] Requires v1.1.2
  [79098fc4] Rmath v0.6.1
  [f50d1b31] Rmath_jll v0.2.2+1
  [6038ab10] Rotations v1.0.2
  [476501e8] SLEEFPirates v0.6.4
  [6c6a2e73] Scratch v1.0.3
  [efcf1570] Setfield v0.7.0
  [699a6c99] SimpleTraits v0.9.3
  [a2af1166] SortingAlgorithms v0.3.1
  [47a9eef4] SparseDiffTools v1.12.0
  [276daf66] SpecialFunctions v1.2.1
  [90137ffa] StaticArrays v1.0.1
  [2913bbd2] StatsBase v0.33.2
  [4c63d2b9] StatsFuns v0.9.6
  [3783bdb8] TableTraits v1.0.0
  [bd369af6] Tables v1.2.2
  [a759f4b9] TimerOutputs v0.5.7
  [3bb67fe8] TranscodingStreams v0.9.5
  [a2a6695c] TreeViews v0.3.0
  [3a884ed6] UnPack v1.0.2
  [3d5dd08c] VectorizationBase v0.15.2
  [19fa3120] VertexSafeGraphs v0.1.2
  [a2964d1f] Wayland_jll v1.17.0+4
  [2381bf8a] Wayland_protocols_jll v1.18.0+4
  [efce3f68] WoodburyMatrices v0.5.3
  [02c8fc9c] XML2_jll v2.9.10+3
  [aed1982a] XSLT_jll v1.1.33+4
  [4f6342f7] Xorg_libX11_jll v1.6.9+4
  [0c0b7dd1] Xorg_libXau_jll v1.0.9+4
  [935fb764] Xorg_libXcursor_jll v1.2.0+4
  [a3789734] Xorg_libXdmcp_jll v1.1.3+4
  [1082639a] Xorg_libXext_jll v1.3.4+4
  [d091e8ba] Xorg_libXfixes_jll v5.0.3+4
  [a51aa0fd] Xorg_libXi_jll v1.7.10+4
  [d1454406] Xorg_libXinerama_jll v1.1.4+4
  [ec84b674] Xorg_libXrandr_jll v1.5.2+4
  [ea2f1a96] Xorg_libXrender_jll v0.9.10+4
  [14d82f49] Xorg_libpthread_stubs_jll v0.1.0+3
  [c7cfdc94] Xorg_libxcb_jll v1.13.0+3
  [cc61e674] Xorg_libxkbfile_jll v1.1.0+4
  [12413925] Xorg_xcb_util_image_jll v0.4.0+1
  [2def613f] Xorg_xcb_util_jll v0.4.0+1
  [975044d2] Xorg_xcb_util_keysyms_jll v0.4.0+1
  [0d47668e] Xorg_xcb_util_renderutil_jll v0.3.9+1
  [c22f9ab0] Xorg_xcb_util_wm_jll v0.4.1+1
  [35661453] Xorg_xkbcomp_jll v1.4.2+4
  [33bec58e] Xorg_xkeyboard_config_jll v2.27.0+4
  [c5fb5394] Xorg_xtrans_jll v1.4.0+3
  [a5390f91] ZipFile v0.9.3
  [83775a58] Zlib_jll v1.2.11+18
  [3161d3a3] Zstd_jll v1.4.5+2
  [e88e6eb3] Zygote v0.5.17
  [700de1a5] ZygoteRules v0.2.1
  [0ac62f75] libass_jll v0.14.0+4
  [f638f0a6] libfdk_aac_jll v0.1.6+4
  [b53b4c65] libpng_jll v1.6.37+6
  [f27f6e37] libvorbis_jll v1.3.6+6
  [1270edf5] x264_jll v2020.7.14+2
  [dfaa095f] x265_jll v3.0.0+3
  [d8fb68d0] xkbcommon_jll v0.9.1+5
  [2a0f44e3] Base64
  [ade2ca70] Dates
  [8bb1440f] DelimitedFiles
  [8ba89e20] Distributed
  [9fa8497b] Future
  [b77e0a4c] InteractiveUtils
  [76f85450] LibGit2
  [8f399da3] Libdl
  [37e2e46d] LinearAlgebra
  [56ddb016] Logging
  [d6f4376e] Markdown
  [a63ad114] Mmap
  [44cfe95a] Pkg
  [de0858da] Printf
  [9abbd945] Profile
  [3fa0cd96] REPL
  [9a3f8284] Random
  [ea8e919c] SHA
  [9e88b42a] Serialization
  [1a1011a3] SharedArrays
  [6462fe0b] Sockets
  [2f01184e] SparseArrays
  [10745b16] Statistics
  [4607b0f0] SuiteSparse
  [8dfed614] Test
  [cf7118a7] UUIDs
  [4ec0a83e] Unicode
Test Summary:                | Pass  Total
ReinforcementLearningCore.jl |  287    287
    Testing ReinforcementLearningCore tests passed 

PkgEval succeeded


################################################################################
# PkgEval teardown: 2021-01-11T18:19:25.51
CPU usage: 583.59s (556.89s user, 27.40s kernel)

Network usage:
- eth0: 65.097 MiB received, 1.504 MiB sent

Raw statistics: {"blkio_stats":{"io_queue_recursive":[],"io_serviced_recursive":[{"major":259,"value":0,"op":"Read","minor":0},{"major":259,"value":28,"op":"Write","minor":0},{"major":259,"value":19,"op":"Sync","minor":0},{"major":259,"value":9,"op":"Async","minor":0},{"major":259,"value":0,"op":"Discard","minor":0},{"major":259,"value":28,"op":"Total","minor":0},{"major":253,"value":0,"op":"Read","minor":2},{"major":253,"value":28,"op":"Write","minor":2},{"major":253,"value":19,"op":"Sync","minor":2},{"major":253,"value":9,"op":"Async","minor":2},{"major":253,"value":0,"op":"Discard","minor":2},{"major":253,"value":28,"op":"Total","minor":2}],"io_time_recursive":[],"sectors_recursive":[],"io_service_bytes_recursive":[{"major":259,"value":0,"op":"Read","minor":0},{"major":259,"value":237568,"op":"Write","minor":0},{"major":259,"value":106496,"op":"Sync","minor":0},{"major":259,"value":131072,"op":"Async","minor":0},{"major":259,"value":0,"op":"Discard","minor":0},{"major":259,"value":237568,"op":"Total","minor":0},{"major":253,"value":0,"op":"Read","minor":2},{"major":253,"value":237568,"op":"Write","minor":2},{"major":253,"value":106496,"op":"Sync","minor":2},{"major":253,"value":131072,"op":"Async","minor":2},{"major":253,"value":0,"op":"Discard","minor":2},{"major":253,"value":237568,"op":"Total","minor":2}],"io_wait_time_recursive":[],"io_merged_recursive":[],"io_service_time_recursive":[]},"memory_stats":{"usage":567828480,"max_usage":2043674624,"stats":{"hierarchical_memory_limit":9223372036854771712,"pgmajfault":0,"total_rss":217788416,"inactive_file":135168,"inactive_anon":185856000,"total_pgfault":13154394,"total_cache":309362688,"total_rss_huge":0,"total_active_anon":341299200,"total_pgmajfault":0,"pgpgin":8717379,"rss_huge":0,"mapped_file":0,"total_inactive_file":135168,"dirty":270336,"total_unevictable":0,"total_dirty":270336,"writeback":0,"pgpgout":8588679,"hierarchical_memsw_limit":0,"cache":309362688,"active_file":135168,"pgfault":13154394,"total_mapped_file":0,"total_pgpgout":8588679,"total_writeback":0,"rss":217788416,"unevictable":0,"total_inactive_anon":185856000,"total_pgpgin":8717379,"active_anon":341299200,"total_active_file":135168},"limit":540965302272},"name":"/ReinforcementLearningCore-iac7qBV6","networks":{"eth0":{"rx_bytes":68259415,"rx_packets":27334,"tx_packets":18348,"tx_bytes":1576837,"tx_dropped":0,"rx_dropped":20,"tx_errors":0,"rx_errors":0}},"id":"0c2bbfef9ddddaef010ab3d9f4b2f68ccce6b5bba3e45dc96348753d24da2bb1","preread":"0001-01-01T00:00:00Z","storage_stats":{},"precpu_stats":{"throttling_data":{"throttled_periods":0,"throttled_time":0,"periods":0},"cpu_usage":{"usage_in_usermode":0,"usage_in_kernelmode":0,"total_usage":0}},"pids_stats":{"current":40},"num_procs":0,"cpu_stats":{"throttling_data":{"throttled_periods":0,"throttled_time":0,"periods":0},"system_cpu_usage":4508020184522419,"online_cpus":128,"cpu_usage":{"usage_in_usermode":556890000000,"usage_in_kernelmode":27400000000,"total_usage":583588460865,"percpu_usage":[0,0,0,0,0,0,0,0,0,0,0,0,0,0,0,0,0,0,0,0,0,0,0,0,583588446105,0,0,0,0,0,0,0,0,0,0,0,0,0,0,0,0,0,0,0,0,0,0,0,0,0,0,0,0,0,0,0,0,0,0,0,0,0,0,0,0,0,0,0,0,0,0,0,0,0,0,0,0,0,0,0,0,0,0,0,0,0,0,0,14760,0,0,0,0,0,0,0,0,0,0,0,0,0,0,0,0,0,0,0,0,0,0,0,0,0,0,0,0,0,0,0,0,0,0,0,0,0,0,0]}},"read":"2021-01-11T18:19:26.436544648Z"}