################################################################################
# PkgEval set-up: 2021-01-11T17:00:06.928
#

Julia Version 1.5.3
Commit 599f52c4c6 (2020-12-18 13:33 UTC)
Platform Info:
  OS: Linux (x86_64-linux-gnu)
  CPU: AMD EPYC 7502 32-Core Processor
  WORD_SIZE: 64
  LIBM: libopenlibm
  LLVM: libLLVM-9.0.1 (ORCJIT, znver2)
Environment:
  JULIA_PKG_PRECOMPILE_AUTO = 0
  JULIA_PKGEVAL = true

Base.julia_cmd() = `/opt/julia/bin/julia -Cnative -J/opt/julia/lib/julia/sys.so -g1`


################################################################################
# Installation: 2021-01-11T17:00:08.741
#

 Installing known registries into `~/.julia`
###########################                                               37.8%######################################################################## 100.0%
      Added registry `General` to `~/.julia/registries/General`
  Resolving package versions...
  Installed Relief ────────────────────── v0.1.0
  Installed Reexport ──────────────────── v0.2.0
  Installed TableTraits ───────────────── v1.0.0
  Installed VersionParsing ────────────── v1.2.0
  Installed DataAPI ───────────────────── v1.4.0
  Installed Tables ────────────────────── v1.2.2
  Installed CategoricalArrays ─────────── v0.9.0
  Installed DataStructures ────────────── v0.18.8
  Installed StatsBase ─────────────────── v0.33.2
  Installed ScikitLearn ───────────────── v0.6.3
  Installed DataFrames ────────────────── v0.22.2
  Installed Parameters ────────────────── v0.12.1
  Installed IterTools ─────────────────── v1.3.0
  Installed OrderedCollections ────────── v1.3.2
  Installed InvertedIndices ───────────── v1.0.0
  Installed DataValueInterfaces ───────── v1.0.0
  Installed Missings ──────────────────── v0.4.4
  Installed PooledArrays ──────────────── v0.5.3
  Installed ScikitLearnBase ───────────── v0.5.0
  Installed MacroTools ────────────────── v0.5.6
  Installed JSON ──────────────────────── v0.21.1
  Installed StructTypes ───────────────── v1.2.1
  Installed Crayons ───────────────────── v4.0.4
  Installed SortingAlgorithms ─────────── v0.3.1
  Installed Formatting ────────────────── v0.4.2
  Installed IteratorInterfaceExtensions ─ v1.0.0
  Installed UnPack ────────────────────── v1.0.2
  Installed Conda ─────────────────────── v1.5.0
  Installed PrettyTables ──────────────── v0.10.1
  Installed Compat ────────────────────── v3.25.0
  Installed PyCall ────────────────────── v1.92.2
  Installed Parsers ───────────────────── v1.0.15
Updating `~/.julia/environments/v1.5/Project.toml`
  [e59a39ae] + Relief v0.1.0
Updating `~/.julia/environments/v1.5/Manifest.toml`
  [324d7699] + CategoricalArrays v0.9.0
  [34da2185] + Compat v3.25.0
  [8f4d0f93] + Conda v1.5.0
  [a8cc5b0e] + Crayons v4.0.4
  [9a962f9c] + DataAPI v1.4.0
  [a93c6f00] + DataFrames v0.22.2
  [864edb3b] + DataStructures v0.18.8
  [e2d170a0] + DataValueInterfaces v1.0.0
  [59287772] + Formatting v0.4.2
  [41ab1584] + InvertedIndices v1.0.0
  [c8e1da08] + IterTools v1.3.0
  [82899510] + IteratorInterfaceExtensions v1.0.0
  [682c06a0] + JSON v0.21.1
  [1914dd2f] + MacroTools v0.5.6
  [e1d29d7a] + Missings v0.4.4
  [bac558e1] + OrderedCollections v1.3.2
  [d96e819e] + Parameters v0.12.1
  [69de0a69] + Parsers v1.0.15
  [2dfb63ee] + PooledArrays v0.5.3
  [08abe8d2] + PrettyTables v0.10.1
  [438e738f] + PyCall v1.92.2
  [189a3867] + Reexport v0.2.0
  [e59a39ae] + Relief v0.1.0
  [3646fa90] + ScikitLearn v0.6.3
  [6e75b9c4] + ScikitLearnBase v0.5.0
  [a2af1166] + SortingAlgorithms v0.3.1
  [2913bbd2] + StatsBase v0.33.2
  [856f2bd8] + StructTypes v1.2.1
  [3783bdb8] + TableTraits v1.0.0
  [bd369af6] + Tables v1.2.2
  [3a884ed6] + UnPack v1.0.2
  [81def892] + VersionParsing v1.2.0
  [2a0f44e3] + Base64
  [ade2ca70] + Dates
  [8bb1440f] + DelimitedFiles
  [8ba89e20] + Distributed
  [9fa8497b] + Future
  [b77e0a4c] + InteractiveUtils
  [76f85450] + LibGit2
  [8f399da3] + Libdl
  [37e2e46d] + LinearAlgebra
  [56ddb016] + Logging
  [d6f4376e] + Markdown
  [a63ad114] + Mmap
  [44cfe95a] + Pkg
  [de0858da] + Printf
  [3fa0cd96] + REPL
  [9a3f8284] + Random
  [ea8e919c] + SHA
  [9e88b42a] + Serialization
  [1a1011a3] + SharedArrays
  [6462fe0b] + Sockets
  [2f01184e] + SparseArrays
  [10745b16] + Statistics
  [8dfed614] + Test
  [cf7118a7] + UUIDs
  [4ec0a83e] + Unicode
   Building Conda ─→ `~/.julia/packages/Conda/x5ml4/deps/build.log`
   Building PyCall → `~/.julia/packages/PyCall/tqyST/deps/build.log`


################################################################################
# Testing: 2021-01-11T17:00:48.491
#

    Testing Relief
Status `/tmp/jl_EK8FOS/Project.toml`
  [438e738f] PyCall v1.92.2
  [e59a39ae] Relief v0.1.0
  [3646fa90] ScikitLearn v0.6.3
  [2913bbd2] StatsBase v0.33.2
  [37e2e46d] LinearAlgebra
  [de0858da] Printf
  [10745b16] Statistics
  [8dfed614] Test
Status `/tmp/jl_EK8FOS/Manifest.toml`
  [324d7699] CategoricalArrays v0.9.0
  [34da2185] Compat v3.25.0
  [8f4d0f93] Conda v1.5.0
  [a8cc5b0e] Crayons v4.0.4
  [9a962f9c] DataAPI v1.4.0
  [a93c6f00] DataFrames v0.22.2
  [864edb3b] DataStructures v0.18.8
  [e2d170a0] DataValueInterfaces v1.0.0
  [59287772] Formatting v0.4.2
  [41ab1584] InvertedIndices v1.0.0
  [c8e1da08] IterTools v1.3.0
  [82899510] IteratorInterfaceExtensions v1.0.0
  [682c06a0] JSON v0.21.1
  [1914dd2f] MacroTools v0.5.6
  [e1d29d7a] Missings v0.4.4
  [bac558e1] OrderedCollections v1.3.2
  [d96e819e] Parameters v0.12.1
  [69de0a69] Parsers v1.0.15
  [2dfb63ee] PooledArrays v0.5.3
  [08abe8d2] PrettyTables v0.10.1
  [438e738f] PyCall v1.92.2
  [189a3867] Reexport v0.2.0
  [e59a39ae] Relief v0.1.0
  [3646fa90] ScikitLearn v0.6.3
  [6e75b9c4] ScikitLearnBase v0.5.0
  [a2af1166] SortingAlgorithms v0.3.1
  [2913bbd2] StatsBase v0.33.2
  [856f2bd8] StructTypes v1.2.1
  [3783bdb8] TableTraits v1.0.0
  [bd369af6] Tables v1.2.2
  [3a884ed6] UnPack v1.0.2
  [81def892] VersionParsing v1.2.0
  [2a0f44e3] Base64
  [ade2ca70] Dates
  [8bb1440f] DelimitedFiles
  [8ba89e20] Distributed
  [9fa8497b] Future
  [b77e0a4c] InteractiveUtils
  [76f85450] LibGit2
  [8f399da3] Libdl
  [37e2e46d] LinearAlgebra
  [56ddb016] Logging
  [d6f4376e] Markdown
  [a63ad114] Mmap
  [44cfe95a] Pkg
  [de0858da] Printf
  [3fa0cd96] REPL
  [9a3f8284] Random
  [ea8e919c] SHA
  [9e88b42a] Serialization
  [1a1011a3] SharedArrays
  [6462fe0b] Sockets
  [2f01184e] SparseArrays
  [10745b16] Statistics
  [8dfed614] Test
  [cf7118a7] UUIDs
  [4ec0a83e] Unicode
[ Info: Installing sklearn.naive_bayes via the Conda scikit-learn package...
[ Info: Running `conda install -q -y scikit-learn` in root environment
Collecting package metadata (current_repodata.json): ...working... done
Solving environment: ...working... done

## Package Plan ##

  environment location: /home/pkgeval/.julia/conda/3

  added / updated specs:
    - scikit-learn


The following packages will be downloaded:

    package                    |            build
    ---------------------------|-----------------
    joblib-1.0.0               |     pyhd3eb1b0_0         208 KB
    libgfortran-ng-7.3.0       |       hdf63c60_0        1006 KB
    scikit-learn-0.23.2        |   py38h0573a6f_0         5.2 MB
    scipy-1.5.2                |   py38h0b6359f_0        14.5 MB
    threadpoolctl-2.1.0        |     pyh5ca1d4c_0          17 KB
    ------------------------------------------------------------
                                           Total:        20.8 MB

The following NEW packages will be INSTALLED:

  joblib             pkgs/main/noarch::joblib-1.0.0-pyhd3eb1b0_0
  libgfortran-ng     pkgs/main/linux-64::libgfortran-ng-7.3.0-hdf63c60_0
  scikit-learn       pkgs/main/linux-64::scikit-learn-0.23.2-py38h0573a6f_0
  scipy              pkgs/main/linux-64::scipy-1.5.2-py38h0b6359f_0
  threadpoolctl      pkgs/main/noarch::threadpoolctl-2.1.0-pyh5ca1d4c_0


Preparing transaction: ...working... done
Verifying transaction: ...working... done
Executing transaction: ...working... done
Test Summary:                                     | Pass  Total
Evaporative Cooling ReliefF - Continuous Features |   45     45
Test Summary:                                   | Pass  Total
Evaporative Cooling ReliefF - Discrete Features |   45     45
Test Summary:                   | Pass  Total
VLSRelief - Continuous Features |   90     90
Test Summary:                 | Pass  Total
VLSRelief - Discrete Features |   90     90
Test Summary:           | Pass  Total
VLSRelief - Default RBA |    2      2
Test Summary:              | Pass  Total
TuRF - Continuous Features |   90     90
Test Summary:            | Pass  Total
TuRF - Discrete Features |   90     90
Test Summary:      | Pass  Total
TuRF - Default RBA |    2      2
    Testing Relief tests passed 

PkgEval succeeded


################################################################################
# PkgEval teardown: 2021-01-11T17:11:47.339
CPU usage: 698.39s (682.26s user, 17.05s kernel)

Network usage:
- eth0: 276.380 MiB received, 787.697 KiB sent

Raw statistics: {"blkio_stats":{"io_queue_recursive":[],"io_serviced_recursive":[{"major":259,"value":0,"op":"Read","minor":0},{"major":259,"value":34,"op":"Write","minor":0},{"major":259,"value":19,"op":"Sync","minor":0},{"major":259,"value":15,"op":"Async","minor":0},{"major":259,"value":0,"op":"Discard","minor":0},{"major":259,"value":34,"op":"Total","minor":0},{"major":253,"value":0,"op":"Read","minor":2},{"major":253,"value":34,"op":"Write","minor":2},{"major":253,"value":19,"op":"Sync","minor":2},{"major":253,"value":15,"op":"Async","minor":2},{"major":253,"value":0,"op":"Discard","minor":2},{"major":253,"value":34,"op":"Total","minor":2}],"io_time_recursive":[],"sectors_recursive":[],"io_service_bytes_recursive":[{"major":259,"value":0,"op":"Read","minor":0},{"major":259,"value":184320,"op":"Write","minor":0},{"major":259,"value":106496,"op":"Sync","minor":0},{"major":259,"value":77824,"op":"Async","minor":0},{"major":259,"value":0,"op":"Discard","minor":0},{"major":259,"value":184320,"op":"Total","minor":0},{"major":253,"value":0,"op":"Read","minor":2},{"major":253,"value":184320,"op":"Write","minor":2},{"major":253,"value":106496,"op":"Sync","minor":2},{"major":253,"value":77824,"op":"Async","minor":2},{"major":253,"value":0,"op":"Discard","minor":2},{"major":253,"value":184320,"op":"Total","minor":2}],"io_wait_time_recursive":[],"io_merged_recursive":[],"io_service_time_recursive":[]},"memory_stats":{"usage":2071334912,"max_usage":3580731392,"stats":{"hierarchical_memory_limit":9223372036854771712,"pgmajfault":0,"total_rss":241090560,"inactive_file":135168,"inactive_anon":1250709504,"total_pgfault":7193406,"total_cache":1768914944,"total_rss_huge":0,"total_active_anon":759103488,"total_pgmajfault":0,"pgpgin":5361477,"rss_huge":0,"mapped_file":0,"total_inactive_file":135168,"dirty":405504,"total_unevictable":0,"total_dirty":405504,"writeback":0,"pgpgout":4870730,"hierarchical_memsw_limit":0,"cache":1768914944,"active_file":405504,"pgfault":7193406,"total_mapped_file":0,"total_pgpgout":4870730,"total_writeback":0,"rss":241090560,"unevictable":0,"total_inactive_anon":1250709504,"total_pgpgin":5361477,"active_anon":759103488,"total_active_file":405504},"limit":540965302272},"name":"/Relief-XzeMdnDN","networks":{"eth0":{"rx_bytes":289805606,"rx_packets":24046,"tx_packets":12545,"tx_bytes":806602,"tx_dropped":0,"rx_dropped":24,"tx_errors":0,"rx_errors":0}},"id":"476e024163da2bb7a5eb5563e2bfbb0320eca1e9fb0ae11a5c43274eb7c60607","preread":"0001-01-01T00:00:00Z","storage_stats":{},"precpu_stats":{"throttling_data":{"throttled_periods":0,"throttled_time":0,"periods":0},"cpu_usage":{"usage_in_usermode":0,"usage_in_kernelmode":0,"total_usage":0}},"pids_stats":{"current":40},"num_procs":0,"cpu_stats":{"throttling_data":{"throttled_periods":0,"throttled_time":0,"periods":0},"system_cpu_usage":3989509914522419,"online_cpus":128,"cpu_usage":{"usage_in_usermode":682260000000,"usage_in_kernelmode":17050000000,"total_usage":698387955563,"percpu_usage":[0,0,0,0,0,0,0,0,0,0,0,0,0,0,0,0,0,0,0,0,0,0,0,0,0,0,0,0,0,0,0,0,0,0,0,0,0,0,0,0,0,0,0,0,0,0,0,0,0,0,0,0,0,0,0,0,0,0,698387950953,0,0,0,0,0,0,0,0,0,0,0,0,0,0,0,0,0,0,0,0,0,0,0,0,0,0,0,0,0,0,0,0,0,0,0,0,0,0,0,0,0,0,0,0,0,0,0,0,0,0,0,0,0,0,0,0,0,0,0,0,0,4610,0,0,0,0,0,0,0]}},"read":"2021-01-11T17:11:47.341618671Z"}