################################################################################
# PackageCompiler set-up: 2021-01-11T22:06:55.723
#

Julia Version 1.5.3
Commit 599f52c4c6 (2020-12-18 13:33 UTC)
Platform Info:
  OS: Linux (x86_64-linux-gnu)
  CPU: AMD EPYC 7502 32-Core Processor
  WORD_SIZE: 64
  LIBM: libopenlibm
  LLVM: libLLVM-9.0.1 (ORCJIT, znver2)
Environment:
  JULIA_PKGEVAL = true
  JULIA_PKG_PRECOMPILE_AUTO = 0



################################################################################
# Installation: 2021-01-11T22:06:57.461
#

 Installing known registries into `~/.julia`
######################################################################## 100.0%
      Added registry `General` to `~/.julia/registries/General`
  Resolving package versions...
  Installed Rematch ───────── v0.3.2
  Installed MacroTools ────── v0.5.6
  Installed Compat ────────── v3.25.0
  Installed PackageCompiler ─ v1.2.5
Updating `~/.julia/environments/v1.5/Project.toml`
  [9b87118b] + PackageCompiler v1.2.5
  [bfecab0d] + Rematch v0.3.2
Updating `~/.julia/environments/v1.5/Manifest.toml`
  [34da2185] + Compat v3.25.0
  [1914dd2f] + MacroTools v0.5.6
  [9b87118b] + PackageCompiler v1.2.5
  [bfecab0d] + Rematch v0.3.2
  [2a0f44e3] + Base64
  [ade2ca70] + Dates
  [8bb1440f] + DelimitedFiles
  [8ba89e20] + Distributed
  [b77e0a4c] + InteractiveUtils
  [76f85450] + LibGit2
  [8f399da3] + Libdl
  [37e2e46d] + LinearAlgebra
  [56ddb016] + Logging
  [d6f4376e] + Markdown
  [a63ad114] + Mmap
  [44cfe95a] + Pkg
  [de0858da] + Printf
  [3fa0cd96] + REPL
  [9a3f8284] + Random
  [ea8e919c] + SHA
  [9e88b42a] + Serialization
  [1a1011a3] + SharedArrays
  [6462fe0b] + Sockets
  [2f01184e] + SparseArrays
  [10745b16] + Statistics
  [8dfed614] + Test
  [cf7118a7] + UUIDs
  [4ec0a83e] + Unicode


################################################################################
# Compiling: 2021-01-11T22:07:02.759
#

[ Info: PackageCompiler: creating system image object file, this might take a while...
Generated system image is 148.251 MiB, compilation took 165 seconds


################################################################################
# PkgEval set-up: 2021-01-11T22:09:54.698
#

Julia Version 1.5.3
Commit 599f52c4c6 (2020-12-18 13:33 UTC)
Platform Info:
  OS: Linux (x86_64-linux-gnu)
  CPU: AMD EPYC 7502 32-Core Processor
  WORD_SIZE: 64
  LIBM: libopenlibm
  LLVM: libLLVM-9.0.1 (ORCJIT, znver2)
Environment:
  JULIA_PKGEVAL = true
  JULIA_PKG_PRECOMPILE_AUTO = 0

Base.julia_cmd() = `/usr/local/julia/bin/julia -Cnative -J/cache/Rematch-o9w2MbR8.so -g1`


################################################################################
# Installation: 2021-01-11T22:09:56.534
#

 Installing known registries into `~/.julia`
#=#=#                                                                         ######################################################################## 100.0%
      Added registry `General` to `~/.julia/registries/General`
  Resolving package versions...
  Installed Rematch ──── v0.3.2
  Installed MacroTools ─ v0.5.6
  Installed Compat ───── v3.25.0
Updating `~/.julia/environments/v1.5/Project.toml`
  [bfecab0d] + Rematch v0.3.2
Updating `~/.julia/environments/v1.5/Manifest.toml`
  [34da2185] + Compat v3.25.0
  [1914dd2f] + MacroTools v0.5.6
  [bfecab0d] + Rematch v0.3.2
  [2a0f44e3] + Base64
  [ade2ca70] + Dates
  [8bb1440f] + DelimitedFiles
  [8ba89e20] + Distributed
  [b77e0a4c] + InteractiveUtils
  [76f85450] + LibGit2
  [8f399da3] + Libdl
  [37e2e46d] + LinearAlgebra
  [56ddb016] + Logging
  [d6f4376e] + Markdown
  [a63ad114] + Mmap
  [44cfe95a] + Pkg
  [de0858da] + Printf
  [3fa0cd96] + REPL
  [9a3f8284] + Random
  [ea8e919c] + SHA
  [9e88b42a] + Serialization
  [1a1011a3] + SharedArrays
  [6462fe0b] + Sockets
  [2f01184e] + SparseArrays
  [10745b16] + Statistics
  [8dfed614] + Test
  [cf7118a7] + UUIDs
  [4ec0a83e] + Unicode


################################################################################
# Testing: 2021-01-11T22:10:01.066
#

    Testing Rematch
Status `/tmp/jl_OMe3f9/Project.toml`
  [34da2185] Compat v3.25.0
  [1914dd2f] MacroTools v0.5.6
  [bfecab0d] Rematch v0.3.2
  [8dfed614] Test
Status `/tmp/jl_OMe3f9/Manifest.toml`
  [34da2185] Compat v3.25.0
  [1914dd2f] MacroTools v0.5.6
  [bfecab0d] Rematch v0.3.2
  [2a0f44e3] Base64
  [ade2ca70] Dates
  [8bb1440f] DelimitedFiles
  [8ba89e20] Distributed
  [b77e0a4c] InteractiveUtils
  [76f85450] LibGit2
  [8f399da3] Libdl
  [37e2e46d] LinearAlgebra
  [56ddb016] Logging
  [d6f4376e] Markdown
  [a63ad114] Mmap
  [44cfe95a] Pkg
  [de0858da] Printf
  [3fa0cd96] REPL
  [9a3f8284] Random
  [ea8e919c] SHA
  [9e88b42a] Serialization
  [1a1011a3] SharedArrays
  [6462fe0b] Sockets
  [2f01184e] SparseArrays
  [10745b16] Statistics
  [8dfed614] Test
  [cf7118a7] UUIDs
  [4ec0a83e] Unicode
WARNING: Compat.Test is deprecated, use Test instead.
  likely near /home/user/.julia/packages/Rematch/Dgg7p/test/runtests.jl:3
WARNING: Compat.Test is deprecated, use Test instead.
  likely near /home/user/.julia/packages/Rematch/Dgg7p/test/rematch.jl:1
WARNING: Compat.InteractiveUtils is deprecated, use InteractiveUtils instead.
  likely near /home/user/.julia/packages/Rematch/Dgg7p/test/rematch.jl:2
Test Summary: | Pass  Broken  Total
Rematch.jl    |  101       2    103
    Testing Rematch tests passed 

PkgEval succeeded


################################################################################
# PkgEval teardown: 2021-01-11T22:10:07.881
CPU usage: 13.26s (10.62s user, 2.67s kernel)

Network usage:
- eth0: 2.627 MiB received, 37.967 KiB sent

Raw statistics: {"blkio_stats":{"io_queue_recursive":[],"io_serviced_recursive":[{"major":259,"value":0,"op":"Read","minor":0},{"major":259,"value":19,"op":"Write","minor":0},{"major":259,"value":14,"op":"Sync","minor":0},{"major":259,"value":5,"op":"Async","minor":0},{"major":259,"value":0,"op":"Discard","minor":0},{"major":259,"value":19,"op":"Total","minor":0},{"major":253,"value":0,"op":"Read","minor":2},{"major":253,"value":19,"op":"Write","minor":2},{"major":253,"value":14,"op":"Sync","minor":2},{"major":253,"value":5,"op":"Async","minor":2},{"major":253,"value":0,"op":"Discard","minor":2},{"major":253,"value":19,"op":"Total","minor":2}],"io_time_recursive":[],"sectors_recursive":[],"io_service_bytes_recursive":[{"major":259,"value":0,"op":"Read","minor":0},{"major":259,"value":77824,"op":"Write","minor":0},{"major":259,"value":57344,"op":"Sync","minor":0},{"major":259,"value":20480,"op":"Async","minor":0},{"major":259,"value":0,"op":"Discard","minor":0},{"major":259,"value":77824,"op":"Total","minor":0},{"major":253,"value":0,"op":"Read","minor":2},{"major":253,"value":77824,"op":"Write","minor":2},{"major":253,"value":57344,"op":"Sync","minor":2},{"major":253,"value":20480,"op":"Async","minor":2},{"major":253,"value":0,"op":"Discard","minor":2},{"major":253,"value":77824,"op":"Total","minor":2}],"io_wait_time_recursive":[],"io_merged_recursive":[],"io_service_time_recursive":[]},"memory_stats":{"usage":320864256,"max_usage":485232640,"stats":{"hierarchical_memory_limit":9223372036854771712,"pgmajfault":0,"total_rss":211984384,"inactive_file":135168,"inactive_anon":78938112,"total_pgfault":270171,"total_cache":79618048,"total_rss_huge":0,"total_active_anon":212619264,"total_pgmajfault":0,"pgpgin":162591,"rss_huge":0,"mapped_file":0,"total_inactive_file":135168,"dirty":135168,"total_unevictable":0,"total_dirty":135168,"writeback":135168,"pgpgout":91429,"hierarchical_memsw_limit":0,"cache":79618048,"active_file":135168,"pgfault":270171,"total_mapped_file":0,"total_pgpgout":91429,"total_writeback":135168,"rss":211984384,"unevictable":0,"total_inactive_anon":78938112,"total_pgpgin":162591,"active_anon":212619264,"total_active_file":135168},"limit":540965302272},"name":"/Rematch-zBUI92jw","networks":{"eth0":{"rx_bytes":2754274,"rx_packets":354,"tx_packets":373,"tx_bytes":38878,"tx_dropped":0,"rx_dropped":1,"tx_errors":0,"rx_errors":0}},"id":"a9b327bcef34bd41a0a3e961bb434169db5c87caba6b03b0d29cf47c9d28feec","preread":"0001-01-01T00:00:00Z","storage_stats":{},"precpu_stats":{"throttling_data":{"throttled_periods":0,"throttled_time":0,"periods":0},"cpu_usage":{"usage_in_usermode":0,"usage_in_kernelmode":0,"total_usage":0}},"pids_stats":{"current":44},"num_procs":0,"cpu_stats":{"throttling_data":{"throttled_periods":0,"throttled_time":0,"periods":0},"system_cpu_usage":6276826224522419,"online_cpus":128,"cpu_usage":{"usage_in_usermode":10620000000,"usage_in_kernelmode":2670000000,"total_usage":13255523158,"percpu_usage":[0,0,0,0,0,0,0,0,0,0,0,0,0,13253561687,0,0,0,0,0,0,0,0,0,0,0,0,0,0,0,0,0,0,0,0,0,0,0,0,0,0,0,0,0,0,0,0,0,0,0,0,0,0,0,0,0,0,0,0,0,0,0,0,0,0,0,0,0,0,0,0,0,0,0,0,0,0,4640,0,0,0,0,0,0,0,0,0,0,0,0,0,0,0,0,0,0,0,1956831,0,0,0,0,0,0,0,0,0,0,0,0,0,0,0,0,0,0,0,0,0,0,0,0,0,0,0,0,0,0,0]}},"read":"2021-01-11T22:10:07.885046174Z"}