################################################################################
# PkgEval set-up: 2020-12-03T12:19:39.815
#

Julia Version 1.5.3
Commit 788b2c77c1 (2020-11-09 13:37 UTC)
Platform Info:
  OS: Linux (x86_64-pc-linux-gnu)
  CPU: AMD EPYC 7502 32-Core Processor
  WORD_SIZE: 64
  LIBM: libopenlibm
  LLVM: libLLVM-9.0.1 (ORCJIT, znver2)
Environment:
  JULIA_PKGEVAL = true
  JULIA_PKG_PRECOMPILE_AUTO = 0
  JULIA_DEPOT_PATH = /home/pkgeval/.another_julia:/usr/local/share/julia



################################################################################
# Installation: 2020-12-03T12:19:42.745
#

  Resolving package versions...
  Installed DocumenterMarkdown ── v0.2.0
  Installed IOCapture ─────────── v0.1.1
  Installed Glob ──────────────── v1.3.0
  Installed Parsers ───────────── v1.0.12
  Installed DefaultApplication ── v1.0.0
  Installed Literate ──────────── v2.7.0
  Installed Remark ────────────── v0.3.0
  Installed Documenter ────────── v0.25.5
  Installed BinaryProvider ────── v0.5.10
  Installed DocStringExtensions ─ v0.8.3
  Installed JSON ──────────────── v0.21.1
Updating `~/.another_julia/environments/v1.5/Project.toml`
  [79b45036] + Remark v0.3.0
Updating `~/.another_julia/environments/v1.5/Manifest.toml`
  [b99e7846] + BinaryProvider v0.5.10
  [3f0dd361] + DefaultApplication v1.0.0
  [ffbed154] + DocStringExtensions v0.8.3
  [e30172f5] + Documenter v0.25.5
  [997ab1e6] + DocumenterMarkdown v0.2.0
  [c27321d9] + Glob v1.3.0
  [b5f81e59] + IOCapture v0.1.1
  [682c06a0] + JSON v0.21.1
  [98b081ad] + Literate v2.7.0
  [69de0a69] + Parsers v1.0.12
  [79b45036] + Remark v0.3.0
  [2a0f44e3] + Base64
  [ade2ca70] + Dates
  [8ba89e20] + Distributed
  [b77e0a4c] + InteractiveUtils
  [76f85450] + LibGit2
  [8f399da3] + Libdl
  [56ddb016] + Logging
  [d6f4376e] + Markdown
  [a63ad114] + Mmap
  [44cfe95a] + Pkg
  [de0858da] + Printf
  [3fa0cd96] + REPL
  [9a3f8284] + Random
  [ea8e919c] + SHA
  [9e88b42a] + Serialization
  [6462fe0b] + Sockets
  [8dfed614] + Test
  [cf7118a7] + UUIDs
  [4ec0a83e] + Unicode
   Building Remark → `~/.another_julia/packages/Remark/lS0wJ/deps/build.log`


################################################################################
# Testing: 2020-12-03T12:19:56.442
#


    Testing Remark
Status `/tmp/jl_aqCKSG/Project.toml`
  [b99e7846] BinaryProvider v0.5.10
  [3f0dd361] DefaultApplication v1.0.0
  [e30172f5] Documenter v0.25.5
  [997ab1e6] DocumenterMarkdown v0.2.0
  [c27321d9] Glob v1.3.0
  [682c06a0] JSON v0.21.1
  [98b081ad] Literate v2.7.0
  [91a5bcdd] Plots v1.9.1
  [79b45036] Remark v0.3.0
  [9a3f8284] Random
  [8dfed614] Test
Status `/tmp/jl_aqCKSG/Manifest.toml`
  [79e6a3ab] Adapt v2.3.0
  [56f22d72] Artifacts v1.3.0
  [b99e7846] BinaryProvider v0.5.10
  [6e34b625] Bzip2_jll v1.0.6+5
  [83423d85] Cairo_jll v1.16.0+6
  [35d6a980] ColorSchemes v3.10.1
  [3da002f7] ColorTypes v0.10.9
  [5ae59095] Colors v0.12.4
  [34da2185] Compat v3.23.0
  [d38c429a] Contour v0.5.6
  [9a962f9c] DataAPI v1.4.0
  [864edb3b] DataStructures v0.18.8
  [e2d170a0] DataValueInterfaces v1.0.0
  [3f0dd361] DefaultApplication v1.0.0
  [ffbed154] DocStringExtensions v0.8.3
  [e30172f5] Documenter v0.25.5
  [997ab1e6] DocumenterMarkdown v0.2.0
  [5ae413db] EarCut_jll v2.1.5+1
  [2e619515] Expat_jll v2.2.7+6
  [c87230d0] FFMPEG v0.4.0
  [b22a6f82] FFMPEG_jll v4.3.1+4
  [53c48c17] FixedPointNumbers v0.8.4
  [a3f928ae] Fontconfig_jll v2.13.1+14
  [59287772] Formatting v0.4.1
  [d7e528f0] FreeType2_jll v2.10.1+5
  [559328eb] FriBidi_jll v1.0.5+6
  [0656b61e] GLFW_jll v3.3.2+1
  [28b8d3ca] GR v0.53.0
  [d2c73de3] GR_jll v0.52.0+0
  [5c1252a2] GeometryBasics v0.3.3
  [78b55507] Gettext_jll v0.20.1+7
  [7746bdde] Glib_jll v2.59.0+4
  [c27321d9] Glob v1.3.0
  [42e2da0e] Grisu v1.0.0
  [cd3eb016] HTTP v0.8.19
  [b5f81e59] IOCapture v0.1.1
  [83e8ac13] IniFile v0.5.0
  [c8e1da08] IterTools v1.3.0
  [82899510] IteratorInterfaceExtensions v1.0.0
  [692b3bcd] JLLWrappers v1.1.3
  [682c06a0] JSON v0.21.1
  [aacddb02] JpegTurbo_jll v2.0.1+3
  [c1c5ebd0] LAME_jll v3.100.0+3
  [dd4b983a] LZO_jll v2.10.0+3
  [b964fa9f] LaTeXStrings v1.2.0
  [23fbe1c1] Latexify v0.14.5
  [dd192d2f] LibVPX_jll v1.9.0+1
  [e9f186c6] Libffi_jll v3.2.1+4
  [d4300ac3] Libgcrypt_jll v1.8.5+4
  [7e76a0d4] Libglvnd_jll v1.3.0+3
  [7add5ba3] Libgpg_error_jll v1.36.0+3
  [94ce4f54] Libiconv_jll v1.16.0+7
  [4b2f31a3] Libmount_jll v2.34.0+3
  [89763e89] Libtiff_jll v4.1.0+2
  [38a345b3] Libuuid_jll v2.34.0+7
  [98b081ad] Literate v2.7.0
  [1914dd2f] MacroTools v0.5.6
  [739be429] MbedTLS v1.0.3
  [c8ffd9c3] MbedTLS_jll v2.16.8+1
  [442fdcdd] Measures v0.3.1
  [e1d29d7a] Missings v0.4.4
  [77ba4419] NaNMath v0.3.5
  [e7412a2a] Ogg_jll v1.3.4+2
  [458c3c95] OpenSSL_jll v1.1.1+6
  [91d4177d] Opus_jll v1.3.1+3
  [bac558e1] OrderedCollections v1.3.2
  [2f80f16e] PCRE_jll v8.42.0+4
  [69de0a69] Parsers v1.0.12
  [30392449] Pixman_jll v0.40.0+0
  [ccf2f8ad] PlotThemes v2.0.0
  [995b91a9] PlotUtils v1.0.7
  [91a5bcdd] Plots v1.9.1
  [784f63db] Qhull_jll v2019.1.0+2
  [ede63266] Qt_jll v5.15.1+0
  [3cdcf5f2] RecipesBase v1.1.1
  [01d81517] RecipesPipeline v0.2.1
  [189a3867] Reexport v0.2.0
  [79b45036] Remark v0.3.0
  [ae029012] Requires v1.1.1
  [6c6a2e73] Scratch v1.0.3
  [992d4aef] Showoff v0.3.2
  [a2af1166] SortingAlgorithms v0.3.1
  [90137ffa] StaticArrays v0.12.5
  [2913bbd2] StatsBase v0.33.2
  [09ab397b] StructArrays v0.4.4
  [3783bdb8] TableTraits v1.0.0
  [bd369af6] Tables v1.2.1
  [a2964d1f] Wayland_jll v1.17.0+4
  [2381bf8a] Wayland_protocols_jll v1.18.0+4
  [02c8fc9c] XML2_jll v2.9.10+3
  [aed1982a] XSLT_jll v1.1.33+4
  [4f6342f7] Xorg_libX11_jll v1.6.9+4
  [0c0b7dd1] Xorg_libXau_jll v1.0.9+4
  [935fb764] Xorg_libXcursor_jll v1.2.0+4
  [a3789734] Xorg_libXdmcp_jll v1.1.3+4
  [1082639a] Xorg_libXext_jll v1.3.4+4
  [d091e8ba] Xorg_libXfixes_jll v5.0.3+4
  [a51aa0fd] Xorg_libXi_jll v1.7.10+4
  [d1454406] Xorg_libXinerama_jll v1.1.4+4
  [ec84b674] Xorg_libXrandr_jll v1.5.2+4
  [ea2f1a96] Xorg_libXrender_jll v0.9.10+4
  [14d82f49] Xorg_libpthread_stubs_jll v0.1.0+3
  [c7cfdc94] Xorg_libxcb_jll v1.13.0+3
  [cc61e674] Xorg_libxkbfile_jll v1.1.0+4
  [12413925] Xorg_xcb_util_image_jll v0.4.0+1
  [2def613f] Xorg_xcb_util_jll v0.4.0+1
  [975044d2] Xorg_xcb_util_keysyms_jll v0.4.0+1
  [0d47668e] Xorg_xcb_util_renderutil_jll v0.3.9+1
  [c22f9ab0] Xorg_xcb_util_wm_jll v0.4.1+1
  [35661453] Xorg_xkbcomp_jll v1.4.2+4
  [33bec58e] Xorg_xkeyboard_config_jll v2.27.0+4
  [c5fb5394] Xorg_xtrans_jll v1.4.0+3
  [83775a58] Zlib_jll v1.2.11+18
  [3161d3a3] Zstd_jll v1.4.5+2
  [0ac62f75] libass_jll v0.14.0+4
  [f638f0a6] libfdk_aac_jll v0.1.6+4
  [b53b4c65] libpng_jll v1.6.37+6
  [f27f6e37] libvorbis_jll v1.3.6+6
  [1270edf5] x264_jll v2020.7.14+2
  [dfaa095f] x265_jll v3.0.0+3
  [d8fb68d0] xkbcommon_jll v0.9.1+5
  [2a0f44e3] Base64
  [ade2ca70] Dates
  [8bb1440f] DelimitedFiles
  [8ba89e20] Distributed
  [b77e0a4c] InteractiveUtils
  [76f85450] LibGit2
  [8f399da3] Libdl
  [37e2e46d] LinearAlgebra
  [56ddb016] Logging
  [d6f4376e] Markdown
  [a63ad114] Mmap
  [44cfe95a] Pkg
  [de0858da] Printf
  [3fa0cd96] REPL
  [9a3f8284] Random
  [ea8e919c] SHA
  [9e88b42a] Serialization
  [1a1011a3] SharedArrays
  [6462fe0b] Sockets
  [2f01184e] SparseArrays
  [10745b16] Statistics
  [8dfed614] Test
  [cf7118a7] UUIDs
  [4ec0a83e] Unicode
Test Summary: | Pass  Total
deps          |    4      4
Test Summary: | Pass  Total
katexfonts    |   60     60
[ Info: generating markdown page from `~/.another_julia/packages/Remark/lS0wJ/demo/julia/src/index.jl`
[ Info: writing result to `/tmp/jl_Ys2cIm/src/index.md`
[ Info: SetupBuildDirectory: setting up build directory.
[ Info: Doctest: running doctests.
[ Info: ExpandTemplates: expanding markdown templates.
[ Info: CrossReferences: building cross-references.
[ Info: CheckDocument: running document checks.
[ Info: Populate: populating indices.
[ Info: RenderDocument: rendering document.
[ Info: MarkdownWriter: rendering Markdown pages.
slideshow: Error During Test at /home/pkgeval/.another_julia/packages/Remark/lS0wJ/test/runtests.jl:55
  Got exception outside of a @test
  assets directory '/home/pkgeval/.julia/packages/Documenter/6vUwN/assets/mkdocs' is missing.
  Stacktrace:
   [1] error(::String) at ./error.jl:33
   [2] copy_assets(::Documenter.Documents.Document) at /home/pkgeval/.julia/packages/Documenter/6vUwN/src/Writers/MarkdownWriter.jl:53
   [3] render(::Documenter.Documents.Document, ::Documenter.Writers.MarkdownWriter.Markdown) at /home/pkgeval/.julia/packages/Documenter/6vUwN/src/Writers/MarkdownWriter.jl:28
   [4] runner(::Type{Documenter.Writers.MarkdownFormat}, ::Documenter.Writers.MarkdownWriter.Markdown, ::Documenter.Documents.Document) at /home/pkgeval/.julia/packages/Documenter/6vUwN/src/Writers/Writers.jl:40
   [5] dispatch(::Type{Documenter.Writers.FormatSelector}, ::Documenter.Writers.MarkdownWriter.Markdown, ::Vararg{Any,N} where N) at /home/pkgeval/.julia/packages/Documenter/6vUwN/src/Utilities/Selectors.jl:170
   [6] render(::Documenter.Documents.Document) at /home/pkgeval/.julia/packages/Documenter/6vUwN/src/Writers/Writers.jl:107
   [7] runner(::Type{Documenter.Builder.RenderDocument}, ::Documenter.Documents.Document) at /home/pkgeval/.julia/packages/Documenter/6vUwN/src/Builder.jl:258
   [8] dispatch(::Type{Documenter.Builder.DocumentPipeline}, ::Documenter.Documents.Document) at /home/pkgeval/.julia/packages/Documenter/6vUwN/src/Utilities/Selectors.jl:170
   [9] #2 at /home/pkgeval/.julia/packages/Documenter/6vUwN/src/Documenter.jl:247 [inlined]
   [10] cd(::Documenter.var"#2#3"{Documenter.Documents.Document}, ::String) at ./file.jl:104
   [11] #makedocs#1 at /home/pkgeval/.julia/packages/Documenter/6vUwN/src/Documenter.jl:246 [inlined]
   [12] _create_index_md(::String, ::String; documenter::Bool) at /home/pkgeval/.julia/packages/Remark/lS0wJ/src/Remark.jl:79
   [13] (::Remark.var"#2#6"{String,Bool,Dict{Any,Any},String,Array{String,1},String})(::String) at /home/pkgeval/.julia/packages/Remark/lS0wJ/src/Remark.jl:52
   [14] mktempdir(::Remark.var"#2#6"{String,Bool,Dict{Any,Any},String,Array{String,1},String}, ::String; prefix::String) at ./file.jl:709
   [15] mktempdir(::Function, ::String) at ./file.jl:707 (repeats 2 times)
   [16] slideshow(::String; title::String, documenter::Bool, options::Dict{Any,Any}) at /home/pkgeval/.julia/packages/Remark/lS0wJ/src/Remark.jl:50
   [17] slideshow(::String) at /home/pkgeval/.julia/packages/Remark/lS0wJ/src/Remark.jl:29
   [18] macro expansion at /home/pkgeval/.another_julia/packages/Remark/lS0wJ/test/runtests.jl:57 [inlined]
   [19] macro expansion at /buildworker/worker/package_linux64/build/usr/share/julia/stdlib/v1.5/Test/src/Test.jl:1115 [inlined]
   [20] top-level scope at /home/pkgeval/.another_julia/packages/Remark/lS0wJ/test/runtests.jl:56
   [21] include(::String) at ./client.jl:457
   [22] top-level scope at none:6
   [23] eval(::Module, ::Any) at ./boot.jl:331
   [24] exec_options(::Base.JLOptions) at ./client.jl:272
   [25] _start() at ./client.jl:506
  
Test Summary: | Error  Total
slideshow     |     1      1
ERROR: LoadError: Some tests did not pass: 0 passed, 0 failed, 1 errored, 0 broken.
in expression starting at /home/pkgeval/.another_julia/packages/Remark/lS0wJ/test/runtests.jl:55

PkgEval failed: Package Remark errored during testing
Stacktrace:
 [1] pkgerror(::String) at /buildworker/worker/package_linux64/build/usr/share/julia/stdlib/v1.5/Pkg/src/Types.jl:52
 [2] test(::Pkg.Types.Context, ::Array{Pkg.Types.PackageSpec,1}; coverage::Bool, julia_args::Cmd, test_args::Cmd, test_fn::Nothing) at /buildworker/worker/package_linux64/build/usr/share/julia/stdlib/v1.5/Pkg/src/Operations.jl:1578
 [3] test(::Pkg.Types.Context, ::Array{Pkg.Types.PackageSpec,1}; coverage::Bool, test_fn::Nothing, julia_args::Cmd, test_args::Cmd, kwargs::Base.Iterators.Pairs{Union{},Union{},Tuple{},NamedTuple{(),Tuple{}}}) at /buildworker/worker/package_linux64/build/usr/share/julia/stdlib/v1.5/Pkg/src/API.jl:327
 [4] test(::Pkg.Types.Context, ::Array{Pkg.Types.PackageSpec,1}) at /buildworker/worker/package_linux64/build/usr/share/julia/stdlib/v1.5/Pkg/src/API.jl:314
 [5] #test#61 at /buildworker/worker/package_linux64/build/usr/share/julia/stdlib/v1.5/Pkg/src/API.jl:67 [inlined]
 [6] test at /buildworker/worker/package_linux64/build/usr/share/julia/stdlib/v1.5/Pkg/src/API.jl:67 [inlined]
 [7] #test#60 at /buildworker/worker/package_linux64/build/usr/share/julia/stdlib/v1.5/Pkg/src/API.jl:66 [inlined]
 [8] test at /buildworker/worker/package_linux64/build/usr/share/julia/stdlib/v1.5/Pkg/src/API.jl:66 [inlined]
 [9] test(::String; kwargs::Base.Iterators.Pairs{Union{},Union{},Tuple{},NamedTuple{(),Tuple{}}}) at /buildworker/worker/package_linux64/build/usr/share/julia/stdlib/v1.5/Pkg/src/API.jl:65
 [10] test(::String) at /buildworker/worker/package_linux64/build/usr/share/julia/stdlib/v1.5/Pkg/src/API.jl:65
 [11] top-level scope at none:20
 [12] eval at ./boot.jl:331 [inlined]
 [13] eval(::Expr) at ./client.jl:467
 [14] top-level scope at none:1
 [15] eval(::Module, ::Any) at ./boot.jl:331
 [16] exec_options(::Base.JLOptions) at ./client.jl:272
 [17] _start() at ./client.jl:506


################################################################################
# PkgEval teardown: 2020-12-03T12:24:57.47
CPU usage: 312.70s (298.29s user, 14.96s kernel)

Network usage:
- eth0: 52.060 MiB received, 1.184 MiB sent

Raw statistics: {"blkio_stats":{"io_queue_recursive":[],"io_serviced_recursive":[{"major":259,"value":0,"op":"Read","minor":0},{"major":259,"value":13,"op":"Write","minor":0},{"major":259,"value":0,"op":"Sync","minor":0},{"major":259,"value":13,"op":"Async","minor":0},{"major":259,"value":0,"op":"Discard","minor":0},{"major":259,"value":13,"op":"Total","minor":0},{"major":253,"value":0,"op":"Read","minor":2},{"major":253,"value":13,"op":"Write","minor":2},{"major":253,"value":0,"op":"Sync","minor":2},{"major":253,"value":13,"op":"Async","minor":2},{"major":253,"value":0,"op":"Discard","minor":2},{"major":253,"value":13,"op":"Total","minor":2}],"io_time_recursive":[],"sectors_recursive":[],"io_service_bytes_recursive":[{"major":259,"value":0,"op":"Read","minor":0},{"major":259,"value":110592,"op":"Write","minor":0},{"major":259,"value":0,"op":"Sync","minor":0},{"major":259,"value":110592,"op":"Async","minor":0},{"major":259,"value":0,"op":"Discard","minor":0},{"major":259,"value":110592,"op":"Total","minor":0},{"major":253,"value":0,"op":"Read","minor":2},{"major":253,"value":110592,"op":"Write","minor":2},{"major":253,"value":0,"op":"Sync","minor":2},{"major":253,"value":110592,"op":"Async","minor":2},{"major":253,"value":0,"op":"Discard","minor":2},{"major":253,"value":110592,"op":"Total","minor":2}],"io_wait_time_recursive":[],"io_merged_recursive":[],"io_service_time_recursive":[]},"memory_stats":{"usage":385069056,"max_usage":1476706304,"stats":{"hierarchical_memory_limit":9223372036854771712,"pgmajfault":0,"total_rss":217296896,"inactive_file":135168,"inactive_anon":99348480,"total_pgfault":5750316,"total_cache":156438528,"total_rss_huge":0,"total_active_anon":273985536,"total_pgmajfault":0,"pgpgin":3125661,"rss_huge":0,"mapped_file":0,"total_inactive_file":135168,"dirty":135168,"total_unevictable":0,"total_dirty":135168,"writeback":0,"pgpgout":3034407,"hierarchical_memsw_limit":0,"cache":156438528,"active_file":540672,"pgfault":5750316,"total_mapped_file":0,"total_pgpgout":3034407,"total_writeback":0,"rss":217296896,"unevictable":0,"total_inactive_anon":99348480,"total_pgpgin":3125661,"active_anon":273985536,"total_active_file":540672},"limit":540965302272},"name":"/Remark-nrc7T5rQ","networks":{"eth0":{"rx_bytes":54588974,"rx_packets":26330,"tx_packets":16361,"tx_bytes":1241776,"tx_dropped":0,"rx_dropped":11,"tx_errors":0,"rx_errors":0}},"id":"40603d73d8e9d9c9c9531f85e1968acc58ec0e9fb2e7ab54fa9bf4a069e3da0a","preread":"0001-01-01T00:00:00Z","storage_stats":{},"precpu_stats":{"throttling_data":{"throttled_periods":0,"throttled_time":0,"periods":0},"cpu_usage":{"usage_in_usermode":0,"usage_in_kernelmode":0,"total_usage":0}},"pids_stats":{"current":42},"num_procs":0,"cpu_stats":{"throttling_data":{"throttled_periods":0,"throttled_time":0,"periods":0},"system_cpu_usage":123937425105808967,"online_cpus":128,"cpu_usage":{"usage_in_usermode":298290000000,"usage_in_kernelmode":14960000000,"total_usage":312704677197,"percpu_usage":[0,0,0,0,0,0,0,0,0,0,0,0,0,0,0,0,0,0,0,0,0,0,0,0,0,0,0,0,0,0,0,0,0,0,0,0,12437465,15596249,0,0,0,0,0,0,0,0,0,0,0,0,0,0,0,0,0,0,0,0,0,0,0,0,0,0,0,0,0,0,0,0,0,0,0,0,0,0,0,0,0,0,0,0,0,0,0,0,0,0,0,0,0,0,0,0,0,0,0,0,0,0,312658695137,0,17948346,0,0,0,0,0,0,0,0,0,0,0,0,0,0,0,0,0,0,0,0,0,0,0,0,0]}},"read":"2020-12-03T12:24:58.219475201Z"}