################################################################################
# PkgEval set-up: 2021-01-11T17:44:56.682
#

Julia Version 1.5.3
Commit 599f52c4c6 (2020-12-18 13:33 UTC)
Platform Info:
  OS: Linux (x86_64-linux-gnu)
  CPU: AMD EPYC 7502 32-Core Processor
  WORD_SIZE: 64
  LIBM: libopenlibm
  LLVM: libLLVM-9.0.1 (ORCJIT, znver2)
Environment:
  JULIA_PKG_PRECOMPILE_AUTO = 0
  JULIA_PKGEVAL = true

Base.julia_cmd() = `/opt/julia/bin/julia -Cnative -J/opt/julia/lib/julia/sys.so -g1`


################################################################################
# Installation: 2021-01-11T17:44:58.468
#

 Installing known registries into `~/.julia`
######################################################################## 100.0%
      Added registry `General` to `~/.julia/registries/General`
  Resolving package versions...
  Installed Coverage ─────── v0.6.0
  Installed TextWrap ─────── v0.3.0
  Installed MbedTLS ──────── v0.6.8
  Installed ArgParse ─────── v0.6.2
  Installed ExprTools ────── v0.1.3
  Installed EzXML ────────── v0.9.5
  Installed TimeZones ────── v0.8.5
  Installed RepoSnapshots ── v0.3.0
  Installed Conda ────────── v1.5.0
  Installed Compat ───────── v2.2.1
  Installed Nullables ────── v1.0.0
  Installed IniFile ──────── v0.5.0
  Installed Mocking ──────── v0.7.1
  Installed VersionParsing ─ v1.2.0
  Installed HTTP ─────────── v0.7.1
  Installed BinaryProvider ─ v0.5.10
  Installed JSON ─────────── v0.19.0
  Installed GitHub ───────── v5.0.2
Updating `~/.julia/environments/v1.5/Project.toml`
  [44eb87bc] + RepoSnapshots v0.3.0
Updating `~/.julia/environments/v1.5/Manifest.toml`
  [c7e460c6] + ArgParse v0.6.2
  [b99e7846] + BinaryProvider v0.5.10
  [34da2185] + Compat v2.2.1
  [8f4d0f93] + Conda v1.5.0
  [a2441757] + Coverage v0.6.0
  [e2ba6199] + ExprTools v0.1.3
  [8f5d6c58] + EzXML v0.9.5
  [bc5e4493] + GitHub v5.0.2
  [cd3eb016] + HTTP v0.7.1
  [83e8ac13] + IniFile v0.5.0
  [682c06a0] + JSON v0.19.0
  [739be429] + MbedTLS v0.6.8
  [78c3b35d] + Mocking v0.7.1
  [4d1e1d77] + Nullables v1.0.0
  [44eb87bc] + RepoSnapshots v0.3.0
  [b718987f] + TextWrap v0.3.0
  [f269a46b] + TimeZones v0.8.5
  [81def892] + VersionParsing v1.2.0
  [2a0f44e3] + Base64
  [ade2ca70] + Dates
  [8bb1440f] + DelimitedFiles
  [8ba89e20] + Distributed
  [b77e0a4c] + InteractiveUtils
  [76f85450] + LibGit2
  [8f399da3] + Libdl
  [37e2e46d] + LinearAlgebra
  [56ddb016] + Logging
  [d6f4376e] + Markdown
  [a63ad114] + Mmap
  [44cfe95a] + Pkg
  [de0858da] + Printf
  [3fa0cd96] + REPL
  [9a3f8284] + Random
  [ea8e919c] + SHA
  [9e88b42a] + Serialization
  [1a1011a3] + SharedArrays
  [6462fe0b] + Sockets
  [2f01184e] + SparseArrays
  [10745b16] + Statistics
  [8dfed614] + Test
  [cf7118a7] + UUIDs
  [4ec0a83e] + Unicode
   Building EzXML ────────→ `~/.julia/packages/EzXML/QtGgF/deps/build.log`
   Building TimeZones ────→ `~/.julia/packages/TimeZones/WMDpl/deps/build.log`
   Building MbedTLS ──────→ `~/.julia/packages/MbedTLS/X4xar/deps/build.log`
   Building Conda ────────→ `~/.julia/packages/Conda/x5ml4/deps/build.log`
   Building RepoSnapshots → `~/.julia/packages/RepoSnapshots/dNUq4/deps/build.log`


################################################################################
# Testing: 2021-01-11T17:45:30.669
#

    Testing RepoSnapshots
Status `/tmp/jl_jauGsT/Project.toml`
  [c7e460c6] ArgParse v0.6.2
  [8f4d0f93] Conda v1.5.0
  [a2441757] Coverage v0.6.0
  [bc5e4493] GitHub v5.0.2
  [cd3eb016] HTTP v0.7.1
  [682c06a0] JSON v0.19.0
  [739be429] MbedTLS v0.6.8
  [44eb87bc] RepoSnapshots v0.3.0
  [f269a46b] TimeZones v0.8.5
  [ade2ca70] Dates
  [44cfe95a] Pkg
  [8dfed614] Test
Status `/tmp/jl_jauGsT/Manifest.toml`
  [c7e460c6] ArgParse v0.6.2
  [b99e7846] BinaryProvider v0.5.10
  [34da2185] Compat v2.2.1
  [8f4d0f93] Conda v1.5.0
  [a2441757] Coverage v0.6.0
  [e2ba6199] ExprTools v0.1.3
  [8f5d6c58] EzXML v0.9.5
  [bc5e4493] GitHub v5.0.2
  [cd3eb016] HTTP v0.7.1
  [83e8ac13] IniFile v0.5.0
  [682c06a0] JSON v0.19.0
  [739be429] MbedTLS v0.6.8
  [78c3b35d] Mocking v0.7.1
  [4d1e1d77] Nullables v1.0.0
  [44eb87bc] RepoSnapshots v0.3.0
  [b718987f] TextWrap v0.3.0
  [f269a46b] TimeZones v0.8.5
  [81def892] VersionParsing v1.2.0
  [2a0f44e3] Base64
  [ade2ca70] Dates
  [8bb1440f] DelimitedFiles
  [8ba89e20] Distributed
  [b77e0a4c] InteractiveUtils
  [76f85450] LibGit2
  [8f399da3] Libdl
  [37e2e46d] LinearAlgebra
  [56ddb016] Logging
  [d6f4376e] Markdown
  [a63ad114] Mmap
  [44cfe95a] Pkg
  [de0858da] Printf
  [3fa0cd96] REPL
  [9a3f8284] Random
  [ea8e919c] SHA
  [9e88b42a] Serialization
  [1a1011a3] SharedArrays
  [6462fe0b] Sockets
  [2f01184e] SparseArrays
  [10745b16] Statistics
  [8dfed614] Test
  [cf7118a7] UUIDs
  [4ec0a83e] Unicode
ERROR: LoadError: LoadError: type Regex has no field match_data
Stacktrace:
 [1] getproperty(::Regex, ::Symbol) at ./Base.jl:33
 [2] exec(::Regex, ::String, ::Int64) at /home/pkgeval/.julia/packages/HTTP/YjRCz/src/parseutils.jl:4 (repeats 2 times)
 [3] parse_uri_reference(::String; strict::Bool) at /home/pkgeval/.julia/packages/HTTP/YjRCz/src/URIs.jl:126
 [4] parse_uri_reference(::String) at /home/pkgeval/.julia/packages/HTTP/YjRCz/src/URIs.jl:126
 [5] HTTP.URIs.URI(::String) at /home/pkgeval/.julia/packages/HTTP/YjRCz/src/URIs.jl:144
 [6] top-level scope at /home/pkgeval/.julia/packages/GitHub/Y0gpt/src/utils/requests.jl:15
 [7] include(::Function, ::Module, ::String) at ./Base.jl:380
 [8] include at ./Base.jl:368 [inlined]
 [9] include(::String) at /home/pkgeval/.julia/packages/GitHub/Y0gpt/src/GitHub.jl:1
 [10] top-level scope at /home/pkgeval/.julia/packages/GitHub/Y0gpt/src/GitHub.jl:35
 [11] include(::Function, ::Module, ::String) at ./Base.jl:380
 [12] include(::Module, ::String) at ./Base.jl:368
 [13] top-level scope at none:2
 [14] eval at ./boot.jl:331 [inlined]
 [15] eval(::Expr) at ./client.jl:467
 [16] top-level scope at ./none:3
in expression starting at /home/pkgeval/.julia/packages/GitHub/Y0gpt/src/utils/requests.jl:15
in expression starting at /home/pkgeval/.julia/packages/GitHub/Y0gpt/src/GitHub.jl:35
ERROR: LoadError: Failed to precompile GitHub [bc5e4493-9b4d-5f90-b8aa-2b2bcaad7a26] to /home/pkgeval/.julia/compiled/v1.5/GitHub/ks6Kg_d0uYd.ji.
Stacktrace:
 [1] error(::String) at ./error.jl:33
 [2] compilecache(::Base.PkgId, ::String) at ./loading.jl:1305
 [3] _require(::Base.PkgId) at ./loading.jl:1030
 [4] require(::Base.PkgId) at ./loading.jl:928
 [5] require(::Module, ::Symbol) at ./loading.jl:923
 [6] include(::Function, ::Module, ::String) at ./Base.jl:380
 [7] include(::Module, ::String) at ./Base.jl:368
 [8] top-level scope at none:2
 [9] eval at ./boot.jl:331 [inlined]
 [10] eval(::Expr) at ./client.jl:467
 [11] top-level scope at ./none:3
in expression starting at /home/pkgeval/.julia/packages/RepoSnapshots/dNUq4/src/RepoSnapshots.jl:11
ERROR: LoadError: Failed to precompile RepoSnapshots [44eb87bc-f37b-45e8-9f53-3bcb453a652d] to /home/pkgeval/.julia/compiled/v1.5/RepoSnapshots/4yrUf_d0uYd.ji.
Stacktrace:
 [1] error(::String) at ./error.jl:33
 [2] compilecache(::Base.PkgId, ::String) at ./loading.jl:1305
 [3] _require(::Base.PkgId) at ./loading.jl:1030
 [4] require(::Base.PkgId) at ./loading.jl:928
 [5] require(::Module, ::Symbol) at ./loading.jl:923
 [6] include(::String) at ./client.jl:457
 [7] top-level scope at none:6
in expression starting at /home/pkgeval/.julia/packages/RepoSnapshots/dNUq4/test/runtests.jl:3

PkgEval failed: Package RepoSnapshots errored during testing
Stacktrace:
 [1] pkgerror(::String) at /workspace/srcdir/usr/share/julia/stdlib/v1.5/Pkg/src/Types.jl:52
 [2] test(::Pkg.Types.Context, ::Array{Pkg.Types.PackageSpec,1}; coverage::Bool, julia_args::Cmd, test_args::Cmd, test_fn::Nothing) at /workspace/srcdir/usr/share/julia/stdlib/v1.5/Pkg/src/Operations.jl:1578
 [3] test(::Pkg.Types.Context, ::Array{Pkg.Types.PackageSpec,1}; coverage::Bool, test_fn::Nothing, julia_args::Cmd, test_args::Cmd, kwargs::Base.Iterators.Pairs{Union{},Union{},Tuple{},NamedTuple{(),Tuple{}}}) at /workspace/srcdir/usr/share/julia/stdlib/v1.5/Pkg/src/API.jl:327
 [4] test(::Pkg.Types.Context, ::Array{Pkg.Types.PackageSpec,1}) at /workspace/srcdir/usr/share/julia/stdlib/v1.5/Pkg/src/API.jl:314
 [5] #test#61 at /workspace/srcdir/usr/share/julia/stdlib/v1.5/Pkg/src/API.jl:67 [inlined]
 [6] test at /workspace/srcdir/usr/share/julia/stdlib/v1.5/Pkg/src/API.jl:67 [inlined]
 [7] #test#60 at /workspace/srcdir/usr/share/julia/stdlib/v1.5/Pkg/src/API.jl:66 [inlined]
 [8] test at /workspace/srcdir/usr/share/julia/stdlib/v1.5/Pkg/src/API.jl:66 [inlined]
 [9] test(::String; kwargs::Base.Iterators.Pairs{Union{},Union{},Tuple{},NamedTuple{(),Tuple{}}}) at /workspace/srcdir/usr/share/julia/stdlib/v1.5/Pkg/src/API.jl:65
 [10] test(::String) at /workspace/srcdir/usr/share/julia/stdlib/v1.5/Pkg/src/API.jl:65
 [11] top-level scope at none:22
 [12] eval at ./boot.jl:331 [inlined]
 [13] eval(::Expr) at ./client.jl:467
 [14] top-level scope at none:1
 [15] eval(::Module, ::Any) at ./boot.jl:331
 [16] exec_options(::Base.JLOptions) at ./client.jl:272
 [17] _start() at ./client.jl:506


################################################################################
# PkgEval teardown: 2021-01-11T17:45:46.407
CPU usage: 48.74s (42.92s user, 5.94s kernel)

Network usage:
- eth0: 7.211 MiB received, 216.096 KiB sent

Raw statistics: {"blkio_stats":{"io_queue_recursive":[],"io_serviced_recursive":[{"major":259,"value":0,"op":"Read","minor":0},{"major":259,"value":44,"op":"Write","minor":0},{"major":259,"value":19,"op":"Sync","minor":0},{"major":259,"value":25,"op":"Async","minor":0},{"major":259,"value":0,"op":"Discard","minor":0},{"major":259,"value":44,"op":"Total","minor":0},{"major":253,"value":0,"op":"Read","minor":2},{"major":253,"value":44,"op":"Write","minor":2},{"major":253,"value":19,"op":"Sync","minor":2},{"major":253,"value":25,"op":"Async","minor":2},{"major":253,"value":0,"op":"Discard","minor":2},{"major":253,"value":44,"op":"Total","minor":2}],"io_time_recursive":[],"sectors_recursive":[],"io_service_bytes_recursive":[{"major":259,"value":0,"op":"Read","minor":0},{"major":259,"value":225280,"op":"Write","minor":0},{"major":259,"value":106496,"op":"Sync","minor":0},{"major":259,"value":118784,"op":"Async","minor":0},{"major":259,"value":0,"op":"Discard","minor":0},{"major":259,"value":225280,"op":"Total","minor":0},{"major":253,"value":0,"op":"Read","minor":2},{"major":253,"value":225280,"op":"Write","minor":2},{"major":253,"value":106496,"op":"Sync","minor":2},{"major":253,"value":118784,"op":"Async","minor":2},{"major":253,"value":0,"op":"Discard","minor":2},{"major":253,"value":225280,"op":"Total","minor":2}],"io_wait_time_recursive":[],"io_merged_recursive":[],"io_service_time_recursive":[]},"memory_stats":{"usage":354103296,"max_usage":1050439680,"stats":{"hierarchical_memory_limit":9223372036854771712,"pgmajfault":0,"total_rss":207273984,"inactive_file":135168,"inactive_anon":95698944,"total_pgfault":1824504,"total_cache":114417664,"total_rss_huge":0,"total_active_anon":225054720,"total_pgmajfault":0,"pgpgin":1280136,"rss_huge":0,"mapped_file":0,"total_inactive_file":135168,"dirty":270336,"total_unevictable":0,"total_dirty":270336,"writeback":0,"pgpgout":1201570,"hierarchical_memsw_limit":0,"cache":114417664,"active_file":946176,"pgfault":1824504,"total_mapped_file":0,"total_pgpgout":1201570,"total_writeback":0,"rss":207273984,"unevictable":0,"total_inactive_anon":95698944,"total_pgpgin":1280136,"active_anon":225054720,"total_active_file":946176},"limit":540965302272},"name":"/RepoSnapshots-8Ns8jX2K","networks":{"eth0":{"rx_bytes":7561247,"rx_packets":3597,"tx_packets":2789,"tx_bytes":221282,"tx_dropped":0,"rx_dropped":2,"tx_errors":0,"rx_errors":0}},"id":"ef4c5a2a840289c0d63fcdf864fa7c00acda0045526bbecfd4b6da455d1ec8ff","preread":"0001-01-01T00:00:00Z","storage_stats":{},"precpu_stats":{"throttling_data":{"throttled_periods":0,"throttled_time":0,"periods":0},"cpu_usage":{"usage_in_usermode":0,"usage_in_kernelmode":0,"total_usage":0}},"pids_stats":{"current":40},"num_procs":0,"cpu_stats":{"throttling_data":{"throttled_periods":0,"throttled_time":0,"periods":0},"system_cpu_usage":4249943434522419,"online_cpus":128,"cpu_usage":{"usage_in_usermode":42920000000,"usage_in_kernelmode":5940000000,"total_usage":48740749344,"percpu_usage":[0,0,0,0,0,0,0,0,0,0,0,0,0,0,0,0,0,0,0,0,0,0,0,0,0,0,0,0,0,0,0,0,0,0,0,0,0,0,0,0,0,0,0,0,0,0,0,0,0,0,0,0,0,0,0,0,0,0,0,0,0,0,48740749344,0,0,0,0,0,0,0,0,0,0,0,0,0,0,0,0,0,0,0,0,0,0,0,0,0,0,0,0,0,0,0,0,0,0,0,0,0,0,0,0,0,0,0,0,0,0,0,0,0,0,0,0,0,0,0,0,0,0,0,0,0,0,0,0,0]}},"read":"2021-01-11T17:45:46.541143832Z"}