################################################################################
# PkgEval set-up: 2021-01-11T16:49:52.951
#

Julia Version 1.5.3
Commit 599f52c4c6 (2020-12-18 13:33 UTC)
Platform Info:
  OS: Linux (x86_64-linux-gnu)
  CPU: AMD EPYC 7502 32-Core Processor
  WORD_SIZE: 64
  LIBM: libopenlibm
  LLVM: libLLVM-9.0.1 (ORCJIT, znver2)
Environment:
  JULIA_PKG_PRECOMPILE_AUTO = 0
  JULIA_PKGEVAL = true

Base.julia_cmd() = `/opt/julia/bin/julia -Cnative -J/opt/julia/lib/julia/sys.so -g1`


################################################################################
# Installation: 2021-01-11T16:49:54.77
#

 Installing known registries into `~/.julia`
######################################################################## 100.0%
      Added registry `General` to `~/.julia/registries/General`
  Resolving package versions...
  Installed RiemannTheta ───────────────── v0.1.0
  Installed CompilerSupportLibraries_jll ─ v0.3.4+0
  Installed StatsFuns ──────────────────── v0.9.6
  Installed Rmath_jll ──────────────────── v0.2.2+1
  Installed Distances ──────────────────── v0.9.2
  Installed SpecialFunctions ───────────── v0.10.3
  Installed Rmath ──────────────────────── v0.6.1
  Installed JLLWrappers ────────────────── v1.2.0
  Installed Roots ──────────────────────── v0.8.4
  Installed Artifacts ──────────────────── v1.3.0
  Installed OpenSpecFun_jll ────────────── v0.5.3+4
Updating `~/.julia/environments/v1.5/Project.toml`
  [803aa692] + RiemannTheta v0.1.0
Updating `~/.julia/environments/v1.5/Manifest.toml`
  [56f22d72] + Artifacts v1.3.0
  [e66e0078] + CompilerSupportLibraries_jll v0.3.4+0
  [b4f34e82] + Distances v0.9.2
  [692b3bcd] + JLLWrappers v1.2.0
  [efe28fd5] + OpenSpecFun_jll v0.5.3+4
  [803aa692] + RiemannTheta v0.1.0
  [79098fc4] + Rmath v0.6.1
  [f50d1b31] + Rmath_jll v0.2.2+1
  [f2b01f46] + Roots v0.8.4
  [276daf66] + SpecialFunctions v0.10.3
  [4c63d2b9] + StatsFuns v0.9.6
  [2a0f44e3] + Base64
  [ade2ca70] + Dates
  [8ba89e20] + Distributed
  [b77e0a4c] + InteractiveUtils
  [76f85450] + LibGit2
  [8f399da3] + Libdl
  [37e2e46d] + LinearAlgebra
  [56ddb016] + Logging
  [d6f4376e] + Markdown
  [44cfe95a] + Pkg
  [de0858da] + Printf
  [3fa0cd96] + REPL
  [9a3f8284] + Random
  [ea8e919c] + SHA
  [9e88b42a] + Serialization
  [6462fe0b] + Sockets
  [2f01184e] + SparseArrays
  [10745b16] + Statistics
  [8dfed614] + Test
  [cf7118a7] + UUIDs
  [4ec0a83e] + Unicode


################################################################################
# Testing: 2021-01-11T16:49:59.846
#

┌ Warning: using test/REQUIRE files is deprecated and current support is lacking in some areas
└ @ Pkg.Operations /workspace/srcdir/usr/share/julia/stdlib/v1.5/Pkg/src/Operations.jl:1475
    Testing RiemannTheta
Status `/tmp/jl_AYjdsU/Project.toml`
  [b4f34e82] Distances v0.9.2
  [803aa692] RiemannTheta v0.1.0
  [f2b01f46] Roots v0.8.4
  [276daf66] SpecialFunctions v0.10.3
  [4c63d2b9] StatsFuns v0.9.6
  [37e2e46d] LinearAlgebra
  [9a3f8284] Random
  [8dfed614] Test
Status `/tmp/jl_AYjdsU/Manifest.toml`
  [56f22d72] Artifacts v1.3.0
  [e66e0078] CompilerSupportLibraries_jll v0.3.4+0
  [b4f34e82] Distances v0.9.2
  [692b3bcd] JLLWrappers v1.2.0
  [efe28fd5] OpenSpecFun_jll v0.5.3+4
  [803aa692] RiemannTheta v0.1.0
  [79098fc4] Rmath v0.6.1
  [f50d1b31] Rmath_jll v0.2.2+1
  [f2b01f46] Roots v0.8.4
  [276daf66] SpecialFunctions v0.10.3
  [4c63d2b9] StatsFuns v0.9.6
  [2a0f44e3] Base64
  [ade2ca70] Dates
  [8ba89e20] Distributed
  [b77e0a4c] InteractiveUtils
  [76f85450] LibGit2
  [8f399da3] Libdl
  [37e2e46d] LinearAlgebra
  [56ddb016] Logging
  [d6f4376e] Markdown
  [44cfe95a] Pkg
  [de0858da] Printf
  [3fa0cd96] REPL
  [9a3f8284] Random
  [ea8e919c] SHA
  [9e88b42a] Serialization
  [6462fe0b] Sockets
  [2f01184e] SparseArrays
  [10745b16] Statistics
  [8dfed614] Test
  [cf7118a7] UUIDs
  [4ec0a83e] Unicode
Test Summary: | Pass  Total
radius        |    8      8
Test Summary: | Pass  Total
innerpoints   |    6      6
Test Summary:                  | Pass  Total
values of riemanntheta (small) |    8      8
Test Summary:                  | Pass  Total
values of riemanntheta (large) |    8      8
Test Summary:                               | Pass  Total
oscillatory_part derivs are correct (small) |    3      3
Test Summary:                               | Pass  Total
oscillatory_part derivs are correct (large) |    3      3
Test Summary:                   | Pass  Total
riemanntheta derivs are correct |    3      3
    Testing RiemannTheta tests passed 

PkgEval succeeded


################################################################################
# PkgEval teardown: 2021-01-11T16:50:30.531
CPU usage: 37.60s (34.00s user, 3.67s kernel)

Network usage:
- eth0: 3.089 MiB received, 77.259 KiB sent

Raw statistics: {"blkio_stats":{"io_queue_recursive":[],"io_serviced_recursive":[{"major":259,"value":0,"op":"Read","minor":0},{"major":259,"value":24,"op":"Write","minor":0},{"major":259,"value":19,"op":"Sync","minor":0},{"major":259,"value":5,"op":"Async","minor":0},{"major":259,"value":0,"op":"Discard","minor":0},{"major":259,"value":24,"op":"Total","minor":0},{"major":253,"value":0,"op":"Read","minor":2},{"major":253,"value":24,"op":"Write","minor":2},{"major":253,"value":19,"op":"Sync","minor":2},{"major":253,"value":5,"op":"Async","minor":2},{"major":253,"value":0,"op":"Discard","minor":2},{"major":253,"value":24,"op":"Total","minor":2}],"io_time_recursive":[],"sectors_recursive":[],"io_service_bytes_recursive":[{"major":259,"value":0,"op":"Read","minor":0},{"major":259,"value":126976,"op":"Write","minor":0},{"major":259,"value":106496,"op":"Sync","minor":0},{"major":259,"value":20480,"op":"Async","minor":0},{"major":259,"value":0,"op":"Discard","minor":0},{"major":259,"value":126976,"op":"Total","minor":0},{"major":253,"value":0,"op":"Read","minor":2},{"major":253,"value":126976,"op":"Write","minor":2},{"major":253,"value":106496,"op":"Sync","minor":2},{"major":253,"value":20480,"op":"Async","minor":2},{"major":253,"value":0,"op":"Discard","minor":2},{"major":253,"value":126976,"op":"Total","minor":2}],"io_wait_time_recursive":[],"io_merged_recursive":[],"io_service_time_recursive":[]},"memory_stats":{"usage":300298240,"max_usage":1162989568,"stats":{"hierarchical_memory_limit":9223372036854771712,"pgmajfault":0,"total_rss":185946112,"inactive_file":135168,"inactive_anon":79884288,"total_pgfault":1056792,"total_cache":84406272,"total_rss_huge":0,"total_active_anon":190451712,"total_pgmajfault":0,"pgpgin":679602,"rss_huge":0,"mapped_file":0,"total_inactive_file":135168,"dirty":135168,"total_unevictable":0,"total_dirty":135168,"writeback":0,"pgpgout":613599,"hierarchical_memsw_limit":0,"cache":84406272,"active_file":135168,"pgfault":1056792,"total_mapped_file":0,"total_pgpgout":613599,"total_writeback":0,"rss":185946112,"unevictable":0,"total_inactive_anon":79884288,"total_pgpgin":679602,"active_anon":190451712,"total_active_file":135168},"limit":540965302272},"name":"/RiemannTheta-3wjwZn2T","networks":{"eth0":{"rx_bytes":3238636,"rx_packets":640,"tx_packets":689,"tx_bytes":79113,"tx_dropped":0,"rx_dropped":2,"tx_errors":0,"rx_errors":0}},"id":"9bdca4b769a6669e094968cde4a882a0f4860f5f154b342c973fb0c3729506ff","preread":"0001-01-01T00:00:00Z","storage_stats":{},"precpu_stats":{"throttling_data":{"throttled_periods":0,"throttled_time":0,"periods":0},"cpu_usage":{"usage_in_usermode":0,"usage_in_kernelmode":0,"total_usage":0}},"pids_stats":{"current":40},"num_procs":0,"cpu_stats":{"throttling_data":{"throttled_periods":0,"throttled_time":0,"periods":0},"system_cpu_usage":3826361054522419,"online_cpus":128,"cpu_usage":{"usage_in_usermode":34000000000,"usage_in_kernelmode":3670000000,"total_usage":37600431995,"percpu_usage":[0,0,0,0,0,37600428295,0,0,0,0,0,0,0,0,0,0,0,0,0,0,0,0,0,0,0,0,0,0,0,0,0,0,0,0,0,0,0,0,0,0,0,0,0,0,0,0,0,0,0,0,0,0,0,0,0,0,0,0,0,0,0,0,0,0,0,0,0,0,3700,0,0,0,0,0,0,0,0,0,0,0,0,0,0,0,0,0,0,0,0,0,0,0,0,0,0,0,0,0,0,0,0,0,0,0,0,0,0,0,0,0,0,0,0,0,0,0,0,0,0,0,0,0,0,0,0,0,0,0]}},"read":"2021-01-11T16:50:30.534280953Z"}