################################################################################
# PackageCompiler set-up: 2021-01-11T16:15:53.564
#

Julia Version 1.5.3
Commit 599f52c4c6 (2020-12-18 13:33 UTC)
Platform Info:
  OS: Linux (x86_64-linux-gnu)
  CPU: AMD EPYC 7502 32-Core Processor
  WORD_SIZE: 64
  LIBM: libopenlibm
  LLVM: libLLVM-9.0.1 (ORCJIT, znver2)
Environment:
  JULIA_PKGEVAL = true
  JULIA_PKG_PRECOMPILE_AUTO = 0



################################################################################
# Installation: 2021-01-11T16:15:55.239
#

 Installing known registries into `~/.julia`
######################################################################## 100.0%
      Added registry `General` to `~/.julia/registries/General`
  Resolving package versions...
  Installed CompilerSupportLibraries_jll ─ v0.3.4+0
  Installed ZygoteRules ────────────────── v0.2.1
  Installed Reexport ───────────────────── v1.0.0
  Installed TableTraits ────────────────── v1.0.0
  Installed MuladdMacro ────────────────── v0.2.2
  Installed CommonSubexpressions ───────── v0.3.0
  Installed RiskAdjustedLinearizations ─── v0.5.3
  Installed NonlinearSolve ─────────────── v0.3.4
  Installed FunctionWrappers ───────────── v1.1.1
  Installed FillArrays ─────────────────── v0.10.2
  Installed Tables ─────────────────────── v1.2.2
  Installed Requires ───────────────────── v1.1.2
  Installed DataStructures ─────────────── v0.18.8
  Installed PackageCompiler ────────────── v1.2.5
  Installed DataAPI ────────────────────── v1.4.0
  Installed DiffRules ──────────────────── v1.0.2
  Installed DiffResults ────────────────── v1.0.3
  Installed Parameters ─────────────────── v0.12.1
  Installed Setfield ───────────────────── v0.7.0
  Installed TreeViews ──────────────────── v0.3.0
  Installed ConstructionBase ───────────── v1.0.0
  Installed ArrayLayouts ───────────────── v0.4.12
  Installed DataValueInterfaces ────────── v1.0.0
  Installed RecursiveArrayTools ────────── v2.10.0
  Installed OrderedCollections ─────────── v1.3.2
  Installed RecipesBase ────────────────── v1.1.1
  Installed StaticArrays ───────────────── v1.0.1
  Installed VectorizationBase ──────────── v0.14.12
  Installed DiffEqBase ─────────────────── v6.53.4
  Installed LoopVectorization ──────────── v0.9.17
  Installed MacroTools ─────────────────── v0.5.6
  Installed NLsolve ────────────────────── v4.5.1
  Installed Hwloc ──────────────────────── v1.1.0
  Installed NaNMath ────────────────────── v0.3.5
  Installed JLLWrappers ────────────────── v1.2.0
  Installed Distances ──────────────────── v0.10.0
  Installed FiniteDiff ─────────────────── v2.7.2
  Installed FastGaussQuadrature ────────── v0.4.5
  Installed ArrayInterface ─────────────── v2.14.13
  Installed IfElse ─────────────────────── v0.1.0
  Installed LineSearches ───────────────── v7.1.1
  Installed BandedMatrices ─────────────── v0.15.25
  Installed Adapt ──────────────────────── v2.4.0
  Installed ForwardDiff ────────────────── v0.10.14
  Installed IterativeSolvers ───────────── v0.9.0
  Installed OffsetArrays ───────────────── v1.5.0
  Installed LabelledArrays ─────────────── v1.4.0
  Installed UnPack ─────────────────────── v1.0.2
  Installed SpecialFunctions ───────────── v1.2.1
  Installed IteratorInterfaceExtensions ── v1.0.0
  Installed Compat ─────────────────────── v3.25.0
  Installed NLSolversBase ──────────────── v7.7.1
  Installed ChainRulesCore ─────────────── v0.9.24
  Installed DocStringExtensions ────────── v0.8.3
  Installed RecursiveFactorization ─────── v0.1.6
  Installed SLEEFPirates ───────────────── v0.6.3
  Installed OpenSpecFun_jll ────────────── v0.5.3+4
  Installed Hwloc_jll ──────────────────── v2.2.0+0
  Installed Artifacts ──────────────────── v1.3.0
Updating `~/.julia/environments/v1.5/Project.toml`
  [9b87118b] + PackageCompiler v1.2.5
  [7bb39b10] + RiskAdjustedLinearizations v0.5.3
Updating `~/.julia/environments/v1.5/Manifest.toml`
  [79e6a3ab] + Adapt v2.4.0
  [4fba245c] + ArrayInterface v2.14.13
  [4c555306] + ArrayLayouts v0.4.12
  [56f22d72] + Artifacts v1.3.0
  [aae01518] + BandedMatrices v0.15.25
  [d360d2e6] + ChainRulesCore v0.9.24
  [bbf7d656] + CommonSubexpressions v0.3.0
  [34da2185] + Compat v3.25.0
  [e66e0078] + CompilerSupportLibraries_jll v0.3.4+0
  [187b0558] + ConstructionBase v1.0.0
  [9a962f9c] + DataAPI v1.4.0
  [864edb3b] + DataStructures v0.18.8
  [e2d170a0] + DataValueInterfaces v1.0.0
  [2b5f629d] + DiffEqBase v6.53.4
  [163ba53b] + DiffResults v1.0.3
  [b552c78f] + DiffRules v1.0.2
  [b4f34e82] + Distances v0.10.0
  [ffbed154] + DocStringExtensions v0.8.3
  [442a2c76] + FastGaussQuadrature v0.4.5
  [1a297f60] + FillArrays v0.10.2
  [6a86dc24] + FiniteDiff v2.7.2
  [f6369f11] + ForwardDiff v0.10.14
  [069b7b12] + FunctionWrappers v1.1.1
  [0e44f5e4] + Hwloc v1.1.0
  [e33a78d0] + Hwloc_jll v2.2.0+0
  [615f187c] + IfElse v0.1.0
  [42fd0dbc] + IterativeSolvers v0.9.0
  [82899510] + IteratorInterfaceExtensions v1.0.0
  [692b3bcd] + JLLWrappers v1.2.0
  [2ee39098] + LabelledArrays v1.4.0
  [d3d80556] + LineSearches v7.1.1
  [bdcacae8] + LoopVectorization v0.9.17
  [1914dd2f] + MacroTools v0.5.6
  [46d2c3a1] + MuladdMacro v0.2.2
  [d41bc354] + NLSolversBase v7.7.1
  [2774e3e8] + NLsolve v4.5.1
  [77ba4419] + NaNMath v0.3.5
  [8913a72c] + NonlinearSolve v0.3.4
  [6fe1bfb0] + OffsetArrays v1.5.0
  [efe28fd5] + OpenSpecFun_jll v0.5.3+4
  [bac558e1] + OrderedCollections v1.3.2
  [9b87118b] + PackageCompiler v1.2.5
  [d96e819e] + Parameters v0.12.1
  [3cdcf5f2] + RecipesBase v1.1.1
  [731186ca] + RecursiveArrayTools v2.10.0
  [f2c3362d] + RecursiveFactorization v0.1.6
  [189a3867] + Reexport v1.0.0
  [ae029012] + Requires v1.1.2
  [7bb39b10] + RiskAdjustedLinearizations v0.5.3
  [476501e8] + SLEEFPirates v0.6.3
  [efcf1570] + Setfield v0.7.0
  [276daf66] + SpecialFunctions v1.2.1
  [90137ffa] + StaticArrays v1.0.1
  [3783bdb8] + TableTraits v1.0.0
  [bd369af6] + Tables v1.2.2
  [a2a6695c] + TreeViews v0.3.0
  [3a884ed6] + UnPack v1.0.2
  [3d5dd08c] + VectorizationBase v0.14.12
  [700de1a5] + ZygoteRules v0.2.1
  [2a0f44e3] + Base64
  [ade2ca70] + Dates
  [8bb1440f] + DelimitedFiles
  [8ba89e20] + Distributed
  [9fa8497b] + Future
  [b77e0a4c] + InteractiveUtils
  [76f85450] + LibGit2
  [8f399da3] + Libdl
  [37e2e46d] + LinearAlgebra
  [56ddb016] + Logging
  [d6f4376e] + Markdown
  [a63ad114] + Mmap
  [44cfe95a] + Pkg
  [de0858da] + Printf
  [3fa0cd96] + REPL
  [9a3f8284] + Random
  [ea8e919c] + SHA
  [9e88b42a] + Serialization
  [1a1011a3] + SharedArrays
  [6462fe0b] + Sockets
  [2f01184e] + SparseArrays
  [10745b16] + Statistics
  [4607b0f0] + SuiteSparse
  [8dfed614] + Test
  [cf7118a7] + UUIDs
  [4ec0a83e] + Unicode


################################################################################
# Compiling: 2021-01-11T16:16:03.225
#

[ Info: PackageCompiler: creating system image object file, this might take a while...
ERROR: LoadError: Declaring __precompile__(false) is not allowed in files that are being precompiled.
Stacktrace:
 [1] __precompile__(::Bool) at ./loading.jl:855
 [2] top-level scope at /home/pkgeval/.julia/packages/RiskAdjustedLinearizations/3e9wR/src/RiskAdjustedLinearizations.jl:1
 [3] include(::Function, ::Module, ::String) at ./Base.jl:380
 [4] include at ./Base.jl:368 [inlined]
 [5] _require(::Base.PkgId) at ./loading.jl:1059
 [6] require(::Base.PkgId) at ./loading.jl:928
 [7] require(::Module, ::Symbol) at ./loading.jl:923
in expression starting at /home/pkgeval/.julia/packages/RiskAdjustedLinearizations/3e9wR/src/RiskAdjustedLinearizations.jl:1
ERROR: failed process: Process(`/opt/julia/bin/julia --color=yes --startup-file=no --cpu-target=native --sysimage=/opt/julia/lib/julia/sys.so --project=/home/pkgeval/.julia/environments/v1.5 --output-o=/tmp/jl_8jVnCR.o -e 'Base.reinit_stdio()
@eval Sys BINDIR = ccall(:jl_get_julia_bindir, Any, ())::String
@eval Sys STDLIB = "/opt/julia/share/julia/stdlib/v1.5"
Base.init_load_path()
if isdefined(Base, :init_active_project)
    Base.init_active_project()
end
Base.init_depot_path()
import RiskAdjustedLinearizations
# This @eval prevents symbols from being put into Main
@eval Module() begin
    PrecompileStagingArea = Module()
    for (_pkgid, _mod) in Base.loaded_modules
        if !(_pkgid.name in ("Main", "Core", "Base"))
            eval(PrecompileStagingArea, :(const $(Symbol(_mod)) = $_mod))
        end
    end
    precompile_files = String[
        "/tmp/jl_I7zARS"
    ]
    for file in precompile_files, statement in eachline(file)
        # println(statement)
        # The compiler has problem caching signatures with \`Vararg{?, N}\`. Replacing
        # N with a large number seems to work around it.
        statement = replace(statement, r"Vararg{(.*?), N} where N" => s"Vararg{\1, 100}")
        try
            Base.include_string(PrecompileStagingArea, statement)
        catch
            # See julia issue #28808
            @debug "failed to execute $statement"
        end
    end
end # module
empty!(LOAD_PATH)
empty!(DEPOT_PATH)
'`, ProcessExited(1)) [1]

Stacktrace:
 [1] pipeline_error at ./process.jl:525 [inlined]
 [2] run(::Cmd; wait::Bool) at ./process.jl:440
 [3] run at ./process.jl:438 [inlined]
 [4] create_sysimg_object_file(::String, ::Array{String,1}; project::String, base_sysimage::String, precompile_execution_file::Array{String,1}, precompile_statements_file::Array{String,1}, cpu_target::String, script::Nothing, isapp::Bool) at /home/pkgeval/.julia/packages/PackageCompiler/3BsME/src/PackageCompiler.jl:306
 [5] create_sysimage(::Symbol; sysimage_path::String, project::String, precompile_execution_file::Array{String,1}, precompile_statements_file::Array{String,1}, incremental::Bool, filter_stdlibs::Bool, replace_default::Bool, cpu_target::String, script::Nothing, base_sysimage::Nothing, isapp::Bool) at /home/pkgeval/.julia/packages/PackageCompiler/3BsME/src/PackageCompiler.jl:442
 [6] top-level scope at ./timing.jl:233

