################################################################################
# PkgEval set-up: 2021-01-11T23:30:18.13
#

Julia Version 1.5.3
Commit 599f52c4c6 (2020-12-18 13:33 UTC)
Platform Info:
  OS: Linux (x86_64-linux-gnu)
  CPU: AMD EPYC 7502 32-Core Processor
  WORD_SIZE: 64
  LIBM: libopenlibm
  LLVM: libLLVM-9.0.1 (ORCJIT, znver2)
Environment:
  JULIA_PKG_PRECOMPILE_AUTO = 0
  JULIA_PKGEVAL = true

Base.julia_cmd() = `/opt/julia/bin/julia -Cnative -J/opt/julia/lib/julia/sys.so -g1`


################################################################################
# Installation: 2021-01-11T23:30:19.941
#

 Installing known registries into `~/.julia`
######################################################################## 100.0%
      Added registry `General` to `~/.julia/registries/General`
  Resolving package versions...
  Installed CompilerSupportLibraries_jll ─ v0.3.4+0
  Installed UnsafeArrays ───────────────── v1.0.1
  Installed RecipesBase ────────────────── v1.1.1
  Installed RobotDynamics ──────────────── v0.3.2
  Installed DiffRules ──────────────────── v1.0.2
  Installed Requires ───────────────────── v1.1.2
  Installed MacroTools ─────────────────── v0.5.6
  Installed JLLWrappers ────────────────── v1.2.0
  Installed DiffResults ────────────────── v1.0.3
  Installed NaNMath ────────────────────── v0.3.5
  Installed SpecialFunctions ───────────── v1.2.1
  Installed CommonSubexpressions ───────── v0.3.0
  Installed FiniteDiff ─────────────────── v2.7.2
  Installed MuladdMacro ────────────────── v0.2.2
  Installed ChainRulesCore ─────────────── v0.9.24
  Installed ArrayInterface ─────────────── v2.14.13
  Installed OpenSpecFun_jll ────────────── v0.5.3+4
  Installed Artifacts ──────────────────── v1.3.0
  Installed Rotations ──────────────────── v1.0.2
  Installed StaticArrays ───────────────── v1.0.1
  Installed ForwardDiff ────────────────── v0.10.14
Updating `~/.julia/environments/v1.5/Project.toml`
  [38ceca67] + RobotDynamics v0.3.2
Updating `~/.julia/environments/v1.5/Manifest.toml`
  [4fba245c] + ArrayInterface v2.14.13
  [56f22d72] + Artifacts v1.3.0
  [d360d2e6] + ChainRulesCore v0.9.24
  [bbf7d656] + CommonSubexpressions v0.3.0
  [e66e0078] + CompilerSupportLibraries_jll v0.3.4+0
  [163ba53b] + DiffResults v1.0.3
  [b552c78f] + DiffRules v1.0.2
  [6a86dc24] + FiniteDiff v2.7.2
  [f6369f11] + ForwardDiff v0.10.14
  [692b3bcd] + JLLWrappers v1.2.0
  [1914dd2f] + MacroTools v0.5.6
  [46d2c3a1] + MuladdMacro v0.2.2
  [77ba4419] + NaNMath v0.3.5
  [efe28fd5] + OpenSpecFun_jll v0.5.3+4
  [3cdcf5f2] + RecipesBase v1.1.1
  [ae029012] + Requires v1.1.2
  [38ceca67] + RobotDynamics v0.3.2
  [6038ab10] + Rotations v1.0.2
  [276daf66] + SpecialFunctions v1.2.1
  [90137ffa] + StaticArrays v1.0.1
  [c4a57d5a] + UnsafeArrays v1.0.1
  [2a0f44e3] + Base64
  [ade2ca70] + Dates
  [8ba89e20] + Distributed
  [b77e0a4c] + InteractiveUtils
  [76f85450] + LibGit2
  [8f399da3] + Libdl
  [37e2e46d] + LinearAlgebra
  [56ddb016] + Logging
  [d6f4376e] + Markdown
  [44cfe95a] + Pkg
  [de0858da] + Printf
  [3fa0cd96] + REPL
  [9a3f8284] + Random
  [ea8e919c] + SHA
  [9e88b42a] + Serialization
  [6462fe0b] + Sockets
  [2f01184e] + SparseArrays
  [10745b16] + Statistics
  [8dfed614] + Test
  [cf7118a7] + UUIDs
  [4ec0a83e] + Unicode


################################################################################
# Testing: 2021-01-11T23:30:25.621
#

    Testing RobotDynamics
Status `/tmp/jl_k5MglU/Project.toml`
  [6e4b80f9] BenchmarkTools v0.5.0
  [a6e380b2] ControlSystems v0.8.0
  [6a86dc24] FiniteDiff v2.7.2
  [f6369f11] ForwardDiff v0.10.14
  [91a5bcdd] Plots v1.10.1
  [38ceca67] RobotDynamics v0.3.2
  [6038ab10] Rotations v1.0.2
  [90137ffa] StaticArrays v1.0.1
  [37e2e46d] LinearAlgebra
  [9a3f8284] Random
  [8dfed614] Test
Status `/tmp/jl_k5MglU/Manifest.toml`
  [621f4979] AbstractFFTs v1.0.0
  [79e6a3ab] Adapt v3.0.0
  [ec485272] ArnoldiMethod v0.0.2
  [4fba245c] ArrayInterface v2.14.13
  [56f22d72] Artifacts v1.3.0
  [6e4b80f9] BenchmarkTools v0.5.0
  [6e34b625] Bzip2_jll v1.0.6+5
  [83423d85] Cairo_jll v1.16.0+6
  [d360d2e6] ChainRulesCore v0.9.24
  [35d6a980] ColorSchemes v3.10.2
  [3da002f7] ColorTypes v0.10.9
  [5ae59095] Colors v0.12.6
  [bbf7d656] CommonSubexpressions v0.3.0
  [34da2185] Compat v3.25.0
  [e66e0078] CompilerSupportLibraries_jll v0.3.4+0
  [187b0558] ConstructionBase v1.0.0
  [d38c429a] Contour v0.5.7
  [a6e380b2] ControlSystems v0.8.0
  [717857b8] DSP v0.6.10
  [9a962f9c] DataAPI v1.4.0
  [864edb3b] DataStructures v0.18.8
  [e2d170a0] DataValueInterfaces v1.0.0
  [bcd4f6db] DelayDiffEq v5.28.1
  [2b5f629d] DiffEqBase v6.53.4
  [163ba53b] DiffResults v1.0.3
  [b552c78f] DiffRules v1.0.2
  [b4f34e82] Distances v0.10.0
  [ffbed154] DocStringExtensions v0.8.3
  [5ae413db] EarCut_jll v2.1.5+1
  [2e619515] Expat_jll v2.2.7+6
  [d4d017d3] ExponentialUtilities v1.8.0
  [e2ba6199] ExprTools v0.1.3
  [8f5d6c58] EzXML v1.1.0
  [c87230d0] FFMPEG v0.4.0
  [b22a6f82] FFMPEG_jll v4.3.1+4
  [7a1cc6ca] FFTW v1.3.1
  [f5851436] FFTW_jll v3.3.9+7
  [9aa1b823] FastClosures v0.3.2
  [6a86dc24] FiniteDiff v2.7.2
  [53c48c17] FixedPointNumbers v0.8.4
  [a3f928ae] Fontconfig_jll v2.13.1+14
  [59287772] Formatting v0.4.2
  [f6369f11] ForwardDiff v0.10.14
  [d7e528f0] FreeType2_jll v2.10.1+5
  [559328eb] FriBidi_jll v1.0.5+6
  [069b7b12] FunctionWrappers v1.1.1
  [0656b61e] GLFW_jll v3.3.2+1
  [28b8d3ca] GR v0.53.0
  [d2c73de3] GR_jll v0.53.0+0
  [01680d73] GenericSVD v0.3.0
  [5c1252a2] GeometryBasics v0.3.5
  [78b55507] Gettext_jll v0.20.1+7
  [7746bdde] Glib_jll v2.59.0+4
  [42e2da0e] Grisu v1.0.0
  [cd3eb016] HTTP v0.8.19
  [0e44f5e4] Hwloc v1.1.0
  [e33a78d0] Hwloc_jll v2.2.0+0
  [615f187c] IfElse v0.1.0
  [d25df0c9] Inflate v0.1.2
  [83e8ac13] IniFile v0.5.0
  [1d5cc7b8] IntelOpenMP_jll v2018.0.3+0
  [d8418881] Intervals v1.5.0
  [c8e1da08] IterTools v1.3.0
  [42fd0dbc] IterativeSolvers v0.9.0
  [82899510] IteratorInterfaceExtensions v1.0.0
  [692b3bcd] JLLWrappers v1.2.0
  [682c06a0] JSON v0.21.1
  [aacddb02] JpegTurbo_jll v2.0.1+3
  [c1c5ebd0] LAME_jll v3.100.0+3
  [dd4b983a] LZO_jll v2.10.0+3
  [b964fa9f] LaTeXStrings v1.2.0
  [2ee39098] LabelledArrays v1.4.0
  [23fbe1c1] Latexify v0.14.7
  [dd192d2f] LibVPX_jll v1.9.0+1
  [e9f186c6] Libffi_jll v3.2.1+4
  [d4300ac3] Libgcrypt_jll v1.8.5+4
  [7e76a0d4] Libglvnd_jll v1.3.0+3
  [7add5ba3] Libgpg_error_jll v1.36.0+3
  [94ce4f54] Libiconv_jll v1.16.0+7
  [4b2f31a3] Libmount_jll v2.34.0+3
  [89763e89] Libtiff_jll v4.1.0+2
  [38a345b3] Libuuid_jll v2.34.0+7
  [093fc24a] LightGraphs v1.3.4
  [d3d80556] LineSearches v7.1.1
  [bdcacae8] LoopVectorization v0.9.7
  [856f044c] MKL_jll v2020.2.254+0
  [1914dd2f] MacroTools v0.5.6
  [739be429] MbedTLS v1.0.3
  [c8ffd9c3] MbedTLS_jll v2.16.8+1
  [442fdcdd] Measures v0.3.1
  [e1d29d7a] Missings v0.4.4
  [78c3b35d] Mocking v0.7.1
  [46d2c3a1] MuladdMacro v0.2.2
  [d41bc354] NLSolversBase v7.7.1
  [2774e3e8] NLsolve v4.5.1
  [77ba4419] NaNMath v0.3.5
  [8913a72c] NonlinearSolve v0.3.4
  [6fe1bfb0] OffsetArrays v1.3.1
  [e7412a2a] Ogg_jll v1.3.4+2
  [458c3c95] OpenSSL_jll v1.1.1+6
  [efe28fd5] OpenSpecFun_jll v0.5.3+4
  [91d4177d] Opus_jll v1.3.1+3
  [bac558e1] OrderedCollections v1.3.2
  [1dea7af3] OrdinaryDiffEq v5.49.1
  [2f80f16e] PCRE_jll v8.42.0+4
  [d96e819e] Parameters v0.12.1
  [69de0a69] Parsers v1.0.15
  [30392449] Pixman_jll v0.40.0+0
  [ccf2f8ad] PlotThemes v2.0.0
  [995b91a9] PlotUtils v1.0.10
  [91a5bcdd] Plots v1.10.1
  [f27b6e38] Polynomials v1.2.0
  [ede63266] Qt_jll v5.15.2+1
  [3cdcf5f2] RecipesBase v1.1.1
  [01d81517] RecipesPipeline v0.2.1
  [731186ca] RecursiveArrayTools v2.10.0
  [f2c3362d] RecursiveFactorization v0.1.6
  [189a3867] Reexport v1.0.0
  [ae029012] Requires v1.1.2
  [38ceca67] RobotDynamics v0.3.2
  [6038ab10] Rotations v1.0.2
  [476501e8] SLEEFPirates v0.6.3
  [6c6a2e73] Scratch v1.0.3
  [efcf1570] Setfield v0.7.0
  [992d4aef] Showoff v0.3.2
  [699a6c99] SimpleTraits v0.9.3
  [a2af1166] SortingAlgorithms v0.3.1
  [47a9eef4] SparseDiffTools v1.12.0
  [276daf66] SpecialFunctions v1.2.1
  [90137ffa] StaticArrays v1.0.1
  [2913bbd2] StatsBase v0.33.2
  [09ab397b] StructArrays v0.4.2
  [3783bdb8] TableTraits v1.0.0
  [bd369af6] Tables v1.2.2
  [f269a46b] TimeZones v1.5.3
  [a2a6695c] TreeViews v0.3.0
  [3a884ed6] UnPack v1.0.2
  [c4a57d5a] UnsafeArrays v1.0.1
  [3d5dd08c] VectorizationBase v0.13.12
  [19fa3120] VertexSafeGraphs v0.1.2
  [a2964d1f] Wayland_jll v1.17.0+4
  [2381bf8a] Wayland_protocols_jll v1.18.0+4
  [02c8fc9c] XML2_jll v2.9.10+3
  [aed1982a] XSLT_jll v1.1.33+4
  [4f6342f7] Xorg_libX11_jll v1.6.9+4
  [0c0b7dd1] Xorg_libXau_jll v1.0.9+4
  [935fb764] Xorg_libXcursor_jll v1.2.0+4
  [a3789734] Xorg_libXdmcp_jll v1.1.3+4
  [1082639a] Xorg_libXext_jll v1.3.4+4
  [d091e8ba] Xorg_libXfixes_jll v5.0.3+4
  [a51aa0fd] Xorg_libXi_jll v1.7.10+4
  [d1454406] Xorg_libXinerama_jll v1.1.4+4
  [ec84b674] Xorg_libXrandr_jll v1.5.2+4
  [ea2f1a96] Xorg_libXrender_jll v0.9.10+4
  [14d82f49] Xorg_libpthread_stubs_jll v0.1.0+3
  [c7cfdc94] Xorg_libxcb_jll v1.13.0+3
  [cc61e674] Xorg_libxkbfile_jll v1.1.0+4
  [12413925] Xorg_xcb_util_image_jll v0.4.0+1
  [2def613f] Xorg_xcb_util_jll v0.4.0+1
  [975044d2] Xorg_xcb_util_keysyms_jll v0.4.0+1
  [0d47668e] Xorg_xcb_util_renderutil_jll v0.3.9+1
  [c22f9ab0] Xorg_xcb_util_wm_jll v0.4.1+1
  [35661453] Xorg_xkbcomp_jll v1.4.2+4
  [33bec58e] Xorg_xkeyboard_config_jll v2.27.0+4
  [c5fb5394] Xorg_xtrans_jll v1.4.0+3
  [83775a58] Zlib_jll v1.2.11+18
  [3161d3a3] Zstd_jll v1.4.5+2
  [700de1a5] ZygoteRules v0.2.1
  [0ac62f75] libass_jll v0.14.0+4
  [f638f0a6] libfdk_aac_jll v0.1.6+4
  [b53b4c65] libpng_jll v1.6.37+6
  [f27f6e37] libvorbis_jll v1.3.6+6
  [1270edf5] x264_jll v2020.7.14+2
  [dfaa095f] x265_jll v3.0.0+3
  [d8fb68d0] xkbcommon_jll v0.9.1+5
  [2a0f44e3] Base64
  [ade2ca70] Dates
  [8bb1440f] DelimitedFiles
  [8ba89e20] Distributed
  [9fa8497b] Future
  [b77e0a4c] InteractiveUtils
  [76f85450] LibGit2
  [8f399da3] Libdl
  [37e2e46d] LinearAlgebra
  [56ddb016] Logging
  [d6f4376e] Markdown
  [a63ad114] Mmap
  [44cfe95a] Pkg
  [de0858da] Printf
  [3fa0cd96] REPL
  [9a3f8284] Random
  [ea8e919c] SHA
  [9e88b42a] Serialization
  [1a1011a3] SharedArrays
  [6462fe0b] Sockets
  [2f01184e] SparseArrays
  [10745b16] Statistics
  [4607b0f0] SuiteSparse
  [8dfed614] Test
  [cf7118a7] UUIDs
  [4ec0a83e] Unicode
Test Summary:  | Pass  Total
Basic Dynamics |  196    196
Test Summary: | Pass  Total
Lie State     |   43     43
Test Summary:  | Pass  Total
Linear Systems |  189    189
Test Summary: | Pass  Total
Rigid Bodies  |  178    178
Test Summary: | Pass  Total
Jacobians     |   16     16
    Testing RobotDynamics tests passed 

PkgEval succeeded


################################################################################
# PkgEval teardown: 2021-01-11T23:34:07.193
CPU usage: 228.40s (218.33s user, 10.35s kernel)

Network usage:
- eth0: 66.821 MiB received, 1.096 MiB sent

Raw statistics: {"blkio_stats":{"io_queue_recursive":[],"io_serviced_recursive":[{"major":259,"value":2,"op":"Read","minor":0},{"major":259,"value":36,"op":"Write","minor":0},{"major":259,"value":21,"op":"Sync","minor":0},{"major":259,"value":17,"op":"Async","minor":0},{"major":259,"value":0,"op":"Discard","minor":0},{"major":259,"value":38,"op":"Total","minor":0},{"major":253,"value":2,"op":"Read","minor":2},{"major":253,"value":36,"op":"Write","minor":2},{"major":253,"value":21,"op":"Sync","minor":2},{"major":253,"value":17,"op":"Async","minor":2},{"major":253,"value":0,"op":"Discard","minor":2},{"major":253,"value":38,"op":"Total","minor":2}],"io_time_recursive":[],"sectors_recursive":[],"io_service_bytes_recursive":[{"major":259,"value":8192,"op":"Read","minor":0},{"major":259,"value":249856,"op":"Write","minor":0},{"major":259,"value":114688,"op":"Sync","minor":0},{"major":259,"value":143360,"op":"Async","minor":0},{"major":259,"value":0,"op":"Discard","minor":0},{"major":259,"value":258048,"op":"Total","minor":0},{"major":253,"value":8192,"op":"Read","minor":2},{"major":253,"value":249856,"op":"Write","minor":2},{"major":253,"value":114688,"op":"Sync","minor":2},{"major":253,"value":143360,"op":"Async","minor":2},{"major":253,"value":0,"op":"Discard","minor":2},{"major":253,"value":258048,"op":"Total","minor":2}],"io_wait_time_recursive":[],"io_merged_recursive":[],"io_service_time_recursive":[]},"memory_stats":{"usage":540712960,"max_usage":1953988608,"stats":{"hierarchical_memory_limit":9223372036854771712,"pgmajfault":0,"total_rss":251125760,"inactive_file":135168,"inactive_anon":205725696,"total_pgfault":3490740,"total_cache":251457536,"total_rss_huge":0,"total_active_anon":292503552,"total_pgmajfault":0,"pgpgin":2336532,"rss_huge":0,"mapped_file":0,"total_inactive_file":135168,"dirty":405504,"total_unevictable":0,"total_dirty":405504,"writeback":0,"pgpgout":2213843,"hierarchical_memsw_limit":0,"cache":251457536,"active_file":4460544,"pgfault":3490740,"total_mapped_file":0,"total_pgpgout":2213843,"total_writeback":0,"rss":251125760,"unevictable":0,"total_inactive_anon":205725696,"total_pgpgin":2336532,"active_anon":292503552,"total_active_file":4460544},"limit":540965302272},"name":"/RobotDynamics-ypH35Zdn","networks":{"eth0":{"rx_bytes":70067013,"rx_packets":12507,"tx_packets":11440,"tx_bytes":1149720,"tx_dropped":0,"rx_dropped":8,"tx_errors":0,"rx_errors":0}},"id":"d0614b629aade44faa41f6377792b9801ed5dc12e05343c6046877718941aeb6","preread":"0001-01-01T00:00:00Z","storage_stats":{},"precpu_stats":{"throttling_data":{"throttled_periods":0,"throttled_time":0,"periods":0},"cpu_usage":{"usage_in_usermode":0,"usage_in_kernelmode":0,"total_usage":0}},"pids_stats":{"current":40},"num_procs":0,"cpu_stats":{"throttling_data":{"throttled_periods":0,"throttled_time":0,"periods":0},"system_cpu_usage":6920786864522419,"online_cpus":128,"cpu_usage":{"usage_in_usermode":218330000000,"usage_in_kernelmode":10350000000,"total_usage":228398635315,"percpu_usage":[0,0,0,0,0,0,0,0,0,0,0,0,151150,0,228398480115,0,0,0,0,0,0,0,0,0,0,0,0,0,0,0,0,0,0,0,0,0,0,0,0,0,0,0,0,0,0,0,0,0,0,0,0,0,0,0,0,0,0,0,0,0,0,0,0,0,0,0,0,0,0,0,0,0,0,0,0,0,0,4050,0,0,0,0,0,0,0,0,0,0,0,0,0,0,0,0,0,0,0,0,0,0,0,0,0,0,0,0,0,0,0,0,0,0,0,0,0,0,0,0,0,0,0,0,0,0,0,0,0,0]}},"read":"2021-01-11T23:34:07.19618613Z"}