################################################################################
# PackageCompiler set-up: 2021-01-11T18:20:47.165
#

Julia Version 1.5.3
Commit 599f52c4c6 (2020-12-18 13:33 UTC)
Platform Info:
  OS: Linux (x86_64-linux-gnu)
  CPU: AMD EPYC 7502 32-Core Processor
  WORD_SIZE: 64
  LIBM: libopenlibm
  LLVM: libLLVM-9.0.1 (ORCJIT, znver2)
Environment:
  JULIA_PKGEVAL = true
  JULIA_PKG_PRECOMPILE_AUTO = 0



################################################################################
# Installation: 2021-01-11T18:20:48.842
#

 Installing known registries into `~/.julia`
#=#=#                                                                         ######################################################################## 100.0%
      Added registry `General` to `~/.julia/registries/General`
  Resolving package versions...
  Installed RowEchelon ────── v0.2.1
  Installed PackageCompiler ─ v1.2.5
Updating `~/.julia/environments/v1.5/Project.toml`
  [9b87118b] + PackageCompiler v1.2.5
  [af85af4c] + RowEchelon v0.2.1
Updating `~/.julia/environments/v1.5/Manifest.toml`
  [9b87118b] + PackageCompiler v1.2.5
  [af85af4c] + RowEchelon v0.2.1
  [2a0f44e3] + Base64
  [ade2ca70] + Dates
  [b77e0a4c] + InteractiveUtils
  [76f85450] + LibGit2
  [8f399da3] + Libdl
  [37e2e46d] + LinearAlgebra
  [56ddb016] + Logging
  [d6f4376e] + Markdown
  [44cfe95a] + Pkg
  [de0858da] + Printf
  [3fa0cd96] + REPL
  [9a3f8284] + Random
  [ea8e919c] + SHA
  [9e88b42a] + Serialization
  [6462fe0b] + Sockets
  [cf7118a7] + UUIDs
  [4ec0a83e] + Unicode


################################################################################
# Compiling: 2021-01-11T18:20:54.348
#

[ Info: PackageCompiler: creating system image object file, this might take a while...
Generated system image is 147.315 MiB, compilation took 157 seconds


################################################################################
# PkgEval set-up: 2021-01-11T18:23:38.721
#

Julia Version 1.5.3
Commit 599f52c4c6 (2020-12-18 13:33 UTC)
Platform Info:
  OS: Linux (x86_64-linux-gnu)
  CPU: AMD EPYC 7502 32-Core Processor
  WORD_SIZE: 64
  LIBM: libopenlibm
  LLVM: libLLVM-9.0.1 (ORCJIT, znver2)
Environment:
  JULIA_PKGEVAL = true
  JULIA_PKG_PRECOMPILE_AUTO = 0

Base.julia_cmd() = `/usr/local/julia/bin/julia -Cnative -J/cache/RowEchelon-XA56Jr1L.so -g1`


################################################################################
# Installation: 2021-01-11T18:23:40.509
#

 Installing known registries into `~/.julia`
#                                                                          1.9%######################################################################## 100.0%
      Added registry `General` to `~/.julia/registries/General`
  Resolving package versions...
  Installed RowEchelon ─ v0.2.1
Updating `~/.julia/environments/v1.5/Project.toml`
  [af85af4c] + RowEchelon v0.2.1
Updating `~/.julia/environments/v1.5/Manifest.toml`
  [af85af4c] + RowEchelon v0.2.1
  [8f399da3] + Libdl
  [37e2e46d] + LinearAlgebra


################################################################################
# Testing: 2021-01-11T18:23:44.976
#

    Testing RowEchelon
Status `/tmp/jl_ISWiIc/Project.toml`
  [af85af4c] RowEchelon v0.2.1
  [37e2e46d] LinearAlgebra
  [8dfed614] Test
Status `/tmp/jl_ISWiIc/Manifest.toml`
  [af85af4c] RowEchelon v0.2.1
  [2a0f44e3] Base64
  [8ba89e20] Distributed
  [b77e0a4c] InteractiveUtils
  [8f399da3] Libdl
  [37e2e46d] LinearAlgebra
  [56ddb016] Logging
  [d6f4376e] Markdown
  [9a3f8284] Random
  [9e88b42a] Serialization
  [6462fe0b] Sockets
  [8dfed614] Test
Test Summary:                             | Pass  Total
Matrices of integers (treated as Float64) |   10     10
Test Summary:         | Pass  Total
Matrices of rationals |   10     10
Test Summary:             | Pass  Total
Matrix of Complex numbers |    8      8
Test Summary:                                         | Pass  Total
Matrices of integers (treated as Float64) with Pivots |   15     15
Test Summary:                     | Pass  Total
Matrices of rationals with Pivots |   15     15
Test Summary:                         | Pass  Total
Matrix of Complex numbers with Pivots |   12     12
    Testing RowEchelon tests passed 

PkgEval succeeded


################################################################################
# PkgEval teardown: 2021-01-11T18:23:51.066
CPU usage: 12.38s (10.08s user, 2.34s kernel)

Network usage:
- eth0: 2.537 MiB received, 29.264 KiB sent

Raw statistics: {"blkio_stats":{"io_queue_recursive":[],"io_serviced_recursive":[{"major":259,"value":0,"op":"Read","minor":0},{"major":259,"value":19,"op":"Write","minor":0},{"major":259,"value":14,"op":"Sync","minor":0},{"major":259,"value":5,"op":"Async","minor":0},{"major":259,"value":0,"op":"Discard","minor":0},{"major":259,"value":19,"op":"Total","minor":0},{"major":253,"value":0,"op":"Read","minor":2},{"major":253,"value":19,"op":"Write","minor":2},{"major":253,"value":14,"op":"Sync","minor":2},{"major":253,"value":5,"op":"Async","minor":2},{"major":253,"value":0,"op":"Discard","minor":2},{"major":253,"value":19,"op":"Total","minor":2}],"io_time_recursive":[],"sectors_recursive":[],"io_service_bytes_recursive":[{"major":259,"value":0,"op":"Read","minor":0},{"major":259,"value":77824,"op":"Write","minor":0},{"major":259,"value":57344,"op":"Sync","minor":0},{"major":259,"value":20480,"op":"Async","minor":0},{"major":259,"value":0,"op":"Discard","minor":0},{"major":259,"value":77824,"op":"Total","minor":0},{"major":253,"value":0,"op":"Read","minor":2},{"major":253,"value":77824,"op":"Write","minor":2},{"major":253,"value":57344,"op":"Sync","minor":2},{"major":253,"value":20480,"op":"Async","minor":2},{"major":253,"value":0,"op":"Discard","minor":2},{"major":253,"value":77824,"op":"Total","minor":2}],"io_wait_time_recursive":[],"io_merged_recursive":[],"io_service_time_recursive":[]},"memory_stats":{"usage":294199296,"max_usage":487141376,"stats":{"hierarchical_memory_limit":9223372036854771712,"pgmajfault":0,"total_rss":185442304,"inactive_file":135168,"inactive_anon":78667776,"total_pgfault":273834,"total_cache":79269888,"total_rss_huge":0,"total_active_anon":185991168,"total_pgmajfault":0,"pgpgin":167640,"rss_huge":0,"mapped_file":0,"total_inactive_file":135168,"dirty":270336,"total_unevictable":0,"total_dirty":270336,"writeback":135168,"pgpgout":103027,"hierarchical_memsw_limit":0,"cache":79269888,"active_file":135168,"pgfault":273834,"total_mapped_file":0,"total_pgpgout":103027,"total_writeback":135168,"rss":185442304,"unevictable":0,"total_inactive_anon":78667776,"total_pgpgin":167640,"active_anon":185991168,"total_active_file":135168},"limit":540965302272},"name":"/RowEchelon-91zq8Be3","networks":{"eth0":{"rx_bytes":2660539,"rx_packets":334,"tx_packets":312,"tx_bytes":29966,"tx_dropped":0,"rx_dropped":1,"tx_errors":0,"rx_errors":0}},"id":"5739b37d498ab23c2c6dadf2f1747225362c063d2d45bc74d9d94f6f41724ebc","preread":"0001-01-01T00:00:00Z","storage_stats":{},"precpu_stats":{"throttling_data":{"throttled_periods":0,"throttled_time":0,"periods":0},"cpu_usage":{"usage_in_usermode":0,"usage_in_kernelmode":0,"total_usage":0}},"pids_stats":{"current":44},"num_procs":0,"cpu_stats":{"throttling_data":{"throttled_periods":0,"throttled_time":0,"periods":0},"system_cpu_usage":4541868054522419,"online_cpus":128,"cpu_usage":{"usage_in_usermode":10080000000,"usage_in_kernelmode":2340000000,"total_usage":12384307903,"percpu_usage":[0,0,0,0,0,0,0,0,0,0,0,0,0,0,0,0,0,0,0,0,0,0,0,0,0,0,0,0,0,0,0,0,0,0,12384303953,0,0,0,0,0,0,0,0,0,0,0,0,0,0,0,0,0,0,0,0,0,0,0,0,0,0,0,0,0,0,0,0,0,0,0,0,0,0,0,0,0,0,0,0,0,0,0,0,0,0,0,0,0,0,0,0,0,0,0,0,0,3950,0,0,0,0,0,0,0,0,0,0,0,0,0,0,0,0,0,0,0,0,0,0,0,0,0,0,0,0,0,0,0]}},"read":"2021-01-11T18:23:51.080592066Z"}