################################################################################
# PackageCompiler set-up: 2021-01-11T23:02:49.653
#

Julia Version 1.5.3
Commit 599f52c4c6 (2020-12-18 13:33 UTC)
Platform Info:
  OS: Linux (x86_64-linux-gnu)
  CPU: AMD EPYC 7502 32-Core Processor
  WORD_SIZE: 64
  LIBM: libopenlibm
  LLVM: libLLVM-9.0.1 (ORCJIT, znver2)
Environment:
  JULIA_PKGEVAL = true
  JULIA_PKG_PRECOMPILE_AUTO = 0



################################################################################
# Installation: 2021-01-11T23:02:51.385
#

 Installing known registries into `~/.julia`
#######                                                                   10.7%######################################################################## 100.0%
      Added registry `General` to `~/.julia/registries/General`
  Resolving package versions...
  Installed URIParser ───────── v0.4.1
  Installed BinDeps ─────────── v1.0.2
  Installed StaticArrays ────── v1.0.1
  Installed SOFA ────────────── v1.0.2
  Installed PackageCompiler ─── v1.2.5
  Installed SatelliteDynamics ─ v0.4.3
Updating `~/.julia/environments/v1.5/Project.toml`
  [9b87118b] + PackageCompiler v1.2.5
  [0e7c1a32] + SatelliteDynamics v0.4.3
Updating `~/.julia/environments/v1.5/Manifest.toml`
  [9e28174c] + BinDeps v1.0.2
  [9b87118b] + PackageCompiler v1.2.5
  [ad3d3fd0] + SOFA v1.0.2
  [0e7c1a32] + SatelliteDynamics v0.4.3
  [90137ffa] + StaticArrays v1.0.1
  [30578b45] + URIParser v0.4.1
  [2a0f44e3] + Base64
  [ade2ca70] + Dates
  [b77e0a4c] + InteractiveUtils
  [76f85450] + LibGit2
  [8f399da3] + Libdl
  [37e2e46d] + LinearAlgebra
  [56ddb016] + Logging
  [d6f4376e] + Markdown
  [44cfe95a] + Pkg
  [de0858da] + Printf
  [3fa0cd96] + REPL
  [9a3f8284] + Random
  [ea8e919c] + SHA
  [9e88b42a] + Serialization
  [6462fe0b] + Sockets
  [2f01184e] + SparseArrays
  [10745b16] + Statistics
  [cf7118a7] + UUIDs
  [4ec0a83e] + Unicode
   Building SOFA → `~/.julia/packages/SOFA/AEhle/deps/build.log`


################################################################################
# Compiling: 2021-01-11T23:03:12.159
#

[ Info: PackageCompiler: creating system image object file, this might take a while...
Generated system image is 161.436 MiB, compilation took 183 seconds


################################################################################
# PkgEval set-up: 2021-01-11T23:06:22.907
#

Julia Version 1.5.3
Commit 599f52c4c6 (2020-12-18 13:33 UTC)
Platform Info:
  OS: Linux (x86_64-linux-gnu)
  CPU: AMD EPYC 7502 32-Core Processor
  WORD_SIZE: 64
  LIBM: libopenlibm
  LLVM: libLLVM-9.0.1 (ORCJIT, znver2)
Environment:
  JULIA_PKGEVAL = true
  JULIA_PKG_PRECOMPILE_AUTO = 0

Base.julia_cmd() = `/usr/local/julia/bin/julia -Cnative -J/cache/SatelliteDynamics-zeJZF4y1.so -g1`


################################################################################
# Installation: 2021-01-11T23:06:24.467
#

 Installing known registries into `~/.julia`
######                                                                     9.4%######################################################################## 100.0%
      Added registry `General` to `~/.julia/registries/General`
  Resolving package versions...
  Installed BinDeps ─────────── v1.0.2
  Installed URIParser ───────── v0.4.1
  Installed StaticArrays ────── v1.0.1
  Installed SOFA ────────────── v1.0.2
  Installed SatelliteDynamics ─ v0.4.3
Updating `~/.julia/environments/v1.5/Project.toml`
  [0e7c1a32] + SatelliteDynamics v0.4.3
Updating `~/.julia/environments/v1.5/Manifest.toml`
  [9e28174c] + BinDeps v1.0.2
  [ad3d3fd0] + SOFA v1.0.2
  [0e7c1a32] + SatelliteDynamics v0.4.3
  [90137ffa] + StaticArrays v1.0.1
  [30578b45] + URIParser v0.4.1
  [2a0f44e3] + Base64
  [ade2ca70] + Dates
  [b77e0a4c] + InteractiveUtils
  [76f85450] + LibGit2
  [8f399da3] + Libdl
  [37e2e46d] + LinearAlgebra
  [56ddb016] + Logging
  [d6f4376e] + Markdown
  [44cfe95a] + Pkg
  [de0858da] + Printf
  [3fa0cd96] + REPL
  [9a3f8284] + Random
  [ea8e919c] + SHA
  [9e88b42a] + Serialization
  [6462fe0b] + Sockets
  [2f01184e] + SparseArrays
  [10745b16] + Statistics
  [cf7118a7] + UUIDs
  [4ec0a83e] + Unicode
   Building SOFA → `~/.julia/packages/SOFA/AEhle/deps/build.log`


################################################################################
# Testing: 2021-01-11T23:06:45.599
#

    Testing SatelliteDynamics
Status `/tmp/jl_uOVbCc/Project.toml`
  [ad3d3fd0] SOFA v1.0.2
  [0e7c1a32] SatelliteDynamics v0.4.3
  [90137ffa] StaticArrays v1.0.1
  [ade2ca70] Dates
  [37e2e46d] LinearAlgebra
  [56ddb016] Logging
  [de0858da] Printf
  [9a3f8284] Random
  [8dfed614] Test
Status `/tmp/jl_uOVbCc/Manifest.toml`
  [9e28174c] BinDeps v1.0.2
  [ad3d3fd0] SOFA v1.0.2
  [0e7c1a32] SatelliteDynamics v0.4.3
  [90137ffa] StaticArrays v1.0.1
  [30578b45] URIParser v0.4.1
  [2a0f44e3] Base64
  [ade2ca70] Dates
  [8ba89e20] Distributed
  [b77e0a4c] InteractiveUtils
  [76f85450] LibGit2
  [8f399da3] Libdl
  [37e2e46d] LinearAlgebra
  [56ddb016] Logging
  [d6f4376e] Markdown
  [44cfe95a] Pkg
  [de0858da] Printf
  [3fa0cd96] REPL
  [9a3f8284] Random
  [ea8e919c] SHA
  [9e88b42a] Serialization
  [6462fe0b] Sockets
  [2f01184e] SparseArrays
  [10745b16] Statistics
  [8dfed614] Test
  [cf7118a7] UUIDs
  [4ec0a83e] Unicode
  0.319497 seconds (1.04 M allocations: 52.456 MiB, 2.98% gc time)
SatelliteDynamics.Universe: Error During Test at /home/user/.julia/packages/SatelliteDynamics/yvFXe/test/runtests.jl:49
  Got exception outside of a @test
  LoadError: SystemError: opening file "/home/pkgeval/.julia/packages/SatelliteDynamics/yvFXe/data/FINALS.ALL_IAU2000.txt": No such file or directory
  Stacktrace:
   [1] systemerror(::String, ::Int32; extrainfo::Nothing) at ./error.jl:168
   [2] #systemerror#48 at ./error.jl:167 [inlined]
   [3] systemerror at ./error.jl:167 [inlined]
   [4] open(::String; lock::Bool, read::Nothing, write::Nothing, create::Nothing, truncate::Nothing, append::Nothing) at ./iostream.jl:284
   [5] open at ./iostream.jl:273 [inlined]
   [6] open(::Base.var"#308#309"{Base.Iterators.Pairs{Union{},Union{},Tuple{},NamedTuple{(),Tuple{}}}}, ::String; kwargs::Base.Iterators.Pairs{Union{},Union{},Tuple{},NamedTuple{(),Tuple{}}}) at ./io.jl:323
   [7] open at ./io.jl:323 [inlined]
   [8] #readlines#307 at ./io.jl:523 [inlined]
   [9] readlines(::String) at ./io.jl:523
   [10] EarthOrientationData(::String) at /home/pkgeval/.julia/packages/SatelliteDynamics/yvFXe/src/universe.jl:123
   [11] top-level scope at /home/user/.julia/packages/SatelliteDynamics/yvFXe/test/test_universe.jl:12
   [12] include(::String) at ./client.jl:457
   [13] macro expansion at /home/user/.julia/packages/SatelliteDynamics/yvFXe/test/runtests.jl:50 [inlined]
   [14] macro expansion at /workspace/srcdir/usr/share/julia/stdlib/v1.5/Test/src/Test.jl:1115 [inlined]
   [15] macro expansion at /home/user/.julia/packages/SatelliteDynamics/yvFXe/test/runtests.jl:50 [inlined]
   [16] macro expansion at ./timing.jl:174 [inlined]
   [17] macro expansion at /home/user/.julia/packages/SatelliteDynamics/yvFXe/test/runtests.jl:49 [inlined]
   [18] macro expansion at /workspace/srcdir/usr/share/julia/stdlib/v1.5/Test/src/Test.jl:1115 [inlined]
   [19] macro expansion at /home/user/.julia/packages/SatelliteDynamics/yvFXe/test/runtests.jl:45 [inlined]
   [20] top-level scope at ./timing.jl:174
   [21] include(::String) at ./client.jl:457
   [22] top-level scope at none:6
   [23] eval(::Module, ::Any) at ./boot.jl:331
   [24] exec_options(::Base.JLOptions) at ./client.jl:272
   [25] _start() at ./client.jl:506
  in expression starting at /home/user/.julia/packages/SatelliteDynamics/yvFXe/test/test_universe.jl:11
  
  1.326696 seconds (2.97 M allocations: 146.779 MiB, 2.40% gc time)
SatelliteDynamics.Time: Error During Test at /home/user/.julia/packages/SatelliteDynamics/yvFXe/test/test_time.jl:2
  Test threw exception
  Expression: caldate_to_mjd(2000, 1, 1, 12, 0, 0) == 51544.5
  could not load library "/home/pkgeval/.julia/packages/SOFA/AEhle/deps/usr/lib/libsofa_c.so"
  /home/pkgeval/.julia/packages/SOFA/AEhle/deps/usr/lib/libsofa_c.so: cannot open shared object file: No such file or directory
  Stacktrace:
   [1] iauDtf2d(::String, ::Int64, ::Int64, ::Int64, ::Int64, ::Int64, ::Float64) at /home/pkgeval/.julia/packages/SOFA/AEhle/src/dtf2d.jl:87
   [2] caldate_to_mjd at /home/pkgeval/.julia/packages/SatelliteDynamics/yvFXe/src/time.jl:67 [inlined] (repeats 2 times)
   [3] top-level scope at /home/user/.julia/packages/SatelliteDynamics/yvFXe/test/test_time.jl:2
   [4] include(::String) at ./client.jl:457
   [5] macro expansion at /home/user/.julia/packages/SatelliteDynamics/yvFXe/test/runtests.jl:53 [inlined]
   [6] macro expansion at /workspace/srcdir/usr/share/julia/stdlib/v1.5/Test/src/Test.jl:1115 [inlined]
   [7] macro expansion at /home/user/.julia/packages/SatelliteDynamics/yvFXe/test/runtests.jl:53 [inlined]
   [8] macro expansion at ./timing.jl:174 [inlined]
   [9] macro expansion at /home/user/.julia/packages/SatelliteDynamics/yvFXe/test/runtests.jl:52 [inlined]
   [10] macro expansion at /workspace/srcdir/usr/share/julia/stdlib/v1.5/Test/src/Test.jl:1115 [inlined]
   [11] macro expansion at /home/user/.julia/packages/SatelliteDynamics/yvFXe/test/runtests.jl:45 [inlined]
   [12] top-level scope at ./timing.jl:174
  
SatelliteDynamics.Time: Error During Test at /home/user/.julia/packages/SatelliteDynamics/yvFXe/test/runtests.jl:52
  Got exception outside of a @test
  LoadError: could not load library "/home/pkgeval/.julia/packages/SOFA/AEhle/deps/usr/lib/libsofa_c.so"
  /home/pkgeval/.julia/packages/SOFA/AEhle/deps/usr/lib/libsofa_c.so: cannot open shared object file: No such file or directory
  Stacktrace:
   [1] iauD2dtf(::String, ::Int64, ::Float64, ::Float64) at /home/pkgeval/.julia/packages/SOFA/AEhle/src/d2dtf.jl:89
   [2] mjd_to_caldate(::Float64) at /home/pkgeval/.julia/packages/SatelliteDynamics/yvFXe/src/time.jl:91
   [3] top-level scope at /home/user/.julia/packages/SatelliteDynamics/yvFXe/test/test_time.jl:6
   [4] include(::String) at ./client.jl:457
   [5] macro expansion at /home/user/.julia/packages/SatelliteDynamics/yvFXe/test/runtests.jl:53 [inlined]
   [6] macro expansion at /workspace/srcdir/usr/share/julia/stdlib/v1.5/Test/src/Test.jl:1115 [inlined]
   [7] macro expansion at /home/user/.julia/packages/SatelliteDynamics/yvFXe/test/runtests.jl:53 [inlined]
   [8] macro expansion at ./timing.jl:174 [inlined]
   [9] macro expansion at /home/user/.julia/packages/SatelliteDynamics/yvFXe/test/runtests.jl:52 [inlined]
   [10] macro expansion at /workspace/srcdir/usr/share/julia/stdlib/v1.5/Test/src/Test.jl:1115 [inlined]
   [11] macro expansion at /home/user/.julia/packages/SatelliteDynamics/yvFXe/test/runtests.jl:45 [inlined]
   [12] top-level scope at ./timing.jl:174
   [13] include(::String) at ./client.jl:457
   [14] top-level scope at none:6
   [15] eval(::Module, ::Any) at ./boot.jl:331
   [16] exec_options(::Base.JLOptions) at ./client.jl:272
   [17] _start() at ./client.jl:506
  in expression starting at /home/user/.julia/packages/SatelliteDynamics/yvFXe/test/test_time.jl:5
  
  1.553205 seconds (1.95 M allocations: 97.514 MiB, 1.08% gc time)
SatelliteDynamics.Refsys: Error During Test at /home/user/.julia/packages/SatelliteDynamics/yvFXe/test/runtests.jl:55
  Got exception outside of a @test
  LoadError: could not load library "/home/pkgeval/.julia/packages/SOFA/AEhle/deps/usr/lib/libsofa_c.so"
  /home/pkgeval/.julia/packages/SOFA/AEhle/deps/usr/lib/libsofa_c.so: cannot open shared object file: No such file or directory
  Stacktrace:
   [1] iauDtf2d(::String, ::Int64, ::Int64, ::Int64, ::Int64, ::Int64, ::Int64) at /home/pkgeval/.julia/packages/SOFA/AEhle/src/dtf2d.jl:87
   [2] Epoch(::Int64, ::Int64, ::Int64, ::Int64, ::Int64, ::Int64, ::Float64; tsys::String) at /home/pkgeval/.julia/packages/SatelliteDynamics/yvFXe/src/time.jl:251
   [3] Epoch at /home/pkgeval/.julia/packages/SatelliteDynamics/yvFXe/src/time.jl:246 [inlined] (repeats 2 times)
   [4] top-level scope at /home/user/.julia/packages/SatelliteDynamics/yvFXe/test/test_reference_systems.jl:2
   [5] include(::String) at ./client.jl:457
   [6] macro expansion at /home/user/.julia/packages/SatelliteDynamics/yvFXe/test/runtests.jl:56 [inlined]
   [7] macro expansion at /workspace/srcdir/usr/share/julia/stdlib/v1.5/Test/src/Test.jl:1115 [inlined]
   [8] macro expansion at /home/user/.julia/packages/SatelliteDynamics/yvFXe/test/runtests.jl:56 [inlined]
   [9] macro expansion at ./timing.jl:174 [inlined]
   [10] macro expansion at /home/user/.julia/packages/SatelliteDynamics/yvFXe/test/runtests.jl:55 [inlined]
   [11] macro expansion at /workspace/srcdir/usr/share/julia/stdlib/v1.5/Test/src/Test.jl:1115 [inlined]
   [12] macro expansion at /home/user/.julia/packages/SatelliteDynamics/yvFXe/test/runtests.jl:45 [inlined]
   [13] top-level scope at ./timing.jl:174
   [14] include(::String) at ./client.jl:457
   [15] top-level scope at none:6
   [16] eval(::Module, ::Any) at ./boot.jl:331
   [17] exec_options(::Base.JLOptions) at ./client.jl:272
   [18] _start() at ./client.jl:506
  in expression starting at /home/user/.julia/packages/SatelliteDynamics/yvFXe/test/test_reference_systems.jl:1
  
  0.237065 seconds (377.02 k allocations: 18.614 MiB, 2.61% gc time)
  2.270023 seconds (4.19 M allocations: 214.753 MiB, 5.31% gc time)
SatelliteDynamics.Coordinates: Error During Test at /home/user/.julia/packages/SatelliteDynamics/yvFXe/test/runtests.jl:61
  Got exception outside of a @test
  LoadError: could not load library "/home/pkgeval/.julia/packages/SOFA/AEhle/deps/usr/lib/libsofa_c.so"
  /home/pkgeval/.julia/packages/SOFA/AEhle/deps/usr/lib/libsofa_c.so: cannot open shared object file: No such file or directory
  Stacktrace:
   [1] iauDtf2d(::String, ::Int64, ::Int64, ::Int64, ::Int64, ::Int64, ::Int64) at /home/pkgeval/.julia/packages/SOFA/AEhle/src/dtf2d.jl:87
   [2] Epoch(::Int64, ::Int64, ::Int64, ::Int64, ::Int64, ::Int64, ::Float64; tsys::String) at /home/pkgeval/.julia/packages/SatelliteDynamics/yvFXe/src/time.jl:251
   [3] Epoch at /home/pkgeval/.julia/packages/SatelliteDynamics/yvFXe/src/time.jl:246 [inlined] (repeats 2 times)
   [4] top-level scope at /home/user/.julia/packages/SatelliteDynamics/yvFXe/test/test_coordinates.jl:165
   [5] include(::String) at ./client.jl:457
   [6] macro expansion at /home/user/.julia/packages/SatelliteDynamics/yvFXe/test/runtests.jl:62 [inlined]
   [7] macro expansion at /workspace/srcdir/usr/share/julia/stdlib/v1.5/Test/src/Test.jl:1115 [inlined]
   [8] macro expansion at /home/user/.julia/packages/SatelliteDynamics/yvFXe/test/runtests.jl:62 [inlined]
   [9] macro expansion at ./timing.jl:174 [inlined]
   [10] macro expansion at /home/user/.julia/packages/SatelliteDynamics/yvFXe/test/runtests.jl:61 [inlined]
   [11] macro expansion at /workspace/srcdir/usr/share/julia/stdlib/v1.5/Test/src/Test.jl:1115 [inlined]
   [12] macro expansion at /home/user/.julia/packages/SatelliteDynamics/yvFXe/test/runtests.jl:45 [inlined]
   [13] top-level scope at ./timing.jl:174
   [14] include(::String) at ./client.jl:457
   [15] top-level scope at none:6
   [16] eval(::Module, ::Any) at ./boot.jl:331
   [17] exec_options(::Base.JLOptions) at ./client.jl:272
   [18] _start() at ./client.jl:506
  in expression starting at /home/user/.julia/packages/SatelliteDynamics/yvFXe/test/test_coordinates.jl:154
  
  0.519428 seconds (863.78 k allocations: 45.482 MiB, 10.99% gc time)
  0.515470 seconds (1.12 M allocations: 60.334 MiB, 1.54% gc time)
SatelliteDynamics.OrbitDynamics: Error During Test at /home/user/.julia/packages/SatelliteDynamics/yvFXe/test/runtests.jl:67
  Got exception outside of a @test
  LoadError: could not load library "/home/pkgeval/.julia/packages/SOFA/AEhle/deps/usr/lib/libsofa_c.so"
  /home/pkgeval/.julia/packages/SOFA/AEhle/deps/usr/lib/libsofa_c.so: cannot open shared object file: No such file or directory
  Stacktrace:
   [1] iauDtf2d(::String, ::Int64, ::Int64, ::Int64, ::Int64, ::Int64, ::Int64) at /home/pkgeval/.julia/packages/SOFA/AEhle/src/dtf2d.jl:87
   [2] Epoch(::Int64, ::Int64, ::Int64, ::Int64, ::Int64, ::Int64, ::Float64; tsys::String) at /home/pkgeval/.julia/packages/SatelliteDynamics/yvFXe/src/time.jl:251
   [3] Epoch at /home/pkgeval/.julia/packages/SatelliteDynamics/yvFXe/src/time.jl:246 [inlined] (repeats 2 times)
   [4] top-level scope at /home/user/.julia/packages/SatelliteDynamics/yvFXe/test/test_orbitdynamics.jl:2
   [5] include(::String) at ./client.jl:457
   [6] macro expansion at /home/user/.julia/packages/SatelliteDynamics/yvFXe/test/runtests.jl:68 [inlined]
   [7] macro expansion at /workspace/srcdir/usr/share/julia/stdlib/v1.5/Test/src/Test.jl:1115 [inlined]
   [8] macro expansion at /home/user/.julia/packages/SatelliteDynamics/yvFXe/test/runtests.jl:68 [inlined]
   [9] macro expansion at ./timing.jl:174 [inlined]
   [10] macro expansion at /home/user/.julia/packages/SatelliteDynamics/yvFXe/test/runtests.jl:67 [inlined]
   [11] macro expansion at /workspace/srcdir/usr/share/julia/stdlib/v1.5/Test/src/Test.jl:1115 [inlined]
   [12] macro expansion at /home/user/.julia/packages/SatelliteDynamics/yvFXe/test/runtests.jl:45 [inlined]
   [13] top-level scope at ./timing.jl:174
   [14] include(::String) at ./client.jl:457
   [15] top-level scope at none:6
   [16] eval(::Module, ::Any) at ./boot.jl:331
   [17] exec_options(::Base.JLOptions) at ./client.jl:272
   [18] _start() at ./client.jl:506
  in expression starting at /home/user/.julia/packages/SatelliteDynamics/yvFXe/test/test_orbitdynamics.jl:1
  
  0.035478 seconds (3.10 k allocations: 199.141 KiB)
SatelliteDynamics.SGPModels: Error During Test at /home/user/.julia/packages/SatelliteDynamics/yvFXe/test/runtests.jl:70
  Got exception outside of a @test
  LoadError: could not load library "/home/pkgeval/.julia/packages/SOFA/AEhle/deps/usr/lib/libsofa_c.so"
  /home/pkgeval/.julia/packages/SOFA/AEhle/deps/usr/lib/libsofa_c.so: cannot open shared object file: No such file or directory
  Stacktrace:
   [1] iauDtf2d(::String, ::Int64, ::Int64, ::Int64, ::Int64, ::Int64, ::Int64) at /home/pkgeval/.julia/packages/SOFA/AEhle/src/dtf2d.jl:87
   [2] Epoch(::Int64, ::Int64, ::Int64, ::Int64, ::Int64, ::Int64, ::Float64; tsys::String) at /home/pkgeval/.julia/packages/SatelliteDynamics/yvFXe/src/time.jl:251
   [3] TLE(::String, ::String, ::SatelliteDynamics.gravconsttype, ::Bool) at /home/pkgeval/.julia/packages/SatelliteDynamics/yvFXe/src/sgp_models.jl:2271
   [4] TLE(::String, ::String) at /home/pkgeval/.julia/packages/SatelliteDynamics/yvFXe/src/sgp_models.jl:2242
   [5] top-level scope at /home/user/.julia/packages/SatelliteDynamics/yvFXe/test/test_sgp_models.jl:45
   [6] include(::String) at ./client.jl:457
   [7] macro expansion at /home/user/.julia/packages/SatelliteDynamics/yvFXe/test/runtests.jl:71 [inlined]
   [8] macro expansion at /workspace/srcdir/usr/share/julia/stdlib/v1.5/Test/src/Test.jl:1115 [inlined]
   [9] macro expansion at /home/user/.julia/packages/SatelliteDynamics/yvFXe/test/runtests.jl:71 [inlined]
   [10] macro expansion at ./timing.jl:174 [inlined]
   [11] macro expansion at /home/user/.julia/packages/SatelliteDynamics/yvFXe/test/runtests.jl:70 [inlined]
   [12] macro expansion at /workspace/srcdir/usr/share/julia/stdlib/v1.5/Test/src/Test.jl:1115 [inlined]
   [13] macro expansion at /home/user/.julia/packages/SatelliteDynamics/yvFXe/test/runtests.jl:45 [inlined]
   [14] top-level scope at ./timing.jl:174
   [15] include(::String) at ./client.jl:457
   [16] top-level scope at none:6
   [17] eval(::Module, ::Any) at ./boot.jl:331
   [18] exec_options(::Base.JLOptions) at ./client.jl:272
   [19] _start() at ./client.jl:506
  in expression starting at /home/user/.julia/packages/SatelliteDynamics/yvFXe/test/test_sgp_models.jl:40
  
  1.274550 seconds (4.22 M allocations: 197.914 MiB, 5.33% gc time)
  0.112810 seconds (83.89 k allocations: 4.381 MiB)
SatelliteDynamics.NRLMSISE00: Error During Test at /home/user/.julia/packages/SatelliteDynamics/yvFXe/test/runtests.jl:78
  Got exception outside of a @test
  LoadError: could not load library "/home/pkgeval/.julia/packages/SOFA/AEhle/deps/usr/lib/libsofa_c.so"
  /home/pkgeval/.julia/packages/SOFA/AEhle/deps/usr/lib/libsofa_c.so: cannot open shared object file: No such file or directory
  Stacktrace:
   [1] iauDtf2d(::String, ::Int64, ::Int64, ::Int64, ::Int64, ::Int64, ::Int64) at /home/pkgeval/.julia/packages/SOFA/AEhle/src/dtf2d.jl:87
   [2] Epoch(::Int64, ::Int64, ::Int64, ::Int64, ::Int64, ::Int64, ::Float64; tsys::String) at /home/pkgeval/.julia/packages/SatelliteDynamics/yvFXe/src/time.jl:251
   [3] Epoch at /home/pkgeval/.julia/packages/SatelliteDynamics/yvFXe/src/time.jl:246 [inlined] (repeats 2 times)
   [4] top-level scope at /home/user/.julia/packages/SatelliteDynamics/yvFXe/test/earth_environment/test_nrlmsise00.jl:258
   [5] include(::String) at ./client.jl:457
   [6] macro expansion at /home/user/.julia/packages/SatelliteDynamics/yvFXe/test/runtests.jl:79 [inlined]
   [7] macro expansion at /workspace/srcdir/usr/share/julia/stdlib/v1.5/Test/src/Test.jl:1115 [inlined]
   [8] macro expansion at /home/user/.julia/packages/SatelliteDynamics/yvFXe/test/runtests.jl:79 [inlined]
   [9] macro expansion at ./timing.jl:174 [inlined]
   [10] macro expansion at /home/user/.julia/packages/SatelliteDynamics/yvFXe/test/runtests.jl:78 [inlined]
   [11] macro expansion at /workspace/srcdir/usr/share/julia/stdlib/v1.5/Test/src/Test.jl:1115 [inlined]
   [12] macro expansion at /home/user/.julia/packages/SatelliteDynamics/yvFXe/test/runtests.jl:45 [inlined]
   [13] top-level scope at ./timing.jl:174
   [14] include(::String) at ./client.jl:457
   [15] top-level scope at none:6
   [16] eval(::Module, ::Any) at ./boot.jl:331
   [17] exec_options(::Base.JLOptions) at ./client.jl:272
   [18] _start() at ./client.jl:506
  in expression starting at /home/user/.julia/packages/SatelliteDynamics/yvFXe/test/earth_environment/test_nrlmsise00.jl:256
  
  7.320219 seconds (5.61 M allocations: 287.569 MiB, 2.90% gc time)
SatelliteDynamics.Integrators: Error During Test at /home/user/.julia/packages/SatelliteDynamics/yvFXe/test/runtests.jl:83
  Got exception outside of a @test
  LoadError: could not load library "/home/pkgeval/.julia/packages/SOFA/AEhle/deps/usr/lib/libsofa_c.so"
  /home/pkgeval/.julia/packages/SOFA/AEhle/deps/usr/lib/libsofa_c.so: cannot open shared object file: No such file or directory
  Stacktrace:
   [1] iauDtf2d(::String, ::Int64, ::Int64, ::Int64, ::Int64, ::Int64, ::Int64) at /home/pkgeval/.julia/packages/SOFA/AEhle/src/dtf2d.jl:87
   [2] Epoch(::Int64, ::Int64, ::Int64, ::Int64, ::Int64, ::Int64, ::Float64; tsys::String) at /home/pkgeval/.julia/packages/SatelliteDynamics/yvFXe/src/time.jl:251
   [3] Epoch at /home/pkgeval/.julia/packages/SatelliteDynamics/yvFXe/src/time.jl:246 [inlined] (repeats 2 times)
   [4] top-level scope at /home/user/.julia/packages/SatelliteDynamics/yvFXe/test/simulation/test_integrators.jl:46
   [5] include(::String) at ./client.jl:457
   [6] macro expansion at /home/user/.julia/packages/SatelliteDynamics/yvFXe/test/runtests.jl:84 [inlined]
   [7] macro expansion at /workspace/srcdir/usr/share/julia/stdlib/v1.5/Test/src/Test.jl:1115 [inlined]
   [8] macro expansion at /home/user/.julia/packages/SatelliteDynamics/yvFXe/test/runtests.jl:84 [inlined]
   [9] macro expansion at ./timing.jl:174 [inlined]
   [10] macro expansion at /home/user/.julia/packages/SatelliteDynamics/yvFXe/test/runtests.jl:83 [inlined]
   [11] macro expansion at /workspace/srcdir/usr/share/julia/stdlib/v1.5/Test/src/Test.jl:1115 [inlined]
   [12] macro expansion at /home/user/.julia/packages/SatelliteDynamics/yvFXe/test/runtests.jl:45 [inlined]
   [13] top-level scope at ./timing.jl:174
   [14] include(::String) at ./client.jl:457
   [15] top-level scope at none:6
   [16] eval(::Module, ::Any) at ./boot.jl:331
   [17] exec_options(::Base.JLOptions) at ./client.jl:272
   [18] _start() at ./client.jl:506
  in expression starting at /home/user/.julia/packages/SatelliteDynamics/yvFXe/test/simulation/test_integrators.jl:43
  
  0.791062 seconds (1.82 M allocations: 91.429 MiB, 2.87% gc time)
SatelliteDynamics.Propagators: Error During Test at /home/user/.julia/packages/SatelliteDynamics/yvFXe/test/runtests.jl:86
  Got exception outside of a @test
  LoadError: could not load library "/home/pkgeval/.julia/packages/SOFA/AEhle/deps/usr/lib/libsofa_c.so"
  /home/pkgeval/.julia/packages/SOFA/AEhle/deps/usr/lib/libsofa_c.so: cannot open shared object file: No such file or directory
  Stacktrace:
   [1] iauDtf2d(::String, ::Int64, ::Int64, ::Int64, ::Int64, ::Int64, ::Int64) at /home/pkgeval/.julia/packages/SOFA/AEhle/src/dtf2d.jl:87
   [2] Epoch(::Int64, ::Int64, ::Int64, ::Int64, ::Int64, ::Int64, ::Float64; tsys::String) at /home/pkgeval/.julia/packages/SatelliteDynamics/yvFXe/src/time.jl:251
   [3] Epoch at /home/pkgeval/.julia/packages/SatelliteDynamics/yvFXe/src/time.jl:246 [inlined] (repeats 2 times)
   [4] top-level scope at /home/user/.julia/packages/SatelliteDynamics/yvFXe/test/simulation/test_propagators.jl:3
   [5] include(::String) at ./client.jl:457
   [6] macro expansion at /home/user/.julia/packages/SatelliteDynamics/yvFXe/test/runtests.jl:87 [inlined]
   [7] macro expansion at /workspace/srcdir/usr/share/julia/stdlib/v1.5/Test/src/Test.jl:1115 [inlined]
   [8] macro expansion at /home/user/.julia/packages/SatelliteDynamics/yvFXe/test/runtests.jl:87 [inlined]
   [9] macro expansion at ./timing.jl:174 [inlined]
   [10] macro expansion at /home/user/.julia/packages/SatelliteDynamics/yvFXe/test/runtests.jl:86 [inlined]
   [11] macro expansion at /workspace/srcdir/usr/share/julia/stdlib/v1.5/Test/src/Test.jl:1115 [inlined]
   [12] macro expansion at /home/user/.julia/packages/SatelliteDynamics/yvFXe/test/runtests.jl:45 [inlined]
   [13] top-level scope at ./timing.jl:174
   [14] include(::String) at ./client.jl:457
   [15] top-level scope at none:6
   [16] eval(::Module, ::Any) at ./boot.jl:331
   [17] exec_options(::Base.JLOptions) at ./client.jl:272
   [18] _start() at ./client.jl:506
  in expression starting at /home/user/.julia/packages/SatelliteDynamics/yvFXe/test/simulation/test_propagators.jl:1
  
  0.746259 seconds (3.35 M allocations: 163.108 MiB, 23.01% gc time)
Test Summary:                     | Pass  Error  Total
SatelliteDynamics Package Tests   |  644     10    654
  SatelliteDynamics.Contants      |   30            30
  SatelliteDynamics.Universe      |    1      1      2
  SatelliteDynamics.Time          |           2      2
  SatelliteDynamics.Refsys        |           1      1
  SatelliteDynamics.Attitude      |  309           309
  SatelliteDynamics.Coordinates   |   65      1     66
  SatelliteDynamics.Astrodynamics |   53            53
  SatelliteDynamics.OrbitDynamics |           1      1
  SatelliteDynamics.SGPModels     |    6      1      7
  SatelliteDynamics.NRLMSISE00    |   12            12
  SatelliteDynamics.NRLMSISE00    |  165      1    166
  SatelliteDynamics.Integrators   |    3      1      4
  SatelliteDynamics.Propagators   |           1      1
ERROR: LoadError: Some tests did not pass: 644 passed, 0 failed, 10 errored, 0 broken.
in expression starting at /home/user/.julia/packages/SatelliteDynamics/yvFXe/test/runtests.jl:44

PkgEval failed: Package SatelliteDynamics errored during testing
Stacktrace:
 [1] pkgerror(::String) at /workspace/srcdir/usr/share/julia/stdlib/v1.5/Pkg/src/Types.jl:52
 [2] test(::Pkg.Types.Context, ::Array{Pkg.Types.PackageSpec,1}; coverage::Bool, julia_args::Cmd, test_args::Cmd, test_fn::Nothing) at /workspace/srcdir/usr/share/julia/stdlib/v1.5/Pkg/src/Operations.jl:1578
 [3] test(::Pkg.Types.Context, ::Array{Pkg.Types.PackageSpec,1}; coverage::Bool, test_fn::Nothing, julia_args::Cmd, test_args::Cmd, kwargs::Base.Iterators.Pairs{Union{},Union{},Tuple{},NamedTuple{(),Tuple{}}}) at /workspace/srcdir/usr/share/julia/stdlib/v1.5/Pkg/src/API.jl:327
 [4] test(::Pkg.Types.Context, ::Array{Pkg.Types.PackageSpec,1}) at /workspace/srcdir/usr/share/julia/stdlib/v1.5/Pkg/src/API.jl:314
 [5] #test#61 at /workspace/srcdir/usr/share/julia/stdlib/v1.5/Pkg/src/API.jl:67 [inlined]
 [6] test at /workspace/srcdir/usr/share/julia/stdlib/v1.5/Pkg/src/API.jl:67 [inlined]
 [7] #test#60 at /workspace/srcdir/usr/share/julia/stdlib/v1.5/Pkg/src/API.jl:66 [inlined]
 [8] test at /workspace/srcdir/usr/share/julia/stdlib/v1.5/Pkg/src/API.jl:66 [inlined]
 [9] test(::String; kwargs::Base.Iterators.Pairs{Union{},Union{},Tuple{},NamedTuple{(),Tuple{}}}) at /workspace/srcdir/usr/share/julia/stdlib/v1.5/Pkg/src/API.jl:65
 [10] test(::String) at /workspace/srcdir/usr/share/julia/stdlib/v1.5/Pkg/src/API.jl:65
 [11] top-level scope at none:22
 [12] eval at ./boot.jl:331 [inlined]
 [13] eval(::Expr) at ./client.jl:467
 [14] top-level scope at none:1
 [15] eval(::Module, ::Any) at ./boot.jl:331
 [16] exec_options(::Base.JLOptions) at ./client.jl:272
 [17] _start() at ./client.jl:506


################################################################################
# PkgEval teardown: 2021-01-11T23:07:07.858
CPU usage: 44.69s (38.72s user, 6.08s kernel)

Network usage:
- eth0: 6.700 MiB received, 70.548 KiB sent

Raw statistics: {"blkio_stats":{"io_queue_recursive":[],"io_serviced_recursive":[{"major":259,"value":0,"op":"Read","minor":0},{"major":259,"value":271,"op":"Write","minor":0},{"major":259,"value":14,"op":"Sync","minor":0},{"major":259,"value":257,"op":"Async","minor":0},{"major":259,"value":0,"op":"Discard","minor":0},{"major":259,"value":271,"op":"Total","minor":0},{"major":253,"value":0,"op":"Read","minor":2},{"major":253,"value":267,"op":"Write","minor":2},{"major":253,"value":14,"op":"Sync","minor":2},{"major":253,"value":253,"op":"Async","minor":2},{"major":253,"value":0,"op":"Discard","minor":2},{"major":253,"value":267,"op":"Total","minor":2}],"io_time_recursive":[],"sectors_recursive":[],"io_service_bytes_recursive":[{"major":259,"value":0,"op":"Read","minor":0},{"major":259,"value":2121728,"op":"Write","minor":0},{"major":259,"value":57344,"op":"Sync","minor":0},{"major":259,"value":2064384,"op":"Async","minor":0},{"major":259,"value":0,"op":"Discard","minor":0},{"major":259,"value":2121728,"op":"Total","minor":0},{"major":253,"value":0,"op":"Read","minor":2},{"major":253,"value":2121728,"op":"Write","minor":2},{"major":253,"value":57344,"op":"Sync","minor":2},{"major":253,"value":2064384,"op":"Async","minor":2},{"major":253,"value":0,"op":"Discard","minor":2},{"major":253,"value":2121728,"op":"Total","minor":2}],"io_wait_time_recursive":[],"io_merged_recursive":[],"io_service_time_recursive":[]},"memory_stats":{"usage":351858688,"max_usage":804036608,"stats":{"hierarchical_memory_limit":9223372036854771712,"pgmajfault":0,"total_rss":218890240,"inactive_file":135168,"inactive_anon":93671424,"total_pgfault":1497243,"total_cache":102260736,"total_rss_huge":0,"total_active_anon":227082240,"total_pgmajfault":0,"pgpgin":1051182,"rss_huge":0,"mapped_file":0,"total_inactive_file":135168,"dirty":135168,"total_unevictable":0,"total_dirty":135168,"writeback":0,"pgpgout":972755,"hierarchical_memsw_limit":0,"cache":102260736,"active_file":405504,"pgfault":1497243,"total_mapped_file":0,"total_pgpgout":972755,"total_writeback":0,"rss":218890240,"unevictable":0,"total_inactive_anon":93671424,"total_pgpgin":1051182,"active_anon":227082240,"total_active_file":405504},"limit":540965302272},"name":"/SatelliteDynamics-svuVX7Qj","networks":{"eth0":{"rx_bytes":7025921,"rx_packets":871,"tx_packets":805,"tx_bytes":72241,"tx_dropped":0,"rx_dropped":2,"tx_errors":0,"rx_errors":0}},"id":"18ad33ef406a7275b0c61d420855114be2401025baad2910e13e5dfd3f33ef60","preread":"0001-01-01T00:00:00Z","storage_stats":{},"precpu_stats":{"throttling_data":{"throttled_periods":0,"throttled_time":0,"periods":0},"cpu_usage":{"usage_in_usermode":0,"usage_in_kernelmode":0,"total_usage":0}},"pids_stats":{"current":44},"num_procs":0,"cpu_stats":{"throttling_data":{"throttled_periods":0,"throttled_time":0,"periods":0},"system_cpu_usage":6713816714522419,"online_cpus":128,"cpu_usage":{"usage_in_usermode":38720000000,"usage_in_kernelmode":6080000000,"total_usage":44694446699,"percpu_usage":[0,0,0,0,0,0,0,0,0,0,0,0,0,0,0,0,0,0,0,0,0,0,0,0,0,0,0,0,0,0,0,0,0,0,0,0,0,0,0,0,0,0,0,0,0,0,0,0,0,0,0,0,0,0,0,0,44694427419,0,0,0,0,0,0,0,0,0,0,0,0,0,0,0,0,0,0,0,0,0,0,0,0,0,0,0,0,0,0,0,0,0,0,0,0,0,0,0,0,0,0,0,0,0,0,0,0,0,0,0,0,0,0,0,0,0,0,0,0,0,0,0,0,19280,0,0,0,0,0,0]}},"read":"2021-01-11T23:07:07.86105414Z"}