################################################################################
# PackageCompiler set-up: 2021-01-11T20:13:31.507
#

Julia Version 1.5.3
Commit 599f52c4c6 (2020-12-18 13:33 UTC)
Platform Info:
  OS: Linux (x86_64-linux-gnu)
  CPU: AMD EPYC 7502 32-Core Processor
  WORD_SIZE: 64
  LIBM: libopenlibm
  LLVM: libLLVM-9.0.1 (ORCJIT, znver2)
Environment:
  JULIA_PKGEVAL = true
  JULIA_PKG_PRECOMPILE_AUTO = 0



################################################################################
# Installation: 2021-01-11T20:13:33.208
#

 Installing known registries into `~/.julia`
######################################################################    97.6%######################################################################## 100.0%
      Added registry `General` to `~/.julia/registries/General`
  Resolving package versions...
  Installed Scratch ───────── v1.0.3
  Installed PackageCompiler ─ v1.2.5
Updating `~/.julia/environments/v1.5/Project.toml`
  [9b87118b] + PackageCompiler v1.2.5
  [6c6a2e73] + Scratch v1.0.3
Updating `~/.julia/environments/v1.5/Manifest.toml`
  [9b87118b] + PackageCompiler v1.2.5
  [6c6a2e73] + Scratch v1.0.3
  [2a0f44e3] + Base64
  [ade2ca70] + Dates
  [b77e0a4c] + InteractiveUtils
  [76f85450] + LibGit2
  [8f399da3] + Libdl
  [56ddb016] + Logging
  [d6f4376e] + Markdown
  [44cfe95a] + Pkg
  [de0858da] + Printf
  [3fa0cd96] + REPL
  [9a3f8284] + Random
  [ea8e919c] + SHA
  [9e88b42a] + Serialization
  [6462fe0b] + Sockets
  [cf7118a7] + UUIDs
  [4ec0a83e] + Unicode


################################################################################
# Compiling: 2021-01-11T20:13:38.545
#

[ Info: PackageCompiler: creating system image object file, this might take a while...
Generated system image is 147.314 MiB, compilation took 157 seconds


################################################################################
# PkgEval set-up: 2021-01-11T20:16:22.519
#

Julia Version 1.5.3
Commit 599f52c4c6 (2020-12-18 13:33 UTC)
Platform Info:
  OS: Linux (x86_64-linux-gnu)
  CPU: AMD EPYC 7502 32-Core Processor
  WORD_SIZE: 64
  LIBM: libopenlibm
  LLVM: libLLVM-9.0.1 (ORCJIT, znver2)
Environment:
  JULIA_PKGEVAL = true
  JULIA_PKG_PRECOMPILE_AUTO = 0

Base.julia_cmd() = `/usr/local/julia/bin/julia -Cnative -J/cache/Scratch-J2Mhx5p3.so -g1`


################################################################################
# Installation: 2021-01-11T20:16:24.274
#

 Installing known registries into `~/.julia`
#############                                                             18.9%######################################################################## 100.0%
      Added registry `General` to `~/.julia/registries/General`
  Resolving package versions...
  Installed Scratch ─ v1.0.3
Updating `~/.julia/environments/v1.5/Project.toml`
  [6c6a2e73] + Scratch v1.0.3
Updating `~/.julia/environments/v1.5/Manifest.toml`
  [6c6a2e73] + Scratch v1.0.3
  [ade2ca70] + Dates
  [de0858da] + Printf
  [4ec0a83e] + Unicode


################################################################################
# Testing: 2021-01-11T20:16:27.745
#

    Testing Scratch
Status `/tmp/jl_C6bH5a/Project.toml`
  [6c6a2e73] Scratch v1.0.3
  [ade2ca70] Dates
  [44cfe95a] Pkg
  [8dfed614] Test
Status `/tmp/jl_C6bH5a/Manifest.toml`
  [6c6a2e73] Scratch v1.0.3
  [2a0f44e3] Base64
  [ade2ca70] Dates
  [8ba89e20] Distributed
  [b77e0a4c] InteractiveUtils
  [76f85450] LibGit2
  [8f399da3] Libdl
  [56ddb016] Logging
  [d6f4376e] Markdown
  [44cfe95a] Pkg
  [de0858da] Printf
  [3fa0cd96] REPL
  [9a3f8284] Random
  [ea8e919c] SHA
  [9e88b42a] Serialization
  [6462fe0b] Sockets
  [8dfed614] Test
  [cf7118a7] UUIDs
  [4ec0a83e] Unicode
######                                                                     8.8%######################################################################## 100.0%
Test Summary:        | Pass  Total
Scratch Space Basics |   11     11
######################################################################## 100.0%
Scratch Space Namespacing: Error During Test at /home/user/.julia/packages/Scratch/R5U6a/test/runtests.jl:47
  Got exception outside of a @test
  SystemError: opening file "/tmp/jl_ZXYE2V/ScratchUsage/Project.toml": Permission denied
  Stacktrace:
   [1] systemerror(::String, ::Int32; extrainfo::Nothing) at ./error.jl:168
   [2] #systemerror#48 at ./error.jl:167 [inlined]
   [3] systemerror at ./error.jl:167 [inlined]
   [4] open(::String; lock::Bool, read::Nothing, write::Nothing, create::Nothing, truncate::Bool, append::Nothing) at ./iostream.jl:284
   [5] open(::String, ::String; lock::Bool) at ./iostream.jl:346
   [6] open(::String, ::String) at ./iostream.jl:346
   [7] open(::Base.var"#292#293"{String,Tuple{}}, ::String, ::Vararg{String,N} where N; kwargs::Base.Iterators.Pairs{Union{},Union{},Tuple{},NamedTuple{(),Tuple{}}}) at ./io.jl:323
   [8] open at ./io.jl:323 [inlined]
   [9] write at ./io.jl:396 [inlined]
   [10] install_test_ScratchUsage(::String, ::VersionNumber) at /home/user/.julia/packages/Scratch/R5U6a/test/utils.jl:73
   [11] (::var"#12#20")(::String) at /home/user/.julia/packages/Scratch/R5U6a/test/runtests.jl:55
   [12] (::var"#2#3"{Bool,var"#12#20"})() at /home/user/.julia/packages/Scratch/R5U6a/test/utils.jl:20
   [13] withenv(::var"#2#3"{Bool,var"#12#20"}, ::Pair{String,Nothing}, ::Vararg{Pair{String,Nothing},N} where N) at ./env.jl:161
   [14] temp_pkg_dir(::var"#12#20"; rm::Bool) at /home/user/.julia/packages/Scratch/R5U6a/test/utils.jl:11
   [15] temp_pkg_dir(::Function) at /home/user/.julia/packages/Scratch/R5U6a/test/utils.jl:2
   [16] top-level scope at /home/user/.julia/packages/Scratch/R5U6a/test/runtests.jl:48
   [17] top-level scope at /workspace/srcdir/usr/share/julia/stdlib/v1.5/Test/src/Test.jl:1115
   [18] top-level scope at /home/user/.julia/packages/Scratch/R5U6a/test/runtests.jl:48
   [19] include(::String) at ./client.jl:457
   [20] top-level scope at none:6
   [21] eval(::Module, ::Any) at ./boot.jl:331
   [22] exec_options(::Base.JLOptions) at ./client.jl:272
   [23] _start() at ./client.jl:506
  
Test Summary:             | Error  Total
Scratch Space Namespacing |     1      1
ERROR: LoadError: Some tests did not pass: 0 passed, 0 failed, 1 errored, 0 broken.
in expression starting at /home/user/.julia/packages/Scratch/R5U6a/test/runtests.jl:47

PkgEval failed: Package Scratch errored during testing
Stacktrace:
 [1] pkgerror(::String) at /workspace/srcdir/usr/share/julia/stdlib/v1.5/Pkg/src/Types.jl:52
 [2] test(::Pkg.Types.Context, ::Array{Pkg.Types.PackageSpec,1}; coverage::Bool, julia_args::Cmd, test_args::Cmd, test_fn::Nothing) at /workspace/srcdir/usr/share/julia/stdlib/v1.5/Pkg/src/Operations.jl:1578
 [3] test(::Pkg.Types.Context, ::Array{Pkg.Types.PackageSpec,1}; coverage::Bool, test_fn::Nothing, julia_args::Cmd, test_args::Cmd, kwargs::Base.Iterators.Pairs{Union{},Union{},Tuple{},NamedTuple{(),Tuple{}}}) at /workspace/srcdir/usr/share/julia/stdlib/v1.5/Pkg/src/API.jl:327
 [4] test(::Pkg.Types.Context, ::Array{Pkg.Types.PackageSpec,1}) at /workspace/srcdir/usr/share/julia/stdlib/v1.5/Pkg/src/API.jl:314
 [5] #test#61 at /workspace/srcdir/usr/share/julia/stdlib/v1.5/Pkg/src/API.jl:67 [inlined]
 [6] test at /workspace/srcdir/usr/share/julia/stdlib/v1.5/Pkg/src/API.jl:67 [inlined]
 [7] #test#60 at /workspace/srcdir/usr/share/julia/stdlib/v1.5/Pkg/src/API.jl:66 [inlined]
 [8] test at /workspace/srcdir/usr/share/julia/stdlib/v1.5/Pkg/src/API.jl:66 [inlined]
 [9] test(::String; kwargs::Base.Iterators.Pairs{Union{},Union{},Tuple{},NamedTuple{(),Tuple{}}}) at /workspace/srcdir/usr/share/julia/stdlib/v1.5/Pkg/src/API.jl:65
 [10] test(::String) at /workspace/srcdir/usr/share/julia/stdlib/v1.5/Pkg/src/API.jl:65
 [11] top-level scope at none:22
 [12] eval at ./boot.jl:331 [inlined]
 [13] eval(::Expr) at ./client.jl:467
 [14] top-level scope at none:1
 [15] eval(::Module, ::Any) at ./boot.jl:331
 [16] exec_options(::Base.JLOptions) at ./client.jl:272
 [17] _start() at ./client.jl:506


################################################################################
# PkgEval teardown: 2021-01-11T20:16:44.505
CPU usage: 21.38s (12.96s user, 8.50s kernel)

Network usage:
- eth0: 7.637 MiB received, 76.112 KiB sent

Raw statistics: {"blkio_stats":{"io_queue_recursive":[],"io_serviced_recursive":[{"major":259,"value":0,"op":"Read","minor":0},{"major":259,"value":19,"op":"Write","minor":0},{"major":259,"value":14,"op":"Sync","minor":0},{"major":259,"value":5,"op":"Async","minor":0},{"major":259,"value":0,"op":"Discard","minor":0},{"major":259,"value":19,"op":"Total","minor":0},{"major":253,"value":0,"op":"Read","minor":2},{"major":253,"value":19,"op":"Write","minor":2},{"major":253,"value":14,"op":"Sync","minor":2},{"major":253,"value":5,"op":"Async","minor":2},{"major":253,"value":0,"op":"Discard","minor":2},{"major":253,"value":19,"op":"Total","minor":2}],"io_time_recursive":[],"sectors_recursive":[],"io_service_bytes_recursive":[{"major":259,"value":0,"op":"Read","minor":0},{"major":259,"value":77824,"op":"Write","minor":0},{"major":259,"value":57344,"op":"Sync","minor":0},{"major":259,"value":20480,"op":"Async","minor":0},{"major":259,"value":0,"op":"Discard","minor":0},{"major":259,"value":77824,"op":"Total","minor":0},{"major":253,"value":0,"op":"Read","minor":2},{"major":253,"value":77824,"op":"Write","minor":2},{"major":253,"value":57344,"op":"Sync","minor":2},{"major":253,"value":20480,"op":"Async","minor":2},{"major":253,"value":0,"op":"Discard","minor":2},{"major":253,"value":77824,"op":"Total","minor":2}],"io_wait_time_recursive":[],"io_merged_recursive":[],"io_service_time_recursive":[]},"memory_stats":{"usage":306180096,"max_usage":761151488,"stats":{"hierarchical_memory_limit":9223372036854771712,"pgmajfault":0,"total_rss":196521984,"inactive_file":135168,"inactive_anon":78802944,"total_pgfault":345609,"total_cache":80228352,"total_rss_huge":0,"total_active_anon":196939776,"total_pgmajfault":0,"pgpgin":312411,"rss_huge":0,"mapped_file":0,"total_inactive_file":135168,"dirty":270336,"total_unevictable":0,"total_dirty":270336,"writeback":270336,"pgpgout":244850,"hierarchical_memsw_limit":0,"cache":80228352,"active_file":946176,"pgfault":345609,"total_mapped_file":0,"total_pgpgout":244850,"total_writeback":270336,"rss":196521984,"unevictable":0,"total_inactive_anon":78802944,"total_pgpgin":312411,"active_anon":196939776,"total_active_file":946176},"limit":540965302272},"name":"/Scratch-RAP1t9xh","networks":{"eth0":{"rx_bytes":8007539,"rx_packets":825,"tx_packets":825,"tx_bytes":77939,"tx_dropped":0,"rx_dropped":1,"tx_errors":0,"rx_errors":0}},"id":"5ad1decf758cc139e84dcbd023c2bab6df60cd6c05f2576b93bc99d1c6bc4d74","preread":"0001-01-01T00:00:00Z","storage_stats":{},"precpu_stats":{"throttling_data":{"throttled_periods":0,"throttled_time":0,"periods":0},"cpu_usage":{"usage_in_usermode":0,"usage_in_kernelmode":0,"total_usage":0}},"pids_stats":{"current":44},"num_procs":0,"cpu_stats":{"throttling_data":{"throttled_periods":0,"throttled_time":0,"periods":0},"system_cpu_usage":5407644824522419,"online_cpus":128,"cpu_usage":{"usage_in_usermode":12960000000,"usage_in_kernelmode":8500000000,"total_usage":21376100602,"percpu_usage":[0,0,0,0,0,0,0,0,0,0,0,0,0,0,0,0,0,0,0,0,0,0,0,0,0,0,0,0,0,0,0,0,0,0,0,0,0,0,0,21376100602,0,0,0,0,0,0,0,0,0,0,0,0,0,0,0,0,0,0,0,0,0,0,0,0,0,0,0,0,0,0,0,0,0,0,0,0,0,0,0,0,0,0,0,0,0,0,0,0,0,0,0,0,0,0,0,0,0,0,0,0,0,0,0,0,0,0,0,0,0,0,0,0,0,0,0,0,0,0,0,0,0,0,0,0,0,0,0,0]}},"read":"2021-01-11T20:16:44.50747764Z"}