################################################################################
# PackageCompiler set-up: 2021-01-11T19:06:16.256
#

Julia Version 1.5.3
Commit 599f52c4c6 (2020-12-18 13:33 UTC)
Platform Info:
  OS: Linux (x86_64-linux-gnu)
  CPU: AMD EPYC 7502 32-Core Processor
  WORD_SIZE: 64
  LIBM: libopenlibm
  LLVM: libLLVM-9.0.1 (ORCJIT, znver2)
Environment:
  JULIA_PKGEVAL = true
  JULIA_PKG_PRECOMPILE_AUTO = 0



################################################################################
# Installation: 2021-01-11T19:06:17.927
#

 Installing known registries into `~/.julia`
######################################################################## 100.0%
      Added registry `General` to `~/.julia/registries/General`
  Resolving package versions...
  Installed SDPSymmetryReduction ─ v0.1.0
  Installed PackageCompiler ────── v1.2.5
Updating `~/.julia/environments/v1.5/Project.toml`
  [9b87118b] + PackageCompiler v1.2.5
  [56ed78d6] + SDPSymmetryReduction v0.1.0
Updating `~/.julia/environments/v1.5/Manifest.toml`
  [9b87118b] + PackageCompiler v1.2.5
  [56ed78d6] + SDPSymmetryReduction v0.1.0
  [2a0f44e3] + Base64
  [ade2ca70] + Dates
  [b77e0a4c] + InteractiveUtils
  [76f85450] + LibGit2
  [8f399da3] + Libdl
  [37e2e46d] + LinearAlgebra
  [56ddb016] + Logging
  [d6f4376e] + Markdown
  [44cfe95a] + Pkg
  [de0858da] + Printf
  [3fa0cd96] + REPL
  [9a3f8284] + Random
  [ea8e919c] + SHA
  [9e88b42a] + Serialization
  [6462fe0b] + Sockets
  [2f01184e] + SparseArrays
  [cf7118a7] + UUIDs
  [4ec0a83e] + Unicode


################################################################################
# Compiling: 2021-01-11T19:06:23.108
#

[ Info: PackageCompiler: creating system image object file, this might take a while...
Generated system image is 147.337 MiB, compilation took 154 seconds


################################################################################
# PkgEval set-up: 2021-01-11T19:09:04.586
#

Julia Version 1.5.3
Commit 599f52c4c6 (2020-12-18 13:33 UTC)
Platform Info:
  OS: Linux (x86_64-linux-gnu)
  CPU: AMD EPYC 7502 32-Core Processor
  WORD_SIZE: 64
  LIBM: libopenlibm
  LLVM: libLLVM-9.0.1 (ORCJIT, znver2)
Environment:
  JULIA_PKGEVAL = true
  JULIA_PKG_PRECOMPILE_AUTO = 0

Base.julia_cmd() = `/usr/local/julia/bin/julia -Cnative -J/cache/SDPSymmetryReduction-79u3KFfH.so -g1`


################################################################################
# Installation: 2021-01-11T19:09:06.347
#

 Installing known registries into `~/.julia`
######################################################################## 100.0%
      Added registry `General` to `~/.julia/registries/General`
  Resolving package versions...
  Installed SDPSymmetryReduction ─ v0.1.0
Updating `~/.julia/environments/v1.5/Project.toml`
  [56ed78d6] + SDPSymmetryReduction v0.1.0
Updating `~/.julia/environments/v1.5/Manifest.toml`
  [56ed78d6] + SDPSymmetryReduction v0.1.0
  [8f399da3] + Libdl
  [37e2e46d] + LinearAlgebra
  [9a3f8284] + Random
  [9e88b42a] + Serialization
  [2f01184e] + SparseArrays


################################################################################
# Testing: 2021-01-11T19:09:09.487
#


PkgEval failed: Package SDPSymmetryReduction did not provide a `test/runtests.jl` file
Stacktrace:
 [1] pkgerror(::String, ::Vararg{String,N} where N) at /workspace/srcdir/usr/share/julia/stdlib/v1.5/Pkg/src/Types.jl:52
 [2] test(::Pkg.Types.Context, ::Array{Pkg.Types.PackageSpec,1}; coverage::Bool, julia_args::Cmd, test_args::Cmd, test_fn::Nothing) at /workspace/srcdir/usr/share/julia/stdlib/v1.5/Pkg/src/Operations.jl:1536
 [3] test(::Pkg.Types.Context, ::Array{Pkg.Types.PackageSpec,1}; coverage::Bool, test_fn::Nothing, julia_args::Cmd, test_args::Cmd, kwargs::Base.Iterators.Pairs{Union{},Union{},Tuple{},NamedTuple{(),Tuple{}}}) at /workspace/srcdir/usr/share/julia/stdlib/v1.5/Pkg/src/API.jl:327
 [4] test(::Pkg.Types.Context, ::Array{Pkg.Types.PackageSpec,1}) at /workspace/srcdir/usr/share/julia/stdlib/v1.5/Pkg/src/API.jl:314
 [5] #test#61 at /workspace/srcdir/usr/share/julia/stdlib/v1.5/Pkg/src/API.jl:67 [inlined]
 [6] test at /workspace/srcdir/usr/share/julia/stdlib/v1.5/Pkg/src/API.jl:67 [inlined]
 [7] #test#60 at /workspace/srcdir/usr/share/julia/stdlib/v1.5/Pkg/src/API.jl:66 [inlined]
 [8] test at /workspace/srcdir/usr/share/julia/stdlib/v1.5/Pkg/src/API.jl:66 [inlined]
 [9] test(::String; kwargs::Base.Iterators.Pairs{Union{},Union{},Tuple{},NamedTuple{(),Tuple{}}}) at /workspace/srcdir/usr/share/julia/stdlib/v1.5/Pkg/src/API.jl:65
 [10] test(::String) at /workspace/srcdir/usr/share/julia/stdlib/v1.5/Pkg/src/API.jl:65
 [11] top-level scope at none:22
 [12] eval at ./boot.jl:331 [inlined]
 [13] eval(::Expr) at ./client.jl:467
 [14] top-level scope at none:1
 [15] eval(::Module, ::Any) at ./boot.jl:331
 [16] exec_options(::Base.JLOptions) at ./client.jl:272
 [17] _start() at ./client.jl:506


################################################################################
# PkgEval teardown: 2021-01-11T19:09:11.707
CPU usage: 7.26s (5.35s user, 1.96s kernel)

Network usage:
- eth0: 2.538 MiB received, 27.173 KiB sent

Raw statistics: {"blkio_stats":{"io_queue_recursive":[],"io_serviced_recursive":[{"major":259,"value":16,"op":"Read","minor":0},{"major":259,"value":15,"op":"Write","minor":0},{"major":259,"value":30,"op":"Sync","minor":0},{"major":259,"value":1,"op":"Async","minor":0},{"major":259,"value":0,"op":"Discard","minor":0},{"major":259,"value":31,"op":"Total","minor":0},{"major":253,"value":16,"op":"Read","minor":2},{"major":253,"value":15,"op":"Write","minor":2},{"major":253,"value":30,"op":"Sync","minor":2},{"major":253,"value":1,"op":"Async","minor":2},{"major":253,"value":0,"op":"Discard","minor":2},{"major":253,"value":31,"op":"Total","minor":2}],"io_time_recursive":[],"sectors_recursive":[],"io_service_bytes_recursive":[{"major":259,"value":65536,"op":"Read","minor":0},{"major":259,"value":61440,"op":"Write","minor":0},{"major":259,"value":122880,"op":"Sync","minor":0},{"major":259,"value":4096,"op":"Async","minor":0},{"major":259,"value":0,"op":"Discard","minor":0},{"major":259,"value":126976,"op":"Total","minor":0},{"major":253,"value":65536,"op":"Read","minor":2},{"major":253,"value":61440,"op":"Write","minor":2},{"major":253,"value":122880,"op":"Sync","minor":2},{"major":253,"value":4096,"op":"Async","minor":2},{"major":253,"value":0,"op":"Discard","minor":2},{"major":253,"value":126976,"op":"Total","minor":2}],"io_wait_time_recursive":[],"io_merged_recursive":[],"io_service_time_recursive":[]},"memory_stats":{"usage":329093120,"max_usage":465633280,"stats":{"hierarchical_memory_limit":9223372036854771712,"pgmajfault":0,"total_rss":193531904,"inactive_file":135168,"inactive_anon":78802944,"total_pgfault":155661,"total_cache":103870464,"total_rss_huge":0,"total_active_anon":193966080,"total_pgmajfault":0,"pgpgin":132033,"rss_huge":0,"mapped_file":0,"total_inactive_file":135168,"dirty":5947392,"total_unevictable":0,"total_dirty":5947392,"writeback":0,"pgpgout":59418,"hierarchical_memsw_limit":0,"cache":103870464,"active_file":24735744,"pgfault":155661,"total_mapped_file":0,"total_pgpgout":59418,"total_writeback":0,"rss":193531904,"unevictable":0,"total_inactive_anon":78802944,"total_pgpgin":132033,"active_anon":193966080,"total_active_file":24735744},"limit":540965302272},"name":"/SDPSymmetryReduction-KHC75hon","networks":{"eth0":{"rx_bytes":2661190,"rx_packets":291,"tx_packets":279,"tx_bytes":27825,"tx_dropped":0,"rx_dropped":1,"tx_errors":0,"rx_errors":0}},"id":"67dba5daf79f53a3c485217f1a834e63f5078db13bbb6439d09cbb0a02d42d09","preread":"0001-01-01T00:00:00Z","storage_stats":{},"precpu_stats":{"throttling_data":{"throttled_periods":0,"throttled_time":0,"periods":0},"cpu_usage":{"usage_in_usermode":0,"usage_in_kernelmode":0,"total_usage":0}},"pids_stats":{"current":44},"num_procs":0,"cpu_stats":{"throttling_data":{"throttled_periods":0,"throttled_time":0,"periods":0},"system_cpu_usage":4889557864522419,"online_cpus":128,"cpu_usage":{"usage_in_usermode":5350000000,"usage_in_kernelmode":1960000000,"total_usage":7262317888,"percpu_usage":[0,0,0,0,0,0,0,0,0,0,0,0,0,0,0,0,0,0,0,0,0,0,0,0,0,0,0,0,0,0,0,0,0,0,7262313268,0,0,0,0,0,0,0,0,0,0,0,0,0,0,0,0,0,0,0,0,0,0,0,0,0,0,0,0,0,0,0,0,0,0,0,0,0,0,0,0,0,0,0,0,0,0,0,0,0,0,0,0,0,0,0,0,0,0,0,0,0,0,0,4620,0,0,0,0,0,0,0,0,0,0,0,0,0,0,0,0,0,0,0,0,0,0,0,0,0,0,0,0,0]}},"read":"2021-01-11T19:09:11.709839898Z"}