################################################################################
# PackageCompiler set-up: 2021-01-11T19:50:11.724
#

Julia Version 1.5.3
Commit 599f52c4c6 (2020-12-18 13:33 UTC)
Platform Info:
  OS: Linux (x86_64-linux-gnu)
  CPU: AMD EPYC 7502 32-Core Processor
  WORD_SIZE: 64
  LIBM: libopenlibm
  LLVM: libLLVM-9.0.1 (ORCJIT, znver2)
Environment:
  JULIA_PKGEVAL = true
  JULIA_PKG_PRECOMPILE_AUTO = 0



################################################################################
# Installation: 2021-01-11T19:50:13.499
#

 Installing known registries into `~/.julia`
######################################################################## 100.0%
      Added registry `General` to `~/.julia/registries/General`
  Resolving package versions...
  Installed SenseHat ────────── v0.3.0
  Installed Reexport ────────── v1.0.0
  Installed FixedPointNumbers ─ v0.8.4
  Installed Colors ──────────── v0.12.6
  Installed ColorTypes ──────── v0.10.9
  Installed PackageCompiler ─── v1.2.5
Updating `~/.julia/environments/v1.5/Project.toml`
  [9b87118b] + PackageCompiler v1.2.5
  [0dbe55a1] + SenseHat v0.3.0
Updating `~/.julia/environments/v1.5/Manifest.toml`
  [3da002f7] + ColorTypes v0.10.9
  [5ae59095] + Colors v0.12.6
  [53c48c17] + FixedPointNumbers v0.8.4
  [9b87118b] + PackageCompiler v1.2.5
  [189a3867] + Reexport v1.0.0
  [0dbe55a1] + SenseHat v0.3.0
  [2a0f44e3] + Base64
  [ade2ca70] + Dates
  [b77e0a4c] + InteractiveUtils
  [76f85450] + LibGit2
  [8f399da3] + Libdl
  [37e2e46d] + LinearAlgebra
  [56ddb016] + Logging
  [d6f4376e] + Markdown
  [a63ad114] + Mmap
  [44cfe95a] + Pkg
  [de0858da] + Printf
  [3fa0cd96] + REPL
  [9a3f8284] + Random
  [ea8e919c] + SHA
  [9e88b42a] + Serialization
  [6462fe0b] + Sockets
  [2f01184e] + SparseArrays
  [10745b16] + Statistics
  [cf7118a7] + UUIDs
  [4ec0a83e] + Unicode


################################################################################
# Compiling: 2021-01-11T19:50:19.026
#

┌ Warning: I2C: Sense Hat not found
└ @ SenseHat.Sensors ~/.julia/packages/SenseHat/6Bwwg/src/sensors.jl:14
[ Info: PackageCompiler: creating system image object file, this might take a while...
Generated system image is 160.889 MiB, compilation took 191 seconds


┌ Warning: I2C: Sense Hat not found
└ @ SenseHat.Sensors /home/pkgeval/.julia/packages/SenseHat/6Bwwg/src/sensors.jl:14
################################################################################
# PkgEval set-up: 2021-01-11T19:53:38.101
#

Julia Version 1.5.3
Commit 599f52c4c6 (2020-12-18 13:33 UTC)
Platform Info:
  OS: Linux (x86_64-linux-gnu)
  CPU: AMD EPYC 7502 32-Core Processor
  WORD_SIZE: 64
  LIBM: libopenlibm
  LLVM: libLLVM-9.0.1 (ORCJIT, znver2)
Environment:
  JULIA_PKGEVAL = true
  JULIA_PKG_PRECOMPILE_AUTO = 0

Base.julia_cmd() = `/usr/local/julia/bin/julia -Cnative -J/cache/SenseHat-WVsbSwQx.so -g1`


################################################################################
# Installation: 2021-01-11T19:53:39.987
#

 Installing known registries into `~/.julia`
######################################################################## 100.0%
      Added registry `General` to `~/.julia/registries/General`
  Resolving package versions...
  Installed SenseHat ────────── v0.3.0
  Installed Reexport ────────── v1.0.0
  Installed FixedPointNumbers ─ v0.8.4
  Installed Colors ──────────── v0.12.6
  Installed ColorTypes ──────── v0.10.9
Updating `~/.julia/environments/v1.5/Project.toml`
  [0dbe55a1] + SenseHat v0.3.0
Updating `~/.julia/environments/v1.5/Manifest.toml`
  [3da002f7] + ColorTypes v0.10.9
  [5ae59095] + Colors v0.12.6
  [53c48c17] + FixedPointNumbers v0.8.4
  [189a3867] + Reexport v1.0.0
  [0dbe55a1] + SenseHat v0.3.0
  [2a0f44e3] + Base64
  [ade2ca70] + Dates
  [b77e0a4c] + InteractiveUtils
  [8f399da3] + Libdl
  [37e2e46d] + LinearAlgebra
  [d6f4376e] + Markdown
  [a63ad114] + Mmap
  [de0858da] + Printf
  [9a3f8284] + Random
  [9e88b42a] + Serialization
  [2f01184e] + SparseArrays
  [10745b16] + Statistics
  [4ec0a83e] + Unicode


################################################################################
# Testing: 2021-01-11T19:53:44.881
#

    Testing SenseHat
Status `/tmp/jl_qetgS8/Project.toml`
  [3da002f7] ColorTypes v0.10.9
  [5ae59095] Colors v0.12.6
  [53c48c17] FixedPointNumbers v0.8.4
  [0dbe55a1] SenseHat v0.3.0
  [ade2ca70] Dates
  [a63ad114] Mmap
Status `/tmp/jl_qetgS8/Manifest.toml`
  [3da002f7] ColorTypes v0.10.9
  [5ae59095] Colors v0.12.6
  [53c48c17] FixedPointNumbers v0.8.4
  [189a3867] Reexport v1.0.0
  [0dbe55a1] SenseHat v0.3.0
  [2a0f44e3] Base64
  [ade2ca70] Dates
  [b77e0a4c] InteractiveUtils
  [8f399da3] Libdl
  [37e2e46d] LinearAlgebra
  [d6f4376e] Markdown
  [a63ad114] Mmap
  [de0858da] Printf
  [9a3f8284] Random
  [9e88b42a] Serialization
  [2f01184e] SparseArrays
  [10745b16] Statistics
  [4ec0a83e] Unicode
┌ Warning: I2C: Sense Hat not found
└ @ SenseHat.Sensors /home/pkgeval/.julia/packages/SenseHat/6Bwwg/src/sensors.jl:14
ERROR: LoadError: LoadError: ArgumentError: Package Test not found in current path:
- Run `import Pkg; Pkg.add("Test")` to install the Test package.

Stacktrace:
 [1] require(::Module, ::Symbol) at ./loading.jl:893
 [2] include(::String) at ./client.jl:457
 [3] top-level scope at /home/user/.julia/packages/SenseHat/6Bwwg/test/runtests.jl:1
 [4] include(::String) at ./client.jl:457
 [5] top-level scope at none:6
in expression starting at /home/user/.julia/packages/SenseHat/6Bwwg/test/led.jl:2
in expression starting at /home/user/.julia/packages/SenseHat/6Bwwg/test/runtests.jl:1

PkgEval failed: Package SenseHat errored during testing
Stacktrace:
 [1] pkgerror(::String) at /workspace/srcdir/usr/share/julia/stdlib/v1.5/Pkg/src/Types.jl:52
 [2] test(::Pkg.Types.Context, ::Array{Pkg.Types.PackageSpec,1}; coverage::Bool, julia_args::Cmd, test_args::Cmd, test_fn::Nothing) at /workspace/srcdir/usr/share/julia/stdlib/v1.5/Pkg/src/Operations.jl:1578
 [3] test(::Pkg.Types.Context, ::Array{Pkg.Types.PackageSpec,1}; coverage::Bool, test_fn::Nothing, julia_args::Cmd, test_args::Cmd, kwargs::Base.Iterators.Pairs{Union{},Union{},Tuple{},NamedTuple{(),Tuple{}}}) at /workspace/srcdir/usr/share/julia/stdlib/v1.5/Pkg/src/API.jl:327
 [4] test(::Pkg.Types.Context, ::Array{Pkg.Types.PackageSpec,1}) at /workspace/srcdir/usr/share/julia/stdlib/v1.5/Pkg/src/API.jl:314
 [5] #test#61 at /workspace/srcdir/usr/share/julia/stdlib/v1.5/Pkg/src/API.jl:67 [inlined]
 [6] test at /workspace/srcdir/usr/share/julia/stdlib/v1.5/Pkg/src/API.jl:67 [inlined]
 [7] #test#60 at /workspace/srcdir/usr/share/julia/stdlib/v1.5/Pkg/src/API.jl:66 [inlined]
 [8] test at /workspace/srcdir/usr/share/julia/stdlib/v1.5/Pkg/src/API.jl:66 [inlined]
 [9] test(::String; kwargs::Base.Iterators.Pairs{Union{},Union{},Tuple{},NamedTuple{(),Tuple{}}}) at /workspace/srcdir/usr/share/julia/stdlib/v1.5/Pkg/src/API.jl:65
 [10] test(::String) at /workspace/srcdir/usr/share/julia/stdlib/v1.5/Pkg/src/API.jl:65
 [11] top-level scope at none:22
 [12] eval at ./boot.jl:331 [inlined]
 [13] eval(::Expr) at ./client.jl:467
 [14] top-level scope at none:1
 [15] eval(::Module, ::Any) at ./boot.jl:331
 [16] exec_options(::Base.JLOptions) at ./client.jl:272
 [17] _start() at ./client.jl:506


################################################################################
# PkgEval teardown: 2021-01-11T19:53:49.628
CPU usage: 11.85s (9.35s user, 2.56s kernel)

Network usage:
- eth0: 2.987 MiB received, 48.079 KiB sent

Raw statistics: {"blkio_stats":{"io_queue_recursive":[],"io_serviced_recursive":[{"major":259,"value":0,"op":"Read","minor":0},{"major":259,"value":19,"op":"Write","minor":0},{"major":259,"value":14,"op":"Sync","minor":0},{"major":259,"value":5,"op":"Async","minor":0},{"major":259,"value":0,"op":"Discard","minor":0},{"major":259,"value":19,"op":"Total","minor":0},{"major":253,"value":0,"op":"Read","minor":2},{"major":253,"value":19,"op":"Write","minor":2},{"major":253,"value":14,"op":"Sync","minor":2},{"major":253,"value":5,"op":"Async","minor":2},{"major":253,"value":0,"op":"Discard","minor":2},{"major":253,"value":19,"op":"Total","minor":2}],"io_time_recursive":[],"sectors_recursive":[],"io_service_bytes_recursive":[{"major":259,"value":0,"op":"Read","minor":0},{"major":259,"value":77824,"op":"Write","minor":0},{"major":259,"value":57344,"op":"Sync","minor":0},{"major":259,"value":20480,"op":"Async","minor":0},{"major":259,"value":0,"op":"Discard","minor":0},{"major":259,"value":77824,"op":"Total","minor":0},{"major":253,"value":0,"op":"Read","minor":2},{"major":253,"value":77824,"op":"Write","minor":2},{"major":253,"value":57344,"op":"Sync","minor":2},{"major":253,"value":20480,"op":"Async","minor":2},{"major":253,"value":0,"op":"Discard","minor":2},{"major":253,"value":77824,"op":"Total","minor":2}],"io_wait_time_recursive":[],"io_merged_recursive":[],"io_service_time_recursive":[]},"memory_stats":{"usage":326430720,"max_usage":474173440,"stats":{"hierarchical_memory_limit":9223372036854771712,"pgmajfault":0,"total_rss":211230720,"inactive_file":135168,"inactive_anon":80154624,"total_pgfault":223212,"total_cache":84889600,"total_rss_huge":0,"total_active_anon":211808256,"total_pgmajfault":0,"pgpgin":170478,"rss_huge":0,"mapped_file":0,"total_inactive_file":135168,"dirty":135168,"total_unevictable":0,"total_dirty":135168,"writeback":0,"pgpgout":98150,"hierarchical_memsw_limit":0,"cache":84889600,"active_file":4190208,"pgfault":223212,"total_mapped_file":0,"total_pgpgout":98150,"total_writeback":0,"rss":211230720,"unevictable":0,"total_inactive_anon":80154624,"total_pgpgin":170478,"active_anon":211808256,"total_active_file":4190208},"limit":540965302272},"name":"/SenseHat-XHlRl0SA","networks":{"eth0":{"rx_bytes":3131694,"rx_packets":440,"tx_packets":456,"tx_bytes":49233,"tx_dropped":0,"rx_dropped":1,"tx_errors":0,"rx_errors":0}},"id":"f90f6a32b716e8f1116d0c66bb3af5ec852579d5c9b4753b564d2b754b68560b","preread":"0001-01-01T00:00:00Z","storage_stats":{},"precpu_stats":{"throttling_data":{"throttled_periods":0,"throttled_time":0,"periods":0},"cpu_usage":{"usage_in_usermode":0,"usage_in_kernelmode":0,"total_usage":0}},"pids_stats":{"current":44},"num_procs":0,"cpu_stats":{"throttling_data":{"throttled_periods":0,"throttled_time":0,"periods":0},"system_cpu_usage":5231887674522419,"online_cpus":128,"cpu_usage":{"usage_in_usermode":9350000000,"usage_in_kernelmode":2560000000,"total_usage":11848963595,"percpu_usage":[0,0,0,0,0,0,0,0,0,0,0,0,0,0,11848960235,0,0,0,0,0,0,0,0,0,0,0,0,0,0,0,0,0,0,0,0,0,0,0,0,0,0,0,0,0,0,0,0,0,0,0,0,0,0,0,0,0,0,0,0,0,0,0,0,0,0,0,0,0,0,0,0,0,0,0,0,0,0,0,3360,0,0,0,0,0,0,0,0,0,0,0,0,0,0,0,0,0,0,0,0,0,0,0,0,0,0,0,0,0,0,0,0,0,0,0,0,0,0,0,0,0,0,0,0,0,0,0,0,0]}},"read":"2021-01-11T19:53:49.630976884Z"}