################################################################################
# PkgEval set-up: 2021-01-11T23:49:40.718
#

Julia Version 1.5.3
Commit 599f52c4c6 (2020-12-18 13:33 UTC)
Platform Info:
  OS: Linux (x86_64-linux-gnu)
  CPU: AMD EPYC 7502 32-Core Processor
  WORD_SIZE: 64
  LIBM: libopenlibm
  LLVM: libLLVM-9.0.1 (ORCJIT, znver2)
Environment:
  JULIA_PKG_PRECOMPILE_AUTO = 0
  JULIA_PKGEVAL = true

Base.julia_cmd() = `/opt/julia/bin/julia -Cnative -J/opt/julia/lib/julia/sys.so -g1`


################################################################################
# Installation: 2021-01-11T23:49:42.493
#

 Installing known registries into `~/.julia`
############################                                              39.0%######################################################################## 100.0%
      Added registry `General` to `~/.julia/registries/General`
  Resolving package versions...
  Installed MbedTLS_jll ───── v2.16.8+1
  Installed LoggingExtras ─── v0.4.2
  Installed WorkerUtilities ─ v1.0.1
  Installed MbedTLS ───────── v1.0.3
  Installed URIs ──────────── v1.1.0
  Installed HTTP ──────────── v0.9.2
  Installed JLLWrappers ───── v1.2.0
  Installed IniFile ───────── v0.5.0
  Installed Artifacts ─────── v1.3.0
  Installed SeqLoggers ────── v0.3.0
Updating `~/.julia/environments/v1.5/Project.toml`
  [5370ec29] + SeqLoggers v0.3.0
Updating `~/.julia/environments/v1.5/Manifest.toml`
  [56f22d72] + Artifacts v1.3.0
  [cd3eb016] + HTTP v0.9.2
  [83e8ac13] + IniFile v0.5.0
  [692b3bcd] + JLLWrappers v1.2.0
  [e6f89c97] + LoggingExtras v0.4.2
  [739be429] + MbedTLS v1.0.3
  [c8ffd9c3] + MbedTLS_jll v2.16.8+1
  [5370ec29] + SeqLoggers v0.3.0
  [5c2747f8] + URIs v1.1.0
  [76eceee3] + WorkerUtilities v1.0.1
  [2a0f44e3] + Base64
  [ade2ca70] + Dates
  [8ba89e20] + Distributed
  [b77e0a4c] + InteractiveUtils
  [76f85450] + LibGit2
  [8f399da3] + Libdl
  [56ddb016] + Logging
  [d6f4376e] + Markdown
  [44cfe95a] + Pkg
  [de0858da] + Printf
  [3fa0cd96] + REPL
  [9a3f8284] + Random
  [ea8e919c] + SHA
  [9e88b42a] + Serialization
  [6462fe0b] + Sockets
  [8dfed614] + Test
  [cf7118a7] + UUIDs
  [4ec0a83e] + Unicode


################################################################################
# Testing: 2021-01-11T23:49:47.837
#

    Testing SeqLoggers
Status `/tmp/jl_7vCz2Q/Project.toml`
  [cd3eb016] HTTP v0.9.2
  [e6f89c97] LoggingExtras v0.4.2
  [5370ec29] SeqLoggers v0.3.0
  [76eceee3] WorkerUtilities v1.0.1
  [ade2ca70] Dates
  [56ddb016] Logging
  [8dfed614] Test
Status `/tmp/jl_7vCz2Q/Manifest.toml`
  [56f22d72] Artifacts v1.3.0
  [cd3eb016] HTTP v0.9.2
  [83e8ac13] IniFile v0.5.0
  [692b3bcd] JLLWrappers v1.2.0
  [e6f89c97] LoggingExtras v0.4.2
  [739be429] MbedTLS v1.0.3
  [c8ffd9c3] MbedTLS_jll v2.16.8+1
  [5370ec29] SeqLoggers v0.3.0
  [5c2747f8] URIs v1.1.0
  [76eceee3] WorkerUtilities v1.0.1
  [2a0f44e3] Base64
  [ade2ca70] Dates
  [8ba89e20] Distributed
  [b77e0a4c] InteractiveUtils
  [76f85450] LibGit2
  [8f399da3] Libdl
  [56ddb016] Logging
  [d6f4376e] Markdown
  [44cfe95a] Pkg
  [de0858da] Printf
  [3fa0cd96] REPL
  [9a3f8284] Random
  [ea8e919c] SHA
  [9e88b42a] Serialization
  [6462fe0b] Sockets
  [8dfed614] Test
  [cf7118a7] UUIDs
  [4ec0a83e] Unicode
Test Summary: | Pass  Total
SeqLoggers.jl |   26     26
    Testing SeqLoggers tests passed 

PkgEval succeeded


################################################################################
# PkgEval teardown: 2021-01-11T23:50:03.724
CPU usage: 23.00s (19.65s user, 3.40s kernel)

Network usage:
- eth0: 2.990 MiB received, 75.466 KiB sent

Raw statistics: {"blkio_stats":{"io_queue_recursive":[],"io_serviced_recursive":[{"major":259,"value":0,"op":"Read","minor":0},{"major":259,"value":24,"op":"Write","minor":0},{"major":259,"value":19,"op":"Sync","minor":0},{"major":259,"value":5,"op":"Async","minor":0},{"major":259,"value":0,"op":"Discard","minor":0},{"major":259,"value":24,"op":"Total","minor":0},{"major":253,"value":0,"op":"Read","minor":2},{"major":253,"value":24,"op":"Write","minor":2},{"major":253,"value":19,"op":"Sync","minor":2},{"major":253,"value":5,"op":"Async","minor":2},{"major":253,"value":0,"op":"Discard","minor":2},{"major":253,"value":24,"op":"Total","minor":2}],"io_time_recursive":[],"sectors_recursive":[],"io_service_bytes_recursive":[{"major":259,"value":0,"op":"Read","minor":0},{"major":259,"value":126976,"op":"Write","minor":0},{"major":259,"value":106496,"op":"Sync","minor":0},{"major":259,"value":20480,"op":"Async","minor":0},{"major":259,"value":0,"op":"Discard","minor":0},{"major":259,"value":126976,"op":"Total","minor":0},{"major":253,"value":0,"op":"Read","minor":2},{"major":253,"value":126976,"op":"Write","minor":2},{"major":253,"value":106496,"op":"Sync","minor":2},{"major":253,"value":20480,"op":"Async","minor":2},{"major":253,"value":0,"op":"Discard","minor":2},{"major":253,"value":126976,"op":"Total","minor":2}],"io_wait_time_recursive":[],"io_merged_recursive":[],"io_service_time_recursive":[]},"memory_stats":{"usage":294907904,"max_usage":1090076672,"stats":{"hierarchical_memory_limit":9223372036854771712,"pgmajfault":0,"total_rss":181239808,"inactive_file":135168,"inactive_anon":79749120,"total_pgfault":770484,"total_cache":83869696,"total_rss_huge":0,"total_active_anon":185180160,"total_pgmajfault":0,"pgpgin":532950,"rss_huge":0,"mapped_file":0,"total_inactive_file":135168,"dirty":135168,"total_unevictable":0,"total_dirty":135168,"writeback":0,"pgpgout":468204,"hierarchical_memsw_limit":0,"cache":83869696,"active_file":405504,"pgfault":770484,"total_mapped_file":0,"total_pgpgout":468204,"total_writeback":0,"rss":181239808,"unevictable":0,"total_inactive_anon":79749120,"total_pgpgin":532950,"active_anon":185180160,"total_active_file":405504},"limit":540965302272},"name":"/SeqLoggers-eNDdGAhM","networks":{"eth0":{"rx_bytes":3135480,"rx_packets":618,"tx_packets":674,"tx_bytes":77277,"tx_dropped":0,"rx_dropped":1,"tx_errors":0,"rx_errors":0}},"id":"1c5ce8bfbae6777b803b0d3a4cfe484dbe435698f7ab41217c61d53d7df219eb","preread":"0001-01-01T00:00:00Z","storage_stats":{},"precpu_stats":{"throttling_data":{"throttled_periods":0,"throttled_time":0,"periods":0},"cpu_usage":{"usage_in_usermode":0,"usage_in_kernelmode":0,"total_usage":0}},"pids_stats":{"current":40},"num_procs":0,"cpu_stats":{"throttling_data":{"throttled_periods":0,"throttled_time":0,"periods":0},"system_cpu_usage":7043019464522419,"online_cpus":128,"cpu_usage":{"usage_in_usermode":19650000000,"usage_in_kernelmode":3400000000,"total_usage":23000551494,"percpu_usage":[0,0,0,23000544844,0,0,0,0,0,0,0,0,0,0,0,0,0,0,0,0,0,0,0,0,0,0,0,0,0,0,0,0,0,0,0,0,0,0,0,0,0,0,0,0,0,0,0,0,0,0,0,0,0,0,0,0,0,0,0,0,0,0,0,0,3510,0,0,3140,0,0,0,0,0,0,0,0,0,0,0,0,0,0,0,0,0,0,0,0,0,0,0,0,0,0,0,0,0,0,0,0,0,0,0,0,0,0,0,0,0,0,0,0,0,0,0,0,0,0,0,0,0,0,0,0,0,0,0,0]}},"read":"2021-01-11T23:50:03.726886054Z"}