################################################################################
# PackageCompiler set-up: 2021-01-11T19:49:37.915
#

Julia Version 1.5.3
Commit 599f52c4c6 (2020-12-18 13:33 UTC)
Platform Info:
  OS: Linux (x86_64-linux-gnu)
  CPU: AMD EPYC 7502 32-Core Processor
  WORD_SIZE: 64
  LIBM: libopenlibm
  LLVM: libLLVM-9.0.1 (ORCJIT, znver2)
Environment:
  JULIA_PKGEVAL = true
  JULIA_PKG_PRECOMPILE_AUTO = 0



################################################################################
# Installation: 2021-01-11T19:49:39.681
#

 Installing known registries into `~/.julia`
######################################################################## 100.0%
      Added registry `General` to `~/.julia/registries/General`
  Resolving package versions...
  Installed Showoff ───────── v0.3.2
  Installed Grisu ─────────── v1.0.0
  Installed PackageCompiler ─ v1.2.5
Updating `~/.julia/environments/v1.5/Project.toml`
  [9b87118b] + PackageCompiler v1.2.5
  [992d4aef] + Showoff v0.3.2
Updating `~/.julia/environments/v1.5/Manifest.toml`
  [42e2da0e] + Grisu v1.0.0
  [9b87118b] + PackageCompiler v1.2.5
  [992d4aef] + Showoff v0.3.2
  [2a0f44e3] + Base64
  [ade2ca70] + Dates
  [b77e0a4c] + InteractiveUtils
  [76f85450] + LibGit2
  [8f399da3] + Libdl
  [56ddb016] + Logging
  [d6f4376e] + Markdown
  [44cfe95a] + Pkg
  [de0858da] + Printf
  [3fa0cd96] + REPL
  [9a3f8284] + Random
  [ea8e919c] + SHA
  [9e88b42a] + Serialization
  [6462fe0b] + Sockets
  [cf7118a7] + UUIDs
  [4ec0a83e] + Unicode


################################################################################
# Compiling: 2021-01-11T19:49:45.097
#

[ Info: PackageCompiler: creating system image object file, this might take a while...
Generated system image is 147.311 MiB, compilation took 163 seconds


################################################################################
# PkgEval set-up: 2021-01-11T19:52:35.972
#

Julia Version 1.5.3
Commit 599f52c4c6 (2020-12-18 13:33 UTC)
Platform Info:
  OS: Linux (x86_64-linux-gnu)
  CPU: AMD EPYC 7502 32-Core Processor
  WORD_SIZE: 64
  LIBM: libopenlibm
  LLVM: libLLVM-9.0.1 (ORCJIT, znver2)
Environment:
  JULIA_PKGEVAL = true
  JULIA_PKG_PRECOMPILE_AUTO = 0

Base.julia_cmd() = `/usr/local/julia/bin/julia -Cnative -J/cache/Showoff-O5STAZrh.so -g1`


################################################################################
# Installation: 2021-01-11T19:52:37.783
#

 Installing known registries into `~/.julia`
#=#=#                                                                         ######################################################################## 100.0%
      Added registry `General` to `~/.julia/registries/General`
  Resolving package versions...
  Installed Showoff ─ v0.3.2
  Installed Grisu ─── v1.0.0
Updating `~/.julia/environments/v1.5/Project.toml`
  [992d4aef] + Showoff v0.3.2
Updating `~/.julia/environments/v1.5/Manifest.toml`
  [42e2da0e] + Grisu v1.0.0
  [992d4aef] + Showoff v0.3.2
  [ade2ca70] + Dates
  [de0858da] + Printf
  [4ec0a83e] + Unicode


################################################################################
# Testing: 2021-01-11T19:52:42.523
#

    Testing Showoff
Status `/tmp/jl_CzkLYb/Project.toml`
  [42e2da0e] Grisu v1.0.0
  [992d4aef] Showoff v0.3.2
  [ade2ca70] Dates
  [8dfed614] Test
Status `/tmp/jl_CzkLYb/Manifest.toml`
  [42e2da0e] Grisu v1.0.0
  [992d4aef] Showoff v0.3.2
  [2a0f44e3] Base64
  [ade2ca70] Dates
  [8ba89e20] Distributed
  [b77e0a4c] InteractiveUtils
  [56ddb016] Logging
  [d6f4376e] Markdown
  [de0858da] Printf
  [9a3f8284] Random
  [9e88b42a] Serialization
  [6462fe0b] Sockets
  [8dfed614] Test
  [4ec0a83e] Unicode
Test Summary: | Pass  Total
Internals     |    8      8
Test Summary: | Pass  Total
Formatting    |   12     12
Test Summary: | Pass  Total
Showoff       |   10     10
    Testing Showoff tests passed 

PkgEval succeeded


################################################################################
# PkgEval teardown: 2021-01-11T19:52:47.087
CPU usage: 11.13s (8.87s user, 2.30s kernel)

Network usage:
- eth0: 2.564 MiB received, 33.249 KiB sent

Raw statistics: {"blkio_stats":{"io_queue_recursive":[],"io_serviced_recursive":[{"major":259,"value":0,"op":"Read","minor":0},{"major":259,"value":19,"op":"Write","minor":0},{"major":259,"value":14,"op":"Sync","minor":0},{"major":259,"value":5,"op":"Async","minor":0},{"major":259,"value":0,"op":"Discard","minor":0},{"major":259,"value":19,"op":"Total","minor":0},{"major":253,"value":0,"op":"Read","minor":2},{"major":253,"value":19,"op":"Write","minor":2},{"major":253,"value":14,"op":"Sync","minor":2},{"major":253,"value":5,"op":"Async","minor":2},{"major":253,"value":0,"op":"Discard","minor":2},{"major":253,"value":19,"op":"Total","minor":2}],"io_time_recursive":[],"sectors_recursive":[],"io_service_bytes_recursive":[{"major":259,"value":0,"op":"Read","minor":0},{"major":259,"value":77824,"op":"Write","minor":0},{"major":259,"value":57344,"op":"Sync","minor":0},{"major":259,"value":20480,"op":"Async","minor":0},{"major":259,"value":0,"op":"Discard","minor":0},{"major":259,"value":77824,"op":"Total","minor":0},{"major":253,"value":0,"op":"Read","minor":2},{"major":253,"value":77824,"op":"Write","minor":2},{"major":253,"value":57344,"op":"Sync","minor":2},{"major":253,"value":20480,"op":"Async","minor":2},{"major":253,"value":0,"op":"Discard","minor":2},{"major":253,"value":77824,"op":"Total","minor":2}],"io_wait_time_recursive":[],"io_merged_recursive":[],"io_service_time_recursive":[]},"memory_stats":{"usage":293027840,"max_usage":444870656,"stats":{"hierarchical_memory_limit":9223372036854771712,"pgmajfault":0,"total_rss":184180736,"inactive_file":135168,"inactive_anon":78802944,"total_pgfault":219549,"total_cache":79413248,"total_rss_huge":0,"total_active_anon":184774656,"total_pgmajfault":0,"pgpgin":153516,"rss_huge":0,"mapped_file":0,"total_inactive_file":135168,"dirty":270336,"total_unevictable":0,"total_dirty":270336,"writeback":0,"pgpgout":89161,"hierarchical_memsw_limit":0,"cache":79413248,"active_file":135168,"pgfault":219549,"total_mapped_file":0,"total_pgpgout":89161,"total_writeback":0,"rss":184180736,"unevictable":0,"total_inactive_anon":78802944,"total_pgpgin":153516,"active_anon":184774656,"total_active_file":135168},"limit":540965302272},"name":"/Showoff-tvwPmxya","networks":{"eth0":{"rx_bytes":2688479,"rx_packets":336,"tx_packets":337,"tx_bytes":34047,"tx_dropped":0,"rx_dropped":1,"tx_errors":0,"rx_errors":0}},"id":"e9713ec5a0be6ca4532655c8e8f0608d4abdcccf21284b149694683dda8c526f","preread":"0001-01-01T00:00:00Z","storage_stats":{},"precpu_stats":{"throttling_data":{"throttled_periods":0,"throttled_time":0,"periods":0},"cpu_usage":{"usage_in_usermode":0,"usage_in_kernelmode":0,"total_usage":0}},"pids_stats":{"current":44},"num_procs":0,"cpu_stats":{"throttling_data":{"throttled_periods":0,"throttled_time":0,"periods":0},"system_cpu_usage":5223892454522419,"online_cpus":128,"cpu_usage":{"usage_in_usermode":8870000000,"usage_in_kernelmode":2300000000,"total_usage":11128678313,"percpu_usage":[0,0,0,0,0,0,0,0,0,0,0,0,0,0,0,0,0,0,0,0,0,0,11128661953,0,0,0,0,0,0,0,0,0,0,0,0,0,0,0,0,0,0,0,0,0,0,0,0,0,0,0,0,0,0,0,0,0,0,0,0,0,0,0,0,0,0,0,0,0,0,0,0,0,0,0,0,0,0,0,0,0,0,0,0,0,16360,0,0,0,0,0,0,0,0,0,0,0,0,0,0,0,0,0,0,0,0,0,0,0,0,0,0,0,0,0,0,0,0,0,0,0,0,0,0,0,0,0,0,0]}},"read":"2021-01-11T19:52:47.090113411Z"}