################################################################################
# PackageCompiler set-up: 2021-01-11T23:52:59.404
#

Julia Version 1.5.3
Commit 599f52c4c6 (2020-12-18 13:33 UTC)
Platform Info:
  OS: Linux (x86_64-linux-gnu)
  CPU: AMD EPYC 7502 32-Core Processor
  WORD_SIZE: 64
  LIBM: libopenlibm
  LLVM: libLLVM-9.0.1 (ORCJIT, znver2)
Environment:
  JULIA_PKGEVAL = true
  JULIA_PKG_PRECOMPILE_AUTO = 0



################################################################################
# Installation: 2021-01-11T23:53:01.167
#

 Installing known registries into `~/.julia`
######################################################################## 100.0%
      Added registry `General` to `~/.julia/registries/General`
  Resolving package versions...
  Installed CompilerSupportLibraries_jll ─ v0.3.4+0
  Installed Zlib_jll ───────────────────── v1.2.11+18
  Installed Reexport ───────────────────── v1.0.0
  Installed Rmath_jll ──────────────────── v0.2.2+1
  Installed PaddedViews ────────────────── v0.5.7
  Installed SignalAnalysis ─────────────── v0.4.0
  Installed TimeZones ──────────────────── v1.5.3
  Installed PackageCompiler ────────────── v1.2.5
  Installed Mocking ────────────────────── v0.7.1
  Installed Rmath ──────────────────────── v0.6.1
  Installed FFTW ───────────────────────── v1.3.1
  Installed SignalBase ─────────────────── v0.1.1
  Installed StatsBase ──────────────────── v0.33.2
  Installed MKL_jll ────────────────────── v2020.2.254+0
  Installed DataStructures ─────────────── v0.18.8
  Installed FillArrays ─────────────────── v0.9.7
  Installed Polynomials ────────────────── v1.2.0
  Installed Libiconv_jll ───────────────── v1.16.0+7
  Installed DataAPI ────────────────────── v1.4.0
  Installed QuadGK ─────────────────────── v2.4.1
  Installed Requires ───────────────────── v1.1.2
  Installed EzXML ──────────────────────── v1.1.0
  Installed FFTW_jll ───────────────────── v3.3.9+7
  Installed FileIO ─────────────────────── v1.4.5
  Installed IterTools ──────────────────── v1.3.0
  Installed ConstructionBase ───────────── v1.0.0
  Installed StaticArrays ───────────────── v0.12.5
  Installed DSP ────────────────────────── v0.6.10
  Installed XML2_jll ───────────────────── v2.9.10+3
  Installed IntelOpenMP_jll ────────────── v2018.0.3+0
  Installed Missings ───────────────────── v0.4.4
  Installed OrderedCollections ─────────── v1.3.2
  Installed Intervals ──────────────────── v1.5.0
  Installed RecipesBase ────────────────── v1.1.1
  Installed AbstractFFTs ───────────────── v1.0.0
  Installed JLLWrappers ────────────────── v1.2.0
  Installed PDMats ─────────────────────── v0.10.1
  Installed StatsFuns ──────────────────── v0.9.6
  Installed Adapt ──────────────────────── v2.4.0
  Installed Distributions ──────────────── v0.23.12
  Installed OffsetArrays ───────────────── v1.5.0
  Installed Unitful ────────────────────── v0.18.0
  Installed ExprTools ──────────────────── v0.1.3
  Installed SpecialFunctions ───────────── v0.10.3
  Installed SortingAlgorithms ──────────── v0.3.1
  Installed DocStringExtensions ────────── v0.8.3
  Installed Compat ─────────────────────── v3.25.0
  Installed MetaArrays ─────────────────── v0.2.9
  Installed OpenSpecFun_jll ────────────── v0.5.3+4
  Installed WAV ────────────────────────── v1.1.0
  Installed Artifacts ──────────────────── v1.3.0
Updating `~/.julia/environments/v1.5/Project.toml`
  [9b87118b] + PackageCompiler v1.2.5
  [df1fea92] + SignalAnalysis v0.4.0
Updating `~/.julia/environments/v1.5/Manifest.toml`
  [621f4979] + AbstractFFTs v1.0.0
  [79e6a3ab] + Adapt v2.4.0
  [56f22d72] + Artifacts v1.3.0
  [34da2185] + Compat v3.25.0
  [e66e0078] + CompilerSupportLibraries_jll v0.3.4+0
  [187b0558] + ConstructionBase v1.0.0
  [717857b8] + DSP v0.6.10
  [9a962f9c] + DataAPI v1.4.0
  [864edb3b] + DataStructures v0.18.8
  [31c24e10] + Distributions v0.23.12
  [ffbed154] + DocStringExtensions v0.8.3
  [e2ba6199] + ExprTools v0.1.3
  [8f5d6c58] + EzXML v1.1.0
  [7a1cc6ca] + FFTW v1.3.1
  [f5851436] + FFTW_jll v3.3.9+7
  [5789e2e9] + FileIO v1.4.5
  [1a297f60] + FillArrays v0.9.7
  [1d5cc7b8] + IntelOpenMP_jll v2018.0.3+0
  [d8418881] + Intervals v1.5.0
  [c8e1da08] + IterTools v1.3.0
  [692b3bcd] + JLLWrappers v1.2.0
  [94ce4f54] + Libiconv_jll v1.16.0+7
  [856f044c] + MKL_jll v2020.2.254+0
  [36b8f3f0] + MetaArrays v0.2.9
  [e1d29d7a] + Missings v0.4.4
  [78c3b35d] + Mocking v0.7.1
  [6fe1bfb0] + OffsetArrays v1.5.0
  [efe28fd5] + OpenSpecFun_jll v0.5.3+4
  [bac558e1] + OrderedCollections v1.3.2
  [90014a1f] + PDMats v0.10.1
  [9b87118b] + PackageCompiler v1.2.5
  [5432bcbf] + PaddedViews v0.5.7
  [f27b6e38] + Polynomials v1.2.0
  [1fd47b50] + QuadGK v2.4.1
  [3cdcf5f2] + RecipesBase v1.1.1
  [189a3867] + Reexport v1.0.0
  [ae029012] + Requires v1.1.2
  [79098fc4] + Rmath v0.6.1
  [f50d1b31] + Rmath_jll v0.2.2+1
  [df1fea92] + SignalAnalysis v0.4.0
  [00c44e92] + SignalBase v0.1.1
  [a2af1166] + SortingAlgorithms v0.3.1
  [276daf66] + SpecialFunctions v0.10.3
  [90137ffa] + StaticArrays v0.12.5
  [2913bbd2] + StatsBase v0.33.2
  [4c63d2b9] + StatsFuns v0.9.6
  [f269a46b] + TimeZones v1.5.3
  [1986cc42] + Unitful v0.18.0
  [8149f6b0] + WAV v1.1.0
  [02c8fc9c] + XML2_jll v2.9.10+3
  [83775a58] + Zlib_jll v1.2.11+18
  [2a0f44e3] + Base64
  [ade2ca70] + Dates
  [8bb1440f] + DelimitedFiles
  [8ba89e20] + Distributed
  [b77e0a4c] + InteractiveUtils
  [76f85450] + LibGit2
  [8f399da3] + Libdl
  [37e2e46d] + LinearAlgebra
  [56ddb016] + Logging
  [d6f4376e] + Markdown
  [a63ad114] + Mmap
  [44cfe95a] + Pkg
  [de0858da] + Printf
  [3fa0cd96] + REPL
  [9a3f8284] + Random
  [ea8e919c] + SHA
  [9e88b42a] + Serialization
  [1a1011a3] + SharedArrays
  [6462fe0b] + Sockets
  [2f01184e] + SparseArrays
  [10745b16] + Statistics
  [4607b0f0] + SuiteSparse
  [8dfed614] + Test
  [cf7118a7] + UUIDs
  [4ec0a83e] + Unicode
   Building TimeZones → `~/.julia/packages/TimeZones/K98G0/deps/build.log`
   Building FFTW ─────→ `~/.julia/packages/FFTW/eADNB/deps/build.log`


################################################################################
# Compiling: 2021-01-11T23:53:20.188
#

[ Info: PackageCompiler: creating system image object file, this might take a while...
Generated system image is 188.670 MiB, compilation took 278 seconds


################################################################################
# PkgEval set-up: 2021-01-11T23:58:06.387
#

Julia Version 1.5.3
Commit 599f52c4c6 (2020-12-18 13:33 UTC)
Platform Info:
  OS: Linux (x86_64-linux-gnu)
  CPU: AMD EPYC 7502 32-Core Processor
  WORD_SIZE: 64
  LIBM: libopenlibm
  LLVM: libLLVM-9.0.1 (ORCJIT, znver2)
Environment:
  JULIA_PKGEVAL = true
  JULIA_PKG_PRECOMPILE_AUTO = 0

Base.julia_cmd() = `/usr/local/julia/bin/julia -Cnative -J/cache/SignalAnalysis-3QprPAia.so -g1`


################################################################################
# Installation: 2021-01-11T23:58:07.986
#

 Installing known registries into `~/.julia`
######################################################################## 100.0%
      Added registry `General` to `~/.julia/registries/General`
  Resolving package versions...
  Installed SignalAnalysis ─────────────── v0.4.0
  Installed CompilerSupportLibraries_jll ─ v0.3.4+0
  Installed Zlib_jll ───────────────────── v1.2.11+18
  Installed Reexport ───────────────────── v1.0.0
  Installed Rmath_jll ──────────────────── v0.2.2+1
  Installed PaddedViews ────────────────── v0.5.7
  Installed Rmath ──────────────────────── v0.6.1
  Installed TimeZones ──────────────────── v1.5.3
  Installed FFTW ───────────────────────── v1.3.1
  Installed Mocking ────────────────────── v0.7.1
  Installed SignalBase ─────────────────── v0.1.1
  Installed MKL_jll ────────────────────── v2020.2.254+0
  Installed StatsBase ──────────────────── v0.33.2
  Installed FillArrays ─────────────────── v0.9.7
  Installed DataStructures ─────────────── v0.18.8
  Installed Polynomials ────────────────── v1.2.0
  Installed Requires ───────────────────── v1.1.2
  Installed Libiconv_jll ───────────────── v1.16.0+7
  Installed QuadGK ─────────────────────── v2.4.1
  Installed DataAPI ────────────────────── v1.4.0
  Installed EzXML ──────────────────────── v1.1.0
  Installed FFTW_jll ───────────────────── v3.3.9+7
  Installed ConstructionBase ───────────── v1.0.0
  Installed IterTools ──────────────────── v1.3.0
  Installed FileIO ─────────────────────── v1.4.5
  Installed OrderedCollections ─────────── v1.3.2
  Installed DSP ────────────────────────── v0.6.10
  Installed StaticArrays ───────────────── v0.12.5
  Installed XML2_jll ───────────────────── v2.9.10+3
  Installed Intervals ──────────────────── v1.5.0
  Installed IntelOpenMP_jll ────────────── v2018.0.3+0
  Installed Missings ───────────────────── v0.4.4
  Installed PDMats ─────────────────────── v0.10.1
  Installed RecipesBase ────────────────── v1.1.1
  Installed AbstractFFTs ───────────────── v1.0.0
  Installed StatsFuns ──────────────────── v0.9.6
  Installed Adapt ──────────────────────── v2.4.0
  Installed JLLWrappers ────────────────── v1.2.0
  Installed Distributions ──────────────── v0.23.12
  Installed OffsetArrays ───────────────── v1.5.0
  Installed SortingAlgorithms ──────────── v0.3.1
  Installed Unitful ────────────────────── v0.18.0
  Installed ExprTools ──────────────────── v0.1.3
  Installed SpecialFunctions ───────────── v0.10.3
  Installed Compat ─────────────────────── v3.25.0
  Installed MetaArrays ─────────────────── v0.2.9
  Installed DocStringExtensions ────────── v0.8.3
  Installed OpenSpecFun_jll ────────────── v0.5.3+4
  Installed Artifacts ──────────────────── v1.3.0
  Installed WAV ────────────────────────── v1.1.0
Updating `~/.julia/environments/v1.5/Project.toml`
  [df1fea92] + SignalAnalysis v0.4.0
Updating `~/.julia/environments/v1.5/Manifest.toml`
  [621f4979] + AbstractFFTs v1.0.0
  [79e6a3ab] + Adapt v2.4.0
  [56f22d72] + Artifacts v1.3.0
  [34da2185] + Compat v3.25.0
  [e66e0078] + CompilerSupportLibraries_jll v0.3.4+0
  [187b0558] + ConstructionBase v1.0.0
  [717857b8] + DSP v0.6.10
  [9a962f9c] + DataAPI v1.4.0
  [864edb3b] + DataStructures v0.18.8
  [31c24e10] + Distributions v0.23.12
  [ffbed154] + DocStringExtensions v0.8.3
  [e2ba6199] + ExprTools v0.1.3
  [8f5d6c58] + EzXML v1.1.0
  [7a1cc6ca] + FFTW v1.3.1
  [f5851436] + FFTW_jll v3.3.9+7
  [5789e2e9] + FileIO v1.4.5
  [1a297f60] + FillArrays v0.9.7
  [1d5cc7b8] + IntelOpenMP_jll v2018.0.3+0
  [d8418881] + Intervals v1.5.0
  [c8e1da08] + IterTools v1.3.0
  [692b3bcd] + JLLWrappers v1.2.0
  [94ce4f54] + Libiconv_jll v1.16.0+7
  [856f044c] + MKL_jll v2020.2.254+0
  [36b8f3f0] + MetaArrays v0.2.9
  [e1d29d7a] + Missings v0.4.4
  [78c3b35d] + Mocking v0.7.1
  [6fe1bfb0] + OffsetArrays v1.5.0
  [efe28fd5] + OpenSpecFun_jll v0.5.3+4
  [bac558e1] + OrderedCollections v1.3.2
  [90014a1f] + PDMats v0.10.1
  [5432bcbf] + PaddedViews v0.5.7
  [f27b6e38] + Polynomials v1.2.0
  [1fd47b50] + QuadGK v2.4.1
  [3cdcf5f2] + RecipesBase v1.1.1
  [189a3867] + Reexport v1.0.0
  [ae029012] + Requires v1.1.2
  [79098fc4] + Rmath v0.6.1
  [f50d1b31] + Rmath_jll v0.2.2+1
  [df1fea92] + SignalAnalysis v0.4.0
  [00c44e92] + SignalBase v0.1.1
  [a2af1166] + SortingAlgorithms v0.3.1
  [276daf66] + SpecialFunctions v0.10.3
  [90137ffa] + StaticArrays v0.12.5
  [2913bbd2] + StatsBase v0.33.2
  [4c63d2b9] + StatsFuns v0.9.6
  [f269a46b] + TimeZones v1.5.3
  [1986cc42] + Unitful v0.18.0
  [8149f6b0] + WAV v1.1.0
  [02c8fc9c] + XML2_jll v2.9.10+3
  [83775a58] + Zlib_jll v1.2.11+18
  [2a0f44e3] + Base64
  [ade2ca70] + Dates
  [8bb1440f] + DelimitedFiles
  [8ba89e20] + Distributed
  [b77e0a4c] + InteractiveUtils
  [76f85450] + LibGit2
  [8f399da3] + Libdl
  [37e2e46d] + LinearAlgebra
  [56ddb016] + Logging
  [d6f4376e] + Markdown
  [a63ad114] + Mmap
  [44cfe95a] + Pkg
  [de0858da] + Printf
  [3fa0cd96] + REPL
  [9a3f8284] + Random
  [ea8e919c] + SHA
  [9e88b42a] + Serialization
  [1a1011a3] + SharedArrays
  [6462fe0b] + Sockets
  [2f01184e] + SparseArrays
  [10745b16] + Statistics
  [4607b0f0] + SuiteSparse
  [8dfed614] + Test
  [cf7118a7] + UUIDs
  [4ec0a83e] + Unicode
   Building TimeZones → `~/.julia/packages/TimeZones/K98G0/deps/build.log`
┌ Error: Error building `TimeZones`: 
│ ERROR: LoadError: IOError: mkdir: permission denied (EACCES)
│ Stacktrace:
│  [1] uv_error at ./libuv.jl:97 [inlined]
│  [2] mkdir(::String; mode::UInt16) at ./file.jl:177
│  [3] mkpath(::String; mode::UInt16) at ./file.jl:227
│  [4] mkpath(::String; mode::UInt16) at ./file.jl:225 (repeats 6 times)
│  [5] mkpath at ./file.jl:222 [inlined]
│  [6] build(::String) at /home/pkgeval/.julia/packages/TimeZones/K98G0/src/tzdata/build.jl:105
│  [7] build(::String; force::Bool) at /home/pkgeval/.julia/packages/TimeZones/K98G0/src/build.jl:11
│  [8] build at /home/pkgeval/.julia/packages/TimeZones/K98G0/src/build.jl:11 [inlined] (repeats 2 times)
│  [9] top-level scope at /home/user/.julia/packages/TimeZones/K98G0/deps/build.jl:3
│  [10] include(::String) at ./client.jl:457
│  [11] top-level scope at none:5
│ in expression starting at /home/user/.julia/packages/TimeZones/K98G0/deps/build.jl:3
└ @ Pkg.Operations /workspace/srcdir/usr/share/julia/stdlib/v1.5/Pkg/src/Operations.jl:949
   Building FFTW ─────→ `~/.julia/packages/FFTW/eADNB/deps/build.log`


################################################################################
# Testing: 2021-01-11T23:58:21.201
#

    Testing SignalAnalysis
Status `/tmp/jl_9bZ8pb/Project.toml`
  [717857b8] DSP v0.6.10
  [d14badfc] InteractiveViz v0.1.3
  [91a5bcdd] Plots v1.10.1
  [df1fea92] SignalAnalysis v0.4.0
  [37e2e46d] LinearAlgebra
  [10745b16] Statistics
  [8dfed614] Test
Status `/tmp/jl_9bZ8pb/Manifest.toml`
  [621f4979] AbstractFFTs v1.0.0
  [537997a7] AbstractPlotting v0.12.18
  [79e6a3ab] Adapt v2.4.0
  [27a7e980] Animations v0.4.1
  [56f22d72] Artifacts v1.3.0
  [13072b0f] AxisAlgorithms v1.0.0
  [6e34b625] Bzip2_jll v1.0.6+5
  [fa961155] CEnum v0.4.1
  [83423d85] Cairo_jll v1.16.0+6
  [a2cac450] ColorBrewer v0.4.0
  [35d6a980] ColorSchemes v3.10.2
  [3da002f7] ColorTypes v0.10.9
  [c3611d14] ColorVectorSpace v0.8.7
  [5ae59095] Colors v0.12.6
  [34da2185] Compat v3.25.0
  [e66e0078] CompilerSupportLibraries_jll v0.3.4+0
  [187b0558] ConstructionBase v1.0.0
  [d38c429a] Contour v0.5.7
  [717857b8] DSP v0.6.10
  [9a962f9c] DataAPI v1.4.0
  [864edb3b] DataStructures v0.18.8
  [e2d170a0] DataValueInterfaces v1.0.0
  [31c24e10] Distributions v0.23.12
  [ffbed154] DocStringExtensions v0.8.3
  [5ae413db] EarCut_jll v2.1.5+1
  [da5c29d0] EllipsisNotation v1.0.0
  [2e619515] Expat_jll v2.2.7+6
  [e2ba6199] ExprTools v0.1.3
  [8f5d6c58] EzXML v1.1.0
  [c87230d0] FFMPEG v0.4.0
  [b22a6f82] FFMPEG_jll v4.3.1+4
  [7a1cc6ca] FFTW v1.3.1
  [f5851436] FFTW_jll v3.3.9+7
  [5789e2e9] FileIO v1.4.5
  [1a297f60] FillArrays v0.9.7
  [53c48c17] FixedPointNumbers v0.8.4
  [a3f928ae] Fontconfig_jll v2.13.1+14
  [59287772] Formatting v0.4.2
  [b38be410] FreeType v3.0.1
  [d7e528f0] FreeType2_jll v2.10.1+5
  [663a7486] FreeTypeAbstraction v0.8.4
  [559328eb] FriBidi_jll v1.0.5+6
  [0656b61e] GLFW_jll v3.3.2+1
  [28b8d3ca] GR v0.53.0
  [d2c73de3] GR_jll v0.53.0+0
  [5c1252a2] GeometryBasics v0.3.5
  [78b55507] Gettext_jll v0.20.1+7
  [7746bdde] Glib_jll v2.59.0+4
  [a2bd30eb] Graphics v1.0.2
  [3955a311] GridLayoutBase v0.4.1
  [42e2da0e] Grisu v1.0.0
  [cd3eb016] HTTP v0.8.19
  [a09fc81d] ImageCore v0.8.20
  [82e4d734] ImageIO v0.3.1
  [9b13fd28] IndirectArrays v0.5.1
  [83e8ac13] IniFile v0.5.0
  [1d5cc7b8] IntelOpenMP_jll v2018.0.3+0
  [d14badfc] InteractiveViz v0.1.3
  [a98d9a8b] Interpolations v0.13.1
  [8197267c] IntervalSets v0.5.2
  [d8418881] Intervals v1.5.0
  [c8e1da08] IterTools v1.3.0
  [82899510] IteratorInterfaceExtensions v1.0.0
  [692b3bcd] JLLWrappers v1.2.0
  [682c06a0] JSON v0.21.1
  [aacddb02] JpegTurbo_jll v2.0.1+3
  [5ab0869b] KernelDensity v0.6.2
  [c1c5ebd0] LAME_jll v3.100.0+3
  [dd4b983a] LZO_jll v2.10.0+3
  [b964fa9f] LaTeXStrings v1.2.0
  [23fbe1c1] Latexify v0.14.7
  [dd192d2f] LibVPX_jll v1.9.0+1
  [e9f186c6] Libffi_jll v3.2.1+4
  [d4300ac3] Libgcrypt_jll v1.8.5+4
  [7e76a0d4] Libglvnd_jll v1.3.0+3
  [7add5ba3] Libgpg_error_jll v1.36.0+3
  [94ce4f54] Libiconv_jll v1.16.0+7
  [4b2f31a3] Libmount_jll v2.34.0+3
  [89763e89] Libtiff_jll v4.1.0+2
  [38a345b3] Libuuid_jll v2.34.0+7
  [856f044c] MKL_jll v2020.2.254+0
  [1914dd2f] MacroTools v0.5.6
  [dbb5928d] MappedArrays v0.3.0
  [7eb4fadd] Match v1.1.0
  [739be429] MbedTLS v1.0.3
  [c8ffd9c3] MbedTLS_jll v2.16.8+1
  [442fdcdd] Measures v0.3.1
  [36b8f3f0] MetaArrays v0.2.9
  [e1d29d7a] Missings v0.4.4
  [78c3b35d] Mocking v0.7.1
  [e94cdb99] MosaicViews v0.2.4
  [77ba4419] NaNMath v0.3.5
  [510215fc] Observables v0.3.3
  [6fe1bfb0] OffsetArrays v1.5.0
  [e7412a2a] Ogg_jll v1.3.4+2
  [458c3c95] OpenSSL_jll v1.1.1+6
  [efe28fd5] OpenSpecFun_jll v0.5.3+4
  [91d4177d] Opus_jll v1.3.1+3
  [bac558e1] OrderedCollections v1.3.2
  [2f80f16e] PCRE_jll v8.42.0+4
  [90014a1f] PDMats v0.10.1
  [f57f5aa1] PNGFiles v0.3.5
  [19eb6ba3] Packing v0.4.1
  [5432bcbf] PaddedViews v0.5.7
  [69de0a69] Parsers v1.0.15
  [30392449] Pixman_jll v0.40.0+0
  [ccf2f8ad] PlotThemes v2.0.0
  [995b91a9] PlotUtils v1.0.10
  [91a5bcdd] Plots v1.10.1
  [f27b6e38] Polynomials v1.2.0
  [ede63266] Qt_jll v5.15.2+1
  [1fd47b50] QuadGK v2.4.1
  [c84ed2f1] Ratios v0.4.0
  [3cdcf5f2] RecipesBase v1.1.1
  [01d81517] RecipesPipeline v0.2.1
  [189a3867] Reexport v1.0.0
  [ae029012] Requires v1.1.2
  [79098fc4] Rmath v0.6.1
  [f50d1b31] Rmath_jll v0.2.2+1
  [6c6a2e73] Scratch v1.0.3
  [992d4aef] Showoff v0.3.2
  [df1fea92] SignalAnalysis v0.4.0
  [00c44e92] SignalBase v0.1.1
  [73760f76] SignedDistanceFields v0.4.0
  [a2af1166] SortingAlgorithms v0.3.1
  [276daf66] SpecialFunctions v0.10.3
  [90137ffa] StaticArrays v0.12.5
  [2913bbd2] StatsBase v0.33.2
  [4c63d2b9] StatsFuns v0.9.6
  [09ab397b] StructArrays v0.4.4
  [3783bdb8] TableTraits v1.0.0
  [bd369af6] Tables v1.2.2
  [f269a46b] TimeZones v1.5.3
  [1cfade01] UnicodeFun v0.4.1
  [1986cc42] Unitful v0.18.0
  [8149f6b0] WAV v1.1.0
  [a2964d1f] Wayland_jll v1.17.0+4
  [2381bf8a] Wayland_protocols_jll v1.18.0+4
  [efce3f68] WoodburyMatrices v0.5.3
  [02c8fc9c] XML2_jll v2.9.10+3
  [aed1982a] XSLT_jll v1.1.33+4
  [4f6342f7] Xorg_libX11_jll v1.6.9+4
  [0c0b7dd1] Xorg_libXau_jll v1.0.9+4
  [935fb764] Xorg_libXcursor_jll v1.2.0+4
  [a3789734] Xorg_libXdmcp_jll v1.1.3+4
  [1082639a] Xorg_libXext_jll v1.3.4+4
  [d091e8ba] Xorg_libXfixes_jll v5.0.3+4
  [a51aa0fd] Xorg_libXi_jll v1.7.10+4
  [d1454406] Xorg_libXinerama_jll v1.1.4+4
  [ec84b674] Xorg_libXrandr_jll v1.5.2+4
  [ea2f1a96] Xorg_libXrender_jll v0.9.10+4
  [14d82f49] Xorg_libpthread_stubs_jll v0.1.0+3
  [c7cfdc94] Xorg_libxcb_jll v1.13.0+3
  [cc61e674] Xorg_libxkbfile_jll v1.1.0+4
  [12413925] Xorg_xcb_util_image_jll v0.4.0+1
  [2def613f] Xorg_xcb_util_jll v0.4.0+1
  [975044d2] Xorg_xcb_util_keysyms_jll v0.4.0+1
  [0d47668e] Xorg_xcb_util_renderutil_jll v0.3.9+1
  [c22f9ab0] Xorg_xcb_util_wm_jll v0.4.1+1
  [35661453] Xorg_xkbcomp_jll v1.4.2+4
  [33bec58e] Xorg_xkeyboard_config_jll v2.27.0+4
  [c5fb5394] Xorg_xtrans_jll v1.4.0+3
  [83775a58] Zlib_jll v1.2.11+18
  [3161d3a3] Zstd_jll v1.4.5+2
  [0ac62f75] libass_jll v0.14.0+4
  [f638f0a6] libfdk_aac_jll v0.1.6+4
  [b53b4c65] libpng_jll v1.6.37+6
  [f27f6e37] libvorbis_jll v1.3.6+6
  [1270edf5] x264_jll v2020.7.14+2
  [dfaa095f] x265_jll v3.0.0+3
  [d8fb68d0] xkbcommon_jll v0.9.1+5
  [2a0f44e3] Base64
  [ade2ca70] Dates
  [8bb1440f] DelimitedFiles
  [8ba89e20] Distributed
  [b77e0a4c] InteractiveUtils
  [76f85450] LibGit2
  [8f399da3] Libdl
  [37e2e46d] LinearAlgebra
  [56ddb016] Logging
  [d6f4376e] Markdown
  [a63ad114] Mmap
  [44cfe95a] Pkg
  [de0858da] Printf
  [3fa0cd96] REPL
  [9a3f8284] Random
  [ea8e919c] SHA
  [9e88b42a] Serialization
  [1a1011a3] SharedArrays
  [6462fe0b] Sockets
  [2f01184e] SparseArrays
  [10745b16] Statistics
  [4607b0f0] SuiteSparse
  [8dfed614] Test
  [cf7118a7] UUIDs
  [4ec0a83e] Unicode
Test Summary: | Pass  Total
signals       |   97     97
Test Summary: | Pass  Total
generate      |   73     73
Test Summary: | Pass  Total
basic         |   25     25
Test Summary: | Pass  Total
dsp           |  164    164
Test Summary: | Pass  Total
rand          |    8      8
┌ Warning: Attribute alias `zlabel` detected in the user recipe defined for the signature (::StepRangeLen{Float64,Float64,Float64}, ::Array{Complex{Float64},2}). To ensure expected behavior it is recommended to use the default attribute `zguide`.
└ @ Plots ~/.julia/packages/Plots/lmp2A/src/pipeline.jl:15
┌ Warning: Attribute alias `ylabel` detected in the user recipe defined for the signature (::StepRangeLen{Float64,Float64,Float64}, ::Array{Complex{Float64},2}). To ensure expected behavior it is recommended to use the default attribute `yguide`.
└ @ Plots ~/.julia/packages/Plots/lmp2A/src/pipeline.jl:15
┌ Warning: Attribute alias `zlabel` detected in the user recipe defined for the signature (::StepRangeLen{Float64,Float64,Float64}, ::Array{Complex{Float64},2}). To ensure expected behavior it is recommended to use the default attribute `zguide`.
└ @ Plots ~/.julia/packages/Plots/lmp2A/src/pipeline.jl:15
┌ Warning: Attribute alias `ylabel` detected in the user recipe defined for the signature (::StepRangeLen{Float64,Float64,Float64}, ::Array{Complex{Float64},2}). To ensure expected behavior it is recommended to use the default attribute `yguide`.
└ @ Plots ~/.julia/packages/Plots/lmp2A/src/pipeline.jl:15
┌ Warning: Plotting only real part of complex signal
└ @ SignalAnalysis iplot.jl:14
Scene (1024px, 768px):
  0 Plots
  0 Child Scenes┌ Warning: Printing Scene as text because no backend is available (GLMakie, CairoMakie, WGLMakie).
│ Maybe you imported GLMakie but it didn't build correctly.
│ In that case, try `]build GLMakie` and watch out for any warnings.
└ @ AbstractPlotting ~/.julia/packages/AbstractPlotting/JCbJs/src/display.jl:110
Scene (1024px, 768px):
  0 Plots
  0 Child Scenes┌ Warning: Printing Scene as text because no backend is available (GLMakie, CairoMakie, WGLMakie).
│ Maybe you imported GLMakie but it didn't build correctly.
│ In that case, try `]build GLMakie` and watch out for any warnings.
└ @ AbstractPlotting ~/.julia/packages/AbstractPlotting/JCbJs/src/display.jl:110
┌ Warning: Plotting only real part of complex signal
└ @ SignalAnalysis iplot.jl:14
Scene (1024px, 768px):
  0 Plots
  0 Child Scenes┌ Warning: Printing Scene as text because no backend is available (GLMakie, CairoMakie, WGLMakie).
│ Maybe you imported GLMakie but it didn't build correctly.
│ In that case, try `]build GLMakie` and watch out for any warnings.
└ @ AbstractPlotting ~/.julia/packages/AbstractPlotting/JCbJs/src/display.jl:110
┌ Warning: Using only real part of complex signal
└ @ SignalAnalysis iplot.jl:49
┌ Warning: Printing Scene as text because no backend is available (GLMakie, CairoMakie, WGLMakie).
│ Maybe you imported GLMakie but it didn't build correctly.
│ In that case, try `]build GLMakie` and watch out for any warnings.
└ @ AbstractPlotting ~/.julia/packages/AbstractPlotting/JCbJs/src/display.jl:110
Scene (1024px, 768px):
  0 Plots
  0 Child ScenesScene (1024px, 768px):
  0 Plots
  0 Child Scenes┌ Warning: Printing Scene as text because no backend is available (GLMakie, CairoMakie, WGLMakie).
│ Maybe you imported GLMakie but it didn't build correctly.
│ In that case, try `]build GLMakie` and watch out for any warnings.
└ @ AbstractPlotting ~/.julia/packages/AbstractPlotting/JCbJs/src/display.jl:110
┌ Warning: Printing Scene as text because no backend is available (GLMakie, CairoMakie, WGLMakie).
│ Maybe you imported GLMakie but it didn't build correctly.
│ In that case, try `]build GLMakie` and watch out for any warnings.
└ @ AbstractPlotting ~/.julia/packages/AbstractPlotting/JCbJs/src/display.jl:110
Scene (1024px, 768px):
  0 Plots
  0 Child Scenes┌ Warning: Printing Scene as text because no backend is available (GLMakie, CairoMakie, WGLMakie).
│ Maybe you imported GLMakie but it didn't build correctly.
│ In that case, try `]build GLMakie` and watch out for any warnings.
└ @ AbstractPlotting ~/.julia/packages/AbstractPlotting/JCbJs/src/display.jl:110
Scene (1024px, 768px):
  0 Plots
  0 Child ScenesScene (1024px, 768px):
  0 Plots
  0 Child Scenes┌ Warning: Printing Scene as text because no backend is available (GLMakie, CairoMakie, WGLMakie).
│ Maybe you imported GLMakie but it didn't build correctly.
│ In that case, try `]build GLMakie` and watch out for any warnings.
└ @ AbstractPlotting ~/.julia/packages/AbstractPlotting/JCbJs/src/display.jl:110
Test Summary: | Pass  Total
plots         |   27     27
Test Summary: | Pass  Total
array         |   28     28
Test Summary: | Pass  Total
tfa           |   24     24
    Testing SignalAnalysis tests passed 

PkgEval succeeded


################################################################################
# PkgEval teardown: 2021-01-12T00:04:13.028
CPU usage: 364.72s (346.64s user, 18.52s kernel)

Network usage:
- eth0: 78.117 MiB received, 1.466 MiB sent

Raw statistics: {"blkio_stats":{"io_queue_recursive":[],"io_serviced_recursive":[{"major":259,"value":41,"op":"Read","minor":0},{"major":259,"value":31,"op":"Write","minor":0},{"major":259,"value":55,"op":"Sync","minor":0},{"major":259,"value":17,"op":"Async","minor":0},{"major":259,"value":0,"op":"Discard","minor":0},{"major":259,"value":72,"op":"Total","minor":0},{"major":253,"value":41,"op":"Read","minor":2},{"major":253,"value":31,"op":"Write","minor":2},{"major":253,"value":55,"op":"Sync","minor":2},{"major":253,"value":17,"op":"Async","minor":2},{"major":253,"value":0,"op":"Discard","minor":2},{"major":253,"value":72,"op":"Total","minor":2}],"io_time_recursive":[],"sectors_recursive":[],"io_service_bytes_recursive":[{"major":259,"value":512000,"op":"Read","minor":0},{"major":259,"value":204800,"op":"Write","minor":0},{"major":259,"value":569344,"op":"Sync","minor":0},{"major":259,"value":147456,"op":"Async","minor":0},{"major":259,"value":0,"op":"Discard","minor":0},{"major":259,"value":716800,"op":"Total","minor":0},{"major":253,"value":512000,"op":"Read","minor":2},{"major":253,"value":204800,"op":"Write","minor":2},{"major":253,"value":569344,"op":"Sync","minor":2},{"major":253,"value":147456,"op":"Async","minor":2},{"major":253,"value":0,"op":"Discard","minor":2},{"major":253,"value":716800,"op":"Total","minor":2}],"io_wait_time_recursive":[],"io_merged_recursive":[],"io_service_time_recursive":[]},"memory_stats":{"usage":593285120,"max_usage":1961623552,"stats":{"hierarchical_memory_limit":9223372036854771712,"pgmajfault":0,"total_rss":262815744,"inactive_file":135168,"inactive_anon":223027200,"total_pgfault":8360748,"total_cache":293380096,"total_rss_huge":0,"total_active_anon":329269248,"total_pgmajfault":0,"pgpgin":5372631,"rss_huge":0,"mapped_file":0,"total_inactive_file":135168,"dirty":1081344,"total_unevictable":0,"total_dirty":1081344,"writeback":0,"pgpgout":5236828,"hierarchical_memsw_limit":0,"cache":293380096,"active_file":4055040,"pgfault":8360748,"total_mapped_file":0,"total_pgpgout":5236828,"total_writeback":0,"rss":262815744,"unevictable":0,"total_inactive_anon":223027200,"total_pgpgin":5372631,"active_anon":329269248,"total_active_file":4055040},"limit":540965302272},"name":"/SignalAnalysis-o3jOwmqM","networks":{"eth0":{"rx_bytes":81912061,"rx_packets":28137,"tx_packets":18700,"tx_bytes":1537607,"tx_dropped":0,"rx_dropped":13,"tx_errors":0,"rx_errors":0}},"id":"6ba0ac0f775487335db6e72033901bbec4f1edbcfc2ea76d80fbf129ce449418","preread":"0001-01-01T00:00:00Z","storage_stats":{},"precpu_stats":{"throttling_data":{"throttled_periods":0,"throttled_time":0,"periods":0},"cpu_usage":{"usage_in_usermode":0,"usage_in_kernelmode":0,"total_usage":0}},"pids_stats":{"current":44},"num_procs":0,"cpu_stats":{"throttling_data":{"throttled_periods":0,"throttled_time":0,"periods":0},"system_cpu_usage":7151574374522419,"online_cpus":128,"cpu_usage":{"usage_in_usermode":346640000000,"usage_in_kernelmode":18520000000,"total_usage":364719549487,"percpu_usage":[0,0,0,0,0,0,0,0,0,364711547143,0,0,0,0,0,0,0,0,0,0,0,0,0,0,0,0,0,0,0,0,0,0,0,0,0,0,0,0,0,0,0,0,0,0,0,0,0,0,0,0,0,0,0,0,0,0,0,0,0,0,0,0,0,0,0,0,0,0,0,0,0,0,0,8002344,0,0,0,0,0,0,0,0,0,0,0,0,0,0,0,0,0,0,0,0,0,0,0,0,0,0,0,0,0,0,0,0,0,0,0,0,0,0,0,0,0,0,0,0,0,0,0,0,0,0,0,0,0,0]}},"read":"2021-01-12T00:04:13.031240837Z"}