################################################################################
# PkgEval set-up: 2021-01-11T23:17:23.822
#

Julia Version 1.5.3
Commit 599f52c4c6 (2020-12-18 13:33 UTC)
Platform Info:
  OS: Linux (x86_64-linux-gnu)
  CPU: AMD EPYC 7502 32-Core Processor
  WORD_SIZE: 64
  LIBM: libopenlibm
  LLVM: libLLVM-9.0.1 (ORCJIT, znver2)
Environment:
  JULIA_PKG_PRECOMPILE_AUTO = 0
  JULIA_PKGEVAL = true

Base.julia_cmd() = `/opt/julia/bin/julia -Cnative -J/opt/julia/lib/julia/sys.so -g1`


################################################################################
# Installation: 2021-01-11T23:17:25.634
#

 Installing known registries into `~/.julia`
#############################                                             40.3%######################################################################## 100.0%
      Added registry `General` to `~/.julia/registries/General`
  Resolving package versions...
  Installed SimpleCarModels ────────────── v1.0.1
  Installed CompilerSupportLibraries_jll ─ v0.3.4+0
  Installed JLLWrappers ────────────────── v1.2.0
  Installed OpenSpecFun_jll ────────────── v0.5.3+4
  Installed SpecialFunctions ───────────── v0.10.3
  Installed StaticArrays ───────────────── v0.12.5
  Installed Artifacts ──────────────────── v1.3.0
  Installed DifferentialDynamicsModels ─── v1.0.1
Updating `~/.julia/environments/v1.5/Project.toml`
  [83cf0ae4] + SimpleCarModels v1.0.1
Updating `~/.julia/environments/v1.5/Manifest.toml`
  [56f22d72] + Artifacts v1.3.0
  [e66e0078] + CompilerSupportLibraries_jll v0.3.4+0
  [cb52cc87] + DifferentialDynamicsModels v1.0.1
  [692b3bcd] + JLLWrappers v1.2.0
  [efe28fd5] + OpenSpecFun_jll v0.5.3+4
  [83cf0ae4] + SimpleCarModels v1.0.1
  [276daf66] + SpecialFunctions v0.10.3
  [90137ffa] + StaticArrays v0.12.5
  [2a0f44e3] + Base64
  [ade2ca70] + Dates
  [b77e0a4c] + InteractiveUtils
  [76f85450] + LibGit2
  [8f399da3] + Libdl
  [37e2e46d] + LinearAlgebra
  [56ddb016] + Logging
  [d6f4376e] + Markdown
  [44cfe95a] + Pkg
  [de0858da] + Printf
  [3fa0cd96] + REPL
  [9a3f8284] + Random
  [ea8e919c] + SHA
  [9e88b42a] + Serialization
  [6462fe0b] + Sockets
  [2f01184e] + SparseArrays
  [10745b16] + Statistics
  [cf7118a7] + UUIDs
  [4ec0a83e] + Unicode


################################################################################
# Testing: 2021-01-11T23:17:30.737
#

    Testing SimpleCarModels
Status `/tmp/jl_aCbxtT/Project.toml`
  [cb52cc87] DifferentialDynamicsModels v1.0.1
  [83cf0ae4] SimpleCarModels v1.0.1
  [276daf66] SpecialFunctions v0.10.3
  [90137ffa] StaticArrays v0.12.5
  [8dfed614] Test
Status `/tmp/jl_aCbxtT/Manifest.toml`
  [56f22d72] Artifacts v1.3.0
  [e66e0078] CompilerSupportLibraries_jll v0.3.4+0
  [cb52cc87] DifferentialDynamicsModels v1.0.1
  [692b3bcd] JLLWrappers v1.2.0
  [efe28fd5] OpenSpecFun_jll v0.5.3+4
  [83cf0ae4] SimpleCarModels v1.0.1
  [276daf66] SpecialFunctions v0.10.3
  [90137ffa] StaticArrays v0.12.5
  [2a0f44e3] Base64
  [ade2ca70] Dates
  [8ba89e20] Distributed
  [b77e0a4c] InteractiveUtils
  [76f85450] LibGit2
  [8f399da3] Libdl
  [37e2e46d] LinearAlgebra
  [56ddb016] Logging
  [d6f4376e] Markdown
  [44cfe95a] Pkg
  [de0858da] Printf
  [3fa0cd96] REPL
  [9a3f8284] Random
  [ea8e919c] SHA
  [9e88b42a] Serialization
  [6462fe0b] Sockets
  [2f01184e] SparseArrays
  [10745b16] Statistics
  [8dfed614] Test
  [cf7118a7] UUIDs
  [4ec0a83e] Unicode
    Testing SimpleCarModels tests passed 

PkgEval succeeded


################################################################################
# PkgEval teardown: 2021-01-11T23:17:59.728
CPU usage: 35.99s (32.43s user, 3.63s kernel)

Network usage:
- eth0: 2.876 MiB received, 61.141 KiB sent

Raw statistics: {"blkio_stats":{"io_queue_recursive":[],"io_serviced_recursive":[{"major":259,"value":0,"op":"Read","minor":0},{"major":259,"value":24,"op":"Write","minor":0},{"major":259,"value":19,"op":"Sync","minor":0},{"major":259,"value":5,"op":"Async","minor":0},{"major":259,"value":0,"op":"Discard","minor":0},{"major":259,"value":24,"op":"Total","minor":0},{"major":253,"value":0,"op":"Read","minor":2},{"major":253,"value":24,"op":"Write","minor":2},{"major":253,"value":19,"op":"Sync","minor":2},{"major":253,"value":5,"op":"Async","minor":2},{"major":253,"value":0,"op":"Discard","minor":2},{"major":253,"value":24,"op":"Total","minor":2}],"io_time_recursive":[],"sectors_recursive":[],"io_service_bytes_recursive":[{"major":259,"value":0,"op":"Read","minor":0},{"major":259,"value":126976,"op":"Write","minor":0},{"major":259,"value":106496,"op":"Sync","minor":0},{"major":259,"value":20480,"op":"Async","minor":0},{"major":259,"value":0,"op":"Discard","minor":0},{"major":259,"value":126976,"op":"Total","minor":0},{"major":253,"value":0,"op":"Read","minor":2},{"major":253,"value":126976,"op":"Write","minor":2},{"major":253,"value":106496,"op":"Sync","minor":2},{"major":253,"value":20480,"op":"Async","minor":2},{"major":253,"value":0,"op":"Discard","minor":2},{"major":253,"value":126976,"op":"Total","minor":2}],"io_wait_time_recursive":[],"io_merged_recursive":[],"io_service_time_recursive":[]},"memory_stats":{"usage":339152896,"max_usage":1106173952,"stats":{"hierarchical_memory_limit":9223372036854771712,"pgmajfault":0,"total_rss":224878592,"inactive_file":135168,"inactive_anon":80289792,"total_pgfault":914331,"total_cache":84758528,"total_rss_huge":0,"total_active_anon":229109760,"total_pgmajfault":0,"pgpgin":599346,"rss_huge":0,"mapped_file":0,"total_inactive_file":135168,"dirty":270336,"total_unevictable":0,"total_dirty":270336,"writeback":0,"pgpgout":523754,"hierarchical_memsw_limit":0,"cache":84758528,"active_file":405504,"pgfault":914331,"total_mapped_file":0,"total_pgpgout":523754,"total_writeback":0,"rss":224878592,"unevictable":0,"total_inactive_anon":80289792,"total_pgpgin":599346,"active_anon":229109760,"total_active_file":405504},"limit":540965302272},"name":"/SimpleCarModels-qA0KyQkh","networks":{"eth0":{"rx_bytes":3015557,"rx_packets":516,"tx_packets":550,"tx_bytes":62608,"tx_dropped":0,"rx_dropped":2,"tx_errors":0,"rx_errors":0}},"id":"e1562324772a46b1453615839b0698205b7616a581faed72e15293690b44eb91","preread":"0001-01-01T00:00:00Z","storage_stats":{},"precpu_stats":{"throttling_data":{"throttled_periods":0,"throttled_time":0,"periods":0},"cpu_usage":{"usage_in_usermode":0,"usage_in_kernelmode":0,"total_usage":0}},"pids_stats":{"current":40},"num_procs":0,"cpu_stats":{"throttling_data":{"throttled_periods":0,"throttled_time":0,"periods":0},"system_cpu_usage":6797205014522419,"online_cpus":128,"cpu_usage":{"usage_in_usermode":32430000000,"usage_in_kernelmode":3630000000,"total_usage":35994205616,"percpu_usage":[0,0,0,0,0,0,0,0,0,0,0,0,0,0,0,0,0,0,0,0,0,0,0,0,0,0,0,0,0,35994201826,0,0,0,0,0,0,0,0,0,0,0,0,0,0,0,0,0,0,0,0,0,0,0,0,0,0,0,0,0,0,0,0,0,0,0,0,0,0,0,0,0,0,0,0,0,0,0,0,0,0,0,0,0,0,0,0,0,0,0,0,0,0,0,0,3790,0,0,0,0,0,0,0,0,0,0,0,0,0,0,0,0,0,0,0,0,0,0,0,0,0,0,0,0,0,0,0,0,0]}},"read":"2021-01-11T23:18:00.32285639Z"}