################################################################################
# PackageCompiler set-up: 2021-01-11T20:43:19.432
#

Julia Version 1.5.3
Commit 599f52c4c6 (2020-12-18 13:33 UTC)
Platform Info:
  OS: Linux (x86_64-linux-gnu)
  CPU: AMD EPYC 7502 32-Core Processor
  WORD_SIZE: 64
  LIBM: libopenlibm
  LLVM: libLLVM-9.0.1 (ORCJIT, znver2)
Environment:
  JULIA_PKGEVAL = true
  JULIA_PKG_PRECOMPILE_AUTO = 0



################################################################################
# Installation: 2021-01-11T20:43:21.129
#

 Installing known registries into `~/.julia`
######################################################################## 100.0%
      Added registry `General` to `~/.julia/registries/General`
  Resolving package versions...
  Installed Reexport ──────────────────── v1.0.0
  Installed ElasticArrays ─────────────── v1.2.4
  Installed TableTraits ───────────────── v1.0.0
  Installed SimplexGridFactory ────────── v0.4.1
  Installed GeometryBasics ────────────── v0.3.5
  Installed DataAPI ───────────────────── v1.4.0
  Installed Tables ────────────────────── v1.2.2
  Installed DataValueInterfaces ───────── v1.0.0
  Installed ColorTypes ────────────────── v0.10.9
  Installed IterTools ─────────────────── v1.3.0
  Installed TetGen ────────────────────── v1.1.1
  Installed Colors ────────────────────── v0.12.6
  Installed StaticArrays ──────────────── v1.0.1
  Installed PackageCompiler ───────────── v1.2.5
  Installed Triangulate ───────────────── v1.0.1
  Installed JLLWrappers ───────────────── v1.2.0
  Installed Triangle_jll ──────────────── v1.6.0+0
  Installed StructArrays ──────────────── v0.4.4
  Installed ExtendableSparse ──────────── v0.3.5
  Installed Adapt ─────────────────────── v2.4.0
  Installed FixedPointNumbers ─────────── v0.8.4
  Installed EarCut_jll ────────────────── v2.1.5+1
  Installed AbstractTrees ─────────────── v0.3.3
  Installed IteratorInterfaceExtensions ─ v1.0.0
  Installed DocStringExtensions ───────── v0.8.3
  Installed ColorSchemes ──────────────── v3.10.2
  Installed ExtendableGrids ───────────── v0.7.3
  Installed TetGen_jll ────────────────── v1.5.1+1
  Installed Artifacts ─────────────────── v1.3.0
Updating `~/.julia/environments/v1.5/Project.toml`
  [9b87118b] + PackageCompiler v1.2.5
  [57bfcd06] + SimplexGridFactory v0.4.1
Updating `~/.julia/environments/v1.5/Manifest.toml`
  [1520ce14] + AbstractTrees v0.3.3
  [79e6a3ab] + Adapt v2.4.0
  [56f22d72] + Artifacts v1.3.0
  [35d6a980] + ColorSchemes v3.10.2
  [3da002f7] + ColorTypes v0.10.9
  [5ae59095] + Colors v0.12.6
  [9a962f9c] + DataAPI v1.4.0
  [e2d170a0] + DataValueInterfaces v1.0.0
  [ffbed154] + DocStringExtensions v0.8.3
  [5ae413db] + EarCut_jll v2.1.5+1
  [fdbdab4c] + ElasticArrays v1.2.4
  [cfc395e8] + ExtendableGrids v0.7.3
  [95c220a8] + ExtendableSparse v0.3.5
  [53c48c17] + FixedPointNumbers v0.8.4
  [5c1252a2] + GeometryBasics v0.3.5
  [c8e1da08] + IterTools v1.3.0
  [82899510] + IteratorInterfaceExtensions v1.0.0
  [692b3bcd] + JLLWrappers v1.2.0
  [9b87118b] + PackageCompiler v1.2.5
  [189a3867] + Reexport v1.0.0
  [57bfcd06] + SimplexGridFactory v0.4.1
  [90137ffa] + StaticArrays v1.0.1
  [09ab397b] + StructArrays v0.4.4
  [3783bdb8] + TableTraits v1.0.0
  [bd369af6] + Tables v1.2.2
  [c5d3f3f7] + TetGen v1.1.1
  [b47fdcd6] + TetGen_jll v1.5.1+1
  [5639c1d2] + Triangle_jll v1.6.0+0
  [f7e6ffb2] + Triangulate v1.0.1
  [2a0f44e3] + Base64
  [ade2ca70] + Dates
  [8ba89e20] + Distributed
  [b77e0a4c] + InteractiveUtils
  [76f85450] + LibGit2
  [8f399da3] + Libdl
  [37e2e46d] + LinearAlgebra
  [56ddb016] + Logging
  [d6f4376e] + Markdown
  [44cfe95a] + Pkg
  [de0858da] + Printf
  [3fa0cd96] + REPL
  [9a3f8284] + Random
  [ea8e919c] + SHA
  [9e88b42a] + Serialization
  [6462fe0b] + Sockets
  [2f01184e] + SparseArrays
  [10745b16] + Statistics
  [8dfed614] + Test
  [cf7118a7] + UUIDs
  [4ec0a83e] + Unicode


################################################################################
# Compiling: 2021-01-11T20:43:28.817
#

[ Info: PackageCompiler: creating system image object file, this might take a while...
Generated system image is 177.631 MiB, compilation took 268 seconds


################################################################################
# PkgEval set-up: 2021-01-11T20:48:03.658
#

Julia Version 1.5.3
Commit 599f52c4c6 (2020-12-18 13:33 UTC)
Platform Info:
  OS: Linux (x86_64-linux-gnu)
  CPU: AMD EPYC 7502 32-Core Processor
  WORD_SIZE: 64
  LIBM: libopenlibm
  LLVM: libLLVM-9.0.1 (ORCJIT, znver2)
Environment:
  JULIA_PKGEVAL = true
  JULIA_PKG_PRECOMPILE_AUTO = 0

Base.julia_cmd() = `/usr/local/julia/bin/julia -Cnative -J/cache/SimplexGridFactory-jkLVxeJj.so -g1`


################################################################################
# Installation: 2021-01-11T20:48:05.243
#

 Installing known registries into `~/.julia`
######################################################################## 100.0%
      Added registry `General` to `~/.julia/registries/General`
  Resolving package versions...
  Installed Reexport ──────────────────── v1.0.0
  Installed SimplexGridFactory ────────── v0.4.1
  Installed ElasticArrays ─────────────── v1.2.4
  Installed TableTraits ───────────────── v1.0.0
  Installed GeometryBasics ────────────── v0.3.5
  Installed DataAPI ───────────────────── v1.4.0
  Installed Tables ────────────────────── v1.2.2
  Installed IterTools ─────────────────── v1.3.0
  Installed DataValueInterfaces ───────── v1.0.0
  Installed ColorTypes ────────────────── v0.10.9
  Installed ExtendableSparse ──────────── v0.3.5
  Installed TetGen ────────────────────── v1.1.1
  Installed Colors ────────────────────── v0.12.6
  Installed StaticArrays ──────────────── v1.0.1
  Installed Triangulate ───────────────── v1.0.1
  Installed JLLWrappers ───────────────── v1.2.0
  Installed Triangle_jll ──────────────── v1.6.0+0
  Installed StructArrays ──────────────── v0.4.4
  Installed EarCut_jll ────────────────── v2.1.5+1
  Installed Adapt ─────────────────────── v2.4.0
  Installed FixedPointNumbers ─────────── v0.8.4
  Installed AbstractTrees ─────────────── v0.3.3
  Installed IteratorInterfaceExtensions ─ v1.0.0
  Installed DocStringExtensions ───────── v0.8.3
  Installed TetGen_jll ────────────────── v1.5.1+1
  Installed Artifacts ─────────────────── v1.3.0
  Installed ColorSchemes ──────────────── v3.10.2
  Installed ExtendableGrids ───────────── v0.7.3
Updating `~/.julia/environments/v1.5/Project.toml`
  [57bfcd06] + SimplexGridFactory v0.4.1
Updating `~/.julia/environments/v1.5/Manifest.toml`
  [1520ce14] + AbstractTrees v0.3.3
  [79e6a3ab] + Adapt v2.4.0
  [56f22d72] + Artifacts v1.3.0
  [35d6a980] + ColorSchemes v3.10.2
  [3da002f7] + ColorTypes v0.10.9
  [5ae59095] + Colors v0.12.6
  [9a962f9c] + DataAPI v1.4.0
  [e2d170a0] + DataValueInterfaces v1.0.0
  [ffbed154] + DocStringExtensions v0.8.3
  [5ae413db] + EarCut_jll v2.1.5+1
  [fdbdab4c] + ElasticArrays v1.2.4
  [cfc395e8] + ExtendableGrids v0.7.3
  [95c220a8] + ExtendableSparse v0.3.5
  [53c48c17] + FixedPointNumbers v0.8.4
  [5c1252a2] + GeometryBasics v0.3.5
  [c8e1da08] + IterTools v1.3.0
  [82899510] + IteratorInterfaceExtensions v1.0.0
  [692b3bcd] + JLLWrappers v1.2.0
  [189a3867] + Reexport v1.0.0
  [57bfcd06] + SimplexGridFactory v0.4.1
  [90137ffa] + StaticArrays v1.0.1
  [09ab397b] + StructArrays v0.4.4
  [3783bdb8] + TableTraits v1.0.0
  [bd369af6] + Tables v1.2.2
  [c5d3f3f7] + TetGen v1.1.1
  [b47fdcd6] + TetGen_jll v1.5.1+1
  [5639c1d2] + Triangle_jll v1.6.0+0
  [f7e6ffb2] + Triangulate v1.0.1
  [2a0f44e3] + Base64
  [ade2ca70] + Dates
  [8ba89e20] + Distributed
  [b77e0a4c] + InteractiveUtils
  [76f85450] + LibGit2
  [8f399da3] + Libdl
  [37e2e46d] + LinearAlgebra
  [56ddb016] + Logging
  [d6f4376e] + Markdown
  [44cfe95a] + Pkg
  [de0858da] + Printf
  [3fa0cd96] + REPL
  [9a3f8284] + Random
  [ea8e919c] + SHA
  [9e88b42a] + Serialization
  [6462fe0b] + Sockets
  [2f01184e] + SparseArrays
  [10745b16] + Statistics
  [8dfed614] + Test
  [cf7118a7] + UUIDs
  [4ec0a83e] + Unicode


################################################################################
# Testing: 2021-01-11T20:48:12.702
#

    Testing SimplexGridFactory
Status `/tmp/jl_C6lAG8/Project.toml`
  [ffbed154] DocStringExtensions v0.8.3
  [fdbdab4c] ElasticArrays v1.2.4
  [cfc395e8] ExtendableGrids v0.7.3
  [57bfcd06] SimplexGridFactory v0.4.1
  [c5d3f3f7] TetGen v1.1.1
  [f7e6ffb2] Triangulate v1.0.1
  [37e2e46d] LinearAlgebra
  [de0858da] Printf
  [8dfed614] Test
Status `/tmp/jl_C6lAG8/Manifest.toml`
  [1520ce14] AbstractTrees v0.3.3
  [79e6a3ab] Adapt v2.4.0
  [56f22d72] Artifacts v1.3.0
  [35d6a980] ColorSchemes v3.10.2
  [3da002f7] ColorTypes v0.10.9
  [5ae59095] Colors v0.12.6
  [9a962f9c] DataAPI v1.4.0
  [e2d170a0] DataValueInterfaces v1.0.0
  [ffbed154] DocStringExtensions v0.8.3
  [5ae413db] EarCut_jll v2.1.5+1
  [fdbdab4c] ElasticArrays v1.2.4
  [cfc395e8] ExtendableGrids v0.7.3
  [95c220a8] ExtendableSparse v0.3.5
  [53c48c17] FixedPointNumbers v0.8.4
  [5c1252a2] GeometryBasics v0.3.5
  [c8e1da08] IterTools v1.3.0
  [82899510] IteratorInterfaceExtensions v1.0.0
  [692b3bcd] JLLWrappers v1.2.0
  [189a3867] Reexport v1.0.0
  [57bfcd06] SimplexGridFactory v0.4.1
  [90137ffa] StaticArrays v1.0.1
  [09ab397b] StructArrays v0.4.4
  [3783bdb8] TableTraits v1.0.0
  [bd369af6] Tables v1.2.2
  [c5d3f3f7] TetGen v1.1.1
  [b47fdcd6] TetGen_jll v1.5.1+1
  [5639c1d2] Triangle_jll v1.6.0+0
  [f7e6ffb2] Triangulate v1.0.1
  [2a0f44e3] Base64
  [ade2ca70] Dates
  [8ba89e20] Distributed
  [b77e0a4c] InteractiveUtils
  [76f85450] LibGit2
  [8f399da3] Libdl
  [37e2e46d] LinearAlgebra
  [56ddb016] Logging
  [d6f4376e] Markdown
  [44cfe95a] Pkg
  [de0858da] Printf
  [3fa0cd96] REPL
  [9a3f8284] Random
  [ea8e919c] SHA
  [9e88b42a] Serialization
  [6462fe0b] Sockets
  [2f01184e] SparseArrays
  [10745b16] Statistics
  [8dfed614] Test
  [cf7118a7] UUIDs
  [4ec0a83e] Unicode
Test Summary:           | Pass  Total
 Basic triangulation 2d |    2      2
Test Summary:           | Pass  Total
        BinnedPointList |    6      6
Test Summary:           | Pass  Total
Simplexgrid (arrays 2d) |    6      6
Test Summary:           | Pass  Total
  SimplexGridBuilder 2d |    2      2
Test Summary:           | Pass  Total
Simplexgrid (arrays 3d) |    4      4
Test Summary:           | Pass  Total
  SimplexGridBuilder 3d |    2      2
Test Summary:           | Pass  Total
          examples2d.jl |    7      7
Test Summary:           | Pass  Total
          examples3d.jl |    2      2
    Testing SimplexGridFactory tests passed 

PkgEval succeeded


################################################################################
# PkgEval teardown: 2021-01-11T20:48:30.572
CPU usage: 27.20s (24.34s user, 2.91s kernel)

Network usage:
- eth0: 13.019 MiB received, 196.596 KiB sent

Raw statistics: {"blkio_stats":{"io_queue_recursive":[],"io_serviced_recursive":[{"major":259,"value":0,"op":"Read","minor":0},{"major":259,"value":19,"op":"Write","minor":0},{"major":259,"value":14,"op":"Sync","minor":0},{"major":259,"value":5,"op":"Async","minor":0},{"major":259,"value":0,"op":"Discard","minor":0},{"major":259,"value":19,"op":"Total","minor":0},{"major":253,"value":0,"op":"Read","minor":2},{"major":253,"value":19,"op":"Write","minor":2},{"major":253,"value":14,"op":"Sync","minor":2},{"major":253,"value":5,"op":"Async","minor":2},{"major":253,"value":0,"op":"Discard","minor":2},{"major":253,"value":19,"op":"Total","minor":2}],"io_time_recursive":[],"sectors_recursive":[],"io_service_bytes_recursive":[{"major":259,"value":0,"op":"Read","minor":0},{"major":259,"value":86016,"op":"Write","minor":0},{"major":259,"value":57344,"op":"Sync","minor":0},{"major":259,"value":28672,"op":"Async","minor":0},{"major":259,"value":0,"op":"Discard","minor":0},{"major":259,"value":86016,"op":"Total","minor":0},{"major":253,"value":0,"op":"Read","minor":2},{"major":253,"value":86016,"op":"Write","minor":2},{"major":253,"value":57344,"op":"Sync","minor":2},{"major":253,"value":28672,"op":"Async","minor":2},{"major":253,"value":0,"op":"Discard","minor":2},{"major":253,"value":86016,"op":"Total","minor":2}],"io_wait_time_recursive":[],"io_merged_recursive":[],"io_service_time_recursive":[]},"memory_stats":{"usage":386461696,"max_usage":625557504,"stats":{"hierarchical_memory_limit":9223372036854771712,"pgmajfault":0,"total_rss":247566336,"inactive_file":135168,"inactive_anon":105836544,"total_pgfault":450021,"total_cache":107982848,"total_rss_huge":0,"total_active_anon":249655296,"total_pgmajfault":0,"pgpgin":251889,"rss_huge":0,"mapped_file":0,"total_inactive_file":135168,"dirty":135168,"total_unevictable":0,"total_dirty":135168,"writeback":0,"pgpgout":165119,"hierarchical_memsw_limit":0,"cache":107982848,"active_file":135168,"pgfault":450021,"total_mapped_file":0,"total_pgpgout":165119,"total_writeback":0,"rss":247566336,"unevictable":0,"total_inactive_anon":105836544,"total_pgpgin":251889,"active_anon":249655296,"total_active_file":135168},"limit":540965302272},"name":"/SimplexGridFactory-OThs7qcF","networks":{"eth0":{"rx_bytes":13651250,"rx_packets":1855,"tx_packets":1894,"tx_bytes":201314,"tx_dropped":0,"rx_dropped":1,"tx_errors":0,"rx_errors":0}},"id":"78292a6dd373b151cd34ccc03054bdc9123c0cbea3a9aa3e146f9a72f79e0a8c","preread":"0001-01-01T00:00:00Z","storage_stats":{},"precpu_stats":{"throttling_data":{"throttled_periods":0,"throttled_time":0,"periods":0},"cpu_usage":{"usage_in_usermode":0,"usage_in_kernelmode":0,"total_usage":0}},"pids_stats":{"current":44},"num_procs":0,"cpu_stats":{"throttling_data":{"throttled_periods":0,"throttled_time":0,"periods":0},"system_cpu_usage":5651271914522419,"online_cpus":128,"cpu_usage":{"usage_in_usermode":24340000000,"usage_in_kernelmode":2910000000,"total_usage":27201974946,"percpu_usage":[0,0,0,0,0,0,0,0,0,0,0,0,0,0,0,0,0,0,0,0,0,0,0,0,0,0,0,0,0,0,0,0,0,0,0,0,0,0,0,0,0,0,0,0,0,0,0,0,0,0,0,0,0,0,0,0,27201974946,0,0,0,0,0,0,0,0,0,0,0,0,0,0,0,0,0,0,0,0,0,0,0,0,0,0,0,0,0,0,0,0,0,0,0,0,0,0,0,0,0,0,0,0,0,0,0,0,0,0,0,0,0,0,0,0,0,0,0,0,0,0,0,0,0,0,0,0,0,0,0]}},"read":"2021-01-11T20:48:31.303890958Z"}