################################################################################
# PackageCompiler set-up: 2021-01-11T22:32:53.064
#

Julia Version 1.5.3
Commit 599f52c4c6 (2020-12-18 13:33 UTC)
Platform Info:
  OS: Linux (x86_64-linux-gnu)
  CPU: AMD EPYC 7502 32-Core Processor
  WORD_SIZE: 64
  LIBM: libopenlibm
  LLVM: libLLVM-9.0.1 (ORCJIT, znver2)
Environment:
  JULIA_PKGEVAL = true
  JULIA_PKG_PRECOMPILE_AUTO = 0



################################################################################
# Installation: 2021-01-11T22:32:54.801
#

 Installing known registries into `~/.julia`
#############                                                             18.3%######################################################################## 100.0%
      Added registry `General` to `~/.julia/registries/General`
  Resolving package versions...
  Installed Compat ───────────── v3.25.0
  Installed Inflate ──────────── v0.1.2
  Installed SimpleValueGraphs ── v0.2.0
  Installed MacroTools ───────── v0.5.6
  Installed ArnoldiMethod ────── v0.0.4
  Installed Requires ─────────── v1.1.2
  Installed LightGraphs ──────── v1.3.4
  Installed PackageCompiler ──── v1.2.5
  Installed SimpleTraits ─────── v0.9.3
  Installed OrderedCollections ─ v1.3.2
  Installed StaticArrays ─────── v0.12.5
  Installed DataStructures ───── v0.18.8
Updating `~/.julia/environments/v1.5/Project.toml`
  [9b87118b] + PackageCompiler v1.2.5
  [b43c691f] + SimpleValueGraphs v0.2.0
Updating `~/.julia/environments/v1.5/Manifest.toml`
  [ec485272] + ArnoldiMethod v0.0.4
  [34da2185] + Compat v3.25.0
  [864edb3b] + DataStructures v0.18.8
  [d25df0c9] + Inflate v0.1.2
  [093fc24a] + LightGraphs v1.3.4
  [1914dd2f] + MacroTools v0.5.6
  [bac558e1] + OrderedCollections v1.3.2
  [9b87118b] + PackageCompiler v1.2.5
  [ae029012] + Requires v1.1.2
  [699a6c99] + SimpleTraits v0.9.3
  [b43c691f] + SimpleValueGraphs v0.2.0
  [90137ffa] + StaticArrays v0.12.5
  [2a0f44e3] + Base64
  [ade2ca70] + Dates
  [8bb1440f] + DelimitedFiles
  [8ba89e20] + Distributed
  [b77e0a4c] + InteractiveUtils
  [76f85450] + LibGit2
  [8f399da3] + Libdl
  [37e2e46d] + LinearAlgebra
  [56ddb016] + Logging
  [d6f4376e] + Markdown
  [a63ad114] + Mmap
  [44cfe95a] + Pkg
  [de0858da] + Printf
  [3fa0cd96] + REPL
  [9a3f8284] + Random
  [ea8e919c] + SHA
  [9e88b42a] + Serialization
  [1a1011a3] + SharedArrays
  [6462fe0b] + Sockets
  [2f01184e] + SparseArrays
  [10745b16] + Statistics
  [8dfed614] + Test
  [cf7118a7] + UUIDs
  [4ec0a83e] + Unicode


################################################################################
# Compiling: 2021-01-11T22:33:00.733
#

[ Info: PackageCompiler: creating system image object file, this might take a while...
Generated system image is 161.401 MiB, compilation took 198 seconds


################################################################################
# PkgEval set-up: 2021-01-11T22:36:26.504
#

Julia Version 1.5.3
Commit 599f52c4c6 (2020-12-18 13:33 UTC)
Platform Info:
  OS: Linux (x86_64-linux-gnu)
  CPU: AMD EPYC 7502 32-Core Processor
  WORD_SIZE: 64
  LIBM: libopenlibm
  LLVM: libLLVM-9.0.1 (ORCJIT, znver2)
Environment:
  JULIA_PKGEVAL = true
  JULIA_PKG_PRECOMPILE_AUTO = 0

Base.julia_cmd() = `/usr/local/julia/bin/julia -Cnative -J/cache/SimpleValueGraphs-LpKH07PJ.so -g1`


################################################################################
# Installation: 2021-01-11T22:36:28.097
#

 Installing known registries into `~/.julia`
#=#=#                                                                         ######################################################################## 100.0%
      Added registry `General` to `~/.julia/registries/General`
  Resolving package versions...
  Installed Compat ───────────── v3.25.0
  Installed Inflate ──────────── v0.1.2
  Installed SimpleValueGraphs ── v0.2.0
  Installed MacroTools ───────── v0.5.6
  Installed ArnoldiMethod ────── v0.0.4
  Installed Requires ─────────── v1.1.2
  Installed SimpleTraits ─────── v0.9.3
  Installed LightGraphs ──────── v1.3.4
  Installed OrderedCollections ─ v1.3.2
  Installed StaticArrays ─────── v0.12.5
  Installed DataStructures ───── v0.18.8
Updating `~/.julia/environments/v1.5/Project.toml`
  [b43c691f] + SimpleValueGraphs v0.2.0
Updating `~/.julia/environments/v1.5/Manifest.toml`
  [ec485272] + ArnoldiMethod v0.0.4
  [34da2185] + Compat v3.25.0
  [864edb3b] + DataStructures v0.18.8
  [d25df0c9] + Inflate v0.1.2
  [093fc24a] + LightGraphs v1.3.4
  [1914dd2f] + MacroTools v0.5.6
  [bac558e1] + OrderedCollections v1.3.2
  [ae029012] + Requires v1.1.2
  [699a6c99] + SimpleTraits v0.9.3
  [b43c691f] + SimpleValueGraphs v0.2.0
  [90137ffa] + StaticArrays v0.12.5
  [2a0f44e3] + Base64
  [ade2ca70] + Dates
  [8bb1440f] + DelimitedFiles
  [8ba89e20] + Distributed
  [b77e0a4c] + InteractiveUtils
  [76f85450] + LibGit2
  [8f399da3] + Libdl
  [37e2e46d] + LinearAlgebra
  [56ddb016] + Logging
  [d6f4376e] + Markdown
  [a63ad114] + Mmap
  [44cfe95a] + Pkg
  [de0858da] + Printf
  [3fa0cd96] + REPL
  [9a3f8284] + Random
  [ea8e919c] + SHA
  [9e88b42a] + Serialization
  [1a1011a3] + SharedArrays
  [6462fe0b] + Sockets
  [2f01184e] + SparseArrays
  [10745b16] + Statistics
  [8dfed614] + Test
  [cf7118a7] + UUIDs
  [4ec0a83e] + Unicode


################################################################################
# Testing: 2021-01-11T22:36:33.328
#

    Testing SimpleValueGraphs
Status `/tmp/jl_PYdZx9/Project.toml`
  [864edb3b] DataStructures v0.18.8
  [093fc24a] LightGraphs v1.3.4
  [ae029012] Requires v1.1.2
  [699a6c99] SimpleTraits v0.9.3
  [b43c691f] SimpleValueGraphs v0.2.0
  [37e2e46d] LinearAlgebra
  [2f01184e] SparseArrays
  [8dfed614] Test
Status `/tmp/jl_PYdZx9/Manifest.toml`
  [ec485272] ArnoldiMethod v0.0.4
  [34da2185] Compat v3.25.0
  [864edb3b] DataStructures v0.18.8
  [d25df0c9] Inflate v0.1.2
  [093fc24a] LightGraphs v1.3.4
  [1914dd2f] MacroTools v0.5.6
  [bac558e1] OrderedCollections v1.3.2
  [ae029012] Requires v1.1.2
  [699a6c99] SimpleTraits v0.9.3
  [b43c691f] SimpleValueGraphs v0.2.0
  [90137ffa] StaticArrays v0.12.5
  [2a0f44e3] Base64
  [ade2ca70] Dates
  [8bb1440f] DelimitedFiles
  [8ba89e20] Distributed
  [b77e0a4c] InteractiveUtils
  [76f85450] LibGit2
  [8f399da3] Libdl
  [37e2e46d] LinearAlgebra
  [56ddb016] Logging
  [d6f4376e] Markdown
  [a63ad114] Mmap
  [44cfe95a] Pkg
  [de0858da] Printf
  [3fa0cd96] REPL
  [9a3f8284] Random
  [ea8e919c] SHA
  [9e88b42a] Serialization
  [1a1011a3] SharedArrays
  [6462fe0b] Sockets
  [2f01184e] SparseArrays
  [10745b16] Statistics
  [8dfed614] Test
  [cf7118a7] UUIDs
  [4ec0a83e] Unicode
1 / 9 AbstractTuples.jl
  2.843908 seconds (4.23 M allocations: 219.631 MiB, 6.00% gc time)
2 / 9 abstractvaluegraph.jl
  0.886081 seconds (1.30 M allocations: 68.951 MiB, 1.70% gc time)
3 / 9 interface/constructors.jl
 40.496715 seconds (38.15 M allocations: 2.143 GiB, 1.40% gc time)
4 / 9 interface/edges.jl
  5.986259 seconds (5.63 M allocations: 288.783 MiB, 1.02% gc time)
5 / 9 interface/edgeval_accessors.jl
 51.946610 seconds (36.02 M allocations: 1.793 GiB, 1.16% gc time)
6 / 9 interface/iterators.jl
 29.130875 seconds (18.42 M allocations: 1.106 GiB, 0.80% gc time)
7 / 9 interface/modifiers.jl
  0.869746 seconds (666.54 k allocations: 34.590 MiB, 1.25% gc time)
8 / 9 interface/valuegraph.jl
  2.966350 seconds (4.47 M allocations: 245.963 MiB, 2.79% gc time)
9 / 9 matrices.jl
 35.404715 seconds (46.67 M allocations: 2.555 GiB, 2.71% gc time)
Test Summary: |  Pass  Total
ValueGraphs   | 39966  39966
    Testing SimpleValueGraphs tests passed 

PkgEval succeeded


################################################################################
# PkgEval teardown: 2021-01-11T22:39:27.638
CPU usage: 181.04s (177.10s user, 4.19s kernel)

Network usage:
- eth0: 3.242 MiB received, 75.788 KiB sent

Raw statistics: {"blkio_stats":{"io_queue_recursive":[],"io_serviced_recursive":[{"major":259,"value":0,"op":"Read","minor":0},{"major":259,"value":19,"op":"Write","minor":0},{"major":259,"value":14,"op":"Sync","minor":0},{"major":259,"value":5,"op":"Async","minor":0},{"major":259,"value":0,"op":"Discard","minor":0},{"major":259,"value":19,"op":"Total","minor":0},{"major":253,"value":0,"op":"Read","minor":2},{"major":253,"value":19,"op":"Write","minor":2},{"major":253,"value":14,"op":"Sync","minor":2},{"major":253,"value":5,"op":"Async","minor":2},{"major":253,"value":0,"op":"Discard","minor":2},{"major":253,"value":19,"op":"Total","minor":2}],"io_time_recursive":[],"sectors_recursive":[],"io_service_bytes_recursive":[{"major":259,"value":0,"op":"Read","minor":0},{"major":259,"value":86016,"op":"Write","minor":0},{"major":259,"value":57344,"op":"Sync","minor":0},{"major":259,"value":28672,"op":"Async","minor":0},{"major":259,"value":0,"op":"Discard","minor":0},{"major":259,"value":86016,"op":"Total","minor":0},{"major":253,"value":0,"op":"Read","minor":2},{"major":253,"value":86016,"op":"Write","minor":2},{"major":253,"value":57344,"op":"Sync","minor":2},{"major":253,"value":28672,"op":"Async","minor":2},{"major":253,"value":0,"op":"Discard","minor":2},{"major":253,"value":86016,"op":"Total","minor":2}],"io_wait_time_recursive":[],"io_merged_recursive":[],"io_service_time_recursive":[]},"memory_stats":{"usage":314712064,"max_usage":1145802752,"stats":{"hierarchical_memory_limit":9223372036854771712,"pgmajfault":0,"total_rss":200294400,"inactive_file":135168,"inactive_anon":82993152,"total_pgfault":1195359,"total_cache":83931136,"total_rss_huge":0,"total_active_anon":201265152,"total_pgmajfault":0,"pgpgin":438372,"rss_huge":0,"mapped_file":0,"total_inactive_file":135168,"dirty":270336,"total_unevictable":0,"total_dirty":270336,"writeback":0,"pgpgout":368974,"hierarchical_memsw_limit":0,"cache":83931136,"active_file":135168,"pgfault":1195359,"total_mapped_file":0,"total_pgpgout":368974,"total_writeback":0,"rss":200294400,"unevictable":0,"total_inactive_anon":82993152,"total_pgpgin":438372,"active_anon":201265152,"total_active_file":135168},"limit":540965302272},"name":"/SimpleValueGraphs-l2TGmBPq","networks":{"eth0":{"rx_bytes":3399790,"rx_packets":675,"tx_packets":667,"tx_bytes":77607,"tx_dropped":0,"rx_dropped":7,"tx_errors":0,"rx_errors":0}},"id":"805eba8636bbd32c39be9768d23d6a2834b01bb6559bc1a3f9a7fc1d3b45025c","preread":"0001-01-01T00:00:00Z","storage_stats":{},"precpu_stats":{"throttling_data":{"throttled_periods":0,"throttled_time":0,"periods":0},"cpu_usage":{"usage_in_usermode":0,"usage_in_kernelmode":0,"total_usage":0}},"pids_stats":{"current":44},"num_procs":0,"cpu_stats":{"throttling_data":{"throttled_periods":0,"throttled_time":0,"periods":0},"system_cpu_usage":6501684134522419,"online_cpus":128,"cpu_usage":{"usage_in_usermode":177100000000,"usage_in_kernelmode":4190000000,"total_usage":181038922080,"percpu_usage":[0,0,0,0,0,0,0,0,0,0,0,0,0,0,0,0,0,0,0,0,0,0,0,0,0,0,0,0,0,0,0,0,0,0,0,0,0,0,0,0,181035151048,0,0,0,0,0,0,0,0,0,0,0,0,0,0,0,0,0,0,0,0,0,0,0,0,0,0,0,0,0,0,0,0,0,0,0,0,0,0,0,0,0,0,0,0,0,0,0,0,0,0,0,0,0,0,0,0,0,0,0,0,0,0,0,3390,0,1661501,2106141,0,0,0,0,0,0,0,0,0,0,0,0,0,0,0,0,0,0,0,0]}},"read":"2021-01-11T22:39:27.641211871Z"}