################################################################################
# PackageCompiler set-up: 2021-01-11T18:22:05.678
#

Julia Version 1.5.3
Commit 599f52c4c6 (2020-12-18 13:33 UTC)
Platform Info:
  OS: Linux (x86_64-linux-gnu)
  CPU: AMD EPYC 7502 32-Core Processor
  WORD_SIZE: 64
  LIBM: libopenlibm
  LLVM: libLLVM-9.0.1 (ORCJIT, znver2)
Environment:
  JULIA_PKGEVAL = true
  JULIA_PKG_PRECOMPILE_AUTO = 0



################################################################################
# Installation: 2021-01-11T18:22:07.44
#

 Installing known registries into `~/.julia`
######################################################################## 100.0%
      Added registry `General` to `~/.julia/registries/General`
  Resolving package versions...
  Installed SimplePolynomials ─ v0.2.5
  Installed Adapt ───────────── v2.4.0
  Installed Primes ──────────── v0.5.0
  Installed Libiconv_jll ────── v1.16.0+7
  Installed RecipesBase ─────── v1.1.1
  Installed Polynomials ─────── v1.2.0
  Installed OffsetArrays ────── v1.5.0
  Installed ExprTools ───────── v0.1.3
  Installed PackageCompiler ─── v1.2.5
  Installed Zlib_jll ────────── v1.2.11+18
  Installed Mods ────────────── v1.2.4
  Installed EzXML ───────────── v1.1.0
  Installed Multisets ───────── v0.3.3
  Installed JLLWrappers ─────── v1.2.0
  Installed TimeZones ───────── v1.5.3
  Installed XML2_jll ────────── v2.9.10+3
  Installed Intervals ───────── v1.5.0
  Installed Artifacts ───────── v1.3.0
  Installed Mocking ─────────── v0.7.1
Updating `~/.julia/environments/v1.5/Project.toml`
  [9b87118b] + PackageCompiler v1.2.5
  [cc47b68c] + SimplePolynomials v0.2.5
Updating `~/.julia/environments/v1.5/Manifest.toml`
  [79e6a3ab] + Adapt v2.4.0
  [56f22d72] + Artifacts v1.3.0
  [e2ba6199] + ExprTools v0.1.3
  [8f5d6c58] + EzXML v1.1.0
  [d8418881] + Intervals v1.5.0
  [692b3bcd] + JLLWrappers v1.2.0
  [94ce4f54] + Libiconv_jll v1.16.0+7
  [78c3b35d] + Mocking v0.7.1
  [7475f97c] + Mods v1.2.4
  [3b2b4ff1] + Multisets v0.3.3
  [6fe1bfb0] + OffsetArrays v1.5.0
  [9b87118b] + PackageCompiler v1.2.5
  [f27b6e38] + Polynomials v1.2.0
  [27ebfcd6] + Primes v0.5.0
  [3cdcf5f2] + RecipesBase v1.1.1
  [cc47b68c] + SimplePolynomials v0.2.5
  [f269a46b] + TimeZones v1.5.3
  [02c8fc9c] + XML2_jll v2.9.10+3
  [83775a58] + Zlib_jll v1.2.11+18
  [2a0f44e3] + Base64
  [ade2ca70] + Dates
  [b77e0a4c] + InteractiveUtils
  [76f85450] + LibGit2
  [8f399da3] + Libdl
  [37e2e46d] + LinearAlgebra
  [56ddb016] + Logging
  [d6f4376e] + Markdown
  [44cfe95a] + Pkg
  [de0858da] + Printf
  [3fa0cd96] + REPL
  [9a3f8284] + Random
  [ea8e919c] + SHA
  [9e88b42a] + Serialization
  [6462fe0b] + Sockets
  [cf7118a7] + UUIDs
  [4ec0a83e] + Unicode
   Building TimeZones → `~/.julia/packages/TimeZones/K98G0/deps/build.log`


################################################################################
# Compiling: 2021-01-11T18:22:22.774
#

[ Info: PackageCompiler: creating system image object file, this might take a while...
Generated system image is 160.145 MiB, compilation took 186 seconds


################################################################################
# PkgEval set-up: 2021-01-11T18:25:35.673
#

Julia Version 1.5.3
Commit 599f52c4c6 (2020-12-18 13:33 UTC)
Platform Info:
  OS: Linux (x86_64-linux-gnu)
  CPU: AMD EPYC 7502 32-Core Processor
  WORD_SIZE: 64
  LIBM: libopenlibm
  LLVM: libLLVM-9.0.1 (ORCJIT, znver2)
Environment:
  JULIA_PKGEVAL = true
  JULIA_PKG_PRECOMPILE_AUTO = 0

Base.julia_cmd() = `/usr/local/julia/bin/julia -Cnative -J/cache/SimplePolynomials-MLlUz954.so -g1`


################################################################################
# Installation: 2021-01-11T18:25:37.207
#

 Installing known registries into `~/.julia`
################################################                          66.8%######################################################################## 100.0%
      Added registry `General` to `~/.julia/registries/General`
  Resolving package versions...
  Installed SimplePolynomials ─ v0.2.5
  Installed RecipesBase ─────── v1.1.1
  Installed Adapt ───────────── v2.4.0
  Installed Libiconv_jll ────── v1.16.0+7
  Installed Primes ──────────── v0.5.0
  Installed Polynomials ─────── v1.2.0
  Installed OffsetArrays ────── v1.5.0
  Installed ExprTools ───────── v0.1.3
  Installed Zlib_jll ────────── v1.2.11+18
  Installed Mods ────────────── v1.2.4
  Installed Multisets ───────── v0.3.3
  Installed XML2_jll ────────── v2.9.10+3
  Installed Intervals ───────── v1.5.0
  Installed JLLWrappers ─────── v1.2.0
  Installed TimeZones ───────── v1.5.3
  Installed Artifacts ───────── v1.3.0
  Installed Mocking ─────────── v0.7.1
  Installed EzXML ───────────── v1.1.0
Updating `~/.julia/environments/v1.5/Project.toml`
  [cc47b68c] + SimplePolynomials v0.2.5
Updating `~/.julia/environments/v1.5/Manifest.toml`
  [79e6a3ab] + Adapt v2.4.0
  [56f22d72] + Artifacts v1.3.0
  [e2ba6199] + ExprTools v0.1.3
  [8f5d6c58] + EzXML v1.1.0
  [d8418881] + Intervals v1.5.0
  [692b3bcd] + JLLWrappers v1.2.0
  [94ce4f54] + Libiconv_jll v1.16.0+7
  [78c3b35d] + Mocking v0.7.1
  [7475f97c] + Mods v1.2.4
  [3b2b4ff1] + Multisets v0.3.3
  [6fe1bfb0] + OffsetArrays v1.5.0
  [f27b6e38] + Polynomials v1.2.0
  [27ebfcd6] + Primes v0.5.0
  [3cdcf5f2] + RecipesBase v1.1.1
  [cc47b68c] + SimplePolynomials v0.2.5
  [f269a46b] + TimeZones v1.5.3
  [02c8fc9c] + XML2_jll v2.9.10+3
  [83775a58] + Zlib_jll v1.2.11+18
  [2a0f44e3] + Base64
  [ade2ca70] + Dates
  [b77e0a4c] + InteractiveUtils
  [76f85450] + LibGit2
  [8f399da3] + Libdl
  [37e2e46d] + LinearAlgebra
  [56ddb016] + Logging
  [d6f4376e] + Markdown
  [44cfe95a] + Pkg
  [de0858da] + Printf
  [3fa0cd96] + REPL
  [9a3f8284] + Random
  [ea8e919c] + SHA
  [9e88b42a] + Serialization
  [6462fe0b] + Sockets
  [cf7118a7] + UUIDs
  [4ec0a83e] + Unicode
   Building TimeZones → `~/.julia/packages/TimeZones/K98G0/deps/build.log`
┌ Error: Error building `TimeZones`: 
│ ERROR: LoadError: IOError: mkdir: permission denied (EACCES)
│ Stacktrace:
│  [1] uv_error at ./libuv.jl:97 [inlined]
│  [2] mkdir(::String; mode::UInt16) at ./file.jl:177
│  [3] mkpath(::String; mode::UInt16) at ./file.jl:227
│  [4] mkpath(::String; mode::UInt16) at ./file.jl:225 (repeats 6 times)
│  [5] mkpath at ./file.jl:222 [inlined]
│  [6] build(::String) at /home/pkgeval/.julia/packages/TimeZones/K98G0/src/tzdata/build.jl:105
│  [7] build(::String; force::Bool) at /home/pkgeval/.julia/packages/TimeZones/K98G0/src/build.jl:11
│  [8] build at /home/pkgeval/.julia/packages/TimeZones/K98G0/src/build.jl:11 [inlined] (repeats 2 times)
│  [9] top-level scope at /home/user/.julia/packages/TimeZones/K98G0/deps/build.jl:3
│  [10] include(::String) at ./client.jl:457
│  [11] top-level scope at none:5
│ in expression starting at /home/user/.julia/packages/TimeZones/K98G0/deps/build.jl:3
└ @ Pkg.Operations /workspace/srcdir/usr/share/julia/stdlib/v1.5/Pkg/src/Operations.jl:949


################################################################################
# Testing: 2021-01-11T18:25:47.344
#

    Testing SimplePolynomials
Status `/tmp/jl_mLaBlc/Project.toml`
  [7475f97c] Mods v1.2.4
  [3b2b4ff1] Multisets v0.3.3
  [f27b6e38] Polynomials v1.2.0
  [27ebfcd6] Primes v0.5.0
  [cc47b68c] SimplePolynomials v0.2.5
  [8dfed614] Test
Status `/tmp/jl_mLaBlc/Manifest.toml`
  [79e6a3ab] Adapt v2.4.0
  [56f22d72] Artifacts v1.3.0
  [e2ba6199] ExprTools v0.1.3
  [8f5d6c58] EzXML v1.1.0
  [d8418881] Intervals v1.5.0
  [692b3bcd] JLLWrappers v1.2.0
  [94ce4f54] Libiconv_jll v1.16.0+7
  [78c3b35d] Mocking v0.7.1
  [7475f97c] Mods v1.2.4
  [3b2b4ff1] Multisets v0.3.3
  [6fe1bfb0] OffsetArrays v1.5.0
  [f27b6e38] Polynomials v1.2.0
  [27ebfcd6] Primes v0.5.0
  [3cdcf5f2] RecipesBase v1.1.1
  [cc47b68c] SimplePolynomials v0.2.5
  [f269a46b] TimeZones v1.5.3
  [02c8fc9c] XML2_jll v2.9.10+3
  [83775a58] Zlib_jll v1.2.11+18
  [2a0f44e3] Base64
  [ade2ca70] Dates
  [8ba89e20] Distributed
  [b77e0a4c] InteractiveUtils
  [76f85450] LibGit2
  [8f399da3] Libdl
  [37e2e46d] LinearAlgebra
  [56ddb016] Logging
  [d6f4376e] Markdown
  [44cfe95a] Pkg
  [de0858da] Printf
  [3fa0cd96] REPL
  [9a3f8284] Random
  [ea8e919c] SHA
  [9e88b42a] Serialization
  [6462fe0b] Sockets
  [8dfed614] Test
  [cf7118a7] UUIDs
  [4ec0a83e] Unicode
Test Summary:           | Pass  Total
Polynomial Constructors |    5      5
Test Summary:                  | Pass  Total
Rational Function Constructors |    3      3
Test Summary: | Pass  Total
String        |    1      1
Test Summary:         | Pass  Total
Polynomial Arithmetic |    6      6
Test Summary:                | Pass  Total
Rational Function Arithmetic |    5      5
Test Summary:   | Pass  Total
Complex numbers |    3      3
Test Summary: | Pass  Total
Mod numbers   |    2      2
Test Summary:  | Pass  Total
Polynomial GCD |    3      3
Test Summary: | Pass  Total
PolyCalculus  |    1      1
Test Summary: | Pass  Total
Mod Polys     |    3      3
Test Summary:   | Pass  Total
Rational Basics |    4      4
Test Summary:       | Pass  Total
Rational derivative |    1      1
Test Summary: | Pass  Total
Rational Mod  |    1      1
Test Summary: | Pass  Total
Functionize   |    3      3
Test Summary:  | Pass  Total
Rational Roots |    1      1
    Testing SimplePolynomials tests passed 

PkgEval succeeded


################################################################################
# PkgEval teardown: 2021-01-11T18:26:01.126
CPU usage: 24.89s (22.18s user, 2.78s kernel)

Network usage:
- eth0: 3.249 MiB received, 111.093 KiB sent

Raw statistics: {"blkio_stats":{"io_queue_recursive":[],"io_serviced_recursive":[{"major":259,"value":0,"op":"Read","minor":0},{"major":259,"value":23,"op":"Write","minor":0},{"major":259,"value":14,"op":"Sync","minor":0},{"major":259,"value":9,"op":"Async","minor":0},{"major":259,"value":0,"op":"Discard","minor":0},{"major":259,"value":23,"op":"Total","minor":0},{"major":253,"value":0,"op":"Read","minor":2},{"major":253,"value":23,"op":"Write","minor":2},{"major":253,"value":14,"op":"Sync","minor":2},{"major":253,"value":9,"op":"Async","minor":2},{"major":253,"value":0,"op":"Discard","minor":2},{"major":253,"value":23,"op":"Total","minor":2}],"io_time_recursive":[],"sectors_recursive":[],"io_service_bytes_recursive":[{"major":259,"value":0,"op":"Read","minor":0},{"major":259,"value":102400,"op":"Write","minor":0},{"major":259,"value":57344,"op":"Sync","minor":0},{"major":259,"value":45056,"op":"Async","minor":0},{"major":259,"value":0,"op":"Discard","minor":0},{"major":259,"value":102400,"op":"Total","minor":0},{"major":253,"value":0,"op":"Read","minor":2},{"major":253,"value":102400,"op":"Write","minor":2},{"major":253,"value":57344,"op":"Sync","minor":2},{"major":253,"value":45056,"op":"Async","minor":2},{"major":253,"value":0,"op":"Discard","minor":2},{"major":253,"value":102400,"op":"Total","minor":2}],"io_wait_time_recursive":[],"io_merged_recursive":[],"io_service_time_recursive":[]},"memory_stats":{"usage":311603200,"max_usage":539230208,"stats":{"hierarchical_memory_limit":9223372036854771712,"pgmajfault":0,"total_rss":199200768,"inactive_file":135168,"inactive_anon":81506304,"total_pgfault":449856,"total_cache":82419712,"total_rss_huge":0,"total_active_anon":200183808,"total_pgmajfault":0,"pgpgin":252417,"rss_huge":0,"mapped_file":0,"total_inactive_file":135168,"dirty":135168,"total_unevictable":0,"total_dirty":135168,"writeback":0,"pgpgout":183670,"hierarchical_memsw_limit":0,"cache":82419712,"active_file":135168,"pgfault":449856,"total_mapped_file":0,"total_pgpgout":183670,"total_writeback":0,"rss":199200768,"unevictable":0,"total_inactive_anon":81506304,"total_pgpgin":252417,"active_anon":200183808,"total_active_file":135168},"limit":540965302272},"name":"/SimplePolynomials-jwWYIxRH","networks":{"eth0":{"rx_bytes":3406716,"rx_packets":841,"tx_packets":958,"tx_bytes":113759,"tx_dropped":0,"rx_dropped":1,"tx_errors":0,"rx_errors":0}},"id":"eba864da38d3fd2bc015d627455ad32878ffbf8961aee196758d9c0203956309","preread":"0001-01-01T00:00:00Z","storage_stats":{},"precpu_stats":{"throttling_data":{"throttled_periods":0,"throttled_time":0,"periods":0},"cpu_usage":{"usage_in_usermode":0,"usage_in_kernelmode":0,"total_usage":0}},"pids_stats":{"current":44},"num_procs":0,"cpu_stats":{"throttling_data":{"throttled_periods":0,"throttled_time":0,"periods":0},"system_cpu_usage":4558451094522419,"online_cpus":128,"cpu_usage":{"usage_in_usermode":22180000000,"usage_in_kernelmode":2780000000,"total_usage":24893503631,"percpu_usage":[0,0,0,0,0,0,0,0,0,0,0,0,0,0,0,0,0,0,0,0,0,0,0,0,0,0,77333153,24816163058,0,0,0,0,0,0,0,0,0,0,0,0,0,0,0,0,0,0,0,0,0,0,0,0,0,0,0,0,0,0,0,0,0,0,0,0,0,0,0,0,0,0,0,0,0,0,0,0,0,0,0,0,0,0,0,0,0,0,0,0,0,0,0,7420,0,0,0,0,0,0,0,0,0,0,0,0,0,0,0,0,0,0,0,0,0,0,0,0,0,0,0,0,0,0,0,0,0,0,0,0]}},"read":"2021-01-11T18:26:01.128966124Z"}