################################################################################
# PackageCompiler set-up: 2021-01-11T22:14:28.823
#

Julia Version 1.5.3
Commit 599f52c4c6 (2020-12-18 13:33 UTC)
Platform Info:
  OS: Linux (x86_64-linux-gnu)
  CPU: AMD EPYC 7502 32-Core Processor
  WORD_SIZE: 64
  LIBM: libopenlibm
  LLVM: libLLVM-9.0.1 (ORCJIT, znver2)
Environment:
  JULIA_PKGEVAL = true
  JULIA_PKG_PRECOMPILE_AUTO = 0



################################################################################
# Installation: 2021-01-11T22:14:30.569
#

 Installing known registries into `~/.julia`
############                                                              17.6%######################################################################## 100.0%
      Added registry `General` to `~/.julia/registries/General`
  Resolving package versions...
  Installed SkyCoords ─────── v0.3.0
  Installed StaticArrays ──── v0.12.5
  Installed PackageCompiler ─ v1.2.5
Updating `~/.julia/environments/v1.5/Project.toml`
  [9b87118b] + PackageCompiler v1.2.5
  [fc659fc5] + SkyCoords v0.3.0
Updating `~/.julia/environments/v1.5/Manifest.toml`
  [9b87118b] + PackageCompiler v1.2.5
  [fc659fc5] + SkyCoords v0.3.0
  [90137ffa] + StaticArrays v0.12.5
  [2a0f44e3] + Base64
  [ade2ca70] + Dates
  [8bb1440f] + DelimitedFiles
  [8ba89e20] + Distributed
  [b77e0a4c] + InteractiveUtils
  [76f85450] + LibGit2
  [8f399da3] + Libdl
  [37e2e46d] + LinearAlgebra
  [56ddb016] + Logging
  [d6f4376e] + Markdown
  [a63ad114] + Mmap
  [44cfe95a] + Pkg
  [de0858da] + Printf
  [3fa0cd96] + REPL
  [9a3f8284] + Random
  [ea8e919c] + SHA
  [9e88b42a] + Serialization
  [6462fe0b] + Sockets
  [2f01184e] + SparseArrays
  [10745b16] + Statistics
  [8dfed614] + Test
  [cf7118a7] + UUIDs
  [4ec0a83e] + Unicode


################################################################################
# Compiling: 2021-01-11T22:14:35.906
#

[ Info: PackageCompiler: creating system image object file, this might take a while...
Generated system image is 153.180 MiB, compilation took 173 seconds


################################################################################
# PkgEval set-up: 2021-01-11T22:17:36.738
#

Julia Version 1.5.3
Commit 599f52c4c6 (2020-12-18 13:33 UTC)
Platform Info:
  OS: Linux (x86_64-linux-gnu)
  CPU: AMD EPYC 7502 32-Core Processor
  WORD_SIZE: 64
  LIBM: libopenlibm
  LLVM: libLLVM-9.0.1 (ORCJIT, znver2)
Environment:
  JULIA_PKGEVAL = true
  JULIA_PKG_PRECOMPILE_AUTO = 0

Base.julia_cmd() = `/usr/local/julia/bin/julia -Cnative -J/cache/SkyCoords-hOmZFEP7.so -g1`


################################################################################
# Installation: 2021-01-11T22:17:38.248
#

 Installing known registries into `~/.julia`
######################################################################## 100.0%
      Added registry `General` to `~/.julia/registries/General`
  Resolving package versions...
  Installed SkyCoords ──── v0.3.0
  Installed StaticArrays ─ v0.12.5
Updating `~/.julia/environments/v1.5/Project.toml`
  [fc659fc5] + SkyCoords v0.3.0
Updating `~/.julia/environments/v1.5/Manifest.toml`
  [fc659fc5] + SkyCoords v0.3.0
  [90137ffa] + StaticArrays v0.12.5
  [2a0f44e3] + Base64
  [8bb1440f] + DelimitedFiles
  [8ba89e20] + Distributed
  [b77e0a4c] + InteractiveUtils
  [8f399da3] + Libdl
  [37e2e46d] + LinearAlgebra
  [56ddb016] + Logging
  [d6f4376e] + Markdown
  [a63ad114] + Mmap
  [de0858da] + Printf
  [9a3f8284] + Random
  [9e88b42a] + Serialization
  [6462fe0b] + Sockets
  [2f01184e] + SparseArrays
  [10745b16] + Statistics
  [8dfed614] + Test
  [4ec0a83e] + Unicode


################################################################################
# Testing: 2021-01-11T22:17:41.615
#

    Testing SkyCoords
Status `/tmp/jl_mJGmfa/Project.toml`
  [fc659fc5] SkyCoords v0.3.0
  [90137ffa] StaticArrays v0.12.5
  [8bb1440f] DelimitedFiles
  [de0858da] Printf
  [10745b16] Statistics
  [8dfed614] Test
Status `/tmp/jl_mJGmfa/Manifest.toml`
  [fc659fc5] SkyCoords v0.3.0
  [90137ffa] StaticArrays v0.12.5
  [2a0f44e3] Base64
  [8bb1440f] DelimitedFiles
  [8ba89e20] Distributed
  [b77e0a4c] InteractiveUtils
  [8f399da3] Libdl
  [37e2e46d] LinearAlgebra
  [56ddb016] Logging
  [d6f4376e] Markdown
  [a63ad114] Mmap
  [de0858da] Printf
  [9a3f8284] Random
  [9e88b42a] Serialization
  [6462fe0b] Sockets
  [2f01184e] SparseArrays
  [10745b16] Statistics
  [8dfed614] Test
  [4ec0a83e] Unicode
Testing type Float32
    icrs --> fk5j2000 : max=0.0983"  mean=0.0129"   min=0.0000"
    icrs --> fk5j1975 : max=0.0983"  mean=0.0120"   min=0.0000"
    icrs -->      gal : max=0.1017"  mean=0.0138"   min=0.0000"
fk5j2000 -->     icrs : max=0.0983"  mean=0.0137"   min=0.0000"
fk5j2000 --> fk5j1975 : max=0.0983"  mean=0.0127"   min=0.0000"
fk5j2000 -->      gal : max=0.0987"  mean=0.0135"   min=0.0000"
fk5j1975 -->     icrs : max=0.0983"  mean=0.0126"   min=0.0000"
fk5j1975 --> fk5j2000 : max=0.0983"  mean=0.0138"   min=0.0000"
fk5j1975 -->      gal : max=0.0982"  mean=0.0127"   min=0.0000"
     gal -->     icrs : max=0.0967"  mean=0.0128"   min=0.0000"
     gal --> fk5j2000 : max=0.0972"  mean=0.0130"   min=0.0000"
     gal --> fk5j1975 : max=0.0975"  mean=0.0128"   min=0.0000"
Testing type Float64
    icrs --> fk5j2000 : max=0.0000"  mean=0.0000"   min=0.0000"
    icrs --> fk5j1975 : max=0.0000"  mean=0.0000"   min=0.0000"
    icrs -->      gal : max=0.0000"  mean=0.0000"   min=0.0000"
fk5j2000 -->     icrs : max=0.0000"  mean=0.0000"   min=0.0000"
fk5j2000 --> fk5j1975 : max=0.0000"  mean=0.0000"   min=0.0000"
fk5j2000 -->      gal : max=0.0000"  mean=0.0000"   min=0.0000"
fk5j1975 -->     icrs : max=0.0000"  mean=0.0000"   min=0.0000"
fk5j1975 --> fk5j2000 : max=0.0000"  mean=0.0000"   min=0.0000"
fk5j1975 -->      gal : max=0.0000"  mean=0.0000"   min=0.0000"
     gal -->     icrs : max=0.0000"  mean=0.0000"   min=0.0000"
     gal --> fk5j2000 : max=0.0000"  mean=0.0000"   min=0.0000"
     gal --> fk5j1975 : max=0.0000"  mean=0.0000"   min=0.0000"
Testing type BigFloat
    icrs --> fk5j2000 : max=0.0000"  mean=0.0000"   min=0.0000"
    icrs --> fk5j1975 : max=0.0000"  mean=0.0000"   min=0.0000"
    icrs -->      gal : max=0.0000"  mean=0.0000"   min=0.0000"
fk5j2000 -->     icrs : max=0.0000"  mean=0.0000"   min=0.0000"
fk5j2000 --> fk5j1975 : max=0.0000"  mean=0.0000"   min=0.0000"
fk5j2000 -->      gal : max=0.0000"  mean=0.0000"   min=0.0000"
fk5j1975 -->     icrs : max=0.0000"  mean=0.0000"   min=0.0000"
fk5j1975 --> fk5j2000 : max=0.0000"  mean=0.0000"   min=0.0000"
fk5j1975 -->      gal : max=0.0000"  mean=0.0000"   min=0.0000"
     gal -->     icrs : max=0.0000"  mean=0.0000"   min=0.0000"
     gal --> fk5j2000 : max=0.0000"  mean=0.0000"   min=0.0000"
     gal --> fk5j1975 : max=0.0000"  mean=0.0000"   min=0.0000"

All tests passed.
    Testing SkyCoords tests passed 

PkgEval succeeded


################################################################################
# PkgEval teardown: 2021-01-11T22:17:50.262
CPU usage: 13.64s (11.42s user, 2.26s kernel)

Network usage:
- eth0: 3.002 MiB received, 34.396 KiB sent

Raw statistics: {"blkio_stats":{"io_queue_recursive":[],"io_serviced_recursive":[{"major":259,"value":0,"op":"Read","minor":0},{"major":259,"value":19,"op":"Write","minor":0},{"major":259,"value":14,"op":"Sync","minor":0},{"major":259,"value":5,"op":"Async","minor":0},{"major":259,"value":0,"op":"Discard","minor":0},{"major":259,"value":19,"op":"Total","minor":0},{"major":253,"value":0,"op":"Read","minor":2},{"major":253,"value":19,"op":"Write","minor":2},{"major":253,"value":14,"op":"Sync","minor":2},{"major":253,"value":5,"op":"Async","minor":2},{"major":253,"value":0,"op":"Discard","minor":2},{"major":253,"value":19,"op":"Total","minor":2}],"io_time_recursive":[],"sectors_recursive":[],"io_service_bytes_recursive":[{"major":259,"value":0,"op":"Read","minor":0},{"major":259,"value":77824,"op":"Write","minor":0},{"major":259,"value":57344,"op":"Sync","minor":0},{"major":259,"value":20480,"op":"Async","minor":0},{"major":259,"value":0,"op":"Discard","minor":0},{"major":259,"value":77824,"op":"Total","minor":0},{"major":253,"value":0,"op":"Read","minor":2},{"major":253,"value":77824,"op":"Write","minor":2},{"major":253,"value":57344,"op":"Sync","minor":2},{"major":253,"value":20480,"op":"Async","minor":2},{"major":253,"value":0,"op":"Discard","minor":2},{"major":253,"value":77824,"op":"Total","minor":2}],"io_wait_time_recursive":[],"io_merged_recursive":[],"io_service_time_recursive":[]},"memory_stats":{"usage":283860992,"max_usage":502960128,"stats":{"hierarchical_memory_limit":9223372036854771712,"pgmajfault":0,"total_rss":170500096,"inactive_file":135168,"inactive_anon":80154624,"total_pgfault":242055,"total_cache":83582976,"total_rss_huge":0,"total_active_anon":171528192,"total_pgmajfault":0,"pgpgin":172062,"rss_huge":0,"mapped_file":0,"total_inactive_file":135168,"dirty":135168,"total_unevictable":0,"total_dirty":135168,"writeback":0,"pgpgout":110032,"hierarchical_memsw_limit":0,"cache":83582976,"active_file":2568192,"pgfault":242055,"total_mapped_file":0,"total_pgpgout":110032,"total_writeback":0,"rss":170500096,"unevictable":0,"total_inactive_anon":80154624,"total_pgpgin":172062,"active_anon":171528192,"total_active_file":2568192},"limit":540965302272},"name":"/SkyCoords-2QvmQoMt","networks":{"eth0":{"rx_bytes":3147559,"rx_packets":350,"tx_packets":355,"tx_bytes":35222,"tx_dropped":0,"rx_dropped":1,"tx_errors":0,"rx_errors":0}},"id":"0c49b549fac633a917a872527a21ecbb08c920b219742c06952b29c9479cb41c","preread":"0001-01-01T00:00:00Z","storage_stats":{},"precpu_stats":{"throttling_data":{"throttled_periods":0,"throttled_time":0,"periods":0},"cpu_usage":{"usage_in_usermode":0,"usage_in_kernelmode":0,"total_usage":0}},"pids_stats":{"current":44},"num_procs":0,"cpu_stats":{"throttling_data":{"throttled_periods":0,"throttled_time":0,"periods":0},"system_cpu_usage":6335923334522419,"online_cpus":128,"cpu_usage":{"usage_in_usermode":11420000000,"usage_in_kernelmode":2260000000,"total_usage":13635463379,"percpu_usage":[0,0,0,0,0,0,0,0,0,0,0,0,0,0,0,0,0,0,0,0,0,0,0,0,0,0,0,0,0,0,0,0,0,0,0,0,0,0,0,0,0,0,0,0,0,0,0,0,0,0,0,0,0,0,0,0,0,0,0,0,13635458379,0,0,0,0,0,0,0,0,0,0,0,0,0,0,0,0,0,0,0,0,0,0,0,0,0,0,0,0,0,0,0,0,0,0,0,0,0,0,0,0,0,0,0,0,0,0,0,0,0,0,0,0,0,0,0,0,0,0,0,0,0,0,0,0,0,0,5000]}},"read":"2021-01-11T22:17:50.30941602Z"}