################################################################################
# PackageCompiler set-up: 2021-01-11T16:24:32.461
#

Julia Version 1.5.3
Commit 599f52c4c6 (2020-12-18 13:33 UTC)
Platform Info:
  OS: Linux (x86_64-linux-gnu)
  CPU: AMD EPYC 7502 32-Core Processor
  WORD_SIZE: 64
  LIBM: libopenlibm
  LLVM: libLLVM-9.0.1 (ORCJIT, znver2)
Environment:
  JULIA_PKGEVAL = true
  JULIA_PKG_PRECOMPILE_AUTO = 0



################################################################################
# Installation: 2021-01-11T16:24:34.186
#

 Installing known registries into `~/.julia`
##################                                                        25.8%######################################################################## 100.0%
      Added registry `General` to `~/.julia/registries/General`
  Resolving package versions...
  Installed IfElse ──────────── v0.1.0
  Installed Hwloc ───────────── v1.1.0
  Installed Requires ────────── v1.1.2
  Installed ArrayInterface ──── v2.14.13
  Installed Hwloc_jll ───────── v2.2.0+0
  Installed PackageCompiler ─── v1.2.5
  Installed SLEEFPirates ────── v0.6.4
  Installed VectorizationBase ─ v0.15.1
Updating `~/.julia/environments/v1.5/Project.toml`
  [9b87118b] + PackageCompiler v1.2.5
  [476501e8] + SLEEFPirates v0.6.4
Updating `~/.julia/environments/v1.5/Manifest.toml`
  [4fba245c] + ArrayInterface v2.14.13
  [0e44f5e4] + Hwloc v1.1.0
  [e33a78d0] + Hwloc_jll v2.2.0+0
  [615f187c] + IfElse v0.1.0
  [9b87118b] + PackageCompiler v1.2.5
  [ae029012] + Requires v1.1.2
  [476501e8] + SLEEFPirates v0.6.4
  [3d5dd08c] + VectorizationBase v0.15.1
  [2a0f44e3] + Base64
  [ade2ca70] + Dates
  [b77e0a4c] + InteractiveUtils
  [76f85450] + LibGit2
  [8f399da3] + Libdl
  [37e2e46d] + LinearAlgebra
  [56ddb016] + Logging
  [d6f4376e] + Markdown
  [44cfe95a] + Pkg
  [de0858da] + Printf
  [3fa0cd96] + REPL
  [9a3f8284] + Random
  [ea8e919c] + SHA
  [9e88b42a] + Serialization
  [6462fe0b] + Sockets
  [2f01184e] + SparseArrays
  [cf7118a7] + UUIDs
  [4ec0a83e] + Unicode


################################################################################
# Compiling: 2021-01-11T16:24:40.236
#

[ Info: PackageCompiler: creating system image object file, this might take a while...
Generated system image is 163.027 MiB, compilation took 203 seconds


ERROR: could not load library "/cache/SLEEFPirates-as0jCHOQ.so"
/cache/SLEEFPirates-as0jCHOQ.so: undefined symbol: jfptr_llvmname_23868

No statistics gathered.