################################################################################
# PkgEval set-up: 2021-01-11T22:58:29.179
#

Julia Version 1.5.3
Commit 599f52c4c6 (2020-12-18 13:33 UTC)
Platform Info:
  OS: Linux (x86_64-linux-gnu)
  CPU: AMD EPYC 7502 32-Core Processor
  WORD_SIZE: 64
  LIBM: libopenlibm
  LLVM: libLLVM-9.0.1 (ORCJIT, znver2)
Environment:
  JULIA_PKG_PRECOMPILE_AUTO = 0
  JULIA_PKGEVAL = true

Base.julia_cmd() = `/opt/julia/bin/julia -Cnative -J/opt/julia/lib/julia/sys.so -g1`


################################################################################
# Installation: 2021-01-11T22:58:31.007
#

 Installing known registries into `~/.julia`
#############################################################             85.6%######################################################################## 100.0%
      Added registry `General` to `~/.julia/registries/General`
  Resolving package versions...
  Installed SMCExamples ─────────────────────── v0.6.0
  Installed SequentialMonteCarlo ────────────── v0.6.0
  Installed Requires ────────────────────────── v1.1.2
  Installed Random123 ───────────────────────── v1.2.0
  Installed RNGPool ─────────────────────────── v1.0.1
  Installed Compat ──────────────────────────── v2.2.1
  Installed NonUniformRandomVariateGeneration ─ v1.0.0
  Installed RandomNumbers ───────────────────── v1.4.0
  Installed StaticArrays ────────────────────── v0.12.5
Updating `~/.julia/environments/v1.5/Project.toml`
  [251f48c7] + SMCExamples v0.6.0
Updating `~/.julia/environments/v1.5/Manifest.toml`
  [34da2185] + Compat v2.2.1
  [cd27a545] + NonUniformRandomVariateGeneration v1.0.0
  [c7fc2d14] + RNGPool v1.0.1
  [74087812] + Random123 v1.2.0
  [e6cf234a] + RandomNumbers v1.4.0
  [ae029012] + Requires v1.1.2
  [251f48c7] + SMCExamples v0.6.0
  [8c675823] + SequentialMonteCarlo v0.6.0
  [90137ffa] + StaticArrays v0.12.5
  [2a0f44e3] + Base64
  [ade2ca70] + Dates
  [8bb1440f] + DelimitedFiles
  [8ba89e20] + Distributed
  [b77e0a4c] + InteractiveUtils
  [76f85450] + LibGit2
  [8f399da3] + Libdl
  [37e2e46d] + LinearAlgebra
  [56ddb016] + Logging
  [d6f4376e] + Markdown
  [a63ad114] + Mmap
  [44cfe95a] + Pkg
  [de0858da] + Printf
  [3fa0cd96] + REPL
  [9a3f8284] + Random
  [ea8e919c] + SHA
  [9e88b42a] + Serialization
  [1a1011a3] + SharedArrays
  [6462fe0b] + Sockets
  [2f01184e] + SparseArrays
  [10745b16] + Statistics
  [8dfed614] + Test
  [cf7118a7] + UUIDs
  [4ec0a83e] + Unicode
   Building Random123 → `~/.julia/packages/Random123/Y2Du3/deps/build.log`


################################################################################
# Testing: 2021-01-11T22:58:36.285
#

┌ Warning: using test/REQUIRE files is deprecated and current support is lacking in some areas
└ @ Pkg.Operations /workspace/srcdir/usr/share/julia/stdlib/v1.5/Pkg/src/Operations.jl:1475
    Testing SMCExamples
Status `/tmp/jl_buTXAQ/Project.toml`
  [34da2185] Compat v2.2.1
  [258d96c3] MonteCarloMarkovKernels v1.0.1
  [c7fc2d14] RNGPool v1.0.1
  [251f48c7] SMCExamples v0.6.0
  [8c675823] SequentialMonteCarlo v0.6.0
  [90137ffa] StaticArrays v0.12.5
Status `/tmp/jl_buTXAQ/Manifest.toml`
  [621f4979] AbstractFFTs v1.0.0
  [79e6a3ab] Adapt v2.4.0
  [56f22d72] Artifacts v1.3.0
  [13072b0f] AxisAlgorithms v1.0.0
  [d360d2e6] ChainRulesCore v0.9.24
  [34da2185] Compat v2.2.1
  [e66e0078] CompilerSupportLibraries_jll v0.3.4+0
  [9a962f9c] DataAPI v1.4.0
  [864edb3b] DataStructures v0.17.20
  [31c24e10] Distributions v0.24.10
  [ffbed154] DocStringExtensions v0.8.3
  [7a1cc6ca] FFTW v1.3.1
  [f5851436] FFTW_jll v3.3.9+7
  [1a297f60] FillArrays v0.10.2
  [1d5cc7b8] IntelOpenMP_jll v2018.0.3+0
  [a98d9a8b] Interpolations v0.13.1
  [692b3bcd] JLLWrappers v1.2.0
  [5ab0869b] KernelDensity v0.6.2
  [856f044c] MKL_jll v2020.2.254+0
  [e1d29d7a] Missings v0.4.4
  [258d96c3] MonteCarloMarkovKernels v1.0.1
  [46d2c3a1] MuladdMacro v0.2.2
  [cd27a545] NonUniformRandomVariateGeneration v1.0.0
  [6fe1bfb0] OffsetArrays v1.5.0
  [efe28fd5] OpenSpecFun_jll v0.5.3+4
  [bac558e1] OrderedCollections v1.3.2
  [90014a1f] PDMats v0.10.1
  [92933f4c] ProgressMeter v0.9.0
  [1fd47b50] QuadGK v2.4.1
  [c7fc2d14] RNGPool v1.0.1
  [74087812] Random123 v1.2.0
  [e6cf234a] RandomNumbers v1.4.0
  [c84ed2f1] Ratios v0.4.0
  [189a3867] Reexport v1.0.0
  [ae029012] Requires v1.1.2
  [79098fc4] Rmath v0.6.1
  [f50d1b31] Rmath_jll v0.2.2+1
  [251f48c7] SMCExamples v0.6.0
  [8c675823] SequentialMonteCarlo v0.6.0
  [a2af1166] SortingAlgorithms v0.3.1
  [276daf66] SpecialFunctions v1.2.1
  [90137ffa] StaticArrays v0.12.5
  [2913bbd2] StatsBase v0.33.2
  [4c63d2b9] StatsFuns v0.9.6
  [efce3f68] WoodburyMatrices v0.5.3
  [2a0f44e3] Base64
  [ade2ca70] Dates
  [8bb1440f] DelimitedFiles
  [8ba89e20] Distributed
  [b77e0a4c] InteractiveUtils
  [76f85450] LibGit2
  [8f399da3] Libdl
  [37e2e46d] LinearAlgebra
  [56ddb016] Logging
  [d6f4376e] Markdown
  [a63ad114] Mmap
  [44cfe95a] Pkg
  [de0858da] Printf
  [3fa0cd96] REPL
  [9a3f8284] Random
  [ea8e919c] SHA
  [9e88b42a] Serialization
  [1a1011a3] SharedArrays
  [6462fe0b] Sockets
  [2f01184e] SparseArrays
  [10745b16] Statistics
  [4607b0f0] SuiteSparse
  [8dfed614] Test
  [cf7118a7] UUIDs
  [4ec0a83e] Unicode
┌ Warning: `a::StaticArray - b::Number` is deprecated, use `a .- b` instead.
│   caller = vpns(::SMCExamples.FiniteFeynmanKac.FiniteFK{3}, ::SMCExamples.FiniteFeynmanKac.FiniteFKOut{3}, ::StaticArrays.SArray{Tuple{3},Float64,1,3}, ::Bool, ::Bool, ::Array{Bool,1}, ::Int64) at finiteFK.jl:277
└ @ SMCExamples.FiniteFeynmanKac ~/.julia/packages/SMCExamples/G1mMI/src/finiteFK.jl:277
Test Summary:         | Pass  Total
Finite FK Model tests |    2      2
Test Summary: | Pass  Total
LGModel tests |    4      4
Test Summary:   | Pass  Total
MVLGModel tests |    1      1
Test Summary:     | Pass  Total
SMC Sampler tests |    2      2
Test Summary:  | Pass  Total
Lorenz96 tests |    1      1
Test Summary: |
Netto tests   | No tests
PMMH tests: Error During Test at /home/pkgeval/.julia/packages/SMCExamples/G1mMI/test/runtests.jl:27
  Got exception outside of a @test
  LoadError: UndefVarError: srand not defined
  Stacktrace:
   [1] top-level scope at /home/pkgeval/.julia/packages/SMCExamples/G1mMI/test/lgPMMH_test.jl:61
   [2] include(::String) at ./client.jl:457
   [3] top-level scope at /home/pkgeval/.julia/packages/SMCExamples/G1mMI/test/runtests.jl:28
   [4] top-level scope at /workspace/srcdir/usr/share/julia/stdlib/v1.5/Test/src/Test.jl:1115
   [5] top-level scope at /home/pkgeval/.julia/packages/SMCExamples/G1mMI/test/runtests.jl:28
   [6] include(::String) at ./client.jl:457
   [7] top-level scope at none:6
   [8] eval(::Module, ::Any) at ./boot.jl:331
   [9] exec_options(::Base.JLOptions) at ./client.jl:272
   [10] _start() at ./client.jl:506
  in expression starting at /home/pkgeval/.julia/packages/SMCExamples/G1mMI/test/lgPMMH_test.jl:61
  
Test Summary: | Error  Total
PMMH tests    |     1      1
ERROR: LoadError: Some tests did not pass: 0 passed, 0 failed, 1 errored, 0 broken.
in expression starting at /home/pkgeval/.julia/packages/SMCExamples/G1mMI/test/runtests.jl:27

PkgEval failed: Package SMCExamples errored during testing
Stacktrace:
 [1] pkgerror(::String) at /workspace/srcdir/usr/share/julia/stdlib/v1.5/Pkg/src/Types.jl:52
 [2] test(::Pkg.Types.Context, ::Array{Pkg.Types.PackageSpec,1}; coverage::Bool, julia_args::Cmd, test_args::Cmd, test_fn::Nothing) at /workspace/srcdir/usr/share/julia/stdlib/v1.5/Pkg/src/Operations.jl:1578
 [3] test(::Pkg.Types.Context, ::Array{Pkg.Types.PackageSpec,1}; coverage::Bool, test_fn::Nothing, julia_args::Cmd, test_args::Cmd, kwargs::Base.Iterators.Pairs{Union{},Union{},Tuple{},NamedTuple{(),Tuple{}}}) at /workspace/srcdir/usr/share/julia/stdlib/v1.5/Pkg/src/API.jl:327
 [4] test(::Pkg.Types.Context, ::Array{Pkg.Types.PackageSpec,1}) at /workspace/srcdir/usr/share/julia/stdlib/v1.5/Pkg/src/API.jl:314
 [5] #test#61 at /workspace/srcdir/usr/share/julia/stdlib/v1.5/Pkg/src/API.jl:67 [inlined]
 [6] test at /workspace/srcdir/usr/share/julia/stdlib/v1.5/Pkg/src/API.jl:67 [inlined]
 [7] #test#60 at /workspace/srcdir/usr/share/julia/stdlib/v1.5/Pkg/src/API.jl:66 [inlined]
 [8] test at /workspace/srcdir/usr/share/julia/stdlib/v1.5/Pkg/src/API.jl:66 [inlined]
 [9] test(::String; kwargs::Base.Iterators.Pairs{Union{},Union{},Tuple{},NamedTuple{(),Tuple{}}}) at /workspace/srcdir/usr/share/julia/stdlib/v1.5/Pkg/src/API.jl:65
 [10] test(::String) at /workspace/srcdir/usr/share/julia/stdlib/v1.5/Pkg/src/API.jl:65
 [11] top-level scope at none:22
 [12] eval at ./boot.jl:331 [inlined]
 [13] eval(::Expr) at ./client.jl:467
 [14] top-level scope at none:1
 [15] eval(::Module, ::Any) at ./boot.jl:331
 [16] exec_options(::Base.JLOptions) at ./client.jl:272
 [17] _start() at ./client.jl:506


################################################################################
# PkgEval teardown: 2021-01-11T23:00:39.455
CPU usage: 130.10s (121.65s user, 8.64s kernel)

Network usage:
- eth0: 8.949 MiB received, 246.552 KiB sent

Raw statistics: {"blkio_stats":{"io_queue_recursive":[],"io_serviced_recursive":[{"major":259,"value":0,"op":"Read","minor":0},{"major":259,"value":36,"op":"Write","minor":0},{"major":259,"value":19,"op":"Sync","minor":0},{"major":259,"value":17,"op":"Async","minor":0},{"major":259,"value":0,"op":"Discard","minor":0},{"major":259,"value":36,"op":"Total","minor":0},{"major":253,"value":0,"op":"Read","minor":2},{"major":253,"value":36,"op":"Write","minor":2},{"major":253,"value":19,"op":"Sync","minor":2},{"major":253,"value":17,"op":"Async","minor":2},{"major":253,"value":0,"op":"Discard","minor":2},{"major":253,"value":36,"op":"Total","minor":2}],"io_time_recursive":[],"sectors_recursive":[],"io_service_bytes_recursive":[{"major":259,"value":0,"op":"Read","minor":0},{"major":259,"value":192512,"op":"Write","minor":0},{"major":259,"value":106496,"op":"Sync","minor":0},{"major":259,"value":86016,"op":"Async","minor":0},{"major":259,"value":0,"op":"Discard","minor":0},{"major":259,"value":192512,"op":"Total","minor":0},{"major":253,"value":0,"op":"Read","minor":2},{"major":253,"value":192512,"op":"Write","minor":2},{"major":253,"value":106496,"op":"Sync","minor":2},{"major":253,"value":86016,"op":"Async","minor":2},{"major":253,"value":0,"op":"Discard","minor":2},{"major":253,"value":192512,"op":"Total","minor":2}],"io_wait_time_recursive":[],"io_merged_recursive":[],"io_service_time_recursive":[]},"memory_stats":{"usage":373370880,"max_usage":1689399296,"stats":{"hierarchical_memory_limit":9223372036854771712,"pgmajfault":0,"total_rss":225013760,"inactive_file":135168,"inactive_anon":98672640,"total_pgfault":3364944,"total_cache":116322304,"total_rss_huge":0,"total_active_anon":242626560,"total_pgmajfault":0,"pgpgin":2214432,"rss_huge":0,"mapped_file":0,"total_inactive_file":135168,"dirty":405504,"total_unevictable":0,"total_dirty":405504,"writeback":0,"pgpgout":2131071,"hierarchical_memsw_limit":0,"cache":116322304,"active_file":135168,"pgfault":3364944,"total_mapped_file":0,"total_pgpgout":2131071,"total_writeback":0,"rss":225013760,"unevictable":0,"total_inactive_anon":98672640,"total_pgpgin":2214432,"active_anon":242626560,"total_active_file":135168},"limit":540965302272},"name":"/SMCExamples-j38ThgcN","networks":{"eth0":{"rx_bytes":9383359,"rx_packets":1891,"tx_packets":2069,"tx_bytes":252469,"tx_dropped":0,"rx_dropped":5,"tx_errors":0,"rx_errors":0}},"id":"dd9e12fd279aeffcdc73d23e36009d3e2fff3024081cc4bb3c2ad06b4badb571","preread":"0001-01-01T00:00:00Z","storage_stats":{},"precpu_stats":{"throttling_data":{"throttled_periods":0,"throttled_time":0,"periods":0},"cpu_usage":{"usage_in_usermode":0,"usage_in_kernelmode":0,"total_usage":0}},"pids_stats":{"current":40},"num_procs":0,"cpu_stats":{"throttling_data":{"throttled_periods":0,"throttled_time":0,"periods":0},"system_cpu_usage":6664160674522419,"online_cpus":128,"cpu_usage":{"usage_in_usermode":121650000000,"usage_in_kernelmode":8640000000,"total_usage":130101811149,"percpu_usage":[0,0,0,0,0,0,0,0,0,0,0,0,0,0,0,0,0,0,0,0,0,0,0,0,0,0,0,0,0,0,0,0,0,0,0,0,0,0,0,0,0,0,0,0,1298260,0,0,130100507819,0,0,0,0,0,0,0,0,0,0,0,0,0,0,0,0,0,0,0,0,0,0,0,0,0,0,0,0,0,0,0,0,0,0,0,0,0,0,0,0,0,0,0,0,0,0,0,0,0,0,0,0,0,0,0,0,0,0,0,0,5070,0,0,0,0,0,0,0,0,0,0,0,0,0,0,0,0,0,0,0]}},"read":"2021-01-11T23:00:39.457653907Z"}