################################################################################
# PackageCompiler set-up: 2021-01-11T15:27:03.258
#

Julia Version 1.5.3
Commit 599f52c4c6 (2020-12-18 13:33 UTC)
Platform Info:
  OS: Linux (x86_64-linux-gnu)
  CPU: AMD EPYC 7502 32-Core Processor
  WORD_SIZE: 64
  LIBM: libopenlibm
  LLVM: libLLVM-9.0.1 (ORCJIT, znver2)
Environment:
  JULIA_PKGEVAL = true
  JULIA_PKG_PRECOMPILE_AUTO = 0



################################################################################
# Installation: 2021-01-11T15:27:04.99
#

 Installing known registries into `~/.julia`
####                                                                       6.3%######################################################################## 100.0%
      Added registry `General` to `~/.julia/registries/General`
  Resolving package versions...
  Installed SnakeIterator ─── v0.1.0
  Installed PackageCompiler ─ v1.2.5
Updating `~/.julia/environments/v1.5/Project.toml`
  [9b87118b] + PackageCompiler v1.2.5
  [2a3ac32a] + SnakeIterator v0.1.0
Updating `~/.julia/environments/v1.5/Manifest.toml`
  [9b87118b] + PackageCompiler v1.2.5
  [2a3ac32a] + SnakeIterator v0.1.0
  [2a0f44e3] + Base64
  [ade2ca70] + Dates
  [b77e0a4c] + InteractiveUtils
  [76f85450] + LibGit2
  [8f399da3] + Libdl
  [56ddb016] + Logging
  [d6f4376e] + Markdown
  [44cfe95a] + Pkg
  [de0858da] + Printf
  [3fa0cd96] + REPL
  [9a3f8284] + Random
  [ea8e919c] + SHA
  [9e88b42a] + Serialization
  [6462fe0b] + Sockets
  [cf7118a7] + UUIDs
  [4ec0a83e] + Unicode


################################################################################
# Compiling: 2021-01-11T15:27:10.567
#

[ Info: PackageCompiler: creating system image object file, this might take a while...
Generated system image is 147.276 MiB, compilation took 163 seconds


################################################################################
# PkgEval set-up: 2021-01-11T15:30:01.078
#

Julia Version 1.5.3
Commit 599f52c4c6 (2020-12-18 13:33 UTC)
Platform Info:
  OS: Linux (x86_64-linux-gnu)
  CPU: AMD EPYC 7502 32-Core Processor
  WORD_SIZE: 64
  LIBM: libopenlibm
  LLVM: libLLVM-9.0.1 (ORCJIT, znver2)
Environment:
  JULIA_PKGEVAL = true
  JULIA_PKG_PRECOMPILE_AUTO = 0

Base.julia_cmd() = `/usr/local/julia/bin/julia -Cnative -J/cache/SnakeIterator-lOurD5mC.so -g1`


################################################################################
# Installation: 2021-01-11T15:30:02.917
#

 Installing known registries into `~/.julia`
#######################                                                   32.8%######################################################################## 100.0%
      Added registry `General` to `~/.julia/registries/General`
  Resolving package versions...
  Installed SnakeIterator ─ v0.1.0
Updating `~/.julia/environments/v1.5/Project.toml`
  [2a3ac32a] + SnakeIterator v0.1.0
Updating `~/.julia/environments/v1.5/Manifest.toml`
  [2a3ac32a] + SnakeIterator v0.1.0


################################################################################
# Testing: 2021-01-11T15:30:06.237
#

    Testing SnakeIterator
Status `/tmp/jl_3wXzpb/Project.toml`
  [e30172f5] Documenter v0.26.1
  [2a3ac32a] SnakeIterator v0.1.0
  [8dfed614] Test
Status `/tmp/jl_3wXzpb/Manifest.toml`
  [ffbed154] DocStringExtensions v0.8.3
  [e30172f5] Documenter v0.26.1
  [b5f81e59] IOCapture v0.1.1
  [682c06a0] JSON v0.21.1
  [69de0a69] Parsers v1.0.15
  [2a3ac32a] SnakeIterator v0.1.0
  [2a0f44e3] Base64
  [ade2ca70] Dates
  [8ba89e20] Distributed
  [b77e0a4c] InteractiveUtils
  [76f85450] LibGit2
  [8f399da3] Libdl
  [56ddb016] Logging
  [d6f4376e] Markdown
  [a63ad114] Mmap
  [44cfe95a] Pkg
  [de0858da] Printf
  [3fa0cd96] REPL
  [9a3f8284] Random
  [ea8e919c] SHA
  [9e88b42a] Serialization
  [6462fe0b] Sockets
  [8dfed614] Test
  [cf7118a7] UUIDs
  [4ec0a83e] Unicode
[ Info: SetupBuildDirectory: setting up build directory.
[ Info: Doctest: running doctests.
[ Info: Skipped ExpandTemplates step (doctest only).
[ Info: Skipped CrossReferences step (doctest only).
[ Info: Skipped CheckDocument step (doctest only).
[ Info: Skipped Populate step (doctest only).
[ Info: Skipped RenderDocument step (doctest only).
Test Summary:    | Pass  Total
SnakeIterator.jl |    1      1
    Testing SnakeIterator tests passed 

PkgEval succeeded


################################################################################
# PkgEval teardown: 2021-01-11T15:30:31.713
CPU usage: 30.66s (27.67s user, 3.06s kernel)

Network usage:
- eth0: 3.180 MiB received, 57.622 KiB sent

Raw statistics: {"blkio_stats":{"io_queue_recursive":[],"io_serviced_recursive":[{"major":259,"value":0,"op":"Read","minor":0},{"major":259,"value":19,"op":"Write","minor":0},{"major":259,"value":14,"op":"Sync","minor":0},{"major":259,"value":5,"op":"Async","minor":0},{"major":259,"value":0,"op":"Discard","minor":0},{"major":259,"value":19,"op":"Total","minor":0},{"major":253,"value":0,"op":"Read","minor":2},{"major":253,"value":19,"op":"Write","minor":2},{"major":253,"value":14,"op":"Sync","minor":2},{"major":253,"value":5,"op":"Async","minor":2},{"major":253,"value":0,"op":"Discard","minor":2},{"major":253,"value":19,"op":"Total","minor":2}],"io_time_recursive":[],"sectors_recursive":[],"io_service_bytes_recursive":[{"major":259,"value":0,"op":"Read","minor":0},{"major":259,"value":77824,"op":"Write","minor":0},{"major":259,"value":57344,"op":"Sync","minor":0},{"major":259,"value":20480,"op":"Async","minor":0},{"major":259,"value":0,"op":"Discard","minor":0},{"major":259,"value":77824,"op":"Total","minor":0},{"major":253,"value":0,"op":"Read","minor":2},{"major":253,"value":77824,"op":"Write","minor":2},{"major":253,"value":57344,"op":"Sync","minor":2},{"major":253,"value":20480,"op":"Async","minor":2},{"major":253,"value":0,"op":"Discard","minor":2},{"major":253,"value":77824,"op":"Total","minor":2}],"io_wait_time_recursive":[],"io_merged_recursive":[],"io_service_time_recursive":[]},"memory_stats":{"usage":345567232,"max_usage":1009328128,"stats":{"hierarchical_memory_limit":9223372036854771712,"pgmajfault":0,"total_rss":223559680,"inactive_file":135168,"inactive_anon":81641472,"total_pgfault":705837,"total_cache":91287552,"total_rss_huge":0,"total_active_anon":230596608,"total_pgmajfault":0,"pgpgin":433059,"rss_huge":0,"mapped_file":0,"total_inactive_file":135168,"dirty":270336,"total_unevictable":0,"total_dirty":270336,"writeback":0,"pgpgout":356180,"hierarchical_memsw_limit":0,"cache":91287552,"active_file":2838528,"pgfault":705837,"total_mapped_file":0,"total_pgpgout":356180,"total_writeback":0,"rss":223559680,"unevictable":0,"total_inactive_anon":81641472,"total_pgpgin":433059,"active_anon":230596608,"total_active_file":2838528},"limit":540965302272},"name":"/SnakeIterator-7BHJsKUG","networks":{"eth0":{"rx_bytes":3334559,"rx_packets":564,"tx_packets":568,"tx_bytes":59005,"tx_dropped":0,"rx_dropped":1,"tx_errors":0,"rx_errors":0}},"id":"9b868b95b3534a13c06c7ca53817a864c1f01e82fe37db4ec898fb660aeec233","preread":"0001-01-01T00:00:00Z","storage_stats":{},"precpu_stats":{"throttling_data":{"throttled_periods":0,"throttled_time":0,"periods":0},"cpu_usage":{"usage_in_usermode":0,"usage_in_kernelmode":0,"total_usage":0}},"pids_stats":{"current":44},"num_procs":0,"cpu_stats":{"throttling_data":{"throttled_periods":0,"throttled_time":0,"periods":0},"system_cpu_usage":3212966644522419,"online_cpus":128,"cpu_usage":{"usage_in_usermode":27670000000,"usage_in_kernelmode":3060000000,"total_usage":30658659206,"percpu_usage":[0,0,0,0,0,0,0,0,0,0,0,0,0,0,0,0,0,0,0,0,0,0,0,0,0,0,0,0,0,0,0,0,30658659206,0,0,0,0,0,0,0,0,0,0,0,0,0,0,0,0,0,0,0,0,0,0,0,0,0,0,0,0,0,0,0,0,0,0,0,0,0,0,0,0,0,0,0,0,0,0,0,0,0,0,0,0,0,0,0,0,0,0,0,0,0,0,0,0,0,0,0,0,0,0,0,0,0,0,0,0,0,0,0,0,0,0,0,0,0,0,0,0,0,0,0,0,0,0,0]}},"read":"2021-01-11T15:30:31.853567641Z"}