################################################################################
# PkgEval set-up: 2021-01-11T22:52:09.005
#

Julia Version 1.5.3
Commit 599f52c4c6 (2020-12-18 13:33 UTC)
Platform Info:
  OS: Linux (x86_64-linux-gnu)
  CPU: AMD EPYC 7502 32-Core Processor
  WORD_SIZE: 64
  LIBM: libopenlibm
  LLVM: libLLVM-9.0.1 (ORCJIT, znver2)
Environment:
  JULIA_PKG_PRECOMPILE_AUTO = 0
  JULIA_PKGEVAL = true

Base.julia_cmd() = `/opt/julia/bin/julia -Cnative -J/opt/julia/lib/julia/sys.so -g1`


################################################################################
# Installation: 2021-01-11T22:52:10.806
#

 Installing known registries into `~/.julia`
######################################################################## 100.0%
      Added registry `General` to `~/.julia/registries/General`
  Resolving package versions...
  Installed libsodium_jll ─ v1.0.18+1
  Installed SodiumSeal ──── v0.1.1
Updating `~/.julia/environments/v1.5/Project.toml`
  [2133526b] + SodiumSeal v0.1.1
Updating `~/.julia/environments/v1.5/Manifest.toml`
  [2133526b] + SodiumSeal v0.1.1
  [a9144af2] + libsodium_jll v1.0.18+1
  [2a0f44e3] + Base64
  [ade2ca70] + Dates
  [b77e0a4c] + InteractiveUtils
  [76f85450] + LibGit2
  [8f399da3] + Libdl
  [56ddb016] + Logging
  [d6f4376e] + Markdown
  [44cfe95a] + Pkg
  [de0858da] + Printf
  [3fa0cd96] + REPL
  [9a3f8284] + Random
  [ea8e919c] + SHA
  [9e88b42a] + Serialization
  [6462fe0b] + Sockets
  [cf7118a7] + UUIDs
  [4ec0a83e] + Unicode


################################################################################
# Testing: 2021-01-11T22:52:14.948
#

    Testing SodiumSeal
Status `/tmp/jl_L8syRT/Project.toml`
  [2133526b] SodiumSeal v0.1.1
  [a9144af2] libsodium_jll v1.0.18+1
  [2a0f44e3] Base64
  [8f399da3] Libdl
  [8dfed614] Test
Status `/tmp/jl_L8syRT/Manifest.toml`
  [2133526b] SodiumSeal v0.1.1
  [a9144af2] libsodium_jll v1.0.18+1
  [2a0f44e3] Base64
  [ade2ca70] Dates
  [8ba89e20] Distributed
  [b77e0a4c] InteractiveUtils
  [76f85450] LibGit2
  [8f399da3] Libdl
  [56ddb016] Logging
  [d6f4376e] Markdown
  [44cfe95a] Pkg
  [de0858da] Printf
  [3fa0cd96] REPL
  [9a3f8284] Random
  [ea8e919c] SHA
  [9e88b42a] Serialization
  [6462fe0b] Sockets
  [8dfed614] Test
  [cf7118a7] UUIDs
  [4ec0a83e] Unicode
Test Summary: | Pass  Total
SodiumSeal.jl |    2      2
    Testing SodiumSeal tests passed 

PkgEval succeeded


################################################################################
# PkgEval teardown: 2021-01-11T22:52:20.228
CPU usage: 11.34s (8.71s user, 2.67s kernel)

Network usage:
- eth0: 2.552 MiB received, 34.151 KiB sent

Raw statistics: {"blkio_stats":{"io_queue_recursive":[],"io_serviced_recursive":[{"major":259,"value":0,"op":"Read","minor":0},{"major":259,"value":24,"op":"Write","minor":0},{"major":259,"value":19,"op":"Sync","minor":0},{"major":259,"value":5,"op":"Async","minor":0},{"major":259,"value":0,"op":"Discard","minor":0},{"major":259,"value":24,"op":"Total","minor":0},{"major":253,"value":0,"op":"Read","minor":2},{"major":253,"value":24,"op":"Write","minor":2},{"major":253,"value":19,"op":"Sync","minor":2},{"major":253,"value":5,"op":"Async","minor":2},{"major":253,"value":0,"op":"Discard","minor":2},{"major":253,"value":24,"op":"Total","minor":2}],"io_time_recursive":[],"sectors_recursive":[],"io_service_bytes_recursive":[{"major":259,"value":0,"op":"Read","minor":0},{"major":259,"value":126976,"op":"Write","minor":0},{"major":259,"value":106496,"op":"Sync","minor":0},{"major":259,"value":20480,"op":"Async","minor":0},{"major":259,"value":0,"op":"Discard","minor":0},{"major":259,"value":126976,"op":"Total","minor":0},{"major":253,"value":0,"op":"Read","minor":2},{"major":253,"value":126976,"op":"Write","minor":2},{"major":253,"value":106496,"op":"Sync","minor":2},{"major":253,"value":20480,"op":"Async","minor":2},{"major":253,"value":0,"op":"Discard","minor":2},{"major":253,"value":126976,"op":"Total","minor":2}],"io_wait_time_recursive":[],"io_merged_recursive":[],"io_service_time_recursive":[]},"memory_stats":{"usage":322764800,"max_usage":734916608,"stats":{"hierarchical_memory_limit":9223372036854771712,"pgmajfault":0,"total_rss":213790720,"inactive_file":135168,"inactive_anon":78802944,"total_pgfault":298848,"total_cache":79667200,"total_rss_huge":0,"total_active_anon":214646784,"total_pgmajfault":0,"pgpgin":227832,"rss_huge":0,"mapped_file":0,"total_inactive_file":135168,"dirty":0,"total_unevictable":0,"total_dirty":0,"writeback":0,"pgpgout":156207,"hierarchical_memsw_limit":0,"cache":79667200,"active_file":135168,"pgfault":298848,"total_mapped_file":0,"total_pgpgout":156207,"total_writeback":0,"rss":213790720,"unevictable":0,"total_inactive_anon":78802944,"total_pgpgin":227832,"active_anon":214646784,"total_active_file":135168},"limit":540965302272},"name":"/SodiumSeal-NZY6GCCu","networks":{"eth0":{"rx_bytes":2676450,"rx_packets":339,"tx_packets":351,"tx_bytes":34971,"tx_dropped":0,"rx_dropped":1,"tx_errors":0,"rx_errors":0}},"id":"f4e24337778801e22e31a987502e89eb637f859cd94be9bf43fcb427600da83c","preread":"0001-01-01T00:00:00Z","storage_stats":{},"precpu_stats":{"throttling_data":{"throttled_periods":0,"throttled_time":0,"periods":0},"cpu_usage":{"usage_in_usermode":0,"usage_in_kernelmode":0,"total_usage":0}},"pids_stats":{"current":40},"num_procs":0,"cpu_stats":{"throttling_data":{"throttled_periods":0,"throttled_time":0,"periods":0},"system_cpu_usage":6600404344522419,"online_cpus":128,"cpu_usage":{"usage_in_usermode":8710000000,"usage_in_kernelmode":2670000000,"total_usage":11343492560,"percpu_usage":[0,0,0,0,0,0,0,0,0,0,0,0,0,0,0,0,0,0,0,0,0,0,0,0,0,0,0,0,0,0,0,11343492560,0,0,0,0,0,0,0,0,0,0,0,0,0,0,0,0,0,0,0,0,0,0,0,0,0,0,0,0,0,0,0,0,0,0,0,0,0,0,0,0,0,0,0,0,0,0,0,0,0,0,0,0,0,0,0,0,0,0,0,0,0,0,0,0,0,0,0,0,0,0,0,0,0,0,0,0,0,0,0,0,0,0,0,0,0,0,0,0,0,0,0,0,0,0,0,0]}},"read":"2021-01-11T22:52:20.725550232Z"}