################################################################################
# PkgEval set-up: 2021-01-11T15:47:25.082
#

Julia Version 1.5.3
Commit 599f52c4c6 (2020-12-18 13:33 UTC)
Platform Info:
  OS: Linux (x86_64-linux-gnu)
  CPU: AMD EPYC 7502 32-Core Processor
  WORD_SIZE: 64
  LIBM: libopenlibm
  LLVM: libLLVM-9.0.1 (ORCJIT, znver2)
Environment:
  JULIA_PKG_PRECOMPILE_AUTO = 0
  JULIA_PKGEVAL = true

Base.julia_cmd() = `/opt/julia/bin/julia -Cnative -J/opt/julia/lib/julia/sys.so -g1`


################################################################################
# Installation: 2021-01-11T15:47:26.901
#

 Installing known registries into `~/.julia`
######################################################################## 100.0%
      Added registry `General` to `~/.julia/registries/General`
  Resolving package versions...
  Installed Missings ─────────── v0.4.4
  Installed SortingAlgorithms ── v0.3.1
  Installed DataAPI ──────────── v1.4.0
  Installed SortingLab ───────── v0.2.6
  Installed Compat ───────────── v3.25.0
  Installed JSON ─────────────── v0.21.1
  Installed StructTypes ──────── v1.2.1
  Installed OrderedCollections ─ v1.3.2
  Installed CategoricalArrays ── v0.9.0
  Installed StatsBase ────────── v0.33.2
  Installed Parsers ──────────── v1.0.15
  Installed DataStructures ───── v0.18.8
Updating `~/.julia/environments/v1.5/Project.toml`
  [562c1548] + SortingLab v0.2.6
Updating `~/.julia/environments/v1.5/Manifest.toml`
  [324d7699] + CategoricalArrays v0.9.0
  [34da2185] + Compat v3.25.0
  [9a962f9c] + DataAPI v1.4.0
  [864edb3b] + DataStructures v0.18.8
  [682c06a0] + JSON v0.21.1
  [e1d29d7a] + Missings v0.4.4
  [bac558e1] + OrderedCollections v1.3.2
  [69de0a69] + Parsers v1.0.15
  [a2af1166] + SortingAlgorithms v0.3.1
  [562c1548] + SortingLab v0.2.6
  [2913bbd2] + StatsBase v0.33.2
  [856f2bd8] + StructTypes v1.2.1
  [2a0f44e3] + Base64
  [ade2ca70] + Dates
  [8bb1440f] + DelimitedFiles
  [8ba89e20] + Distributed
  [9fa8497b] + Future
  [b77e0a4c] + InteractiveUtils
  [76f85450] + LibGit2
  [8f399da3] + Libdl
  [37e2e46d] + LinearAlgebra
  [56ddb016] + Logging
  [d6f4376e] + Markdown
  [a63ad114] + Mmap
  [44cfe95a] + Pkg
  [de0858da] + Printf
  [3fa0cd96] + REPL
  [9a3f8284] + Random
  [ea8e919c] + SHA
  [9e88b42a] + Serialization
  [1a1011a3] + SharedArrays
  [6462fe0b] + Sockets
  [2f01184e] + SparseArrays
  [10745b16] + Statistics
  [8dfed614] + Test
  [cf7118a7] + UUIDs
  [4ec0a83e] + Unicode


################################################################################
# Testing: 2021-01-11T15:47:32.176
#

    Testing SortingLab
┌ Error: Pkg.Resolve.ResolverError("Unsatisfiable requirements detected for package CategoricalArrays [324d7699]:\n CategoricalArrays [324d7699] log:\n ├─possible versions are: [0.3.11, 0.3.13-0.3.14, 0.4.0, 0.5.0-0.5.5, 0.6.0, 0.7.0-0.7.7, 0.8.0-0.8.3, 0.9.0] or uninstalled\n ├─restricted to versions 0.9.0 by an explicit requirement, leaving only versions 0.9.0\n └─restricted by compatibility requirements with FastGroupBy [e6aeac8e] to versions: [0.7.0-0.7.7, 0.8.0-0.8.3] — no versions left\n   └─FastGroupBy [e6aeac8e] log:\n     ├─possible versions are: 0.2.0-0.2.6 or uninstalled\n     ├─restricted to versions * by an explicit requirement, leaving only versions 0.2.0-0.2.6\n     ├─restricted by compatibility requirements with Compat [34da2185] to versions: [0.2.0, 0.2.3-0.2.6] or uninstalled, leaving only versions: [0.2.0, 0.2.3-0.2.6]\n     │ └─Compat [34da2185] log:\n     │   ├─possible versions are: [1.0.0-1.0.1, 1.1.0, 1.2.0, 1.3.0, 1.4.0, 1.5.0-1.5.1, 2.0.0, 2.1.0, 2.2.0-2.2.1, 3.0.0, 3.1.0, 3.2.0, 3.3.0-3.3.1, 3.4.0, 3.5.0, 3.6.0, 3.7.0, 3.8.0, 3.9.0-3.9.1, 3.10.0, 3.11.0, 3.12.0, 3.13.0, 3.14.0, 3.15.0, 3.16.0, 3.17.0, 3.18.0, 3.19.0, 3.20.0, 3.21.0, 3.22.0, 3.23.0, 3.24.0, 3.25.0] or uninstalled\n     │   └─restricted to versions 3.25.0 by an explicit requirement, leaving only versions 3.25.0\n     ├─restricted by compatibility requirements with StatsBase [2913bbd2] to versions: [0.2.0, 0.2.4-0.2.6] or uninstalled, leaving only versions: [0.2.0, 0.2.4-0.2.6]\n     │ └─StatsBase [2913bbd2] log:\n     │   ├─possible versions are: [0.24.0, 0.25.0, 0.26.0, 0.27.0, 0.28.0-0.28.1, 0.29.0, 0.30.0, 0.31.0, 0.32.0-0.32.2, 0.33.0-0.33.2] or uninstalled\n     │   └─restricted to versions 0.33.2 by an explicit requirement, leaving only versions 0.33.2\n     └─restricted by compatibility requirements with DataFrames [a93c6f00] to versions: 0.2.3-0.2.6 or uninstalled, leaving only versions: 0.2.4-0.2.6\n       └─DataFrames [a93c6f00] log:\n         ├─possible versions are: [0.11.7, 0.12.0, 0.13.0-0.13.1, 0.14.0-0.14.1, 0.15.0-0.15.2, 0.16.0, 0.17.0-0.17.1, 0.18.0-0.18.4, 0.19.0-0.19.4, 0.20.0-0.20.2, 0.21.0-0.21.8, 0.22.0-0.22.2] or uninstalled\n         ├─restricted to versions * by an explicit requirement, leaving only versions [0.11.7, 0.12.0, 0.13.0-0.13.1, 0.14.0-0.14.1, 0.15.0-0.15.2, 0.16.0, 0.17.0-0.17.1, 0.18.0-0.18.4, 0.19.0-0.19.4, 0.20.0-0.20.2, 0.21.0-0.21.8, 0.22.0-0.22.2]\n         ├─restricted by compatibility requirements with Compat [34da2185] to versions: [0.20.0-0.20.2, 0.21.0-0.21.8, 0.22.0-0.22.2] or uninstalled, leaving only versions: [0.20.0-0.20.2, 0.21.0-0.21.8, 0.22.0-0.22.2]\n         │ └─Compat [34da2185] log: see above\n         └─restricted by compatibility requirements with FastGroupBy [e6aeac8e] to versions: [0.19.0-0.19.4, 0.20.0-0.20.2, 0.21.0-0.21.8], leaving only versions: [0.20.0-0.20.2, 0.21.0-0.21.8]\n           └─FastGroupBy [e6aeac8e] log: see above", nothing)
└ @ Pkg.Operations /workspace/srcdir/usr/share/julia/stdlib/v1.5/Pkg/src/Operations.jl:1427
Status `/tmp/jl_I3qZdS/Project.toml`
  [324d7699] CategoricalArrays v0.8.3
  [a93c6f00] DataFrames v0.21.8
  [e6aeac8e] FastGroupBy v0.2.6
  [a2af1166] SortingAlgorithms v0.3.1
  [562c1548] SortingLab v0.2.6
  [2913bbd2] StatsBase v0.33.2
  [9a3f8284] Random
  [10745b16] Statistics
  [8dfed614] Test
Status `/tmp/jl_I3qZdS/Manifest.toml`
  [1520ce14] AbstractTrees v0.3.3
  [79e6a3ab] Adapt v2.4.0
  [324d7699] CategoricalArrays v0.8.3
  [34da2185] Compat v3.25.0
  [9a962f9c] DataAPI v1.4.0
  [a93c6f00] DataFrames v0.21.8
  [864edb3b] DataStructures v0.18.8
  [e2d170a0] DataValueInterfaces v1.0.0
  [e7dc6d0d] DataValues v0.4.13
  [e6aeac8e] FastGroupBy v0.2.6
  [6deec6e2] IndexedTables v0.13.0
  [41ab1584] InvertedIndices v1.0.0
  [82899510] IteratorInterfaceExtensions v1.0.0
  [682c06a0] JSON v0.21.1
  [e1d29d7a] Missings v0.4.4
  [925886fa] OnlineStatsBase v1.4.4
  [bac558e1] OrderedCollections v1.3.2
  [69de0a69] Parsers v1.0.15
  [2dfb63ee] PooledArrays v0.5.3
  [189a3867] Reexport v0.2.0
  [a2af1166] SortingAlgorithms v0.3.1
  [562c1548] SortingLab v0.2.6
  [2913bbd2] StatsBase v0.33.2
  [09ab397b] StructArrays v0.4.4
  [856f2bd8] StructTypes v1.2.1
  [3783bdb8] TableTraits v1.0.0
  [382cd787] TableTraitsUtils v1.0.1
  [bd369af6] Tables v1.2.2
  [ea10d353] WeakRefStrings v0.6.2
  [2a0f44e3] Base64
  [ade2ca70] Dates
  [8bb1440f] DelimitedFiles
  [8ba89e20] Distributed
  [9fa8497b] Future
  [b77e0a4c] InteractiveUtils
  [76f85450] LibGit2
  [8f399da3] Libdl
  [37e2e46d] LinearAlgebra
  [56ddb016] Logging
  [d6f4376e] Markdown
  [a63ad114] Mmap
  [44cfe95a] Pkg
  [de0858da] Printf
  [3fa0cd96] REPL
  [9a3f8284] Random
  [ea8e919c] SHA
  [9e88b42a] Serialization
  [1a1011a3] SharedArrays
  [6462fe0b] Sockets
  [2f01184e] SparseArrays
  [10745b16] Statistics
  [8dfed614] Test
  [cf7118a7] UUIDs
  [4ec0a83e] Unicode
  0.446246 seconds (13.72 k allocations: 6.334 MiB)
  0.025243 seconds (20 allocations: 8.254 MiB)
  0.097993 seconds (68 allocations: 28.325 MiB, 7.77% gc time)
  0.193539 seconds (6.93 k allocations: 28.581 MiB, 2.69% gc time)
  0.062091 seconds (96 allocations: 805.109 KiB)
  0.023247 seconds (18 allocations: 6.691 MiB)
  0.050588 seconds (34 allocations: 13.381 MiB, 11.68% gc time)
  0.067921 seconds (50 allocations: 20.072 MiB)
  0.089623 seconds (66 allocations: 26.762 MiB)
    Testing SortingLab tests passed 

PkgEval succeeded


################################################################################
# PkgEval teardown: 2021-01-11T15:48:14.328
CPU usage: 49.32s (44.26s user, 5.15s kernel)

Network usage:
- eth0: 4.086 MiB received, 163.386 KiB sent

Raw statistics: {"blkio_stats":{"io_queue_recursive":[],"io_serviced_recursive":[{"major":259,"value":0,"op":"Read","minor":0},{"major":259,"value":24,"op":"Write","minor":0},{"major":259,"value":19,"op":"Sync","minor":0},{"major":259,"value":5,"op":"Async","minor":0},{"major":259,"value":0,"op":"Discard","minor":0},{"major":259,"value":24,"op":"Total","minor":0},{"major":253,"value":0,"op":"Read","minor":2},{"major":253,"value":24,"op":"Write","minor":2},{"major":253,"value":19,"op":"Sync","minor":2},{"major":253,"value":5,"op":"Async","minor":2},{"major":253,"value":0,"op":"Discard","minor":2},{"major":253,"value":24,"op":"Total","minor":2}],"io_time_recursive":[],"sectors_recursive":[],"io_service_bytes_recursive":[{"major":259,"value":0,"op":"Read","minor":0},{"major":259,"value":139264,"op":"Write","minor":0},{"major":259,"value":106496,"op":"Sync","minor":0},{"major":259,"value":32768,"op":"Async","minor":0},{"major":259,"value":0,"op":"Discard","minor":0},{"major":259,"value":139264,"op":"Total","minor":0},{"major":253,"value":0,"op":"Read","minor":2},{"major":253,"value":139264,"op":"Write","minor":2},{"major":253,"value":106496,"op":"Sync","minor":2},{"major":253,"value":32768,"op":"Async","minor":2},{"major":253,"value":0,"op":"Discard","minor":2},{"major":253,"value":139264,"op":"Total","minor":2}],"io_wait_time_recursive":[],"io_merged_recursive":[],"io_service_time_recursive":[]},"memory_stats":{"usage":317644800,"max_usage":1108652032,"stats":{"hierarchical_memory_limit":9223372036854771712,"pgmajfault":0,"total_rss":189804544,"inactive_file":135168,"inactive_anon":83939328,"total_pgfault":1498926,"total_cache":96714752,"total_rss_huge":0,"total_active_anon":202752000,"total_pgmajfault":0,"pgpgin":1036365,"rss_huge":0,"mapped_file":0,"total_inactive_file":135168,"dirty":135168,"total_unevictable":0,"total_dirty":135168,"writeback":0,"pgpgout":966392,"hierarchical_memsw_limit":0,"cache":96714752,"active_file":135168,"pgfault":1498926,"total_mapped_file":0,"total_pgpgout":966392,"total_writeback":0,"rss":189804544,"unevictable":0,"total_inactive_anon":83939328,"total_pgpgin":1036365,"active_anon":202752000,"total_active_file":135168},"limit":540965302272},"name":"/SortingLab-68j50Nfq","networks":{"eth0":{"rx_bytes":4284681,"rx_packets":1168,"tx_packets":1330,"tx_bytes":167307,"tx_dropped":0,"rx_dropped":2,"tx_errors":0,"rx_errors":0}},"id":"934890e8fa7e63395c277dd0b8b09c031815dd183009d6559cce0ae0d97bed91","preread":"0001-01-01T00:00:00Z","storage_stats":{},"precpu_stats":{"throttling_data":{"throttled_periods":0,"throttled_time":0,"periods":0},"cpu_usage":{"usage_in_usermode":0,"usage_in_kernelmode":0,"total_usage":0}},"pids_stats":{"current":40},"num_procs":0,"cpu_stats":{"throttling_data":{"throttled_periods":0,"throttled_time":0,"periods":0},"system_cpu_usage":3348676814522419,"online_cpus":128,"cpu_usage":{"usage_in_usermode":44260000000,"usage_in_kernelmode":5150000000,"total_usage":49315824967,"percpu_usage":[0,0,0,0,0,0,0,0,0,0,0,0,0,0,0,0,0,0,0,0,0,0,0,0,0,0,0,0,0,0,0,49315184416,0,0,0,0,0,0,0,0,0,0,0,0,0,0,0,0,0,0,0,0,0,0,0,0,0,0,0,0,0,0,0,0,0,0,0,0,0,0,0,0,0,0,0,0,0,0,0,0,0,0,0,0,0,0,0,0,0,0,0,0,3550,0,0,637001,0,0,0,0,0,0,0,0,0,0,0,0,0,0,0,0,0,0,0,0,0,0,0,0,0,0,0,0,0,0,0,0]}},"read":"2021-01-11T15:48:14.331717718Z"}