################################################################################
# PkgEval set-up: 2021-01-11T18:06:37.115
#

Julia Version 1.5.3
Commit 599f52c4c6 (2020-12-18 13:33 UTC)
Platform Info:
  OS: Linux (x86_64-linux-gnu)
  CPU: AMD EPYC 7502 32-Core Processor
  WORD_SIZE: 64
  LIBM: libopenlibm
  LLVM: libLLVM-9.0.1 (ORCJIT, znver2)
Environment:
  JULIA_PKG_PRECOMPILE_AUTO = 0
  JULIA_PKGEVAL = true

Base.julia_cmd() = `/opt/julia/bin/julia -Cnative -J/opt/julia/lib/julia/sys.so -g1`


################################################################################
# Installation: 2021-01-11T18:06:38.921
#

 Installing known registries into `~/.julia`
################                                                          22.7%######################################################################## 100.0%
      Added registry `General` to `~/.julia/registries/General`
  Resolving package versions...
  Installed SpecialFunctions ───────────── v1.2.1
  Installed CompilerSupportLibraries_jll ─ v0.3.4+0
  Installed MuladdMacro ────────────────── v0.2.2
  Installed ChainRulesCore ─────────────── v0.9.24
  Installed JLLWrappers ────────────────── v1.2.0
  Installed OpenSpecFun_jll ────────────── v0.5.3+4
  Installed Artifacts ──────────────────── v1.3.0
Updating `~/.julia/environments/v1.5/Project.toml`
  [276daf66] + SpecialFunctions v1.2.1
Updating `~/.julia/environments/v1.5/Manifest.toml`
  [56f22d72] + Artifacts v1.3.0
  [d360d2e6] + ChainRulesCore v0.9.24
  [e66e0078] + CompilerSupportLibraries_jll v0.3.4+0
  [692b3bcd] + JLLWrappers v1.2.0
  [46d2c3a1] + MuladdMacro v0.2.2
  [efe28fd5] + OpenSpecFun_jll v0.5.3+4
  [276daf66] + SpecialFunctions v1.2.1
  [2a0f44e3] + Base64
  [ade2ca70] + Dates
  [b77e0a4c] + InteractiveUtils
  [76f85450] + LibGit2
  [8f399da3] + Libdl
  [37e2e46d] + LinearAlgebra
  [56ddb016] + Logging
  [d6f4376e] + Markdown
  [44cfe95a] + Pkg
  [de0858da] + Printf
  [3fa0cd96] + REPL
  [9a3f8284] + Random
  [ea8e919c] + SHA
  [9e88b42a] + Serialization
  [6462fe0b] + Sockets
  [2f01184e] + SparseArrays
  [cf7118a7] + UUIDs
  [4ec0a83e] + Unicode


################################################################################
# Testing: 2021-01-11T18:06:44.64
#

    Testing SpecialFunctions
Status `/tmp/jl_2VntuR/Project.toml`
  [d360d2e6] ChainRulesCore v0.9.24
  [cdddcdb0] ChainRulesTestUtils v0.5.10
  [efe28fd5] OpenSpecFun_jll v0.5.3+4
  [276daf66] SpecialFunctions v1.2.1
  [9a3f8284] Random
  [8dfed614] Test
Status `/tmp/jl_2VntuR/Manifest.toml`
  [56f22d72] Artifacts v1.3.0
  [d360d2e6] ChainRulesCore v0.9.24
  [cdddcdb0] ChainRulesTestUtils v0.5.10
  [34da2185] Compat v3.25.0
  [e66e0078] CompilerSupportLibraries_jll v0.3.4+0
  [26cc04aa] FiniteDifferences v0.11.7
  [692b3bcd] JLLWrappers v1.2.0
  [46d2c3a1] MuladdMacro v0.2.2
  [efe28fd5] OpenSpecFun_jll v0.5.3+4
  [708f8203] Richardson v1.4.0
  [276daf66] SpecialFunctions v1.2.1
  [2a0f44e3] Base64
  [ade2ca70] Dates
  [8bb1440f] DelimitedFiles
  [8ba89e20] Distributed
  [b77e0a4c] InteractiveUtils
  [76f85450] LibGit2
  [8f399da3] Libdl
  [37e2e46d] LinearAlgebra
  [56ddb016] Logging
  [d6f4376e] Markdown
  [a63ad114] Mmap
  [44cfe95a] Pkg
  [de0858da] Printf
  [3fa0cd96] REPL
  [9a3f8284] Random
  [ea8e919c] SHA
  [9e88b42a] Serialization
  [1a1011a3] SharedArrays
  [6462fe0b] Sockets
  [2f01184e] SparseArrays
  [10745b16] Statistics
  [8dfed614] Test
  [cf7118a7] UUIDs
  [4ec0a83e] Unicode
Test Summary: | Pass  Total
bessel        |  584    584
Test Summary: | Pass  Total
beta_inc      |  642    642
Test Summary: | Pass  Total
betanc        |   25     25
Test Summary: | Pass  Total
ellip         |   36     36
Test Summary: | Pass  Total
erf           |  465    465
Test Summary: | Pass  Broken  Total
expint        | 6168       1   6169
Test Summary: | Pass  Total
gamma_inc     |  701    701
Test Summary: | Pass  Total
gamma         |  413    413
Test Summary: | Pass  Total
sincosint     |   82     82
Test Summary: | Pass  Total
other_tests   |  110    110
Test Summary: | Pass  Total
chainrules    | 1620   1620
    Testing SpecialFunctions tests passed 

PkgEval succeeded


################################################################################
# PkgEval teardown: 2021-01-11T18:08:20.139
CPU usage: 102.96s (98.88s user, 4.28s kernel)

Network usage:
- eth0: 2.942 MiB received, 74.270 KiB sent

Raw statistics: {"blkio_stats":{"io_queue_recursive":[],"io_serviced_recursive":[{"major":259,"value":0,"op":"Read","minor":0},{"major":259,"value":24,"op":"Write","minor":0},{"major":259,"value":19,"op":"Sync","minor":0},{"major":259,"value":5,"op":"Async","minor":0},{"major":259,"value":0,"op":"Discard","minor":0},{"major":259,"value":24,"op":"Total","minor":0},{"major":253,"value":0,"op":"Read","minor":2},{"major":253,"value":24,"op":"Write","minor":2},{"major":253,"value":19,"op":"Sync","minor":2},{"major":253,"value":5,"op":"Async","minor":2},{"major":253,"value":0,"op":"Discard","minor":2},{"major":253,"value":24,"op":"Total","minor":2}],"io_time_recursive":[],"sectors_recursive":[],"io_service_bytes_recursive":[{"major":259,"value":0,"op":"Read","minor":0},{"major":259,"value":131072,"op":"Write","minor":0},{"major":259,"value":106496,"op":"Sync","minor":0},{"major":259,"value":24576,"op":"Async","minor":0},{"major":259,"value":0,"op":"Discard","minor":0},{"major":259,"value":131072,"op":"Total","minor":0},{"major":253,"value":0,"op":"Read","minor":2},{"major":253,"value":131072,"op":"Write","minor":2},{"major":253,"value":106496,"op":"Sync","minor":2},{"major":253,"value":24576,"op":"Async","minor":2},{"major":253,"value":0,"op":"Discard","minor":2},{"major":253,"value":131072,"op":"Total","minor":2}],"io_wait_time_recursive":[],"io_merged_recursive":[],"io_service_time_recursive":[]},"memory_stats":{"usage":341106688,"max_usage":964325376,"stats":{"hierarchical_memory_limit":9223372036854771712,"pgmajfault":0,"total_rss":227241984,"inactive_file":135168,"inactive_anon":79749120,"total_pgfault":1354815,"total_cache":83591168,"total_rss_huge":0,"total_active_anon":231137280,"total_pgmajfault":0,"pgpgin":676170,"rss_huge":0,"mapped_file":0,"total_inactive_file":135168,"dirty":135168,"total_unevictable":0,"total_dirty":135168,"writeback":0,"pgpgout":600276,"hierarchical_memsw_limit":0,"cache":83591168,"active_file":135168,"pgfault":1354815,"total_mapped_file":0,"total_pgpgout":600276,"total_writeback":0,"rss":227241984,"unevictable":0,"total_inactive_anon":79749120,"total_pgpgin":676170,"active_anon":231137280,"total_active_file":135168},"limit":540965302272},"name":"/SpecialFunctions-AJqnVUt5","networks":{"eth0":{"rx_bytes":3084498,"rx_packets":603,"tx_packets":643,"tx_bytes":76052,"tx_dropped":0,"rx_dropped":4,"tx_errors":0,"rx_errors":0}},"id":"fc0395177de1fdeea87d421d20a7d99c31307bc0449320c38b8eaa1e470bdb78","preread":"0001-01-01T00:00:00Z","storage_stats":{},"precpu_stats":{"throttling_data":{"throttled_periods":0,"throttled_time":0,"periods":0},"cpu_usage":{"usage_in_usermode":0,"usage_in_kernelmode":0,"total_usage":0}},"pids_stats":{"current":40},"num_procs":0,"cpu_stats":{"throttling_data":{"throttled_periods":0,"throttled_time":0,"periods":0},"system_cpu_usage":4422860634522419,"online_cpus":128,"cpu_usage":{"usage_in_usermode":98880000000,"usage_in_kernelmode":4280000000,"total_usage":102964616300,"percpu_usage":[0,0,0,0,0,0,0,0,0,0,0,0,0,0,0,0,0,0,0,0,0,0,0,0,0,0,0,0,0,0,0,0,0,0,0,0,0,0,0,0,0,0,0,0,0,0,0,0,0,0,0,0,0,0,0,0,0,102964616300,0,0,0,0,0,0,0,0,0,0,0,0,0,0,0,0,0,0,0,0,0,0,0,0,0,0,0,0,0,0,0,0,0,0,0,0,0,0,0,0,0,0,0,0,0,0,0,0,0,0,0,0,0,0,0,0,0,0,0,0,0,0,0,0,0,0,0,0,0,0]}},"read":"2021-01-11T18:08:20.142523136Z"}