################################################################################
# PkgEval set-up: 2021-01-11T22:14:12.11
#

Julia Version 1.5.3
Commit 599f52c4c6 (2020-12-18 13:33 UTC)
Platform Info:
  OS: Linux (x86_64-linux-gnu)
  CPU: AMD EPYC 7502 32-Core Processor
  WORD_SIZE: 64
  LIBM: libopenlibm
  LLVM: libLLVM-9.0.1 (ORCJIT, znver2)
Environment:
  JULIA_PKG_PRECOMPILE_AUTO = 0
  JULIA_PKGEVAL = true

Base.julia_cmd() = `/opt/julia/bin/julia -Cnative -J/opt/julia/lib/julia/sys.so -g1`


################################################################################
# Installation: 2021-01-11T22:14:13.881
#

 Installing known registries into `~/.julia`
################################################################          90.0%######################################################################## 100.0%
      Added registry `General` to `~/.julia/registries/General`
  Resolving package versions...
  Installed SpecializeVarargs ─ v0.1.1
  Installed ExprTools ───────── v0.1.3
Updating `~/.julia/environments/v1.5/Project.toml`
  [24973c7f] + SpecializeVarargs v0.1.1
Updating `~/.julia/environments/v1.5/Manifest.toml`
  [e2ba6199] + ExprTools v0.1.3
  [24973c7f] + SpecializeVarargs v0.1.1


################################################################################
# Testing: 2021-01-11T22:14:18.58
#

    Testing SpecializeVarargs
Status `/tmp/jl_mJiu0P/Project.toml`
  [e2ba6199] ExprTools v0.1.3
  [24973c7f] SpecializeVarargs v0.1.1
  [8dfed614] Test
Status `/tmp/jl_mJiu0P/Manifest.toml`
  [e2ba6199] ExprTools v0.1.3
  [24973c7f] SpecializeVarargs v0.1.1
  [2a0f44e3] Base64
  [8ba89e20] Distributed
  [b77e0a4c] InteractiveUtils
  [56ddb016] Logging
  [d6f4376e] Markdown
  [9a3f8284] Random
  [9e88b42a] Serialization
  [6462fe0b] Sockets
  [8dfed614] Test
    Testing SpecializeVarargs tests passed 

PkgEval succeeded


################################################################################
# PkgEval teardown: 2021-01-11T22:14:23.538
CPU usage: 11.45s (8.88s user, 2.62s kernel)

Network usage:
- eth0: 2.556 MiB received, 31.556 KiB sent

Raw statistics: {"blkio_stats":{"io_queue_recursive":[],"io_serviced_recursive":[{"major":259,"value":0,"op":"Read","minor":0},{"major":259,"value":24,"op":"Write","minor":0},{"major":259,"value":19,"op":"Sync","minor":0},{"major":259,"value":5,"op":"Async","minor":0},{"major":259,"value":0,"op":"Discard","minor":0},{"major":259,"value":24,"op":"Total","minor":0},{"major":253,"value":0,"op":"Read","minor":2},{"major":253,"value":24,"op":"Write","minor":2},{"major":253,"value":19,"op":"Sync","minor":2},{"major":253,"value":5,"op":"Async","minor":2},{"major":253,"value":0,"op":"Discard","minor":2},{"major":253,"value":24,"op":"Total","minor":2}],"io_time_recursive":[],"sectors_recursive":[],"io_service_bytes_recursive":[{"major":259,"value":0,"op":"Read","minor":0},{"major":259,"value":126976,"op":"Write","minor":0},{"major":259,"value":106496,"op":"Sync","minor":0},{"major":259,"value":20480,"op":"Async","minor":0},{"major":259,"value":0,"op":"Discard","minor":0},{"major":259,"value":126976,"op":"Total","minor":0},{"major":253,"value":0,"op":"Read","minor":2},{"major":253,"value":126976,"op":"Write","minor":2},{"major":253,"value":106496,"op":"Sync","minor":2},{"major":253,"value":20480,"op":"Async","minor":2},{"major":253,"value":0,"op":"Discard","minor":2},{"major":253,"value":126976,"op":"Total","minor":2}],"io_wait_time_recursive":[],"io_merged_recursive":[],"io_service_time_recursive":[]},"memory_stats":{"usage":330039296,"max_usage":711720960,"stats":{"hierarchical_memory_limit":9223372036854771712,"pgmajfault":0,"total_rss":221290496,"inactive_file":135168,"inactive_anon":78802944,"total_pgfault":299244,"total_cache":79532032,"total_rss_huge":0,"total_active_anon":222081024,"total_pgmajfault":0,"pgpgin":227799,"rss_huge":0,"mapped_file":0,"total_inactive_file":135168,"dirty":135168,"total_unevictable":0,"total_dirty":135168,"writeback":0,"pgpgout":154367,"hierarchical_memsw_limit":0,"cache":79532032,"active_file":135168,"pgfault":299244,"total_mapped_file":0,"total_pgpgout":154367,"total_writeback":0,"rss":221290496,"unevictable":0,"total_inactive_anon":78802944,"total_pgpgin":227799,"active_anon":222081024,"total_active_file":135168},"limit":540965302272},"name":"/SpecializeVarargs-1QJatfRB","networks":{"eth0":{"rx_bytes":2679780,"rx_packets":314,"tx_packets":310,"tx_bytes":32313,"tx_dropped":0,"rx_dropped":1,"tx_errors":0,"rx_errors":0}},"id":"fc2638039d059c18a9c2a9cbaa1d6591c9a5b05ca332dde1fe14bb375a54e5f1","preread":"0001-01-01T00:00:00Z","storage_stats":{},"precpu_stats":{"throttling_data":{"throttled_periods":0,"throttled_time":0,"periods":0},"cpu_usage":{"usage_in_usermode":0,"usage_in_kernelmode":0,"total_usage":0}},"pids_stats":{"current":40},"num_procs":0,"cpu_stats":{"throttling_data":{"throttled_periods":0,"throttled_time":0,"periods":0},"system_cpu_usage":6309544134522419,"online_cpus":128,"cpu_usage":{"usage_in_usermode":8880000000,"usage_in_kernelmode":2620000000,"total_usage":11454101006,"percpu_usage":[0,0,0,0,0,0,0,0,0,0,0,0,0,0,0,0,0,0,0,0,0,0,11454101006,0,0,0,0,0,0,0,0,0,0,0,0,0,0,0,0,0,0,0,0,0,0,0,0,0,0,0,0,0,0,0,0,0,0,0,0,0,0,0,0,0,0,0,0,0,0,0,0,0,0,0,0,0,0,0,0,0,0,0,0,0,0,0,0,0,0,0,0,0,0,0,0,0,0,0,0,0,0,0,0,0,0,0,0,0,0,0,0,0,0,0,0,0,0,0,0,0,0,0,0,0,0,0,0,0]}},"read":"2021-01-11T22:14:23.911394072Z"}