################################################################################
# PkgEval set-up: 2021-01-11T19:37:14.644
#

Julia Version 1.5.3
Commit 599f52c4c6 (2020-12-18 13:33 UTC)
Platform Info:
  OS: Linux (x86_64-linux-gnu)
  CPU: AMD EPYC 7502 32-Core Processor
  WORD_SIZE: 64
  LIBM: libopenlibm
  LLVM: libLLVM-9.0.1 (ORCJIT, znver2)
Environment:
  JULIA_PKG_PRECOMPILE_AUTO = 0
  JULIA_PKGEVAL = true

Base.julia_cmd() = `/opt/julia/bin/julia -Cnative -J/opt/julia/lib/julia/sys.so -g1`


################################################################################
# Installation: 2021-01-11T19:37:16.409
#

 Installing known registries into `~/.julia`
######################################################################## 100.0%
      Added registry `General` to `~/.julia/registries/General`
  Resolving package versions...
  Installed IteratorInterfaceExtensions ─ v1.0.0
  Installed SQLite_jll ────────────────── v3.34.0+0
  Installed Zlib_jll ──────────────────── v1.2.11+18
  Installed DataAPI ───────────────────── v1.4.0
  Installed WeakRefStrings ────────────── v0.6.2
  Installed DBInterface ───────────────── v2.2.0
  Installed SQLite ────────────────────── v1.0.5
  Installed JLLWrappers ───────────────── v1.2.0
  Installed TableTraits ───────────────── v1.0.0
  Installed DataValueInterfaces ───────── v1.0.0
  Installed BinaryProvider ────────────── v0.5.10
  Installed Tables ────────────────────── v1.2.2
  Installed Artifacts ─────────────────── v1.3.0
Updating `~/.julia/environments/v1.5/Project.toml`
  [0aa819cd] + SQLite v1.0.5
Updating `~/.julia/environments/v1.5/Manifest.toml`
  [56f22d72] + Artifacts v1.3.0
  [b99e7846] + BinaryProvider v0.5.10
  [a10d1c49] + DBInterface v2.2.0
  [9a962f9c] + DataAPI v1.4.0
  [e2d170a0] + DataValueInterfaces v1.0.0
  [82899510] + IteratorInterfaceExtensions v1.0.0
  [692b3bcd] + JLLWrappers v1.2.0
  [0aa819cd] + SQLite v1.0.5
  [76ed43ae] + SQLite_jll v3.34.0+0
  [3783bdb8] + TableTraits v1.0.0
  [bd369af6] + Tables v1.2.2
  [ea10d353] + WeakRefStrings v0.6.2
  [83775a58] + Zlib_jll v1.2.11+18
  [2a0f44e3] + Base64
  [ade2ca70] + Dates
  [8ba89e20] + Distributed
  [b77e0a4c] + InteractiveUtils
  [76f85450] + LibGit2
  [8f399da3] + Libdl
  [37e2e46d] + LinearAlgebra
  [56ddb016] + Logging
  [d6f4376e] + Markdown
  [44cfe95a] + Pkg
  [de0858da] + Printf
  [3fa0cd96] + REPL
  [9a3f8284] + Random
  [ea8e919c] + SHA
  [9e88b42a] + Serialization
  [6462fe0b] + Sockets
  [8dfed614] + Test
  [cf7118a7] + UUIDs
  [4ec0a83e] + Unicode
   Building SQLite → `~/.julia/packages/SQLite/LjMUn/deps/build.log`


################################################################################
# Testing: 2021-01-11T19:37:22.729
#

    Testing SQLite
Status `/tmp/jl_PnztZ9/Project.toml`
  [b99e7846] BinaryProvider v0.5.10
  [a10d1c49] DBInterface v2.2.0
  [0aa819cd] SQLite v1.0.5
  [76ed43ae] SQLite_jll v3.34.0+0
  [bd369af6] Tables v1.2.2
  [ea10d353] WeakRefStrings v0.6.2
  [ade2ca70] Dates
  [8f399da3] Libdl
  [9a3f8284] Random
  [9e88b42a] Serialization
  [8dfed614] Test
Status `/tmp/jl_PnztZ9/Manifest.toml`
  [56f22d72] Artifacts v1.3.0
  [b99e7846] BinaryProvider v0.5.10
  [a10d1c49] DBInterface v2.2.0
  [9a962f9c] DataAPI v1.4.0
  [e2d170a0] DataValueInterfaces v1.0.0
  [82899510] IteratorInterfaceExtensions v1.0.0
  [692b3bcd] JLLWrappers v1.2.0
  [0aa819cd] SQLite v1.0.5
  [76ed43ae] SQLite_jll v3.34.0+0
  [3783bdb8] TableTraits v1.0.0
  [bd369af6] Tables v1.2.2
  [ea10d353] WeakRefStrings v0.6.2
  [83775a58] Zlib_jll v1.2.11+18
  [2a0f44e3] Base64
  [ade2ca70] Dates
  [8ba89e20] Distributed
  [b77e0a4c] InteractiveUtils
  [76f85450] LibGit2
  [8f399da3] Libdl
  [37e2e46d] LinearAlgebra
  [56ddb016] Logging
  [d6f4376e] Markdown
  [44cfe95a] Pkg
  [de0858da] Printf
  [3fa0cd96] REPL
  [9a3f8284] Random
  [ea8e919c] SHA
  [9e88b42a] Serialization
  [6462fe0b] Sockets
  [8dfed614] Test
  [cf7118a7] UUIDs
  [4ec0a83e] Unicode
SQLite.DB(":memory:")Test Summary: | Pass  Total
basics        |   86     86
    Testing SQLite tests passed 

PkgEval succeeded


################################################################################
# PkgEval teardown: 2021-01-11T19:37:53.806
CPU usage: 39.11s (35.43s user, 3.74s kernel)

Network usage:
- eth0: 3.171 MiB received, 84.771 KiB sent

Raw statistics: {"blkio_stats":{"io_queue_recursive":[],"io_serviced_recursive":[{"major":259,"value":0,"op":"Read","minor":0},{"major":259,"value":176,"op":"Write","minor":0},{"major":259,"value":167,"op":"Sync","minor":0},{"major":259,"value":9,"op":"Async","minor":0},{"major":259,"value":0,"op":"Discard","minor":0},{"major":259,"value":176,"op":"Total","minor":0},{"major":253,"value":0,"op":"Read","minor":2},{"major":253,"value":106,"op":"Write","minor":2},{"major":253,"value":97,"op":"Sync","minor":2},{"major":253,"value":9,"op":"Async","minor":2},{"major":253,"value":0,"op":"Discard","minor":2},{"major":253,"value":106,"op":"Total","minor":2}],"io_time_recursive":[],"sectors_recursive":[],"io_service_bytes_recursive":[{"major":259,"value":0,"op":"Read","minor":0},{"major":259,"value":11190272,"op":"Write","minor":0},{"major":259,"value":11153408,"op":"Sync","minor":0},{"major":259,"value":36864,"op":"Async","minor":0},{"major":259,"value":0,"op":"Discard","minor":0},{"major":259,"value":11190272,"op":"Total","minor":0},{"major":253,"value":0,"op":"Read","minor":2},{"major":253,"value":11190272,"op":"Write","minor":2},{"major":253,"value":11153408,"op":"Sync","minor":2},{"major":253,"value":36864,"op":"Async","minor":2},{"major":253,"value":0,"op":"Discard","minor":2},{"major":253,"value":11190272,"op":"Total","minor":2}],"io_wait_time_recursive":[],"io_merged_recursive":[],"io_service_time_recursive":[]},"memory_stats":{"usage":305991680,"max_usage":975364096,"stats":{"hierarchical_memory_limit":9223372036854771712,"pgmajfault":0,"total_rss":192073728,"inactive_file":1081344,"inactive_anon":79343616,"total_pgfault":959343,"total_cache":84258816,"total_rss_huge":0,"total_active_anon":195858432,"total_pgmajfault":0,"pgpgin":621753,"rss_huge":0,"mapped_file":0,"total_inactive_file":1081344,"dirty":675840,"total_unevictable":0,"total_dirty":675840,"writeback":270336,"pgpgout":554330,"hierarchical_memsw_limit":0,"cache":84258816,"active_file":135168,"pgfault":959343,"total_mapped_file":0,"total_pgpgout":554330,"total_writeback":270336,"rss":192073728,"unevictable":0,"total_inactive_anon":79343616,"total_pgpgin":621753,"active_anon":195858432,"total_active_file":135168},"limit":540965302272},"name":"/SQLite-jQwxcHa3","networks":{"eth0":{"rx_bytes":3325528,"rx_packets":671,"tx_packets":733,"tx_bytes":86806,"tx_dropped":0,"rx_dropped":1,"tx_errors":0,"rx_errors":0}},"id":"dea0ab5b19afea31a329d72a130718f30ec9df2183b9539e2f38db8dfa027ab1","preread":"0001-01-01T00:00:00Z","storage_stats":{},"precpu_stats":{"throttling_data":{"throttled_periods":0,"throttled_time":0,"periods":0},"cpu_usage":{"usage_in_usermode":0,"usage_in_kernelmode":0,"total_usage":0}},"pids_stats":{"current":40},"num_procs":0,"cpu_stats":{"throttling_data":{"throttled_periods":0,"throttled_time":0,"periods":0},"system_cpu_usage":5109715824522419,"online_cpus":128,"cpu_usage":{"usage_in_usermode":35430000000,"usage_in_kernelmode":3740000000,"total_usage":39107864920,"percpu_usage":[0,0,0,0,0,0,0,0,0,0,0,0,153160,0,39106154180,0,0,0,0,0,0,0,0,0,0,0,0,0,0,0,0,0,0,0,0,0,0,0,0,0,0,0,0,0,0,0,0,0,0,0,0,0,0,0,0,0,0,0,0,0,0,0,0,0,0,0,0,0,0,0,0,0,0,0,0,0,3680,0,0,1553900,0,0,0,0,0,0,0,0,0,0,0,0,0,0,0,0,0,0,0,0,0,0,0,0,0,0,0,0,0,0,0,0,0,0,0,0,0,0,0,0,0,0,0,0,0,0,0,0]}},"read":"2021-01-11T19:37:53.808459837Z"}