################################################################################
# PkgEval set-up: 2021-01-11T20:16:31.186
#

Julia Version 1.5.3
Commit 599f52c4c6 (2020-12-18 13:33 UTC)
Platform Info:
  OS: Linux (x86_64-linux-gnu)
  CPU: AMD EPYC 7502 32-Core Processor
  WORD_SIZE: 64
  LIBM: libopenlibm
  LLVM: libLLVM-9.0.1 (ORCJIT, znver2)
Environment:
  JULIA_PKG_PRECOMPILE_AUTO = 0
  JULIA_PKGEVAL = true

Base.julia_cmd() = `/opt/julia/bin/julia -Cnative -J/opt/julia/lib/julia/sys.so -g1`


################################################################################
# Installation: 2021-01-11T20:16:33.003
#

 Installing known registries into `~/.julia`
#####################################                                     51.6%######################################################################## 100.0%
      Added registry `General` to `~/.julia/registries/General`
  Resolving package versions...
  Installed CompilerSupportLibraries_jll ─ v0.3.4+0
  Installed Rmath_jll ──────────────────── v0.2.2+1
  Installed Reexport ───────────────────── v0.2.0
  Installed StanDump ───────────────────── v0.2.0
  Installed Rmath ──────────────────────── v0.6.1
  Installed TableTraits ────────────────── v1.0.0
  Installed MuladdMacro ────────────────── v0.2.2
  Installed CategoricalArrays ──────────── v0.9.0
  Installed DataFrames ─────────────────── v0.22.2
  Installed StanSample ─────────────────── v3.0.1
  Installed FillArrays ─────────────────── v0.10.2
  Installed Tables ─────────────────────── v1.2.2
  Installed DataStructures ─────────────── v0.18.8
  Installed Documenter ─────────────────── v0.26.1
  Installed StatsBase ──────────────────── v0.33.2
  Installed Requires ───────────────────── v1.1.2
  Installed QuadGK ─────────────────────── v2.4.1
  Installed StanBase ───────────────────── v2.2.2
  Installed DataValueInterfaces ────────── v1.0.0
  Installed InvertedIndices ────────────── v1.0.0
  Installed DataAPI ────────────────────── v1.4.0
  Installed OrderedCollections ─────────── v1.3.2
  Installed Parameters ─────────────────── v0.12.1
  Installed StaticArrays ───────────────── v1.0.1
  Installed RecipesBase ────────────────── v1.1.1
  Installed Missings ───────────────────── v0.4.4
  Installed ArgCheck ───────────────────── v2.1.0
  Installed MacroTools ─────────────────── v0.5.6
  Installed JLLWrappers ────────────────── v1.2.0
  Installed PooledArrays ───────────────── v0.5.3
  Installed Hwloc ──────────────────────── v1.1.0
  Installed ArrayInterface ─────────────── v2.14.13
  Installed JSON ───────────────────────── v0.21.1
  Installed CSV ────────────────────────── v0.8.2
  Installed VectorizationBase ──────────── v0.15.2
  Installed StructTypes ────────────────── v1.2.1
  Installed PDMats ─────────────────────── v0.10.1
  Installed PrettyTables ───────────────── v0.10.1
  Installed Distributions ──────────────── v0.24.10
  Installed IOCapture ──────────────────── v0.1.1
  Installed Crayons ────────────────────── v4.0.4
  Installed IfElse ─────────────────────── v0.1.0
  Installed Formatting ─────────────────── v0.4.2
  Installed IteratorInterfaceExtensions ── v1.0.0
  Installed StatsFuns ──────────────────── v0.9.6
  Installed SpecialFunctions ───────────── v1.2.1
  Installed MonteCarloMeasurements ─────── v0.9.14
  Installed UnPack ─────────────────────── v1.0.2
  Installed SortingAlgorithms ──────────── v0.3.1
  Installed ChainRulesCore ─────────────── v0.9.24
  Installed OpenSpecFun_jll ────────────── v0.5.3+4
  Installed Compat ─────────────────────── v3.25.0
  Installed SLEEFPirates ───────────────── v0.6.4
  Installed DocStringExtensions ────────── v0.8.3
  Installed SentinelArrays ─────────────── v1.2.16
  Installed Hwloc_jll ──────────────────── v2.2.0+0
  Installed Parsers ────────────────────── v1.0.15
  Installed Artifacts ──────────────────── v1.3.0
Updating `~/.julia/environments/v1.5/Project.toml`
  [c1514b29] + StanSample v3.0.1
Updating `~/.julia/environments/v1.5/Manifest.toml`
  [dce04be8] + ArgCheck v2.1.0
  [4fba245c] + ArrayInterface v2.14.13
  [56f22d72] + Artifacts v1.3.0
  [336ed68f] + CSV v0.8.2
  [324d7699] + CategoricalArrays v0.9.0
  [d360d2e6] + ChainRulesCore v0.9.24
  [34da2185] + Compat v3.25.0
  [e66e0078] + CompilerSupportLibraries_jll v0.3.4+0
  [a8cc5b0e] + Crayons v4.0.4
  [9a962f9c] + DataAPI v1.4.0
  [a93c6f00] + DataFrames v0.22.2
  [864edb3b] + DataStructures v0.18.8
  [e2d170a0] + DataValueInterfaces v1.0.0
  [31c24e10] + Distributions v0.24.10
  [ffbed154] + DocStringExtensions v0.8.3
  [e30172f5] + Documenter v0.26.1
  [1a297f60] + FillArrays v0.10.2
  [59287772] + Formatting v0.4.2
  [0e44f5e4] + Hwloc v1.1.0
  [e33a78d0] + Hwloc_jll v2.2.0+0
  [b5f81e59] + IOCapture v0.1.1
  [615f187c] + IfElse v0.1.0
  [41ab1584] + InvertedIndices v1.0.0
  [82899510] + IteratorInterfaceExtensions v1.0.0
  [692b3bcd] + JLLWrappers v1.2.0
  [682c06a0] + JSON v0.21.1
  [1914dd2f] + MacroTools v0.5.6
  [e1d29d7a] + Missings v0.4.4
  [0987c9cc] + MonteCarloMeasurements v0.9.14
  [46d2c3a1] + MuladdMacro v0.2.2
  [efe28fd5] + OpenSpecFun_jll v0.5.3+4
  [bac558e1] + OrderedCollections v1.3.2
  [90014a1f] + PDMats v0.10.1
  [d96e819e] + Parameters v0.12.1
  [69de0a69] + Parsers v1.0.15
  [2dfb63ee] + PooledArrays v0.5.3
  [08abe8d2] + PrettyTables v0.10.1
  [1fd47b50] + QuadGK v2.4.1
  [3cdcf5f2] + RecipesBase v1.1.1
  [189a3867] + Reexport v0.2.0
  [ae029012] + Requires v1.1.2
  [79098fc4] + Rmath v0.6.1
  [f50d1b31] + Rmath_jll v0.2.2+1
  [476501e8] + SLEEFPirates v0.6.4
  [91c51154] + SentinelArrays v1.2.16
  [a2af1166] + SortingAlgorithms v0.3.1
  [276daf66] + SpecialFunctions v1.2.1
  [d0ee94f6] + StanBase v2.2.2
  [9713c8f3] + StanDump v0.2.0
  [c1514b29] + StanSample v3.0.1
  [90137ffa] + StaticArrays v1.0.1
  [2913bbd2] + StatsBase v0.33.2
  [4c63d2b9] + StatsFuns v0.9.6
  [856f2bd8] + StructTypes v1.2.1
  [3783bdb8] + TableTraits v1.0.0
  [bd369af6] + Tables v1.2.2
  [3a884ed6] + UnPack v1.0.2
  [3d5dd08c] + VectorizationBase v0.15.2
  [2a0f44e3] + Base64
  [ade2ca70] + Dates
  [8bb1440f] + DelimitedFiles
  [8ba89e20] + Distributed
  [9fa8497b] + Future
  [b77e0a4c] + InteractiveUtils
  [76f85450] + LibGit2
  [8f399da3] + Libdl
  [37e2e46d] + LinearAlgebra
  [56ddb016] + Logging
  [d6f4376e] + Markdown
  [a63ad114] + Mmap
  [44cfe95a] + Pkg
  [de0858da] + Printf
  [3fa0cd96] + REPL
  [9a3f8284] + Random
  [ea8e919c] + SHA
  [9e88b42a] + Serialization
  [1a1011a3] + SharedArrays
  [6462fe0b] + Sockets
  [2f01184e] + SparseArrays
  [10745b16] + Statistics
  [4607b0f0] + SuiteSparse
  [8dfed614] + Test
  [cf7118a7] + UUIDs
  [4ec0a83e] + Unicode


################################################################################
# Testing: 2021-01-11T20:16:43.292
#

    Testing StanSample
Status `/tmp/jl_xSNqAQ/Project.toml`
  [336ed68f] CSV v0.8.2
  [a93c6f00] DataFrames v0.22.2
  [ffbed154] DocStringExtensions v0.8.3
  [0987c9cc] MonteCarloMeasurements v0.9.14
  [bac558e1] OrderedCollections v1.3.2
  [189a3867] Reexport v0.2.0
  [ae029012] Requires v1.1.2
  [d0ee94f6] StanBase v2.2.2
  [c1514b29] StanSample v3.0.1
  [8bb1440f] DelimitedFiles
  [8ba89e20] Distributed
  [8dfed614] Test
  [4ec0a83e] Unicode
Status `/tmp/jl_xSNqAQ/Manifest.toml`
  [dce04be8] ArgCheck v2.1.0
  [4fba245c] ArrayInterface v2.14.13
  [56f22d72] Artifacts v1.3.0
  [336ed68f] CSV v0.8.2
  [324d7699] CategoricalArrays v0.9.0
  [d360d2e6] ChainRulesCore v0.9.24
  [34da2185] Compat v3.25.0
  [e66e0078] CompilerSupportLibraries_jll v0.3.4+0
  [a8cc5b0e] Crayons v4.0.4
  [9a962f9c] DataAPI v1.4.0
  [a93c6f00] DataFrames v0.22.2
  [864edb3b] DataStructures v0.18.8
  [e2d170a0] DataValueInterfaces v1.0.0
  [31c24e10] Distributions v0.24.10
  [ffbed154] DocStringExtensions v0.8.3
  [e30172f5] Documenter v0.26.1
  [1a297f60] FillArrays v0.10.2
  [59287772] Formatting v0.4.2
  [0e44f5e4] Hwloc v1.1.0
  [e33a78d0] Hwloc_jll v2.2.0+0
  [b5f81e59] IOCapture v0.1.1
  [615f187c] IfElse v0.1.0
  [41ab1584] InvertedIndices v1.0.0
  [82899510] IteratorInterfaceExtensions v1.0.0
  [692b3bcd] JLLWrappers v1.2.0
  [682c06a0] JSON v0.21.1
  [1914dd2f] MacroTools v0.5.6
  [e1d29d7a] Missings v0.4.4
  [0987c9cc] MonteCarloMeasurements v0.9.14
  [46d2c3a1] MuladdMacro v0.2.2
  [efe28fd5] OpenSpecFun_jll v0.5.3+4
  [bac558e1] OrderedCollections v1.3.2
  [90014a1f] PDMats v0.10.1
  [d96e819e] Parameters v0.12.1
  [69de0a69] Parsers v1.0.15
  [2dfb63ee] PooledArrays v0.5.3
  [08abe8d2] PrettyTables v0.10.1
  [1fd47b50] QuadGK v2.4.1
  [3cdcf5f2] RecipesBase v1.1.1
  [189a3867] Reexport v0.2.0
  [ae029012] Requires v1.1.2
  [79098fc4] Rmath v0.6.1
  [f50d1b31] Rmath_jll v0.2.2+1
  [476501e8] SLEEFPirates v0.6.4
  [91c51154] SentinelArrays v1.2.16
  [a2af1166] SortingAlgorithms v0.3.1
  [276daf66] SpecialFunctions v1.2.1
  [d0ee94f6] StanBase v2.2.2
  [9713c8f3] StanDump v0.2.0
  [c1514b29] StanSample v3.0.1
  [90137ffa] StaticArrays v1.0.1
  [2913bbd2] StatsBase v0.33.2
  [4c63d2b9] StatsFuns v0.9.6
  [856f2bd8] StructTypes v1.2.1
  [3783bdb8] TableTraits v1.0.0
  [bd369af6] Tables v1.2.2
  [3a884ed6] UnPack v1.0.2
  [3d5dd08c] VectorizationBase v0.15.2
  [2a0f44e3] Base64
  [ade2ca70] Dates
  [8bb1440f] DelimitedFiles
  [8ba89e20] Distributed
  [9fa8497b] Future
  [b77e0a4c] InteractiveUtils
  [76f85450] LibGit2
  [8f399da3] Libdl
  [37e2e46d] LinearAlgebra
  [56ddb016] Logging
  [d6f4376e] Markdown
  [a63ad114] Mmap
  [44cfe95a] Pkg
  [de0858da] Printf
  [3fa0cd96] REPL
  [9a3f8284] Random
  [ea8e919c] SHA
  [9e88b42a] Serialization
  [1a1011a3] SharedArrays
  [6462fe0b] Sockets
  [2f01184e] SparseArrays
  [10745b16] Statistics
  [4607b0f0] SuiteSparse
  [8dfed614] Test
  [cf7118a7] UUIDs
  [4ec0a83e] Unicode
┌ Warning: Environment variable CMDSTAN_HOME not set. Use set_cmdstan_home!.
└ @ StanBase ~/.julia/packages/StanBase/9SOY7/src/StanBase.jl:73
┌ Warning: Environment variable CMDSTAN_HOME not set. Use set_cmdstan_home!.
└ @ StanBase ~/.julia/packages/StanBase/9SOY7/src/StanBase.jl:73

JULIA_CMDSTAN_HOME not set. Skipping tests
    Testing StanSample tests passed 

PkgEval succeeded


################################################################################
# PkgEval teardown: 2021-01-11T20:19:31.89
CPU usage: 180.51s (168.82s user, 11.94s kernel)

Network usage:
- eth0: 17.537 MiB received, 377.029 KiB sent

Raw statistics: {"blkio_stats":{"io_queue_recursive":[],"io_serviced_recursive":[{"major":259,"value":0,"op":"Read","minor":0},{"major":259,"value":24,"op":"Write","minor":0},{"major":259,"value":19,"op":"Sync","minor":0},{"major":259,"value":5,"op":"Async","minor":0},{"major":259,"value":0,"op":"Discard","minor":0},{"major":259,"value":24,"op":"Total","minor":0},{"major":253,"value":0,"op":"Read","minor":2},{"major":253,"value":24,"op":"Write","minor":2},{"major":253,"value":19,"op":"Sync","minor":2},{"major":253,"value":5,"op":"Async","minor":2},{"major":253,"value":0,"op":"Discard","minor":2},{"major":253,"value":24,"op":"Total","minor":2}],"io_time_recursive":[],"sectors_recursive":[],"io_service_bytes_recursive":[{"major":259,"value":0,"op":"Read","minor":0},{"major":259,"value":151552,"op":"Write","minor":0},{"major":259,"value":106496,"op":"Sync","minor":0},{"major":259,"value":45056,"op":"Async","minor":0},{"major":259,"value":0,"op":"Discard","minor":0},{"major":259,"value":151552,"op":"Total","minor":0},{"major":253,"value":0,"op":"Read","minor":2},{"major":253,"value":151552,"op":"Write","minor":2},{"major":253,"value":106496,"op":"Sync","minor":2},{"major":253,"value":45056,"op":"Async","minor":2},{"major":253,"value":0,"op":"Discard","minor":2},{"major":253,"value":151552,"op":"Total","minor":2}],"io_wait_time_recursive":[],"io_merged_recursive":[],"io_service_time_recursive":[]},"memory_stats":{"usage":467333120,"max_usage":1760849920,"stats":{"hierarchical_memory_limit":9223372036854771712,"pgmajfault":0,"total_rss":264892416,"inactive_file":135168,"inactive_anon":127598592,"total_pgfault":4937823,"total_cache":166887424,"total_rss_huge":0,"total_active_anon":304263168,"total_pgmajfault":0,"pgpgin":3101340,"rss_huge":0,"mapped_file":0,"total_inactive_file":135168,"dirty":135168,"total_unevictable":0,"total_dirty":135168,"writeback":135168,"pgpgout":2995925,"hierarchical_memsw_limit":0,"cache":166887424,"active_file":135168,"pgfault":4937823,"total_mapped_file":0,"total_pgpgout":2995925,"total_writeback":135168,"rss":264892416,"unevictable":0,"total_inactive_anon":127598592,"total_pgpgin":3101340,"active_anon":304263168,"total_active_file":135168},"limit":540965302272},"name":"/StanSample-zNPp9hmB","networks":{"eth0":{"rx_bytes":18388799,"rx_packets":4641,"tx_packets":3546,"tx_bytes":386078,"tx_dropped":0,"rx_dropped":6,"tx_errors":0,"rx_errors":0}},"id":"346cb0f34ca38a00f130365d8bc0309a5c6603eb514c1ec8b8b0c7130834110b","preread":"0001-01-01T00:00:00Z","storage_stats":{},"precpu_stats":{"throttling_data":{"throttled_periods":0,"throttled_time":0,"periods":0},"cpu_usage":{"usage_in_usermode":0,"usage_in_kernelmode":0,"total_usage":0}},"pids_stats":{"current":40},"num_procs":0,"cpu_stats":{"throttling_data":{"throttled_periods":0,"throttled_time":0,"periods":0},"system_cpu_usage":5429059924522419,"online_cpus":128,"cpu_usage":{"usage_in_usermode":168820000000,"usage_in_kernelmode":11940000000,"total_usage":180506930782,"percpu_usage":[0,0,0,0,0,0,0,0,0,0,0,0,411130,0,0,180498933710,0,0,0,0,0,0,0,0,0,0,0,0,0,0,0,0,0,0,0,0,0,0,0,0,0,0,0,0,0,0,0,0,0,0,0,0,0,0,0,0,0,0,0,0,0,0,0,0,0,0,0,0,0,0,0,0,0,0,0,0,0,291370,306570,6988002,0,0,0,0,0,0,0,0,0,0,0,0,0,0,0,0,0,0,0,0,0,0,0,0,0,0,0,0,0,0,0,0,0,0,0,0,0,0,0,0,0,0,0,0,0,0,0,0]}},"read":"2021-01-11T20:19:31.892779017Z"}