################################################################################
# PackageCompiler set-up: 2021-01-11T21:53:02.115
#

Julia Version 1.5.3
Commit 599f52c4c6 (2020-12-18 13:33 UTC)
Platform Info:
  OS: Linux (x86_64-linux-gnu)
  CPU: AMD EPYC 7502 32-Core Processor
  WORD_SIZE: 64
  LIBM: libopenlibm
  LLVM: libLLVM-9.0.1 (ORCJIT, znver2)
Environment:
  JULIA_PKGEVAL = true
  JULIA_PKG_PRECOMPILE_AUTO = 0



################################################################################
# Installation: 2021-01-11T21:53:03.83
#

 Installing known registries into `~/.julia`
##############################################################            86.9%######################################################################## 100.0%
      Added registry `General` to `~/.julia/registries/General`
  Resolving package versions...
  Installed CompilerSupportLibraries_jll ─ v0.3.4+0
  Installed ZygoteRules ────────────────── v0.2.1
  Installed Reexport ───────────────────── v1.0.0
  Installed Rmath_jll ──────────────────── v0.2.2+1
  Installed CommonSubexpressions ───────── v0.3.0
  Installed Zygote ─────────────────────── v0.5.17
  Installed PackageCompiler ────────────── v1.2.5
  Installed Rmath ──────────────────────── v0.6.1
  Installed MuladdMacro ────────────────── v0.2.2
  Installed StatsBase ──────────────────── v0.33.2
  Installed FillArrays ─────────────────── v0.10.2
  Installed DataStructures ─────────────── v0.18.8
  Installed Stheno ─────────────────────── v0.6.18
  Installed Requires ───────────────────── v1.1.2
  Installed DataAPI ────────────────────── v1.4.0
  Installed QuadGK ─────────────────────── v2.4.1
  Installed DiffRules ──────────────────── v1.0.2
  Installed DiffResults ────────────────── v1.0.3
  Installed ArrayLayouts ───────────────── v0.4.12
  Installed OrderedCollections ─────────── v1.3.2
  Installed RecipesBase ────────────────── v1.1.1
  Installed IRTools ────────────────────── v0.4.2
  Installed StaticArrays ───────────────── v1.0.1
  Installed Missings ───────────────────── v0.4.4
  Installed MacroTools ─────────────────── v0.5.6
  Installed JLLWrappers ────────────────── v1.2.0
  Installed AbstractFFTs ───────────────── v0.5.0
  Installed Hwloc ──────────────────────── v1.1.0
  Installed NaNMath ────────────────────── v0.3.5
  Installed ArrayInterface ─────────────── v2.14.13
  Installed Distances ──────────────────── v0.10.0
  Installed PDMats ─────────────────────── v0.10.1
  Installed VectorizationBase ──────────── v0.15.2
  Installed Distributions ──────────────── v0.24.10
  Installed ChainRules ─────────────────── v0.7.45
  Installed IfElse ─────────────────────── v0.1.0
  Installed StatsFuns ──────────────────── v0.9.6
  Installed Adapt ──────────────────────── v2.4.0
  Installed UnPack ─────────────────────── v1.0.2
  Installed ForwardDiff ────────────────── v0.10.14
  Installed SortingAlgorithms ──────────── v0.3.1
  Installed OffsetArrays ───────────────── v1.5.0
  Installed SpecialFunctions ───────────── v1.2.1
  Installed LoopVectorization ──────────── v0.9.18
  Installed DocStringExtensions ────────── v0.8.3
  Installed ChainRulesCore ─────────────── v0.9.24
  Installed Compat ─────────────────────── v3.25.0
  Installed SLEEFPirates ───────────────── v0.6.4
  Installed OpenSpecFun_jll ────────────── v0.5.3+4
  Installed BlockArrays ────────────────── v0.13.0
  Installed NNlib ──────────────────────── v0.7.11
  Installed Hwloc_jll ──────────────────── v2.2.0+0
  Installed Artifacts ──────────────────── v1.3.0
Updating `~/.julia/environments/v1.5/Project.toml`
  [9b87118b] + PackageCompiler v1.2.5
  [8188c328] + Stheno v0.6.18
Updating `~/.julia/environments/v1.5/Manifest.toml`
  [621f4979] + AbstractFFTs v0.5.0
  [79e6a3ab] + Adapt v2.4.0
  [4fba245c] + ArrayInterface v2.14.13
  [4c555306] + ArrayLayouts v0.4.12
  [56f22d72] + Artifacts v1.3.0
  [8e7c35d0] + BlockArrays v0.13.0
  [082447d4] + ChainRules v0.7.45
  [d360d2e6] + ChainRulesCore v0.9.24
  [bbf7d656] + CommonSubexpressions v0.3.0
  [34da2185] + Compat v3.25.0
  [e66e0078] + CompilerSupportLibraries_jll v0.3.4+0
  [9a962f9c] + DataAPI v1.4.0
  [864edb3b] + DataStructures v0.18.8
  [163ba53b] + DiffResults v1.0.3
  [b552c78f] + DiffRules v1.0.2
  [b4f34e82] + Distances v0.10.0
  [31c24e10] + Distributions v0.24.10
  [ffbed154] + DocStringExtensions v0.8.3
  [1a297f60] + FillArrays v0.10.2
  [f6369f11] + ForwardDiff v0.10.14
  [0e44f5e4] + Hwloc v1.1.0
  [e33a78d0] + Hwloc_jll v2.2.0+0
  [7869d1d1] + IRTools v0.4.2
  [615f187c] + IfElse v0.1.0
  [692b3bcd] + JLLWrappers v1.2.0
  [bdcacae8] + LoopVectorization v0.9.18
  [1914dd2f] + MacroTools v0.5.6
  [e1d29d7a] + Missings v0.4.4
  [46d2c3a1] + MuladdMacro v0.2.2
  [872c559c] + NNlib v0.7.11
  [77ba4419] + NaNMath v0.3.5
  [6fe1bfb0] + OffsetArrays v1.5.0
  [efe28fd5] + OpenSpecFun_jll v0.5.3+4
  [bac558e1] + OrderedCollections v1.3.2
  [90014a1f] + PDMats v0.10.1
  [9b87118b] + PackageCompiler v1.2.5
  [1fd47b50] + QuadGK v2.4.1
  [3cdcf5f2] + RecipesBase v1.1.1
  [189a3867] + Reexport v1.0.0
  [ae029012] + Requires v1.1.2
  [79098fc4] + Rmath v0.6.1
  [f50d1b31] + Rmath_jll v0.2.2+1
  [476501e8] + SLEEFPirates v0.6.4
  [a2af1166] + SortingAlgorithms v0.3.1
  [276daf66] + SpecialFunctions v1.2.1
  [90137ffa] + StaticArrays v1.0.1
  [2913bbd2] + StatsBase v0.33.2
  [4c63d2b9] + StatsFuns v0.9.6
  [8188c328] + Stheno v0.6.18
  [3a884ed6] + UnPack v1.0.2
  [3d5dd08c] + VectorizationBase v0.15.2
  [e88e6eb3] + Zygote v0.5.17
  [700de1a5] + ZygoteRules v0.2.1
  [2a0f44e3] + Base64
  [ade2ca70] + Dates
  [8bb1440f] + DelimitedFiles
  [8ba89e20] + Distributed
  [b77e0a4c] + InteractiveUtils
  [76f85450] + LibGit2
  [8f399da3] + Libdl
  [37e2e46d] + LinearAlgebra
  [56ddb016] + Logging
  [d6f4376e] + Markdown
  [a63ad114] + Mmap
  [44cfe95a] + Pkg
  [de0858da] + Printf
  [3fa0cd96] + REPL
  [9a3f8284] + Random
  [ea8e919c] + SHA
  [9e88b42a] + Serialization
  [1a1011a3] + SharedArrays
  [6462fe0b] + Sockets
  [2f01184e] + SparseArrays
  [10745b16] + Statistics
  [4607b0f0] + SuiteSparse
  [8dfed614] + Test
  [cf7118a7] + UUIDs
  [4ec0a83e] + Unicode


################################################################################
# Compiling: 2021-01-11T21:53:12.066
#

[ Info: PackageCompiler: creating system image object file, this might take a while...
Generated system image is 210.959 MiB, compilation took 370 seconds


ERROR: could not load library "/cache/Stheno-nlI8E9BJ.so"
/cache/Stheno-nlI8E9BJ.so: undefined symbol: jfptr_llvmcall_expr_23788

No statistics gathered.