################################################################################
# PkgEval set-up: 2021-01-11T20:34:16.199
#

Julia Version 1.5.3
Commit 599f52c4c6 (2020-12-18 13:33 UTC)
Platform Info:
  OS: Linux (x86_64-linux-gnu)
  CPU: AMD EPYC 7502 32-Core Processor
  WORD_SIZE: 64
  LIBM: libopenlibm
  LLVM: libLLVM-9.0.1 (ORCJIT, znver2)
Environment:
  JULIA_PKG_PRECOMPILE_AUTO = 0
  JULIA_PKGEVAL = true

Base.julia_cmd() = `/opt/julia/bin/julia -Cnative -J/opt/julia/lib/julia/sys.so -g1`


################################################################################
# Installation: 2021-01-11T20:34:17.994
#

 Installing known registries into `~/.julia`
######################################################################## 100.0%
      Added registry `General` to `~/.julia/registries/General`
  Resolving package versions...
  Installed StrAPI ─────────────── v1.0.0
  Installed MbedTLS_jll ────────── v2.16.8+1
  Installed StrICU ─────────────── v1.0.0
  Installed StrBase ────────────── v1.0.4
  Installed MurmurHash3 ────────── v1.1.1
  Installed BufferedStreams ────── v1.0.0
  Installed CharSetEncodings ───── v1.0.0
  Installed MbedTLS ────────────── v1.0.3
  Installed LibExpat ───────────── v0.6.1
  Installed Libz ───────────────── v1.0.1
  Installed HTTP ───────────────── v0.8.19
  Installed URIParser ──────────── v0.4.1
  Installed ChrBase ────────────── v1.0.2
  Installed Expat_jll ──────────── v2.2.7+6
  Installed WinRPM ─────────────── v1.0.0
  Installed JLLWrappers ────────── v1.2.0
  Installed BinDeps ────────────── v1.0.2
  Installed Compat ─────────────── v3.25.0
  Installed ModuleInterfaceTools ─ v1.0.1
  Installed IniFile ────────────── v0.5.0
  Installed Artifacts ──────────── v1.3.0
Updating `~/.julia/environments/v1.5/Project.toml`
  [124badd8] + StrICU v1.0.0
Updating `~/.julia/environments/v1.5/Manifest.toml`
  [56f22d72] + Artifacts v1.3.0
  [9e28174c] + BinDeps v1.0.2
  [e1450e63] + BufferedStreams v1.0.0
  [cb9422de] + CharSetEncodings v1.0.0
  [c13fa7b1] + ChrBase v1.0.2
  [34da2185] + Compat v3.25.0
  [2e619515] + Expat_jll v2.2.7+6
  [cd3eb016] + HTTP v0.8.19
  [83e8ac13] + IniFile v0.5.0
  [692b3bcd] + JLLWrappers v1.2.0
  [522f3ed2] + LibExpat v0.6.1
  [2ec943e9] + Libz v1.0.1
  [739be429] + MbedTLS v1.0.3
  [c8ffd9c3] + MbedTLS_jll v2.16.8+1
  [5cb8414e] + ModuleInterfaceTools v1.0.1
  [b10b62ed] + MurmurHash3 v1.1.1
  [69e7dfc3] + StrAPI v1.0.0
  [e79e7a6a] + StrBase v1.0.4
  [124badd8] + StrICU v1.0.0
  [30578b45] + URIParser v0.4.1
  [c17dfb99] + WinRPM v1.0.0
  [2a0f44e3] + Base64
  [ade2ca70] + Dates
  [8bb1440f] + DelimitedFiles
  [8ba89e20] + Distributed
  [b77e0a4c] + InteractiveUtils
  [76f85450] + LibGit2
  [8f399da3] + Libdl
  [37e2e46d] + LinearAlgebra
  [56ddb016] + Logging
  [d6f4376e] + Markdown
  [a63ad114] + Mmap
  [44cfe95a] + Pkg
  [de0858da] + Printf
  [3fa0cd96] + REPL
  [9a3f8284] + Random
  [ea8e919c] + SHA
  [9e88b42a] + Serialization
  [1a1011a3] + SharedArrays
  [6462fe0b] + Sockets
  [2f01184e] + SparseArrays
  [10745b16] + Statistics
  [8dfed614] + Test
  [cf7118a7] + UUIDs
  [4ec0a83e] + Unicode
   Building WinRPM → `~/.julia/packages/WinRPM/nqGLN/deps/build.log`
   Building StrICU → `~/.julia/packages/StrICU/xILaF/deps/build.log`
┌ Error: Error building `StrICU`: 
│ ERROR: LoadError: None of the selected providers can install dependency icu.
│ Use BinDeps.debug(package_name) to see available providers
│ 
│ Stacktrace:
│  [1] error(::String) at ./error.jl:33
│  [2] satisfy!(::BinDeps.LibraryDependency, ::Array{DataType,1}) at /home/pkgeval/.julia/packages/BinDeps/5xsHU/src/dependencies.jl:956
│  [3] satisfy!(::BinDeps.LibraryDependency) at /home/pkgeval/.julia/packages/BinDeps/5xsHU/src/dependencies.jl:929
│  [4] top-level scope at /home/pkgeval/.julia/packages/BinDeps/5xsHU/src/dependencies.jl:984
│  [5] include(::String) at ./client.jl:457
│  [6] top-level scope at none:5
│ in expression starting at /home/pkgeval/.julia/packages/StrICU/xILaF/deps/build.jl:34
└ @ Pkg.Operations /workspace/srcdir/usr/share/julia/stdlib/v1.5/Pkg/src/Operations.jl:949


################################################################################
# Testing: 2021-01-11T20:34:29.05
#

    Testing StrICU
Status `/tmp/jl_RVfwjQ/Project.toml`
  [9e28174c] BinDeps v1.0.2
  [5cb8414e] ModuleInterfaceTools v1.0.1
  [e79e7a6a] StrBase v1.0.4
  [124badd8] StrICU v1.0.0
  [c17dfb99] WinRPM v1.0.0
  [8f399da3] Libdl
  [8dfed614] Test
Status `/tmp/jl_RVfwjQ/Manifest.toml`
  [56f22d72] Artifacts v1.3.0
  [9e28174c] BinDeps v1.0.2
  [e1450e63] BufferedStreams v1.0.0
  [cb9422de] CharSetEncodings v1.0.0
  [c13fa7b1] ChrBase v1.0.2
  [34da2185] Compat v3.25.0
  [2e619515] Expat_jll v2.2.7+6
  [cd3eb016] HTTP v0.8.19
  [83e8ac13] IniFile v0.5.0
  [692b3bcd] JLLWrappers v1.2.0
  [522f3ed2] LibExpat v0.6.1
  [2ec943e9] Libz v1.0.1
  [739be429] MbedTLS v1.0.3
  [c8ffd9c3] MbedTLS_jll v2.16.8+1
  [5cb8414e] ModuleInterfaceTools v1.0.1
  [b10b62ed] MurmurHash3 v1.1.1
  [69e7dfc3] StrAPI v1.0.0
  [e79e7a6a] StrBase v1.0.4
  [124badd8] StrICU v1.0.0
  [30578b45] URIParser v0.4.1
  [c17dfb99] WinRPM v1.0.0
  [2a0f44e3] Base64
  [ade2ca70] Dates
  [8bb1440f] DelimitedFiles
  [8ba89e20] Distributed
  [b77e0a4c] InteractiveUtils
  [76f85450] LibGit2
  [8f399da3] Libdl
  [37e2e46d] LinearAlgebra
  [56ddb016] Logging
  [d6f4376e] Markdown
  [a63ad114] Mmap
  [44cfe95a] Pkg
  [de0858da] Printf
  [3fa0cd96] REPL
  [9a3f8284] Random
  [ea8e919c] SHA
  [9e88b42a] Serialization
  [1a1011a3] SharedArrays
  [6462fe0b] Sockets
  [2f01184e] SparseArrays
  [10745b16] Statistics
  [8dfed614] Test
  [cf7118a7] UUIDs
  [4ec0a83e] Unicode
ERROR: LoadError: could not open file /home/pkgeval/.julia/packages/StrICU/xILaF/deps/deps.jl
Stacktrace:
 [1] include(::Function, ::Module, ::String) at ./Base.jl:380
 [2] include at ./Base.jl:368 [inlined]
 [3] include(::String) at /home/pkgeval/.julia/packages/StrICU/xILaF/src/StrICU.jl:9
 [4] top-level scope at /home/pkgeval/.julia/packages/StrICU/xILaF/src/StrICU.jl:36
 [5] include(::Function, ::Module, ::String) at ./Base.jl:380
 [6] include(::Module, ::String) at ./Base.jl:368
 [7] top-level scope at none:2
 [8] eval at ./boot.jl:331 [inlined]
 [9] eval(::Expr) at ./client.jl:467
 [10] top-level scope at ./none:3
in expression starting at /home/pkgeval/.julia/packages/StrICU/xILaF/src/StrICU.jl:36
ERROR: LoadError: Failed to precompile StrICU [124badd8-7747-5df6-9c35-5cbf8cd52816] to /home/pkgeval/.julia/compiled/v1.5/StrICU/tngbB_7O70M.ji.
Stacktrace:
 [1] error(::String) at ./error.jl:33
 [2] compilecache(::Base.PkgId, ::String) at ./loading.jl:1305
 [3] _require(::Base.PkgId) at ./loading.jl:1030
 [4] require(::Base.PkgId) at ./loading.jl:928
 [5] require(::Module, ::Symbol) at ./loading.jl:923
 [6] include(::String) at ./client.jl:457
 [7] top-level scope at none:6
in expression starting at /home/pkgeval/.julia/packages/StrICU/xILaF/test/runtests.jl:1

PkgEval failed: Package StrICU errored during testing
Stacktrace:
 [1] pkgerror(::String) at /workspace/srcdir/usr/share/julia/stdlib/v1.5/Pkg/src/Types.jl:52
 [2] test(::Pkg.Types.Context, ::Array{Pkg.Types.PackageSpec,1}; coverage::Bool, julia_args::Cmd, test_args::Cmd, test_fn::Nothing) at /workspace/srcdir/usr/share/julia/stdlib/v1.5/Pkg/src/Operations.jl:1578
 [3] test(::Pkg.Types.Context, ::Array{Pkg.Types.PackageSpec,1}; coverage::Bool, test_fn::Nothing, julia_args::Cmd, test_args::Cmd, kwargs::Base.Iterators.Pairs{Union{},Union{},Tuple{},NamedTuple{(),Tuple{}}}) at /workspace/srcdir/usr/share/julia/stdlib/v1.5/Pkg/src/API.jl:327
 [4] test(::Pkg.Types.Context, ::Array{Pkg.Types.PackageSpec,1}) at /workspace/srcdir/usr/share/julia/stdlib/v1.5/Pkg/src/API.jl:314
 [5] #test#61 at /workspace/srcdir/usr/share/julia/stdlib/v1.5/Pkg/src/API.jl:67 [inlined]
 [6] test at /workspace/srcdir/usr/share/julia/stdlib/v1.5/Pkg/src/API.jl:67 [inlined]
 [7] #test#60 at /workspace/srcdir/usr/share/julia/stdlib/v1.5/Pkg/src/API.jl:66 [inlined]
 [8] test at /workspace/srcdir/usr/share/julia/stdlib/v1.5/Pkg/src/API.jl:66 [inlined]
 [9] test(::String; kwargs::Base.Iterators.Pairs{Union{},Union{},Tuple{},NamedTuple{(),Tuple{}}}) at /workspace/srcdir/usr/share/julia/stdlib/v1.5/Pkg/src/API.jl:65
 [10] test(::String) at /workspace/srcdir/usr/share/julia/stdlib/v1.5/Pkg/src/API.jl:65
 [11] top-level scope at none:22
 [12] eval at ./boot.jl:331 [inlined]
 [13] eval(::Expr) at ./client.jl:467
 [14] top-level scope at none:1
 [15] eval(::Module, ::Any) at ./boot.jl:331
 [16] exec_options(::Base.JLOptions) at ./client.jl:272
 [17] _start() at ./client.jl:506


################################################################################
# PkgEval teardown: 2021-01-11T20:34:49.669
CPU usage: 33.54s (29.21s user, 4.39s kernel)

Network usage:
- eth0: 3.297 MiB received, 117.271 KiB sent

Raw statistics: {"blkio_stats":{"io_queue_recursive":[],"io_serviced_recursive":[{"major":259,"value":0,"op":"Read","minor":0},{"major":259,"value":32,"op":"Write","minor":0},{"major":259,"value":19,"op":"Sync","minor":0},{"major":259,"value":13,"op":"Async","minor":0},{"major":259,"value":0,"op":"Discard","minor":0},{"major":259,"value":32,"op":"Total","minor":0},{"major":253,"value":0,"op":"Read","minor":2},{"major":253,"value":32,"op":"Write","minor":2},{"major":253,"value":19,"op":"Sync","minor":2},{"major":253,"value":13,"op":"Async","minor":2},{"major":253,"value":0,"op":"Discard","minor":2},{"major":253,"value":32,"op":"Total","minor":2}],"io_time_recursive":[],"sectors_recursive":[],"io_service_bytes_recursive":[{"major":259,"value":0,"op":"Read","minor":0},{"major":259,"value":184320,"op":"Write","minor":0},{"major":259,"value":106496,"op":"Sync","minor":0},{"major":259,"value":77824,"op":"Async","minor":0},{"major":259,"value":0,"op":"Discard","minor":0},{"major":259,"value":184320,"op":"Total","minor":0},{"major":253,"value":0,"op":"Read","minor":2},{"major":253,"value":184320,"op":"Write","minor":2},{"major":253,"value":106496,"op":"Sync","minor":2},{"major":253,"value":77824,"op":"Async","minor":2},{"major":253,"value":0,"op":"Discard","minor":2},{"major":253,"value":184320,"op":"Total","minor":2}],"io_wait_time_recursive":[],"io_merged_recursive":[],"io_service_time_recursive":[]},"memory_stats":{"usage":318472192,"max_usage":1151193088,"stats":{"hierarchical_memory_limit":9223372036854771712,"pgmajfault":0,"total_rss":203284480,"inactive_file":135168,"inactive_anon":81371136,"total_pgfault":1191993,"total_cache":85274624,"total_rss_huge":0,"total_active_anon":207212544,"total_pgmajfault":0,"pgpgin":710094,"rss_huge":0,"mapped_file":0,"total_inactive_file":135168,"dirty":135168,"total_unevictable":0,"total_dirty":135168,"writeback":270336,"pgpgout":639604,"hierarchical_memsw_limit":0,"cache":85274624,"active_file":135168,"pgfault":1191993,"total_mapped_file":0,"total_pgpgout":639604,"total_writeback":270336,"rss":203284480,"unevictable":0,"total_inactive_anon":81371136,"total_pgpgin":710094,"active_anon":207212544,"total_active_file":135168},"limit":540965302272},"name":"/StrICU-fBQEC5NP","networks":{"eth0":{"rx_bytes":3457163,"rx_packets":803,"tx_packets":944,"tx_bytes":120085,"tx_dropped":0,"rx_dropped":2,"tx_errors":0,"rx_errors":0}},"id":"878df7273638376123f708ecbd636a83148bfe1f4f00ad8ab87a20796314e390","preread":"0001-01-01T00:00:00Z","storage_stats":{},"precpu_stats":{"throttling_data":{"throttled_periods":0,"throttled_time":0,"periods":0},"cpu_usage":{"usage_in_usermode":0,"usage_in_kernelmode":0,"total_usage":0}},"pids_stats":{"current":40},"num_procs":0,"cpu_stats":{"throttling_data":{"throttled_periods":0,"throttled_time":0,"periods":0},"system_cpu_usage":5546316924522419,"online_cpus":128,"cpu_usage":{"usage_in_usermode":29210000000,"usage_in_kernelmode":4390000000,"total_usage":33538568601,"percpu_usage":[0,33532437899,7130,0,0,0,0,0,0,0,0,0,0,0,0,0,0,0,0,0,0,0,0,0,0,0,0,0,0,0,0,0,0,0,0,0,0,0,0,0,0,0,0,0,0,0,0,0,0,0,0,0,0,0,0,0,0,0,0,0,0,0,0,0,6123572,0,0,0,0,0,0,0,0,0,0,0,0,0,0,0,0,0,0,0,0,0,0,0,0,0,0,0,0,0,0,0,0,0,0,0,0,0,0,0,0,0,0,0,0,0,0,0,0,0,0,0,0,0,0,0,0,0,0,0,0,0,0,0]}},"read":"2021-01-11T20:34:49.671728591Z"}