################################################################################
# PkgEval set-up: 2021-01-11T16:52:38.005
#

Julia Version 1.5.3
Commit 599f52c4c6 (2020-12-18 13:33 UTC)
Platform Info:
  OS: Linux (x86_64-linux-gnu)
  CPU: AMD EPYC 7502 32-Core Processor
  WORD_SIZE: 64
  LIBM: libopenlibm
  LLVM: libLLVM-9.0.1 (ORCJIT, znver2)
Environment:
  JULIA_PKG_PRECOMPILE_AUTO = 0
  JULIA_PKGEVAL = true

Base.julia_cmd() = `/opt/julia/bin/julia -Cnative -J/opt/julia/lib/julia/sys.so -g1`


################################################################################
# Installation: 2021-01-11T16:52:39.721
#

 Installing known registries into `~/.julia`
######################################################################## 100.0%
      Added registry `General` to `~/.julia/registries/General`
  Resolving package versions...
  Installed ModuleInterfaceTools ─ v1.0.1
  Installed StrLiterals ────────── v1.0.0
Updating `~/.julia/environments/v1.5/Project.toml`
  [68059f60] + StrLiterals v1.0.0
Updating `~/.julia/environments/v1.5/Manifest.toml`
  [5cb8414e] + ModuleInterfaceTools v1.0.1
  [68059f60] + StrLiterals v1.0.0


################################################################################
# Testing: 2021-01-11T16:52:43.834
#

    Testing StrLiterals
Status `/tmp/jl_yEsSQX/Project.toml`
  [5cb8414e] ModuleInterfaceTools v1.0.1
  [68059f60] StrLiterals v1.0.0
  [8dfed614] Test
Status `/tmp/jl_yEsSQX/Manifest.toml`
  [5cb8414e] ModuleInterfaceTools v1.0.1
  [68059f60] StrLiterals v1.0.0
  [2a0f44e3] Base64
  [8ba89e20] Distributed
  [b77e0a4c] InteractiveUtils
  [56ddb016] Logging
  [d6f4376e] Markdown
  [9a3f8284] Random
  [9e88b42a] Serialization
  [6462fe0b] Sockets
  [8dfed614] Test
Test Summary:     | Pass  Total
Unicode constants |    4      4
Test Summary: | Pass  Total
Interpolation |    1      1
Test Summary:       | Pass  Total
$ not interpolation |    1      1
Test Summary:           | Pass  Total
Valid quoted characters |   13     13
Test Summary:             | Pass  Total
Invalid quoted characters |   43     43
Test Summary:              | Pass  Total
Legacy mode only sequences |    5      5
Test Summary:             | Pass  Total
Legacy mode Hex constants |    4      4
Test Summary:                 | Pass  Total
Legacy mode Unicode constants |    8      8
Test Summary:                       | Pass  Total
Legacy mode valid quoted characters |   13     13
Test Summary:               | Pass  Total
Legacy mode $ interpolation |    2      2
Test Summary:           | Pass  Total
Quoted $ in Legacy mode |    1      1
Test Summary:       | Pass  Total
Print macro support |    1      1
Test Summary:    | Pass  Total
escape, unescape |    4      4
    Testing StrLiterals tests passed 

PkgEval succeeded


################################################################################
# PkgEval teardown: 2021-01-11T16:52:49.396
CPU usage: 11.49s (8.94s user, 2.57s kernel)

Network usage:
- eth0: 2.552 MiB received, 31.510 KiB sent

Raw statistics: {"blkio_stats":{"io_queue_recursive":[],"io_serviced_recursive":[{"major":259,"value":0,"op":"Read","minor":0},{"major":259,"value":24,"op":"Write","minor":0},{"major":259,"value":19,"op":"Sync","minor":0},{"major":259,"value":5,"op":"Async","minor":0},{"major":259,"value":0,"op":"Discard","minor":0},{"major":259,"value":24,"op":"Total","minor":0},{"major":253,"value":0,"op":"Read","minor":2},{"major":253,"value":24,"op":"Write","minor":2},{"major":253,"value":19,"op":"Sync","minor":2},{"major":253,"value":5,"op":"Async","minor":2},{"major":253,"value":0,"op":"Discard","minor":2},{"major":253,"value":24,"op":"Total","minor":2}],"io_time_recursive":[],"sectors_recursive":[],"io_service_bytes_recursive":[{"major":259,"value":0,"op":"Read","minor":0},{"major":259,"value":126976,"op":"Write","minor":0},{"major":259,"value":106496,"op":"Sync","minor":0},{"major":259,"value":20480,"op":"Async","minor":0},{"major":259,"value":0,"op":"Discard","minor":0},{"major":259,"value":126976,"op":"Total","minor":0},{"major":253,"value":0,"op":"Read","minor":2},{"major":253,"value":126976,"op":"Write","minor":2},{"major":253,"value":106496,"op":"Sync","minor":2},{"major":253,"value":20480,"op":"Async","minor":2},{"major":253,"value":0,"op":"Discard","minor":2},{"major":253,"value":126976,"op":"Total","minor":2}],"io_wait_time_recursive":[],"io_merged_recursive":[],"io_service_time_recursive":[]},"memory_stats":{"usage":324952064,"max_usage":616456192,"stats":{"hierarchical_memory_limit":9223372036854771712,"pgmajfault":0,"total_rss":215375872,"inactive_file":135168,"inactive_anon":78667776,"total_pgfault":308154,"total_cache":79843328,"total_rss_huge":0,"total_active_anon":215998464,"total_pgmajfault":0,"pgpgin":231165,"rss_huge":0,"mapped_file":0,"total_inactive_file":135168,"dirty":135168,"total_unevictable":0,"total_dirty":135168,"writeback":0,"pgpgout":159073,"hierarchical_memsw_limit":0,"cache":79843328,"active_file":540672,"pgfault":308154,"total_mapped_file":0,"total_pgpgout":159073,"total_writeback":0,"rss":215375872,"unevictable":0,"total_inactive_anon":78667776,"total_pgpgin":231165,"active_anon":215998464,"total_active_file":540672},"limit":540965302272},"name":"/StrLiterals-OhHHH8Vx","networks":{"eth0":{"rx_bytes":2676152,"rx_packets":310,"tx_packets":310,"tx_bytes":32266,"tx_dropped":0,"rx_dropped":1,"tx_errors":0,"rx_errors":0}},"id":"39d879ff1acb51695760ef6767e69b2996399368cc23107f9750e2c5688e39ac","preread":"0001-01-01T00:00:00Z","storage_stats":{},"precpu_stats":{"throttling_data":{"throttled_periods":0,"throttled_time":0,"periods":0},"cpu_usage":{"usage_in_usermode":0,"usage_in_kernelmode":0,"total_usage":0}},"pids_stats":{"current":40},"num_procs":0,"cpu_stats":{"throttling_data":{"throttled_periods":0,"throttled_time":0,"periods":0},"system_cpu_usage":3844119384522419,"online_cpus":128,"cpu_usage":{"usage_in_usermode":8940000000,"usage_in_kernelmode":2570000000,"total_usage":11485183617,"percpu_usage":[0,0,0,0,11485123047,0,0,0,0,0,0,0,0,0,0,0,0,0,0,0,0,0,0,0,0,0,0,0,0,0,0,0,0,0,0,0,0,0,0,0,0,0,0,0,0,0,0,0,0,0,0,0,0,0,0,0,0,0,0,0,0,0,0,0,0,0,0,0,0,60570,0,0,0,0,0,0,0,0,0,0,0,0,0,0,0,0,0,0,0,0,0,0,0,0,0,0,0,0,0,0,0,0,0,0,0,0,0,0,0,0,0,0,0,0,0,0,0,0,0,0,0,0,0,0,0,0,0,0]}},"read":"2021-01-11T16:52:49.399469401Z"}