################################################################################
# PackageCompiler set-up: 2021-01-11T21:34:29.284
#

Julia Version 1.5.3
Commit 599f52c4c6 (2020-12-18 13:33 UTC)
Platform Info:
  OS: Linux (x86_64-linux-gnu)
  CPU: AMD EPYC 7502 32-Core Processor
  WORD_SIZE: 64
  LIBM: libopenlibm
  LLVM: libLLVM-9.0.1 (ORCJIT, znver2)
Environment:
  JULIA_PKGEVAL = true
  JULIA_PKG_PRECOMPILE_AUTO = 0



################################################################################
# Installation: 2021-01-11T21:34:31.097
#

 Installing known registries into `~/.julia`
######################################################################## 100.0%
      Added registry `General` to `~/.julia/registries/General`
  Resolving package versions...
  Installed StructIO ──────── v0.3.0
  Installed PackageCompiler ─ v1.2.5
Updating `~/.julia/environments/v1.5/Project.toml`
  [9b87118b] + PackageCompiler v1.2.5
  [53d494c1] + StructIO v0.3.0
Updating `~/.julia/environments/v1.5/Manifest.toml`
  [9b87118b] + PackageCompiler v1.2.5
  [53d494c1] + StructIO v0.3.0
  [2a0f44e3] + Base64
  [ade2ca70] + Dates
  [8ba89e20] + Distributed
  [b77e0a4c] + InteractiveUtils
  [76f85450] + LibGit2
  [8f399da3] + Libdl
  [56ddb016] + Logging
  [d6f4376e] + Markdown
  [44cfe95a] + Pkg
  [de0858da] + Printf
  [3fa0cd96] + REPL
  [9a3f8284] + Random
  [ea8e919c] + SHA
  [9e88b42a] + Serialization
  [6462fe0b] + Sockets
  [8dfed614] + Test
  [cf7118a7] + UUIDs
  [4ec0a83e] + Unicode


################################################################################
# Compiling: 2021-01-11T21:34:36.668
#

[ Info: PackageCompiler: creating system image object file, this might take a while...
Generated system image is 147.322 MiB, compilation took 165 seconds


################################################################################
# PkgEval set-up: 2021-01-11T21:37:29.785
#

Julia Version 1.5.3
Commit 599f52c4c6 (2020-12-18 13:33 UTC)
Platform Info:
  OS: Linux (x86_64-linux-gnu)
  CPU: AMD EPYC 7502 32-Core Processor
  WORD_SIZE: 64
  LIBM: libopenlibm
  LLVM: libLLVM-9.0.1 (ORCJIT, znver2)
Environment:
  JULIA_PKGEVAL = true
  JULIA_PKG_PRECOMPILE_AUTO = 0

Base.julia_cmd() = `/usr/local/julia/bin/julia -Cnative -J/cache/StructIO-jJTjGEES.so -g1`


################################################################################
# Installation: 2021-01-11T21:37:31.69
#

 Installing known registries into `~/.julia`
#####################################                                     51.6%######################################################################## 100.0%
      Added registry `General` to `~/.julia/registries/General`
  Resolving package versions...
  Installed StructIO ─ v0.3.0
Updating `~/.julia/environments/v1.5/Project.toml`
  [53d494c1] + StructIO v0.3.0
Updating `~/.julia/environments/v1.5/Manifest.toml`
  [53d494c1] + StructIO v0.3.0
  [2a0f44e3] + Base64
  [8ba89e20] + Distributed
  [b77e0a4c] + InteractiveUtils
  [56ddb016] + Logging
  [d6f4376e] + Markdown
  [9a3f8284] + Random
  [9e88b42a] + Serialization
  [6462fe0b] + Sockets
  [8dfed614] + Test


################################################################################
# Testing: 2021-01-11T21:37:35.987
#

    Testing StructIO
Status `/tmp/jl_ybIpNc/Project.toml`
  [53d494c1] StructIO v0.3.0
  [8dfed614] Test
Status `/tmp/jl_ybIpNc/Manifest.toml`
  [53d494c1] StructIO v0.3.0
  [2a0f44e3] Base64
  [8ba89e20] Distributed
  [b77e0a4c] InteractiveUtils
  [56ddb016] Logging
  [d6f4376e] Markdown
  [9a3f8284] Random
  [9e88b42a] Serialization
  [6462fe0b] Sockets
  [8dfed614] Test
Test Summary: | Pass  Total
unpack()      |    7      7
Test Summary: | Pass  Total
pack()        |   20     20
Test Summary:   | Pass  Total
packed_sizeof() |    6      6
Test Summary: | Pass  Total
Documentation |    1      1
    Testing StructIO tests passed 

PkgEval succeeded


################################################################################
# PkgEval teardown: 2021-01-11T21:37:40.195
CPU usage: 10.44s (7.50s user, 2.96s kernel)

Network usage:
- eth0: 2.555 MiB received, 29.575 KiB sent

Raw statistics: {"blkio_stats":{"io_queue_recursive":[],"io_serviced_recursive":[{"major":259,"value":0,"op":"Read","minor":0},{"major":259,"value":19,"op":"Write","minor":0},{"major":259,"value":14,"op":"Sync","minor":0},{"major":259,"value":5,"op":"Async","minor":0},{"major":259,"value":0,"op":"Discard","minor":0},{"major":259,"value":19,"op":"Total","minor":0},{"major":253,"value":0,"op":"Read","minor":2},{"major":253,"value":19,"op":"Write","minor":2},{"major":253,"value":14,"op":"Sync","minor":2},{"major":253,"value":5,"op":"Async","minor":2},{"major":253,"value":0,"op":"Discard","minor":2},{"major":253,"value":19,"op":"Total","minor":2}],"io_time_recursive":[],"sectors_recursive":[],"io_service_bytes_recursive":[{"major":259,"value":0,"op":"Read","minor":0},{"major":259,"value":77824,"op":"Write","minor":0},{"major":259,"value":57344,"op":"Sync","minor":0},{"major":259,"value":20480,"op":"Async","minor":0},{"major":259,"value":0,"op":"Discard","minor":0},{"major":259,"value":77824,"op":"Total","minor":0},{"major":253,"value":0,"op":"Read","minor":2},{"major":253,"value":77824,"op":"Write","minor":2},{"major":253,"value":57344,"op":"Sync","minor":2},{"major":253,"value":20480,"op":"Async","minor":2},{"major":253,"value":0,"op":"Discard","minor":2},{"major":253,"value":77824,"op":"Total","minor":2}],"io_wait_time_recursive":[],"io_merged_recursive":[],"io_service_time_recursive":[]},"memory_stats":{"usage":281587712,"max_usage":440492032,"stats":{"hierarchical_memory_limit":9223372036854771712,"pgmajfault":0,"total_rss":173023232,"inactive_file":135168,"inactive_anon":78802944,"total_pgfault":219483,"total_cache":79347712,"total_rss_huge":0,"total_active_anon":173555712,"total_pgmajfault":0,"pgpgin":150183,"rss_huge":0,"mapped_file":0,"total_inactive_file":135168,"dirty":135168,"total_unevictable":0,"total_dirty":135168,"writeback":0,"pgpgout":88598,"hierarchical_memsw_limit":0,"cache":79347712,"active_file":135168,"pgfault":219483,"total_mapped_file":0,"total_pgpgout":88598,"total_writeback":0,"rss":173023232,"unevictable":0,"total_inactive_anon":78802944,"total_pgpgin":150183,"active_anon":173555712,"total_active_file":135168},"limit":540965302272},"name":"/StructIO-RzR6Q2mW","networks":{"eth0":{"rx_bytes":2679199,"rx_packets":334,"tx_packets":315,"tx_bytes":30285,"tx_dropped":0,"rx_dropped":1,"tx_errors":0,"rx_errors":0}},"id":"a41ff3cb226ac2fefbbe4d62e74240993adf19ff50ae8ea975ffd24eeb512932","preread":"0001-01-01T00:00:00Z","storage_stats":{},"precpu_stats":{"throttling_data":{"throttled_periods":0,"throttled_time":0,"periods":0},"cpu_usage":{"usage_in_usermode":0,"usage_in_kernelmode":0,"total_usage":0}},"pids_stats":{"current":44},"num_procs":0,"cpu_stats":{"throttling_data":{"throttled_periods":0,"throttled_time":0,"periods":0},"system_cpu_usage":6027997904522419,"online_cpus":128,"cpu_usage":{"usage_in_usermode":7500000000,"usage_in_kernelmode":2960000000,"total_usage":10437727970,"percpu_usage":[0,0,0,0,0,0,0,0,0,0,0,0,0,0,0,0,0,0,0,0,0,0,0,0,0,0,0,0,0,0,0,0,0,0,0,0,0,0,0,0,0,0,0,0,0,0,0,0,0,0,0,0,0,0,0,0,0,0,10437719250,0,0,0,0,0,0,0,0,0,0,0,0,0,0,0,0,0,0,0,0,0,0,0,0,0,0,0,0,0,0,0,0,0,0,0,0,0,0,0,0,0,0,0,0,0,0,0,0,0,0,0,0,0,0,0,0,0,0,0,0,0,0,8720,0,0,0,0,0,0]}},"read":"2021-01-11T21:37:40.525689392Z"}