################################################################################
# PackageCompiler set-up: 2021-01-11T19:54:21.945
#

Julia Version 1.5.3
Commit 599f52c4c6 (2020-12-18 13:33 UTC)
Platform Info:
  OS: Linux (x86_64-linux-gnu)
  CPU: AMD EPYC 7502 32-Core Processor
  WORD_SIZE: 64
  LIBM: libopenlibm
  LLVM: libLLVM-9.0.1 (ORCJIT, znver2)
Environment:
  JULIA_PKGEVAL = true
  JULIA_PKG_PRECOMPILE_AUTO = 0



################################################################################
# Installation: 2021-01-11T19:54:23.649
#

 Installing known registries into `~/.julia`
######################################################################## 100.0%
      Added registry `General` to `~/.julia/registries/General`
  Resolving package versions...
  Installed StructArrays ──────────────── v0.4.4
  Installed Adapt ─────────────────────── v2.4.0
  Installed DataAPI ───────────────────── v1.4.0
  Installed IteratorInterfaceExtensions ─ v1.0.0
  Installed TableTraits ───────────────── v1.0.0
  Installed DataValueInterfaces ───────── v1.0.0
  Installed Tables ────────────────────── v1.2.2
  Installed PackageCompiler ───────────── v1.2.5
Updating `~/.julia/environments/v1.5/Project.toml`
  [9b87118b] + PackageCompiler v1.2.5
  [09ab397b] + StructArrays v0.4.4
Updating `~/.julia/environments/v1.5/Manifest.toml`
  [79e6a3ab] + Adapt v2.4.0
  [9a962f9c] + DataAPI v1.4.0
  [e2d170a0] + DataValueInterfaces v1.0.0
  [82899510] + IteratorInterfaceExtensions v1.0.0
  [9b87118b] + PackageCompiler v1.2.5
  [09ab397b] + StructArrays v0.4.4
  [3783bdb8] + TableTraits v1.0.0
  [bd369af6] + Tables v1.2.2
  [2a0f44e3] + Base64
  [ade2ca70] + Dates
  [8ba89e20] + Distributed
  [b77e0a4c] + InteractiveUtils
  [76f85450] + LibGit2
  [8f399da3] + Libdl
  [37e2e46d] + LinearAlgebra
  [56ddb016] + Logging
  [d6f4376e] + Markdown
  [44cfe95a] + Pkg
  [de0858da] + Printf
  [3fa0cd96] + REPL
  [9a3f8284] + Random
  [ea8e919c] + SHA
  [9e88b42a] + Serialization
  [6462fe0b] + Sockets
  [8dfed614] + Test
  [cf7118a7] + UUIDs
  [4ec0a83e] + Unicode


################################################################################
# Compiling: 2021-01-11T19:54:29.405
#

[ Info: PackageCompiler: creating system image object file, this might take a while...
Generated system image is 149.054 MiB, compilation took 170 seconds


################################################################################
# PkgEval set-up: 2021-01-11T19:57:26.555
#

Julia Version 1.5.3
Commit 599f52c4c6 (2020-12-18 13:33 UTC)
Platform Info:
  OS: Linux (x86_64-linux-gnu)
  CPU: AMD EPYC 7502 32-Core Processor
  WORD_SIZE: 64
  LIBM: libopenlibm
  LLVM: libLLVM-9.0.1 (ORCJIT, znver2)
Environment:
  JULIA_PKGEVAL = true
  JULIA_PKG_PRECOMPILE_AUTO = 0

Base.julia_cmd() = `/usr/local/julia/bin/julia -Cnative -J/cache/StructArrays-FUKlDlgZ.so -g1`


################################################################################
# Installation: 2021-01-11T19:57:28.261
#

 Installing known registries into `~/.julia`
######################################################################## 100.0%
      Added registry `General` to `~/.julia/registries/General`
  Resolving package versions...
  Installed DataAPI ───────────────────── v1.4.0
  Installed StructArrays ──────────────── v0.4.4
  Installed Adapt ─────────────────────── v2.4.0
  Installed IteratorInterfaceExtensions ─ v1.0.0
  Installed TableTraits ───────────────── v1.0.0
  Installed DataValueInterfaces ───────── v1.0.0
  Installed Tables ────────────────────── v1.2.2
Updating `~/.julia/environments/v1.5/Project.toml`
  [09ab397b] + StructArrays v0.4.4
Updating `~/.julia/environments/v1.5/Manifest.toml`
  [79e6a3ab] + Adapt v2.4.0
  [9a962f9c] + DataAPI v1.4.0
  [e2d170a0] + DataValueInterfaces v1.0.0
  [82899510] + IteratorInterfaceExtensions v1.0.0
  [09ab397b] + StructArrays v0.4.4
  [3783bdb8] + TableTraits v1.0.0
  [bd369af6] + Tables v1.2.2
  [2a0f44e3] + Base64
  [8ba89e20] + Distributed
  [b77e0a4c] + InteractiveUtils
  [8f399da3] + Libdl
  [37e2e46d] + LinearAlgebra
  [56ddb016] + Logging
  [d6f4376e] + Markdown
  [9a3f8284] + Random
  [9e88b42a] + Serialization
  [6462fe0b] + Sockets
  [8dfed614] + Test


################################################################################
# Testing: 2021-01-11T19:57:32.823
#

    Testing StructArrays
Status `/tmp/jl_oubTMa/Project.toml`
  [79e6a3ab] Adapt v2.4.0
  [9a962f9c] DataAPI v1.4.0
  [6fe1bfb0] OffsetArrays v1.5.0
  [2dfb63ee] PooledArrays v0.5.3
  [09ab397b] StructArrays v0.4.4
  [bd369af6] Tables v1.2.2
  [ea10d353] WeakRefStrings v0.6.2
  [8dfed614] Test
Status `/tmp/jl_oubTMa/Manifest.toml`
  [79e6a3ab] Adapt v2.4.0
  [9a962f9c] DataAPI v1.4.0
  [e2d170a0] DataValueInterfaces v1.0.0
  [82899510] IteratorInterfaceExtensions v1.0.0
  [6fe1bfb0] OffsetArrays v1.5.0
  [2dfb63ee] PooledArrays v0.5.3
  [09ab397b] StructArrays v0.4.4
  [3783bdb8] TableTraits v1.0.0
  [bd369af6] Tables v1.2.2
  [ea10d353] WeakRefStrings v0.6.2
  [2a0f44e3] Base64
  [8ba89e20] Distributed
  [b77e0a4c] InteractiveUtils
  [8f399da3] Libdl
  [37e2e46d] LinearAlgebra
  [56ddb016] Logging
  [d6f4376e] Markdown
  [9a3f8284] Random
  [9e88b42a] Serialization
  [6462fe0b] Sockets
  [8dfed614] Test
Test Summary: | Pass  Total
index         |    4      4
Test Summary: | Pass  Total
fieldarrays   |    2      2
Test Summary: | Pass  Total
utils         |   16     16
Test Summary: | Pass  Total
indexstyle    |   10     10
Test Summary:   | Pass  Total
replace_storage |    5      5
Test Summary: | Pass  Total
roweq         |   11     11
Test Summary: | Pass  Total
permute       |    6      6
Test Summary: | Pass  Total
sortperm      |   14     14
Test Summary: | Pass  Total
iterators     |    8      8
Test Summary: | Pass  Total
groupjoin     |    5      5
Test Summary: | Pass  Total
similar       |    6      6
Test Summary: | Pass  Total
empty         |    2      2
Test Summary:                   | Pass  Total
constructor from existing array |    9      9
Test Summary: | Pass  Total
tuple case    |    7      7
Test Summary:      | Pass  Total
kwargs constructor |    4      4
Test Summary: | Pass  Total
complex       |    3      3
Test Summary: | Pass  Total
copy          |    2      2
Test Summary:     | Pass  Total
undef initializer |    3      3
Test Summary: | Pass  Total
resize!       |    2      2
Test Summary: | Pass  Total
concat        |    6      6
Test Summary: | Pass  Total
inferrability |    4      4
Test Summary: | Pass  Total
propertynames |    1      1
Test Summary: | Pass  Total
tables        |   18     18
Test Summary: | Pass  Total
inner         |    2      2
Test Summary: | Pass  Total
arrayof       |    2      2
Test Summary:      | Pass  Total
collectnamedtuples |   14     14
Test Summary: | Pass  Total
collecttuples |   11     11
Test Summary:  | Pass  Total
collectscalars |    9      9
Test Summary: | Pass  Total
collectpairs  |   15     15
Test Summary: | Pass  Total
collect2D     |    3      3
Test Summary: | Pass  Total
collectoffset |   12     12
Test Summary: | Pass  Total
hasfields     |   10     10
Test Summary: | Pass  Total
reshape       |    2      2
Test Summary: | Pass  Total
lazy          |   34     34
Test Summary: | Pass  Total
refarray      |   10     10
Test Summary: | Pass  Total
show          |    2      2
Test Summary: | Pass  Total
append!!      |    8      8
Test Summary: | Pass  Total
adapt         |    5      5
    Testing StructArrays tests passed 

PkgEval succeeded


################################################################################
# PkgEval teardown: 2021-01-11T19:58:06.735
CPU usage: 40.31s (37.71s user, 2.64s kernel)

Network usage:
- eth0: 2.716 MiB received, 66.599 KiB sent

Raw statistics: {"blkio_stats":{"io_queue_recursive":[],"io_serviced_recursive":[{"major":259,"value":0,"op":"Read","minor":0},{"major":259,"value":19,"op":"Write","minor":0},{"major":259,"value":14,"op":"Sync","minor":0},{"major":259,"value":5,"op":"Async","minor":0},{"major":259,"value":0,"op":"Discard","minor":0},{"major":259,"value":19,"op":"Total","minor":0},{"major":253,"value":0,"op":"Read","minor":2},{"major":253,"value":19,"op":"Write","minor":2},{"major":253,"value":14,"op":"Sync","minor":2},{"major":253,"value":5,"op":"Async","minor":2},{"major":253,"value":0,"op":"Discard","minor":2},{"major":253,"value":19,"op":"Total","minor":2}],"io_time_recursive":[],"sectors_recursive":[],"io_service_bytes_recursive":[{"major":259,"value":0,"op":"Read","minor":0},{"major":259,"value":77824,"op":"Write","minor":0},{"major":259,"value":57344,"op":"Sync","minor":0},{"major":259,"value":20480,"op":"Async","minor":0},{"major":259,"value":0,"op":"Discard","minor":0},{"major":259,"value":77824,"op":"Total","minor":0},{"major":253,"value":0,"op":"Read","minor":2},{"major":253,"value":77824,"op":"Write","minor":2},{"major":253,"value":57344,"op":"Sync","minor":2},{"major":253,"value":20480,"op":"Async","minor":2},{"major":253,"value":0,"op":"Discard","minor":2},{"major":253,"value":77824,"op":"Total","minor":2}],"io_wait_time_recursive":[],"io_merged_recursive":[],"io_service_time_recursive":[]},"memory_stats":{"usage":304635904,"max_usage":611971072,"stats":{"hierarchical_memory_limit":9223372036854771712,"pgmajfault":0,"total_rss":194572288,"inactive_file":135168,"inactive_anon":79208448,"total_pgfault":593901,"total_cache":80367616,"total_rss_huge":0,"total_active_anon":195723264,"total_pgmajfault":0,"pgpgin":311553,"rss_huge":0,"mapped_file":0,"total_inactive_file":135168,"dirty":135168,"total_unevictable":0,"total_dirty":135168,"writeback":0,"pgpgout":244425,"hierarchical_memsw_limit":0,"cache":80367616,"active_file":135168,"pgfault":593901,"total_mapped_file":0,"total_pgpgout":244425,"total_writeback":0,"rss":194572288,"unevictable":0,"total_inactive_anon":79208448,"total_pgpgin":311553,"active_anon":195723264,"total_active_file":135168},"limit":540965302272},"name":"/StructArrays-w9DSoptc","networks":{"eth0":{"rx_bytes":2847479,"rx_packets":504,"tx_packets":561,"tx_bytes":68197,"tx_dropped":0,"rx_dropped":2,"tx_errors":0,"rx_errors":0}},"id":"df18508bd4570336ad1f88a070dfac5d9873eb829f679bdc337a94cfe2570b64","preread":"0001-01-01T00:00:00Z","storage_stats":{},"precpu_stats":{"throttling_data":{"throttled_periods":0,"throttled_time":0,"periods":0},"cpu_usage":{"usage_in_usermode":0,"usage_in_kernelmode":0,"total_usage":0}},"pids_stats":{"current":44},"num_procs":0,"cpu_stats":{"throttling_data":{"throttled_periods":0,"throttled_time":0,"periods":0},"system_cpu_usage":5264746544522419,"online_cpus":128,"cpu_usage":{"usage_in_usermode":37710000000,"usage_in_kernelmode":2640000000,"total_usage":40307821798,"percpu_usage":[0,0,0,0,0,0,0,0,0,0,0,0,0,0,0,0,0,0,0,0,0,0,0,0,0,0,0,0,0,40307816838,0,0,0,0,0,0,0,0,0,0,0,0,0,0,0,0,0,0,0,0,0,0,0,0,0,0,0,0,0,0,0,0,0,0,0,0,0,0,0,0,0,0,0,0,0,0,0,0,0,0,0,0,0,0,0,0,0,0,0,0,0,0,0,4960,0,0,0,0,0,0,0,0,0,0,0,0,0,0,0,0,0,0,0,0,0,0,0,0,0,0,0,0,0,0,0,0,0,0]}},"read":"2021-01-11T19:58:06.737958933Z"}