################################################################################
# PackageCompiler set-up: 2021-01-11T20:46:20.059
#

Julia Version 1.5.3
Commit 599f52c4c6 (2020-12-18 13:33 UTC)
Platform Info:
  OS: Linux (x86_64-linux-gnu)
  CPU: AMD EPYC 7502 32-Core Processor
  WORD_SIZE: 64
  LIBM: libopenlibm
  LLVM: libLLVM-9.0.1 (ORCJIT, znver2)
Environment:
  JULIA_PKGEVAL = true
  JULIA_PKG_PRECOMPILE_AUTO = 0



################################################################################
# Installation: 2021-01-11T20:46:21.802
#

 Installing known registries into `~/.julia`
#=#=#                                                                         ######################################################################## 100.0%
      Added registry `General` to `~/.julia/registries/General`
  Resolving package versions...
  Installed StructuralInheritance ─ v0.2.4
  Installed PackageCompiler ─────── v1.2.5
Updating `~/.julia/environments/v1.5/Project.toml`
  [9b87118b] + PackageCompiler v1.2.5
  [eb3e9d2b] + StructuralInheritance v0.2.4
Updating `~/.julia/environments/v1.5/Manifest.toml`
  [9b87118b] + PackageCompiler v1.2.5
  [eb3e9d2b] + StructuralInheritance v0.2.4
  [2a0f44e3] + Base64
  [ade2ca70] + Dates
  [8ba89e20] + Distributed
  [b77e0a4c] + InteractiveUtils
  [76f85450] + LibGit2
  [8f399da3] + Libdl
  [56ddb016] + Logging
  [d6f4376e] + Markdown
  [44cfe95a] + Pkg
  [de0858da] + Printf
  [3fa0cd96] + REPL
  [9a3f8284] + Random
  [ea8e919c] + SHA
  [9e88b42a] + Serialization
  [6462fe0b] + Sockets
  [8dfed614] + Test
  [cf7118a7] + UUIDs
  [4ec0a83e] + Unicode
   Building StructuralInheritance → `~/.julia/packages/StructuralInheritance/RKpqF/deps/build.log`


################################################################################
# Compiling: 2021-01-11T20:46:27.874
#

[ Info: PackageCompiler: creating system image object file, this might take a while...
Generated system image is 147.376 MiB, compilation took 160 seconds


################################################################################
# PkgEval set-up: 2021-01-11T20:49:15.477
#

Julia Version 1.5.3
Commit 599f52c4c6 (2020-12-18 13:33 UTC)
Platform Info:
  OS: Linux (x86_64-linux-gnu)
  CPU: AMD EPYC 7502 32-Core Processor
  WORD_SIZE: 64
  LIBM: libopenlibm
  LLVM: libLLVM-9.0.1 (ORCJIT, znver2)
Environment:
  JULIA_PKGEVAL = true
  JULIA_PKG_PRECOMPILE_AUTO = 0

Base.julia_cmd() = `/usr/local/julia/bin/julia -Cnative -J/cache/StructuralInheritance-YB5J7xgG.so -g1`


################################################################################
# Installation: 2021-01-11T20:49:17.336
#

 Installing known registries into `~/.julia`
######################################################################## 100.0%
      Added registry `General` to `~/.julia/registries/General`
  Resolving package versions...
  Installed StructuralInheritance ─ v0.2.4
Updating `~/.julia/environments/v1.5/Project.toml`
  [eb3e9d2b] + StructuralInheritance v0.2.4
Updating `~/.julia/environments/v1.5/Manifest.toml`
  [eb3e9d2b] + StructuralInheritance v0.2.4
  [2a0f44e3] + Base64
  [8ba89e20] + Distributed
  [b77e0a4c] + InteractiveUtils
  [56ddb016] + Logging
  [d6f4376e] + Markdown
  [9a3f8284] + Random
  [9e88b42a] + Serialization
  [6462fe0b] + Sockets
  [8dfed614] + Test
   Building StructuralInheritance → `~/.julia/packages/StructuralInheritance/RKpqF/deps/build.log`


################################################################################
# Testing: 2021-01-11T20:49:21.777
#

    Testing StructuralInheritance
Status `/tmp/jl_0eRFZ9/Project.toml`
  [eb3e9d2b] StructuralInheritance v0.2.4
  [8dfed614] Test
Status `/tmp/jl_0eRFZ9/Manifest.toml`
  [eb3e9d2b] StructuralInheritance v0.2.4
  [2a0f44e3] Base64
  [8ba89e20] Distributed
  [b77e0a4c] InteractiveUtils
  [56ddb016] Logging
  [d6f4376e] Markdown
  [9a3f8284] Random
  [9e88b42a] Serialization
  [6462fe0b] Sockets
  [8dfed614] Test
    Testing StructuralInheritance tests passed 

PkgEval succeeded


################################################################################
# PkgEval teardown: 2021-01-11T20:49:28.046
CPU usage: 12.62s (10.30s user, 2.36s kernel)

Network usage:
- eth0: 2.633 MiB received, 29.008 KiB sent

Raw statistics: {"blkio_stats":{"io_queue_recursive":[],"io_serviced_recursive":[{"major":259,"value":0,"op":"Read","minor":0},{"major":259,"value":23,"op":"Write","minor":0},{"major":259,"value":14,"op":"Sync","minor":0},{"major":259,"value":9,"op":"Async","minor":0},{"major":259,"value":0,"op":"Discard","minor":0},{"major":259,"value":23,"op":"Total","minor":0},{"major":253,"value":0,"op":"Read","minor":2},{"major":253,"value":23,"op":"Write","minor":2},{"major":253,"value":14,"op":"Sync","minor":2},{"major":253,"value":9,"op":"Async","minor":2},{"major":253,"value":0,"op":"Discard","minor":2},{"major":253,"value":23,"op":"Total","minor":2}],"io_time_recursive":[],"sectors_recursive":[],"io_service_bytes_recursive":[{"major":259,"value":0,"op":"Read","minor":0},{"major":259,"value":94208,"op":"Write","minor":0},{"major":259,"value":57344,"op":"Sync","minor":0},{"major":259,"value":36864,"op":"Async","minor":0},{"major":259,"value":0,"op":"Discard","minor":0},{"major":259,"value":94208,"op":"Total","minor":0},{"major":253,"value":0,"op":"Read","minor":2},{"major":253,"value":94208,"op":"Write","minor":2},{"major":253,"value":57344,"op":"Sync","minor":2},{"major":253,"value":36864,"op":"Async","minor":2},{"major":253,"value":0,"op":"Discard","minor":2},{"major":253,"value":94208,"op":"Total","minor":2}],"io_wait_time_recursive":[],"io_merged_recursive":[],"io_service_time_recursive":[]},"memory_stats":{"usage":317468672,"max_usage":474058752,"stats":{"hierarchical_memory_limit":9223372036854771712,"pgmajfault":0,"total_rss":204005376,"inactive_file":135168,"inactive_anon":78802944,"total_pgfault":283140,"total_cache":83570688,"total_rss_huge":0,"total_active_anon":204509184,"total_pgmajfault":0,"pgpgin":185724,"rss_huge":0,"mapped_file":0,"total_inactive_file":135168,"dirty":946176,"total_unevictable":0,"total_dirty":946176,"writeback":0,"pgpgout":115545,"hierarchical_memsw_limit":0,"cache":83570688,"active_file":4190208,"pgfault":283140,"total_mapped_file":0,"total_pgpgout":115545,"total_writeback":0,"rss":204005376,"unevictable":0,"total_inactive_anon":78802944,"total_pgpgin":185724,"active_anon":204509184,"total_active_file":4190208},"limit":540965302272},"name":"/StructuralInheritance-Rigqs1G6","networks":{"eth0":{"rx_bytes":2761308,"rx_packets":326,"tx_packets":308,"tx_bytes":29704,"tx_dropped":0,"rx_dropped":1,"tx_errors":0,"rx_errors":0}},"id":"e8f3591a17a49fa2a9bb917f6c3daf49506c314e904e03f5034427be6c230f79","preread":"0001-01-01T00:00:00Z","storage_stats":{},"precpu_stats":{"throttling_data":{"throttled_periods":0,"throttled_time":0,"periods":0},"cpu_usage":{"usage_in_usermode":0,"usage_in_kernelmode":0,"total_usage":0}},"pids_stats":{"current":44},"num_procs":0,"cpu_stats":{"throttling_data":{"throttled_periods":0,"throttled_time":0,"periods":0},"system_cpu_usage":5658516314522419,"online_cpus":128,"cpu_usage":{"usage_in_usermode":10300000000,"usage_in_kernelmode":2360000000,"total_usage":12623262705,"percpu_usage":[0,0,0,0,0,0,0,0,0,0,0,0,0,0,0,0,0,0,0,0,0,0,0,0,0,0,0,0,0,0,0,0,0,0,0,0,0,0,0,0,0,0,12623262705,0,0,0,0,0,0,0,0,0,0,0,0,0,0,0,0,0,0,0,0,0,0,0,0,0,0,0,0,0,0,0,0,0,0,0,0,0,0,0,0,0,0,0,0,0,0,0,0,0,0,0,0,0,0,0,0,0,0,0,0,0,0,0,0,0,0,0,0,0,0,0,0,0,0,0,0,0,0,0,0,0,0,0,0,0]}},"read":"2021-01-11T20:49:28.049482839Z"}