################################################################################
# PkgEval set-up: 2021-01-11T20:36:34.105
#

Julia Version 1.5.3
Commit 599f52c4c6 (2020-12-18 13:33 UTC)
Platform Info:
  OS: Linux (x86_64-linux-gnu)
  CPU: AMD EPYC 7502 32-Core Processor
  WORD_SIZE: 64
  LIBM: libopenlibm
  LLVM: libLLVM-9.0.1 (ORCJIT, znver2)
Environment:
  JULIA_PKG_PRECOMPILE_AUTO = 0
  JULIA_PKGEVAL = true

Base.julia_cmd() = `/opt/julia/bin/julia -Cnative -J/opt/julia/lib/julia/sys.so -g1`


################################################################################
# Installation: 2021-01-11T20:36:35.86
#

 Installing known registries into `~/.julia`
#                                                                          2.5%######################################################################## 100.0%
      Added registry `General` to `~/.julia/registries/General`
  Resolving package versions...
  Installed SubMatrixSelectionSVD ─ v0.1.1
Updating `~/.julia/environments/v1.5/Project.toml`
  [1e09ba94] + SubMatrixSelectionSVD v0.1.1
Updating `~/.julia/environments/v1.5/Manifest.toml`
  [1e09ba94] + SubMatrixSelectionSVD v0.1.1
  [8ba89e20] + Distributed
  [8f399da3] + Libdl
  [37e2e46d] + LinearAlgebra
  [9a3f8284] + Random
  [9e88b42a] + Serialization
  [6462fe0b] + Sockets
  [2f01184e] + SparseArrays
  [10745b16] + Statistics


################################################################################
# Testing: 2021-01-11T20:36:39.901
#

    Testing SubMatrixSelectionSVD
Status `/tmp/jl_6XM1aS/Project.toml`
  [1e09ba94] SubMatrixSelectionSVD v0.1.1
  [8ba89e20] Distributed
  [37e2e46d] LinearAlgebra
  [10745b16] Statistics
  [8dfed614] Test
Status `/tmp/jl_6XM1aS/Manifest.toml`
  [1e09ba94] SubMatrixSelectionSVD v0.1.1
  [2a0f44e3] Base64
  [8ba89e20] Distributed
  [b77e0a4c] InteractiveUtils
  [8f399da3] Libdl
  [37e2e46d] LinearAlgebra
  [56ddb016] Logging
  [d6f4376e] Markdown
  [9a3f8284] Random
  [9e88b42a] Serialization
  [6462fe0b] Sockets
  [2f01184e] SparseArrays
  [10745b16] Statistics
  [8dfed614] Test
Test Summary: | Pass  Total
Basic Tests   |   28     28
    Testing SubMatrixSelectionSVD tests passed 

PkgEval succeeded


################################################################################
# PkgEval teardown: 2021-01-11T20:36:50.818
CPU usage: 16.78s (14.24s user, 2.60s kernel)

Network usage:
- eth0: 2.539 MiB received, 29.416 KiB sent

Raw statistics: {"blkio_stats":{"io_queue_recursive":[],"io_serviced_recursive":[{"major":259,"value":0,"op":"Read","minor":0},{"major":259,"value":24,"op":"Write","minor":0},{"major":259,"value":19,"op":"Sync","minor":0},{"major":259,"value":5,"op":"Async","minor":0},{"major":259,"value":0,"op":"Discard","minor":0},{"major":259,"value":24,"op":"Total","minor":0},{"major":253,"value":0,"op":"Read","minor":2},{"major":253,"value":24,"op":"Write","minor":2},{"major":253,"value":19,"op":"Sync","minor":2},{"major":253,"value":5,"op":"Async","minor":2},{"major":253,"value":0,"op":"Discard","minor":2},{"major":253,"value":24,"op":"Total","minor":2}],"io_time_recursive":[],"sectors_recursive":[],"io_service_bytes_recursive":[{"major":259,"value":0,"op":"Read","minor":0},{"major":259,"value":126976,"op":"Write","minor":0},{"major":259,"value":106496,"op":"Sync","minor":0},{"major":259,"value":20480,"op":"Async","minor":0},{"major":259,"value":0,"op":"Discard","minor":0},{"major":259,"value":126976,"op":"Total","minor":0},{"major":253,"value":0,"op":"Read","minor":2},{"major":253,"value":126976,"op":"Write","minor":2},{"major":253,"value":106496,"op":"Sync","minor":2},{"major":253,"value":20480,"op":"Async","minor":2},{"major":253,"value":0,"op":"Discard","minor":2},{"major":253,"value":126976,"op":"Total","minor":2}],"io_wait_time_recursive":[],"io_merged_recursive":[],"io_service_time_recursive":[]},"memory_stats":{"usage":322764800,"max_usage":572207104,"stats":{"hierarchical_memory_limit":9223372036854771712,"pgmajfault":0,"total_rss":214016000,"inactive_file":135168,"inactive_anon":78802944,"total_pgfault":388509,"total_cache":79409152,"total_rss_huge":0,"total_active_anon":214646784,"total_pgmajfault":0,"pgpgin":215490,"rss_huge":0,"mapped_file":0,"total_inactive_file":135168,"dirty":135168,"total_unevictable":0,"total_dirty":135168,"writeback":0,"pgpgout":143841,"hierarchical_memsw_limit":0,"cache":79409152,"active_file":135168,"pgfault":388509,"total_mapped_file":0,"total_pgpgout":143841,"total_writeback":0,"rss":214016000,"unevictable":0,"total_inactive_anon":78802944,"total_pgpgin":215490,"active_anon":214646784,"total_active_file":135168},"limit":540965302272},"name":"/SubMatrixSelectionSVD-78Rw2XJK","networks":{"eth0":{"rx_bytes":2662066,"rx_packets":310,"tx_packets":314,"tx_bytes":30122,"tx_dropped":0,"rx_dropped":1,"tx_errors":0,"rx_errors":0}},"id":"2fd422baf68016ff05268a6c1cbcc140d0a0b9164b2a492aede123fa20a31be4","preread":"0001-01-01T00:00:00Z","storage_stats":{},"precpu_stats":{"throttling_data":{"throttled_periods":0,"throttled_time":0,"periods":0},"cpu_usage":{"usage_in_usermode":0,"usage_in_kernelmode":0,"total_usage":0}},"pids_stats":{"current":40},"num_procs":0,"cpu_stats":{"throttling_data":{"throttled_periods":0,"throttled_time":0,"periods":0},"system_cpu_usage":5561799674522419,"online_cpus":128,"cpu_usage":{"usage_in_usermode":14240000000,"usage_in_kernelmode":2600000000,"total_usage":16782341969,"percpu_usage":[0,0,0,0,0,0,16782314859,0,0,0,0,0,0,0,0,0,0,0,0,0,0,0,0,0,0,0,0,0,0,0,0,0,0,0,0,0,0,0,0,0,0,0,0,0,0,0,0,0,0,0,0,0,0,0,0,0,0,0,0,0,0,0,0,0,0,0,0,0,27110,0,0,0,0,0,0,0,0,0,0,0,0,0,0,0,0,0,0,0,0,0,0,0,0,0,0,0,0,0,0,0,0,0,0,0,0,0,0,0,0,0,0,0,0,0,0,0,0,0,0,0,0,0,0,0,0,0,0,0]}},"read":"2021-01-11T20:36:50.820416341Z"}