################################################################################
# PkgEval set-up: 2021-01-11T16:28:49.852
#

Julia Version 1.5.3
Commit 599f52c4c6 (2020-12-18 13:33 UTC)
Platform Info:
  OS: Linux (x86_64-linux-gnu)
  CPU: AMD EPYC 7502 32-Core Processor
  WORD_SIZE: 64
  LIBM: libopenlibm
  LLVM: libLLVM-9.0.1 (ORCJIT, znver2)
Environment:
  JULIA_PKG_PRECOMPILE_AUTO = 0
  JULIA_PKGEVAL = true

Base.julia_cmd() = `/opt/julia/bin/julia -Cnative -J/opt/julia/lib/julia/sys.so -g1`


################################################################################
# Installation: 2021-01-11T16:28:51.641
#

 Installing known registries into `~/.julia`
##############                                                            19.5%######################################################################## 100.0%
      Added registry `General` to `~/.julia/registries/General`
  Resolving package versions...
  Installed SymmetricPolynomials ─ v0.2.1
  Installed TupleTools ─────────── v1.2.0
  Installed Compat ─────────────── v3.25.0
  Installed OrderedCollections ─── v1.3.2
  Installed DataStructures ─────── v0.18.8
Updating `~/.julia/environments/v1.5/Project.toml`
  [558b8e20] + SymmetricPolynomials v0.2.1
Updating `~/.julia/environments/v1.5/Manifest.toml`
  [34da2185] + Compat v3.25.0
  [864edb3b] + DataStructures v0.18.8
  [bac558e1] + OrderedCollections v1.3.2
  [558b8e20] + SymmetricPolynomials v0.2.1
  [9d95972d] + TupleTools v1.2.0
  [2a0f44e3] + Base64
  [ade2ca70] + Dates
  [8bb1440f] + DelimitedFiles
  [8ba89e20] + Distributed
  [b77e0a4c] + InteractiveUtils
  [76f85450] + LibGit2
  [8f399da3] + Libdl
  [37e2e46d] + LinearAlgebra
  [56ddb016] + Logging
  [d6f4376e] + Markdown
  [a63ad114] + Mmap
  [44cfe95a] + Pkg
  [de0858da] + Printf
  [3fa0cd96] + REPL
  [9a3f8284] + Random
  [ea8e919c] + SHA
  [9e88b42a] + Serialization
  [1a1011a3] + SharedArrays
  [6462fe0b] + Sockets
  [2f01184e] + SparseArrays
  [10745b16] + Statistics
  [8dfed614] + Test
  [cf7118a7] + UUIDs
  [4ec0a83e] + Unicode


################################################################################
# Testing: 2021-01-11T16:28:56.97
#

    Testing SymmetricPolynomials
Status `/tmp/jl_yF1sJR/Project.toml`
  [864edb3b] DataStructures v0.18.8
  [558b8e20] SymmetricPolynomials v0.2.1
  [9d95972d] TupleTools v1.2.0
  [8dfed614] Test
Status `/tmp/jl_yF1sJR/Manifest.toml`
  [34da2185] Compat v3.25.0
  [864edb3b] DataStructures v0.18.8
  [bac558e1] OrderedCollections v1.3.2
  [558b8e20] SymmetricPolynomials v0.2.1
  [9d95972d] TupleTools v1.2.0
  [2a0f44e3] Base64
  [ade2ca70] Dates
  [8bb1440f] DelimitedFiles
  [8ba89e20] Distributed
  [b77e0a4c] InteractiveUtils
  [76f85450] LibGit2
  [8f399da3] Libdl
  [37e2e46d] LinearAlgebra
  [56ddb016] Logging
  [d6f4376e] Markdown
  [a63ad114] Mmap
  [44cfe95a] Pkg
  [de0858da] Printf
  [3fa0cd96] REPL
  [9a3f8284] Random
  [ea8e919c] SHA
  [9e88b42a] Serialization
  [1a1011a3] SharedArrays
  [6462fe0b] Sockets
  [2f01184e] SparseArrays
  [10745b16] Statistics
  [8dfed614] Test
  [cf7118a7] UUIDs
  [4ec0a83e] Unicode
Test Summary: | Pass  Total
Monomials     |   15     15
Test Summary: | Pass  Total
Polynomials   |    1      1
Test Summary: | Pass  Total
Decompose     |    5      5
Test Summary: | Pass  Total
Evaluate      |   39     39
    Testing SymmetricPolynomials tests passed 

PkgEval succeeded


################################################################################
# PkgEval teardown: 2021-01-11T16:29:14.676
CPU usage: 24.91s (21.84s user, 3.10s kernel)

Network usage:
- eth0: 2.752 MiB received, 46.493 KiB sent

Raw statistics: {"blkio_stats":{"io_queue_recursive":[],"io_serviced_recursive":[{"major":259,"value":0,"op":"Read","minor":0},{"major":259,"value":24,"op":"Write","minor":0},{"major":259,"value":19,"op":"Sync","minor":0},{"major":259,"value":5,"op":"Async","minor":0},{"major":259,"value":0,"op":"Discard","minor":0},{"major":259,"value":24,"op":"Total","minor":0},{"major":253,"value":0,"op":"Read","minor":2},{"major":253,"value":24,"op":"Write","minor":2},{"major":253,"value":19,"op":"Sync","minor":2},{"major":253,"value":5,"op":"Async","minor":2},{"major":253,"value":0,"op":"Discard","minor":2},{"major":253,"value":24,"op":"Total","minor":2}],"io_time_recursive":[],"sectors_recursive":[],"io_service_bytes_recursive":[{"major":259,"value":0,"op":"Read","minor":0},{"major":259,"value":126976,"op":"Write","minor":0},{"major":259,"value":106496,"op":"Sync","minor":0},{"major":259,"value":20480,"op":"Async","minor":0},{"major":259,"value":0,"op":"Discard","minor":0},{"major":259,"value":126976,"op":"Total","minor":0},{"major":253,"value":0,"op":"Read","minor":2},{"major":253,"value":126976,"op":"Write","minor":2},{"major":253,"value":106496,"op":"Sync","minor":2},{"major":253,"value":20480,"op":"Async","minor":2},{"major":253,"value":0,"op":"Discard","minor":2},{"major":253,"value":126976,"op":"Total","minor":2}],"io_wait_time_recursive":[],"io_merged_recursive":[],"io_service_time_recursive":[]},"memory_stats":{"usage":291110912,"max_usage":833843200,"stats":{"hierarchical_memory_limit":9223372036854771712,"pgmajfault":0,"total_rss":179380224,"inactive_file":135168,"inactive_anon":79208448,"total_pgfault":604263,"total_cache":82096128,"total_rss_huge":0,"total_active_anon":182206464,"total_pgmajfault":0,"pgpgin":426723,"rss_huge":0,"mapped_file":0,"total_inactive_file":135168,"dirty":135168,"total_unevictable":0,"total_dirty":135168,"writeback":0,"pgpgout":362909,"hierarchical_memsw_limit":0,"cache":82096128,"active_file":135168,"pgfault":604263,"total_mapped_file":0,"total_pgpgout":362909,"total_writeback":0,"rss":179380224,"unevictable":0,"total_inactive_anon":79208448,"total_pgpgin":426723,"active_anon":182206464,"total_active_file":135168},"limit":540965302272},"name":"/SymmetricPolynomials-0LDEqBnw","networks":{"eth0":{"rx_bytes":2886103,"rx_packets":422,"tx_packets":432,"tx_bytes":47609,"tx_dropped":0,"rx_dropped":1,"tx_errors":0,"rx_errors":0}},"id":"11e3f2623c05d5c0dc5d69ec308ad5b2ed1fe5a2c2a2443e62711cd96be801a4","preread":"0001-01-01T00:00:00Z","storage_stats":{},"precpu_stats":{"throttling_data":{"throttled_periods":0,"throttled_time":0,"periods":0},"cpu_usage":{"usage_in_usermode":0,"usage_in_kernelmode":0,"total_usage":0}},"pids_stats":{"current":40},"num_procs":0,"cpu_stats":{"throttling_data":{"throttled_periods":0,"throttled_time":0,"periods":0},"system_cpu_usage":3663311614522419,"online_cpus":128,"cpu_usage":{"usage_in_usermode":21840000000,"usage_in_kernelmode":3100000000,"total_usage":24905612601,"percpu_usage":[0,0,0,0,0,0,0,0,0,0,0,0,0,0,0,0,0,0,0,0,0,0,0,0,0,0,0,0,0,0,0,0,0,0,0,0,24905612601,0,0,0,0,0,0,0,0,0,0,0,0,0,0,0,0,0,0,0,0,0,0,0,0,0,0,0,0,0,0,0,0,0,0,0,0,0,0,0,0,0,0,0,0,0,0,0,0,0,0,0,0,0,0,0,0,0,0,0,0,0,0,0,0,0,0,0,0,0,0,0,0,0,0,0,0,0,0,0,0,0,0,0,0,0,0,0,0,0,0,0]}},"read":"2021-01-11T16:29:14.746921544Z"}