################################################################################
# PkgEval set-up: 2021-01-11T23:14:19.469
#

Julia Version 1.5.3
Commit 599f52c4c6 (2020-12-18 13:33 UTC)
Platform Info:
  OS: Linux (x86_64-linux-gnu)
  CPU: AMD EPYC 7502 32-Core Processor
  WORD_SIZE: 64
  LIBM: libopenlibm
  LLVM: libLLVM-9.0.1 (ORCJIT, znver2)
Environment:
  JULIA_PKG_PRECOMPILE_AUTO = 0
  JULIA_PKGEVAL = true

Base.julia_cmd() = `/opt/julia/bin/julia -Cnative -J/opt/julia/lib/julia/sys.so -g1`


################################################################################
# Installation: 2021-01-11T23:14:21.296
#

 Installing known registries into `~/.julia`
#=#=#                                                                         ######################################################################## 100.0%
      Added registry `General` to `~/.julia/registries/General`
  Resolving package versions...
  Installed Taarruz ────────────────────── v0.1.0
  Installed CompilerSupportLibraries_jll ─ v0.3.4+0
  Installed IdentityRanges ─────────────── v0.3.1
  Installed ImageShow ──────────────────── v0.2.3
  Installed Zlib_jll ───────────────────── v1.2.11+18
  Installed PaddedViews ────────────────── v0.5.7
  Installed Scratch ────────────────────── v1.0.3
  Installed Reexport ───────────────────── v0.2.0
  Installed GPUArrays ──────────────────── v6.2.0
  Installed ImageFiltering ─────────────── v0.6.18
  Installed MuladdMacro ────────────────── v0.2.2
  Installed WoodburyMatrices ───────────── v0.5.3
  Installed CEnum ──────────────────────── v0.4.1
  Installed CustomUnitRanges ───────────── v1.0.0
  Installed TranscodingStreams ─────────── v0.9.5
  Installed ColorVectorSpace ───────────── v0.8.7
  Installed ImageAxes ──────────────────── v0.6.8
  Installed FFTW ───────────────────────── v1.3.0
  Installed DataStructures ─────────────── v0.18.8
  Installed StatsBase ──────────────────── v0.33.2
  Installed LLVM ───────────────────────── v3.5.2
  Installed CUDA ───────────────────────── v2.4.0
  Installed MKL_jll ────────────────────── v2020.2.254+0
  Installed Requires ───────────────────── v1.1.2
  Installed RangeArrays ────────────────── v0.3.2
  Installed DataAPI ────────────────────── v1.4.0
  Installed TimerOutputs ───────────────── v0.5.7
  Installed ImageMorphology ────────────── v0.2.9
  Installed Ratios ─────────────────────── v0.4.0
  Installed FileIO ─────────────────────── v1.4.5
  Installed MosaicViews ────────────────── v0.2.4
  Installed AutoGrad ───────────────────── v1.2.4
  Installed Colors ─────────────────────── v0.12.6
  Installed IterTools ──────────────────── v1.3.0
  Installed SimpleTraits ───────────────── v0.9.3
  Installed FFTW_jll ───────────────────── v3.3.9+7
  Installed IntervalSets ───────────────── v0.5.2
  Installed IndirectArrays ─────────────── v0.5.1
  Installed JLD2 ───────────────────────── v0.3.1
  Installed StaticArrays ───────────────── v0.12.5
  Installed ImageMetadata ──────────────── v0.9.4
  Installed OrderedCollections ─────────── v1.3.2
  Installed ColorTypes ─────────────────── v0.10.9
  Installed Rotations ──────────────────── v1.0.2
  Installed Knet ───────────────────────── v1.4.5
  Installed CodecZlib ──────────────────── v0.7.0
  Installed CatIndices ─────────────────── v0.2.1
  Installed Missings ───────────────────── v0.4.4
  Installed AxisArrays ─────────────────── v0.4.3
  Installed Parameters ─────────────────── v0.12.1
  Installed IntelOpenMP_jll ────────────── v2018.0.3+0
  Installed MacroTools ─────────────────── v0.5.6
  Installed JLLWrappers ────────────────── v1.2.0
  Installed MappedArrays ───────────────── v0.2.2
  Installed AbstractFFTs ───────────────── v0.5.0
  Installed NaNMath ────────────────────── v0.3.5
  Installed Distances ──────────────────── v0.10.0
  Installed TiledIteration ─────────────── v0.2.5
  Installed ImageDistances ─────────────── v0.2.9
  Installed AxisAlgorithms ─────────────── v1.0.0
  Installed ComputationalResources ─────── v0.3.2
  Installed CoordinateTransformations ──── v0.6.1
  Installed Adapt ──────────────────────── v3.0.0
  Installed Interpolations ─────────────── v0.13.1
  Installed Graphics ───────────────────── v1.0.2
  Installed OffsetArrays ───────────────── v1.3.1
  Installed FFTViews ───────────────────── v0.3.1
  Installed ImageTransformations ───────── v0.8.8
  Installed FixedPointNumbers ──────────── v0.8.4
  Installed EllipsisNotation ───────────── v1.0.0
  Installed ExprTools ──────────────────── v0.1.3
  Installed BFloat16s ──────────────────── v0.1.0
  Installed ImageCore ──────────────────── v0.8.20
  Installed SpecialFunctions ───────────── v1.2.1
  Installed UnPack ─────────────────────── v1.0.2
  Installed SortingAlgorithms ──────────── v0.3.1
  Installed ChainRulesCore ─────────────── v0.9.24
  Installed Compat ─────────────────────── v3.25.0
  Installed OpenSpecFun_jll ────────────── v0.5.3+4
  Installed Images ─────────────────────── v0.22.5
  Installed NNlib ──────────────────────── v0.7.11
  Installed GPUCompiler ────────────────── v0.8.3
  Installed ImageQualityIndexes ────────── v0.1.4
  Installed Artifacts ──────────────────── v1.3.0
  Installed ImageContrastAdjustment ────── v0.3.6
Updating `~/.julia/environments/v1.5/Project.toml`
  [edc76f5a] + Taarruz v0.1.0
Updating `~/.julia/environments/v1.5/Manifest.toml`
  [621f4979] + AbstractFFTs v0.5.0
  [79e6a3ab] + Adapt v3.0.0
  [56f22d72] + Artifacts v1.3.0
  [6710c13c] + AutoGrad v1.2.4
  [13072b0f] + AxisAlgorithms v1.0.0
  [39de3d68] + AxisArrays v0.4.3
  [ab4f0b2a] + BFloat16s v0.1.0
  [fa961155] + CEnum v0.4.1
  [052768ef] + CUDA v2.4.0
  [aafaddc9] + CatIndices v0.2.1
  [d360d2e6] + ChainRulesCore v0.9.24
  [944b1d66] + CodecZlib v0.7.0
  [3da002f7] + ColorTypes v0.10.9
  [c3611d14] + ColorVectorSpace v0.8.7
  [5ae59095] + Colors v0.12.6
  [34da2185] + Compat v3.25.0
  [e66e0078] + CompilerSupportLibraries_jll v0.3.4+0
  [ed09eef8] + ComputationalResources v0.3.2
  [150eb455] + CoordinateTransformations v0.6.1
  [dc8bdbbb] + CustomUnitRanges v1.0.0
  [9a962f9c] + DataAPI v1.4.0
  [864edb3b] + DataStructures v0.18.8
  [b4f34e82] + Distances v0.10.0
  [da5c29d0] + EllipsisNotation v1.0.0
  [e2ba6199] + ExprTools v0.1.3
  [4f61f5a4] + FFTViews v0.3.1
  [7a1cc6ca] + FFTW v1.3.0
  [f5851436] + FFTW_jll v3.3.9+7
  [5789e2e9] + FileIO v1.4.5
  [53c48c17] + FixedPointNumbers v0.8.4
  [0c68f7d7] + GPUArrays v6.2.0
  [61eb1bfa] + GPUCompiler v0.8.3
  [a2bd30eb] + Graphics v1.0.2
  [bbac6d45] + IdentityRanges v0.3.1
  [2803e5a7] + ImageAxes v0.6.8
  [f332f351] + ImageContrastAdjustment v0.3.6
  [a09fc81d] + ImageCore v0.8.20
  [51556ac3] + ImageDistances v0.2.9
  [6a3955dd] + ImageFiltering v0.6.18
  [bc367c6b] + ImageMetadata v0.9.4
  [787d08f9] + ImageMorphology v0.2.9
  [2996bd0c] + ImageQualityIndexes v0.1.4
  [4e3cecfd] + ImageShow v0.2.3
  [02fcd773] + ImageTransformations v0.8.8
  [916415d5] + Images v0.22.5
  [9b13fd28] + IndirectArrays v0.5.1
  [1d5cc7b8] + IntelOpenMP_jll v2018.0.3+0
  [a98d9a8b] + Interpolations v0.13.1
  [8197267c] + IntervalSets v0.5.2
  [c8e1da08] + IterTools v1.3.0
  [033835bb] + JLD2 v0.3.1
  [692b3bcd] + JLLWrappers v1.2.0
  [1902f260] + Knet v1.4.5
  [929cbde3] + LLVM v3.5.2
  [856f044c] + MKL_jll v2020.2.254+0
  [1914dd2f] + MacroTools v0.5.6
  [dbb5928d] + MappedArrays v0.2.2
  [e1d29d7a] + Missings v0.4.4
  [e94cdb99] + MosaicViews v0.2.4
  [46d2c3a1] + MuladdMacro v0.2.2
  [872c559c] + NNlib v0.7.11
  [77ba4419] + NaNMath v0.3.5
  [6fe1bfb0] + OffsetArrays v1.3.1
  [efe28fd5] + OpenSpecFun_jll v0.5.3+4
  [bac558e1] + OrderedCollections v1.3.2
  [5432bcbf] + PaddedViews v0.5.7
  [d96e819e] + Parameters v0.12.1
  [b3c3ace0] + RangeArrays v0.3.2
  [c84ed2f1] + Ratios v0.4.0
  [189a3867] + Reexport v0.2.0
  [ae029012] + Requires v1.1.2
  [6038ab10] + Rotations v1.0.2
  [6c6a2e73] + Scratch v1.0.3
  [699a6c99] + SimpleTraits v0.9.3
  [a2af1166] + SortingAlgorithms v0.3.1
  [276daf66] + SpecialFunctions v1.2.1
  [90137ffa] + StaticArrays v0.12.5
  [2913bbd2] + StatsBase v0.33.2
  [edc76f5a] + Taarruz v0.1.0
  [06e1c1a7] + TiledIteration v0.2.5
  [a759f4b9] + TimerOutputs v0.5.7
  [3bb67fe8] + TranscodingStreams v0.9.5
  [3a884ed6] + UnPack v1.0.2
  [efce3f68] + WoodburyMatrices v0.5.3
  [83775a58] + Zlib_jll v1.2.11+18
  [2a0f44e3] + Base64
  [ade2ca70] + Dates
  [8bb1440f] + DelimitedFiles
  [8ba89e20] + Distributed
  [b77e0a4c] + InteractiveUtils
  [76f85450] + LibGit2
  [8f399da3] + Libdl
  [37e2e46d] + LinearAlgebra
  [56ddb016] + Logging
  [d6f4376e] + Markdown
  [a63ad114] + Mmap
  [44cfe95a] + Pkg
  [de0858da] + Printf
  [3fa0cd96] + REPL
  [9a3f8284] + Random
  [ea8e919c] + SHA
  [9e88b42a] + Serialization
  [1a1011a3] + SharedArrays
  [6462fe0b] + Sockets
  [2f01184e] + SparseArrays
  [10745b16] + Statistics
  [8dfed614] + Test
  [cf7118a7] + UUIDs
  [4ec0a83e] + Unicode
   Building FFTW → `~/.julia/packages/FFTW/ayqyZ/deps/build.log`


################################################################################
# Testing: 2021-01-11T23:14:33.273
#

    Testing Taarruz
Status `/tmp/jl_IHR5cU/Project.toml`
  [6710c13c] AutoGrad v1.2.4
  [944b1d66] CodecZlib v0.7.0
  [916415d5] Images v0.22.5
  [1902f260] Knet v1.4.5
  [edc76f5a] Taarruz v0.1.0
  [44cfe95a] Pkg
  [8dfed614] Test
Status `/tmp/jl_IHR5cU/Manifest.toml`
  [621f4979] AbstractFFTs v0.5.0
  [79e6a3ab] Adapt v3.0.0
  [56f22d72] Artifacts v1.3.0
  [6710c13c] AutoGrad v1.2.4
  [13072b0f] AxisAlgorithms v1.0.0
  [39de3d68] AxisArrays v0.4.3
  [ab4f0b2a] BFloat16s v0.1.0
  [fa961155] CEnum v0.4.1
  [052768ef] CUDA v2.4.0
  [aafaddc9] CatIndices v0.2.1
  [d360d2e6] ChainRulesCore v0.9.24
  [944b1d66] CodecZlib v0.7.0
  [3da002f7] ColorTypes v0.10.9
  [c3611d14] ColorVectorSpace v0.8.7
  [5ae59095] Colors v0.12.6
  [34da2185] Compat v3.25.0
  [e66e0078] CompilerSupportLibraries_jll v0.3.4+0
  [ed09eef8] ComputationalResources v0.3.2
  [150eb455] CoordinateTransformations v0.6.1
  [dc8bdbbb] CustomUnitRanges v1.0.0
  [9a962f9c] DataAPI v1.4.0
  [864edb3b] DataStructures v0.18.8
  [b4f34e82] Distances v0.10.0
  [da5c29d0] EllipsisNotation v1.0.0
  [e2ba6199] ExprTools v0.1.3
  [4f61f5a4] FFTViews v0.3.1
  [7a1cc6ca] FFTW v1.3.0
  [f5851436] FFTW_jll v3.3.9+7
  [5789e2e9] FileIO v1.4.5
  [53c48c17] FixedPointNumbers v0.8.4
  [0c68f7d7] GPUArrays v6.2.0
  [61eb1bfa] GPUCompiler v0.8.3
  [a2bd30eb] Graphics v1.0.2
  [bbac6d45] IdentityRanges v0.3.1
  [2803e5a7] ImageAxes v0.6.8
  [f332f351] ImageContrastAdjustment v0.3.6
  [a09fc81d] ImageCore v0.8.20
  [51556ac3] ImageDistances v0.2.9
  [6a3955dd] ImageFiltering v0.6.18
  [bc367c6b] ImageMetadata v0.9.4
  [787d08f9] ImageMorphology v0.2.9
  [2996bd0c] ImageQualityIndexes v0.1.4
  [4e3cecfd] ImageShow v0.2.3
  [02fcd773] ImageTransformations v0.8.8
  [916415d5] Images v0.22.5
  [9b13fd28] IndirectArrays v0.5.1
  [1d5cc7b8] IntelOpenMP_jll v2018.0.3+0
  [a98d9a8b] Interpolations v0.13.1
  [8197267c] IntervalSets v0.5.2
  [c8e1da08] IterTools v1.3.0
  [033835bb] JLD2 v0.3.1
  [692b3bcd] JLLWrappers v1.2.0
  [1902f260] Knet v1.4.5
  [929cbde3] LLVM v3.5.2
  [856f044c] MKL_jll v2020.2.254+0
  [1914dd2f] MacroTools v0.5.6
  [dbb5928d] MappedArrays v0.2.2
  [e1d29d7a] Missings v0.4.4
  [e94cdb99] MosaicViews v0.2.4
  [46d2c3a1] MuladdMacro v0.2.2
  [872c559c] NNlib v0.7.11
  [77ba4419] NaNMath v0.3.5
  [6fe1bfb0] OffsetArrays v1.3.1
  [efe28fd5] OpenSpecFun_jll v0.5.3+4
  [bac558e1] OrderedCollections v1.3.2
  [5432bcbf] PaddedViews v0.5.7
  [d96e819e] Parameters v0.12.1
  [b3c3ace0] RangeArrays v0.3.2
  [c84ed2f1] Ratios v0.4.0
  [189a3867] Reexport v0.2.0
  [ae029012] Requires v1.1.2
  [6038ab10] Rotations v1.0.2
  [6c6a2e73] Scratch v1.0.3
  [699a6c99] SimpleTraits v0.9.3
  [a2af1166] SortingAlgorithms v0.3.1
  [276daf66] SpecialFunctions v1.2.1
  [90137ffa] StaticArrays v0.12.5
  [2913bbd2] StatsBase v0.33.2
  [edc76f5a] Taarruz v0.1.0
  [06e1c1a7] TiledIteration v0.2.5
  [a759f4b9] TimerOutputs v0.5.7
  [3bb67fe8] TranscodingStreams v0.9.5
  [3a884ed6] UnPack v1.0.2
  [efce3f68] WoodburyMatrices v0.5.3
  [83775a58] Zlib_jll v1.2.11+18
  [2a0f44e3] Base64
  [ade2ca70] Dates
  [8bb1440f] DelimitedFiles
  [8ba89e20] Distributed
  [b77e0a4c] InteractiveUtils
  [76f85450] LibGit2
  [8f399da3] Libdl
  [37e2e46d] LinearAlgebra
  [56ddb016] Logging
  [d6f4376e] Markdown
  [a63ad114] Mmap
  [44cfe95a] Pkg
  [de0858da] Printf
  [3fa0cd96] REPL
  [9a3f8284] Random
  [ea8e919c] SHA
  [9e88b42a] Serialization
  [1a1011a3] SharedArrays
  [6462fe0b] Sockets
  [2f01184e] SparseArrays
  [10745b16] Statistics
  [8dfed614] Test
  [cf7118a7] UUIDs
  [4ec0a83e] Unicode
┌ Warning: gpu() is deprecated, please use CUDA.device instead
└ @ Knet.LibKnet8 ~/.julia/packages/Knet/C0PoK/src/libknet8/LibKnet8.jl:53
mnist: Error During Test at /home/pkgeval/.julia/packages/Taarruz/TOgh9/test/runtests.jl:8
  Got exception outside of a @test
  could not open file /home/pkgeval/.julia/packages/Knet/C0PoK/data/mnist.jl
  Stacktrace:
   [1] include(::String) at ./client.jl:457
   [2] top-level scope at /home/pkgeval/.julia/packages/Taarruz/TOgh9/test/runtests.jl:9
   [3] top-level scope at /workspace/srcdir/usr/share/julia/stdlib/v1.5/Test/src/Test.jl:1115
   [4] top-level scope at /home/pkgeval/.julia/packages/Taarruz/TOgh9/test/runtests.jl:9
   [5] include(::String) at ./client.jl:457
   [6] top-level scope at none:6
   [7] eval(::Module, ::Any) at ./boot.jl:331
   [8] exec_options(::Base.JLOptions) at ./client.jl:272
   [9] _start() at ./client.jl:506
  
Test Summary: | Error  Total
mnist         |     1      1
ERROR: LoadError: Some tests did not pass: 0 passed, 0 failed, 1 errored, 0 broken.
in expression starting at /home/pkgeval/.julia/packages/Taarruz/TOgh9/test/runtests.jl:8

PkgEval failed: Package Taarruz errored during testing
Stacktrace:
 [1] pkgerror(::String) at /workspace/srcdir/usr/share/julia/stdlib/v1.5/Pkg/src/Types.jl:52
 [2] test(::Pkg.Types.Context, ::Array{Pkg.Types.PackageSpec,1}; coverage::Bool, julia_args::Cmd, test_args::Cmd, test_fn::Nothing) at /workspace/srcdir/usr/share/julia/stdlib/v1.5/Pkg/src/Operations.jl:1578
 [3] test(::Pkg.Types.Context, ::Array{Pkg.Types.PackageSpec,1}; coverage::Bool, test_fn::Nothing, julia_args::Cmd, test_args::Cmd, kwargs::Base.Iterators.Pairs{Union{},Union{},Tuple{},NamedTuple{(),Tuple{}}}) at /workspace/srcdir/usr/share/julia/stdlib/v1.5/Pkg/src/API.jl:327
 [4] test(::Pkg.Types.Context, ::Array{Pkg.Types.PackageSpec,1}) at /workspace/srcdir/usr/share/julia/stdlib/v1.5/Pkg/src/API.jl:314
 [5] #test#61 at /workspace/srcdir/usr/share/julia/stdlib/v1.5/Pkg/src/API.jl:67 [inlined]
 [6] test at /workspace/srcdir/usr/share/julia/stdlib/v1.5/Pkg/src/API.jl:67 [inlined]
 [7] #test#60 at /workspace/srcdir/usr/share/julia/stdlib/v1.5/Pkg/src/API.jl:66 [inlined]
 [8] test at /workspace/srcdir/usr/share/julia/stdlib/v1.5/Pkg/src/API.jl:66 [inlined]
 [9] test(::String; kwargs::Base.Iterators.Pairs{Union{},Union{},Tuple{},NamedTuple{(),Tuple{}}}) at /workspace/srcdir/usr/share/julia/stdlib/v1.5/Pkg/src/API.jl:65
 [10] test(::String) at /workspace/srcdir/usr/share/julia/stdlib/v1.5/Pkg/src/API.jl:65
 [11] top-level scope at none:22
 [12] eval at ./boot.jl:331 [inlined]
 [13] eval(::Expr) at ./client.jl:467
 [14] top-level scope at none:1
 [15] eval(::Module, ::Any) at ./boot.jl:331
 [16] exec_options(::Base.JLOptions) at ./client.jl:272
 [17] _start() at ./client.jl:506


################################################################################
# PkgEval teardown: 2021-01-11T23:17:18.206
CPU usage: 178.35s (168.88s user, 9.68s kernel)

Network usage:
- eth0: 34.739 MiB received, 517.320 KiB sent

Raw statistics: {"blkio_stats":{"io_queue_recursive":[],"io_serviced_recursive":[{"major":259,"value":0,"op":"Read","minor":0},{"major":259,"value":28,"op":"Write","minor":0},{"major":259,"value":19,"op":"Sync","minor":0},{"major":259,"value":9,"op":"Async","minor":0},{"major":259,"value":0,"op":"Discard","minor":0},{"major":259,"value":28,"op":"Total","minor":0},{"major":253,"value":0,"op":"Read","minor":2},{"major":253,"value":28,"op":"Write","minor":2},{"major":253,"value":19,"op":"Sync","minor":2},{"major":253,"value":9,"op":"Async","minor":2},{"major":253,"value":0,"op":"Discard","minor":2},{"major":253,"value":28,"op":"Total","minor":2}],"io_time_recursive":[],"sectors_recursive":[],"io_service_bytes_recursive":[{"major":259,"value":0,"op":"Read","minor":0},{"major":259,"value":176128,"op":"Write","minor":0},{"major":259,"value":106496,"op":"Sync","minor":0},{"major":259,"value":69632,"op":"Async","minor":0},{"major":259,"value":0,"op":"Discard","minor":0},{"major":259,"value":176128,"op":"Total","minor":0},{"major":253,"value":0,"op":"Read","minor":2},{"major":253,"value":176128,"op":"Write","minor":2},{"major":253,"value":106496,"op":"Sync","minor":2},{"major":253,"value":69632,"op":"Async","minor":2},{"major":253,"value":0,"op":"Discard","minor":2},{"major":253,"value":176128,"op":"Total","minor":2}],"io_wait_time_recursive":[],"io_merged_recursive":[],"io_service_time_recursive":[]},"memory_stats":{"usage":461955072,"max_usage":1512132608,"stats":{"hierarchical_memory_limit":9223372036854771712,"pgmajfault":0,"total_rss":255639552,"inactive_file":135168,"inactive_anon":133140480,"total_pgfault":3698970,"total_cache":172322816,"total_rss_huge":0,"total_active_anon":293179392,"total_pgmajfault":0,"pgpgin":2373162,"rss_huge":0,"mapped_file":0,"total_inactive_file":135168,"dirty":405504,"total_unevictable":0,"total_dirty":405504,"writeback":0,"pgpgout":2268698,"hierarchical_memsw_limit":0,"cache":172322816,"active_file":1757184,"pgfault":3698970,"total_mapped_file":0,"total_pgpgout":2268698,"total_writeback":0,"rss":255639552,"unevictable":0,"total_inactive_anon":133140480,"total_pgpgin":2373162,"active_anon":293179392,"total_active_file":1757184},"limit":540965302272},"name":"/Taarruz-TOPDn59k","networks":{"eth0":{"rx_bytes":36426882,"rx_packets":4741,"tx_packets":4798,"tx_bytes":529736,"tx_dropped":0,"rx_dropped":6,"tx_errors":0,"rx_errors":0}},"id":"55b4c9385fa9490d61506865391708a3765bb00fef37cc3b2cd3d19856c297c0","preread":"0001-01-01T00:00:00Z","storage_stats":{},"precpu_stats":{"throttling_data":{"throttled_periods":0,"throttled_time":0,"periods":0},"cpu_usage":{"usage_in_usermode":0,"usage_in_kernelmode":0,"total_usage":0}},"pids_stats":{"current":40},"num_procs":0,"cpu_stats":{"throttling_data":{"throttled_periods":0,"throttled_time":0,"periods":0},"system_cpu_usage":6791823804522419,"online_cpus":128,"cpu_usage":{"usage_in_usermode":168880000000,"usage_in_kernelmode":9680000000,"total_usage":178349807335,"percpu_usage":[0,0,0,0,0,0,0,0,0,0,0,0,0,0,0,0,0,0,0,0,0,178349800335,0,0,0,0,0,0,0,0,0,0,0,0,0,0,0,0,0,0,0,0,0,0,0,0,0,0,0,0,0,0,0,0,0,0,0,0,0,0,0,0,0,0,0,0,0,0,0,0,0,0,0,0,0,0,0,0,0,0,0,0,0,0,7000,0,0,0,0,0,0,0,0,0,0,0,0,0,0,0,0,0,0,0,0,0,0,0,0,0,0,0,0,0,0,0,0,0,0,0,0,0,0,0,0,0,0,0]}},"read":"2021-01-11T23:17:18.2088407Z"}