################################################################################
# PackageCompiler set-up: 2021-01-11T22:53:11.954
#

Julia Version 1.5.3
Commit 599f52c4c6 (2020-12-18 13:33 UTC)
Platform Info:
  OS: Linux (x86_64-linux-gnu)
  CPU: AMD EPYC 7502 32-Core Processor
  WORD_SIZE: 64
  LIBM: libopenlibm
  LLVM: libLLVM-9.0.1 (ORCJIT, znver2)
Environment:
  JULIA_PKGEVAL = true
  JULIA_PKG_PRECOMPILE_AUTO = 0



################################################################################
# Installation: 2021-01-11T22:53:13.651
#

 Installing known registries into `~/.julia`
######################################################################## 100.0%
      Added registry `General` to `~/.julia/registries/General`
  Resolving package versions...
  Installed CompilerSupportLibraries_jll ─ v0.3.4+0
  Installed Reexport ───────────────────── v0.2.0
  Installed TensorRules ────────────────── v0.1.3
  Installed Strided ────────────────────── v1.1.1
  Installed Scratch ────────────────────── v1.0.3
  Installed MuladdMacro ────────────────── v0.2.2
  Installed GPUArrays ──────────────────── v6.2.0
  Installed CEnum ──────────────────────── v0.4.1
  Installed PackageCompiler ────────────── v1.2.5
  Installed Requires ───────────────────── v1.1.2
  Installed DataStructures ─────────────── v0.18.8
  Installed LRUCache ───────────────────── v1.2.0
  Installed TimerOutputs ───────────────── v0.5.7
  Installed LLVM ───────────────────────── v3.5.2
  Installed OrderedCollections ─────────── v1.3.2
  Installed TupleTools ─────────────────── v1.2.0
  Installed MacroTools ─────────────────── v0.5.6
  Installed CUDA ───────────────────────── v2.4.0
  Installed JLLWrappers ────────────────── v1.2.0
  Installed AbstractFFTs ───────────────── v0.5.0
  Installed BFloat16s ──────────────────── v0.1.0
  Installed TensorOperations ───────────── v3.1.0
  Installed Adapt ──────────────────────── v3.0.0
  Installed ExprTools ──────────────────── v0.1.3
  Installed ChainRulesCore ─────────────── v0.9.24
  Installed Compat ─────────────────────── v3.25.0
  Installed NNlib ──────────────────────── v0.7.11
  Installed GPUCompiler ────────────────── v0.8.3
  Installed Artifacts ──────────────────── v1.3.0
Updating `~/.julia/environments/v1.5/Project.toml`
  [9b87118b] + PackageCompiler v1.2.5
  [f4bef1b4] + TensorRules v0.1.3
Updating `~/.julia/environments/v1.5/Manifest.toml`
  [621f4979] + AbstractFFTs v0.5.0
  [79e6a3ab] + Adapt v3.0.0
  [56f22d72] + Artifacts v1.3.0
  [ab4f0b2a] + BFloat16s v0.1.0
  [fa961155] + CEnum v0.4.1
  [052768ef] + CUDA v2.4.0
  [d360d2e6] + ChainRulesCore v0.9.24
  [34da2185] + Compat v3.25.0
  [e66e0078] + CompilerSupportLibraries_jll v0.3.4+0
  [864edb3b] + DataStructures v0.18.8
  [e2ba6199] + ExprTools v0.1.3
  [0c68f7d7] + GPUArrays v6.2.0
  [61eb1bfa] + GPUCompiler v0.8.3
  [692b3bcd] + JLLWrappers v1.2.0
  [929cbde3] + LLVM v3.5.2
  [8ac3fa9e] + LRUCache v1.2.0
  [1914dd2f] + MacroTools v0.5.6
  [46d2c3a1] + MuladdMacro v0.2.2
  [872c559c] + NNlib v0.7.11
  [bac558e1] + OrderedCollections v1.3.2
  [9b87118b] + PackageCompiler v1.2.5
  [189a3867] + Reexport v0.2.0
  [ae029012] + Requires v1.1.2
  [6c6a2e73] + Scratch v1.0.3
  [5e0ebb24] + Strided v1.1.1
  [6aa20fa7] + TensorOperations v3.1.0
  [f4bef1b4] + TensorRules v0.1.3
  [a759f4b9] + TimerOutputs v0.5.7
  [9d95972d] + TupleTools v1.2.0
  [2a0f44e3] + Base64
  [ade2ca70] + Dates
  [8bb1440f] + DelimitedFiles
  [8ba89e20] + Distributed
  [b77e0a4c] + InteractiveUtils
  [76f85450] + LibGit2
  [8f399da3] + Libdl
  [37e2e46d] + LinearAlgebra
  [56ddb016] + Logging
  [d6f4376e] + Markdown
  [a63ad114] + Mmap
  [44cfe95a] + Pkg
  [de0858da] + Printf
  [3fa0cd96] + REPL
  [9a3f8284] + Random
  [ea8e919c] + SHA
  [9e88b42a] + Serialization
  [1a1011a3] + SharedArrays
  [6462fe0b] + Sockets
  [2f01184e] + SparseArrays
  [10745b16] + Statistics
  [8dfed614] + Test
  [cf7118a7] + UUIDs
  [4ec0a83e] + Unicode


################################################################################
# Compiling: 2021-01-11T22:53:20.419
#

[ Info: PackageCompiler: creating system image object file, this might take a while...
Generated system image is 154.391 MiB, compilation took 184 seconds


################################################################################
# PkgEval set-up: 2021-01-11T22:56:31.77
#

Julia Version 1.5.3
Commit 599f52c4c6 (2020-12-18 13:33 UTC)
Platform Info:
  OS: Linux (x86_64-linux-gnu)
  CPU: AMD EPYC 7502 32-Core Processor
  WORD_SIZE: 64
  LIBM: libopenlibm
  LLVM: libLLVM-9.0.1 (ORCJIT, znver2)
Environment:
  JULIA_PKGEVAL = true
  JULIA_PKG_PRECOMPILE_AUTO = 0

Base.julia_cmd() = `/usr/local/julia/bin/julia -Cnative -J/cache/TensorRules-rOYqCNyw.so -g1`


################################################################################
# Installation: 2021-01-11T22:56:33.608
#

 Installing known registries into `~/.julia`
######################################################################## 100.0%
      Added registry `General` to `~/.julia/registries/General`
  Resolving package versions...
  Installed TensorRules ────────────────── v0.1.3
  Installed CompilerSupportLibraries_jll ─ v0.3.4+0
  Installed Reexport ───────────────────── v0.2.0
  Installed Strided ────────────────────── v1.1.1
  Installed Scratch ────────────────────── v1.0.3
  Installed MuladdMacro ────────────────── v0.2.2
  Installed CEnum ──────────────────────── v0.4.1
  Installed GPUArrays ──────────────────── v6.2.0
  Installed TimerOutputs ───────────────── v0.5.7
  Installed LRUCache ───────────────────── v1.2.0
  Installed Requires ───────────────────── v1.1.2
  Installed DataStructures ─────────────── v0.18.8
  Installed TupleTools ─────────────────── v1.2.0
  Installed OrderedCollections ─────────── v1.3.2
  Installed LLVM ───────────────────────── v3.5.2
  Installed MacroTools ─────────────────── v0.5.6
  Installed JLLWrappers ────────────────── v1.2.0
  Installed CUDA ───────────────────────── v2.4.0
  Installed AbstractFFTs ───────────────── v0.5.0
  Installed Adapt ──────────────────────── v3.0.0
  Installed ExprTools ──────────────────── v0.1.3
  Installed BFloat16s ──────────────────── v0.1.0
  Installed TensorOperations ───────────── v3.1.0
  Installed ChainRulesCore ─────────────── v0.9.24
  Installed Compat ─────────────────────── v3.25.0
  Installed NNlib ──────────────────────── v0.7.11
  Installed GPUCompiler ────────────────── v0.8.3
  Installed Artifacts ──────────────────── v1.3.0
Updating `~/.julia/environments/v1.5/Project.toml`
  [f4bef1b4] + TensorRules v0.1.3
Updating `~/.julia/environments/v1.5/Manifest.toml`
  [621f4979] + AbstractFFTs v0.5.0
  [79e6a3ab] + Adapt v3.0.0
  [56f22d72] + Artifacts v1.3.0
  [ab4f0b2a] + BFloat16s v0.1.0
  [fa961155] + CEnum v0.4.1
  [052768ef] + CUDA v2.4.0
  [d360d2e6] + ChainRulesCore v0.9.24
  [34da2185] + Compat v3.25.0
  [e66e0078] + CompilerSupportLibraries_jll v0.3.4+0
  [864edb3b] + DataStructures v0.18.8
  [e2ba6199] + ExprTools v0.1.3
  [0c68f7d7] + GPUArrays v6.2.0
  [61eb1bfa] + GPUCompiler v0.8.3
  [692b3bcd] + JLLWrappers v1.2.0
  [929cbde3] + LLVM v3.5.2
  [8ac3fa9e] + LRUCache v1.2.0
  [1914dd2f] + MacroTools v0.5.6
  [46d2c3a1] + MuladdMacro v0.2.2
  [872c559c] + NNlib v0.7.11
  [bac558e1] + OrderedCollections v1.3.2
  [189a3867] + Reexport v0.2.0
  [ae029012] + Requires v1.1.2
  [6c6a2e73] + Scratch v1.0.3
  [5e0ebb24] + Strided v1.1.1
  [6aa20fa7] + TensorOperations v3.1.0
  [f4bef1b4] + TensorRules v0.1.3
  [a759f4b9] + TimerOutputs v0.5.7
  [9d95972d] + TupleTools v1.2.0
  [2a0f44e3] + Base64
  [ade2ca70] + Dates
  [8bb1440f] + DelimitedFiles
  [8ba89e20] + Distributed
  [b77e0a4c] + InteractiveUtils
  [76f85450] + LibGit2
  [8f399da3] + Libdl
  [37e2e46d] + LinearAlgebra
  [56ddb016] + Logging
  [d6f4376e] + Markdown
  [a63ad114] + Mmap
  [44cfe95a] + Pkg
  [de0858da] + Printf
  [3fa0cd96] + REPL
  [9a3f8284] + Random
  [ea8e919c] + SHA
  [9e88b42a] + Serialization
  [1a1011a3] + SharedArrays
  [6462fe0b] + Sockets
  [2f01184e] + SparseArrays
  [10745b16] + Statistics
  [8dfed614] + Test
  [cf7118a7] + UUIDs
  [4ec0a83e] + Unicode


################################################################################
# Testing: 2021-01-11T22:56:40.144
#

    Testing TensorRules
Status `/tmp/jl_2BT1Xb/Project.toml`
  [d360d2e6] ChainRulesCore v0.9.24
  [cdddcdb0] ChainRulesTestUtils v0.5.10
  [26cc04aa] FiniteDifferences v0.11.7
  [1914dd2f] MacroTools v0.5.6
  [6aa20fa7] TensorOperations v3.1.0
  [f4bef1b4] TensorRules v0.1.3
  [e88e6eb3] Zygote v0.6.0
  [37e2e46d] LinearAlgebra
  [9a3f8284] Random
  [8dfed614] Test
Status `/tmp/jl_2BT1Xb/Manifest.toml`
  [621f4979] AbstractFFTs v0.5.0
  [79e6a3ab] Adapt v3.0.0
  [56f22d72] Artifacts v1.3.0
  [ab4f0b2a] BFloat16s v0.1.0
  [fa961155] CEnum v0.4.1
  [052768ef] CUDA v2.4.0
  [082447d4] ChainRules v0.7.45
  [d360d2e6] ChainRulesCore v0.9.24
  [cdddcdb0] ChainRulesTestUtils v0.5.10
  [bbf7d656] CommonSubexpressions v0.3.0
  [34da2185] Compat v3.25.0
  [e66e0078] CompilerSupportLibraries_jll v0.3.4+0
  [864edb3b] DataStructures v0.18.8
  [163ba53b] DiffResults v1.0.3
  [b552c78f] DiffRules v1.0.2
  [e2ba6199] ExprTools v0.1.3
  [1a297f60] FillArrays v0.10.2
  [26cc04aa] FiniteDifferences v0.11.7
  [f6369f11] ForwardDiff v0.10.14
  [0c68f7d7] GPUArrays v6.2.0
  [61eb1bfa] GPUCompiler v0.8.3
  [7869d1d1] IRTools v0.4.2
  [692b3bcd] JLLWrappers v1.2.0
  [929cbde3] LLVM v3.5.2
  [8ac3fa9e] LRUCache v1.2.0
  [1914dd2f] MacroTools v0.5.6
  [46d2c3a1] MuladdMacro v0.2.2
  [872c559c] NNlib v0.7.11
  [77ba4419] NaNMath v0.3.5
  [efe28fd5] OpenSpecFun_jll v0.5.3+4
  [bac558e1] OrderedCollections v1.3.2
  [189a3867] Reexport v0.2.0
  [ae029012] Requires v1.1.2
  [708f8203] Richardson v1.4.0
  [6c6a2e73] Scratch v1.0.3
  [276daf66] SpecialFunctions v1.2.1
  [90137ffa] StaticArrays v1.0.1
  [5e0ebb24] Strided v1.1.1
  [6aa20fa7] TensorOperations v3.1.0
  [f4bef1b4] TensorRules v0.1.3
  [a759f4b9] TimerOutputs v0.5.7
  [9d95972d] TupleTools v1.2.0
  [e88e6eb3] Zygote v0.6.0
  [700de1a5] ZygoteRules v0.2.1
  [2a0f44e3] Base64
  [ade2ca70] Dates
  [8bb1440f] DelimitedFiles
  [8ba89e20] Distributed
  [b77e0a4c] InteractiveUtils
  [76f85450] LibGit2
  [8f399da3] Libdl
  [37e2e46d] LinearAlgebra
  [56ddb016] Logging
  [d6f4376e] Markdown
  [a63ad114] Mmap
  [44cfe95a] Pkg
  [de0858da] Printf
  [3fa0cd96] REPL
  [9a3f8284] Random
  [ea8e919c] SHA
  [9e88b42a] Serialization
  [1a1011a3] SharedArrays
  [6462fe0b] Sockets
  [2f01184e] SparseArrays
  [10745b16] Statistics
  [8dfed614] Test
  [cf7118a7] UUIDs
  [4ec0a83e] Unicode
Test Summary: | Pass  Total
TensorRules   |  407    407
    Testing TensorRules tests passed 

PkgEval succeeded


################################################################################
# PkgEval teardown: 2021-01-11T23:02:18.797
CPU usage: 346.92s (339.40s user, 8.06s kernel)

Network usage:
- eth0: 5.528 MiB received, 234.364 KiB sent

Raw statistics: {"blkio_stats":{"io_queue_recursive":[],"io_serviced_recursive":[{"major":259,"value":0,"op":"Read","minor":0},{"major":259,"value":19,"op":"Write","minor":0},{"major":259,"value":14,"op":"Sync","minor":0},{"major":259,"value":5,"op":"Async","minor":0},{"major":259,"value":0,"op":"Discard","minor":0},{"major":259,"value":19,"op":"Total","minor":0},{"major":253,"value":0,"op":"Read","minor":2},{"major":253,"value":19,"op":"Write","minor":2},{"major":253,"value":14,"op":"Sync","minor":2},{"major":253,"value":5,"op":"Async","minor":2},{"major":253,"value":0,"op":"Discard","minor":2},{"major":253,"value":19,"op":"Total","minor":2}],"io_time_recursive":[],"sectors_recursive":[],"io_service_bytes_recursive":[{"major":259,"value":0,"op":"Read","minor":0},{"major":259,"value":90112,"op":"Write","minor":0},{"major":259,"value":57344,"op":"Sync","minor":0},{"major":259,"value":32768,"op":"Async","minor":0},{"major":259,"value":0,"op":"Discard","minor":0},{"major":259,"value":90112,"op":"Total","minor":0},{"major":253,"value":0,"op":"Read","minor":2},{"major":253,"value":90112,"op":"Write","minor":2},{"major":253,"value":57344,"op":"Sync","minor":2},{"major":253,"value":32768,"op":"Async","minor":2},{"major":253,"value":0,"op":"Discard","minor":2},{"major":253,"value":90112,"op":"Total","minor":2}],"io_wait_time_recursive":[],"io_merged_recursive":[],"io_service_time_recursive":[]},"memory_stats":{"usage":343187456,"max_usage":1381376000,"stats":{"hierarchical_memory_limit":9223372036854771712,"pgmajfault":0,"total_rss":210034688,"inactive_file":135168,"inactive_anon":89481216,"total_pgfault":3328842,"total_cache":101093376,"total_rss_huge":0,"total_active_anon":221810688,"total_pgmajfault":0,"pgpgin":1685607,"rss_huge":0,"mapped_file":0,"total_inactive_file":135168,"dirty":135168,"total_unevictable":0,"total_dirty":135168,"writeback":0,"pgpgout":1609633,"hierarchical_memsw_limit":0,"cache":101093376,"active_file":135168,"pgfault":3328842,"total_mapped_file":0,"total_pgpgout":1609633,"total_writeback":0,"rss":210034688,"unevictable":0,"total_inactive_anon":89481216,"total_pgpgin":1685607,"active_anon":221810688,"total_active_file":135168},"limit":540965302272},"name":"/TensorRules-4VICzjNo","networks":{"eth0":{"rx_bytes":5796461,"rx_packets":1793,"tx_packets":1918,"tx_bytes":239989,"tx_dropped":0,"rx_dropped":12,"tx_errors":0,"rx_errors":0}},"id":"6eadb3bc3811bef97dc3ea7aae08742734b132ac3fda35412d1b90b809c6c10a","preread":"0001-01-01T00:00:00Z","storage_stats":{},"precpu_stats":{"throttling_data":{"throttled_periods":0,"throttled_time":0,"periods":0},"cpu_usage":{"usage_in_usermode":0,"usage_in_kernelmode":0,"total_usage":0}},"pids_stats":{"current":44},"num_procs":0,"cpu_stats":{"throttling_data":{"throttled_periods":0,"throttled_time":0,"periods":0},"system_cpu_usage":6676945074522419,"online_cpus":128,"cpu_usage":{"usage_in_usermode":339400000000,"usage_in_kernelmode":8060000000,"total_usage":346917276714,"percpu_usage":[0,0,0,0,0,0,0,0,0,0,0,0,0,0,0,0,0,0,0,0,0,0,0,0,0,0,0,0,0,0,0,0,0,0,0,0,0,0,0,0,0,0,0,0,0,0,0,0,0,0,0,0,0,0,0,0,0,0,0,0,346917272594,0,0,0,0,0,0,0,0,0,0,0,0,0,0,0,0,0,0,0,0,0,0,0,0,0,0,0,0,0,0,0,0,0,0,0,0,0,0,0,0,0,0,0,0,0,0,0,0,0,0,0,0,0,0,0,0,0,0,0,0,0,0,0,4120,0,0,0]}},"read":"2021-01-11T23:02:19.437957011Z"}