################################################################################
# PkgEval set-up: 2021-01-11T21:15:24.384
#

Julia Version 1.5.3
Commit 599f52c4c6 (2020-12-18 13:33 UTC)
Platform Info:
  OS: Linux (x86_64-linux-gnu)
  CPU: AMD EPYC 7502 32-Core Processor
  WORD_SIZE: 64
  LIBM: libopenlibm
  LLVM: libLLVM-9.0.1 (ORCJIT, znver2)
Environment:
  JULIA_PKG_PRECOMPILE_AUTO = 0
  JULIA_PKGEVAL = true

Base.julia_cmd() = `/opt/julia/bin/julia -Cnative -J/opt/julia/lib/julia/sys.so -g1`


################################################################################
# Installation: 2021-01-11T21:15:26.146
#

 Installing known registries into `~/.julia`
######                                                                     9.4%######################################################################## 100.0%
      Added registry `General` to `~/.julia/registries/General`
  Resolving package versions...
  Installed TerminalLoggers ──────────── v0.1.2
  Installed ProgressLogging ──────────── v0.1.3
  Installed LeftChildRightSiblingTrees ─ v0.1.2
  Installed AbstractTrees ────────────── v0.3.3
Updating `~/.julia/environments/v1.5/Project.toml`
  [5d786b92] + TerminalLoggers v0.1.2
Updating `~/.julia/environments/v1.5/Manifest.toml`
  [1520ce14] + AbstractTrees v0.3.3
  [1d6d02ad] + LeftChildRightSiblingTrees v0.1.2
  [33c8b6b6] + ProgressLogging v0.1.3
  [5d786b92] + TerminalLoggers v0.1.2
  [2a0f44e3] + Base64
  [56ddb016] + Logging
  [d6f4376e] + Markdown
  [de0858da] + Printf
  [9a3f8284] + Random
  [ea8e919c] + SHA
  [9e88b42a] + Serialization
  [cf7118a7] + UUIDs
  [4ec0a83e] + Unicode


################################################################################
# Testing: 2021-01-11T21:15:30.739
#

    Testing TerminalLoggers
Status `/tmp/jl_tum4lR/Project.toml`
  [1d6d02ad] LeftChildRightSiblingTrees v0.1.2
  [33c8b6b6] ProgressLogging v0.1.3
  [5d786b92] TerminalLoggers v0.1.2
  [56ddb016] Logging
  [d6f4376e] Markdown
  [de0858da] Printf
  [8dfed614] Test
  [cf7118a7] UUIDs
Status `/tmp/jl_tum4lR/Manifest.toml`
  [1520ce14] AbstractTrees v0.3.3
  [1d6d02ad] LeftChildRightSiblingTrees v0.1.2
  [33c8b6b6] ProgressLogging v0.1.3
  [5d786b92] TerminalLoggers v0.1.2
  [2a0f44e3] Base64
  [8ba89e20] Distributed
  [b77e0a4c] InteractiveUtils
  [56ddb016] Logging
  [d6f4376e] Markdown
  [de0858da] Printf
  [9a3f8284] Random
  [ea8e919c] SHA
  [9e88b42a] Serialization
  [6462fe0b] Sockets
  [8dfed614] Test
  [cf7118a7] UUIDs
  [4ec0a83e] Unicode
Test Summary:  | Pass  Total
TerminalLogger |   57     57
Test Summary:                      | Pass  Total
Sticky messages without ANSI codes |    3      3
Test Summary:                   | Pass  Total
Sticky messages with ANSI codes |    8      8
Test Summary:                   | Pass  Total
Sticky messages with ANSI codes |    1      1
    Testing TerminalLoggers tests passed 

PkgEval succeeded


################################################################################
# PkgEval teardown: 2021-01-11T21:15:52.782
CPU usage: 28.42s (25.27s user, 3.21s kernel)

Network usage:
- eth0: 2.602 MiB received, 42.756 KiB sent

Raw statistics: {"blkio_stats":{"io_queue_recursive":[],"io_serviced_recursive":[{"major":259,"value":0,"op":"Read","minor":0},{"major":259,"value":24,"op":"Write","minor":0},{"major":259,"value":19,"op":"Sync","minor":0},{"major":259,"value":5,"op":"Async","minor":0},{"major":259,"value":0,"op":"Discard","minor":0},{"major":259,"value":24,"op":"Total","minor":0},{"major":253,"value":0,"op":"Read","minor":2},{"major":253,"value":24,"op":"Write","minor":2},{"major":253,"value":19,"op":"Sync","minor":2},{"major":253,"value":5,"op":"Async","minor":2},{"major":253,"value":0,"op":"Discard","minor":2},{"major":253,"value":24,"op":"Total","minor":2}],"io_time_recursive":[],"sectors_recursive":[],"io_service_bytes_recursive":[{"major":259,"value":0,"op":"Read","minor":0},{"major":259,"value":126976,"op":"Write","minor":0},{"major":259,"value":106496,"op":"Sync","minor":0},{"major":259,"value":20480,"op":"Async","minor":0},{"major":259,"value":0,"op":"Discard","minor":0},{"major":259,"value":126976,"op":"Total","minor":0},{"major":253,"value":0,"op":"Read","minor":2},{"major":253,"value":126976,"op":"Write","minor":2},{"major":253,"value":106496,"op":"Sync","minor":2},{"major":253,"value":20480,"op":"Async","minor":2},{"major":253,"value":0,"op":"Discard","minor":2},{"major":253,"value":126976,"op":"Total","minor":2}],"io_wait_time_recursive":[],"io_merged_recursive":[],"io_service_time_recursive":[]},"memory_stats":{"usage":326279168,"max_usage":847912960,"stats":{"hierarchical_memory_limit":9223372036854771712,"pgmajfault":0,"total_rss":215678976,"inactive_file":135168,"inactive_anon":78938112,"total_pgfault":594297,"total_cache":81125376,"total_rss_huge":0,"total_active_anon":216944640,"total_pgmajfault":0,"pgpgin":363165,"rss_huge":0,"mapped_file":0,"total_inactive_file":135168,"dirty":135168,"total_unevictable":0,"total_dirty":135168,"writeback":0,"pgpgout":290707,"hierarchical_memsw_limit":0,"cache":81125376,"active_file":1081344,"pgfault":594297,"total_mapped_file":0,"total_pgpgout":290707,"total_writeback":0,"rss":215678976,"unevictable":0,"total_inactive_anon":78938112,"total_pgpgin":363165,"active_anon":216944640,"total_active_file":1081344},"limit":540965302272},"name":"/TerminalLoggers-TTBcqI50","networks":{"eth0":{"rx_bytes":2728762,"rx_packets":417,"tx_packets":411,"tx_bytes":43782,"tx_dropped":0,"rx_dropped":1,"tx_errors":0,"rx_errors":0}},"id":"bb93d0428e10ac41a73b4be5cc190d00639dd3d3e5722da995c372930b147d98","preread":"0001-01-01T00:00:00Z","storage_stats":{},"precpu_stats":{"throttling_data":{"throttled_periods":0,"throttled_time":0,"periods":0},"cpu_usage":{"usage_in_usermode":0,"usage_in_kernelmode":0,"total_usage":0}},"pids_stats":{"current":40},"num_procs":0,"cpu_stats":{"throttling_data":{"throttled_periods":0,"throttled_time":0,"periods":0},"system_cpu_usage":5861082724522419,"online_cpus":128,"cpu_usage":{"usage_in_usermode":25270000000,"usage_in_kernelmode":3210000000,"total_usage":28420703521,"percpu_usage":[0,0,0,0,0,0,0,0,0,0,0,0,0,0,0,0,0,0,0,0,0,0,0,0,0,0,0,0,0,0,0,0,0,0,0,0,28420703521,0,0,0,0,0,0,0,0,0,0,0,0,0,0,0,0,0,0,0,0,0,0,0,0,0,0,0,0,0,0,0,0,0,0,0,0,0,0,0,0,0,0,0,0,0,0,0,0,0,0,0,0,0,0,0,0,0,0,0,0,0,0,0,0,0,0,0,0,0,0,0,0,0,0,0,0,0,0,0,0,0,0,0,0,0,0,0,0,0,0,0]}},"read":"2021-01-11T21:15:53.467967372Z"}