################################################################################
# PkgEval set-up: 2021-01-11T19:09:15.453
#

Julia Version 1.5.3
Commit 599f52c4c6 (2020-12-18 13:33 UTC)
Platform Info:
  OS: Linux (x86_64-linux-gnu)
  CPU: AMD EPYC 7502 32-Core Processor
  WORD_SIZE: 64
  LIBM: libopenlibm
  LLVM: libLLVM-9.0.1 (ORCJIT, znver2)
Environment:
  JULIA_PKG_PRECOMPILE_AUTO = 0
  JULIA_PKGEVAL = true

Base.julia_cmd() = `/opt/julia/bin/julia -Cnative -J/opt/julia/lib/julia/sys.so -g1`


################################################################################
# Installation: 2021-01-11T19:09:17.253
#

 Installing known registries into `~/.julia`
######################################################################## 100.0%
      Added registry `General` to `~/.julia/registries/General`
  Resolving package versions...
  Installed TerminalMenus ─ v0.1.0
  Installed Compat ──────── v2.2.1
Updating `~/.julia/environments/v1.5/Project.toml`
  [dc548174] + TerminalMenus v0.1.0
Updating `~/.julia/environments/v1.5/Manifest.toml`
  [34da2185] + Compat v2.2.1
  [dc548174] + TerminalMenus v0.1.0
  [2a0f44e3] + Base64
  [ade2ca70] + Dates
  [8bb1440f] + DelimitedFiles
  [8ba89e20] + Distributed
  [b77e0a4c] + InteractiveUtils
  [76f85450] + LibGit2
  [8f399da3] + Libdl
  [37e2e46d] + LinearAlgebra
  [56ddb016] + Logging
  [d6f4376e] + Markdown
  [a63ad114] + Mmap
  [44cfe95a] + Pkg
  [de0858da] + Printf
  [3fa0cd96] + REPL
  [9a3f8284] + Random
  [ea8e919c] + SHA
  [9e88b42a] + Serialization
  [1a1011a3] + SharedArrays
  [6462fe0b] + Sockets
  [2f01184e] + SparseArrays
  [10745b16] + Statistics
  [8dfed614] + Test
  [cf7118a7] + UUIDs
  [4ec0a83e] + Unicode


################################################################################
# Testing: 2021-01-11T19:09:20.934
#

    Testing TerminalMenus
Status `/tmp/jl_D3tYqU/Project.toml`
  [34da2185] Compat v2.2.1
  [dc548174] TerminalMenus v0.1.0
  [3fa0cd96] REPL
  [8dfed614] Test
Status `/tmp/jl_D3tYqU/Manifest.toml`
  [34da2185] Compat v2.2.1
  [dc548174] TerminalMenus v0.1.0
  [2a0f44e3] Base64
  [ade2ca70] Dates
  [8bb1440f] DelimitedFiles
  [8ba89e20] Distributed
  [b77e0a4c] InteractiveUtils
  [76f85450] LibGit2
  [8f399da3] Libdl
  [37e2e46d] LinearAlgebra
  [56ddb016] Logging
  [d6f4376e] Markdown
  [a63ad114] Mmap
  [44cfe95a] Pkg
  [de0858da] Printf
  [3fa0cd96] REPL
  [9a3f8284] Random
  [ea8e919c] SHA
  [9e88b42a] Serialization
  [1a1011a3] SharedArrays
  [6462fe0b] Sockets
  [2f01184e] SparseArrays
  [10745b16] Statistics
  [8dfed614] Test
  [cf7118a7] UUIDs
  [4ec0a83e] Unicode
[?25l[?25h
[?25l[?25h
[?25l[?25h
[?25l[?25h
[?25l[?25h
    Testing TerminalMenus tests passed 

PkgEval succeeded


################################################################################
# PkgEval teardown: 2021-01-11T19:09:25.677
CPU usage: 10.32s (7.73s user, 2.62s kernel)

Network usage:
- eth0: 2.588 MiB received, 31.690 KiB sent

Raw statistics: {"blkio_stats":{"io_queue_recursive":[],"io_serviced_recursive":[{"major":259,"value":0,"op":"Read","minor":0},{"major":259,"value":24,"op":"Write","minor":0},{"major":259,"value":19,"op":"Sync","minor":0},{"major":259,"value":5,"op":"Async","minor":0},{"major":259,"value":0,"op":"Discard","minor":0},{"major":259,"value":24,"op":"Total","minor":0},{"major":253,"value":0,"op":"Read","minor":2},{"major":253,"value":24,"op":"Write","minor":2},{"major":253,"value":19,"op":"Sync","minor":2},{"major":253,"value":5,"op":"Async","minor":2},{"major":253,"value":0,"op":"Discard","minor":2},{"major":253,"value":24,"op":"Total","minor":2}],"io_time_recursive":[],"sectors_recursive":[],"io_service_bytes_recursive":[{"major":259,"value":0,"op":"Read","minor":0},{"major":259,"value":126976,"op":"Write","minor":0},{"major":259,"value":106496,"op":"Sync","minor":0},{"major":259,"value":20480,"op":"Async","minor":0},{"major":259,"value":0,"op":"Discard","minor":0},{"major":259,"value":126976,"op":"Total","minor":0},{"major":253,"value":0,"op":"Read","minor":2},{"major":253,"value":126976,"op":"Write","minor":2},{"major":253,"value":106496,"op":"Sync","minor":2},{"major":253,"value":20480,"op":"Async","minor":2},{"major":253,"value":0,"op":"Discard","minor":2},{"major":253,"value":126976,"op":"Total","minor":2}],"io_wait_time_recursive":[],"io_merged_recursive":[],"io_service_time_recursive":[]},"memory_stats":{"usage":330092544,"max_usage":720011264,"stats":{"hierarchical_memory_limit":9223372036854771712,"pgmajfault":0,"total_rss":213635072,"inactive_file":135168,"inactive_anon":78802944,"total_pgfault":289047,"total_cache":85843968,"total_rss_huge":0,"total_active_anon":214646784,"total_pgmajfault":0,"pgpgin":222486,"rss_huge":0,"mapped_file":0,"total_inactive_file":135168,"dirty":0,"total_unevictable":0,"total_dirty":0,"writeback":0,"pgpgout":149367,"hierarchical_memsw_limit":0,"cache":85843968,"active_file":6082560,"pgfault":289047,"total_mapped_file":0,"total_pgpgout":149367,"total_writeback":0,"rss":213635072,"unevictable":0,"total_inactive_anon":78802944,"total_pgpgin":222486,"active_anon":214646784,"total_active_file":6082560},"limit":540965302272},"name":"/TerminalMenus-nuDBQhFB","networks":{"eth0":{"rx_bytes":2713525,"rx_packets":321,"tx_packets":313,"tx_bytes":32451,"tx_dropped":0,"rx_dropped":1,"tx_errors":0,"rx_errors":0}},"id":"fc23b6e450ba03aef62b7f6a7971c920c638ff9919eef720d077be3626611d03","preread":"0001-01-01T00:00:00Z","storage_stats":{},"precpu_stats":{"throttling_data":{"throttled_periods":0,"throttled_time":0,"periods":0},"cpu_usage":{"usage_in_usermode":0,"usage_in_kernelmode":0,"total_usage":0}},"pids_stats":{"current":40},"num_procs":0,"cpu_stats":{"throttling_data":{"throttled_periods":0,"throttled_time":0,"periods":0},"system_cpu_usage":4891342744522419,"online_cpus":128,"cpu_usage":{"usage_in_usermode":7730000000,"usage_in_kernelmode":2620000000,"total_usage":10320112244,"percpu_usage":[0,0,0,0,0,0,0,0,0,0,0,0,10320106744,0,0,0,0,0,0,0,0,0,0,0,0,0,0,0,0,0,0,0,0,0,0,0,0,0,0,0,0,0,0,0,0,0,0,0,0,0,0,0,0,0,0,0,0,0,0,0,0,0,0,0,0,0,0,0,0,0,0,0,0,0,0,0,5500,0,0,0,0,0,0,0,0,0,0,0,0,0,0,0,0,0,0,0,0,0,0,0,0,0,0,0,0,0,0,0,0,0,0,0,0,0,0,0,0,0,0,0,0,0,0,0,0,0,0,0]}},"read":"2021-01-11T19:09:25.680187602Z"}