################################################################################
# PkgEval set-up: 2021-01-11T19:11:57.029
#

Julia Version 1.5.3
Commit 599f52c4c6 (2020-12-18 13:33 UTC)
Platform Info:
  OS: Linux (x86_64-linux-gnu)
  CPU: AMD EPYC 7502 32-Core Processor
  WORD_SIZE: 64
  LIBM: libopenlibm
  LLVM: libLLVM-9.0.1 (ORCJIT, znver2)
Environment:
  JULIA_PKG_PRECOMPILE_AUTO = 0
  JULIA_PKGEVAL = true

Base.julia_cmd() = `/opt/julia/bin/julia -Cnative -J/opt/julia/lib/julia/sys.so -g1`


################################################################################
# Installation: 2021-01-11T19:11:58.82
#

 Installing known registries into `~/.julia`
########                                                                  12.0%######################################################################## 100.0%
      Added registry `General` to `~/.julia/registries/General`
  Resolving package versions...
  Installed ThreadedSparseArrays ─ v0.1.0
Updating `~/.julia/environments/v1.5/Project.toml`
  [59d54670] + ThreadedSparseArrays v0.1.0
Updating `~/.julia/environments/v1.5/Manifest.toml`
  [59d54670] + ThreadedSparseArrays v0.1.0
  [8f399da3] + Libdl
  [37e2e46d] + LinearAlgebra
  [9a3f8284] + Random
  [9e88b42a] + Serialization
  [2f01184e] + SparseArrays


################################################################################
# Testing: 2021-01-11T19:12:02.43
#

    Testing ThreadedSparseArrays
Status `/tmp/jl_yKK61P/Project.toml`
  [59d54670] ThreadedSparseArrays v0.1.0
  [37e2e46d] LinearAlgebra
  [2f01184e] SparseArrays
  [8dfed614] Test
Status `/tmp/jl_yKK61P/Manifest.toml`
  [59d54670] ThreadedSparseArrays v0.1.0
  [2a0f44e3] Base64
  [8ba89e20] Distributed
  [b77e0a4c] InteractiveUtils
  [8f399da3] Libdl
  [37e2e46d] LinearAlgebra
  [56ddb016] Logging
  [d6f4376e] Markdown
  [9a3f8284] Random
  [9e88b42a] Serialization
  [6462fe0b] Sockets
  [2f01184e] SparseArrays
  [8dfed614] Test
Test Summary:           | Pass  Total
ThreadedSparseArrays.jl |    7      7
    Testing ThreadedSparseArrays tests passed 

PkgEval succeeded


################################################################################
# PkgEval teardown: 2021-01-11T19:12:14.991
CPU usage: 17.99s (15.00s user, 3.02s kernel)

Network usage:
- eth0: 2.536 MiB received, 27.781 KiB sent

Raw statistics: {"blkio_stats":{"io_queue_recursive":[],"io_serviced_recursive":[{"major":259,"value":0,"op":"Read","minor":0},{"major":259,"value":24,"op":"Write","minor":0},{"major":259,"value":19,"op":"Sync","minor":0},{"major":259,"value":5,"op":"Async","minor":0},{"major":259,"value":0,"op":"Discard","minor":0},{"major":259,"value":24,"op":"Total","minor":0},{"major":253,"value":0,"op":"Read","minor":2},{"major":253,"value":24,"op":"Write","minor":2},{"major":253,"value":19,"op":"Sync","minor":2},{"major":253,"value":5,"op":"Async","minor":2},{"major":253,"value":0,"op":"Discard","minor":2},{"major":253,"value":24,"op":"Total","minor":2}],"io_time_recursive":[],"sectors_recursive":[],"io_service_bytes_recursive":[{"major":259,"value":0,"op":"Read","minor":0},{"major":259,"value":126976,"op":"Write","minor":0},{"major":259,"value":106496,"op":"Sync","minor":0},{"major":259,"value":20480,"op":"Async","minor":0},{"major":259,"value":0,"op":"Discard","minor":0},{"major":259,"value":126976,"op":"Total","minor":0},{"major":253,"value":0,"op":"Read","minor":2},{"major":253,"value":126976,"op":"Write","minor":2},{"major":253,"value":106496,"op":"Sync","minor":2},{"major":253,"value":20480,"op":"Async","minor":2},{"major":253,"value":0,"op":"Discard","minor":2},{"major":253,"value":126976,"op":"Total","minor":2}],"io_wait_time_recursive":[],"io_merged_recursive":[],"io_service_time_recursive":[]},"memory_stats":{"usage":320344064,"max_usage":879517696,"stats":{"hierarchical_memory_limit":9223372036854771712,"pgmajfault":0,"total_rss":211578880,"inactive_file":135168,"inactive_anon":78802944,"total_pgfault":705606,"total_cache":79319040,"total_rss_huge":0,"total_active_anon":212213760,"total_pgmajfault":0,"pgpgin":531795,"rss_huge":0,"mapped_file":0,"total_inactive_file":135168,"dirty":270336,"total_unevictable":0,"total_dirty":270336,"writeback":0,"pgpgout":460771,"hierarchical_memsw_limit":0,"cache":79319040,"active_file":135168,"pgfault":705606,"total_mapped_file":0,"total_pgpgout":460771,"total_writeback":0,"rss":211578880,"unevictable":0,"total_inactive_anon":78802944,"total_pgpgin":531795,"active_anon":212213760,"total_active_file":135168},"limit":540965302272},"name":"/ThreadedSparseArrays-SJEY7N4T","networks":{"eth0":{"rx_bytes":2659664,"rx_packets":313,"tx_packets":289,"tx_bytes":28448,"tx_dropped":0,"rx_dropped":1,"tx_errors":0,"rx_errors":0}},"id":"afbf494215e8987041ffab137b0544eb2b8153edc700365d3b13be3583303c43","preread":"0001-01-01T00:00:00Z","storage_stats":{},"precpu_stats":{"throttling_data":{"throttled_periods":0,"throttled_time":0,"periods":0},"cpu_usage":{"usage_in_usermode":0,"usage_in_kernelmode":0,"total_usage":0}},"pids_stats":{"current":40},"num_procs":0,"cpu_stats":{"throttling_data":{"throttled_periods":0,"throttled_time":0,"periods":0},"system_cpu_usage":4912989984522419,"online_cpus":128,"cpu_usage":{"usage_in_usermode":15000000000,"usage_in_kernelmode":3020000000,"total_usage":17990961528,"percpu_usage":[0,0,0,0,0,0,0,0,0,0,0,0,0,0,0,0,17990957538,0,0,0,0,0,0,0,0,0,0,0,0,0,0,0,0,0,0,0,0,0,0,0,0,0,0,0,0,0,0,0,0,0,0,0,0,0,0,0,0,0,0,0,0,0,0,0,0,0,0,0,0,0,0,0,0,0,0,0,0,0,0,0,3990,0,0,0,0,0,0,0,0,0,0,0,0,0,0,0,0,0,0,0,0,0,0,0,0,0,0,0,0,0,0,0,0,0,0,0,0,0,0,0,0,0,0,0,0,0,0,0]}},"read":"2021-01-11T19:12:14.993616031Z"}