################################################################################
# PackageCompiler set-up: 2021-01-11T22:00:52.328
#

Julia Version 1.5.3
Commit 599f52c4c6 (2020-12-18 13:33 UTC)
Platform Info:
  OS: Linux (x86_64-linux-gnu)
  CPU: AMD EPYC 7502 32-Core Processor
  WORD_SIZE: 64
  LIBM: libopenlibm
  LLVM: libLLVM-9.0.1 (ORCJIT, znver2)
Environment:
  JULIA_PKGEVAL = true
  JULIA_PKG_PRECOMPILE_AUTO = 0



################################################################################
# Installation: 2021-01-11T22:00:54.079
#

 Installing known registries into `~/.julia`
####################################################################      95.1%######################################################################## 100.0%
      Added registry `General` to `~/.julia/registries/General`
  Resolving package versions...
  Installed CompilerSupportLibraries_jll ─ v0.3.4+0
  Installed Zlib_jll ───────────────────── v1.2.11+18
  Installed Reexport ───────────────────── v0.2.0
  Installed Rmath_jll ──────────────────── v0.2.2+1
  Installed WoodburyMatrices ───────────── v0.5.3
  Installed TimeseriesSurrogates ───────── v1.2.0
  Installed TimeZones ──────────────────── v1.5.3
  Installed PackageCompiler ────────────── v1.2.5
  Installed Rmath ──────────────────────── v0.6.1
  Installed FFTW ───────────────────────── v1.3.0
  Installed Mocking ────────────────────── v0.7.1
  Installed StatsBase ──────────────────── v0.33.2
  Installed MKL_jll ────────────────────── v2020.2.254+0
  Installed Libiconv_jll ───────────────── v1.16.0+7
  Installed FillArrays ─────────────────── v0.9.7
  Installed Requires ───────────────────── v1.1.2
  Installed DataStructures ─────────────── v0.18.8
  Installed EzXML ──────────────────────── v1.1.0
  Installed Polynomials ────────────────── v1.2.0
  Installed QuadGK ─────────────────────── v2.4.1
  Installed DataAPI ────────────────────── v1.4.0
  Installed FFTW_jll ───────────────────── v3.3.9+7
  Installed Ratios ─────────────────────── v0.4.0
  Installed OrderedCollections ─────────── v1.3.2
  Installed IterTools ──────────────────── v1.3.0
  Installed DSP ────────────────────────── v0.6.10
  Installed Intervals ──────────────────── v1.5.0
  Installed Wavelets ───────────────────── v0.9.2
  Installed StaticArrays ───────────────── v0.12.5
  Installed XML2_jll ───────────────────── v2.9.10+3
  Installed InplaceOps ─────────────────── v0.3.0
  Installed IntelOpenMP_jll ────────────── v2018.0.3+0
  Installed Missings ───────────────────── v0.4.4
  Installed RecipesBase ────────────────── v1.1.1
  Installed Neighborhood ───────────────── v0.2.2
  Installed AbstractFFTs ───────────────── v0.5.0
  Installed JLLWrappers ────────────────── v1.2.0
  Installed AxisAlgorithms ─────────────── v1.0.0
  Installed PDMats ─────────────────────── v0.10.1
  Installed Distances ──────────────────── v0.10.0
  Installed StatsFuns ──────────────────── v0.9.6
  Installed DelayEmbeddings ────────────── v1.19.3
  Installed NearestNeighbors ───────────── v0.4.8
  Installed Distributions ──────────────── v0.24.10
  Installed Interpolations ─────────────── v0.13.1
  Installed OffsetArrays ───────────────── v1.3.1
  Installed OpenSpecFun_jll ────────────── v0.5.3+4
  Installed Compat ─────────────────────── v3.25.0
  Installed ExprTools ──────────────────── v0.1.3
  Installed SpecialFunctions ───────────── v0.10.3
  Installed Artifacts ──────────────────── v1.3.0
  Installed SortingAlgorithms ──────────── v0.3.1
Updating `~/.julia/environments/v1.5/Project.toml`
  [9b87118b] + PackageCompiler v1.2.5
  [c804724b] + TimeseriesSurrogates v1.2.0
Updating `~/.julia/environments/v1.5/Manifest.toml`
  [621f4979] + AbstractFFTs v0.5.0
  [56f22d72] + Artifacts v1.3.0
  [13072b0f] + AxisAlgorithms v1.0.0
  [34da2185] + Compat v3.25.0
  [e66e0078] + CompilerSupportLibraries_jll v0.3.4+0
  [717857b8] + DSP v0.6.10
  [9a962f9c] + DataAPI v1.4.0
  [864edb3b] + DataStructures v0.18.8
  [5732040d] + DelayEmbeddings v1.19.3
  [b4f34e82] + Distances v0.10.0
  [31c24e10] + Distributions v0.24.10
  [e2ba6199] + ExprTools v0.1.3
  [8f5d6c58] + EzXML v1.1.0
  [7a1cc6ca] + FFTW v1.3.0
  [f5851436] + FFTW_jll v3.3.9+7
  [1a297f60] + FillArrays v0.9.7
  [505f98c9] + InplaceOps v0.3.0
  [1d5cc7b8] + IntelOpenMP_jll v2018.0.3+0
  [a98d9a8b] + Interpolations v0.13.1
  [d8418881] + Intervals v1.5.0
  [c8e1da08] + IterTools v1.3.0
  [692b3bcd] + JLLWrappers v1.2.0
  [94ce4f54] + Libiconv_jll v1.16.0+7
  [856f044c] + MKL_jll v2020.2.254+0
  [e1d29d7a] + Missings v0.4.4
  [78c3b35d] + Mocking v0.7.1
  [b8a86587] + NearestNeighbors v0.4.8
  [645ca80c] + Neighborhood v0.2.2
  [6fe1bfb0] + OffsetArrays v1.3.1
  [efe28fd5] + OpenSpecFun_jll v0.5.3+4
  [bac558e1] + OrderedCollections v1.3.2
  [90014a1f] + PDMats v0.10.1
  [9b87118b] + PackageCompiler v1.2.5
  [f27b6e38] + Polynomials v1.2.0
  [1fd47b50] + QuadGK v2.4.1
  [c84ed2f1] + Ratios v0.4.0
  [3cdcf5f2] + RecipesBase v1.1.1
  [189a3867] + Reexport v0.2.0
  [ae029012] + Requires v1.1.2
  [79098fc4] + Rmath v0.6.1
  [f50d1b31] + Rmath_jll v0.2.2+1
  [a2af1166] + SortingAlgorithms v0.3.1
  [276daf66] + SpecialFunctions v0.10.3
  [90137ffa] + StaticArrays v0.12.5
  [2913bbd2] + StatsBase v0.33.2
  [4c63d2b9] + StatsFuns v0.9.6
  [f269a46b] + TimeZones v1.5.3
  [c804724b] + TimeseriesSurrogates v1.2.0
  [29a6e085] + Wavelets v0.9.2
  [efce3f68] + WoodburyMatrices v0.5.3
  [02c8fc9c] + XML2_jll v2.9.10+3
  [83775a58] + Zlib_jll v1.2.11+18
  [2a0f44e3] + Base64
  [ade2ca70] + Dates
  [8bb1440f] + DelimitedFiles
  [8ba89e20] + Distributed
  [b77e0a4c] + InteractiveUtils
  [76f85450] + LibGit2
  [8f399da3] + Libdl
  [37e2e46d] + LinearAlgebra
  [56ddb016] + Logging
  [d6f4376e] + Markdown
  [a63ad114] + Mmap
  [44cfe95a] + Pkg
  [de0858da] + Printf
  [3fa0cd96] + REPL
  [9a3f8284] + Random
  [ea8e919c] + SHA
  [9e88b42a] + Serialization
  [1a1011a3] + SharedArrays
  [6462fe0b] + Sockets
  [2f01184e] + SparseArrays
  [10745b16] + Statistics
  [4607b0f0] + SuiteSparse
  [8dfed614] + Test
  [cf7118a7] + UUIDs
  [4ec0a83e] + Unicode
   Building TimeZones → `~/.julia/packages/TimeZones/K98G0/deps/build.log`
   Building FFTW ─────→ `~/.julia/packages/FFTW/ayqyZ/deps/build.log`


################################################################################
# Compiling: 2021-01-11T22:01:15.14
#

[ Info: PackageCompiler: creating system image object file, this might take a while...
Generated system image is 183.530 MiB, compilation took 273 seconds


################################################################################
# PkgEval set-up: 2021-01-11T22:05:56.483
#

Julia Version 1.5.3
Commit 599f52c4c6 (2020-12-18 13:33 UTC)
Platform Info:
  OS: Linux (x86_64-linux-gnu)
  CPU: AMD EPYC 7502 32-Core Processor
  WORD_SIZE: 64
  LIBM: libopenlibm
  LLVM: libLLVM-9.0.1 (ORCJIT, znver2)
Environment:
  JULIA_PKGEVAL = true
  JULIA_PKG_PRECOMPILE_AUTO = 0

Base.julia_cmd() = `/usr/local/julia/bin/julia -Cnative -J/cache/TimeseriesSurrogates-wVTXJzqJ.so -g1`


################################################################################
# Installation: 2021-01-11T22:05:58.051
#

 Installing known registries into `~/.julia`
########################################                                  56.0%######################################################################## 100.0%
      Added registry `General` to `~/.julia/registries/General`
  Resolving package versions...
  Installed CompilerSupportLibraries_jll ─ v0.3.4+0
  Installed Zlib_jll ───────────────────── v1.2.11+18
  Installed Reexport ───────────────────── v0.2.0
  Installed WoodburyMatrices ───────────── v0.5.3
  Installed Rmath_jll ──────────────────── v0.2.2+1
  Installed Rmath ──────────────────────── v0.6.1
  Installed TimeseriesSurrogates ───────── v1.2.0
  Installed TimeZones ──────────────────── v1.5.3
  Installed FFTW ───────────────────────── v1.3.0
  Installed Mocking ────────────────────── v0.7.1
  Installed StatsBase ──────────────────── v0.33.2
  Installed DataStructures ─────────────── v0.18.8
  Installed MKL_jll ────────────────────── v2020.2.254+0
  Installed FillArrays ─────────────────── v0.9.7
  Installed Libiconv_jll ───────────────── v1.16.0+7
  Installed EzXML ──────────────────────── v1.1.0
  Installed QuadGK ─────────────────────── v2.4.1
  Installed Requires ───────────────────── v1.1.2
  Installed DataAPI ────────────────────── v1.4.0
  Installed Polynomials ────────────────── v1.2.0
  Installed Ratios ─────────────────────── v0.4.0
  Installed IterTools ──────────────────── v1.3.0
  Installed Wavelets ───────────────────── v0.9.2
  Installed FFTW_jll ───────────────────── v3.3.9+7
  Installed DSP ────────────────────────── v0.6.10
  Installed OrderedCollections ─────────── v1.3.2
  Installed XML2_jll ───────────────────── v2.9.10+3
  Installed InplaceOps ─────────────────── v0.3.0
  Installed Intervals ──────────────────── v1.5.0
  Installed StaticArrays ───────────────── v0.12.5
  Installed RecipesBase ────────────────── v1.1.1
  Installed Missings ───────────────────── v0.4.4
  Installed Neighborhood ───────────────── v0.2.2
  Installed IntelOpenMP_jll ────────────── v2018.0.3+0
  Installed JLLWrappers ────────────────── v1.2.0
  Installed AbstractFFTs ───────────────── v0.5.0
  Installed Distances ──────────────────── v0.10.0
  Installed AxisAlgorithms ─────────────── v1.0.0
  Installed PDMats ─────────────────────── v0.10.1
  Installed DelayEmbeddings ────────────── v1.19.3
  Installed OffsetArrays ───────────────── v1.3.1
  Installed NearestNeighbors ───────────── v0.4.8
  Installed StatsFuns ──────────────────── v0.9.6
  Installed Distributions ──────────────── v0.24.10
  Installed Interpolations ─────────────── v0.13.1
  Installed SpecialFunctions ───────────── v0.10.3
  Installed ExprTools ──────────────────── v0.1.3
  Installed Compat ─────────────────────── v3.25.0
  Installed OpenSpecFun_jll ────────────── v0.5.3+4
  Installed SortingAlgorithms ──────────── v0.3.1
  Installed Artifacts ──────────────────── v1.3.0
Updating `~/.julia/environments/v1.5/Project.toml`
  [c804724b] + TimeseriesSurrogates v1.2.0
Updating `~/.julia/environments/v1.5/Manifest.toml`
  [621f4979] + AbstractFFTs v0.5.0
  [56f22d72] + Artifacts v1.3.0
  [13072b0f] + AxisAlgorithms v1.0.0
  [34da2185] + Compat v3.25.0
  [e66e0078] + CompilerSupportLibraries_jll v0.3.4+0
  [717857b8] + DSP v0.6.10
  [9a962f9c] + DataAPI v1.4.0
  [864edb3b] + DataStructures v0.18.8
  [5732040d] + DelayEmbeddings v1.19.3
  [b4f34e82] + Distances v0.10.0
  [31c24e10] + Distributions v0.24.10
  [e2ba6199] + ExprTools v0.1.3
  [8f5d6c58] + EzXML v1.1.0
  [7a1cc6ca] + FFTW v1.3.0
  [f5851436] + FFTW_jll v3.3.9+7
  [1a297f60] + FillArrays v0.9.7
  [505f98c9] + InplaceOps v0.3.0
  [1d5cc7b8] + IntelOpenMP_jll v2018.0.3+0
  [a98d9a8b] + Interpolations v0.13.1
  [d8418881] + Intervals v1.5.0
  [c8e1da08] + IterTools v1.3.0
  [692b3bcd] + JLLWrappers v1.2.0
  [94ce4f54] + Libiconv_jll v1.16.0+7
  [856f044c] + MKL_jll v2020.2.254+0
  [e1d29d7a] + Missings v0.4.4
  [78c3b35d] + Mocking v0.7.1
  [b8a86587] + NearestNeighbors v0.4.8
  [645ca80c] + Neighborhood v0.2.2
  [6fe1bfb0] + OffsetArrays v1.3.1
  [efe28fd5] + OpenSpecFun_jll v0.5.3+4
  [bac558e1] + OrderedCollections v1.3.2
  [90014a1f] + PDMats v0.10.1
  [f27b6e38] + Polynomials v1.2.0
  [1fd47b50] + QuadGK v2.4.1
  [c84ed2f1] + Ratios v0.4.0
  [3cdcf5f2] + RecipesBase v1.1.1
  [189a3867] + Reexport v0.2.0
  [ae029012] + Requires v1.1.2
  [79098fc4] + Rmath v0.6.1
  [f50d1b31] + Rmath_jll v0.2.2+1
  [a2af1166] + SortingAlgorithms v0.3.1
  [276daf66] + SpecialFunctions v0.10.3
  [90137ffa] + StaticArrays v0.12.5
  [2913bbd2] + StatsBase v0.33.2
  [4c63d2b9] + StatsFuns v0.9.6
  [f269a46b] + TimeZones v1.5.3
  [c804724b] + TimeseriesSurrogates v1.2.0
  [29a6e085] + Wavelets v0.9.2
  [efce3f68] + WoodburyMatrices v0.5.3
  [02c8fc9c] + XML2_jll v2.9.10+3
  [83775a58] + Zlib_jll v1.2.11+18
  [2a0f44e3] + Base64
  [ade2ca70] + Dates
  [8bb1440f] + DelimitedFiles
  [8ba89e20] + Distributed
  [b77e0a4c] + InteractiveUtils
  [76f85450] + LibGit2
  [8f399da3] + Libdl
  [37e2e46d] + LinearAlgebra
  [56ddb016] + Logging
  [d6f4376e] + Markdown
  [a63ad114] + Mmap
  [44cfe95a] + Pkg
  [de0858da] + Printf
  [3fa0cd96] + REPL
  [9a3f8284] + Random
  [ea8e919c] + SHA
  [9e88b42a] + Serialization
  [1a1011a3] + SharedArrays
  [6462fe0b] + Sockets
  [2f01184e] + SparseArrays
  [10745b16] + Statistics
  [4607b0f0] + SuiteSparse
  [8dfed614] + Test
  [cf7118a7] + UUIDs
  [4ec0a83e] + Unicode
   Building TimeZones → `~/.julia/packages/TimeZones/K98G0/deps/build.log`
┌ Error: Error building `TimeZones`: 
│ ERROR: LoadError: IOError: mkdir: permission denied (EACCES)
│ Stacktrace:
│  [1] uv_error at ./libuv.jl:97 [inlined]
│  [2] mkdir(::String; mode::UInt16) at ./file.jl:177
│  [3] mkpath(::String; mode::UInt16) at ./file.jl:227
│  [4] mkpath(::String; mode::UInt16) at ./file.jl:225 (repeats 6 times)
│  [5] mkpath at ./file.jl:222 [inlined]
│  [6] build(::String) at /home/pkgeval/.julia/packages/TimeZones/K98G0/src/tzdata/build.jl:105
│  [7] build(::String; force::Bool) at /home/pkgeval/.julia/packages/TimeZones/K98G0/src/build.jl:11
│  [8] build at /home/pkgeval/.julia/packages/TimeZones/K98G0/src/build.jl:11 [inlined] (repeats 2 times)
│  [9] top-level scope at /home/user/.julia/packages/TimeZones/K98G0/deps/build.jl:3
│  [10] include(::String) at ./client.jl:457
│  [11] top-level scope at none:5
│ in expression starting at /home/user/.julia/packages/TimeZones/K98G0/deps/build.jl:3
└ @ Pkg.Operations /workspace/srcdir/usr/share/julia/stdlib/v1.5/Pkg/src/Operations.jl:949
   Building FFTW ─────→ `~/.julia/packages/FFTW/ayqyZ/deps/build.log`


################################################################################
# Testing: 2021-01-11T22:06:12.58
#

    Testing TimeseriesSurrogates
Status `/tmp/jl_f8lxZc/Project.toml`
  [621f4979] AbstractFFTs v0.5.0
  [717857b8] DSP v0.6.10
  [5732040d] DelayEmbeddings v1.19.3
  [31c24e10] Distributions v0.24.10
  [505f98c9] InplaceOps v0.3.0
  [a98d9a8b] Interpolations v0.13.1
  [ae029012] Requires v1.1.2
  [2913bbd2] StatsBase v0.33.2
  [c804724b] TimeseriesSurrogates v1.2.0
  [29a6e085] Wavelets v0.9.2
  [37e2e46d] LinearAlgebra
  [9a3f8284] Random
  [8dfed614] Test
Status `/tmp/jl_f8lxZc/Manifest.toml`
  [621f4979] AbstractFFTs v0.5.0
  [56f22d72] Artifacts v1.3.0
  [13072b0f] AxisAlgorithms v1.0.0
  [34da2185] Compat v3.25.0
  [e66e0078] CompilerSupportLibraries_jll v0.3.4+0
  [717857b8] DSP v0.6.10
  [9a962f9c] DataAPI v1.4.0
  [864edb3b] DataStructures v0.18.8
  [5732040d] DelayEmbeddings v1.19.3
  [b4f34e82] Distances v0.10.0
  [31c24e10] Distributions v0.24.10
  [e2ba6199] ExprTools v0.1.3
  [8f5d6c58] EzXML v1.1.0
  [7a1cc6ca] FFTW v1.3.0
  [f5851436] FFTW_jll v3.3.9+7
  [1a297f60] FillArrays v0.9.7
  [505f98c9] InplaceOps v0.3.0
  [1d5cc7b8] IntelOpenMP_jll v2018.0.3+0
  [a98d9a8b] Interpolations v0.13.1
  [d8418881] Intervals v1.5.0
  [c8e1da08] IterTools v1.3.0
  [692b3bcd] JLLWrappers v1.2.0
  [94ce4f54] Libiconv_jll v1.16.0+7
  [856f044c] MKL_jll v2020.2.254+0
  [e1d29d7a] Missings v0.4.4
  [78c3b35d] Mocking v0.7.1
  [b8a86587] NearestNeighbors v0.4.8
  [645ca80c] Neighborhood v0.2.2
  [6fe1bfb0] OffsetArrays v1.3.1
  [efe28fd5] OpenSpecFun_jll v0.5.3+4
  [bac558e1] OrderedCollections v1.3.2
  [90014a1f] PDMats v0.10.1
  [f27b6e38] Polynomials v1.2.0
  [1fd47b50] QuadGK v2.4.1
  [c84ed2f1] Ratios v0.4.0
  [3cdcf5f2] RecipesBase v1.1.1
  [189a3867] Reexport v0.2.0
  [ae029012] Requires v1.1.2
  [79098fc4] Rmath v0.6.1
  [f50d1b31] Rmath_jll v0.2.2+1
  [a2af1166] SortingAlgorithms v0.3.1
  [276daf66] SpecialFunctions v0.10.3
  [90137ffa] StaticArrays v0.12.5
  [2913bbd2] StatsBase v0.33.2
  [4c63d2b9] StatsFuns v0.9.6
  [f269a46b] TimeZones v1.5.3
  [c804724b] TimeseriesSurrogates v1.2.0
  [29a6e085] Wavelets v0.9.2
  [efce3f68] WoodburyMatrices v0.5.3
  [02c8fc9c] XML2_jll v2.9.10+3
  [83775a58] Zlib_jll v1.2.11+18
  [2a0f44e3] Base64
  [ade2ca70] Dates
  [8bb1440f] DelimitedFiles
  [8ba89e20] Distributed
  [b77e0a4c] InteractiveUtils
  [76f85450] LibGit2
  [8f399da3] Libdl
  [37e2e46d] LinearAlgebra
  [56ddb016] Logging
  [d6f4376e] Markdown
  [a63ad114] Mmap
  [44cfe95a] Pkg
  [de0858da] Printf
  [3fa0cd96] REPL
  [9a3f8284] Random
  [ea8e919c] SHA
  [9e88b42a] Serialization
  [1a1011a3] SharedArrays
  [6462fe0b] Sockets
  [2f01184e] SparseArrays
  [10745b16] Statistics
  [4607b0f0] SuiteSparse
  [8dfed614] Test
  [cf7118a7] UUIDs
  [4ec0a83e] Unicode
Test Summary: | Pass  Total
WLS           |    2      2
Test Summary: | Pass  Total
Periodic      |    2      2
Test Summary: | Pass  Total
BlockShuffle  |    4      4
Test Summary: | Pass  Total
RandomShuffle |    2      2
Test Summary:  | Pass  Total
AutoRegressive |    2      2
Test Summary: | Pass  Total
AAFT          |    2      2
Test Summary: | Pass  Total
IAAFT         |    2      2
Test Summary: | Pass  Total
TFTS          |    3      3
Test Summary: | Pass  Total
TAAFT         |    5      5
Test Summary: | Pass  Total
RandomFourier |    2      2
Test Summary:      | Pass  Total
Circ/Cycle shuffle | 1118   1118
Test Summary: | Pass  Total
ShufleDims    |  100    100
    Testing TimeseriesSurrogates tests passed 

PkgEval succeeded


################################################################################
# PkgEval teardown: 2021-01-11T22:06:30.29
CPU usage: 34.19s (30.62s user, 3.64s kernel)

Network usage:
- eth0: 10.731 MiB received, 295.374 KiB sent

Raw statistics: {"blkio_stats":{"io_queue_recursive":[],"io_serviced_recursive":[{"major":259,"value":0,"op":"Read","minor":0},{"major":259,"value":27,"op":"Write","minor":0},{"major":259,"value":14,"op":"Sync","minor":0},{"major":259,"value":13,"op":"Async","minor":0},{"major":259,"value":0,"op":"Discard","minor":0},{"major":259,"value":27,"op":"Total","minor":0},{"major":253,"value":0,"op":"Read","minor":2},{"major":253,"value":27,"op":"Write","minor":2},{"major":253,"value":14,"op":"Sync","minor":2},{"major":253,"value":13,"op":"Async","minor":2},{"major":253,"value":0,"op":"Discard","minor":2},{"major":253,"value":27,"op":"Total","minor":2}],"io_time_recursive":[],"sectors_recursive":[],"io_service_bytes_recursive":[{"major":259,"value":0,"op":"Read","minor":0},{"major":259,"value":126976,"op":"Write","minor":0},{"major":259,"value":57344,"op":"Sync","minor":0},{"major":259,"value":69632,"op":"Async","minor":0},{"major":259,"value":0,"op":"Discard","minor":0},{"major":259,"value":126976,"op":"Total","minor":0},{"major":253,"value":0,"op":"Read","minor":2},{"major":253,"value":126976,"op":"Write","minor":2},{"major":253,"value":57344,"op":"Sync","minor":2},{"major":253,"value":69632,"op":"Async","minor":2},{"major":253,"value":0,"op":"Discard","minor":2},{"major":253,"value":126976,"op":"Total","minor":2}],"io_wait_time_recursive":[],"io_merged_recursive":[],"io_service_time_recursive":[]},"memory_stats":{"usage":463532032,"max_usage":734654464,"stats":{"hierarchical_memory_limit":9223372036854771712,"pgmajfault":0,"total_rss":321908736,"inactive_file":135168,"inactive_anon":104484864,"total_pgfault":770088,"total_cache":109412352,"total_rss_huge":0,"total_active_anon":326971392,"total_pgmajfault":0,"pgpgin":401148,"rss_huge":0,"mapped_file":0,"total_inactive_file":135168,"dirty":270336,"total_unevictable":0,"total_dirty":270336,"writeback":0,"pgpgout":295851,"hierarchical_memsw_limit":0,"cache":109412352,"active_file":135168,"pgfault":770088,"total_mapped_file":0,"total_pgpgout":295851,"total_writeback":0,"rss":321908736,"unevictable":0,"total_inactive_anon":104484864,"total_pgpgin":401148,"active_anon":326971392,"total_active_file":135168},"limit":540965302272},"name":"/TimeseriesSurrogates-S6nqPQx4","networks":{"eth0":{"rx_bytes":11251899,"rx_packets":2366,"tx_packets":2602,"tx_bytes":302463,"tx_dropped":0,"rx_dropped":2,"tx_errors":0,"rx_errors":0}},"id":"fc6b138d1ce4ea91d0c72b6223cd6aba716da03d7c50ead511559f0d01cf4cbb","preread":"0001-01-01T00:00:00Z","storage_stats":{},"precpu_stats":{"throttling_data":{"throttled_periods":0,"throttled_time":0,"periods":0},"cpu_usage":{"usage_in_usermode":0,"usage_in_kernelmode":0,"total_usage":0}},"pids_stats":{"current":44},"num_procs":0,"cpu_stats":{"throttling_data":{"throttled_periods":0,"throttled_time":0,"periods":0},"system_cpu_usage":6249040654522419,"online_cpus":128,"cpu_usage":{"usage_in_usermode":30620000000,"usage_in_kernelmode":3640000000,"total_usage":34186335251,"percpu_usage":[0,0,0,0,0,0,0,0,0,0,0,0,0,0,0,0,0,3499602,139860,34182695789,0,0,0,0,0,0,0,0,0,0,0,0,0,0,0,0,0,0,0,0,0,0,0,0,0,0,0,0,0,0,0,0,0,0,0,0,0,0,0,0,0,0,0,0,0,0,0,0,0,0,0,0,0,0,0,0,0,0,0,0,0,0,0,0,0,0,0,0,0,0,0,0,0,0,0,0,0,0,0,0,0,0,0,0,0,0,0,0,0,0,0,0,0,0,0,0,0,0,0,0,0,0,0,0,0,0,0,0]}},"read":"2021-01-11T22:06:30.47661029Z"}