################################################################################
# PkgEval set-up: 2021-01-11T17:36:35.495
#

Julia Version 1.5.3
Commit 599f52c4c6 (2020-12-18 13:33 UTC)
Platform Info:
  OS: Linux (x86_64-linux-gnu)
  CPU: AMD EPYC 7502 32-Core Processor
  WORD_SIZE: 64
  LIBM: libopenlibm
  LLVM: libLLVM-9.0.1 (ORCJIT, znver2)
Environment:
  JULIA_PKG_PRECOMPILE_AUTO = 0
  JULIA_PKGEVAL = true

Base.julia_cmd() = `/opt/julia/bin/julia -Cnative -J/opt/julia/lib/julia/sys.so -g1`


################################################################################
# Installation: 2021-01-11T17:36:37.318
#

 Installing known registries into `~/.julia`
##############                                                            19.5%######################################################################## 100.0%
      Added registry `General` to `~/.julia/registries/General`
  Resolving package versions...
  Installed TotalVariation ─────────────── v0.0.2
  Installed CompilerSupportLibraries_jll ─ v0.3.4+0
  Installed Zlib_jll ───────────────────── v1.2.11+18
  Installed Reexport ───────────────────── v1.0.0
  Installed MuladdMacro ────────────────── v0.2.2
  Installed Mocking ────────────────────── v0.7.1
  Installed MKL_jll ────────────────────── v2020.2.254+0
  Installed FFTW ───────────────────────── v1.3.1
  Installed TimeZones ──────────────────── v1.5.3
  Installed Polynomials ────────────────── v1.2.0
  Installed Libiconv_jll ───────────────── v1.16.0+7
  Installed EzXML ──────────────────────── v1.1.0
  Installed FFTW_jll ───────────────────── v3.3.9+7
  Installed XML2_jll ───────────────────── v2.9.10+3
  Installed IterTools ──────────────────── v1.3.0
  Installed IntelOpenMP_jll ────────────── v2018.0.3+0
  Installed RecipesBase ────────────────── v1.1.1
  Installed DSP ────────────────────────── v0.6.10
  Installed Intervals ──────────────────── v1.5.0
  Installed AbstractFFTs ───────────────── v1.0.0
  Installed JLLWrappers ────────────────── v1.2.0
  Installed Adapt ──────────────────────── v2.4.0
  Installed OffsetArrays ───────────────── v1.5.0
  Installed Artifacts ──────────────────── v1.3.0
  Installed OpenSpecFun_jll ────────────── v0.5.3+4
  Installed ExprTools ──────────────────── v0.1.3
  Installed SpecialFunctions ───────────── v1.2.1
  Installed ChainRulesCore ─────────────── v0.9.24
Updating `~/.julia/environments/v1.5/Project.toml`
  [00d00faa] + TotalVariation v0.0.2
Updating `~/.julia/environments/v1.5/Manifest.toml`
  [621f4979] + AbstractFFTs v1.0.0
  [79e6a3ab] + Adapt v2.4.0
  [56f22d72] + Artifacts v1.3.0
  [d360d2e6] + ChainRulesCore v0.9.24
  [e66e0078] + CompilerSupportLibraries_jll v0.3.4+0
  [717857b8] + DSP v0.6.10
  [e2ba6199] + ExprTools v0.1.3
  [8f5d6c58] + EzXML v1.1.0
  [7a1cc6ca] + FFTW v1.3.1
  [f5851436] + FFTW_jll v3.3.9+7
  [1d5cc7b8] + IntelOpenMP_jll v2018.0.3+0
  [d8418881] + Intervals v1.5.0
  [c8e1da08] + IterTools v1.3.0
  [692b3bcd] + JLLWrappers v1.2.0
  [94ce4f54] + Libiconv_jll v1.16.0+7
  [856f044c] + MKL_jll v2020.2.254+0
  [78c3b35d] + Mocking v0.7.1
  [46d2c3a1] + MuladdMacro v0.2.2
  [6fe1bfb0] + OffsetArrays v1.5.0
  [efe28fd5] + OpenSpecFun_jll v0.5.3+4
  [f27b6e38] + Polynomials v1.2.0
  [3cdcf5f2] + RecipesBase v1.1.1
  [189a3867] + Reexport v1.0.0
  [276daf66] + SpecialFunctions v1.2.1
  [f269a46b] + TimeZones v1.5.3
  [00d00faa] + TotalVariation v0.0.2
  [02c8fc9c] + XML2_jll v2.9.10+3
  [83775a58] + Zlib_jll v1.2.11+18
  [2a0f44e3] + Base64
  [ade2ca70] + Dates
  [8ba89e20] + Distributed
  [b77e0a4c] + InteractiveUtils
  [76f85450] + LibGit2
  [8f399da3] + Libdl
  [37e2e46d] + LinearAlgebra
  [56ddb016] + Logging
  [d6f4376e] + Markdown
  [44cfe95a] + Pkg
  [de0858da] + Printf
  [3fa0cd96] + REPL
  [9a3f8284] + Random
  [ea8e919c] + SHA
  [9e88b42a] + Serialization
  [6462fe0b] + Sockets
  [2f01184e] + SparseArrays
  [10745b16] + Statistics
  [8dfed614] + Test
  [cf7118a7] + UUIDs
  [4ec0a83e] + Unicode
   Building TimeZones → `~/.julia/packages/TimeZones/K98G0/deps/build.log`
   Building FFTW ─────→ `~/.julia/packages/FFTW/eADNB/deps/build.log`


################################################################################
# Testing: 2021-01-11T17:36:53.362
#

    Testing TotalVariation
Status `/tmp/jl_wXjPjR/Project.toml`
  [717857b8] DSP v0.6.10
  [00d00faa] TotalVariation v0.0.2
  [37e2e46d] LinearAlgebra
  [9a3f8284] Random
  [2f01184e] SparseArrays
  [10745b16] Statistics
  [8dfed614] Test
Status `/tmp/jl_wXjPjR/Manifest.toml`
  [621f4979] AbstractFFTs v1.0.0
  [79e6a3ab] Adapt v2.4.0
  [56f22d72] Artifacts v1.3.0
  [d360d2e6] ChainRulesCore v0.9.24
  [e66e0078] CompilerSupportLibraries_jll v0.3.4+0
  [717857b8] DSP v0.6.10
  [e2ba6199] ExprTools v0.1.3
  [8f5d6c58] EzXML v1.1.0
  [7a1cc6ca] FFTW v1.3.1
  [f5851436] FFTW_jll v3.3.9+7
  [1d5cc7b8] IntelOpenMP_jll v2018.0.3+0
  [d8418881] Intervals v1.5.0
  [c8e1da08] IterTools v1.3.0
  [692b3bcd] JLLWrappers v1.2.0
  [94ce4f54] Libiconv_jll v1.16.0+7
  [856f044c] MKL_jll v2020.2.254+0
  [78c3b35d] Mocking v0.7.1
  [46d2c3a1] MuladdMacro v0.2.2
  [6fe1bfb0] OffsetArrays v1.5.0
  [efe28fd5] OpenSpecFun_jll v0.5.3+4
  [f27b6e38] Polynomials v1.2.0
  [3cdcf5f2] RecipesBase v1.1.1
  [189a3867] Reexport v1.0.0
  [276daf66] SpecialFunctions v1.2.1
  [f269a46b] TimeZones v1.5.3
  [00d00faa] TotalVariation v0.0.2
  [02c8fc9c] XML2_jll v2.9.10+3
  [83775a58] Zlib_jll v1.2.11+18
  [2a0f44e3] Base64
  [ade2ca70] Dates
  [8ba89e20] Distributed
  [b77e0a4c] InteractiveUtils
  [76f85450] LibGit2
  [8f399da3] Libdl
  [37e2e46d] LinearAlgebra
  [56ddb016] Logging
  [d6f4376e] Markdown
  [44cfe95a] Pkg
  [de0858da] Printf
  [3fa0cd96] REPL
  [9a3f8284] Random
  [ea8e919c] SHA
  [9e88b42a] Serialization
  [6462fe0b] Sockets
  [2f01184e] SparseArrays
  [10745b16] Statistics
  [8dfed614] Test
  [cf7118a7] UUIDs
  [4ec0a83e] Unicode
Noise before = 1.0291800366298813
Noise after  = 0.061329052865420904
    Testing TotalVariation tests passed 

PkgEval succeeded


################################################################################
# PkgEval teardown: 2021-01-11T17:37:40.92
CPU usage: 65.35s (60.25s user, 5.18s kernel)

Network usage:
- eth0: 4.042 MiB received, 158.534 KiB sent

Raw statistics: {"blkio_stats":{"io_queue_recursive":[],"io_serviced_recursive":[{"major":259,"value":0,"op":"Read","minor":0},{"major":259,"value":32,"op":"Write","minor":0},{"major":259,"value":19,"op":"Sync","minor":0},{"major":259,"value":13,"op":"Async","minor":0},{"major":259,"value":0,"op":"Discard","minor":0},{"major":259,"value":32,"op":"Total","minor":0},{"major":253,"value":0,"op":"Read","minor":2},{"major":253,"value":32,"op":"Write","minor":2},{"major":253,"value":19,"op":"Sync","minor":2},{"major":253,"value":13,"op":"Async","minor":2},{"major":253,"value":0,"op":"Discard","minor":2},{"major":253,"value":32,"op":"Total","minor":2}],"io_time_recursive":[],"sectors_recursive":[],"io_service_bytes_recursive":[{"major":259,"value":0,"op":"Read","minor":0},{"major":259,"value":167936,"op":"Write","minor":0},{"major":259,"value":106496,"op":"Sync","minor":0},{"major":259,"value":61440,"op":"Async","minor":0},{"major":259,"value":0,"op":"Discard","minor":0},{"major":259,"value":167936,"op":"Total","minor":0},{"major":253,"value":0,"op":"Read","minor":2},{"major":253,"value":167936,"op":"Write","minor":2},{"major":253,"value":106496,"op":"Sync","minor":2},{"major":253,"value":61440,"op":"Async","minor":2},{"major":253,"value":0,"op":"Discard","minor":2},{"major":253,"value":167936,"op":"Total","minor":2}],"io_wait_time_recursive":[],"io_merged_recursive":[],"io_service_time_recursive":[]},"memory_stats":{"usage":361365504,"max_usage":1293987840,"stats":{"hierarchical_memory_limit":9223372036854771712,"pgmajfault":0,"total_rss":233537536,"inactive_file":135168,"inactive_anon":86777856,"total_pgfault":1915287,"total_cache":96448512,"total_rss_huge":0,"total_active_anon":243302400,"total_pgmajfault":0,"pgpgin":1177836,"rss_huge":0,"mapped_file":0,"total_inactive_file":135168,"dirty":270336,"total_unevictable":0,"total_dirty":270336,"writeback":0,"pgpgout":1097265,"hierarchical_memsw_limit":0,"cache":96448512,"active_file":135168,"pgfault":1915287,"total_mapped_file":0,"total_pgpgout":1097265,"total_writeback":0,"rss":233537536,"unevictable":0,"total_inactive_anon":86777856,"total_pgpgin":1177836,"active_anon":243302400,"total_active_file":135168},"limit":540965302272},"name":"/TotalVariation-qimSN9Zq","networks":{"eth0":{"rx_bytes":4238646,"rx_packets":1193,"tx_packets":1328,"tx_bytes":162339,"tx_dropped":0,"rx_dropped":2,"tx_errors":0,"rx_errors":0}},"id":"181037858bc5e12333fc7b9618645e88377ef78f6ff9d6d1ffb8a14e482719d3","preread":"0001-01-01T00:00:00Z","storage_stats":{},"precpu_stats":{"throttling_data":{"throttled_periods":0,"throttled_time":0,"periods":0},"cpu_usage":{"usage_in_usermode":0,"usage_in_kernelmode":0,"total_usage":0}},"pids_stats":{"current":40},"num_procs":0,"cpu_stats":{"throttling_data":{"throttled_periods":0,"throttled_time":0,"periods":0},"system_cpu_usage":4187939914522419,"online_cpus":128,"cpu_usage":{"usage_in_usermode":60250000000,"usage_in_kernelmode":5180000000,"total_usage":65353161566,"percpu_usage":[0,0,0,0,0,0,0,0,65353146156,0,3610,0,0,0,0,0,0,0,0,0,0,0,0,0,0,0,0,0,0,0,0,0,0,0,0,0,0,0,0,0,0,0,0,0,0,0,0,0,0,0,0,0,0,0,0,0,0,0,0,0,0,0,0,0,0,0,0,0,0,0,0,0,11800,0,0,0,0,0,0,0,0,0,0,0,0,0,0,0,0,0,0,0,0,0,0,0,0,0,0,0,0,0,0,0,0,0,0,0,0,0,0,0,0,0,0,0,0,0,0,0,0,0,0,0,0,0,0,0]}},"read":"2021-01-11T17:37:41.063811899Z"}