################################################################################
# PkgEval set-up: 2021-01-11T16:21:27.074
#

Julia Version 1.5.3
Commit 599f52c4c6 (2020-12-18 13:33 UTC)
Platform Info:
  OS: Linux (x86_64-linux-gnu)
  CPU: AMD EPYC 7502 32-Core Processor
  WORD_SIZE: 64
  LIBM: libopenlibm
  LLVM: libLLVM-9.0.1 (ORCJIT, znver2)
Environment:
  JULIA_PKG_PRECOMPILE_AUTO = 0
  JULIA_PKGEVAL = true

Base.julia_cmd() = `/opt/julia/bin/julia -Cnative -J/opt/julia/lib/julia/sys.so -g1`


################################################################################
# Installation: 2021-01-11T16:21:28.859
#

 Installing known registries into `~/.julia`
######################################                                    52.9%######################################################################## 100.0%
      Added registry `General` to `~/.julia/registries/General`
  Resolving package versions...
  Installed TrackingLoopFilters ─ v0.1.1
  Installed Unitful ───────────── v1.5.0
  Installed ConstructionBase ──── v1.0.0
  Installed DocStringExtensions ─ v0.8.3
Updating `~/.julia/environments/v1.5/Project.toml`
  [0814aff9] + TrackingLoopFilters v0.1.1
Updating `~/.julia/environments/v1.5/Manifest.toml`
  [187b0558] + ConstructionBase v1.0.0
  [ffbed154] + DocStringExtensions v0.8.3
  [0814aff9] + TrackingLoopFilters v0.1.1
  [1986cc42] + Unitful v1.5.0
  [2a0f44e3] + Base64
  [ade2ca70] + Dates
  [8ba89e20] + Distributed
  [b77e0a4c] + InteractiveUtils
  [76f85450] + LibGit2
  [8f399da3] + Libdl
  [37e2e46d] + LinearAlgebra
  [56ddb016] + Logging
  [d6f4376e] + Markdown
  [44cfe95a] + Pkg
  [de0858da] + Printf
  [3fa0cd96] + REPL
  [9a3f8284] + Random
  [ea8e919c] + SHA
  [9e88b42a] + Serialization
  [6462fe0b] + Sockets
  [8dfed614] + Test
  [cf7118a7] + UUIDs
  [4ec0a83e] + Unicode


################################################################################
# Testing: 2021-01-11T16:21:32.647
#

    Testing TrackingLoopFilters
Status `/tmp/jl_hM5iFQ/Project.toml`
  [ffbed154] DocStringExtensions v0.8.3
  [0814aff9] TrackingLoopFilters v0.1.1
  [1986cc42] Unitful v1.5.0
  [37e2e46d] LinearAlgebra
  [8dfed614] Test
Status `/tmp/jl_hM5iFQ/Manifest.toml`
  [187b0558] ConstructionBase v1.0.0
  [ffbed154] DocStringExtensions v0.8.3
  [0814aff9] TrackingLoopFilters v0.1.1
  [1986cc42] Unitful v1.5.0
  [2a0f44e3] Base64
  [ade2ca70] Dates
  [8ba89e20] Distributed
  [b77e0a4c] InteractiveUtils
  [76f85450] LibGit2
  [8f399da3] Libdl
  [37e2e46d] LinearAlgebra
  [56ddb016] Logging
  [d6f4376e] Markdown
  [44cfe95a] Pkg
  [de0858da] Printf
  [3fa0cd96] REPL
  [9a3f8284] Random
  [ea8e919c] SHA
  [9e88b42a] Serialization
  [6462fe0b] Sockets
  [8dfed614] Test
  [cf7118a7] UUIDs
  [4ec0a83e] Unicode
Test Summary:           | Pass  Total
First Order Loop Filter |    3      3
Test Summary:                   | Pass  Total
Second Order Boxcar Loop Filter |    3      3
Test Summary:                     | Pass  Total
Second Order Bilinear Loop Filter |    3      3
Test Summary:                  | Pass  Total
Third Order Boxcar Loop Filter |    3      3
Test Summary:                    | Pass  Total
Third Order Bilinear Loop Filter |    3      3
Test Summary: | Pass  Total
Filter        |    2      2
    Testing TrackingLoopFilters tests passed 

PkgEval succeeded


################################################################################
# PkgEval teardown: 2021-01-11T16:21:56.552
CPU usage: 29.53s (26.64s user, 2.92s kernel)

Network usage:
- eth0: 2.669 MiB received, 47.074 KiB sent

Raw statistics: {"blkio_stats":{"io_queue_recursive":[],"io_serviced_recursive":[{"major":259,"value":0,"op":"Read","minor":0},{"major":259,"value":24,"op":"Write","minor":0},{"major":259,"value":19,"op":"Sync","minor":0},{"major":259,"value":5,"op":"Async","minor":0},{"major":259,"value":0,"op":"Discard","minor":0},{"major":259,"value":24,"op":"Total","minor":0},{"major":253,"value":0,"op":"Read","minor":2},{"major":253,"value":24,"op":"Write","minor":2},{"major":253,"value":19,"op":"Sync","minor":2},{"major":253,"value":5,"op":"Async","minor":2},{"major":253,"value":0,"op":"Discard","minor":2},{"major":253,"value":24,"op":"Total","minor":2}],"io_time_recursive":[],"sectors_recursive":[],"io_service_bytes_recursive":[{"major":259,"value":0,"op":"Read","minor":0},{"major":259,"value":126976,"op":"Write","minor":0},{"major":259,"value":106496,"op":"Sync","minor":0},{"major":259,"value":20480,"op":"Async","minor":0},{"major":259,"value":0,"op":"Discard","minor":0},{"major":259,"value":126976,"op":"Total","minor":0},{"major":253,"value":0,"op":"Read","minor":2},{"major":253,"value":126976,"op":"Write","minor":2},{"major":253,"value":106496,"op":"Sync","minor":2},{"major":253,"value":20480,"op":"Async","minor":2},{"major":253,"value":0,"op":"Discard","minor":2},{"major":253,"value":126976,"op":"Total","minor":2}],"io_wait_time_recursive":[],"io_merged_recursive":[],"io_service_time_recursive":[]},"memory_stats":{"usage":325554176,"max_usage":849588224,"stats":{"hierarchical_memory_limit":9223372036854771712,"pgmajfault":0,"total_rss":213991424,"inactive_file":135168,"inactive_anon":79073280,"total_pgfault":599247,"total_cache":81715200,"total_rss_huge":0,"total_active_anon":216674304,"total_pgmajfault":0,"pgpgin":361416,"rss_huge":0,"mapped_file":0,"total_inactive_file":135168,"dirty":270336,"total_unevictable":0,"total_dirty":270336,"writeback":135168,"pgpgout":289224,"hierarchical_memsw_limit":0,"cache":81715200,"active_file":135168,"pgfault":599247,"total_mapped_file":0,"total_pgpgout":289224,"total_writeback":135168,"rss":213991424,"unevictable":0,"total_inactive_anon":79073280,"total_pgpgin":361416,"active_anon":216674304,"total_active_file":135168},"limit":540965302272},"name":"/TrackingLoopFilters-cRxET0BY","networks":{"eth0":{"rx_bytes":2798972,"rx_packets":461,"tx_packets":478,"tx_bytes":48204,"tx_dropped":0,"rx_dropped":1,"tx_errors":0,"rx_errors":0}},"id":"f870bcc4f18875be4f75b5b633fe2c050d3edaf9e318ac80e0b80a4d7c66f714","preread":"0001-01-01T00:00:00Z","storage_stats":{},"precpu_stats":{"throttling_data":{"throttled_periods":0,"throttled_time":0,"periods":0},"cpu_usage":{"usage_in_usermode":0,"usage_in_kernelmode":0,"total_usage":0}},"pids_stats":{"current":40},"num_procs":0,"cpu_stats":{"throttling_data":{"throttled_periods":0,"throttled_time":0,"periods":0},"system_cpu_usage":3607275604522419,"online_cpus":128,"cpu_usage":{"usage_in_usermode":26640000000,"usage_in_kernelmode":2920000000,"total_usage":29526574819,"percpu_usage":[0,314771,29526260048,0,0,0,0,0,0,0,0,0,0,0,0,0,0,0,0,0,0,0,0,0,0,0,0,0,0,0,0,0,0,0,0,0,0,0,0,0,0,0,0,0,0,0,0,0,0,0,0,0,0,0,0,0,0,0,0,0,0,0,0,0,0,0,0,0,0,0,0,0,0,0,0,0,0,0,0,0,0,0,0,0,0,0,0,0,0,0,0,0,0,0,0,0,0,0,0,0,0,0,0,0,0,0,0,0,0,0,0,0,0,0,0,0,0,0,0,0,0,0,0,0,0,0,0,0]}},"read":"2021-01-11T16:21:56.555744105Z"}