################################################################################
# PkgEval set-up: 2021-01-11T23:15:16.664
#

Julia Version 1.5.3
Commit 599f52c4c6 (2020-12-18 13:33 UTC)
Platform Info:
  OS: Linux (x86_64-linux-gnu)
  CPU: AMD EPYC 7502 32-Core Processor
  WORD_SIZE: 64
  LIBM: libopenlibm
  LLVM: libLLVM-9.0.1 (ORCJIT, znver2)
Environment:
  JULIA_PKG_PRECOMPILE_AUTO = 0
  JULIA_PKGEVAL = true

Base.julia_cmd() = `/opt/julia/bin/julia -Cnative -J/opt/julia/lib/julia/sys.so -g1`


################################################################################
# Installation: 2021-01-11T23:15:18.49
#

 Installing known registries into `~/.julia`
####################                                                      28.3%######################################################################## 100.0%
      Added registry `General` to `~/.julia/registries/General`
  Resolving package versions...
  Installed TravelingSalesmanHeuristics ─ v0.3.3
Updating `~/.julia/environments/v1.5/Project.toml`
  [8c8f4381] + TravelingSalesmanHeuristics v0.3.3
Updating `~/.julia/environments/v1.5/Manifest.toml`
  [8c8f4381] + TravelingSalesmanHeuristics v0.3.3
  [8f399da3] + Libdl
  [37e2e46d] + LinearAlgebra
  [9a3f8284] + Random
  [9e88b42a] + Serialization


################################################################################
# Testing: 2021-01-11T23:15:22.409
#

    Testing TravelingSalesmanHeuristics
Status `/tmp/jl_vDo3fR/Project.toml`
  [8c8f4381] TravelingSalesmanHeuristics v0.3.3
  [37e2e46d] LinearAlgebra
  [9a3f8284] Random
  [8dfed614] Test
Status `/tmp/jl_vDo3fR/Manifest.toml`
  [8c8f4381] TravelingSalesmanHeuristics v0.3.3
  [2a0f44e3] Base64
  [8ba89e20] Distributed
  [b77e0a4c] InteractiveUtils
  [8f399da3] Libdl
  [37e2e46d] LinearAlgebra
  [56ddb016] Logging
  [d6f4376e] Markdown
  [9a3f8284] Random
  [9e88b42a] Serialization
  [6462fe0b] Sockets
  [8dfed614] Test
Hello tester
┌ Warning: quality_factor keyword passed to solve_tsp must be in [0,100]
└ @ TravelingSalesmanHeuristics ~/.julia/packages/TravelingSalesmanHeuristics/thLsg/src/TravelingSalesmanHeuristics.jl:30
┌ Warning: quality_factor keyword passed to solve_tsp must be in [0,100]
└ @ TravelingSalesmanHeuristics ~/.julia/packages/TravelingSalesmanHeuristics/thLsg/src/TravelingSalesmanHeuristics.jl:30
Done testing.
    Testing TravelingSalesmanHeuristics tests passed 

PkgEval succeeded


################################################################################
# PkgEval teardown: 2021-01-11T23:15:31.024
CPU usage: 14.42s (12.09s user, 2.36s kernel)

Network usage:
- eth0: 3.059 MiB received, 31.900 KiB sent

Raw statistics: {"blkio_stats":{"io_queue_recursive":[],"io_serviced_recursive":[{"major":259,"value":0,"op":"Read","minor":0},{"major":259,"value":24,"op":"Write","minor":0},{"major":259,"value":19,"op":"Sync","minor":0},{"major":259,"value":5,"op":"Async","minor":0},{"major":259,"value":0,"op":"Discard","minor":0},{"major":259,"value":24,"op":"Total","minor":0},{"major":253,"value":0,"op":"Read","minor":2},{"major":253,"value":24,"op":"Write","minor":2},{"major":253,"value":19,"op":"Sync","minor":2},{"major":253,"value":5,"op":"Async","minor":2},{"major":253,"value":0,"op":"Discard","minor":2},{"major":253,"value":24,"op":"Total","minor":2}],"io_time_recursive":[],"sectors_recursive":[],"io_service_bytes_recursive":[{"major":259,"value":0,"op":"Read","minor":0},{"major":259,"value":126976,"op":"Write","minor":0},{"major":259,"value":106496,"op":"Sync","minor":0},{"major":259,"value":20480,"op":"Async","minor":0},{"major":259,"value":0,"op":"Discard","minor":0},{"major":259,"value":126976,"op":"Total","minor":0},{"major":253,"value":0,"op":"Read","minor":2},{"major":253,"value":126976,"op":"Write","minor":2},{"major":253,"value":106496,"op":"Sync","minor":2},{"major":253,"value":20480,"op":"Async","minor":2},{"major":253,"value":0,"op":"Discard","minor":2},{"major":253,"value":126976,"op":"Total","minor":2}],"io_wait_time_recursive":[],"io_merged_recursive":[],"io_service_time_recursive":[]},"memory_stats":{"usage":323207168,"max_usage":575102976,"stats":{"hierarchical_memory_limit":9223372036854771712,"pgmajfault":0,"total_rss":213872640,"inactive_file":135168,"inactive_anon":79343616,"total_pgfault":311982,"total_cache":80113664,"total_rss_huge":0,"total_active_anon":214646784,"total_pgmajfault":0,"pgpgin":208164,"rss_huge":0,"mapped_file":0,"total_inactive_file":135168,"dirty":135168,"total_unevictable":0,"total_dirty":135168,"writeback":0,"pgpgout":136405,"hierarchical_memsw_limit":0,"cache":80113664,"active_file":135168,"pgfault":311982,"total_mapped_file":0,"total_pgpgout":136405,"total_writeback":0,"rss":213872640,"unevictable":0,"total_inactive_anon":79343616,"total_pgpgin":208164,"active_anon":214646784,"total_active_file":135168},"limit":540965302272},"name":"/TravelingSalesmanHeuristics-iu0chvyc","networks":{"eth0":{"rx_bytes":3207877,"rx_packets":370,"tx_packets":352,"tx_bytes":32666,"tx_dropped":0,"rx_dropped":1,"tx_errors":0,"rx_errors":0}},"id":"1c7ebdd06a29d89ce2932891af46f1cc18899dcf57983cce1d4f64fed7dd05dc","preread":"0001-01-01T00:00:00Z","storage_stats":{},"precpu_stats":{"throttling_data":{"throttled_periods":0,"throttled_time":0,"periods":0},"cpu_usage":{"usage_in_usermode":0,"usage_in_kernelmode":0,"total_usage":0}},"pids_stats":{"current":40},"num_procs":0,"cpu_stats":{"throttling_data":{"throttled_periods":0,"throttled_time":0,"periods":0},"system_cpu_usage":6778130044522419,"online_cpus":128,"cpu_usage":{"usage_in_usermode":12090000000,"usage_in_kernelmode":2360000000,"total_usage":14423072903,"percpu_usage":[0,0,0,0,0,0,0,0,0,0,0,0,0,0,0,0,0,0,0,0,0,0,0,0,0,0,0,0,0,0,0,0,0,14423072903,0,0,0,0,0,0,0,0,0,0,0,0,0,0,0,0,0,0,0,0,0,0,0,0,0,0,0,0,0,0,0,0,0,0,0,0,0,0,0,0,0,0,0,0,0,0,0,0,0,0,0,0,0,0,0,0,0,0,0,0,0,0,0,0,0,0,0,0,0,0,0,0,0,0,0,0,0,0,0,0,0,0,0,0,0,0,0,0,0,0,0,0,0,0]}},"read":"2021-01-11T23:15:31.026414539Z"}