################################################################################
# PackageCompiler set-up: 2021-01-11T21:21:07.501
#

Julia Version 1.5.3
Commit 599f52c4c6 (2020-12-18 13:33 UTC)
Platform Info:
  OS: Linux (x86_64-linux-gnu)
  CPU: AMD EPYC 7502 32-Core Processor
  WORD_SIZE: 64
  LIBM: libopenlibm
  LLVM: libLLVM-9.0.1 (ORCJIT, znver2)
Environment:
  JULIA_PKGEVAL = true
  JULIA_PKG_PRECOMPILE_AUTO = 0



################################################################################
# Installation: 2021-01-11T21:21:09.154
#

 Installing known registries into `~/.julia`
###############################################                           66.1%######################################################################## 100.0%
      Added registry `General` to `~/.julia/registries/General`
  Resolving package versions...
  Installed BinDeps ───────── v1.0.2
  Installed URIParser ─────── v0.4.1
  Installed ProgressMeter ─── v1.4.1
  Installed TriangleMesh ──── v1.1.0
  Installed PackageCompiler ─ v1.2.5
Updating `~/.julia/environments/v1.5/Project.toml`
  [9b87118b] + PackageCompiler v1.2.5
  [e5719326] + TriangleMesh v1.1.0
Updating `~/.julia/environments/v1.5/Manifest.toml`
  [9e28174c] + BinDeps v1.0.2
  [9b87118b] + PackageCompiler v1.2.5
  [92933f4c] + ProgressMeter v1.4.1
  [e5719326] + TriangleMesh v1.1.0
  [30578b45] + URIParser v0.4.1
  [2a0f44e3] + Base64
  [ade2ca70] + Dates
  [8bb1440f] + DelimitedFiles
  [8ba89e20] + Distributed
  [b77e0a4c] + InteractiveUtils
  [76f85450] + LibGit2
  [8f399da3] + Libdl
  [37e2e46d] + LinearAlgebra
  [56ddb016] + Logging
  [d6f4376e] + Markdown
  [a63ad114] + Mmap
  [44cfe95a] + Pkg
  [de0858da] + Printf
  [3fa0cd96] + REPL
  [9a3f8284] + Random
  [ea8e919c] + SHA
  [9e88b42a] + Serialization
  [6462fe0b] + Sockets
  [8dfed614] + Test
  [cf7118a7] + UUIDs
  [4ec0a83e] + Unicode
   Building TriangleMesh → `~/.julia/packages/TriangleMesh/iWB6d/deps/build.log`


################################################################################
# Compiling: 2021-01-11T21:21:20.711
#

[ Info: PackageCompiler: creating system image object file, this might take a while...
Generated system image is 147.752 MiB, compilation took 165 seconds


################################################################################
# PkgEval set-up: 2021-01-11T21:24:13.791
#

Julia Version 1.5.3
Commit 599f52c4c6 (2020-12-18 13:33 UTC)
Platform Info:
  OS: Linux (x86_64-linux-gnu)
  CPU: AMD EPYC 7502 32-Core Processor
  WORD_SIZE: 64
  LIBM: libopenlibm
  LLVM: libLLVM-9.0.1 (ORCJIT, znver2)
Environment:
  JULIA_PKGEVAL = true
  JULIA_PKG_PRECOMPILE_AUTO = 0

Base.julia_cmd() = `/usr/local/julia/bin/julia -Cnative -J/cache/TriangleMesh-RokMXa5g.so -g1`


################################################################################
# Installation: 2021-01-11T21:24:15.592
#

 Installing known registries into `~/.julia`
######################################################################    97.6%######################################################################## 100.0%
      Added registry `General` to `~/.julia/registries/General`
  Resolving package versions...
  Installed BinDeps ─────── v1.0.2
  Installed TriangleMesh ── v1.1.0
  Installed URIParser ───── v0.4.1
  Installed ProgressMeter ─ v1.4.1
Updating `~/.julia/environments/v1.5/Project.toml`
  [e5719326] + TriangleMesh v1.1.0
Updating `~/.julia/environments/v1.5/Manifest.toml`
  [9e28174c] + BinDeps v1.0.2
  [92933f4c] + ProgressMeter v1.4.1
  [e5719326] + TriangleMesh v1.1.0
  [30578b45] + URIParser v0.4.1
  [2a0f44e3] + Base64
  [ade2ca70] + Dates
  [8bb1440f] + DelimitedFiles
  [8ba89e20] + Distributed
  [b77e0a4c] + InteractiveUtils
  [76f85450] + LibGit2
  [8f399da3] + Libdl
  [37e2e46d] + LinearAlgebra
  [56ddb016] + Logging
  [d6f4376e] + Markdown
  [a63ad114] + Mmap
  [44cfe95a] + Pkg
  [de0858da] + Printf
  [3fa0cd96] + REPL
  [9a3f8284] + Random
  [ea8e919c] + SHA
  [9e88b42a] + Serialization
  [6462fe0b] + Sockets
  [8dfed614] + Test
  [cf7118a7] + UUIDs
  [4ec0a83e] + Unicode
   Building TriangleMesh → `~/.julia/packages/TriangleMesh/iWB6d/deps/build.log`


################################################################################
# Testing: 2021-01-11T21:24:26.48
#

    Testing TriangleMesh
Status `/tmp/jl_VlduId/Project.toml`
  [9e28174c] BinDeps v1.0.2
  [92933f4c] ProgressMeter v1.4.1
  [e5719326] TriangleMesh v1.1.0
  [8bb1440f] DelimitedFiles
  [8f399da3] Libdl
  [37e2e46d] LinearAlgebra
  [8dfed614] Test
Status `/tmp/jl_VlduId/Manifest.toml`
  [9e28174c] BinDeps v1.0.2
  [92933f4c] ProgressMeter v1.4.1
  [e5719326] TriangleMesh v1.1.0
  [30578b45] URIParser v0.4.1
  [2a0f44e3] Base64
  [ade2ca70] Dates
  [8bb1440f] DelimitedFiles
  [8ba89e20] Distributed
  [b77e0a4c] InteractiveUtils
  [76f85450] LibGit2
  [8f399da3] Libdl
  [37e2e46d] LinearAlgebra
  [56ddb016] Logging
  [d6f4376e] Markdown
  [a63ad114] Mmap
  [44cfe95a] Pkg
  [de0858da] Printf
  [3fa0cd96] REPL
  [9a3f8284] Random
  [ea8e919c] SHA
  [9e88b42a] Serialization
  [6462fe0b] Sockets
  [8dfed614] Test
  [cf7118a7] UUIDs
  [4ec0a83e] Unicode
Test Summary:        | Pass  Total
Polygon constructors |   31     31
Mesh of unit simplex: Error During Test at /home/user/.julia/packages/TriangleMesh/iWB6d/test/Test_create_mesh.jl:3
  Got exception outside of a @test
  could not load library "/home/pkgeval/.julia/packages/TriangleMesh/iWB6d/src/../deps/usr/lib/libtesselate.so"
  /home/pkgeval/.julia/packages/TriangleMesh/iWB6d/src/../deps/usr/lib/libtesselate.so: cannot open shared object file: No such file or directory
  Stacktrace:
   [1] triangulate(::TriangleMesh.Mesh_ptr_C, ::TriangleMesh.Mesh_ptr_C, ::TriangleMesh.Mesh_ptr_C, ::String) at /home/pkgeval/.julia/packages/TriangleMesh/iWB6d/src/TriangleMesh_create_mesh.jl:14
   [2] create_mesh(::Polygon_pslg; info_str::String, verbose::Bool, check_triangulation::Bool, voronoi::Bool, delaunay::Bool, mesh_convex_hull::Bool, output_edges::Bool, output_cell_neighbors::Bool, quality_meshing::Bool, prevent_steiner_points_boundary::Bool, prevent_steiner_points::Bool, set_max_steiner_points::Bool, set_area_max::Bool, set_angle_min::Bool, add_switches::String) at /home/pkgeval/.julia/packages/TriangleMesh/iWB6d/src/TriangleMesh_create_mesh.jl:197
   [3] top-level scope at /home/user/.julia/packages/TriangleMesh/iWB6d/test/Test_create_mesh.jl:5
   [4] top-level scope at /workspace/srcdir/usr/share/julia/stdlib/v1.5/Test/src/Test.jl:1115
   [5] top-level scope at /home/user/.julia/packages/TriangleMesh/iWB6d/test/Test_create_mesh.jl:4
   [6] top-level scope at /workspace/srcdir/usr/share/julia/stdlib/v1.5/Test/src/Test.jl:1115
   [7] top-level scope at /home/user/.julia/packages/TriangleMesh/iWB6d/test/Test_create_mesh.jl:3
   [8] include(::String) at ./client.jl:457
   [9] top-level scope at /home/user/.julia/packages/TriangleMesh/iWB6d/test/runtests.jl:7
   [10] include(::String) at ./client.jl:457
   [11] top-level scope at none:6
   [12] eval(::Module, ::Any) at ./boot.jl:331
   [13] exec_options(::Base.JLOptions) at ./client.jl:272
   [14] _start() at ./client.jl:506
  
Mesh of unit square with hole: Error During Test at /home/user/.julia/packages/TriangleMesh/iWB6d/test/Test_create_mesh.jl:26
  Got exception outside of a @test
  could not load library "/home/pkgeval/.julia/packages/TriangleMesh/iWB6d/src/../deps/usr/lib/libtesselate.so"
  /home/pkgeval/.julia/packages/TriangleMesh/iWB6d/src/../deps/usr/lib/libtesselate.so: cannot open shared object file: No such file or directory
  Stacktrace:
   [1] triangulate(::TriangleMesh.Mesh_ptr_C, ::TriangleMesh.Mesh_ptr_C, ::TriangleMesh.Mesh_ptr_C, ::String) at /home/pkgeval/.julia/packages/TriangleMesh/iWB6d/src/TriangleMesh_create_mesh.jl:14
   [2] create_mesh(::Polygon_pslg; info_str::String, verbose::Bool, check_triangulation::Bool, voronoi::Bool, delaunay::Bool, mesh_convex_hull::Bool, output_edges::Bool, output_cell_neighbors::Bool, quality_meshing::Bool, prevent_steiner_points_boundary::Bool, prevent_steiner_points::Bool, set_max_steiner_points::Bool, set_area_max::Bool, set_angle_min::Bool, add_switches::String) at /home/pkgeval/.julia/packages/TriangleMesh/iWB6d/src/TriangleMesh_create_mesh.jl:197
   [3] top-level scope at /home/user/.julia/packages/TriangleMesh/iWB6d/test/Test_create_mesh.jl:28
   [4] top-level scope at /workspace/srcdir/usr/share/julia/stdlib/v1.5/Test/src/Test.jl:1115
   [5] top-level scope at /home/user/.julia/packages/TriangleMesh/iWB6d/test/Test_create_mesh.jl:27
   [6] top-level scope at /workspace/srcdir/usr/share/julia/stdlib/v1.5/Test/src/Test.jl:1115
   [7] top-level scope at /home/user/.julia/packages/TriangleMesh/iWB6d/test/Test_create_mesh.jl:3
   [8] include(::String) at ./client.jl:457
   [9] top-level scope at /home/user/.julia/packages/TriangleMesh/iWB6d/test/runtests.jl:7
   [10] include(::String) at ./client.jl:457
   [11] top-level scope at none:6
   [12] eval(::Module, ::Any) at ./boot.jl:331
   [13] exec_options(::Base.JLOptions) at ./client.jl:272
   [14] _start() at ./client.jl:506
  
Mesh of unit square with hole (manual switch passing): Error During Test at /home/user/.julia/packages/TriangleMesh/iWB6d/test/Test_create_mesh.jl:51
  Got exception outside of a @test
  could not load library "/home/pkgeval/.julia/packages/TriangleMesh/iWB6d/src/../deps/usr/lib/libtesselate.so"
  /home/pkgeval/.julia/packages/TriangleMesh/iWB6d/src/../deps/usr/lib/libtesselate.so: cannot open shared object file: No such file or directory
  Stacktrace:
   [1] triangulate(::TriangleMesh.Mesh_ptr_C, ::TriangleMesh.Mesh_ptr_C, ::TriangleMesh.Mesh_ptr_C, ::String) at /home/pkgeval/.julia/packages/TriangleMesh/iWB6d/src/TriangleMesh_create_mesh.jl:14
   [2] #create_mesh#11 at /home/pkgeval/.julia/packages/TriangleMesh/iWB6d/src/TriangleMesh_create_mesh.jl:224 [inlined]
   [3] top-level scope at /home/user/.julia/packages/TriangleMesh/iWB6d/test/Test_create_mesh.jl:55
   [4] top-level scope at /workspace/srcdir/usr/share/julia/stdlib/v1.5/Test/src/Test.jl:1115
   [5] top-level scope at /home/user/.julia/packages/TriangleMesh/iWB6d/test/Test_create_mesh.jl:52
   [6] top-level scope at /workspace/srcdir/usr/share/julia/stdlib/v1.5/Test/src/Test.jl:1115
   [7] top-level scope at /home/user/.julia/packages/TriangleMesh/iWB6d/test/Test_create_mesh.jl:3
   [8] include(::String) at ./client.jl:457
   [9] top-level scope at /home/user/.julia/packages/TriangleMesh/iWB6d/test/runtests.jl:7
   [10] include(::String) at ./client.jl:457
   [11] top-level scope at none:6
   [12] eval(::Module, ::Any) at ./boot.jl:331
   [13] exec_options(::Base.JLOptions) at ./client.jl:272
   [14] _start() at ./client.jl:506
  
[ Info: Number of point markers > 1. Only 0 or 1 admissible. Set to 1.
Mesh of point cloud: Error During Test at /home/user/.julia/packages/TriangleMesh/iWB6d/test/Test_create_mesh.jl:65
  Got exception outside of a @test
  could not load library "/home/pkgeval/.julia/packages/TriangleMesh/iWB6d/src/../deps/usr/lib/libtesselate.so"
  /home/pkgeval/.julia/packages/TriangleMesh/iWB6d/src/../deps/usr/lib/libtesselate.so: cannot open shared object file: No such file or directory
  Stacktrace:
   [1] triangulate(::TriangleMesh.Mesh_ptr_C, ::TriangleMesh.Mesh_ptr_C, ::TriangleMesh.Mesh_ptr_C, ::String) at /home/pkgeval/.julia/packages/TriangleMesh/iWB6d/src/TriangleMesh_create_mesh.jl:14
   [2] #create_mesh#11 at /home/pkgeval/.julia/packages/TriangleMesh/iWB6d/src/TriangleMesh_create_mesh.jl:224 [inlined]
   [3] create_mesh(::Array{Float64,2}; point_marker::Array{Int64,2}, point_attribute::Array{Float64,2}, info_str::String, verbose::Bool, check_triangulation::Bool, voronoi::Bool, delaunay::Bool, output_edges::Bool, output_cell_neighbors::Bool, quality_meshing::Bool, prevent_steiner_points_boundary::Bool, prevent_steiner_points::Bool, set_max_steiner_points::Bool, set_area_max::Bool, set_angle_min::Bool, add_switches::String) at /home/pkgeval/.julia/packages/TriangleMesh/iWB6d/src/TriangleMesh_create_mesh.jl:398
   [4] top-level scope at /home/user/.julia/packages/TriangleMesh/iWB6d/test/Test_create_mesh.jl:72
   [5] top-level scope at /workspace/srcdir/usr/share/julia/stdlib/v1.5/Test/src/Test.jl:1115
   [6] top-level scope at /home/user/.julia/packages/TriangleMesh/iWB6d/test/Test_create_mesh.jl:67
   [7] top-level scope at /workspace/srcdir/usr/share/julia/stdlib/v1.5/Test/src/Test.jl:1115
   [8] top-level scope at /home/user/.julia/packages/TriangleMesh/iWB6d/test/Test_create_mesh.jl:3
   [9] include(::String) at ./client.jl:457
   [10] top-level scope at /home/user/.julia/packages/TriangleMesh/iWB6d/test/runtests.jl:7
   [11] include(::String) at ./client.jl:457
   [12] top-level scope at none:6
   [13] eval(::Module, ::Any) at ./boot.jl:331
   [14] exec_options(::Base.JLOptions) at ./client.jl:272
   [15] _start() at ./client.jl:506
  
Mesh of unit square with hole (manual switch passing): Error During Test at /home/user/.julia/packages/TriangleMesh/iWB6d/test/Test_create_mesh.jl:96
  Got exception outside of a @test
  could not load library "/home/pkgeval/.julia/packages/TriangleMesh/iWB6d/src/../deps/usr/lib/libtesselate.so"
  /home/pkgeval/.julia/packages/TriangleMesh/iWB6d/src/../deps/usr/lib/libtesselate.so: cannot open shared object file: No such file or directory
  Stacktrace:
   [1] triangulate(::TriangleMesh.Mesh_ptr_C, ::TriangleMesh.Mesh_ptr_C, ::TriangleMesh.Mesh_ptr_C, ::String) at /home/pkgeval/.julia/packages/TriangleMesh/iWB6d/src/TriangleMesh_create_mesh.jl:14
   [2] #create_mesh#11 at /home/pkgeval/.julia/packages/TriangleMesh/iWB6d/src/TriangleMesh_create_mesh.jl:224 [inlined]
   [3] top-level scope at /home/user/.julia/packages/TriangleMesh/iWB6d/test/Test_create_mesh.jl:100
   [4] top-level scope at /workspace/srcdir/usr/share/julia/stdlib/v1.5/Test/src/Test.jl:1115
   [5] top-level scope at /home/user/.julia/packages/TriangleMesh/iWB6d/test/Test_create_mesh.jl:97
   [6] top-level scope at /workspace/srcdir/usr/share/julia/stdlib/v1.5/Test/src/Test.jl:1115
   [7] top-level scope at /home/user/.julia/packages/TriangleMesh/iWB6d/test/Test_create_mesh.jl:3
   [8] include(::String) at ./client.jl:457
   [9] top-level scope at /home/user/.julia/packages/TriangleMesh/iWB6d/test/runtests.jl:7
   [10] include(::String) at ./client.jl:457
   [11] top-level scope at none:6
   [12] eval(::Module, ::Any) at ./boot.jl:331
   [13] exec_options(::Base.JLOptions) at ./client.jl:272
   [14] _start() at ./client.jl:506
  
[ Info: Number of point markers > 1. Only 0 or 1 admissible. Set to 1.
Mesh of point cloud (manual switch passing): Error During Test at /home/user/.julia/packages/TriangleMesh/iWB6d/test/Test_create_mesh.jl:110
  Got exception outside of a @test
  could not load library "/home/pkgeval/.julia/packages/TriangleMesh/iWB6d/src/../deps/usr/lib/libtesselate.so"
  /home/pkgeval/.julia/packages/TriangleMesh/iWB6d/src/../deps/usr/lib/libtesselate.so: cannot open shared object file: No such file or directory
  Stacktrace:
   [1] triangulate(::TriangleMesh.Mesh_ptr_C, ::TriangleMesh.Mesh_ptr_C, ::TriangleMesh.Mesh_ptr_C, ::String) at /home/pkgeval/.julia/packages/TriangleMesh/iWB6d/src/TriangleMesh_create_mesh.jl:14
   [2] #create_mesh#11 at /home/pkgeval/.julia/packages/TriangleMesh/iWB6d/src/TriangleMesh_create_mesh.jl:224 [inlined]
   [3] create_mesh(::Array{Float64,2}, ::String; point_marker::Array{Int64,2}, point_attribute::Array{Float64,2}, info_str::String) at /home/pkgeval/.julia/packages/TriangleMesh/iWB6d/src/TriangleMesh_create_mesh.jl:434
   [4] top-level scope at /home/user/.julia/packages/TriangleMesh/iWB6d/test/Test_create_mesh.jl:119
   [5] top-level scope at /workspace/srcdir/usr/share/julia/stdlib/v1.5/Test/src/Test.jl:1115
   [6] top-level scope at /home/user/.julia/packages/TriangleMesh/iWB6d/test/Test_create_mesh.jl:112
   [7] top-level scope at /workspace/srcdir/usr/share/julia/stdlib/v1.5/Test/src/Test.jl:1115
   [8] top-level scope at /home/user/.julia/packages/TriangleMesh/iWB6d/test/Test_create_mesh.jl:3
   [9] include(::String) at ./client.jl:457
   [10] top-level scope at /home/user/.julia/packages/TriangleMesh/iWB6d/test/runtests.jl:7
   [11] include(::String) at ./client.jl:457
   [12] top-level scope at none:6
   [13] eval(::Module, ::Any) at ./boot.jl:331
   [14] exec_options(::Base.JLOptions) at ./client.jl:272
   [15] _start() at ./client.jl:506
  
Test Summary:                                           | Error  Total
Create mesh                                             |     6      6
  Mesh of unit simplex                                  |     1      1
  Mesh of unit square with hole                         |     1      1
  Mesh of unit square with hole (manual switch passing) |     1      1
  Mesh of point cloud                                   |     1      1
  Mesh of unit square with hole (manual switch passing) |     1      1
  Mesh of point cloud (manual switch passing)           |     1      1
ERROR: LoadError: LoadError: Some tests did not pass: 0 passed, 0 failed, 6 errored, 0 broken.
in expression starting at /home/user/.julia/packages/TriangleMesh/iWB6d/test/Test_create_mesh.jl:1
in expression starting at /home/user/.julia/packages/TriangleMesh/iWB6d/test/runtests.jl:7

PkgEval failed: Package TriangleMesh errored during testing
Stacktrace:
 [1] pkgerror(::String) at /workspace/srcdir/usr/share/julia/stdlib/v1.5/Pkg/src/Types.jl:52
 [2] test(::Pkg.Types.Context, ::Array{Pkg.Types.PackageSpec,1}; coverage::Bool, julia_args::Cmd, test_args::Cmd, test_fn::Nothing) at /workspace/srcdir/usr/share/julia/stdlib/v1.5/Pkg/src/Operations.jl:1578
 [3] test(::Pkg.Types.Context, ::Array{Pkg.Types.PackageSpec,1}; coverage::Bool, test_fn::Nothing, julia_args::Cmd, test_args::Cmd, kwargs::Base.Iterators.Pairs{Union{},Union{},Tuple{},NamedTuple{(),Tuple{}}}) at /workspace/srcdir/usr/share/julia/stdlib/v1.5/Pkg/src/API.jl:327
 [4] test(::Pkg.Types.Context, ::Array{Pkg.Types.PackageSpec,1}) at /workspace/srcdir/usr/share/julia/stdlib/v1.5/Pkg/src/API.jl:314
 [5] #test#61 at /workspace/srcdir/usr/share/julia/stdlib/v1.5/Pkg/src/API.jl:67 [inlined]
 [6] test at /workspace/srcdir/usr/share/julia/stdlib/v1.5/Pkg/src/API.jl:67 [inlined]
 [7] #test#60 at /workspace/srcdir/usr/share/julia/stdlib/v1.5/Pkg/src/API.jl:66 [inlined]
 [8] test at /workspace/srcdir/usr/share/julia/stdlib/v1.5/Pkg/src/API.jl:66 [inlined]
 [9] test(::String; kwargs::Base.Iterators.Pairs{Union{},Union{},Tuple{},NamedTuple{(),Tuple{}}}) at /workspace/srcdir/usr/share/julia/stdlib/v1.5/Pkg/src/API.jl:65
 [10] test(::String) at /workspace/srcdir/usr/share/julia/stdlib/v1.5/Pkg/src/API.jl:65
 [11] top-level scope at none:22
 [12] eval at ./boot.jl:331 [inlined]
 [13] eval(::Expr) at ./client.jl:467
 [14] top-level scope at none:1
 [15] eval(::Module, ::Any) at ./boot.jl:331
 [16] exec_options(::Base.JLOptions) at ./client.jl:272
 [17] _start() at ./client.jl:506


################################################################################
# PkgEval teardown: 2021-01-11T21:24:36.616
CPU usage: 22.95s (19.90s user, 3.08s kernel)

Network usage:
- eth0: 2.842 MiB received, 46.793 KiB sent

Raw statistics: {"blkio_stats":{"io_queue_recursive":[],"io_serviced_recursive":[{"major":259,"value":0,"op":"Read","minor":0},{"major":259,"value":29,"op":"Write","minor":0},{"major":259,"value":14,"op":"Sync","minor":0},{"major":259,"value":15,"op":"Async","minor":0},{"major":259,"value":0,"op":"Discard","minor":0},{"major":259,"value":29,"op":"Total","minor":0},{"major":253,"value":0,"op":"Read","minor":2},{"major":253,"value":25,"op":"Write","minor":2},{"major":253,"value":14,"op":"Sync","minor":2},{"major":253,"value":11,"op":"Async","minor":2},{"major":253,"value":0,"op":"Discard","minor":2},{"major":253,"value":25,"op":"Total","minor":2}],"io_time_recursive":[],"sectors_recursive":[],"io_service_bytes_recursive":[{"major":259,"value":0,"op":"Read","minor":0},{"major":259,"value":647168,"op":"Write","minor":0},{"major":259,"value":57344,"op":"Sync","minor":0},{"major":259,"value":589824,"op":"Async","minor":0},{"major":259,"value":0,"op":"Discard","minor":0},{"major":259,"value":647168,"op":"Total","minor":0},{"major":253,"value":0,"op":"Read","minor":2},{"major":253,"value":647168,"op":"Write","minor":2},{"major":253,"value":57344,"op":"Sync","minor":2},{"major":253,"value":589824,"op":"Async","minor":2},{"major":253,"value":0,"op":"Discard","minor":2},{"major":253,"value":647168,"op":"Total","minor":2}],"io_wait_time_recursive":[],"io_merged_recursive":[],"io_service_time_recursive":[]},"memory_stats":{"usage":337387520,"max_usage":739082240,"stats":{"hierarchical_memory_limit":9223372036854771712,"pgmajfault":0,"total_rss":226263040,"inactive_file":135168,"inactive_anon":79343616,"total_pgfault":493746,"total_cache":81432576,"total_rss_huge":0,"total_active_anon":228298752,"total_pgmajfault":0,"pgpgin":322245,"rss_huge":0,"mapped_file":0,"total_inactive_file":135168,"dirty":270336,"total_unevictable":0,"total_dirty":270336,"writeback":135168,"pgpgout":247107,"hierarchical_memsw_limit":0,"cache":81432576,"active_file":135168,"pgfault":493746,"total_mapped_file":0,"total_pgpgout":247107,"total_writeback":135168,"rss":226263040,"unevictable":0,"total_inactive_anon":79343616,"total_pgpgin":322245,"active_anon":228298752,"total_active_file":135168},"limit":540965302272},"name":"/TriangleMesh-gW5xyQWq","networks":{"eth0":{"rx_bytes":2980529,"rx_packets":461,"tx_packets":474,"tx_bytes":47916,"tx_dropped":0,"rx_dropped":1,"tx_errors":0,"rx_errors":0}},"id":"53a36bf08ea4831ce76eeb8729d5173495e1bd7544444441650cc99b5475357f","preread":"0001-01-01T00:00:00Z","storage_stats":{},"precpu_stats":{"throttling_data":{"throttled_periods":0,"throttled_time":0,"periods":0},"cpu_usage":{"usage_in_usermode":0,"usage_in_kernelmode":0,"total_usage":0}},"pids_stats":{"current":44},"num_procs":0,"cpu_stats":{"throttling_data":{"throttled_periods":0,"throttled_time":0,"periods":0},"system_cpu_usage":5927879344522419,"online_cpus":128,"cpu_usage":{"usage_in_usermode":19900000000,"usage_in_kernelmode":3080000000,"total_usage":22947115896,"percpu_usage":[0,0,0,0,0,0,0,0,0,0,0,0,0,0,0,0,0,0,0,22947115896,0,0,0,0,0,0,0,0,0,0,0,0,0,0,0,0,0,0,0,0,0,0,0,0,0,0,0,0,0,0,0,0,0,0,0,0,0,0,0,0,0,0,0,0,0,0,0,0,0,0,0,0,0,0,0,0,0,0,0,0,0,0,0,0,0,0,0,0,0,0,0,0,0,0,0,0,0,0,0,0,0,0,0,0,0,0,0,0,0,0,0,0,0,0,0,0,0,0,0,0,0,0,0,0,0,0,0,0]}},"read":"2021-01-11T21:24:36.619086201Z"}