################################################################################
# PkgEval set-up: 2021-01-11T15:37:11.93
#

Julia Version 1.5.3
Commit 599f52c4c6 (2020-12-18 13:33 UTC)
Platform Info:
  OS: Linux (x86_64-linux-gnu)
  CPU: AMD EPYC 7502 32-Core Processor
  WORD_SIZE: 64
  LIBM: libopenlibm
  LLVM: libLLVM-9.0.1 (ORCJIT, znver2)
Environment:
  JULIA_PKG_PRECOMPILE_AUTO = 0
  JULIA_PKGEVAL = true

Base.julia_cmd() = `/opt/julia/bin/julia -Cnative -J/opt/julia/lib/julia/sys.so -g1`


################################################################################
# Installation: 2021-01-11T15:37:13.769
#

 Installing known registries into `~/.julia`
######################################################################## 100.0%
      Added registry `General` to `~/.julia/registries/General`
  Resolving package versions...
  Installed DataAPI ───────────────────── v1.4.0
  Installed TypedTables ───────────────── v1.2.0
  Installed IteratorInterfaceExtensions ─ v1.0.0
  Installed DataValueInterfaces ───────── v1.0.0
  Installed SplitApplyCombine ─────────── v1.1.3
  Installed Dictionaries ──────────────── v0.3.6
  Installed TableTraits ───────────────── v1.0.0
  Installed Indexing ──────────────────── v1.1.0
  Installed Tables ────────────────────── v1.2.2
Updating `~/.julia/environments/v1.5/Project.toml`
  [9d95f2ec] + TypedTables v1.2.0
Updating `~/.julia/environments/v1.5/Manifest.toml`
  [9a962f9c] + DataAPI v1.4.0
  [e2d170a0] + DataValueInterfaces v1.0.0
  [85a47980] + Dictionaries v0.3.6
  [313cdc1a] + Indexing v1.1.0
  [82899510] + IteratorInterfaceExtensions v1.0.0
  [03a91e81] + SplitApplyCombine v1.1.3
  [3783bdb8] + TableTraits v1.0.0
  [bd369af6] + Tables v1.2.2
  [9d95f2ec] + TypedTables v1.2.0
  [2a0f44e3] + Base64
  [8ba89e20] + Distributed
  [b77e0a4c] + InteractiveUtils
  [8f399da3] + Libdl
  [37e2e46d] + LinearAlgebra
  [56ddb016] + Logging
  [d6f4376e] + Markdown
  [9a3f8284] + Random
  [9e88b42a] + Serialization
  [6462fe0b] + Sockets
  [8dfed614] + Test
  [4ec0a83e] + Unicode


################################################################################
# Testing: 2021-01-11T15:37:18.218
#

    Testing TypedTables
Status `/tmp/jl_3SKqoU/Project.toml`
  [03a91e81] SplitApplyCombine v1.1.3
  [bd369af6] Tables v1.2.2
  [9d95f2ec] TypedTables v1.2.0
  [8dfed614] Test
  [4ec0a83e] Unicode
Status `/tmp/jl_3SKqoU/Manifest.toml`
  [9a962f9c] DataAPI v1.4.0
  [e2d170a0] DataValueInterfaces v1.0.0
  [85a47980] Dictionaries v0.3.6
  [313cdc1a] Indexing v1.1.0
  [82899510] IteratorInterfaceExtensions v1.0.0
  [03a91e81] SplitApplyCombine v1.1.3
  [3783bdb8] TableTraits v1.0.0
  [bd369af6] Tables v1.2.2
  [9d95f2ec] TypedTables v1.2.0
  [2a0f44e3] Base64
  [8ba89e20] Distributed
  [b77e0a4c] InteractiveUtils
  [8f399da3] Libdl
  [37e2e46d] LinearAlgebra
  [56ddb016] Logging
  [d6f4376e] Markdown
  [9a3f8284] Random
  [9e88b42a] Serialization
  [6462fe0b] Sockets
  [8dfed614] Test
  [4ec0a83e] Unicode
Test Summary:      | Pass  Total
Property interface |   11     11
group: Test Failed at /home/pkgeval/.julia/packages/TypedTables/ZF2b3/test/Table.jl:194
  Expression: typeof(out) <: Dict{Int, <:Table}
Stacktrace:
 [1] top-level scope at /home/pkgeval/.julia/packages/TypedTables/ZF2b3/test/Table.jl:194
 [2] top-level scope at /workspace/srcdir/usr/share/julia/stdlib/v1.5/Test/src/Test.jl:1115
 [3] top-level scope at /home/pkgeval/.julia/packages/TypedTables/ZF2b3/test/Table.jl:192
 [4] top-level scope at /workspace/srcdir/usr/share/julia/stdlib/v1.5/Test/src/Test.jl:1115
 [5] top-level scope at /home/pkgeval/.julia/packages/TypedTables/ZF2b3/test/Table.jl:2
group: Test Failed at /home/pkgeval/.julia/packages/TypedTables/ZF2b3/test/Table.jl:195
  Expression: out == Dict(1 => Table(a = [1, 1], b = [2.0, 6.0]), 2 => Table(a = [2], b = [4.0]))
   Evaluated: {1 │ NamedTuple{(:a, :b),Tuple{Int64,Float64}}[(a = 1, b = 2.0), (a = 1, b = 6.0)], 2 │ NamedTuple{(:a, :b),Tuple{Int64,Float64}}[(a = 2, b = 4.0)]} == Dict{Int64,Table{NamedTuple{(:a, :b),Tuple{Int64,Float64}},1,NamedTuple{(:a, :b),Tuple{Array{Int64,1},Array{Float64,1}}}}}(2 => Table with 2 columns and 1 row:
     a  b
   ┌───────
 1 │ 2  4.0,1 => Table with 2 columns and 2 rows:
     a  b
   ┌───────
 1 │ 1  2.0
 2 │ 1  6.0)
Stacktrace:
 [1] top-level scope at /home/pkgeval/.julia/packages/TypedTables/ZF2b3/test/Table.jl:195
 [2] top-level scope at /workspace/srcdir/usr/share/julia/stdlib/v1.5/Test/src/Test.jl:1115
 [3] top-level scope at /home/pkgeval/.julia/packages/TypedTables/ZF2b3/test/Table.jl:192
 [4] top-level scope at /workspace/srcdir/usr/share/julia/stdlib/v1.5/Test/src/Test.jl:1115
 [5] top-level scope at /home/pkgeval/.julia/packages/TypedTables/ZF2b3/test/Table.jl:2
Test Summary:                    | Pass  Fail  Total
Table                            |  112     2    114
  Merging Tables                 |    3            3
  GetProperty on Tables          |   10           10
  @Select and @Compute on Tables |   12           12
  missing in Tables              |    5            5
  Tables.jl                      |    7            7
  group                          |          2      2
  innerjoin                      |    4            4
ERROR: LoadError: LoadError: Some tests did not pass: 112 passed, 2 failed, 0 errored, 0 broken.
in expression starting at /home/pkgeval/.julia/packages/TypedTables/ZF2b3/test/Table.jl:1
in expression starting at /home/pkgeval/.julia/packages/TypedTables/ZF2b3/test/runtests.jl:7

PkgEval failed: Package TypedTables errored during testing
Stacktrace:
 [1] pkgerror(::String) at /workspace/srcdir/usr/share/julia/stdlib/v1.5/Pkg/src/Types.jl:52
 [2] test(::Pkg.Types.Context, ::Array{Pkg.Types.PackageSpec,1}; coverage::Bool, julia_args::Cmd, test_args::Cmd, test_fn::Nothing) at /workspace/srcdir/usr/share/julia/stdlib/v1.5/Pkg/src/Operations.jl:1578
 [3] test(::Pkg.Types.Context, ::Array{Pkg.Types.PackageSpec,1}; coverage::Bool, test_fn::Nothing, julia_args::Cmd, test_args::Cmd, kwargs::Base.Iterators.Pairs{Union{},Union{},Tuple{},NamedTuple{(),Tuple{}}}) at /workspace/srcdir/usr/share/julia/stdlib/v1.5/Pkg/src/API.jl:327
 [4] test(::Pkg.Types.Context, ::Array{Pkg.Types.PackageSpec,1}) at /workspace/srcdir/usr/share/julia/stdlib/v1.5/Pkg/src/API.jl:314
 [5] #test#61 at /workspace/srcdir/usr/share/julia/stdlib/v1.5/Pkg/src/API.jl:67 [inlined]
 [6] test at /workspace/srcdir/usr/share/julia/stdlib/v1.5/Pkg/src/API.jl:67 [inlined]
 [7] #test#60 at /workspace/srcdir/usr/share/julia/stdlib/v1.5/Pkg/src/API.jl:66 [inlined]
 [8] test at /workspace/srcdir/usr/share/julia/stdlib/v1.5/Pkg/src/API.jl:66 [inlined]
 [9] test(::String; kwargs::Base.Iterators.Pairs{Union{},Union{},Tuple{},NamedTuple{(),Tuple{}}}) at /workspace/srcdir/usr/share/julia/stdlib/v1.5/Pkg/src/API.jl:65
 [10] test(::String) at /workspace/srcdir/usr/share/julia/stdlib/v1.5/Pkg/src/API.jl:65
 [11] top-level scope at none:22
 [12] eval at ./boot.jl:331 [inlined]
 [13] eval(::Expr) at ./client.jl:467
 [14] top-level scope at none:1
 [15] eval(::Module, ::Any) at ./boot.jl:331
 [16] exec_options(::Base.JLOptions) at ./client.jl:272
 [17] _start() at ./client.jl:506


################################################################################
# PkgEval teardown: 2021-01-11T15:37:46.754
CPU usage: 34.91s (31.30s user, 3.69s kernel)

Network usage:
- eth0: 2.750 MiB received, 66.533 KiB sent

Raw statistics: {"blkio_stats":{"io_queue_recursive":[],"io_serviced_recursive":[{"major":259,"value":0,"op":"Read","minor":0},{"major":259,"value":24,"op":"Write","minor":0},{"major":259,"value":19,"op":"Sync","minor":0},{"major":259,"value":5,"op":"Async","minor":0},{"major":259,"value":0,"op":"Discard","minor":0},{"major":259,"value":24,"op":"Total","minor":0},{"major":253,"value":0,"op":"Read","minor":2},{"major":253,"value":24,"op":"Write","minor":2},{"major":253,"value":19,"op":"Sync","minor":2},{"major":253,"value":5,"op":"Async","minor":2},{"major":253,"value":0,"op":"Discard","minor":2},{"major":253,"value":24,"op":"Total","minor":2}],"io_time_recursive":[],"sectors_recursive":[],"io_service_bytes_recursive":[{"major":259,"value":0,"op":"Read","minor":0},{"major":259,"value":126976,"op":"Write","minor":0},{"major":259,"value":106496,"op":"Sync","minor":0},{"major":259,"value":20480,"op":"Async","minor":0},{"major":259,"value":0,"op":"Discard","minor":0},{"major":259,"value":126976,"op":"Total","minor":0},{"major":253,"value":0,"op":"Read","minor":2},{"major":253,"value":126976,"op":"Write","minor":2},{"major":253,"value":106496,"op":"Sync","minor":2},{"major":253,"value":20480,"op":"Async","minor":2},{"major":253,"value":0,"op":"Discard","minor":2},{"major":253,"value":126976,"op":"Total","minor":2}],"io_wait_time_recursive":[],"io_merged_recursive":[],"io_service_time_recursive":[]},"memory_stats":{"usage":310030336,"max_usage":976252928,"stats":{"hierarchical_memory_limit":9223372036854771712,"pgmajfault":0,"total_rss":197754880,"inactive_file":135168,"inactive_anon":79343616,"total_pgfault":815760,"total_cache":81850368,"total_rss_huge":0,"total_active_anon":200183808,"total_pgmajfault":0,"pgpgin":545556,"rss_huge":0,"mapped_file":0,"total_inactive_file":135168,"dirty":270336,"total_unevictable":0,"total_dirty":270336,"writeback":0,"pgpgout":477295,"hierarchical_memsw_limit":0,"cache":81850368,"active_file":135168,"pgfault":815760,"total_mapped_file":0,"total_pgpgout":477295,"total_writeback":0,"rss":197754880,"unevictable":0,"total_inactive_anon":79343616,"total_pgpgin":545556,"active_anon":200183808,"total_active_file":135168},"limit":540965302272},"name":"/TypedTables-vlDCHqWo","networks":{"eth0":{"rx_bytes":2883480,"rx_packets":546,"tx_packets":597,"tx_bytes":68130,"tx_dropped":0,"rx_dropped":1,"tx_errors":0,"rx_errors":0}},"id":"95e1c7bd6f25f1cf7100db93b30eeb80d2c4ada4a41bef8d982e1543b8399417","preread":"0001-01-01T00:00:00Z","storage_stats":{},"precpu_stats":{"throttling_data":{"throttled_periods":0,"throttled_time":0,"periods":0},"cpu_usage":{"usage_in_usermode":0,"usage_in_kernelmode":0,"total_usage":0}},"pids_stats":{"current":40},"num_procs":0,"cpu_stats":{"throttling_data":{"throttled_periods":0,"throttled_time":0,"periods":0},"system_cpu_usage":3268584334522419,"online_cpus":128,"cpu_usage":{"usage_in_usermode":31300000000,"usage_in_kernelmode":3690000000,"total_usage":34909228982,"percpu_usage":[0,0,0,0,0,0,0,0,0,0,0,0,0,0,0,0,0,0,0,0,0,0,0,0,0,0,0,0,0,0,0,0,0,0,0,0,0,0,0,0,0,0,0,0,0,0,0,0,0,0,0,0,0,34909224982,0,0,0,0,0,0,0,0,0,0,0,0,0,0,0,0,0,0,0,0,0,0,0,0,0,0,0,0,0,0,0,0,0,0,0,0,0,0,0,0,0,0,0,0,0,0,0,0,0,0,0,0,0,0,0,0,0,0,0,0,0,0,4000,0,0,0,0,0,0,0,0,0,0,0]}},"read":"2021-01-11T15:37:47.410887214Z"}