################################################################################
# PackageCompiler set-up: 2021-01-11T19:13:01.211
#

Julia Version 1.5.3
Commit 599f52c4c6 (2020-12-18 13:33 UTC)
Platform Info:
  OS: Linux (x86_64-linux-gnu)
  CPU: AMD EPYC 7502 32-Core Processor
  WORD_SIZE: 64
  LIBM: libopenlibm
  LLVM: libLLVM-9.0.1 (ORCJIT, znver2)
Environment:
  JULIA_PKGEVAL = true
  JULIA_PKG_PRECOMPILE_AUTO = 0



################################################################################
# Installation: 2021-01-11T19:13:02.913
#

 Installing known registries into `~/.julia`
####                                                                       6.9%######################################################################## 100.0%
      Added registry `General` to `~/.julia/registries/General`
  Resolving package versions...
  Installed CompilerSupportLibraries_jll ─ v0.3.4+0
  Installed Reexport ───────────────────── v0.2.0
  Installed Inflate ────────────────────── v0.1.2
  Installed Rmath_jll ──────────────────── v0.2.2+1
  Installed UMAP ───────────────────────── v0.1.8
  Installed CommonSubexpressions ───────── v0.3.0
  Installed Rmath ──────────────────────── v0.6.1
  Installed LsqFit ─────────────────────── v0.11.0
  Installed PackageCompiler ────────────── v1.2.5
  Installed FillArrays ─────────────────── v0.9.7
  Installed QuadGK ─────────────────────── v2.4.1
  Installed Requires ───────────────────── v1.1.2
  Installed DataStructures ─────────────── v0.18.8
  Installed StatsBase ──────────────────── v0.33.2
  Installed NearestNeighborDescent ─────── v0.3.4
  Installed DataAPI ────────────────────── v1.4.0
  Installed DiffRules ──────────────────── v1.0.2
  Installed DiffResults ────────────────── v1.0.3
  Installed OpenBLAS_jll ───────────────── v0.3.9+5
  Installed SimpleTraits ───────────────── v0.9.3
  Installed OrderedCollections ─────────── v1.3.2
  Installed StaticArrays ───────────────── v0.12.5
  Installed Missings ───────────────────── v0.4.4
  Installed MacroTools ─────────────────── v0.5.6
  Installed JLLWrappers ────────────────── v1.2.0
  Installed LightGraphs ────────────────── v1.3.4
  Installed NaNMath ────────────────────── v0.3.5
  Installed OptimBase ──────────────────── v2.0.1
  Installed Distances ──────────────────── v0.10.0
  Installed FiniteDiff ─────────────────── v2.7.2
  Installed Arpack_jll ─────────────────── v3.5.0+3
  Installed ArrayInterface ─────────────── v2.14.13
  Installed PDMats ─────────────────────── v0.10.1
  Installed ArnoldiMethod ──────────────── v0.0.4
  Installed Distributions ──────────────── v0.23.12
  Installed ForwardDiff ────────────────── v0.10.14
  Installed StatsFuns ──────────────────── v0.9.6
  Installed SpecialFunctions ───────────── v0.10.3
  Installed SortingAlgorithms ──────────── v0.3.1
  Installed Arpack ─────────────────────── v0.4.0
  Installed Compat ─────────────────────── v3.25.0
  Installed OpenSpecFun_jll ────────────── v0.5.3+4
  Installed NLSolversBase ──────────────── v7.7.1
  Installed Artifacts ──────────────────── v1.3.0
Updating `~/.julia/environments/v1.5/Project.toml`
  [9b87118b] + PackageCompiler v1.2.5
  [c4f8c510] + UMAP v0.1.8
Updating `~/.julia/environments/v1.5/Manifest.toml`
  [ec485272] + ArnoldiMethod v0.0.4
  [7d9fca2a] + Arpack v0.4.0
  [68821587] + Arpack_jll v3.5.0+3
  [4fba245c] + ArrayInterface v2.14.13
  [56f22d72] + Artifacts v1.3.0
  [bbf7d656] + CommonSubexpressions v0.3.0
  [34da2185] + Compat v3.25.0
  [e66e0078] + CompilerSupportLibraries_jll v0.3.4+0
  [9a962f9c] + DataAPI v1.4.0
  [864edb3b] + DataStructures v0.18.8
  [163ba53b] + DiffResults v1.0.3
  [b552c78f] + DiffRules v1.0.2
  [b4f34e82] + Distances v0.10.0
  [31c24e10] + Distributions v0.23.12
  [1a297f60] + FillArrays v0.9.7
  [6a86dc24] + FiniteDiff v2.7.2
  [f6369f11] + ForwardDiff v0.10.14
  [d25df0c9] + Inflate v0.1.2
  [692b3bcd] + JLLWrappers v1.2.0
  [093fc24a] + LightGraphs v1.3.4
  [2fda8390] + LsqFit v0.11.0
  [1914dd2f] + MacroTools v0.5.6
  [e1d29d7a] + Missings v0.4.4
  [d41bc354] + NLSolversBase v7.7.1
  [77ba4419] + NaNMath v0.3.5
  [dd2c4c9e] + NearestNeighborDescent v0.3.4
  [4536629a] + OpenBLAS_jll v0.3.9+5
  [efe28fd5] + OpenSpecFun_jll v0.5.3+4
  [87e2bd06] + OptimBase v2.0.1
  [bac558e1] + OrderedCollections v1.3.2
  [90014a1f] + PDMats v0.10.1
  [9b87118b] + PackageCompiler v1.2.5
  [1fd47b50] + QuadGK v2.4.1
  [189a3867] + Reexport v0.2.0
  [ae029012] + Requires v1.1.2
  [79098fc4] + Rmath v0.6.1
  [f50d1b31] + Rmath_jll v0.2.2+1
  [699a6c99] + SimpleTraits v0.9.3
  [a2af1166] + SortingAlgorithms v0.3.1
  [276daf66] + SpecialFunctions v0.10.3
  [90137ffa] + StaticArrays v0.12.5
  [2913bbd2] + StatsBase v0.33.2
  [4c63d2b9] + StatsFuns v0.9.6
  [c4f8c510] + UMAP v0.1.8
  [2a0f44e3] + Base64
  [ade2ca70] + Dates
  [8bb1440f] + DelimitedFiles
  [8ba89e20] + Distributed
  [b77e0a4c] + InteractiveUtils
  [76f85450] + LibGit2
  [8f399da3] + Libdl
  [37e2e46d] + LinearAlgebra
  [56ddb016] + Logging
  [d6f4376e] + Markdown
  [a63ad114] + Mmap
  [44cfe95a] + Pkg
  [de0858da] + Printf
  [3fa0cd96] + REPL
  [9a3f8284] + Random
  [ea8e919c] + SHA
  [9e88b42a] + Serialization
  [1a1011a3] + SharedArrays
  [6462fe0b] + Sockets
  [2f01184e] + SparseArrays
  [10745b16] + Statistics
  [4607b0f0] + SuiteSparse
  [8dfed614] + Test
  [cf7118a7] + UUIDs
  [4ec0a83e] + Unicode


################################################################################
# Compiling: 2021-01-11T19:13:10.85
#

[ Info: PackageCompiler: creating system image object file, this might take a while...
Generated system image is 181.619 MiB, compilation took 281 seconds


################################################################################
# PkgEval set-up: 2021-01-11T19:17:59.152
#

Julia Version 1.5.3
Commit 599f52c4c6 (2020-12-18 13:33 UTC)
Platform Info:
  OS: Linux (x86_64-linux-gnu)
  CPU: AMD EPYC 7502 32-Core Processor
  WORD_SIZE: 64
  LIBM: libopenlibm
  LLVM: libLLVM-9.0.1 (ORCJIT, znver2)
Environment:
  JULIA_PKGEVAL = true
  JULIA_PKG_PRECOMPILE_AUTO = 0

Base.julia_cmd() = `/usr/local/julia/bin/julia -Cnative -J/cache/UMAP-Zp3xOQOy.so -g1`


################################################################################
# Installation: 2021-01-11T19:18:00.751
#

 Installing known registries into `~/.julia`
###################################################################       93.9%######################################################################## 100.0%
      Added registry `General` to `~/.julia/registries/General`
  Resolving package versions...
  Installed Reexport ───────────────────── v0.2.0
  Installed CompilerSupportLibraries_jll ─ v0.3.4+0
  Installed Rmath_jll ──────────────────── v0.2.2+1
  Installed Inflate ────────────────────── v0.1.2
  Installed CommonSubexpressions ───────── v0.3.0
  Installed UMAP ───────────────────────── v0.1.8
  Installed Rmath ──────────────────────── v0.6.1
  Installed LsqFit ─────────────────────── v0.11.0
  Installed NearestNeighborDescent ─────── v0.3.4
  Installed DataAPI ────────────────────── v1.4.0
  Installed FillArrays ─────────────────── v0.9.7
  Installed QuadGK ─────────────────────── v2.4.1
  Installed DiffRules ──────────────────── v1.0.2
  Installed Requires ───────────────────── v1.1.2
  Installed DataStructures ─────────────── v0.18.8
  Installed StatsBase ──────────────────── v0.33.2
  Installed DiffResults ────────────────── v1.0.3
  Installed OpenBLAS_jll ───────────────── v0.3.9+5
  Installed SimpleTraits ───────────────── v0.9.3
  Installed Missings ───────────────────── v0.4.4
  Installed OrderedCollections ─────────── v1.3.2
  Installed MacroTools ─────────────────── v0.5.6
  Installed StaticArrays ───────────────── v0.12.5
  Installed JLLWrappers ────────────────── v1.2.0
  Installed LightGraphs ────────────────── v1.3.4
  Installed NaNMath ────────────────────── v0.3.5
  Installed OptimBase ──────────────────── v2.0.1
  Installed Distances ──────────────────── v0.10.0
  Installed FiniteDiff ─────────────────── v2.7.2
  Installed ArnoldiMethod ──────────────── v0.0.4
  Installed PDMats ─────────────────────── v0.10.1
  Installed ArrayInterface ─────────────── v2.14.13
  Installed Arpack_jll ─────────────────── v3.5.0+3
  Installed Distributions ──────────────── v0.23.12
  Installed StatsFuns ──────────────────── v0.9.6
  Installed SpecialFunctions ───────────── v0.10.3
  Installed SortingAlgorithms ──────────── v0.3.1
  Installed Arpack ─────────────────────── v0.4.0
  Installed Compat ─────────────────────── v3.25.0
  Installed NLSolversBase ──────────────── v7.7.1
  Installed OpenSpecFun_jll ────────────── v0.5.3+4
  Installed Artifacts ──────────────────── v1.3.0
  Installed ForwardDiff ────────────────── v0.10.14
Updating `~/.julia/environments/v1.5/Project.toml`
  [c4f8c510] + UMAP v0.1.8
Updating `~/.julia/environments/v1.5/Manifest.toml`
  [ec485272] + ArnoldiMethod v0.0.4
  [7d9fca2a] + Arpack v0.4.0
  [68821587] + Arpack_jll v3.5.0+3
  [4fba245c] + ArrayInterface v2.14.13
  [56f22d72] + Artifacts v1.3.0
  [bbf7d656] + CommonSubexpressions v0.3.0
  [34da2185] + Compat v3.25.0
  [e66e0078] + CompilerSupportLibraries_jll v0.3.4+0
  [9a962f9c] + DataAPI v1.4.0
  [864edb3b] + DataStructures v0.18.8
  [163ba53b] + DiffResults v1.0.3
  [b552c78f] + DiffRules v1.0.2
  [b4f34e82] + Distances v0.10.0
  [31c24e10] + Distributions v0.23.12
  [1a297f60] + FillArrays v0.9.7
  [6a86dc24] + FiniteDiff v2.7.2
  [f6369f11] + ForwardDiff v0.10.14
  [d25df0c9] + Inflate v0.1.2
  [692b3bcd] + JLLWrappers v1.2.0
  [093fc24a] + LightGraphs v1.3.4
  [2fda8390] + LsqFit v0.11.0
  [1914dd2f] + MacroTools v0.5.6
  [e1d29d7a] + Missings v0.4.4
  [d41bc354] + NLSolversBase v7.7.1
  [77ba4419] + NaNMath v0.3.5
  [dd2c4c9e] + NearestNeighborDescent v0.3.4
  [4536629a] + OpenBLAS_jll v0.3.9+5
  [efe28fd5] + OpenSpecFun_jll v0.5.3+4
  [87e2bd06] + OptimBase v2.0.1
  [bac558e1] + OrderedCollections v1.3.2
  [90014a1f] + PDMats v0.10.1
  [1fd47b50] + QuadGK v2.4.1
  [189a3867] + Reexport v0.2.0
  [ae029012] + Requires v1.1.2
  [79098fc4] + Rmath v0.6.1
  [f50d1b31] + Rmath_jll v0.2.2+1
  [699a6c99] + SimpleTraits v0.9.3
  [a2af1166] + SortingAlgorithms v0.3.1
  [276daf66] + SpecialFunctions v0.10.3
  [90137ffa] + StaticArrays v0.12.5
  [2913bbd2] + StatsBase v0.33.2
  [4c63d2b9] + StatsFuns v0.9.6
  [c4f8c510] + UMAP v0.1.8
  [2a0f44e3] + Base64
  [ade2ca70] + Dates
  [8bb1440f] + DelimitedFiles
  [8ba89e20] + Distributed
  [b77e0a4c] + InteractiveUtils
  [76f85450] + LibGit2
  [8f399da3] + Libdl
  [37e2e46d] + LinearAlgebra
  [56ddb016] + Logging
  [d6f4376e] + Markdown
  [a63ad114] + Mmap
  [44cfe95a] + Pkg
  [de0858da] + Printf
  [3fa0cd96] + REPL
  [9a3f8284] + Random
  [ea8e919c] + SHA
  [9e88b42a] + Serialization
  [1a1011a3] + SharedArrays
  [6462fe0b] + Sockets
  [2f01184e] + SparseArrays
  [10745b16] + Statistics
  [4607b0f0] + SuiteSparse
  [8dfed614] + Test
  [cf7118a7] + UUIDs
  [4ec0a83e] + Unicode


################################################################################
# Testing: 2021-01-11T19:18:08.071
#

    Testing UMAP
Status `/tmp/jl_cu52Jf/Project.toml`
  [7d9fca2a] Arpack v0.4.0
  [b4f34e82] Distances v0.10.0
  [2fda8390] LsqFit v0.11.0
  [dd2c4c9e] NearestNeighborDescent v0.3.4
  [c4f8c510] UMAP v0.1.8
  [37e2e46d] LinearAlgebra
  [9a3f8284] Random
  [2f01184e] SparseArrays
  [8dfed614] Test
Status `/tmp/jl_cu52Jf/Manifest.toml`
  [ec485272] ArnoldiMethod v0.0.4
  [7d9fca2a] Arpack v0.4.0
  [68821587] Arpack_jll v3.5.0+3
  [4fba245c] ArrayInterface v2.14.13
  [56f22d72] Artifacts v1.3.0
  [bbf7d656] CommonSubexpressions v0.3.0
  [34da2185] Compat v3.25.0
  [e66e0078] CompilerSupportLibraries_jll v0.3.4+0
  [9a962f9c] DataAPI v1.4.0
  [864edb3b] DataStructures v0.18.8
  [163ba53b] DiffResults v1.0.3
  [b552c78f] DiffRules v1.0.2
  [b4f34e82] Distances v0.10.0
  [31c24e10] Distributions v0.23.12
  [1a297f60] FillArrays v0.9.7
  [6a86dc24] FiniteDiff v2.7.2
  [f6369f11] ForwardDiff v0.10.14
  [d25df0c9] Inflate v0.1.2
  [692b3bcd] JLLWrappers v1.2.0
  [093fc24a] LightGraphs v1.3.4
  [2fda8390] LsqFit v0.11.0
  [1914dd2f] MacroTools v0.5.6
  [e1d29d7a] Missings v0.4.4
  [d41bc354] NLSolversBase v7.7.1
  [77ba4419] NaNMath v0.3.5
  [dd2c4c9e] NearestNeighborDescent v0.3.4
  [4536629a] OpenBLAS_jll v0.3.9+5
  [efe28fd5] OpenSpecFun_jll v0.5.3+4
  [87e2bd06] OptimBase v2.0.1
  [bac558e1] OrderedCollections v1.3.2
  [90014a1f] PDMats v0.10.1
  [1fd47b50] QuadGK v2.4.1
  [189a3867] Reexport v0.2.0
  [ae029012] Requires v1.1.2
  [79098fc4] Rmath v0.6.1
  [f50d1b31] Rmath_jll v0.2.2+1
  [699a6c99] SimpleTraits v0.9.3
  [a2af1166] SortingAlgorithms v0.3.1
  [276daf66] SpecialFunctions v0.10.3
  [90137ffa] StaticArrays v0.12.5
  [2913bbd2] StatsBase v0.33.2
  [4c63d2b9] StatsFuns v0.9.6
  [c4f8c510] UMAP v0.1.8
  [2a0f44e3] Base64
  [ade2ca70] Dates
  [8bb1440f] DelimitedFiles
  [8ba89e20] Distributed
  [b77e0a4c] InteractiveUtils
  [76f85450] LibGit2
  [8f399da3] Libdl
  [37e2e46d] LinearAlgebra
  [56ddb016] Logging
  [d6f4376e] Markdown
  [a63ad114] Mmap
  [44cfe95a] Pkg
  [de0858da] Printf
  [3fa0cd96] REPL
  [9a3f8284] Random
  [ea8e919c] SHA
  [9e88b42a] Serialization
  [1a1011a3] SharedArrays
  [6462fe0b] Sockets
  [2f01184e] SparseArrays
  [10745b16] Statistics
  [4607b0f0] SuiteSparse
  [8dfed614] Test
  [cf7118a7] UUIDs
  [4ec0a83e] Unicode
Test Summary: | Pass  Total
utils tests   |    9      9
Test Summary: | Pass  Total
umap tests    |   71     71
    Testing UMAP tests passed 

PkgEval succeeded


################################################################################
# PkgEval teardown: 2021-01-11T19:19:19.973
CPU usage: 80.36s (75.99s user, 4.52s kernel)

Network usage:
- eth0: 4.722 MiB received, 227.908 KiB sent

Raw statistics: {"blkio_stats":{"io_queue_recursive":[],"io_serviced_recursive":[{"major":259,"value":0,"op":"Read","minor":0},{"major":259,"value":19,"op":"Write","minor":0},{"major":259,"value":14,"op":"Sync","minor":0},{"major":259,"value":5,"op":"Async","minor":0},{"major":259,"value":0,"op":"Discard","minor":0},{"major":259,"value":19,"op":"Total","minor":0},{"major":253,"value":0,"op":"Read","minor":2},{"major":253,"value":19,"op":"Write","minor":2},{"major":253,"value":14,"op":"Sync","minor":2},{"major":253,"value":5,"op":"Async","minor":2},{"major":253,"value":0,"op":"Discard","minor":2},{"major":253,"value":19,"op":"Total","minor":2}],"io_time_recursive":[],"sectors_recursive":[],"io_service_bytes_recursive":[{"major":259,"value":0,"op":"Read","minor":0},{"major":259,"value":94208,"op":"Write","minor":0},{"major":259,"value":57344,"op":"Sync","minor":0},{"major":259,"value":36864,"op":"Async","minor":0},{"major":259,"value":0,"op":"Discard","minor":0},{"major":259,"value":94208,"op":"Total","minor":0},{"major":253,"value":0,"op":"Read","minor":2},{"major":253,"value":94208,"op":"Write","minor":2},{"major":253,"value":57344,"op":"Sync","minor":2},{"major":253,"value":36864,"op":"Async","minor":2},{"major":253,"value":0,"op":"Discard","minor":2},{"major":253,"value":94208,"op":"Total","minor":2}],"io_wait_time_recursive":[],"io_merged_recursive":[],"io_service_time_recursive":[]},"memory_stats":{"usage":350957568,"max_usage":1833607168,"stats":{"hierarchical_memory_limit":9223372036854771712,"pgmajfault":0,"total_rss":219295744,"inactive_file":135168,"inactive_anon":88940544,"total_pgfault":1565091,"total_cache":98906112,"total_rss_huge":0,"total_active_anon":220999680,"total_pgmajfault":0,"pgpgin":1056330,"rss_huge":0,"mapped_file":0,"total_inactive_file":135168,"dirty":135168,"total_unevictable":0,"total_dirty":135168,"writeback":0,"pgpgout":978661,"hierarchical_memsw_limit":0,"cache":98906112,"active_file":8380416,"pgfault":1565091,"total_mapped_file":0,"total_pgpgout":978661,"total_writeback":0,"rss":219295744,"unevictable":0,"total_inactive_anon":88940544,"total_pgpgin":1056330,"active_anon":220999680,"total_active_file":8380416},"limit":540965302272},"name":"/UMAP-cVOMWxT7","networks":{"eth0":{"rx_bytes":4951243,"rx_packets":1597,"tx_packets":1854,"tx_bytes":233378,"tx_dropped":0,"rx_dropped":3,"tx_errors":0,"rx_errors":0}},"id":"c32487259a57b1be840b51128801370dd72837a9e6ebc1ab2a6b53db0c8b98f9","preread":"0001-01-01T00:00:00Z","storage_stats":{},"precpu_stats":{"throttling_data":{"throttled_periods":0,"throttled_time":0,"periods":0},"cpu_usage":{"usage_in_usermode":0,"usage_in_kernelmode":0,"total_usage":0}},"pids_stats":{"current":44},"num_procs":0,"cpu_stats":{"throttling_data":{"throttled_periods":0,"throttled_time":0,"periods":0},"system_cpu_usage":4967404994522419,"online_cpus":128,"cpu_usage":{"usage_in_usermode":75990000000,"usage_in_kernelmode":4520000000,"total_usage":80358339192,"percpu_usage":[0,0,0,0,0,0,0,0,0,0,0,0,0,0,0,0,0,0,0,0,0,0,0,0,0,0,0,0,0,0,0,0,0,0,0,0,0,0,0,0,0,0,0,0,0,0,0,80358334922,0,0,0,0,0,0,0,0,0,0,0,0,0,0,0,0,0,0,0,0,0,0,0,0,0,0,0,0,0,0,0,0,0,0,0,0,0,0,0,0,0,0,0,0,0,0,0,0,0,0,0,0,0,0,0,0,0,0,0,0,4270,0,0,0,0,0,0,0,0,0,0,0,0,0,0,0,0,0,0,0]}},"read":"2021-01-11T19:19:20.679208217Z"}