################################################################################
# PackageCompiler set-up: 2021-01-11T18:02:09.489
#

Julia Version 1.5.3
Commit 599f52c4c6 (2020-12-18 13:33 UTC)
Platform Info:
  OS: Linux (x86_64-linux-gnu)
  CPU: AMD EPYC 7502 32-Core Processor
  WORD_SIZE: 64
  LIBM: libopenlibm
  LLVM: libLLVM-9.0.1 (ORCJIT, znver2)
Environment:
  JULIA_PKGEVAL = true
  JULIA_PKG_PRECOMPILE_AUTO = 0



################################################################################
# Installation: 2021-01-11T18:02:11.247
#

 Installing known registries into `~/.julia`
###########################################################               83.2%######################################################################## 100.0%
      Added registry `General` to `~/.julia/registries/General`
  Resolving package versions...
  Installed Libiconv_jll ──── v1.16.0+7
  Installed UnixTimes ─────── v1.0.0
  Installed EzXML ─────────── v1.1.0
  Installed RecipesBase ───── v1.1.1
  Installed ExprTools ─────── v0.1.3
  Installed JLLWrappers ───── v1.2.0
  Installed TimeZones ─────── v1.5.3
  Installed PackageCompiler ─ v1.2.5
  Installed Zlib_jll ──────── v1.2.11+18
  Installed Artifacts ─────── v1.3.0
  Installed XML2_jll ──────── v2.9.10+3
  Installed Mocking ───────── v0.7.1
Updating `~/.julia/environments/v1.5/Project.toml`
  [9b87118b] + PackageCompiler v1.2.5
  [ab1a18e7] + UnixTimes v1.0.0
Updating `~/.julia/environments/v1.5/Manifest.toml`
  [56f22d72] + Artifacts v1.3.0
  [e2ba6199] + ExprTools v0.1.3
  [8f5d6c58] + EzXML v1.1.0
  [692b3bcd] + JLLWrappers v1.2.0
  [94ce4f54] + Libiconv_jll v1.16.0+7
  [78c3b35d] + Mocking v0.7.1
  [9b87118b] + PackageCompiler v1.2.5
  [3cdcf5f2] + RecipesBase v1.1.1
  [f269a46b] + TimeZones v1.5.3
  [ab1a18e7] + UnixTimes v1.0.0
  [02c8fc9c] + XML2_jll v2.9.10+3
  [83775a58] + Zlib_jll v1.2.11+18
  [2a0f44e3] + Base64
  [ade2ca70] + Dates
  [b77e0a4c] + InteractiveUtils
  [76f85450] + LibGit2
  [8f399da3] + Libdl
  [56ddb016] + Logging
  [d6f4376e] + Markdown
  [44cfe95a] + Pkg
  [de0858da] + Printf
  [3fa0cd96] + REPL
  [9a3f8284] + Random
  [ea8e919c] + SHA
  [9e88b42a] + Serialization
  [6462fe0b] + Sockets
  [cf7118a7] + UUIDs
  [4ec0a83e] + Unicode
   Building TimeZones → `~/.julia/packages/TimeZones/K98G0/deps/build.log`


################################################################################
# Compiling: 2021-01-11T18:02:26.791
#

[ Info: PackageCompiler: creating system image object file, this might take a while...
Generated system image is 149.326 MiB, compilation took 165 seconds


################################################################################
# PkgEval set-up: 2021-01-11T18:05:19.413
#

Julia Version 1.5.3
Commit 599f52c4c6 (2020-12-18 13:33 UTC)
Platform Info:
  OS: Linux (x86_64-linux-gnu)
  CPU: AMD EPYC 7502 32-Core Processor
  WORD_SIZE: 64
  LIBM: libopenlibm
  LLVM: libLLVM-9.0.1 (ORCJIT, znver2)
Environment:
  JULIA_PKGEVAL = true
  JULIA_PKG_PRECOMPILE_AUTO = 0

Base.julia_cmd() = `/usr/local/julia/bin/julia -Cnative -J/cache/UnixTimes-MGAEczH1.so -g1`


################################################################################
# Installation: 2021-01-11T18:05:21.266
#

 Installing known registries into `~/.julia`
#############################                                             40.3%######################################################################## 100.0%
      Added registry `General` to `~/.julia/registries/General`
  Resolving package versions...
  Installed RecipesBase ── v1.1.1
  Installed Libiconv_jll ─ v1.16.0+7
  Installed Zlib_jll ───── v1.2.11+18
  Installed UnixTimes ──── v1.0.0
  Installed EzXML ──────── v1.1.0
  Installed XML2_jll ───── v2.9.10+3
  Installed ExprTools ──── v0.1.3
  Installed JLLWrappers ── v1.2.0
  Installed TimeZones ──── v1.5.3
  Installed Mocking ────── v0.7.1
  Installed Artifacts ──── v1.3.0
Updating `~/.julia/environments/v1.5/Project.toml`
  [ab1a18e7] + UnixTimes v1.0.0
Updating `~/.julia/environments/v1.5/Manifest.toml`
  [56f22d72] + Artifacts v1.3.0
  [e2ba6199] + ExprTools v0.1.3
  [8f5d6c58] + EzXML v1.1.0
  [692b3bcd] + JLLWrappers v1.2.0
  [94ce4f54] + Libiconv_jll v1.16.0+7
  [78c3b35d] + Mocking v0.7.1
  [3cdcf5f2] + RecipesBase v1.1.1
  [f269a46b] + TimeZones v1.5.3
  [ab1a18e7] + UnixTimes v1.0.0
  [02c8fc9c] + XML2_jll v2.9.10+3
  [83775a58] + Zlib_jll v1.2.11+18
  [2a0f44e3] + Base64
  [ade2ca70] + Dates
  [b77e0a4c] + InteractiveUtils
  [76f85450] + LibGit2
  [8f399da3] + Libdl
  [56ddb016] + Logging
  [d6f4376e] + Markdown
  [44cfe95a] + Pkg
  [de0858da] + Printf
  [3fa0cd96] + REPL
  [9a3f8284] + Random
  [ea8e919c] + SHA
  [9e88b42a] + Serialization
  [6462fe0b] + Sockets
  [cf7118a7] + UUIDs
  [4ec0a83e] + Unicode
   Building TimeZones → `~/.julia/packages/TimeZones/K98G0/deps/build.log`
┌ Error: Error building `TimeZones`: 
│ ERROR: LoadError: IOError: mkdir: permission denied (EACCES)
│ Stacktrace:
│  [1] uv_error at ./libuv.jl:97 [inlined]
│  [2] mkdir(::String; mode::UInt16) at ./file.jl:177
│  [3] mkpath(::String; mode::UInt16) at ./file.jl:227
│  [4] mkpath(::String; mode::UInt16) at ./file.jl:225 (repeats 6 times)
│  [5] mkpath at ./file.jl:222 [inlined]
│  [6] build(::String) at /home/pkgeval/.julia/packages/TimeZones/K98G0/src/tzdata/build.jl:105
│  [7] build(::String; force::Bool) at /home/pkgeval/.julia/packages/TimeZones/K98G0/src/build.jl:11
│  [8] build at /home/pkgeval/.julia/packages/TimeZones/K98G0/src/build.jl:11 [inlined] (repeats 2 times)
│  [9] top-level scope at /home/user/.julia/packages/TimeZones/K98G0/deps/build.jl:3
│  [10] include(::String) at ./client.jl:457
│  [11] top-level scope at none:5
│ in expression starting at /home/user/.julia/packages/TimeZones/K98G0/deps/build.jl:3
└ @ Pkg.Operations /workspace/srcdir/usr/share/julia/stdlib/v1.5/Pkg/src/Operations.jl:949


################################################################################
# Testing: 2021-01-11T18:05:31.034
#

    Testing UnixTimes
Status `/tmp/jl_cwG14a/Project.toml`
  [f269a46b] TimeZones v1.5.3
  [ab1a18e7] UnixTimes v1.0.0
  [ade2ca70] Dates
  [8dfed614] Test
Status `/tmp/jl_cwG14a/Manifest.toml`
  [56f22d72] Artifacts v1.3.0
  [e2ba6199] ExprTools v0.1.3
  [8f5d6c58] EzXML v1.1.0
  [692b3bcd] JLLWrappers v1.2.0
  [94ce4f54] Libiconv_jll v1.16.0+7
  [78c3b35d] Mocking v0.7.1
  [3cdcf5f2] RecipesBase v1.1.1
  [f269a46b] TimeZones v1.5.3
  [ab1a18e7] UnixTimes v1.0.0
  [02c8fc9c] XML2_jll v2.9.10+3
  [83775a58] Zlib_jll v1.2.11+18
  [2a0f44e3] Base64
  [ade2ca70] Dates
  [8ba89e20] Distributed
  [b77e0a4c] InteractiveUtils
  [76f85450] LibGit2
  [8f399da3] Libdl
  [56ddb016] Logging
  [d6f4376e] Markdown
  [44cfe95a] Pkg
  [de0858da] Printf
  [3fa0cd96] REPL
  [9a3f8284] Random
  [ea8e919c] SHA
  [9e88b42a] Serialization
  [6462fe0b] Sockets
  [8dfed614] Test
  [cf7118a7] UUIDs
  [4ec0a83e] Unicode
Test Summary: | Pass  Total
UnixTime      |   54     54
    Testing UnixTimes tests passed 

PkgEval succeeded


################################################################################
# PkgEval teardown: 2021-01-11T18:05:34.842
CPU usage: 15.28s (12.02s user, 3.28s kernel)

Network usage:
- eth0: 2.856 MiB received, 74.784 KiB sent

Raw statistics: {"blkio_stats":{"io_queue_recursive":[],"io_serviced_recursive":[{"major":259,"value":0,"op":"Read","minor":0},{"major":259,"value":23,"op":"Write","minor":0},{"major":259,"value":14,"op":"Sync","minor":0},{"major":259,"value":9,"op":"Async","minor":0},{"major":259,"value":0,"op":"Discard","minor":0},{"major":259,"value":23,"op":"Total","minor":0},{"major":253,"value":0,"op":"Read","minor":2},{"major":253,"value":23,"op":"Write","minor":2},{"major":253,"value":14,"op":"Sync","minor":2},{"major":253,"value":9,"op":"Async","minor":2},{"major":253,"value":0,"op":"Discard","minor":2},{"major":253,"value":23,"op":"Total","minor":2}],"io_time_recursive":[],"sectors_recursive":[],"io_service_bytes_recursive":[{"major":259,"value":0,"op":"Read","minor":0},{"major":259,"value":94208,"op":"Write","minor":0},{"major":259,"value":57344,"op":"Sync","minor":0},{"major":259,"value":36864,"op":"Async","minor":0},{"major":259,"value":0,"op":"Discard","minor":0},{"major":259,"value":94208,"op":"Total","minor":0},{"major":253,"value":0,"op":"Read","minor":2},{"major":253,"value":94208,"op":"Write","minor":2},{"major":253,"value":57344,"op":"Sync","minor":2},{"major":253,"value":36864,"op":"Async","minor":2},{"major":253,"value":0,"op":"Discard","minor":2},{"major":253,"value":94208,"op":"Total","minor":2}],"io_wait_time_recursive":[],"io_merged_recursive":[],"io_service_time_recursive":[]},"memory_stats":{"usage":334569472,"max_usage":549679104,"stats":{"hierarchical_memory_limit":9223372036854771712,"pgmajfault":0,"total_rss":223068160,"inactive_file":135168,"inactive_anon":80424960,"total_pgfault":375573,"total_cache":81600512,"total_rss_huge":0,"total_active_anon":223973376,"total_pgmajfault":0,"pgpgin":238029,"rss_huge":0,"mapped_file":0,"total_inactive_file":135168,"dirty":135168,"total_unevictable":0,"total_dirty":135168,"writeback":0,"pgpgout":163667,"hierarchical_memsw_limit":0,"cache":81600512,"active_file":405504,"pgfault":375573,"total_mapped_file":0,"total_pgpgout":163667,"total_writeback":0,"rss":223068160,"unevictable":0,"total_inactive_anon":80424960,"total_pgpgin":238029,"active_anon":223973376,"total_active_file":405504},"limit":540965302272},"name":"/UnixTimes-zPOqo4AP","networks":{"eth0":{"rx_bytes":2994371,"rx_packets":585,"tx_packets":651,"tx_bytes":76579,"tx_dropped":0,"rx_dropped":1,"tx_errors":0,"rx_errors":0}},"id":"b4aa43f7e0784700f26b5fe1051be984e3db1cc05a0eea85161bd002ab63a23b","preread":"0001-01-01T00:00:00Z","storage_stats":{},"precpu_stats":{"throttling_data":{"throttled_periods":0,"throttled_time":0,"periods":0},"cpu_usage":{"usage_in_usermode":0,"usage_in_kernelmode":0,"total_usage":0}},"pids_stats":{"current":44},"num_procs":0,"cpu_stats":{"throttling_data":{"throttled_periods":0,"throttled_time":0,"periods":0},"system_cpu_usage":4401758734522419,"online_cpus":128,"cpu_usage":{"usage_in_usermode":12020000000,"usage_in_kernelmode":3280000000,"total_usage":15277359051,"percpu_usage":[0,15277359051,0,0,0,0,0,0,0,0,0,0,0,0,0,0,0,0,0,0,0,0,0,0,0,0,0,0,0,0,0,0,0,0,0,0,0,0,0,0,0,0,0,0,0,0,0,0,0,0,0,0,0,0,0,0,0,0,0,0,0,0,0,0,0,0,0,0,0,0,0,0,0,0,0,0,0,0,0,0,0,0,0,0,0,0,0,0,0,0,0,0,0,0,0,0,0,0,0,0,0,0,0,0,0,0,0,0,0,0,0,0,0,0,0,0,0,0,0,0,0,0,0,0,0,0,0,0]}},"read":"2021-01-11T18:05:34.84523536Z"}