################################################################################
# PackageCompiler set-up: 2021-01-11T19:12:00.878
#

Julia Version 1.5.3
Commit 599f52c4c6 (2020-12-18 13:33 UTC)
Platform Info:
  OS: Linux (x86_64-linux-gnu)
  CPU: AMD EPYC 7502 32-Core Processor
  WORD_SIZE: 64
  LIBM: libopenlibm
  LLVM: libLLVM-9.0.1 (ORCJIT, znver2)
Environment:
  JULIA_PKGEVAL = true
  JULIA_PKG_PRECOMPILE_AUTO = 0



################################################################################
# Installation: 2021-01-11T19:12:02.581
#

 Installing known registries into `~/.julia`
######################################################################## 100.0%
      Added registry `General` to `~/.julia/registries/General`
  Resolving package versions...
  Installed MbedTLS_jll ───── v2.16.8+1
  Installed ProgressMeter ─── v1.4.1
  Installed MbedTLS ───────── v1.0.3
  Installed URIs ──────────── v1.1.0
  Installed HTTP ──────────── v0.9.2
  Installed UrlDownload ───── v0.3.1
  Installed JLLWrappers ───── v1.2.0
  Installed PackageCompiler ─ v1.2.5
  Installed IniFile ───────── v0.5.0
  Installed Artifacts ─────── v1.3.0
Updating `~/.julia/environments/v1.5/Project.toml`
  [9b87118b] + PackageCompiler v1.2.5
  [856ac37a] + UrlDownload v0.3.1
Updating `~/.julia/environments/v1.5/Manifest.toml`
  [56f22d72] + Artifacts v1.3.0
  [cd3eb016] + HTTP v0.9.2
  [83e8ac13] + IniFile v0.5.0
  [692b3bcd] + JLLWrappers v1.2.0
  [739be429] + MbedTLS v1.0.3
  [c8ffd9c3] + MbedTLS_jll v2.16.8+1
  [9b87118b] + PackageCompiler v1.2.5
  [92933f4c] + ProgressMeter v1.4.1
  [5c2747f8] + URIs v1.1.0
  [856ac37a] + UrlDownload v0.3.1
  [2a0f44e3] + Base64
  [ade2ca70] + Dates
  [8ba89e20] + Distributed
  [b77e0a4c] + InteractiveUtils
  [76f85450] + LibGit2
  [8f399da3] + Libdl
  [56ddb016] + Logging
  [d6f4376e] + Markdown
  [44cfe95a] + Pkg
  [de0858da] + Printf
  [3fa0cd96] + REPL
  [9a3f8284] + Random
  [ea8e919c] + SHA
  [9e88b42a] + Serialization
  [6462fe0b] + Sockets
  [8dfed614] + Test
  [cf7118a7] + UUIDs
  [4ec0a83e] + Unicode


################################################################################
# Compiling: 2021-01-11T19:12:08.308
#

[ Info: PackageCompiler: creating system image object file, this might take a while...
Generated system image is 151.837 MiB, compilation took 171 seconds


################################################################################
# PkgEval set-up: 2021-01-11T19:15:06.623
#

Julia Version 1.5.3
Commit 599f52c4c6 (2020-12-18 13:33 UTC)
Platform Info:
  OS: Linux (x86_64-linux-gnu)
  CPU: AMD EPYC 7502 32-Core Processor
  WORD_SIZE: 64
  LIBM: libopenlibm
  LLVM: libLLVM-9.0.1 (ORCJIT, znver2)
Environment:
  JULIA_PKGEVAL = true
  JULIA_PKG_PRECOMPILE_AUTO = 0

Base.julia_cmd() = `/usr/local/julia/bin/julia -Cnative -J/cache/UrlDownload-b5P0i3j3.so -g1`


################################################################################
# Installation: 2021-01-11T19:15:08.364
#

 Installing known registries into `~/.julia`
#######################################################                   76.9%######################################################################## 100.0%
      Added registry `General` to `~/.julia/registries/General`
  Resolving package versions...
  Installed MbedTLS_jll ─── v2.16.8+1
  Installed URIs ────────── v1.1.0
  Installed MbedTLS ─────── v1.0.3
  Installed UrlDownload ─── v0.3.1
  Installed ProgressMeter ─ v1.4.1
  Installed JLLWrappers ─── v1.2.0
  Installed IniFile ─────── v0.5.0
  Installed HTTP ────────── v0.9.2
  Installed Artifacts ───── v1.3.0
Updating `~/.julia/environments/v1.5/Project.toml`
  [856ac37a] + UrlDownload v0.3.1
Updating `~/.julia/environments/v1.5/Manifest.toml`
  [56f22d72] + Artifacts v1.3.0
  [cd3eb016] + HTTP v0.9.2
  [83e8ac13] + IniFile v0.5.0
  [692b3bcd] + JLLWrappers v1.2.0
  [739be429] + MbedTLS v1.0.3
  [c8ffd9c3] + MbedTLS_jll v2.16.8+1
  [92933f4c] + ProgressMeter v1.4.1
  [5c2747f8] + URIs v1.1.0
  [856ac37a] + UrlDownload v0.3.1
  [2a0f44e3] + Base64
  [ade2ca70] + Dates
  [8ba89e20] + Distributed
  [b77e0a4c] + InteractiveUtils
  [76f85450] + LibGit2
  [8f399da3] + Libdl
  [56ddb016] + Logging
  [d6f4376e] + Markdown
  [44cfe95a] + Pkg
  [de0858da] + Printf
  [3fa0cd96] + REPL
  [9a3f8284] + Random
  [ea8e919c] + SHA
  [9e88b42a] + Serialization
  [6462fe0b] + Sockets
  [8dfed614] + Test
  [cf7118a7] + UUIDs
  [4ec0a83e] + Unicode


################################################################################
# Testing: 2021-01-11T19:15:12.913
#

    Testing UrlDownload
Status `/tmp/jl_ebI9ka/Project.toml`
  [336ed68f] CSV v0.8.2
  [523fee87] CodecBzip2 v0.7.2
  [5ba52731] CodecLz4 v0.4.0
  [ba30903b] CodecXz v0.7.0
  [944b1d66] CodecZlib v0.7.0
  [6b39b394] CodecZstd v0.7.0
  [a93c6f00] DataFrames v0.22.2
  [becb17da] Feather v0.5.7
  [cd3eb016] HTTP v0.9.2
  [6218d12a] ImageMagick v1.1.6
  [0f8b85d8] JSON3 v1.5.1
  [92933f4c] ProgressMeter v1.4.1
  [856ac37a] UrlDownload v0.3.1
  [a5390f91] ZipFile v0.9.3
  [8dfed614] Test
Status `/tmp/jl_ebI9ka/Manifest.toml`
  [621f4979] AbstractFFTs v1.0.0
  [79e6a3ab] Adapt v2.4.0
  [56f22d72] Artifacts v1.3.0
  [6e34b625] Bzip2_jll v1.0.6+5
  [336ed68f] CSV v0.8.2
  [324d7699] CategoricalArrays v0.9.0
  [523fee87] CodecBzip2 v0.7.2
  [5ba52731] CodecLz4 v0.4.0
  [ba30903b] CodecXz v0.7.0
  [944b1d66] CodecZlib v0.7.0
  [6b39b394] CodecZstd v0.7.0
  [3da002f7] ColorTypes v0.10.9
  [5ae59095] Colors v0.12.6
  [34da2185] Compat v3.25.0
  [a8cc5b0e] Crayons v4.0.4
  [9a962f9c] DataAPI v1.4.0
  [a93c6f00] DataFrames v0.22.2
  [864edb3b] DataStructures v0.18.8
  [e2d170a0] DataValueInterfaces v1.0.0
  [becb17da] Feather v0.5.7
  [5789e2e9] FileIO v1.4.5
  [53c48c17] FixedPointNumbers v0.8.4
  [53afe959] FlatBuffers v0.5.4
  [59287772] Formatting v0.4.2
  [a2bd30eb] Graphics v1.0.2
  [cd3eb016] HTTP v0.9.2
  [a09fc81d] ImageCore v0.8.20
  [6218d12a] ImageMagick v1.1.6
  [c73af94c] ImageMagick_jll v6.9.10-12+3
  [83e8ac13] IniFile v0.5.0
  [41ab1584] InvertedIndices v1.0.0
  [82899510] IteratorInterfaceExtensions v1.0.0
  [692b3bcd] JLLWrappers v1.2.0
  [682c06a0] JSON v0.21.1
  [0f8b85d8] JSON3 v1.5.1
  [aacddb02] JpegTurbo_jll v2.0.1+3
  [89763e89] Libtiff_jll v4.1.0+2
  [5ced341a] Lz4_jll v1.9.2+2
  [dbb5928d] MappedArrays v0.3.0
  [739be429] MbedTLS v1.0.3
  [c8ffd9c3] MbedTLS_jll v2.16.8+1
  [e1d29d7a] Missings v0.4.4
  [e94cdb99] MosaicViews v0.2.4
  [77ba4419] NaNMath v0.3.5
  [6fe1bfb0] OffsetArrays v1.5.0
  [bac558e1] OrderedCollections v1.3.2
  [5432bcbf] PaddedViews v0.5.7
  [d96e819e] Parameters v0.12.1
  [69de0a69] Parsers v1.0.15
  [2dfb63ee] PooledArrays v0.5.3
  [08abe8d2] PrettyTables v0.10.1
  [92933f4c] ProgressMeter v1.4.1
  [189a3867] Reexport v0.2.0
  [91c51154] SentinelArrays v1.2.16
  [a2af1166] SortingAlgorithms v0.3.1
  [856f2bd8] StructTypes v1.2.1
  [3783bdb8] TableTraits v1.0.0
  [bd369af6] Tables v1.2.2
  [3bb67fe8] TranscodingStreams v0.9.5
  [5c2747f8] URIs v1.1.0
  [3a884ed6] UnPack v1.0.2
  [856ac37a] UrlDownload v0.3.1
  [ffd25f8a] XZ_jll v5.2.4+3
  [a5390f91] ZipFile v0.9.3
  [83775a58] Zlib_jll v1.2.11+18
  [3161d3a3] Zstd_jll v1.4.5+2
  [b53b4c65] libpng_jll v1.6.37+6
  [2a0f44e3] Base64
  [ade2ca70] Dates
  [8bb1440f] DelimitedFiles
  [8ba89e20] Distributed
  [9fa8497b] Future
  [b77e0a4c] InteractiveUtils
  [76f85450] LibGit2
  [8f399da3] Libdl
  [37e2e46d] LinearAlgebra
  [56ddb016] Logging
  [d6f4376e] Markdown
  [a63ad114] Mmap
  [44cfe95a] Pkg
  [de0858da] Printf
  [3fa0cd96] REPL
  [9a3f8284] Random
  [ea8e919c] SHA
  [9e88b42a] Serialization
  [1a1011a3] SharedArrays
  [6462fe0b] Sockets
  [2f01184e] SparseArrays
  [10745b16] Statistics
  [8dfed614] Test
  [cf7118a7] UUIDs
  [4ec0a83e] Unicode
Test Summary: | Pass  Total
basic         |    8      8
Test Summary: | Pass  Total
wrapper       |    2      2
┌ Warning: `CSV.File` or `CSV.Rows` with `TranscodingStreams.TranscodingStream{CodecXz.XzDecompressor,Base.GenericIOBuffer{Array{UInt8,1}}}` object is deprecated; pass a filename, `IOBuffer`, or byte buffer directly (via `read(x)`)
│   caller = Header at header.jl:109 [inlined]
└ @ Core ~/.julia/packages/CSV/la2cd/src/header.jl:109
┌ Warning: `CSV.File` or `CSV.Rows` with `TranscodingStreams.TranscodingStream{CodecZlib.GzipDecompressor,Base.GenericIOBuffer{Array{UInt8,1}}}` object is deprecated; pass a filename, `IOBuffer`, or byte buffer directly (via `read(x)`)
│   caller = Header at header.jl:109 [inlined]
└ @ Core ~/.julia/packages/CSV/la2cd/src/header.jl:109
┌ Warning: `CSV.File` or `CSV.Rows` with `TranscodingStreams.TranscodingStream{CodecBzip2.Bzip2Decompressor,Base.GenericIOBuffer{Array{UInt8,1}}}` object is deprecated; pass a filename, `IOBuffer`, or byte buffer directly (via `read(x)`)
│   caller = Header at header.jl:109 [inlined]
└ @ Core ~/.julia/packages/CSV/la2cd/src/header.jl:109
┌ Warning: `CSV.File` or `CSV.Rows` with `TranscodingStreams.TranscodingStream{CodecLz4.LZ4FrameDecompressor,Base.GenericIOBuffer{Array{UInt8,1}}}` object is deprecated; pass a filename, `IOBuffer`, or byte buffer directly (via `read(x)`)
│   caller = Header at header.jl:109 [inlined]
└ @ Core ~/.julia/packages/CSV/la2cd/src/header.jl:109
┌ Warning: `CSV.File` or `CSV.Rows` with `TranscodingStreams.TranscodingStream{CodecZstd.ZstdDecompressor,Base.GenericIOBuffer{Array{UInt8,1}}}` object is deprecated; pass a filename, `IOBuffer`, or byte buffer directly (via `read(x)`)
│   caller = Header at header.jl:109 [inlined]
└ @ Core ~/.julia/packages/CSV/la2cd/src/header.jl:109
┌ Warning: `CSV.File` or `CSV.Rows` with `ZipFile.ReadableFile` object is deprecated; pass a filename, `IOBuffer`, or byte buffer directly (via `read(x)`)
│   caller = Header at header.jl:109 [inlined]
└ @ Core ~/.julia/packages/CSV/la2cd/src/header.jl:109
zip compress: Log Test Failed at /home/user/.julia/packages/UrlDownload/t5kcg/test/test03_compress.jl:46
  Expression: urldownload(url)
  Log Pattern: (:warn, "More than one file in zip archive, returning first.")
  Captured Logs: 
    Test.LogRecord(Warn, "More than one file in zip archive, returning first.", UrlDownload, :UrlDownload, :UrlDownload_e7efe872, "/home/pkgeval/.julia/packages/UrlDownload/t5kcg/src/UrlDownload.jl", 310, Base.Iterators.Pairs{Union{},Union{},Tuple{},NamedTuple{(),Tuple{}}}())
    Test.LogRecord(Warn, "`CSV.File` or `CSV.Rows` with `ZipFile.ReadableFile` object is deprecated; pass a filename, `IOBuffer`, or byte buffer directly (via `read(x)`)", Core, :depwarn, (Ptr{Nothing} @0x00007fea7eae17ef, :getsource), "/home/user/.julia/packages/CSV/la2cd/src/header.jl", 109, Base.Iterators.Pairs{Symbol,Any,Tuple{Symbol,Symbol},NamedTuple{(:caller, :maxlog),Tuple{Base.StackTraces.StackFrame,Int64}}}(:caller => Header at header.jl:109 [inlined],:maxlog => 1))

Stacktrace:
 [1] record(::Test.DefaultTestSet, ::Test.LogTestFailure) at /workspace/srcdir/usr/share/julia/stdlib/v1.5/Test/src/logging.jl:89
 [2] top-level scope at /home/user/.julia/packages/UrlDownload/t5kcg/test/test03_compress.jl:46
 [3] top-level scope at /workspace/srcdir/usr/share/julia/stdlib/v1.5/Test/src/Test.jl:1115
 [4] top-level scope at /home/user/.julia/packages/UrlDownload/t5kcg/test/test03_compress.jl:40
zip compress: Log Test Failed at /home/user/.julia/packages/UrlDownload/t5kcg/test/test03_compress.jl:49
  Expression: urldownload(url, multifiles = true)
  Log Pattern: (:warn, "Data format unknown is not supported.")
  Captured Logs: 
    Test.LogRecord(Warn, "`CSV.File` or `CSV.Rows` with `ZipFile.ReadableFile` object is deprecated; pass a filename, `IOBuffer`, or byte buffer directly (via `read(x)`)", Core, :depwarn, (Ptr{Nothing} @0x00007fea7eae17ef, :getsource), "/home/user/.julia/packages/CSV/la2cd/src/header.jl", 109, Base.Iterators.Pairs{Symbol,Any,Tuple{Symbol,Symbol},NamedTuple{(:caller, :maxlog),Tuple{Base.StackTraces.StackFrame,Int64}}}(:caller => Header at header.jl:109 [inlined],:maxlog => 1))
    Test.LogRecord(Warn, "Data format unknown is not supported.", UrlDownload, :UrlDownload, :UrlDownload_4021b284, "/home/pkgeval/.julia/packages/UrlDownload/t5kcg/src/UrlDownload.jl", 173, Base.Iterators.Pairs{Union{},Union{},Tuple{},NamedTuple{(),Tuple{}}}())

Stacktrace:
 [1] record(::Test.DefaultTestSet, ::Test.LogTestFailure) at /workspace/srcdir/usr/share/julia/stdlib/v1.5/Test/src/logging.jl:89
 [2] top-level scope at /home/user/.julia/packages/UrlDownload/t5kcg/test/test03_compress.jl:49
 [3] top-level scope at /workspace/srcdir/usr/share/julia/stdlib/v1.5/Test/src/Test.jl:1115
 [4] top-level scope at /home/user/.julia/packages/UrlDownload/t5kcg/test/test03_compress.jl:40
Test Summary:        | Pass  Fail  Total
compress             |   12     2     14
  compress           |   10           10
  zip compress       |    1     2      3
  compress overrides |    1            1
ERROR: LoadError: Some tests did not pass: 12 passed, 2 failed, 0 errored, 0 broken.
in expression starting at /home/user/.julia/packages/UrlDownload/t5kcg/test/runtests.jl:4

PkgEval failed: Package UrlDownload errored during testing
Stacktrace:
 [1] pkgerror(::String) at /workspace/srcdir/usr/share/julia/stdlib/v1.5/Pkg/src/Types.jl:52
 [2] test(::Pkg.Types.Context, ::Array{Pkg.Types.PackageSpec,1}; coverage::Bool, julia_args::Cmd, test_args::Cmd, test_fn::Nothing) at /workspace/srcdir/usr/share/julia/stdlib/v1.5/Pkg/src/Operations.jl:1578
 [3] test(::Pkg.Types.Context, ::Array{Pkg.Types.PackageSpec,1}; coverage::Bool, test_fn::Nothing, julia_args::Cmd, test_args::Cmd, kwargs::Base.Iterators.Pairs{Union{},Union{},Tuple{},NamedTuple{(),Tuple{}}}) at /workspace/srcdir/usr/share/julia/stdlib/v1.5/Pkg/src/API.jl:327
 [4] test(::Pkg.Types.Context, ::Array{Pkg.Types.PackageSpec,1}) at /workspace/srcdir/usr/share/julia/stdlib/v1.5/Pkg/src/API.jl:314
 [5] #test#61 at /workspace/srcdir/usr/share/julia/stdlib/v1.5/Pkg/src/API.jl:67 [inlined]
 [6] test at /workspace/srcdir/usr/share/julia/stdlib/v1.5/Pkg/src/API.jl:67 [inlined]
 [7] #test#60 at /workspace/srcdir/usr/share/julia/stdlib/v1.5/Pkg/src/API.jl:66 [inlined]
 [8] test at /workspace/srcdir/usr/share/julia/stdlib/v1.5/Pkg/src/API.jl:66 [inlined]
 [9] test(::String; kwargs::Base.Iterators.Pairs{Union{},Union{},Tuple{},NamedTuple{(),Tuple{}}}) at /workspace/srcdir/usr/share/julia/stdlib/v1.5/Pkg/src/API.jl:65
 [10] test(::String) at /workspace/srcdir/usr/share/julia/stdlib/v1.5/Pkg/src/API.jl:65
 [11] top-level scope at none:22
 [12] eval at ./boot.jl:331 [inlined]
 [13] eval(::Expr) at ./client.jl:467
 [14] top-level scope at none:1
 [15] eval(::Module, ::Any) at ./boot.jl:331
 [16] exec_options(::Base.JLOptions) at ./client.jl:272
 [17] _start() at ./client.jl:506


################################################################################
# PkgEval teardown: 2021-01-11T19:18:31.103
CPU usage: 203.04s (191.86s user, 11.48s kernel)

Network usage:
- eth0: 15.263 MiB received, 385.026 KiB sent

Raw statistics: {"blkio_stats":{"io_queue_recursive":[],"io_serviced_recursive":[{"major":259,"value":2,"op":"Read","minor":0},{"major":259,"value":19,"op":"Write","minor":0},{"major":259,"value":16,"op":"Sync","minor":0},{"major":259,"value":5,"op":"Async","minor":0},{"major":259,"value":0,"op":"Discard","minor":0},{"major":259,"value":21,"op":"Total","minor":0},{"major":253,"value":2,"op":"Read","minor":2},{"major":253,"value":19,"op":"Write","minor":2},{"major":253,"value":16,"op":"Sync","minor":2},{"major":253,"value":5,"op":"Async","minor":2},{"major":253,"value":0,"op":"Discard","minor":2},{"major":253,"value":21,"op":"Total","minor":2}],"io_time_recursive":[],"sectors_recursive":[],"io_service_bytes_recursive":[{"major":259,"value":225280,"op":"Read","minor":0},{"major":259,"value":90112,"op":"Write","minor":0},{"major":259,"value":282624,"op":"Sync","minor":0},{"major":259,"value":32768,"op":"Async","minor":0},{"major":259,"value":0,"op":"Discard","minor":0},{"major":259,"value":315392,"op":"Total","minor":0},{"major":253,"value":225280,"op":"Read","minor":2},{"major":253,"value":90112,"op":"Write","minor":2},{"major":253,"value":282624,"op":"Sync","minor":2},{"major":253,"value":32768,"op":"Async","minor":2},{"major":253,"value":0,"op":"Discard","minor":2},{"major":253,"value":315392,"op":"Total","minor":2}],"io_wait_time_recursive":[],"io_merged_recursive":[],"io_service_time_recursive":[]},"memory_stats":{"usage":423718912,"max_usage":1675038720,"stats":{"hierarchical_memory_limit":9223372036854771712,"pgmajfault":0,"total_rss":231649280,"inactive_file":135168,"inactive_anon":121380864,"total_pgfault":4988148,"total_cache":159371264,"total_rss_huge":0,"total_active_anon":269254656,"total_pgmajfault":0,"pgpgin":3214398,"rss_huge":0,"mapped_file":0,"total_inactive_file":135168,"dirty":135168,"total_unevictable":0,"total_dirty":135168,"writeback":0,"pgpgout":3118916,"hierarchical_memsw_limit":0,"cache":159371264,"active_file":270336,"pgfault":4988148,"total_mapped_file":0,"total_pgpgout":3118916,"total_writeback":0,"rss":231649280,"unevictable":0,"total_inactive_anon":121380864,"total_pgpgin":3214398,"active_anon":269254656,"total_active_file":270336},"limit":540965302272},"name":"/UrlDownload-AZDvXhAk","networks":{"eth0":{"rx_bytes":16003981,"rx_packets":3152,"tx_packets":3316,"tx_bytes":394267,"tx_dropped":0,"rx_dropped":7,"tx_errors":0,"rx_errors":0}},"id":"e0bd4d9c28871026290084475a92295644833ac6dc5ff943c1ac72f3d306ddd0","preread":"0001-01-01T00:00:00Z","storage_stats":{},"precpu_stats":{"throttling_data":{"throttled_periods":0,"throttled_time":0,"periods":0},"cpu_usage":{"usage_in_usermode":0,"usage_in_kernelmode":0,"total_usage":0}},"pids_stats":{"current":44},"num_procs":0,"cpu_stats":{"throttling_data":{"throttled_periods":0,"throttled_time":0,"periods":0},"system_cpu_usage":4961071594522419,"online_cpus":128,"cpu_usage":{"usage_in_usermode":191860000000,"usage_in_kernelmode":11480000000,"total_usage":203044954644,"percpu_usage":[0,0,0,0,0,0,0,0,0,0,0,0,0,0,0,0,0,0,0,0,0,0,0,0,0,0,0,0,0,0,0,0,203044542264,0,0,0,0,0,0,0,0,0,0,0,0,0,0,0,0,0,0,0,0,0,0,0,0,0,0,0,0,0,0,0,0,0,0,0,0,0,0,0,0,0,0,0,0,0,0,0,0,0,0,0,0,0,0,0,0,0,0,0,0,0,0,0,3460,408920,0,0,0,0,0,0,0,0,0,0,0,0,0,0,0,0,0,0,0,0,0,0,0,0,0,0,0,0,0,0]}},"read":"2021-01-11T19:18:31.10770486Z"}