################################################################################
# PackageCompiler set-up: 2021-01-11T23:31:58.858
#

Julia Version 1.5.3
Commit 599f52c4c6 (2020-12-18 13:33 UTC)
Platform Info:
  OS: Linux (x86_64-linux-gnu)
  CPU: AMD EPYC 7502 32-Core Processor
  WORD_SIZE: 64
  LIBM: libopenlibm
  LLVM: libLLVM-9.0.1 (ORCJIT, znver2)
Environment:
  JULIA_PKGEVAL = true
  JULIA_PKG_PRECOMPILE_AUTO = 0



################################################################################
# Installation: 2021-01-11T23:32:00.58
#

 Installing known registries into `~/.julia`
##################                                                        25.2%######################################################################## 100.0%
      Added registry `General` to `~/.julia/registries/General`
  Resolving package versions...
  Installed VersionVigilante ─ v0.4.4
  Installed PackageCompiler ── v1.2.5
Updating `~/.julia/environments/v1.5/Project.toml`
  [9b87118b] + PackageCompiler v1.2.5
  [227ca074] + VersionVigilante v0.4.4
Updating `~/.julia/environments/v1.5/Manifest.toml`
  [9b87118b] + PackageCompiler v1.2.5
  [227ca074] + VersionVigilante v0.4.4
  [2a0f44e3] + Base64
  [ade2ca70] + Dates
  [b77e0a4c] + InteractiveUtils
  [76f85450] + LibGit2
  [8f399da3] + Libdl
  [56ddb016] + Logging
  [d6f4376e] + Markdown
  [44cfe95a] + Pkg
  [de0858da] + Printf
  [3fa0cd96] + REPL
  [9a3f8284] + Random
  [ea8e919c] + SHA
  [9e88b42a] + Serialization
  [6462fe0b] + Sockets
  [cf7118a7] + UUIDs
  [4ec0a83e] + Unicode


################################################################################
# Compiling: 2021-01-11T23:32:06.251
#

[ Info: PackageCompiler: creating system image object file, this might take a while...
Generated system image is 147.356 MiB, compilation took 162 seconds


################################################################################
# PkgEval set-up: 2021-01-11T23:34:55.61
#

Julia Version 1.5.3
Commit 599f52c4c6 (2020-12-18 13:33 UTC)
Platform Info:
  OS: Linux (x86_64-linux-gnu)
  CPU: AMD EPYC 7502 32-Core Processor
  WORD_SIZE: 64
  LIBM: libopenlibm
  LLVM: libLLVM-9.0.1 (ORCJIT, znver2)
Environment:
  JULIA_PKGEVAL = true
  JULIA_PKG_PRECOMPILE_AUTO = 0

Base.julia_cmd() = `/usr/local/julia/bin/julia -Cnative -J/cache/VersionVigilante-CJFLZZM4.so -g1`


################################################################################
# Installation: 2021-01-11T23:34:57.438
#

 Installing known registries into `~/.julia`
#######                                                                   10.7%######################################################################## 100.0%
      Added registry `General` to `~/.julia/registries/General`
  Resolving package versions...
  Installed VersionVigilante ─ v0.4.4
Updating `~/.julia/environments/v1.5/Project.toml`
  [227ca074] + VersionVigilante v0.4.4
Updating `~/.julia/environments/v1.5/Manifest.toml`
  [227ca074] + VersionVigilante v0.4.4
  [2a0f44e3] + Base64
  [ade2ca70] + Dates
  [b77e0a4c] + InteractiveUtils
  [76f85450] + LibGit2
  [8f399da3] + Libdl
  [56ddb016] + Logging
  [d6f4376e] + Markdown
  [44cfe95a] + Pkg
  [de0858da] + Printf
  [3fa0cd96] + REPL
  [9a3f8284] + Random
  [ea8e919c] + SHA
  [9e88b42a] + Serialization
  [6462fe0b] + Sockets
  [cf7118a7] + UUIDs
  [4ec0a83e] + Unicode


################################################################################
# Testing: 2021-01-11T23:35:01.147
#

    Testing VersionVigilante
Status `/tmp/jl_6zUkV8/Project.toml`
  [227ca074] VersionVigilante v0.4.4
  [44cfe95a] Pkg
  [8dfed614] Test
Status `/tmp/jl_6zUkV8/Manifest.toml`
  [227ca074] VersionVigilante v0.4.4
  [2a0f44e3] Base64
  [ade2ca70] Dates
  [8ba89e20] Distributed
  [b77e0a4c] InteractiveUtils
  [76f85450] LibGit2
  [8f399da3] Libdl
  [56ddb016] Logging
  [d6f4376e] Markdown
  [44cfe95a] Pkg
  [de0858da] Printf
  [3fa0cd96] REPL
  [9a3f8284] Random
  [ea8e919c] SHA
  [9e88b42a] Serialization
  [6462fe0b] Sockets
  [8dfed614] Test
  [cf7118a7] UUIDs
  [4ec0a83e] Unicode
Cloning into 'MYCLONEDREPO'...
Switched to a new branch 'master-1.0.0'
Branch 'master-1.0.0' set up to track remote branch 'master-1.0.0' from 'origin'.
Switched to branch 'feature-0.9.9'
Cloning into 'MYCLONEDREPO'...
Switched to a new branch 'master-1.0.0'
Branch 'master-1.0.0' set up to track remote branch 'master-1.0.0' from 'origin'.
[ Info: Master version: 1.0.0
[ Info: Head version: 0.9.9
Cloning into 'MYCLONEDREPO'...
Branch 'master-1.0.0' set up to track remote branch 'master-1.0.0' from 'origin'.
Switched to a new branch 'master-1.0.0'
Switched to branch 'feature-1.0.0-'
Cloning into 'MYCLONEDREPO'...
Branch 'master-1.0.0' set up to track remote branch 'master-1.0.0' from 'origin'.
Switched to a new branch 'master-1.0.0'
[ Info: Master version: 1.0.0
[ Info: Head version: 1.0.0-
Cloning into 'MYCLONEDREPO'...
Branch 'master-1.0.0' set up to track remote branch 'master-1.0.0' from 'origin'.
Switched to a new branch 'master-1.0.0'
Switched to branch 'feature-1.0.0-'
Cloning into 'MYCLONEDREPO'...
Switched to a new branch 'master-1.0.0'
Branch 'master-1.0.0' set up to track remote branch 'master-1.0.0' from 'origin'.
[ Info: Master version: 1.0.0
[ Info: Head version: 1.0.0-DEV
Cloning into 'MYCLONEDREPO'...
Switched to a new branch 'master-1.0.0'
Branch 'master-1.0.0' set up to track remote branch 'master-1.0.0' from 'origin'.
Switched to branch 'feature-1.0.0'
Cloning into 'MYCLONEDREPO'...
Switched to a new branch 'master-1.0.0'
Branch 'master-1.0.0' set up to track remote branch 'master-1.0.0' from 'origin'.
[ Info: Master version: 1.0.0
[ Info: Head version: 1.0.0
Cloning into 'MYCLONEDREPO'...
Switched to a new branch 'master-1.0.0'
Branch 'master-1.0.0' set up to track remote branch 'master-1.0.0' from 'origin'.
Switched to branch 'feature-1.0.1'
Cloning into 'MYCLONEDREPO'...
Branch 'master-1.0.0' set up to track remote branch 'master-1.0.0' from 'origin'.
Switched to a new branch 'master-1.0.0'
[ Info: Master version: 1.0.0
[ Info: Head version: 1.0.1
[ Info: Version number has increased
┌ Info: Increment is good
│   master_version = v"1.0.0"
│   head_version = v"1.0.1"
└   increment = v"0.0.1"
Cloning into 'MYCLONEDREPO'...
Switched to a new branch 'master-1.0.0'
Branch 'master-1.0.0' set up to track remote branch 'master-1.0.0' from 'origin'.
Switched to branch 'feature-1.1.0'
Cloning into 'MYCLONEDREPO'...
Switched to a new branch 'master-1.0.0'
Branch 'master-1.0.0' set up to track remote branch 'master-1.0.0' from 'origin'.
[ Info: Master version: 1.0.0
[ Info: Head version: 1.1.0
[ Info: Version number has increased
┌ Info: Increment is good
│   master_version = v"1.0.0"
│   head_version = v"1.1.0"
└   increment = v"0.1.0"
Cloning into 'MYCLONEDREPO'...
Switched to a new branch 'master-1.0.0'
Branch 'master-1.0.0' set up to track remote branch 'master-1.0.0' from 'origin'.
Switched to branch 'feature-2.0.0'
Cloning into 'MYCLONEDREPO'...
Switched to a new branch 'master-1.0.0'
Branch 'master-1.0.0' set up to track remote branch 'master-1.0.0' from 'origin'.
[ Info: Master version: 1.0.0
[ Info: Head version: 2.0.0
[ Info: Version number has increased
┌ Info: Increment is good
│   master_version = v"1.0.0"
│   head_version = v"2.0.0"
└   increment = v"1.0.0"
Cloning into 'MYCLONEDREPO'...
Switched to a new branch 'master-1.0.0-dev'
Branch 'master-1.0.0-dev' set up to track remote branch 'master-1.0.0-dev' from 'origin'.
Switched to branch 'feature-1.0.0-dev'
Cloning into 'MYCLONEDREPO'...
Switched to a new branch 'master-1.0.0-dev'
Branch 'master-1.0.0-dev' set up to track remote branch 'master-1.0.0-dev' from 'origin'.
[ Info: Master version: 1.0.0-DEV
[ Info: Head version: 1.0.0-DEV
[ Info: Version number did not change, but it is a prerelease so this is allowed
Cloning into 'MYCLONEDREPO'...
Branch 'master-1.0.0-dev' set up to track remote branch 'master-1.0.0-dev' from 'origin'.
Switched to a new branch 'master-1.0.0-dev'
Switched to branch 'feature-1.0.0'
Cloning into 'MYCLONEDREPO'...
Switched to a new branch 'master-1.0.0-dev'
Branch 'master-1.0.0-dev' set up to track remote branch 'master-1.0.0-dev' from 'origin'.
[ Info: Master version: 1.0.0-DEV
[ Info: Head version: 1.0.0
[ Info: Version number has increased
┌ Info: Increment is good
│   master_version = v"1.0.0-DEV"
│   head_version = v"1.0.0"
└   increment = v"0.0.0"
Cloning into 'MYCLONEDREPO'...
Switched to a new branch 'master-1.0.0'
Branch 'master-1.0.0' set up to track remote branch 'master-1.0.0' from 'origin'.
Switched to branch 'feature-1.0.0'
Cloning into 'MYCLONEDREPO'...
Switched to a new branch 'master-1.0.0'
Branch 'master-1.0.0' set up to track remote branch 'master-1.0.0' from 'origin'.
[ Info: Master version: 1.0.0
[ Info: Head version: 1.0.0
Cloning into 'MYCLONEDREPO'...
Switched to a new branch 'master-1.0.0'
Branch 'master-1.0.0' set up to track remote branch 'master-1.0.0' from 'origin'.
Switched to branch 'feature-1.0.0'
Cloning into 'MYCLONEDREPO'...
Branch 'master-1.0.0' set up to track remote branch 'master-1.0.0' from 'origin'.
Switched to a new branch 'master-1.0.0'
[ Info: Master version: 1.0.0
[ Info: Head version: 1.0.0
Cloning into 'MYCLONEDREPO'...
Switched to a new branch 'master-1.0.0-dev'
Branch 'master-1.0.0-dev' set up to track remote branch 'master-1.0.0-dev' from 'origin'.
Switched to branch 'feature-1.0.0-dev'
Cloning into 'MYCLONEDREPO'...
Switched to a new branch 'master-1.0.0-dev'
Branch 'master-1.0.0-dev' set up to track remote branch 'master-1.0.0-dev' from 'origin'.
[ Info: Master version: 1.0.0-DEV
[ Info: Head version: 1.0.0-DEV
[ Info: Version number did not change, but it is a prerelease so this is allowed
Cloning into 'MYCLONEDREPO'...
Switched to a new branch 'master-1.0.0-dev'
Branch 'master-1.0.0-dev' set up to track remote branch 'master-1.0.0-dev' from 'origin'.
Switched to branch 'feature-1.0.0-dev'
Cloning into 'MYCLONEDREPO'...
Switched to a new branch 'master-1.0.0-dev'
Branch 'master-1.0.0-dev' set up to track remote branch 'master-1.0.0-dev' from 'origin'.
[ Info: Master version: 1.0.0-DEV
[ Info: Head version: 1.0.0-DEV
Cloning into 'MYCLONEDREPO'...
Switched to a new branch 'master-1.0.0'
Branch 'master-1.0.0' set up to track remote branch 'master-1.0.0' from 'origin'.
Switched to branch 'feature-1.0.2'
Cloning into 'MYCLONEDREPO'...
Branch 'master-1.0.0' set up to track remote branch 'master-1.0.0' from 'origin'.
Switched to a new branch 'master-1.0.0'
[ Info: Master version: 1.0.0
[ Info: Head version: 1.0.2
[ Info: Version number has increased
┌ Warning: Increment is bad, but `allow_skipping_versions` is true, so we will allow it
│   master_version = v"1.0.0"
│   head_version = v"1.0.2"
│   increment = v"0.0.2"
│   allow_skipping_versions = true
└ @ VersionVigilante /home/pkgeval/.julia/packages/VersionVigilante/TJ0ZT/src/compare_versions.jl:64
Cloning into 'MYCLONEDREPO'...
Switched to a new branch 'master-1.0.0'
Branch 'master-1.0.0' set up to track remote branch 'master-1.0.0' from 'origin'.
Switched to branch 'feature-1.0.3'
Cloning into 'MYCLONEDREPO'...
Switched to a new branch 'master-1.0.0'
Branch 'master-1.0.0' set up to track remote branch 'master-1.0.0' from 'origin'.
[ Info: Master version: 1.0.0
[ Info: Head version: 1.0.3
[ Info: Version number has increased
┌ Warning: Increment is bad, but `allow_skipping_versions` is true, so we will allow it
│   master_version = v"1.0.0"
│   head_version = v"1.0.3"
│   increment = v"0.0.3"
│   allow_skipping_versions = true
└ @ VersionVigilante /home/pkgeval/.julia/packages/VersionVigilante/TJ0ZT/src/compare_versions.jl:64
Cloning into 'MYCLONEDREPO'...
Branch 'master-1.0.0' set up to track remote branch 'master-1.0.0' from 'origin'.
Switched to a new branch 'master-1.0.0'
Switched to branch 'feature-1.2.0'
Cloning into 'MYCLONEDREPO'...
Switched to a new branch 'master-1.0.0'
Branch 'master-1.0.0' set up to track remote branch 'master-1.0.0' from 'origin'.
[ Info: Master version: 1.0.0
[ Info: Head version: 1.2.0
[ Info: Version number has increased
┌ Warning: Increment is bad, but `allow_skipping_versions` is true, so we will allow it
│   master_version = v"1.0.0"
│   head_version = v"1.2.0"
│   increment = v"0.2.0"
│   allow_skipping_versions = true
└ @ VersionVigilante /home/pkgeval/.julia/packages/VersionVigilante/TJ0ZT/src/compare_versions.jl:64
Cloning into 'MYCLONEDREPO'...
Switched to a new branch 'master-1.0.0'
Branch 'master-1.0.0' set up to track remote branch 'master-1.0.0' from 'origin'.
Switched to branch 'feature-1.2.1'
Cloning into 'MYCLONEDREPO'...
Switched to a new branch 'master-1.0.0'
Branch 'master-1.0.0' set up to track remote branch 'master-1.0.0' from 'origin'.
[ Info: Master version: 1.0.0
[ Info: Head version: 1.2.1
[ Info: Version number has increased
┌ Warning: Increment is bad, but `allow_skipping_versions` is true, so we will allow it
│   master_version = v"1.0.0"
│   head_version = v"1.2.1"
│   increment = v"0.2.1"
│   allow_skipping_versions = true
└ @ VersionVigilante /home/pkgeval/.julia/packages/VersionVigilante/TJ0ZT/src/compare_versions.jl:64
Cloning into 'MYCLONEDREPO'...
Switched to a new branch 'master-1.0.0'
Branch 'master-1.0.0' set up to track remote branch 'master-1.0.0' from 'origin'.
Switched to branch 'feature-1.2.2'
Cloning into 'MYCLONEDREPO'...
Switched to a new branch 'master-1.0.0'
Branch 'master-1.0.0' set up to track remote branch 'master-1.0.0' from 'origin'.
[ Info: Master version: 1.0.0
[ Info: Head version: 1.2.2
[ Info: Version number has increased
┌ Warning: Increment is bad, but `allow_skipping_versions` is true, so we will allow it
│   master_version = v"1.0.0"
│   head_version = v"1.2.2"
│   increment = v"0.2.2"
│   allow_skipping_versions = true
└ @ VersionVigilante /home/pkgeval/.julia/packages/VersionVigilante/TJ0ZT/src/compare_versions.jl:64
Cloning into 'MYCLONEDREPO'...
Switched to a new branch 'master-1.0.0'
Branch 'master-1.0.0' set up to track remote branch 'master-1.0.0' from 'origin'.
Switched to branch 'feature-1.2.3'
Cloning into 'MYCLONEDREPO'...
Branch 'master-1.0.0' set up to track remote branch 'master-1.0.0' from 'origin'.
Switched to a new branch 'master-1.0.0'
[ Info: Master version: 1.0.0
[ Info: Head version: 1.2.3
[ Info: Version number has increased
┌ Warning: Increment is bad, but `allow_skipping_versions` is true, so we will allow it
│   master_version = v"1.0.0"
│   head_version = v"1.2.3"
│   increment = v"0.2.3"
│   allow_skipping_versions = true
└ @ VersionVigilante /home/pkgeval/.julia/packages/VersionVigilante/TJ0ZT/src/compare_versions.jl:64
Cloning into 'MYCLONEDREPO'...
Branch 'master-1.0.0' set up to track remote branch 'master-1.0.0' from 'origin'.
Switched to a new branch 'master-1.0.0'
Switched to branch 'feature-3.0.0'
Cloning into 'MYCLONEDREPO'...
Switched to a new branch 'master-1.0.0'
Branch 'master-1.0.0' set up to track remote branch 'master-1.0.0' from 'origin'.
[ Info: Master version: 1.0.0
[ Info: Head version: 3.0.0
[ Info: Version number has increased
┌ Warning: Increment is bad, but `allow_skipping_versions` is true, so we will allow it
│   master_version = v"1.0.0"
│   head_version = v"3.0.0"
│   increment = v"2.0.0"
│   allow_skipping_versions = true
└ @ VersionVigilante /home/pkgeval/.julia/packages/VersionVigilante/TJ0ZT/src/compare_versions.jl:64
Cloning into 'MYCLONEDREPO'...
Switched to a new branch 'master-1.0.0'
Branch 'master-1.0.0' set up to track remote branch 'master-1.0.0' from 'origin'.
Switched to branch 'feature-3.0.1'
Cloning into 'MYCLONEDREPO'...
Branch 'master-1.0.0' set up to track remote branch 'master-1.0.0' from 'origin'.
Switched to a new branch 'master-1.0.0'
[ Info: Master version: 1.0.0
[ Info: Head version: 3.0.1
[ Info: Version number has increased
┌ Warning: Increment is bad, but `allow_skipping_versions` is true, so we will allow it
│   master_version = v"1.0.0"
│   head_version = v"3.0.1"
│   increment = v"2.0.1"
│   allow_skipping_versions = true
└ @ VersionVigilante /home/pkgeval/.julia/packages/VersionVigilante/TJ0ZT/src/compare_versions.jl:64
Cloning into 'MYCLONEDREPO'...
Switched to a new branch 'master-1.0.0'
Branch 'master-1.0.0' set up to track remote branch 'master-1.0.0' from 'origin'.
Switched to branch 'feature-3.1.0'
Cloning into 'MYCLONEDREPO'...
Switched to a new branch 'master-1.0.0'
Branch 'master-1.0.0' set up to track remote branch 'master-1.0.0' from 'origin'.
[ Info: Master version: 1.0.0
[ Info: Head version: 3.1.0
[ Info: Version number has increased
┌ Warning: Increment is bad, but `allow_skipping_versions` is true, so we will allow it
│   master_version = v"1.0.0"
│   head_version = v"3.1.0"
│   increment = v"2.1.0"
│   allow_skipping_versions = true
└ @ VersionVigilante /home/pkgeval/.julia/packages/VersionVigilante/TJ0ZT/src/compare_versions.jl:64
Cloning into 'MYCLONEDREPO'...
Branch 'master-1.0.0' set up to track remote branch 'master-1.0.0' from 'origin'.
Switched to a new branch 'master-1.0.0'
Switched to branch 'feature-3.1.1'
Cloning into 'MYCLONEDREPO'...
Switched to a new branch 'master-1.0.0'
Branch 'master-1.0.0' set up to track remote branch 'master-1.0.0' from 'origin'.
[ Info: Master version: 1.0.0
[ Info: Head version: 3.1.1
[ Info: Version number has increased
┌ Warning: Increment is bad, but `allow_skipping_versions` is true, so we will allow it
│   master_version = v"1.0.0"
│   head_version = v"3.1.1"
│   increment = v"2.1.1"
│   allow_skipping_versions = true
└ @ VersionVigilante /home/pkgeval/.julia/packages/VersionVigilante/TJ0ZT/src/compare_versions.jl:64
Cloning into 'MYCLONEDREPO'...
Branch 'master-1.0.0' set up to track remote branch 'master-1.0.0' from 'origin'.
Switched to a new branch 'master-1.0.0'
Switched to branch 'feature-1.0.2'
Cloning into 'MYCLONEDREPO'...
Switched to a new branch 'master-1.0.0'
Branch 'master-1.0.0' set up to track remote branch 'master-1.0.0' from 'origin'.
[ Info: Master version: 1.0.0
[ Info: Head version: 1.0.2
[ Info: Version number has increased
┌ Error: Increment is bad
│   master_version = v"1.0.0"
│   head_version = v"1.0.2"
│   increment = v"0.0.2"
│   allow_skipping_versions = false
└ @ VersionVigilante /home/pkgeval/.julia/packages/VersionVigilante/TJ0ZT/src/compare_versions.jl:70
Cloning into 'MYCLONEDREPO'...
Branch 'master-1.0.0' set up to track remote branch 'master-1.0.0' from 'origin'.
Switched to a new branch 'master-1.0.0'
Switched to branch 'feature-1.0.3'
Cloning into 'MYCLONEDREPO'...
Branch 'master-1.0.0' set up to track remote branch 'master-1.0.0' from 'origin'.
Switched to a new branch 'master-1.0.0'
[ Info: Master version: 1.0.0
[ Info: Head version: 1.0.3
[ Info: Version number has increased
┌ Error: Increment is bad
│   master_version = v"1.0.0"
│   head_version = v"1.0.3"
│   increment = v"0.0.3"
│   allow_skipping_versions = false
└ @ VersionVigilante /home/pkgeval/.julia/packages/VersionVigilante/TJ0ZT/src/compare_versions.jl:70
Cloning into 'MYCLONEDREPO'...
Switched to a new branch 'master-1.0.0'
Branch 'master-1.0.0' set up to track remote branch 'master-1.0.0' from 'origin'.
Switched to branch 'feature-1.2.0'
Cloning into 'MYCLONEDREPO'...
Switched to a new branch 'master-1.0.0'
Branch 'master-1.0.0' set up to track remote branch 'master-1.0.0' from 'origin'.
[ Info: Master version: 1.0.0
[ Info: Head version: 1.2.0
[ Info: Version number has increased
┌ Error: Increment is bad
│   master_version = v"1.0.0"
│   head_version = v"1.2.0"
│   increment = v"0.2.0"
│   allow_skipping_versions = false
└ @ VersionVigilante /home/pkgeval/.julia/packages/VersionVigilante/TJ0ZT/src/compare_versions.jl:70
Cloning into 'MYCLONEDREPO'...
Branch 'master-1.0.0' set up to track remote branch 'master-1.0.0' from 'origin'.
Switched to a new branch 'master-1.0.0'
Switched to branch 'feature-1.2.1'
Cloning into 'MYCLONEDREPO'...
Branch 'master-1.0.0' set up to track remote branch 'master-1.0.0' from 'origin'.
Switched to a new branch 'master-1.0.0'
[ Info: Master version: 1.0.0
[ Info: Head version: 1.2.1
[ Info: Version number has increased
┌ Error: Increment is bad
│   master_version = v"1.0.0"
│   head_version = v"1.2.1"
│   increment = v"0.2.1"
│   allow_skipping_versions = false
└ @ VersionVigilante /home/pkgeval/.julia/packages/VersionVigilante/TJ0ZT/src/compare_versions.jl:70
Cloning into 'MYCLONEDREPO'...
Switched to a new branch 'master-1.0.0'
Branch 'master-1.0.0' set up to track remote branch 'master-1.0.0' from 'origin'.
Switched to branch 'feature-1.2.2'
Cloning into 'MYCLONEDREPO'...
Switched to a new branch 'master-1.0.0'
Branch 'master-1.0.0' set up to track remote branch 'master-1.0.0' from 'origin'.
[ Info: Master version: 1.0.0
[ Info: Head version: 1.2.2
[ Info: Version number has increased
┌ Error: Increment is bad
│   master_version = v"1.0.0"
│   head_version = v"1.2.2"
│   increment = v"0.2.2"
│   allow_skipping_versions = false
└ @ VersionVigilante /home/pkgeval/.julia/packages/VersionVigilante/TJ0ZT/src/compare_versions.jl:70
Cloning into 'MYCLONEDREPO'...
Branch 'master-1.0.0' set up to track remote branch 'master-1.0.0' from 'origin'.
Switched to a new branch 'master-1.0.0'
Switched to branch 'feature-1.2.3'
Cloning into 'MYCLONEDREPO'...
Switched to a new branch 'master-1.0.0'
Branch 'master-1.0.0' set up to track remote branch 'master-1.0.0' from 'origin'.
[ Info: Master version: 1.0.0
[ Info: Head version: 1.2.3
[ Info: Version number has increased
┌ Error: Increment is bad
│   master_version = v"1.0.0"
│   head_version = v"1.2.3"
│   increment = v"0.2.3"
│   allow_skipping_versions = false
└ @ VersionVigilante /home/pkgeval/.julia/packages/VersionVigilante/TJ0ZT/src/compare_versions.jl:70
Cloning into 'MYCLONEDREPO'...
Switched to a new branch 'master-1.0.0'
Branch 'master-1.0.0' set up to track remote branch 'master-1.0.0' from 'origin'.
Switched to branch 'feature-3.0.0'
Cloning into 'MYCLONEDREPO'...
Switched to a new branch 'master-1.0.0'
Branch 'master-1.0.0' set up to track remote branch 'master-1.0.0' from 'origin'.
[ Info: Master version: 1.0.0
[ Info: Head version: 3.0.0
[ Info: Version number has increased
┌ Error: Increment is bad
│   master_version = v"1.0.0"
│   head_version = v"3.0.0"
│   increment = v"2.0.0"
│   allow_skipping_versions = false
└ @ VersionVigilante /home/pkgeval/.julia/packages/VersionVigilante/TJ0ZT/src/compare_versions.jl:70
Cloning into 'MYCLONEDREPO'...
Switched to a new branch 'master-1.0.0'
Branch 'master-1.0.0' set up to track remote branch 'master-1.0.0' from 'origin'.
Switched to branch 'feature-3.0.1'
Cloning into 'MYCLONEDREPO'...
Switched to a new branch 'master-1.0.0'
Branch 'master-1.0.0' set up to track remote branch 'master-1.0.0' from 'origin'.
[ Info: Master version: 1.0.0
[ Info: Head version: 3.0.1
[ Info: Version number has increased
┌ Error: Increment is bad
│   master_version = v"1.0.0"
│   head_version = v"3.0.1"
│   increment = v"2.0.1"
│   allow_skipping_versions = false
└ @ VersionVigilante /home/pkgeval/.julia/packages/VersionVigilante/TJ0ZT/src/compare_versions.jl:70
Cloning into 'MYCLONEDREPO'...
Switched to a new branch 'master-1.0.0'
Branch 'master-1.0.0' set up to track remote branch 'master-1.0.0' from 'origin'.
Switched to branch 'feature-3.1.0'
Cloning into 'MYCLONEDREPO'...
Switched to a new branch 'master-1.0.0'
Branch 'master-1.0.0' set up to track remote branch 'master-1.0.0' from 'origin'.
[ Info: Master version: 1.0.0
[ Info: Head version: 3.1.0
[ Info: Version number has increased
┌ Error: Increment is bad
│   master_version = v"1.0.0"
│   head_version = v"3.1.0"
│   increment = v"2.1.0"
│   allow_skipping_versions = false
└ @ VersionVigilante /home/pkgeval/.julia/packages/VersionVigilante/TJ0ZT/src/compare_versions.jl:70
Cloning into 'MYCLONEDREPO'...
Switched to a new branch 'master-1.0.0'
Branch 'master-1.0.0' set up to track remote branch 'master-1.0.0' from 'origin'.
Switched to branch 'feature-3.1.1'
Cloning into 'MYCLONEDREPO'...
Switched to a new branch 'master-1.0.0'
Branch 'master-1.0.0' set up to track remote branch 'master-1.0.0' from 'origin'.
[ Info: Master version: 1.0.0
[ Info: Head version: 3.1.1
[ Info: Version number has increased
┌ Error: Increment is bad
│   master_version = v"1.0.0"
│   head_version = v"3.1.1"
│   increment = v"2.1.1"
│   allow_skipping_versions = false
└ @ VersionVigilante /home/pkgeval/.julia/packages/VersionVigilante/TJ0ZT/src/compare_versions.jl:70
Cloning into 'MYCLONEDREPO'...
Switched to a new branch 'master-1.0.0-dev'
Branch 'master-1.0.0-dev' set up to track remote branch 'master-1.0.0-dev' from 'origin'.
Switched to branch 'feature-1.0.0'
Cloning into 'MYCLONEDREPO'...
Switched to a new branch 'master-1.0.0-dev'
Branch 'master-1.0.0-dev' set up to track remote branch 'master-1.0.0-dev' from 'origin'.
[ Info: Master version: 1.0.0-DEV
[ Info: Head version: 1.0.0
::set-output name=master_version::v1.0.0-DEV
::set-output name=pr_version::v1.0.0
[ Info: Version number has increased
::set-output name=compare_versions::success
┌ Info: Increment is good
│   master_version = v"1.0.0-DEV"
│   head_version = v"1.0.0"
└   increment = v"0.0.0"
Cloning into 'MYCLONEDREPO'...
Switched to a new branch 'master-1.0.0-dev'
Branch 'master-1.0.0-dev' set up to track remote branch 'master-1.0.0-dev' from 'origin'.
[ Info: Master version: 1.0.0-DEV
[ Info: Head version: 1.0.0
[ Info: Version number has increased
┌ Info: Increment is good
│   master_version = v"1.0.0-DEV"
│   head_version = v"1.0.0"
└   increment = v"0.0.0"
Test Summary:       | Pass  Total
VersionVigilante.jl |  490    490
    Testing VersionVigilante tests passed 

PkgEval succeeded


################################################################################
# PkgEval teardown: 2021-01-11T23:35:29.86
CPU usage: 15.31s (11.06s user, 4.25s kernel)

Network usage:
- eth0: 3.212 MiB received, 288.947 KiB sent

Raw statistics: {"blkio_stats":{"io_queue_recursive":[],"io_serviced_recursive":[{"major":259,"value":3,"op":"Read","minor":0},{"major":259,"value":1122,"op":"Write","minor":0},{"major":259,"value":155,"op":"Sync","minor":0},{"major":259,"value":970,"op":"Async","minor":0},{"major":259,"value":0,"op":"Discard","minor":0},{"major":259,"value":1125,"op":"Total","minor":0},{"major":253,"value":3,"op":"Read","minor":2},{"major":253,"value":1122,"op":"Write","minor":2},{"major":253,"value":155,"op":"Sync","minor":2},{"major":253,"value":970,"op":"Async","minor":2},{"major":253,"value":0,"op":"Discard","minor":2},{"major":253,"value":1125,"op":"Total","minor":2}],"io_time_recursive":[],"sectors_recursive":[],"io_service_bytes_recursive":[{"major":259,"value":81920,"op":"Read","minor":0},{"major":259,"value":4595712,"op":"Write","minor":0},{"major":259,"value":704512,"op":"Sync","minor":0},{"major":259,"value":3973120,"op":"Async","minor":0},{"major":259,"value":0,"op":"Discard","minor":0},{"major":259,"value":4677632,"op":"Total","minor":0},{"major":253,"value":81920,"op":"Read","minor":2},{"major":253,"value":4595712,"op":"Write","minor":2},{"major":253,"value":704512,"op":"Sync","minor":2},{"major":253,"value":3973120,"op":"Async","minor":2},{"major":253,"value":0,"op":"Discard","minor":2},{"major":253,"value":4677632,"op":"Total","minor":2}],"io_wait_time_recursive":[],"io_merged_recursive":[],"io_service_time_recursive":[]},"memory_stats":{"usage":319504384,"max_usage":487186432,"stats":{"hierarchical_memory_limit":9223372036854771712,"pgmajfault":0,"total_rss":210661376,"inactive_file":135168,"inactive_anon":78802944,"total_pgfault":418572,"total_cache":79482880,"total_rss_huge":0,"total_active_anon":211267584,"total_pgmajfault":0,"pgpgin":245091,"rss_huge":0,"mapped_file":0,"total_inactive_file":135168,"dirty":675840,"total_unevictable":0,"total_dirty":675840,"writeback":0,"pgpgout":174264,"hierarchical_memsw_limit":0,"cache":79482880,"active_file":135168,"pgfault":418572,"total_mapped_file":0,"total_pgpgout":174264,"total_writeback":0,"rss":210661376,"unevictable":0,"total_inactive_anon":78802944,"total_pgpgin":245091,"active_anon":211267584,"total_active_file":135168},"limit":540965302272},"name":"/VersionVigilante-FbStAHWD","networks":{"eth0":{"rx_bytes":3367859,"rx_packets":2051,"tx_packets":2218,"tx_bytes":295882,"tx_dropped":0,"rx_dropped":2,"tx_errors":0,"rx_errors":0}},"id":"6b646d71687418ee2fcfaa2b710f73ddc551784a0e316b83fefa11352bd71bdf","preread":"0001-01-01T00:00:00Z","storage_stats":{},"precpu_stats":{"throttling_data":{"throttled_periods":0,"throttled_time":0,"periods":0},"cpu_usage":{"usage_in_usermode":0,"usage_in_kernelmode":0,"total_usage":0}},"pids_stats":{"current":44},"num_procs":0,"cpu_stats":{"throttling_data":{"throttled_periods":0,"throttled_time":0,"periods":0},"system_cpu_usage":6931349384522419,"online_cpus":128,"cpu_usage":{"usage_in_usermode":11060000000,"usage_in_kernelmode":4250000000,"total_usage":15308482363,"percpu_usage":[0,0,0,0,0,0,0,0,0,0,0,0,0,0,0,0,0,0,0,0,0,0,0,0,298100,0,4700463,15303467310,0,0,0,0,0,0,0,0,0,0,0,0,0,0,0,0,0,0,0,0,0,0,0,0,0,0,0,0,0,0,0,0,0,0,0,0,0,0,0,0,0,0,0,0,0,0,0,0,0,0,0,0,0,0,0,0,0,0,0,0,0,0,0,16490,0,0,0,0,0,0,0,0,0,0,0,0,0,0,0,0,0,0,0,0,0,0,0,0,0,0,0,0,0,0,0,0,0,0,0,0]}},"read":"2021-01-11T23:35:29.862872336Z"}