################################################################################
# PkgEval set-up: 2021-01-11T22:26:05.382
#

Julia Version 1.5.3
Commit 599f52c4c6 (2020-12-18 13:33 UTC)
Platform Info:
  OS: Linux (x86_64-linux-gnu)
  CPU: AMD EPYC 7502 32-Core Processor
  WORD_SIZE: 64
  LIBM: libopenlibm
  LLVM: libLLVM-9.0.1 (ORCJIT, znver2)
Environment:
  JULIA_PKG_PRECOMPILE_AUTO = 0
  JULIA_PKGEVAL = true

Base.julia_cmd() = `/opt/julia/bin/julia -Cnative -J/opt/julia/lib/julia/sys.so -g1`


################################################################################
# Installation: 2021-01-11T22:26:07.208
#

 Installing known registries into `~/.julia`
#                                                                          2.5%######################################################################## 100.0%
      Added registry `General` to `~/.julia/registries/General`
  Resolving package versions...
  Installed VSL ─ v0.2.0
Updating `~/.julia/environments/v1.5/Project.toml`
  [04294c92] + VSL v0.2.0
Updating `~/.julia/environments/v1.5/Manifest.toml`
  [04294c92] + VSL v0.2.0
  [9a3f8284] + Random
  [9e88b42a] + Serialization


################################################################################
# Testing: 2021-01-11T22:26:10.698
#

    Testing VSL
Status `/tmp/jl_wMGMYT/Project.toml`
  [04294c92] VSL v0.2.0
  [de0858da] Printf
  [9a3f8284] Random
  [8dfed614] Test
Status `/tmp/jl_wMGMYT/Manifest.toml`
  [04294c92] VSL v0.2.0
  [2a0f44e3] Base64
  [8ba89e20] Distributed
  [b77e0a4c] InteractiveUtils
  [56ddb016] Logging
  [d6f4376e] Markdown
  [de0858da] Printf
  [9a3f8284] Random
  [9e88b42a] Serialization
  [6462fe0b] Sockets
  [8dfed614] Test
  [4ec0a83e] Unicode
[ Info: Testing basic random number generators...
ERROR: LoadError: LoadError: could not load library "libmkl_rt"
libmkl_rt.so: cannot open shared object file: No such file or directory
Stacktrace:
 [1] BasicRandomNumberGenerator(::BRNGType, ::UInt64) at /home/pkgeval/.julia/packages/VSL/Dbk0Q/src/brngs.jl:27
 [2] top-level scope at /home/pkgeval/.julia/packages/VSL/Dbk0Q/test/test_brngs.jl:3
 [3] include(::String) at ./client.jl:457
 [4] top-level scope at /home/pkgeval/.julia/packages/VSL/Dbk0Q/test/runtests.jl:2
 [5] include(::String) at ./client.jl:457
 [6] top-level scope at none:6
in expression starting at /home/pkgeval/.julia/packages/VSL/Dbk0Q/test/test_brngs.jl:2
in expression starting at /home/pkgeval/.julia/packages/VSL/Dbk0Q/test/runtests.jl:2

PkgEval failed: Package VSL errored during testing
Stacktrace:
 [1] pkgerror(::String) at /workspace/srcdir/usr/share/julia/stdlib/v1.5/Pkg/src/Types.jl:52
 [2] test(::Pkg.Types.Context, ::Array{Pkg.Types.PackageSpec,1}; coverage::Bool, julia_args::Cmd, test_args::Cmd, test_fn::Nothing) at /workspace/srcdir/usr/share/julia/stdlib/v1.5/Pkg/src/Operations.jl:1578
 [3] test(::Pkg.Types.Context, ::Array{Pkg.Types.PackageSpec,1}; coverage::Bool, test_fn::Nothing, julia_args::Cmd, test_args::Cmd, kwargs::Base.Iterators.Pairs{Union{},Union{},Tuple{},NamedTuple{(),Tuple{}}}) at /workspace/srcdir/usr/share/julia/stdlib/v1.5/Pkg/src/API.jl:327
 [4] test(::Pkg.Types.Context, ::Array{Pkg.Types.PackageSpec,1}) at /workspace/srcdir/usr/share/julia/stdlib/v1.5/Pkg/src/API.jl:314
 [5] #test#61 at /workspace/srcdir/usr/share/julia/stdlib/v1.5/Pkg/src/API.jl:67 [inlined]
 [6] test at /workspace/srcdir/usr/share/julia/stdlib/v1.5/Pkg/src/API.jl:67 [inlined]
 [7] #test#60 at /workspace/srcdir/usr/share/julia/stdlib/v1.5/Pkg/src/API.jl:66 [inlined]
 [8] test at /workspace/srcdir/usr/share/julia/stdlib/v1.5/Pkg/src/API.jl:66 [inlined]
 [9] test(::String; kwargs::Base.Iterators.Pairs{Union{},Union{},Tuple{},NamedTuple{(),Tuple{}}}) at /workspace/srcdir/usr/share/julia/stdlib/v1.5/Pkg/src/API.jl:65
 [10] test(::String) at /workspace/srcdir/usr/share/julia/stdlib/v1.5/Pkg/src/API.jl:65
 [11] top-level scope at none:22
 [12] eval at ./boot.jl:331 [inlined]
 [13] eval(::Expr) at ./client.jl:467
 [14] top-level scope at none:1
 [15] eval(::Module, ::Any) at ./boot.jl:331
 [16] exec_options(::Base.JLOptions) at ./client.jl:272
 [17] _start() at ./client.jl:506


################################################################################
# PkgEval teardown: 2021-01-11T22:26:17.587
CPU usage: 12.26s (9.96s user, 2.33s kernel)

Network usage:
- eth0: 2.542 MiB received, 29.632 KiB sent

Raw statistics: {"blkio_stats":{"io_queue_recursive":[],"io_serviced_recursive":[{"major":259,"value":0,"op":"Read","minor":0},{"major":259,"value":24,"op":"Write","minor":0},{"major":259,"value":19,"op":"Sync","minor":0},{"major":259,"value":5,"op":"Async","minor":0},{"major":259,"value":0,"op":"Discard","minor":0},{"major":259,"value":24,"op":"Total","minor":0},{"major":253,"value":0,"op":"Read","minor":2},{"major":253,"value":24,"op":"Write","minor":2},{"major":253,"value":19,"op":"Sync","minor":2},{"major":253,"value":5,"op":"Async","minor":2},{"major":253,"value":0,"op":"Discard","minor":2},{"major":253,"value":24,"op":"Total","minor":2}],"io_time_recursive":[],"sectors_recursive":[],"io_service_bytes_recursive":[{"major":259,"value":0,"op":"Read","minor":0},{"major":259,"value":126976,"op":"Write","minor":0},{"major":259,"value":106496,"op":"Sync","minor":0},{"major":259,"value":20480,"op":"Async","minor":0},{"major":259,"value":0,"op":"Discard","minor":0},{"major":259,"value":126976,"op":"Total","minor":0},{"major":253,"value":0,"op":"Read","minor":2},{"major":253,"value":126976,"op":"Write","minor":2},{"major":253,"value":106496,"op":"Sync","minor":2},{"major":253,"value":20480,"op":"Async","minor":2},{"major":253,"value":0,"op":"Discard","minor":2},{"major":253,"value":126976,"op":"Total","minor":2}],"io_wait_time_recursive":[],"io_merged_recursive":[],"io_service_time_recursive":[]},"memory_stats":{"usage":304418816,"max_usage":600170496,"stats":{"hierarchical_memory_limit":9223372036854771712,"pgmajfault":0,"total_rss":195379200,"inactive_file":135168,"inactive_anon":78802944,"total_pgfault":334719,"total_cache":79667200,"total_rss_huge":0,"total_active_anon":196263936,"total_pgmajfault":0,"pgpgin":203577,"rss_huge":0,"mapped_file":0,"total_inactive_file":135168,"dirty":135168,"total_unevictable":0,"total_dirty":135168,"writeback":0,"pgpgout":136385,"hierarchical_memsw_limit":0,"cache":79667200,"active_file":135168,"pgfault":334719,"total_mapped_file":0,"total_pgpgout":136385,"total_writeback":0,"rss":195379200,"unevictable":0,"total_inactive_anon":78802944,"total_pgpgin":203577,"active_anon":196263936,"total_active_file":135168},"limit":540965302272},"name":"/VSL-RrapFFJl","networks":{"eth0":{"rx_bytes":2665664,"rx_packets":319,"tx_packets":317,"tx_bytes":30343,"tx_dropped":0,"rx_dropped":1,"tx_errors":0,"rx_errors":0}},"id":"0ba208608a69426dd4a93534ce9c8d5d4cf71793208397601390f7e1da5f797e","preread":"0001-01-01T00:00:00Z","storage_stats":{},"precpu_stats":{"throttling_data":{"throttled_periods":0,"throttled_time":0,"periods":0},"cpu_usage":{"usage_in_usermode":0,"usage_in_kernelmode":0,"total_usage":0}},"pids_stats":{"current":40},"num_procs":0,"cpu_stats":{"throttling_data":{"throttled_periods":0,"throttled_time":0,"periods":0},"system_cpu_usage":6400761544522419,"online_cpus":128,"cpu_usage":{"usage_in_usermode":9960000000,"usage_in_kernelmode":2330000000,"total_usage":12255386779,"percpu_usage":[0,0,0,0,0,12255386779,0,0,0,0,0,0,0,0,0,0,0,0,0,0,0,0,0,0,0,0,0,0,0,0,0,0,0,0,0,0,0,0,0,0,0,0,0,0,0,0,0,0,0,0,0,0,0,0,0,0,0,0,0,0,0,0,0,0,0,0,0,0,0,0,0,0,0,0,0,0,0,0,0,0,0,0,0,0,0,0,0,0,0,0,0,0,0,0,0,0,0,0,0,0,0,0,0,0,0,0,0,0,0,0,0,0,0,0,0,0,0,0,0,0,0,0,0,0,0,0,0,0]}},"read":"2021-01-11T22:26:17.589838051Z"}