################################################################################
# PackageCompiler set-up: 2021-01-11T17:55:05.327
#

Julia Version 1.5.3
Commit 599f52c4c6 (2020-12-18 13:33 UTC)
Platform Info:
  OS: Linux (x86_64-linux-gnu)
  CPU: AMD EPYC 7502 32-Core Processor
  WORD_SIZE: 64
  LIBM: libopenlibm
  LLVM: libLLVM-9.0.1 (ORCJIT, znver2)
Environment:
  JULIA_PKGEVAL = true
  JULIA_PKG_PRECOMPILE_AUTO = 0



################################################################################
# Installation: 2021-01-11T17:55:06.969
#

 Installing known registries into `~/.julia`
######################################################################## 100.0%
      Added registry `General` to `~/.julia/registries/General`
  Resolving package versions...
  Installed MbedTLS_jll ─────────── v2.16.8+1
  Installed Reexport ────────────── v1.0.0
  Installed Widgets ─────────────── v0.6.2
  Installed FunctionalCollections ─ v0.5.0
  Installed MbedTLS ─────────────── v1.0.3
  Installed Requires ────────────── v1.1.2
  Installed WebIO ───────────────── v0.8.15
  Installed PackageCompiler ─────── v1.2.5
  Installed Observables ─────────── v0.3.3
  Installed HTTP ────────────────── v0.9.2
  Installed AssetRegistry ───────── v0.1.0
  Installed ColorTypes ──────────── v0.10.9
  Installed OrderedCollections ──── v1.3.2
  Installed Colors ──────────────── v0.12.6
  Installed JSON ────────────────── v0.21.1
  Installed WebSockets ──────────── v1.5.7
  Installed URIs ────────────────── v1.1.0
  Installed JLLWrappers ─────────── v1.2.0
  Installed FixedPointNumbers ───── v0.8.4
  Installed Parsers ─────────────── v1.0.15
  Installed Pidfile ─────────────── v1.2.0
  Installed Artifacts ───────────── v1.3.0
  Installed IniFile ─────────────── v0.5.0
Updating `~/.julia/environments/v1.5/Project.toml`
  [9b87118b] + PackageCompiler v1.2.5
  [0f1e0344] + WebIO v0.8.15
Updating `~/.julia/environments/v1.5/Manifest.toml`
  [56f22d72] + Artifacts v1.3.0
  [bf4720bc] + AssetRegistry v0.1.0
  [3da002f7] + ColorTypes v0.10.9
  [5ae59095] + Colors v0.12.6
  [53c48c17] + FixedPointNumbers v0.8.4
  [de31a74c] + FunctionalCollections v0.5.0
  [cd3eb016] + HTTP v0.9.2
  [83e8ac13] + IniFile v0.5.0
  [692b3bcd] + JLLWrappers v1.2.0
  [682c06a0] + JSON v0.21.1
  [739be429] + MbedTLS v1.0.3
  [c8ffd9c3] + MbedTLS_jll v2.16.8+1
  [510215fc] + Observables v0.3.3
  [bac558e1] + OrderedCollections v1.3.2
  [9b87118b] + PackageCompiler v1.2.5
  [69de0a69] + Parsers v1.0.15
  [fa939f87] + Pidfile v1.2.0
  [189a3867] + Reexport v1.0.0
  [ae029012] + Requires v1.1.2
  [5c2747f8] + URIs v1.1.0
  [0f1e0344] + WebIO v0.8.15
  [104b5d7c] + WebSockets v1.5.7
  [cc8bc4a8] + Widgets v0.6.2
  [2a0f44e3] + Base64
  [ade2ca70] + Dates
  [8ba89e20] + Distributed
  [7b1f6079] + FileWatching
  [b77e0a4c] + InteractiveUtils
  [76f85450] + LibGit2
  [8f399da3] + Libdl
  [37e2e46d] + LinearAlgebra
  [56ddb016] + Logging
  [d6f4376e] + Markdown
  [a63ad114] + Mmap
  [44cfe95a] + Pkg
  [de0858da] + Printf
  [3fa0cd96] + REPL
  [9a3f8284] + Random
  [ea8e919c] + SHA
  [9e88b42a] + Serialization
  [6462fe0b] + Sockets
  [2f01184e] + SparseArrays
  [10745b16] + Statistics
  [8dfed614] + Test
  [cf7118a7] + UUIDs
  [4ec0a83e] + Unicode
   Building WebIO → `~/.julia/packages/WebIO/Fy9h1/deps/build.log`


################################################################################
# Compiling: 2021-01-11T17:55:18.856
#

[ Info: PackageCompiler: creating system image object file, this might take a while...
Generated system image is 170.960 MiB, compilation took 199 seconds


################################################################################
# PkgEval set-up: 2021-01-11T17:58:45.88
#

Julia Version 1.5.3
Commit 599f52c4c6 (2020-12-18 13:33 UTC)
Platform Info:
  OS: Linux (x86_64-linux-gnu)
  CPU: AMD EPYC 7502 32-Core Processor
  WORD_SIZE: 64
  LIBM: libopenlibm
  LLVM: libLLVM-9.0.1 (ORCJIT, znver2)
Environment:
  JULIA_PKGEVAL = true
  JULIA_PKG_PRECOMPILE_AUTO = 0

Base.julia_cmd() = `/usr/local/julia/bin/julia -Cnative -J/cache/WebIO-Z8Gh0DTT.so -g1`


################################################################################
# Installation: 2021-01-11T17:58:47.628
#

 Installing known registries into `~/.julia`
#=#=#                                                                         ######################################################################## 100.0%
      Added registry `General` to `~/.julia/registries/General`
  Resolving package versions...
  Installed MbedTLS_jll ─────────── v2.16.8+1
  Installed Widgets ─────────────── v0.6.2
  Installed Reexport ────────────── v1.0.0
  Installed FunctionalCollections ─ v0.5.0
  Installed Requires ────────────── v1.1.2
  Installed MbedTLS ─────────────── v1.0.3
  Installed HTTP ────────────────── v0.9.2
  Installed WebIO ───────────────── v0.8.15
  Installed Observables ─────────── v0.3.3
  Installed AssetRegistry ───────── v0.1.0
  Installed ColorTypes ──────────── v0.10.9
  Installed OrderedCollections ──── v1.3.2
  Installed Colors ──────────────── v0.12.6
  Installed JSON ────────────────── v0.21.1
  Installed JLLWrappers ─────────── v1.2.0
  Installed WebSockets ──────────── v1.5.7
  Installed Pidfile ─────────────── v1.2.0
  Installed URIs ────────────────── v1.1.0
  Installed FixedPointNumbers ───── v0.8.4
  Installed Parsers ─────────────── v1.0.15
  Installed IniFile ─────────────── v0.5.0
  Installed Artifacts ───────────── v1.3.0
Updating `~/.julia/environments/v1.5/Project.toml`
  [0f1e0344] + WebIO v0.8.15
Updating `~/.julia/environments/v1.5/Manifest.toml`
  [56f22d72] + Artifacts v1.3.0
  [bf4720bc] + AssetRegistry v0.1.0
  [3da002f7] + ColorTypes v0.10.9
  [5ae59095] + Colors v0.12.6
  [53c48c17] + FixedPointNumbers v0.8.4
  [de31a74c] + FunctionalCollections v0.5.0
  [cd3eb016] + HTTP v0.9.2
  [83e8ac13] + IniFile v0.5.0
  [692b3bcd] + JLLWrappers v1.2.0
  [682c06a0] + JSON v0.21.1
  [739be429] + MbedTLS v1.0.3
  [c8ffd9c3] + MbedTLS_jll v2.16.8+1
  [510215fc] + Observables v0.3.3
  [bac558e1] + OrderedCollections v1.3.2
  [69de0a69] + Parsers v1.0.15
  [fa939f87] + Pidfile v1.2.0
  [189a3867] + Reexport v1.0.0
  [ae029012] + Requires v1.1.2
  [5c2747f8] + URIs v1.1.0
  [0f1e0344] + WebIO v0.8.15
  [104b5d7c] + WebSockets v1.5.7
  [cc8bc4a8] + Widgets v0.6.2
  [2a0f44e3] + Base64
  [ade2ca70] + Dates
  [8ba89e20] + Distributed
  [7b1f6079] + FileWatching
  [b77e0a4c] + InteractiveUtils
  [76f85450] + LibGit2
  [8f399da3] + Libdl
  [37e2e46d] + LinearAlgebra
  [56ddb016] + Logging
  [d6f4376e] + Markdown
  [a63ad114] + Mmap
  [44cfe95a] + Pkg
  [de0858da] + Printf
  [3fa0cd96] + REPL
  [9a3f8284] + Random
  [ea8e919c] + SHA
  [9e88b42a] + Serialization
  [6462fe0b] + Sockets
  [2f01184e] + SparseArrays
  [10745b16] + Statistics
  [8dfed614] + Test
  [cf7118a7] + UUIDs
  [4ec0a83e] + Unicode
   Building WebIO → `~/.julia/packages/WebIO/Fy9h1/deps/build.log`


################################################################################
# Testing: 2021-01-11T17:58:56.476
#

    Testing WebIO
┌ Error: Pkg.Resolve.ResolverError("Unsatisfiable requirements detected for package Reexport [189a3867]:\n Reexport [189a3867] log:\n ├─possible versions are: [0.2.0, 1.0.0] or uninstalled\n ├─restricted to versions 1.0.0 by an explicit requirement, leaving only versions 1.0.0\n └─restricted by compatibility requirements with Blink [ad839575] to versions: 0.2.0 — no versions left\n   └─Blink [ad839575] log:\n     ├─possible versions are: [0.8.0-0.8.1, 0.9.0, 0.10.0-0.10.1, 0.11.0, 0.12.0-0.12.3] or uninstalled\n     └─restricted to versions * by an explicit requirement, leaving only versions [0.8.0-0.8.1, 0.9.0, 0.10.0-0.10.1, 0.11.0, 0.12.0-0.12.3]", nothing)
└ @ Pkg.Operations /workspace/srcdir/usr/share/julia/stdlib/v1.5/Pkg/src/Operations.jl:1427
Status `/tmp/jl_FTzsIb/Project.toml`
  [bf4720bc] AssetRegistry v0.1.0
  [ad839575] Blink v0.12.3
  [8f4d0f93] Conda v1.5.0
  [864edb3b] DataStructures v0.18.8
  [de31a74c] FunctionalCollections v0.5.0
  [7073ff75] IJulia v1.23.1
  [97c1335a] JSExpr v0.5.2
  [682c06a0] JSON v0.21.1
  [a975b10e] Mux v0.7.5
  [0db19996] NBInclude v2.2.0
  [2bd173c7] NodeJS v1.1.1
  [510215fc] Observables v0.3.3
  [ae029012] Requires v1.1.2
  [0f1e0344] WebIO v0.8.15
  [104b5d7c] WebSockets v1.5.7
  [cc8bc4a8] Widgets v0.6.2
  [2a0f44e3] Base64
  [ade2ca70] Dates
  [8ba89e20] Distributed
  [56ddb016] Logging
  [44cfe95a] Pkg
  [9a3f8284] Random
  [6462fe0b] Sockets
  [8dfed614] Test
  [cf7118a7] UUIDs
Status `/tmp/jl_FTzsIb/Manifest.toml`
  [56f22d72] Artifacts v1.3.0
  [bf4720bc] AssetRegistry v0.1.0
  [9e28174c] BinDeps v1.0.2
  [ad839575] Blink v0.12.3
  [3da002f7] ColorTypes v0.10.9
  [5ae59095] Colors v0.12.6
  [34da2185] Compat v3.25.0
  [8f4d0f93] Conda v1.5.0
  [9a962f9c] DataAPI v1.4.0
  [864edb3b] DataStructures v0.18.8
  [e2d170a0] DataValueInterfaces v1.0.0
  [53c48c17] FixedPointNumbers v0.8.4
  [de31a74c] FunctionalCollections v0.5.0
  [cd3eb016] HTTP v0.9.2
  [9fb69e20] Hiccup v0.2.2
  [7073ff75] IJulia v1.23.1
  [83e8ac13] IniFile v0.5.0
  [82899510] IteratorInterfaceExtensions v1.0.0
  [692b3bcd] JLLWrappers v1.2.0
  [97c1335a] JSExpr v0.5.2
  [682c06a0] JSON v0.21.1
  [50d2b5c4] Lazy v0.15.1
  [1914dd2f] MacroTools v0.5.6
  [739be429] MbedTLS v1.0.3
  [c8ffd9c3] MbedTLS_jll v2.16.8+1
  [ffc61752] Mustache v1.0.10
  [a975b10e] Mux v0.7.5
  [0db19996] NBInclude v2.2.0
  [2bd173c7] NodeJS v1.1.1
  [510215fc] Observables v0.3.3
  [bac558e1] OrderedCollections v1.3.2
  [69de0a69] Parsers v1.0.15
  [fa939f87] Pidfile v1.2.0
  [189a3867] Reexport v0.2.0
  [ae029012] Requires v1.1.2
  [b85f4697] SoftGlobalScope v1.1.0
  [3783bdb8] TableTraits v1.0.0
  [bd369af6] Tables v1.2.2
  [30578b45] URIParser v0.4.1
  [5c2747f8] URIs v1.1.0
  [81def892] VersionParsing v1.2.0
  [0f1e0344] WebIO v0.8.15
  [104b5d7c] WebSockets v1.5.7
  [cc8bc4a8] Widgets v0.6.2
  [c2297ded] ZMQ v1.2.1
  [8f1865be] ZeroMQ_jll v4.3.2+5
  [2a0f44e3] Base64
  [ade2ca70] Dates
  [8bb1440f] DelimitedFiles
  [8ba89e20] Distributed
  [7b1f6079] FileWatching
  [b77e0a4c] InteractiveUtils
  [76f85450] LibGit2
  [8f399da3] Libdl
  [37e2e46d] LinearAlgebra
  [56ddb016] Logging
  [d6f4376e] Markdown
  [a63ad114] Mmap
  [44cfe95a] Pkg
  [de0858da] Printf
  [3fa0cd96] REPL
  [9a3f8284] Random
  [ea8e919c] SHA
  [9e88b42a] Serialization
  [1a1011a3] SharedArrays
  [6462fe0b] Sockets
  [2f01184e] SparseArrays
  [10745b16] Statistics
  [8dfed614] Test
  [cf7118a7] UUIDs
  [4ec0a83e] Unicode
Build JavaScript: Error During Test at /home/user/.julia/packages/WebIO/Fy9h1/test/bundling.jl:4
  Got exception outside of a @test
  could not open file /home/pkgeval/.julia/packages/WebIO/Fy9h1/deps/_bundlejs.jl
  Stacktrace:
   [1] include(::Function, ::Module, ::String) at ./Base.jl:380
   [2] include at ./Base.jl:368 [inlined]
   [3] include at /home/pkgeval/.julia/packages/WebIO/Fy9h1/src/WebIO.jl:1 [inlined]
   [4] bundlejs() at /home/pkgeval/.julia/packages/WebIO/Fy9h1/src/devsetup.jl:6
   [5] top-level scope at /home/user/.julia/packages/WebIO/Fy9h1/test/bundling.jl:9
   [6] top-level scope at /workspace/srcdir/usr/share/julia/stdlib/v1.5/Test/src/Test.jl:1115
   [7] top-level scope at /home/user/.julia/packages/WebIO/Fy9h1/test/bundling.jl:5
   [8] include(::String) at ./client.jl:457
   [9] top-level scope at /home/user/.julia/packages/WebIO/Fy9h1/test/runtests.jl:7
   [10] include(::String) at ./client.jl:457
   [11] top-level scope at none:6
   [12] eval(::Module, ::Any) at ./boot.jl:331
   [13] exec_options(::Base.JLOptions) at ./client.jl:272
   [14] _start() at ./client.jl:506
  
Test Summary:    | Error  Total
Build JavaScript |     1      1
ERROR: LoadError: LoadError: Some tests did not pass: 0 passed, 0 failed, 1 errored, 0 broken.
in expression starting at /home/user/.julia/packages/WebIO/Fy9h1/test/bundling.jl:4
in expression starting at /home/user/.julia/packages/WebIO/Fy9h1/test/runtests.jl:7

PkgEval failed: Package WebIO errored during testing
Stacktrace:
 [1] pkgerror(::String) at /workspace/srcdir/usr/share/julia/stdlib/v1.5/Pkg/src/Types.jl:52
 [2] test(::Pkg.Types.Context, ::Array{Pkg.Types.PackageSpec,1}; coverage::Bool, julia_args::Cmd, test_args::Cmd, test_fn::Nothing) at /workspace/srcdir/usr/share/julia/stdlib/v1.5/Pkg/src/Operations.jl:1578
 [3] test(::Pkg.Types.Context, ::Array{Pkg.Types.PackageSpec,1}; coverage::Bool, test_fn::Nothing, julia_args::Cmd, test_args::Cmd, kwargs::Base.Iterators.Pairs{Union{},Union{},Tuple{},NamedTuple{(),Tuple{}}}) at /workspace/srcdir/usr/share/julia/stdlib/v1.5/Pkg/src/API.jl:327
 [4] test(::Pkg.Types.Context, ::Array{Pkg.Types.PackageSpec,1}) at /workspace/srcdir/usr/share/julia/stdlib/v1.5/Pkg/src/API.jl:314
 [5] #test#61 at /workspace/srcdir/usr/share/julia/stdlib/v1.5/Pkg/src/API.jl:67 [inlined]
 [6] test at /workspace/srcdir/usr/share/julia/stdlib/v1.5/Pkg/src/API.jl:67 [inlined]
 [7] #test#60 at /workspace/srcdir/usr/share/julia/stdlib/v1.5/Pkg/src/API.jl:66 [inlined]
 [8] test at /workspace/srcdir/usr/share/julia/stdlib/v1.5/Pkg/src/API.jl:66 [inlined]
 [9] test(::String; kwargs::Base.Iterators.Pairs{Union{},Union{},Tuple{},NamedTuple{(),Tuple{}}}) at /workspace/srcdir/usr/share/julia/stdlib/v1.5/Pkg/src/API.jl:65
 [10] test(::String) at /workspace/srcdir/usr/share/julia/stdlib/v1.5/Pkg/src/API.jl:65
 [11] top-level scope at none:22
 [12] eval at ./boot.jl:331 [inlined]
 [13] eval(::Expr) at ./client.jl:467
 [14] top-level scope at none:1
 [15] eval(::Module, ::Any) at ./boot.jl:331
 [16] exec_options(::Base.JLOptions) at ./client.jl:272
 [17] _start() at ./client.jl:506


################################################################################
# PkgEval teardown: 2021-01-11T17:59:28.729
CPU usage: 37.92s (32.83s user, 5.09s kernel)

Network usage:
- eth0: 81.166 MiB received, 1.637 MiB sent

Raw statistics: {"blkio_stats":{"io_queue_recursive":[],"io_serviced_recursive":[{"major":259,"value":0,"op":"Read","minor":0},{"major":259,"value":35,"op":"Write","minor":0},{"major":259,"value":14,"op":"Sync","minor":0},{"major":259,"value":21,"op":"Async","minor":0},{"major":259,"value":0,"op":"Discard","minor":0},{"major":259,"value":35,"op":"Total","minor":0},{"major":253,"value":0,"op":"Read","minor":2},{"major":253,"value":35,"op":"Write","minor":2},{"major":253,"value":14,"op":"Sync","minor":2},{"major":253,"value":21,"op":"Async","minor":2},{"major":253,"value":0,"op":"Discard","minor":2},{"major":253,"value":35,"op":"Total","minor":2}],"io_time_recursive":[],"sectors_recursive":[],"io_service_bytes_recursive":[{"major":259,"value":0,"op":"Read","minor":0},{"major":259,"value":180224,"op":"Write","minor":0},{"major":259,"value":57344,"op":"Sync","minor":0},{"major":259,"value":122880,"op":"Async","minor":0},{"major":259,"value":0,"op":"Discard","minor":0},{"major":259,"value":180224,"op":"Total","minor":0},{"major":253,"value":0,"op":"Read","minor":2},{"major":253,"value":180224,"op":"Write","minor":2},{"major":253,"value":57344,"op":"Sync","minor":2},{"major":253,"value":122880,"op":"Async","minor":2},{"major":253,"value":0,"op":"Discard","minor":2},{"major":253,"value":180224,"op":"Total","minor":2}],"io_wait_time_recursive":[],"io_merged_recursive":[],"io_service_time_recursive":[]},"memory_stats":{"usage":577097728,"max_usage":856670208,"stats":{"hierarchical_memory_limit":9223372036854771712,"pgmajfault":0,"total_rss":236687360,"inactive_file":135168,"inactive_anon":305614848,"total_pgfault":1041447,"total_cache":308211712,"total_rss_huge":0,"total_active_anon":238977024,"total_pgmajfault":0,"pgpgin":791736,"rss_huge":0,"mapped_file":0,"total_inactive_file":135168,"dirty":270336,"total_unevictable":0,"total_dirty":270336,"writeback":0,"pgpgout":658690,"hierarchical_memsw_limit":0,"cache":308211712,"active_file":135168,"pgfault":1041447,"total_mapped_file":0,"total_pgpgout":658690,"total_writeback":0,"rss":236687360,"unevictable":0,"total_inactive_anon":305614848,"total_pgpgin":791736,"active_anon":238977024,"total_active_file":135168},"limit":540965302272},"name":"/WebIO-rBFoGq32","networks":{"eth0":{"rx_bytes":85108764,"rx_packets":54756,"tx_packets":28978,"tx_bytes":1716895,"tx_dropped":0,"rx_dropped":2,"tx_errors":0,"rx_errors":0}},"id":"9208b279c113e47d040145ff1c1eac57db1e669bf1912a6e12247f0962265d21","preread":"0001-01-01T00:00:00Z","storage_stats":{},"precpu_stats":{"throttling_data":{"throttled_periods":0,"throttled_time":0,"periods":0},"cpu_usage":{"usage_in_usermode":0,"usage_in_kernelmode":0,"total_usage":0}},"pids_stats":{"current":44},"num_procs":0,"cpu_stats":{"throttling_data":{"throttled_periods":0,"throttled_time":0,"periods":0},"system_cpu_usage":4355019694522419,"online_cpus":128,"cpu_usage":{"usage_in_usermode":32830000000,"usage_in_kernelmode":5090000000,"total_usage":37923581607,"percpu_usage":[0,0,0,0,0,0,0,0,0,0,0,0,0,0,0,0,0,0,0,0,0,0,0,0,0,0,0,0,0,0,0,0,0,0,0,0,0,0,0,0,0,0,0,0,0,0,0,0,0,0,0,0,37923581607,0,0,0,0,0,0,0,0,0,0,0,0,0,0,0,0,0,0,0,0,0,0,0,0,0,0,0,0,0,0,0,0,0,0,0,0,0,0,0,0,0,0,0,0,0,0,0,0,0,0,0,0,0,0,0,0,0,0,0,0,0,0,0,0,0,0,0,0,0,0,0,0,0,0,0]}},"read":"2021-01-11T17:59:28.732464368Z"}