################################################################################
# PkgEval set-up: 2021-01-11T23:59:44.664
#

Julia Version 1.5.3
Commit 599f52c4c6 (2020-12-18 13:33 UTC)
Platform Info:
  OS: Linux (x86_64-linux-gnu)
  CPU: AMD EPYC 7502 32-Core Processor
  WORD_SIZE: 64
  LIBM: libopenlibm
  LLVM: libLLVM-9.0.1 (ORCJIT, znver2)
Environment:
  JULIA_PKG_PRECOMPILE_AUTO = 0
  JULIA_PKGEVAL = true

Base.julia_cmd() = `/opt/julia/bin/julia -Cnative -J/opt/julia/lib/julia/sys.so -g1`


################################################################################
# Installation: 2021-01-11T23:59:46.448
#

 Installing known registries into `~/.julia`
#############                                                             18.3%######################################################################## 100.0%
      Added registry `General` to `~/.julia/registries/General`
  Resolving package versions...
  Installed WeightedOnlineStats ────────── v0.5.0
  Installed CompilerSupportLibraries_jll ─ v0.3.4+0
  Installed MultivariateStats ──────────── v0.7.0
  Installed OpenBLAS_jll ───────────────── v0.3.9+5
  Installed DataAPI ────────────────────── v1.4.0
  Installed OnlineStatsBase ────────────── v1.4.4
  Installed Missings ───────────────────── v0.4.4
  Installed OrderedCollections ─────────── v1.3.2
  Installed RecipesBase ────────────────── v1.1.1
  Installed DataStructures ─────────────── v0.18.8
  Installed StatsBase ──────────────────── v0.33.2
  Installed JLLWrappers ────────────────── v1.2.0
  Installed SweepOperator ──────────────── v0.3.0
  Installed Arpack_jll ─────────────────── v3.5.0+3
  Installed SortingAlgorithms ──────────── v0.3.1
  Installed AbstractTrees ──────────────── v0.3.3
  Installed OnlineStats ────────────────── v1.5.8
  Installed Arpack ─────────────────────── v0.4.0
  Installed Compat ─────────────────────── v3.25.0
  Installed Artifacts ──────────────────── v1.3.0
Updating `~/.julia/environments/v1.5/Project.toml`
  [bbac0a1f] + WeightedOnlineStats v0.5.0
Updating `~/.julia/environments/v1.5/Manifest.toml`
  [1520ce14] + AbstractTrees v0.3.3
  [7d9fca2a] + Arpack v0.4.0
  [68821587] + Arpack_jll v3.5.0+3
  [56f22d72] + Artifacts v1.3.0
  [34da2185] + Compat v3.25.0
  [e66e0078] + CompilerSupportLibraries_jll v0.3.4+0
  [9a962f9c] + DataAPI v1.4.0
  [864edb3b] + DataStructures v0.18.8
  [692b3bcd] + JLLWrappers v1.2.0
  [e1d29d7a] + Missings v0.4.4
  [6f286f6a] + MultivariateStats v0.7.0
  [a15396b6] + OnlineStats v1.5.8
  [925886fa] + OnlineStatsBase v1.4.4
  [4536629a] + OpenBLAS_jll v0.3.9+5
  [bac558e1] + OrderedCollections v1.3.2
  [3cdcf5f2] + RecipesBase v1.1.1
  [a2af1166] + SortingAlgorithms v0.3.1
  [2913bbd2] + StatsBase v0.33.2
  [7522ee7d] + SweepOperator v0.3.0
  [bbac0a1f] + WeightedOnlineStats v0.5.0
  [2a0f44e3] + Base64
  [ade2ca70] + Dates
  [8bb1440f] + DelimitedFiles
  [8ba89e20] + Distributed
  [b77e0a4c] + InteractiveUtils
  [76f85450] + LibGit2
  [8f399da3] + Libdl
  [37e2e46d] + LinearAlgebra
  [56ddb016] + Logging
  [d6f4376e] + Markdown
  [a63ad114] + Mmap
  [44cfe95a] + Pkg
  [de0858da] + Printf
  [3fa0cd96] + REPL
  [9a3f8284] + Random
  [ea8e919c] + SHA
  [9e88b42a] + Serialization
  [1a1011a3] + SharedArrays
  [6462fe0b] + Sockets
  [2f01184e] + SparseArrays
  [10745b16] + Statistics
  [8dfed614] + Test
  [cf7118a7] + UUIDs
  [4ec0a83e] + Unicode


################################################################################
# Testing: 2021-01-11T23:59:52.735
#

    Testing WeightedOnlineStats
Status `/tmp/jl_jKfhES/Project.toml`
  [6f286f6a] MultivariateStats v0.7.0
  [a15396b6] OnlineStats v1.5.8
  [925886fa] OnlineStatsBase v1.4.4
  [2913bbd2] StatsBase v0.33.2
  [bbac0a1f] WeightedOnlineStats v0.5.0
  [37e2e46d] LinearAlgebra
  [9a3f8284] Random
  [10745b16] Statistics
  [8dfed614] Test
Status `/tmp/jl_jKfhES/Manifest.toml`
  [1520ce14] AbstractTrees v0.3.3
  [7d9fca2a] Arpack v0.4.0
  [68821587] Arpack_jll v3.5.0+3
  [56f22d72] Artifacts v1.3.0
  [34da2185] Compat v3.25.0
  [e66e0078] CompilerSupportLibraries_jll v0.3.4+0
  [9a962f9c] DataAPI v1.4.0
  [864edb3b] DataStructures v0.18.8
  [692b3bcd] JLLWrappers v1.2.0
  [e1d29d7a] Missings v0.4.4
  [6f286f6a] MultivariateStats v0.7.0
  [a15396b6] OnlineStats v1.5.8
  [925886fa] OnlineStatsBase v1.4.4
  [4536629a] OpenBLAS_jll v0.3.9+5
  [bac558e1] OrderedCollections v1.3.2
  [3cdcf5f2] RecipesBase v1.1.1
  [a2af1166] SortingAlgorithms v0.3.1
  [2913bbd2] StatsBase v0.33.2
  [7522ee7d] SweepOperator v0.3.0
  [bbac0a1f] WeightedOnlineStats v0.5.0
  [2a0f44e3] Base64
  [ade2ca70] Dates
  [8bb1440f] DelimitedFiles
  [8ba89e20] Distributed
  [b77e0a4c] InteractiveUtils
  [76f85450] LibGit2
  [8f399da3] Libdl
  [37e2e46d] LinearAlgebra
  [56ddb016] Logging
  [d6f4376e] Markdown
  [a63ad114] Mmap
  [44cfe95a] Pkg
  [de0858da] Printf
  [3fa0cd96] REPL
  [9a3f8284] Random
  [ea8e919c] SHA
  [9e88b42a] Serialization
  [1a1011a3] SharedArrays
  [6462fe0b] Sockets
  [2f01184e] SparseArrays
  [10745b16] Statistics
  [8dfed614] Test
  [cf7118a7] UUIDs
  [4ec0a83e] Unicode
Test Summary:             | Pass  Total
WeightedAdaptiveHist fit! |    3      3
Test Summary:              | Pass  Total
WeightedAdaptiveHist merge |    2      2
Test Summary:             | Pass  Total
WeightedAdaptiveHist copy |    3      3
Test Summary:                    | Pass  Total
WeightedAdaptiveHist constructor |    3      3
Test Summary: | Pass  Total
WeightedHist  |   40     40
Test Summary:    | Pass  Total
WeightedSum fit! |   12     12
Test Summary:      | Pass  Total
WeightedSum merge! |    8      8
Test Summary:           | Pass  Total
WeightedSum constructor |    3      3
Test Summary:    | Pass  Total
WeighedMean fit! |   14     14
Test Summary:      | Pass  Total
WeighedMean merge! |    9      9
Test Summary:            | Pass  Total
WeightedMean constructor |    4      4
Test Summary:         | Pass  Broken  Total
WeightedVariance fit! |   20       2     22
Test Summary:          | Pass  Total
WeighedVariance merge! |   18     18
Test Summary:         | Pass  Total
WeightedVariance copy |   10     10
Test Summary:                | Pass  Total
WeightedVariance constructor |    4      4
Test Summary:          | Pass  Broken  Total
WeightedCovMatrix fit! |   23       2     25
Test Summary:            | Pass  Total
WeightedCovMatrix merge! |   24     24
Test Summary:          | Pass  Total
WeightedCovMatrix copy |   12     12
Test Summary:                 | Pass  Total
WeightedCovMatrix constructor |    4      4
Test Summary: | Pass  Total
PCA           |   12     12
    Testing WeightedOnlineStats tests passed 

PkgEval succeeded


################################################################################
# PkgEval teardown: 2021-01-12T00:00:43.058
CPU usage: 58.37s (53.46s user, 4.99s kernel)

Network usage:
- eth0: 3.321 MiB received, 117.114 KiB sent

Raw statistics: {"blkio_stats":{"io_queue_recursive":[],"io_serviced_recursive":[{"major":259,"value":0,"op":"Read","minor":0},{"major":259,"value":24,"op":"Write","minor":0},{"major":259,"value":19,"op":"Sync","minor":0},{"major":259,"value":5,"op":"Async","minor":0},{"major":259,"value":0,"op":"Discard","minor":0},{"major":259,"value":24,"op":"Total","minor":0},{"major":253,"value":0,"op":"Read","minor":2},{"major":253,"value":24,"op":"Write","minor":2},{"major":253,"value":19,"op":"Sync","minor":2},{"major":253,"value":5,"op":"Async","minor":2},{"major":253,"value":0,"op":"Discard","minor":2},{"major":253,"value":24,"op":"Total","minor":2}],"io_time_recursive":[],"sectors_recursive":[],"io_service_bytes_recursive":[{"major":259,"value":0,"op":"Read","minor":0},{"major":259,"value":135168,"op":"Write","minor":0},{"major":259,"value":106496,"op":"Sync","minor":0},{"major":259,"value":28672,"op":"Async","minor":0},{"major":259,"value":0,"op":"Discard","minor":0},{"major":259,"value":135168,"op":"Total","minor":0},{"major":253,"value":0,"op":"Read","minor":2},{"major":253,"value":135168,"op":"Write","minor":2},{"major":253,"value":106496,"op":"Sync","minor":2},{"major":253,"value":28672,"op":"Async","minor":2},{"major":253,"value":0,"op":"Discard","minor":2},{"major":253,"value":135168,"op":"Total","minor":2}],"io_wait_time_recursive":[],"io_merged_recursive":[],"io_service_time_recursive":[]},"memory_stats":{"usage":297562112,"max_usage":1476730880,"stats":{"hierarchical_memory_limit":9223372036854771712,"pgmajfault":0,"total_rss":178253824,"inactive_file":135168,"inactive_anon":81235968,"total_pgfault":1433685,"total_cache":89096192,"total_rss_huge":0,"total_active_anon":185856000,"total_pgmajfault":0,"pgpgin":899646,"rss_huge":0,"mapped_file":0,"total_inactive_file":135168,"dirty":405504,"total_unevictable":0,"total_dirty":405504,"writeback":135168,"pgpgout":834377,"hierarchical_memsw_limit":0,"cache":89096192,"active_file":405504,"pgfault":1433685,"total_mapped_file":0,"total_pgpgout":834377,"total_writeback":135168,"rss":178253824,"unevictable":0,"total_inactive_anon":81235968,"total_pgpgin":899646,"active_anon":185856000,"total_active_file":405504},"limit":540965302272},"name":"/WeightedOnlineStats-IBEMLGu6","networks":{"eth0":{"rx_bytes":3482681,"rx_packets":899,"tx_packets":978,"tx_bytes":119925,"tx_dropped":0,"rx_dropped":2,"tx_errors":0,"rx_errors":0}},"id":"99eec985d6782ccfacf713f2de6183b67e50a117487119fae516b781865229a1","preread":"0001-01-01T00:00:00Z","storage_stats":{},"precpu_stats":{"throttling_data":{"throttled_periods":0,"throttled_time":0,"periods":0},"cpu_usage":{"usage_in_usermode":0,"usage_in_kernelmode":0,"total_usage":0}},"pids_stats":{"current":40},"num_procs":0,"cpu_stats":{"throttling_data":{"throttled_periods":0,"throttled_time":0,"periods":0},"system_cpu_usage":7124809654522419,"online_cpus":128,"cpu_usage":{"usage_in_usermode":53460000000,"usage_in_kernelmode":4990000000,"total_usage":58366019896,"percpu_usage":[0,0,0,0,0,0,0,0,0,0,0,0,0,0,58366019896,0,0,0,0,0,0,0,0,0,0,0,0,0,0,0,0,0,0,0,0,0,0,0,0,0,0,0,0,0,0,0,0,0,0,0,0,0,0,0,0,0,0,0,0,0,0,0,0,0,0,0,0,0,0,0,0,0,0,0,0,0,0,0,0,0,0,0,0,0,0,0,0,0,0,0,0,0,0,0,0,0,0,0,0,0,0,0,0,0,0,0,0,0,0,0,0,0,0,0,0,0,0,0,0,0,0,0,0,0,0,0,0,0]}},"read":"2021-01-12T00:00:43.978554726Z"}