################################################################################
# PkgEval set-up: 2021-01-11T15:48:53.268
#

Julia Version 1.5.3
Commit 599f52c4c6 (2020-12-18 13:33 UTC)
Platform Info:
  OS: Linux (x86_64-linux-gnu)
  CPU: AMD EPYC 7502 32-Core Processor
  WORD_SIZE: 64
  LIBM: libopenlibm
  LLVM: libLLVM-9.0.1 (ORCJIT, znver2)
Environment:
  JULIA_PKG_PRECOMPILE_AUTO = 0
  JULIA_PKGEVAL = true

Base.julia_cmd() = `/opt/julia/bin/julia -Cnative -J/opt/julia/lib/julia/sys.so -g1`


################################################################################
# Installation: 2021-01-11T15:48:55.038
#

 Installing known registries into `~/.julia`
##############                                                            20.8%######################################################################## 100.0%
      Added registry `General` to `~/.julia/registries/General`
  Resolving package versions...
  Installed CompilerSupportLibraries_jll ─ v0.3.4+0
  Installed SignedDistanceFields ───────── v0.4.0
  Installed ImageMagick_jll ────────────── v6.9.10-12+3
  Installed MbedTLS_jll ────────────────── v2.16.8+1
  Installed libass_jll ─────────────────── v0.14.0+4
  Installed WGLMakie ───────────────────── v0.2.12
  Installed Opus_jll ───────────────────── v1.3.1+3
  Installed JSON3 ──────────────────────── v1.5.1
  Installed FriBidi_jll ────────────────── v1.0.5+6
  Installed Zlib_jll ───────────────────── v1.2.11+18
  Installed PaddedViews ────────────────── v0.5.7
  Installed x265_jll ───────────────────── v3.0.0+3
  Installed Reexport ───────────────────── v1.0.0
  Installed libfdk_aac_jll ─────────────── v0.1.6+4
  Installed Contour ────────────────────── v0.5.7
  Installed WoodburyMatrices ───────────── v0.5.3
  Installed Animations ─────────────────── v0.4.1
  Installed Rmath_jll ──────────────────── v0.2.2+1
  Installed Rmath ──────────────────────── v0.6.1
  Installed isoband_jll ────────────────── v0.2.2+0
  Installed GeometryBasics ─────────────── v0.3.5
  Installed libvorbis_jll ──────────────── v1.3.6+6
  Installed TableTraits ────────────────── v1.0.0
  Installed Isoband ────────────────────── v0.1.1
  Installed MuladdMacro ────────────────── v0.2.2
  Installed LAME_jll ───────────────────── v3.100.0+3
  Installed UnicodeFun ─────────────────── v0.4.1
  Installed Libtiff_jll ────────────────── v4.1.0+2
  Installed CEnum ──────────────────────── v0.4.1
  Installed MsgPack ────────────────────── v1.1.0
  Installed FFTW ───────────────────────── v1.3.1
  Installed TranscodingStreams ─────────── v0.9.5
  Installed OpenSSL_jll ────────────────── v1.1.1+6
  Installed StatsBase ──────────────────── v0.33.2
  Installed DataStructures ─────────────── v0.18.8
  Installed Tables ─────────────────────── v1.2.2
  Installed ColorVectorSpace ───────────── v0.8.7
  Installed ColorBrewer ────────────────── v0.4.0
  Installed MKL_jll ────────────────────── v2020.2.254+0
  Installed Zstd_jll ───────────────────── v1.4.5+2
  Installed FillArrays ─────────────────── v0.10.2
  Installed MbedTLS ────────────────────── v1.0.3
  Installed QuadGK ─────────────────────── v2.4.1
  Installed DataAPI ────────────────────── v1.4.0
  Installed Hyperscript ────────────────── v0.0.4
  Installed FreeTypeAbstraction ────────── v0.8.4
  Installed FFMPEG ─────────────────────── v0.4.0
  Installed FFMPEG_jll ─────────────────── v4.3.1+4
  Installed Ratios ─────────────────────── v0.4.0
  Installed Bzip2_jll ──────────────────── v1.0.6+5
  Installed FFTW_jll ───────────────────── v3.3.9+7
  Installed MosaicViews ────────────────── v0.2.4
  Installed FileIO ─────────────────────── v1.4.5
  Installed Observables ────────────────── v0.3.3
  Installed HTTP ───────────────────────── v0.8.19
  Installed Colors ─────────────────────── v0.12.6
  Installed IterTools ──────────────────── v1.3.0
  Installed Ogg_jll ────────────────────── v1.3.4+2
  Installed Netpbm ─────────────────────── v1.0.0
  Installed Match ──────────────────────── v1.1.0
  Installed IntervalSets ───────────────── v0.5.2
  Installed IndirectArrays ─────────────── v0.5.1
  Installed ImageIO ────────────────────── v0.4.1
  Installed OrderedCollections ─────────── v1.3.2
  Installed DataValueInterfaces ────────── v1.0.0
  Installed StaticArrays ───────────────── v1.0.1
  Installed ColorTypes ─────────────────── v0.10.9
  Installed CodecZlib ──────────────────── v0.7.0
  Installed libpng_jll ─────────────────── v1.6.37+6
  Installed IntelOpenMP_jll ────────────── v2018.0.3+0
  Installed Missings ───────────────────── v0.4.4
  Installed MappedArrays ───────────────── v0.3.0
  Installed PolygonOps ─────────────────── v0.1.1
  Installed JLLWrappers ────────────────── v1.2.0
  Installed AbstractFFTs ───────────────── v1.0.0
  Installed Grisu ──────────────────────── v1.0.0
  Installed GridLayoutBase ─────────────── v0.4.1
  Installed ImageMagick ────────────────── v1.1.6
  Installed AxisAlgorithms ─────────────── v1.0.0
  Installed NaNMath ────────────────────── v0.3.5
  Installed StructArrays ───────────────── v0.4.4
  Installed JSON ───────────────────────── v0.21.1
  Installed Distributions ──────────────── v0.24.10
  Installed Interpolations ─────────────── v0.13.1
  Installed PNGFiles ───────────────────── v0.3.5
  Installed LibVPX_jll ─────────────────── v1.9.0+1
  Installed StructTypes ────────────────── v1.2.1
  Installed WebSockets ─────────────────── v1.5.7
  Installed PDMats ─────────────────────── v0.10.1
  Installed PlotUtils ──────────────────── v1.0.10
  Installed StatsFuns ──────────────────── v0.9.6
  Installed Adapt ──────────────────────── v2.4.0
  Installed Graphics ───────────────────── v1.0.2
  Installed OffsetArrays ───────────────── v1.5.0
  Installed FreeType2_jll ──────────────── v2.10.1+5
  Installed Formatting ─────────────────── v0.4.2
  Installed EllipsisNotation ───────────── v1.0.0
  Installed FixedPointNumbers ──────────── v0.8.4
  Installed ImageCore ──────────────────── v0.8.20
  Installed JSServe ────────────────────── v1.1.1
  Installed SpecialFunctions ───────────── v1.2.1
  Installed EarCut_jll ─────────────────── v2.1.5+1
  Installed SortingAlgorithms ──────────── v0.3.1
  Installed IteratorInterfaceExtensions ── v1.0.0
  Installed WidgetsBase ────────────────── v0.1.2
  Installed KernelDensity ──────────────── v0.6.2
  Installed Packing ────────────────────── v0.4.1
  Installed ColorSchemes ───────────────── v3.10.2
  Installed ChainRulesCore ─────────────── v0.9.24
  Installed DocStringExtensions ────────── v0.8.3
  Installed Compat ─────────────────────── v3.25.0
  Installed ShaderAbstractions ─────────── v0.2.4
  Installed JpegTurbo_jll ──────────────── v2.0.1+3
  Installed Showoff ────────────────────── v0.3.2
  Installed FreeType ───────────────────── v3.0.1
  Installed OpenSpecFun_jll ────────────── v0.5.3+4
  Installed x264_jll ───────────────────── v2020.7.14+2
  Installed Parsers ────────────────────── v1.0.15
  Installed Artifacts ──────────────────── v1.3.0
  Installed IniFile ────────────────────── v0.5.0
  Installed AbstractPlotting ───────────── v0.15.5
Updating `~/.julia/environments/v1.5/Project.toml`
  [276b4fcb] + WGLMakie v0.2.12
Updating `~/.julia/environments/v1.5/Manifest.toml`
  [621f4979] + AbstractFFTs v1.0.0
  [537997a7] + AbstractPlotting v0.15.5
  [79e6a3ab] + Adapt v2.4.0
  [27a7e980] + Animations v0.4.1
  [56f22d72] + Artifacts v1.3.0
  [13072b0f] + AxisAlgorithms v1.0.0
  [6e34b625] + Bzip2_jll v1.0.6+5
  [fa961155] + CEnum v0.4.1
  [d360d2e6] + ChainRulesCore v0.9.24
  [944b1d66] + CodecZlib v0.7.0
  [a2cac450] + ColorBrewer v0.4.0
  [35d6a980] + ColorSchemes v3.10.2
  [3da002f7] + ColorTypes v0.10.9
  [c3611d14] + ColorVectorSpace v0.8.7
  [5ae59095] + Colors v0.12.6
  [34da2185] + Compat v3.25.0
  [e66e0078] + CompilerSupportLibraries_jll v0.3.4+0
  [d38c429a] + Contour v0.5.7
  [9a962f9c] + DataAPI v1.4.0
  [864edb3b] + DataStructures v0.18.8
  [e2d170a0] + DataValueInterfaces v1.0.0
  [31c24e10] + Distributions v0.24.10
  [ffbed154] + DocStringExtensions v0.8.3
  [5ae413db] + EarCut_jll v2.1.5+1
  [da5c29d0] + EllipsisNotation v1.0.0
  [c87230d0] + FFMPEG v0.4.0
  [b22a6f82] + FFMPEG_jll v4.3.1+4
  [7a1cc6ca] + FFTW v1.3.1
  [f5851436] + FFTW_jll v3.3.9+7
  [5789e2e9] + FileIO v1.4.5
  [1a297f60] + FillArrays v0.10.2
  [53c48c17] + FixedPointNumbers v0.8.4
  [59287772] + Formatting v0.4.2
  [b38be410] + FreeType v3.0.1
  [d7e528f0] + FreeType2_jll v2.10.1+5
  [663a7486] + FreeTypeAbstraction v0.8.4
  [559328eb] + FriBidi_jll v1.0.5+6
  [5c1252a2] + GeometryBasics v0.3.5
  [a2bd30eb] + Graphics v1.0.2
  [3955a311] + GridLayoutBase v0.4.1
  [42e2da0e] + Grisu v1.0.0
  [cd3eb016] + HTTP v0.8.19
  [47d2ed2b] + Hyperscript v0.0.4
  [a09fc81d] + ImageCore v0.8.20
  [82e4d734] + ImageIO v0.4.1
  [6218d12a] + ImageMagick v1.1.6
  [c73af94c] + ImageMagick_jll v6.9.10-12+3
  [9b13fd28] + IndirectArrays v0.5.1
  [83e8ac13] + IniFile v0.5.0
  [1d5cc7b8] + IntelOpenMP_jll v2018.0.3+0
  [a98d9a8b] + Interpolations v0.13.1
  [8197267c] + IntervalSets v0.5.2
  [f1662d9f] + Isoband v0.1.1
  [c8e1da08] + IterTools v1.3.0
  [82899510] + IteratorInterfaceExtensions v1.0.0
  [692b3bcd] + JLLWrappers v1.2.0
  [682c06a0] + JSON v0.21.1
  [0f8b85d8] + JSON3 v1.5.1
  [824d6782] + JSServe v1.1.1
  [aacddb02] + JpegTurbo_jll v2.0.1+3
  [5ab0869b] + KernelDensity v0.6.2
  [c1c5ebd0] + LAME_jll v3.100.0+3
  [dd192d2f] + LibVPX_jll v1.9.0+1
  [89763e89] + Libtiff_jll v4.1.0+2
  [856f044c] + MKL_jll v2020.2.254+0
  [dbb5928d] + MappedArrays v0.3.0
  [7eb4fadd] + Match v1.1.0
  [739be429] + MbedTLS v1.0.3
  [c8ffd9c3] + MbedTLS_jll v2.16.8+1
  [e1d29d7a] + Missings v0.4.4
  [e94cdb99] + MosaicViews v0.2.4
  [99f44e22] + MsgPack v1.1.0
  [46d2c3a1] + MuladdMacro v0.2.2
  [77ba4419] + NaNMath v0.3.5
  [f09324ee] + Netpbm v1.0.0
  [510215fc] + Observables v0.3.3
  [6fe1bfb0] + OffsetArrays v1.5.0
  [e7412a2a] + Ogg_jll v1.3.4+2
  [458c3c95] + OpenSSL_jll v1.1.1+6
  [efe28fd5] + OpenSpecFun_jll v0.5.3+4
  [91d4177d] + Opus_jll v1.3.1+3
  [bac558e1] + OrderedCollections v1.3.2
  [90014a1f] + PDMats v0.10.1
  [f57f5aa1] + PNGFiles v0.3.5
  [19eb6ba3] + Packing v0.4.1
  [5432bcbf] + PaddedViews v0.5.7
  [69de0a69] + Parsers v1.0.15
  [995b91a9] + PlotUtils v1.0.10
  [647866c9] + PolygonOps v0.1.1
  [1fd47b50] + QuadGK v2.4.1
  [c84ed2f1] + Ratios v0.4.0
  [189a3867] + Reexport v1.0.0
  [79098fc4] + Rmath v0.6.1
  [f50d1b31] + Rmath_jll v0.2.2+1
  [65257c39] + ShaderAbstractions v0.2.4
  [992d4aef] + Showoff v0.3.2
  [73760f76] + SignedDistanceFields v0.4.0
  [a2af1166] + SortingAlgorithms v0.3.1
  [276daf66] + SpecialFunctions v1.2.1
  [90137ffa] + StaticArrays v1.0.1
  [2913bbd2] + StatsBase v0.33.2
  [4c63d2b9] + StatsFuns v0.9.6
  [09ab397b] + StructArrays v0.4.4
  [856f2bd8] + StructTypes v1.2.1
  [3783bdb8] + TableTraits v1.0.0
  [bd369af6] + Tables v1.2.2
  [3bb67fe8] + TranscodingStreams v0.9.5
  [1cfade01] + UnicodeFun v0.4.1
  [276b4fcb] + WGLMakie v0.2.12
  [104b5d7c] + WebSockets v1.5.7
  [eead4739] + WidgetsBase v0.1.2
  [efce3f68] + WoodburyMatrices v0.5.3
  [83775a58] + Zlib_jll v1.2.11+18
  [3161d3a3] + Zstd_jll v1.4.5+2
  [9a68df92] + isoband_jll v0.2.2+0
  [0ac62f75] + libass_jll v0.14.0+4
  [f638f0a6] + libfdk_aac_jll v0.1.6+4
  [b53b4c65] + libpng_jll v1.6.37+6
  [f27f6e37] + libvorbis_jll v1.3.6+6
  [1270edf5] + x264_jll v2020.7.14+2
  [dfaa095f] + x265_jll v3.0.0+3
  [2a0f44e3] + Base64
  [ade2ca70] + Dates
  [8bb1440f] + DelimitedFiles
  [8ba89e20] + Distributed
  [b77e0a4c] + InteractiveUtils
  [76f85450] + LibGit2
  [8f399da3] + Libdl
  [37e2e46d] + LinearAlgebra
  [56ddb016] + Logging
  [d6f4376e] + Markdown
  [a63ad114] + Mmap
  [44cfe95a] + Pkg
  [de0858da] + Printf
  [3fa0cd96] + REPL
  [9a3f8284] + Random
  [ea8e919c] + SHA
  [9e88b42a] + Serialization
  [1a1011a3] + SharedArrays
  [6462fe0b] + Sockets
  [2f01184e] + SparseArrays
  [10745b16] + Statistics
  [4607b0f0] + SuiteSparse
  [8dfed614] + Test
  [cf7118a7] + UUIDs
  [4ec0a83e] + Unicode
   Building FFTW → `~/.julia/packages/FFTW/eADNB/deps/build.log`


################################################################################
# Testing: 2021-01-11T15:49:09.673
#

    Testing WGLMakie
Status `/tmp/jl_ctclkS/Project.toml`
  [537997a7] AbstractPlotting v0.15.5
  [a1bb12fb] Electron v1.1.0
  [d872a56f] ElectronDisplay v0.8.1
  [5789e2e9] FileIO v1.4.5
  [6218d12a] ImageMagick v1.1.6
  [824d6782] JSServe v1.1.1
  [276b4fcb] WGLMakie v0.2.12
  [44cfe95a] Pkg
  [8dfed614] Test
Status `/tmp/jl_ctclkS/Manifest.toml`
  [621f4979] AbstractFFTs v1.0.0
  [537997a7] AbstractPlotting v0.15.5
  [79e6a3ab] Adapt v2.4.0
  [27a7e980] Animations v0.4.1
  [56f22d72] Artifacts v1.3.0
  [13072b0f] AxisAlgorithms v1.0.0
  [6e34b625] Bzip2_jll v1.0.6+5
  [fa961155] CEnum v0.4.1
  [d360d2e6] ChainRulesCore v0.9.24
  [944b1d66] CodecZlib v0.7.0
  [a2cac450] ColorBrewer v0.4.0
  [35d6a980] ColorSchemes v3.10.2
  [3da002f7] ColorTypes v0.10.9
  [c3611d14] ColorVectorSpace v0.8.7
  [5ae59095] Colors v0.12.6
  [34da2185] Compat v3.25.0
  [e66e0078] CompilerSupportLibraries_jll v0.3.4+0
  [d38c429a] Contour v0.5.7
  [9a962f9c] DataAPI v1.4.0
  [864edb3b] DataStructures v0.18.8
  [e2d170a0] DataValueInterfaces v1.0.0
  [e7dc6d0d] DataValues v0.4.13
  [31c24e10] Distributions v0.24.10
  [ffbed154] DocStringExtensions v0.8.3
  [5ae413db] EarCut_jll v2.1.5+1
  [a1bb12fb] Electron v1.1.0
  [d872a56f] ElectronDisplay v0.8.1
  [da5c29d0] EllipsisNotation v1.0.0
  [c87230d0] FFMPEG v0.4.0
  [b22a6f82] FFMPEG_jll v4.3.1+4
  [7a1cc6ca] FFTW v1.3.1
  [f5851436] FFTW_jll v3.3.9+7
  [5789e2e9] FileIO v1.4.5
  [1a297f60] FillArrays v0.10.2
  [53c48c17] FixedPointNumbers v0.8.4
  [59287772] Formatting v0.4.2
  [b38be410] FreeType v3.0.1
  [d7e528f0] FreeType2_jll v2.10.1+5
  [663a7486] FreeTypeAbstraction v0.8.4
  [559328eb] FriBidi_jll v1.0.5+6
  [5c1252a2] GeometryBasics v0.3.5
  [a2bd30eb] Graphics v1.0.2
  [3955a311] GridLayoutBase v0.4.1
  [42e2da0e] Grisu v1.0.0
  [cd3eb016] HTTP v0.8.19
  [47d2ed2b] Hyperscript v0.0.4
  [a09fc81d] ImageCore v0.8.20
  [82e4d734] ImageIO v0.4.1
  [6218d12a] ImageMagick v1.1.6
  [c73af94c] ImageMagick_jll v6.9.10-12+3
  [9b13fd28] IndirectArrays v0.5.1
  [83e8ac13] IniFile v0.5.0
  [1d5cc7b8] IntelOpenMP_jll v2018.0.3+0
  [a98d9a8b] Interpolations v0.13.1
  [8197267c] IntervalSets v0.5.2
  [f1662d9f] Isoband v0.1.1
  [c8e1da08] IterTools v1.3.0
  [82899510] IteratorInterfaceExtensions v1.0.0
  [692b3bcd] JLLWrappers v1.2.0
  [682c06a0] JSON v0.21.1
  [0f8b85d8] JSON3 v1.5.1
  [824d6782] JSServe v1.1.1
  [aacddb02] JpegTurbo_jll v2.0.1+3
  [5ab0869b] KernelDensity v0.6.2
  [c1c5ebd0] LAME_jll v3.100.0+3
  [dd192d2f] LibVPX_jll v1.9.0+1
  [89763e89] Libtiff_jll v4.1.0+2
  [856f044c] MKL_jll v2020.2.254+0
  [dbb5928d] MappedArrays v0.3.0
  [7eb4fadd] Match v1.1.0
  [739be429] MbedTLS v1.0.3
  [c8ffd9c3] MbedTLS_jll v2.16.8+1
  [e1d29d7a] Missings v0.4.4
  [e94cdb99] MosaicViews v0.2.4
  [99f44e22] MsgPack v1.1.0
  [46d2c3a1] MuladdMacro v0.2.2
  [77ba4419] NaNMath v0.3.5
  [f09324ee] Netpbm v1.0.0
  [510215fc] Observables v0.3.3
  [6fe1bfb0] OffsetArrays v1.5.0
  [e7412a2a] Ogg_jll v1.3.4+2
  [458c3c95] OpenSSL_jll v1.1.1+6
  [efe28fd5] OpenSpecFun_jll v0.5.3+4
  [91d4177d] Opus_jll v1.3.1+3
  [bac558e1] OrderedCollections v1.3.2
  [90014a1f] PDMats v0.10.1
  [f57f5aa1] PNGFiles v0.3.5
  [19eb6ba3] Packing v0.4.1
  [5432bcbf] PaddedViews v0.5.7
  [69de0a69] Parsers v1.0.15
  [995b91a9] PlotUtils v1.0.10
  [647866c9] PolygonOps v0.1.1
  [1fd47b50] QuadGK v2.4.1
  [c84ed2f1] Ratios v0.4.0
  [189a3867] Reexport v1.0.0
  [79098fc4] Rmath v0.6.1
  [f50d1b31] Rmath_jll v0.2.2+1
  [65257c39] ShaderAbstractions v0.2.4
  [992d4aef] Showoff v0.3.2
  [73760f76] SignedDistanceFields v0.4.0
  [a2af1166] SortingAlgorithms v0.3.1
  [276daf66] SpecialFunctions v1.2.1
  [90137ffa] StaticArrays v1.0.1
  [2913bbd2] StatsBase v0.33.2
  [4c63d2b9] StatsFuns v0.9.6
  [09ab397b] StructArrays v0.4.4
  [856f2bd8] StructTypes v1.2.1
  [5e66a065] TableShowUtils v0.2.5
  [3783bdb8] TableTraits v1.0.0
  [bd369af6] Tables v1.2.2
  [3bb67fe8] TranscodingStreams v0.9.5
  [30578b45] URIParser v0.4.1
  [1cfade01] UnicodeFun v0.4.1
  [276b4fcb] WGLMakie v0.2.12
  [104b5d7c] WebSockets v1.5.7
  [eead4739] WidgetsBase v0.1.2
  [efce3f68] WoodburyMatrices v0.5.3
  [83775a58] Zlib_jll v1.2.11+18
  [3161d3a3] Zstd_jll v1.4.5+2
  [9a68df92] isoband_jll v0.2.2+0
  [0ac62f75] libass_jll v0.14.0+4
  [f638f0a6] libfdk_aac_jll v0.1.6+4
  [b53b4c65] libpng_jll v1.6.37+6
  [f27f6e37] libvorbis_jll v1.3.6+6
  [1270edf5] x264_jll v2020.7.14+2
  [dfaa095f] x265_jll v3.0.0+3
  [2a0f44e3] Base64
  [ade2ca70] Dates
  [8bb1440f] DelimitedFiles
  [8ba89e20] Distributed
  [b77e0a4c] InteractiveUtils
  [76f85450] LibGit2
  [8f399da3] Libdl
  [37e2e46d] LinearAlgebra
  [56ddb016] Logging
  [d6f4376e] Markdown
  [a63ad114] Mmap
  [44cfe95a] Pkg
  [de0858da] Printf
  [3fa0cd96] REPL
  [9a3f8284] Random
  [ea8e919c] SHA
  [9e88b42a] Serialization
  [1a1011a3] SharedArrays
  [6462fe0b] Sockets
  [2f01184e] SparseArrays
  [10745b16] Statistics
  [4607b0f0] SuiteSparse
  [8dfed614] Test
  [cf7118a7] UUIDs
  [4ec0a83e] Unicode
Path `/home/pkgeval/.julia/packages/AbstractPlotting/RI3JH/test/ReferenceTests` exists and looks like the correct package. Using existing path.
  Resolving package versions...
  Installed nghttp2_jll ─────────────── v1.40.0+2
  Installed IdentityRanges ──────────── v0.3.1
  Installed ImageMorphology ─────────── v0.2.9
  Installed AxisArrays ──────────────── v0.4.3
  Installed ArgTools ────────────────── v1.1.1
  Installed Requires ────────────────── v1.1.2
  Installed Parameters ──────────────── v0.12.1
  Installed Downloads ───────────────── v1.3.0
  Installed LibSSH2_jll ─────────────── v1.9.0+3
  Installed ghr_jll ─────────────────── v0.13.0+1
  Installed StableRNGs ──────────────── v1.0.0
  Installed UnPack ──────────────────── v1.0.2
  Installed ImageDistances ──────────── v0.2.9
  Installed LibCURL_jll ─────────────── v7.70.0+2
  Installed Tar ─────────────────────── v1.9.0
  Installed CustomUnitRanges ────────── v1.0.0
  Installed RangeArrays ─────────────── v0.3.2
  Installed CatIndices ──────────────── v0.2.1
  Installed Distances ───────────────── v0.10.0
  Installed MacroTools ──────────────── v0.5.6
  Installed TiledIteration ──────────── v0.2.5
  Installed ImageFiltering ──────────── v0.6.18
  Installed LibCURL ─────────────────── v0.6.2
  Installed CoordinateTransformations ─ v0.6.1
  Installed FFTViews ────────────────── v0.3.1
  Installed ImageAxes ───────────────── v0.6.8
  Installed ImageShow ───────────────── v0.2.3
  Installed SimpleTraits ────────────── v0.9.3
  Installed ImageMetadata ───────────── v0.9.4
  Installed NetworkOptions ──────────── v1.2.0
  Installed Rotations ───────────────── v1.0.2
  Installed MeshIO ──────────────────── v0.4.3
  Installed ComputationalResources ──── v0.3.2
  Installed ImageTransformations ────── v0.8.8
  Installed MozillaCACerts_jll ──────── v2020.10.14+0
  Installed Images ──────────────────── v0.23.3
  Installed ImageQualityIndexes ─────── v0.2.1
  Installed ImageContrastAdjustment ─── v0.3.6
Updating `/tmp/jl_ctclkS/Project.toml`
  [d37af2e0] + ReferenceTests v0.1.0 `~/.julia/packages/AbstractPlotting/RI3JH/test/ReferenceTests`
Updating `/tmp/jl_ctclkS/Manifest.toml`
  [0dad84c5] + ArgTools v1.1.1
  [39de3d68] + AxisArrays v0.4.3
  [aafaddc9] + CatIndices v0.2.1
  [ed09eef8] + ComputationalResources v0.3.2
  [150eb455] + CoordinateTransformations v0.6.1
  [dc8bdbbb] + CustomUnitRanges v1.0.0
  [b4f34e82] + Distances v0.10.0
  [f43a241f] + Downloads v1.3.0
  [4f61f5a4] + FFTViews v0.3.1
  [bbac6d45] + IdentityRanges v0.3.1
  [2803e5a7] + ImageAxes v0.6.8
  [f332f351] + ImageContrastAdjustment v0.3.6
  [51556ac3] + ImageDistances v0.2.9
  [6a3955dd] + ImageFiltering v0.6.18
  [bc367c6b] + ImageMetadata v0.9.4
  [787d08f9] + ImageMorphology v0.2.9
  [2996bd0c] + ImageQualityIndexes v0.2.1
  [4e3cecfd] + ImageShow v0.2.3
  [02fcd773] + ImageTransformations v0.8.8
  [916415d5] + Images v0.23.3
  [b27032c2] + LibCURL v0.6.2
  [deac9b47] + LibCURL_jll v7.70.0+2
  [29816b5a] + LibSSH2_jll v1.9.0+3
  [1914dd2f] + MacroTools v0.5.6
  [7269a6da] + MeshIO v0.4.3
  [14a3606d] + MozillaCACerts_jll v2020.10.14+0
  [ca575930] + NetworkOptions v1.2.0
  [d96e819e] + Parameters v0.12.1
  [b3c3ace0] + RangeArrays v0.3.2
  [d37af2e0] + ReferenceTests v0.1.0 `~/.julia/packages/AbstractPlotting/RI3JH/test/ReferenceTests`
  [ae029012] + Requires v1.1.2
  [6038ab10] + Rotations v1.0.2
  [699a6c99] + SimpleTraits v0.9.3
  [860ef19b] + StableRNGs v1.0.0
  [a4e569a6] + Tar v1.9.0
  [06e1c1a7] + TiledIteration v0.2.5
  [3a884ed6] + UnPack v1.0.2
  [07c12ed4] + ghr_jll v0.13.0+1
  [8e850ede] + nghttp2_jll v1.40.0+2
[ Info: Makie/AbstractPlotting is caching fonts, this may take a while. Needed only on first run!
/home/pkgeval/.julia/packages/Electron/aRIgh/src/../deps/electron/electron: error while loading shared libraries: libnss3.so: cannot open shared object file: No such file or directory

No statistics gathered.