################################################################################
# PkgEval set-up: 2021-01-11T17:11:49.218
#

Julia Version 1.5.3
Commit 599f52c4c6 (2020-12-18 13:33 UTC)
Platform Info:
  OS: Linux (x86_64-linux-gnu)
  CPU: AMD EPYC 7502 32-Core Processor
  WORD_SIZE: 64
  LIBM: libopenlibm
  LLVM: libLLVM-9.0.1 (ORCJIT, znver2)
Environment:
  JULIA_PKG_PRECOMPILE_AUTO = 0
  JULIA_PKGEVAL = true

Base.julia_cmd() = `/opt/julia/bin/julia -Cnative -J/opt/julia/lib/julia/sys.so -g1`


################################################################################
# Installation: 2021-01-11T17:11:50.987
#

 Installing known registries into `~/.julia`
######################################################################## 100.0%
      Added registry `General` to `~/.julia/registries/General`
  Resolving package versions...
  Installed Widgets ──────────── v0.6.2
  Installed FixedPointNumbers ── v0.8.4
  Installed Reexport ─────────── v1.0.0
  Installed Colors ───────────── v0.12.6
  Installed Observables ──────── v0.3.3
  Installed OrderedCollections ─ v1.3.2
  Installed ColorTypes ───────── v0.10.9
Updating `~/.julia/environments/v1.5/Project.toml`
  [cc8bc4a8] + Widgets v0.6.2
Updating `~/.julia/environments/v1.5/Manifest.toml`
  [3da002f7] + ColorTypes v0.10.9
  [5ae59095] + Colors v0.12.6
  [53c48c17] + FixedPointNumbers v0.8.4
  [510215fc] + Observables v0.3.3
  [bac558e1] + OrderedCollections v1.3.2
  [189a3867] + Reexport v1.0.0
  [cc8bc4a8] + Widgets v0.6.2
  [2a0f44e3] + Base64
  [ade2ca70] + Dates
  [b77e0a4c] + InteractiveUtils
  [8f399da3] + Libdl
  [37e2e46d] + LinearAlgebra
  [d6f4376e] + Markdown
  [de0858da] + Printf
  [9a3f8284] + Random
  [9e88b42a] + Serialization
  [2f01184e] + SparseArrays
  [10745b16] + Statistics
  [4ec0a83e] + Unicode


################################################################################
# Testing: 2021-01-11T17:11:56.19
#

    Testing Widgets
Status `/tmp/jl_bs6vOQ/Project.toml`
  [5ae59095] Colors v0.12.6
  [d3863d7c] InteractBase v0.10.5
  [510215fc] Observables v0.3.3
  [bac558e1] OrderedCollections v1.3.2
  [0f1e0344] WebIO v0.8.15
  [cc8bc4a8] Widgets v0.6.2
  [ade2ca70] Dates
  [8dfed614] Test
Status `/tmp/jl_bs6vOQ/Manifest.toml`
  [56f22d72] Artifacts v1.3.0
  [bf4720bc] AssetRegistry v0.1.0
  [70588ee8] CSSUtil v0.1.1
  [3da002f7] ColorTypes v0.10.9
  [5ae59095] Colors v0.12.6
  [53c48c17] FixedPointNumbers v0.8.4
  [de31a74c] FunctionalCollections v0.5.0
  [cd3eb016] HTTP v0.9.2
  [83e8ac13] IniFile v0.5.0
  [d3863d7c] InteractBase v0.10.5
  [692b3bcd] JLLWrappers v1.2.0
  [97c1335a] JSExpr v0.5.2
  [682c06a0] JSON v0.21.1
  [bcebb21b] Knockout v0.2.4
  [1914dd2f] MacroTools v0.5.6
  [739be429] MbedTLS v1.0.3
  [c8ffd9c3] MbedTLS_jll v2.16.8+1
  [442fdcdd] Measures v0.3.1
  [510215fc] Observables v0.3.3
  [bac558e1] OrderedCollections v1.3.2
  [69de0a69] Parsers v1.0.15
  [fa939f87] Pidfile v1.2.0
  [189a3867] Reexport v1.0.0
  [ae029012] Requires v1.1.2
  [5c2747f8] URIs v1.1.0
  [0f1e0344] WebIO v0.8.15
  [104b5d7c] WebSockets v1.5.7
  [cc8bc4a8] Widgets v0.6.2
  [2a0f44e3] Base64
  [ade2ca70] Dates
  [8ba89e20] Distributed
  [7b1f6079] FileWatching
  [b77e0a4c] InteractiveUtils
  [76f85450] LibGit2
  [8f399da3] Libdl
  [37e2e46d] LinearAlgebra
  [56ddb016] Logging
  [d6f4376e] Markdown
  [a63ad114] Mmap
  [44cfe95a] Pkg
  [de0858da] Printf
  [3fa0cd96] REPL
  [9a3f8284] Random
  [ea8e919c] SHA
  [9e88b42a] Serialization
  [6462fe0b] Sockets
  [2f01184e] SparseArrays
  [10745b16] Statistics
  [8dfed614] Test
  [cf7118a7] UUIDs
  [4ec0a83e] Unicode
Test Summary: | Pass  Total
utils         |   12     12
┌ Warning: `@nodeps` is deprecated. Simply use e.g. `Widgets.dropdown(x)` instead of `Widgets.@nodeps dropdown(x)`.
└ @ Widgets ~/.julia/packages/Widgets/451tD/src/utils.jl:63
Test Summary: | Pass  Total
widget        |   16     16
Test Summary: | Pass  Total
auto          |    2      2
Test Summary: | Pass  Total
layout        |    2      2
Test Summary: | Pass  Total
observable    |    2      2
Test Summary: | Pass  Total
manipulate    |    4      4
    Testing Widgets tests passed 

PkgEval succeeded


################################################################################
# PkgEval teardown: 2021-01-11T17:13:18.416
CPU usage: 86.08s (79.46s user, 6.72s kernel)

Network usage:
- eth0: 5.862 MiB received, 198.595 KiB sent

Raw statistics: {"blkio_stats":{"io_queue_recursive":[],"io_serviced_recursive":[{"major":259,"value":0,"op":"Read","minor":0},{"major":259,"value":36,"op":"Write","minor":0},{"major":259,"value":19,"op":"Sync","minor":0},{"major":259,"value":17,"op":"Async","minor":0},{"major":259,"value":0,"op":"Discard","minor":0},{"major":259,"value":36,"op":"Total","minor":0},{"major":253,"value":0,"op":"Read","minor":2},{"major":253,"value":36,"op":"Write","minor":2},{"major":253,"value":19,"op":"Sync","minor":2},{"major":253,"value":17,"op":"Async","minor":2},{"major":253,"value":0,"op":"Discard","minor":2},{"major":253,"value":36,"op":"Total","minor":2}],"io_time_recursive":[],"sectors_recursive":[],"io_service_bytes_recursive":[{"major":259,"value":0,"op":"Read","minor":0},{"major":259,"value":204800,"op":"Write","minor":0},{"major":259,"value":106496,"op":"Sync","minor":0},{"major":259,"value":98304,"op":"Async","minor":0},{"major":259,"value":0,"op":"Discard","minor":0},{"major":259,"value":204800,"op":"Total","minor":0},{"major":253,"value":0,"op":"Read","minor":2},{"major":253,"value":204800,"op":"Write","minor":2},{"major":253,"value":106496,"op":"Sync","minor":2},{"major":253,"value":98304,"op":"Async","minor":2},{"major":253,"value":0,"op":"Discard","minor":2},{"major":253,"value":204800,"op":"Total","minor":2}],"io_wait_time_recursive":[],"io_merged_recursive":[],"io_service_time_recursive":[]},"memory_stats":{"usage":329576448,"max_usage":1029709824,"stats":{"hierarchical_memory_limit":9223372036854771712,"pgmajfault":0,"total_rss":198623232,"inactive_file":135168,"inactive_anon":85155840,"total_pgfault":2186646,"total_cache":99885056,"total_rss_huge":0,"total_active_anon":213295104,"total_pgmajfault":0,"pgpgin":1370160,"rss_huge":0,"mapped_file":0,"total_inactive_file":135168,"dirty":270336,"total_unevictable":0,"total_dirty":270336,"writeback":0,"pgpgout":1297294,"hierarchical_memsw_limit":0,"cache":99885056,"active_file":135168,"pgfault":2186646,"total_mapped_file":0,"total_pgpgout":1297294,"total_writeback":0,"rss":198623232,"unevictable":0,"total_inactive_anon":85155840,"total_pgpgin":1370160,"active_anon":213295104,"total_active_file":135168},"limit":540965302272},"name":"/Widgets-3Ufubf7k","networks":{"eth0":{"rx_bytes":6146945,"rx_packets":1770,"tx_packets":1831,"tx_bytes":203361,"tx_dropped":0,"rx_dropped":3,"tx_errors":0,"rx_errors":0}},"id":"7ee8056efb8e7d9a9a5bf3db931055f4d4411d242c5647abadf1d36caa4c2642","preread":"0001-01-01T00:00:00Z","storage_stats":{},"precpu_stats":{"throttling_data":{"throttled_periods":0,"throttled_time":0,"periods":0},"cpu_usage":{"usage_in_usermode":0,"usage_in_kernelmode":0,"total_usage":0}},"pids_stats":{"current":40},"num_procs":0,"cpu_stats":{"throttling_data":{"throttled_periods":0,"throttled_time":0,"periods":0},"system_cpu_usage":4001153834522419,"online_cpus":128,"cpu_usage":{"usage_in_usermode":79460000000,"usage_in_kernelmode":6720000000,"total_usage":86081607816,"percpu_usage":[0,0,0,0,0,0,0,0,0,0,0,0,0,0,0,0,0,0,0,0,0,0,0,0,0,0,0,0,0,0,0,0,0,0,0,0,0,0,0,0,0,0,0,0,0,0,0,0,0,0,0,0,0,0,0,0,294520,0,86081309746,0,0,0,0,0,0,0,0,0,0,0,0,0,0,0,0,0,0,0,0,0,0,0,0,0,0,0,0,0,0,0,0,0,0,0,0,0,0,0,0,0,0,0,0,0,0,0,0,0,0,0,0,0,0,0,0,0,0,0,0,0,3550,0,0,0,0,0,0,0]}},"read":"2021-01-11T17:13:18.556102938Z"}