################################################################################
# PackageCompiler set-up: 2021-01-11T17:05:25.909
#

Julia Version 1.5.3
Commit 599f52c4c6 (2020-12-18 13:33 UTC)
Platform Info:
  OS: Linux (x86_64-linux-gnu)
  CPU: AMD EPYC 7502 32-Core Processor
  WORD_SIZE: 64
  LIBM: libopenlibm
  LLVM: libLLVM-9.0.1 (ORCJIT, znver2)
Environment:
  JULIA_PKGEVAL = true
  JULIA_PKG_PRECOMPILE_AUTO = 0



################################################################################
# Installation: 2021-01-11T17:05:27.623
#

 Installing known registries into `~/.julia`
######################################################################## 100.0%
      Added registry `General` to `~/.julia/registries/General`
  Resolving package versions...
  Installed CompilerSupportLibraries_jll ─ v0.3.4+0
  Installed ImageMagick_jll ────────────── v6.9.10-12+3
  Installed IdentityRanges ─────────────── v0.3.1
  Installed Media ──────────────────────── v0.5.0
  Installed FriBidi_jll ────────────────── v1.0.5+6
  Installed Juno ───────────────────────── v0.8.4
  Installed PackageCompiler ────────────── v1.2.5
  Installed Zlib_jll ───────────────────── v1.2.11+18
  Installed ICU_jll ────────────────────── v67.1.0+3
  Installed Reexport ───────────────────── v1.0.0
  Installed PaddedViews ────────────────── v0.5.7
  Installed Cairo_jll ──────────────────── v1.16.0+6
  Installed WordCloud ──────────────────── v0.3.0
  Installed WoodburyMatrices ───────────── v0.5.3
  Installed Xorg_libXdmcp_jll ──────────── v1.1.3+4
  Installed Pixman_jll ─────────────────── v0.40.0+0
  Installed MuladdMacro ────────────────── v0.2.2
  Installed Xorg_libX11_jll ────────────── v1.6.9+4
  Installed Libtiff_jll ────────────────── v4.1.0+2
  Installed StatsBase ──────────────────── v0.33.2
  Installed Zstd_jll ───────────────────── v1.4.5+2
  Installed DataStructures ─────────────── v0.18.8
  Installed Combinatorics ──────────────── v1.0.2
  Installed Libiconv_jll ───────────────── v1.16.0+7
  Installed DataAPI ────────────────────── v1.4.0
  Installed HarfBuzz_jll ───────────────── v2.6.1+10
  Installed Bzip2_jll ──────────────────── v1.0.6+5
  Installed Ratios ─────────────────────── v0.4.0
  Installed FileIO ─────────────────────── v1.4.5
  Installed Xorg_libXrender_jll ────────── v0.9.10+4
  Installed Xorg_libpthread_stubs_jll ──── v0.1.0+3
  Installed MosaicViews ────────────────── v0.2.4
  Installed Colors ─────────────────────── v0.12.6
  Installed XML2_jll ───────────────────── v2.9.10+3
  Installed OrderedCollections ─────────── v1.3.2
  Installed StaticArrays ───────────────── v1.0.1
  Installed ColorTypes ─────────────────── v0.10.9
  Installed Xorg_libXau_jll ────────────── v1.0.9+4
  Installed LZO_jll ────────────────────── v2.10.0+3
  Installed ColorVectorSpace ───────────── v0.8.7
  Installed Rotations ──────────────────── v1.0.2
  Installed Luxor ──────────────────────── v2.7.0
  Installed Missings ───────────────────── v0.4.4
  Installed libpng_jll ─────────────────── v1.6.37+6
  Installed Xorg_xtrans_jll ────────────── v1.4.0+3
  Installed MacroTools ─────────────────── v0.5.6
  Installed MappedArrays ───────────────── v0.3.0
  Installed QuartzImageIO ──────────────── v0.7.3
  Installed JLLWrappers ────────────────── v1.2.0
  Installed AbstractFFTs ───────────────── v1.0.0
  Installed Xorg_libxcb_jll ────────────── v1.13.0+3
  Installed Pango_jll ──────────────────── v1.42.4+10
  Installed AxisAlgorithms ─────────────── v1.0.0
  Installed NaNMath ────────────────────── v0.3.5
  Installed ImageMagick ────────────────── v1.1.6
  Installed PCRE_jll ───────────────────── v8.42.0+4
  Installed Interpolations ─────────────── v0.13.1
  Installed Graphite2_jll ──────────────── v1.3.13+4
  Installed Xorg_libXext_jll ───────────── v1.3.4+4
  Installed Libffi_jll ─────────────────── v3.2.1+4
  Installed Libgpg_error_jll ───────────── v1.36.0+3
  Installed Expat_jll ──────────────────── v2.2.7+6
  Installed Libgcrypt_jll ──────────────── v1.8.5+4
  Installed CoordinateTransformations ──── v0.6.1
  Installed Adapt ──────────────────────── v2.4.0
  Installed Gettext_jll ────────────────── v0.20.1+7
  Installed Graphics ───────────────────── v1.0.2
  Installed OffsetArrays ───────────────── v1.5.0
  Installed ImageTransformations ───────── v0.8.8
  Installed Libuuid_jll ────────────────── v2.34.0+7
  Installed FreeType2_jll ──────────────── v2.10.1+5
  Installed FixedPointNumbers ──────────── v0.8.4
  Installed SortingAlgorithms ──────────── v0.3.1
  Installed Fontconfig_jll ─────────────── v2.13.1+14
  Installed SpecialFunctions ───────────── v1.2.1
  Installed ColorSchemes ───────────────── v3.10.2
  Installed ImageCore ──────────────────── v0.8.20
  Installed XSLT_jll ───────────────────── v1.1.33+4
  Installed Compat ─────────────────────── v3.25.0
  Installed Libmount_jll ───────────────── v2.34.0+3
  Installed ChainRulesCore ─────────────── v0.9.24
  Installed JpegTurbo_jll ──────────────── v2.0.1+3
  Installed OpenSpecFun_jll ────────────── v0.5.3+4
  Installed Glib_jll ───────────────────── v2.59.0+4
  Installed Cairo ──────────────────────── v1.0.5
  Installed Artifacts ──────────────────── v1.3.0
Updating `~/.julia/environments/v1.5/Project.toml`
  [9b87118b] + PackageCompiler v1.2.5
  [6385f0a0] + WordCloud v0.3.0
Updating `~/.julia/environments/v1.5/Manifest.toml`
  [621f4979] + AbstractFFTs v1.0.0
  [79e6a3ab] + Adapt v2.4.0
  [56f22d72] + Artifacts v1.3.0
  [13072b0f] + AxisAlgorithms v1.0.0
  [6e34b625] + Bzip2_jll v1.0.6+5
  [159f3aea] + Cairo v1.0.5
  [83423d85] + Cairo_jll v1.16.0+6
  [d360d2e6] + ChainRulesCore v0.9.24
  [35d6a980] + ColorSchemes v3.10.2
  [3da002f7] + ColorTypes v0.10.9
  [c3611d14] + ColorVectorSpace v0.8.7
  [5ae59095] + Colors v0.12.6
  [861a8166] + Combinatorics v1.0.2
  [34da2185] + Compat v3.25.0
  [e66e0078] + CompilerSupportLibraries_jll v0.3.4+0
  [150eb455] + CoordinateTransformations v0.6.1
  [9a962f9c] + DataAPI v1.4.0
  [864edb3b] + DataStructures v0.18.8
  [2e619515] + Expat_jll v2.2.7+6
  [5789e2e9] + FileIO v1.4.5
  [53c48c17] + FixedPointNumbers v0.8.4
  [a3f928ae] + Fontconfig_jll v2.13.1+14
  [d7e528f0] + FreeType2_jll v2.10.1+5
  [559328eb] + FriBidi_jll v1.0.5+6
  [78b55507] + Gettext_jll v0.20.1+7
  [7746bdde] + Glib_jll v2.59.0+4
  [a2bd30eb] + Graphics v1.0.2
  [3b182d85] + Graphite2_jll v1.3.13+4
  [2e76f6c2] + HarfBuzz_jll v2.6.1+10
  [a51ab1cf] + ICU_jll v67.1.0+3
  [bbac6d45] + IdentityRanges v0.3.1
  [a09fc81d] + ImageCore v0.8.20
  [6218d12a] + ImageMagick v1.1.6
  [c73af94c] + ImageMagick_jll v6.9.10-12+3
  [02fcd773] + ImageTransformations v0.8.8
  [a98d9a8b] + Interpolations v0.13.1
  [692b3bcd] + JLLWrappers v1.2.0
  [aacddb02] + JpegTurbo_jll v2.0.1+3
  [e5e0dc1b] + Juno v0.8.4
  [dd4b983a] + LZO_jll v2.10.0+3
  [e9f186c6] + Libffi_jll v3.2.1+4
  [d4300ac3] + Libgcrypt_jll v1.8.5+4
  [7add5ba3] + Libgpg_error_jll v1.36.0+3
  [94ce4f54] + Libiconv_jll v1.16.0+7
  [4b2f31a3] + Libmount_jll v2.34.0+3
  [89763e89] + Libtiff_jll v4.1.0+2
  [38a345b3] + Libuuid_jll v2.34.0+7
  [ae8d54c2] + Luxor v2.7.0
  [1914dd2f] + MacroTools v0.5.6
  [dbb5928d] + MappedArrays v0.3.0
  [e89f7d12] + Media v0.5.0
  [e1d29d7a] + Missings v0.4.4
  [e94cdb99] + MosaicViews v0.2.4
  [46d2c3a1] + MuladdMacro v0.2.2
  [77ba4419] + NaNMath v0.3.5
  [6fe1bfb0] + OffsetArrays v1.5.0
  [efe28fd5] + OpenSpecFun_jll v0.5.3+4
  [bac558e1] + OrderedCollections v1.3.2
  [2f80f16e] + PCRE_jll v8.42.0+4
  [9b87118b] + PackageCompiler v1.2.5
  [5432bcbf] + PaddedViews v0.5.7
  [36c8627f] + Pango_jll v1.42.4+10
  [30392449] + Pixman_jll v0.40.0+0
  [dca85d43] + QuartzImageIO v0.7.3
  [c84ed2f1] + Ratios v0.4.0
  [189a3867] + Reexport v1.0.0
  [6038ab10] + Rotations v1.0.2
  [a2af1166] + SortingAlgorithms v0.3.1
  [276daf66] + SpecialFunctions v1.2.1
  [90137ffa] + StaticArrays v1.0.1
  [2913bbd2] + StatsBase v0.33.2
  [efce3f68] + WoodburyMatrices v0.5.3
  [6385f0a0] + WordCloud v0.3.0
  [02c8fc9c] + XML2_jll v2.9.10+3
  [aed1982a] + XSLT_jll v1.1.33+4
  [4f6342f7] + Xorg_libX11_jll v1.6.9+4
  [0c0b7dd1] + Xorg_libXau_jll v1.0.9+4
  [a3789734] + Xorg_libXdmcp_jll v1.1.3+4
  [1082639a] + Xorg_libXext_jll v1.3.4+4
  [ea2f1a96] + Xorg_libXrender_jll v0.9.10+4
  [14d82f49] + Xorg_libpthread_stubs_jll v0.1.0+3
  [c7cfdc94] + Xorg_libxcb_jll v1.13.0+3
  [c5fb5394] + Xorg_xtrans_jll v1.4.0+3
  [83775a58] + Zlib_jll v1.2.11+18
  [3161d3a3] + Zstd_jll v1.4.5+2
  [b53b4c65] + libpng_jll v1.6.37+6
  [2a0f44e3] + Base64
  [ade2ca70] + Dates
  [8bb1440f] + DelimitedFiles
  [8ba89e20] + Distributed
  [b77e0a4c] + InteractiveUtils
  [76f85450] + LibGit2
  [8f399da3] + Libdl
  [37e2e46d] + LinearAlgebra
  [56ddb016] + Logging
  [d6f4376e] + Markdown
  [a63ad114] + Mmap
  [44cfe95a] + Pkg
  [de0858da] + Printf
  [9abbd945] + Profile
  [3fa0cd96] + REPL
  [9a3f8284] + Random
  [ea8e919c] + SHA
  [9e88b42a] + Serialization
  [1a1011a3] + SharedArrays
  [6462fe0b] + Sockets
  [2f01184e] + SparseArrays
  [10745b16] + Statistics
  [8dfed614] + Test
  [cf7118a7] + UUIDs
  [4ec0a83e] + Unicode


################################################################################
# Compiling: 2021-01-11T17:05:37.3
#

[ Info: PackageCompiler: creating system image object file, this might take a while...
Generated system image is 205.254 MiB, compilation took 402 seconds


################################################################################
# PkgEval set-up: 2021-01-11T17:12:27.347
#

Julia Version 1.5.3
Commit 599f52c4c6 (2020-12-18 13:33 UTC)
Platform Info:
  OS: Linux (x86_64-linux-gnu)
  CPU: AMD EPYC 7502 32-Core Processor
  WORD_SIZE: 64
  LIBM: libopenlibm
  LLVM: libLLVM-9.0.1 (ORCJIT, znver2)
Environment:
  JULIA_PKGEVAL = true
  JULIA_PKG_PRECOMPILE_AUTO = 0

Base.julia_cmd() = `/usr/local/julia/bin/julia -Cnative -J/cache/WordCloud-nYRXVtw8.so -g1`


################################################################################
# Installation: 2021-01-11T17:12:28.939
#

 Installing known registries into `~/.julia`
#=#=#                                                                         ######################################################################## 100.0%
      Added registry `General` to `~/.julia/registries/General`
  Resolving package versions...
  Installed CompilerSupportLibraries_jll ─ v0.3.4+0
  Installed ImageMagick_jll ────────────── v6.9.10-12+3
  Installed IdentityRanges ─────────────── v0.3.1
  Installed Media ──────────────────────── v0.5.0
  Installed FriBidi_jll ────────────────── v1.0.5+6
  Installed Juno ───────────────────────── v0.8.4
  Installed PaddedViews ────────────────── v0.5.7
  Installed Zlib_jll ───────────────────── v1.2.11+18
  Installed ICU_jll ────────────────────── v67.1.0+3
  Installed Reexport ───────────────────── v1.0.0
  Installed Cairo_jll ──────────────────── v1.16.0+6
  Installed WoodburyMatrices ───────────── v0.5.3
  Installed Xorg_libXdmcp_jll ──────────── v1.1.3+4
  Installed Pixman_jll ─────────────────── v0.40.0+0
  Installed MuladdMacro ────────────────── v0.2.2
  Installed Xorg_libX11_jll ────────────── v1.6.9+4
  Installed WordCloud ──────────────────── v0.3.0
  Installed Libtiff_jll ────────────────── v4.1.0+2
  Installed StatsBase ──────────────────── v0.33.2
  Installed ColorVectorSpace ───────────── v0.8.7
  Installed DataStructures ─────────────── v0.18.8
  Installed Zstd_jll ───────────────────── v1.4.5+2
  Installed Libiconv_jll ───────────────── v1.16.0+7
  Installed Combinatorics ──────────────── v1.0.2
  Installed DataAPI ────────────────────── v1.4.0
  Installed HarfBuzz_jll ───────────────── v2.6.1+10
  Installed FileIO ─────────────────────── v1.4.5
  Installed Bzip2_jll ──────────────────── v1.0.6+5
  Installed Xorg_libXrender_jll ────────── v0.9.10+4
  Installed Xorg_libpthread_stubs_jll ──── v0.1.0+3
  Installed Ratios ─────────────────────── v0.4.0
  Installed MosaicViews ────────────────── v0.2.4
  Installed Colors ─────────────────────── v0.12.6
  Installed XML2_jll ───────────────────── v2.9.10+3
  Installed ColorTypes ─────────────────── v0.10.9
  Installed Xorg_libXau_jll ────────────── v1.0.9+4
  Installed OrderedCollections ─────────── v1.3.2
  Installed Rotations ──────────────────── v1.0.2
  Installed StaticArrays ───────────────── v1.0.1
  Installed Luxor ──────────────────────── v2.7.0
  Installed LZO_jll ────────────────────── v2.10.0+3
  Installed Missings ───────────────────── v0.4.4
  Installed libpng_jll ─────────────────── v1.6.37+6
  Installed Xorg_xtrans_jll ────────────── v1.4.0+3
  Installed MacroTools ─────────────────── v0.5.6
  Installed MappedArrays ───────────────── v0.3.0
  Installed JLLWrappers ────────────────── v1.2.0
  Installed Xorg_libxcb_jll ────────────── v1.13.0+3
  Installed QuartzImageIO ──────────────── v0.7.3
  Installed Pango_jll ──────────────────── v1.42.4+10
  Installed AbstractFFTs ───────────────── v1.0.0
  Installed ImageMagick ────────────────── v1.1.6
  Installed Interpolations ─────────────── v0.13.1
  Installed AxisAlgorithms ─────────────── v1.0.0
  Installed NaNMath ────────────────────── v0.3.5
  Installed PCRE_jll ───────────────────── v8.42.0+4
  Installed Graphite2_jll ──────────────── v1.3.13+4
  Installed Libffi_jll ─────────────────── v3.2.1+4
  Installed Xorg_libXext_jll ───────────── v1.3.4+4
  Installed Libgpg_error_jll ───────────── v1.36.0+3
  Installed Libgcrypt_jll ──────────────── v1.8.5+4
  Installed Expat_jll ──────────────────── v2.2.7+6
  Installed CoordinateTransformations ──── v0.6.1
  Installed Adapt ──────────────────────── v2.4.0
  Installed Graphics ───────────────────── v1.0.2
  Installed Gettext_jll ────────────────── v0.20.1+7
  Installed ImageTransformations ───────── v0.8.8
  Installed OffsetArrays ───────────────── v1.5.0
  Installed FixedPointNumbers ──────────── v0.8.4
  Installed ImageCore ──────────────────── v0.8.20
  Installed Libuuid_jll ────────────────── v2.34.0+7
  Installed SortingAlgorithms ──────────── v0.3.1
  Installed XSLT_jll ───────────────────── v1.1.33+4
  Installed FreeType2_jll ──────────────── v2.10.1+5
  Installed Fontconfig_jll ─────────────── v2.13.1+14
  Installed Libmount_jll ───────────────── v2.34.0+3
  Installed SpecialFunctions ───────────── v1.2.1
  Installed Compat ─────────────────────── v3.25.0
  Installed JpegTurbo_jll ──────────────── v2.0.1+3
  Installed OpenSpecFun_jll ────────────── v0.5.3+4
  Installed ColorSchemes ───────────────── v3.10.2
  Installed ChainRulesCore ─────────────── v0.9.24
  Installed Glib_jll ───────────────────── v2.59.0+4
  Installed Artifacts ──────────────────── v1.3.0
  Installed Cairo ──────────────────────── v1.0.5
Updating `~/.julia/environments/v1.5/Project.toml`
  [6385f0a0] + WordCloud v0.3.0
Updating `~/.julia/environments/v1.5/Manifest.toml`
  [621f4979] + AbstractFFTs v1.0.0
  [79e6a3ab] + Adapt v2.4.0
  [56f22d72] + Artifacts v1.3.0
  [13072b0f] + AxisAlgorithms v1.0.0
  [6e34b625] + Bzip2_jll v1.0.6+5
  [159f3aea] + Cairo v1.0.5
  [83423d85] + Cairo_jll v1.16.0+6
  [d360d2e6] + ChainRulesCore v0.9.24
  [35d6a980] + ColorSchemes v3.10.2
  [3da002f7] + ColorTypes v0.10.9
  [c3611d14] + ColorVectorSpace v0.8.7
  [5ae59095] + Colors v0.12.6
  [861a8166] + Combinatorics v1.0.2
  [34da2185] + Compat v3.25.0
  [e66e0078] + CompilerSupportLibraries_jll v0.3.4+0
  [150eb455] + CoordinateTransformations v0.6.1
  [9a962f9c] + DataAPI v1.4.0
  [864edb3b] + DataStructures v0.18.8
  [2e619515] + Expat_jll v2.2.7+6
  [5789e2e9] + FileIO v1.4.5
  [53c48c17] + FixedPointNumbers v0.8.4
  [a3f928ae] + Fontconfig_jll v2.13.1+14
  [d7e528f0] + FreeType2_jll v2.10.1+5
  [559328eb] + FriBidi_jll v1.0.5+6
  [78b55507] + Gettext_jll v0.20.1+7
  [7746bdde] + Glib_jll v2.59.0+4
  [a2bd30eb] + Graphics v1.0.2
  [3b182d85] + Graphite2_jll v1.3.13+4
  [2e76f6c2] + HarfBuzz_jll v2.6.1+10
  [a51ab1cf] + ICU_jll v67.1.0+3
  [bbac6d45] + IdentityRanges v0.3.1
  [a09fc81d] + ImageCore v0.8.20
  [6218d12a] + ImageMagick v1.1.6
  [c73af94c] + ImageMagick_jll v6.9.10-12+3
  [02fcd773] + ImageTransformations v0.8.8
  [a98d9a8b] + Interpolations v0.13.1
  [692b3bcd] + JLLWrappers v1.2.0
  [aacddb02] + JpegTurbo_jll v2.0.1+3
  [e5e0dc1b] + Juno v0.8.4
  [dd4b983a] + LZO_jll v2.10.0+3
  [e9f186c6] + Libffi_jll v3.2.1+4
  [d4300ac3] + Libgcrypt_jll v1.8.5+4
  [7add5ba3] + Libgpg_error_jll v1.36.0+3
  [94ce4f54] + Libiconv_jll v1.16.0+7
  [4b2f31a3] + Libmount_jll v2.34.0+3
  [89763e89] + Libtiff_jll v4.1.0+2
  [38a345b3] + Libuuid_jll v2.34.0+7
  [ae8d54c2] + Luxor v2.7.0
  [1914dd2f] + MacroTools v0.5.6
  [dbb5928d] + MappedArrays v0.3.0
  [e89f7d12] + Media v0.5.0
  [e1d29d7a] + Missings v0.4.4
  [e94cdb99] + MosaicViews v0.2.4
  [46d2c3a1] + MuladdMacro v0.2.2
  [77ba4419] + NaNMath v0.3.5
  [6fe1bfb0] + OffsetArrays v1.5.0
  [efe28fd5] + OpenSpecFun_jll v0.5.3+4
  [bac558e1] + OrderedCollections v1.3.2
  [2f80f16e] + PCRE_jll v8.42.0+4
  [5432bcbf] + PaddedViews v0.5.7
  [36c8627f] + Pango_jll v1.42.4+10
  [30392449] + Pixman_jll v0.40.0+0
  [dca85d43] + QuartzImageIO v0.7.3
  [c84ed2f1] + Ratios v0.4.0
  [189a3867] + Reexport v1.0.0
  [6038ab10] + Rotations v1.0.2
  [a2af1166] + SortingAlgorithms v0.3.1
  [276daf66] + SpecialFunctions v1.2.1
  [90137ffa] + StaticArrays v1.0.1
  [2913bbd2] + StatsBase v0.33.2
  [efce3f68] + WoodburyMatrices v0.5.3
  [6385f0a0] + WordCloud v0.3.0
  [02c8fc9c] + XML2_jll v2.9.10+3
  [aed1982a] + XSLT_jll v1.1.33+4
  [4f6342f7] + Xorg_libX11_jll v1.6.9+4
  [0c0b7dd1] + Xorg_libXau_jll v1.0.9+4
  [a3789734] + Xorg_libXdmcp_jll v1.1.3+4
  [1082639a] + Xorg_libXext_jll v1.3.4+4
  [ea2f1a96] + Xorg_libXrender_jll v0.9.10+4
  [14d82f49] + Xorg_libpthread_stubs_jll v0.1.0+3
  [c7cfdc94] + Xorg_libxcb_jll v1.13.0+3
  [c5fb5394] + Xorg_xtrans_jll v1.4.0+3
  [83775a58] + Zlib_jll v1.2.11+18
  [3161d3a3] + Zstd_jll v1.4.5+2
  [b53b4c65] + libpng_jll v1.6.37+6
  [2a0f44e3] + Base64
  [ade2ca70] + Dates
  [8bb1440f] + DelimitedFiles
  [8ba89e20] + Distributed
  [b77e0a4c] + InteractiveUtils
  [76f85450] + LibGit2
  [8f399da3] + Libdl
  [37e2e46d] + LinearAlgebra
  [56ddb016] + Logging
  [d6f4376e] + Markdown
  [a63ad114] + Mmap
  [44cfe95a] + Pkg
  [de0858da] + Printf
  [9abbd945] + Profile
  [3fa0cd96] + REPL
  [9a3f8284] + Random
  [ea8e919c] + SHA
  [9e88b42a] + Serialization
  [1a1011a3] + SharedArrays
  [6462fe0b] + Sockets
  [2f01184e] + SparseArrays
  [10745b16] + Statistics
  [8dfed614] + Test
  [cf7118a7] + UUIDs
  [4ec0a83e] + Unicode


################################################################################
# Testing: 2021-01-11T17:12:38.5
#

    Testing WordCloud
Status `/tmp/jl_ZCVplc/Project.toml`
  [35d6a980] ColorSchemes v3.10.2
  [5ae59095] Colors v0.12.6
  [861a8166] Combinatorics v1.0.2
  [6218d12a] ImageMagick v1.1.6
  [02fcd773] ImageTransformations v0.8.8
  [ae8d54c2] Luxor v2.7.0
  [6385f0a0] WordCloud v0.3.0
  [de0858da] Printf
  [9a3f8284] Random
  [8dfed614] Test
Status `/tmp/jl_ZCVplc/Manifest.toml`
  [621f4979] AbstractFFTs v1.0.0
  [79e6a3ab] Adapt v2.4.0
  [56f22d72] Artifacts v1.3.0
  [13072b0f] AxisAlgorithms v1.0.0
  [6e34b625] Bzip2_jll v1.0.6+5
  [159f3aea] Cairo v1.0.5
  [83423d85] Cairo_jll v1.16.0+6
  [d360d2e6] ChainRulesCore v0.9.24
  [35d6a980] ColorSchemes v3.10.2
  [3da002f7] ColorTypes v0.10.9
  [c3611d14] ColorVectorSpace v0.8.7
  [5ae59095] Colors v0.12.6
  [861a8166] Combinatorics v1.0.2
  [34da2185] Compat v3.25.0
  [e66e0078] CompilerSupportLibraries_jll v0.3.4+0
  [150eb455] CoordinateTransformations v0.6.1
  [9a962f9c] DataAPI v1.4.0
  [864edb3b] DataStructures v0.18.8
  [2e619515] Expat_jll v2.2.7+6
  [5789e2e9] FileIO v1.4.5
  [53c48c17] FixedPointNumbers v0.8.4
  [a3f928ae] Fontconfig_jll v2.13.1+14
  [d7e528f0] FreeType2_jll v2.10.1+5
  [559328eb] FriBidi_jll v1.0.5+6
  [78b55507] Gettext_jll v0.20.1+7
  [7746bdde] Glib_jll v2.59.0+4
  [a2bd30eb] Graphics v1.0.2
  [3b182d85] Graphite2_jll v1.3.13+4
  [2e76f6c2] HarfBuzz_jll v2.6.1+10
  [a51ab1cf] ICU_jll v67.1.0+3
  [bbac6d45] IdentityRanges v0.3.1
  [a09fc81d] ImageCore v0.8.20
  [6218d12a] ImageMagick v1.1.6
  [c73af94c] ImageMagick_jll v6.9.10-12+3
  [02fcd773] ImageTransformations v0.8.8
  [a98d9a8b] Interpolations v0.13.1
  [692b3bcd] JLLWrappers v1.2.0
  [aacddb02] JpegTurbo_jll v2.0.1+3
  [e5e0dc1b] Juno v0.8.4
  [dd4b983a] LZO_jll v2.10.0+3
  [e9f186c6] Libffi_jll v3.2.1+4
  [d4300ac3] Libgcrypt_jll v1.8.5+4
  [7add5ba3] Libgpg_error_jll v1.36.0+3
  [94ce4f54] Libiconv_jll v1.16.0+7
  [4b2f31a3] Libmount_jll v2.34.0+3
  [89763e89] Libtiff_jll v4.1.0+2
  [38a345b3] Libuuid_jll v2.34.0+7
  [ae8d54c2] Luxor v2.7.0
  [1914dd2f] MacroTools v0.5.6
  [dbb5928d] MappedArrays v0.3.0
  [e89f7d12] Media v0.5.0
  [e1d29d7a] Missings v0.4.4
  [e94cdb99] MosaicViews v0.2.4
  [46d2c3a1] MuladdMacro v0.2.2
  [77ba4419] NaNMath v0.3.5
  [6fe1bfb0] OffsetArrays v1.5.0
  [efe28fd5] OpenSpecFun_jll v0.5.3+4
  [bac558e1] OrderedCollections v1.3.2
  [2f80f16e] PCRE_jll v8.42.0+4
  [5432bcbf] PaddedViews v0.5.7
  [36c8627f] Pango_jll v1.42.4+10
  [30392449] Pixman_jll v0.40.0+0
  [dca85d43] QuartzImageIO v0.7.3
  [c84ed2f1] Ratios v0.4.0
  [189a3867] Reexport v1.0.0
  [6038ab10] Rotations v1.0.2
  [a2af1166] SortingAlgorithms v0.3.1
  [276daf66] SpecialFunctions v1.2.1
  [90137ffa] StaticArrays v1.0.1
  [2913bbd2] StatsBase v0.33.2
  [efce3f68] WoodburyMatrices v0.5.3
  [6385f0a0] WordCloud v0.3.0
  [02c8fc9c] XML2_jll v2.9.10+3
  [aed1982a] XSLT_jll v1.1.33+4
  [4f6342f7] Xorg_libX11_jll v1.6.9+4
  [0c0b7dd1] Xorg_libXau_jll v1.0.9+4
  [a3789734] Xorg_libXdmcp_jll v1.1.3+4
  [1082639a] Xorg_libXext_jll v1.3.4+4
  [ea2f1a96] Xorg_libXrender_jll v0.9.10+4
  [14d82f49] Xorg_libpthread_stubs_jll v0.1.0+3
  [c7cfdc94] Xorg_libxcb_jll v1.13.0+3
  [c5fb5394] Xorg_xtrans_jll v1.4.0+3
  [83775a58] Zlib_jll v1.2.11+18
  [3161d3a3] Zstd_jll v1.4.5+2
  [b53b4c65] libpng_jll v1.6.37+6
  [2a0f44e3] Base64
  [ade2ca70] Dates
  [8bb1440f] DelimitedFiles
  [8ba89e20] Distributed
  [b77e0a4c] InteractiveUtils
  [76f85450] LibGit2
  [8f399da3] Libdl
  [37e2e46d] LinearAlgebra
  [56ddb016] Logging
  [d6f4376e] Markdown
  [a63ad114] Mmap
  [44cfe95a] Pkg
  [de0858da] Printf
  [9abbd945] Profile
  [3fa0cd96] REPL
  [9a3f8284] Random
  [ea8e919c] SHA
  [9e88b42a] Serialization
  [1a1011a3] SharedArrays
  [6462fe0b] Sockets
  [2f01184e] SparseArrays
  [10745b16] Statistics
  [8dfed614] Test
  [cf7118a7] UUIDs
  [4ec0a83e] Unicode
Test Summary: |  Pass  Total
qtree.jl      | 87387  87387
Test Summary: | Pass  Total
lru.jl        |    4      4
14 legal words
14 huge words
Test Summary: | Pass  Total
nlp.jl        |    2      2
(scheme, length(colors)) = (:Paired_11, 11)
angles = -90:90
maskcolor = 1.0
set minfontsize to 8.0
(groundoccupied, length(words)) = (452033, 682)
(sc, tg, tg / ground_size) = (20.019164491756584, 430615.0, 0.9526185035163361)
(sc, tg, tg / ground_size) = (15.55354530394261, 426769.5, 0.9441113812487142)
(sc, tg, tg / ground_size) = (12.043121023058724, 423763.75, 0.9374619773335132)
(sc, tg, tg / ground_size) = (9.255551068129426, 422197.0, 0.933995969320824)
(sc, tg, tg / ground_size) = (7.040275018559271, 420428.0, 0.930082538221767)
┌ Warning: find_weight_scale reach maxiter. This may be caused by too small background image or too many words or too big `minfontsize`.
└ @ WordCloud /home/pkgeval/.julia/packages/WordCloud/UJHy6/src/strategy.jl:87
set fillingrate to 0.6, with scale=7.040275018559271
#1. scale = 7.040275018559271
(nepoch, patient) = (1000, 10)
#2. scale = 6.688261267631307
(nepoch, patient) = (1000, 10)
#3. scale = 6.353848204249742
(nepoch, patient) = (1000, 10)
(ep, nc) = (1000, 1265)
have 1285 collision. try setting a larger `nepoch` and `retry`, or lower `fillingrate` in `wordcloud` to fix that
[("7RXcl", "Gt0"), ("ViZMf", "q6VI"), ("FGrsrc4J", "DSod"), ("5jcrt", "NVU77EGO"), ("o1RSz", "VRvp0H5"), ("q6VI", "QeJb"), ("JS5ds", "HxdvuCm"), ("5jcrt", "Wb5go"), ("HxdvuCm", "Gt0"), ("7RXcl", "HxdvuCm"), ("Os019", "Wi"), ("DSod", "ZqPWbZ"), ("PXfAap", "BWQj"), ("EVB", "VRvp0H5"), ("78KnO", "BWQj"), ("Gt0", "55p2a7a"), ("z86mb", "DAgJduF"), ("fTQMa3ZC", "ywHAw"), ("UFiK", "FiR4pBKM"), ("HxdvuCm", "55p2a7a"), ("lFWA", "QMa3DT"), ("GwtMg", "fTQMa3ZC"), ("WWcWS", "BOCt"), ("Os019", "1r2"), ("adSX1", "1IiwLoq8"), ("szDsEh", "adSX1"), ("#MASK#", "Wb5go"), ("7RXcl", "55p2a7a"), ("BiykuR", "DAgJduF"), ("DAgJduF", "1kmqr"), ("ljHG", "o1RSz"), ("cs", "Xo19bdAh"), ("FGrsrc4J", "ZqPWbZ"), ("EVB", "lFWA"), ("GwtMg", "ywHAw"), ("Wb5go", "NVU77EGO"), ("M3Cv", "1kmqr"), ("qFT", "Pg"), ("Pccd65y9", "1r2"), ("ljHG", "Pg"), ("FGrsrc4J", "pVHv6y2Q"), ("pVHv6y2Q", "ZqPWbZ"), ("FiR4pBKM", "WWcWS"), ("78KnO", "PXfAap"), ("gHNaD", "n6xP3Uxn"), ("Wi", "MfT4Cpm"), ("gHNaD", "uF3DUR"), ("S1iiSe", "M3Cv"), ("UOAwNvRH", "WWcWS"), ("78KnO", "2z2G94hf"), ("z86mb", "1kmqr"), ("lFWA", "VRvp0H5"), ("ljHG", "60qTVH6M"), ("8FpEc", "lFWA"), ("ViZMf", "QeJb"), ("uF3DUR", "oO"), ("pzAofS", "Qr"), ("z86mb", "S1iiSe"), ("UFiK", "5Bd"), ("#MASK#", "MfmoUlTb"), ("#MASK#", "2nSDOu"), ("#MASK#", "w"), ("#MASK#", "z39i0"), ("uIXX6", "Xo19bdAh"), ("#MASK#", "B"), ("JS5ds", "kB5J"), ("#MASK#", "fz"), ("q6VI", "4kN2"), ("oSaSQCM", "NVU77EGO"), ("GwtMg", "Fe"), ("BWQj", "SrhJpU4"), ("pVHv6y2Q", "CipZEJ"), ("B", "PXfAap"), ("q5", "QMa3DT"), ("H", "1kmqr"), ("q5", "8FpEc"), ("#MASK#", "tqcW"), ("76", "1IiwLoq8"), ("v2jUlSOI", "BOCt"), ("7RXcl", "M2"), ("8oAtY", "1IiwLoq8"), ("WS", "ywHAw"), ("#MASK#", "ree"), ("RJ73D5x", "k"), ("JM1GU", "pVHv6y2Q"), ("ViZMf", "E"), ("#MASK#", "vsaS"), ("FiR4pBKM", "wA8S"), ("l", "NVU77EGO"), ("szDsEh", "Ct5BxWj"), ("UFiK", "S"), ("MkNYIdT", "uF3DUR"), ("MfT4Cpm", "83JEyv"), ("DtEKolY5", "yWa"), ("nJTn", "QMa3DT"), ("Wb5go", "K"), ("H", "DAgJduF"), ("#MASK#", "C"), ("vzK7t7aC", "Prq6GJ"), ("#MASK#", "2lP6d"), ("Pccd65y9", "uhZ6R"), ("1r2", "t1FG"), ("H", "Qr"), ("ljHG", "eMNdy3R"), ("FiR4pBKM", "5Bd"), ("#MASK#", "A"), ("#MASK#", "Nq"), ("uIXX6", "cs"), ("sSel", "ZqPWbZ"), ("n6xP3Uxn", "RJ3a7"), ("YX0", "60qTVH6M"), ("#MASK#", "NdHJK"), ("np", "dHFH5uAB"), ("e9svO", "55p2a7a"), ("MfT4Cpm", "Ju0"), ("NIJ0", "60qTVH6M"), ("S1iiSe", "rAWq"), ("#MASK#", "i33mmZ"), ("49o5u", "oO"), ("#MASK#", "pW3YDW8Z"), ("#MASK#", "Cdx3LYxY"), ("POZEgJ", "2z2G94hf"), ("n6xP3Uxn", "oM"), ("#MASK#", "TBfhQH"), ("#MASK#", "aBspuBxG"), ("ZG", "POZEgJ"), ("4U12hb", "WWcWS"), ("#MASK#", "4"), ("PXfAap", "y8PZRft"), ("Os019", "cfVENYO"), ("#MASK#", "u3uC"), ("#MASK#", "Y"), ("Pccd65y9", "t1FG"), ("#MASK#", "Q"), ("K", "fTQMa3ZC"), ("EeL", "RJ73D5x"), ("CipZEJ", "ZqPWbZ"), ("5jcrt", "FFBP"), ("H", "DtEKolY5"), ("Xo19bdAh", "JWi"), ("xmtvOe", "YBM"), ("BiykuR", "4FeKrO"), ("XfUrqVrf", "Qr"), ("#MASK#", "n"), ("eMNdy3R", "VRvp0H5"), ("#MASK#", "G3qf57E"), ("4U12hb", "YBM"), ("#MASK#", "1mf60w0m"), ("BU5fb", "55p2a7a"), ("SQV", "55p2a7a"), ("uH", "USD4FB"), ("#MASK#", "HFGg"), ("#MASK#", "rWAa"), ("#MASK#", "hbs"), ("ZG", "B"), ("mD5", "FGrsrc4J"), ("cs", "skdSiKk"), ("5jcrt", "K"), ("eb53Et", "oO"), ("queqs6e2", "WUC"), ("R34LOi", "Qr"), ("kp", "YBM"), ("ZG", "RqlIm3"), ("#MASK#", "5"), ("LV3A", "dHFH5uAB"), ("OrC", "8FpEc"), ("#MASK#", "0"), ("BU5fb", "Gt0"), ("cs", "JWi"), ("FiR4pBKM", "S"), ("eMNdy3R", "60qTVH6M"), ("tRPg0", "q6VI"), ("5K6j2A", "ruLEMHou"), ("5K6j2A", "w1G5KS"), ("CkOTkbh", "Prq6GJ"), ("DSod", "CipZEJ"), ("fTcQFO6s", "VRvp0H5"), ("R", "EvrA"), ("pVHv6y2Q", "erGc2dU"), ("#MASK#", "pj"), ("uhZ6R", "1r2"), ("FGrsrc4J", "CipZEJ"), ("M2", "HxdvuCm"), ("#MASK#", "rs7"), ("DtEKolY5", "osLDO"), ("tRPg0", "QeJb"), ("JS5ds", "M2"), ("y8PZRft", "BWQj"), ("ZG", "SFseVr"), ("tpNo", "ywHAw"), ("E", "Xo19bdAh"), ("Os019", "oaILnY"), ("R34LOi", "pzAofS"), ("DSod", "sSel"), ("#MASK#", "oZk8E"), ("ll5ShLDx", "1kmqr"), ("FGrsrc4J", "sSel"), ("UFiK", "wA8S"), ("M3Cv", "RJ3a7"), ("szDsEh", "e5"), ("JS5ds", "OCL"), ("#MASK#", "nAnBgyyY"), ("#MASK#", "eb53Et"), ("Os019", "mtqu"), ("NVU77EGO", "3"), ("#MASK#", "bDQ"), ("#MASK#", "Acy"), ("#MASK#", "dkpB"), ("DtEKolY5", "MI6"), ("#MASK#", "MkNYIdT"), ("7G5HjPc", "fTQMa3ZC"), ("EvrA", "X9NAg3y8"), ("ywHAw", "jfRFz"), ("D", "5K6j2A"), ("YX0", "2z2G94hf"), ("4U12hb", "BOCt"), ("#MASK#", "Y7"), ("UOAwNvRH", "wA8S"), ("L", "dkpB"), ("ree", "MfmoUlTb"), ("pHveXcPo", "z39i0"), ("NFYwaY", "hbs"), ("QvzzyW3", "myujjnt"), ("ree", "hbs"), ("Yy9", "myujjnt"), ("CTByhS", "fz"), ("eZ61EBqV", "dkpB"), ("DWCS", "3R"), ("wlGk", "Ial"), ("QvzzyW3", "Yy9"), ("U", "eZ61EBqV"), ("L", "eZ61EBqV"), ("0yJXBn", "z39i0"), ("5", "0yJXBn"), ("U", "dkpB"), ("pHveXcPo", "MfmoUlTb"), ("ree", "NFYwaY"), ("wlGk", "fMw3mrrp"), ("eb53Et", "oM"), ("PR", "jnAC7eg"), ("0yJXBn", "mGlzvMD"), ("0D", "myujjnt"), ("Yy9", "TR3hkX"), ("R5P", "myujjnt"), ("oX74jDr", "NdHJK"), ("QvzzyW3", "I"), ("PxK90gqV", "myujjnt"), ("CkOTkbh", "fMw3mrrp"), ("TR3hkX", "myujjnt"), ("QvzzyW3", "JqRll3"), ("ez1QF726", "eZ61EBqV"), ("hbs", "vjtr"), ("NFYwaY", "vjtr"), ("CTByhS", "TR3hkX"), ("0", "eZ61EBqV"), ("C04q", "NdHJK"), ("KA2ORq", "NFYwaY"), ("NdHJK", "ucSzbQoT"), ("MfmoUlTb", "kE"), ("en", "DWCS"), ("pHveXcPo", "peuDLAS8"), ("H", "jnAC7eg"), ("fz", "TR3hkX"), ("QvzzyW3", "bJYHe"), ("U", "0"), ("I", "myujjnt"), ("wlGk", "EeL"), ("9tV", "fMw3mrrp"), ("KA2ORq", "MfmoUlTb"), ("0D", "CTByhS"), ("Enw", "myujjnt"), ("PxK90gqV", "Ial"), ("cRpzL3F", "eZ61EBqV"), ("EeL", "fMw3mrrp"), ("yL", "MfmoUlTb"), ("tjB4", "NdHJK"), ("PxK90gqV", "3R"), ("CTByhS", "LX"), ("EoptqyJ", "Yy9"), ("KSy0O", "fz"), ("QvzzyW3", "Enw"), ("Mg8r", "pj"), ("C4Qlau8", "6WuH"), ("vQzYfAn7", "feh43"), ("pj", "21vsNRi"), ("Q", "FFBP"), ("Mg8r", "jW"), ("5kJoYh", "vQzYfAn7"), ("d", "JEfzR"), ("Mg8r", "21vsNRi"), ("sUTrNI", "SMHKOO"), ("5kJoYh", "C4Qlau8"), ("sUTrNI", "DJ"), ("5kJoYh", "pj"), ("21vsNRi", "kFvGuI"), ("vQzYfAn7", "21vsNRi"), ("C4Qlau8", "OwdX0CI"), ("Mg8r", "vQzYfAn7"), ("feh43", "pj"), ("tLzIKeCd", "WYcnq4"), ("5kJoYh", "jW"), ("vQzYfAn7", "jW"), ("vQzYfAn7", "TBfhQH"), ("C4Qlau8", "w"), ("feh43", "jW"), ("Mg8r", "kFvGuI"), ("21vsNRi", "jW"), ("d", "uouq"), ("Mg8r", "feh43"), ("pj", "jW"), ("rF6eqED", "C"), ("feh43", "TBfhQH"), ("pj", "wp2ylyjb"), ("JEfzR", "uouq"), ("5kJoYh", "rF6eqED"), ("21vsNRi", "6WuH"), ("HOpM", "CapOfxk"), ("Ct5BxWj", "ruLEMHou"), ("feh43", "21vsNRi"), ("OwdX0CI", "5"), ("vQzYfAn7", "pj"), ("wp2ylyjb", "uouq"), ("0do", "WYcnq4"), ("LV3A", "Ct5BxWj"), ("c3uvs", "WYcnq4"), ("uouq", "4NnK"), ("F", "kFvGuI"), ("x4O0", "DJ"), ("TBfhQH", "zveZB"), ("wp2ylyjb", "Y4JSY5"), ("vX2fK4L", "WYcnq4"), ("1G", "Ct5BxWj"), ("JEfzR", "GbhN"), ("6u9mM", "6WuH"), ("Ct5BxWj", "e5"), ("kFvGuI", "LjH"), ("FFBP", "JM1GU"), ("CJdgEybQ", "ruLEMHou"), ("nAnBgyyY", "iDYqbN"), ("JEW", "tLzIKeCd"), ("sUTrNI", "Pu53T0"), ("7MVfxev", "kFvGuI"), ("I3", "wp2ylyjb"), ("H", "5kJoYh"), ("tRN15", "Ct5BxWj"), ("tLzIKeCd", "QAZ"), ("K", "Ct5BxWj"), ("D", "ruLEMHou"), ("Mg8r", "k"), ("k", "21vsNRi"), ("OCL", "Ct5BxWj"), ("2ce1", "Ct5BxWj"), ("21vsNRi", "6u9mM"), ("CapOfxk", "3jij9fPn"), ("tLzIKeCd", "I5y"), ("C4Qlau8", "6u9mM"), ("feh43", "zveZB"), ("wp2ylyjb", "4NnK"), ("7MVfxev", "CapOfxk"), ("JEfzR", "4NnK"), ("D", "Ct5BxWj"), ("tRN15", "tLzIKeCd"), ("H", "C4Qlau8"), ("H", "rF6eqED"), ("x4O0", "sUTrNI"), ("21vsNRi", "F"), ("3tbaFpl", "B"), ("4emYHx7", "BXp5wSz"), ("SyFWv", "y0c"), ("3tbaFpl", "4emYHx7"), ("sQNE", "8oAtY"), ("xu1R0", "rWAa"), ("VKvBs6o", "sQ"), ("U4d7P1z", "D"), ("49o5u", "xu1R0"), ("MkNYIdT", "xu1R0"), ("4emYHx7", "js4hg3"), ("VKvBs6o", "y0c"), ("sQ", "y0c"), ("i33mmZ", "S4ETcwTR"), ("3tbaFpl", "tV"), ("3tbaFpl", "js4hg3"), ("SyFWv", "sQ"), ("tV", "js4hg3"), ("4emYHx7", "ecGuCh"), ("MkNYIdT", "BW"), ("SyFWv", "8V"), ("BXp5wSz", "ecGuCh"), ("BXp5wSz", "js4hg3"), ("8V", "js4hg3"), ("SyFWv", "VKvBs6o"), ("23ukzb", "S4ETcwTR"), ("8V", "Glrmz"), ("JD", "3f02isn"), ("3tbaFpl", "cbV"), ("2aAa", "Q42H"), ("i33mmZ", "rAPx"), ("S4ETcwTR", "ds1"), ("i33mmZ", "bAcFgzi"), ("6VnR", "D"), ("O5PUA", "ecGuCh"), ("w", "sQNE"), ("6VnR", "U4d7P1z"), ("BXp5wSz", "O5PUA"), ("w", "sQNE"), ("SyFWv", "A2eC0"), ("VKvBs6o", "A2eC0"), ("uLQ0N", "8oAtY"), ("VoAM7vgo", "0q"), ("O", "8oAtY"), ("49", "y0c"), ("Ri8B", "U4d7P1z"), ("0", "Y7"), ("vKJ", "ecGuCh"), ("v", "VoAM7vgo"), ("SyFWv", "49"), ("3tbaFpl", "7"), ("0Y", "i33mmZ"), ("8V", "49"), ("Y7", "rAPx"), ("vk", "Q42H"), ("tV", "A2eC0"), ("B", "cbV"), ("PMc8w5", "VoAM7vgo"), ("4", "U4d7P1z"), ("VoAM7vgo", "wrhGh"), ("vk", "Y7"), ("A2eC0", "js4hg3"), ("js4hg3", "7"), ("4emYHx7", "O5PUA"), ("S4ETcwTR", "cbV"), ("8V", "uCk8pQiF"), ("76", "sQNE"), ("0Y", "S4ETcwTR"), ("oZk8E", "Nq"), ("kDeMi", "mz7"), ("Acy", "oZk8E"), ("Acy", "Nq"), ("0", "ZbL6"), ("Y", "LeJTqk3w"), ("0", "QNaO"), ("ZbL6", "QNaO"), ("5dgzj", "G3qf57E"), ("pxa83iRg", "LDJ7s2"), ("5dgzj", "cFIth"), ("sg7R4it", "kDeMi"), ("G3qf57E", "cFIth"), ("Y", "A"), ("oSaSQCM", "l"), ("uFvf", "MxN"), ("uFvf", "fz"), ("l", "3"), ("ZbL6", "fz"), ("fz", "QNaO"), ("A", "LeJTqk3w"), ("K", "3WaVqEGm"), ("HM", "G3qf57E"), ("sg7R4it", "dhJFsHm"), ("uFvf", "PIYSTnA"), ("5dgzj", "tVvQEG"), ("LeJTqk3w", "xZ8"), ("SQmlGW", "LeJTqk3w"), ("LeJTqk3w", "AkwDp"), ("3U82", "oZk8E"), ("sg7R4it", "x92lWYO"), ("kDeMi", "aQZdleAb"), ("MX", "LeJTqk3w"), ("CvwU", "LeJTqk3w"), ("pxa83iRg", "jfRFz"), ("79NLj", "LDJ7s2"), ("A", "t"), ("MxN", "0"), ("5dgzj", "dhJFsHm"), ("pxa83iRg", "dQ"), ("oSaSQCM", "mD5"), ("G3qf57E", "tVvQEG"), ("fgRzz", "9Rdho1rf"), ("XPuM", "9Rdho1rf"), ("sg7R4it", "tVvQEG"), ("oBgo3", "G3qf57E"), ("MxN", "jSejAj"), ("oEqEeG9z", "u"), ("oSaSQCM", "erGc2dU"), ("kDeMi", "dhJFsHm"), ("3WaVqEGm", "xB"), ("oEqEeG9z", "xmtvOe"), ("gY", "LeJTqk3w"), ("oEqEeG9z", "79NLj"), ("XfUrqVrf", "ElHU"), ("fdmeyr9", "YI8I"), ("OYWrVikG", "WcOjO7Z"), ("yDaHaZYs", "LZBp"), ("fdmeyr9", "peuDLAS8"), ("FVs", "YI8I"), ("peuDLAS8", "LZBp"), ("fdmeyr9", "R5P"), ("V2mZD", "ipKgEEHv"), ("peuDLAS8", "FVs"), ("V2mZD", "yDaHaZYs"), ("fdmeyr9", "PxK90gqV"), ("peuDLAS8", "YI8I"), ("0D", "LX"), ("PxK90gqV", "R5P"), ("R5P", "YI8I"), ("V2mZD", "Z13xnz8c"), ("mGlzvMD", "LZBp"), ("JQXoZ", "OYWrVikG"), ("V2mZD", "hNXnfK2"), ("JqRll3", "FVs"), ("QMJzer1", "V2mZD"), ("I", "R5P"), ("kE", "FVs"), ("ElHU", "MI6"), ("WcOjO7Z", "dD"), ("RMvY", "OYWrVikG"), ("XfUrqVrf", "hNXnfK2"), ("WcOjO7Z", "b2"), ("LZBp", "b2"), ("QMJzer1", "yDaHaZYs"), ("JQXoZ", "LZBp"), ("OYWrVikG", "b2"), ("fdmeyr9", "JqRll3"), ("a", "yDaHaZYs"), ("yDaHaZYs", "dD"), ("peuDLAS8", "JqRll3"), ("ipKgEEHv", "hNXnfK2"), ("fdmeyr9", "LqL"), ("a", "WcOjO7Z"), ("u", "ipKgEEHv"), ("yDaHaZYs", "mGlzvMD"), ("PxK90gqV", "7V"), ("0614RxUn", "ginRv"), ("czJ50jZ6", "ginRv"), ("RrmATO", "ginRv"), ("czJ50jZ6", "mDqvJ8"), ("pF", "ginRv"), ("0614RxUn", "RrmATO"), ("6ZZZJF", "KSy0O"), ("KKrg9", "vsaS"), ("vf9", "pF"), ("PZJmMj", "BPmHg"), ("vsaS", "jBrILdkB"), ("m", "vsaS"), ("uI", "mDqvJ8"), ("APN", "6ZZZJF"), ("tjB4", "KKrg9"), ("czJ50jZ6", "tqcW"), ("C6", "PZJmMj"), ("vf9", "I"), ("wA8S", "2lP6d"), ("0614RxUn", "Vl"), ("St", "vsaS"), ("qcbiOer6", "KSy0O"), ("Oot", "jBrILdkB"), ("C6", "BPmHg"), ("f0ka", "jBrILdkB"), ("WSbPESJb", "ykV"), ("2lP6d", "BPmHg"), ("czJ50jZ6", "uI"), ("RrmATO", "Vl"), ("6ZZZJF", "EoptqyJ"), ("APN", "WSbPESJb"), ("0614RxUn", "yrH"), ("mDqvJ8", "Vl"), ("6ZZZJF", "ykV"), ("f0ka", "vsaS"), ("PZJmMj", "qGy8yZfh"), ("yrH", "pF"), ("czJ50jZ6", "pW3YDW8Z"), ("yrH", "ginRv"), ("RrmATO", "yrH"), ("5LKTsL", "41O"), ("5LKTsL", "e8WKM"), ("OL7WWQ", "sc0JQa"), ("7lwdlV", "Hf7"), ("oaILnY", "t1FG"), ("HVL0cf", "sc0JQa"), ("m4VjKXih", "41O"), ("oaILnY", "yqaB"), ("m4VjKXih", "KOQUE"), ("e8WKM", "MNuW"), ("5LKTsL", "AswREHo"), ("39Va572", "HVL0cf"), ("AswREHo", "JWi"), ("yqaB", "oXtKZDhs"), ("I3", "Y4JSY5"), ("AswREHo", "41O"), ("e8WKM", "oXtKZDhs"), ("JEW", "sc0JQa"), ("KOQUE", "9f1w"), ("m4VjKXih", "IuA"), ("OL7WWQ", "nCsJko0"), ("BRG", "sc0JQa"), ("i", "39Va572"), ("e8WKM", "IuA"), ("Y4JSY5", "ihSo"), ("oXtKZDhs", "DLg"), ("OL7WWQ", "JyQW31vq"), ("m4VjKXih", "skdSiKk"), ("oaILnY", "Ju0"), ("KOQUE", "IuA"), ("HVL0cf", "BRG"), ("nCsJko0", "HVL0cf"), ("Hf7", "ihSo"), ("skdSiKk", "JWi"), ("41O", "skdSiKk"), ("m4VjKXih", "1F6i"), ("7lwdlV", "ihSo"), ("AswREHo", "skdSiKk"), ("oaILnY", "QUW"), ("AswREHo", "IuA"), ("CJdgEybQ", "OL7WWQ"), ("yqaB", "DLg"), ("KOQUE", "ihSo"), ("JEW", "39Va572"), ("X4e650Wr", "TO9E"), ("v", "1mf60w0m"), ("BnxdKqq", "1mf60w0m"), ("AzUro", "6z92PI"), ("v", "HHpatd"), ("AzUro", "iDYqbN"), ("X4e650Wr", "W83uxVXs"), ("5SWcl", "BnxdKqq"), ("6z92PI", "1hqzGE"), ("qSDabEg", "OWW6aTO"), ("HHpatd", "1hqzGE"), ("OWW6aTO", "5SWcl"), ("a", "AzUro"), ("OWW6aTO", "hkw7ygVo"), ("qSDabEg", "1hqzGE"), ("HHpatd", "BnxdKqq"), ("qSDabEg", "5SWcl"), ("6z92PI", "iDYqbN"), ("7MVfxev", "3jij9fPn"), ("X4e650Wr", "fW"), ("vX2fK4L", "0do"), ("fW", "1mf60w0m"), ("vX2fK4L", "3jij9fPn"), ("c3uvs", "0do"), ("3jij9fPn", "LjH"), ("W83uxVXs", "r0Np"), ("fW", "W83uxVXs"), ("g", "1mf60w0m"), ("hkw7ygVo", "iu8u2bYZ"), ("g", "BnxdKqq"), ("8N8EK", "1hqzGE"), ("2VTM4oz", "W83uxVXs"), ("3jij9fPn", "kkPm"), ("Yph", "3jij9fPn"), ("OWW6aTO", "iu8u2bYZ"), ("e6f", "W83uxVXs"), ("HHpatd", "PjfUD"), ("6z92PI", "8N8EK"), ("X4e650Wr", "e6f"), ("qSDabEg", "8N8EK"), ("A3n", "hkw7ygVo"), ("X6KC2", "HBimynY"), ("kJ", "H2dEVX"), ("ry4vQZiR", "Lv"), ("kJ", "f2ICHIpc"), ("cX8YAh", "H2dEVX"), ("iBZvC", "u3uC"), ("iBZvC", "X6KC2"), ("u3uC", "X6KC2"), ("Fy", "lA"), ("HBimynY", "lA"), ("cX8YAh", "lA"), ("HBimynY", "ln"), ("ln", "lA"), ("H2dEVX", "lA"), ("ry4vQZiR", "OMGqTMWL"), ("e9svO", "ov"), ("ry4vQZiR", "0oeLQ"), ("Sk18g", "ry4vQZiR"), ("cX8YAh", "bEaF"), ("UjE1Gl4t", "VMvvyhJ"), ("SQV", "e9svO"), ("cX8YAh", "BU5fb"), ("UjE1Gl4t", "6v0azVWY"), ("5eEu", "ry4vQZiR"), ("H2dEVX", "EBf"), ("bEaF", "H2dEVX"), ("lA", "p13"), ("Fy", "p13"), ("U3kr", "e9svO"), ("X6KC2", "p13"), ("jPai", "OMGqTMWL"), ("f2ICHIpc", "EBf"), ("Cdx3LYxY", "HBimynY"), ("iBZvC", "K"), ("OMGqTMWL", "0oeLQ"), ("5eEu", "OMGqTMWL"), ("e9svO", "BU5fb"), ("bTlAF", "OMGqTMWL"), ("bEaF", "HBimynY"), ("bEaF", "ln"), ("cX8YAh", "NMj"), ("u3uC", "p13"), ("ov", "FNo"), ("UjE1Gl4t", "Drp"), ("HBimynY", "p13"), ("Lv", "0q"), ("ln", "p13"), ("45rC8H", "SfVpCeIm"), ("veU9VyI", "SMhUbs3K"), ("veU9VyI", "s"), ("kyBFN", "3pitms0"), ("oZkmNf1", "W9m9"), ("veU9VyI", "rNEq76"), ("f7R", "PIHopH5"), ("kyBFN", "rNEq76"), ("W9m9", "ogv9Aa"), ("JSTa4", "SMhUbs3K"), ("JSTa4", "O3jUwj"), ("veU9VyI", "O3jUwj"), ("fTcQFO6s", "PIHopH5"), ("oZkmNf1", "dfjJv"), ("dfjJv", "ogv9Aa"), ("kyBFN", "PIHopH5"), ("dfjJv", "P"), ("2aAa", "SMhUbs3K"), ("Zu", "ogv9Aa"), ("P", "rNEq76"), ("oZkmNf1", "ogv9Aa"), ("2aAa", "veU9VyI"), ("s", "rNEq76"), ("s", "3pitms0"), ("uhZ6R", "SfVpCeIm"), ("w", "oZkmNf1"), ("Zu", "gx"), ("uhZ6R", "Z"), ("1qRR", "f7R"), ("O3jUwj", "2LO"), ("bAcFgzi", "SMhUbs3K"), ("Rq450EY", "SfVpCeIm"), ("ur", "JSTa4"), ("wLz0", "SfVpCeIm"), ("45rC8H", "eMNdy3R"), ("bJ", "GZIwiV"), ("gx", "ogv9Aa"), ("ur", "O3jUwj"), ("wLz0", "PIHopH5"), ("4FeKrO", "fTcQFO6s"), ("wR", "3pitms0"), ("dfjJv", "d"), ("ykYTKYT", "PIHopH5"), ("f7R", "ykYTKYT"), ("Jp", "JSTa4"), ("Rq450EY", "uhZ6R"), ("1qRR", "fTcQFO6s"), ("RFsE", "W9m9"), ("Ri8B", "oZkmNf1"), ("SMhUbs3K", "rAPx"), ("ur", "veU9VyI"), ("wLz0", "45rC8H"), ("JSTa4", "bAcFgzi"), ("O3jUwj", "bJ"), ("JSTa4", "2LO"), ("Jp", "veU9VyI"), ("wLz0", "kyBFN"), ("O3jUwj", "uCk8pQiF"), ("2aAa", "JD"), ("fTcQFO6s", "OrC"), ("veU9VyI", "JD"), ("1qRR", "PIHopH5"), ("P", "d"), ("Sx", "3pitms0"), ("0", "SMhUbs3K"), ("RFsE", "oZkmNf1"), ("23ukzb", "GZIwiV"), ("ogv9Aa", "rl4H"), ("W9m9", "rl4H"), ("wLz0", "f7R"), ("4FeKrO", "f7R"), ("c5", "GZIwiV"), ("iQswprcb", "oHmweCe"), ("2WHxfdh", "96xtcXOK"), ("2WHxfdh", "YLoccv"), ("ieMxh4FM", "xpPPeY"), ("xcw1kCA", "GUXYd9"), ("xcw1kCA", "YLoccv"), ("vAzF", "GUXYd9"), ("fgRzz", "AW4AS"), ("yc", "oHmweCe"), ("vZ6", "YLoccv"), ("g", "xcw1kCA"), ("ieMxh4FM", "oHmweCe"), ("fgRzz", "xpPPeY"), ("IV1MjyU9", "rs7"), ("xGP5T", "vZ6"), ("vAzF", "2WHxfdh"), ("xpPPeY", "yc"), ("xpPPeY", "AW4AS"), ("v2jUlSOI", "x"), ("xcw1kCA", "2WHxfdh"), ("iQswprcb", "yc"), ("vAzF", "xcw1kCA"), ("xGP5T", "YLoccv"), ("v2jUlSOI", "RS7Adv"), ("g", "96xtcXOK"), ("ieMxh4FM", "iQswprcb"), ("g", "2WHxfdh"), ("xpPPeY", "iQswprcb"), ("ieMxh4FM", "yc"), ("vAzF", "g"), ("xKLZ", "96xtcXOK"), ("DZ7me", "AW4AS"), ("oBgo3", "iQswprcb"), ("x0wFK", "vZ6"), ("HQ1SljG", "GUXYd9"), ("YLoccv", "Fkb"), ("RS7Adv", "psJKH"), ("4U12hb", "v2jUlSOI"), ("K", "rs7"), ("xGP5T", "xKLZ"), ("4U12hb", "x"), ("79NLj", "AW4AS"), ("aBspuBxG", "IV1MjyU9"), ("RS7Adv", "NnO8e"), ("1Mk", "xpPPeY"), ("IV1MjyU9", "hU"), ("v2jUlSOI", "YM"), ("xKLZ", "2WHxfdh"), ("HQ1SljG", "vAzF"), ("1Mk", "xcw1kCA"), ("DZ7me", "oHmweCe"), ("oBgo3", "ieMxh4FM"), ("DZ7me", "ieMxh4FM"), ("96xtcXOK", "Fkb"), ("xmtvOe", "oHmweCe"), ("HFGg", "IV1MjyU9"), ("96xtcXOK", "hU"), ("xKLZ", "YLoccv"), ("irV", "GUXYd9"), ("2WHxfdh", "Fkb"), ("x0wFK", "GUXYd9"), ("K", "IV1MjyU9"), ("cp", "96xtcXOK"), ("psJKH", "YLoccv"), ("1Mk", "iQswprcb"), ("v2jUlSOI", "kp"), ("4U12hb", "RS7Adv"), ("v2jUlSOI", "5Bd"), ("cp", "IV1MjyU9"), ("HQ1SljG", "oHmweCe"), ("v2jUlSOI", "NnO8e"), ("gY", "AkwDp"), ("4GHXM473", "Krv"), ("Zdy", "RJ6z"), ("uIXX6", "Z07F5V"), ("E0d9gu", "N8R1"), ("Zdy", "sOFW"), ("2AmazhOo", "RJ6z"), ("fsKT3rve", "LUixvT"), ("BxPmO", "sOFW"), ("ZlvJe6GL", "Krv"), ("LUixvT", "2AmazhOo"), ("4GHXM473", "ofwVx"), ("uIXX6", "JvhdYIjQ"), ("JvhdYIjQ", "Z07F5V"), ("LUixvT", "BxPmO"), ("RJ6z", "sOFW"), ("SQmlGW", "BxPmO"), ("ZlvJe6GL", "E0d9gu"), ("SQmlGW", "AkwDp"), ("fsKT3rve", "BxPmO"), ("SQmlGW", "sOFW"), ("SQmlGW", "2AmazhOo"), ("Krv", "RdjYv"), ("gY", "MX"), ("JvhdYIjQ", "I"), ("vKX", "2AmazhOo"), ("ZlvJe6GL", "RdjYv"), ("3U82", "AkwDp"), ("SQmlGW", "W"), ("ZlvJe6GL", "S"), ("vKX", "RJ6z"), ("4GHXM473", "osLDO"), ("JvhdYIjQ", "we"), ("R34LOi", "H"), ("MX", "AkwDp"), ("ZlvJe6GL", "QM8T4Hb"), ("XPuM", "cu7BFr"), ("RdjYv", "N8R1"), ("nh7Smw", "ofwVx"), ("iZ1zrSQb", "Krv"), ("ofwVx", "znS9a5K"), ("2AmazhOo", "xTff"), ("nh7Smw", "E0d9gu"), ("W", "AkwDp"), ("RdjYv", "E0d9gu"), ("uIXX6", "eTMcTbc"), ("0fs7KiHl", "cu7BFr"), ("gY", "CvwU"), ("fsKT3rve", "RdjYv"), ("ZlvJe6GL", "nh7Smw"), ("vKX", "Zdy"), ("gNazRaO", "ofwVx"), ("we", "sOFW"), ("E0d9gu", "QM8T4Hb"), ("R34LOi", "4GHXM473"), ("ZlvJe6GL", "znS9a5K"), ("JvhdYIjQ", "kM"), ("ofwVx", "QM8T4Hb"), ("X", "2AmazhOo"), ("gyQMDSJ", "cu7BFr"), ("cRpzL3F", "vjtr"), ("l8FCH", "cRpzL3F"), ("yL", "KA2ORq"), ("OVKilkq", "JqRll3"), ("OVKilkq", "yL"), ("yL", "JqRll3"), ("OVKilkq", "l8FCH"), ("l8FCH", "bJYHe"), ("OVKilkq", "cRpzL3F"), ("OVKilkq", "KA2ORq"), ("cRpzL3F", "0"), ("kE", "JqRll3"), ("yL", "kE"), ("cRpzL3F", "k"), ("OVKilkq", "m"), ("bJYHe", "Enw"), ("l8FCH", "k"), ("l8FCH", "Enw"), ("ihHv1t", "SrhJpU4"), ("QMJzer1", "4CDhD"), ("y8PZRft", "SFseVr"), ("4CDhD", "m0f5"), ("4CDhD", "ma"), ("B", "SFseVr"), ("QMJzer1", "ma"), ("B", "y8PZRft"), ("m0f5", "ma"), ("dzN", "SrhJpU4"), ("QMJzer1", "dD"), ("dzN", "nJTn"), ("lepE", "JQXoZ"), ("ll5ShLDx", "gi"), ("gi", "RJ3a7"), ("JQXoZ", "mGlzvMD"), ("ll5ShLDx", "JQXoZ"), ("ll5ShLDx", "lepE"), ("mGlzvMD", "b2"), ("JQXoZ", "b2"), ("wVHU", "hNXnfK2"), ("0ffPw", "7G5HjPc"), ("0ffPw", "Uq3w"), ("7G5HjPc", "Z13xnz8c"), ("wVHU", "Z13xnz8c"), ("hE7Nqoo7", "Z13xnz8c"), ("7G5HjPc", "Uq3w"), ("Uq3w", "wVHU"), ("hE7Nqoo7", "LqL"), ("hE7Nqoo7", "7G5HjPc"), ("hNXnfK2", "Z13xnz8c"), ("k3", "Uq3w"), ("7G5HjPc", "K"), ("k3", "7G5HjPc"), ("0ffPw", "MI6"), ("va0Q", "Z13xnz8c"), ("hE7Nqoo7", "va0Q"), ("7V", "LqL"), ("0ffPw", "k3"), ("wVHU", "va0Q"), ("va0Q", "hNXnfK2"), ("hE7Nqoo7", "K"), ("f0ka", "pW3YDW8Z"), ("tqcW", "pW3YDW8Z"), ("St", "f0ka"), ("m", "f0ka"), ("I", "pW3YDW8Z"), ("qcbiOer6", "vzK7t7aC"), ("CkOTkbh", "vzK7t7aC"), ("MNc", "qGy8yZfh"), ("qcbiOer6", "11Afy"), ("CkOTkbh", "qcbiOer6"), ("11Afy", "vzK7t7aC"), ("qcbiOer6", "9tV"), ("9tV", "11Afy"), ("e", "MNc"), ("CkOTkbh", "9tV"), ("CkOTkbh", "en"), ("9tV", "vzK7t7aC"), ("EoptqyJ", "ucSzbQoT"), ("oX74jDr", "tjB4"), ("APN", "EoptqyJ"), ("oX74jDr", "ucSzbQoT"), ("oX74jDr", "MpXLI"), ("H", "ez1QF726"), ("EoptqyJ", "TR3hkX"), ("ez1QF726", "C04q"), ("Oot", "tjB4"), ("C04q", "MpXLI"), ("C04q", "ucSzbQoT"), ("bmdH", "EoptqyJ"), ("qZ", "mtqu"), ("cfVENYO", "QUW"), ("cfVENYO", "Kt"), ("EtJB", "mtqu"), ("EtJB", "qZ"), ("cfVENYO", "Ju0"), ("NIJ0", "QUW"), ("QUW", "Ju0"), ("EtJB", "cfVENYO"), ("cfVENYO", "mtqu"), ("YX0", "NIJ0"), ("cfVENYO", "pN"), ("pN", "Kt"), ("mtqu", "pN"), ("QUW", "pN"), ("AvMNrM", "0FmH"), ("HGebGwDV", "0FmH"), ("AvMNrM", "mtT6o"), ("HGebGwDV", "mtT6o"), ("AvMNrM", "zveZB"), ("mtT6o", "i"), ("HGebGwDV", "AvMNrM"), ("0FmH", "zveZB"), ("0FmH", "i"), ("HGebGwDV", "i"), ("AvMNrM", "GbhN"), ("nCsJko0", "DLg"), ("uH", "nCsJko0"), ("CJdgEybQ", "JyQW31vq"), ("nCsJko0", "JyQW31vq"), ("CJdgEybQ", "tRN15"), ("CJdgEybQ", "nCsJko0"), ("uH", "JyQW31vq"), ("CJdgEybQ", "D"), ("tRN15", "I5y"), ("JyQW31vq", "I5y"), ("x4O0", "Eovc"), ("jZXv3qVD", "9f1w"), ("crT", "Eovc"), ("TLvHw", "9f1w"), ("jZXv3qVD", "1F6i"), ("TLvHw", "crT"), ("jZXv3qVD", "skdSiKk"), ("jZXv3qVD", "crT"), ("crT", "sSel"), ("jZXv3qVD", "TLvHw"), ("skdSiKk", "1F6i"), ("TLvHw", "Pu53T0"), ("skdSiKk", "9f1w"), ("x4O0", "Pu53T0"), ("9f1w", "1F6i"), ("TLvHw", "1F6i"), ("Eovc", "Pu53T0"), ("9f1w", "ihSo"), ("D", "c3uvs"), ("1G", "2ce1"), ("D", "2ce1"), ("vX2fK4L", "1G"), ("vX2fK4L", "2ce1"), ("2ce1", "c3uvs"), ("1G", "c3uvs"), ("vX2fK4L", "A3n"), ("vX2fK4L", "kB5J"), ("2VTM4oz", "r0Np"), ("D", "vX2fK4L"), ("A3n", "2VTM4oz"), ("kB5J", "LV3A"), ("1G", "kB5J"), ("vX2fK4L", "c3uvs"), ("c3uvs", "A3n"), ("D", "1G"), ("kB5J", "OCL"), ("np", "2VTM4oz"), ("K", "kB5J"), ("LV3A", "OCL"), ("kB5J", "e5"), ("LV3A", "e5"), ("K", "LV3A"), ("jYd1m", "e6f"), ("6u9mM", "iu8u2bYZ"), ("7MVfxev", "iu8u2bYZ"), ("6u9mM", "M"), ("7MVfxev", "kkPm"), ("7MVfxev", "LjH"), ("bTlAF", "18IH"), ("jPai", "bTlAF"), ("J7Kie", "bTlAF"), ("O5PUA", "h"), ("vKJ", "O5PUA"), ("18IH", "h"), ("dv5Vx", "EBf"), ("5eEu", "bTlAF"), ("Glrmz", "18IH"), ("5eEu", "jPai"), ("dv5Vx", "18IH"), ("EBf", "Glrmz"), ("PMc8w5", "jPai"), ("Cdx3LYxY", "X6Ce"), ("Sk18g", "0oeLQ"), ("Sk18g", "R"), ("bbFzn", "NMj"), ("NMj", "BU5fb"), ("U3kr", "NMj"), ("VZb5A", "bbFzn"), ("VZb5A", "6v0azVWY"), ("VZb5A", "BU5fb"), ("U3kr", "BU5fb"), ("VZb5A", "NMj"), ("VZb5A", "U3kr"), ("U3kr", "bbFzn"), ("6v0azVWY", "bbFzn"), ("VZb5A", "Z"), ("Z", "6v0azVWY"), ("6VnR", "6v0azVWY"), ("On", "NMj"), ("6v0azVWY", "Kk"), ("w", "6v0azVWY"), ("SQV", "BU5fb"), ("6v0azVWY", "t6"), ("6v0azVWY", "Drp"), ("t6", "bbFzn"), ("VZb5A", "t6"), ("Kk", "bbFzn"), ("Drp", "VMvvyhJ"), ("On", "bbFzn"), ("U3kr", "On"), ("t6", "NMj"), ("VZb5A", "On"), ("6v0azVWY", "On"), ("Scxu4FH", "ykYTKYT"), ("ykYTKYT", "cF"), ("Scxu4FH", "cF"), ("ykYTKYT", "rAWq"), ("Scxu4FH", "rAWq"), ("Rq450EY", "w1G5KS"), ("Rq450EY", "J"), ("X9NAg3y8", "xE"), ("dz", "xE"), ("Ri8B", "uLQ0N"), ("dz", "w1G5KS"), ("J", "w1G5KS"), ("xE", "w1G5KS"), ("Rq450EY", "gx"), ("P", "uLQ0N"), ("P", "X9NAg3y8"), ("J", "rl4H"), ("RFsE", "J"), ("Z", "w1G5KS"), ("Rq450EY", "Z"), ("R", "X9NAg3y8"), ("Ri8B", "4"), ("R", "rl4H"), ("Rq450EY", "RFsE"), ("23ukzb", "uCk8pQiF"), ("23ukzb", "A2eC0"), ("A2eC0", "uCk8pQiF"), ("uCk8pQiF", "bAcFgzi"), ("23ukzb", "bAcFgzi"), ("23ukzb", "c5"), ("uCk8pQiF", "c5"), ("bAcFgzi", "ds1"), ("0", "rAPx"), ("uCk8pQiF", "bJ"), ("2LO", "bJ"), ("0", "bAcFgzi"), ("0", "rAPx"), ("uCk8pQiF", "49"), ("vk", "rAPx"), ("4FeKrO", "wLz0"), ("4FeKrO", "OrC"), ("Uq", "83JEyv"), ("1qRR", "4FeKrO"), ("oBgo3", "tVvQEG"), ("oBgo3", "HM"), ("HM", "xB"), ("UGe", "xB"), ("oBgo3", "UGe"), ("1Mk", "xB"), ("UGe", "HM"), ("HQ1SljG", "x0wFK"), ("YM", "xmtvOe"), ("kp", "xmtvOe"), ("u", "xmtvOe"), ("kp", "YM"), ("YM", "NnO8e"), ("HQ1SljG", "irV"), ("4U12hb", "xmtvOe"), ("HQ1SljG", "NnO8e"), ("x0wFK", "U"), ("4U12hb", "YM"), ("4U12hb", "kp"), ("x0wFK", "irV"), ("HFGg", "aBspuBxG"), ("iZ1zrSQb", "a"), ("0fs7KiHl", "XPuM"), ("Nal4Ne", "osLDO"), ("iZ1zrSQb", "0fs7KiHl"), ("0fs7KiHl", "jfRFz"), ("iZ1zrSQb", "XPuM"), ("tpNo", "jfRFz"), ("Nal4Ne", "tpNo"), ("Nal4Ne", "FHk2"), ("0fs7KiHl", "RdjYv"), ("iZ1zrSQb", "RdjYv"), ("FHk2", "osLDO"), ("Nal4Ne", "yWa"), ("yWa", "osLDO"), ("eTMcTbc", "W"), ("erGc2dU", "CipZEJ"), ("eTMcTbc", "ihXasH"), ("7YcW", "eTMcTbc"), ("7YcW", "ihXasH"), ("W", "ihXasH"), ("ihXasH", "O"), ("eTMcTbc", "kM"), ("mD5", "O"), ("7YcW", "kM"), ("7YcW", "we"), ("0rMBqz", "xTff"), ("gNazRaO", "znS9a5K"), ("nh7Smw", "znS9a5K"), ("gNazRaO", "RqlIm3"), ("0rMBqz", "RqlIm3"), ("nh7Smw", "0rMBqz"), ("0rMBqz", "gNazRaO"), ("0rMBqz", "QM8T4Hb"), ("tRPg0", "gNazRaO"), ("nh7Smw", "gNazRaO"), ("QM8T4Hb", "znS9a5K"), ("nh7Smw", "QM8T4Hb"), ("vKX", "0rMBqz"), ("YLb", "xTff"), ("YLb", "0rMBqz"), ("gNazRaO", "4kN2"), ("tRPg0", "I"), ("vKX", "xTff"), ("nh7Smw", "S"), ("tRPg0", "4kN2"), ("R34LOi", "RqlIm3"), ("POZEgJ", "RqlIm3"), ("S", "QM8T4Hb"), ("jSejAj", "0"), ("PIYSTnA", "Bsglh"), ("gyQMDSJ", "jSejAj"), ("gyQMDSJ", "Bsglh"), ("Bsglh", "jSejAj"), ("Bsglh", "0"), ("PIYSTnA", "x92lWYO"), ("x92lWYO", "JCb"), ("PIYSTnA", "JCb"), ("l", "jSejAj"), ("xZ8", "jSejAj"), ("x92lWYO", "5"), ("q5", "nJTn"), ("2lP6d", "f"), ("GbhN", "4NnK"), ("JM1GU", "K"), ("OCL", "e5"), ("K", "OCL"), ("K", "e5"), ("PjfUD", "bPg0p"), ("Yph", "LjH"), ("kkPm", "LjH"), ("Yph", "kkPm"), ("J7Kie", "PMc8w5"), ("J7Kie", "wrhGh"), ("PMc8w5", "wrhGh"), ("dv5Vx", "Glrmz"), ("Kk", "Drp"), ("6VnR", "Kk"), ("6VnR", "Drp"), ("w", "w"), ("w", "Z"), ("Z", "w"), ("wR", "Sx"), ("gx", "RFsE"), ("RFsE", "rl4H"), ("vk", "0"), ("ds1", "cbV"), ("w", "d"), ("xKLZ", "Fkb"), ("1Mk", "UGe"), ("cp", "hU"), ("cp", "4"), ("FHk2", "yWa"), ("we", "kM"), ("CvwU", "xZ8"), ("St", "m"), ("t6", "On"), ("Jp", "ur")]
(scheme, length(colors)) = (:Paired_12, 12)
angles = (0, -45, -90)
maskcolor = (0.94, 0.97, 0.92)
set minfontsize to 8.0
(groundoccupied, length(words)) = (475310, 1)
(sc, tg, tg / ground_size) = (9484.462769654734, 1515.0, 0.003187393490564053)
(sc, tg, tg / ground_size) = (5.066035585660673e6, 1.0, 2.103890092781553e-6)
WordCloud.jl: Error During Test at /home/user/.julia/packages/WordCloud/UJHy6/test/runtests.jl:15
  Got exception outside of a @test
  OutOfMemoryError()
  Stacktrace:
   [1] Array at ./boot.jl:408 [inlined]
   [2] Array at ./boot.jl:416 [inlined]
   [3] zeros at ./array.jl:525 [inlined]
   [4] zeros(::Type{UInt32}, ::Int64, ::Int64) at ./array.jl:521
   [5] image_as_matrix() at /home/pkgeval/.julia/packages/Luxor/8eb0r/src/drawings.jl:695
   [6] rendertext(::String, ::Float64; color::String, bgcolor::NTuple{4,Int64}, angle::Int64, font::String, border::Int64, returnmask::Bool) at /home/pkgeval/.julia/packages/WordCloud/UJHy6/src/rendering.jl:50
   [7] text_occupied(::Array{String,1}, ::Array{Float64,1}, ::Float64; font::String, border::Int64, minfontsize::Float64) at /home/pkgeval/.julia/packages/WordCloud/UJHy6/src/strategy.jl:26
   [8] cal_weight_scale(::Array{String,1}, ::Array{Float64,1}, ::Float64; border::Int64, initialscale::Float64, kargs::Base.Iterators.Pairs{Symbol,Float64,Tuple{Symbol},NamedTuple{(:minfontsize,),Tuple{Float64}}}) at /home/pkgeval/.julia/packages/WordCloud/UJHy6/src/strategy.jl:70
   [9] find_weight_scale(::Array{String,1}, ::Array{Float64,1}, ::Int64; initialscale::Int64, fillingrate::Float64, maxiter::Int64, error::Float64, kargs::Base.Iterators.Pairs{Symbol,Real,Tuple{Symbol,Symbol},NamedTuple{(:border, :minfontsize),Tuple{Int64,Float64}}}) at /home/pkgeval/.julia/packages/WordCloud/UJHy6/src/strategy.jl:90
   [10] wordcloud(::Array{String,1}, ::Array{Int64,1}; colors::NTuple{12,ColorTypes.RGB{Float64}}, angles::Tuple{Int64,Int64,Int64}, font::String, fillingrate::Float64, border::Int64, minfontsize::Symbol, kargs::Base.Iterators.Pairs{Symbol,Base.ReinterpretArray{ColorTypes.ARGB32,2,UInt32,Array{UInt32,2}},Tuple{Symbol},NamedTuple{(:maskimg,),Tuple{Base.ReinterpretArray{ColorTypes.ARGB32,2,UInt32,Array{UInt32,2}}}}}) at /home/pkgeval/.julia/packages/WordCloud/UJHy6/src/interface.jl:150
   [11] wordcloud(::Array{Pair{String,Int64},1}; kargs::Base.Iterators.Pairs{Symbol,Any,Tuple{Symbol,Symbol},NamedTuple{(:maskimg, :fillingrate),Tuple{Base.ReinterpretArray{ColorTypes.ARGB32,2,UInt32,Array{UInt32,2}},Float64}}}) at /home/pkgeval/.julia/packages/WordCloud/UJHy6/src/interface.jl:93
   [12] top-level scope at /home/user/.julia/packages/WordCloud/UJHy6/test/runtests.jl:30
   [13] top-level scope at /workspace/srcdir/usr/share/julia/stdlib/v1.5/Test/src/Test.jl:1115
   [14] top-level scope at /home/user/.julia/packages/WordCloud/UJHy6/test/runtests.jl:17
   [15] include(::String) at ./client.jl:457
   [16] top-level scope at none:6
   [17] eval(::Module, ::Any) at ./boot.jl:331
   [18] exec_options(::Base.JLOptions) at ./client.jl:272
   [19] _start() at ./client.jl:506
  
Test Summary: | Pass  Error  Total
WordCloud.jl  |    2      1      3
ERROR: LoadError: Some tests did not pass: 2 passed, 0 failed, 1 errored, 0 broken.
in expression starting at /home/user/.julia/packages/WordCloud/UJHy6/test/runtests.jl:15

PkgEval failed: Package WordCloud errored during testing
Stacktrace:
 [1] pkgerror(::String) at /workspace/srcdir/usr/share/julia/stdlib/v1.5/Pkg/src/Types.jl:52
 [2] test(::Pkg.Types.Context, ::Array{Pkg.Types.PackageSpec,1}; coverage::Bool, julia_args::Cmd, test_args::Cmd, test_fn::Nothing) at /workspace/srcdir/usr/share/julia/stdlib/v1.5/Pkg/src/Operations.jl:1578
 [3] test(::Pkg.Types.Context, ::Array{Pkg.Types.PackageSpec,1}; coverage::Bool, test_fn::Nothing, julia_args::Cmd, test_args::Cmd, kwargs::Base.Iterators.Pairs{Union{},Union{},Tuple{},NamedTuple{(),Tuple{}}}) at /workspace/srcdir/usr/share/julia/stdlib/v1.5/Pkg/src/API.jl:327
 [4] test(::Pkg.Types.Context, ::Array{Pkg.Types.PackageSpec,1}) at /workspace/srcdir/usr/share/julia/stdlib/v1.5/Pkg/src/API.jl:314
 [5] #test#61 at /workspace/srcdir/usr/share/julia/stdlib/v1.5/Pkg/src/API.jl:67 [inlined]
 [6] test at /workspace/srcdir/usr/share/julia/stdlib/v1.5/Pkg/src/API.jl:67 [inlined]
 [7] #test#60 at /workspace/srcdir/usr/share/julia/stdlib/v1.5/Pkg/src/API.jl:66 [inlined]
 [8] test at /workspace/srcdir/usr/share/julia/stdlib/v1.5/Pkg/src/API.jl:66 [inlined]
 [9] test(::String; kwargs::Base.Iterators.Pairs{Union{},Union{},Tuple{},NamedTuple{(),Tuple{}}}) at /workspace/srcdir/usr/share/julia/stdlib/v1.5/Pkg/src/API.jl:65
 [10] test(::String) at /workspace/srcdir/usr/share/julia/stdlib/v1.5/Pkg/src/API.jl:65
 [11] top-level scope at none:22
 [12] eval at ./boot.jl:331 [inlined]
 [13] eval(::Expr) at ./client.jl:467
 [14] top-level scope at none:1
 [15] eval(::Module, ::Any) at ./boot.jl:331
 [16] exec_options(::Base.JLOptions) at ./client.jl:272
 [17] _start() at ./client.jl:506


################################################################################
# PkgEval teardown: 2021-01-11T17:28:12.277
CPU usage: 944.24s (935.57s user, 9.63s kernel)

Network usage:
- eth0: 39.055 MiB received, 526.498 KiB sent

Raw statistics: {"blkio_stats":{"io_queue_recursive":[],"io_serviced_recursive":[{"major":259,"value":0,"op":"Read","minor":0},{"major":259,"value":19,"op":"Write","minor":0},{"major":259,"value":14,"op":"Sync","minor":0},{"major":259,"value":5,"op":"Async","minor":0},{"major":259,"value":0,"op":"Discard","minor":0},{"major":259,"value":19,"op":"Total","minor":0},{"major":253,"value":0,"op":"Read","minor":2},{"major":253,"value":19,"op":"Write","minor":2},{"major":253,"value":14,"op":"Sync","minor":2},{"major":253,"value":5,"op":"Async","minor":2},{"major":253,"value":0,"op":"Discard","minor":2},{"major":253,"value":19,"op":"Total","minor":2}],"io_time_recursive":[],"sectors_recursive":[],"io_service_bytes_recursive":[{"major":259,"value":0,"op":"Read","minor":0},{"major":259,"value":110592,"op":"Write","minor":0},{"major":259,"value":57344,"op":"Sync","minor":0},{"major":259,"value":53248,"op":"Async","minor":0},{"major":259,"value":0,"op":"Discard","minor":0},{"major":259,"value":110592,"op":"Total","minor":0},{"major":253,"value":0,"op":"Read","minor":2},{"major":253,"value":110592,"op":"Write","minor":2},{"major":253,"value":57344,"op":"Sync","minor":2},{"major":253,"value":53248,"op":"Async","minor":2},{"major":253,"value":0,"op":"Discard","minor":2},{"major":253,"value":110592,"op":"Total","minor":2}],"io_wait_time_recursive":[],"io_merged_recursive":[],"io_service_time_recursive":[]},"memory_stats":{"usage":441147392,"max_usage":9479168000,"stats":{"hierarchical_memory_limit":9223372036854771712,"pgmajfault":0,"total_rss":253440000,"inactive_file":135168,"inactive_anon":150712320,"total_pgfault":4638084,"total_cache":153870336,"total_rss_huge":0,"total_active_anon":256548864,"total_pgmajfault":0,"pgpgin":3515721,"rss_huge":0,"mapped_file":0,"total_inactive_file":135168,"dirty":405504,"total_unevictable":0,"total_dirty":405504,"writeback":0,"pgpgout":3416269,"hierarchical_memsw_limit":0,"cache":153870336,"active_file":135168,"pgfault":4638084,"total_mapped_file":0,"total_pgpgout":3416269,"total_writeback":0,"rss":253440000,"unevictable":0,"total_inactive_anon":150712320,"total_pgpgin":3515721,"active_anon":256548864,"total_active_file":135168},"limit":540965302272},"name":"/WordCloud-Riqdn94h","networks":{"eth0":{"rx_bytes":40952325,"rx_packets":5320,"tx_packets":4938,"tx_bytes":539134,"tx_dropped":0,"rx_dropped":32,"tx_errors":0,"rx_errors":0}},"id":"60a1c7efee4e5b62dd1085060ea12e1c70cf48516c85e9fdc8b9b93ce4a61aaf","preread":"0001-01-01T00:00:00Z","storage_stats":{},"precpu_stats":{"throttling_data":{"throttled_periods":0,"throttled_time":0,"periods":0},"cpu_usage":{"usage_in_usermode":0,"usage_in_kernelmode":0,"total_usage":0}},"pids_stats":{"current":44},"num_procs":0,"cpu_stats":{"throttling_data":{"throttled_periods":0,"throttled_time":0,"periods":0},"system_cpu_usage":4115323014522419,"online_cpus":128,"cpu_usage":{"usage_in_usermode":935570000000,"usage_in_kernelmode":9630000000,"total_usage":944240336734,"percpu_usage":[0,0,0,0,0,0,0,0,0,0,0,0,0,0,0,0,0,0,0,0,0,0,0,0,0,0,0,0,0,0,0,0,0,0,0,0,0,0,0,0,0,0,0,0,0,0,0,0,0,0,944240336734,0,0,0,0,0,0,0,0,0,0,0,0,0,0,0,0,0,0,0,0,0,0,0,0,0,0,0,0,0,0,0,0,0,0,0,0,0,0,0,0,0,0,0,0,0,0,0,0,0,0,0,0,0,0,0,0,0,0,0,0,0,0,0,0,0,0,0,0,0,0,0,0,0,0,0,0,0]}},"read":"2021-01-11T17:28:12.335446772Z"}