################################################################################
# PackageCompiler set-up: 2021-01-11T18:05:21.976
#

Julia Version 1.5.3
Commit 599f52c4c6 (2020-12-18 13:33 UTC)
Platform Info:
  OS: Linux (x86_64-linux-gnu)
  CPU: AMD EPYC 7502 32-Core Processor
  WORD_SIZE: 64
  LIBM: libopenlibm
  LLVM: libLLVM-9.0.1 (ORCJIT, znver2)
Environment:
  JULIA_PKGEVAL = true
  JULIA_PKG_PRECOMPILE_AUTO = 0



################################################################################
# Installation: 2021-01-11T18:05:23.718
#

 Installing known registries into `~/.julia`
################                                                          23.3%######################################################################## 100.0%
      Added registry `General` to `~/.julia/registries/General`
  Resolving package versions...
  Installed WorkerUtilities ─ v1.0.1
  Installed PackageCompiler ─ v1.2.5
Updating `~/.julia/environments/v1.5/Project.toml`
  [9b87118b] + PackageCompiler v1.2.5
  [76eceee3] + WorkerUtilities v1.0.1
Updating `~/.julia/environments/v1.5/Manifest.toml`
  [9b87118b] + PackageCompiler v1.2.5
  [76eceee3] + WorkerUtilities v1.0.1
  [2a0f44e3] + Base64
  [ade2ca70] + Dates
  [b77e0a4c] + InteractiveUtils
  [76f85450] + LibGit2
  [8f399da3] + Libdl
  [56ddb016] + Logging
  [d6f4376e] + Markdown
  [44cfe95a] + Pkg
  [de0858da] + Printf
  [3fa0cd96] + REPL
  [9a3f8284] + Random
  [ea8e919c] + SHA
  [9e88b42a] + Serialization
  [6462fe0b] + Sockets
  [cf7118a7] + UUIDs
  [4ec0a83e] + Unicode


################################################################################
# Compiling: 2021-01-11T18:05:29.375
#

[ Info: PackageCompiler: creating system image object file, this might take a while...
Generated system image is 147.283 MiB, compilation took 163 seconds


################################################################################
# PkgEval set-up: 2021-01-11T18:08:19.779
#

Julia Version 1.5.3
Commit 599f52c4c6 (2020-12-18 13:33 UTC)
Platform Info:
  OS: Linux (x86_64-linux-gnu)
  CPU: AMD EPYC 7502 32-Core Processor
  WORD_SIZE: 64
  LIBM: libopenlibm
  LLVM: libLLVM-9.0.1 (ORCJIT, znver2)
Environment:
  JULIA_PKGEVAL = true
  JULIA_PKG_PRECOMPILE_AUTO = 0

Base.julia_cmd() = `/usr/local/julia/bin/julia -Cnative -J/cache/WorkerUtilities-roa2mGWZ.so -g1`


################################################################################
# Installation: 2021-01-11T18:08:21.604
#

 Installing known registries into `~/.julia`
###############################################                           65.5%######################################################################## 100.0%
      Added registry `General` to `~/.julia/registries/General`
  Resolving package versions...
  Installed WorkerUtilities ─ v1.0.1
Updating `~/.julia/environments/v1.5/Project.toml`
  [76eceee3] + WorkerUtilities v1.0.1
Updating `~/.julia/environments/v1.5/Manifest.toml`
  [76eceee3] + WorkerUtilities v1.0.1


################################################################################
# Testing: 2021-01-11T18:08:25.295
#

    Testing WorkerUtilities
Status `/tmp/jl_wEctCc/Project.toml`
  [76eceee3] WorkerUtilities v1.0.1
  [8dfed614] Test
Status `/tmp/jl_wEctCc/Manifest.toml`
  [76eceee3] WorkerUtilities v1.0.1
  [2a0f44e3] Base64
  [8ba89e20] Distributed
  [b77e0a4c] InteractiveUtils
  [56ddb016] Logging
  [d6f4376e] Markdown
  [9a3f8284] Random
  [9e88b42a] Serialization
  [6462fe0b] Sockets
  [8dfed614] Test
Test Summary:   | Pass  Total
WorkerUtilities |   10     10
    Testing WorkerUtilities tests passed 

PkgEval succeeded


################################################################################
# PkgEval teardown: 2021-01-11T18:08:28.772
CPU usage: 9.03s (6.56s user, 2.51s kernel)

Network usage:
- eth0: 2.534 MiB received, 27.957 KiB sent

Raw statistics: {"blkio_stats":{"io_queue_recursive":[],"io_serviced_recursive":[{"major":259,"value":0,"op":"Read","minor":0},{"major":259,"value":19,"op":"Write","minor":0},{"major":259,"value":14,"op":"Sync","minor":0},{"major":259,"value":5,"op":"Async","minor":0},{"major":259,"value":0,"op":"Discard","minor":0},{"major":259,"value":19,"op":"Total","minor":0},{"major":253,"value":0,"op":"Read","minor":2},{"major":253,"value":19,"op":"Write","minor":2},{"major":253,"value":14,"op":"Sync","minor":2},{"major":253,"value":5,"op":"Async","minor":2},{"major":253,"value":0,"op":"Discard","minor":2},{"major":253,"value":19,"op":"Total","minor":2}],"io_time_recursive":[],"sectors_recursive":[],"io_service_bytes_recursive":[{"major":259,"value":0,"op":"Read","minor":0},{"major":259,"value":77824,"op":"Write","minor":0},{"major":259,"value":57344,"op":"Sync","minor":0},{"major":259,"value":20480,"op":"Async","minor":0},{"major":259,"value":0,"op":"Discard","minor":0},{"major":259,"value":77824,"op":"Total","minor":0},{"major":253,"value":0,"op":"Read","minor":2},{"major":253,"value":77824,"op":"Write","minor":2},{"major":253,"value":57344,"op":"Sync","minor":2},{"major":253,"value":20480,"op":"Async","minor":2},{"major":253,"value":0,"op":"Discard","minor":2},{"major":253,"value":77824,"op":"Total","minor":2}],"io_wait_time_recursive":[],"io_merged_recursive":[],"io_service_time_recursive":[]},"memory_stats":{"usage":290336768,"max_usage":440279040,"stats":{"hierarchical_memory_limit":9223372036854771712,"pgmajfault":0,"total_rss":181776384,"inactive_file":135168,"inactive_anon":78802944,"total_pgfault":215358,"total_cache":79269888,"total_rss_huge":0,"total_active_anon":182206464,"total_pgmajfault":0,"pgpgin":146157,"rss_huge":0,"mapped_file":0,"total_inactive_file":135168,"dirty":135168,"total_unevictable":0,"total_dirty":135168,"writeback":0,"pgpgout":82441,"hierarchical_memsw_limit":0,"cache":79269888,"active_file":135168,"pgfault":215358,"total_mapped_file":0,"total_pgpgout":82441,"total_writeback":0,"rss":181776384,"unevictable":0,"total_inactive_anon":78802944,"total_pgpgin":146157,"active_anon":182206464,"total_active_file":135168},"limit":540965302272},"name":"/WorkerUtilities-HCy7aXks","networks":{"eth0":{"rx_bytes":2657435,"rx_packets":293,"tx_packets":291,"tx_bytes":28628,"tx_dropped":0,"rx_dropped":1,"tx_errors":0,"rx_errors":0}},"id":"3309f700869f55c6066771c22d976bb4d336047cbb143b0f75089975216e856a","preread":"0001-01-01T00:00:00Z","storage_stats":{},"precpu_stats":{"throttling_data":{"throttled_periods":0,"throttled_time":0,"periods":0},"cpu_usage":{"usage_in_usermode":0,"usage_in_kernelmode":0,"total_usage":0}},"pids_stats":{"current":44},"num_procs":0,"cpu_stats":{"throttling_data":{"throttled_periods":0,"throttled_time":0,"periods":0},"system_cpu_usage":4423961114522419,"online_cpus":128,"cpu_usage":{"usage_in_usermode":6560000000,"usage_in_kernelmode":2510000000,"total_usage":9031453300,"percpu_usage":[0,0,0,0,0,0,0,0,0,0,0,0,0,9031449580,0,0,0,0,0,0,0,0,0,0,0,0,0,0,0,0,0,0,0,0,0,0,0,0,0,0,0,0,0,0,0,0,0,0,0,0,0,0,0,0,0,0,0,0,0,0,0,0,0,0,0,0,0,0,0,0,0,0,0,0,0,0,3720,0,0,0,0,0,0,0,0,0,0,0,0,0,0,0,0,0,0,0,0,0,0,0,0,0,0,0,0,0,0,0,0,0,0,0,0,0,0,0,0,0,0,0,0,0,0,0,0,0,0,0]}},"read":"2021-01-11T18:08:28.77559145Z"}