################################################################################
# PkgEval set-up: 2021-01-11T21:08:54.618
#

Julia Version 1.5.3
Commit 599f52c4c6 (2020-12-18 13:33 UTC)
Platform Info:
  OS: Linux (x86_64-linux-gnu)
  CPU: AMD EPYC 7502 32-Core Processor
  WORD_SIZE: 64
  LIBM: libopenlibm
  LLVM: libLLVM-9.0.1 (ORCJIT, znver2)
Environment:
  JULIA_PKG_PRECOMPILE_AUTO = 0
  JULIA_PKGEVAL = true

Base.julia_cmd() = `/opt/julia/bin/julia -Cnative -J/opt/julia/lib/julia/sys.so -g1`


################################################################################
# Installation: 2021-01-11T21:08:56.455
#

 Installing known registries into `~/.julia`
######################################################################## 100.0%
      Added registry `General` to `~/.julia/registries/General`
  Resolving package versions...
  Installed WorldBankData ─────────────── v0.4.0
  Installed MbedTLS_jll ───────────────── v2.16.8+1
  Installed Reexport ──────────────────── v0.2.0
  Installed TableTraits ───────────────── v1.0.0
  Installed DataFrames ────────────────── v0.21.8
  Installed CategoricalArrays ─────────── v0.8.3
  Installed DataAPI ───────────────────── v1.4.0
  Installed MbedTLS ───────────────────── v1.0.3
  Installed Tables ────────────────────── v1.2.2
  Installed DataStructures ────────────── v0.18.8
  Installed InvertedIndices ───────────── v1.0.0
  Installed OrderedCollections ────────── v1.3.2
  Installed DataValueInterfaces ───────── v1.0.0
  Installed HTTP ──────────────────────── v0.8.19
  Installed Missings ──────────────────── v0.4.4
  Installed PooledArrays ──────────────── v0.5.3
  Installed IteratorInterfaceExtensions ─ v1.0.0
  Installed StructTypes ───────────────── v1.2.1
  Installed Compat ────────────────────── v3.25.0
  Installed JSON ──────────────────────── v0.21.1
  Installed JLLWrappers ───────────────── v1.2.0
  Installed SortingAlgorithms ─────────── v0.3.1
  Installed Parsers ───────────────────── v1.0.15
  Installed Artifacts ─────────────────── v1.3.0
  Installed IniFile ───────────────────── v0.5.0
Updating `~/.julia/environments/v1.5/Project.toml`
  [2ff30676] + WorldBankData v0.4.0
Updating `~/.julia/environments/v1.5/Manifest.toml`
  [56f22d72] + Artifacts v1.3.0
  [324d7699] + CategoricalArrays v0.8.3
  [34da2185] + Compat v3.25.0
  [9a962f9c] + DataAPI v1.4.0
  [a93c6f00] + DataFrames v0.21.8
  [864edb3b] + DataStructures v0.18.8
  [e2d170a0] + DataValueInterfaces v1.0.0
  [cd3eb016] + HTTP v0.8.19
  [83e8ac13] + IniFile v0.5.0
  [41ab1584] + InvertedIndices v1.0.0
  [82899510] + IteratorInterfaceExtensions v1.0.0
  [692b3bcd] + JLLWrappers v1.2.0
  [682c06a0] + JSON v0.21.1
  [739be429] + MbedTLS v1.0.3
  [c8ffd9c3] + MbedTLS_jll v2.16.8+1
  [e1d29d7a] + Missings v0.4.4
  [bac558e1] + OrderedCollections v1.3.2
  [69de0a69] + Parsers v1.0.15
  [2dfb63ee] + PooledArrays v0.5.3
  [189a3867] + Reexport v0.2.0
  [a2af1166] + SortingAlgorithms v0.3.1
  [856f2bd8] + StructTypes v1.2.1
  [3783bdb8] + TableTraits v1.0.0
  [bd369af6] + Tables v1.2.2
  [2ff30676] + WorldBankData v0.4.0
  [2a0f44e3] + Base64
  [ade2ca70] + Dates
  [8bb1440f] + DelimitedFiles
  [8ba89e20] + Distributed
  [9fa8497b] + Future
  [b77e0a4c] + InteractiveUtils
  [76f85450] + LibGit2
  [8f399da3] + Libdl
  [37e2e46d] + LinearAlgebra
  [56ddb016] + Logging
  [d6f4376e] + Markdown
  [a63ad114] + Mmap
  [44cfe95a] + Pkg
  [de0858da] + Printf
  [3fa0cd96] + REPL
  [9a3f8284] + Random
  [ea8e919c] + SHA
  [9e88b42a] + Serialization
  [1a1011a3] + SharedArrays
  [6462fe0b] + Sockets
  [2f01184e] + SparseArrays
  [10745b16] + Statistics
  [8dfed614] + Test
  [cf7118a7] + UUIDs
  [4ec0a83e] + Unicode


################################################################################
# Testing: 2021-01-11T21:09:02.327
#

    Testing WorldBankData
Status `/tmp/jl_TuSs0R/Project.toml`
  [336ed68f] CSV v0.8.2
  [a93c6f00] DataFrames v0.21.8
  [ffa9a821] DocumentFormat v3.2.0
  [48062228] FilePathsBase v0.9.6
  [cd3eb016] HTTP v0.8.19
  [682c06a0] JSON v0.21.1
  [1bc83da4] SafeTestsets v0.0.1
  [2ff30676] WorldBankData v0.4.0
  [8dfed614] Test
Status `/tmp/jl_TuSs0R/Manifest.toml`
  [56f22d72] Artifacts v1.3.0
  [00ebfdb7] CSTParser v2.5.0
  [336ed68f] CSV v0.8.2
  [324d7699] CategoricalArrays v0.8.3
  [34da2185] Compat v3.25.0
  [9a962f9c] DataAPI v1.4.0
  [a93c6f00] DataFrames v0.21.8
  [864edb3b] DataStructures v0.18.8
  [e2d170a0] DataValueInterfaces v1.0.0
  [ffa9a821] DocumentFormat v3.2.0
  [48062228] FilePathsBase v0.9.6
  [cd3eb016] HTTP v0.8.19
  [83e8ac13] IniFile v0.5.0
  [41ab1584] InvertedIndices v1.0.0
  [82899510] IteratorInterfaceExtensions v1.0.0
  [692b3bcd] JLLWrappers v1.2.0
  [682c06a0] JSON v0.21.1
  [739be429] MbedTLS v1.0.3
  [c8ffd9c3] MbedTLS_jll v2.16.8+1
  [e1d29d7a] Missings v0.4.4
  [bac558e1] OrderedCollections v1.3.2
  [69de0a69] Parsers v1.0.15
  [2dfb63ee] PooledArrays v0.5.3
  [189a3867] Reexport v0.2.0
  [1bc83da4] SafeTestsets v0.0.1
  [91c51154] SentinelArrays v1.2.16
  [a2af1166] SortingAlgorithms v0.3.1
  [856f2bd8] StructTypes v1.2.1
  [3783bdb8] TableTraits v1.0.0
  [bd369af6] Tables v1.2.2
  [0796e94c] Tokenize v0.5.8
  [2ff30676] WorldBankData v0.4.0
  [2a0f44e3] Base64
  [ade2ca70] Dates
  [8bb1440f] DelimitedFiles
  [8ba89e20] Distributed
  [9fa8497b] Future
  [b77e0a4c] InteractiveUtils
  [76f85450] LibGit2
  [8f399da3] Libdl
  [37e2e46d] LinearAlgebra
  [56ddb016] Logging
  [d6f4376e] Markdown
  [a63ad114] Mmap
  [44cfe95a] Pkg
  [de0858da] Printf
  [3fa0cd96] REPL
  [9a3f8284] Random
  [ea8e919c] SHA
  [9e88b42a] Serialization
  [1a1011a3] SharedArrays
  [6462fe0b] Sockets
  [2f01184e] SparseArrays
  [10745b16] Statistics
  [8dfed614] Test
  [cf7118a7] UUIDs
  [4ec0a83e] Unicode
Test Summary: | Pass  Total
is formatted  |    1      1
 63.480493 seconds (33.22 M allocations: 1.667 GiB, 1.43% gc time)
Test Summary: | Pass  Total
countries     |    2      2
  1.845687 seconds (2.20 M allocations: 114.232 MiB, 10.52% gc time)
Test Summary: | Pass  Total
get_url       |    2      2
  0.053840 seconds (67.66 k allocations: 3.523 MiB)
Test Summary: | Pass  Total
bad arguments |    1      1
  3.027806 seconds (13.16 M allocations: 639.294 MiB, 9.34% gc time)
Test Summary: | Pass  Total
indicators    |    2      2
  0.175176 seconds (186.35 k allocations: 9.892 MiB)
Test Summary: | Pass  Total
wdi           |    2      2
  3.758013 seconds (4.59 M allocations: 232.363 MiB, 5.96% gc time)
Test Summary: | Pass  Total
search wdi    |    4      4
  0.440313 seconds (548.07 k allocations: 27.978 MiB, 2.34% gc time)
Test Summary: | Pass  Total
jsonwdi       |    3      3
  1.073998 seconds (429.93 k allocations: 20.837 MiB)
download: https://api.worldbank.org/v2/countries/all?per_page=25000&format=json
check all_countries status: Test Failed at /home/pkgeval/.julia/packages/WorldBankData/Y02LK/test/check_all_countries.jl:5
  Expression: (WorldBankData.download_countries(verbose = true))[!, :iso2c] == WorldBankData.all_countries
   Evaluated: ["AW", "AF", "A9", "AO", "AL", "AD", "L5", "1A", "AE", "AR"  …  "VN", "VU", "1W", "WS", "XK", "A5", "YE", "ZA", "ZM", "ZW"] == ["AW", "AF", "A9", "AO", "AL", "AD", "L5", "1A", "AE", "AR"  …  "VN", "VU", "1W", "WS", "XK", "A5", "YE", "ZA", "ZM", "ZW"]
Stacktrace:
 [1] top-level scope at /home/pkgeval/.julia/packages/WorldBankData/Y02LK/test/check_all_countries.jl:5
 [2] include(::Function, ::Module, ::String) at ./Base.jl:380
 [3] include at ./Base.jl:368 [inlined]
 [4] include(::String) at /home/pkgeval/.julia/packages/SafeTestsets/A83XK/src/SafeTestsets.jl:23
 [5] top-level scope at /home/pkgeval/.julia/packages/WorldBankData/Y02LK/test/runtests.jl:11
 [6] top-level scope at /workspace/srcdir/usr/share/julia/stdlib/v1.5/Test/src/Test.jl:1115
 [7] top-level scope at /home/pkgeval/.julia/packages/WorldBankData/Y02LK/test/runtests.jl:11
Test Summary:              | Fail  Total
check all_countries status |    1      1
ERROR: LoadError: Some tests did not pass: 0 passed, 1 failed, 0 errored, 0 broken.
in expression starting at /home/pkgeval/.julia/packages/WorldBankData/Y02LK/test/runtests.jl:11

PkgEval failed: Package WorldBankData errored during testing
Stacktrace:
 [1] pkgerror(::String) at /workspace/srcdir/usr/share/julia/stdlib/v1.5/Pkg/src/Types.jl:52
 [2] test(::Pkg.Types.Context, ::Array{Pkg.Types.PackageSpec,1}; coverage::Bool, julia_args::Cmd, test_args::Cmd, test_fn::Nothing) at /workspace/srcdir/usr/share/julia/stdlib/v1.5/Pkg/src/Operations.jl:1578
 [3] test(::Pkg.Types.Context, ::Array{Pkg.Types.PackageSpec,1}; coverage::Bool, test_fn::Nothing, julia_args::Cmd, test_args::Cmd, kwargs::Base.Iterators.Pairs{Union{},Union{},Tuple{},NamedTuple{(),Tuple{}}}) at /workspace/srcdir/usr/share/julia/stdlib/v1.5/Pkg/src/API.jl:327
 [4] test(::Pkg.Types.Context, ::Array{Pkg.Types.PackageSpec,1}) at /workspace/srcdir/usr/share/julia/stdlib/v1.5/Pkg/src/API.jl:314
 [5] #test#61 at /workspace/srcdir/usr/share/julia/stdlib/v1.5/Pkg/src/API.jl:67 [inlined]
 [6] test at /workspace/srcdir/usr/share/julia/stdlib/v1.5/Pkg/src/API.jl:67 [inlined]
 [7] #test#60 at /workspace/srcdir/usr/share/julia/stdlib/v1.5/Pkg/src/API.jl:66 [inlined]
 [8] test at /workspace/srcdir/usr/share/julia/stdlib/v1.5/Pkg/src/API.jl:66 [inlined]
 [9] test(::String; kwargs::Base.Iterators.Pairs{Union{},Union{},Tuple{},NamedTuple{(),Tuple{}}}) at /workspace/srcdir/usr/share/julia/stdlib/v1.5/Pkg/src/API.jl:65
 [10] test(::String) at /workspace/srcdir/usr/share/julia/stdlib/v1.5/Pkg/src/API.jl:65
 [11] top-level scope at none:22
 [12] eval at ./boot.jl:331 [inlined]
 [13] eval(::Expr) at ./client.jl:467
 [14] top-level scope at none:1
 [15] eval(::Module, ::Any) at ./boot.jl:331
 [16] exec_options(::Base.JLOptions) at ./client.jl:272
 [17] _start() at ./client.jl:506


################################################################################
# PkgEval teardown: 2021-01-11T21:10:29.304
CPU usage: 94.27s (87.24s user, 7.20s kernel)

Network usage:
- eth0: 10.456 MiB received, 195.103 KiB sent

Raw statistics: {"blkio_stats":{"io_queue_recursive":[],"io_serviced_recursive":[{"major":259,"value":0,"op":"Read","minor":0},{"major":259,"value":24,"op":"Write","minor":0},{"major":259,"value":19,"op":"Sync","minor":0},{"major":259,"value":5,"op":"Async","minor":0},{"major":259,"value":0,"op":"Discard","minor":0},{"major":259,"value":24,"op":"Total","minor":0},{"major":253,"value":0,"op":"Read","minor":2},{"major":253,"value":24,"op":"Write","minor":2},{"major":253,"value":19,"op":"Sync","minor":2},{"major":253,"value":5,"op":"Async","minor":2},{"major":253,"value":0,"op":"Discard","minor":2},{"major":253,"value":24,"op":"Total","minor":2}],"io_time_recursive":[],"sectors_recursive":[],"io_service_bytes_recursive":[{"major":259,"value":0,"op":"Read","minor":0},{"major":259,"value":135168,"op":"Write","minor":0},{"major":259,"value":106496,"op":"Sync","minor":0},{"major":259,"value":28672,"op":"Async","minor":0},{"major":259,"value":0,"op":"Discard","minor":0},{"major":259,"value":135168,"op":"Total","minor":0},{"major":253,"value":0,"op":"Read","minor":2},{"major":253,"value":135168,"op":"Write","minor":2},{"major":253,"value":106496,"op":"Sync","minor":2},{"major":253,"value":28672,"op":"Async","minor":2},{"major":253,"value":0,"op":"Discard","minor":2},{"major":253,"value":135168,"op":"Total","minor":2}],"io_wait_time_recursive":[],"io_merged_recursive":[],"io_service_time_recursive":[]},"memory_stats":{"usage":361467904,"max_usage":1201700864,"stats":{"hierarchical_memory_limit":9223372036854771712,"pgmajfault":0,"total_rss":200421376,"inactive_file":135168,"inactive_anon":112324608,"total_pgfault":2350029,"total_cache":130113536,"total_rss_huge":0,"total_active_anon":218296320,"total_pgmajfault":0,"pgpgin":1441671,"rss_huge":0,"mapped_file":0,"total_inactive_file":135168,"dirty":135168,"total_unevictable":0,"total_dirty":135168,"writeback":0,"pgpgout":1360972,"hierarchical_memsw_limit":0,"cache":130113536,"active_file":135168,"pgfault":2350029,"total_mapped_file":0,"total_pgpgout":1360972,"total_writeback":0,"rss":200421376,"unevictable":0,"total_inactive_anon":112324608,"total_pgpgin":1441671,"active_anon":218296320,"total_active_file":135168},"limit":540965302272},"name":"/WorldBankData-mIdL9KFC","networks":{"eth0":{"rx_bytes":10963683,"rx_packets":1636,"tx_packets":1732,"tx_bytes":199785,"tx_dropped":0,"rx_dropped":4,"tx_errors":0,"rx_errors":0}},"id":"b830397bf64e95cca36862a5802bb50335670aa2d695824353cb0549010ec9cc","preread":"0001-01-01T00:00:00Z","storage_stats":{},"precpu_stats":{"throttling_data":{"throttled_periods":0,"throttled_time":0,"periods":0},"cpu_usage":{"usage_in_usermode":0,"usage_in_kernelmode":0,"total_usage":0}},"pids_stats":{"current":40},"num_procs":0,"cpu_stats":{"throttling_data":{"throttled_periods":0,"throttled_time":0,"periods":0},"system_cpu_usage":5819692934522419,"online_cpus":128,"cpu_usage":{"usage_in_usermode":87240000000,"usage_in_kernelmode":7200000000,"total_usage":94272088999,"percpu_usage":[0,0,0,0,0,0,0,0,0,0,0,0,0,0,0,0,94272088999,0,0,0,0,0,0,0,0,0,0,0,0,0,0,0,0,0,0,0,0,0,0,0,0,0,0,0,0,0,0,0,0,0,0,0,0,0,0,0,0,0,0,0,0,0,0,0,0,0,0,0,0,0,0,0,0,0,0,0,0,0,0,0,0,0,0,0,0,0,0,0,0,0,0,0,0,0,0,0,0,0,0,0,0,0,0,0,0,0,0,0,0,0,0,0,0,0,0,0,0,0,0,0,0,0,0,0,0,0,0,0]}},"read":"2021-01-11T21:10:29.306778199Z"}