################################################################################
# PkgEval set-up: 2021-01-11T19:01:21.813
#

Julia Version 1.5.3
Commit 599f52c4c6 (2020-12-18 13:33 UTC)
Platform Info:
  OS: Linux (x86_64-linux-gnu)
  CPU: AMD EPYC 7502 32-Core Processor
  WORD_SIZE: 64
  LIBM: libopenlibm
  LLVM: libLLVM-9.0.1 (ORCJIT, znver2)
Environment:
  JULIA_PKG_PRECOMPILE_AUTO = 0
  JULIA_PKGEVAL = true

Base.julia_cmd() = `/opt/julia/bin/julia -Cnative -J/opt/julia/lib/julia/sys.so -g1`


################################################################################
# Installation: 2021-01-11T19:01:23.608
#

 Installing known registries into `~/.julia`
######################################################################## 100.0%
      Added registry `General` to `~/.julia/registries/General`
  Resolving package versions...
  Installed FillArrays ───────── v0.11.0
  Installed CodecZlib ────────── v0.7.0
  Installed Libiconv_jll ─────── v1.16.0+7
  Installed WriteVTK ─────────── v1.8.1
  Installed Zlib_jll ─────────── v1.2.11+18
  Installed LightXML ─────────── v0.9.0
  Installed JLLWrappers ──────── v1.2.0
  Installed TranscodingStreams ─ v0.9.5
  Installed XML2_jll ─────────── v2.9.10+3
  Installed Artifacts ────────── v1.3.0
Updating `~/.julia/environments/v1.5/Project.toml`
  [64499a7a] + WriteVTK v1.8.1
Updating `~/.julia/environments/v1.5/Manifest.toml`
  [56f22d72] + Artifacts v1.3.0
  [944b1d66] + CodecZlib v0.7.0
  [1a297f60] + FillArrays v0.11.0
  [692b3bcd] + JLLWrappers v1.2.0
  [94ce4f54] + Libiconv_jll v1.16.0+7
  [9c8b4983] + LightXML v0.9.0
  [3bb67fe8] + TranscodingStreams v0.9.5
  [64499a7a] + WriteVTK v1.8.1
  [02c8fc9c] + XML2_jll v2.9.10+3
  [83775a58] + Zlib_jll v1.2.11+18
  [2a0f44e3] + Base64
  [ade2ca70] + Dates
  [8ba89e20] + Distributed
  [b77e0a4c] + InteractiveUtils
  [76f85450] + LibGit2
  [8f399da3] + Libdl
  [37e2e46d] + LinearAlgebra
  [56ddb016] + Logging
  [d6f4376e] + Markdown
  [44cfe95a] + Pkg
  [de0858da] + Printf
  [3fa0cd96] + REPL
  [9a3f8284] + Random
  [ea8e919c] + SHA
  [9e88b42a] + Serialization
  [6462fe0b] + Sockets
  [2f01184e] + SparseArrays
  [8dfed614] + Test
  [cf7118a7] + UUIDs
  [4ec0a83e] + Unicode


################################################################################
# Testing: 2021-01-11T19:01:28.66
#

    Testing WriteVTK
Status `/tmp/jl_2TnzvQ/Project.toml`
  [944b1d66] CodecZlib v0.7.0
  [1a297f60] FillArrays v0.11.0
  [9c8b4983] LightXML v0.9.0
  [90137ffa] StaticArrays v1.0.1
  [3bb67fe8] TranscodingStreams v0.9.5
  [64499a7a] WriteVTK v1.8.1
  [2a0f44e3] Base64
  [de0858da] Printf
  [9a3f8284] Random
  [ea8e919c] SHA
  [8dfed614] Test
Status `/tmp/jl_2TnzvQ/Manifest.toml`
  [56f22d72] Artifacts v1.3.0
  [944b1d66] CodecZlib v0.7.0
  [1a297f60] FillArrays v0.11.0
  [692b3bcd] JLLWrappers v1.2.0
  [94ce4f54] Libiconv_jll v1.16.0+7
  [9c8b4983] LightXML v0.9.0
  [90137ffa] StaticArrays v1.0.1
  [3bb67fe8] TranscodingStreams v0.9.5
  [64499a7a] WriteVTK v1.8.1
  [02c8fc9c] XML2_jll v2.9.10+3
  [83775a58] Zlib_jll v1.2.11+18
  [2a0f44e3] Base64
  [ade2ca70] Dates
  [8ba89e20] Distributed
  [b77e0a4c] InteractiveUtils
  [76f85450] LibGit2
  [8f399da3] Libdl
  [37e2e46d] LinearAlgebra
  [56ddb016] Logging
  [d6f4376e] Markdown
  [44cfe95a] Pkg
  [de0858da] Printf
  [3fa0cd96] REPL
  [9a3f8284] Random
  [ea8e919c] SHA
  [9e88b42a] Serialization
  [6462fe0b] Sockets
  [2f01184e] SparseArrays
  [10745b16] Statistics
  [8dfed614] Test
  [cf7118a7] UUIDs
  [4ec0a83e] Unicode
TEST (first run): multiblock.jl
  1.409402 seconds (3.73 M allocations: 139.409 MiB, 5.58% gc time)
Saved:  multiblock.vtm  multiblock_1.vts  multiblock_2.vtr  multiblock_3.vtu

TEST (first run): rectilinear.jl
  0.444059 seconds (545.09 k allocations: 29.301 MiB)
  0.058994 seconds (21.05 k allocations: 1.337 MiB)
Saved:  rectilinear_2D.vtr  rectilinear_3D.vtr

TEST (first run): imagedata.jl
  1.317392 seconds (538.16 k allocations: 29.206 MiB, 2.21% gc time)
  0.141619 seconds (19.37 k allocations: 1.008 MiB)
  0.534785 seconds (124.97 k allocations: 6.508 MiB)
  0.042320 seconds (7.66 k allocations: 393.371 KiB)
  0.116751 seconds (211.05 k allocations: 11.325 MiB)
  0.148768 seconds (218.86 k allocations: 10.781 MiB, 49.94% gc time)
Saved:   imagedata.vti  imagedata_2D.vti  imagedata_LinRange_2D.vti  imagedata_StepRangeLen_2D.vti  imagedata_LinRange.vti  imagedata_StepRangeLen.vti

TEST (first run): structured.jl
  0.002330 seconds (7.17 k allocations: 610.219 KiB)
  0.066509 seconds (144.57 k allocations: 2.670 MiB)
Saved:  structured_2D.vts  structured_3D.vts

TEST (first run): unstructured.jl
  0.431130 seconds (31.23 k allocations: 1.969 MiB)
  0.064632 seconds (275.96 k allocations: 11.938 MiB)
  0.494190 seconds (3.49 M allocations: 88.602 MiB, 6.76% gc time)
Saved:  unstructured_1D.vtu  unstructured_1D_bis.vtu  unstructured_2D.vtu  unstructured_2D_bis.vtu  unstructured_3D.vtu  unstructured_3D_bis.vtu

TEST (first run): polydata.jl
PolyData 2D...  1.354417 seconds (2.11 M allocations: 110.312 MiB, 2.53% gc time)
PolyData 3D...  0.296045 seconds (447.43 k allocations: 24.405 MiB, 3.55% gc time)
Saved:  polydata_2D.vtp  polydata_3D.vtp

TEST (first run): bezier.jl
Saved:  bezier_tetra_quartic_solidSphereOctant.vtu

TEST (first run): pvdCollection.jl
  0.210383 seconds (101.59 k allocations: 6.558 MiB, 4.97% gc time)
Saved:  collection.pvd  collection_00.vtr  collection_01.vtr  collection_02.vtr  collection_03.vtr  collection_reload.pvd  collection_reload.vtr

TEST (first run): array.jl
  0.028345 seconds (641 allocations: 1.089 MiB)
Saved:  arraydata_2D.vti  arraydata_3D.vti  arrays.vti

============================================================

TEST (second run): multiblock.jl
  0.232872 seconds (1.79 M allocations: 38.776 MiB, 4.84% gc time)
Saved:  multiblock.vtm  multiblock_1.vts  multiblock_2.vtr  multiblock_3.vtu

TEST (second run): rectilinear.jl
  0.001254 seconds (632 allocations: 268.938 KiB)
  0.024950 seconds (633 allocations: 344.938 KiB)
Saved:  rectilinear_2D.vtr  rectilinear_3D.vtr

TEST (second run): imagedata.jl
  0.145526 seconds (499.05 k allocations: 27.086 MiB, 6.42% gc time)
  0.027386 seconds (17.32 k allocations: 910.025 KiB)
  0.039758 seconds (98.67 k allocations: 5.118 MiB)
  0.000071 seconds (103 allocations: 7.891 KiB)
  0.022628 seconds (278 allocations: 189.688 KiB)
  0.000083 seconds (106 allocations: 8.750 KiB)
Saved:   imagedata.vti  imagedata_2D.vti  imagedata_LinRange_2D.vti  imagedata_StepRangeLen_2D.vti  imagedata_LinRange.vti  imagedata_StepRangeLen.vti

TEST (second run): structured.jl
  0.002187 seconds (7.17 k allocations: 610.219 KiB)
  0.066179 seconds (144.57 k allocations: 2.670 MiB)
Saved:  structured_2D.vts  structured_3D.vts

TEST (second run): unstructured.jl
  0.039601 seconds (10.44 k allocations: 912.338 KiB)
  0.033353 seconds (222.84 k allocations: 9.146 MiB)
  0.248304 seconds (3.11 M allocations: 69.169 MiB, 9.07% gc time)
Saved:  unstructured_1D.vtu  unstructured_1D_bis.vtu  unstructured_2D.vtu  unstructured_2D_bis.vtu  unstructured_3D.vtu  unstructured_3D_bis.vtu

TEST (second run): polydata.jl
PolyData 2D...  0.178524 seconds (171.69 k allocations: 9.810 MiB)
PolyData 3D...  0.004770 seconds (8.55 k allocations: 1.187 MiB)
Saved:  polydata_2D.vtp  polydata_3D.vtp

TEST (second run): bezier.jl
Saved:  bezier_tetra_quartic_solidSphereOctant.vtu

TEST (second run): pvdCollection.jl
  0.109791 seconds (3.78 k allocations: 1.551 MiB)
Saved:  collection.pvd  collection_00.vtr  collection_01.vtr  collection_02.vtr  collection_03.vtr  collection_reload.pvd  collection_reload.vtr

TEST (second run): array.jl
  0.029309 seconds (641 allocations: 1.089 MiB)
Saved:  arraydata_2D.vti  arraydata_3D.vti  arrays.vti

    Testing WriteVTK tests passed 

PkgEval succeeded


################################################################################
# PkgEval teardown: 2021-01-11T19:02:16.563
CPU usage: 54.77s (50.77s user, 4.08s kernel)

Network usage:
- eth0: 2.981 MiB received, 72.740 KiB sent

Raw statistics: {"blkio_stats":{"io_queue_recursive":[],"io_serviced_recursive":[{"major":259,"value":0,"op":"Read","minor":0},{"major":259,"value":24,"op":"Write","minor":0},{"major":259,"value":19,"op":"Sync","minor":0},{"major":259,"value":5,"op":"Async","minor":0},{"major":259,"value":0,"op":"Discard","minor":0},{"major":259,"value":24,"op":"Total","minor":0},{"major":253,"value":0,"op":"Read","minor":2},{"major":253,"value":24,"op":"Write","minor":2},{"major":253,"value":19,"op":"Sync","minor":2},{"major":253,"value":5,"op":"Async","minor":2},{"major":253,"value":0,"op":"Discard","minor":2},{"major":253,"value":24,"op":"Total","minor":2}],"io_time_recursive":[],"sectors_recursive":[],"io_service_bytes_recursive":[{"major":259,"value":0,"op":"Read","minor":0},{"major":259,"value":126976,"op":"Write","minor":0},{"major":259,"value":106496,"op":"Sync","minor":0},{"major":259,"value":20480,"op":"Async","minor":0},{"major":259,"value":0,"op":"Discard","minor":0},{"major":259,"value":126976,"op":"Total","minor":0},{"major":253,"value":0,"op":"Read","minor":2},{"major":253,"value":126976,"op":"Write","minor":2},{"major":253,"value":106496,"op":"Sync","minor":2},{"major":253,"value":20480,"op":"Async","minor":2},{"major":253,"value":0,"op":"Discard","minor":2},{"major":253,"value":126976,"op":"Total","minor":2}],"io_wait_time_recursive":[],"io_merged_recursive":[],"io_service_time_recursive":[]},"memory_stats":{"usage":299851776,"max_usage":1048256512,"stats":{"hierarchical_memory_limit":9223372036854771712,"pgmajfault":0,"total_rss":180031488,"inactive_file":135168,"inactive_anon":83939328,"total_pgfault":1146783,"total_cache":89604096,"total_rss_huge":0,"total_active_anon":184639488,"total_pgmajfault":0,"pgpgin":772134,"rss_huge":0,"mapped_file":0,"total_inactive_file":135168,"dirty":135168,"total_unevictable":0,"total_dirty":135168,"writeback":0,"pgpgout":706306,"hierarchical_memsw_limit":0,"cache":89604096,"active_file":1081344,"pgfault":1146783,"total_mapped_file":0,"total_pgpgout":706306,"total_writeback":0,"rss":180031488,"unevictable":0,"total_inactive_anon":83939328,"total_pgpgin":772134,"active_anon":184639488,"total_active_file":1081344},"limit":540965302272},"name":"/WriteVTK-q05Z68L5","networks":{"eth0":{"rx_bytes":3125404,"rx_packets":559,"tx_packets":620,"tx_bytes":74486,"tx_dropped":0,"rx_dropped":2,"tx_errors":0,"rx_errors":0}},"id":"9f09f396394ebc2ba93aa47401e5917823a7a367c842168d86155b4ca7ff785f","preread":"0001-01-01T00:00:00Z","storage_stats":{},"precpu_stats":{"throttling_data":{"throttled_periods":0,"throttled_time":0,"periods":0},"cpu_usage":{"usage_in_usermode":0,"usage_in_kernelmode":0,"total_usage":0}},"pids_stats":{"current":40},"num_procs":0,"cpu_stats":{"throttling_data":{"throttled_periods":0,"throttled_time":0,"periods":0},"system_cpu_usage":4836512404522419,"online_cpus":128,"cpu_usage":{"usage_in_usermode":50770000000,"usage_in_kernelmode":4080000000,"total_usage":54767941167,"percpu_usage":[0,0,0,0,0,0,0,54767941167,0,0,0,0,0,0,0,0,0,0,0,0,0,0,0,0,0,0,0,0,0,0,0,0,0,0,0,0,0,0,0,0,0,0,0,0,0,0,0,0,0,0,0,0,0,0,0,0,0,0,0,0,0,0,0,0,0,0,0,0,0,0,0,0,0,0,0,0,0,0,0,0,0,0,0,0,0,0,0,0,0,0,0,0,0,0,0,0,0,0,0,0,0,0,0,0,0,0,0,0,0,0,0,0,0,0,0,0,0,0,0,0,0,0,0,0,0,0,0,0]}},"read":"2021-01-11T19:02:16.882559399Z"}