################################################################################
# PkgEval set-up: 2021-01-11T19:07:02.475
#

Julia Version 1.5.3
Commit 599f52c4c6 (2020-12-18 13:33 UTC)
Platform Info:
  OS: Linux (x86_64-linux-gnu)
  CPU: AMD EPYC 7502 32-Core Processor
  WORD_SIZE: 64
  LIBM: libopenlibm
  LLVM: libLLVM-9.0.1 (ORCJIT, znver2)
Environment:
  JULIA_PKG_PRECOMPILE_AUTO = 0
  JULIA_PKGEVAL = true

Base.julia_cmd() = `/opt/julia/bin/julia -Cnative -J/opt/julia/lib/julia/sys.so -g1`


################################################################################
# Installation: 2021-01-11T19:07:04.219
#

 Installing known registries into `~/.julia`
############################################                              61.7%######################################################################## 100.0%
      Added registry `General` to `~/.julia/registries/General`
  Resolving package versions...
  Installed Libiconv_jll ──────────────── v1.16.0+7
  Installed DataAPI ───────────────────── v1.4.0
  Installed XLSXasJSON ────────────────── v0.4.0
  Installed EzXML ─────────────────────── v1.1.0
  Installed Zlib_jll ──────────────────── v1.2.11+18
  Installed IteratorInterfaceExtensions ─ v1.0.0
  Installed JSON ──────────────────────── v0.21.1
  Installed JLLWrappers ───────────────── v1.2.0
  Installed JSONPointer ───────────────── v0.3.0
  Installed TableTraits ───────────────── v1.0.0
  Installed XLSX ──────────────────────── v0.7.3
  Installed ZipFile ───────────────────── v0.9.3
  Installed OrderedCollections ────────── v1.3.2
  Installed XML2_jll ──────────────────── v2.9.10+3
  Installed DataValueInterfaces ───────── v1.0.0
  Installed Parsers ───────────────────── v1.0.15
  Installed Tables ────────────────────── v1.2.2
  Installed Artifacts ─────────────────── v1.3.0
Updating `~/.julia/environments/v1.5/Project.toml`
  [8c9e00cc] + XLSXasJSON v0.4.0
Updating `~/.julia/environments/v1.5/Manifest.toml`
  [56f22d72] + Artifacts v1.3.0
  [9a962f9c] + DataAPI v1.4.0
  [e2d170a0] + DataValueInterfaces v1.0.0
  [8f5d6c58] + EzXML v1.1.0
  [82899510] + IteratorInterfaceExtensions v1.0.0
  [692b3bcd] + JLLWrappers v1.2.0
  [682c06a0] + JSON v0.21.1
  [cc3ff66e] + JSONPointer v0.3.0
  [94ce4f54] + Libiconv_jll v1.16.0+7
  [bac558e1] + OrderedCollections v1.3.2
  [69de0a69] + Parsers v1.0.15
  [3783bdb8] + TableTraits v1.0.0
  [bd369af6] + Tables v1.2.2
  [fdbf4ff8] + XLSX v0.7.3
  [8c9e00cc] + XLSXasJSON v0.4.0
  [02c8fc9c] + XML2_jll v2.9.10+3
  [a5390f91] + ZipFile v0.9.3
  [83775a58] + Zlib_jll v1.2.11+18
  [2a0f44e3] + Base64
  [ade2ca70] + Dates
  [8ba89e20] + Distributed
  [b77e0a4c] + InteractiveUtils
  [76f85450] + LibGit2
  [8f399da3] + Libdl
  [37e2e46d] + LinearAlgebra
  [56ddb016] + Logging
  [d6f4376e] + Markdown
  [a63ad114] + Mmap
  [44cfe95a] + Pkg
  [de0858da] + Printf
  [3fa0cd96] + REPL
  [9a3f8284] + Random
  [ea8e919c] + SHA
  [9e88b42a] + Serialization
  [6462fe0b] + Sockets
  [8dfed614] + Test
  [cf7118a7] + UUIDs
  [4ec0a83e] + Unicode


################################################################################
# Testing: 2021-01-11T19:07:09.827
#

    Testing XLSXasJSON
Status `/tmp/jl_2IvLFQ/Project.toml`
  [682c06a0] JSON v0.21.1
  [cc3ff66e] JSONPointer v0.3.0
  [bac558e1] OrderedCollections v1.3.2
  [fdbf4ff8] XLSX v0.7.3
  [8c9e00cc] XLSXasJSON v0.4.0
  [de0858da] Printf
  [3fa0cd96] REPL
  [8dfed614] Test
Status `/tmp/jl_2IvLFQ/Manifest.toml`
  [56f22d72] Artifacts v1.3.0
  [9a962f9c] DataAPI v1.4.0
  [e2d170a0] DataValueInterfaces v1.0.0
  [8f5d6c58] EzXML v1.1.0
  [82899510] IteratorInterfaceExtensions v1.0.0
  [692b3bcd] JLLWrappers v1.2.0
  [682c06a0] JSON v0.21.1
  [cc3ff66e] JSONPointer v0.3.0
  [94ce4f54] Libiconv_jll v1.16.0+7
  [bac558e1] OrderedCollections v1.3.2
  [69de0a69] Parsers v1.0.15
  [3783bdb8] TableTraits v1.0.0
  [bd369af6] Tables v1.2.2
  [fdbf4ff8] XLSX v0.7.3
  [8c9e00cc] XLSXasJSON v0.4.0
  [02c8fc9c] XML2_jll v2.9.10+3
  [a5390f91] ZipFile v0.9.3
  [83775a58] Zlib_jll v1.2.11+18
  [2a0f44e3] Base64
  [ade2ca70] Dates
  [8ba89e20] Distributed
  [b77e0a4c] InteractiveUtils
  [76f85450] LibGit2
  [8f399da3] Libdl
  [37e2e46d] LinearAlgebra
  [56ddb016] Logging
  [d6f4376e] Markdown
  [a63ad114] Mmap
  [44cfe95a] Pkg
  [de0858da] Printf
  [3fa0cd96] REPL
  [9a3f8284] Random
  [ea8e919c] SHA
  [9e88b42a] Serialization
  [6462fe0b] Sockets
  [8dfed614] Test
  [cf7118a7] UUIDs
  [4ec0a83e] Unicode
Test Summary:       | Pass  Total
Adobe Spry Examples |   31     31
Test Summary:            | Pass  Total
JSONWorkbook - deleteat! |    4      4
Test Summary:      | Pass  Total
JSONWorkbook - etc |   14     14
Test Summary:         | Pass  Total
JSONWorkbook - writer |    6      6
Test Summary:         | Pass  Total
JSONWorksheet - merge |   14     14
Test Summary:           | Pass  Total
JSONWorksheet - append! |    7      7
Test Summary:           | Pass  Total
JSONWorksheet - squeeze |    3      3
Test Summary:                       | Pass  Total
JSONWorksheet - getindex with index |   16     16
Test Summary:                         | Pass  Total
JSONWorksheet - haskey with a pointer |   10     10
Test Summary:                           | Pass  Total
JSONWorksheet - getindex with a pointer |   11     11
Test Summary:             | Pass  Total
JSONWorksheet - setindex! |    8      8
Test Summary:       | Pass  Total
JSONWorksheet - etc |    5      5
Test Summary: | Pass  Total
Asserts       |    8      8
Test Summary: | Pass  Total
missingdata   |    4      4
Test Summary: | Pass  Total
Static Type   |   10     10
Test Summary:                     | Pass  Total
Deliminator for a Array in a cell |    6      6
    Testing XLSXasJSON tests passed 

PkgEval succeeded


################################################################################
# PkgEval teardown: 2021-01-11T19:07:54.386
CPU usage: 51.89s (47.56s user, 4.40s kernel)

Network usage:
- eth0: 3.152 MiB received, 107.989 KiB sent

Raw statistics: {"blkio_stats":{"io_queue_recursive":[],"io_serviced_recursive":[{"major":259,"value":0,"op":"Read","minor":0},{"major":259,"value":24,"op":"Write","minor":0},{"major":259,"value":19,"op":"Sync","minor":0},{"major":259,"value":5,"op":"Async","minor":0},{"major":259,"value":0,"op":"Discard","minor":0},{"major":259,"value":24,"op":"Total","minor":0},{"major":253,"value":0,"op":"Read","minor":2},{"major":253,"value":24,"op":"Write","minor":2},{"major":253,"value":19,"op":"Sync","minor":2},{"major":253,"value":5,"op":"Async","minor":2},{"major":253,"value":0,"op":"Discard","minor":2},{"major":253,"value":24,"op":"Total","minor":2}],"io_time_recursive":[],"sectors_recursive":[],"io_service_bytes_recursive":[{"major":259,"value":0,"op":"Read","minor":0},{"major":259,"value":135168,"op":"Write","minor":0},{"major":259,"value":106496,"op":"Sync","minor":0},{"major":259,"value":28672,"op":"Async","minor":0},{"major":259,"value":0,"op":"Discard","minor":0},{"major":259,"value":135168,"op":"Total","minor":0},{"major":253,"value":0,"op":"Read","minor":2},{"major":253,"value":135168,"op":"Write","minor":2},{"major":253,"value":106496,"op":"Sync","minor":2},{"major":253,"value":28672,"op":"Async","minor":2},{"major":253,"value":0,"op":"Discard","minor":2},{"major":253,"value":135168,"op":"Total","minor":2}],"io_wait_time_recursive":[],"io_merged_recursive":[],"io_service_time_recursive":[]},"memory_stats":{"usage":350748672,"max_usage":1220894720,"stats":{"hierarchical_memory_limit":9223372036854771712,"pgmajfault":0,"total_rss":231116800,"inactive_file":135168,"inactive_anon":80560128,"total_pgfault":1416063,"total_cache":89264128,"total_rss_huge":0,"total_active_anon":239923200,"total_pgmajfault":0,"pgpgin":917598,"rss_huge":0,"mapped_file":0,"total_inactive_file":135168,"dirty":135168,"total_unevictable":0,"total_dirty":135168,"writeback":0,"pgpgout":839364,"hierarchical_memsw_limit":0,"cache":89264128,"active_file":135168,"pgfault":1416063,"total_mapped_file":0,"total_pgpgout":839364,"total_writeback":0,"rss":231116800,"unevictable":0,"total_inactive_anon":80560128,"total_pgpgin":917598,"active_anon":239923200,"total_active_file":135168},"limit":540965302272},"name":"/XLSXasJSON-AAhV9jPD","networks":{"eth0":{"rx_bytes":3304796,"rx_packets":821,"tx_packets":910,"tx_bytes":110581,"tx_dropped":0,"rx_dropped":2,"tx_errors":0,"rx_errors":0}},"id":"479f175f738c42ae94c9102be635178aefeffc0e0f1027bf08e81adb45e6daf1","preread":"0001-01-01T00:00:00Z","storage_stats":{},"precpu_stats":{"throttling_data":{"throttled_periods":0,"throttled_time":0,"periods":0},"cpu_usage":{"usage_in_usermode":0,"usage_in_kernelmode":0,"total_usage":0}},"pids_stats":{"current":40},"num_procs":0,"cpu_stats":{"throttling_data":{"throttled_periods":0,"throttled_time":0,"periods":0},"system_cpu_usage":4879671454522419,"online_cpus":128,"cpu_usage":{"usage_in_usermode":47560000000,"usage_in_kernelmode":4400000000,"total_usage":51885960548,"percpu_usage":[0,0,0,0,0,0,0,0,0,0,0,0,0,0,0,0,0,237830,51885722718,0,0,0,0,0,0,0,0,0,0,0,0,0,0,0,0,0,0,0,0,0,0,0,0,0,0,0,0,0,0,0,0,0,0,0,0,0,0,0,0,0,0,0,0,0,0,0,0,0,0,0,0,0,0,0,0,0,0,0,0,0,0,0,0,0,0,0,0,0,0,0,0,0,0,0,0,0,0,0,0,0,0,0,0,0,0,0,0,0,0,0,0,0,0,0,0,0,0,0,0,0,0,0,0,0,0,0,0,0]}},"read":"2021-01-11T19:07:54.389301422Z"}