################################################################################
# PackageCompiler set-up: 2021-01-11T20:44:49.272
#

Julia Version 1.5.3
Commit 599f52c4c6 (2020-12-18 13:33 UTC)
Platform Info:
  OS: Linux (x86_64-linux-gnu)
  CPU: AMD EPYC 7502 32-Core Processor
  WORD_SIZE: 64
  LIBM: libopenlibm
  LLVM: libLLVM-9.0.1 (ORCJIT, znver2)
Environment:
  JULIA_PKGEVAL = true
  JULIA_PKG_PRECOMPILE_AUTO = 0



################################################################################
# Installation: 2021-01-11T20:44:51.031
#

 Installing known registries into `~/.julia`
#########################                                                 35.3%######################################################################## 100.0%
      Added registry `General` to `~/.julia/registries/General`
  Resolving package versions...
  Installed Zlib_jll ──────────────────── v1.2.11+18
  Installed Reexport ──────────────────── v0.2.0
  Installed TableTraits ───────────────── v1.0.0
  Installed Inflate ───────────────────── v0.1.2
  Installed CategoricalArrays ─────────── v0.9.0
  Installed Xtals ─────────────────────── v0.2.0
  Installed DataFrames ────────────────── v0.22.2
  Installed PackageCompiler ───────────── v1.2.5
  Installed VersionParsing ────────────── v1.2.0
  Installed Tables ────────────────────── v1.2.2
  Installed DataStructures ────────────── v0.18.8
  Installed DataAPI ───────────────────── v1.4.0
  Installed Requires ──────────────────── v1.1.2
  Installed SimpleTraits ──────────────── v0.9.3
  Installed InvertedIndices ───────────── v1.0.0
  Installed DataValueInterfaces ───────── v1.0.0
  Installed JLD2 ──────────────────────── v0.2.4
  Installed OrderedCollections ────────── v1.3.2
  Installed StaticArrays ──────────────── v0.12.5
  Installed MetaGraphs ────────────────── v0.6.6
  Installed CodecZlib ─────────────────── v0.7.0
  Installed Missings ──────────────────── v0.4.4
  Installed LightGraphs ───────────────── v1.3.4
  Installed MacroTools ────────────────── v0.5.6
  Installed JLLWrappers ───────────────── v1.2.0
  Installed PooledArrays ──────────────── v0.5.3
  Installed JSON ──────────────────────── v0.21.1
  Installed ArnoldiMethod ─────────────── v0.0.4
  Installed TranscodingStreams ────────── v0.9.5
  Installed Crayons ───────────────────── v4.0.4
  Installed Formatting ────────────────── v0.4.2
  Installed Conda ─────────────────────── v1.5.0
  Installed StructTypes ───────────────── v1.2.1
  Installed CSV ───────────────────────── v0.8.2
  Installed IteratorInterfaceExtensions ─ v1.0.0
  Installed SortingAlgorithms ─────────── v0.3.1
  Installed PrettyTables ──────────────── v0.10.1
  Installed Compat ────────────────────── v3.25.0
  Installed SentinelArrays ────────────── v1.2.16
  Installed PyCall ────────────────────── v1.92.2
  Installed Parsers ───────────────────── v1.0.15
  Installed Artifacts ─────────────────── v1.3.0
Updating `~/.julia/environments/v1.5/Project.toml`
  [9b87118b] + PackageCompiler v1.2.5
  [ede5f01d] + Xtals v0.2.0
Updating `~/.julia/environments/v1.5/Manifest.toml`
  [ec485272] + ArnoldiMethod v0.0.4
  [56f22d72] + Artifacts v1.3.0
  [336ed68f] + CSV v0.8.2
  [324d7699] + CategoricalArrays v0.9.0
  [944b1d66] + CodecZlib v0.7.0
  [34da2185] + Compat v3.25.0
  [8f4d0f93] + Conda v1.5.0
  [a8cc5b0e] + Crayons v4.0.4
  [9a962f9c] + DataAPI v1.4.0
  [a93c6f00] + DataFrames v0.22.2
  [864edb3b] + DataStructures v0.18.8
  [e2d170a0] + DataValueInterfaces v1.0.0
  [59287772] + Formatting v0.4.2
  [d25df0c9] + Inflate v0.1.2
  [41ab1584] + InvertedIndices v1.0.0
  [82899510] + IteratorInterfaceExtensions v1.0.0
  [033835bb] + JLD2 v0.2.4
  [692b3bcd] + JLLWrappers v1.2.0
  [682c06a0] + JSON v0.21.1
  [093fc24a] + LightGraphs v1.3.4
  [1914dd2f] + MacroTools v0.5.6
  [626554b9] + MetaGraphs v0.6.6
  [e1d29d7a] + Missings v0.4.4
  [bac558e1] + OrderedCollections v1.3.2
  [9b87118b] + PackageCompiler v1.2.5
  [69de0a69] + Parsers v1.0.15
  [2dfb63ee] + PooledArrays v0.5.3
  [08abe8d2] + PrettyTables v0.10.1
  [438e738f] + PyCall v1.92.2
  [189a3867] + Reexport v0.2.0
  [ae029012] + Requires v1.1.2
  [91c51154] + SentinelArrays v1.2.16
  [699a6c99] + SimpleTraits v0.9.3
  [a2af1166] + SortingAlgorithms v0.3.1
  [90137ffa] + StaticArrays v0.12.5
  [856f2bd8] + StructTypes v1.2.1
  [3783bdb8] + TableTraits v1.0.0
  [bd369af6] + Tables v1.2.2
  [3bb67fe8] + TranscodingStreams v0.9.5
  [81def892] + VersionParsing v1.2.0
  [ede5f01d] + Xtals v0.2.0
  [83775a58] + Zlib_jll v1.2.11+18
  [2a0f44e3] + Base64
  [ade2ca70] + Dates
  [8bb1440f] + DelimitedFiles
  [8ba89e20] + Distributed
  [9fa8497b] + Future
  [b77e0a4c] + InteractiveUtils
  [76f85450] + LibGit2
  [8f399da3] + Libdl
  [37e2e46d] + LinearAlgebra
  [56ddb016] + Logging
  [d6f4376e] + Markdown
  [a63ad114] + Mmap
  [44cfe95a] + Pkg
  [de0858da] + Printf
  [3fa0cd96] + REPL
  [9a3f8284] + Random
  [ea8e919c] + SHA
  [9e88b42a] + Serialization
  [1a1011a3] + SharedArrays
  [6462fe0b] + Sockets
  [2f01184e] + SparseArrays
  [10745b16] + Statistics
  [8dfed614] + Test
  [cf7118a7] + UUIDs
  [4ec0a83e] + Unicode
   Building Conda ─→ `~/.julia/packages/Conda/x5ml4/deps/build.log`
   Building PyCall → `~/.julia/packages/PyCall/tqyST/deps/build.log`


################################################################################
# Compiling: 2021-01-11T20:45:31.166
#

[ Info: PackageCompiler: creating system image object file, this might take a while...
Generated system image is 205.465 MiB, compilation took 328 seconds


fatal: error thrown and no exception handler available.
InitError(mod=:PyCall, error=ErrorException("could not load library "/home/pkgeval/.julia/conda/3/lib/libpython3.8.so.1.0"
/home/pkgeval/.julia/conda/3/lib/libpython3.8.so.1.0: cannot open shared object file: No such file or directory"))
jl_errorf at /workspace/srcdir/src/rtutils.c:77
jl_load_dynamic_library at /workspace/srcdir/src/dlload.c:235
#dlopen#3 at /workspace/srcdir/usr/share/julia/stdlib/v1.5/Libdl/src/Libdl.jl:109
dlopen at /workspace/srcdir/usr/share/julia/stdlib/v1.5/Libdl/src/Libdl.jl:109 [inlined]
__init__ at /home/pkgeval/.julia/packages/PyCall/tqyST/src/pyinit.jl:149
jfptr___init___76943 at /cache/Xtals-hyNVUMoz.so (unknown line)
_jl_invoke at /workspace/srcdir/src/gf.c:2214 [inlined]
jl_apply_generic at /workspace/srcdir/src/gf.c:2398
jl_apply at /workspace/srcdir/src/julia.h:1690 [inlined]
jl_module_run_initializer at /workspace/srcdir/src/toplevel.c:74
_julia_init at /workspace/srcdir/src/init.c:780
main at /workspace/srcdir/ui/repl.c:221
__libc_start_main at /usr/lib/libc.so.6 (unknown line)
unknown function (ip: 0x4015e4)

No statistics gathered.