################################################################################
# PkgEval set-up: 2021-01-11T22:43:34.913
#

Julia Version 1.5.3
Commit 599f52c4c6 (2020-12-18 13:33 UTC)
Platform Info:
  OS: Linux (x86_64-linux-gnu)
  CPU: AMD EPYC 7502 32-Core Processor
  WORD_SIZE: 64
  LIBM: libopenlibm
  LLVM: libLLVM-9.0.1 (ORCJIT, znver2)
Environment:
  JULIA_PKG_PRECOMPILE_AUTO = 0
  JULIA_PKGEVAL = true

Base.julia_cmd() = `/opt/julia/bin/julia -Cnative -J/opt/julia/lib/julia/sys.so -g1`


################################################################################
# Installation: 2021-01-11T22:43:36.729
#

 Installing known registries into `~/.julia`
######################################################################## 100.0%
      Added registry `General` to `~/.julia/registries/General`
  Resolving package versions...
  Installed XYZFiles ─ v0.1.0
  Installed AtomBase ─ v0.1.0
Updating `~/.julia/environments/v1.5/Project.toml`
  [a225628a] + XYZFiles v0.1.0
Updating `~/.julia/environments/v1.5/Manifest.toml`
  [ccf6c0ac] + AtomBase v0.1.0
  [a225628a] + XYZFiles v0.1.0


################################################################################
# Testing: 2021-01-11T22:43:40.397
#

    Testing XYZFiles
Status `/tmp/jl_hHeCUS/Project.toml`
  [ccf6c0ac] AtomBase v0.1.0
  [a225628a] XYZFiles v0.1.0
  [8dfed614] Test
Status `/tmp/jl_hHeCUS/Manifest.toml`
  [ccf6c0ac] AtomBase v0.1.0
  [a225628a] XYZFiles v0.1.0
  [2a0f44e3] Base64
  [8ba89e20] Distributed
  [b77e0a4c] InteractiveUtils
  [56ddb016] Logging
  [d6f4376e] Markdown
  [9a3f8284] Random
  [9e88b42a] Serialization
  [6462fe0b] Sockets
  [8dfed614] Test
read: Error During Test at /home/pkgeval/.julia/packages/XYZFiles/wCH1B/test/runtests.jl:4
  Got exception outside of a @test
  SystemError: opening file "test_output.xyz": Permission denied
  Stacktrace:
   [1] systemerror(::String, ::Int32; extrainfo::Nothing) at ./error.jl:168
   [2] #systemerror#48 at ./error.jl:167 [inlined]
   [3] systemerror at ./error.jl:167 [inlined]
   [4] open(::String; lock::Bool, read::Nothing, write::Nothing, create::Nothing, truncate::Bool, append::Nothing) at ./iostream.jl:284
   [5] open(::String, ::String; lock::Bool) at ./iostream.jl:346
   [6] open at ./iostream.jl:346 [inlined]
   [7] write(::String, ::Array{AtomBase.Atoms,1}) at /home/pkgeval/.julia/packages/XYZFiles/wCH1B/src/XYZFiles.jl:93
   [8] top-level scope at /home/pkgeval/.julia/packages/XYZFiles/wCH1B/test/runtests.jl:17
   [9] top-level scope at /workspace/srcdir/usr/share/julia/stdlib/v1.5/Test/src/Test.jl:1115
   [10] top-level scope at /home/pkgeval/.julia/packages/XYZFiles/wCH1B/test/runtests.jl:5
   [11] include(::String) at ./client.jl:457
   [12] top-level scope at none:6
   [13] eval(::Module, ::Any) at ./boot.jl:331
   [14] exec_options(::Base.JLOptions) at ./client.jl:272
   [15] _start() at ./client.jl:506
  
Test Summary: | Error  Total
read          |     1      1
ERROR: LoadError: Some tests did not pass: 0 passed, 0 failed, 1 errored, 0 broken.
in expression starting at /home/pkgeval/.julia/packages/XYZFiles/wCH1B/test/runtests.jl:4

PkgEval failed: Package XYZFiles errored during testing
Stacktrace:
 [1] pkgerror(::String) at /workspace/srcdir/usr/share/julia/stdlib/v1.5/Pkg/src/Types.jl:52
 [2] test(::Pkg.Types.Context, ::Array{Pkg.Types.PackageSpec,1}; coverage::Bool, julia_args::Cmd, test_args::Cmd, test_fn::Nothing) at /workspace/srcdir/usr/share/julia/stdlib/v1.5/Pkg/src/Operations.jl:1578
 [3] test(::Pkg.Types.Context, ::Array{Pkg.Types.PackageSpec,1}; coverage::Bool, test_fn::Nothing, julia_args::Cmd, test_args::Cmd, kwargs::Base.Iterators.Pairs{Union{},Union{},Tuple{},NamedTuple{(),Tuple{}}}) at /workspace/srcdir/usr/share/julia/stdlib/v1.5/Pkg/src/API.jl:327
 [4] test(::Pkg.Types.Context, ::Array{Pkg.Types.PackageSpec,1}) at /workspace/srcdir/usr/share/julia/stdlib/v1.5/Pkg/src/API.jl:314
 [5] #test#61 at /workspace/srcdir/usr/share/julia/stdlib/v1.5/Pkg/src/API.jl:67 [inlined]
 [6] test at /workspace/srcdir/usr/share/julia/stdlib/v1.5/Pkg/src/API.jl:67 [inlined]
 [7] #test#60 at /workspace/srcdir/usr/share/julia/stdlib/v1.5/Pkg/src/API.jl:66 [inlined]
 [8] test at /workspace/srcdir/usr/share/julia/stdlib/v1.5/Pkg/src/API.jl:66 [inlined]
 [9] test(::String; kwargs::Base.Iterators.Pairs{Union{},Union{},Tuple{},NamedTuple{(),Tuple{}}}) at /workspace/srcdir/usr/share/julia/stdlib/v1.5/Pkg/src/API.jl:65
 [10] test(::String) at /workspace/srcdir/usr/share/julia/stdlib/v1.5/Pkg/src/API.jl:65
 [11] top-level scope at none:22
 [12] eval at ./boot.jl:331 [inlined]
 [13] eval(::Expr) at ./client.jl:467
 [14] top-level scope at none:1
 [15] eval(::Module, ::Any) at ./boot.jl:331
 [16] exec_options(::Base.JLOptions) at ./client.jl:272
 [17] _start() at ./client.jl:506


################################################################################
# PkgEval teardown: 2021-01-11T22:43:47.969
CPU usage: 13.14s (10.39s user, 2.78s kernel)

Network usage:
- eth0: 2.547 MiB received, 31.817 KiB sent

Raw statistics: {"blkio_stats":{"io_queue_recursive":[],"io_serviced_recursive":[{"major":259,"value":0,"op":"Read","minor":0},{"major":259,"value":24,"op":"Write","minor":0},{"major":259,"value":19,"op":"Sync","minor":0},{"major":259,"value":5,"op":"Async","minor":0},{"major":259,"value":0,"op":"Discard","minor":0},{"major":259,"value":24,"op":"Total","minor":0},{"major":253,"value":0,"op":"Read","minor":2},{"major":253,"value":24,"op":"Write","minor":2},{"major":253,"value":19,"op":"Sync","minor":2},{"major":253,"value":5,"op":"Async","minor":2},{"major":253,"value":0,"op":"Discard","minor":2},{"major":253,"value":24,"op":"Total","minor":2}],"io_time_recursive":[],"sectors_recursive":[],"io_service_bytes_recursive":[{"major":259,"value":0,"op":"Read","minor":0},{"major":259,"value":126976,"op":"Write","minor":0},{"major":259,"value":106496,"op":"Sync","minor":0},{"major":259,"value":20480,"op":"Async","minor":0},{"major":259,"value":0,"op":"Discard","minor":0},{"major":259,"value":126976,"op":"Total","minor":0},{"major":253,"value":0,"op":"Read","minor":2},{"major":253,"value":126976,"op":"Write","minor":2},{"major":253,"value":106496,"op":"Sync","minor":2},{"major":253,"value":20480,"op":"Async","minor":2},{"major":253,"value":0,"op":"Discard","minor":2},{"major":253,"value":126976,"op":"Total","minor":2}],"io_wait_time_recursive":[],"io_merged_recursive":[],"io_service_time_recursive":[]},"memory_stats":{"usage":304717824,"max_usage":700264448,"stats":{"hierarchical_memory_limit":9223372036854771712,"pgmajfault":0,"total_rss":195817472,"inactive_file":135168,"inactive_anon":78802944,"total_pgfault":339207,"total_cache":79396864,"total_rss_huge":0,"total_active_anon":196399104,"total_pgmajfault":0,"pgpgin":227172,"rss_huge":0,"mapped_file":0,"total_inactive_file":135168,"dirty":135168,"total_unevictable":0,"total_dirty":135168,"writeback":0,"pgpgout":159975,"hierarchical_memsw_limit":0,"cache":79396864,"active_file":135168,"pgfault":339207,"total_mapped_file":0,"total_pgpgout":159975,"total_writeback":0,"rss":195817472,"unevictable":0,"total_inactive_anon":78802944,"total_pgpgin":227172,"active_anon":196399104,"total_active_file":135168},"limit":540965302272},"name":"/XYZFiles-lCBQv9rU","networks":{"eth0":{"rx_bytes":2670548,"rx_packets":318,"tx_packets":315,"tx_bytes":32581,"tx_dropped":0,"rx_dropped":1,"tx_errors":0,"rx_errors":0}},"id":"d9c6556a0adea25901534989954789bacefefedd63d639a49b6c221b096a85ab","preread":"0001-01-01T00:00:00Z","storage_stats":{},"precpu_stats":{"throttling_data":{"throttled_periods":0,"throttled_time":0,"periods":0},"cpu_usage":{"usage_in_usermode":0,"usage_in_kernelmode":0,"total_usage":0}},"pids_stats":{"current":40},"num_procs":0,"cpu_stats":{"throttling_data":{"throttled_periods":0,"throttled_time":0,"periods":0},"system_cpu_usage":6534919164522419,"online_cpus":128,"cpu_usage":{"usage_in_usermode":10390000000,"usage_in_kernelmode":2780000000,"total_usage":13138102606,"percpu_usage":[0,0,0,0,0,0,0,0,0,0,0,0,0,0,0,0,0,0,0,0,0,0,0,0,0,0,0,0,0,0,0,0,0,0,0,0,0,0,0,0,0,0,0,0,0,0,0,0,0,0,0,0,896940,0,0,13137202076,0,0,0,0,0,0,0,0,0,0,0,0,0,0,0,0,0,0,0,0,0,0,0,0,0,0,0,0,0,0,0,0,0,0,0,0,0,0,0,0,0,0,0,0,0,0,0,0,0,0,0,0,0,0,0,0,0,0,0,0,0,3590,0,0,0,0,0,0,0,0,0,0]}},"read":"2021-01-11T22:43:47.973060814Z"}