################################################################################
# PkgEval set-up: 2021-01-11T20:07:42.052
#

Julia Version 1.5.3
Commit 599f52c4c6 (2020-12-18 13:33 UTC)
Platform Info:
  OS: Linux (x86_64-linux-gnu)
  CPU: AMD EPYC 7502 32-Core Processor
  WORD_SIZE: 64
  LIBM: libopenlibm
  LLVM: libLLVM-9.0.1 (ORCJIT, znver2)
Environment:
  JULIA_PKG_PRECOMPILE_AUTO = 0
  JULIA_PKGEVAL = true

Base.julia_cmd() = `/opt/julia/bin/julia -Cnative -J/opt/julia/lib/julia/sys.so -g1`


################################################################################
# Installation: 2021-01-11T20:07:43.763
#

 Installing known registries into `~/.julia`
######################################################################## 100.0%
      Added registry `General` to `~/.julia/registries/General`
  Resolving package versions...
  Installed BinaryProvider ─ v0.5.10
  Installed YAJL ─────────── v0.2.1
  Installed YAJL_jll ─────── v2.1.0+0
Updating `~/.julia/environments/v1.5/Project.toml`
  [bda616b3] + YAJL v0.2.1
Updating `~/.julia/environments/v1.5/Manifest.toml`
  [b99e7846] + BinaryProvider v0.5.10
  [bda616b3] + YAJL v0.2.1
  [4bc5dff0] + YAJL_jll v2.1.0+0
  [2a0f44e3] + Base64
  [ade2ca70] + Dates
  [b77e0a4c] + InteractiveUtils
  [76f85450] + LibGit2
  [8f399da3] + Libdl
  [56ddb016] + Logging
  [d6f4376e] + Markdown
  [44cfe95a] + Pkg
  [de0858da] + Printf
  [3fa0cd96] + REPL
  [9a3f8284] + Random
  [ea8e919c] + SHA
  [9e88b42a] + Serialization
  [6462fe0b] + Sockets
  [cf7118a7] + UUIDs
  [4ec0a83e] + Unicode
   Building YAJL → `~/.julia/packages/YAJL/unTKc/deps/build.log`


################################################################################
# Testing: 2021-01-11T20:07:49.474
#

    Testing YAJL
Status `/tmp/jl_nHH8LS/Project.toml`
  [b99e7846] BinaryProvider v0.5.10
  [bda616b3] YAJL v0.2.1
  [4bc5dff0] YAJL_jll v2.1.0+0
  [8f399da3] Libdl
  [8dfed614] Test
Status `/tmp/jl_nHH8LS/Manifest.toml`
  [b99e7846] BinaryProvider v0.5.10
  [bda616b3] YAJL v0.2.1
  [4bc5dff0] YAJL_jll v2.1.0+0
  [2a0f44e3] Base64
  [ade2ca70] Dates
  [8ba89e20] Distributed
  [b77e0a4c] InteractiveUtils
  [76f85450] LibGit2
  [8f399da3] Libdl
  [56ddb016] Logging
  [d6f4376e] Markdown
  [44cfe95a] Pkg
  [de0858da] Printf
  [3fa0cd96] REPL
  [9a3f8284] Random
  [ea8e919c] SHA
  [9e88b42a] Serialization
  [6462fe0b] Sockets
  [8dfed614] Test
  [cf7118a7] UUIDs
  [4ec0a83e] Unicode
Test Summary: | Pass  Total
YAJL.jl       |   36     36
    Testing YAJL tests passed 

PkgEval succeeded


################################################################################
# PkgEval teardown: 2021-01-11T20:07:57.495
CPU usage: 15.55s (12.60s user, 3.01s kernel)

Network usage:
- eth0: 2.609 MiB received, 35.148 KiB sent

Raw statistics: {"blkio_stats":{"io_queue_recursive":[],"io_serviced_recursive":[{"major":259,"value":4,"op":"Read","minor":0},{"major":259,"value":28,"op":"Write","minor":0},{"major":259,"value":23,"op":"Sync","minor":0},{"major":259,"value":9,"op":"Async","minor":0},{"major":259,"value":0,"op":"Discard","minor":0},{"major":259,"value":32,"op":"Total","minor":0},{"major":253,"value":4,"op":"Read","minor":2},{"major":253,"value":28,"op":"Write","minor":2},{"major":253,"value":23,"op":"Sync","minor":2},{"major":253,"value":9,"op":"Async","minor":2},{"major":253,"value":0,"op":"Discard","minor":2},{"major":253,"value":32,"op":"Total","minor":2}],"io_time_recursive":[],"sectors_recursive":[],"io_service_bytes_recursive":[{"major":259,"value":53248,"op":"Read","minor":0},{"major":259,"value":143360,"op":"Write","minor":0},{"major":259,"value":159744,"op":"Sync","minor":0},{"major":259,"value":36864,"op":"Async","minor":0},{"major":259,"value":0,"op":"Discard","minor":0},{"major":259,"value":196608,"op":"Total","minor":0},{"major":253,"value":53248,"op":"Read","minor":2},{"major":253,"value":143360,"op":"Write","minor":2},{"major":253,"value":159744,"op":"Sync","minor":2},{"major":253,"value":36864,"op":"Async","minor":2},{"major":253,"value":0,"op":"Discard","minor":2},{"major":253,"value":196608,"op":"Total","minor":2}],"io_wait_time_recursive":[],"io_merged_recursive":[],"io_service_time_recursive":[]},"memory_stats":{"usage":327864320,"max_usage":741834752,"stats":{"hierarchical_memory_limit":9223372036854771712,"pgmajfault":0,"total_rss":218378240,"inactive_file":135168,"inactive_anon":79073280,"total_pgfault":390060,"total_cache":80068608,"total_rss_huge":0,"total_active_anon":219377664,"total_pgmajfault":0,"pgpgin":277959,"rss_huge":0,"mapped_file":0,"total_inactive_file":135168,"dirty":135168,"total_unevictable":0,"total_dirty":135168,"writeback":0,"pgpgout":205079,"hierarchical_memsw_limit":0,"cache":80068608,"active_file":135168,"pgfault":390060,"total_mapped_file":0,"total_pgpgout":205079,"total_writeback":0,"rss":218378240,"unevictable":0,"total_inactive_anon":79073280,"total_pgpgin":277959,"active_anon":219377664,"total_active_file":135168},"limit":540965302272},"name":"/YAJL-mR8DCjpz","networks":{"eth0":{"rx_bytes":2735343,"rx_packets":321,"tx_packets":330,"tx_bytes":35992,"tx_dropped":0,"rx_dropped":1,"tx_errors":0,"rx_errors":0}},"id":"0302c547f8eafed9f5428eeb25740045e975bf5c38550968d53ce5c05788a4a4","preread":"0001-01-01T00:00:00Z","storage_stats":{},"precpu_stats":{"throttling_data":{"throttled_periods":0,"throttled_time":0,"periods":0},"cpu_usage":{"usage_in_usermode":0,"usage_in_kernelmode":0,"total_usage":0}},"pids_stats":{"current":40},"num_procs":0,"cpu_stats":{"throttling_data":{"throttled_periods":0,"throttled_time":0,"periods":0},"system_cpu_usage":5340268534522419,"online_cpus":128,"cpu_usage":{"usage_in_usermode":12600000000,"usage_in_kernelmode":3010000000,"total_usage":15545445894,"percpu_usage":[0,0,0,0,0,0,0,15543880533,0,0,0,0,0,0,0,0,0,0,0,0,0,0,0,0,0,0,0,0,0,0,0,0,0,0,0,0,0,0,0,0,0,0,0,0,0,0,0,0,0,0,0,0,0,0,0,0,0,0,0,0,0,0,0,0,0,0,0,0,0,0,0,0,0,0,0,0,0,0,0,0,0,0,0,0,0,0,0,0,0,0,0,0,0,0,0,0,0,0,0,1565361,0,0,0,0,0,0,0,0,0,0,0,0,0,0,0,0,0,0,0,0,0,0,0,0,0,0,0,0]}},"read":"2021-01-11T20:07:57.498668092Z"}