################################################################################
# PackageCompiler set-up: 2021-01-11T20:27:22.414
#

Julia Version 1.5.3
Commit 599f52c4c6 (2020-12-18 13:33 UTC)
Platform Info:
  OS: Linux (x86_64-linux-gnu)
  CPU: AMD EPYC 7502 32-Core Processor
  WORD_SIZE: 64
  LIBM: libopenlibm
  LLVM: libLLVM-9.0.1 (ORCJIT, znver2)
Environment:
  JULIA_PKGEVAL = true
  JULIA_PKG_PRECOMPILE_AUTO = 0



################################################################################
# Installation: 2021-01-11T20:27:24.17
#

 Installing known registries into `~/.julia`
##############################################################            86.9%######################################################################## 100.0%
      Added registry `General` to `~/.julia/registries/General`
  Resolving package versions...
  Installed Reexport ─────────── v0.2.0
  Installed YaoAPI ───────────── v0.1.0
  Installed DataAPI ──────────── v1.4.0
  Installed YaoArrayRegister ─── v0.7.4
  Installed LuxurySparse ─────── v0.6.6
  Installed DataStructures ───── v0.18.8
  Installed StatsBase ────────── v0.33.2
  Installed PackageCompiler ──── v1.2.5
  Installed Missings ─────────── v0.4.4
  Installed TupleTools ───────── v1.2.0
  Installed OrderedCollections ─ v1.3.2
  Installed MacroTools ───────── v0.5.6
  Installed BitBasis ─────────── v0.7.0
  Installed StaticArrays ─────── v0.12.5
  Installed MLStyle ──────────── v0.4.6
  Installed LegibleLambdas ───── v0.2.0
  Installed SortingAlgorithms ── v0.3.1
  Installed YaoBase ──────────── v0.14.1
  Installed Compat ───────────── v3.25.0
Updating `~/.julia/environments/v1.5/Project.toml`
  [9b87118b] + PackageCompiler v1.2.5
  [e600142f] + YaoArrayRegister v0.7.4
Updating `~/.julia/environments/v1.5/Manifest.toml`
  [50ba71b6] + BitBasis v0.7.0
  [34da2185] + Compat v3.25.0
  [9a962f9c] + DataAPI v1.4.0
  [864edb3b] + DataStructures v0.18.8
  [f1f30506] + LegibleLambdas v0.2.0
  [d05aeea4] + LuxurySparse v0.6.6
  [d8e11817] + MLStyle v0.4.6
  [1914dd2f] + MacroTools v0.5.6
  [e1d29d7a] + Missings v0.4.4
  [bac558e1] + OrderedCollections v1.3.2
  [9b87118b] + PackageCompiler v1.2.5
  [189a3867] + Reexport v0.2.0
  [a2af1166] + SortingAlgorithms v0.3.1
  [90137ffa] + StaticArrays v0.12.5
  [2913bbd2] + StatsBase v0.33.2
  [9d95972d] + TupleTools v1.2.0
  [0843a435] + YaoAPI v0.1.0
  [e600142f] + YaoArrayRegister v0.7.4
  [a8f54c17] + YaoBase v0.14.1
  [2a0f44e3] + Base64
  [ade2ca70] + Dates
  [8bb1440f] + DelimitedFiles
  [8ba89e20] + Distributed
  [b77e0a4c] + InteractiveUtils
  [76f85450] + LibGit2
  [8f399da3] + Libdl
  [37e2e46d] + LinearAlgebra
  [56ddb016] + Logging
  [d6f4376e] + Markdown
  [a63ad114] + Mmap
  [44cfe95a] + Pkg
  [de0858da] + Printf
  [3fa0cd96] + REPL
  [9a3f8284] + Random
  [ea8e919c] + SHA
  [9e88b42a] + Serialization
  [1a1011a3] + SharedArrays
  [6462fe0b] + Sockets
  [2f01184e] + SparseArrays
  [10745b16] + Statistics
  [8dfed614] + Test
  [cf7118a7] + UUIDs
  [4ec0a83e] + Unicode


################################################################################
# Compiling: 2021-01-11T20:27:30.402
#

[ Info: PackageCompiler: creating system image object file, this might take a while...
Generated system image is 168.200 MiB, compilation took 240 seconds


################################################################################
# PkgEval set-up: 2021-01-11T20:31:37.792
#

Julia Version 1.5.3
Commit 599f52c4c6 (2020-12-18 13:33 UTC)
Platform Info:
  OS: Linux (x86_64-linux-gnu)
  CPU: AMD EPYC 7502 32-Core Processor
  WORD_SIZE: 64
  LIBM: libopenlibm
  LLVM: libLLVM-9.0.1 (ORCJIT, znver2)
Environment:
  JULIA_PKGEVAL = true
  JULIA_PKG_PRECOMPILE_AUTO = 0

Base.julia_cmd() = `/usr/local/julia/bin/julia -Cnative -J/cache/YaoArrayRegister-8eoeIQIG.so -g1`


################################################################################
# Installation: 2021-01-11T20:31:39.334
#

 Installing known registries into `~/.julia`
######################################################################## 100.0%
      Added registry `General` to `~/.julia/registries/General`
  Resolving package versions...
  Installed Missings ─────────── v0.4.4
  Installed YaoArrayRegister ─── v0.7.4
  Installed Reexport ─────────── v0.2.0
  Installed TupleTools ───────── v1.2.0
  Installed DataAPI ──────────── v1.4.0
  Installed SortingAlgorithms ── v0.3.1
  Installed MacroTools ───────── v0.5.6
  Installed YaoAPI ───────────── v0.1.0
  Installed LuxurySparse ─────── v0.6.6
  Installed MLStyle ──────────── v0.4.6
  Installed LegibleLambdas ───── v0.2.0
  Installed Compat ───────────── v3.25.0
  Installed StaticArrays ─────── v0.12.5
  Installed OrderedCollections ─ v1.3.2
  Installed YaoBase ──────────── v0.14.1
  Installed StatsBase ────────── v0.33.2
  Installed DataStructures ───── v0.18.8
  Installed BitBasis ─────────── v0.7.0
Updating `~/.julia/environments/v1.5/Project.toml`
  [e600142f] + YaoArrayRegister v0.7.4
Updating `~/.julia/environments/v1.5/Manifest.toml`
  [50ba71b6] + BitBasis v0.7.0
  [34da2185] + Compat v3.25.0
  [9a962f9c] + DataAPI v1.4.0
  [864edb3b] + DataStructures v0.18.8
  [f1f30506] + LegibleLambdas v0.2.0
  [d05aeea4] + LuxurySparse v0.6.6
  [d8e11817] + MLStyle v0.4.6
  [1914dd2f] + MacroTools v0.5.6
  [e1d29d7a] + Missings v0.4.4
  [bac558e1] + OrderedCollections v1.3.2
  [189a3867] + Reexport v0.2.0
  [a2af1166] + SortingAlgorithms v0.3.1
  [90137ffa] + StaticArrays v0.12.5
  [2913bbd2] + StatsBase v0.33.2
  [9d95972d] + TupleTools v1.2.0
  [0843a435] + YaoAPI v0.1.0
  [e600142f] + YaoArrayRegister v0.7.4
  [a8f54c17] + YaoBase v0.14.1
  [2a0f44e3] + Base64
  [ade2ca70] + Dates
  [8bb1440f] + DelimitedFiles
  [8ba89e20] + Distributed
  [b77e0a4c] + InteractiveUtils
  [76f85450] + LibGit2
  [8f399da3] + Libdl
  [37e2e46d] + LinearAlgebra
  [56ddb016] + Logging
  [d6f4376e] + Markdown
  [a63ad114] + Mmap
  [44cfe95a] + Pkg
  [de0858da] + Printf
  [3fa0cd96] + REPL
  [9a3f8284] + Random
  [ea8e919c] + SHA
  [9e88b42a] + Serialization
  [1a1011a3] + SharedArrays
  [6462fe0b] + Sockets
  [2f01184e] + SparseArrays
  [10745b16] + Statistics
  [8dfed614] + Test
  [cf7118a7] + UUIDs
  [4ec0a83e] + Unicode


################################################################################
# Testing: 2021-01-11T20:31:44.701
#

    Testing YaoArrayRegister
Status `/tmp/jl_QNx5C9/Project.toml`
  [50ba71b6] BitBasis v0.7.0
  [d05aeea4] LuxurySparse v0.6.6
  [90137ffa] StaticArrays v0.12.5
  [2913bbd2] StatsBase v0.33.2
  [9d95972d] TupleTools v1.2.0
  [e600142f] YaoArrayRegister v0.7.4
  [a8f54c17] YaoBase v0.14.1
  [37e2e46d] LinearAlgebra
  [9a3f8284] Random
  [2f01184e] SparseArrays
  [8dfed614] Test
Status `/tmp/jl_QNx5C9/Manifest.toml`
  [50ba71b6] BitBasis v0.7.0
  [34da2185] Compat v3.25.0
  [9a962f9c] DataAPI v1.4.0
  [864edb3b] DataStructures v0.18.8
  [f1f30506] LegibleLambdas v0.2.0
  [d05aeea4] LuxurySparse v0.6.6
  [d8e11817] MLStyle v0.4.6
  [1914dd2f] MacroTools v0.5.6
  [e1d29d7a] Missings v0.4.4
  [bac558e1] OrderedCollections v1.3.2
  [189a3867] Reexport v0.2.0
  [a2af1166] SortingAlgorithms v0.3.1
  [90137ffa] StaticArrays v0.12.5
  [2913bbd2] StatsBase v0.33.2
  [9d95972d] TupleTools v1.2.0
  [0843a435] YaoAPI v0.1.0
  [e600142f] YaoArrayRegister v0.7.4
  [a8f54c17] YaoBase v0.14.1
  [2a0f44e3] Base64
  [ade2ca70] Dates
  [8bb1440f] DelimitedFiles
  [8ba89e20] Distributed
  [b77e0a4c] InteractiveUtils
  [76f85450] LibGit2
  [8f399da3] Libdl
  [37e2e46d] LinearAlgebra
  [56ddb016] Logging
  [d6f4376e] Markdown
  [a63ad114] Mmap
  [44cfe95a] Pkg
  [de0858da] Printf
  [3fa0cd96] REPL
  [9a3f8284] Random
  [ea8e919c] SHA
  [9e88b42a] Serialization
  [1a1011a3] SharedArrays
  [6462fe0b] Sockets
  [2f01184e] SparseArrays
  [10745b16] Statistics
  [8dfed614] Test
  [cf7118a7] UUIDs
  [4ec0a83e] Unicode
Test Summary: | Pass  Total
test utils    |   25     25
Test Summary: | Pass  Total
test ArrayReg |  281    281
Test Summary:     | Pass  Total
test instructions |   68     68
Test Summary: | Pass  Total
test measure  |   20     20
    Testing YaoArrayRegister tests passed 

PkgEval succeeded


################################################################################
# PkgEval teardown: 2021-01-11T20:32:35.753
CPU usage: 58.03s (55.06s user, 3.07s kernel)

Network usage:
- eth0: 3.533 MiB received, 111.060 KiB sent

Raw statistics: {"blkio_stats":{"io_queue_recursive":[],"io_serviced_recursive":[{"major":259,"value":0,"op":"Read","minor":0},{"major":259,"value":19,"op":"Write","minor":0},{"major":259,"value":14,"op":"Sync","minor":0},{"major":259,"value":5,"op":"Async","minor":0},{"major":259,"value":0,"op":"Discard","minor":0},{"major":259,"value":19,"op":"Total","minor":0},{"major":253,"value":0,"op":"Read","minor":2},{"major":253,"value":19,"op":"Write","minor":2},{"major":253,"value":14,"op":"Sync","minor":2},{"major":253,"value":5,"op":"Async","minor":2},{"major":253,"value":0,"op":"Discard","minor":2},{"major":253,"value":19,"op":"Total","minor":2}],"io_time_recursive":[],"sectors_recursive":[],"io_service_bytes_recursive":[{"major":259,"value":0,"op":"Read","minor":0},{"major":259,"value":86016,"op":"Write","minor":0},{"major":259,"value":57344,"op":"Sync","minor":0},{"major":259,"value":28672,"op":"Async","minor":0},{"major":259,"value":0,"op":"Discard","minor":0},{"major":259,"value":86016,"op":"Total","minor":0},{"major":253,"value":0,"op":"Read","minor":2},{"major":253,"value":86016,"op":"Write","minor":2},{"major":253,"value":57344,"op":"Sync","minor":2},{"major":253,"value":28672,"op":"Async","minor":2},{"major":253,"value":0,"op":"Discard","minor":2},{"major":253,"value":86016,"op":"Total","minor":2}],"io_wait_time_recursive":[],"io_merged_recursive":[],"io_service_time_recursive":[]},"memory_stats":{"usage":353103872,"max_usage":669929472,"stats":{"hierarchical_memory_limit":9223372036854771712,"pgmajfault":0,"total_rss":237613056,"inactive_file":135168,"inactive_anon":83804160,"total_pgfault":650628,"total_cache":84697088,"total_rss_huge":0,"total_active_anon":238436352,"total_pgmajfault":0,"pgpgin":267729,"rss_huge":0,"mapped_file":0,"total_inactive_file":135168,"dirty":135168,"total_unevictable":0,"total_dirty":135168,"writeback":0,"pgpgout":189053,"hierarchical_memsw_limit":0,"cache":84697088,"active_file":135168,"pgfault":650628,"total_mapped_file":0,"total_pgpgout":189053,"total_writeback":0,"rss":237613056,"unevictable":0,"total_inactive_anon":83804160,"total_pgpgin":267729,"active_anon":238436352,"total_active_file":135168},"limit":540965302272},"name":"/YaoArrayRegister-yQvXOd3W","networks":{"eth0":{"rx_bytes":3704789,"rx_packets":870,"tx_packets":958,"tx_bytes":113725,"tx_dropped":0,"rx_dropped":3,"tx_errors":0,"rx_errors":0}},"id":"9ea1b77e3a02575af94a51f899151ffdf8b2adc56e6ce8e41f6c3554992a89d3","preread":"0001-01-01T00:00:00Z","storage_stats":{},"precpu_stats":{"throttling_data":{"throttled_periods":0,"throttled_time":0,"periods":0},"cpu_usage":{"usage_in_usermode":0,"usage_in_kernelmode":0,"total_usage":0}},"pids_stats":{"current":44},"num_procs":0,"cpu_stats":{"throttling_data":{"throttled_periods":0,"throttled_time":0,"periods":0},"system_cpu_usage":5529202564522419,"online_cpus":128,"cpu_usage":{"usage_in_usermode":55060000000,"usage_in_kernelmode":3070000000,"total_usage":58028969596,"percpu_usage":[0,0,0,0,0,0,0,0,0,0,0,0,0,0,58028663425,0,0,0,0,0,0,0,0,0,0,0,0,0,0,0,0,0,0,0,0,0,0,0,0,0,0,0,0,0,0,0,0,0,0,0,0,0,0,0,0,0,0,0,0,0,0,0,0,0,0,0,0,0,0,0,0,0,0,0,0,0,2900,0,303271,0,0,0,0,0,0,0,0,0,0,0,0,0,0,0,0,0,0,0,0,0,0,0,0,0,0,0,0,0,0,0,0,0,0,0,0,0,0,0,0,0,0,0,0,0,0,0,0,0]}},"read":"2021-01-11T20:32:35.755721627Z"}