################################################################################
# PackageCompiler set-up: 2021-01-11T18:30:46.989
#

Julia Version 1.5.3
Commit 599f52c4c6 (2020-12-18 13:33 UTC)
Platform Info:
  OS: Linux (x86_64-linux-gnu)
  CPU: AMD EPYC 7502 32-Core Processor
  WORD_SIZE: 64
  LIBM: libopenlibm
  LLVM: libLLVM-9.0.1 (ORCJIT, znver2)
Environment:
  JULIA_PKGEVAL = true
  JULIA_PKG_PRECOMPILE_AUTO = 0



################################################################################
# Installation: 2021-01-11T18:30:48.807
#

 Installing known registries into `~/.julia`
######################################################################## 100.0%
      Added registry `General` to `~/.julia/registries/General`
  Resolving package versions...
  Installed CompilerSupportLibraries_jll ─ v0.3.4+0
  Installed Reexport ───────────────────── v0.2.0
  Installed YaoPlots ───────────────────── v0.6.0
  Installed Inflate ────────────────────── v0.1.2
  Installed GraphPlot ──────────────────── v0.4.4
  Installed DataStructures ─────────────── v0.18.8
  Installed StatsBase ──────────────────── v0.33.2
  Installed Dierckx ────────────────────── v0.5.1
  Installed PackageCompiler ────────────── v1.2.5
  Installed Requires ───────────────────── v1.1.2
  Installed CacheServers ───────────────── v0.2.0
  Installed DataAPI ────────────────────── v1.4.0
  Installed Measures ───────────────────── v0.3.1
  Installed YaoAPI ─────────────────────── v0.1.0
  Installed LuxurySparse ───────────────── v0.6.6
  Installed IterTools ──────────────────── v1.3.0
  Installed SimpleTraits ───────────────── v0.9.3
  Installed Colors ─────────────────────── v0.12.6
  Installed YaoArrayRegister ───────────── v0.7.4
  Installed OrderedCollections ─────────── v1.3.2
  Installed ColorTypes ─────────────────── v0.10.9
  Installed StaticArrays ───────────────── v0.12.5
  Installed BitBasis ───────────────────── v0.7.0
  Installed Missings ───────────────────── v0.4.4
  Installed TupleTools ─────────────────── v1.2.0
  Installed Viznet ─────────────────────── v0.3.1
  Installed MacroTools ─────────────────── v0.5.6
  Installed ZXCalculus ─────────────────── v0.4.0
  Installed JSON ───────────────────────── v0.21.1
  Installed JLLWrappers ────────────────── v1.2.0
  Installed MLStyle ────────────────────── v0.4.6
  Installed LightGraphs ────────────────── v1.3.4
  Installed Multigraphs ────────────────── v0.2.0
  Installed YaoBase ────────────────────── v0.14.1
  Installed LegibleLambdas ─────────────── v0.2.0
  Installed Compose ────────────────────── v0.9.1
  Installed ArnoldiMethod ──────────────── v0.0.4
  Installed FixedPointNumbers ──────────── v0.8.4
  Installed Dierckx_jll ────────────────── v0.0.1+0
  Installed YaoBlocks ──────────────────── v0.11.1
  Installed SortingAlgorithms ──────────── v0.3.1
  Installed Compat ─────────────────────── v3.25.0
  Installed ExponentialUtilities ───────── v1.8.0
  Installed Artifacts ──────────────────── v1.3.0
  Installed Parsers ────────────────────── v1.0.15
Updating `~/.julia/environments/v1.5/Project.toml`
  [9b87118b] + PackageCompiler v1.2.5
  [32cfe2d9] + YaoPlots v0.6.0
Updating `~/.julia/environments/v1.5/Manifest.toml`
  [ec485272] + ArnoldiMethod v0.0.4
  [56f22d72] + Artifacts v1.3.0
  [50ba71b6] + BitBasis v0.7.0
  [a921213e] + CacheServers v0.2.0
  [3da002f7] + ColorTypes v0.10.9
  [5ae59095] + Colors v0.12.6
  [34da2185] + Compat v3.25.0
  [e66e0078] + CompilerSupportLibraries_jll v0.3.4+0
  [a81c6b42] + Compose v0.9.1
  [9a962f9c] + DataAPI v1.4.0
  [864edb3b] + DataStructures v0.18.8
  [39dd38d3] + Dierckx v0.5.1
  [cd4c43a9] + Dierckx_jll v0.0.1+0
  [d4d017d3] + ExponentialUtilities v1.8.0
  [53c48c17] + FixedPointNumbers v0.8.4
  [a2cc645c] + GraphPlot v0.4.4
  [d25df0c9] + Inflate v0.1.2
  [c8e1da08] + IterTools v1.3.0
  [692b3bcd] + JLLWrappers v1.2.0
  [682c06a0] + JSON v0.21.1
  [f1f30506] + LegibleLambdas v0.2.0
  [093fc24a] + LightGraphs v1.3.4
  [d05aeea4] + LuxurySparse v0.6.6
  [d8e11817] + MLStyle v0.4.6
  [1914dd2f] + MacroTools v0.5.6
  [442fdcdd] + Measures v0.3.1
  [e1d29d7a] + Missings v0.4.4
  [7ebac608] + Multigraphs v0.2.0
  [bac558e1] + OrderedCollections v1.3.2
  [9b87118b] + PackageCompiler v1.2.5
  [69de0a69] + Parsers v1.0.15
  [189a3867] + Reexport v0.2.0
  [ae029012] + Requires v1.1.2
  [699a6c99] + SimpleTraits v0.9.3
  [a2af1166] + SortingAlgorithms v0.3.1
  [90137ffa] + StaticArrays v0.12.5
  [2913bbd2] + StatsBase v0.33.2
  [9d95972d] + TupleTools v1.2.0
  [52a3aca4] + Viznet v0.3.1
  [0843a435] + YaoAPI v0.1.0
  [e600142f] + YaoArrayRegister v0.7.4
  [a8f54c17] + YaoBase v0.14.1
  [418bc28f] + YaoBlocks v0.11.1
  [32cfe2d9] + YaoPlots v0.6.0
  [3525faa3] + ZXCalculus v0.4.0
  [2a0f44e3] + Base64
  [ade2ca70] + Dates
  [8bb1440f] + DelimitedFiles
  [8ba89e20] + Distributed
  [b77e0a4c] + InteractiveUtils
  [76f85450] + LibGit2
  [8f399da3] + Libdl
  [37e2e46d] + LinearAlgebra
  [56ddb016] + Logging
  [d6f4376e] + Markdown
  [a63ad114] + Mmap
  [44cfe95a] + Pkg
  [de0858da] + Printf
  [3fa0cd96] + REPL
  [9a3f8284] + Random
  [ea8e919c] + SHA
  [9e88b42a] + Serialization
  [1a1011a3] + SharedArrays
  [6462fe0b] + Sockets
  [2f01184e] + SparseArrays
  [10745b16] + Statistics
  [8dfed614] + Test
  [cf7118a7] + UUIDs
  [4ec0a83e] + Unicode


################################################################################
# Compiling: 2021-01-11T18:30:57.892
#

[ Info: PackageCompiler: creating system image object file, this might take a while...
Generated system image is 198.063 MiB, compilation took 343 seconds


################################################################################
# PkgEval set-up: 2021-01-11T18:36:48.792
#

Julia Version 1.5.3
Commit 599f52c4c6 (2020-12-18 13:33 UTC)
Platform Info:
  OS: Linux (x86_64-linux-gnu)
  CPU: AMD EPYC 7502 32-Core Processor
  WORD_SIZE: 64
  LIBM: libopenlibm
  LLVM: libLLVM-9.0.1 (ORCJIT, znver2)
Environment:
  JULIA_PKGEVAL = true
  JULIA_PKG_PRECOMPILE_AUTO = 0

Base.julia_cmd() = `/usr/local/julia/bin/julia -Cnative -J/cache/YaoPlots-wNPf1z54.so -g1`


################################################################################
# Installation: 2021-01-11T18:36:50.672
#

 Installing known registries into `~/.julia`
############################                                              39.7%######################################################################## 100.0%
      Added registry `General` to `~/.julia/registries/General`
  Resolving package versions...
  Installed CompilerSupportLibraries_jll ─ v0.3.4+0
  Installed Reexport ───────────────────── v0.2.0
  Installed YaoPlots ───────────────────── v0.6.0
  Installed Inflate ────────────────────── v0.1.2
  Installed Dierckx ────────────────────── v0.5.1
  Installed StatsBase ──────────────────── v0.33.2
  Installed GraphPlot ──────────────────── v0.4.4
  Installed DataStructures ─────────────── v0.18.8
  Installed Requires ───────────────────── v1.1.2
  Installed CacheServers ───────────────── v0.2.0
  Installed DataAPI ────────────────────── v1.4.0
  Installed Measures ───────────────────── v0.3.1
  Installed LuxurySparse ───────────────── v0.6.6
  Installed YaoAPI ─────────────────────── v0.1.0
  Installed IterTools ──────────────────── v1.3.0
  Installed Colors ─────────────────────── v0.12.6
  Installed SimpleTraits ───────────────── v0.9.3
  Installed YaoArrayRegister ───────────── v0.7.4
  Installed ColorTypes ─────────────────── v0.10.9
  Installed OrderedCollections ─────────── v1.3.2
  Installed BitBasis ───────────────────── v0.7.0
  Installed StaticArrays ───────────────── v0.12.5
  Installed Missings ───────────────────── v0.4.4
  Installed ZXCalculus ─────────────────── v0.4.0
  Installed LightGraphs ────────────────── v1.3.4
  Installed TupleTools ─────────────────── v1.2.0
  Installed MacroTools ─────────────────── v0.5.6
  Installed Viznet ─────────────────────── v0.3.1
  Installed Multigraphs ────────────────── v0.2.0
  Installed JLLWrappers ────────────────── v1.2.0
  Installed JSON ───────────────────────── v0.21.1
  Installed MLStyle ────────────────────── v0.4.6
  Installed YaoBlocks ──────────────────── v0.11.1
  Installed ArnoldiMethod ──────────────── v0.0.4
  Installed LegibleLambdas ─────────────── v0.2.0
  Installed YaoBase ────────────────────── v0.14.1
  Installed Dierckx_jll ────────────────── v0.0.1+0
  Installed SortingAlgorithms ──────────── v0.3.1
  Installed Compat ─────────────────────── v3.25.0
  Installed FixedPointNumbers ──────────── v0.8.4
  Installed Compose ────────────────────── v0.9.1
  Installed ExponentialUtilities ───────── v1.8.0
  Installed Parsers ────────────────────── v1.0.15
  Installed Artifacts ──────────────────── v1.3.0
Updating `~/.julia/environments/v1.5/Project.toml`
  [32cfe2d9] + YaoPlots v0.6.0
Updating `~/.julia/environments/v1.5/Manifest.toml`
  [ec485272] + ArnoldiMethod v0.0.4
  [56f22d72] + Artifacts v1.3.0
  [50ba71b6] + BitBasis v0.7.0
  [a921213e] + CacheServers v0.2.0
  [3da002f7] + ColorTypes v0.10.9
  [5ae59095] + Colors v0.12.6
  [34da2185] + Compat v3.25.0
  [e66e0078] + CompilerSupportLibraries_jll v0.3.4+0
  [a81c6b42] + Compose v0.9.1
  [9a962f9c] + DataAPI v1.4.0
  [864edb3b] + DataStructures v0.18.8
  [39dd38d3] + Dierckx v0.5.1
  [cd4c43a9] + Dierckx_jll v0.0.1+0
  [d4d017d3] + ExponentialUtilities v1.8.0
  [53c48c17] + FixedPointNumbers v0.8.4
  [a2cc645c] + GraphPlot v0.4.4
  [d25df0c9] + Inflate v0.1.2
  [c8e1da08] + IterTools v1.3.0
  [692b3bcd] + JLLWrappers v1.2.0
  [682c06a0] + JSON v0.21.1
  [f1f30506] + LegibleLambdas v0.2.0
  [093fc24a] + LightGraphs v1.3.4
  [d05aeea4] + LuxurySparse v0.6.6
  [d8e11817] + MLStyle v0.4.6
  [1914dd2f] + MacroTools v0.5.6
  [442fdcdd] + Measures v0.3.1
  [e1d29d7a] + Missings v0.4.4
  [7ebac608] + Multigraphs v0.2.0
  [bac558e1] + OrderedCollections v1.3.2
  [69de0a69] + Parsers v1.0.15
  [189a3867] + Reexport v0.2.0
  [ae029012] + Requires v1.1.2
  [699a6c99] + SimpleTraits v0.9.3
  [a2af1166] + SortingAlgorithms v0.3.1
  [90137ffa] + StaticArrays v0.12.5
  [2913bbd2] + StatsBase v0.33.2
  [9d95972d] + TupleTools v1.2.0
  [52a3aca4] + Viznet v0.3.1
  [0843a435] + YaoAPI v0.1.0
  [e600142f] + YaoArrayRegister v0.7.4
  [a8f54c17] + YaoBase v0.14.1
  [418bc28f] + YaoBlocks v0.11.1
  [32cfe2d9] + YaoPlots v0.6.0
  [3525faa3] + ZXCalculus v0.4.0
  [2a0f44e3] + Base64
  [ade2ca70] + Dates
  [8bb1440f] + DelimitedFiles
  [8ba89e20] + Distributed
  [b77e0a4c] + InteractiveUtils
  [76f85450] + LibGit2
  [8f399da3] + Libdl
  [37e2e46d] + LinearAlgebra
  [56ddb016] + Logging
  [d6f4376e] + Markdown
  [a63ad114] + Mmap
  [44cfe95a] + Pkg
  [de0858da] + Printf
  [3fa0cd96] + REPL
  [9a3f8284] + Random
  [ea8e919c] + SHA
  [9e88b42a] + Serialization
  [1a1011a3] + SharedArrays
  [6462fe0b] + Sockets
  [2f01184e] + SparseArrays
  [10745b16] + Statistics
  [8dfed614] + Test
  [cf7118a7] + UUIDs
  [4ec0a83e] + Unicode


################################################################################
# Testing: 2021-01-11T18:36:59.057
#

    Testing YaoPlots
Status `/tmp/jl_cR2Iqa/Project.toml`
  [50ba71b6] BitBasis v0.7.0
  [5ae59095] Colors v0.12.6
  [a81c6b42] Compose v0.9.1
  [a2cc645c] GraphPlot v0.4.4
  [093fc24a] LightGraphs v1.3.4
  [7ebac608] Multigraphs v0.2.0
  [52a3aca4] Viznet v0.3.1
  [418bc28f] YaoBlocks v0.11.1
  [32cfe2d9] YaoPlots v0.6.0
  [3525faa3] ZXCalculus v0.4.0
  [8dfed614] Test
Status `/tmp/jl_cR2Iqa/Manifest.toml`
  [ec485272] ArnoldiMethod v0.0.4
  [56f22d72] Artifacts v1.3.0
  [50ba71b6] BitBasis v0.7.0
  [a921213e] CacheServers v0.2.0
  [3da002f7] ColorTypes v0.10.9
  [5ae59095] Colors v0.12.6
  [34da2185] Compat v3.25.0
  [e66e0078] CompilerSupportLibraries_jll v0.3.4+0
  [a81c6b42] Compose v0.9.1
  [9a962f9c] DataAPI v1.4.0
  [864edb3b] DataStructures v0.18.8
  [39dd38d3] Dierckx v0.5.1
  [cd4c43a9] Dierckx_jll v0.0.1+0
  [d4d017d3] ExponentialUtilities v1.8.0
  [53c48c17] FixedPointNumbers v0.8.4
  [a2cc645c] GraphPlot v0.4.4
  [d25df0c9] Inflate v0.1.2
  [c8e1da08] IterTools v1.3.0
  [692b3bcd] JLLWrappers v1.2.0
  [682c06a0] JSON v0.21.1
  [f1f30506] LegibleLambdas v0.2.0
  [093fc24a] LightGraphs v1.3.4
  [d05aeea4] LuxurySparse v0.6.6
  [d8e11817] MLStyle v0.4.6
  [1914dd2f] MacroTools v0.5.6
  [442fdcdd] Measures v0.3.1
  [e1d29d7a] Missings v0.4.4
  [7ebac608] Multigraphs v0.2.0
  [bac558e1] OrderedCollections v1.3.2
  [69de0a69] Parsers v1.0.15
  [189a3867] Reexport v0.2.0
  [ae029012] Requires v1.1.2
  [699a6c99] SimpleTraits v0.9.3
  [a2af1166] SortingAlgorithms v0.3.1
  [90137ffa] StaticArrays v0.12.5
  [2913bbd2] StatsBase v0.33.2
  [9d95972d] TupleTools v1.2.0
  [52a3aca4] Viznet v0.3.1
  [0843a435] YaoAPI v0.1.0
  [e600142f] YaoArrayRegister v0.7.4
  [a8f54c17] YaoBase v0.14.1
  [418bc28f] YaoBlocks v0.11.1
  [32cfe2d9] YaoPlots v0.6.0
  [3525faa3] ZXCalculus v0.4.0
  [2a0f44e3] Base64
  [ade2ca70] Dates
  [8bb1440f] DelimitedFiles
  [8ba89e20] Distributed
  [b77e0a4c] InteractiveUtils
  [76f85450] LibGit2
  [8f399da3] Libdl
  [37e2e46d] LinearAlgebra
  [56ddb016] Logging
  [d6f4376e] Markdown
  [a63ad114] Mmap
  [44cfe95a] Pkg
  [de0858da] Printf
  [3fa0cd96] REPL
  [9a3f8284] Random
  [ea8e919c] SHA
  [9e88b42a] Serialization
  [1a1011a3] SharedArrays
  [6462fe0b] Sockets
  [2f01184e] SparseArrays
  [10745b16] Statistics
  [8dfed614] Test
  [cf7118a7] UUIDs
  [4ec0a83e] Unicode
helperblock: Error During Test at /home/user/.julia/packages/YaoPlots/DkQU1/test/runtests.jl:4
  Got exception outside of a @test
  LoadError: ArgumentError: Package Yao not found in current path:
  - Run `import Pkg; Pkg.add("Yao")` to install the Yao package.
  
  Stacktrace:
   [1] require(::Module, ::Symbol) at ./loading.jl:893
   [2] include(::String) at ./client.jl:457
   [3] top-level scope at /home/user/.julia/packages/YaoPlots/DkQU1/test/runtests.jl:5
   [4] top-level scope at /workspace/srcdir/usr/share/julia/stdlib/v1.5/Test/src/Test.jl:1115
   [5] top-level scope at /home/user/.julia/packages/YaoPlots/DkQU1/test/runtests.jl:5
   [6] include(::String) at ./client.jl:457
   [7] top-level scope at none:6
   [8] eval(::Module, ::Any) at ./boot.jl:331
   [9] exec_options(::Base.JLOptions) at ./client.jl:272
   [10] _start() at ./client.jl:506
  in expression starting at /home/user/.julia/packages/YaoPlots/DkQU1/test/helperblock.jl:1
  
Test Summary: | Error  Total
helperblock   |     1      1
ERROR: LoadError: Some tests did not pass: 0 passed, 0 failed, 1 errored, 0 broken.
in expression starting at /home/user/.julia/packages/YaoPlots/DkQU1/test/runtests.jl:4

PkgEval failed: Package YaoPlots errored during testing
Stacktrace:
 [1] pkgerror(::String) at /workspace/srcdir/usr/share/julia/stdlib/v1.5/Pkg/src/Types.jl:52
 [2] test(::Pkg.Types.Context, ::Array{Pkg.Types.PackageSpec,1}; coverage::Bool, julia_args::Cmd, test_args::Cmd, test_fn::Nothing) at /workspace/srcdir/usr/share/julia/stdlib/v1.5/Pkg/src/Operations.jl:1578
 [3] test(::Pkg.Types.Context, ::Array{Pkg.Types.PackageSpec,1}; coverage::Bool, test_fn::Nothing, julia_args::Cmd, test_args::Cmd, kwargs::Base.Iterators.Pairs{Union{},Union{},Tuple{},NamedTuple{(),Tuple{}}}) at /workspace/srcdir/usr/share/julia/stdlib/v1.5/Pkg/src/API.jl:327
 [4] test(::Pkg.Types.Context, ::Array{Pkg.Types.PackageSpec,1}) at /workspace/srcdir/usr/share/julia/stdlib/v1.5/Pkg/src/API.jl:314
 [5] #test#61 at /workspace/srcdir/usr/share/julia/stdlib/v1.5/Pkg/src/API.jl:67 [inlined]
 [6] test at /workspace/srcdir/usr/share/julia/stdlib/v1.5/Pkg/src/API.jl:67 [inlined]
 [7] #test#60 at /workspace/srcdir/usr/share/julia/stdlib/v1.5/Pkg/src/API.jl:66 [inlined]
 [8] test at /workspace/srcdir/usr/share/julia/stdlib/v1.5/Pkg/src/API.jl:66 [inlined]
 [9] test(::String; kwargs::Base.Iterators.Pairs{Union{},Union{},Tuple{},NamedTuple{(),Tuple{}}}) at /workspace/srcdir/usr/share/julia/stdlib/v1.5/Pkg/src/API.jl:65
 [10] test(::String) at /workspace/srcdir/usr/share/julia/stdlib/v1.5/Pkg/src/API.jl:65
 [11] top-level scope at none:22
 [12] eval at ./boot.jl:331 [inlined]
 [13] eval(::Expr) at ./client.jl:467
 [14] top-level scope at none:1
 [15] eval(::Module, ::Any) at ./boot.jl:331
 [16] exec_options(::Base.JLOptions) at ./client.jl:272
 [17] _start() at ./client.jl:506


################################################################################
# PkgEval teardown: 2021-01-11T18:37:05.326
CPU usage: 16.96s (12.65s user, 4.10s kernel)

Network usage:
- eth0: 6.441 MiB received, 244.667 KiB sent

Raw statistics: {"blkio_stats":{"io_queue_recursive":[],"io_serviced_recursive":[{"major":253,"value":0,"op":"Read","minor":0},{"major":253,"value":0,"op":"Write","minor":0},{"major":253,"value":0,"op":"Sync","minor":0},{"major":253,"value":0,"op":"Async","minor":0},{"major":253,"value":0,"op":"Discard","minor":0},{"major":253,"value":0,"op":"Total","minor":0},{"major":8,"value":0,"op":"Read","minor":0},{"major":8,"value":0,"op":"Write","minor":0},{"major":8,"value":0,"op":"Sync","minor":0},{"major":8,"value":0,"op":"Async","minor":0},{"major":8,"value":0,"op":"Discard","minor":0},{"major":8,"value":0,"op":"Total","minor":0},{"major":259,"value":6512,"op":"Read","minor":0},{"major":259,"value":19,"op":"Write","minor":0},{"major":259,"value":6526,"op":"Sync","minor":0},{"major":259,"value":5,"op":"Async","minor":0},{"major":259,"value":0,"op":"Discard","minor":0},{"major":259,"value":6531,"op":"Total","minor":0},{"major":253,"value":6512,"op":"Read","minor":2},{"major":253,"value":19,"op":"Write","minor":2},{"major":253,"value":6526,"op":"Sync","minor":2},{"major":253,"value":5,"op":"Async","minor":2},{"major":253,"value":0,"op":"Discard","minor":2},{"major":253,"value":6531,"op":"Total","minor":2}],"io_time_recursive":[],"sectors_recursive":[],"io_service_bytes_recursive":[{"major":253,"value":0,"op":"Read","minor":0},{"major":253,"value":0,"op":"Write","minor":0},{"major":253,"value":0,"op":"Sync","minor":0},{"major":253,"value":0,"op":"Async","minor":0},{"major":253,"value":0,"op":"Discard","minor":0},{"major":253,"value":0,"op":"Total","minor":0},{"major":8,"value":0,"op":"Read","minor":0},{"major":8,"value":0,"op":"Write","minor":0},{"major":8,"value":0,"op":"Sync","minor":0},{"major":8,"value":0,"op":"Async","minor":0},{"major":8,"value":0,"op":"Discard","minor":0},{"major":8,"value":0,"op":"Total","minor":0},{"major":259,"value":273899520,"op":"Read","minor":0},{"major":259,"value":94208,"op":"Write","minor":0},{"major":259,"value":273956864,"op":"Sync","minor":0},{"major":259,"value":36864,"op":"Async","minor":0},{"major":259,"value":0,"op":"Discard","minor":0},{"major":259,"value":273993728,"op":"Total","minor":0},{"major":253,"value":273899520,"op":"Read","minor":2},{"major":253,"value":94208,"op":"Write","minor":2},{"major":253,"value":273956864,"op":"Sync","minor":2},{"major":253,"value":36864,"op":"Async","minor":2},{"major":253,"value":0,"op":"Discard","minor":2},{"major":253,"value":273993728,"op":"Total","minor":2}],"io_wait_time_recursive":[],"io_merged_recursive":[],"io_service_time_recursive":[]},"memory_stats":{"usage":598708224,"max_usage":765566976,"stats":{"hierarchical_memory_limit":9223372036854771712,"pgmajfault":1617,"total_rss":263860224,"inactive_file":184102912,"inactive_anon":167337984,"total_pgfault":363495,"total_cache":297336832,"total_rss_huge":0,"total_active_anon":189534208,"total_pgmajfault":1617,"pgpgin":374748,"rss_huge":0,"mapped_file":70152192,"total_inactive_file":184102912,"dirty":270336,"total_unevictable":0,"total_dirty":270336,"writeback":0,"pgpgout":237723,"hierarchical_memsw_limit":0,"cache":297336832,"active_file":16510976,"pgfault":363495,"total_mapped_file":70152192,"total_pgpgout":237723,"total_writeback":0,"rss":263860224,"unevictable":0,"total_inactive_anon":167337984,"total_pgpgin":374748,"active_anon":189534208,"total_active_file":16510976},"limit":540965302272},"name":"/YaoPlots-t83rO466","networks":{"eth0":{"rx_bytes":6754098,"rx_packets":1798,"tx_packets":2078,"tx_bytes":250539,"tx_dropped":0,"rx_dropped":1,"tx_errors":0,"rx_errors":0}},"id":"67aa40c8be5692c625aa174563b944c9f878e3af42fb3d87f03f7d3e0aac5789","preread":"0001-01-01T00:00:00Z","storage_stats":{},"precpu_stats":{"throttling_data":{"throttled_periods":0,"throttled_time":0,"periods":0},"cpu_usage":{"usage_in_usermode":0,"usage_in_kernelmode":0,"total_usage":0}},"pids_stats":{"current":44},"num_procs":0,"cpu_stats":{"throttling_data":{"throttled_periods":0,"throttled_time":0,"periods":0},"system_cpu_usage":4643318734522419,"online_cpus":128,"cpu_usage":{"usage_in_usermode":12650000000,"usage_in_kernelmode":4100000000,"total_usage":16958984596,"percpu_usage":[0,0,0,0,0,0,0,0,0,0,0,0,0,0,0,0,0,0,0,0,0,0,0,0,0,0,0,0,16957718516,0,0,0,0,0,0,0,0,0,0,0,0,0,0,0,0,0,0,0,0,0,0,0,0,0,0,0,0,0,0,0,0,0,0,0,0,0,0,0,0,0,0,0,0,0,0,0,0,0,0,0,0,0,0,0,0,0,0,0,0,0,0,0,3140,0,0,1262940,0,0,0,0,0,0,0,0,0,0,0,0,0,0,0,0,0,0,0,0,0,0,0,0,0,0,0,0,0,0,0,0]}},"read":"2021-01-11T18:37:05.328882768Z"}