################################################################################
# PackageCompiler set-up: 2021-01-11T15:25:22.354
#

Julia Version 1.5.3
Commit 599f52c4c6 (2020-12-18 13:33 UTC)
Platform Info:
  OS: Linux (x86_64-linux-gnu)
  CPU: AMD Ryzen Threadripper 2990WX 32-Core Processor
  WORD_SIZE: 64
  LIBM: libopenlibm
  LLVM: libLLVM-9.0.1 (ORCJIT, znver1)
Environment:
  JULIA_PKGEVAL = true
  JULIA_PKG_PRECOMPILE_AUTO = 0



################################################################################
# Installation: 2021-01-11T15:25:23.922
#

 Installing known registries into `~/.julia`
                                                                           0.6%################################################                          67.4%######################################################################## 100.0%
      Added registry `General` to `~/.julia/registries/General`
  Resolving package versions...
  Installed Artifacts ─────── v1.3.0
  Installed ZMQ ───────────── v1.2.1
  Installed ZeroMQ_jll ────── v4.3.2+5
  Installed JLLWrappers ───── v1.2.0
  Installed PackageCompiler ─ v1.2.5
Updating `~/.julia/environments/v1.5/Project.toml`
  [9b87118b] + PackageCompiler v1.2.5
  [c2297ded] + ZMQ v1.2.1
Updating `~/.julia/environments/v1.5/Manifest.toml`
  [56f22d72] + Artifacts v1.3.0
  [692b3bcd] + JLLWrappers v1.2.0
  [9b87118b] + PackageCompiler v1.2.5
  [c2297ded] + ZMQ v1.2.1
  [8f1865be] + ZeroMQ_jll v4.3.2+5
  [2a0f44e3] + Base64
  [ade2ca70] + Dates
  [7b1f6079] + FileWatching
  [b77e0a4c] + InteractiveUtils
  [76f85450] + LibGit2
  [8f399da3] + Libdl
  [56ddb016] + Logging
  [d6f4376e] + Markdown
  [44cfe95a] + Pkg
  [de0858da] + Printf
  [3fa0cd96] + REPL
  [9a3f8284] + Random
  [ea8e919c] + SHA
  [9e88b42a] + Serialization
  [6462fe0b] + Sockets
  [cf7118a7] + UUIDs
  [4ec0a83e] + Unicode


################################################################################
# Compiling: 2021-01-11T15:25:29.257
#

[ Info: PackageCompiler: creating system image object file, this might take a while...
Generated system image is 148.975 MiB, compilation took 149 seconds


################################################################################
# PkgEval set-up: 2021-01-11T15:28:05.664
#

Julia Version 1.5.3
Commit 599f52c4c6 (2020-12-18 13:33 UTC)
Platform Info:
  OS: Linux (x86_64-linux-gnu)
  CPU: AMD Ryzen Threadripper 2990WX 32-Core Processor
  WORD_SIZE: 64
  LIBM: libopenlibm
  LLVM: libLLVM-9.0.1 (ORCJIT, znver1)
Environment:
  JULIA_PKGEVAL = true
  JULIA_PKG_PRECOMPILE_AUTO = 0

Base.julia_cmd() = `/usr/local/julia/bin/julia -Cnative -J/cache/ZMQ-ka6WcWw6.so -g1`


################################################################################
# Installation: 2021-01-11T15:28:07.208
#

 Installing known registries into `~/.julia`
                                                                           0.6%#######################################################                   77.5%######################################################################## 100.0%
      Added registry `General` to `~/.julia/registries/General`
  Resolving package versions...
  Installed Artifacts ─── v1.3.0
  Installed ZMQ ───────── v1.2.1
  Installed JLLWrappers ─ v1.2.0
  Installed ZeroMQ_jll ── v4.3.2+5
Updating `~/.julia/environments/v1.5/Project.toml`
  [c2297ded] + ZMQ v1.2.1
Updating `~/.julia/environments/v1.5/Manifest.toml`
  [56f22d72] + Artifacts v1.3.0
  [692b3bcd] + JLLWrappers v1.2.0
  [c2297ded] + ZMQ v1.2.1
  [8f1865be] + ZeroMQ_jll v4.3.2+5
  [2a0f44e3] + Base64
  [ade2ca70] + Dates
  [7b1f6079] + FileWatching
  [b77e0a4c] + InteractiveUtils
  [76f85450] + LibGit2
  [8f399da3] + Libdl
  [56ddb016] + Logging
  [d6f4376e] + Markdown
  [44cfe95a] + Pkg
  [de0858da] + Printf
  [3fa0cd96] + REPL
  [9a3f8284] + Random
  [ea8e919c] + SHA
  [9e88b42a] + Serialization
  [6462fe0b] + Sockets
  [cf7118a7] + UUIDs
  [4ec0a83e] + Unicode


################################################################################
# Testing: 2021-01-11T15:28:11.411
#

    Testing ZMQ
Status `/tmp/jl_v6JiTk/Project.toml`
  [c2297ded] ZMQ v1.2.1
  [8f1865be] ZeroMQ_jll v4.3.2+5
  [7b1f6079] FileWatching
  [6462fe0b] Sockets
  [8dfed614] Test
Status `/tmp/jl_v6JiTk/Manifest.toml`
  [56f22d72] Artifacts v1.3.0
  [692b3bcd] JLLWrappers v1.2.0
  [c2297ded] ZMQ v1.2.1
  [8f1865be] ZeroMQ_jll v4.3.2+5
  [2a0f44e3] Base64
  [ade2ca70] Dates
  [8ba89e20] Distributed
  [7b1f6079] FileWatching
  [b77e0a4c] InteractiveUtils
  [76f85450] LibGit2
  [8f399da3] Libdl
  [56ddb016] Logging
  [d6f4376e] Markdown
  [44cfe95a] Pkg
  [de0858da] Printf
  [3fa0cd96] REPL
  [9a3f8284] Random
  [ea8e919c] SHA
  [9e88b42a] Serialization
  [6462fe0b] Sockets
  [8dfed614] Test
  [cf7118a7] UUIDs
  [4ec0a83e] Unicode
[ Info: Testing with ZMQ version 4.3.2
Test Summary: | Pass  Total
ZMQ contexts  |    4      4
Test Summary: | Pass  Total
ZMQ sockets   |   24     24
Test Summary:           | Pass  Total
ZMQ resource management |    6      6
    Testing ZMQ tests passed 

PkgEval succeeded


################################################################################
# PkgEval teardown: 2021-01-11T15:28:16.648
CPU usage: 9.88s (8.34s user, 1.56s kernel)

Network usage:
- eth0: 2.614 MiB received, 50.713 KiB sent

Raw statistics: {"blkio_stats":{"io_queue_recursive":[],"io_serviced_recursive":[{"major":259,"value":1,"op":"Read","minor":0},{"major":259,"value":19,"op":"Write","minor":0},{"major":259,"value":15,"op":"Sync","minor":0},{"major":259,"value":5,"op":"Async","minor":0},{"major":259,"value":0,"op":"Discard","minor":0},{"major":259,"value":20,"op":"Total","minor":0}],"io_time_recursive":[],"sectors_recursive":[],"io_service_bytes_recursive":[{"major":259,"value":131072,"op":"Read","minor":0},{"major":259,"value":77824,"op":"Write","minor":0},{"major":259,"value":188416,"op":"Sync","minor":0},{"major":259,"value":20480,"op":"Async","minor":0},{"major":259,"value":0,"op":"Discard","minor":0},{"major":259,"value":208896,"op":"Total","minor":0}],"io_wait_time_recursive":[],"io_merged_recursive":[],"io_service_time_recursive":[]},"memory_stats":{"usage":325165056,"max_usage":478507008,"stats":{"hierarchical_memory_limit":9223372036854771712,"pgmajfault":0,"total_rss":216076288,"inactive_file":135168,"inactive_anon":79073280,"total_pgfault":216315,"total_cache":80334848,"total_rss_huge":2097152,"total_active_anon":216682496,"total_pgmajfault":0,"pgpgin":177606,"rss_huge":2097152,"mapped_file":0,"total_inactive_file":135168,"dirty":135168,"total_unevictable":0,"total_dirty":135168,"writeback":0,"pgpgout":106285,"hierarchical_memsw_limit":0,"cache":80334848,"active_file":540672,"pgfault":216315,"total_mapped_file":0,"total_pgpgout":106285,"total_writeback":0,"rss":216076288,"unevictable":0,"total_inactive_anon":79073280,"total_pgpgin":177606,"active_anon":216682496,"total_active_file":540672},"limit":67467247616},"name":"/ZMQ-pU4Oz4Ow","networks":{"eth0":{"rx_bytes":2740611,"rx_packets":563,"tx_packets":526,"tx_bytes":51930,"tx_dropped":0,"rx_dropped":0,"tx_errors":0,"rx_errors":0}},"id":"5d461e93e9a6a5b8ed7ec0fbe17dfd42e57df9b6856357a6d490b36401615296","preread":"0001-01-01T00:00:00Z","storage_stats":{},"precpu_stats":{"throttling_data":{"throttled_periods":0,"throttled_time":0,"periods":0},"cpu_usage":{"usage_in_usermode":0,"usage_in_kernelmode":0,"total_usage":0}},"pids_stats":{"current":44},"num_procs":0,"cpu_stats":{"throttling_data":{"throttled_periods":0,"throttled_time":0,"periods":0},"system_cpu_usage":7125490685808967,"online_cpus":64,"cpu_usage":{"usage_in_usermode":8340000000,"usage_in_kernelmode":1560000000,"total_usage":9880993172,"percpu_usage":[9880984987,0,0,0,0,0,0,0,0,0,0,0,0,0,0,0,0,0,0,0,0,0,0,0,0,0,0,0,0,0,0,0,8185,0,0,0,0,0,0,0,0,0,0,0,0,0,0,0,0,0,0,0,0,0,0,0,0,0,0,0,0,0,0,0,0,0,0,0,0,0,0,0,0,0,0,0,0,0,0,0,0,0,0,0,0,0,0,0,0,0,0,0,0,0,0,0,0,0,0,0,0,0,0,0,0,0,0,0,0,0,0,0,0,0,0,0,0,0,0,0,0,0,0,0,0,0,0,0]}},"read":"2021-01-11T15:28:16.650470373Z"}